<?xml version="1.0" encoding="UTF-8"?>
<testsuite name="LocalCMCTests" tests="30000" skipped="0" failures="0" errors="0" timestamp="2025-06-19T20:51:07" hostname="bcd074aae394" time="1.944">
  <properties/>
  <testcase name="TestALotOfAdding" classname="LocalCMCTests" time="0.0"/>
  <testcase name="TestALotOfAdding" classname="LocalCMCTests" time="0.001"/>
  <testcase name="TestALotOfAdding" classname="LocalCMCTests" time="0.001"/>
  <testcase name="TestALotOfAdding" classname="LocalCMCTests" time="0.001"/>
  <testcase name="TestALotOfAdding" classname="LocalCMCTests" time="0.0"/>
  <testcase name="TestALotOfAdding" classname="LocalCMCTests" time="0.001"/>
  <testcase name="TestALotOfAdding" classname="LocalCMCTests" time="0.001"/>
  <testcase name="TestALotOfAdding" classname="LocalCMCTests" time="0.001"/>
  <testcase name="TestALotOfAdding" classname="LocalCMCTests" time="0.001"/>
  <testcase name="TestALotOfAdding" classname="LocalCMCTests" time="0.001"/>
  <testcase name="TestALotOfAdding" classname="LocalCMCTests" time="0.0"/>
  <testcase name="TestALotOfAdding" classname="LocalCMCTests" time="0.001"/>
  <testcase name="TestALotOfAdding" classname="LocalCMCTests" time="0.0"/>
  <testcase name="TestALotOfAdding" classname="LocalCMCTests" time="0.0"/>
  <testcase name="TestALotOfAdding" classname="LocalCMCTests" time="0.0"/>
  <testcase name="TestALotOfAdding" classname="LocalCMCTests" time="0.0"/>
  <testcase name="TestALotOfAdding" classname="LocalCMCTests" time="0.001"/>
  <testcase name="TestALotOfAdding" classname="LocalCMCTests" time="0.001"/>
  <testcase name="TestALotOfAdding" classname="LocalCMCTests" time="0.001"/>
  <testcase name="TestALotOfAdding" classname="LocalCMCTests" time="0.001"/>
  <testcase name="TestALotOfAdding" classname="LocalCMCTests" time="0.001"/>
  <testcase name="TestALotOfAdding" classname="LocalCMCTests" time="0.001"/>
  <testcase name="TestALotOfAdding" classname="LocalCMCTests" time="0.0"/>
  <testcase name="TestALotOfAdding" classname="LocalCMCTests" time="0.0"/>
  <testcase name="TestALotOfAdding" classname="LocalCMCTests" time="0.0"/>
  <testcase name="TestALotOfAdding" classname="LocalCMCTests" time="0.0"/>
  <testcase name="TestALotOfAdding" classname="LocalCMCTests" time="0.001"/>
  <testcase name="TestALotOfAdding" classname="LocalCMCTests" time="0.0"/>
  <testcase name="TestALotOfAdding" classname="LocalCMCTests" time="0.001"/>
  <testcase name="TestALotOfAdding" classname="LocalCMCTests" time="0.0"/>
  <testcase name="TestALotOfAdding" classname="LocalCMCTests" time="0.001"/>
  <testcase name="TestALotOfAdding" classname="LocalCMCTests" time="0.0"/>
  <testcase name="TestALotOfAdding" classname="LocalCMCTests" time="0.001"/>
  <testcase name="TestALotOfAdding" classname="LocalCMCTests" time="0.001"/>
  <testcase name="TestALotOfAdding" classname="LocalCMCTests" time="0.001"/>
  <testcase name="TestALotOfAdding" classname="LocalCMCTests" time="0.001"/>
  <testcase name="TestALotOfAdding" classname="LocalCMCTests" time="0.001"/>
  <testcase name="TestALotOfAdding" classname="LocalCMCTests" time="0.003"/>
  <testcase name="TestALotOfAdding" classname="LocalCMCTests" time="0.0"/>
  <testcase name="TestALotOfAdding" classname="LocalCMCTests" time="0.001"/>
  <testcase name="TestALotOfAdding" classname="LocalCMCTests" time="0.0"/>
  <testcase name="TestALotOfAdding" classname="LocalCMCTests" time="0.0"/>
  <testcase name="TestALotOfAdding" classname="LocalCMCTests" time="0.0"/>
  <testcase name="TestALotOfAdding" classname="LocalCMCTests" time="0.001"/>
  <testcase name="TestALotOfAdding" classname="LocalCMCTests" time="0.002"/>
  <testcase name="TestALotOfAdding" classname="LocalCMCTests" time="0.0"/>
  <testcase name="TestALotOfAdding" classname="LocalCMCTests" time="0.001"/>
  <testcase name="TestALotOfAdding" classname="LocalCMCTests" time="0.001"/>
  <testcase name="TestALotOfAdding" classname="LocalCMCTests" time="0.001"/>
  <testcase name="TestALotOfAdding" classname="LocalCMCTests" time="0.001"/>
  <testcase name="TestALotOfAdding" classname="LocalCMCTests" time="0.0"/>
  <testcase name="TestALotOfAdding" classname="LocalCMCTests" time="0.001"/>
  <testcase name="TestALotOfAdding" classname="LocalCMCTests" time="0.001"/>
  <testcase name="TestALotOfAdding" classname="LocalCMCTests" time="0.001"/>
  <testcase name="TestALotOfAdding" classname="LocalCMCTests" time="0.0"/>
  <testcase name="TestALotOfAdding" classname="LocalCMCTests" time="0.001"/>
  <testcase name="TestALotOfAdding" classname="LocalCMCTests" time="0.0"/>
  <testcase name="TestALotOfAdding" classname="LocalCMCTests" time="0.0"/>
  <testcase name="TestALotOfAdding" classname="LocalCMCTests" time="0.001"/>
  <testcase name="TestALotOfAdding" classname="LocalCMCTests" time="0.001"/>
  <testcase name="TestALotOfAdding" classname="LocalCMCTests" time="0.003"/>
  <testcase name="TestALotOfAdding" classname="LocalCMCTests" time="0.001"/>
  <testcase name="TestALotOfAdding" classname="LocalCMCTests" time="0.001"/>
  <testcase name="TestALotOfAdding" classname="LocalCMCTests" time="0.0"/>
  <testcase name="TestALotOfAdding" classname="LocalCMCTests" time="0.0"/>
  <testcase name="TestALotOfAdding" classname="LocalCMCTests" time="0.0"/>
  <testcase name="TestALotOfAdding" classname="LocalCMCTests" time="0.001"/>
  <testcase name="TestALotOfAdding" classname="LocalCMCTests" time="0.0"/>
  <testcase name="TestALotOfAdding" classname="LocalCMCTests" time="0.001"/>
  <testcase name="TestALotOfAdding" classname="LocalCMCTests" time="0.0"/>
  <testcase name="TestALotOfAdding" classname="LocalCMCTests" time="0.001"/>
  <testcase name="TestALotOfAdding" classname="LocalCMCTests" time="0.0"/>
  <testcase name="TestALotOfAdding" classname="LocalCMCTests" time="0.001"/>
  <testcase name="TestALotOfAdding" classname="LocalCMCTests" time="0.001"/>
  <testcase name="TestALotOfAdding" classname="LocalCMCTests" time="0.0"/>
  <testcase name="TestALotOfAdding" classname="LocalCMCTests" time="0.001"/>
  <testcase name="TestALotOfAdding" classname="LocalCMCTests" time="0.001"/>
  <testcase name="TestALotOfAdding" classname="LocalCMCTests" time="0.001"/>
  <testcase name="TestALotOfAdding" classname="LocalCMCTests" time="0.001"/>
  <testcase name="TestALotOfAdding" classname="LocalCMCTests" time="0.0"/>
  <testcase name="TestALotOfAdding" classname="LocalCMCTests" time="0.001"/>
  <testcase name="TestALotOfAdding" classname="LocalCMCTests" time="0.001"/>
  <testcase name="TestALotOfAdding" classname="LocalCMCTests" time="0.001"/>
  <testcase name="TestALotOfAdding" classname="LocalCMCTests" time="0.0"/>
  <testcase name="TestALotOfAdding" classname="LocalCMCTests" time="0.001"/>
  <testcase name="TestALotOfAdding" classname="LocalCMCTests" time="0.001"/>
  <testcase name="TestALotOfAdding" classname="LocalCMCTests" time="0.0"/>
  <testcase name="TestALotOfAdding" classname="LocalCMCTests" time="0.0"/>
  <testcase name="TestALotOfAdding" classname="LocalCMCTests" time="0.0"/>
  <testcase name="TestALotOfAdding" classname="LocalCMCTests" time="0.0"/>
  <testcase name="TestALotOfAdding" classname="LocalCMCTests" time="0.0"/>
  <testcase name="TestALotOfAdding" classname="LocalCMCTests" time="0.0"/>
  <testcase name="TestALotOfAdding" classname="LocalCMCTests" time="0.0"/>
  <testcase name="TestALotOfAdding" classname="LocalCMCTests" time="0.001"/>
  <testcase name="TestALotOfAdding" classname="LocalCMCTests" time="0.001"/>
  <testcase name="TestALotOfAdding" classname="LocalCMCTests" time="0.0"/>
  <testcase name="TestALotOfAdding" classname="LocalCMCTests" time="0.002"/>
  <testcase name="TestALotOfAdding" classname="LocalCMCTests" time="0.001"/>
  <testcase name="TestALotOfAdding" classname="LocalCMCTests" time="0.001"/>
  <testcase name="TestALotOfAdding" classname="LocalCMCTests" time="0.001"/>
  <testcase name="TestALotOfAdding" classname="LocalCMCTests" time="0.0"/>
  <testcase name="TestALotOfAdding" classname="LocalCMCTests" time="0.0"/>
  <testcase name="TestALotOfAdding" classname="LocalCMCTests" time="0.0"/>
  <testcase name="TestALotOfAdding" classname="LocalCMCTests" time="0.0"/>
  <testcase name="TestALotOfAdding" classname="LocalCMCTests" time="0.001"/>
  <testcase name="TestALotOfAdding" classname="LocalCMCTests" time="0.001"/>
  <testcase name="TestALotOfAdding" classname="LocalCMCTests" time="0.001"/>
  <testcase name="TestALotOfAdding" classname="LocalCMCTests" time="0.0"/>
  <testcase name="TestALotOfAdding" classname="LocalCMCTests" time="0.0"/>
  <testcase name="TestALotOfAdding" classname="LocalCMCTests" time="0.0"/>
  <testcase name="TestALotOfAdding" classname="LocalCMCTests" time="0.0"/>
  <testcase name="TestALotOfAdding" classname="LocalCMCTests" time="0.0"/>
  <testcase name="TestALotOfAdding" classname="LocalCMCTests" time="0.0"/>
  <testcase name="TestALotOfAdding" classname="LocalCMCTests" time="0.0"/>
  <testcase name="TestALotOfAdding" classname="LocalCMCTests" time="0.0"/>
  <testcase name="TestALotOfAdding" classname="LocalCMCTests" time="0.001"/>
  <testcase name="TestALotOfAdding" classname="LocalCMCTests" time="0.001"/>
  <testcase name="TestALotOfAdding" classname="LocalCMCTests" time="0.001"/>
  <testcase name="TestALotOfAdding" classname="LocalCMCTests" time="0.0"/>
  <testcase name="TestALotOfAdding" classname="LocalCMCTests" time="0.001"/>
  <testcase name="TestALotOfAdding" classname="LocalCMCTests" time="0.001"/>
  <testcase name="TestALotOfAdding" classname="LocalCMCTests" time="0.001"/>
  <testcase name="TestALotOfAdding" classname="LocalCMCTests" time="0.001"/>
  <testcase name="TestALotOfAdding" classname="LocalCMCTests" time="0.0"/>
  <testcase name="TestALotOfAdding" classname="LocalCMCTests" time="0.001"/>
  <testcase name="TestALotOfAdding" classname="LocalCMCTests" time="0.001"/>
  <testcase name="TestALotOfAdding" classname="LocalCMCTests" time="0.0"/>
  <testcase name="TestALotOfAdding" classname="LocalCMCTests" time="0.0"/>
  <testcase name="TestALotOfAdding" classname="LocalCMCTests" time="0.0"/>
  <testcase name="TestALotOfAdding" classname="LocalCMCTests" time="0.0"/>
  <testcase name="TestALotOfAdding" classname="LocalCMCTests" time="0.001"/>
  <testcase name="TestALotOfAdding" classname="LocalCMCTests" time="0.001"/>
  <testcase name="TestALotOfAdding" classname="LocalCMCTests" time="0.001"/>
  <testcase name="TestALotOfAdding" classname="LocalCMCTests" time="0.001"/>
  <testcase name="TestALotOfAdding" classname="LocalCMCTests" time="0.002"/>
  <testcase name="TestALotOfAdding" classname="LocalCMCTests" time="0.0"/>
  <testcase name="TestALotOfAdding" classname="LocalCMCTests" time="0.001"/>
  <testcase name="TestALotOfAdding" classname="LocalCMCTests" time="0.001"/>
  <testcase name="TestALotOfAdding" classname="LocalCMCTests" time="0.0"/>
  <testcase name="TestALotOfAdding" classname="LocalCMCTests" time="0.001"/>
  <testcase name="TestALotOfAdding" classname="LocalCMCTests" time="0.0"/>
  <testcase name="TestALotOfAdding" classname="LocalCMCTests" time="0.0"/>
  <testcase name="TestALotOfAdding" classname="LocalCMCTests" time="0.0"/>
  <testcase name="TestALotOfAdding" classname="LocalCMCTests" time="0.0"/>
  <testcase name="TestALotOfAdding" classname="LocalCMCTests" time="0.0"/>
  <testcase name="TestALotOfAdding" classname="LocalCMCTests" time="0.0"/>
  <testcase name="TestALotOfAdding" classname="LocalCMCTests" time="0.001"/>
  <testcase name="TestALotOfAdding" classname="LocalCMCTests" time="0.001"/>
  <testcase name="TestALotOfAdding" classname="LocalCMCTests" time="0.001"/>
  <testcase name="TestALotOfAdding" classname="LocalCMCTests" time="0.001"/>
  <testcase name="TestALotOfAdding" classname="LocalCMCTests" time="0.0"/>
  <testcase name="TestALotOfAdding" classname="LocalCMCTests" time="0.0"/>
  <testcase name="TestALotOfAdding" classname="LocalCMCTests" time="0.001"/>
  <testcase name="TestALotOfAdding" classname="LocalCMCTests" time="0.0"/>
  <testcase name="TestALotOfAdding" classname="LocalCMCTests" time="0.0"/>
  <testcase name="TestALotOfAdding" classname="LocalCMCTests" time="0.001"/>
  <testcase name="TestALotOfAdding" classname="LocalCMCTests" time="0.001"/>
  <testcase name="TestALotOfAdding" classname="LocalCMCTests" time="0.001"/>
  <testcase name="TestALotOfAdding" classname="LocalCMCTests" time="0.002"/>
  <testcase name="TestALotOfAdding" classname="LocalCMCTests" time="0.0"/>
  <testcase name="TestALotOfAdding" classname="LocalCMCTests" time="0.0"/>
  <testcase name="TestALotOfAdding" classname="LocalCMCTests" time="0.0"/>
  <testcase name="TestALotOfAdding" classname="LocalCMCTests" time="0.0"/>
  <testcase name="TestALotOfAdding" classname="LocalCMCTests" time="0.0"/>
  <testcase name="TestALotOfAdding" classname="LocalCMCTests" time="0.0"/>
  <testcase name="TestALotOfAdding" classname="LocalCMCTests" time="0.0"/>
  <testcase name="TestALotOfAdding" classname="LocalCMCTests" time="0.0"/>
  <testcase name="TestALotOfAdding" classname="LocalCMCTests" time="0.001"/>
  <testcase name="TestALotOfAdding" classname="LocalCMCTests" time="0.001"/>
  <testcase name="TestALotOfAdding" classname="LocalCMCTests" time="0.001"/>
  <testcase name="TestALotOfAdding" classname="LocalCMCTests" time="0.0"/>
  <testcase name="TestALotOfAdding" classname="LocalCMCTests" time="0.0"/>
  <testcase name="TestALotOfAdding" classname="LocalCMCTests" time="0.002"/>
  <testcase name="TestALotOfAdding" classname="LocalCMCTests" time="0.001"/>
  <testcase name="TestALotOfAdding" classname="LocalCMCTests" time="0.001"/>
  <testcase name="TestALotOfAdding" classname="LocalCMCTests" time="0.001"/>
  <testcase name="TestALotOfAdding" classname="LocalCMCTests" time="0.0"/>
  <testcase name="TestALotOfAdding" classname="LocalCMCTests" time="0.0"/>
  <testcase name="TestALotOfAdding" classname="LocalCMCTests" time="0.001"/>
  <testcase name="TestALotOfAdding" classname="LocalCMCTests" time="0.002"/>
  <testcase name="TestALotOfAdding" classname="LocalCMCTests" time="0.001"/>
  <testcase name="TestALotOfAdding" classname="LocalCMCTests" time="0.002"/>
  <testcase name="TestALotOfAdding" classname="LocalCMCTests" time="0.001"/>
  <testcase name="TestALotOfAdding" classname="LocalCMCTests" time="0.001"/>
  <testcase name="TestALotOfAdding" classname="LocalCMCTests" time="0.0"/>
  <testcase name="TestALotOfAdding" classname="LocalCMCTests" time="0.0"/>
  <testcase name="TestALotOfAdding" classname="LocalCMCTests" time="0.0"/>
  <testcase name="TestALotOfAdding" classname="LocalCMCTests" time="0.0"/>
  <testcase name="TestALotOfAdding" classname="LocalCMCTests" time="0.0"/>
  <testcase name="TestALotOfAdding" classname="LocalCMCTests" time="0.0"/>
  <testcase name="TestALotOfAdding" classname="LocalCMCTests" time="0.0"/>
  <testcase name="TestALotOfAdding" classname="LocalCMCTests" time="0.001"/>
  <testcase name="TestALotOfAdding" classname="LocalCMCTests" time="0.002"/>
  <testcase name="TestALotOfAdding" classname="LocalCMCTests" time="0.002"/>
  <testcase name="TestALotOfAdding" classname="LocalCMCTests" time="0.001"/>
  <testcase name="TestALotOfAdding" classname="LocalCMCTests" time="0.001"/>
  <testcase name="TestALotOfAdding" classname="LocalCMCTests" time="0.001"/>
  <testcase name="TestALotOfAdding" classname="LocalCMCTests" time="0.001"/>
  <testcase name="TestALotOfAdding" classname="LocalCMCTests" time="0.0"/>
  <testcase name="TestALotOfAdding" classname="LocalCMCTests" time="0.0"/>
  <testcase name="TestALotOfAdding" classname="LocalCMCTests" time="0.002"/>
  <testcase name="TestALotOfAdding" classname="LocalCMCTests" time="0.001"/>
  <testcase name="TestALotOfAdding" classname="LocalCMCTests" time="0.0"/>
  <testcase name="TestALotOfAdding" classname="LocalCMCTests" time="0.0"/>
  <testcase name="TestALotOfAdding" classname="LocalCMCTests" time="0.0"/>
  <testcase name="TestALotOfAdding" classname="LocalCMCTests" time="0.0"/>
  <testcase name="TestALotOfAdding" classname="LocalCMCTests" time="0.001"/>
  <testcase name="TestALotOfAdding" classname="LocalCMCTests" time="0.0"/>
  <testcase name="TestALotOfAdding" classname="LocalCMCTests" time="0.0"/>
  <testcase name="TestALotOfAdding" classname="LocalCMCTests" time="0.001"/>
  <testcase name="TestALotOfAdding" classname="LocalCMCTests" time="0.0"/>
  <testcase name="TestALotOfAdding" classname="LocalCMCTests" time="0.001"/>
  <testcase name="TestALotOfAdding" classname="LocalCMCTests" time="0.001"/>
  <testcase name="TestALotOfAdding" classname="LocalCMCTests" time="0.0"/>
  <testcase name="TestALotOfAdding" classname="LocalCMCTests" time="0.001"/>
  <testcase name="TestALotOfAdding" classname="LocalCMCTests" time="0.0"/>
  <testcase name="TestALotOfAdding" classname="LocalCMCTests" time="0.001"/>
  <testcase name="TestALotOfAdding" classname="LocalCMCTests" time="0.0"/>
  <testcase name="TestALotOfAdding" classname="LocalCMCTests" time="0.002"/>
  <testcase name="TestALotOfAdding" classname="LocalCMCTests" time="0.0"/>
  <testcase name="TestALotOfAdding" classname="LocalCMCTests" time="0.001"/>
  <testcase name="TestALotOfAdding" classname="LocalCMCTests" time="0.001"/>
  <testcase name="TestALotOfAdding" classname="LocalCMCTests" time="0.001"/>
  <testcase name="TestALotOfAdding" classname="LocalCMCTests" time="0.001"/>
  <testcase name="TestALotOfAdding" classname="LocalCMCTests" time="0.001"/>
  <testcase name="TestALotOfAdding" classname="LocalCMCTests" time="0.001"/>
  <testcase name="TestALotOfAdding" classname="LocalCMCTests" time="0.0"/>
  <testcase name="TestALotOfAdding" classname="LocalCMCTests" time="0.0"/>
  <testcase name="TestALotOfAdding" classname="LocalCMCTests" time="0.001"/>
  <testcase name="TestALotOfAdding" classname="LocalCMCTests" time="0.001"/>
  <testcase name="TestALotOfAdding" classname="LocalCMCTests" time="0.001"/>
  <testcase name="TestALotOfAdding" classname="LocalCMCTests" time="0.002"/>
  <testcase name="TestALotOfAdding" classname="LocalCMCTests" time="0.001"/>
  <testcase name="TestALotOfAdding" classname="LocalCMCTests" time="0.0"/>
  <testcase name="TestALotOfAdding" classname="LocalCMCTests" time="0.0"/>
  <testcase name="TestALotOfAdding" classname="LocalCMCTests" time="0.0"/>
  <testcase name="TestALotOfAdding" classname="LocalCMCTests" time="0.0"/>
  <testcase name="TestALotOfAdding" classname="LocalCMCTests" time="0.0"/>
  <testcase name="TestALotOfAdding" classname="LocalCMCTests" time="0.0"/>
  <testcase name="TestALotOfAdding" classname="LocalCMCTests" time="0.001"/>
  <testcase name="TestALotOfAdding" classname="LocalCMCTests" time="0.001"/>
  <testcase name="TestALotOfAdding" classname="LocalCMCTests" time="0.001"/>
  <testcase name="TestALotOfAdding" classname="LocalCMCTests" time="0.0"/>
  <testcase name="TestALotOfAdding" classname="LocalCMCTests" time="0.0"/>
  <testcase name="TestALotOfAdding" classname="LocalCMCTests" time="0.001"/>
  <testcase name="TestALotOfAdding" classname="LocalCMCTests" time="0.001"/>
  <testcase name="TestALotOfAdding" classname="LocalCMCTests" time="0.001"/>
  <testcase name="TestALotOfAdding" classname="LocalCMCTests" time="0.001"/>
  <testcase name="TestALotOfAdding" classname="LocalCMCTests" time="0.001"/>
  <testcase name="TestALotOfAdding" classname="LocalCMCTests" time="0.0"/>
  <testcase name="TestALotOfAdding" classname="LocalCMCTests" time="0.0"/>
  <testcase name="TestALotOfAdding" classname="LocalCMCTests" time="0.0"/>
  <testcase name="TestALotOfAdding" classname="LocalCMCTests" time="0.001"/>
  <testcase name="TestALotOfAdding" classname="LocalCMCTests" time="0.0"/>
  <testcase name="TestALotOfAdding" classname="LocalCMCTests" time="0.0"/>
  <testcase name="TestALotOfAdding" classname="LocalCMCTests" time="0.001"/>
  <testcase name="TestALotOfAdding" classname="LocalCMCTests" time="0.004"/>
  <testcase name="TestALotOfAdding" classname="LocalCMCTests" time="0.001"/>
  <testcase name="TestALotOfAdding" classname="LocalCMCTests" time="0.0"/>
  <testcase name="TestALotOfAdding" classname="LocalCMCTests" time="0.0"/>
  <testcase name="TestALotOfAdding" classname="LocalCMCTests" time="0.001"/>
  <testcase name="TestALotOfAdding" classname="LocalCMCTests" time="0.0"/>
  <testcase name="TestALotOfAdding" classname="LocalCMCTests" time="0.001"/>
  <testcase name="TestALotOfAdding" classname="LocalCMCTests" time="0.001"/>
  <testcase name="TestALotOfAdding" classname="LocalCMCTests" time="0.0"/>
  <testcase name="TestALotOfAdding" classname="LocalCMCTests" time="0.001"/>
  <testcase name="TestALotOfAdding" classname="LocalCMCTests" time="0.001"/>
  <testcase name="TestALotOfAdding" classname="LocalCMCTests" time="0.0"/>
  <testcase name="TestALotOfAdding" classname="LocalCMCTests" time="0.0"/>
  <testcase name="TestALotOfAdding" classname="LocalCMCTests" time="0.001"/>
  <testcase name="TestALotOfAdding" classname="LocalCMCTests" time="0.0"/>
  <testcase name="TestALotOfAdding" classname="LocalCMCTests" time="0.001"/>
  <testcase name="TestALotOfAdding" classname="LocalCMCTests" time="0.001"/>
  <testcase name="TestALotOfAdding" classname="LocalCMCTests" time="0.001"/>
  <testcase name="TestALotOfAdding" classname="LocalCMCTests" time="0.0"/>
  <testcase name="TestALotOfAdding" classname="LocalCMCTests" time="0.001"/>
  <testcase name="TestALotOfAdding" classname="LocalCMCTests" time="0.0"/>
  <testcase name="TestALotOfAdding" classname="LocalCMCTests" time="0.0"/>
  <testcase name="TestALotOfAdding" classname="LocalCMCTests" time="0.002"/>
  <testcase name="TestALotOfAdding" classname="LocalCMCTests" time="0.0"/>
  <testcase name="TestALotOfAdding" classname="LocalCMCTests" time="0.0"/>
  <testcase name="TestALotOfAdding" classname="LocalCMCTests" time="0.001"/>
  <testcase name="TestALotOfAdding" classname="LocalCMCTests" time="0.0"/>
  <testcase name="TestALotOfAdding" classname="LocalCMCTests" time="0.0"/>
  <testcase name="TestALotOfAdding" classname="LocalCMCTests" time="0.001"/>
  <testcase name="TestALotOfAdding" classname="LocalCMCTests" time="0.002"/>
  <testcase name="TestALotOfAdding" classname="LocalCMCTests" time="0.0"/>
  <testcase name="TestALotOfAdding" classname="LocalCMCTests" time="0.001"/>
  <testcase name="TestALotOfAdding" classname="LocalCMCTests" time="0.0"/>
  <testcase name="TestALotOfAdding" classname="LocalCMCTests" time="0.001"/>
  <testcase name="TestALotOfAdding" classname="LocalCMCTests" time="0.001"/>
  <testcase name="TestALotOfAdding" classname="LocalCMCTests" time="0.0"/>
  <testcase name="TestALotOfAdding" classname="LocalCMCTests" time="0.001"/>
  <testcase name="TestALotOfAdding" classname="LocalCMCTests" time="0.001"/>
  <testcase name="TestALotOfAdding" classname="LocalCMCTests" time="0.001"/>
  <testcase name="TestALotOfAdding" classname="LocalCMCTests" time="0.0"/>
  <testcase name="TestALotOfAdding" classname="LocalCMCTests" time="0.0"/>
  <testcase name="TestALotOfAdding" classname="LocalCMCTests" time="0.001"/>
  <testcase name="TestALotOfAdding" classname="LocalCMCTests" time="0.001"/>
  <testcase name="TestALotOfAdding" classname="LocalCMCTests" time="0.002"/>
  <testcase name="TestALotOfAdding" classname="LocalCMCTests" time="0.0"/>
  <testcase name="TestALotOfAdding" classname="LocalCMCTests" time="0.003"/>
  <testcase name="TestALotOfAdding" classname="LocalCMCTests" time="0.0"/>
  <testcase name="TestALotOfAdding" classname="LocalCMCTests" time="0.0"/>
  <testcase name="TestALotOfAdding" classname="LocalCMCTests" time="0.003"/>
  <testcase name="TestALotOfAdding" classname="LocalCMCTests" time="0.0"/>
  <testcase name="TestALotOfAdding" classname="LocalCMCTests" time="0.0"/>
  <testcase name="TestALotOfAdding" classname="LocalCMCTests" time="0.001"/>
  <testcase name="TestALotOfAdding" classname="LocalCMCTests" time="0.001"/>
  <testcase name="TestALotOfAdding" classname="LocalCMCTests" time="0.0"/>
  <testcase name="TestALotOfAdding" classname="LocalCMCTests" time="0.001"/>
  <testcase name="TestALotOfAdding" classname="LocalCMCTests" time="0.001"/>
  <testcase name="TestALotOfAdding" classname="LocalCMCTests" time="0.001"/>
  <testcase name="TestALotOfAdding" classname="LocalCMCTests" time="0.001"/>
  <testcase name="TestALotOfAdding" classname="LocalCMCTests" time="0.001"/>
  <testcase name="TestALotOfAdding" classname="LocalCMCTests" time="0.0"/>
  <testcase name="TestALotOfAdding" classname="LocalCMCTests" time="0.001"/>
  <testcase name="TestALotOfAdding" classname="LocalCMCTests" time="0.001"/>
  <testcase name="TestALotOfAdding" classname="LocalCMCTests" time="0.001"/>
  <testcase name="TestALotOfAdding" classname="LocalCMCTests" time="0.0"/>
  <testcase name="TestALotOfAdding" classname="LocalCMCTests" time="0.0"/>
  <testcase name="TestALotOfAdding" classname="LocalCMCTests" time="0.001"/>
  <testcase name="TestALotOfAdding" classname="LocalCMCTests" time="0.0"/>
  <testcase name="TestALotOfAdding" classname="LocalCMCTests" time="0.0"/>
  <testcase name="TestALotOfAdding" classname="LocalCMCTests" time="0.0"/>
  <testcase name="TestALotOfAdding" classname="LocalCMCTests" time="0.001"/>
  <testcase name="TestALotOfAdding" classname="LocalCMCTests" time="0.002"/>
  <testcase name="TestALotOfAdding" classname="LocalCMCTests" time="0.001"/>
  <testcase name="TestALotOfAdding" classname="LocalCMCTests" time="0.0"/>
  <testcase name="TestALotOfAdding" classname="LocalCMCTests" time="0.0"/>
  <testcase name="TestALotOfAdding" classname="LocalCMCTests" time="0.0"/>
  <testcase name="TestALotOfAdding" classname="LocalCMCTests" time="0.0"/>
  <testcase name="TestALotOfAdding" classname="LocalCMCTests" time="0.001"/>
  <testcase name="TestALotOfAdding" classname="LocalCMCTests" time="0.0"/>
  <testcase name="TestALotOfAdding" classname="LocalCMCTests" time="0.001"/>
  <testcase name="TestALotOfAdding" classname="LocalCMCTests" time="0.001"/>
  <testcase name="TestALotOfAdding" classname="LocalCMCTests" time="0.002"/>
  <testcase name="TestALotOfAdding" classname="LocalCMCTests" time="0.0"/>
  <testcase name="TestALotOfAdding" classname="LocalCMCTests" time="0.001"/>
  <testcase name="TestALotOfAdding" classname="LocalCMCTests" time="0.001"/>
  <testcase name="TestALotOfAdding" classname="LocalCMCTests" time="0.0"/>
  <testcase name="TestALotOfAdding" classname="LocalCMCTests" time="0.0"/>
  <testcase name="TestALotOfAdding" classname="LocalCMCTests" time="0.0"/>
  <testcase name="TestALotOfAdding" classname="LocalCMCTests" time="0.002"/>
  <testcase name="TestALotOfAdding" classname="LocalCMCTests" time="0.001"/>
  <testcase name="TestALotOfAdding" classname="LocalCMCTests" time="0.001"/>
  <testcase name="TestALotOfAdding" classname="LocalCMCTests" time="0.0"/>
  <testcase name="TestALotOfAdding" classname="LocalCMCTests" time="0.001"/>
  <testcase name="TestALotOfAdding" classname="LocalCMCTests" time="0.001"/>
  <testcase name="TestALotOfAdding" classname="LocalCMCTests" time="0.001"/>
  <testcase name="TestALotOfAdding" classname="LocalCMCTests" time="0.0"/>
  <testcase name="TestALotOfAdding" classname="LocalCMCTests" time="0.001"/>
  <testcase name="TestALotOfAdding" classname="LocalCMCTests" time="0.001"/>
  <testcase name="TestALotOfAdding" classname="LocalCMCTests" time="0.001"/>
  <testcase name="TestALotOfAdding" classname="LocalCMCTests" time="0.001"/>
  <testcase name="TestALotOfAdding" classname="LocalCMCTests" time="0.0"/>
  <testcase name="TestALotOfAdding" classname="LocalCMCTests" time="0.0"/>
  <testcase name="TestALotOfAdding" classname="LocalCMCTests" time="0.0"/>
  <testcase name="TestALotOfAdding" classname="LocalCMCTests" time="0.0"/>
  <testcase name="TestALotOfAdding" classname="LocalCMCTests" time="0.0"/>
  <testcase name="TestALotOfAdding" classname="LocalCMCTests" time="0.001"/>
  <testcase name="TestALotOfAdding" classname="LocalCMCTests" time="0.001"/>
  <testcase name="TestALotOfAdding" classname="LocalCMCTests" time="0.0"/>
  <testcase name="TestALotOfAdding" classname="LocalCMCTests" time="0.001"/>
  <testcase name="TestALotOfAdding" classname="LocalCMCTests" time="0.001"/>
  <testcase name="TestALotOfAdding" classname="LocalCMCTests" time="0.0"/>
  <testcase name="TestALotOfAdding" classname="LocalCMCTests" time="0.0"/>
  <testcase name="TestALotOfAdding" classname="LocalCMCTests" time="0.001"/>
  <testcase name="TestALotOfAdding" classname="LocalCMCTests" time="0.001"/>
  <testcase name="TestALotOfAdding" classname="LocalCMCTests" time="0.001"/>
  <testcase name="TestALotOfAdding" classname="LocalCMCTests" time="0.0"/>
  <testcase name="TestALotOfAdding" classname="LocalCMCTests" time="0.001"/>
  <testcase name="TestALotOfAdding" classname="LocalCMCTests" time="0.001"/>
  <testcase name="TestALotOfAdding" classname="LocalCMCTests" time="0.0"/>
  <testcase name="TestALotOfAdding" classname="LocalCMCTests" time="0.001"/>
  <testcase name="TestALotOfAdding" classname="LocalCMCTests" time="0.0"/>
  <testcase name="TestALotOfAdding" classname="LocalCMCTests" time="0.001"/>
  <testcase name="TestALotOfAdding" classname="LocalCMCTests" time="0.001"/>
  <testcase name="TestALotOfAdding" classname="LocalCMCTests" time="0.001"/>
  <testcase name="TestALotOfAdding" classname="LocalCMCTests" time="0.0"/>
  <testcase name="TestALotOfAdding" classname="LocalCMCTests" time="0.0"/>
  <testcase name="TestALotOfAdding" classname="LocalCMCTests" time="0.001"/>
  <testcase name="TestALotOfAdding" classname="LocalCMCTests" time="0.0"/>
  <testcase name="TestALotOfAdding" classname="LocalCMCTests" time="0.001"/>
  <testcase name="TestALotOfAdding" classname="LocalCMCTests" time="0.001"/>
  <testcase name="TestALotOfAdding" classname="LocalCMCTests" time="0.001"/>
  <testcase name="TestALotOfAdding" classname="LocalCMCTests" time="0.001"/>
  <testcase name="TestALotOfAdding" classname="LocalCMCTests" time="0.001"/>
  <testcase name="TestALotOfAdding" classname="LocalCMCTests" time="0.0"/>
  <testcase name="TestALotOfAdding" classname="LocalCMCTests" time="0.0"/>
  <testcase name="TestALotOfAdding" classname="LocalCMCTests" time="0.0"/>
  <testcase name="TestALotOfAdding" classname="LocalCMCTests" time="0.0"/>
  <testcase name="TestALotOfAdding" classname="LocalCMCTests" time="0.001"/>
  <testcase name="TestALotOfAdding" classname="LocalCMCTests" time="0.0"/>
  <testcase name="TestALotOfAdding" classname="LocalCMCTests" time="0.001"/>
  <testcase name="TestALotOfAdding" classname="LocalCMCTests" time="0.001"/>
  <testcase name="TestALotOfAdding" classname="LocalCMCTests" time="0.001"/>
  <testcase name="TestALotOfAdding" classname="LocalCMCTests" time="0.001"/>
  <testcase name="TestALotOfAdding" classname="LocalCMCTests" time="0.001"/>
  <testcase name="TestALotOfAdding" classname="LocalCMCTests" time="0.0"/>
  <testcase name="TestALotOfAdding" classname="LocalCMCTests" time="0.001"/>
  <testcase name="TestALotOfAdding" classname="LocalCMCTests" time="0.0"/>
  <testcase name="TestALotOfAdding" classname="LocalCMCTests" time="0.0"/>
  <testcase name="TestALotOfAdding" classname="LocalCMCTests" time="0.0"/>
  <testcase name="TestALotOfAdding" classname="LocalCMCTests" time="0.001"/>
  <testcase name="TestALotOfAdding" classname="LocalCMCTests" time="0.0"/>
  <testcase name="TestALotOfAdding" classname="LocalCMCTests" time="0.0"/>
  <testcase name="TestALotOfAdding" classname="LocalCMCTests" time="0.0"/>
  <testcase name="TestALotOfAdding" classname="LocalCMCTests" time="0.001"/>
  <testcase name="TestALotOfAdding" classname="LocalCMCTests" time="0.0"/>
  <testcase name="TestALotOfAdding" classname="LocalCMCTests" time="0.0"/>
  <testcase name="TestALotOfAdding" classname="LocalCMCTests" time="0.001"/>
  <testcase name="TestALotOfAdding" classname="LocalCMCTests" time="0.001"/>
  <testcase name="TestALotOfAdding" classname="LocalCMCTests" time="0.001"/>
  <testcase name="TestALotOfAdding" classname="LocalCMCTests" time="0.001"/>
  <testcase name="TestALotOfAdding" classname="LocalCMCTests" time="0.0"/>
  <testcase name="TestALotOfAdding" classname="LocalCMCTests" time="0.001"/>
  <testcase name="TestALotOfAdding" classname="LocalCMCTests" time="0.0"/>
  <testcase name="TestALotOfAdding" classname="LocalCMCTests" time="0.002"/>
  <testcase name="TestALotOfAdding" classname="LocalCMCTests" time="0.0"/>
  <testcase name="TestALotOfAdding" classname="LocalCMCTests" time="0.001"/>
  <testcase name="TestALotOfAdding" classname="LocalCMCTests" time="0.0"/>
  <testcase name="TestALotOfAdding" classname="LocalCMCTests" time="0.0"/>
  <testcase name="TestALotOfAdding" classname="LocalCMCTests" time="0.0"/>
  <testcase name="TestALotOfAdding" classname="LocalCMCTests" time="0.0"/>
  <testcase name="TestALotOfAdding" classname="LocalCMCTests" time="0.0"/>
  <testcase name="TestALotOfAdding" classname="LocalCMCTests" time="0.0"/>
  <testcase name="TestALotOfAdding" classname="LocalCMCTests" time="0.001"/>
  <testcase name="TestALotOfAdding" classname="LocalCMCTests" time="0.001"/>
  <testcase name="TestALotOfAdding" classname="LocalCMCTests" time="0.0"/>
  <testcase name="TestALotOfAdding" classname="LocalCMCTests" time="0.002"/>
  <testcase name="TestALotOfAdding" classname="LocalCMCTests" time="0.002"/>
  <testcase name="TestALotOfAdding" classname="LocalCMCTests" time="0.002"/>
  <testcase name="TestALotOfAdding" classname="LocalCMCTests" time="0.0"/>
  <testcase name="TestALotOfAdding" classname="LocalCMCTests" time="0.0"/>
  <testcase name="TestALotOfAdding" classname="LocalCMCTests" time="0.0"/>
  <testcase name="TestALotOfAdding" classname="LocalCMCTests" time="0.001"/>
  <testcase name="TestALotOfAdding" classname="LocalCMCTests" time="0.0"/>
  <testcase name="TestALotOfAdding" classname="LocalCMCTests" time="0.001"/>
  <testcase name="TestALotOfAdding" classname="LocalCMCTests" time="0.0"/>
  <testcase name="TestALotOfAdding" classname="LocalCMCTests" time="0.001"/>
  <testcase name="TestALotOfAdding" classname="LocalCMCTests" time="0.001"/>
  <testcase name="TestALotOfAdding" classname="LocalCMCTests" time="0.0"/>
  <testcase name="TestALotOfAdding" classname="LocalCMCTests" time="0.0"/>
  <testcase name="TestALotOfAdding" classname="LocalCMCTests" time="0.002"/>
  <testcase name="TestALotOfAdding" classname="LocalCMCTests" time="0.001"/>
  <testcase name="TestALotOfAdding" classname="LocalCMCTests" time="0.0"/>
  <testcase name="TestALotOfAdding" classname="LocalCMCTests" time="0.001"/>
  <testcase name="TestALotOfAdding" classname="LocalCMCTests" time="0.0"/>
  <testcase name="TestALotOfAdding" classname="LocalCMCTests" time="0.0"/>
  <testcase name="TestALotOfAdding" classname="LocalCMCTests" time="0.0"/>
  <testcase name="TestALotOfAdding" classname="LocalCMCTests" time="0.001"/>
  <testcase name="TestALotOfAdding" classname="LocalCMCTests" time="0.001"/>
  <testcase name="TestALotOfAdding" classname="LocalCMCTests" time="0.0"/>
  <testcase name="TestALotOfAdding" classname="LocalCMCTests" time="0.0"/>
  <testcase name="TestALotOfAdding" classname="LocalCMCTests" time="0.001"/>
  <testcase name="TestALotOfAdding" classname="LocalCMCTests" time="0.001"/>
  <testcase name="TestALotOfAdding" classname="LocalCMCTests" time="0.0"/>
  <testcase name="TestALotOfAdding" classname="LocalCMCTests" time="0.0"/>
  <testcase name="TestALotOfAdding" classname="LocalCMCTests" time="0.002"/>
  <testcase name="TestALotOfAdding" classname="LocalCMCTests" time="0.001"/>
  <testcase name="TestALotOfAdding" classname="LocalCMCTests" time="0.0"/>
  <testcase name="TestALotOfAdding" classname="LocalCMCTests" time="0.001"/>
  <testcase name="TestALotOfAdding" classname="LocalCMCTests" time="0.002"/>
  <testcase name="TestALotOfAdding" classname="LocalCMCTests" time="0.001"/>
  <testcase name="TestALotOfAdding" classname="LocalCMCTests" time="0.0"/>
  <testcase name="TestALotOfAdding" classname="LocalCMCTests" time="0.002"/>
  <testcase name="TestALotOfAdding" classname="LocalCMCTests" time="0.0"/>
  <testcase name="TestALotOfAdding" classname="LocalCMCTests" time="0.001"/>
  <testcase name="TestALotOfAdding" classname="LocalCMCTests" time="0.0"/>
  <testcase name="TestALotOfAdding" classname="LocalCMCTests" time="0.0"/>
  <testcase name="TestALotOfAdding" classname="LocalCMCTests" time="0.0"/>
  <testcase name="TestALotOfAdding" classname="LocalCMCTests" time="0.001"/>
  <testcase name="TestALotOfAdding" classname="LocalCMCTests" time="0.0"/>
  <testcase name="TestALotOfAdding" classname="LocalCMCTests" time="0.0"/>
  <testcase name="TestALotOfAdding" classname="LocalCMCTests" time="0.0"/>
  <testcase name="TestALotOfAdding" classname="LocalCMCTests" time="0.001"/>
  <testcase name="TestALotOfAdding" classname="LocalCMCTests" time="0.0"/>
  <testcase name="TestALotOfAdding" classname="LocalCMCTests" time="0.001"/>
  <testcase name="TestALotOfAdding" classname="LocalCMCTests" time="0.0"/>
  <testcase name="TestALotOfAdding" classname="LocalCMCTests" time="0.001"/>
  <testcase name="TestALotOfAdding" classname="LocalCMCTests" time="0.0"/>
  <testcase name="TestALotOfAdding" classname="LocalCMCTests" time="0.001"/>
  <testcase name="TestALotOfAdding" classname="LocalCMCTests" time="0.0"/>
  <testcase name="TestALotOfAdding" classname="LocalCMCTests" time="0.001"/>
  <testcase name="TestALotOfAdding" classname="LocalCMCTests" time="0.001"/>
  <testcase name="TestALotOfAdding" classname="LocalCMCTests" time="0.0"/>
  <testcase name="TestALotOfAdding" classname="LocalCMCTests" time="0.0"/>
  <testcase name="TestALotOfAdding" classname="LocalCMCTests" time="0.0"/>
  <testcase name="TestALotOfAdding" classname="LocalCMCTests" time="0.001"/>
  <testcase name="TestALotOfAdding" classname="LocalCMCTests" time="0.0"/>
  <testcase name="TestALotOfAdding" classname="LocalCMCTests" time="0.0"/>
  <testcase name="TestALotOfAdding" classname="LocalCMCTests" time="0.001"/>
  <testcase name="TestALotOfAdding" classname="LocalCMCTests" time="0.0"/>
  <testcase name="TestALotOfAdding" classname="LocalCMCTests" time="0.001"/>
  <testcase name="TestALotOfAdding" classname="LocalCMCTests" time="0.002"/>
  <testcase name="TestALotOfAdding" classname="LocalCMCTests" time="0.001"/>
  <testcase name="TestALotOfAdding" classname="LocalCMCTests" time="0.0"/>
  <testcase name="TestALotOfAdding" classname="LocalCMCTests" time="0.001"/>
  <testcase name="TestALotOfAdding" classname="LocalCMCTests" time="0.0"/>
  <testcase name="TestALotOfAdding" classname="LocalCMCTests" time="0.001"/>
  <testcase name="TestALotOfAdding" classname="LocalCMCTests" time="0.0"/>
  <testcase name="TestALotOfAdding" classname="LocalCMCTests" time="0.002"/>
  <testcase name="TestALotOfAdding" classname="LocalCMCTests" time="0.001"/>
  <testcase name="TestALotOfAdding" classname="LocalCMCTests" time="0.001"/>
  <testcase name="TestALotOfAdding" classname="LocalCMCTests" time="0.0"/>
  <testcase name="TestALotOfAdding" classname="LocalCMCTests" time="0.001"/>
  <testcase name="TestALotOfAdding" classname="LocalCMCTests" time="0.001"/>
  <testcase name="TestALotOfAdding" classname="LocalCMCTests" time="0.0"/>
  <testcase name="TestALotOfAdding" classname="LocalCMCTests" time="0.0"/>
  <testcase name="TestALotOfAdding" classname="LocalCMCTests" time="0.002"/>
  <testcase name="TestALotOfAdding" classname="LocalCMCTests" time="0.001"/>
  <testcase name="TestALotOfAdding" classname="LocalCMCTests" time="0.003"/>
  <testcase name="TestALotOfAdding" classname="LocalCMCTests" time="0.001"/>
  <testcase name="TestALotOfAdding" classname="LocalCMCTests" time="0.0"/>
  <testcase name="TestALotOfAdding" classname="LocalCMCTests" time="0.0"/>
  <testcase name="TestALotOfAdding" classname="LocalCMCTests" time="0.0"/>
  <testcase name="TestALotOfAdding" classname="LocalCMCTests" time="0.001"/>
  <testcase name="TestALotOfAdding" classname="LocalCMCTests" time="0.0"/>
  <testcase name="TestALotOfAdding" classname="LocalCMCTests" time="0.0"/>
  <testcase name="TestALotOfAdding" classname="LocalCMCTests" time="0.001"/>
  <testcase name="TestALotOfAdding" classname="LocalCMCTests" time="0.0"/>
  <testcase name="TestALotOfAdding" classname="LocalCMCTests" time="0.001"/>
  <testcase name="TestALotOfAdding" classname="LocalCMCTests" time="0.0"/>
  <testcase name="TestALotOfAdding" classname="LocalCMCTests" time="0.001"/>
  <testcase name="TestALotOfAdding" classname="LocalCMCTests" time="0.001"/>
  <testcase name="TestALotOfAdding" classname="LocalCMCTests" time="0.0"/>
  <testcase name="TestALotOfAdding" classname="LocalCMCTests" time="0.001"/>
  <testcase name="TestALotOfAdding" classname="LocalCMCTests" time="0.0"/>
  <testcase name="TestALotOfAdding" classname="LocalCMCTests" time="0.001"/>
  <testcase name="TestALotOfAdding" classname="LocalCMCTests" time="0.0"/>
  <testcase name="TestALotOfAdding" classname="LocalCMCTests" time="0.001"/>
  <testcase name="TestALotOfAdding" classname="LocalCMCTests" time="0.001"/>
  <testcase name="TestALotOfAdding" classname="LocalCMCTests" time="0.0"/>
  <testcase name="TestALotOfAdding" classname="LocalCMCTests" time="0.0"/>
  <testcase name="TestALotOfAdding" classname="LocalCMCTests" time="0.0"/>
  <testcase name="TestALotOfAdding" classname="LocalCMCTests" time="0.003"/>
  <testcase name="TestALotOfAdding" classname="LocalCMCTests" time="0.002"/>
  <testcase name="TestALotOfAdding" classname="LocalCMCTests" time="0.001"/>
  <testcase name="TestALotOfAdding" classname="LocalCMCTests" time="0.0"/>
  <testcase name="TestALotOfAdding" classname="LocalCMCTests" time="0.001"/>
  <testcase name="TestALotOfAdding" classname="LocalCMCTests" time="0.002"/>
  <testcase name="TestALotOfAdding" classname="LocalCMCTests" time="0.001"/>
  <testcase name="TestALotOfAdding" classname="LocalCMCTests" time="0.001"/>
  <testcase name="TestALotOfAdding" classname="LocalCMCTests" time="0.001"/>
  <testcase name="TestALotOfAdding" classname="LocalCMCTests" time="0.001"/>
  <testcase name="TestALotOfAdding" classname="LocalCMCTests" time="0.001"/>
  <testcase name="TestALotOfAdding" classname="LocalCMCTests" time="0.0"/>
  <testcase name="TestALotOfAdding" classname="LocalCMCTests" time="0.0"/>
  <testcase name="TestALotOfAdding" classname="LocalCMCTests" time="0.0"/>
  <testcase name="TestALotOfAdding" classname="LocalCMCTests" time="0.0"/>
  <testcase name="TestALotOfAdding" classname="LocalCMCTests" time="0.0"/>
  <testcase name="TestALotOfAdding" classname="LocalCMCTests" time="0.0"/>
  <testcase name="TestALotOfAdding" classname="LocalCMCTests" time="0.001"/>
  <testcase name="TestALotOfAdding" classname="LocalCMCTests" time="0.001"/>
  <testcase name="TestALotOfAdding" classname="LocalCMCTests" time="0.001"/>
  <testcase name="TestALotOfAdding" classname="LocalCMCTests" time="0.0"/>
  <testcase name="TestALotOfAdding" classname="LocalCMCTests" time="0.001"/>
  <testcase name="TestALotOfAdding" classname="LocalCMCTests" time="0.001"/>
  <testcase name="TestALotOfAdding" classname="LocalCMCTests" time="0.001"/>
  <testcase name="TestALotOfAdding" classname="LocalCMCTests" time="0.0"/>
  <testcase name="TestALotOfAdding" classname="LocalCMCTests" time="0.001"/>
  <testcase name="TestALotOfAdding" classname="LocalCMCTests" time="0.0"/>
  <testcase name="TestALotOfAdding" classname="LocalCMCTests" time="0.001"/>
  <testcase name="TestALotOfAdding" classname="LocalCMCTests" time="0.0"/>
  <testcase name="TestALotOfAdding" classname="LocalCMCTests" time="0.0"/>
  <testcase name="TestALotOfAdding" classname="LocalCMCTests" time="0.0"/>
  <testcase name="TestALotOfAdding" classname="LocalCMCTests" time="0.002"/>
  <testcase name="TestALotOfAdding" classname="LocalCMCTests" time="0.001"/>
  <testcase name="TestALotOfAdding" classname="LocalCMCTests" time="0.001"/>
  <testcase name="TestALotOfAdding" classname="LocalCMCTests" time="0.002"/>
  <testcase name="TestALotOfAdding" classname="LocalCMCTests" time="0.0"/>
  <testcase name="TestALotOfAdding" classname="LocalCMCTests" time="0.001"/>
  <testcase name="TestALotOfAdding" classname="LocalCMCTests" time="0.001"/>
  <testcase name="TestALotOfAdding" classname="LocalCMCTests" time="0.0"/>
  <testcase name="TestALotOfAdding" classname="LocalCMCTests" time="0.001"/>
  <testcase name="TestALotOfAdding" classname="LocalCMCTests" time="0.0"/>
  <testcase name="TestALotOfAdding" classname="LocalCMCTests" time="0.0"/>
  <testcase name="TestALotOfAdding" classname="LocalCMCTests" time="0.001"/>
  <testcase name="TestALotOfAdding" classname="LocalCMCTests" time="0.0"/>
  <testcase name="TestALotOfAdding" classname="LocalCMCTests" time="0.0"/>
  <testcase name="TestALotOfAdding" classname="LocalCMCTests" time="0.0"/>
  <testcase name="TestALotOfAdding" classname="LocalCMCTests" time="0.0"/>
  <testcase name="TestALotOfAdding" classname="LocalCMCTests" time="0.001"/>
  <testcase name="TestALotOfAdding" classname="LocalCMCTests" time="0.001"/>
  <testcase name="TestALotOfAdding" classname="LocalCMCTests" time="0.001"/>
  <testcase name="TestALotOfAdding" classname="LocalCMCTests" time="0.001"/>
  <testcase name="TestALotOfAdding" classname="LocalCMCTests" time="0.001"/>
  <testcase name="TestALotOfAdding" classname="LocalCMCTests" time="0.001"/>
  <testcase name="TestALotOfAdding" classname="LocalCMCTests" time="0.001"/>
  <testcase name="TestALotOfAdding" classname="LocalCMCTests" time="0.0"/>
  <testcase name="TestALotOfAdding" classname="LocalCMCTests" time="0.002"/>
  <testcase name="TestALotOfAdding" classname="LocalCMCTests" time="0.002"/>
  <testcase name="TestALotOfAdding" classname="LocalCMCTests" time="0.001"/>
  <testcase name="TestALotOfAdding" classname="LocalCMCTests" time="0.0"/>
  <testcase name="TestALotOfAdding" classname="LocalCMCTests" time="0.0"/>
  <testcase name="TestALotOfAdding" classname="LocalCMCTests" time="0.0"/>
  <testcase name="TestALotOfAdding" classname="LocalCMCTests" time="0.0"/>
  <testcase name="TestALotOfAdding" classname="LocalCMCTests" time="0.0"/>
  <testcase name="TestALotOfAdding" classname="LocalCMCTests" time="0.001"/>
  <testcase name="TestALotOfAdding" classname="LocalCMCTests" time="0.001"/>
  <testcase name="TestALotOfAdding" classname="LocalCMCTests" time="0.0"/>
  <testcase name="TestALotOfAdding" classname="LocalCMCTests" time="0.001"/>
  <testcase name="TestALotOfAdding" classname="LocalCMCTests" time="0.0"/>
  <testcase name="TestALotOfAdding" classname="LocalCMCTests" time="0.0"/>
  <testcase name="TestALotOfAdding" classname="LocalCMCTests" time="0.0"/>
  <testcase name="TestALotOfAdding" classname="LocalCMCTests" time="0.0"/>
  <testcase name="TestALotOfAdding" classname="LocalCMCTests" time="0.0"/>
  <testcase name="TestALotOfAdding" classname="LocalCMCTests" time="0.0"/>
  <testcase name="TestALotOfAdding" classname="LocalCMCTests" time="0.0"/>
  <testcase name="TestALotOfAdding" classname="LocalCMCTests" time="0.0"/>
  <testcase name="TestALotOfAdding" classname="LocalCMCTests" time="0.001"/>
  <testcase name="TestALotOfAdding" classname="LocalCMCTests" time="0.001"/>
  <testcase name="TestALotOfAdding" classname="LocalCMCTests" time="0.001"/>
  <testcase name="TestALotOfAdding" classname="LocalCMCTests" time="0.001"/>
  <testcase name="TestALotOfAdding" classname="LocalCMCTests" time="0.001"/>
  <testcase name="TestALotOfAdding" classname="LocalCMCTests" time="0.001"/>
  <testcase name="TestALotOfAdding" classname="LocalCMCTests" time="0.0"/>
  <testcase name="TestALotOfAdding" classname="LocalCMCTests" time="0.0"/>
  <testcase name="TestALotOfAdding" classname="LocalCMCTests" time="0.001"/>
  <testcase name="TestALotOfAdding" classname="LocalCMCTests" time="0.0"/>
  <testcase name="TestALotOfAdding" classname="LocalCMCTests" time="0.0"/>
  <testcase name="TestALotOfAdding" classname="LocalCMCTests" time="0.0"/>
  <testcase name="TestALotOfAdding" classname="LocalCMCTests" time="0.001"/>
  <testcase name="TestALotOfAdding" classname="LocalCMCTests" time="0.001"/>
  <testcase name="TestALotOfAdding" classname="LocalCMCTests" time="0.0"/>
  <testcase name="TestALotOfAdding" classname="LocalCMCTests" time="0.0"/>
  <testcase name="TestALotOfAdding" classname="LocalCMCTests" time="0.0"/>
  <testcase name="TestALotOfAdding" classname="LocalCMCTests" time="0.0"/>
  <testcase name="TestALotOfAdding" classname="LocalCMCTests" time="0.0"/>
  <testcase name="TestALotOfAdding" classname="LocalCMCTests" time="0.001"/>
  <testcase name="TestALotOfAdding" classname="LocalCMCTests" time="0.001"/>
  <testcase name="TestALotOfAdding" classname="LocalCMCTests" time="0.001"/>
  <testcase name="TestALotOfAdding" classname="LocalCMCTests" time="0.002"/>
  <testcase name="TestALotOfAdding" classname="LocalCMCTests" time="0.0"/>
  <testcase name="TestALotOfAdding" classname="LocalCMCTests" time="0.004"/>
  <testcase name="TestALotOfAdding" classname="LocalCMCTests" time="0.004"/>
  <testcase name="TestALotOfAdding" classname="LocalCMCTests" time="0.004"/>
  <testcase name="TestALotOfAdding" classname="LocalCMCTests" time="0.004"/>
  <testcase name="TestALotOfAdding" classname="LocalCMCTests" time="0.0"/>
  <testcase name="TestALotOfAdding" classname="LocalCMCTests" time="0.005"/>
  <testcase name="TestALotOfAdding" classname="LocalCMCTests" time="0.0"/>
  <testcase name="TestALotOfAdding" classname="LocalCMCTests" time="0.0"/>
  <testcase name="TestALotOfAdding" classname="LocalCMCTests" time="0.0"/>
  <testcase name="TestALotOfAdding" classname="LocalCMCTests" time="0.004"/>
  <testcase name="TestALotOfAdding" classname="LocalCMCTests" time="0.004"/>
  <testcase name="TestALotOfAdding" classname="LocalCMCTests" time="0.004"/>
  <testcase name="TestALotOfAdding" classname="LocalCMCTests" time="0.0"/>
  <testcase name="TestALotOfAdding" classname="LocalCMCTests" time="0.0"/>
  <testcase name="TestALotOfAdding" classname="LocalCMCTests" time="0.005"/>
  <testcase name="TestALotOfAdding" classname="LocalCMCTests" time="0.0"/>
  <testcase name="TestALotOfAdding" classname="LocalCMCTests" time="0.0"/>
  <testcase name="TestALotOfAdding" classname="LocalCMCTests" time="0.001"/>
  <testcase name="TestALotOfAdding" classname="LocalCMCTests" time="0.001"/>
  <testcase name="TestALotOfAdding" classname="LocalCMCTests" time="0.001"/>
  <testcase name="TestALotOfAdding" classname="LocalCMCTests" time="0.0"/>
  <testcase name="TestALotOfAdding" classname="LocalCMCTests" time="0.002"/>
  <testcase name="TestALotOfAdding" classname="LocalCMCTests" time="0.002"/>
  <testcase name="TestALotOfAdding" classname="LocalCMCTests" time="0.0"/>
  <testcase name="TestALotOfAdding" classname="LocalCMCTests" time="0.0"/>
  <testcase name="TestALotOfAdding" classname="LocalCMCTests" time="0.001"/>
  <testcase name="TestALotOfAdding" classname="LocalCMCTests" time="0.001"/>
  <testcase name="TestALotOfAdding" classname="LocalCMCTests" time="0.001"/>
  <testcase name="TestALotOfAdding" classname="LocalCMCTests" time="0.001"/>
  <testcase name="TestALotOfAdding" classname="LocalCMCTests" time="0.001"/>
  <testcase name="TestALotOfAdding" classname="LocalCMCTests" time="0.001"/>
  <testcase name="TestALotOfAdding" classname="LocalCMCTests" time="0.0"/>
  <testcase name="TestALotOfAdding" classname="LocalCMCTests" time="0.0"/>
  <testcase name="TestALotOfAdding" classname="LocalCMCTests" time="0.0"/>
  <testcase name="TestALotOfAdding" classname="LocalCMCTests" time="0.0"/>
  <testcase name="TestALotOfAdding" classname="LocalCMCTests" time="0.0"/>
  <testcase name="TestALotOfAdding" classname="LocalCMCTests" time="0.002"/>
  <testcase name="TestALotOfAdding" classname="LocalCMCTests" time="0.0"/>
  <testcase name="TestALotOfAdding" classname="LocalCMCTests" time="0.0"/>
  <testcase name="TestALotOfAdding" classname="LocalCMCTests" time="0.001"/>
  <testcase name="TestALotOfAdding" classname="LocalCMCTests" time="0.001"/>
  <testcase name="TestALotOfAdding" classname="LocalCMCTests" time="0.001"/>
  <testcase name="TestALotOfAdding" classname="LocalCMCTests" time="0.0"/>
  <testcase name="TestALotOfAdding" classname="LocalCMCTests" time="0.001"/>
  <testcase name="TestALotOfAdding" classname="LocalCMCTests" time="0.001"/>
  <testcase name="TestALotOfAdding" classname="LocalCMCTests" time="0.001"/>
  <testcase name="TestALotOfAdding" classname="LocalCMCTests" time="0.001"/>
  <testcase name="TestALotOfAdding" classname="LocalCMCTests" time="0.001"/>
  <testcase name="TestALotOfAdding" classname="LocalCMCTests" time="0.0"/>
  <testcase name="TestALotOfAdding" classname="LocalCMCTests" time="0.0"/>
  <testcase name="TestALotOfAdding" classname="LocalCMCTests" time="0.0"/>
  <testcase name="TestALotOfAdding" classname="LocalCMCTests" time="0.0"/>
  <testcase name="TestALotOfAdding" classname="LocalCMCTests" time="0.001"/>
  <testcase name="TestALotOfAdding" classname="LocalCMCTests" time="0.001"/>
  <testcase name="TestALotOfAdding" classname="LocalCMCTests" time="0.001"/>
  <testcase name="TestALotOfAdding" classname="LocalCMCTests" time="0.001"/>
  <testcase name="TestALotOfAdding" classname="LocalCMCTests" time="0.001"/>
  <testcase name="TestALotOfAdding" classname="LocalCMCTests" time="0.0"/>
  <testcase name="TestALotOfAdding" classname="LocalCMCTests" time="0.001"/>
  <testcase name="TestALotOfAdding" classname="LocalCMCTests" time="0.001"/>
  <testcase name="TestALotOfAdding" classname="LocalCMCTests" time="0.0"/>
  <testcase name="TestALotOfAdding" classname="LocalCMCTests" time="0.0"/>
  <testcase name="TestALotOfAdding" classname="LocalCMCTests" time="0.002"/>
  <testcase name="TestALotOfAdding" classname="LocalCMCTests" time="0.0"/>
  <testcase name="TestALotOfAdding" classname="LocalCMCTests" time="0.0"/>
  <testcase name="TestALotOfAdding" classname="LocalCMCTests" time="0.0"/>
  <testcase name="TestALotOfAdding" classname="LocalCMCTests" time="0.0"/>
  <testcase name="TestALotOfAdding" classname="LocalCMCTests" time="0.001"/>
  <testcase name="TestALotOfAdding" classname="LocalCMCTests" time="0.001"/>
  <testcase name="TestALotOfAdding" classname="LocalCMCTests" time="0.002"/>
  <testcase name="TestALotOfAdding" classname="LocalCMCTests" time="0.001"/>
  <testcase name="TestALotOfAdding" classname="LocalCMCTests" time="0.001"/>
  <testcase name="TestALotOfAdding" classname="LocalCMCTests" time="0.0"/>
  <testcase name="TestALotOfAdding" classname="LocalCMCTests" time="0.001"/>
  <testcase name="TestALotOfAdding" classname="LocalCMCTests" time="0.001"/>
  <testcase name="TestALotOfAdding" classname="LocalCMCTests" time="0.001"/>
  <testcase name="TestALotOfAdding" classname="LocalCMCTests" time="0.001"/>
  <testcase name="TestALotOfAdding" classname="LocalCMCTests" time="0.001"/>
  <testcase name="TestALotOfAdding" classname="LocalCMCTests" time="0.0"/>
  <testcase name="TestALotOfAdding" classname="LocalCMCTests" time="0.0"/>
  <testcase name="TestALotOfAdding" classname="LocalCMCTests" time="0.001"/>
  <testcase name="TestALotOfAdding" classname="LocalCMCTests" time="0.0"/>
  <testcase name="TestALotOfAdding" classname="LocalCMCTests" time="0.001"/>
  <testcase name="TestALotOfAdding" classname="LocalCMCTests" time="0.001"/>
  <testcase name="TestALotOfAdding" classname="LocalCMCTests" time="0.001"/>
  <testcase name="TestALotOfAdding" classname="LocalCMCTests" time="0.001"/>
  <testcase name="TestALotOfAdding" classname="LocalCMCTests" time="0.001"/>
  <testcase name="TestALotOfAdding" classname="LocalCMCTests" time="0.001"/>
  <testcase name="TestALotOfAdding" classname="LocalCMCTests" time="0.001"/>
  <testcase name="TestALotOfAdding" classname="LocalCMCTests" time="0.0"/>
  <testcase name="TestALotOfAdding" classname="LocalCMCTests" time="0.0"/>
  <testcase name="TestALotOfAdding" classname="LocalCMCTests" time="0.0"/>
  <testcase name="TestALotOfAdding" classname="LocalCMCTests" time="0.0"/>
  <testcase name="TestALotOfAdding" classname="LocalCMCTests" time="0.0"/>
  <testcase name="TestALotOfAdding" classname="LocalCMCTests" time="0.001"/>
  <testcase name="TestALotOfAdding" classname="LocalCMCTests" time="0.0"/>
  <testcase name="TestALotOfAdding" classname="LocalCMCTests" time="0.001"/>
  <testcase name="TestALotOfAdding" classname="LocalCMCTests" time="0.001"/>
  <testcase name="TestALotOfAdding" classname="LocalCMCTests" time="0.0"/>
  <testcase name="TestALotOfAdding" classname="LocalCMCTests" time="0.001"/>
  <testcase name="TestALotOfAdding" classname="LocalCMCTests" time="0.001"/>
  <testcase name="TestALotOfAdding" classname="LocalCMCTests" time="0.001"/>
  <testcase name="TestALotOfAdding" classname="LocalCMCTests" time="0.001"/>
  <testcase name="TestALotOfAdding" classname="LocalCMCTests" time="0.001"/>
  <testcase name="TestALotOfAdding" classname="LocalCMCTests" time="0.001"/>
  <testcase name="TestALotOfAdding" classname="LocalCMCTests" time="0.001"/>
  <testcase name="TestALotOfAdding" classname="LocalCMCTests" time="0.0"/>
  <testcase name="TestALotOfAdding" classname="LocalCMCTests" time="0.0"/>
  <testcase name="TestALotOfAdding" classname="LocalCMCTests" time="0.0"/>
  <testcase name="TestALotOfAdding" classname="LocalCMCTests" time="0.001"/>
  <testcase name="TestALotOfAdding" classname="LocalCMCTests" time="0.0"/>
  <testcase name="TestALotOfAdding" classname="LocalCMCTests" time="0.001"/>
  <testcase name="TestALotOfAdding" classname="LocalCMCTests" time="0.002"/>
  <testcase name="TestALotOfAdding" classname="LocalCMCTests" time="0.001"/>
  <testcase name="TestALotOfAdding" classname="LocalCMCTests" time="0.001"/>
  <testcase name="TestALotOfAdding" classname="LocalCMCTests" time="0.001"/>
  <testcase name="TestALotOfAdding" classname="LocalCMCTests" time="0.0"/>
  <testcase name="TestALotOfAdding" classname="LocalCMCTests" time="0.001"/>
  <testcase name="TestALotOfAdding" classname="LocalCMCTests" time="0.001"/>
  <testcase name="TestALotOfAdding" classname="LocalCMCTests" time="0.001"/>
  <testcase name="TestALotOfAdding" classname="LocalCMCTests" time="0.0"/>
  <testcase name="TestALotOfAdding" classname="LocalCMCTests" time="0.001"/>
  <testcase name="TestALotOfAdding" classname="LocalCMCTests" time="0.0"/>
  <testcase name="TestALotOfAdding" classname="LocalCMCTests" time="0.001"/>
  <testcase name="TestALotOfAdding" classname="LocalCMCTests" time="0.0"/>
  <testcase name="TestALotOfAdding" classname="LocalCMCTests" time="0.0"/>
  <testcase name="TestALotOfAdding" classname="LocalCMCTests" time="0.0"/>
  <testcase name="TestALotOfAdding" classname="LocalCMCTests" time="0.0"/>
  <testcase name="TestALotOfAdding" classname="LocalCMCTests" time="0.001"/>
  <testcase name="TestALotOfAdding" classname="LocalCMCTests" time="0.002"/>
  <testcase name="TestALotOfAdding" classname="LocalCMCTests" time="0.0"/>
  <testcase name="TestALotOfAdding" classname="LocalCMCTests" time="0.0"/>
  <testcase name="TestALotOfAdding" classname="LocalCMCTests" time="0.001"/>
  <testcase name="TestALotOfAdding" classname="LocalCMCTests" time="0.001"/>
  <testcase name="TestALotOfAdding" classname="LocalCMCTests" time="0.001"/>
  <testcase name="TestALotOfAdding" classname="LocalCMCTests" time="0.001"/>
  <testcase name="TestALotOfAdding" classname="LocalCMCTests" time="0.001"/>
  <testcase name="TestALotOfAdding" classname="LocalCMCTests" time="0.001"/>
  <testcase name="TestALotOfAdding" classname="LocalCMCTests" time="0.001"/>
  <testcase name="TestALotOfAdding" classname="LocalCMCTests" time="0.001"/>
  <testcase name="TestALotOfAdding" classname="LocalCMCTests" time="0.0"/>
  <testcase name="TestALotOfAdding" classname="LocalCMCTests" time="0.0"/>
  <testcase name="TestALotOfAdding" classname="LocalCMCTests" time="0.0"/>
  <testcase name="TestALotOfAdding" classname="LocalCMCTests" time="0.001"/>
  <testcase name="TestALotOfAdding" classname="LocalCMCTests" time="0.001"/>
  <testcase name="TestALotOfAdding" classname="LocalCMCTests" time="0.0"/>
  <testcase name="TestALotOfAdding" classname="LocalCMCTests" time="0.0"/>
  <testcase name="TestALotOfAdding" classname="LocalCMCTests" time="0.001"/>
  <testcase name="TestALotOfAdding" classname="LocalCMCTests" time="0.0"/>
  <testcase name="TestALotOfAdding" classname="LocalCMCTests" time="0.001"/>
  <testcase name="TestALotOfAdding" classname="LocalCMCTests" time="0.001"/>
  <testcase name="TestALotOfAdding" classname="LocalCMCTests" time="0.0"/>
  <testcase name="TestALotOfAdding" classname="LocalCMCTests" time="0.0"/>
  <testcase name="TestALotOfAdding" classname="LocalCMCTests" time="0.001"/>
  <testcase name="TestALotOfAdding" classname="LocalCMCTests" time="0.001"/>
  <testcase name="TestALotOfAdding" classname="LocalCMCTests" time="0.001"/>
  <testcase name="TestALotOfAdding" classname="LocalCMCTests" time="0.0"/>
  <testcase name="TestALotOfAdding" classname="LocalCMCTests" time="0.001"/>
  <testcase name="TestALotOfAdding" classname="LocalCMCTests" time="0.002"/>
  <testcase name="TestALotOfAdding" classname="LocalCMCTests" time="0.001"/>
  <testcase name="TestALotOfAdding" classname="LocalCMCTests" time="0.0"/>
  <testcase name="TestALotOfAdding" classname="LocalCMCTests" time="0.001"/>
  <testcase name="TestALotOfAdding" classname="LocalCMCTests" time="0.001"/>
  <testcase name="TestALotOfAdding" classname="LocalCMCTests" time="0.0"/>
  <testcase name="TestALotOfAdding" classname="LocalCMCTests" time="0.001"/>
  <testcase name="TestALotOfAdding" classname="LocalCMCTests" time="0.0"/>
  <testcase name="TestALotOfAdding" classname="LocalCMCTests" time="0.0"/>
  <testcase name="TestALotOfAdding" classname="LocalCMCTests" time="0.001"/>
  <testcase name="TestALotOfAdding" classname="LocalCMCTests" time="0.001"/>
  <testcase name="TestALotOfAdding" classname="LocalCMCTests" time="0.0"/>
  <testcase name="TestALotOfAdding" classname="LocalCMCTests" time="0.0"/>
  <testcase name="TestALotOfAdding" classname="LocalCMCTests" time="0.0"/>
  <testcase name="TestALotOfAdding" classname="LocalCMCTests" time="0.001"/>
  <testcase name="TestALotOfAdding" classname="LocalCMCTests" time="0.001"/>
  <testcase name="TestALotOfAdding" classname="LocalCMCTests" time="0.001"/>
  <testcase name="TestALotOfAdding" classname="LocalCMCTests" time="0.0"/>
  <testcase name="TestALotOfAdding" classname="LocalCMCTests" time="0.002"/>
  <testcase name="TestALotOfAdding" classname="LocalCMCTests" time="0.002"/>
  <testcase name="TestALotOfAdding" classname="LocalCMCTests" time="0.001"/>
  <testcase name="TestALotOfAdding" classname="LocalCMCTests" time="0.0"/>
  <testcase name="TestALotOfAdding" classname="LocalCMCTests" time="0.0"/>
  <testcase name="TestALotOfAdding" classname="LocalCMCTests" time="0.0"/>
  <testcase name="TestALotOfAdding" classname="LocalCMCTests" time="0.0"/>
  <testcase name="TestALotOfAdding" classname="LocalCMCTests" time="0.001"/>
  <testcase name="TestALotOfAdding" classname="LocalCMCTests" time="0.0"/>
  <testcase name="TestALotOfAdding" classname="LocalCMCTests" time="0.0"/>
  <testcase name="TestALotOfAdding" classname="LocalCMCTests" time="0.002"/>
  <testcase name="TestALotOfAdding" classname="LocalCMCTests" time="0.0"/>
  <testcase name="TestALotOfAdding" classname="LocalCMCTests" time="0.0"/>
  <testcase name="TestALotOfAdding" classname="LocalCMCTests" time="0.001"/>
  <testcase name="TestALotOfAdding" classname="LocalCMCTests" time="0.001"/>
  <testcase name="TestALotOfAdding" classname="LocalCMCTests" time="0.001"/>
  <testcase name="TestALotOfAdding" classname="LocalCMCTests" time="0.0"/>
  <testcase name="TestALotOfAdding" classname="LocalCMCTests" time="0.002"/>
  <testcase name="TestALotOfAdding" classname="LocalCMCTests" time="0.002"/>
  <testcase name="TestALotOfAdding" classname="LocalCMCTests" time="0.0"/>
  <testcase name="TestALotOfAdding" classname="LocalCMCTests" time="0.0"/>
  <testcase name="TestALotOfAdding" classname="LocalCMCTests" time="0.0"/>
  <testcase name="TestALotOfAdding" classname="LocalCMCTests" time="0.001"/>
  <testcase name="TestALotOfAdding" classname="LocalCMCTests" time="0.001"/>
  <testcase name="TestALotOfAdding" classname="LocalCMCTests" time="0.0"/>
  <testcase name="TestALotOfAdding" classname="LocalCMCTests" time="0.0"/>
  <testcase name="TestALotOfAdding" classname="LocalCMCTests" time="0.0"/>
  <testcase name="TestALotOfAdding" classname="LocalCMCTests" time="0.002"/>
  <testcase name="TestALotOfAdding" classname="LocalCMCTests" time="0.001"/>
  <testcase name="TestALotOfAdding" classname="LocalCMCTests" time="0.002"/>
  <testcase name="TestALotOfAdding" classname="LocalCMCTests" time="0.0"/>
  <testcase name="TestALotOfAdding" classname="LocalCMCTests" time="0.0"/>
  <testcase name="TestALotOfAdding" classname="LocalCMCTests" time="0.0"/>
  <testcase name="TestALotOfAdding" classname="LocalCMCTests" time="0.001"/>
  <testcase name="TestALotOfAdding" classname="LocalCMCTests" time="0.001"/>
  <testcase name="TestALotOfAdding" classname="LocalCMCTests" time="0.001"/>
  <testcase name="TestALotOfAdding" classname="LocalCMCTests" time="0.001"/>
  <testcase name="TestALotOfAdding" classname="LocalCMCTests" time="0.001"/>
  <testcase name="TestALotOfAdding" classname="LocalCMCTests" time="0.001"/>
  <testcase name="TestALotOfAdding" classname="LocalCMCTests" time="0.0"/>
  <testcase name="TestALotOfAdding" classname="LocalCMCTests" time="0.0"/>
  <testcase name="TestALotOfAdding" classname="LocalCMCTests" time="0.0"/>
  <testcase name="TestALotOfAdding" classname="LocalCMCTests" time="0.0"/>
  <testcase name="TestALotOfAdding" classname="LocalCMCTests" time="0.001"/>
  <testcase name="TestALotOfAdding" classname="LocalCMCTests" time="0.001"/>
  <testcase name="TestALotOfAdding" classname="LocalCMCTests" time="0.001"/>
  <testcase name="TestALotOfAdding" classname="LocalCMCTests" time="0.001"/>
  <testcase name="TestALotOfAdding" classname="LocalCMCTests" time="0.0"/>
  <testcase name="TestALotOfAdding" classname="LocalCMCTests" time="0.0"/>
  <testcase name="TestALotOfAdding" classname="LocalCMCTests" time="0.001"/>
  <testcase name="TestALotOfAdding" classname="LocalCMCTests" time="0.001"/>
  <testcase name="TestALotOfAdding" classname="LocalCMCTests" time="0.001"/>
  <testcase name="TestALotOfAdding" classname="LocalCMCTests" time="0.001"/>
  <testcase name="TestALotOfAdding" classname="LocalCMCTests" time="0.001"/>
  <testcase name="TestALotOfAdding" classname="LocalCMCTests" time="0.0"/>
  <testcase name="TestALotOfAdding" classname="LocalCMCTests" time="0.0"/>
  <testcase name="TestALotOfAdding" classname="LocalCMCTests" time="0.0"/>
  <testcase name="TestALotOfAdding" classname="LocalCMCTests" time="0.0"/>
  <testcase name="TestALotOfAdding" classname="LocalCMCTests" time="0.0"/>
  <testcase name="TestALotOfAdding" classname="LocalCMCTests" time="0.0"/>
  <testcase name="TestALotOfAdding" classname="LocalCMCTests" time="0.0"/>
  <testcase name="TestALotOfAdding" classname="LocalCMCTests" time="0.001"/>
  <testcase name="TestALotOfAdding" classname="LocalCMCTests" time="0.001"/>
  <testcase name="TestALotOfAdding" classname="LocalCMCTests" time="0.001"/>
  <testcase name="TestALotOfAdding" classname="LocalCMCTests" time="0.001"/>
  <testcase name="TestALotOfAdding" classname="LocalCMCTests" time="0.0"/>
  <testcase name="TestALotOfAdding" classname="LocalCMCTests" time="0.001"/>
  <testcase name="TestALotOfAdding" classname="LocalCMCTests" time="0.001"/>
  <testcase name="TestALotOfAdding" classname="LocalCMCTests" time="0.0"/>
  <testcase name="TestALotOfAdding" classname="LocalCMCTests" time="0.0"/>
  <testcase name="TestALotOfAdding" classname="LocalCMCTests" time="0.0"/>
  <testcase name="TestALotOfAdding" classname="LocalCMCTests" time="0.001"/>
  <testcase name="TestALotOfAdding" classname="LocalCMCTests" time="0.001"/>
  <testcase name="TestALotOfAdding" classname="LocalCMCTests" time="0.001"/>
  <testcase name="TestALotOfAdding" classname="LocalCMCTests" time="0.001"/>
  <testcase name="TestALotOfAdding" classname="LocalCMCTests" time="0.001"/>
  <testcase name="TestALotOfAdding" classname="LocalCMCTests" time="0.0"/>
  <testcase name="TestALotOfAdding" classname="LocalCMCTests" time="0.001"/>
  <testcase name="TestALotOfAdding" classname="LocalCMCTests" time="0.001"/>
  <testcase name="TestALotOfAdding" classname="LocalCMCTests" time="0.001"/>
  <testcase name="TestALotOfAdding" classname="LocalCMCTests" time="0.001"/>
  <testcase name="TestALotOfAdding" classname="LocalCMCTests" time="0.0"/>
  <testcase name="TestALotOfAdding" classname="LocalCMCTests" time="0.0"/>
  <testcase name="TestALotOfAdding" classname="LocalCMCTests" time="0.0"/>
  <testcase name="TestALotOfAdding" classname="LocalCMCTests" time="0.0"/>
  <testcase name="TestALotOfAdding" classname="LocalCMCTests" time="0.001"/>
  <testcase name="TestALotOfAdding" classname="LocalCMCTests" time="0.0"/>
  <testcase name="TestALotOfAdding" classname="LocalCMCTests" time="0.001"/>
  <testcase name="TestALotOfAdding" classname="LocalCMCTests" time="0.001"/>
  <testcase name="TestALotOfAdding" classname="LocalCMCTests" time="0.002"/>
  <testcase name="TestALotOfAdding" classname="LocalCMCTests" time="0.0"/>
  <testcase name="TestALotOfAdding" classname="LocalCMCTests" time="0.001"/>
  <testcase name="TestALotOfAdding" classname="LocalCMCTests" time="0.001"/>
  <testcase name="TestALotOfAdding" classname="LocalCMCTests" time="0.001"/>
  <testcase name="TestALotOfAdding" classname="LocalCMCTests" time="0.001"/>
  <testcase name="TestALotOfAdding" classname="LocalCMCTests" time="0.0"/>
  <testcase name="TestALotOfAdding" classname="LocalCMCTests" time="0.002"/>
  <testcase name="TestALotOfAdding" classname="LocalCMCTests" time="0.001"/>
  <testcase name="TestALotOfAdding" classname="LocalCMCTests" time="0.0"/>
  <testcase name="TestALotOfAdding" classname="LocalCMCTests" time="0.001"/>
  <testcase name="TestALotOfAdding" classname="LocalCMCTests" time="0.0"/>
  <testcase name="TestALotOfAdding" classname="LocalCMCTests" time="0.0"/>
  <testcase name="TestALotOfAdding" classname="LocalCMCTests" time="0.0"/>
  <testcase name="TestALotOfAdding" classname="LocalCMCTests" time="0.001"/>
  <testcase name="TestALotOfAdding" classname="LocalCMCTests" time="0.001"/>
  <testcase name="TestALotOfAdding" classname="LocalCMCTests" time="0.001"/>
  <testcase name="TestALotOfAdding" classname="LocalCMCTests" time="0.0"/>
  <testcase name="TestALotOfAdding" classname="LocalCMCTests" time="0.001"/>
  <testcase name="TestALotOfAdding" classname="LocalCMCTests" time="0.001"/>
  <testcase name="TestALotOfAdding" classname="LocalCMCTests" time="0.001"/>
  <testcase name="TestALotOfAdding" classname="LocalCMCTests" time="0.001"/>
  <testcase name="TestALotOfAdding" classname="LocalCMCTests" time="0.001"/>
  <testcase name="TestALotOfAdding" classname="LocalCMCTests" time="0.001"/>
  <testcase name="TestALotOfAdding" classname="LocalCMCTests" time="0.0"/>
  <testcase name="TestALotOfAdding" classname="LocalCMCTests" time="0.0"/>
  <testcase name="TestALotOfAdding" classname="LocalCMCTests" time="0.0"/>
  <testcase name="TestALotOfAdding" classname="LocalCMCTests" time="0.0"/>
  <testcase name="TestALotOfAdding" classname="LocalCMCTests" time="0.0"/>
  <testcase name="TestALotOfAdding" classname="LocalCMCTests" time="0.0"/>
  <testcase name="TestALotOfAdding" classname="LocalCMCTests" time="0.0"/>
  <testcase name="TestALotOfAdding" classname="LocalCMCTests" time="0.002"/>
  <testcase name="TestALotOfAdding" classname="LocalCMCTests" time="0.001"/>
  <testcase name="TestALotOfAdding" classname="LocalCMCTests" time="0.001"/>
  <testcase name="TestALotOfAdding" classname="LocalCMCTests" time="0.001"/>
  <testcase name="TestALotOfAdding" classname="LocalCMCTests" time="0.001"/>
  <testcase name="TestALotOfAdding" classname="LocalCMCTests" time="0.001"/>
  <testcase name="TestALotOfAdding" classname="LocalCMCTests" time="0.001"/>
  <testcase name="TestALotOfAdding" classname="LocalCMCTests" time="0.0"/>
  <testcase name="TestALotOfAdding" classname="LocalCMCTests" time="0.001"/>
  <testcase name="TestALotOfAdding" classname="LocalCMCTests" time="0.0"/>
  <testcase name="TestALotOfAdding" classname="LocalCMCTests" time="0.0"/>
  <testcase name="TestALotOfAdding" classname="LocalCMCTests" time="0.0"/>
  <testcase name="TestALotOfAdding" classname="LocalCMCTests" time="0.0"/>
  <testcase name="TestALotOfAdding" classname="LocalCMCTests" time="0.0"/>
  <testcase name="TestALotOfAdding" classname="LocalCMCTests" time="0.001"/>
  <testcase name="TestALotOfAdding" classname="LocalCMCTests" time="0.001"/>
  <testcase name="TestALotOfAdding" classname="LocalCMCTests" time="0.001"/>
  <testcase name="TestALotOfAdding" classname="LocalCMCTests" time="0.002"/>
  <testcase name="TestALotOfAdding" classname="LocalCMCTests" time="0.0"/>
  <testcase name="TestALotOfAdding" classname="LocalCMCTests" time="0.002"/>
  <testcase name="TestALotOfAdding" classname="LocalCMCTests" time="0.001"/>
  <testcase name="TestALotOfAdding" classname="LocalCMCTests" time="0.0"/>
  <testcase name="TestALotOfAdding" classname="LocalCMCTests" time="0.0"/>
  <testcase name="TestALotOfAdding" classname="LocalCMCTests" time="0.0"/>
  <testcase name="TestALotOfAdding" classname="LocalCMCTests" time="0.0"/>
  <testcase name="TestALotOfAdding" classname="LocalCMCTests" time="0.0"/>
  <testcase name="TestALotOfAdding" classname="LocalCMCTests" time="0.0"/>
  <testcase name="TestALotOfAdding" classname="LocalCMCTests" time="0.001"/>
  <testcase name="TestALotOfAdding" classname="LocalCMCTests" time="0.0"/>
  <testcase name="TestALotOfAdding" classname="LocalCMCTests" time="0.002"/>
  <testcase name="TestALotOfAdding" classname="LocalCMCTests" time="0.002"/>
  <testcase name="TestALotOfAdding" classname="LocalCMCTests" time="0.0"/>
  <testcase name="TestALotOfAdding" classname="LocalCMCTests" time="0.001"/>
  <testcase name="TestALotOfAdding" classname="LocalCMCTests" time="0.0"/>
  <testcase name="TestALotOfAdding" classname="LocalCMCTests" time="0.001"/>
  <testcase name="TestALotOfAdding" classname="LocalCMCTests" time="0.001"/>
  <testcase name="TestALotOfAdding" classname="LocalCMCTests" time="0.001"/>
  <testcase name="TestALotOfAdding" classname="LocalCMCTests" time="0.002"/>
  <testcase name="TestALotOfAdding" classname="LocalCMCTests" time="0.001"/>
  <testcase name="TestALotOfAdding" classname="LocalCMCTests" time="0.0"/>
  <testcase name="TestALotOfAdding" classname="LocalCMCTests" time="0.0"/>
  <testcase name="TestALotOfAdding" classname="LocalCMCTests" time="0.0"/>
  <testcase name="TestALotOfAdding" classname="LocalCMCTests" time="0.001"/>
  <testcase name="TestALotOfAdding" classname="LocalCMCTests" time="0.001"/>
  <testcase name="TestALotOfAdding" classname="LocalCMCTests" time="0.0"/>
  <testcase name="TestALotOfAdding" classname="LocalCMCTests" time="0.001"/>
  <testcase name="TestALotOfAdding" classname="LocalCMCTests" time="0.001"/>
  <testcase name="TestALotOfAdding" classname="LocalCMCTests" time="0.001"/>
  <testcase name="TestALotOfAdding" classname="LocalCMCTests" time="0.001"/>
  <testcase name="TestALotOfAdding" classname="LocalCMCTests" time="0.0"/>
  <testcase name="TestALotOfAdding" classname="LocalCMCTests" time="0.0"/>
  <testcase name="TestALotOfAdding" classname="LocalCMCTests" time="0.001"/>
  <testcase name="TestALotOfAdding" classname="LocalCMCTests" time="0.001"/>
  <testcase name="TestALotOfAdding" classname="LocalCMCTests" time="0.0"/>
  <testcase name="TestALotOfAdding" classname="LocalCMCTests" time="0.001"/>
  <testcase name="TestALotOfAdding" classname="LocalCMCTests" time="0.001"/>
  <testcase name="TestALotOfAdding" classname="LocalCMCTests" time="0.001"/>
  <testcase name="TestALotOfAdding" classname="LocalCMCTests" time="0.0"/>
  <testcase name="TestALotOfAdding" classname="LocalCMCTests" time="0.0"/>
  <testcase name="TestALotOfAdding" classname="LocalCMCTests" time="0.0"/>
  <testcase name="TestALotOfAdding" classname="LocalCMCTests" time="0.0"/>
  <testcase name="TestALotOfAdding" classname="LocalCMCTests" time="0.002"/>
  <testcase name="TestALotOfAdding" classname="LocalCMCTests" time="0.001"/>
  <testcase name="TestALotOfAdding" classname="LocalCMCTests" time="0.001"/>
  <testcase name="TestALotOfAdding" classname="LocalCMCTests" time="0.001"/>
  <testcase name="TestALotOfAdding" classname="LocalCMCTests" time="0.001"/>
  <testcase name="TestALotOfAdding" classname="LocalCMCTests" time="0.0"/>
  <testcase name="TestALotOfAdding" classname="LocalCMCTests" time="0.001"/>
  <testcase name="TestALotOfAdding" classname="LocalCMCTests" time="0.0"/>
  <testcase name="TestALotOfAdding" classname="LocalCMCTests" time="0.0"/>
  <testcase name="TestALotOfAdding" classname="LocalCMCTests" time="0.0"/>
  <testcase name="TestALotOfAdding" classname="LocalCMCTests" time="0.0"/>
  <testcase name="TestALotOfAdding" classname="LocalCMCTests" time="0.0"/>
  <testcase name="TestALotOfAdding" classname="LocalCMCTests" time="0.0"/>
  <testcase name="TestALotOfAdding" classname="LocalCMCTests" time="0.001"/>
  <testcase name="TestALotOfAdding" classname="LocalCMCTests" time="0.001"/>
  <testcase name="TestALotOfAdding" classname="LocalCMCTests" time="0.002"/>
  <testcase name="TestALotOfAdding" classname="LocalCMCTests" time="0.001"/>
  <testcase name="TestALotOfAdding" classname="LocalCMCTests" time="0.001"/>
  <testcase name="TestALotOfAdding" classname="LocalCMCTests" time="0.0"/>
  <testcase name="TestALotOfAdding" classname="LocalCMCTests" time="0.001"/>
  <testcase name="TestALotOfAdding" classname="LocalCMCTests" time="0.0"/>
  <testcase name="TestALotOfAdding" classname="LocalCMCTests" time="0.001"/>
  <testcase name="TestALotOfAdding" classname="LocalCMCTests" time="0.002"/>
  <testcase name="TestALotOfAdding" classname="LocalCMCTests" time="0.001"/>
  <testcase name="TestALotOfAdding" classname="LocalCMCTests" time="0.0"/>
  <testcase name="TestALotOfAdding" classname="LocalCMCTests" time="0.0"/>
  <testcase name="TestALotOfAdding" classname="LocalCMCTests" time="0.001"/>
  <testcase name="TestALotOfAdding" classname="LocalCMCTests" time="0.001"/>
  <testcase name="TestALotOfAdding" classname="LocalCMCTests" time="0.0"/>
  <testcase name="TestALotOfAdding" classname="LocalCMCTests" time="0.0"/>
  <testcase name="TestALotOfAdding" classname="LocalCMCTests" time="0.001"/>
  <testcase name="TestALotOfAdding" classname="LocalCMCTests" time="0.001"/>
  <testcase name="TestALotOfAdding" classname="LocalCMCTests" time="0.001"/>
  <testcase name="TestALotOfAdding" classname="LocalCMCTests" time="0.001"/>
  <testcase name="TestALotOfAdding" classname="LocalCMCTests" time="0.001"/>
  <testcase name="TestALotOfAdding" classname="LocalCMCTests" time="0.001"/>
  <testcase name="TestALotOfAdding" classname="LocalCMCTests" time="0.002"/>
  <testcase name="TestALotOfAdding" classname="LocalCMCTests" time="0.0"/>
  <testcase name="TestALotOfAdding" classname="LocalCMCTests" time="0.0"/>
  <testcase name="TestALotOfAdding" classname="LocalCMCTests" time="0.0"/>
  <testcase name="TestALotOfAdding" classname="LocalCMCTests" time="0.001"/>
  <testcase name="TestALotOfAdding" classname="LocalCMCTests" time="0.0"/>
  <testcase name="TestALotOfAdding" classname="LocalCMCTests" time="0.0"/>
  <testcase name="TestALotOfAdding" classname="LocalCMCTests" time="0.001"/>
  <testcase name="TestALotOfAdding" classname="LocalCMCTests" time="0.0"/>
  <testcase name="TestALotOfAdding" classname="LocalCMCTests" time="0.0"/>
  <testcase name="TestALotOfAdding" classname="LocalCMCTests" time="0.001"/>
  <testcase name="TestALotOfAdding" classname="LocalCMCTests" time="0.001"/>
  <testcase name="TestALotOfAdding" classname="LocalCMCTests" time="0.001"/>
  <testcase name="TestALotOfAdding" classname="LocalCMCTests" time="0.001"/>
  <testcase name="TestALotOfAdding" classname="LocalCMCTests" time="0.001"/>
  <testcase name="TestALotOfAdding" classname="LocalCMCTests" time="0.001"/>
  <testcase name="TestALotOfAdding" classname="LocalCMCTests" time="0.0"/>
  <testcase name="TestALotOfAdding" classname="LocalCMCTests" time="0.0"/>
  <testcase name="TestALotOfAdding" classname="LocalCMCTests" time="0.001"/>
  <testcase name="TestALotOfAdding" classname="LocalCMCTests" time="0.0"/>
  <testcase name="TestALotOfAdding" classname="LocalCMCTests" time="0.0"/>
  <testcase name="TestALotOfAdding" classname="LocalCMCTests" time="0.002"/>
  <testcase name="TestALotOfAdding" classname="LocalCMCTests" time="0.001"/>
  <testcase name="TestALotOfAdding" classname="LocalCMCTests" time="0.001"/>
  <testcase name="TestALotOfAdding" classname="LocalCMCTests" time="0.001"/>
  <testcase name="TestALotOfAdding" classname="LocalCMCTests" time="0.001"/>
  <testcase name="TestALotOfAdding" classname="LocalCMCTests" time="0.001"/>
  <testcase name="TestALotOfAdding" classname="LocalCMCTests" time="0.001"/>
  <testcase name="TestALotOfAdding" classname="LocalCMCTests" time="0.001"/>
  <testcase name="TestALotOfAdding" classname="LocalCMCTests" time="0.0"/>
  <testcase name="TestALotOfAdding" classname="LocalCMCTests" time="0.001"/>
  <testcase name="TestALotOfAdding" classname="LocalCMCTests" time="0.0"/>
  <testcase name="TestALotOfAdding" classname="LocalCMCTests" time="0.0"/>
  <testcase name="TestALotOfAdding" classname="LocalCMCTests" time="0.002"/>
  <testcase name="TestALotOfAdding" classname="LocalCMCTests" time="0.0"/>
  <testcase name="TestALotOfAdding" classname="LocalCMCTests" time="0.0"/>
  <testcase name="TestALotOfAdding" classname="LocalCMCTests" time="0.0"/>
  <testcase name="TestALotOfAdding" classname="LocalCMCTests" time="0.001"/>
  <testcase name="TestALotOfAdding" classname="LocalCMCTests" time="0.001"/>
  <testcase name="TestALotOfAdding" classname="LocalCMCTests" time="0.001"/>
  <testcase name="TestALotOfAdding" classname="LocalCMCTests" time="0.001"/>
  <testcase name="TestALotOfAdding" classname="LocalCMCTests" time="0.001"/>
  <testcase name="TestALotOfAdding" classname="LocalCMCTests" time="0.001"/>
  <testcase name="TestALotOfAdding" classname="LocalCMCTests" time="0.001"/>
  <testcase name="TestALotOfAdding" classname="LocalCMCTests" time="0.0"/>
  <testcase name="TestALotOfAdding" classname="LocalCMCTests" time="0.0"/>
  <testcase name="TestALotOfAdding" classname="LocalCMCTests" time="0.002"/>
  <testcase name="TestALotOfAdding" classname="LocalCMCTests" time="0.0"/>
  <testcase name="TestALotOfAdding" classname="LocalCMCTests" time="0.0"/>
  <testcase name="TestALotOfAdding" classname="LocalCMCTests" time="0.0"/>
  <testcase name="TestALotOfAdding" classname="LocalCMCTests" time="0.0"/>
  <testcase name="TestALotOfAdding" classname="LocalCMCTests" time="0.0"/>
  <testcase name="TestALotOfAdding" classname="LocalCMCTests" time="0.001"/>
  <testcase name="TestALotOfAdding" classname="LocalCMCTests" time="0.001"/>
  <testcase name="TestALotOfAdding" classname="LocalCMCTests" time="0.001"/>
  <testcase name="TestALotOfAdding" classname="LocalCMCTests" time="0.0"/>
  <testcase name="TestALotOfAdding" classname="LocalCMCTests" time="0.0"/>
  <testcase name="TestALotOfAdding" classname="LocalCMCTests" time="0.0"/>
  <testcase name="TestALotOfAdding" classname="LocalCMCTests" time="0.001"/>
  <testcase name="TestALotOfAdding" classname="LocalCMCTests" time="0.001"/>
  <testcase name="TestALotOfAdding" classname="LocalCMCTests" time="0.001"/>
  <testcase name="TestALotOfAdding" classname="LocalCMCTests" time="0.0"/>
  <testcase name="TestALotOfAdding" classname="LocalCMCTests" time="0.0"/>
  <testcase name="TestALotOfAdding" classname="LocalCMCTests" time="0.001"/>
  <testcase name="TestALotOfAdding" classname="LocalCMCTests" time="0.001"/>
  <testcase name="TestALotOfAdding" classname="LocalCMCTests" time="0.0"/>
  <testcase name="TestALotOfAdding" classname="LocalCMCTests" time="0.0"/>
  <testcase name="TestALotOfAdding" classname="LocalCMCTests" time="0.0"/>
  <testcase name="TestALotOfAdding" classname="LocalCMCTests" time="0.001"/>
  <testcase name="TestALotOfAdding" classname="LocalCMCTests" time="0.0"/>
  <testcase name="TestALotOfAdding" classname="LocalCMCTests" time="0.0"/>
  <testcase name="TestALotOfAdding" classname="LocalCMCTests" time="0.001"/>
  <testcase name="TestALotOfAdding" classname="LocalCMCTests" time="0.001"/>
  <testcase name="TestALotOfAdding" classname="LocalCMCTests" time="0.001"/>
  <testcase name="TestALotOfAdding" classname="LocalCMCTests" time="0.001"/>
  <testcase name="TestALotOfAdding" classname="LocalCMCTests" time="0.0"/>
  <testcase name="TestALotOfAdding" classname="LocalCMCTests" time="0.0"/>
  <testcase name="TestALotOfAdding" classname="LocalCMCTests" time="0.001"/>
  <testcase name="TestALotOfAdding" classname="LocalCMCTests" time="0.001"/>
  <testcase name="TestALotOfAdding" classname="LocalCMCTests" time="0.0"/>
  <testcase name="TestALotOfAdding" classname="LocalCMCTests" time="0.0"/>
  <testcase name="TestALotOfAdding" classname="LocalCMCTests" time="0.002"/>
  <testcase name="TestALotOfAdding" classname="LocalCMCTests" time="0.0"/>
  <testcase name="TestALotOfAdding" classname="LocalCMCTests" time="0.001"/>
  <testcase name="TestALotOfAdding" classname="LocalCMCTests" time="0.0"/>
  <testcase name="TestALotOfAdding" classname="LocalCMCTests" time="0.0"/>
  <testcase name="TestALotOfAdding" classname="LocalCMCTests" time="0.0"/>
  <testcase name="TestALotOfAdding" classname="LocalCMCTests" time="0.001"/>
  <testcase name="TestALotOfAdding" classname="LocalCMCTests" time="0.002"/>
  <testcase name="TestALotOfAdding" classname="LocalCMCTests" time="0.0"/>
  <testcase name="TestALotOfAdding" classname="LocalCMCTests" time="0.001"/>
  <testcase name="TestALotOfAdding" classname="LocalCMCTests" time="0.001"/>
  <testcase name="TestALotOfAdding" classname="LocalCMCTests" time="0.001"/>
  <testcase name="TestALotOfAdding" classname="LocalCMCTests" time="0.001"/>
  <testcase name="TestALotOfAdding" classname="LocalCMCTests" time="0.002"/>
  <testcase name="TestALotOfAdding" classname="LocalCMCTests" time="0.001"/>
  <testcase name="TestALotOfAdding" classname="LocalCMCTests" time="0.001"/>
  <testcase name="TestALotOfAdding" classname="LocalCMCTests" time="0.0"/>
  <testcase name="TestALotOfAdding" classname="LocalCMCTests" time="0.0"/>
  <testcase name="TestALotOfAdding" classname="LocalCMCTests" time="0.0"/>
  <testcase name="TestALotOfAdding" classname="LocalCMCTests" time="0.0"/>
  <testcase name="TestALotOfAdding" classname="LocalCMCTests" time="0.0"/>
  <testcase name="TestALotOfAdding" classname="LocalCMCTests" time="0.0"/>
  <testcase name="TestALotOfAdding" classname="LocalCMCTests" time="0.001"/>
  <testcase name="TestALotOfAdding" classname="LocalCMCTests" time="0.002"/>
  <testcase name="TestALotOfAdding" classname="LocalCMCTests" time="0.0"/>
  <testcase name="TestALotOfAdding" classname="LocalCMCTests" time="0.0"/>
  <testcase name="TestALotOfAdding" classname="LocalCMCTests" time="0.0"/>
  <testcase name="TestALotOfAdding" classname="LocalCMCTests" time="0.001"/>
  <testcase name="TestALotOfAdding" classname="LocalCMCTests" time="0.001"/>
  <testcase name="TestALotOfAdding" classname="LocalCMCTests" time="0.001"/>
  <testcase name="TestALotOfAdding" classname="LocalCMCTests" time="0.001"/>
  <testcase name="TestALotOfAdding" classname="LocalCMCTests" time="0.0"/>
  <testcase name="TestALotOfAdding" classname="LocalCMCTests" time="0.001"/>
  <testcase name="TestALotOfAdding" classname="LocalCMCTests" time="0.0"/>
  <testcase name="TestALotOfAdding" classname="LocalCMCTests" time="0.0"/>
  <testcase name="TestALotOfAdding" classname="LocalCMCTests" time="0.0"/>
  <testcase name="TestALotOfAdding" classname="LocalCMCTests" time="0.0"/>
  <testcase name="TestALotOfAdding" classname="LocalCMCTests" time="0.002"/>
  <testcase name="TestALotOfAdding" classname="LocalCMCTests" time="0.0"/>
  <testcase name="TestALotOfAdding" classname="LocalCMCTests" time="0.001"/>
  <testcase name="TestALotOfAdding" classname="LocalCMCTests" time="0.001"/>
  <testcase name="TestALotOfAdding" classname="LocalCMCTests" time="0.001"/>
  <testcase name="TestALotOfAdding" classname="LocalCMCTests" time="0.001"/>
  <testcase name="TestALotOfAdding" classname="LocalCMCTests" time="0.0"/>
  <testcase name="TestALotOfAdding" classname="LocalCMCTests" time="0.0"/>
  <testcase name="TestALotOfAdding" classname="LocalCMCTests" time="0.0"/>
  <testcase name="TestALotOfAdding" classname="LocalCMCTests" time="0.0"/>
  <testcase name="TestALotOfAdding" classname="LocalCMCTests" time="0.0"/>
  <testcase name="TestALotOfAdding" classname="LocalCMCTests" time="0.001"/>
  <testcase name="TestALotOfAdding" classname="LocalCMCTests" time="0.0"/>
  <testcase name="TestALotOfAdding" classname="LocalCMCTests" time="0.002"/>
  <testcase name="TestALotOfAdding" classname="LocalCMCTests" time="0.002"/>
  <testcase name="TestALotOfAdding" classname="LocalCMCTests" time="0.0"/>
  <testcase name="TestALotOfAdding" classname="LocalCMCTests" time="0.001"/>
  <testcase name="TestALotOfAdding" classname="LocalCMCTests" time="0.001"/>
  <testcase name="TestALotOfAdding" classname="LocalCMCTests" time="0.001"/>
  <testcase name="TestALotOfAdding" classname="LocalCMCTests" time="0.001"/>
  <testcase name="TestALotOfAdding" classname="LocalCMCTests" time="0.001"/>
  <testcase name="TestALotOfAdding" classname="LocalCMCTests" time="0.002"/>
  <testcase name="TestALotOfAdding" classname="LocalCMCTests" time="0.0"/>
  <testcase name="TestALotOfAdding" classname="LocalCMCTests" time="0.001"/>
  <testcase name="TestALotOfAdding" classname="LocalCMCTests" time="0.0"/>
  <testcase name="TestALotOfAdding" classname="LocalCMCTests" time="0.0"/>
  <testcase name="TestALotOfAdding" classname="LocalCMCTests" time="0.0"/>
  <testcase name="TestALotOfAdding" classname="LocalCMCTests" time="0.001"/>
  <testcase name="TestALotOfAdding" classname="LocalCMCTests" time="0.002"/>
  <testcase name="TestALotOfAdding" classname="LocalCMCTests" time="0.0"/>
  <testcase name="TestALotOfAdding" classname="LocalCMCTests" time="0.001"/>
  <testcase name="TestALotOfAdding" classname="LocalCMCTests" time="0.001"/>
  <testcase name="TestALotOfAdding" classname="LocalCMCTests" time="0.0"/>
  <testcase name="TestALotOfAdding" classname="LocalCMCTests" time="0.0"/>
  <testcase name="TestALotOfAdding" classname="LocalCMCTests" time="0.001"/>
  <testcase name="TestALotOfAdding" classname="LocalCMCTests" time="0.001"/>
  <testcase name="TestALotOfAdding" classname="LocalCMCTests" time="0.001"/>
  <testcase name="TestALotOfAdding" classname="LocalCMCTests" time="0.0"/>
  <testcase name="TestALotOfAdding" classname="LocalCMCTests" time="0.0"/>
  <testcase name="TestALotOfAdding" classname="LocalCMCTests" time="0.001"/>
  <testcase name="TestALotOfAdding" classname="LocalCMCTests" time="0.0"/>
  <testcase name="TestALotOfAdding" classname="LocalCMCTests" time="0.001"/>
  <testcase name="TestALotOfAdding" classname="LocalCMCTests" time="0.0"/>
  <testcase name="TestALotOfAdding" classname="LocalCMCTests" time="0.0"/>
  <testcase name="TestALotOfAdding" classname="LocalCMCTests" time="0.0"/>
  <testcase name="TestALotOfAdding" classname="LocalCMCTests" time="0.001"/>
  <testcase name="TestALotOfAdding" classname="LocalCMCTests" time="0.001"/>
  <testcase name="TestALotOfAdding" classname="LocalCMCTests" time="0.001"/>
  <testcase name="TestALotOfAdding" classname="LocalCMCTests" time="0.001"/>
  <testcase name="TestALotOfAdding" classname="LocalCMCTests" time="0.0"/>
  <testcase name="TestALotOfAdding" classname="LocalCMCTests" time="0.0"/>
  <testcase name="TestALotOfAdding" classname="LocalCMCTests" time="0.001"/>
  <testcase name="TestALotOfAdding" classname="LocalCMCTests" time="0.0"/>
  <testcase name="TestALotOfAdding" classname="LocalCMCTests" time="0.001"/>
  <testcase name="TestALotOfAdding" classname="LocalCMCTests" time="0.001"/>
  <testcase name="TestALotOfAdding" classname="LocalCMCTests" time="0.001"/>
  <testcase name="TestALotOfAdding" classname="LocalCMCTests" time="0.002"/>
  <testcase name="TestALotOfAdding" classname="LocalCMCTests" time="0.0"/>
  <testcase name="TestALotOfAdding" classname="LocalCMCTests" time="0.0"/>
  <testcase name="TestALotOfAdding" classname="LocalCMCTests" time="0.0"/>
  <testcase name="TestALotOfAdding" classname="LocalCMCTests" time="0.0"/>
  <testcase name="TestALotOfAdding" classname="LocalCMCTests" time="0.0"/>
  <testcase name="TestALotOfAdding" classname="LocalCMCTests" time="0.001"/>
  <testcase name="TestALotOfAdding" classname="LocalCMCTests" time="0.002"/>
  <testcase name="TestALotOfAdding" classname="LocalCMCTests" time="0.001"/>
  <testcase name="TestALotOfAdding" classname="LocalCMCTests" time="0.001"/>
  <testcase name="TestALotOfAdding" classname="LocalCMCTests" time="0.0"/>
  <testcase name="TestALotOfAdding" classname="LocalCMCTests" time="0.0"/>
  <testcase name="TestALotOfAdding" classname="LocalCMCTests" time="0.0"/>
  <testcase name="TestALotOfAdding" classname="LocalCMCTests" time="0.0"/>
  <testcase name="TestALotOfAdding" classname="LocalCMCTests" time="0.001"/>
  <testcase name="TestALotOfAdding" classname="LocalCMCTests" time="0.001"/>
  <testcase name="TestALotOfAdding" classname="LocalCMCTests" time="0.001"/>
  <testcase name="TestALotOfAdding" classname="LocalCMCTests" time="0.0"/>
  <testcase name="TestALotOfAdding" classname="LocalCMCTests" time="0.001"/>
  <testcase name="TestALotOfAdding" classname="LocalCMCTests" time="0.0"/>
  <testcase name="TestALotOfAdding" classname="LocalCMCTests" time="0.0"/>
  <testcase name="TestALotOfAdding" classname="LocalCMCTests" time="0.001"/>
  <testcase name="TestALotOfAdding" classname="LocalCMCTests" time="0.0"/>
  <testcase name="TestALotOfAdding" classname="LocalCMCTests" time="0.001"/>
  <testcase name="TestALotOfAdding" classname="LocalCMCTests" time="0.001"/>
  <testcase name="TestALotOfAdding" classname="LocalCMCTests" time="0.0"/>
  <testcase name="TestALotOfAdding" classname="LocalCMCTests" time="0.001"/>
  <testcase name="TestALotOfAdding" classname="LocalCMCTests" time="0.001"/>
  <testcase name="TestALotOfAdding" classname="LocalCMCTests" time="0.002"/>
  <testcase name="TestALotOfAdding" classname="LocalCMCTests" time="0.001"/>
  <testcase name="TestALotOfAdding" classname="LocalCMCTests" time="0.0"/>
  <testcase name="TestALotOfAdding" classname="LocalCMCTests" time="0.001"/>
  <testcase name="TestALotOfAdding" classname="LocalCMCTests" time="0.0"/>
  <testcase name="TestALotOfAdding" classname="LocalCMCTests" time="0.0"/>
  <testcase name="TestALotOfAdding" classname="LocalCMCTests" time="0.0"/>
  <testcase name="TestALotOfAdding" classname="LocalCMCTests" time="0.0"/>
  <testcase name="TestALotOfAdding" classname="LocalCMCTests" time="0.0"/>
  <testcase name="TestALotOfAdding" classname="LocalCMCTests" time="0.001"/>
  <testcase name="TestALotOfAdding" classname="LocalCMCTests" time="0.0"/>
  <testcase name="TestALotOfAdding" classname="LocalCMCTests" time="0.001"/>
  <testcase name="TestALotOfAdding" classname="LocalCMCTests" time="0.0"/>
  <testcase name="TestALotOfAdding" classname="LocalCMCTests" time="0.001"/>
  <testcase name="TestALotOfAdding" classname="LocalCMCTests" time="0.001"/>
  <testcase name="TestALotOfAdding" classname="LocalCMCTests" time="0.001"/>
  <testcase name="TestALotOfAdding" classname="LocalCMCTests" time="0.0"/>
  <testcase name="TestALotOfAdding" classname="LocalCMCTests" time="0.0"/>
  <testcase name="TestALotOfAdding" classname="LocalCMCTests" time="0.001"/>
  <testcase name="TestALotOfAdding" classname="LocalCMCTests" time="0.002"/>
  <testcase name="TestALotOfAdding" classname="LocalCMCTests" time="0.001"/>
  <testcase name="TestALotOfAdding" classname="LocalCMCTests" time="0.002"/>
  <testcase name="TestALotOfAdding" classname="LocalCMCTests" time="0.0"/>
  <testcase name="TestALotOfAdding" classname="LocalCMCTests" time="0.0"/>
  <testcase name="TestALotOfAdding" classname="LocalCMCTests" time="0.0"/>
  <testcase name="TestALotOfAdding" classname="LocalCMCTests" time="0.0"/>
  <testcase name="TestALotOfAdding" classname="LocalCMCTests" time="0.001"/>
  <testcase name="TestALotOfAdding" classname="LocalCMCTests" time="0.0"/>
  <testcase name="TestALotOfAdding" classname="LocalCMCTests" time="0.0"/>
  <testcase name="TestALotOfAdding" classname="LocalCMCTests" time="0.001"/>
  <testcase name="TestALotOfAdding" classname="LocalCMCTests" time="0.001"/>
  <testcase name="TestALotOfAdding" classname="LocalCMCTests" time="0.001"/>
  <testcase name="TestALotOfAdding" classname="LocalCMCTests" time="0.0"/>
  <testcase name="TestALotOfAdding" classname="LocalCMCTests" time="0.001"/>
  <testcase name="TestALotOfAdding" classname="LocalCMCTests" time="0.002"/>
  <testcase name="TestALotOfAdding" classname="LocalCMCTests" time="0.001"/>
  <testcase name="TestALotOfAdding" classname="LocalCMCTests" time="0.001"/>
  <testcase name="TestALotOfAdding" classname="LocalCMCTests" time="0.0"/>
  <testcase name="TestALotOfAdding" classname="LocalCMCTests" time="0.001"/>
  <testcase name="TestALotOfAdding" classname="LocalCMCTests" time="0.001"/>
  <testcase name="TestALotOfAdding" classname="LocalCMCTests" time="0.0"/>
  <testcase name="TestALotOfAdding" classname="LocalCMCTests" time="0.0"/>
  <testcase name="TestALotOfAdding" classname="LocalCMCTests" time="0.001"/>
  <testcase name="TestALotOfAdding" classname="LocalCMCTests" time="0.001"/>
  <testcase name="TestALotOfAdding" classname="LocalCMCTests" time="0.001"/>
  <testcase name="TestALotOfAdding" classname="LocalCMCTests" time="0.0"/>
  <testcase name="TestALotOfAdding" classname="LocalCMCTests" time="0.001"/>
  <testcase name="TestALotOfAdding" classname="LocalCMCTests" time="0.001"/>
  <testcase name="TestALotOfAdding" classname="LocalCMCTests" time="0.0"/>
  <testcase name="TestALotOfAdding" classname="LocalCMCTests" time="0.001"/>
  <testcase name="TestALotOfAdding" classname="LocalCMCTests" time="0.0"/>
  <testcase name="TestALotOfAdding" classname="LocalCMCTests" time="0.001"/>
  <testcase name="TestALotOfAdding" classname="LocalCMCTests" time="0.001"/>
  <testcase name="TestALotOfAdding" classname="LocalCMCTests" time="0.0"/>
  <testcase name="TestALotOfAdding" classname="LocalCMCTests" time="0.001"/>
  <testcase name="TestALotOfAdding" classname="LocalCMCTests" time="0.001"/>
  <testcase name="TestALotOfAdding" classname="LocalCMCTests" time="0.001"/>
  <testcase name="TestALotOfAdding" classname="LocalCMCTests" time="0.001"/>
  <testcase name="TestALotOfAdding" classname="LocalCMCTests" time="0.001"/>
  <testcase name="TestALotOfAdding" classname="LocalCMCTests" time="0.0"/>
  <testcase name="TestALotOfAdding" classname="LocalCMCTests" time="0.002"/>
  <testcase name="TestALotOfAdding" classname="LocalCMCTests" time="0.0"/>
  <testcase name="TestALotOfAdding" classname="LocalCMCTests" time="0.0"/>
  <testcase name="TestALotOfAdding" classname="LocalCMCTests" time="0.001"/>
  <testcase name="TestALotOfAdding" classname="LocalCMCTests" time="0.0"/>
  <testcase name="TestALotOfAdding" classname="LocalCMCTests" time="0.001"/>
  <testcase name="TestALotOfAdding" classname="LocalCMCTests" time="0.0"/>
  <testcase name="TestALotOfAdding" classname="LocalCMCTests" time="0.0"/>
  <testcase name="TestALotOfAdding" classname="LocalCMCTests" time="0.0"/>
  <testcase name="TestALotOfAdding" classname="LocalCMCTests" time="0.001"/>
  <testcase name="TestALotOfAdding" classname="LocalCMCTests" time="0.001"/>
  <testcase name="TestALotOfAdding" classname="LocalCMCTests" time="0.001"/>
  <testcase name="TestALotOfAdding" classname="LocalCMCTests" time="0.0"/>
  <testcase name="TestALotOfAdding" classname="LocalCMCTests" time="0.001"/>
  <testcase name="TestALotOfAdding" classname="LocalCMCTests" time="0.001"/>
  <testcase name="TestALotOfAdding" classname="LocalCMCTests" time="0.001"/>
  <testcase name="TestALotOfAdding" classname="LocalCMCTests" time="0.001"/>
  <testcase name="TestALotOfAdding" classname="LocalCMCTests" time="0.0"/>
  <testcase name="TestALotOfAdding" classname="LocalCMCTests" time="0.001"/>
  <testcase name="TestALotOfAdding" classname="LocalCMCTests" time="0.0"/>
  <testcase name="TestALotOfAdding" classname="LocalCMCTests" time="0.001"/>
  <testcase name="TestALotOfAdding" classname="LocalCMCTests" time="0.001"/>
  <testcase name="TestALotOfAdding" classname="LocalCMCTests" time="0.0"/>
  <testcase name="TestALotOfAdding" classname="LocalCMCTests" time="0.001"/>
  <testcase name="TestALotOfAdding" classname="LocalCMCTests" time="0.0"/>
  <testcase name="TestALotOfAdding" classname="LocalCMCTests" time="0.001"/>
  <testcase name="TestALotOfAdding" classname="LocalCMCTests" time="0.0"/>
  <testcase name="TestALotOfAdding" classname="LocalCMCTests" time="0.0"/>
  <testcase name="TestALotOfAdding" classname="LocalCMCTests" time="0.0"/>
  <testcase name="TestALotOfAdding" classname="LocalCMCTests" time="0.001"/>
  <testcase name="TestALotOfAdding" classname="LocalCMCTests" time="0.001"/>
  <testcase name="TestALotOfAdding" classname="LocalCMCTests" time="0.0"/>
  <testcase name="TestALotOfAdding" classname="LocalCMCTests" time="0.0"/>
  <testcase name="TestALotOfAdding" classname="LocalCMCTests" time="0.001"/>
  <testcase name="TestALotOfAdding" classname="LocalCMCTests" time="0.0"/>
  <testcase name="TestALotOfAdding" classname="LocalCMCTests" time="0.001"/>
  <testcase name="TestALotOfAdding" classname="LocalCMCTests" time="0.002"/>
  <testcase name="TestALotOfAdding" classname="LocalCMCTests" time="0.001"/>
  <testcase name="TestALotOfAdding" classname="LocalCMCTests" time="0.001"/>
  <testcase name="TestALotOfAdding" classname="LocalCMCTests" time="0.0"/>
  <testcase name="TestALotOfAdding" classname="LocalCMCTests" time="0.001"/>
  <testcase name="TestALotOfAdding" classname="LocalCMCTests" time="0.0"/>
  <testcase name="TestALotOfAdding" classname="LocalCMCTests" time="0.002"/>
  <testcase name="TestALotOfAdding" classname="LocalCMCTests" time="0.001"/>
  <testcase name="TestALotOfAdding" classname="LocalCMCTests" time="0.0"/>
  <testcase name="TestALotOfAdding" classname="LocalCMCTests" time="0.0"/>
  <testcase name="TestALotOfAdding" classname="LocalCMCTests" time="0.0"/>
  <testcase name="TestALotOfAdding" classname="LocalCMCTests" time="0.001"/>
  <testcase name="TestALotOfAdding" classname="LocalCMCTests" time="0.0"/>
  <testcase name="TestALotOfAdding" classname="LocalCMCTests" time="0.001"/>
  <testcase name="TestALotOfAdding" classname="LocalCMCTests" time="0.0"/>
  <testcase name="TestALotOfAdding" classname="LocalCMCTests" time="0.001"/>
  <testcase name="TestALotOfAdding" classname="LocalCMCTests" time="0.001"/>
  <testcase name="TestALotOfAdding" classname="LocalCMCTests" time="0.002"/>
  <testcase name="TestALotOfAdding" classname="LocalCMCTests" time="0.0"/>
  <testcase name="TestALotOfAdding" classname="LocalCMCTests" time="0.0"/>
  <testcase name="TestALotOfAdding" classname="LocalCMCTests" time="0.001"/>
  <testcase name="TestALotOfAdding" classname="LocalCMCTests" time="0.0"/>
  <testcase name="TestALotOfAdding" classname="LocalCMCTests" time="0.001"/>
  <testcase name="TestALotOfAdding" classname="LocalCMCTests" time="0.0"/>
  <testcase name="TestALotOfAdding" classname="LocalCMCTests" time="0.002"/>
  <testcase name="TestALotOfAdding" classname="LocalCMCTests" time="0.0"/>
  <testcase name="TestALotOfAdding" classname="LocalCMCTests" time="0.001"/>
  <testcase name="TestALotOfAdding" classname="LocalCMCTests" time="0.001"/>
  <testcase name="TestALotOfAdding" classname="LocalCMCTests" time="0.001"/>
  <testcase name="TestALotOfAdding" classname="LocalCMCTests" time="0.001"/>
  <testcase name="TestALotOfAdding" classname="LocalCMCTests" time="0.001"/>
  <testcase name="TestALotOfAdding" classname="LocalCMCTests" time="0.001"/>
  <testcase name="TestALotOfAdding" classname="LocalCMCTests" time="0.001"/>
  <testcase name="TestALotOfAdding" classname="LocalCMCTests" time="0.001"/>
  <testcase name="TestALotOfAdding" classname="LocalCMCTests" time="0.001"/>
  <testcase name="TestALotOfAdding" classname="LocalCMCTests" time="0.0"/>
  <testcase name="TestALotOfAdding" classname="LocalCMCTests" time="0.0"/>
  <testcase name="TestALotOfAdding" classname="LocalCMCTests" time="0.0"/>
  <testcase name="TestALotOfAdding" classname="LocalCMCTests" time="0.0"/>
  <testcase name="TestALotOfAdding" classname="LocalCMCTests" time="0.0"/>
  <testcase name="TestALotOfAdding" classname="LocalCMCTests" time="0.001"/>
  <testcase name="TestALotOfAdding" classname="LocalCMCTests" time="0.001"/>
  <testcase name="TestALotOfAdding" classname="LocalCMCTests" time="0.001"/>
  <testcase name="TestALotOfAdding" classname="LocalCMCTests" time="0.0"/>
  <testcase name="TestALotOfAdding" classname="LocalCMCTests" time="0.0"/>
  <testcase name="TestALotOfAdding" classname="LocalCMCTests" time="0.001"/>
  <testcase name="TestALotOfAdding" classname="LocalCMCTests" time="0.001"/>
  <testcase name="TestALotOfAdding" classname="LocalCMCTests" time="0.001"/>
  <testcase name="TestALotOfAdding" classname="LocalCMCTests" time="0.0"/>
  <testcase name="TestALotOfAdding" classname="LocalCMCTests" time="0.001"/>
  <testcase name="TestALotOfAdding" classname="LocalCMCTests" time="0.001"/>
  <testcase name="TestALotOfAdding" classname="LocalCMCTests" time="0.001"/>
  <testcase name="TestALotOfAdding" classname="LocalCMCTests" time="0.0"/>
  <testcase name="TestALotOfAdding" classname="LocalCMCTests" time="0.0"/>
  <testcase name="TestALotOfAdding" classname="LocalCMCTests" time="0.0"/>
  <testcase name="TestALotOfAdding" classname="LocalCMCTests" time="0.0"/>
  <testcase name="TestALotOfAdding" classname="LocalCMCTests" time="0.002"/>
  <testcase name="TestALotOfAdding" classname="LocalCMCTests" time="0.001"/>
  <testcase name="TestALotOfAdding" classname="LocalCMCTests" time="0.001"/>
  <testcase name="TestALotOfAdding" classname="LocalCMCTests" time="0.001"/>
  <testcase name="TestALotOfAdding" classname="LocalCMCTests" time="0.0"/>
  <testcase name="TestALotOfAdding" classname="LocalCMCTests" time="0.0"/>
  <testcase name="TestALotOfAdding" classname="LocalCMCTests" time="0.001"/>
  <testcase name="TestALotOfAdding" classname="LocalCMCTests" time="0.001"/>
  <testcase name="TestALotOfAdding" classname="LocalCMCTests" time="0.0"/>
  <testcase name="TestALotOfAdding" classname="LocalCMCTests" time="0.001"/>
  <testcase name="TestALotOfAdding" classname="LocalCMCTests" time="0.001"/>
  <testcase name="TestALotOfAdding" classname="LocalCMCTests" time="0.001"/>
  <testcase name="TestALotOfAdding" classname="LocalCMCTests" time="0.0"/>
  <testcase name="TestALotOfAdding" classname="LocalCMCTests" time="0.0"/>
  <testcase name="TestALotOfAdding" classname="LocalCMCTests" time="0.0"/>
  <testcase name="TestALotOfAdding" classname="LocalCMCTests" time="0.001"/>
  <testcase name="TestALotOfAdding" classname="LocalCMCTests" time="0.001"/>
  <testcase name="TestALotOfAdding" classname="LocalCMCTests" time="0.002"/>
  <testcase name="TestALotOfAdding" classname="LocalCMCTests" time="0.0"/>
  <testcase name="TestALotOfAdding" classname="LocalCMCTests" time="0.001"/>
  <testcase name="TestALotOfAdding" classname="LocalCMCTests" time="0.0"/>
  <testcase name="TestALotOfAdding" classname="LocalCMCTests" time="0.005"/>
  <testcase name="TestALotOfAdding" classname="LocalCMCTests" time="0.005"/>
  <testcase name="TestALotOfAdding" classname="LocalCMCTests" time="0.005"/>
  <testcase name="TestALotOfAdding" classname="LocalCMCTests" time="0.0"/>
  <testcase name="TestALotOfAdding" classname="LocalCMCTests" time="0.006"/>
  <testcase name="TestALotOfAdding" classname="LocalCMCTests" time="0.001"/>
  <testcase name="TestALotOfAdding" classname="LocalCMCTests" time="0.005"/>
  <testcase name="TestALotOfAdding" classname="LocalCMCTests" time="0.0"/>
  <testcase name="TestALotOfAdding" classname="LocalCMCTests" time="0.0"/>
  <testcase name="TestALotOfAdding" classname="LocalCMCTests" time="0.006"/>
  <testcase name="TestALotOfAdding" classname="LocalCMCTests" time="0.005"/>
  <testcase name="TestALotOfAdding" classname="LocalCMCTests" time="0.005"/>
  <testcase name="TestALotOfAdding" classname="LocalCMCTests" time="0.005"/>
  <testcase name="TestALotOfAdding" classname="LocalCMCTests" time="0.006"/>
  <testcase name="TestALotOfAdding" classname="LocalCMCTests" time="0.0"/>
  <testcase name="TestALotOfAdding" classname="LocalCMCTests" time="0.0"/>
  <testcase name="TestALotOfAdding" classname="LocalCMCTests" time="0.0"/>
  <testcase name="TestALotOfAdding" classname="LocalCMCTests" time="0.0"/>
  <testcase name="TestALotOfAdding" classname="LocalCMCTests" time="0.001"/>
  <testcase name="TestALotOfAdding" classname="LocalCMCTests" time="0.0"/>
  <testcase name="TestALotOfAdding" classname="LocalCMCTests" time="0.0"/>
  <testcase name="TestALotOfAdding" classname="LocalCMCTests" time="0.001"/>
  <testcase name="TestALotOfAdding" classname="LocalCMCTests" time="0.001"/>
  <testcase name="TestALotOfAdding" classname="LocalCMCTests" time="0.001"/>
  <testcase name="TestALotOfAdding" classname="LocalCMCTests" time="0.0"/>
  <testcase name="TestALotOfAdding" classname="LocalCMCTests" time="0.0"/>
  <testcase name="TestALotOfAdding" classname="LocalCMCTests" time="0.001"/>
  <testcase name="TestALotOfAdding" classname="LocalCMCTests" time="0.0"/>
  <testcase name="TestALotOfAdding" classname="LocalCMCTests" time="0.001"/>
  <testcase name="TestALotOfAdding" classname="LocalCMCTests" time="0.0"/>
  <testcase name="TestALotOfAdding" classname="LocalCMCTests" time="0.001"/>
  <testcase name="TestALotOfAdding" classname="LocalCMCTests" time="0.0"/>
  <testcase name="TestALotOfAdding" classname="LocalCMCTests" time="0.001"/>
  <testcase name="TestALotOfAdding" classname="LocalCMCTests" time="0.0"/>
  <testcase name="TestALotOfAdding" classname="LocalCMCTests" time="0.002"/>
  <testcase name="TestALotOfAdding" classname="LocalCMCTests" time="0.0"/>
  <testcase name="TestALotOfAdding" classname="LocalCMCTests" time="0.001"/>
  <testcase name="TestALotOfAdding" classname="LocalCMCTests" time="0.002"/>
  <testcase name="TestALotOfAdding" classname="LocalCMCTests" time="0.001"/>
  <testcase name="TestALotOfAdding" classname="LocalCMCTests" time="0.001"/>
  <testcase name="TestALotOfAdding" classname="LocalCMCTests" time="0.001"/>
  <testcase name="TestALotOfAdding" classname="LocalCMCTests" time="0.001"/>
  <testcase name="TestALotOfAdding" classname="LocalCMCTests" time="0.001"/>
  <testcase name="TestALotOfAdding" classname="LocalCMCTests" time="0.0"/>
  <testcase name="TestALotOfAdding" classname="LocalCMCTests" time="0.001"/>
  <testcase name="TestALotOfAdding" classname="LocalCMCTests" time="0.0"/>
  <testcase name="TestALotOfAdding" classname="LocalCMCTests" time="0.0"/>
  <testcase name="TestALotOfAdding" classname="LocalCMCTests" time="0.0"/>
  <testcase name="TestALotOfAdding" classname="LocalCMCTests" time="0.0"/>
  <testcase name="TestALotOfAdding" classname="LocalCMCTests" time="0.0"/>
  <testcase name="TestALotOfAdding" classname="LocalCMCTests" time="0.0"/>
  <testcase name="TestALotOfAdding" classname="LocalCMCTests" time="0.002"/>
  <testcase name="TestALotOfAdding" classname="LocalCMCTests" time="0.001"/>
  <testcase name="TestALotOfAdding" classname="LocalCMCTests" time="0.0"/>
  <testcase name="TestALotOfAdding" classname="LocalCMCTests" time="0.0"/>
  <testcase name="TestALotOfAdding" classname="LocalCMCTests" time="0.001"/>
  <testcase name="TestALotOfAdding" classname="LocalCMCTests" time="0.001"/>
  <testcase name="TestALotOfAdding" classname="LocalCMCTests" time="0.0"/>
  <testcase name="TestALotOfAdding" classname="LocalCMCTests" time="0.001"/>
  <testcase name="TestALotOfAdding" classname="LocalCMCTests" time="0.001"/>
  <testcase name="TestALotOfAdding" classname="LocalCMCTests" time="0.0"/>
  <testcase name="TestALotOfAdding" classname="LocalCMCTests" time="0.0"/>
  <testcase name="TestALotOfAdding" classname="LocalCMCTests" time="0.0"/>
  <testcase name="TestALotOfAdding" classname="LocalCMCTests" time="0.001"/>
  <testcase name="TestALotOfAdding" classname="LocalCMCTests" time="0.001"/>
  <testcase name="TestALotOfAdding" classname="LocalCMCTests" time="0.0"/>
  <testcase name="TestALotOfAdding" classname="LocalCMCTests" time="0.001"/>
  <testcase name="TestALotOfAdding" classname="LocalCMCTests" time="0.002"/>
  <testcase name="TestALotOfAdding" classname="LocalCMCTests" time="0.001"/>
  <testcase name="TestALotOfAdding" classname="LocalCMCTests" time="0.0"/>
  <testcase name="TestALotOfAdding" classname="LocalCMCTests" time="0.001"/>
  <testcase name="TestALotOfAdding" classname="LocalCMCTests" time="0.001"/>
  <testcase name="TestALotOfAdding" classname="LocalCMCTests" time="0.0"/>
  <testcase name="TestALotOfAdding" classname="LocalCMCTests" time="0.001"/>
  <testcase name="TestALotOfAdding" classname="LocalCMCTests" time="0.0"/>
  <testcase name="TestALotOfAdding" classname="LocalCMCTests" time="0.001"/>
  <testcase name="TestALotOfAdding" classname="LocalCMCTests" time="0.002"/>
  <testcase name="TestALotOfAdding" classname="LocalCMCTests" time="0.001"/>
  <testcase name="TestALotOfAdding" classname="LocalCMCTests" time="0.001"/>
  <testcase name="TestALotOfAdding" classname="LocalCMCTests" time="0.0"/>
  <testcase name="TestALotOfAdding" classname="LocalCMCTests" time="0.0"/>
  <testcase name="TestALotOfAdding" classname="LocalCMCTests" time="0.0"/>
  <testcase name="TestALotOfAdding" classname="LocalCMCTests" time="0.0"/>
  <testcase name="TestALotOfAdding" classname="LocalCMCTests" time="0.0"/>
  <testcase name="TestALotOfAdding" classname="LocalCMCTests" time="0.0"/>
  <testcase name="TestALotOfAdding" classname="LocalCMCTests" time="0.001"/>
  <testcase name="TestALotOfAdding" classname="LocalCMCTests" time="0.001"/>
  <testcase name="TestALotOfAdding" classname="LocalCMCTests" time="0.002"/>
  <testcase name="TestALotOfAdding" classname="LocalCMCTests" time="0.0"/>
  <testcase name="TestALotOfAdding" classname="LocalCMCTests" time="0.0"/>
  <testcase name="TestALotOfAdding" classname="LocalCMCTests" time="0.001"/>
  <testcase name="TestALotOfAdding" classname="LocalCMCTests" time="0.001"/>
  <testcase name="TestALotOfAdding" classname="LocalCMCTests" time="0.0"/>
  <testcase name="TestALotOfAdding" classname="LocalCMCTests" time="0.001"/>
  <testcase name="TestALotOfAdding" classname="LocalCMCTests" time="0.001"/>
  <testcase name="TestALotOfAdding" classname="LocalCMCTests" time="0.001"/>
  <testcase name="TestALotOfAdding" classname="LocalCMCTests" time="0.001"/>
  <testcase name="TestALotOfAdding" classname="LocalCMCTests" time="0.001"/>
  <testcase name="TestALotOfAdding" classname="LocalCMCTests" time="0.0"/>
  <testcase name="TestALotOfAdding" classname="LocalCMCTests" time="0.0"/>
  <testcase name="TestALotOfAdding" classname="LocalCMCTests" time="0.0"/>
  <testcase name="TestALotOfAdding" classname="LocalCMCTests" time="0.001"/>
  <testcase name="TestALotOfAdding" classname="LocalCMCTests" time="0.001"/>
  <testcase name="TestALotOfAdding" classname="LocalCMCTests" time="0.001"/>
  <testcase name="TestALotOfAdding" classname="LocalCMCTests" time="0.0"/>
  <testcase name="TestALotOfAdding" classname="LocalCMCTests" time="0.001"/>
  <testcase name="TestALotOfAdding" classname="LocalCMCTests" time="0.0"/>
  <testcase name="TestALotOfAdding" classname="LocalCMCTests" time="0.001"/>
  <testcase name="TestALotOfAdding" classname="LocalCMCTests" time="0.0"/>
  <testcase name="TestALotOfAdding" classname="LocalCMCTests" time="0.0"/>
  <testcase name="TestALotOfAdding" classname="LocalCMCTests" time="0.001"/>
  <testcase name="TestALotOfAdding" classname="LocalCMCTests" time="0.0"/>
  <testcase name="TestALotOfAdding" classname="LocalCMCTests" time="0.001"/>
  <testcase name="TestALotOfAdding" classname="LocalCMCTests" time="0.0"/>
  <testcase name="TestALotOfAdding" classname="LocalCMCTests" time="0.001"/>
  <testcase name="TestALotOfAdding" classname="LocalCMCTests" time="0.001"/>
  <testcase name="TestALotOfAdding" classname="LocalCMCTests" time="0.0"/>
  <testcase name="TestALotOfAdding" classname="LocalCMCTests" time="0.001"/>
  <testcase name="TestALotOfAdding" classname="LocalCMCTests" time="0.001"/>
  <testcase name="TestALotOfAdding" classname="LocalCMCTests" time="0.0"/>
  <testcase name="TestALotOfAdding" classname="LocalCMCTests" time="0.0"/>
  <testcase name="TestALotOfAdding" classname="LocalCMCTests" time="0.001"/>
  <testcase name="TestALotOfAdding" classname="LocalCMCTests" time="0.001"/>
  <testcase name="TestALotOfAdding" classname="LocalCMCTests" time="0.001"/>
  <testcase name="TestALotOfAdding" classname="LocalCMCTests" time="0.001"/>
  <testcase name="TestALotOfAdding" classname="LocalCMCTests" time="0.001"/>
  <testcase name="TestALotOfAdding" classname="LocalCMCTests" time="0.0"/>
  <testcase name="TestALotOfAdding" classname="LocalCMCTests" time="0.001"/>
  <testcase name="TestALotOfAdding" classname="LocalCMCTests" time="0.001"/>
  <testcase name="TestALotOfAdding" classname="LocalCMCTests" time="0.001"/>
  <testcase name="TestALotOfAdding" classname="LocalCMCTests" time="0.0"/>
  <testcase name="TestALotOfAdding" classname="LocalCMCTests" time="0.0"/>
  <testcase name="TestALotOfAdding" classname="LocalCMCTests" time="0.001"/>
  <testcase name="TestALotOfAdding" classname="LocalCMCTests" time="0.001"/>
  <testcase name="TestALotOfAdding" classname="LocalCMCTests" time="0.0"/>
  <testcase name="TestALotOfAdding" classname="LocalCMCTests" time="0.001"/>
  <testcase name="TestALotOfAdding" classname="LocalCMCTests" time="0.0"/>
  <testcase name="TestALotOfAdding" classname="LocalCMCTests" time="0.0"/>
  <testcase name="TestALotOfAdding" classname="LocalCMCTests" time="0.001"/>
  <testcase name="TestALotOfAdding" classname="LocalCMCTests" time="0.001"/>
  <testcase name="TestALotOfAdding" classname="LocalCMCTests" time="0.001"/>
  <testcase name="TestALotOfAdding" classname="LocalCMCTests" time="0.0"/>
  <testcase name="TestALotOfAdding" classname="LocalCMCTests" time="0.001"/>
  <testcase name="TestALotOfAdding" classname="LocalCMCTests" time="0.001"/>
  <testcase name="TestALotOfAdding" classname="LocalCMCTests" time="0.0"/>
  <testcase name="TestALotOfAdding" classname="LocalCMCTests" time="0.0"/>
  <testcase name="TestALotOfAdding" classname="LocalCMCTests" time="0.0"/>
  <testcase name="TestALotOfAdding" classname="LocalCMCTests" time="0.0"/>
  <testcase name="TestALotOfAdding" classname="LocalCMCTests" time="0.001"/>
  <testcase name="TestALotOfAdding" classname="LocalCMCTests" time="0.003"/>
  <testcase name="TestALotOfAdding" classname="LocalCMCTests" time="0.001"/>
  <testcase name="TestALotOfAdding" classname="LocalCMCTests" time="0.001"/>
  <testcase name="TestALotOfAdding" classname="LocalCMCTests" time="0.001"/>
  <testcase name="TestALotOfAdding" classname="LocalCMCTests" time="0.001"/>
  <testcase name="TestALotOfAdding" classname="LocalCMCTests" time="0.001"/>
  <testcase name="TestALotOfAdding" classname="LocalCMCTests" time="0.001"/>
  <testcase name="TestALotOfAdding" classname="LocalCMCTests" time="0.0"/>
  <testcase name="TestALotOfAdding" classname="LocalCMCTests" time="0.0"/>
  <testcase name="TestALotOfAdding" classname="LocalCMCTests" time="0.0"/>
  <testcase name="TestALotOfAdding" classname="LocalCMCTests" time="0.0"/>
  <testcase name="TestALotOfAdding" classname="LocalCMCTests" time="0.001"/>
  <testcase name="TestALotOfAdding" classname="LocalCMCTests" time="0.0"/>
  <testcase name="TestALotOfAdding" classname="LocalCMCTests" time="0.0"/>
  <testcase name="TestALotOfAdding" classname="LocalCMCTests" time="0.0"/>
  <testcase name="TestALotOfAdding" classname="LocalCMCTests" time="0.0"/>
  <testcase name="TestALotOfAdding" classname="LocalCMCTests" time="0.001"/>
  <testcase name="TestALotOfAdding" classname="LocalCMCTests" time="0.001"/>
  <testcase name="TestALotOfAdding" classname="LocalCMCTests" time="0.0"/>
  <testcase name="TestALotOfAdding" classname="LocalCMCTests" time="0.001"/>
  <testcase name="TestALotOfAdding" classname="LocalCMCTests" time="0.0"/>
  <testcase name="TestALotOfAdding" classname="LocalCMCTests" time="0.0"/>
  <testcase name="TestALotOfAdding" classname="LocalCMCTests" time="0.001"/>
  <testcase name="TestALotOfAdding" classname="LocalCMCTests" time="0.001"/>
  <testcase name="TestALotOfAdding" classname="LocalCMCTests" time="0.001"/>
  <testcase name="TestALotOfAdding" classname="LocalCMCTests" time="0.003"/>
  <testcase name="TestALotOfAdding" classname="LocalCMCTests" time="0.001"/>
  <testcase name="TestALotOfAdding" classname="LocalCMCTests" time="0.0"/>
  <testcase name="TestALotOfAdding" classname="LocalCMCTests" time="0.001"/>
  <testcase name="TestALotOfAdding" classname="LocalCMCTests" time="0.0"/>
  <testcase name="TestALotOfAdding" classname="LocalCMCTests" time="0.001"/>
  <testcase name="TestALotOfAdding" classname="LocalCMCTests" time="0.001"/>
  <testcase name="TestALotOfAdding" classname="LocalCMCTests" time="0.001"/>
  <testcase name="TestALotOfAdding" classname="LocalCMCTests" time="0.001"/>
  <testcase name="TestALotOfAdding" classname="LocalCMCTests" time="0.0"/>
  <testcase name="TestALotOfAdding" classname="LocalCMCTests" time="0.001"/>
  <testcase name="TestALotOfAdding" classname="LocalCMCTests" time="0.0"/>
  <testcase name="TestALotOfAdding" classname="LocalCMCTests" time="0.0"/>
  <testcase name="TestALotOfAdding" classname="LocalCMCTests" time="0.001"/>
  <testcase name="TestALotOfAdding" classname="LocalCMCTests" time="0.001"/>
  <testcase name="TestALotOfAdding" classname="LocalCMCTests" time="0.0"/>
  <testcase name="TestALotOfAdding" classname="LocalCMCTests" time="0.001"/>
  <testcase name="TestALotOfAdding" classname="LocalCMCTests" time="0.001"/>
  <testcase name="TestALotOfAdding" classname="LocalCMCTests" time="0.0"/>
  <testcase name="TestALotOfAdding" classname="LocalCMCTests" time="0.0"/>
  <testcase name="TestALotOfAdding" classname="LocalCMCTests" time="0.0"/>
  <testcase name="TestALotOfAdding" classname="LocalCMCTests" time="0.001"/>
  <testcase name="TestALotOfAdding" classname="LocalCMCTests" time="0.001"/>
  <testcase name="TestALotOfAdding" classname="LocalCMCTests" time="0.0"/>
  <testcase name="TestALotOfAdding" classname="LocalCMCTests" time="0.002"/>
  <testcase name="TestALotOfAdding" classname="LocalCMCTests" time="0.0"/>
  <testcase name="TestALotOfAdding" classname="LocalCMCTests" time="0.001"/>
  <testcase name="TestALotOfAdding" classname="LocalCMCTests" time="0.0"/>
  <testcase name="TestALotOfAdding" classname="LocalCMCTests" time="0.0"/>
  <testcase name="TestALotOfAdding" classname="LocalCMCTests" time="0.0"/>
  <testcase name="TestALotOfAdding" classname="LocalCMCTests" time="0.0"/>
  <testcase name="TestALotOfAdding" classname="LocalCMCTests" time="0.001"/>
  <testcase name="TestALotOfAdding" classname="LocalCMCTests" time="0.001"/>
  <testcase name="TestALotOfAdding" classname="LocalCMCTests" time="0.0"/>
  <testcase name="TestALotOfAdding" classname="LocalCMCTests" time="0.001"/>
  <testcase name="TestALotOfAdding" classname="LocalCMCTests" time="0.001"/>
  <testcase name="TestALotOfAdding" classname="LocalCMCTests" time="0.0"/>
  <testcase name="TestALotOfAdding" classname="LocalCMCTests" time="0.0"/>
  <testcase name="TestALotOfAdding" classname="LocalCMCTests" time="0.001"/>
  <testcase name="TestALotOfAdding" classname="LocalCMCTests" time="0.0"/>
  <testcase name="TestALotOfAdding" classname="LocalCMCTests" time="0.002"/>
  <testcase name="TestALotOfAdding" classname="LocalCMCTests" time="0.0"/>
  <testcase name="TestALotOfAdding" classname="LocalCMCTests" time="0.001"/>
  <testcase name="TestALotOfAdding" classname="LocalCMCTests" time="0.001"/>
  <testcase name="TestALotOfAdding" classname="LocalCMCTests" time="0.001"/>
  <testcase name="TestALotOfAdding" classname="LocalCMCTests" time="0.0"/>
  <testcase name="TestALotOfAdding" classname="LocalCMCTests" time="0.001"/>
  <testcase name="TestALotOfAdding" classname="LocalCMCTests" time="0.001"/>
  <testcase name="TestALotOfAdding" classname="LocalCMCTests" time="0.0"/>
  <testcase name="TestALotOfAdding" classname="LocalCMCTests" time="0.0"/>
  <testcase name="TestALotOfAdding" classname="LocalCMCTests" time="0.001"/>
  <testcase name="TestALotOfAdding" classname="LocalCMCTests" time="0.001"/>
  <testcase name="TestALotOfAdding" classname="LocalCMCTests" time="0.0"/>
  <testcase name="TestALotOfAdding" classname="LocalCMCTests" time="0.0"/>
  <testcase name="TestALotOfAdding" classname="LocalCMCTests" time="0.001"/>
  <testcase name="TestALotOfAdding" classname="LocalCMCTests" time="0.001"/>
  <testcase name="TestALotOfAdding" classname="LocalCMCTests" time="0.001"/>
  <testcase name="TestALotOfAdding" classname="LocalCMCTests" time="0.0"/>
  <testcase name="TestALotOfAdding" classname="LocalCMCTests" time="0.001"/>
  <testcase name="TestALotOfAdding" classname="LocalCMCTests" time="0.001"/>
  <testcase name="TestALotOfAdding" classname="LocalCMCTests" time="0.0"/>
  <testcase name="TestALotOfAdding" classname="LocalCMCTests" time="0.001"/>
  <testcase name="TestALotOfAdding" classname="LocalCMCTests" time="0.001"/>
  <testcase name="TestALotOfAdding" classname="LocalCMCTests" time="0.001"/>
  <testcase name="TestALotOfAdding" classname="LocalCMCTests" time="0.0"/>
  <testcase name="TestALotOfAdding" classname="LocalCMCTests" time="0.0"/>
  <testcase name="TestALotOfAdding" classname="LocalCMCTests" time="0.0"/>
  <testcase name="TestALotOfAdding" classname="LocalCMCTests" time="0.0"/>
  <testcase name="TestALotOfAdding" classname="LocalCMCTests" time="0.0"/>
  <testcase name="TestALotOfAdding" classname="LocalCMCTests" time="0.001"/>
  <testcase name="TestALotOfAdding" classname="LocalCMCTests" time="0.0"/>
  <testcase name="TestALotOfAdding" classname="LocalCMCTests" time="0.0"/>
  <testcase name="TestALotOfAdding" classname="LocalCMCTests" time="0.002"/>
  <testcase name="TestALotOfAdding" classname="LocalCMCTests" time="0.001"/>
  <testcase name="TestALotOfAdding" classname="LocalCMCTests" time="0.0"/>
  <testcase name="TestALotOfAdding" classname="LocalCMCTests" time="0.003"/>
  <testcase name="TestALotOfAdding" classname="LocalCMCTests" time="0.001"/>
  <testcase name="TestALotOfAdding" classname="LocalCMCTests" time="0.0"/>
  <testcase name="TestALotOfAdding" classname="LocalCMCTests" time="0.0"/>
  <testcase name="TestALotOfAdding" classname="LocalCMCTests" time="0.001"/>
  <testcase name="TestALotOfAdding" classname="LocalCMCTests" time="0.001"/>
  <testcase name="TestALotOfAdding" classname="LocalCMCTests" time="0.0"/>
  <testcase name="TestALotOfAdding" classname="LocalCMCTests" time="0.001"/>
  <testcase name="TestALotOfAdding" classname="LocalCMCTests" time="0.0"/>
  <testcase name="TestALotOfAdding" classname="LocalCMCTests" time="0.003"/>
  <testcase name="TestALotOfAdding" classname="LocalCMCTests" time="0.001"/>
  <testcase name="TestALotOfAdding" classname="LocalCMCTests" time="0.001"/>
  <testcase name="TestALotOfAdding" classname="LocalCMCTests" time="0.0"/>
  <testcase name="TestALotOfAdding" classname="LocalCMCTests" time="0.002"/>
  <testcase name="TestALotOfAdding" classname="LocalCMCTests" time="0.001"/>
  <testcase name="TestALotOfAdding" classname="LocalCMCTests" time="0.001"/>
  <testcase name="TestALotOfAdding" classname="LocalCMCTests" time="0.001"/>
  <testcase name="TestALotOfAdding" classname="LocalCMCTests" time="0.001"/>
  <testcase name="TestALotOfAdding" classname="LocalCMCTests" time="0.0"/>
  <testcase name="TestALotOfAdding" classname="LocalCMCTests" time="0.001"/>
  <testcase name="TestALotOfAdding" classname="LocalCMCTests" time="0.0"/>
  <testcase name="TestALotOfAdding" classname="LocalCMCTests" time="0.0"/>
  <testcase name="TestALotOfAdding" classname="LocalCMCTests" time="0.0"/>
  <testcase name="TestALotOfAdding" classname="LocalCMCTests" time="0.0"/>
  <testcase name="TestALotOfAdding" classname="LocalCMCTests" time="0.002"/>
  <testcase name="TestALotOfAdding" classname="LocalCMCTests" time="0.001"/>
  <testcase name="TestALotOfAdding" classname="LocalCMCTests" time="0.001"/>
  <testcase name="TestALotOfAdding" classname="LocalCMCTests" time="0.0"/>
  <testcase name="TestALotOfAdding" classname="LocalCMCTests" time="0.001"/>
  <testcase name="TestALotOfAdding" classname="LocalCMCTests" time="0.001"/>
  <testcase name="TestALotOfAdding" classname="LocalCMCTests" time="0.001"/>
  <testcase name="TestALotOfAdding" classname="LocalCMCTests" time="0.001"/>
  <testcase name="TestALotOfAdding" classname="LocalCMCTests" time="0.001"/>
  <testcase name="TestALotOfAdding" classname="LocalCMCTests" time="0.001"/>
  <testcase name="TestALotOfAdding" classname="LocalCMCTests" time="0.0"/>
  <testcase name="TestALotOfAdding" classname="LocalCMCTests" time="0.0"/>
  <testcase name="TestALotOfAdding" classname="LocalCMCTests" time="0.0"/>
  <testcase name="TestALotOfAdding" classname="LocalCMCTests" time="0.0"/>
  <testcase name="TestALotOfAdding" classname="LocalCMCTests" time="0.0"/>
  <testcase name="TestALotOfAdding" classname="LocalCMCTests" time="0.0"/>
  <testcase name="TestALotOfAdding" classname="LocalCMCTests" time="0.0"/>
  <testcase name="TestALotOfAdding" classname="LocalCMCTests" time="0.0"/>
  <testcase name="TestALotOfAdding" classname="LocalCMCTests" time="0.0"/>
  <testcase name="TestALotOfAdding" classname="LocalCMCTests" time="0.002"/>
  <testcase name="TestALotOfAdding" classname="LocalCMCTests" time="0.001"/>
  <testcase name="TestALotOfAdding" classname="LocalCMCTests" time="0.001"/>
  <testcase name="TestALotOfAdding" classname="LocalCMCTests" time="0.001"/>
  <testcase name="TestALotOfAdding" classname="LocalCMCTests" time="0.001"/>
  <testcase name="TestALotOfAdding" classname="LocalCMCTests" time="0.001"/>
  <testcase name="TestALotOfAdding" classname="LocalCMCTests" time="0.001"/>
  <testcase name="TestALotOfAdding" classname="LocalCMCTests" time="0.0"/>
  <testcase name="TestALotOfAdding" classname="LocalCMCTests" time="0.0"/>
  <testcase name="TestALotOfAdding" classname="LocalCMCTests" time="0.0"/>
  <testcase name="TestALotOfAdding" classname="LocalCMCTests" time="0.0"/>
  <testcase name="TestALotOfAdding" classname="LocalCMCTests" time="0.0"/>
  <testcase name="TestALotOfAdding" classname="LocalCMCTests" time="0.0"/>
  <testcase name="TestALotOfAdding" classname="LocalCMCTests" time="0.001"/>
  <testcase name="TestALotOfAdding" classname="LocalCMCTests" time="0.001"/>
  <testcase name="TestALotOfAdding" classname="LocalCMCTests" time="0.001"/>
  <testcase name="TestALotOfAdding" classname="LocalCMCTests" time="0.002"/>
  <testcase name="TestALotOfAdding" classname="LocalCMCTests" time="0.001"/>
  <testcase name="TestALotOfAdding" classname="LocalCMCTests" time="0.0"/>
  <testcase name="TestALotOfAdding" classname="LocalCMCTests" time="0.001"/>
  <testcase name="TestALotOfAdding" classname="LocalCMCTests" time="0.001"/>
  <testcase name="TestALotOfAdding" classname="LocalCMCTests" time="0.0"/>
  <testcase name="TestALotOfAdding" classname="LocalCMCTests" time="0.001"/>
  <testcase name="TestALotOfAdding" classname="LocalCMCTests" time="0.0"/>
  <testcase name="TestALotOfAdding" classname="LocalCMCTests" time="0.0"/>
  <testcase name="TestALotOfAdding" classname="LocalCMCTests" time="0.001"/>
  <testcase name="TestALotOfAdding" classname="LocalCMCTests" time="0.001"/>
  <testcase name="TestALotOfAdding" classname="LocalCMCTests" time="0.001"/>
  <testcase name="TestALotOfAdding" classname="LocalCMCTests" time="0.0"/>
  <testcase name="TestALotOfAdding" classname="LocalCMCTests" time="0.001"/>
  <testcase name="TestALotOfAdding" classname="LocalCMCTests" time="0.001"/>
  <testcase name="TestALotOfAdding" classname="LocalCMCTests" time="0.0"/>
  <testcase name="TestALotOfAdding" classname="LocalCMCTests" time="0.001"/>
  <testcase name="TestALotOfAdding" classname="LocalCMCTests" time="0.0"/>
  <testcase name="TestALotOfAdding" classname="LocalCMCTests" time="0.001"/>
  <testcase name="TestALotOfAdding" classname="LocalCMCTests" time="0.001"/>
  <testcase name="TestALotOfAdding" classname="LocalCMCTests" time="0.002"/>
  <testcase name="TestALotOfAdding" classname="LocalCMCTests" time="0.0"/>
  <testcase name="TestALotOfAdding" classname="LocalCMCTests" time="0.0"/>
  <testcase name="TestALotOfAdding" classname="LocalCMCTests" time="0.0"/>
  <testcase name="TestALotOfAdding" classname="LocalCMCTests" time="0.0"/>
  <testcase name="TestALotOfAdding" classname="LocalCMCTests" time="0.001"/>
  <testcase name="TestALotOfAdding" classname="LocalCMCTests" time="0.0"/>
  <testcase name="TestALotOfAdding" classname="LocalCMCTests" time="0.001"/>
  <testcase name="TestALotOfAdding" classname="LocalCMCTests" time="0.0"/>
  <testcase name="TestALotOfAdding" classname="LocalCMCTests" time="0.0"/>
  <testcase name="TestALotOfAdding" classname="LocalCMCTests" time="0.001"/>
  <testcase name="TestALotOfAdding" classname="LocalCMCTests" time="0.0"/>
  <testcase name="TestALotOfAdding" classname="LocalCMCTests" time="0.001"/>
  <testcase name="TestALotOfAdding" classname="LocalCMCTests" time="0.001"/>
  <testcase name="TestALotOfAdding" classname="LocalCMCTests" time="0.0"/>
  <testcase name="TestALotOfAdding" classname="LocalCMCTests" time="0.001"/>
  <testcase name="TestALotOfAdding" classname="LocalCMCTests" time="0.0"/>
  <testcase name="TestALotOfAdding" classname="LocalCMCTests" time="0.001"/>
  <testcase name="TestALotOfAdding" classname="LocalCMCTests" time="0.001"/>
  <testcase name="TestALotOfAdding" classname="LocalCMCTests" time="0.0"/>
  <testcase name="TestALotOfAdding" classname="LocalCMCTests" time="0.0"/>
  <testcase name="TestALotOfAdding" classname="LocalCMCTests" time="0.001"/>
  <testcase name="TestALotOfAdding" classname="LocalCMCTests" time="0.002"/>
  <testcase name="TestALotOfAdding" classname="LocalCMCTests" time="0.001"/>
  <testcase name="TestALotOfAdding" classname="LocalCMCTests" time="0.0"/>
  <testcase name="TestALotOfAdding" classname="LocalCMCTests" time="0.0"/>
  <testcase name="TestALotOfAdding" classname="LocalCMCTests" time="0.001"/>
  <testcase name="TestALotOfAdding" classname="LocalCMCTests" time="0.002"/>
  <testcase name="TestALotOfAdding" classname="LocalCMCTests" time="0.0"/>
  <testcase name="TestALotOfAdding" classname="LocalCMCTests" time="0.001"/>
  <testcase name="TestALotOfAdding" classname="LocalCMCTests" time="0.001"/>
  <testcase name="TestALotOfAdding" classname="LocalCMCTests" time="0.001"/>
  <testcase name="TestALotOfAdding" classname="LocalCMCTests" time="0.001"/>
  <testcase name="TestALotOfAdding" classname="LocalCMCTests" time="0.001"/>
  <testcase name="TestALotOfAdding" classname="LocalCMCTests" time="0.0"/>
  <testcase name="TestALotOfAdding" classname="LocalCMCTests" time="0.001"/>
  <testcase name="TestALotOfAdding" classname="LocalCMCTests" time="0.001"/>
  <testcase name="TestALotOfAdding" classname="LocalCMCTests" time="0.0"/>
  <testcase name="TestALotOfAdding" classname="LocalCMCTests" time="0.0"/>
  <testcase name="TestALotOfAdding" classname="LocalCMCTests" time="0.0"/>
  <testcase name="TestALotOfAdding" classname="LocalCMCTests" time="0.001"/>
  <testcase name="TestALotOfAdding" classname="LocalCMCTests" time="0.0"/>
  <testcase name="TestALotOfAdding" classname="LocalCMCTests" time="0.0"/>
  <testcase name="TestALotOfAdding" classname="LocalCMCTests" time="0.0"/>
  <testcase name="TestALotOfAdding" classname="LocalCMCTests" time="0.0"/>
  <testcase name="TestALotOfAdding" classname="LocalCMCTests" time="0.0"/>
  <testcase name="TestALotOfAdding" classname="LocalCMCTests" time="0.001"/>
  <testcase name="TestALotOfAdding" classname="LocalCMCTests" time="0.001"/>
  <testcase name="TestALotOfAdding" classname="LocalCMCTests" time="0.001"/>
  <testcase name="TestALotOfAdding" classname="LocalCMCTests" time="0.0"/>
  <testcase name="TestALotOfAdding" classname="LocalCMCTests" time="0.001"/>
  <testcase name="TestALotOfAdding" classname="LocalCMCTests" time="0.001"/>
  <testcase name="TestALotOfAdding" classname="LocalCMCTests" time="0.001"/>
  <testcase name="TestALotOfAdding" classname="LocalCMCTests" time="0.0"/>
  <testcase name="TestALotOfAdding" classname="LocalCMCTests" time="0.001"/>
  <testcase name="TestALotOfAdding" classname="LocalCMCTests" time="0.0"/>
  <testcase name="TestALotOfAdding" classname="LocalCMCTests" time="0.001"/>
  <testcase name="TestALotOfAdding" classname="LocalCMCTests" time="0.0"/>
  <testcase name="TestALotOfAdding" classname="LocalCMCTests" time="0.0"/>
  <testcase name="TestALotOfAdding" classname="LocalCMCTests" time="0.0"/>
  <testcase name="TestALotOfAdding" classname="LocalCMCTests" time="0.001"/>
  <testcase name="TestALotOfAdding" classname="LocalCMCTests" time="0.0"/>
  <testcase name="TestALotOfAdding" classname="LocalCMCTests" time="0.001"/>
  <testcase name="TestALotOfAdding" classname="LocalCMCTests" time="0.0"/>
  <testcase name="TestALotOfAdding" classname="LocalCMCTests" time="0.002"/>
  <testcase name="TestALotOfAdding" classname="LocalCMCTests" time="0.0"/>
  <testcase name="TestALotOfAdding" classname="LocalCMCTests" time="0.001"/>
  <testcase name="TestALotOfAdding" classname="LocalCMCTests" time="0.001"/>
  <testcase name="TestALotOfAdding" classname="LocalCMCTests" time="0.0"/>
  <testcase name="TestALotOfAdding" classname="LocalCMCTests" time="0.001"/>
  <testcase name="TestALotOfAdding" classname="LocalCMCTests" time="0.001"/>
  <testcase name="TestALotOfAdding" classname="LocalCMCTests" time="0.001"/>
  <testcase name="TestALotOfAdding" classname="LocalCMCTests" time="0.001"/>
  <testcase name="TestALotOfAdding" classname="LocalCMCTests" time="0.0"/>
  <testcase name="TestALotOfAdding" classname="LocalCMCTests" time="0.001"/>
  <testcase name="TestALotOfAdding" classname="LocalCMCTests" time="0.0"/>
  <testcase name="TestALotOfAdding" classname="LocalCMCTests" time="0.001"/>
  <testcase name="TestALotOfAdding" classname="LocalCMCTests" time="0.0"/>
  <testcase name="TestALotOfAdding" classname="LocalCMCTests" time="0.001"/>
  <testcase name="TestALotOfAdding" classname="LocalCMCTests" time="0.001"/>
  <testcase name="TestALotOfAdding" classname="LocalCMCTests" time="0.001"/>
  <testcase name="TestALotOfAdding" classname="LocalCMCTests" time="0.0"/>
  <testcase name="TestALotOfAdding" classname="LocalCMCTests" time="0.001"/>
  <testcase name="TestALotOfAdding" classname="LocalCMCTests" time="0.0"/>
  <testcase name="TestALotOfAdding" classname="LocalCMCTests" time="0.001"/>
  <testcase name="TestALotOfAdding" classname="LocalCMCTests" time="0.001"/>
  <testcase name="TestALotOfAdding" classname="LocalCMCTests" time="0.0"/>
  <testcase name="TestALotOfAdding" classname="LocalCMCTests" time="0.001"/>
  <testcase name="TestALotOfAdding" classname="LocalCMCTests" time="0.001"/>
  <testcase name="TestALotOfAdding" classname="LocalCMCTests" time="0.0"/>
  <testcase name="TestALotOfAdding" classname="LocalCMCTests" time="0.001"/>
  <testcase name="TestALotOfAdding" classname="LocalCMCTests" time="0.001"/>
  <testcase name="TestALotOfAdding" classname="LocalCMCTests" time="0.001"/>
  <testcase name="TestALotOfAdding" classname="LocalCMCTests" time="0.0"/>
  <testcase name="TestALotOfAdding" classname="LocalCMCTests" time="0.001"/>
  <testcase name="TestALotOfAdding" classname="LocalCMCTests" time="0.0"/>
  <testcase name="TestALotOfAdding" classname="LocalCMCTests" time="0.001"/>
  <testcase name="TestALotOfAdding" classname="LocalCMCTests" time="0.0"/>
  <testcase name="TestALotOfAdding" classname="LocalCMCTests" time="0.001"/>
  <testcase name="TestALotOfAdding" classname="LocalCMCTests" time="0.001"/>
  <testcase name="TestALotOfAdding" classname="LocalCMCTests" time="0.001"/>
  <testcase name="TestALotOfAdding" classname="LocalCMCTests" time="0.0"/>
  <testcase name="TestALotOfAdding" classname="LocalCMCTests" time="0.0"/>
  <testcase name="TestALotOfAdding" classname="LocalCMCTests" time="0.0"/>
  <testcase name="TestALotOfAdding" classname="LocalCMCTests" time="0.0"/>
  <testcase name="TestALotOfAdding" classname="LocalCMCTests" time="0.0"/>
  <testcase name="TestALotOfAdding" classname="LocalCMCTests" time="0.0"/>
  <testcase name="TestALotOfAdding" classname="LocalCMCTests" time="0.001"/>
  <testcase name="TestALotOfAdding" classname="LocalCMCTests" time="0.001"/>
  <testcase name="TestALotOfAdding" classname="LocalCMCTests" time="0.001"/>
  <testcase name="TestALotOfAdding" classname="LocalCMCTests" time="0.002"/>
  <testcase name="TestALotOfAdding" classname="LocalCMCTests" time="0.0"/>
  <testcase name="TestALotOfAdding" classname="LocalCMCTests" time="0.0"/>
  <testcase name="TestALotOfAdding" classname="LocalCMCTests" time="0.001"/>
  <testcase name="TestALotOfAdding" classname="LocalCMCTests" time="0.002"/>
  <testcase name="TestALotOfAdding" classname="LocalCMCTests" time="0.001"/>
  <testcase name="TestALotOfAdding" classname="LocalCMCTests" time="0.0"/>
  <testcase name="TestALotOfAdding" classname="LocalCMCTests" time="0.001"/>
  <testcase name="TestALotOfAdding" classname="LocalCMCTests" time="0.001"/>
  <testcase name="TestALotOfAdding" classname="LocalCMCTests" time="0.0"/>
  <testcase name="TestALotOfAdding" classname="LocalCMCTests" time="0.0"/>
  <testcase name="TestALotOfAdding" classname="LocalCMCTests" time="0.001"/>
  <testcase name="TestALotOfAdding" classname="LocalCMCTests" time="0.0"/>
  <testcase name="TestALotOfAdding" classname="LocalCMCTests" time="0.0"/>
  <testcase name="TestALotOfAdding" classname="LocalCMCTests" time="0.001"/>
  <testcase name="TestALotOfAdding" classname="LocalCMCTests" time="0.002"/>
  <testcase name="TestALotOfAdding" classname="LocalCMCTests" time="0.001"/>
  <testcase name="TestALotOfAdding" classname="LocalCMCTests" time="0.002"/>
  <testcase name="TestALotOfAdding" classname="LocalCMCTests" time="0.001"/>
  <testcase name="TestALotOfAdding" classname="LocalCMCTests" time="0.001"/>
  <testcase name="TestALotOfAdding" classname="LocalCMCTests" time="0.001"/>
  <testcase name="TestALotOfAdding" classname="LocalCMCTests" time="0.0"/>
  <testcase name="TestALotOfAdding" classname="LocalCMCTests" time="0.001"/>
  <testcase name="TestALotOfAdding" classname="LocalCMCTests" time="0.001"/>
  <testcase name="TestALotOfAdding" classname="LocalCMCTests" time="0.0"/>
  <testcase name="TestALotOfAdding" classname="LocalCMCTests" time="0.0"/>
  <testcase name="TestALotOfAdding" classname="LocalCMCTests" time="0.001"/>
  <testcase name="TestALotOfAdding" classname="LocalCMCTests" time="0.0"/>
  <testcase name="TestALotOfAdding" classname="LocalCMCTests" time="0.0"/>
  <testcase name="TestALotOfAdding" classname="LocalCMCTests" time="0.001"/>
  <testcase name="TestALotOfAdding" classname="LocalCMCTests" time="0.0"/>
  <testcase name="TestALotOfAdding" classname="LocalCMCTests" time="0.001"/>
  <testcase name="TestALotOfAdding" classname="LocalCMCTests" time="0.001"/>
  <testcase name="TestALotOfAdding" classname="LocalCMCTests" time="0.001"/>
  <testcase name="TestALotOfAdding" classname="LocalCMCTests" time="0.001"/>
  <testcase name="TestALotOfAdding" classname="LocalCMCTests" time="0.001"/>
  <testcase name="TestALotOfAdding" classname="LocalCMCTests" time="0.001"/>
  <testcase name="TestALotOfAdding" classname="LocalCMCTests" time="0.0"/>
  <testcase name="TestALotOfAdding" classname="LocalCMCTests" time="0.0"/>
  <testcase name="TestALotOfAdding" classname="LocalCMCTests" time="0.0"/>
  <testcase name="TestALotOfAdding" classname="LocalCMCTests" time="0.0"/>
  <testcase name="TestALotOfAdding" classname="LocalCMCTests" time="0.001"/>
  <testcase name="TestALotOfAdding" classname="LocalCMCTests" time="0.0"/>
  <testcase name="TestALotOfAdding" classname="LocalCMCTests" time="0.0"/>
  <testcase name="TestALotOfAdding" classname="LocalCMCTests" time="0.0"/>
  <testcase name="TestALotOfAdding" classname="LocalCMCTests" time="0.001"/>
  <testcase name="TestALotOfAdding" classname="LocalCMCTests" time="0.002"/>
  <testcase name="TestALotOfAdding" classname="LocalCMCTests" time="0.002"/>
  <testcase name="TestALotOfAdding" classname="LocalCMCTests" time="0.0"/>
  <testcase name="TestALotOfAdding" classname="LocalCMCTests" time="0.001"/>
  <testcase name="TestALotOfAdding" classname="LocalCMCTests" time="0.0"/>
  <testcase name="TestALotOfAdding" classname="LocalCMCTests" time="0.001"/>
  <testcase name="TestALotOfAdding" classname="LocalCMCTests" time="0.001"/>
  <testcase name="TestALotOfAdding" classname="LocalCMCTests" time="0.001"/>
  <testcase name="TestALotOfAdding" classname="LocalCMCTests" time="0.0"/>
  <testcase name="TestALotOfAdding" classname="LocalCMCTests" time="0.0"/>
  <testcase name="TestALotOfAdding" classname="LocalCMCTests" time="0.0"/>
  <testcase name="TestALotOfAdding" classname="LocalCMCTests" time="0.001"/>
  <testcase name="TestALotOfAdding" classname="LocalCMCTests" time="0.001"/>
  <testcase name="TestALotOfAdding" classname="LocalCMCTests" time="0.0"/>
  <testcase name="TestALotOfAdding" classname="LocalCMCTests" time="0.0"/>
  <testcase name="TestALotOfAdding" classname="LocalCMCTests" time="0.001"/>
  <testcase name="TestALotOfAdding" classname="LocalCMCTests" time="0.001"/>
  <testcase name="TestALotOfAdding" classname="LocalCMCTests" time="0.001"/>
  <testcase name="TestALotOfAdding" classname="LocalCMCTests" time="0.0"/>
  <testcase name="TestALotOfAdding" classname="LocalCMCTests" time="0.001"/>
  <testcase name="TestALotOfAdding" classname="LocalCMCTests" time="0.001"/>
  <testcase name="TestALotOfAdding" classname="LocalCMCTests" time="0.001"/>
  <testcase name="TestALotOfAdding" classname="LocalCMCTests" time="0.001"/>
  <testcase name="TestALotOfAdding" classname="LocalCMCTests" time="0.002"/>
  <testcase name="TestALotOfAdding" classname="LocalCMCTests" time="0.0"/>
  <testcase name="TestALotOfAdding" classname="LocalCMCTests" time="0.0"/>
  <testcase name="TestALotOfAdding" classname="LocalCMCTests" time="0.001"/>
  <testcase name="TestALotOfAdding" classname="LocalCMCTests" time="0.001"/>
  <testcase name="TestALotOfAdding" classname="LocalCMCTests" time="0.0"/>
  <testcase name="TestALotOfAdding" classname="LocalCMCTests" time="0.0"/>
  <testcase name="TestALotOfAdding" classname="LocalCMCTests" time="0.0"/>
  <testcase name="TestALotOfAdding" classname="LocalCMCTests" time="0.0"/>
  <testcase name="TestALotOfAdding" classname="LocalCMCTests" time="0.0"/>
  <testcase name="TestALotOfAdding" classname="LocalCMCTests" time="0.001"/>
  <testcase name="TestALotOfAdding" classname="LocalCMCTests" time="0.001"/>
  <testcase name="TestALotOfAdding" classname="LocalCMCTests" time="0.001"/>
  <testcase name="TestALotOfAdding" classname="LocalCMCTests" time="0.001"/>
  <testcase name="TestALotOfAdding" classname="LocalCMCTests" time="0.001"/>
  <testcase name="TestALotOfAdding" classname="LocalCMCTests" time="0.001"/>
  <testcase name="TestALotOfAdding" classname="LocalCMCTests" time="0.0"/>
  <testcase name="TestALotOfAdding" classname="LocalCMCTests" time="0.0"/>
  <testcase name="TestALotOfAdding" classname="LocalCMCTests" time="0.0"/>
  <testcase name="TestALotOfAdding" classname="LocalCMCTests" time="0.0"/>
  <testcase name="TestALotOfAdding" classname="LocalCMCTests" time="0.001"/>
  <testcase name="TestALotOfAdding" classname="LocalCMCTests" time="0.0"/>
  <testcase name="TestALotOfAdding" classname="LocalCMCTests" time="0.001"/>
  <testcase name="TestALotOfAdding" classname="LocalCMCTests" time="0.001"/>
  <testcase name="TestALotOfAdding" classname="LocalCMCTests" time="0.001"/>
  <testcase name="TestALotOfAdding" classname="LocalCMCTests" time="0.0"/>
  <testcase name="TestALotOfAdding" classname="LocalCMCTests" time="0.001"/>
  <testcase name="TestALotOfAdding" classname="LocalCMCTests" time="0.001"/>
  <testcase name="TestALotOfAdding" classname="LocalCMCTests" time="0.001"/>
  <testcase name="TestALotOfAdding" classname="LocalCMCTests" time="0.001"/>
  <testcase name="TestALotOfAdding" classname="LocalCMCTests" time="0.001"/>
  <testcase name="TestALotOfAdding" classname="LocalCMCTests" time="0.001"/>
  <testcase name="TestALotOfAdding" classname="LocalCMCTests" time="0.001"/>
  <testcase name="TestALotOfAdding" classname="LocalCMCTests" time="0.0"/>
  <testcase name="TestALotOfAdding" classname="LocalCMCTests" time="0.001"/>
  <testcase name="TestALotOfAdding" classname="LocalCMCTests" time="0.0"/>
  <testcase name="TestALotOfAdding" classname="LocalCMCTests" time="0.0"/>
  <testcase name="TestALotOfAdding" classname="LocalCMCTests" time="0.002"/>
  <testcase name="TestALotOfAdding" classname="LocalCMCTests" time="0.0"/>
  <testcase name="TestALotOfAdding" classname="LocalCMCTests" time="0.0"/>
  <testcase name="TestALotOfAdding" classname="LocalCMCTests" time="0.0"/>
  <testcase name="TestALotOfAdding" classname="LocalCMCTests" time="0.001"/>
  <testcase name="TestALotOfAdding" classname="LocalCMCTests" time="0.001"/>
  <testcase name="TestALotOfAdding" classname="LocalCMCTests" time="0.001"/>
  <testcase name="TestALotOfAdding" classname="LocalCMCTests" time="0.001"/>
  <testcase name="TestALotOfAdding" classname="LocalCMCTests" time="0.001"/>
  <testcase name="TestALotOfAdding" classname="LocalCMCTests" time="0.001"/>
  <testcase name="TestALotOfAdding" classname="LocalCMCTests" time="0.001"/>
  <testcase name="TestALotOfAdding" classname="LocalCMCTests" time="0.001"/>
  <testcase name="TestALotOfAdding" classname="LocalCMCTests" time="0.0"/>
  <testcase name="TestALotOfAdding" classname="LocalCMCTests" time="0.0"/>
  <testcase name="TestALotOfAdding" classname="LocalCMCTests" time="0.0"/>
  <testcase name="TestALotOfAdding" classname="LocalCMCTests" time="0.001"/>
  <testcase name="TestALotOfAdding" classname="LocalCMCTests" time="0.0"/>
  <testcase name="TestALotOfAdding" classname="LocalCMCTests" time="0.0"/>
  <testcase name="TestALotOfAdding" classname="LocalCMCTests" time="0.0"/>
  <testcase name="TestALotOfAdding" classname="LocalCMCTests" time="0.001"/>
  <testcase name="TestALotOfAdding" classname="LocalCMCTests" time="0.001"/>
  <testcase name="TestALotOfAdding" classname="LocalCMCTests" time="0.001"/>
  <testcase name="TestALotOfAdding" classname="LocalCMCTests" time="0.001"/>
  <testcase name="TestALotOfAdding" classname="LocalCMCTests" time="0.0"/>
  <testcase name="TestALotOfAdding" classname="LocalCMCTests" time="0.001"/>
  <testcase name="TestALotOfAdding" classname="LocalCMCTests" time="0.0"/>
  <testcase name="TestALotOfAdding" classname="LocalCMCTests" time="0.001"/>
  <testcase name="TestALotOfAdding" classname="LocalCMCTests" time="0.001"/>
  <testcase name="TestALotOfAdding" classname="LocalCMCTests" time="0.0"/>
  <testcase name="TestALotOfAdding" classname="LocalCMCTests" time="0.0"/>
  <testcase name="TestALotOfAdding" classname="LocalCMCTests" time="0.0"/>
  <testcase name="TestALotOfAdding" classname="LocalCMCTests" time="0.0"/>
  <testcase name="TestALotOfAdding" classname="LocalCMCTests" time="0.001"/>
  <testcase name="TestALotOfAdding" classname="LocalCMCTests" time="0.0"/>
  <testcase name="TestALotOfAdding" classname="LocalCMCTests" time="0.001"/>
  <testcase name="TestALotOfAdding" classname="LocalCMCTests" time="0.0"/>
  <testcase name="TestALotOfAdding" classname="LocalCMCTests" time="0.0"/>
  <testcase name="TestALotOfAdding" classname="LocalCMCTests" time="0.001"/>
  <testcase name="TestALotOfAdding" classname="LocalCMCTests" time="0.001"/>
  <testcase name="TestALotOfAdding" classname="LocalCMCTests" time="0.001"/>
  <testcase name="TestALotOfAdding" classname="LocalCMCTests" time="0.0"/>
  <testcase name="TestALotOfAdding" classname="LocalCMCTests" time="0.001"/>
  <testcase name="TestALotOfAdding" classname="LocalCMCTests" time="0.0"/>
  <testcase name="TestALotOfAdding" classname="LocalCMCTests" time="0.0"/>
  <testcase name="TestALotOfAdding" classname="LocalCMCTests" time="0.001"/>
  <testcase name="TestALotOfAdding" classname="LocalCMCTests" time="0.0"/>
  <testcase name="TestALotOfAdding" classname="LocalCMCTests" time="0.001"/>
  <testcase name="TestALotOfAdding" classname="LocalCMCTests" time="0.0"/>
  <testcase name="TestALotOfAdding" classname="LocalCMCTests" time="0.002"/>
  <testcase name="TestALotOfAdding" classname="LocalCMCTests" time="0.0"/>
  <testcase name="TestALotOfAdding" classname="LocalCMCTests" time="0.0"/>
  <testcase name="TestALotOfAdding" classname="LocalCMCTests" time="0.001"/>
  <testcase name="TestALotOfAdding" classname="LocalCMCTests" time="0.001"/>
  <testcase name="TestALotOfAdding" classname="LocalCMCTests" time="0.002"/>
  <testcase name="TestALotOfAdding" classname="LocalCMCTests" time="0.0"/>
  <testcase name="TestALotOfAdding" classname="LocalCMCTests" time="0.0"/>
  <testcase name="TestALotOfAdding" classname="LocalCMCTests" time="0.0"/>
  <testcase name="TestALotOfAdding" classname="LocalCMCTests" time="0.001"/>
  <testcase name="TestALotOfAdding" classname="LocalCMCTests" time="0.0"/>
  <testcase name="TestALotOfAdding" classname="LocalCMCTests" time="0.001"/>
  <testcase name="TestALotOfAdding" classname="LocalCMCTests" time="0.0"/>
  <testcase name="TestALotOfAdding" classname="LocalCMCTests" time="0.001"/>
  <testcase name="TestALotOfAdding" classname="LocalCMCTests" time="0.002"/>
  <testcase name="TestALotOfAdding" classname="LocalCMCTests" time="0.0"/>
  <testcase name="TestALotOfAdding" classname="LocalCMCTests" time="0.002"/>
  <testcase name="TestALotOfAdding" classname="LocalCMCTests" time="0.0"/>
  <testcase name="TestALotOfAdding" classname="LocalCMCTests" time="0.001"/>
  <testcase name="TestALotOfAdding" classname="LocalCMCTests" time="0.0"/>
  <testcase name="TestALotOfAdding" classname="LocalCMCTests" time="0.001"/>
  <testcase name="TestALotOfAdding" classname="LocalCMCTests" time="0.001"/>
  <testcase name="TestALotOfAdding" classname="LocalCMCTests" time="0.002"/>
  <testcase name="TestALotOfAdding" classname="LocalCMCTests" time="0.001"/>
  <testcase name="TestALotOfAdding" classname="LocalCMCTests" time="0.0"/>
  <testcase name="TestALotOfAdding" classname="LocalCMCTests" time="0.0"/>
  <testcase name="TestALotOfAdding" classname="LocalCMCTests" time="0.0"/>
  <testcase name="TestALotOfAdding" classname="LocalCMCTests" time="0.0"/>
  <testcase name="TestALotOfAdding" classname="LocalCMCTests" time="0.001"/>
  <testcase name="TestALotOfAdding" classname="LocalCMCTests" time="0.001"/>
  <testcase name="TestALotOfAdding" classname="LocalCMCTests" time="0.001"/>
  <testcase name="TestALotOfAdding" classname="LocalCMCTests" time="0.001"/>
  <testcase name="TestALotOfAdding" classname="LocalCMCTests" time="0.001"/>
  <testcase name="TestALotOfAdding" classname="LocalCMCTests" time="0.0"/>
  <testcase name="TestALotOfAdding" classname="LocalCMCTests" time="0.0"/>
  <testcase name="TestALotOfAdding" classname="LocalCMCTests" time="0.0"/>
  <testcase name="TestALotOfAdding" classname="LocalCMCTests" time="0.002"/>
  <testcase name="TestALotOfAdding" classname="LocalCMCTests" time="0.001"/>
  <testcase name="TestALotOfAdding" classname="LocalCMCTests" time="0.0"/>
  <testcase name="TestALotOfAdding" classname="LocalCMCTests" time="0.001"/>
  <testcase name="TestALotOfAdding" classname="LocalCMCTests" time="0.001"/>
  <testcase name="TestALotOfAdding" classname="LocalCMCTests" time="0.0"/>
  <testcase name="TestALotOfAdding" classname="LocalCMCTests" time="0.001"/>
  <testcase name="TestALotOfAdding" classname="LocalCMCTests" time="0.001"/>
  <testcase name="TestALotOfAdding" classname="LocalCMCTests" time="0.0"/>
  <testcase name="TestALotOfAdding" classname="LocalCMCTests" time="0.0"/>
  <testcase name="TestALotOfAdding" classname="LocalCMCTests" time="0.001"/>
  <testcase name="TestALotOfAdding" classname="LocalCMCTests" time="0.0"/>
  <testcase name="TestALotOfAdding" classname="LocalCMCTests" time="0.0"/>
  <testcase name="TestALotOfAdding" classname="LocalCMCTests" time="0.0"/>
  <testcase name="TestALotOfAdding" classname="LocalCMCTests" time="0.001"/>
  <testcase name="TestALotOfAdding" classname="LocalCMCTests" time="0.0"/>
  <testcase name="TestALotOfAdding" classname="LocalCMCTests" time="0.0"/>
  <testcase name="TestALotOfAdding" classname="LocalCMCTests" time="0.0"/>
  <testcase name="TestALotOfAdding" classname="LocalCMCTests" time="0.001"/>
  <testcase name="TestALotOfAdding" classname="LocalCMCTests" time="0.001"/>
  <testcase name="TestALotOfAdding" classname="LocalCMCTests" time="0.002"/>
  <testcase name="TestALotOfAdding" classname="LocalCMCTests" time="0.001"/>
  <testcase name="TestALotOfAdding" classname="LocalCMCTests" time="0.0"/>
  <testcase name="TestALotOfAdding" classname="LocalCMCTests" time="0.0"/>
  <testcase name="TestALotOfAdding" classname="LocalCMCTests" time="0.001"/>
  <testcase name="TestALotOfAdding" classname="LocalCMCTests" time="0.001"/>
  <testcase name="TestALotOfAdding" classname="LocalCMCTests" time="0.0"/>
  <testcase name="TestALotOfAdding" classname="LocalCMCTests" time="0.0"/>
  <testcase name="TestALotOfAdding" classname="LocalCMCTests" time="0.001"/>
  <testcase name="TestALotOfAdding" classname="LocalCMCTests" time="0.0"/>
  <testcase name="TestALotOfAdding" classname="LocalCMCTests" time="0.001"/>
  <testcase name="TestALotOfAdding" classname="LocalCMCTests" time="0.001"/>
  <testcase name="TestALotOfAdding" classname="LocalCMCTests" time="0.001"/>
  <testcase name="TestALotOfAdding" classname="LocalCMCTests" time="0.0"/>
  <testcase name="TestALotOfAdding" classname="LocalCMCTests" time="0.0"/>
  <testcase name="TestALotOfAdding" classname="LocalCMCTests" time="0.001"/>
  <testcase name="TestALotOfAdding" classname="LocalCMCTests" time="0.001"/>
  <testcase name="TestALotOfAdding" classname="LocalCMCTests" time="0.001"/>
  <testcase name="TestALotOfAdding" classname="LocalCMCTests" time="0.001"/>
  <testcase name="TestALotOfAdding" classname="LocalCMCTests" time="0.001"/>
  <testcase name="TestALotOfAdding" classname="LocalCMCTests" time="0.001"/>
  <testcase name="TestALotOfAdding" classname="LocalCMCTests" time="0.0"/>
  <testcase name="TestALotOfAdding" classname="LocalCMCTests" time="0.001"/>
  <testcase name="TestALotOfAdding" classname="LocalCMCTests" time="0.001"/>
  <testcase name="TestALotOfAdding" classname="LocalCMCTests" time="0.001"/>
  <testcase name="TestALotOfAdding" classname="LocalCMCTests" time="0.0"/>
  <testcase name="TestALotOfAdding" classname="LocalCMCTests" time="0.0"/>
  <testcase name="TestALotOfAdding" classname="LocalCMCTests" time="0.001"/>
  <testcase name="TestALotOfAdding" classname="LocalCMCTests" time="0.0"/>
  <testcase name="TestALotOfAdding" classname="LocalCMCTests" time="0.0"/>
  <testcase name="TestALotOfAdding" classname="LocalCMCTests" time="0.0"/>
  <testcase name="TestALotOfAdding" classname="LocalCMCTests" time="0.0"/>
  <testcase name="TestALotOfAdding" classname="LocalCMCTests" time="0.001"/>
  <testcase name="TestALotOfAdding" classname="LocalCMCTests" time="0.001"/>
  <testcase name="TestALotOfAdding" classname="LocalCMCTests" time="0.0"/>
  <testcase name="TestALotOfAdding" classname="LocalCMCTests" time="0.001"/>
  <testcase name="TestALotOfAdding" classname="LocalCMCTests" time="0.001"/>
  <testcase name="TestALotOfAdding" classname="LocalCMCTests" time="0.0"/>
  <testcase name="TestALotOfAdding" classname="LocalCMCTests" time="0.001"/>
  <testcase name="TestALotOfAdding" classname="LocalCMCTests" time="0.001"/>
  <testcase name="TestALotOfAdding" classname="LocalCMCTests" time="0.001"/>
  <testcase name="TestALotOfAdding" classname="LocalCMCTests" time="0.001"/>
  <testcase name="TestALotOfAdding" classname="LocalCMCTests" time="0.001"/>
  <testcase name="TestALotOfAdding" classname="LocalCMCTests" time="0.001"/>
  <testcase name="TestALotOfAdding" classname="LocalCMCTests" time="0.0"/>
  <testcase name="TestALotOfAdding" classname="LocalCMCTests" time="0.0"/>
  <testcase name="TestALotOfAdding" classname="LocalCMCTests" time="0.0"/>
  <testcase name="TestALotOfAdding" classname="LocalCMCTests" time="0.0"/>
  <testcase name="TestALotOfAdding" classname="LocalCMCTests" time="0.001"/>
  <testcase name="TestALotOfAdding" classname="LocalCMCTests" time="0.001"/>
  <testcase name="TestALotOfAdding" classname="LocalCMCTests" time="0.001"/>
  <testcase name="TestALotOfAdding" classname="LocalCMCTests" time="0.001"/>
  <testcase name="TestALotOfAdding" classname="LocalCMCTests" time="0.001"/>
  <testcase name="TestALotOfAdding" classname="LocalCMCTests" time="0.0"/>
  <testcase name="TestALotOfAdding" classname="LocalCMCTests" time="0.0"/>
  <testcase name="TestALotOfAdding" classname="LocalCMCTests" time="0.001"/>
  <testcase name="TestALotOfAdding" classname="LocalCMCTests" time="0.0"/>
  <testcase name="TestALotOfAdding" classname="LocalCMCTests" time="0.001"/>
  <testcase name="TestALotOfAdding" classname="LocalCMCTests" time="0.001"/>
  <testcase name="TestALotOfAdding" classname="LocalCMCTests" time="0.001"/>
  <testcase name="TestALotOfAdding" classname="LocalCMCTests" time="0.0"/>
  <testcase name="TestALotOfAdding" classname="LocalCMCTests" time="0.0"/>
  <testcase name="TestALotOfAdding" classname="LocalCMCTests" time="0.0"/>
  <testcase name="TestALotOfAdding" classname="LocalCMCTests" time="0.001"/>
  <testcase name="TestALotOfAdding" classname="LocalCMCTests" time="0.0"/>
  <testcase name="TestALotOfAdding" classname="LocalCMCTests" time="0.0"/>
  <testcase name="TestALotOfAdding" classname="LocalCMCTests" time="0.0"/>
  <testcase name="TestALotOfAdding" classname="LocalCMCTests" time="0.001"/>
  <testcase name="TestALotOfAdding" classname="LocalCMCTests" time="0.001"/>
  <testcase name="TestALotOfAdding" classname="LocalCMCTests" time="0.0"/>
  <testcase name="TestALotOfAdding" classname="LocalCMCTests" time="0.001"/>
  <testcase name="TestALotOfAdding" classname="LocalCMCTests" time="0.0"/>
  <testcase name="TestALotOfAdding" classname="LocalCMCTests" time="0.001"/>
  <testcase name="TestALotOfAdding" classname="LocalCMCTests" time="0.001"/>
  <testcase name="TestALotOfAdding" classname="LocalCMCTests" time="0.001"/>
  <testcase name="TestALotOfAdding" classname="LocalCMCTests" time="0.001"/>
  <testcase name="TestALotOfAdding" classname="LocalCMCTests" time="0.0"/>
  <testcase name="TestALotOfAdding" classname="LocalCMCTests" time="0.001"/>
  <testcase name="TestALotOfAdding" classname="LocalCMCTests" time="0.0"/>
  <testcase name="TestALotOfAdding" classname="LocalCMCTests" time="0.0"/>
  <testcase name="TestALotOfAdding" classname="LocalCMCTests" time="0.0"/>
  <testcase name="TestALotOfAdding" classname="LocalCMCTests" time="0.0"/>
  <testcase name="TestALotOfAdding" classname="LocalCMCTests" time="0.0"/>
  <testcase name="TestALotOfAdding" classname="LocalCMCTests" time="0.001"/>
  <testcase name="TestALotOfAdding" classname="LocalCMCTests" time="0.0"/>
  <testcase name="TestALotOfAdding" classname="LocalCMCTests" time="0.001"/>
  <testcase name="TestALotOfAdding" classname="LocalCMCTests" time="0.001"/>
  <testcase name="TestALotOfAdding" classname="LocalCMCTests" time="0.001"/>
  <testcase name="TestALotOfAdding" classname="LocalCMCTests" time="0.001"/>
  <testcase name="TestALotOfAdding" classname="LocalCMCTests" time="0.001"/>
  <testcase name="TestALotOfAdding" classname="LocalCMCTests" time="0.001"/>
  <testcase name="TestALotOfAdding" classname="LocalCMCTests" time="0.001"/>
  <testcase name="TestALotOfAdding" classname="LocalCMCTests" time="0.001"/>
  <testcase name="TestALotOfAdding" classname="LocalCMCTests" time="0.0"/>
  <testcase name="TestALotOfAdding" classname="LocalCMCTests" time="0.002"/>
  <testcase name="TestALotOfAdding" classname="LocalCMCTests" time="0.002"/>
  <testcase name="TestALotOfAdding" classname="LocalCMCTests" time="0.003"/>
  <testcase name="TestALotOfAdding" classname="LocalCMCTests" time="0.0"/>
  <testcase name="TestALotOfAdding" classname="LocalCMCTests" time="0.001"/>
  <testcase name="TestALotOfAdding" classname="LocalCMCTests" time="0.002"/>
  <testcase name="TestALotOfAdding" classname="LocalCMCTests" time="0.001"/>
  <testcase name="TestALotOfAdding" classname="LocalCMCTests" time="0.0"/>
  <testcase name="TestALotOfAdding" classname="LocalCMCTests" time="0.003"/>
  <testcase name="TestALotOfAdding" classname="LocalCMCTests" time="0.001"/>
  <testcase name="TestALotOfAdding" classname="LocalCMCTests" time="0.0"/>
  <testcase name="TestALotOfAdding" classname="LocalCMCTests" time="0.0"/>
  <testcase name="TestALotOfAdding" classname="LocalCMCTests" time="0.0"/>
  <testcase name="TestALotOfAdding" classname="LocalCMCTests" time="0.0"/>
  <testcase name="TestALotOfAdding" classname="LocalCMCTests" time="0.001"/>
  <testcase name="TestALotOfAdding" classname="LocalCMCTests" time="0.0"/>
  <testcase name="TestALotOfAdding" classname="LocalCMCTests" time="0.001"/>
  <testcase name="TestALotOfAdding" classname="LocalCMCTests" time="0.001"/>
  <testcase name="TestALotOfAdding" classname="LocalCMCTests" time="0.001"/>
  <testcase name="TestALotOfAdding" classname="LocalCMCTests" time="0.0"/>
  <testcase name="TestALotOfAdding" classname="LocalCMCTests" time="0.001"/>
  <testcase name="TestALotOfAdding" classname="LocalCMCTests" time="0.0"/>
  <testcase name="TestALotOfAdding" classname="LocalCMCTests" time="0.001"/>
  <testcase name="TestALotOfAdding" classname="LocalCMCTests" time="0.002"/>
  <testcase name="TestALotOfAdding" classname="LocalCMCTests" time="0.0"/>
  <testcase name="TestALotOfAdding" classname="LocalCMCTests" time="0.0"/>
  <testcase name="TestALotOfAdding" classname="LocalCMCTests" time="0.0"/>
  <testcase name="TestALotOfAdding" classname="LocalCMCTests" time="0.0"/>
  <testcase name="TestALotOfAdding" classname="LocalCMCTests" time="0.001"/>
  <testcase name="TestALotOfAdding" classname="LocalCMCTests" time="0.0"/>
  <testcase name="TestALotOfAdding" classname="LocalCMCTests" time="0.001"/>
  <testcase name="TestALotOfAdding" classname="LocalCMCTests" time="0.0"/>
  <testcase name="TestALotOfAdding" classname="LocalCMCTests" time="0.0"/>
  <testcase name="TestALotOfAdding" classname="LocalCMCTests" time="0.0"/>
  <testcase name="TestALotOfAdding" classname="LocalCMCTests" time="0.0"/>
  <testcase name="TestALotOfAdding" classname="LocalCMCTests" time="0.001"/>
  <testcase name="TestALotOfAdding" classname="LocalCMCTests" time="0.0"/>
  <testcase name="TestALotOfAdding" classname="LocalCMCTests" time="0.001"/>
  <testcase name="TestALotOfAdding" classname="LocalCMCTests" time="0.001"/>
  <testcase name="TestALotOfAdding" classname="LocalCMCTests" time="0.001"/>
  <testcase name="TestALotOfAdding" classname="LocalCMCTests" time="0.0"/>
  <testcase name="TestALotOfAdding" classname="LocalCMCTests" time="0.0"/>
  <testcase name="TestALotOfAdding" classname="LocalCMCTests" time="0.0"/>
  <testcase name="TestALotOfAdding" classname="LocalCMCTests" time="0.0"/>
  <testcase name="TestALotOfAdding" classname="LocalCMCTests" time="0.0"/>
  <testcase name="TestALotOfAdding" classname="LocalCMCTests" time="0.001"/>
  <testcase name="TestALotOfAdding" classname="LocalCMCTests" time="0.0"/>
  <testcase name="TestALotOfAdding" classname="LocalCMCTests" time="0.002"/>
  <testcase name="TestALotOfAdding" classname="LocalCMCTests" time="0.001"/>
  <testcase name="TestALotOfAdding" classname="LocalCMCTests" time="0.0"/>
  <testcase name="TestALotOfAdding" classname="LocalCMCTests" time="0.0"/>
  <testcase name="TestALotOfAdding" classname="LocalCMCTests" time="0.0"/>
  <testcase name="TestALotOfAdding" classname="LocalCMCTests" time="0.001"/>
  <testcase name="TestALotOfAdding" classname="LocalCMCTests" time="0.001"/>
  <testcase name="TestALotOfAdding" classname="LocalCMCTests" time="0.001"/>
  <testcase name="TestALotOfAdding" classname="LocalCMCTests" time="0.0"/>
  <testcase name="TestALotOfAdding" classname="LocalCMCTests" time="0.001"/>
  <testcase name="TestALotOfAdding" classname="LocalCMCTests" time="0.0"/>
  <testcase name="TestALotOfAdding" classname="LocalCMCTests" time="0.0"/>
  <testcase name="TestALotOfAdding" classname="LocalCMCTests" time="0.001"/>
  <testcase name="TestALotOfAdding" classname="LocalCMCTests" time="0.0"/>
  <testcase name="TestALotOfAdding" classname="LocalCMCTests" time="0.0"/>
  <testcase name="TestALotOfAdding" classname="LocalCMCTests" time="0.001"/>
  <testcase name="TestALotOfAdding" classname="LocalCMCTests" time="0.001"/>
  <testcase name="TestALotOfAdding" classname="LocalCMCTests" time="0.0"/>
  <testcase name="TestALotOfAdding" classname="LocalCMCTests" time="0.001"/>
  <testcase name="TestALotOfAdding" classname="LocalCMCTests" time="0.0"/>
  <testcase name="TestALotOfAdding" classname="LocalCMCTests" time="0.001"/>
  <testcase name="TestALotOfAdding" classname="LocalCMCTests" time="0.001"/>
  <testcase name="TestALotOfAdding" classname="LocalCMCTests" time="0.001"/>
  <testcase name="TestALotOfAdding" classname="LocalCMCTests" time="0.002"/>
  <testcase name="TestALotOfAdding" classname="LocalCMCTests" time="0.0"/>
  <testcase name="TestALotOfAdding" classname="LocalCMCTests" time="0.0"/>
  <testcase name="TestALotOfAdding" classname="LocalCMCTests" time="0.001"/>
  <testcase name="TestALotOfAdding" classname="LocalCMCTests" time="0.0"/>
  <testcase name="TestALotOfAdding" classname="LocalCMCTests" time="0.001"/>
  <testcase name="TestALotOfAdding" classname="LocalCMCTests" time="0.0"/>
  <testcase name="TestALotOfAdding" classname="LocalCMCTests" time="0.001"/>
  <testcase name="TestALotOfAdding" classname="LocalCMCTests" time="0.001"/>
  <testcase name="TestALotOfAdding" classname="LocalCMCTests" time="0.001"/>
  <testcase name="TestALotOfAdding" classname="LocalCMCTests" time="0.0"/>
  <testcase name="TestALotOfAdding" classname="LocalCMCTests" time="0.0"/>
  <testcase name="TestALotOfAdding" classname="LocalCMCTests" time="0.0"/>
  <testcase name="TestALotOfAdding" classname="LocalCMCTests" time="0.001"/>
  <testcase name="TestALotOfAdding" classname="LocalCMCTests" time="0.001"/>
  <testcase name="TestALotOfAdding" classname="LocalCMCTests" time="0.001"/>
  <testcase name="TestALotOfAdding" classname="LocalCMCTests" time="0.0"/>
  <testcase name="TestALotOfAdding" classname="LocalCMCTests" time="0.001"/>
  <testcase name="TestALotOfAdding" classname="LocalCMCTests" time="0.0"/>
  <testcase name="TestALotOfAdding" classname="LocalCMCTests" time="0.0"/>
  <testcase name="TestALotOfAdding" classname="LocalCMCTests" time="0.001"/>
  <testcase name="TestALotOfAdding" classname="LocalCMCTests" time="0.001"/>
  <testcase name="TestALotOfAdding" classname="LocalCMCTests" time="0.001"/>
  <testcase name="TestALotOfAdding" classname="LocalCMCTests" time="0.0"/>
  <testcase name="TestALotOfAdding" classname="LocalCMCTests" time="0.0"/>
  <testcase name="TestALotOfAdding" classname="LocalCMCTests" time="0.0"/>
  <testcase name="TestALotOfAdding" classname="LocalCMCTests" time="0.0"/>
  <testcase name="TestALotOfAdding" classname="LocalCMCTests" time="0.0"/>
  <testcase name="TestALotOfAdding" classname="LocalCMCTests" time="0.001"/>
  <testcase name="TestALotOfAdding" classname="LocalCMCTests" time="0.0"/>
  <testcase name="TestALotOfAdding" classname="LocalCMCTests" time="0.001"/>
  <testcase name="TestALotOfAdding" classname="LocalCMCTests" time="0.001"/>
  <testcase name="TestALotOfAdding" classname="LocalCMCTests" time="0.001"/>
  <testcase name="TestALotOfAdding" classname="LocalCMCTests" time="0.001"/>
  <testcase name="TestALotOfAdding" classname="LocalCMCTests" time="0.0"/>
  <testcase name="TestALotOfAdding" classname="LocalCMCTests" time="0.001"/>
  <testcase name="TestALotOfAdding" classname="LocalCMCTests" time="0.0"/>
  <testcase name="TestALotOfAdding" classname="LocalCMCTests" time="0.0"/>
  <testcase name="TestALotOfAdding" classname="LocalCMCTests" time="0.001"/>
  <testcase name="TestALotOfAdding" classname="LocalCMCTests" time="0.0"/>
  <testcase name="TestALotOfAdding" classname="LocalCMCTests" time="0.0"/>
  <testcase name="TestALotOfAdding" classname="LocalCMCTests" time="0.001"/>
  <testcase name="TestALotOfAdding" classname="LocalCMCTests" time="0.0"/>
  <testcase name="TestALotOfAdding" classname="LocalCMCTests" time="0.0"/>
  <testcase name="TestALotOfAdding" classname="LocalCMCTests" time="0.001"/>
  <testcase name="TestALotOfAdding" classname="LocalCMCTests" time="0.002"/>
  <testcase name="TestALotOfAdding" classname="LocalCMCTests" time="0.001"/>
  <testcase name="TestALotOfAdding" classname="LocalCMCTests" time="0.0"/>
  <testcase name="TestALotOfAdding" classname="LocalCMCTests" time="0.001"/>
  <testcase name="TestALotOfAdding" classname="LocalCMCTests" time="0.001"/>
  <testcase name="TestALotOfAdding" classname="LocalCMCTests" time="0.001"/>
  <testcase name="TestALotOfAdding" classname="LocalCMCTests" time="0.0"/>
  <testcase name="TestALotOfAdding" classname="LocalCMCTests" time="0.001"/>
  <testcase name="TestALotOfAdding" classname="LocalCMCTests" time="0.001"/>
  <testcase name="TestALotOfAdding" classname="LocalCMCTests" time="0.0"/>
  <testcase name="TestALotOfAdding" classname="LocalCMCTests" time="0.0"/>
  <testcase name="TestALotOfAdding" classname="LocalCMCTests" time="0.0"/>
  <testcase name="TestALotOfAdding" classname="LocalCMCTests" time="0.0"/>
  <testcase name="TestALotOfAdding" classname="LocalCMCTests" time="0.001"/>
  <testcase name="TestALotOfAdding" classname="LocalCMCTests" time="0.0"/>
  <testcase name="TestALotOfAdding" classname="LocalCMCTests" time="0.0"/>
  <testcase name="TestALotOfAdding" classname="LocalCMCTests" time="0.0"/>
  <testcase name="TestALotOfAdding" classname="LocalCMCTests" time="0.0"/>
  <testcase name="TestALotOfAdding" classname="LocalCMCTests" time="0.001"/>
  <testcase name="TestALotOfAdding" classname="LocalCMCTests" time="0.002"/>
  <testcase name="TestALotOfAdding" classname="LocalCMCTests" time="0.001"/>
  <testcase name="TestALotOfAdding" classname="LocalCMCTests" time="0.001"/>
  <testcase name="TestALotOfAdding" classname="LocalCMCTests" time="0.0"/>
  <testcase name="TestALotOfAdding" classname="LocalCMCTests" time="0.0"/>
  <testcase name="TestALotOfAdding" classname="LocalCMCTests" time="0.001"/>
  <testcase name="TestALotOfAdding" classname="LocalCMCTests" time="0.001"/>
  <testcase name="TestALotOfAdding" classname="LocalCMCTests" time="0.001"/>
  <testcase name="TestALotOfAdding" classname="LocalCMCTests" time="0.0"/>
  <testcase name="TestALotOfAdding" classname="LocalCMCTests" time="0.0"/>
  <testcase name="TestALotOfAdding" classname="LocalCMCTests" time="0.0"/>
  <testcase name="TestALotOfAdding" classname="LocalCMCTests" time="0.0"/>
  <testcase name="TestALotOfAdding" classname="LocalCMCTests" time="0.0"/>
  <testcase name="TestALotOfAdding" classname="LocalCMCTests" time="0.001"/>
  <testcase name="TestALotOfAdding" classname="LocalCMCTests" time="0.001"/>
  <testcase name="TestALotOfAdding" classname="LocalCMCTests" time="0.002"/>
  <testcase name="TestALotOfAdding" classname="LocalCMCTests" time="0.001"/>
  <testcase name="TestALotOfAdding" classname="LocalCMCTests" time="0.0"/>
  <testcase name="TestALotOfAdding" classname="LocalCMCTests" time="0.001"/>
  <testcase name="TestALotOfAdding" classname="LocalCMCTests" time="0.002"/>
  <testcase name="TestALotOfAdding" classname="LocalCMCTests" time="0.001"/>
  <testcase name="TestALotOfAdding" classname="LocalCMCTests" time="0.001"/>
  <testcase name="TestALotOfAdding" classname="LocalCMCTests" time="0.0"/>
  <testcase name="TestALotOfAdding" classname="LocalCMCTests" time="0.0"/>
  <testcase name="TestALotOfAdding" classname="LocalCMCTests" time="0.0"/>
  <testcase name="TestALotOfAdding" classname="LocalCMCTests" time="0.0"/>
  <testcase name="TestALotOfAdding" classname="LocalCMCTests" time="0.001"/>
  <testcase name="TestALotOfAdding" classname="LocalCMCTests" time="0.0"/>
  <testcase name="TestALotOfAdding" classname="LocalCMCTests" time="0.0"/>
  <testcase name="TestALotOfAdding" classname="LocalCMCTests" time="0.0"/>
  <testcase name="TestALotOfAdding" classname="LocalCMCTests" time="0.0"/>
  <testcase name="TestALotOfAdding" classname="LocalCMCTests" time="0.001"/>
  <testcase name="TestALotOfAdding" classname="LocalCMCTests" time="0.001"/>
  <testcase name="TestALotOfAdding" classname="LocalCMCTests" time="0.001"/>
  <testcase name="TestALotOfAdding" classname="LocalCMCTests" time="0.001"/>
  <testcase name="TestALotOfAdding" classname="LocalCMCTests" time="0.001"/>
  <testcase name="TestALotOfAdding" classname="LocalCMCTests" time="0.0"/>
  <testcase name="TestALotOfAdding" classname="LocalCMCTests" time="0.0"/>
  <testcase name="TestALotOfAdding" classname="LocalCMCTests" time="0.0"/>
  <testcase name="TestALotOfAdding" classname="LocalCMCTests" time="0.0"/>
  <testcase name="TestALotOfAdding" classname="LocalCMCTests" time="0.0"/>
  <testcase name="TestALotOfAdding" classname="LocalCMCTests" time="0.0"/>
  <testcase name="TestALotOfAdding" classname="LocalCMCTests" time="0.001"/>
  <testcase name="TestALotOfAdding" classname="LocalCMCTests" time="0.001"/>
  <testcase name="TestALotOfAdding" classname="LocalCMCTests" time="0.0"/>
  <testcase name="TestALotOfAdding" classname="LocalCMCTests" time="0.001"/>
  <testcase name="TestALotOfAdding" classname="LocalCMCTests" time="0.0"/>
  <testcase name="TestALotOfAdding" classname="LocalCMCTests" time="0.001"/>
  <testcase name="TestALotOfAdding" classname="LocalCMCTests" time="0.001"/>
  <testcase name="TestALotOfAdding" classname="LocalCMCTests" time="0.001"/>
  <testcase name="TestALotOfAdding" classname="LocalCMCTests" time="0.001"/>
  <testcase name="TestALotOfAdding" classname="LocalCMCTests" time="0.0"/>
  <testcase name="TestALotOfAdding" classname="LocalCMCTests" time="0.0"/>
  <testcase name="TestALotOfAdding" classname="LocalCMCTests" time="0.001"/>
  <testcase name="TestALotOfAdding" classname="LocalCMCTests" time="0.0"/>
  <testcase name="TestALotOfAdding" classname="LocalCMCTests" time="0.001"/>
  <testcase name="TestALotOfAdding" classname="LocalCMCTests" time="0.001"/>
  <testcase name="TestALotOfAdding" classname="LocalCMCTests" time="0.0"/>
  <testcase name="TestALotOfAdding" classname="LocalCMCTests" time="0.0"/>
  <testcase name="TestALotOfAdding" classname="LocalCMCTests" time="0.0"/>
  <testcase name="TestALotOfAdding" classname="LocalCMCTests" time="0.0"/>
  <testcase name="TestALotOfAdding" classname="LocalCMCTests" time="0.0"/>
  <testcase name="TestALotOfAdding" classname="LocalCMCTests" time="0.0"/>
  <testcase name="TestALotOfAdding" classname="LocalCMCTests" time="0.002"/>
  <testcase name="TestALotOfAdding" classname="LocalCMCTests" time="0.001"/>
  <testcase name="TestALotOfAdding" classname="LocalCMCTests" time="0.0"/>
  <testcase name="TestALotOfAdding" classname="LocalCMCTests" time="0.001"/>
  <testcase name="TestALotOfAdding" classname="LocalCMCTests" time="0.001"/>
  <testcase name="TestALotOfAdding" classname="LocalCMCTests" time="0.001"/>
  <testcase name="TestALotOfAdding" classname="LocalCMCTests" time="0.001"/>
  <testcase name="TestALotOfAdding" classname="LocalCMCTests" time="0.001"/>
  <testcase name="TestALotOfAdding" classname="LocalCMCTests" time="0.001"/>
  <testcase name="TestALotOfAdding" classname="LocalCMCTests" time="0.001"/>
  <testcase name="TestALotOfAdding" classname="LocalCMCTests" time="0.0"/>
  <testcase name="TestALotOfAdding" classname="LocalCMCTests" time="0.0"/>
  <testcase name="TestALotOfAdding" classname="LocalCMCTests" time="0.0"/>
  <testcase name="TestALotOfAdding" classname="LocalCMCTests" time="0.0"/>
  <testcase name="TestALotOfAdding" classname="LocalCMCTests" time="0.0"/>
  <testcase name="TestALotOfAdding" classname="LocalCMCTests" time="0.0"/>
  <testcase name="TestALotOfAdding" classname="LocalCMCTests" time="0.0"/>
  <testcase name="TestALotOfAdding" classname="LocalCMCTests" time="0.001"/>
  <testcase name="TestALotOfAdding" classname="LocalCMCTests" time="0.0"/>
  <testcase name="TestALotOfAdding" classname="LocalCMCTests" time="0.001"/>
  <testcase name="TestALotOfAdding" classname="LocalCMCTests" time="0.001"/>
  <testcase name="TestALotOfAdding" classname="LocalCMCTests" time="0.001"/>
  <testcase name="TestALotOfAdding" classname="LocalCMCTests" time="0.001"/>
  <testcase name="TestALotOfAdding" classname="LocalCMCTests" time="0.0"/>
  <testcase name="TestALotOfAdding" classname="LocalCMCTests" time="0.001"/>
  <testcase name="TestALotOfAdding" classname="LocalCMCTests" time="0.001"/>
  <testcase name="TestALotOfAdding" classname="LocalCMCTests" time="0.0"/>
  <testcase name="TestALotOfAdding" classname="LocalCMCTests" time="0.0"/>
  <testcase name="TestALotOfAdding" classname="LocalCMCTests" time="0.002"/>
  <testcase name="TestALotOfAdding" classname="LocalCMCTests" time="0.001"/>
  <testcase name="TestALotOfAdding" classname="LocalCMCTests" time="0.0"/>
  <testcase name="TestALotOfAdding" classname="LocalCMCTests" time="0.0"/>
  <testcase name="TestALotOfAdding" classname="LocalCMCTests" time="0.0"/>
  <testcase name="TestALotOfAdding" classname="LocalCMCTests" time="0.0"/>
  <testcase name="TestALotOfAdding" classname="LocalCMCTests" time="0.0"/>
  <testcase name="TestALotOfAdding" classname="LocalCMCTests" time="0.002"/>
  <testcase name="TestALotOfAdding" classname="LocalCMCTests" time="0.001"/>
  <testcase name="TestALotOfAdding" classname="LocalCMCTests" time="0.0"/>
  <testcase name="TestALotOfAdding" classname="LocalCMCTests" time="0.001"/>
  <testcase name="TestALotOfAdding" classname="LocalCMCTests" time="0.001"/>
  <testcase name="TestALotOfAdding" classname="LocalCMCTests" time="0.001"/>
  <testcase name="TestALotOfAdding" classname="LocalCMCTests" time="0.0"/>
  <testcase name="TestALotOfAdding" classname="LocalCMCTests" time="0.001"/>
  <testcase name="TestALotOfAdding" classname="LocalCMCTests" time="0.0"/>
  <testcase name="TestALotOfAdding" classname="LocalCMCTests" time="0.001"/>
  <testcase name="TestALotOfAdding" classname="LocalCMCTests" time="0.001"/>
  <testcase name="TestALotOfAdding" classname="LocalCMCTests" time="0.0"/>
  <testcase name="TestALotOfAdding" classname="LocalCMCTests" time="0.0"/>
  <testcase name="TestALotOfAdding" classname="LocalCMCTests" time="0.0"/>
  <testcase name="TestALotOfAdding" classname="LocalCMCTests" time="0.001"/>
  <testcase name="TestALotOfAdding" classname="LocalCMCTests" time="0.001"/>
  <testcase name="TestALotOfAdding" classname="LocalCMCTests" time="0.0"/>
  <testcase name="TestALotOfAdding" classname="LocalCMCTests" time="0.001"/>
  <testcase name="TestALotOfAdding" classname="LocalCMCTests" time="0.001"/>
  <testcase name="TestALotOfAdding" classname="LocalCMCTests" time="0.0"/>
  <testcase name="TestALotOfAdding" classname="LocalCMCTests" time="0.001"/>
  <testcase name="TestALotOfAdding" classname="LocalCMCTests" time="0.0"/>
  <testcase name="TestALotOfAdding" classname="LocalCMCTests" time="0.001"/>
  <testcase name="TestALotOfAdding" classname="LocalCMCTests" time="0.002"/>
  <testcase name="TestALotOfAdding" classname="LocalCMCTests" time="0.0"/>
  <testcase name="TestALotOfAdding" classname="LocalCMCTests" time="0.0"/>
  <testcase name="TestALotOfAdding" classname="LocalCMCTests" time="0.0"/>
  <testcase name="TestALotOfAdding" classname="LocalCMCTests" time="0.0"/>
  <testcase name="TestALotOfAdding" classname="LocalCMCTests" time="0.001"/>
  <testcase name="TestALotOfAdding" classname="LocalCMCTests" time="0.0"/>
  <testcase name="TestALotOfAdding" classname="LocalCMCTests" time="0.001"/>
  <testcase name="TestALotOfAdding" classname="LocalCMCTests" time="0.0"/>
  <testcase name="TestALotOfAdding" classname="LocalCMCTests" time="0.0"/>
  <testcase name="TestALotOfAdding" classname="LocalCMCTests" time="0.001"/>
  <testcase name="TestALotOfAdding" classname="LocalCMCTests" time="0.001"/>
  <testcase name="TestALotOfAdding" classname="LocalCMCTests" time="0.001"/>
  <testcase name="TestALotOfAdding" classname="LocalCMCTests" time="0.0"/>
  <testcase name="TestALotOfAdding" classname="LocalCMCTests" time="0.001"/>
  <testcase name="TestALotOfAdding" classname="LocalCMCTests" time="0.0"/>
  <testcase name="TestALotOfAdding" classname="LocalCMCTests" time="0.0"/>
  <testcase name="TestALotOfAdding" classname="LocalCMCTests" time="0.001"/>
  <testcase name="TestALotOfAdding" classname="LocalCMCTests" time="0.001"/>
  <testcase name="TestALotOfAdding" classname="LocalCMCTests" time="0.001"/>
  <testcase name="TestALotOfAdding" classname="LocalCMCTests" time="0.001"/>
  <testcase name="TestALotOfAdding" classname="LocalCMCTests" time="0.001"/>
  <testcase name="TestALotOfAdding" classname="LocalCMCTests" time="0.0"/>
  <testcase name="TestALotOfAdding" classname="LocalCMCTests" time="0.0"/>
  <testcase name="TestALotOfAdding" classname="LocalCMCTests" time="0.0"/>
  <testcase name="TestALotOfAdding" classname="LocalCMCTests" time="0.001"/>
  <testcase name="TestALotOfAdding" classname="LocalCMCTests" time="0.001"/>
  <testcase name="TestALotOfAdding" classname="LocalCMCTests" time="0.001"/>
  <testcase name="TestALotOfAdding" classname="LocalCMCTests" time="0.001"/>
  <testcase name="TestALotOfAdding" classname="LocalCMCTests" time="0.001"/>
  <testcase name="TestALotOfAdding" classname="LocalCMCTests" time="0.0"/>
  <testcase name="TestALotOfAdding" classname="LocalCMCTests" time="0.001"/>
  <testcase name="TestALotOfAdding" classname="LocalCMCTests" time="0.001"/>
  <testcase name="TestALotOfAdding" classname="LocalCMCTests" time="0.0"/>
  <testcase name="TestALotOfAdding" classname="LocalCMCTests" time="0.001"/>
  <testcase name="TestALotOfAdding" classname="LocalCMCTests" time="0.0"/>
  <testcase name="TestALotOfAdding" classname="LocalCMCTests" time="0.0"/>
  <testcase name="TestALotOfAdding" classname="LocalCMCTests" time="0.0"/>
  <testcase name="TestALotOfAdding" classname="LocalCMCTests" time="0.0"/>
  <testcase name="TestALotOfAdding" classname="LocalCMCTests" time="0.0"/>
  <testcase name="TestALotOfAdding" classname="LocalCMCTests" time="0.001"/>
  <testcase name="TestALotOfAdding" classname="LocalCMCTests" time="0.0"/>
  <testcase name="TestALotOfAdding" classname="LocalCMCTests" time="0.001"/>
  <testcase name="TestALotOfAdding" classname="LocalCMCTests" time="0.001"/>
  <testcase name="TestALotOfAdding" classname="LocalCMCTests" time="0.001"/>
  <testcase name="TestALotOfAdding" classname="LocalCMCTests" time="0.001"/>
  <testcase name="TestALotOfAdding" classname="LocalCMCTests" time="0.001"/>
  <testcase name="TestALotOfAdding" classname="LocalCMCTests" time="0.001"/>
  <testcase name="TestALotOfAdding" classname="LocalCMCTests" time="0.001"/>
  <testcase name="TestALotOfAdding" classname="LocalCMCTests" time="0.0"/>
  <testcase name="TestALotOfAdding" classname="LocalCMCTests" time="0.0"/>
  <testcase name="TestALotOfAdding" classname="LocalCMCTests" time="0.0"/>
  <testcase name="TestALotOfAdding" classname="LocalCMCTests" time="0.001"/>
  <testcase name="TestALotOfAdding" classname="LocalCMCTests" time="0.0"/>
  <testcase name="TestALotOfAdding" classname="LocalCMCTests" time="0.001"/>
  <testcase name="TestALotOfAdding" classname="LocalCMCTests" time="0.0"/>
  <testcase name="TestALotOfAdding" classname="LocalCMCTests" time="0.0"/>
  <testcase name="TestALotOfAdding" classname="LocalCMCTests" time="0.0"/>
  <testcase name="TestALotOfAdding" classname="LocalCMCTests" time="0.0"/>
  <testcase name="TestALotOfAdding" classname="LocalCMCTests" time="0.001"/>
  <testcase name="TestALotOfAdding" classname="LocalCMCTests" time="0.001"/>
  <testcase name="TestALotOfAdding" classname="LocalCMCTests" time="0.001"/>
  <testcase name="TestALotOfAdding" classname="LocalCMCTests" time="0.0"/>
  <testcase name="TestALotOfAdding" classname="LocalCMCTests" time="0.001"/>
  <testcase name="TestALotOfAdding" classname="LocalCMCTests" time="0.0"/>
  <testcase name="TestALotOfAdding" classname="LocalCMCTests" time="0.0"/>
  <testcase name="TestALotOfAdding" classname="LocalCMCTests" time="0.001"/>
  <testcase name="TestALotOfAdding" classname="LocalCMCTests" time="0.001"/>
  <testcase name="TestALotOfAdding" classname="LocalCMCTests" time="0.001"/>
  <testcase name="TestALotOfAdding" classname="LocalCMCTests" time="0.001"/>
  <testcase name="TestALotOfAdding" classname="LocalCMCTests" time="0.0"/>
  <testcase name="TestALotOfAdding" classname="LocalCMCTests" time="0.0"/>
  <testcase name="TestALotOfAdding" classname="LocalCMCTests" time="0.0"/>
  <testcase name="TestALotOfAdding" classname="LocalCMCTests" time="0.0"/>
  <testcase name="TestALotOfAdding" classname="LocalCMCTests" time="0.0"/>
  <testcase name="TestALotOfAdding" classname="LocalCMCTests" time="0.0"/>
  <testcase name="TestALotOfAdding" classname="LocalCMCTests" time="0.0"/>
  <testcase name="TestALotOfAdding" classname="LocalCMCTests" time="0.001"/>
  <testcase name="TestALotOfAdding" classname="LocalCMCTests" time="0.001"/>
  <testcase name="TestALotOfAdding" classname="LocalCMCTests" time="0.001"/>
  <testcase name="TestALotOfAdding" classname="LocalCMCTests" time="0.001"/>
  <testcase name="TestALotOfAdding" classname="LocalCMCTests" time="0.001"/>
  <testcase name="TestALotOfAdding" classname="LocalCMCTests" time="0.001"/>
  <testcase name="TestALotOfAdding" classname="LocalCMCTests" time="0.0"/>
  <testcase name="TestALotOfAdding" classname="LocalCMCTests" time="0.0"/>
  <testcase name="TestALotOfAdding" classname="LocalCMCTests" time="0.0"/>
  <testcase name="TestALotOfAdding" classname="LocalCMCTests" time="0.0"/>
  <testcase name="TestALotOfAdding" classname="LocalCMCTests" time="0.0"/>
  <testcase name="TestALotOfAdding" classname="LocalCMCTests" time="0.0"/>
  <testcase name="TestALotOfAdding" classname="LocalCMCTests" time="0.001"/>
  <testcase name="TestALotOfAdding" classname="LocalCMCTests" time="0.0"/>
  <testcase name="TestALotOfAdding" classname="LocalCMCTests" time="0.001"/>
  <testcase name="TestALotOfAdding" classname="LocalCMCTests" time="0.0"/>
  <testcase name="TestALotOfAdding" classname="LocalCMCTests" time="0.001"/>
  <testcase name="TestALotOfAdding" classname="LocalCMCTests" time="0.001"/>
  <testcase name="TestALotOfAdding" classname="LocalCMCTests" time="0.001"/>
  <testcase name="TestALotOfAdding" classname="LocalCMCTests" time="0.0"/>
  <testcase name="TestALotOfAdding" classname="LocalCMCTests" time="0.001"/>
  <testcase name="TestALotOfAdding" classname="LocalCMCTests" time="0.001"/>
  <testcase name="TestALotOfAdding" classname="LocalCMCTests" time="0.001"/>
  <testcase name="TestALotOfAdding" classname="LocalCMCTests" time="0.001"/>
  <testcase name="TestALotOfAdding" classname="LocalCMCTests" time="0.0"/>
  <testcase name="TestALotOfAdding" classname="LocalCMCTests" time="0.0"/>
  <testcase name="TestALotOfAdding" classname="LocalCMCTests" time="0.0"/>
  <testcase name="TestALotOfAdding" classname="LocalCMCTests" time="0.0"/>
  <testcase name="TestALotOfAdding" classname="LocalCMCTests" time="0.001"/>
  <testcase name="TestALotOfAdding" classname="LocalCMCTests" time="0.0"/>
  <testcase name="TestALotOfAdding" classname="LocalCMCTests" time="0.0"/>
  <testcase name="TestALotOfAdding" classname="LocalCMCTests" time="0.001"/>
  <testcase name="TestALotOfAdding" classname="LocalCMCTests" time="0.0"/>
  <testcase name="TestALotOfAdding" classname="LocalCMCTests" time="0.001"/>
  <testcase name="TestALotOfAdding" classname="LocalCMCTests" time="0.001"/>
  <testcase name="TestALotOfAdding" classname="LocalCMCTests" time="0.0"/>
  <testcase name="TestALotOfAdding" classname="LocalCMCTests" time="0.001"/>
  <testcase name="TestALotOfAdding" classname="LocalCMCTests" time="0.0"/>
  <testcase name="TestALotOfAdding" classname="LocalCMCTests" time="0.001"/>
  <testcase name="TestALotOfAdding" classname="LocalCMCTests" time="0.0"/>
  <testcase name="TestALotOfAdding" classname="LocalCMCTests" time="0.0"/>
  <testcase name="TestALotOfAdding" classname="LocalCMCTests" time="0.001"/>
  <testcase name="TestALotOfAdding" classname="LocalCMCTests" time="0.0"/>
  <testcase name="TestALotOfAdding" classname="LocalCMCTests" time="0.002"/>
  <testcase name="TestALotOfAdding" classname="LocalCMCTests" time="0.002"/>
  <testcase name="TestALotOfAdding" classname="LocalCMCTests" time="0.0"/>
  <testcase name="TestALotOfAdding" classname="LocalCMCTests" time="0.0"/>
  <testcase name="TestALotOfAdding" classname="LocalCMCTests" time="0.0"/>
  <testcase name="TestALotOfAdding" classname="LocalCMCTests" time="0.0"/>
  <testcase name="TestALotOfAdding" classname="LocalCMCTests" time="0.025"/>
  <testcase name="TestALotOfAdding" classname="LocalCMCTests" time="0.0"/>
  <testcase name="TestALotOfAdding" classname="LocalCMCTests" time="0.001"/>
  <testcase name="TestALotOfAdding" classname="LocalCMCTests" time="0.001"/>
  <testcase name="TestALotOfAdding" classname="LocalCMCTests" time="0.0"/>
  <testcase name="TestALotOfAdding" classname="LocalCMCTests" time="0.001"/>
  <testcase name="TestALotOfAdding" classname="LocalCMCTests" time="0.0"/>
  <testcase name="TestALotOfAdding" classname="LocalCMCTests" time="0.001"/>
  <testcase name="TestALotOfAdding" classname="LocalCMCTests" time="0.001"/>
  <testcase name="TestALotOfAdding" classname="LocalCMCTests" time="0.0"/>
  <testcase name="TestALotOfAdding" classname="LocalCMCTests" time="0.001"/>
  <testcase name="TestALotOfAdding" classname="LocalCMCTests" time="0.0"/>
  <testcase name="TestALotOfAdding" classname="LocalCMCTests" time="0.001"/>
  <testcase name="TestALotOfAdding" classname="LocalCMCTests" time="0.001"/>
  <testcase name="TestALotOfAdding" classname="LocalCMCTests" time="0.001"/>
  <testcase name="TestALotOfAdding" classname="LocalCMCTests" time="0.001"/>
  <testcase name="TestALotOfAdding" classname="LocalCMCTests" time="0.001"/>
  <testcase name="TestALotOfAdding" classname="LocalCMCTests" time="0.002"/>
  <testcase name="TestALotOfAdding" classname="LocalCMCTests" time="0.0"/>
  <testcase name="TestALotOfAdding" classname="LocalCMCTests" time="0.001"/>
  <testcase name="TestALotOfAdding" classname="LocalCMCTests" time="0.001"/>
  <testcase name="TestALotOfAdding" classname="LocalCMCTests" time="0.001"/>
  <testcase name="TestALotOfAdding" classname="LocalCMCTests" time="0.002"/>
  <testcase name="TestALotOfAdding" classname="LocalCMCTests" time="0.0"/>
  <testcase name="TestALotOfAdding" classname="LocalCMCTests" time="0.0"/>
  <testcase name="TestALotOfAdding" classname="LocalCMCTests" time="0.0"/>
  <testcase name="TestALotOfAdding" classname="LocalCMCTests" time="0.0"/>
  <testcase name="TestALotOfAdding" classname="LocalCMCTests" time="0.0"/>
  <testcase name="TestALotOfAdding" classname="LocalCMCTests" time="0.001"/>
  <testcase name="TestALotOfAdding" classname="LocalCMCTests" time="0.0"/>
  <testcase name="TestALotOfAdding" classname="LocalCMCTests" time="0.001"/>
  <testcase name="TestALotOfAdding" classname="LocalCMCTests" time="0.0"/>
  <testcase name="TestALotOfAdding" classname="LocalCMCTests" time="0.0"/>
  <testcase name="TestALotOfAdding" classname="LocalCMCTests" time="0.0"/>
  <testcase name="TestALotOfAdding" classname="LocalCMCTests" time="0.001"/>
  <testcase name="TestALotOfAdding" classname="LocalCMCTests" time="0.0"/>
  <testcase name="TestALotOfAdding" classname="LocalCMCTests" time="0.001"/>
  <testcase name="TestALotOfAdding" classname="LocalCMCTests" time="0.001"/>
  <testcase name="TestALotOfAdding" classname="LocalCMCTests" time="0.001"/>
  <testcase name="TestALotOfAdding" classname="LocalCMCTests" time="0.0"/>
  <testcase name="TestALotOfAdding" classname="LocalCMCTests" time="0.0"/>
  <testcase name="TestALotOfAdding" classname="LocalCMCTests" time="0.0"/>
  <testcase name="TestALotOfAdding" classname="LocalCMCTests" time="0.0"/>
  <testcase name="TestALotOfAdding" classname="LocalCMCTests" time="0.0"/>
  <testcase name="TestALotOfAdding" classname="LocalCMCTests" time="0.001"/>
  <testcase name="TestALotOfAdding" classname="LocalCMCTests" time="0.001"/>
  <testcase name="TestALotOfAdding" classname="LocalCMCTests" time="0.001"/>
  <testcase name="TestALotOfAdding" classname="LocalCMCTests" time="0.001"/>
  <testcase name="TestALotOfAdding" classname="LocalCMCTests" time="0.001"/>
  <testcase name="TestALotOfAdding" classname="LocalCMCTests" time="0.001"/>
  <testcase name="TestALotOfAdding" classname="LocalCMCTests" time="0.001"/>
  <testcase name="TestALotOfAdding" classname="LocalCMCTests" time="0.0"/>
  <testcase name="TestALotOfAdding" classname="LocalCMCTests" time="0.001"/>
  <testcase name="TestALotOfAdding" classname="LocalCMCTests" time="0.001"/>
  <testcase name="TestALotOfAdding" classname="LocalCMCTests" time="0.0"/>
  <testcase name="TestALotOfAdding" classname="LocalCMCTests" time="0.001"/>
  <testcase name="TestALotOfAdding" classname="LocalCMCTests" time="0.0"/>
  <testcase name="TestALotOfAdding" classname="LocalCMCTests" time="0.0"/>
  <testcase name="TestALotOfAdding" classname="LocalCMCTests" time="0.001"/>
  <testcase name="TestALotOfAdding" classname="LocalCMCTests" time="0.001"/>
  <testcase name="TestALotOfAdding" classname="LocalCMCTests" time="0.0"/>
  <testcase name="TestALotOfAdding" classname="LocalCMCTests" time="0.0"/>
  <testcase name="TestALotOfAdding" classname="LocalCMCTests" time="0.001"/>
  <testcase name="TestALotOfAdding" classname="LocalCMCTests" time="0.0"/>
  <testcase name="TestALotOfAdding" classname="LocalCMCTests" time="0.0"/>
  <testcase name="TestALotOfAdding" classname="LocalCMCTests" time="0.001"/>
  <testcase name="TestALotOfAdding" classname="LocalCMCTests" time="0.001"/>
  <testcase name="TestALotOfAdding" classname="LocalCMCTests" time="0.001"/>
  <testcase name="TestALotOfAdding" classname="LocalCMCTests" time="0.002"/>
  <testcase name="TestALotOfAdding" classname="LocalCMCTests" time="0.0"/>
  <testcase name="TestALotOfAdding" classname="LocalCMCTests" time="0.002"/>
  <testcase name="TestALotOfAdding" classname="LocalCMCTests" time="0.0"/>
  <testcase name="TestALotOfAdding" classname="LocalCMCTests" time="0.001"/>
  <testcase name="TestALotOfAdding" classname="LocalCMCTests" time="0.001"/>
  <testcase name="TestALotOfAdding" classname="LocalCMCTests" time="0.001"/>
  <testcase name="TestALotOfAdding" classname="LocalCMCTests" time="0.001"/>
  <testcase name="TestALotOfAdding" classname="LocalCMCTests" time="0.0"/>
  <testcase name="TestALotOfAdding" classname="LocalCMCTests" time="0.001"/>
  <testcase name="TestALotOfAdding" classname="LocalCMCTests" time="0.0"/>
  <testcase name="TestALotOfAdding" classname="LocalCMCTests" time="0.001"/>
  <testcase name="TestALotOfAdding" classname="LocalCMCTests" time="0.001"/>
  <testcase name="TestALotOfAdding" classname="LocalCMCTests" time="0.001"/>
  <testcase name="TestALotOfAdding" classname="LocalCMCTests" time="0.001"/>
  <testcase name="TestALotOfAdding" classname="LocalCMCTests" time="0.0"/>
  <testcase name="TestALotOfAdding" classname="LocalCMCTests" time="0.001"/>
  <testcase name="TestALotOfAdding" classname="LocalCMCTests" time="0.001"/>
  <testcase name="TestALotOfAdding" classname="LocalCMCTests" time="0.0"/>
  <testcase name="TestALotOfAdding" classname="LocalCMCTests" time="0.001"/>
  <testcase name="TestALotOfAdding" classname="LocalCMCTests" time="0.001"/>
  <testcase name="TestALotOfAdding" classname="LocalCMCTests" time="0.0"/>
  <testcase name="TestALotOfAdding" classname="LocalCMCTests" time="0.0"/>
  <testcase name="TestALotOfAdding" classname="LocalCMCTests" time="0.0"/>
  <testcase name="TestALotOfAdding" classname="LocalCMCTests" time="0.0"/>
  <testcase name="TestALotOfAdding" classname="LocalCMCTests" time="0.0"/>
  <testcase name="TestALotOfAdding" classname="LocalCMCTests" time="0.0"/>
  <testcase name="TestALotOfAdding" classname="LocalCMCTests" time="0.0"/>
  <testcase name="TestALotOfAdding" classname="LocalCMCTests" time="0.001"/>
  <testcase name="TestALotOfAdding" classname="LocalCMCTests" time="0.0"/>
  <testcase name="TestALotOfAdding" classname="LocalCMCTests" time="0.001"/>
  <testcase name="TestALotOfAdding" classname="LocalCMCTests" time="0.001"/>
  <testcase name="TestALotOfAdding" classname="LocalCMCTests" time="0.001"/>
  <testcase name="TestALotOfAdding" classname="LocalCMCTests" time="0.001"/>
  <testcase name="TestALotOfAdding" classname="LocalCMCTests" time="0.001"/>
  <testcase name="TestALotOfAdding" classname="LocalCMCTests" time="0.001"/>
  <testcase name="TestALotOfAdding" classname="LocalCMCTests" time="0.001"/>
  <testcase name="TestALotOfAdding" classname="LocalCMCTests" time="0.001"/>
  <testcase name="TestALotOfAdding" classname="LocalCMCTests" time="0.0"/>
  <testcase name="TestALotOfAdding" classname="LocalCMCTests" time="0.0"/>
  <testcase name="TestALotOfAdding" classname="LocalCMCTests" time="0.0"/>
  <testcase name="TestALotOfAdding" classname="LocalCMCTests" time="0.0"/>
  <testcase name="TestALotOfAdding" classname="LocalCMCTests" time="0.002"/>
  <testcase name="TestALotOfAdding" classname="LocalCMCTests" time="0.0"/>
  <testcase name="TestALotOfAdding" classname="LocalCMCTests" time="0.001"/>
  <testcase name="TestALotOfAdding" classname="LocalCMCTests" time="0.001"/>
  <testcase name="TestALotOfAdding" classname="LocalCMCTests" time="0.001"/>
  <testcase name="TestALotOfAdding" classname="LocalCMCTests" time="0.001"/>
  <testcase name="TestALotOfAdding" classname="LocalCMCTests" time="0.001"/>
  <testcase name="TestALotOfAdding" classname="LocalCMCTests" time="0.001"/>
  <testcase name="TestALotOfAdding" classname="LocalCMCTests" time="0.001"/>
  <testcase name="TestALotOfAdding" classname="LocalCMCTests" time="0.001"/>
  <testcase name="TestALotOfAdding" classname="LocalCMCTests" time="0.0"/>
  <testcase name="TestALotOfAdding" classname="LocalCMCTests" time="0.0"/>
  <testcase name="TestALotOfAdding" classname="LocalCMCTests" time="0.0"/>
  <testcase name="TestALotOfAdding" classname="LocalCMCTests" time="0.0"/>
  <testcase name="TestALotOfAdding" classname="LocalCMCTests" time="0.0"/>
  <testcase name="TestALotOfAdding" classname="LocalCMCTests" time="0.0"/>
  <testcase name="TestALotOfAdding" classname="LocalCMCTests" time="0.0"/>
  <testcase name="TestALotOfAdding" classname="LocalCMCTests" time="0.002"/>
  <testcase name="TestALotOfAdding" classname="LocalCMCTests" time="0.002"/>
  <testcase name="TestALotOfAdding" classname="LocalCMCTests" time="0.001"/>
  <testcase name="TestALotOfAdding" classname="LocalCMCTests" time="0.001"/>
  <testcase name="TestALotOfAdding" classname="LocalCMCTests" time="0.001"/>
  <testcase name="TestALotOfAdding" classname="LocalCMCTests" time="0.001"/>
  <testcase name="TestALotOfAdding" classname="LocalCMCTests" time="0.001"/>
  <testcase name="TestALotOfAdding" classname="LocalCMCTests" time="0.0"/>
  <testcase name="TestALotOfAdding" classname="LocalCMCTests" time="0.001"/>
  <testcase name="TestALotOfAdding" classname="LocalCMCTests" time="0.001"/>
  <testcase name="TestALotOfAdding" classname="LocalCMCTests" time="0.001"/>
  <testcase name="TestALotOfAdding" classname="LocalCMCTests" time="0.0"/>
  <testcase name="TestALotOfAdding" classname="LocalCMCTests" time="0.0"/>
  <testcase name="TestALotOfAdding" classname="LocalCMCTests" time="0.0"/>
  <testcase name="TestALotOfAdding" classname="LocalCMCTests" time="0.0"/>
  <testcase name="TestALotOfAdding" classname="LocalCMCTests" time="0.0"/>
  <testcase name="TestALotOfAdding" classname="LocalCMCTests" time="0.002"/>
  <testcase name="TestALotOfAdding" classname="LocalCMCTests" time="0.001"/>
  <testcase name="TestALotOfAdding" classname="LocalCMCTests" time="0.0"/>
  <testcase name="TestALotOfAdding" classname="LocalCMCTests" time="0.002"/>
  <testcase name="TestALotOfAdding" classname="LocalCMCTests" time="0.001"/>
  <testcase name="TestALotOfAdding" classname="LocalCMCTests" time="0.001"/>
  <testcase name="TestALotOfAdding" classname="LocalCMCTests" time="0.001"/>
  <testcase name="TestALotOfAdding" classname="LocalCMCTests" time="0.001"/>
  <testcase name="TestALotOfAdding" classname="LocalCMCTests" time="0.0"/>
  <testcase name="TestALotOfAdding" classname="LocalCMCTests" time="0.001"/>
  <testcase name="TestALotOfAdding" classname="LocalCMCTests" time="0.001"/>
  <testcase name="TestALotOfAdding" classname="LocalCMCTests" time="0.0"/>
  <testcase name="TestALotOfAdding" classname="LocalCMCTests" time="0.0"/>
  <testcase name="TestALotOfAdding" classname="LocalCMCTests" time="0.0"/>
  <testcase name="TestALotOfAdding" classname="LocalCMCTests" time="0.0"/>
  <testcase name="TestALotOfAdding" classname="LocalCMCTests" time="0.0"/>
  <testcase name="TestALotOfAdding" classname="LocalCMCTests" time="0.001"/>
  <testcase name="TestALotOfAdding" classname="LocalCMCTests" time="0.0"/>
  <testcase name="TestALotOfAdding" classname="LocalCMCTests" time="0.0"/>
  <testcase name="TestALotOfAdding" classname="LocalCMCTests" time="0.001"/>
  <testcase name="TestALotOfAdding" classname="LocalCMCTests" time="0.001"/>
  <testcase name="TestALotOfAdding" classname="LocalCMCTests" time="0.0"/>
  <testcase name="TestALotOfAdding" classname="LocalCMCTests" time="0.0"/>
  <testcase name="TestALotOfAdding" classname="LocalCMCTests" time="0.001"/>
  <testcase name="TestALotOfAdding" classname="LocalCMCTests" time="0.001"/>
  <testcase name="TestALotOfAdding" classname="LocalCMCTests" time="0.001"/>
  <testcase name="TestALotOfAdding" classname="LocalCMCTests" time="0.001"/>
  <testcase name="TestALotOfAdding" classname="LocalCMCTests" time="0.001"/>
  <testcase name="TestALotOfAdding" classname="LocalCMCTests" time="0.0"/>
  <testcase name="TestALotOfAdding" classname="LocalCMCTests" time="0.001"/>
  <testcase name="TestALotOfAdding" classname="LocalCMCTests" time="0.0"/>
  <testcase name="TestALotOfAdding" classname="LocalCMCTests" time="0.0"/>
  <testcase name="TestALotOfAdding" classname="LocalCMCTests" time="0.0"/>
  <testcase name="TestALotOfAdding" classname="LocalCMCTests" time="0.0"/>
  <testcase name="TestALotOfAdding" classname="LocalCMCTests" time="0.001"/>
  <testcase name="TestALotOfAdding" classname="LocalCMCTests" time="0.001"/>
  <testcase name="TestALotOfAdding" classname="LocalCMCTests" time="0.001"/>
  <testcase name="TestALotOfAdding" classname="LocalCMCTests" time="0.001"/>
  <testcase name="TestALotOfAdding" classname="LocalCMCTests" time="0.0"/>
  <testcase name="TestALotOfAdding" classname="LocalCMCTests" time="0.001"/>
  <testcase name="TestALotOfAdding" classname="LocalCMCTests" time="0.001"/>
  <testcase name="TestALotOfAdding" classname="LocalCMCTests" time="0.0"/>
  <testcase name="TestALotOfAdding" classname="LocalCMCTests" time="0.0"/>
  <testcase name="TestALotOfAdding" classname="LocalCMCTests" time="0.0"/>
  <testcase name="TestALotOfAdding" classname="LocalCMCTests" time="0.001"/>
  <testcase name="TestALotOfAdding" classname="LocalCMCTests" time="0.0"/>
  <testcase name="TestALotOfAdding" classname="LocalCMCTests" time="0.0"/>
  <testcase name="TestALotOfAdding" classname="LocalCMCTests" time="0.0"/>
  <testcase name="TestALotOfAdding" classname="LocalCMCTests" time="0.0"/>
  <testcase name="TestALotOfAdding" classname="LocalCMCTests" time="0.001"/>
  <testcase name="TestALotOfAdding" classname="LocalCMCTests" time="0.001"/>
  <testcase name="TestALotOfAdding" classname="LocalCMCTests" time="0.001"/>
  <testcase name="TestALotOfAdding" classname="LocalCMCTests" time="0.001"/>
  <testcase name="TestALotOfAdding" classname="LocalCMCTests" time="0.0"/>
  <testcase name="TestALotOfAdding" classname="LocalCMCTests" time="0.0"/>
  <testcase name="TestALotOfAdding" classname="LocalCMCTests" time="0.002"/>
  <testcase name="TestALotOfAdding" classname="LocalCMCTests" time="0.002"/>
  <testcase name="TestALotOfAdding" classname="LocalCMCTests" time="0.0"/>
  <testcase name="TestALotOfAdding" classname="LocalCMCTests" time="0.002"/>
  <testcase name="TestALotOfAdding" classname="LocalCMCTests" time="0.0"/>
  <testcase name="TestALotOfAdding" classname="LocalCMCTests" time="0.0"/>
  <testcase name="TestALotOfAdding" classname="LocalCMCTests" time="0.001"/>
  <testcase name="TestALotOfAdding" classname="LocalCMCTests" time="0.0"/>
  <testcase name="TestALotOfAdding" classname="LocalCMCTests" time="0.0"/>
  <testcase name="TestALotOfAdding" classname="LocalCMCTests" time="0.001"/>
  <testcase name="TestALotOfAdding" classname="LocalCMCTests" time="0.0"/>
  <testcase name="TestALotOfAdding" classname="LocalCMCTests" time="0.001"/>
  <testcase name="TestALotOfAdding" classname="LocalCMCTests" time="0.001"/>
  <testcase name="TestALotOfAdding" classname="LocalCMCTests" time="0.001"/>
  <testcase name="TestALotOfAdding" classname="LocalCMCTests" time="0.001"/>
  <testcase name="TestALotOfAdding" classname="LocalCMCTests" time="0.001"/>
  <testcase name="TestALotOfAdding" classname="LocalCMCTests" time="0.001"/>
  <testcase name="TestALotOfAdding" classname="LocalCMCTests" time="0.001"/>
  <testcase name="TestALotOfAdding" classname="LocalCMCTests" time="0.001"/>
  <testcase name="TestALotOfAdding" classname="LocalCMCTests" time="0.001"/>
  <testcase name="TestALotOfAdding" classname="LocalCMCTests" time="0.001"/>
  <testcase name="TestALotOfAdding" classname="LocalCMCTests" time="0.0"/>
  <testcase name="TestALotOfAdding" classname="LocalCMCTests" time="0.0"/>
  <testcase name="TestALotOfAdding" classname="LocalCMCTests" time="0.0"/>
  <testcase name="TestALotOfAdding" classname="LocalCMCTests" time="0.001"/>
  <testcase name="TestALotOfAdding" classname="LocalCMCTests" time="0.0"/>
  <testcase name="TestALotOfAdding" classname="LocalCMCTests" time="0.0"/>
  <testcase name="TestALotOfAdding" classname="LocalCMCTests" time="0.0"/>
  <testcase name="TestALotOfAdding" classname="LocalCMCTests" time="0.0"/>
  <testcase name="TestALotOfAdding" classname="LocalCMCTests" time="0.0"/>
  <testcase name="TestALotOfAdding" classname="LocalCMCTests" time="0.001"/>
  <testcase name="TestALotOfAdding" classname="LocalCMCTests" time="0.0"/>
  <testcase name="TestALotOfAdding" classname="LocalCMCTests" time="0.002"/>
  <testcase name="TestALotOfAdding" classname="LocalCMCTests" time="0.001"/>
  <testcase name="TestALotOfAdding" classname="LocalCMCTests" time="0.0"/>
  <testcase name="TestALotOfAdding" classname="LocalCMCTests" time="0.002"/>
  <testcase name="TestALotOfAdding" classname="LocalCMCTests" time="0.0"/>
  <testcase name="TestALotOfAdding" classname="LocalCMCTests" time="0.001"/>
  <testcase name="TestALotOfAdding" classname="LocalCMCTests" time="0.001"/>
  <testcase name="TestALotOfAdding" classname="LocalCMCTests" time="0.001"/>
  <testcase name="TestALotOfAdding" classname="LocalCMCTests" time="0.0"/>
  <testcase name="TestALotOfAdding" classname="LocalCMCTests" time="0.001"/>
  <testcase name="TestALotOfAdding" classname="LocalCMCTests" time="0.0"/>
  <testcase name="TestALotOfAdding" classname="LocalCMCTests" time="0.001"/>
  <testcase name="TestALotOfAdding" classname="LocalCMCTests" time="0.0"/>
  <testcase name="TestALotOfAdding" classname="LocalCMCTests" time="0.0"/>
  <testcase name="TestALotOfAdding" classname="LocalCMCTests" time="0.001"/>
  <testcase name="TestALotOfAdding" classname="LocalCMCTests" time="0.0"/>
  <testcase name="TestALotOfAdding" classname="LocalCMCTests" time="0.001"/>
  <testcase name="TestALotOfAdding" classname="LocalCMCTests" time="0.001"/>
  <testcase name="TestALotOfAdding" classname="LocalCMCTests" time="0.001"/>
  <testcase name="TestALotOfAdding" classname="LocalCMCTests" time="0.0"/>
  <testcase name="TestALotOfAdding" classname="LocalCMCTests" time="0.0"/>
  <testcase name="TestALotOfAdding" classname="LocalCMCTests" time="0.001"/>
  <testcase name="TestALotOfAdding" classname="LocalCMCTests" time="0.0"/>
  <testcase name="TestALotOfAdding" classname="LocalCMCTests" time="0.001"/>
  <testcase name="TestALotOfAdding" classname="LocalCMCTests" time="0.0"/>
  <testcase name="TestALotOfAdding" classname="LocalCMCTests" time="0.0"/>
  <testcase name="TestALotOfAdding" classname="LocalCMCTests" time="0.001"/>
  <testcase name="TestALotOfAdding" classname="LocalCMCTests" time="0.001"/>
  <testcase name="TestALotOfAdding" classname="LocalCMCTests" time="0.001"/>
  <testcase name="TestALotOfAdding" classname="LocalCMCTests" time="0.0"/>
  <testcase name="TestALotOfAdding" classname="LocalCMCTests" time="0.001"/>
  <testcase name="TestALotOfAdding" classname="LocalCMCTests" time="0.001"/>
  <testcase name="TestALotOfAdding" classname="LocalCMCTests" time="0.001"/>
  <testcase name="TestALotOfAdding" classname="LocalCMCTests" time="0.001"/>
  <testcase name="TestALotOfAdding" classname="LocalCMCTests" time="0.001"/>
  <testcase name="TestALotOfAdding" classname="LocalCMCTests" time="0.001"/>
  <testcase name="TestALotOfAdding" classname="LocalCMCTests" time="0.002"/>
  <testcase name="TestALotOfAdding" classname="LocalCMCTests" time="0.002"/>
  <testcase name="TestALotOfAdding" classname="LocalCMCTests" time="0.001"/>
  <testcase name="TestALotOfAdding" classname="LocalCMCTests" time="0.0"/>
  <testcase name="TestALotOfAdding" classname="LocalCMCTests" time="0.0"/>
  <testcase name="TestALotOfAdding" classname="LocalCMCTests" time="0.0"/>
  <testcase name="TestALotOfAdding" classname="LocalCMCTests" time="0.0"/>
  <testcase name="TestALotOfAdding" classname="LocalCMCTests" time="0.0"/>
  <testcase name="TestALotOfAdding" classname="LocalCMCTests" time="0.0"/>
  <testcase name="TestALotOfAdding" classname="LocalCMCTests" time="0.0"/>
  <testcase name="TestALotOfAdding" classname="LocalCMCTests" time="0.0"/>
  <testcase name="TestALotOfAdding" classname="LocalCMCTests" time="0.001"/>
  <testcase name="TestALotOfAdding" classname="LocalCMCTests" time="0.001"/>
  <testcase name="TestALotOfAdding" classname="LocalCMCTests" time="0.001"/>
  <testcase name="TestALotOfAdding" classname="LocalCMCTests" time="0.001"/>
  <testcase name="TestALotOfAdding" classname="LocalCMCTests" time="0.0"/>
  <testcase name="TestALotOfAdding" classname="LocalCMCTests" time="0.001"/>
  <testcase name="TestALotOfAdding" classname="LocalCMCTests" time="0.0"/>
  <testcase name="TestALotOfAdding" classname="LocalCMCTests" time="0.001"/>
  <testcase name="TestALotOfAdding" classname="LocalCMCTests" time="0.0"/>
  <testcase name="TestALotOfAdding" classname="LocalCMCTests" time="0.0"/>
  <testcase name="TestALotOfAdding" classname="LocalCMCTests" time="0.0"/>
  <testcase name="TestALotOfAdding" classname="LocalCMCTests" time="0.001"/>
  <testcase name="TestALotOfAdding" classname="LocalCMCTests" time="0.001"/>
  <testcase name="TestALotOfAdding" classname="LocalCMCTests" time="0.0"/>
  <testcase name="TestALotOfAdding" classname="LocalCMCTests" time="0.0"/>
  <testcase name="TestALotOfAdding" classname="LocalCMCTests" time="0.0"/>
  <testcase name="TestALotOfAdding" classname="LocalCMCTests" time="0.001"/>
  <testcase name="TestALotOfAdding" classname="LocalCMCTests" time="0.001"/>
  <testcase name="TestALotOfAdding" classname="LocalCMCTests" time="0.001"/>
  <testcase name="TestALotOfAdding" classname="LocalCMCTests" time="0.002"/>
  <testcase name="TestALotOfAdding" classname="LocalCMCTests" time="0.002"/>
  <testcase name="TestALotOfAdding" classname="LocalCMCTests" time="0.002"/>
  <testcase name="TestALotOfAdding" classname="LocalCMCTests" time="0.002"/>
  <testcase name="TestALotOfAdding" classname="LocalCMCTests" time="0.002"/>
  <testcase name="TestALotOfAdding" classname="LocalCMCTests" time="0.001"/>
  <testcase name="TestALotOfAdding" classname="LocalCMCTests" time="0.002"/>
  <testcase name="TestALotOfAdding" classname="LocalCMCTests" time="0.002"/>
  <testcase name="TestALotOfAdding" classname="LocalCMCTests" time="0.002"/>
  <testcase name="TestALotOfAdding" classname="LocalCMCTests" time="0.0"/>
  <testcase name="TestALotOfAdding" classname="LocalCMCTests" time="0.0"/>
  <testcase name="TestALotOfAdding" classname="LocalCMCTests" time="0.001"/>
  <testcase name="TestALotOfAdding" classname="LocalCMCTests" time="0.001"/>
  <testcase name="TestALotOfAdding" classname="LocalCMCTests" time="0.0"/>
  <testcase name="TestALotOfAdding" classname="LocalCMCTests" time="0.001"/>
  <testcase name="TestALotOfAdding" classname="LocalCMCTests" time="0.001"/>
  <testcase name="TestALotOfAdding" classname="LocalCMCTests" time="0.0"/>
  <testcase name="TestALotOfAdding" classname="LocalCMCTests" time="0.0"/>
  <testcase name="TestALotOfAdding" classname="LocalCMCTests" time="0.001"/>
  <testcase name="TestALotOfAdding" classname="LocalCMCTests" time="0.0"/>
  <testcase name="TestALotOfAdding" classname="LocalCMCTests" time="0.0"/>
  <testcase name="TestALotOfAdding" classname="LocalCMCTests" time="0.0"/>
  <testcase name="TestALotOfAdding" classname="LocalCMCTests" time="0.0"/>
  <testcase name="TestALotOfAdding" classname="LocalCMCTests" time="0.001"/>
  <testcase name="TestALotOfAdding" classname="LocalCMCTests" time="0.003"/>
  <testcase name="TestALotOfAdding" classname="LocalCMCTests" time="0.002"/>
  <testcase name="TestALotOfAdding" classname="LocalCMCTests" time="0.001"/>
  <testcase name="TestALotOfAdding" classname="LocalCMCTests" time="0.0"/>
  <testcase name="TestALotOfAdding" classname="LocalCMCTests" time="0.0"/>
  <testcase name="TestALotOfAdding" classname="LocalCMCTests" time="0.0"/>
  <testcase name="TestALotOfAdding" classname="LocalCMCTests" time="0.0"/>
  <testcase name="TestALotOfAdding" classname="LocalCMCTests" time="0.001"/>
  <testcase name="TestALotOfAdding" classname="LocalCMCTests" time="0.001"/>
  <testcase name="TestALotOfAdding" classname="LocalCMCTests" time="0.001"/>
  <testcase name="TestALotOfAdding" classname="LocalCMCTests" time="0.0"/>
  <testcase name="TestALotOfAdding" classname="LocalCMCTests" time="0.001"/>
  <testcase name="TestALotOfAdding" classname="LocalCMCTests" time="0.001"/>
  <testcase name="TestALotOfAdding" classname="LocalCMCTests" time="0.001"/>
  <testcase name="TestALotOfAdding" classname="LocalCMCTests" time="0.0"/>
  <testcase name="TestALotOfAdding" classname="LocalCMCTests" time="0.001"/>
  <testcase name="TestALotOfAdding" classname="LocalCMCTests" time="0.0"/>
  <testcase name="TestALotOfAdding" classname="LocalCMCTests" time="0.001"/>
  <testcase name="TestALotOfAdding" classname="LocalCMCTests" time="0.0"/>
  <testcase name="TestALotOfAdding" classname="LocalCMCTests" time="0.0"/>
  <testcase name="TestALotOfAdding" classname="LocalCMCTests" time="0.001"/>
  <testcase name="TestALotOfAdding" classname="LocalCMCTests" time="0.0"/>
  <testcase name="TestALotOfAdding" classname="LocalCMCTests" time="0.0"/>
  <testcase name="TestALotOfAdding" classname="LocalCMCTests" time="0.001"/>
  <testcase name="TestALotOfAdding" classname="LocalCMCTests" time="0.001"/>
  <testcase name="TestALotOfAdding" classname="LocalCMCTests" time="0.0"/>
  <testcase name="TestALotOfAdding" classname="LocalCMCTests" time="0.001"/>
  <testcase name="TestALotOfAdding" classname="LocalCMCTests" time="0.001"/>
  <testcase name="TestALotOfAdding" classname="LocalCMCTests" time="0.001"/>
  <testcase name="TestALotOfAdding" classname="LocalCMCTests" time="0.0"/>
  <testcase name="TestALotOfAdding" classname="LocalCMCTests" time="0.001"/>
  <testcase name="TestALotOfAdding" classname="LocalCMCTests" time="0.0"/>
  <testcase name="TestALotOfAdding" classname="LocalCMCTests" time="0.001"/>
  <testcase name="TestALotOfAdding" classname="LocalCMCTests" time="0.001"/>
  <testcase name="TestALotOfAdding" classname="LocalCMCTests" time="0.001"/>
  <testcase name="TestALotOfAdding" classname="LocalCMCTests" time="0.001"/>
  <testcase name="TestALotOfAdding" classname="LocalCMCTests" time="0.001"/>
  <testcase name="TestALotOfAdding" classname="LocalCMCTests" time="0.0"/>
  <testcase name="TestALotOfAdding" classname="LocalCMCTests" time="0.0"/>
  <testcase name="TestALotOfAdding" classname="LocalCMCTests" time="0.001"/>
  <testcase name="TestALotOfAdding" classname="LocalCMCTests" time="0.001"/>
  <testcase name="TestALotOfAdding" classname="LocalCMCTests" time="0.0"/>
  <testcase name="TestALotOfAdding" classname="LocalCMCTests" time="0.001"/>
  <testcase name="TestALotOfAdding" classname="LocalCMCTests" time="0.001"/>
  <testcase name="TestALotOfAdding" classname="LocalCMCTests" time="0.0"/>
  <testcase name="TestALotOfAdding" classname="LocalCMCTests" time="0.001"/>
  <testcase name="TestALotOfAdding" classname="LocalCMCTests" time="0.0"/>
  <testcase name="TestALotOfAdding" classname="LocalCMCTests" time="0.002"/>
  <testcase name="TestALotOfAdding" classname="LocalCMCTests" time="0.001"/>
  <testcase name="TestALotOfAdding" classname="LocalCMCTests" time="0.001"/>
  <testcase name="TestALotOfAdding" classname="LocalCMCTests" time="0.0"/>
  <testcase name="TestALotOfAdding" classname="LocalCMCTests" time="0.0"/>
  <testcase name="TestALotOfAdding" classname="LocalCMCTests" time="0.001"/>
  <testcase name="TestALotOfAdding" classname="LocalCMCTests" time="0.0"/>
  <testcase name="TestALotOfAdding" classname="LocalCMCTests" time="0.0"/>
  <testcase name="TestALotOfAdding" classname="LocalCMCTests" time="0.0"/>
  <testcase name="TestALotOfAdding" classname="LocalCMCTests" time="0.0"/>
  <testcase name="TestALotOfAdding" classname="LocalCMCTests" time="0.0"/>
  <testcase name="TestALotOfAdding" classname="LocalCMCTests" time="0.0"/>
  <testcase name="TestALotOfAdding" classname="LocalCMCTests" time="0.001"/>
  <testcase name="TestALotOfAdding" classname="LocalCMCTests" time="0.0"/>
  <testcase name="TestALotOfAdding" classname="LocalCMCTests" time="0.002"/>
  <testcase name="TestALotOfAdding" classname="LocalCMCTests" time="0.002"/>
  <testcase name="TestALotOfAdding" classname="LocalCMCTests" time="0.002"/>
  <testcase name="TestALotOfAdding" classname="LocalCMCTests" time="0.002"/>
  <testcase name="TestALotOfAdding" classname="LocalCMCTests" time="0.0"/>
  <testcase name="TestALotOfAdding" classname="LocalCMCTests" time="0.001"/>
  <testcase name="TestALotOfAdding" classname="LocalCMCTests" time="0.001"/>
  <testcase name="TestALotOfAdding" classname="LocalCMCTests" time="0.001"/>
  <testcase name="TestALotOfAdding" classname="LocalCMCTests" time="0.002"/>
  <testcase name="TestALotOfAdding" classname="LocalCMCTests" time="0.001"/>
  <testcase name="TestALotOfAdding" classname="LocalCMCTests" time="0.0"/>
  <testcase name="TestALotOfAdding" classname="LocalCMCTests" time="0.0"/>
  <testcase name="TestALotOfAdding" classname="LocalCMCTests" time="0.0"/>
  <testcase name="TestALotOfAdding" classname="LocalCMCTests" time="0.001"/>
  <testcase name="TestALotOfAdding" classname="LocalCMCTests" time="0.001"/>
  <testcase name="TestALotOfAdding" classname="LocalCMCTests" time="0.001"/>
  <testcase name="TestALotOfAdding" classname="LocalCMCTests" time="0.0"/>
  <testcase name="TestALotOfAdding" classname="LocalCMCTests" time="0.0"/>
  <testcase name="TestALotOfAdding" classname="LocalCMCTests" time="0.001"/>
  <testcase name="TestALotOfAdding" classname="LocalCMCTests" time="0.001"/>
  <testcase name="TestALotOfAdding" classname="LocalCMCTests" time="0.0"/>
  <testcase name="TestALotOfAdding" classname="LocalCMCTests" time="0.001"/>
  <testcase name="TestALotOfAdding" classname="LocalCMCTests" time="0.001"/>
  <testcase name="TestALotOfAdding" classname="LocalCMCTests" time="0.0"/>
  <testcase name="TestALotOfAdding" classname="LocalCMCTests" time="0.002"/>
  <testcase name="TestALotOfAdding" classname="LocalCMCTests" time="0.001"/>
  <testcase name="TestALotOfAdding" classname="LocalCMCTests" time="0.0"/>
  <testcase name="TestALotOfAdding" classname="LocalCMCTests" time="0.0"/>
  <testcase name="TestALotOfAdding" classname="LocalCMCTests" time="0.0"/>
  <testcase name="TestALotOfAdding" classname="LocalCMCTests" time="0.0"/>
  <testcase name="TestALotOfAdding" classname="LocalCMCTests" time="0.001"/>
  <testcase name="TestALotOfAdding" classname="LocalCMCTests" time="0.001"/>
  <testcase name="TestALotOfAdding" classname="LocalCMCTests" time="0.001"/>
  <testcase name="TestALotOfAdding" classname="LocalCMCTests" time="0.001"/>
  <testcase name="TestALotOfAdding" classname="LocalCMCTests" time="0.002"/>
  <testcase name="TestALotOfAdding" classname="LocalCMCTests" time="0.0"/>
  <testcase name="TestALotOfAdding" classname="LocalCMCTests" time="0.0"/>
  <testcase name="TestALotOfAdding" classname="LocalCMCTests" time="0.001"/>
  <testcase name="TestALotOfAdding" classname="LocalCMCTests" time="0.001"/>
  <testcase name="TestALotOfAdding" classname="LocalCMCTests" time="0.0"/>
  <testcase name="TestALotOfAdding" classname="LocalCMCTests" time="0.001"/>
  <testcase name="TestALotOfAdding" classname="LocalCMCTests" time="0.001"/>
  <testcase name="TestALotOfAdding" classname="LocalCMCTests" time="0.0"/>
  <testcase name="TestALotOfAdding" classname="LocalCMCTests" time="0.0"/>
  <testcase name="TestALotOfAdding" classname="LocalCMCTests" time="0.001"/>
  <testcase name="TestALotOfAdding" classname="LocalCMCTests" time="0.0"/>
  <testcase name="TestALotOfAdding" classname="LocalCMCTests" time="0.0"/>
  <testcase name="TestALotOfAdding" classname="LocalCMCTests" time="0.001"/>
  <testcase name="TestALotOfAdding" classname="LocalCMCTests" time="0.001"/>
  <testcase name="TestALotOfAdding" classname="LocalCMCTests" time="0.0"/>
  <testcase name="TestALotOfAdding" classname="LocalCMCTests" time="0.001"/>
  <testcase name="TestALotOfAdding" classname="LocalCMCTests" time="0.001"/>
  <testcase name="TestALotOfAdding" classname="LocalCMCTests" time="0.0"/>
  <testcase name="TestALotOfAdding" classname="LocalCMCTests" time="0.0"/>
  <testcase name="TestALotOfAdding" classname="LocalCMCTests" time="0.001"/>
  <testcase name="TestALotOfAdding" classname="LocalCMCTests" time="0.001"/>
  <testcase name="TestALotOfAdding" classname="LocalCMCTests" time="0.001"/>
  <testcase name="TestALotOfAdding" classname="LocalCMCTests" time="0.0"/>
  <testcase name="TestALotOfAdding" classname="LocalCMCTests" time="0.0"/>
  <testcase name="TestALotOfAdding" classname="LocalCMCTests" time="0.001"/>
  <testcase name="TestALotOfAdding" classname="LocalCMCTests" time="0.0"/>
  <testcase name="TestALotOfAdding" classname="LocalCMCTests" time="0.0"/>
  <testcase name="TestALotOfAdding" classname="LocalCMCTests" time="0.0"/>
  <testcase name="TestALotOfAdding" classname="LocalCMCTests" time="0.001"/>
  <testcase name="TestALotOfAdding" classname="LocalCMCTests" time="0.001"/>
  <testcase name="TestALotOfAdding" classname="LocalCMCTests" time="0.001"/>
  <testcase name="TestALotOfAdding" classname="LocalCMCTests" time="0.0"/>
  <testcase name="TestALotOfAdding" classname="LocalCMCTests" time="0.001"/>
  <testcase name="TestALotOfAdding" classname="LocalCMCTests" time="0.001"/>
  <testcase name="TestALotOfAdding" classname="LocalCMCTests" time="0.0"/>
  <testcase name="TestALotOfAdding" classname="LocalCMCTests" time="0.001"/>
  <testcase name="TestALotOfAdding" classname="LocalCMCTests" time="0.0"/>
  <testcase name="TestALotOfAdding" classname="LocalCMCTests" time="0.0"/>
  <testcase name="TestALotOfAdding" classname="LocalCMCTests" time="0.001"/>
  <testcase name="TestALotOfAdding" classname="LocalCMCTests" time="0.0"/>
  <testcase name="TestALotOfAdding" classname="LocalCMCTests" time="0.001"/>
  <testcase name="TestALotOfAdding" classname="LocalCMCTests" time="0.002"/>
  <testcase name="TestALotOfAdding" classname="LocalCMCTests" time="0.001"/>
  <testcase name="TestALotOfAdding" classname="LocalCMCTests" time="0.001"/>
  <testcase name="TestALotOfAdding" classname="LocalCMCTests" time="0.0"/>
  <testcase name="TestALotOfAdding" classname="LocalCMCTests" time="0.001"/>
  <testcase name="TestALotOfAdding" classname="LocalCMCTests" time="0.001"/>
  <testcase name="TestALotOfAdding" classname="LocalCMCTests" time="0.001"/>
  <testcase name="TestALotOfAdding" classname="LocalCMCTests" time="0.0"/>
  <testcase name="TestALotOfAdding" classname="LocalCMCTests" time="0.0"/>
  <testcase name="TestALotOfAdding" classname="LocalCMCTests" time="0.0"/>
  <testcase name="TestALotOfAdding" classname="LocalCMCTests" time="0.001"/>
  <testcase name="TestALotOfAdding" classname="LocalCMCTests" time="0.0"/>
  <testcase name="TestALotOfAdding" classname="LocalCMCTests" time="0.0"/>
  <testcase name="TestALotOfAdding" classname="LocalCMCTests" time="0.0"/>
  <testcase name="TestALotOfAdding" classname="LocalCMCTests" time="0.002"/>
  <testcase name="TestALotOfAdding" classname="LocalCMCTests" time="0.001"/>
  <testcase name="TestALotOfAdding" classname="LocalCMCTests" time="0.0"/>
  <testcase name="TestALotOfAdding" classname="LocalCMCTests" time="0.001"/>
  <testcase name="TestALotOfAdding" classname="LocalCMCTests" time="0.001"/>
  <testcase name="TestALotOfAdding" classname="LocalCMCTests" time="0.0"/>
  <testcase name="TestALotOfAdding" classname="LocalCMCTests" time="0.001"/>
  <testcase name="TestALotOfAdding" classname="LocalCMCTests" time="0.001"/>
  <testcase name="TestALotOfAdding" classname="LocalCMCTests" time="0.001"/>
  <testcase name="TestALotOfAdding" classname="LocalCMCTests" time="0.002"/>
  <testcase name="TestALotOfAdding" classname="LocalCMCTests" time="0.0"/>
  <testcase name="TestALotOfAdding" classname="LocalCMCTests" time="0.0"/>
  <testcase name="TestALotOfAdding" classname="LocalCMCTests" time="0.0"/>
  <testcase name="TestALotOfAdding" classname="LocalCMCTests" time="0.0"/>
  <testcase name="TestALotOfAdding" classname="LocalCMCTests" time="0.0"/>
  <testcase name="TestALotOfAdding" classname="LocalCMCTests" time="0.001"/>
  <testcase name="TestALotOfAdding" classname="LocalCMCTests" time="0.0"/>
  <testcase name="TestALotOfAdding" classname="LocalCMCTests" time="0.0"/>
  <testcase name="TestALotOfAdding" classname="LocalCMCTests" time="0.0"/>
  <testcase name="TestALotOfAdding" classname="LocalCMCTests" time="0.001"/>
  <testcase name="TestALotOfAdding" classname="LocalCMCTests" time="0.001"/>
  <testcase name="TestALotOfAdding" classname="LocalCMCTests" time="0.002"/>
  <testcase name="TestALotOfAdding" classname="LocalCMCTests" time="0.002"/>
  <testcase name="TestALotOfAdding" classname="LocalCMCTests" time="0.0"/>
  <testcase name="TestALotOfAdding" classname="LocalCMCTests" time="0.0"/>
  <testcase name="TestALotOfAdding" classname="LocalCMCTests" time="0.0"/>
  <testcase name="TestALotOfAdding" classname="LocalCMCTests" time="0.002"/>
  <testcase name="TestALotOfAdding" classname="LocalCMCTests" time="0.0"/>
  <testcase name="TestALotOfAdding" classname="LocalCMCTests" time="0.001"/>
  <testcase name="TestALotOfAdding" classname="LocalCMCTests" time="0.0"/>
  <testcase name="TestALotOfAdding" classname="LocalCMCTests" time="0.001"/>
  <testcase name="TestALotOfAdding" classname="LocalCMCTests" time="0.0"/>
  <testcase name="TestALotOfAdding" classname="LocalCMCTests" time="0.001"/>
  <testcase name="TestALotOfAdding" classname="LocalCMCTests" time="0.001"/>
  <testcase name="TestALotOfAdding" classname="LocalCMCTests" time="0.0"/>
  <testcase name="TestALotOfAdding" classname="LocalCMCTests" time="0.001"/>
  <testcase name="TestALotOfAdding" classname="LocalCMCTests" time="0.001"/>
  <testcase name="TestALotOfAdding" classname="LocalCMCTests" time="0.001"/>
  <testcase name="TestALotOfAdding" classname="LocalCMCTests" time="0.001"/>
  <testcase name="TestALotOfAdding" classname="LocalCMCTests" time="0.002"/>
  <testcase name="TestALotOfAdding" classname="LocalCMCTests" time="0.001"/>
  <testcase name="TestALotOfAdding" classname="LocalCMCTests" time="0.002"/>
  <testcase name="TestALotOfAdding" classname="LocalCMCTests" time="0.0"/>
  <testcase name="TestALotOfAdding" classname="LocalCMCTests" time="0.001"/>
  <testcase name="TestALotOfAdding" classname="LocalCMCTests" time="0.001"/>
  <testcase name="TestALotOfAdding" classname="LocalCMCTests" time="0.0"/>
  <testcase name="TestALotOfAdding" classname="LocalCMCTests" time="0.0"/>
  <testcase name="TestALotOfAdding" classname="LocalCMCTests" time="0.001"/>
  <testcase name="TestALotOfAdding" classname="LocalCMCTests" time="0.0"/>
  <testcase name="TestALotOfAdding" classname="LocalCMCTests" time="0.0"/>
  <testcase name="TestALotOfAdding" classname="LocalCMCTests" time="0.0"/>
  <testcase name="TestALotOfAdding" classname="LocalCMCTests" time="0.001"/>
  <testcase name="TestALotOfAdding" classname="LocalCMCTests" time="0.001"/>
  <testcase name="TestALotOfAdding" classname="LocalCMCTests" time="0.0"/>
  <testcase name="TestALotOfAdding" classname="LocalCMCTests" time="0.001"/>
  <testcase name="TestALotOfAdding" classname="LocalCMCTests" time="0.001"/>
  <testcase name="TestALotOfAdding" classname="LocalCMCTests" time="0.001"/>
  <testcase name="TestALotOfAdding" classname="LocalCMCTests" time="0.0"/>
  <testcase name="TestALotOfAdding" classname="LocalCMCTests" time="0.001"/>
  <testcase name="TestALotOfAdding" classname="LocalCMCTests" time="0.001"/>
  <testcase name="TestALotOfAdding" classname="LocalCMCTests" time="0.001"/>
  <testcase name="TestALotOfAdding" classname="LocalCMCTests" time="0.0"/>
  <testcase name="TestALotOfAdding" classname="LocalCMCTests" time="0.0"/>
  <testcase name="TestALotOfAdding" classname="LocalCMCTests" time="0.001"/>
  <testcase name="TestALotOfAdding" classname="LocalCMCTests" time="0.0"/>
  <testcase name="TestALotOfAdding" classname="LocalCMCTests" time="0.0"/>
  <testcase name="TestALotOfAdding" classname="LocalCMCTests" time="0.001"/>
  <testcase name="TestALotOfAdding" classname="LocalCMCTests" time="0.0"/>
  <testcase name="TestALotOfAdding" classname="LocalCMCTests" time="0.001"/>
  <testcase name="TestALotOfAdding" classname="LocalCMCTests" time="0.001"/>
  <testcase name="TestALotOfAdding" classname="LocalCMCTests" time="0.001"/>
  <testcase name="TestALotOfAdding" classname="LocalCMCTests" time="0.001"/>
  <testcase name="TestALotOfAdding" classname="LocalCMCTests" time="0.0"/>
  <testcase name="TestALotOfAdding" classname="LocalCMCTests" time="0.001"/>
  <testcase name="TestALotOfAdding" classname="LocalCMCTests" time="0.0"/>
  <testcase name="TestALotOfAdding" classname="LocalCMCTests" time="0.001"/>
  <testcase name="TestALotOfAdding" classname="LocalCMCTests" time="0.0"/>
  <testcase name="TestALotOfAdding" classname="LocalCMCTests" time="0.0"/>
  <testcase name="TestALotOfAdding" classname="LocalCMCTests" time="0.0"/>
  <testcase name="TestALotOfAdding" classname="LocalCMCTests" time="0.0"/>
  <testcase name="TestALotOfAdding" classname="LocalCMCTests" time="0.0"/>
  <testcase name="TestALotOfAdding" classname="LocalCMCTests" time="0.001"/>
  <testcase name="TestALotOfAdding" classname="LocalCMCTests" time="0.0"/>
  <testcase name="TestALotOfAdding" classname="LocalCMCTests" time="0.001"/>
  <testcase name="TestALotOfAdding" classname="LocalCMCTests" time="0.0"/>
  <testcase name="TestALotOfAdding" classname="LocalCMCTests" time="0.001"/>
  <testcase name="TestALotOfAdding" classname="LocalCMCTests" time="0.001"/>
  <testcase name="TestALotOfAdding" classname="LocalCMCTests" time="0.001"/>
  <testcase name="TestALotOfAdding" classname="LocalCMCTests" time="0.001"/>
  <testcase name="TestALotOfAdding" classname="LocalCMCTests" time="0.001"/>
  <testcase name="TestALotOfAdding" classname="LocalCMCTests" time="0.001"/>
  <testcase name="TestALotOfAdding" classname="LocalCMCTests" time="0.002"/>
  <testcase name="TestALotOfAdding" classname="LocalCMCTests" time="0.0"/>
  <testcase name="TestALotOfAdding" classname="LocalCMCTests" time="0.001"/>
  <testcase name="TestALotOfAdding" classname="LocalCMCTests" time="0.0"/>
  <testcase name="TestALotOfAdding" classname="LocalCMCTests" time="0.001"/>
  <testcase name="TestALotOfAdding" classname="LocalCMCTests" time="0.0"/>
  <testcase name="TestALotOfAdding" classname="LocalCMCTests" time="0.0"/>
  <testcase name="TestALotOfAdding" classname="LocalCMCTests" time="0.0"/>
  <testcase name="TestALotOfAdding" classname="LocalCMCTests" time="0.0"/>
  <testcase name="TestALotOfAdding" classname="LocalCMCTests" time="0.0"/>
  <testcase name="TestALotOfAdding" classname="LocalCMCTests" time="0.001"/>
  <testcase name="TestALotOfAdding" classname="LocalCMCTests" time="0.0"/>
  <testcase name="TestALotOfAdding" classname="LocalCMCTests" time="0.001"/>
  <testcase name="TestALotOfAdding" classname="LocalCMCTests" time="0.001"/>
  <testcase name="TestALotOfAdding" classname="LocalCMCTests" time="0.001"/>
  <testcase name="TestALotOfAdding" classname="LocalCMCTests" time="0.001"/>
  <testcase name="TestALotOfAdding" classname="LocalCMCTests" time="0.001"/>
  <testcase name="TestALotOfAdding" classname="LocalCMCTests" time="0.0"/>
  <testcase name="TestALotOfAdding" classname="LocalCMCTests" time="0.0"/>
  <testcase name="TestALotOfAdding" classname="LocalCMCTests" time="0.001"/>
  <testcase name="TestALotOfAdding" classname="LocalCMCTests" time="0.0"/>
  <testcase name="TestALotOfAdding" classname="LocalCMCTests" time="0.0"/>
  <testcase name="TestALotOfAdding" classname="LocalCMCTests" time="0.001"/>
  <testcase name="TestALotOfAdding" classname="LocalCMCTests" time="0.0"/>
  <testcase name="TestALotOfAdding" classname="LocalCMCTests" time="0.001"/>
  <testcase name="TestALotOfAdding" classname="LocalCMCTests" time="0.0"/>
  <testcase name="TestALotOfAdding" classname="LocalCMCTests" time="0.001"/>
  <testcase name="TestALotOfAdding" classname="LocalCMCTests" time="0.002"/>
  <testcase name="TestALotOfAdding" classname="LocalCMCTests" time="0.0"/>
  <testcase name="TestALotOfAdding" classname="LocalCMCTests" time="0.0"/>
  <testcase name="TestALotOfAdding" classname="LocalCMCTests" time="0.001"/>
  <testcase name="TestALotOfAdding" classname="LocalCMCTests" time="0.001"/>
  <testcase name="TestALotOfAdding" classname="LocalCMCTests" time="0.001"/>
  <testcase name="TestALotOfAdding" classname="LocalCMCTests" time="0.0"/>
  <testcase name="TestALotOfAdding" classname="LocalCMCTests" time="0.0"/>
  <testcase name="TestALotOfAdding" classname="LocalCMCTests" time="0.001"/>
  <testcase name="TestALotOfAdding" classname="LocalCMCTests" time="0.0"/>
  <testcase name="TestALotOfAdding" classname="LocalCMCTests" time="0.001"/>
  <testcase name="TestALotOfAdding" classname="LocalCMCTests" time="0.001"/>
  <testcase name="TestALotOfAdding" classname="LocalCMCTests" time="0.001"/>
  <testcase name="TestALotOfAdding" classname="LocalCMCTests" time="0.001"/>
  <testcase name="TestALotOfAdding" classname="LocalCMCTests" time="0.0"/>
  <testcase name="TestALotOfAdding" classname="LocalCMCTests" time="0.0"/>
  <testcase name="TestALotOfAdding" classname="LocalCMCTests" time="0.0"/>
  <testcase name="TestALotOfAdding" classname="LocalCMCTests" time="0.0"/>
  <testcase name="TestALotOfAdding" classname="LocalCMCTests" time="0.0"/>
  <testcase name="TestALotOfAdding" classname="LocalCMCTests" time="0.001"/>
  <testcase name="TestALotOfAdding" classname="LocalCMCTests" time="0.001"/>
  <testcase name="TestALotOfAdding" classname="LocalCMCTests" time="0.002"/>
  <testcase name="TestALotOfAdding" classname="LocalCMCTests" time="0.002"/>
  <testcase name="TestALotOfAdding" classname="LocalCMCTests" time="0.0"/>
  <testcase name="TestALotOfAdding" classname="LocalCMCTests" time="0.0"/>
  <testcase name="TestALotOfAdding" classname="LocalCMCTests" time="0.001"/>
  <testcase name="TestALotOfAdding" classname="LocalCMCTests" time="0.001"/>
  <testcase name="TestALotOfAdding" classname="LocalCMCTests" time="0.001"/>
  <testcase name="TestALotOfAdding" classname="LocalCMCTests" time="0.001"/>
  <testcase name="TestALotOfAdding" classname="LocalCMCTests" time="0.0"/>
  <testcase name="TestALotOfAdding" classname="LocalCMCTests" time="0.0"/>
  <testcase name="TestALotOfAdding" classname="LocalCMCTests" time="0.001"/>
  <testcase name="TestALotOfAdding" classname="LocalCMCTests" time="0.0"/>
  <testcase name="TestALotOfAdding" classname="LocalCMCTests" time="0.001"/>
  <testcase name="TestALotOfAdding" classname="LocalCMCTests" time="0.0"/>
  <testcase name="TestALotOfAdding" classname="LocalCMCTests" time="0.0"/>
  <testcase name="TestALotOfAdding" classname="LocalCMCTests" time="0.001"/>
  <testcase name="TestALotOfAdding" classname="LocalCMCTests" time="0.001"/>
  <testcase name="TestALotOfAdding" classname="LocalCMCTests" time="0.001"/>
  <testcase name="TestALotOfAdding" classname="LocalCMCTests" time="0.001"/>
  <testcase name="TestALotOfAdding" classname="LocalCMCTests" time="0.0"/>
  <testcase name="TestALotOfAdding" classname="LocalCMCTests" time="0.001"/>
  <testcase name="TestALotOfAdding" classname="LocalCMCTests" time="0.001"/>
  <testcase name="TestALotOfAdding" classname="LocalCMCTests" time="0.0"/>
  <testcase name="TestALotOfAdding" classname="LocalCMCTests" time="0.001"/>
  <testcase name="TestALotOfAdding" classname="LocalCMCTests" time="0.0"/>
  <testcase name="TestALotOfAdding" classname="LocalCMCTests" time="0.0"/>
  <testcase name="TestALotOfAdding" classname="LocalCMCTests" time="0.001"/>
  <testcase name="TestALotOfAdding" classname="LocalCMCTests" time="0.0"/>
  <testcase name="TestALotOfAdding" classname="LocalCMCTests" time="0.001"/>
  <testcase name="TestALotOfAdding" classname="LocalCMCTests" time="0.0"/>
  <testcase name="TestALotOfAdding" classname="LocalCMCTests" time="0.001"/>
  <testcase name="TestALotOfAdding" classname="LocalCMCTests" time="0.001"/>
  <testcase name="TestALotOfAdding" classname="LocalCMCTests" time="0.0"/>
  <testcase name="TestALotOfAdding" classname="LocalCMCTests" time="0.001"/>
  <testcase name="TestALotOfAdding" classname="LocalCMCTests" time="0.001"/>
  <testcase name="TestALotOfAdding" classname="LocalCMCTests" time="0.001"/>
  <testcase name="TestALotOfAdding" classname="LocalCMCTests" time="0.001"/>
  <testcase name="TestALotOfAdding" classname="LocalCMCTests" time="0.0"/>
  <testcase name="TestALotOfAdding" classname="LocalCMCTests" time="0.001"/>
  <testcase name="TestALotOfAdding" classname="LocalCMCTests" time="0.0"/>
  <testcase name="TestALotOfAdding" classname="LocalCMCTests" time="0.001"/>
  <testcase name="TestALotOfAdding" classname="LocalCMCTests" time="0.001"/>
  <testcase name="TestALotOfAdding" classname="LocalCMCTests" time="0.0"/>
  <testcase name="TestALotOfAdding" classname="LocalCMCTests" time="0.0"/>
  <testcase name="TestALotOfAdding" classname="LocalCMCTests" time="0.0"/>
  <testcase name="TestALotOfAdding" classname="LocalCMCTests" time="0.001"/>
  <testcase name="TestALotOfAdding" classname="LocalCMCTests" time="0.0"/>
  <testcase name="TestALotOfAdding" classname="LocalCMCTests" time="0.001"/>
  <testcase name="TestALotOfAdding" classname="LocalCMCTests" time="0.001"/>
  <testcase name="TestALotOfAdding" classname="LocalCMCTests" time="0.001"/>
  <testcase name="TestALotOfAdding" classname="LocalCMCTests" time="0.001"/>
  <testcase name="TestALotOfAdding" classname="LocalCMCTests" time="0.002"/>
  <testcase name="TestALotOfAdding" classname="LocalCMCTests" time="0.0"/>
  <testcase name="TestALotOfAdding" classname="LocalCMCTests" time="0.002"/>
  <testcase name="TestALotOfAdding" classname="LocalCMCTests" time="0.0"/>
  <testcase name="TestALotOfAdding" classname="LocalCMCTests" time="0.0"/>
  <testcase name="TestALotOfAdding" classname="LocalCMCTests" time="0.0"/>
  <testcase name="TestALotOfAdding" classname="LocalCMCTests" time="0.001"/>
  <testcase name="TestALotOfAdding" classname="LocalCMCTests" time="0.001"/>
  <testcase name="TestALotOfAdding" classname="LocalCMCTests" time="0.001"/>
  <testcase name="TestALotOfAdding" classname="LocalCMCTests" time="0.001"/>
  <testcase name="TestALotOfAdding" classname="LocalCMCTests" time="0.001"/>
  <testcase name="TestALotOfAdding" classname="LocalCMCTests" time="0.001"/>
  <testcase name="TestALotOfAdding" classname="LocalCMCTests" time="0.0"/>
  <testcase name="TestALotOfAdding" classname="LocalCMCTests" time="0.001"/>
  <testcase name="TestALotOfAdding" classname="LocalCMCTests" time="0.0"/>
  <testcase name="TestALotOfAdding" classname="LocalCMCTests" time="0.001"/>
  <testcase name="TestALotOfAdding" classname="LocalCMCTests" time="0.001"/>
  <testcase name="TestALotOfAdding" classname="LocalCMCTests" time="0.0"/>
  <testcase name="TestALotOfAdding" classname="LocalCMCTests" time="0.001"/>
  <testcase name="TestALotOfAdding" classname="LocalCMCTests" time="0.0"/>
  <testcase name="TestALotOfAdding" classname="LocalCMCTests" time="0.001"/>
  <testcase name="TestALotOfAdding" classname="LocalCMCTests" time="0.0"/>
  <testcase name="TestALotOfAdding" classname="LocalCMCTests" time="0.0"/>
  <testcase name="TestALotOfAdding" classname="LocalCMCTests" time="0.0"/>
  <testcase name="TestALotOfAdding" classname="LocalCMCTests" time="0.001"/>
  <testcase name="TestALotOfAdding" classname="LocalCMCTests" time="0.0"/>
  <testcase name="TestALotOfAdding" classname="LocalCMCTests" time="0.0"/>
  <testcase name="TestALotOfAdding" classname="LocalCMCTests" time="0.001"/>
  <testcase name="TestALotOfAdding" classname="LocalCMCTests" time="0.002"/>
  <testcase name="TestALotOfAdding" classname="LocalCMCTests" time="0.001"/>
  <testcase name="TestALotOfAdding" classname="LocalCMCTests" time="0.001"/>
  <testcase name="TestALotOfAdding" classname="LocalCMCTests" time="0.001"/>
  <testcase name="TestALotOfAdding" classname="LocalCMCTests" time="0.001"/>
  <testcase name="TestALotOfAdding" classname="LocalCMCTests" time="0.001"/>
  <testcase name="TestALotOfAdding" classname="LocalCMCTests" time="0.0"/>
  <testcase name="TestALotOfAdding" classname="LocalCMCTests" time="0.001"/>
  <testcase name="TestALotOfAdding" classname="LocalCMCTests" time="0.001"/>
  <testcase name="TestALotOfAdding" classname="LocalCMCTests" time="0.0"/>
  <testcase name="TestALotOfAdding" classname="LocalCMCTests" time="0.001"/>
  <testcase name="TestALotOfAdding" classname="LocalCMCTests" time="0.0"/>
  <testcase name="TestALotOfAdding" classname="LocalCMCTests" time="0.0"/>
  <testcase name="TestALotOfAdding" classname="LocalCMCTests" time="0.0"/>
  <testcase name="TestALotOfAdding" classname="LocalCMCTests" time="0.0"/>
  <testcase name="TestALotOfAdding" classname="LocalCMCTests" time="0.001"/>
  <testcase name="TestALotOfAdding" classname="LocalCMCTests" time="0.001"/>
  <testcase name="TestALotOfAdding" classname="LocalCMCTests" time="0.001"/>
  <testcase name="TestALotOfAdding" classname="LocalCMCTests" time="0.001"/>
  <testcase name="TestALotOfAdding" classname="LocalCMCTests" time="0.001"/>
  <testcase name="TestALotOfAdding" classname="LocalCMCTests" time="0.0"/>
  <testcase name="TestALotOfAdding" classname="LocalCMCTests" time="0.0"/>
  <testcase name="TestALotOfAdding" classname="LocalCMCTests" time="0.0"/>
  <testcase name="TestALotOfAdding" classname="LocalCMCTests" time="0.0"/>
  <testcase name="TestALotOfAdding" classname="LocalCMCTests" time="0.0"/>
  <testcase name="TestALotOfAdding" classname="LocalCMCTests" time="0.001"/>
  <testcase name="TestALotOfAdding" classname="LocalCMCTests" time="0.001"/>
  <testcase name="TestALotOfAdding" classname="LocalCMCTests" time="0.001"/>
  <testcase name="TestALotOfAdding" classname="LocalCMCTests" time="0.001"/>
  <testcase name="TestALotOfAdding" classname="LocalCMCTests" time="0.001"/>
  <testcase name="TestALotOfAdding" classname="LocalCMCTests" time="0.001"/>
  <testcase name="TestALotOfAdding" classname="LocalCMCTests" time="0.0"/>
  <testcase name="TestALotOfAdding" classname="LocalCMCTests" time="0.001"/>
  <testcase name="TestALotOfAdding" classname="LocalCMCTests" time="0.001"/>
  <testcase name="TestALotOfAdding" classname="LocalCMCTests" time="0.0"/>
  <testcase name="TestALotOfAdding" classname="LocalCMCTests" time="0.001"/>
  <testcase name="TestALotOfAdding" classname="LocalCMCTests" time="0.0"/>
  <testcase name="TestALotOfAdding" classname="LocalCMCTests" time="0.0"/>
  <testcase name="TestALotOfAdding" classname="LocalCMCTests" time="0.0"/>
  <testcase name="TestALotOfAdding" classname="LocalCMCTests" time="0.001"/>
  <testcase name="TestALotOfAdding" classname="LocalCMCTests" time="0.0"/>
  <testcase name="TestALotOfAdding" classname="LocalCMCTests" time="0.002"/>
  <testcase name="TestALotOfAdding" classname="LocalCMCTests" time="0.001"/>
  <testcase name="TestALotOfAdding" classname="LocalCMCTests" time="0.0"/>
  <testcase name="TestALotOfAdding" classname="LocalCMCTests" time="0.0"/>
  <testcase name="TestALotOfAdding" classname="LocalCMCTests" time="0.0"/>
  <testcase name="TestALotOfAdding" classname="LocalCMCTests" time="0.001"/>
  <testcase name="TestALotOfAdding" classname="LocalCMCTests" time="0.002"/>
  <testcase name="TestALotOfAdding" classname="LocalCMCTests" time="0.001"/>
  <testcase name="TestALotOfAdding" classname="LocalCMCTests" time="0.001"/>
  <testcase name="TestALotOfAdding" classname="LocalCMCTests" time="0.001"/>
  <testcase name="TestALotOfAdding" classname="LocalCMCTests" time="0.0"/>
  <testcase name="TestALotOfAdding" classname="LocalCMCTests" time="0.001"/>
  <testcase name="TestALotOfAdding" classname="LocalCMCTests" time="0.0"/>
  <testcase name="TestALotOfAdding" classname="LocalCMCTests" time="0.0"/>
  <testcase name="TestALotOfAdding" classname="LocalCMCTests" time="0.0"/>
  <testcase name="TestALotOfAdding" classname="LocalCMCTests" time="0.0"/>
  <testcase name="TestALotOfAdding" classname="LocalCMCTests" time="0.0"/>
  <testcase name="TestALotOfAdding" classname="LocalCMCTests" time="0.001"/>
  <testcase name="TestALotOfAdding" classname="LocalCMCTests" time="0.001"/>
  <testcase name="TestALotOfAdding" classname="LocalCMCTests" time="0.001"/>
  <testcase name="TestALotOfAdding" classname="LocalCMCTests" time="0.0"/>
  <testcase name="TestALotOfAdding" classname="LocalCMCTests" time="0.0"/>
  <testcase name="TestALotOfAdding" classname="LocalCMCTests" time="0.001"/>
  <testcase name="TestALotOfAdding" classname="LocalCMCTests" time="0.001"/>
  <testcase name="TestALotOfAdding" classname="LocalCMCTests" time="0.001"/>
  <testcase name="TestALotOfAdding" classname="LocalCMCTests" time="0.0"/>
  <testcase name="TestALotOfAdding" classname="LocalCMCTests" time="0.0"/>
  <testcase name="TestALotOfAdding" classname="LocalCMCTests" time="0.001"/>
  <testcase name="TestALotOfAdding" classname="LocalCMCTests" time="0.0"/>
  <testcase name="TestALotOfAdding" classname="LocalCMCTests" time="0.001"/>
  <testcase name="TestALotOfAdding" classname="LocalCMCTests" time="0.001"/>
  <testcase name="TestALotOfAdding" classname="LocalCMCTests" time="0.001"/>
  <testcase name="TestALotOfAdding" classname="LocalCMCTests" time="0.0"/>
  <testcase name="TestALotOfAdding" classname="LocalCMCTests" time="0.0"/>
  <testcase name="TestALotOfAdding" classname="LocalCMCTests" time="0.001"/>
  <testcase name="TestALotOfAdding" classname="LocalCMCTests" time="0.001"/>
  <testcase name="TestALotOfAdding" classname="LocalCMCTests" time="0.0"/>
  <testcase name="TestALotOfAdding" classname="LocalCMCTests" time="0.001"/>
  <testcase name="TestALotOfAdding" classname="LocalCMCTests" time="0.001"/>
  <testcase name="TestALotOfAdding" classname="LocalCMCTests" time="0.001"/>
  <testcase name="TestALotOfAdding" classname="LocalCMCTests" time="0.001"/>
  <testcase name="TestALotOfAdding" classname="LocalCMCTests" time="0.0"/>
  <testcase name="TestALotOfAdding" classname="LocalCMCTests" time="0.001"/>
  <testcase name="TestALotOfAdding" classname="LocalCMCTests" time="0.001"/>
  <testcase name="TestALotOfAdding" classname="LocalCMCTests" time="0.0"/>
  <testcase name="TestALotOfAdding" classname="LocalCMCTests" time="0.0"/>
  <testcase name="TestALotOfAdding" classname="LocalCMCTests" time="0.0"/>
  <testcase name="TestALotOfAdding" classname="LocalCMCTests" time="0.001"/>
  <testcase name="TestALotOfAdding" classname="LocalCMCTests" time="0.001"/>
  <testcase name="TestALotOfAdding" classname="LocalCMCTests" time="0.0"/>
  <testcase name="TestALotOfAdding" classname="LocalCMCTests" time="0.001"/>
  <testcase name="TestALotOfAdding" classname="LocalCMCTests" time="0.002"/>
  <testcase name="TestALotOfAdding" classname="LocalCMCTests" time="0.0"/>
  <testcase name="TestALotOfAdding" classname="LocalCMCTests" time="0.0"/>
  <testcase name="TestALotOfAdding" classname="LocalCMCTests" time="0.0"/>
  <testcase name="TestALotOfAdding" classname="LocalCMCTests" time="0.0"/>
  <testcase name="TestALotOfAdding" classname="LocalCMCTests" time="0.0"/>
  <testcase name="TestALotOfAdding" classname="LocalCMCTests" time="0.001"/>
  <testcase name="TestALotOfAdding" classname="LocalCMCTests" time="0.001"/>
  <testcase name="TestALotOfAdding" classname="LocalCMCTests" time="0.001"/>
  <testcase name="TestALotOfAdding" classname="LocalCMCTests" time="0.001"/>
  <testcase name="TestALotOfAdding" classname="LocalCMCTests" time="0.001"/>
  <testcase name="TestALotOfAdding" classname="LocalCMCTests" time="0.0"/>
  <testcase name="TestALotOfAdding" classname="LocalCMCTests" time="0.001"/>
  <testcase name="TestALotOfAdding" classname="LocalCMCTests" time="0.001"/>
  <testcase name="TestALotOfAdding" classname="LocalCMCTests" time="0.001"/>
  <testcase name="TestALotOfAdding" classname="LocalCMCTests" time="0.0"/>
  <testcase name="TestALotOfAdding" classname="LocalCMCTests" time="0.0"/>
  <testcase name="TestALotOfAdding" classname="LocalCMCTests" time="0.0"/>
  <testcase name="TestALotOfAdding" classname="LocalCMCTests" time="0.0"/>
  <testcase name="TestALotOfAdding" classname="LocalCMCTests" time="0.002"/>
  <testcase name="TestALotOfAdding" classname="LocalCMCTests" time="0.001"/>
  <testcase name="TestALotOfAdding" classname="LocalCMCTests" time="0.001"/>
  <testcase name="TestALotOfAdding" classname="LocalCMCTests" time="0.0"/>
  <testcase name="TestALotOfAdding" classname="LocalCMCTests" time="0.001"/>
  <testcase name="TestALotOfAdding" classname="LocalCMCTests" time="0.001"/>
  <testcase name="TestALotOfAdding" classname="LocalCMCTests" time="0.0"/>
  <testcase name="TestALotOfAdding" classname="LocalCMCTests" time="0.0"/>
  <testcase name="TestALotOfAdding" classname="LocalCMCTests" time="0.001"/>
  <testcase name="TestALotOfAdding" classname="LocalCMCTests" time="0.0"/>
  <testcase name="TestALotOfAdding" classname="LocalCMCTests" time="0.0"/>
  <testcase name="TestALotOfAdding" classname="LocalCMCTests" time="0.0"/>
  <testcase name="TestALotOfAdding" classname="LocalCMCTests" time="0.0"/>
  <testcase name="TestALotOfAdding" classname="LocalCMCTests" time="0.0"/>
  <testcase name="TestALotOfAdding" classname="LocalCMCTests" time="0.0"/>
  <testcase name="TestALotOfAdding" classname="LocalCMCTests" time="0.001"/>
  <testcase name="TestALotOfAdding" classname="LocalCMCTests" time="0.002"/>
  <testcase name="TestALotOfAdding" classname="LocalCMCTests" time="0.001"/>
  <testcase name="TestALotOfAdding" classname="LocalCMCTests" time="0.0"/>
  <testcase name="TestALotOfAdding" classname="LocalCMCTests" time="0.001"/>
  <testcase name="TestALotOfAdding" classname="LocalCMCTests" time="0.001"/>
  <testcase name="TestALotOfAdding" classname="LocalCMCTests" time="0.001"/>
  <testcase name="TestALotOfAdding" classname="LocalCMCTests" time="0.001"/>
  <testcase name="TestALotOfAdding" classname="LocalCMCTests" time="0.001"/>
  <testcase name="TestALotOfAdding" classname="LocalCMCTests" time="0.001"/>
  <testcase name="TestALotOfAdding" classname="LocalCMCTests" time="0.001"/>
  <testcase name="TestALotOfAdding" classname="LocalCMCTests" time="0.0"/>
  <testcase name="TestALotOfAdding" classname="LocalCMCTests" time="0.001"/>
  <testcase name="TestALotOfAdding" classname="LocalCMCTests" time="0.0"/>
  <testcase name="TestALotOfAdding" classname="LocalCMCTests" time="0.0"/>
  <testcase name="TestALotOfAdding" classname="LocalCMCTests" time="0.0"/>
  <testcase name="TestALotOfAdding" classname="LocalCMCTests" time="0.0"/>
  <testcase name="TestALotOfAdding" classname="LocalCMCTests" time="0.0"/>
  <testcase name="TestALotOfAdding" classname="LocalCMCTests" time="0.0"/>
  <testcase name="TestALotOfAdding" classname="LocalCMCTests" time="0.0"/>
  <testcase name="TestALotOfAdding" classname="LocalCMCTests" time="0.0"/>
  <testcase name="TestALotOfAdding" classname="LocalCMCTests" time="0.001"/>
  <testcase name="TestALotOfAdding" classname="LocalCMCTests" time="0.001"/>
  <testcase name="TestALotOfAdding" classname="LocalCMCTests" time="0.001"/>
  <testcase name="TestALotOfAdding" classname="LocalCMCTests" time="0.0"/>
  <testcase name="TestALotOfAdding" classname="LocalCMCTests" time="0.001"/>
  <testcase name="TestALotOfAdding" classname="LocalCMCTests" time="0.001"/>
  <testcase name="TestALotOfAdding" classname="LocalCMCTests" time="0.001"/>
  <testcase name="TestALotOfAdding" classname="LocalCMCTests" time="0.001"/>
  <testcase name="TestALotOfAdding" classname="LocalCMCTests" time="0.001"/>
  <testcase name="TestALotOfAdding" classname="LocalCMCTests" time="0.001"/>
  <testcase name="TestALotOfAdding" classname="LocalCMCTests" time="0.001"/>
  <testcase name="TestALotOfAdding" classname="LocalCMCTests" time="0.0"/>
  <testcase name="TestALotOfAdding" classname="LocalCMCTests" time="0.0"/>
  <testcase name="TestALotOfAdding" classname="LocalCMCTests" time="0.0"/>
  <testcase name="TestALotOfAdding" classname="LocalCMCTests" time="0.0"/>
  <testcase name="TestALotOfAdding" classname="LocalCMCTests" time="0.0"/>
  <testcase name="TestALotOfAdding" classname="LocalCMCTests" time="0.0"/>
  <testcase name="TestALotOfAdding" classname="LocalCMCTests" time="0.001"/>
  <testcase name="TestALotOfAdding" classname="LocalCMCTests" time="0.0"/>
  <testcase name="TestALotOfAdding" classname="LocalCMCTests" time="0.001"/>
  <testcase name="TestALotOfAdding" classname="LocalCMCTests" time="0.001"/>
  <testcase name="TestALotOfAdding" classname="LocalCMCTests" time="0.001"/>
  <testcase name="TestALotOfAdding" classname="LocalCMCTests" time="0.001"/>
  <testcase name="TestALotOfAdding" classname="LocalCMCTests" time="0.001"/>
  <testcase name="TestALotOfAdding" classname="LocalCMCTests" time="0.001"/>
  <testcase name="TestALotOfAdding" classname="LocalCMCTests" time="0.0"/>
  <testcase name="TestALotOfAdding" classname="LocalCMCTests" time="0.001"/>
  <testcase name="TestALotOfAdding" classname="LocalCMCTests" time="0.0"/>
  <testcase name="TestALotOfAdding" classname="LocalCMCTests" time="0.0"/>
  <testcase name="TestALotOfAdding" classname="LocalCMCTests" time="0.0"/>
  <testcase name="TestALotOfAdding" classname="LocalCMCTests" time="0.0"/>
  <testcase name="TestALotOfAdding" classname="LocalCMCTests" time="0.001"/>
  <testcase name="TestALotOfAdding" classname="LocalCMCTests" time="0.001"/>
  <testcase name="TestALotOfAdding" classname="LocalCMCTests" time="0.0"/>
  <testcase name="TestALotOfAdding" classname="LocalCMCTests" time="0.001"/>
  <testcase name="TestALotOfAdding" classname="LocalCMCTests" time="0.001"/>
  <testcase name="TestALotOfAdding" classname="LocalCMCTests" time="0.001"/>
  <testcase name="TestALotOfAdding" classname="LocalCMCTests" time="0.001"/>
  <testcase name="TestALotOfAdding" classname="LocalCMCTests" time="0.001"/>
  <testcase name="TestALotOfAdding" classname="LocalCMCTests" time="0.001"/>
  <testcase name="TestALotOfAdding" classname="LocalCMCTests" time="0.0"/>
  <testcase name="TestALotOfAdding" classname="LocalCMCTests" time="0.001"/>
  <testcase name="TestALotOfAdding" classname="LocalCMCTests" time="0.001"/>
  <testcase name="TestALotOfAdding" classname="LocalCMCTests" time="0.0"/>
  <testcase name="TestALotOfAdding" classname="LocalCMCTests" time="0.001"/>
  <testcase name="TestALotOfAdding" classname="LocalCMCTests" time="0.0"/>
  <testcase name="TestALotOfAdding" classname="LocalCMCTests" time="0.0"/>
  <testcase name="TestALotOfAdding" classname="LocalCMCTests" time="0.0"/>
  <testcase name="TestALotOfAdding" classname="LocalCMCTests" time="0.0"/>
  <testcase name="TestALotOfAdding" classname="LocalCMCTests" time="0.0"/>
  <testcase name="TestALotOfAdding" classname="LocalCMCTests" time="0.0"/>
  <testcase name="TestALotOfAdding" classname="LocalCMCTests" time="0.0"/>
  <testcase name="TestALotOfAdding" classname="LocalCMCTests" time="0.0"/>
  <testcase name="TestALotOfAdding" classname="LocalCMCTests" time="0.002"/>
  <testcase name="TestALotOfAdding" classname="LocalCMCTests" time="0.002"/>
  <testcase name="TestALotOfAdding" classname="LocalCMCTests" time="0.0"/>
  <testcase name="TestALotOfAdding" classname="LocalCMCTests" time="0.001"/>
  <testcase name="TestALotOfAdding" classname="LocalCMCTests" time="0.001"/>
  <testcase name="TestALotOfAdding" classname="LocalCMCTests" time="0.001"/>
  <testcase name="TestALotOfAdding" classname="LocalCMCTests" time="0.001"/>
  <testcase name="TestALotOfAdding" classname="LocalCMCTests" time="0.0"/>
  <testcase name="TestALotOfAdding" classname="LocalCMCTests" time="0.001"/>
  <testcase name="TestALotOfAdding" classname="LocalCMCTests" time="0.001"/>
  <testcase name="TestALotOfAdding" classname="LocalCMCTests" time="0.0"/>
  <testcase name="TestALotOfAdding" classname="LocalCMCTests" time="0.0"/>
  <testcase name="TestALotOfAdding" classname="LocalCMCTests" time="0.0"/>
  <testcase name="TestALotOfAdding" classname="LocalCMCTests" time="0.0"/>
  <testcase name="TestALotOfAdding" classname="LocalCMCTests" time="0.0"/>
  <testcase name="TestALotOfAdding" classname="LocalCMCTests" time="0.001"/>
  <testcase name="TestALotOfAdding" classname="LocalCMCTests" time="0.001"/>
  <testcase name="TestALotOfAdding" classname="LocalCMCTests" time="0.002"/>
  <testcase name="TestALotOfAdding" classname="LocalCMCTests" time="0.001"/>
  <testcase name="TestALotOfAdding" classname="LocalCMCTests" time="0.0"/>
  <testcase name="TestALotOfAdding" classname="LocalCMCTests" time="0.001"/>
  <testcase name="TestALotOfAdding" classname="LocalCMCTests" time="0.0"/>
  <testcase name="TestALotOfAdding" classname="LocalCMCTests" time="0.001"/>
  <testcase name="TestALotOfAdding" classname="LocalCMCTests" time="0.0"/>
  <testcase name="TestALotOfAdding" classname="LocalCMCTests" time="0.001"/>
  <testcase name="TestALotOfAdding" classname="LocalCMCTests" time="0.0"/>
  <testcase name="TestALotOfAdding" classname="LocalCMCTests" time="0.001"/>
  <testcase name="TestALotOfAdding" classname="LocalCMCTests" time="0.0"/>
  <testcase name="TestALotOfAdding" classname="LocalCMCTests" time="0.001"/>
  <testcase name="TestALotOfAdding" classname="LocalCMCTests" time="0.001"/>
  <testcase name="TestALotOfAdding" classname="LocalCMCTests" time="0.001"/>
  <testcase name="TestALotOfAdding" classname="LocalCMCTests" time="0.0"/>
  <testcase name="TestALotOfAdding" classname="LocalCMCTests" time="0.001"/>
  <testcase name="TestALotOfAdding" classname="LocalCMCTests" time="0.001"/>
  <testcase name="TestALotOfAdding" classname="LocalCMCTests" time="0.001"/>
  <testcase name="TestALotOfAdding" classname="LocalCMCTests" time="0.001"/>
  <testcase name="TestALotOfAdding" classname="LocalCMCTests" time="0.0"/>
  <testcase name="TestALotOfAdding" classname="LocalCMCTests" time="0.001"/>
  <testcase name="TestALotOfAdding" classname="LocalCMCTests" time="0.0"/>
  <testcase name="TestALotOfAdding" classname="LocalCMCTests" time="0.0"/>
  <testcase name="TestALotOfAdding" classname="LocalCMCTests" time="0.0"/>
  <testcase name="TestALotOfAdding" classname="LocalCMCTests" time="0.0"/>
  <testcase name="TestALotOfAdding" classname="LocalCMCTests" time="0.001"/>
  <testcase name="TestALotOfAdding" classname="LocalCMCTests" time="0.0"/>
  <testcase name="TestALotOfAdding" classname="LocalCMCTests" time="0.001"/>
  <testcase name="TestALotOfAdding" classname="LocalCMCTests" time="0.001"/>
  <testcase name="TestALotOfAdding" classname="LocalCMCTests" time="0.001"/>
  <testcase name="TestALotOfAdding" classname="LocalCMCTests" time="0.0"/>
  <testcase name="TestALotOfAdding" classname="LocalCMCTests" time="0.001"/>
  <testcase name="TestALotOfAdding" classname="LocalCMCTests" time="0.001"/>
  <testcase name="TestALotOfAdding" classname="LocalCMCTests" time="0.001"/>
  <testcase name="TestALotOfAdding" classname="LocalCMCTests" time="0.0"/>
  <testcase name="TestALotOfAdding" classname="LocalCMCTests" time="0.001"/>
  <testcase name="TestALotOfAdding" classname="LocalCMCTests" time="0.001"/>
  <testcase name="TestALotOfAdding" classname="LocalCMCTests" time="0.0"/>
  <testcase name="TestALotOfAdding" classname="LocalCMCTests" time="0.0"/>
  <testcase name="TestALotOfAdding" classname="LocalCMCTests" time="0.001"/>
  <testcase name="TestALotOfAdding" classname="LocalCMCTests" time="0.0"/>
  <testcase name="TestALotOfAdding" classname="LocalCMCTests" time="0.001"/>
  <testcase name="TestALotOfAdding" classname="LocalCMCTests" time="0.0"/>
  <testcase name="TestALotOfAdding" classname="LocalCMCTests" time="0.001"/>
  <testcase name="TestALotOfAdding" classname="LocalCMCTests" time="0.0"/>
  <testcase name="TestALotOfAdding" classname="LocalCMCTests" time="0.0"/>
  <testcase name="TestALotOfAdding" classname="LocalCMCTests" time="0.0"/>
  <testcase name="TestALotOfAdding" classname="LocalCMCTests" time="0.002"/>
  <testcase name="TestALotOfAdding" classname="LocalCMCTests" time="0.0"/>
  <testcase name="TestALotOfAdding" classname="LocalCMCTests" time="0.001"/>
  <testcase name="TestALotOfAdding" classname="LocalCMCTests" time="0.001"/>
  <testcase name="TestALotOfAdding" classname="LocalCMCTests" time="0.001"/>
  <testcase name="TestALotOfAdding" classname="LocalCMCTests" time="0.0"/>
  <testcase name="TestALotOfAdding" classname="LocalCMCTests" time="0.001"/>
  <testcase name="TestALotOfAdding" classname="LocalCMCTests" time="0.001"/>
  <testcase name="TestALotOfAdding" classname="LocalCMCTests" time="0.0"/>
  <testcase name="TestALotOfAdding" classname="LocalCMCTests" time="0.001"/>
  <testcase name="TestALotOfAdding" classname="LocalCMCTests" time="0.001"/>
  <testcase name="TestALotOfAdding" classname="LocalCMCTests" time="0.0"/>
  <testcase name="TestALotOfAdding" classname="LocalCMCTests" time="0.0"/>
  <testcase name="TestALotOfAdding" classname="LocalCMCTests" time="0.0"/>
  <testcase name="TestALotOfAdding" classname="LocalCMCTests" time="0.0"/>
  <testcase name="TestALotOfAdding" classname="LocalCMCTests" time="0.001"/>
  <testcase name="TestALotOfAdding" classname="LocalCMCTests" time="0.0"/>
  <testcase name="TestALotOfAdding" classname="LocalCMCTests" time="0.001"/>
  <testcase name="TestALotOfAdding" classname="LocalCMCTests" time="0.003"/>
  <testcase name="TestALotOfAdding" classname="LocalCMCTests" time="0.001"/>
  <testcase name="TestALotOfAdding" classname="LocalCMCTests" time="0.001"/>
  <testcase name="TestALotOfAdding" classname="LocalCMCTests" time="0.0"/>
  <testcase name="TestALotOfAdding" classname="LocalCMCTests" time="0.001"/>
  <testcase name="TestALotOfAdding" classname="LocalCMCTests" time="0.0"/>
  <testcase name="TestALotOfAdding" classname="LocalCMCTests" time="0.001"/>
  <testcase name="TestALotOfAdding" classname="LocalCMCTests" time="0.001"/>
  <testcase name="TestALotOfAdding" classname="LocalCMCTests" time="0.0"/>
  <testcase name="TestALotOfAdding" classname="LocalCMCTests" time="0.001"/>
  <testcase name="TestALotOfAdding" classname="LocalCMCTests" time="0.0"/>
  <testcase name="TestALotOfAdding" classname="LocalCMCTests" time="0.0"/>
  <testcase name="TestALotOfAdding" classname="LocalCMCTests" time="0.001"/>
  <testcase name="TestALotOfAdding" classname="LocalCMCTests" time="0.001"/>
  <testcase name="TestALotOfAdding" classname="LocalCMCTests" time="0.001"/>
  <testcase name="TestALotOfAdding" classname="LocalCMCTests" time="0.0"/>
  <testcase name="TestALotOfAdding" classname="LocalCMCTests" time="0.0"/>
  <testcase name="TestALotOfAdding" classname="LocalCMCTests" time="0.002"/>
  <testcase name="TestALotOfAdding" classname="LocalCMCTests" time="0.002"/>
  <testcase name="TestALotOfAdding" classname="LocalCMCTests" time="0.0"/>
  <testcase name="TestALotOfAdding" classname="LocalCMCTests" time="0.0"/>
  <testcase name="TestALotOfAdding" classname="LocalCMCTests" time="0.002"/>
  <testcase name="TestALotOfAdding" classname="LocalCMCTests" time="0.002"/>
  <testcase name="TestALotOfAdding" classname="LocalCMCTests" time="0.002"/>
  <testcase name="TestALotOfAdding" classname="LocalCMCTests" time="0.0"/>
  <testcase name="TestALotOfAdding" classname="LocalCMCTests" time="0.0"/>
  <testcase name="TestALotOfAdding" classname="LocalCMCTests" time="0.0"/>
  <testcase name="TestALotOfAdding" classname="LocalCMCTests" time="0.003"/>
  <testcase name="TestALotOfAdding" classname="LocalCMCTests" time="0.003"/>
  <testcase name="TestALotOfAdding" classname="LocalCMCTests" time="0.003"/>
  <testcase name="TestALotOfAdding" classname="LocalCMCTests" time="0.0"/>
  <testcase name="TestALotOfAdding" classname="LocalCMCTests" time="0.001"/>
  <testcase name="TestALotOfAdding" classname="LocalCMCTests" time="0.001"/>
  <testcase name="TestALotOfAdding" classname="LocalCMCTests" time="0.003"/>
  <testcase name="TestALotOfAdding" classname="LocalCMCTests" time="0.0"/>
  <testcase name="TestALotOfAdding" classname="LocalCMCTests" time="0.0"/>
  <testcase name="TestALotOfAdding" classname="LocalCMCTests" time="0.001"/>
  <testcase name="TestALotOfAdding" classname="LocalCMCTests" time="0.0"/>
  <testcase name="TestALotOfAdding" classname="LocalCMCTests" time="0.001"/>
  <testcase name="TestALotOfAdding" classname="LocalCMCTests" time="0.001"/>
  <testcase name="TestALotOfAdding" classname="LocalCMCTests" time="0.001"/>
  <testcase name="TestALotOfAdding" classname="LocalCMCTests" time="0.0"/>
  <testcase name="TestALotOfAdding" classname="LocalCMCTests" time="0.001"/>
  <testcase name="TestALotOfAdding" classname="LocalCMCTests" time="0.001"/>
  <testcase name="TestALotOfAdding" classname="LocalCMCTests" time="0.001"/>
  <testcase name="TestALotOfAdding" classname="LocalCMCTests" time="0.001"/>
  <testcase name="TestALotOfAdding" classname="LocalCMCTests" time="0.001"/>
  <testcase name="TestALotOfAdding" classname="LocalCMCTests" time="0.0"/>
  <testcase name="TestALotOfAdding" classname="LocalCMCTests" time="0.001"/>
  <testcase name="TestALotOfAdding" classname="LocalCMCTests" time="0.001"/>
  <testcase name="TestALotOfAdding" classname="LocalCMCTests" time="0.0"/>
  <testcase name="TestALotOfAdding" classname="LocalCMCTests" time="0.0"/>
  <testcase name="TestALotOfAdding" classname="LocalCMCTests" time="0.0"/>
  <testcase name="TestALotOfAdding" classname="LocalCMCTests" time="0.0"/>
  <testcase name="TestALotOfAdding" classname="LocalCMCTests" time="0.001"/>
  <testcase name="TestALotOfAdding" classname="LocalCMCTests" time="0.001"/>
  <testcase name="TestALotOfAdding" classname="LocalCMCTests" time="0.001"/>
  <testcase name="TestALotOfAdding" classname="LocalCMCTests" time="0.001"/>
  <testcase name="TestALotOfAdding" classname="LocalCMCTests" time="0.001"/>
  <testcase name="TestALotOfAdding" classname="LocalCMCTests" time="0.0"/>
  <testcase name="TestALotOfAdding" classname="LocalCMCTests" time="0.001"/>
  <testcase name="TestALotOfAdding" classname="LocalCMCTests" time="0.001"/>
  <testcase name="TestALotOfAdding" classname="LocalCMCTests" time="0.001"/>
  <testcase name="TestALotOfAdding" classname="LocalCMCTests" time="0.001"/>
  <testcase name="TestALotOfAdding" classname="LocalCMCTests" time="0.001"/>
  <testcase name="TestALotOfAdding" classname="LocalCMCTests" time="0.0"/>
  <testcase name="TestALotOfAdding" classname="LocalCMCTests" time="0.0"/>
  <testcase name="TestALotOfAdding" classname="LocalCMCTests" time="0.0"/>
  <testcase name="TestALotOfAdding" classname="LocalCMCTests" time="0.0"/>
  <testcase name="TestALotOfAdding" classname="LocalCMCTests" time="0.0"/>
  <testcase name="TestALotOfAdding" classname="LocalCMCTests" time="0.0"/>
  <testcase name="TestALotOfAdding" classname="LocalCMCTests" time="0.0"/>
  <testcase name="TestALotOfAdding" classname="LocalCMCTests" time="0.001"/>
  <testcase name="TestALotOfAdding" classname="LocalCMCTests" time="0.001"/>
  <testcase name="TestALotOfAdding" classname="LocalCMCTests" time="0.001"/>
  <testcase name="TestALotOfAdding" classname="LocalCMCTests" time="0.001"/>
  <testcase name="TestALotOfAdding" classname="LocalCMCTests" time="0.001"/>
  <testcase name="TestALotOfAdding" classname="LocalCMCTests" time="0.0"/>
  <testcase name="TestALotOfAdding" classname="LocalCMCTests" time="0.001"/>
  <testcase name="TestALotOfAdding" classname="LocalCMCTests" time="0.0"/>
  <testcase name="TestALotOfAdding" classname="LocalCMCTests" time="0.0"/>
  <testcase name="TestALotOfAdding" classname="LocalCMCTests" time="0.0"/>
  <testcase name="TestALotOfAdding" classname="LocalCMCTests" time="0.001"/>
  <testcase name="TestALotOfAdding" classname="LocalCMCTests" time="0.001"/>
  <testcase name="TestALotOfAdding" classname="LocalCMCTests" time="0.001"/>
  <testcase name="TestALotOfAdding" classname="LocalCMCTests" time="0.001"/>
  <testcase name="TestALotOfAdding" classname="LocalCMCTests" time="0.0"/>
  <testcase name="TestALotOfAdding" classname="LocalCMCTests" time="0.0"/>
  <testcase name="TestALotOfAdding" classname="LocalCMCTests" time="0.001"/>
  <testcase name="TestALotOfAdding" classname="LocalCMCTests" time="0.0"/>
  <testcase name="TestALotOfAdding" classname="LocalCMCTests" time="0.001"/>
  <testcase name="TestALotOfAdding" classname="LocalCMCTests" time="0.002"/>
  <testcase name="TestALotOfAdding" classname="LocalCMCTests" time="0.0"/>
  <testcase name="TestALotOfAdding" classname="LocalCMCTests" time="0.002"/>
  <testcase name="TestALotOfAdding" classname="LocalCMCTests" time="0.0"/>
  <testcase name="TestALotOfAdding" classname="LocalCMCTests" time="0.0"/>
  <testcase name="TestALotOfAdding" classname="LocalCMCTests" time="0.0"/>
  <testcase name="TestALotOfAdding" classname="LocalCMCTests" time="0.001"/>
  <testcase name="TestALotOfAdding" classname="LocalCMCTests" time="0.001"/>
  <testcase name="TestALotOfAdding" classname="LocalCMCTests" time="0.001"/>
  <testcase name="TestALotOfAdding" classname="LocalCMCTests" time="0.0"/>
  <testcase name="TestALotOfAdding" classname="LocalCMCTests" time="0.001"/>
  <testcase name="TestALotOfAdding" classname="LocalCMCTests" time="0.001"/>
  <testcase name="TestALotOfAdding" classname="LocalCMCTests" time="0.0"/>
  <testcase name="TestALotOfAdding" classname="LocalCMCTests" time="0.0"/>
  <testcase name="TestALotOfAdding" classname="LocalCMCTests" time="0.0"/>
  <testcase name="TestALotOfAdding" classname="LocalCMCTests" time="0.001"/>
  <testcase name="TestALotOfAdding" classname="LocalCMCTests" time="0.001"/>
  <testcase name="TestALotOfAdding" classname="LocalCMCTests" time="0.001"/>
  <testcase name="TestALotOfAdding" classname="LocalCMCTests" time="0.0"/>
  <testcase name="TestALotOfAdding" classname="LocalCMCTests" time="0.0"/>
  <testcase name="TestALotOfAdding" classname="LocalCMCTests" time="0.001"/>
  <testcase name="TestALotOfAdding" classname="LocalCMCTests" time="0.001"/>
  <testcase name="TestALotOfAdding" classname="LocalCMCTests" time="0.001"/>
  <testcase name="TestALotOfAdding" classname="LocalCMCTests" time="0.001"/>
  <testcase name="TestALotOfAdding" classname="LocalCMCTests" time="0.002"/>
  <testcase name="TestALotOfAdding" classname="LocalCMCTests" time="0.0"/>
  <testcase name="TestALotOfAdding" classname="LocalCMCTests" time="0.0"/>
  <testcase name="TestALotOfAdding" classname="LocalCMCTests" time="0.0"/>
  <testcase name="TestALotOfAdding" classname="LocalCMCTests" time="0.001"/>
  <testcase name="TestALotOfAdding" classname="LocalCMCTests" time="0.002"/>
  <testcase name="TestALotOfAdding" classname="LocalCMCTests" time="0.001"/>
  <testcase name="TestALotOfAdding" classname="LocalCMCTests" time="0.001"/>
  <testcase name="TestALotOfAdding" classname="LocalCMCTests" time="0.002"/>
  <testcase name="TestALotOfAdding" classname="LocalCMCTests" time="0.0"/>
  <testcase name="TestALotOfAdding" classname="LocalCMCTests" time="0.0"/>
  <testcase name="TestALotOfAdding" classname="LocalCMCTests" time="0.0"/>
  <testcase name="TestALotOfAdding" classname="LocalCMCTests" time="0.0"/>
  <testcase name="TestALotOfAdding" classname="LocalCMCTests" time="0.0"/>
  <testcase name="TestALotOfAdding" classname="LocalCMCTests" time="0.001"/>
  <testcase name="TestALotOfAdding" classname="LocalCMCTests" time="0.0"/>
  <testcase name="TestALotOfAdding" classname="LocalCMCTests" time="0.002"/>
  <testcase name="TestALotOfAdding" classname="LocalCMCTests" time="0.001"/>
  <testcase name="TestALotOfAdding" classname="LocalCMCTests" time="0.0"/>
  <testcase name="TestALotOfAdding" classname="LocalCMCTests" time="0.001"/>
  <testcase name="TestALotOfAdding" classname="LocalCMCTests" time="0.001"/>
  <testcase name="TestALotOfAdding" classname="LocalCMCTests" time="0.001"/>
  <testcase name="TestALotOfAdding" classname="LocalCMCTests" time="0.001"/>
  <testcase name="TestALotOfAdding" classname="LocalCMCTests" time="0.001"/>
  <testcase name="TestALotOfAdding" classname="LocalCMCTests" time="0.001"/>
  <testcase name="TestALotOfAdding" classname="LocalCMCTests" time="0.0"/>
  <testcase name="TestALotOfAdding" classname="LocalCMCTests" time="0.0"/>
  <testcase name="TestALotOfAdding" classname="LocalCMCTests" time="0.001"/>
  <testcase name="TestALotOfAdding" classname="LocalCMCTests" time="0.001"/>
  <testcase name="TestALotOfAdding" classname="LocalCMCTests" time="0.0"/>
  <testcase name="TestALotOfAdding" classname="LocalCMCTests" time="0.001"/>
  <testcase name="TestALotOfAdding" classname="LocalCMCTests" time="0.0"/>
  <testcase name="TestALotOfAdding" classname="LocalCMCTests" time="0.001"/>
  <testcase name="TestALotOfAdding" classname="LocalCMCTests" time="0.001"/>
  <testcase name="TestALotOfAdding" classname="LocalCMCTests" time="0.0"/>
  <testcase name="TestALotOfAdding" classname="LocalCMCTests" time="0.0"/>
  <testcase name="TestALotOfAdding" classname="LocalCMCTests" time="0.0"/>
  <testcase name="TestALotOfAdding" classname="LocalCMCTests" time="0.0"/>
  <testcase name="TestALotOfAdding" classname="LocalCMCTests" time="0.002"/>
  <testcase name="TestALotOfAdding" classname="LocalCMCTests" time="0.001"/>
  <testcase name="TestALotOfAdding" classname="LocalCMCTests" time="0.0"/>
  <testcase name="TestALotOfAdding" classname="LocalCMCTests" time="0.001"/>
  <testcase name="TestALotOfAdding" classname="LocalCMCTests" time="0.0"/>
  <testcase name="TestALotOfAdding" classname="LocalCMCTests" time="0.001"/>
  <testcase name="TestALotOfAdding" classname="LocalCMCTests" time="0.001"/>
  <testcase name="TestALotOfAdding" classname="LocalCMCTests" time="0.001"/>
  <testcase name="TestALotOfAdding" classname="LocalCMCTests" time="0.001"/>
  <testcase name="TestALotOfAdding" classname="LocalCMCTests" time="0.001"/>
  <testcase name="TestALotOfAdding" classname="LocalCMCTests" time="0.001"/>
  <testcase name="TestALotOfAdding" classname="LocalCMCTests" time="0.001"/>
  <testcase name="TestALotOfAdding" classname="LocalCMCTests" time="0.0"/>
  <testcase name="TestALotOfAdding" classname="LocalCMCTests" time="0.0"/>
  <testcase name="TestALotOfAdding" classname="LocalCMCTests" time="0.0"/>
  <testcase name="TestALotOfAdding" classname="LocalCMCTests" time="0.0"/>
  <testcase name="TestALotOfAdding" classname="LocalCMCTests" time="0.0"/>
  <testcase name="TestALotOfAdding" classname="LocalCMCTests" time="0.001"/>
  <testcase name="TestALotOfAdding" classname="LocalCMCTests" time="0.0"/>
  <testcase name="TestALotOfAdding" classname="LocalCMCTests" time="0.001"/>
  <testcase name="TestALotOfAdding" classname="LocalCMCTests" time="0.001"/>
  <testcase name="TestALotOfAdding" classname="LocalCMCTests" time="0.0"/>
  <testcase name="TestALotOfAdding" classname="LocalCMCTests" time="0.0"/>
  <testcase name="TestALotOfAdding" classname="LocalCMCTests" time="0.0"/>
  <testcase name="TestALotOfAdding" classname="LocalCMCTests" time="0.001"/>
  <testcase name="TestALotOfAdding" classname="LocalCMCTests" time="0.001"/>
  <testcase name="TestALotOfAdding" classname="LocalCMCTests" time="0.001"/>
  <testcase name="TestALotOfAdding" classname="LocalCMCTests" time="0.001"/>
  <testcase name="TestALotOfAdding" classname="LocalCMCTests" time="0.001"/>
  <testcase name="TestALotOfAdding" classname="LocalCMCTests" time="0.001"/>
  <testcase name="TestALotOfAdding" classname="LocalCMCTests" time="0.0"/>
  <testcase name="TestALotOfAdding" classname="LocalCMCTests" time="0.001"/>
  <testcase name="TestALotOfAdding" classname="LocalCMCTests" time="0.001"/>
  <testcase name="TestALotOfAdding" classname="LocalCMCTests" time="0.001"/>
  <testcase name="TestALotOfAdding" classname="LocalCMCTests" time="0.001"/>
  <testcase name="TestALotOfAdding" classname="LocalCMCTests" time="0.0"/>
  <testcase name="TestALotOfAdding" classname="LocalCMCTests" time="0.0"/>
  <testcase name="TestALotOfAdding" classname="LocalCMCTests" time="0.0"/>
  <testcase name="TestALotOfAdding" classname="LocalCMCTests" time="0.001"/>
  <testcase name="TestALotOfAdding" classname="LocalCMCTests" time="0.0"/>
  <testcase name="TestALotOfAdding" classname="LocalCMCTests" time="0.0"/>
  <testcase name="TestALotOfAdding" classname="LocalCMCTests" time="0.002"/>
  <testcase name="TestALotOfAdding" classname="LocalCMCTests" time="0.001"/>
  <testcase name="TestALotOfAdding" classname="LocalCMCTests" time="0.001"/>
  <testcase name="TestALotOfAdding" classname="LocalCMCTests" time="0.001"/>
  <testcase name="TestALotOfAdding" classname="LocalCMCTests" time="0.0"/>
  <testcase name="TestALotOfAdding" classname="LocalCMCTests" time="0.0"/>
  <testcase name="TestALotOfAdding" classname="LocalCMCTests" time="0.001"/>
  <testcase name="TestALotOfAdding" classname="LocalCMCTests" time="0.001"/>
  <testcase name="TestALotOfAdding" classname="LocalCMCTests" time="0.001"/>
  <testcase name="TestALotOfAdding" classname="LocalCMCTests" time="0.0"/>
  <testcase name="TestALotOfAdding" classname="LocalCMCTests" time="0.001"/>
  <testcase name="TestALotOfAdding" classname="LocalCMCTests" time="0.001"/>
  <testcase name="TestALotOfAdding" classname="LocalCMCTests" time="0.0"/>
  <testcase name="TestALotOfAdding" classname="LocalCMCTests" time="0.001"/>
  <testcase name="TestALotOfAdding" classname="LocalCMCTests" time="0.0"/>
  <testcase name="TestALotOfAdding" classname="LocalCMCTests" time="0.0"/>
  <testcase name="TestALotOfAdding" classname="LocalCMCTests" time="0.0"/>
  <testcase name="TestALotOfAdding" classname="LocalCMCTests" time="0.0"/>
  <testcase name="TestALotOfAdding" classname="LocalCMCTests" time="0.0"/>
  <testcase name="TestALotOfAdding" classname="LocalCMCTests" time="0.0"/>
  <testcase name="TestALotOfAdding" classname="LocalCMCTests" time="0.001"/>
  <testcase name="TestALotOfAdding" classname="LocalCMCTests" time="0.002"/>
  <testcase name="TestALotOfAdding" classname="LocalCMCTests" time="0.002"/>
  <testcase name="TestALotOfAdding" classname="LocalCMCTests" time="0.001"/>
  <testcase name="TestALotOfAdding" classname="LocalCMCTests" time="0.0"/>
  <testcase name="TestALotOfAdding" classname="LocalCMCTests" time="0.001"/>
  <testcase name="TestALotOfAdding" classname="LocalCMCTests" time="0.001"/>
  <testcase name="TestALotOfAdding" classname="LocalCMCTests" time="0.0"/>
  <testcase name="TestALotOfAdding" classname="LocalCMCTests" time="0.001"/>
  <testcase name="TestALotOfAdding" classname="LocalCMCTests" time="0.0"/>
  <testcase name="TestALotOfAdding" classname="LocalCMCTests" time="0.0"/>
  <testcase name="TestALotOfAdding" classname="LocalCMCTests" time="0.0"/>
  <testcase name="TestALotOfAdding" classname="LocalCMCTests" time="0.0"/>
  <testcase name="TestALotOfAdding" classname="LocalCMCTests" time="0.001"/>
  <testcase name="TestALotOfAdding" classname="LocalCMCTests" time="0.0"/>
  <testcase name="TestALotOfAdding" classname="LocalCMCTests" time="0.001"/>
  <testcase name="TestALotOfAdding" classname="LocalCMCTests" time="0.0"/>
  <testcase name="TestALotOfAdding" classname="LocalCMCTests" time="0.0"/>
  <testcase name="TestALotOfAdding" classname="LocalCMCTests" time="0.001"/>
  <testcase name="TestALotOfAdding" classname="LocalCMCTests" time="0.001"/>
  <testcase name="TestALotOfAdding" classname="LocalCMCTests" time="0.001"/>
  <testcase name="TestALotOfAdding" classname="LocalCMCTests" time="0.002"/>
  <testcase name="TestALotOfAdding" classname="LocalCMCTests" time="0.001"/>
  <testcase name="TestALotOfAdding" classname="LocalCMCTests" time="0.0"/>
  <testcase name="TestALotOfAdding" classname="LocalCMCTests" time="0.0"/>
  <testcase name="TestALotOfAdding" classname="LocalCMCTests" time="0.0"/>
  <testcase name="TestALotOfAdding" classname="LocalCMCTests" time="0.0"/>
  <testcase name="TestALotOfAdding" classname="LocalCMCTests" time="0.0"/>
  <testcase name="TestALotOfAdding" classname="LocalCMCTests" time="0.001"/>
  <testcase name="TestALotOfAdding" classname="LocalCMCTests" time="0.001"/>
  <testcase name="TestALotOfAdding" classname="LocalCMCTests" time="0.001"/>
  <testcase name="TestALotOfAdding" classname="LocalCMCTests" time="0.0"/>
  <testcase name="TestALotOfAdding" classname="LocalCMCTests" time="0.001"/>
  <testcase name="TestALotOfAdding" classname="LocalCMCTests" time="0.0"/>
  <testcase name="TestALotOfAdding" classname="LocalCMCTests" time="0.0"/>
  <testcase name="TestALotOfAdding" classname="LocalCMCTests" time="0.001"/>
  <testcase name="TestALotOfAdding" classname="LocalCMCTests" time="0.001"/>
  <testcase name="TestALotOfAdding" classname="LocalCMCTests" time="0.001"/>
  <testcase name="TestALotOfAdding" classname="LocalCMCTests" time="0.001"/>
  <testcase name="TestALotOfAdding" classname="LocalCMCTests" time="0.001"/>
  <testcase name="TestALotOfAdding" classname="LocalCMCTests" time="0.002"/>
  <testcase name="TestALotOfAdding" classname="LocalCMCTests" time="0.001"/>
  <testcase name="TestALotOfAdding" classname="LocalCMCTests" time="0.0"/>
  <testcase name="TestALotOfAdding" classname="LocalCMCTests" time="0.0"/>
  <testcase name="TestALotOfAdding" classname="LocalCMCTests" time="0.001"/>
  <testcase name="TestALotOfAdding" classname="LocalCMCTests" time="0.0"/>
  <testcase name="TestALotOfAdding" classname="LocalCMCTests" time="0.001"/>
  <testcase name="TestALotOfAdding" classname="LocalCMCTests" time="0.001"/>
  <testcase name="TestALotOfAdding" classname="LocalCMCTests" time="0.0"/>
  <testcase name="TestALotOfAdding" classname="LocalCMCTests" time="0.0"/>
  <testcase name="TestALotOfAdding" classname="LocalCMCTests" time="0.0"/>
  <testcase name="TestALotOfAdding" classname="LocalCMCTests" time="0.0"/>
  <testcase name="TestALotOfAdding" classname="LocalCMCTests" time="0.0"/>
  <testcase name="TestALotOfAdding" classname="LocalCMCTests" time="0.001"/>
  <testcase name="TestALotOfAdding" classname="LocalCMCTests" time="0.001"/>
  <testcase name="TestALotOfAdding" classname="LocalCMCTests" time="0.001"/>
  <testcase name="TestALotOfAdding" classname="LocalCMCTests" time="0.001"/>
  <testcase name="TestALotOfAdding" classname="LocalCMCTests" time="0.0"/>
  <testcase name="TestALotOfAdding" classname="LocalCMCTests" time="0.0"/>
  <testcase name="TestALotOfAdding" classname="LocalCMCTests" time="0.0"/>
  <testcase name="TestALotOfAdding" classname="LocalCMCTests" time="0.001"/>
  <testcase name="TestALotOfAdding" classname="LocalCMCTests" time="0.001"/>
  <testcase name="TestALotOfAdding" classname="LocalCMCTests" time="0.001"/>
  <testcase name="TestALotOfAdding" classname="LocalCMCTests" time="0.0"/>
  <testcase name="TestALotOfAdding" classname="LocalCMCTests" time="0.001"/>
  <testcase name="TestALotOfAdding" classname="LocalCMCTests" time="0.001"/>
  <testcase name="TestALotOfAdding" classname="LocalCMCTests" time="0.0"/>
  <testcase name="TestALotOfAdding" classname="LocalCMCTests" time="0.001"/>
  <testcase name="TestALotOfAdding" classname="LocalCMCTests" time="0.001"/>
  <testcase name="TestALotOfAdding" classname="LocalCMCTests" time="0.0"/>
  <testcase name="TestALotOfAdding" classname="LocalCMCTests" time="0.001"/>
  <testcase name="TestALotOfAdding" classname="LocalCMCTests" time="0.0"/>
  <testcase name="TestALotOfAdding" classname="LocalCMCTests" time="0.002"/>
  <testcase name="TestALotOfAdding" classname="LocalCMCTests" time="0.001"/>
  <testcase name="TestALotOfAdding" classname="LocalCMCTests" time="0.0"/>
  <testcase name="TestALotOfAdding" classname="LocalCMCTests" time="0.0"/>
  <testcase name="TestALotOfAdding" classname="LocalCMCTests" time="0.0"/>
  <testcase name="TestALotOfAdding" classname="LocalCMCTests" time="0.001"/>
  <testcase name="TestALotOfAdding" classname="LocalCMCTests" time="0.0"/>
  <testcase name="TestALotOfAdding" classname="LocalCMCTests" time="0.0"/>
  <testcase name="TestALotOfAdding" classname="LocalCMCTests" time="0.001"/>
  <testcase name="TestALotOfAdding" classname="LocalCMCTests" time="0.0"/>
  <testcase name="TestALotOfAdding" classname="LocalCMCTests" time="0.001"/>
  <testcase name="TestALotOfAdding" classname="LocalCMCTests" time="0.0"/>
  <testcase name="TestALotOfAdding" classname="LocalCMCTests" time="0.001"/>
  <testcase name="TestALotOfAdding" classname="LocalCMCTests" time="0.001"/>
  <testcase name="TestALotOfAdding" classname="LocalCMCTests" time="0.001"/>
  <testcase name="TestALotOfAdding" classname="LocalCMCTests" time="0.001"/>
  <testcase name="TestALotOfAdding" classname="LocalCMCTests" time="0.0"/>
  <testcase name="TestALotOfAdding" classname="LocalCMCTests" time="0.002"/>
  <testcase name="TestALotOfAdding" classname="LocalCMCTests" time="0.001"/>
  <testcase name="TestALotOfAdding" classname="LocalCMCTests" time="0.0"/>
  <testcase name="TestALotOfAdding" classname="LocalCMCTests" time="0.0"/>
  <testcase name="TestALotOfAdding" classname="LocalCMCTests" time="0.001"/>
  <testcase name="TestALotOfAdding" classname="LocalCMCTests" time="0.002"/>
  <testcase name="TestALotOfAdding" classname="LocalCMCTests" time="0.0"/>
  <testcase name="TestALotOfAdding" classname="LocalCMCTests" time="0.001"/>
  <testcase name="TestALotOfAdding" classname="LocalCMCTests" time="0.0"/>
  <testcase name="TestALotOfAdding" classname="LocalCMCTests" time="0.001"/>
  <testcase name="TestALotOfAdding" classname="LocalCMCTests" time="0.0"/>
  <testcase name="TestALotOfAdding" classname="LocalCMCTests" time="0.001"/>
  <testcase name="TestALotOfAdding" classname="LocalCMCTests" time="0.001"/>
  <testcase name="TestALotOfAdding" classname="LocalCMCTests" time="0.001"/>
  <testcase name="TestALotOfAdding" classname="LocalCMCTests" time="0.001"/>
  <testcase name="TestALotOfAdding" classname="LocalCMCTests" time="0.001"/>
  <testcase name="TestALotOfAdding" classname="LocalCMCTests" time="0.001"/>
  <testcase name="TestALotOfAdding" classname="LocalCMCTests" time="0.001"/>
  <testcase name="TestALotOfAdding" classname="LocalCMCTests" time="0.0"/>
  <testcase name="TestALotOfAdding" classname="LocalCMCTests" time="0.0"/>
  <testcase name="TestALotOfAdding" classname="LocalCMCTests" time="0.001"/>
  <testcase name="TestALotOfAdding" classname="LocalCMCTests" time="0.0"/>
  <testcase name="TestALotOfAdding" classname="LocalCMCTests" time="0.0"/>
  <testcase name="TestALotOfAdding" classname="LocalCMCTests" time="0.0"/>
  <testcase name="TestALotOfAdding" classname="LocalCMCTests" time="0.0"/>
  <testcase name="TestALotOfAdding" classname="LocalCMCTests" time="0.0"/>
  <testcase name="TestALotOfAdding" classname="LocalCMCTests" time="0.001"/>
  <testcase name="TestALotOfAdding" classname="LocalCMCTests" time="0.0"/>
  <testcase name="TestALotOfAdding" classname="LocalCMCTests" time="0.001"/>
  <testcase name="TestALotOfAdding" classname="LocalCMCTests" time="0.001"/>
  <testcase name="TestALotOfAdding" classname="LocalCMCTests" time="0.0"/>
  <testcase name="TestALotOfAdding" classname="LocalCMCTests" time="0.001"/>
  <testcase name="TestALotOfAdding" classname="LocalCMCTests" time="0.001"/>
  <testcase name="TestALotOfAdding" classname="LocalCMCTests" time="0.0"/>
  <testcase name="TestALotOfAdding" classname="LocalCMCTests" time="0.001"/>
  <testcase name="TestALotOfAdding" classname="LocalCMCTests" time="0.001"/>
  <testcase name="TestALotOfAdding" classname="LocalCMCTests" time="0.001"/>
  <testcase name="TestALotOfAdding" classname="LocalCMCTests" time="0.0"/>
  <testcase name="TestALotOfAdding" classname="LocalCMCTests" time="0.0"/>
  <testcase name="TestALotOfAdding" classname="LocalCMCTests" time="0.0"/>
  <testcase name="TestALotOfAdding" classname="LocalCMCTests" time="0.001"/>
  <testcase name="TestALotOfAdding" classname="LocalCMCTests" time="0.0"/>
  <testcase name="TestALotOfAdding" classname="LocalCMCTests" time="0.0"/>
  <testcase name="TestALotOfAdding" classname="LocalCMCTests" time="0.0"/>
  <testcase name="TestALotOfAdding" classname="LocalCMCTests" time="0.0"/>
  <testcase name="TestALotOfAdding" classname="LocalCMCTests" time="0.002"/>
  <testcase name="TestALotOfAdding" classname="LocalCMCTests" time="0.002"/>
  <testcase name="TestALotOfAdding" classname="LocalCMCTests" time="0.0"/>
  <testcase name="TestALotOfAdding" classname="LocalCMCTests" time="0.001"/>
  <testcase name="TestALotOfAdding" classname="LocalCMCTests" time="0.001"/>
  <testcase name="TestALotOfAdding" classname="LocalCMCTests" time="0.001"/>
  <testcase name="TestALotOfAdding" classname="LocalCMCTests" time="0.001"/>
  <testcase name="TestALotOfAdding" classname="LocalCMCTests" time="0.001"/>
  <testcase name="TestALotOfAdding" classname="LocalCMCTests" time="0.001"/>
  <testcase name="TestALotOfAdding" classname="LocalCMCTests" time="0.0"/>
  <testcase name="TestALotOfAdding" classname="LocalCMCTests" time="0.0"/>
  <testcase name="TestALotOfAdding" classname="LocalCMCTests" time="0.0"/>
  <testcase name="TestALotOfAdding" classname="LocalCMCTests" time="0.002"/>
  <testcase name="TestALotOfAdding" classname="LocalCMCTests" time="0.001"/>
  <testcase name="TestALotOfAdding" classname="LocalCMCTests" time="0.001"/>
  <testcase name="TestALotOfAdding" classname="LocalCMCTests" time="0.0"/>
  <testcase name="TestALotOfAdding" classname="LocalCMCTests" time="0.001"/>
  <testcase name="TestALotOfAdding" classname="LocalCMCTests" time="0.0"/>
  <testcase name="TestALotOfAdding" classname="LocalCMCTests" time="0.001"/>
  <testcase name="TestALotOfAdding" classname="LocalCMCTests" time="0.0"/>
  <testcase name="TestALotOfAdding" classname="LocalCMCTests" time="0.001"/>
  <testcase name="TestALotOfAdding" classname="LocalCMCTests" time="0.0"/>
  <testcase name="TestALotOfAdding" classname="LocalCMCTests" time="0.001"/>
  <testcase name="TestALotOfAdding" classname="LocalCMCTests" time="0.002"/>
  <testcase name="TestALotOfAdding" classname="LocalCMCTests" time="0.0"/>
  <testcase name="TestALotOfAdding" classname="LocalCMCTests" time="0.001"/>
  <testcase name="TestALotOfAdding" classname="LocalCMCTests" time="0.0"/>
  <testcase name="TestALotOfAdding" classname="LocalCMCTests" time="0.0"/>
  <testcase name="TestALotOfAdding" classname="LocalCMCTests" time="0.001"/>
  <testcase name="TestALotOfAdding" classname="LocalCMCTests" time="0.001"/>
  <testcase name="TestALotOfAdding" classname="LocalCMCTests" time="0.001"/>
  <testcase name="TestALotOfAdding" classname="LocalCMCTests" time="0.002"/>
  <testcase name="TestALotOfAdding" classname="LocalCMCTests" time="0.001"/>
  <testcase name="TestALotOfAdding" classname="LocalCMCTests" time="0.0"/>
  <testcase name="TestALotOfAdding" classname="LocalCMCTests" time="0.0"/>
  <testcase name="TestALotOfAdding" classname="LocalCMCTests" time="0.0"/>
  <testcase name="TestALotOfAdding" classname="LocalCMCTests" time="0.0"/>
  <testcase name="TestALotOfAdding" classname="LocalCMCTests" time="0.0"/>
  <testcase name="TestALotOfAdding" classname="LocalCMCTests" time="0.001"/>
  <testcase name="TestALotOfAdding" classname="LocalCMCTests" time="0.0"/>
  <testcase name="TestALotOfAdding" classname="LocalCMCTests" time="0.0"/>
  <testcase name="TestALotOfAdding" classname="LocalCMCTests" time="0.0"/>
  <testcase name="TestALotOfAdding" classname="LocalCMCTests" time="0.001"/>
  <testcase name="TestALotOfAdding" classname="LocalCMCTests" time="0.001"/>
  <testcase name="TestALotOfAdding" classname="LocalCMCTests" time="0.0"/>
  <testcase name="TestALotOfAdding" classname="LocalCMCTests" time="0.001"/>
  <testcase name="TestALotOfAdding" classname="LocalCMCTests" time="0.0"/>
  <testcase name="TestALotOfAdding" classname="LocalCMCTests" time="0.002"/>
  <testcase name="TestALotOfAdding" classname="LocalCMCTests" time="0.0"/>
  <testcase name="TestALotOfAdding" classname="LocalCMCTests" time="0.0"/>
  <testcase name="TestALotOfAdding" classname="LocalCMCTests" time="0.0"/>
  <testcase name="TestALotOfAdding" classname="LocalCMCTests" time="0.001"/>
  <testcase name="TestALotOfAdding" classname="LocalCMCTests" time="0.0"/>
  <testcase name="TestALotOfAdding" classname="LocalCMCTests" time="0.0"/>
  <testcase name="TestALotOfAdding" classname="LocalCMCTests" time="0.001"/>
  <testcase name="TestALotOfAdding" classname="LocalCMCTests" time="0.0"/>
  <testcase name="TestALotOfAdding" classname="LocalCMCTests" time="0.0"/>
  <testcase name="TestALotOfAdding" classname="LocalCMCTests" time="0.0"/>
  <testcase name="TestALotOfAdding" classname="LocalCMCTests" time="0.0"/>
  <testcase name="TestALotOfAdding" classname="LocalCMCTests" time="0.001"/>
  <testcase name="TestALotOfAdding" classname="LocalCMCTests" time="0.002"/>
  <testcase name="TestALotOfAdding" classname="LocalCMCTests" time="0.0"/>
  <testcase name="TestALotOfAdding" classname="LocalCMCTests" time="0.0"/>
  <testcase name="TestALotOfAdding" classname="LocalCMCTests" time="0.003"/>
  <testcase name="TestALotOfAdding" classname="LocalCMCTests" time="0.0"/>
  <testcase name="TestALotOfAdding" classname="LocalCMCTests" time="0.001"/>
  <testcase name="TestALotOfAdding" classname="LocalCMCTests" time="0.002"/>
  <testcase name="TestALotOfAdding" classname="LocalCMCTests" time="0.0"/>
  <testcase name="TestALotOfAdding" classname="LocalCMCTests" time="0.0"/>
  <testcase name="TestALotOfAdding" classname="LocalCMCTests" time="0.0"/>
  <testcase name="TestALotOfAdding" classname="LocalCMCTests" time="0.002"/>
  <testcase name="TestALotOfAdding" classname="LocalCMCTests" time="0.0"/>
  <testcase name="TestALotOfAdding" classname="LocalCMCTests" time="0.0"/>
  <testcase name="TestALotOfAdding" classname="LocalCMCTests" time="0.003"/>
  <testcase name="TestALotOfAdding" classname="LocalCMCTests" time="0.002"/>
  <testcase name="TestALotOfAdding" classname="LocalCMCTests" time="0.0"/>
  <testcase name="TestALotOfAdding" classname="LocalCMCTests" time="0.001"/>
  <testcase name="TestALotOfAdding" classname="LocalCMCTests" time="0.0"/>
  <testcase name="TestALotOfAdding" classname="LocalCMCTests" time="0.001"/>
  <testcase name="TestALotOfAdding" classname="LocalCMCTests" time="0.0"/>
  <testcase name="TestALotOfAdding" classname="LocalCMCTests" time="0.001"/>
  <testcase name="TestALotOfAdding" classname="LocalCMCTests" time="0.001"/>
  <testcase name="TestALotOfAdding" classname="LocalCMCTests" time="0.0"/>
  <testcase name="TestALotOfAdding" classname="LocalCMCTests" time="0.001"/>
  <testcase name="TestALotOfAdding" classname="LocalCMCTests" time="0.003"/>
  <testcase name="TestALotOfAdding" classname="LocalCMCTests" time="0.0"/>
  <testcase name="TestALotOfAdding" classname="LocalCMCTests" time="0.001"/>
  <testcase name="TestALotOfAdding" classname="LocalCMCTests" time="0.001"/>
  <testcase name="TestALotOfAdding" classname="LocalCMCTests" time="0.0"/>
  <testcase name="TestALotOfAdding" classname="LocalCMCTests" time="0.0"/>
  <testcase name="TestALotOfAdding" classname="LocalCMCTests" time="0.0"/>
  <testcase name="TestALotOfAdding" classname="LocalCMCTests" time="0.0"/>
  <testcase name="TestALotOfAdding" classname="LocalCMCTests" time="0.0"/>
  <testcase name="TestALotOfAdding" classname="LocalCMCTests" time="0.001"/>
  <testcase name="TestALotOfAdding" classname="LocalCMCTests" time="0.001"/>
  <testcase name="TestALotOfAdding" classname="LocalCMCTests" time="0.0"/>
  <testcase name="TestALotOfAdding" classname="LocalCMCTests" time="0.001"/>
  <testcase name="TestALotOfAdding" classname="LocalCMCTests" time="0.001"/>
  <testcase name="TestALotOfAdding" classname="LocalCMCTests" time="0.0"/>
  <testcase name="TestALotOfAdding" classname="LocalCMCTests" time="0.001"/>
  <testcase name="TestALotOfAdding" classname="LocalCMCTests" time="0.001"/>
  <testcase name="TestALotOfAdding" classname="LocalCMCTests" time="0.0"/>
  <testcase name="TestALotOfAdding" classname="LocalCMCTests" time="0.001"/>
  <testcase name="TestALotOfAdding" classname="LocalCMCTests" time="0.001"/>
  <testcase name="TestALotOfAdding" classname="LocalCMCTests" time="0.0"/>
  <testcase name="TestALotOfAdding" classname="LocalCMCTests" time="0.0"/>
  <testcase name="TestALotOfAdding" classname="LocalCMCTests" time="0.001"/>
  <testcase name="TestALotOfAdding" classname="LocalCMCTests" time="0.001"/>
  <testcase name="TestALotOfAdding" classname="LocalCMCTests" time="0.0"/>
  <testcase name="TestALotOfAdding" classname="LocalCMCTests" time="0.0"/>
  <testcase name="TestALotOfAdding" classname="LocalCMCTests" time="0.001"/>
  <testcase name="TestALotOfAdding" classname="LocalCMCTests" time="0.002"/>
  <testcase name="TestALotOfAdding" classname="LocalCMCTests" time="0.0"/>
  <testcase name="TestALotOfAdding" classname="LocalCMCTests" time="0.001"/>
  <testcase name="TestALotOfAdding" classname="LocalCMCTests" time="0.0"/>
  <testcase name="TestALotOfAdding" classname="LocalCMCTests" time="0.001"/>
  <testcase name="TestALotOfAdding" classname="LocalCMCTests" time="0.001"/>
  <testcase name="TestALotOfAdding" classname="LocalCMCTests" time="0.0"/>
  <testcase name="TestALotOfAdding" classname="LocalCMCTests" time="0.0"/>
  <testcase name="TestALotOfAdding" classname="LocalCMCTests" time="0.001"/>
  <testcase name="TestALotOfAdding" classname="LocalCMCTests" time="0.0"/>
  <testcase name="TestALotOfAdding" classname="LocalCMCTests" time="0.0"/>
  <testcase name="TestALotOfAdding" classname="LocalCMCTests" time="0.0"/>
  <testcase name="TestALotOfAdding" classname="LocalCMCTests" time="0.0"/>
  <testcase name="TestALotOfAdding" classname="LocalCMCTests" time="0.0"/>
  <testcase name="TestALotOfAdding" classname="LocalCMCTests" time="0.002"/>
  <testcase name="TestALotOfAdding" classname="LocalCMCTests" time="0.002"/>
  <testcase name="TestALotOfAdding" classname="LocalCMCTests" time="0.001"/>
  <testcase name="TestALotOfAdding" classname="LocalCMCTests" time="0.001"/>
  <testcase name="TestALotOfAdding" classname="LocalCMCTests" time="0.0"/>
  <testcase name="TestALotOfAdding" classname="LocalCMCTests" time="0.0"/>
  <testcase name="TestALotOfAdding" classname="LocalCMCTests" time="0.0"/>
  <testcase name="TestALotOfAdding" classname="LocalCMCTests" time="0.001"/>
  <testcase name="TestALotOfAdding" classname="LocalCMCTests" time="0.001"/>
  <testcase name="TestALotOfAdding" classname="LocalCMCTests" time="0.001"/>
  <testcase name="TestALotOfAdding" classname="LocalCMCTests" time="0.0"/>
  <testcase name="TestALotOfAdding" classname="LocalCMCTests" time="0.0"/>
  <testcase name="TestALotOfAdding" classname="LocalCMCTests" time="0.001"/>
  <testcase name="TestALotOfAdding" classname="LocalCMCTests" time="0.0"/>
  <testcase name="TestALotOfAdding" classname="LocalCMCTests" time="0.001"/>
  <testcase name="TestALotOfAdding" classname="LocalCMCTests" time="0.001"/>
  <testcase name="TestALotOfAdding" classname="LocalCMCTests" time="0.0"/>
  <testcase name="TestALotOfAdding" classname="LocalCMCTests" time="0.002"/>
  <testcase name="TestALotOfAdding" classname="LocalCMCTests" time="0.001"/>
  <testcase name="TestALotOfAdding" classname="LocalCMCTests" time="0.0"/>
  <testcase name="TestALotOfAdding" classname="LocalCMCTests" time="0.001"/>
  <testcase name="TestALotOfAdding" classname="LocalCMCTests" time="0.0"/>
  <testcase name="TestALotOfAdding" classname="LocalCMCTests" time="0.0"/>
  <testcase name="TestALotOfAdding" classname="LocalCMCTests" time="0.0"/>
  <testcase name="TestALotOfAdding" classname="LocalCMCTests" time="0.001"/>
  <testcase name="TestALotOfAdding" classname="LocalCMCTests" time="0.002"/>
  <testcase name="TestALotOfAdding" classname="LocalCMCTests" time="0.0"/>
  <testcase name="TestALotOfAdding" classname="LocalCMCTests" time="0.001"/>
  <testcase name="TestALotOfAdding" classname="LocalCMCTests" time="0.001"/>
  <testcase name="TestALotOfAdding" classname="LocalCMCTests" time="0.001"/>
  <testcase name="TestALotOfAdding" classname="LocalCMCTests" time="0.001"/>
  <testcase name="TestALotOfAdding" classname="LocalCMCTests" time="0.001"/>
  <testcase name="TestALotOfAdding" classname="LocalCMCTests" time="0.0"/>
  <testcase name="TestALotOfAdding" classname="LocalCMCTests" time="0.002"/>
  <testcase name="TestALotOfAdding" classname="LocalCMCTests" time="0.0"/>
  <testcase name="TestALotOfAdding" classname="LocalCMCTests" time="0.002"/>
  <testcase name="TestALotOfAdding" classname="LocalCMCTests" time="0.001"/>
  <testcase name="TestALotOfAdding" classname="LocalCMCTests" time="0.0"/>
  <testcase name="TestALotOfAdding" classname="LocalCMCTests" time="0.001"/>
  <testcase name="TestALotOfAdding" classname="LocalCMCTests" time="0.0"/>
  <testcase name="TestALotOfAdding" classname="LocalCMCTests" time="0.0"/>
  <testcase name="TestALotOfAdding" classname="LocalCMCTests" time="0.0"/>
  <testcase name="TestALotOfAdding" classname="LocalCMCTests" time="0.001"/>
  <testcase name="TestALotOfAdding" classname="LocalCMCTests" time="0.002"/>
  <testcase name="TestALotOfAdding" classname="LocalCMCTests" time="0.001"/>
  <testcase name="TestALotOfAdding" classname="LocalCMCTests" time="0.001"/>
  <testcase name="TestALotOfAdding" classname="LocalCMCTests" time="0.0"/>
  <testcase name="TestALotOfAdding" classname="LocalCMCTests" time="0.0"/>
  <testcase name="TestALotOfAdding" classname="LocalCMCTests" time="0.0"/>
  <testcase name="TestALotOfAdding" classname="LocalCMCTests" time="0.001"/>
  <testcase name="TestALotOfAdding" classname="LocalCMCTests" time="0.001"/>
  <testcase name="TestALotOfAdding" classname="LocalCMCTests" time="0.001"/>
  <testcase name="TestALotOfAdding" classname="LocalCMCTests" time="0.0"/>
  <testcase name="TestALotOfAdding" classname="LocalCMCTests" time="0.001"/>
  <testcase name="TestALotOfAdding" classname="LocalCMCTests" time="0.001"/>
  <testcase name="TestALotOfAdding" classname="LocalCMCTests" time="0.0"/>
  <testcase name="TestALotOfAdding" classname="LocalCMCTests" time="0.0"/>
  <testcase name="TestALotOfAdding" classname="LocalCMCTests" time="0.0"/>
  <testcase name="TestALotOfAdding" classname="LocalCMCTests" time="0.001"/>
  <testcase name="TestALotOfAdding" classname="LocalCMCTests" time="0.001"/>
  <testcase name="TestALotOfAdding" classname="LocalCMCTests" time="0.001"/>
  <testcase name="TestALotOfAdding" classname="LocalCMCTests" time="0.0"/>
  <testcase name="TestALotOfAdding" classname="LocalCMCTests" time="0.001"/>
  <testcase name="TestALotOfAdding" classname="LocalCMCTests" time="0.002"/>
  <testcase name="TestALotOfAdding" classname="LocalCMCTests" time="0.0"/>
  <testcase name="TestALotOfAdding" classname="LocalCMCTests" time="0.002"/>
  <testcase name="TestALotOfAdding" classname="LocalCMCTests" time="0.0"/>
  <testcase name="TestALotOfAdding" classname="LocalCMCTests" time="0.0"/>
  <testcase name="TestALotOfAdding" classname="LocalCMCTests" time="0.0"/>
  <testcase name="TestALotOfAdding" classname="LocalCMCTests" time="0.001"/>
  <testcase name="TestALotOfAdding" classname="LocalCMCTests" time="0.0"/>
  <testcase name="TestALotOfAdding" classname="LocalCMCTests" time="0.001"/>
  <testcase name="TestALotOfAdding" classname="LocalCMCTests" time="0.0"/>
  <testcase name="TestALotOfAdding" classname="LocalCMCTests" time="0.001"/>
  <testcase name="TestALotOfAdding" classname="LocalCMCTests" time="0.001"/>
  <testcase name="TestALotOfAdding" classname="LocalCMCTests" time="0.0"/>
  <testcase name="TestALotOfAdding" classname="LocalCMCTests" time="0.0"/>
  <testcase name="TestALotOfAdding" classname="LocalCMCTests" time="0.001"/>
  <testcase name="TestALotOfAdding" classname="LocalCMCTests" time="0.001"/>
  <testcase name="TestALotOfAdding" classname="LocalCMCTests" time="0.001"/>
  <testcase name="TestALotOfAdding" classname="LocalCMCTests" time="0.001"/>
  <testcase name="TestALotOfAdding" classname="LocalCMCTests" time="0.001"/>
  <testcase name="TestALotOfAdding" classname="LocalCMCTests" time="0.001"/>
  <testcase name="TestALotOfAdding" classname="LocalCMCTests" time="0.001"/>
  <testcase name="TestALotOfAdding" classname="LocalCMCTests" time="0.0"/>
  <testcase name="TestALotOfAdding" classname="LocalCMCTests" time="0.0"/>
  <testcase name="TestALotOfAdding" classname="LocalCMCTests" time="0.0"/>
  <testcase name="TestALotOfAdding" classname="LocalCMCTests" time="0.0"/>
  <testcase name="TestALotOfAdding" classname="LocalCMCTests" time="0.0"/>
  <testcase name="TestALotOfAdding" classname="LocalCMCTests" time="0.0"/>
  <testcase name="TestALotOfAdding" classname="LocalCMCTests" time="0.001"/>
  <testcase name="TestALotOfAdding" classname="LocalCMCTests" time="0.0"/>
  <testcase name="TestALotOfAdding" classname="LocalCMCTests" time="0.002"/>
  <testcase name="TestALotOfAdding" classname="LocalCMCTests" time="0.0"/>
  <testcase name="TestALotOfAdding" classname="LocalCMCTests" time="0.001"/>
  <testcase name="TestALotOfAdding" classname="LocalCMCTests" time="0.001"/>
  <testcase name="TestALotOfAdding" classname="LocalCMCTests" time="0.001"/>
  <testcase name="TestALotOfAdding" classname="LocalCMCTests" time="0.001"/>
  <testcase name="TestALotOfAdding" classname="LocalCMCTests" time="0.001"/>
  <testcase name="TestALotOfAdding" classname="LocalCMCTests" time="0.001"/>
  <testcase name="TestALotOfAdding" classname="LocalCMCTests" time="0.0"/>
  <testcase name="TestALotOfAdding" classname="LocalCMCTests" time="0.0"/>
  <testcase name="TestALotOfAdding" classname="LocalCMCTests" time="0.0"/>
  <testcase name="TestALotOfAdding" classname="LocalCMCTests" time="0.001"/>
  <testcase name="TestALotOfAdding" classname="LocalCMCTests" time="0.0"/>
  <testcase name="TestALotOfAdding" classname="LocalCMCTests" time="0.0"/>
  <testcase name="TestALotOfAdding" classname="LocalCMCTests" time="0.0"/>
  <testcase name="TestALotOfAdding" classname="LocalCMCTests" time="0.0"/>
  <testcase name="TestALotOfAdding" classname="LocalCMCTests" time="0.003"/>
  <testcase name="TestALotOfAdding" classname="LocalCMCTests" time="0.001"/>
  <testcase name="TestALotOfAdding" classname="LocalCMCTests" time="0.001"/>
  <testcase name="TestALotOfAdding" classname="LocalCMCTests" time="0.0"/>
  <testcase name="TestALotOfAdding" classname="LocalCMCTests" time="0.001"/>
  <testcase name="TestALotOfAdding" classname="LocalCMCTests" time="0.001"/>
  <testcase name="TestALotOfAdding" classname="LocalCMCTests" time="0.0"/>
  <testcase name="TestALotOfAdding" classname="LocalCMCTests" time="0.001"/>
  <testcase name="TestALotOfAdding" classname="LocalCMCTests" time="0.001"/>
  <testcase name="TestALotOfAdding" classname="LocalCMCTests" time="0.001"/>
  <testcase name="TestALotOfAdding" classname="LocalCMCTests" time="0.001"/>
  <testcase name="TestALotOfAdding" classname="LocalCMCTests" time="0.001"/>
  <testcase name="TestALotOfAdding" classname="LocalCMCTests" time="0.0"/>
  <testcase name="TestALotOfAdding" classname="LocalCMCTests" time="0.0"/>
  <testcase name="TestALotOfAdding" classname="LocalCMCTests" time="0.0"/>
  <testcase name="TestALotOfAdding" classname="LocalCMCTests" time="0.0"/>
  <testcase name="TestALotOfAdding" classname="LocalCMCTests" time="0.0"/>
  <testcase name="TestALotOfAdding" classname="LocalCMCTests" time="0.0"/>
  <testcase name="TestALotOfAdding" classname="LocalCMCTests" time="0.0"/>
  <testcase name="TestALotOfAdding" classname="LocalCMCTests" time="0.001"/>
  <testcase name="TestALotOfAdding" classname="LocalCMCTests" time="0.001"/>
  <testcase name="TestALotOfAdding" classname="LocalCMCTests" time="0.0"/>
  <testcase name="TestALotOfAdding" classname="LocalCMCTests" time="0.001"/>
  <testcase name="TestALotOfAdding" classname="LocalCMCTests" time="0.001"/>
  <testcase name="TestALotOfAdding" classname="LocalCMCTests" time="0.0"/>
  <testcase name="TestALotOfAdding" classname="LocalCMCTests" time="0.0"/>
  <testcase name="TestALotOfAdding" classname="LocalCMCTests" time="0.0"/>
  <testcase name="TestALotOfAdding" classname="LocalCMCTests" time="0.001"/>
  <testcase name="TestALotOfAdding" classname="LocalCMCTests" time="0.001"/>
  <testcase name="TestALotOfAdding" classname="LocalCMCTests" time="0.001"/>
  <testcase name="TestALotOfAdding" classname="LocalCMCTests" time="0.001"/>
  <testcase name="TestALotOfAdding" classname="LocalCMCTests" time="0.0"/>
  <testcase name="TestALotOfAdding" classname="LocalCMCTests" time="0.001"/>
  <testcase name="TestALotOfAdding" classname="LocalCMCTests" time="0.001"/>
  <testcase name="TestALotOfAdding" classname="LocalCMCTests" time="0.001"/>
  <testcase name="TestALotOfAdding" classname="LocalCMCTests" time="0.0"/>
  <testcase name="TestALotOfAdding" classname="LocalCMCTests" time="0.001"/>
  <testcase name="TestALotOfAdding" classname="LocalCMCTests" time="0.0"/>
  <testcase name="TestALotOfAdding" classname="LocalCMCTests" time="0.0"/>
  <testcase name="TestALotOfAdding" classname="LocalCMCTests" time="0.0"/>
  <testcase name="TestALotOfAdding" classname="LocalCMCTests" time="0.001"/>
  <testcase name="TestALotOfAdding" classname="LocalCMCTests" time="0.0"/>
  <testcase name="TestALotOfAdding" classname="LocalCMCTests" time="0.0"/>
  <testcase name="TestALotOfAdding" classname="LocalCMCTests" time="0.0"/>
  <testcase name="TestALotOfAdding" classname="LocalCMCTests" time="0.001"/>
  <testcase name="TestALotOfAdding" classname="LocalCMCTests" time="0.001"/>
  <testcase name="TestALotOfAdding" classname="LocalCMCTests" time="0.0"/>
  <testcase name="TestALotOfAdding" classname="LocalCMCTests" time="0.001"/>
  <testcase name="TestALotOfAdding" classname="LocalCMCTests" time="0.0"/>
  <testcase name="TestALotOfAdding" classname="LocalCMCTests" time="0.0"/>
  <testcase name="TestALotOfAdding" classname="LocalCMCTests" time="0.001"/>
  <testcase name="TestALotOfAdding" classname="LocalCMCTests" time="0.0"/>
  <testcase name="TestALotOfAdding" classname="LocalCMCTests" time="0.001"/>
  <testcase name="TestALotOfAdding" classname="LocalCMCTests" time="0.001"/>
  <testcase name="TestALotOfAdding" classname="LocalCMCTests" time="0.001"/>
  <testcase name="TestALotOfAdding" classname="LocalCMCTests" time="0.002"/>
  <testcase name="TestALotOfAdding" classname="LocalCMCTests" time="0.001"/>
  <testcase name="TestALotOfAdding" classname="LocalCMCTests" time="0.0"/>
  <testcase name="TestALotOfAdding" classname="LocalCMCTests" time="0.0"/>
  <testcase name="TestALotOfAdding" classname="LocalCMCTests" time="0.001"/>
  <testcase name="TestALotOfAdding" classname="LocalCMCTests" time="0.002"/>
  <testcase name="TestALotOfAdding" classname="LocalCMCTests" time="0.0"/>
  <testcase name="TestALotOfAdding" classname="LocalCMCTests" time="0.001"/>
  <testcase name="TestALotOfAdding" classname="LocalCMCTests" time="0.001"/>
  <testcase name="TestALotOfAdding" classname="LocalCMCTests" time="0.001"/>
  <testcase name="TestALotOfAdding" classname="LocalCMCTests" time="0.001"/>
  <testcase name="TestALotOfAdding" classname="LocalCMCTests" time="0.0"/>
  <testcase name="TestALotOfAdding" classname="LocalCMCTests" time="0.001"/>
  <testcase name="TestALotOfAdding" classname="LocalCMCTests" time="0.001"/>
  <testcase name="TestALotOfAdding" classname="LocalCMCTests" time="0.0"/>
  <testcase name="TestALotOfAdding" classname="LocalCMCTests" time="0.001"/>
  <testcase name="TestALotOfAdding" classname="LocalCMCTests" time="0.001"/>
  <testcase name="TestALotOfAdding" classname="LocalCMCTests" time="0.0"/>
  <testcase name="TestALotOfAdding" classname="LocalCMCTests" time="0.0"/>
  <testcase name="TestALotOfAdding" classname="LocalCMCTests" time="0.0"/>
  <testcase name="TestALotOfAdding" classname="LocalCMCTests" time="0.0"/>
  <testcase name="TestALotOfAdding" classname="LocalCMCTests" time="0.0"/>
  <testcase name="TestALotOfAdding" classname="LocalCMCTests" time="0.003"/>
  <testcase name="TestALotOfAdding" classname="LocalCMCTests" time="0.004"/>
  <testcase name="TestALotOfAdding" classname="LocalCMCTests" time="0.002"/>
  <testcase name="TestALotOfAdding" classname="LocalCMCTests" time="0.0"/>
  <testcase name="TestALotOfAdding" classname="LocalCMCTests" time="0.0"/>
  <testcase name="TestALotOfAdding" classname="LocalCMCTests" time="0.002"/>
  <testcase name="TestALotOfAdding" classname="LocalCMCTests" time="0.002"/>
  <testcase name="TestALotOfAdding" classname="LocalCMCTests" time="0.002"/>
  <testcase name="TestALotOfAdding" classname="LocalCMCTests" time="0.002"/>
  <testcase name="TestALotOfAdding" classname="LocalCMCTests" time="0.0"/>
  <testcase name="TestALotOfAdding" classname="LocalCMCTests" time="0.003"/>
  <testcase name="TestALotOfAdding" classname="LocalCMCTests" time="0.002"/>
  <testcase name="TestALotOfAdding" classname="LocalCMCTests" time="0.0"/>
  <testcase name="TestALotOfAdding" classname="LocalCMCTests" time="0.0"/>
  <testcase name="TestALotOfAdding" classname="LocalCMCTests" time="0.0"/>
  <testcase name="TestALotOfAdding" classname="LocalCMCTests" time="0.0"/>
  <testcase name="TestALotOfAdding" classname="LocalCMCTests" time="0.0"/>
  <testcase name="TestALotOfAdding" classname="LocalCMCTests" time="0.001"/>
  <testcase name="TestALotOfAdding" classname="LocalCMCTests" time="0.0"/>
  <testcase name="TestALotOfAdding" classname="LocalCMCTests" time="0.001"/>
  <testcase name="TestALotOfAdding" classname="LocalCMCTests" time="0.001"/>
  <testcase name="TestALotOfAdding" classname="LocalCMCTests" time="0.001"/>
  <testcase name="TestALotOfAdding" classname="LocalCMCTests" time="0.001"/>
  <testcase name="TestALotOfAdding" classname="LocalCMCTests" time="0.001"/>
  <testcase name="TestALotOfAdding" classname="LocalCMCTests" time="0.0"/>
  <testcase name="TestALotOfAdding" classname="LocalCMCTests" time="0.0"/>
  <testcase name="TestALotOfAdding" classname="LocalCMCTests" time="0.001"/>
  <testcase name="TestALotOfAdding" classname="LocalCMCTests" time="0.0"/>
  <testcase name="TestALotOfAdding" classname="LocalCMCTests" time="0.0"/>
  <testcase name="TestALotOfAdding" classname="LocalCMCTests" time="0.001"/>
  <testcase name="TestALotOfAdding" classname="LocalCMCTests" time="0.0"/>
  <testcase name="TestALotOfAdding" classname="LocalCMCTests" time="0.001"/>
  <testcase name="TestALotOfAdding" classname="LocalCMCTests" time="0.001"/>
  <testcase name="TestALotOfAdding" classname="LocalCMCTests" time="0.0"/>
  <testcase name="TestALotOfAdding" classname="LocalCMCTests" time="0.001"/>
  <testcase name="TestALotOfAdding" classname="LocalCMCTests" time="0.001"/>
  <testcase name="TestALotOfAdding" classname="LocalCMCTests" time="0.0"/>
  <testcase name="TestALotOfAdding" classname="LocalCMCTests" time="0.001"/>
  <testcase name="TestALotOfAdding" classname="LocalCMCTests" time="0.0"/>
  <testcase name="TestALotOfAdding" classname="LocalCMCTests" time="0.001"/>
  <testcase name="TestALotOfAdding" classname="LocalCMCTests" time="0.001"/>
  <testcase name="TestALotOfAdding" classname="LocalCMCTests" time="0.0"/>
  <testcase name="TestALotOfAdding" classname="LocalCMCTests" time="0.001"/>
  <testcase name="TestALotOfAdding" classname="LocalCMCTests" time="0.001"/>
  <testcase name="TestALotOfAdding" classname="LocalCMCTests" time="0.0"/>
  <testcase name="TestALotOfAdding" classname="LocalCMCTests" time="0.0"/>
  <testcase name="TestALotOfAdding" classname="LocalCMCTests" time="0.0"/>
  <testcase name="TestALotOfAdding" classname="LocalCMCTests" time="0.0"/>
  <testcase name="TestALotOfAdding" classname="LocalCMCTests" time="0.001"/>
  <testcase name="TestALotOfAdding" classname="LocalCMCTests" time="0.001"/>
  <testcase name="TestALotOfAdding" classname="LocalCMCTests" time="0.0"/>
  <testcase name="TestALotOfAdding" classname="LocalCMCTests" time="0.002"/>
  <testcase name="TestALotOfAdding" classname="LocalCMCTests" time="0.001"/>
  <testcase name="TestALotOfAdding" classname="LocalCMCTests" time="0.0"/>
  <testcase name="TestALotOfAdding" classname="LocalCMCTests" time="0.0"/>
  <testcase name="TestALotOfAdding" classname="LocalCMCTests" time="0.002"/>
  <testcase name="TestALotOfAdding" classname="LocalCMCTests" time="0.0"/>
  <testcase name="TestALotOfAdding" classname="LocalCMCTests" time="0.0"/>
  <testcase name="TestALotOfAdding" classname="LocalCMCTests" time="0.0"/>
  <testcase name="TestALotOfAdding" classname="LocalCMCTests" time="0.0"/>
  <testcase name="TestALotOfAdding" classname="LocalCMCTests" time="0.0"/>
  <testcase name="TestALotOfAdding" classname="LocalCMCTests" time="0.0"/>
  <testcase name="TestALotOfAdding" classname="LocalCMCTests" time="0.0"/>
  <testcase name="TestALotOfAdding" classname="LocalCMCTests" time="0.001"/>
  <testcase name="TestALotOfAdding" classname="LocalCMCTests" time="0.001"/>
  <testcase name="TestALotOfAdding" classname="LocalCMCTests" time="0.003"/>
  <testcase name="TestALotOfAdding" classname="LocalCMCTests" time="0.001"/>
  <testcase name="TestALotOfAdding" classname="LocalCMCTests" time="0.002"/>
  <testcase name="TestALotOfAdding" classname="LocalCMCTests" time="0.0"/>
  <testcase name="TestALotOfAdding" classname="LocalCMCTests" time="0.0"/>
  <testcase name="TestALotOfAdding" classname="LocalCMCTests" time="0.0"/>
  <testcase name="TestALotOfAdding" classname="LocalCMCTests" time="0.001"/>
  <testcase name="TestALotOfAdding" classname="LocalCMCTests" time="0.001"/>
  <testcase name="TestALotOfAdding" classname="LocalCMCTests" time="0.001"/>
  <testcase name="TestALotOfAdding" classname="LocalCMCTests" time="0.001"/>
  <testcase name="TestALotOfAdding" classname="LocalCMCTests" time="0.001"/>
  <testcase name="TestALotOfAdding" classname="LocalCMCTests" time="0.0"/>
  <testcase name="TestALotOfAdding" classname="LocalCMCTests" time="0.002"/>
  <testcase name="TestALotOfAdding" classname="LocalCMCTests" time="0.0"/>
  <testcase name="TestALotOfAdding" classname="LocalCMCTests" time="0.0"/>
  <testcase name="TestALotOfAdding" classname="LocalCMCTests" time="0.001"/>
  <testcase name="TestALotOfAdding" classname="LocalCMCTests" time="0.0"/>
  <testcase name="TestALotOfAdding" classname="LocalCMCTests" time="0.001"/>
  <testcase name="TestALotOfAdding" classname="LocalCMCTests" time="0.0"/>
  <testcase name="TestALotOfAdding" classname="LocalCMCTests" time="0.001"/>
  <testcase name="TestALotOfAdding" classname="LocalCMCTests" time="0.001"/>
  <testcase name="TestALotOfAdding" classname="LocalCMCTests" time="0.0"/>
  <testcase name="TestALotOfAdding" classname="LocalCMCTests" time="0.001"/>
  <testcase name="TestALotOfAdding" classname="LocalCMCTests" time="0.001"/>
  <testcase name="TestALotOfAdding" classname="LocalCMCTests" time="0.001"/>
  <testcase name="TestALotOfAdding" classname="LocalCMCTests" time="0.0"/>
  <testcase name="TestALotOfAdding" classname="LocalCMCTests" time="0.001"/>
  <testcase name="TestALotOfAdding" classname="LocalCMCTests" time="0.0"/>
  <testcase name="TestALotOfAdding" classname="LocalCMCTests" time="0.0"/>
  <testcase name="TestALotOfAdding" classname="LocalCMCTests" time="0.002"/>
  <testcase name="TestALotOfAdding" classname="LocalCMCTests" time="0.001"/>
  <testcase name="TestALotOfAdding" classname="LocalCMCTests" time="0.0"/>
  <testcase name="TestALotOfAdding" classname="LocalCMCTests" time="0.002"/>
  <testcase name="TestALotOfAdding" classname="LocalCMCTests" time="0.001"/>
  <testcase name="TestALotOfAdding" classname="LocalCMCTests" time="0.001"/>
  <testcase name="TestALotOfAdding" classname="LocalCMCTests" time="0.0"/>
  <testcase name="TestALotOfAdding" classname="LocalCMCTests" time="0.001"/>
  <testcase name="TestALotOfAdding" classname="LocalCMCTests" time="0.001"/>
  <testcase name="TestALotOfAdding" classname="LocalCMCTests" time="0.0"/>
  <testcase name="TestALotOfAdding" classname="LocalCMCTests" time="0.0"/>
  <testcase name="TestALotOfAdding" classname="LocalCMCTests" time="0.0"/>
  <testcase name="TestALotOfAdding" classname="LocalCMCTests" time="0.0"/>
  <testcase name="TestALotOfAdding" classname="LocalCMCTests" time="0.0"/>
  <testcase name="TestALotOfAdding" classname="LocalCMCTests" time="0.0"/>
  <testcase name="TestALotOfAdding" classname="LocalCMCTests" time="0.001"/>
  <testcase name="TestALotOfAdding" classname="LocalCMCTests" time="0.001"/>
  <testcase name="TestALotOfAdding" classname="LocalCMCTests" time="0.002"/>
  <testcase name="TestALotOfAdding" classname="LocalCMCTests" time="0.001"/>
  <testcase name="TestALotOfAdding" classname="LocalCMCTests" time="0.001"/>
  <testcase name="TestALotOfAdding" classname="LocalCMCTests" time="0.0"/>
  <testcase name="TestALotOfAdding" classname="LocalCMCTests" time="0.001"/>
  <testcase name="TestALotOfAdding" classname="LocalCMCTests" time="0.001"/>
  <testcase name="TestALotOfAdding" classname="LocalCMCTests" time="0.0"/>
  <testcase name="TestALotOfAdding" classname="LocalCMCTests" time="0.0"/>
  <testcase name="TestALotOfAdding" classname="LocalCMCTests" time="0.001"/>
  <testcase name="TestALotOfAdding" classname="LocalCMCTests" time="0.001"/>
  <testcase name="TestALotOfAdding" classname="LocalCMCTests" time="0.0"/>
  <testcase name="TestALotOfAdding" classname="LocalCMCTests" time="0.0"/>
  <testcase name="TestALotOfAdding" classname="LocalCMCTests" time="0.001"/>
  <testcase name="TestALotOfAdding" classname="LocalCMCTests" time="0.001"/>
  <testcase name="TestALotOfAdding" classname="LocalCMCTests" time="0.0"/>
  <testcase name="TestALotOfAdding" classname="LocalCMCTests" time="0.001"/>
  <testcase name="TestALotOfAdding" classname="LocalCMCTests" time="0.001"/>
  <testcase name="TestALotOfAdding" classname="LocalCMCTests" time="0.0"/>
  <testcase name="TestALotOfAdding" classname="LocalCMCTests" time="0.002"/>
  <testcase name="TestALotOfAdding" classname="LocalCMCTests" time="0.0"/>
  <testcase name="TestALotOfAdding" classname="LocalCMCTests" time="0.001"/>
  <testcase name="TestALotOfAdding" classname="LocalCMCTests" time="0.001"/>
  <testcase name="TestALotOfAdding" classname="LocalCMCTests" time="0.001"/>
  <testcase name="TestALotOfAdding" classname="LocalCMCTests" time="0.001"/>
  <testcase name="TestALotOfAdding" classname="LocalCMCTests" time="0.001"/>
  <testcase name="TestALotOfAdding" classname="LocalCMCTests" time="0.0"/>
  <testcase name="TestALotOfAdding" classname="LocalCMCTests" time="0.001"/>
  <testcase name="TestALotOfAdding" classname="LocalCMCTests" time="0.0"/>
  <testcase name="TestALotOfAdding" classname="LocalCMCTests" time="0.0"/>
  <testcase name="TestALotOfAdding" classname="LocalCMCTests" time="0.001"/>
  <testcase name="TestALotOfAdding" classname="LocalCMCTests" time="0.001"/>
  <testcase name="TestALotOfAdding" classname="LocalCMCTests" time="0.001"/>
  <testcase name="TestALotOfAdding" classname="LocalCMCTests" time="0.0"/>
  <testcase name="TestALotOfAdding" classname="LocalCMCTests" time="0.001"/>
  <testcase name="TestALotOfAdding" classname="LocalCMCTests" time="0.0"/>
  <testcase name="TestALotOfAdding" classname="LocalCMCTests" time="0.001"/>
  <testcase name="TestALotOfAdding" classname="LocalCMCTests" time="0.001"/>
  <testcase name="TestALotOfAdding" classname="LocalCMCTests" time="0.0"/>
  <testcase name="TestALotOfAdding" classname="LocalCMCTests" time="0.0"/>
  <testcase name="TestALotOfAdding" classname="LocalCMCTests" time="0.0"/>
  <testcase name="TestALotOfAdding" classname="LocalCMCTests" time="0.0"/>
  <testcase name="TestALotOfAdding" classname="LocalCMCTests" time="0.0"/>
  <testcase name="TestALotOfAdding" classname="LocalCMCTests" time="0.0"/>
  <testcase name="TestALotOfAdding" classname="LocalCMCTests" time="0.001"/>
  <testcase name="TestALotOfAdding" classname="LocalCMCTests" time="0.003"/>
  <testcase name="TestALotOfAdding" classname="LocalCMCTests" time="0.002"/>
  <testcase name="TestALotOfAdding" classname="LocalCMCTests" time="0.001"/>
  <testcase name="TestALotOfAdding" classname="LocalCMCTests" time="0.001"/>
  <testcase name="TestALotOfAdding" classname="LocalCMCTests" time="0.001"/>
  <testcase name="TestALotOfAdding" classname="LocalCMCTests" time="0.001"/>
  <testcase name="TestALotOfAdding" classname="LocalCMCTests" time="0.0"/>
  <testcase name="TestALotOfAdding" classname="LocalCMCTests" time="0.001"/>
  <testcase name="TestALotOfAdding" classname="LocalCMCTests" time="0.0"/>
  <testcase name="TestALotOfAdding" classname="LocalCMCTests" time="0.001"/>
  <testcase name="TestALotOfAdding" classname="LocalCMCTests" time="0.0"/>
  <testcase name="TestALotOfAdding" classname="LocalCMCTests" time="0.0"/>
  <testcase name="TestALotOfAdding" classname="LocalCMCTests" time="0.0"/>
  <testcase name="TestALotOfAdding" classname="LocalCMCTests" time="0.0"/>
  <testcase name="TestALotOfAdding" classname="LocalCMCTests" time="0.001"/>
  <testcase name="TestALotOfAdding" classname="LocalCMCTests" time="0.0"/>
  <testcase name="TestALotOfAdding" classname="LocalCMCTests" time="0.001"/>
  <testcase name="TestALotOfAdding" classname="LocalCMCTests" time="0.001"/>
  <testcase name="TestALotOfAdding" classname="LocalCMCTests" time="0.002"/>
  <testcase name="TestALotOfAdding" classname="LocalCMCTests" time="0.0"/>
  <testcase name="TestALotOfAdding" classname="LocalCMCTests" time="0.001"/>
  <testcase name="TestALotOfAdding" classname="LocalCMCTests" time="0.001"/>
  <testcase name="TestALotOfAdding" classname="LocalCMCTests" time="0.0"/>
  <testcase name="TestALotOfAdding" classname="LocalCMCTests" time="0.002"/>
  <testcase name="TestALotOfAdding" classname="LocalCMCTests" time="0.001"/>
  <testcase name="TestALotOfAdding" classname="LocalCMCTests" time="0.0"/>
  <testcase name="TestALotOfAdding" classname="LocalCMCTests" time="0.0"/>
  <testcase name="TestALotOfAdding" classname="LocalCMCTests" time="0.0"/>
  <testcase name="TestALotOfAdding" classname="LocalCMCTests" time="0.001"/>
  <testcase name="TestALotOfAdding" classname="LocalCMCTests" time="0.001"/>
  <testcase name="TestALotOfAdding" classname="LocalCMCTests" time="0.001"/>
  <testcase name="TestALotOfAdding" classname="LocalCMCTests" time="0.0"/>
  <testcase name="TestALotOfAdding" classname="LocalCMCTests" time="0.001"/>
  <testcase name="TestALotOfAdding" classname="LocalCMCTests" time="0.001"/>
  <testcase name="TestALotOfAdding" classname="LocalCMCTests" time="0.002"/>
  <testcase name="TestALotOfAdding" classname="LocalCMCTests" time="0.0"/>
  <testcase name="TestALotOfAdding" classname="LocalCMCTests" time="0.002"/>
  <testcase name="TestALotOfAdding" classname="LocalCMCTests" time="0.0"/>
  <testcase name="TestALotOfAdding" classname="LocalCMCTests" time="0.0"/>
  <testcase name="TestALotOfAdding" classname="LocalCMCTests" time="0.0"/>
  <testcase name="TestALotOfAdding" classname="LocalCMCTests" time="0.0"/>
  <testcase name="TestALotOfAdding" classname="LocalCMCTests" time="0.0"/>
  <testcase name="TestALotOfAdding" classname="LocalCMCTests" time="0.0"/>
  <testcase name="TestALotOfAdding" classname="LocalCMCTests" time="0.001"/>
  <testcase name="TestALotOfAdding" classname="LocalCMCTests" time="0.002"/>
  <testcase name="TestALotOfAdding" classname="LocalCMCTests" time="0.002"/>
  <testcase name="TestALotOfAdding" classname="LocalCMCTests" time="0.0"/>
  <testcase name="TestALotOfAdding" classname="LocalCMCTests" time="0.001"/>
  <testcase name="TestALotOfAdding" classname="LocalCMCTests" time="0.001"/>
  <testcase name="TestALotOfAdding" classname="LocalCMCTests" time="0.001"/>
  <testcase name="TestALotOfAdding" classname="LocalCMCTests" time="0.001"/>
  <testcase name="TestALotOfAdding" classname="LocalCMCTests" time="0.001"/>
  <testcase name="TestALotOfAdding" classname="LocalCMCTests" time="0.001"/>
  <testcase name="TestALotOfAdding" classname="LocalCMCTests" time="0.0"/>
  <testcase name="TestALotOfAdding" classname="LocalCMCTests" time="0.001"/>
  <testcase name="TestALotOfAdding" classname="LocalCMCTests" time="0.0"/>
  <testcase name="TestALotOfAdding" classname="LocalCMCTests" time="0.0"/>
  <testcase name="TestALotOfAdding" classname="LocalCMCTests" time="0.0"/>
  <testcase name="TestALotOfAdding" classname="LocalCMCTests" time="0.0"/>
  <testcase name="TestALotOfAdding" classname="LocalCMCTests" time="0.0"/>
  <testcase name="TestALotOfAdding" classname="LocalCMCTests" time="0.0"/>
  <testcase name="TestALotOfAdding" classname="LocalCMCTests" time="0.001"/>
  <testcase name="TestALotOfAdding" classname="LocalCMCTests" time="0.0"/>
  <testcase name="TestALotOfAdding" classname="LocalCMCTests" time="0.001"/>
  <testcase name="TestALotOfAdding" classname="LocalCMCTests" time="0.0"/>
  <testcase name="TestALotOfAdding" classname="LocalCMCTests" time="0.001"/>
  <testcase name="TestALotOfAdding" classname="LocalCMCTests" time="0.001"/>
  <testcase name="TestALotOfAdding" classname="LocalCMCTests" time="0.0"/>
  <testcase name="TestALotOfAdding" classname="LocalCMCTests" time="0.001"/>
  <testcase name="TestALotOfAdding" classname="LocalCMCTests" time="0.001"/>
  <testcase name="TestALotOfAdding" classname="LocalCMCTests" time="0.001"/>
  <testcase name="TestALotOfAdding" classname="LocalCMCTests" time="0.001"/>
  <testcase name="TestALotOfAdding" classname="LocalCMCTests" time="0.0"/>
  <testcase name="TestALotOfAdding" classname="LocalCMCTests" time="0.0"/>
  <testcase name="TestALotOfAdding" classname="LocalCMCTests" time="0.0"/>
  <testcase name="TestALotOfAdding" classname="LocalCMCTests" time="0.001"/>
  <testcase name="TestALotOfAdding" classname="LocalCMCTests" time="0.0"/>
  <testcase name="TestALotOfAdding" classname="LocalCMCTests" time="0.002"/>
  <testcase name="TestALotOfAdding" classname="LocalCMCTests" time="0.002"/>
  <testcase name="TestALotOfAdding" classname="LocalCMCTests" time="0.0"/>
  <testcase name="TestALotOfAdding" classname="LocalCMCTests" time="0.001"/>
  <testcase name="TestALotOfAdding" classname="LocalCMCTests" time="0.001"/>
  <testcase name="TestALotOfAdding" classname="LocalCMCTests" time="0.001"/>
  <testcase name="TestALotOfAdding" classname="LocalCMCTests" time="0.0"/>
  <testcase name="TestALotOfAdding" classname="LocalCMCTests" time="0.001"/>
  <testcase name="TestALotOfAdding" classname="LocalCMCTests" time="0.001"/>
  <testcase name="TestALotOfAdding" classname="LocalCMCTests" time="0.001"/>
  <testcase name="TestALotOfAdding" classname="LocalCMCTests" time="0.0"/>
  <testcase name="TestALotOfAdding" classname="LocalCMCTests" time="0.0"/>
  <testcase name="TestALotOfAdding" classname="LocalCMCTests" time="0.0"/>
  <testcase name="TestALotOfAdding" classname="LocalCMCTests" time="0.0"/>
  <testcase name="TestALotOfAdding" classname="LocalCMCTests" time="0.0"/>
  <testcase name="TestALotOfAdding" classname="LocalCMCTests" time="0.0"/>
  <testcase name="TestALotOfAdding" classname="LocalCMCTests" time="0.001"/>
  <testcase name="TestALotOfAdding" classname="LocalCMCTests" time="0.0"/>
  <testcase name="TestALotOfAdding" classname="LocalCMCTests" time="0.001"/>
  <testcase name="TestALotOfAdding" classname="LocalCMCTests" time="0.001"/>
  <testcase name="TestALotOfAdding" classname="LocalCMCTests" time="0.001"/>
  <testcase name="TestALotOfAdding" classname="LocalCMCTests" time="0.001"/>
  <testcase name="TestALotOfAdding" classname="LocalCMCTests" time="0.002"/>
  <testcase name="TestALotOfAdding" classname="LocalCMCTests" time="0.0"/>
  <testcase name="TestALotOfAdding" classname="LocalCMCTests" time="0.001"/>
  <testcase name="TestALotOfAdding" classname="LocalCMCTests" time="0.0"/>
  <testcase name="TestALotOfAdding" classname="LocalCMCTests" time="0.001"/>
  <testcase name="TestALotOfAdding" classname="LocalCMCTests" time="0.0"/>
  <testcase name="TestALotOfAdding" classname="LocalCMCTests" time="0.0"/>
  <testcase name="TestALotOfAdding" classname="LocalCMCTests" time="0.001"/>
  <testcase name="TestALotOfAdding" classname="LocalCMCTests" time="0.0"/>
  <testcase name="TestALotOfAdding" classname="LocalCMCTests" time="0.0"/>
  <testcase name="TestALotOfAdding" classname="LocalCMCTests" time="0.0"/>
  <testcase name="TestALotOfAdding" classname="LocalCMCTests" time="0.0"/>
  <testcase name="TestALotOfAdding" classname="LocalCMCTests" time="0.001"/>
  <testcase name="TestALotOfAdding" classname="LocalCMCTests" time="0.001"/>
  <testcase name="TestALotOfAdding" classname="LocalCMCTests" time="0.001"/>
  <testcase name="TestALotOfAdding" classname="LocalCMCTests" time="0.002"/>
  <testcase name="TestALotOfAdding" classname="LocalCMCTests" time="0.001"/>
  <testcase name="TestALotOfAdding" classname="LocalCMCTests" time="0.001"/>
  <testcase name="TestALotOfAdding" classname="LocalCMCTests" time="0.0"/>
  <testcase name="TestALotOfAdding" classname="LocalCMCTests" time="0.0"/>
  <testcase name="TestALotOfAdding" classname="LocalCMCTests" time="0.0"/>
  <testcase name="TestALotOfAdding" classname="LocalCMCTests" time="0.0"/>
  <testcase name="TestALotOfAdding" classname="LocalCMCTests" time="0.001"/>
  <testcase name="TestALotOfAdding" classname="LocalCMCTests" time="0.0"/>
  <testcase name="TestALotOfAdding" classname="LocalCMCTests" time="0.001"/>
  <testcase name="TestALotOfAdding" classname="LocalCMCTests" time="0.0"/>
  <testcase name="TestALotOfAdding" classname="LocalCMCTests" time="0.0"/>
  <testcase name="TestALotOfAdding" classname="LocalCMCTests" time="0.0"/>
  <testcase name="TestALotOfAdding" classname="LocalCMCTests" time="0.001"/>
  <testcase name="TestALotOfAdding" classname="LocalCMCTests" time="0.001"/>
  <testcase name="TestALotOfAdding" classname="LocalCMCTests" time="0.001"/>
  <testcase name="TestALotOfAdding" classname="LocalCMCTests" time="0.001"/>
  <testcase name="TestALotOfAdding" classname="LocalCMCTests" time="0.0"/>
  <testcase name="TestALotOfAdding" classname="LocalCMCTests" time="0.001"/>
  <testcase name="TestALotOfAdding" classname="LocalCMCTests" time="0.0"/>
  <testcase name="TestALotOfAdding" classname="LocalCMCTests" time="0.001"/>
  <testcase name="TestALotOfAdding" classname="LocalCMCTests" time="0.0"/>
  <testcase name="TestALotOfAdding" classname="LocalCMCTests" time="0.001"/>
  <testcase name="TestALotOfAdding" classname="LocalCMCTests" time="0.001"/>
  <testcase name="TestALotOfAdding" classname="LocalCMCTests" time="0.0"/>
  <testcase name="TestALotOfAdding" classname="LocalCMCTests" time="0.001"/>
  <testcase name="TestALotOfAdding" classname="LocalCMCTests" time="0.0"/>
  <testcase name="TestALotOfAdding" classname="LocalCMCTests" time="0.001"/>
  <testcase name="TestALotOfAdding" classname="LocalCMCTests" time="0.001"/>
  <testcase name="TestALotOfAdding" classname="LocalCMCTests" time="0.001"/>
  <testcase name="TestALotOfAdding" classname="LocalCMCTests" time="0.0"/>
  <testcase name="TestALotOfAdding" classname="LocalCMCTests" time="0.002"/>
  <testcase name="TestALotOfAdding" classname="LocalCMCTests" time="0.001"/>
  <testcase name="TestALotOfAdding" classname="LocalCMCTests" time="0.002"/>
  <testcase name="TestALotOfAdding" classname="LocalCMCTests" time="0.0"/>
  <testcase name="TestALotOfAdding" classname="LocalCMCTests" time="0.0"/>
  <testcase name="TestALotOfAdding" classname="LocalCMCTests" time="0.001"/>
  <testcase name="TestALotOfAdding" classname="LocalCMCTests" time="0.0"/>
  <testcase name="TestALotOfAdding" classname="LocalCMCTests" time="0.0"/>
  <testcase name="TestALotOfAdding" classname="LocalCMCTests" time="0.0"/>
  <testcase name="TestALotOfAdding" classname="LocalCMCTests" time="0.0"/>
  <testcase name="TestALotOfAdding" classname="LocalCMCTests" time="0.001"/>
  <testcase name="TestALotOfAdding" classname="LocalCMCTests" time="0.0"/>
  <testcase name="TestALotOfAdding" classname="LocalCMCTests" time="0.001"/>
  <testcase name="TestALotOfAdding" classname="LocalCMCTests" time="0.0"/>
  <testcase name="TestALotOfAdding" classname="LocalCMCTests" time="0.002"/>
  <testcase name="TestALotOfAdding" classname="LocalCMCTests" time="0.001"/>
  <testcase name="TestALotOfAdding" classname="LocalCMCTests" time="0.0"/>
  <testcase name="TestALotOfAdding" classname="LocalCMCTests" time="0.002"/>
  <testcase name="TestALotOfAdding" classname="LocalCMCTests" time="0.001"/>
  <testcase name="TestALotOfAdding" classname="LocalCMCTests" time="0.001"/>
  <testcase name="TestALotOfAdding" classname="LocalCMCTests" time="0.001"/>
  <testcase name="TestALotOfAdding" classname="LocalCMCTests" time="0.001"/>
  <testcase name="TestALotOfAdding" classname="LocalCMCTests" time="0.001"/>
  <testcase name="TestALotOfAdding" classname="LocalCMCTests" time="0.0"/>
  <testcase name="TestALotOfAdding" classname="LocalCMCTests" time="0.0"/>
  <testcase name="TestALotOfAdding" classname="LocalCMCTests" time="0.0"/>
  <testcase name="TestALotOfAdding" classname="LocalCMCTests" time="0.001"/>
  <testcase name="TestALotOfAdding" classname="LocalCMCTests" time="0.001"/>
  <testcase name="TestALotOfAdding" classname="LocalCMCTests" time="0.001"/>
  <testcase name="TestALotOfAdding" classname="LocalCMCTests" time="0.002"/>
  <testcase name="TestALotOfAdding" classname="LocalCMCTests" time="0.0"/>
  <testcase name="TestALotOfAdding" classname="LocalCMCTests" time="0.001"/>
  <testcase name="TestALotOfAdding" classname="LocalCMCTests" time="0.001"/>
  <testcase name="TestALotOfAdding" classname="LocalCMCTests" time="0.001"/>
  <testcase name="TestALotOfAdding" classname="LocalCMCTests" time="0.0"/>
  <testcase name="TestALotOfAdding" classname="LocalCMCTests" time="0.001"/>
  <testcase name="TestALotOfAdding" classname="LocalCMCTests" time="0.0"/>
  <testcase name="TestALotOfAdding" classname="LocalCMCTests" time="0.001"/>
  <testcase name="TestALotOfAdding" classname="LocalCMCTests" time="0.0"/>
  <testcase name="TestALotOfAdding" classname="LocalCMCTests" time="0.0"/>
  <testcase name="TestALotOfAdding" classname="LocalCMCTests" time="0.0"/>
  <testcase name="TestALotOfAdding" classname="LocalCMCTests" time="0.0"/>
  <testcase name="TestALotOfAdding" classname="LocalCMCTests" time="0.001"/>
  <testcase name="TestALotOfAdding" classname="LocalCMCTests" time="0.002"/>
  <testcase name="TestALotOfAdding" classname="LocalCMCTests" time="0.0"/>
  <testcase name="TestALotOfAdding" classname="LocalCMCTests" time="0.0"/>
  <testcase name="TestALotOfAdding" classname="LocalCMCTests" time="0.0"/>
  <testcase name="TestALotOfAdding" classname="LocalCMCTests" time="0.0"/>
  <testcase name="TestALotOfAdding" classname="LocalCMCTests" time="0.001"/>
  <testcase name="TestALotOfAdding" classname="LocalCMCTests" time="0.0"/>
  <testcase name="TestALotOfAdding" classname="LocalCMCTests" time="0.0"/>
  <testcase name="TestALotOfAdding" classname="LocalCMCTests" time="0.001"/>
  <testcase name="TestALotOfAdding" classname="LocalCMCTests" time="0.001"/>
  <testcase name="TestALotOfAdding" classname="LocalCMCTests" time="0.0"/>
  <testcase name="TestALotOfAdding" classname="LocalCMCTests" time="0.002"/>
  <testcase name="TestALotOfAdding" classname="LocalCMCTests" time="0.0"/>
  <testcase name="TestALotOfAdding" classname="LocalCMCTests" time="0.001"/>
  <testcase name="TestALotOfAdding" classname="LocalCMCTests" time="0.0"/>
  <testcase name="TestALotOfAdding" classname="LocalCMCTests" time="0.001"/>
  <testcase name="TestALotOfAdding" classname="LocalCMCTests" time="0.0"/>
  <testcase name="TestALotOfAdding" classname="LocalCMCTests" time="0.001"/>
  <testcase name="TestALotOfAdding" classname="LocalCMCTests" time="0.001"/>
  <testcase name="TestALotOfAdding" classname="LocalCMCTests" time="0.0"/>
  <testcase name="TestALotOfAdding" classname="LocalCMCTests" time="0.001"/>
  <testcase name="TestALotOfAdding" classname="LocalCMCTests" time="0.002"/>
  <testcase name="TestALotOfAdding" classname="LocalCMCTests" time="0.0"/>
  <testcase name="TestALotOfAdding" classname="LocalCMCTests" time="0.0"/>
  <testcase name="TestALotOfAdding" classname="LocalCMCTests" time="0.001"/>
  <testcase name="TestALotOfAdding" classname="LocalCMCTests" time="0.001"/>
  <testcase name="TestALotOfAdding" classname="LocalCMCTests" time="0.0"/>
  <testcase name="TestALotOfAdding" classname="LocalCMCTests" time="0.001"/>
  <testcase name="TestALotOfAdding" classname="LocalCMCTests" time="0.0"/>
  <testcase name="TestALotOfAdding" classname="LocalCMCTests" time="0.0"/>
  <testcase name="TestALotOfAdding" classname="LocalCMCTests" time="0.002"/>
  <testcase name="TestALotOfAdding" classname="LocalCMCTests" time="0.001"/>
  <testcase name="TestALotOfAdding" classname="LocalCMCTests" time="0.002"/>
  <testcase name="TestALotOfAdding" classname="LocalCMCTests" time="0.002"/>
  <testcase name="TestALotOfAdding" classname="LocalCMCTests" time="0.001"/>
  <testcase name="TestALotOfAdding" classname="LocalCMCTests" time="0.001"/>
  <testcase name="TestALotOfAdding" classname="LocalCMCTests" time="0.001"/>
  <testcase name="TestALotOfAdding" classname="LocalCMCTests" time="0.001"/>
  <testcase name="TestALotOfAdding" classname="LocalCMCTests" time="0.0"/>
  <testcase name="TestALotOfAdding" classname="LocalCMCTests" time="0.0"/>
  <testcase name="TestALotOfAdding" classname="LocalCMCTests" time="0.0"/>
  <testcase name="TestALotOfAdding" classname="LocalCMCTests" time="0.0"/>
  <testcase name="TestALotOfAdding" classname="LocalCMCTests" time="0.0"/>
  <testcase name="TestALotOfAdding" classname="LocalCMCTests" time="0.0"/>
  <testcase name="TestALotOfAdding" classname="LocalCMCTests" time="0.001"/>
  <testcase name="TestALotOfAdding" classname="LocalCMCTests" time="0.0"/>
  <testcase name="TestALotOfAdding" classname="LocalCMCTests" time="0.001"/>
  <testcase name="TestALotOfAdding" classname="LocalCMCTests" time="0.0"/>
  <testcase name="TestALotOfAdding" classname="LocalCMCTests" time="0.001"/>
  <testcase name="TestALotOfAdding" classname="LocalCMCTests" time="0.0"/>
  <testcase name="TestALotOfAdding" classname="LocalCMCTests" time="0.001"/>
  <testcase name="TestALotOfAdding" classname="LocalCMCTests" time="0.001"/>
  <testcase name="TestALotOfAdding" classname="LocalCMCTests" time="0.0"/>
  <testcase name="TestALotOfAdding" classname="LocalCMCTests" time="0.001"/>
  <testcase name="TestALotOfAdding" classname="LocalCMCTests" time="0.001"/>
  <testcase name="TestALotOfAdding" classname="LocalCMCTests" time="0.001"/>
  <testcase name="TestALotOfAdding" classname="LocalCMCTests" time="0.0"/>
  <testcase name="TestALotOfAdding" classname="LocalCMCTests" time="0.001"/>
  <testcase name="TestALotOfAdding" classname="LocalCMCTests" time="0.0"/>
  <testcase name="TestALotOfAdding" classname="LocalCMCTests" time="0.001"/>
  <testcase name="TestALotOfAdding" classname="LocalCMCTests" time="0.001"/>
  <testcase name="TestALotOfAdding" classname="LocalCMCTests" time="0.0"/>
  <testcase name="TestALotOfAdding" classname="LocalCMCTests" time="0.0"/>
  <testcase name="TestALotOfAdding" classname="LocalCMCTests" time="0.001"/>
  <testcase name="TestALotOfAdding" classname="LocalCMCTests" time="0.002"/>
  <testcase name="TestALotOfAdding" classname="LocalCMCTests" time="0.001"/>
  <testcase name="TestALotOfAdding" classname="LocalCMCTests" time="0.001"/>
  <testcase name="TestALotOfAdding" classname="LocalCMCTests" time="0.0"/>
  <testcase name="TestALotOfAdding" classname="LocalCMCTests" time="0.0"/>
  <testcase name="TestALotOfAdding" classname="LocalCMCTests" time="0.0"/>
  <testcase name="TestALotOfAdding" classname="LocalCMCTests" time="0.0"/>
  <testcase name="TestALotOfAdding" classname="LocalCMCTests" time="0.001"/>
  <testcase name="TestALotOfAdding" classname="LocalCMCTests" time="0.0"/>
  <testcase name="TestALotOfAdding" classname="LocalCMCTests" time="0.001"/>
  <testcase name="TestALotOfAdding" classname="LocalCMCTests" time="0.0"/>
  <testcase name="TestALotOfAdding" classname="LocalCMCTests" time="0.001"/>
  <testcase name="TestALotOfAdding" classname="LocalCMCTests" time="0.001"/>
  <testcase name="TestALotOfAdding" classname="LocalCMCTests" time="0.0"/>
  <testcase name="TestALotOfAdding" classname="LocalCMCTests" time="0.0"/>
  <testcase name="TestALotOfAdding" classname="LocalCMCTests" time="0.001"/>
  <testcase name="TestALotOfAdding" classname="LocalCMCTests" time="0.002"/>
  <testcase name="TestALotOfAdding" classname="LocalCMCTests" time="0.001"/>
  <testcase name="TestALotOfAdding" classname="LocalCMCTests" time="0.001"/>
  <testcase name="TestALotOfAdding" classname="LocalCMCTests" time="0.0"/>
  <testcase name="TestALotOfAdding" classname="LocalCMCTests" time="0.001"/>
  <testcase name="TestALotOfAdding" classname="LocalCMCTests" time="0.0"/>
  <testcase name="TestALotOfAdding" classname="LocalCMCTests" time="0.001"/>
  <testcase name="TestALotOfAdding" classname="LocalCMCTests" time="0.001"/>
  <testcase name="TestALotOfAdding" classname="LocalCMCTests" time="0.0"/>
  <testcase name="TestALotOfAdding" classname="LocalCMCTests" time="0.0"/>
  <testcase name="TestALotOfAdding" classname="LocalCMCTests" time="0.0"/>
  <testcase name="TestALotOfAdding" classname="LocalCMCTests" time="0.0"/>
  <testcase name="TestALotOfAdding" classname="LocalCMCTests" time="0.001"/>
  <testcase name="TestALotOfAdding" classname="LocalCMCTests" time="0.001"/>
  <testcase name="TestALotOfAdding" classname="LocalCMCTests" time="0.0"/>
  <testcase name="TestALotOfAdding" classname="LocalCMCTests" time="0.001"/>
  <testcase name="TestALotOfAdding" classname="LocalCMCTests" time="0.001"/>
  <testcase name="TestALotOfAdding" classname="LocalCMCTests" time="0.001"/>
  <testcase name="TestALotOfAdding" classname="LocalCMCTests" time="0.0"/>
  <testcase name="TestALotOfAdding" classname="LocalCMCTests" time="0.0"/>
  <testcase name="TestALotOfAdding" classname="LocalCMCTests" time="0.0"/>
  <testcase name="TestALotOfAdding" classname="LocalCMCTests" time="0.0"/>
  <testcase name="TestALotOfAdding" classname="LocalCMCTests" time="0.002"/>
  <testcase name="TestALotOfAdding" classname="LocalCMCTests" time="0.0"/>
  <testcase name="TestALotOfAdding" classname="LocalCMCTests" time="0.0"/>
  <testcase name="TestALotOfAdding" classname="LocalCMCTests" time="0.0"/>
  <testcase name="TestALotOfAdding" classname="LocalCMCTests" time="0.0"/>
  <testcase name="TestALotOfAdding" classname="LocalCMCTests" time="0.001"/>
  <testcase name="TestALotOfAdding" classname="LocalCMCTests" time="0.002"/>
  <testcase name="TestALotOfAdding" classname="LocalCMCTests" time="0.002"/>
  <testcase name="TestALotOfAdding" classname="LocalCMCTests" time="0.002"/>
  <testcase name="TestALotOfAdding" classname="LocalCMCTests" time="0.001"/>
  <testcase name="TestALotOfAdding" classname="LocalCMCTests" time="0.0"/>
  <testcase name="TestALotOfAdding" classname="LocalCMCTests" time="0.0"/>
  <testcase name="TestALotOfAdding" classname="LocalCMCTests" time="0.001"/>
  <testcase name="TestALotOfAdding" classname="LocalCMCTests" time="0.0"/>
  <testcase name="TestALotOfAdding" classname="LocalCMCTests" time="0.0"/>
  <testcase name="TestALotOfAdding" classname="LocalCMCTests" time="0.001"/>
  <testcase name="TestALotOfAdding" classname="LocalCMCTests" time="0.001"/>
  <testcase name="TestALotOfAdding" classname="LocalCMCTests" time="0.004"/>
  <testcase name="TestALotOfAdding" classname="LocalCMCTests" time="0.0"/>
  <testcase name="TestALotOfAdding" classname="LocalCMCTests" time="0.002"/>
  <testcase name="TestALotOfAdding" classname="LocalCMCTests" time="0.001"/>
  <testcase name="TestALotOfAdding" classname="LocalCMCTests" time="0.001"/>
  <testcase name="TestALotOfAdding" classname="LocalCMCTests" time="0.001"/>
  <testcase name="TestALotOfAdding" classname="LocalCMCTests" time="0.001"/>
  <testcase name="TestALotOfAdding" classname="LocalCMCTests" time="0.001"/>
  <testcase name="TestALotOfAdding" classname="LocalCMCTests" time="0.0"/>
  <testcase name="TestALotOfAdding" classname="LocalCMCTests" time="0.0"/>
  <testcase name="TestALotOfAdding" classname="LocalCMCTests" time="0.0"/>
  <testcase name="TestALotOfAdding" classname="LocalCMCTests" time="0.001"/>
  <testcase name="TestALotOfAdding" classname="LocalCMCTests" time="0.0"/>
  <testcase name="TestALotOfAdding" classname="LocalCMCTests" time="0.001"/>
  <testcase name="TestALotOfAdding" classname="LocalCMCTests" time="0.001"/>
  <testcase name="TestALotOfAdding" classname="LocalCMCTests" time="0.0"/>
  <testcase name="TestALotOfAdding" classname="LocalCMCTests" time="0.0"/>
  <testcase name="TestALotOfAdding" classname="LocalCMCTests" time="0.001"/>
  <testcase name="TestALotOfAdding" classname="LocalCMCTests" time="0.0"/>
  <testcase name="TestALotOfAdding" classname="LocalCMCTests" time="0.0"/>
  <testcase name="TestALotOfAdding" classname="LocalCMCTests" time="0.001"/>
  <testcase name="TestALotOfAdding" classname="LocalCMCTests" time="0.001"/>
  <testcase name="TestALotOfAdding" classname="LocalCMCTests" time="0.0"/>
  <testcase name="TestALotOfAdding" classname="LocalCMCTests" time="0.001"/>
  <testcase name="TestALotOfAdding" classname="LocalCMCTests" time="0.0"/>
  <testcase name="TestALotOfAdding" classname="LocalCMCTests" time="0.001"/>
  <testcase name="TestALotOfAdding" classname="LocalCMCTests" time="0.001"/>
  <testcase name="TestALotOfAdding" classname="LocalCMCTests" time="0.0"/>
  <testcase name="TestALotOfAdding" classname="LocalCMCTests" time="0.0"/>
  <testcase name="TestALotOfAdding" classname="LocalCMCTests" time="0.0"/>
  <testcase name="TestALotOfAdding" classname="LocalCMCTests" time="0.001"/>
  <testcase name="TestALotOfAdding" classname="LocalCMCTests" time="0.0"/>
  <testcase name="TestALotOfAdding" classname="LocalCMCTests" time="0.001"/>
  <testcase name="TestALotOfAdding" classname="LocalCMCTests" time="0.001"/>
  <testcase name="TestALotOfAdding" classname="LocalCMCTests" time="0.001"/>
  <testcase name="TestALotOfAdding" classname="LocalCMCTests" time="0.0"/>
  <testcase name="TestALotOfAdding" classname="LocalCMCTests" time="0.0"/>
  <testcase name="TestALotOfAdding" classname="LocalCMCTests" time="0.0"/>
  <testcase name="TestALotOfAdding" classname="LocalCMCTests" time="0.001"/>
  <testcase name="TestALotOfAdding" classname="LocalCMCTests" time="0.001"/>
  <testcase name="TestALotOfAdding" classname="LocalCMCTests" time="0.001"/>
  <testcase name="TestALotOfAdding" classname="LocalCMCTests" time="0.0"/>
  <testcase name="TestALotOfAdding" classname="LocalCMCTests" time="0.001"/>
  <testcase name="TestALotOfAdding" classname="LocalCMCTests" time="0.001"/>
  <testcase name="TestALotOfAdding" classname="LocalCMCTests" time="0.001"/>
  <testcase name="TestALotOfAdding" classname="LocalCMCTests" time="0.001"/>
  <testcase name="TestALotOfAdding" classname="LocalCMCTests" time="0.001"/>
  <testcase name="TestALotOfAdding" classname="LocalCMCTests" time="0.001"/>
  <testcase name="TestALotOfAdding" classname="LocalCMCTests" time="0.001"/>
  <testcase name="TestALotOfAdding" classname="LocalCMCTests" time="0.0"/>
  <testcase name="TestALotOfAdding" classname="LocalCMCTests" time="0.0"/>
  <testcase name="TestALotOfAdding" classname="LocalCMCTests" time="0.0"/>
  <testcase name="TestALotOfAdding" classname="LocalCMCTests" time="0.0"/>
  <testcase name="TestALotOfAdding" classname="LocalCMCTests" time="0.0"/>
  <testcase name="TestALotOfAdding" classname="LocalCMCTests" time="0.001"/>
  <testcase name="TestALotOfAdding" classname="LocalCMCTests" time="0.001"/>
  <testcase name="TestALotOfAdding" classname="LocalCMCTests" time="0.0"/>
  <testcase name="TestALotOfAdding" classname="LocalCMCTests" time="0.001"/>
  <testcase name="TestALotOfAdding" classname="LocalCMCTests" time="0.0"/>
  <testcase name="TestALotOfAdding" classname="LocalCMCTests" time="0.001"/>
  <testcase name="TestALotOfAdding" classname="LocalCMCTests" time="0.001"/>
  <testcase name="TestALotOfAdding" classname="LocalCMCTests" time="0.0"/>
  <testcase name="TestALotOfAdding" classname="LocalCMCTests" time="0.001"/>
  <testcase name="TestALotOfAdding" classname="LocalCMCTests" time="0.0"/>
  <testcase name="TestALotOfAdding" classname="LocalCMCTests" time="0.001"/>
  <testcase name="TestALotOfAdding" classname="LocalCMCTests" time="0.001"/>
  <testcase name="TestALotOfAdding" classname="LocalCMCTests" time="0.0"/>
  <testcase name="TestALotOfAdding" classname="LocalCMCTests" time="0.0"/>
  <testcase name="TestALotOfAdding" classname="LocalCMCTests" time="0.001"/>
  <testcase name="TestALotOfAdding" classname="LocalCMCTests" time="0.001"/>
  <testcase name="TestALotOfAdding" classname="LocalCMCTests" time="0.0"/>
  <testcase name="TestALotOfAdding" classname="LocalCMCTests" time="0.0"/>
  <testcase name="TestALotOfAdding" classname="LocalCMCTests" time="0.0"/>
  <testcase name="TestALotOfAdding" classname="LocalCMCTests" time="0.0"/>
  <testcase name="TestALotOfAdding" classname="LocalCMCTests" time="0.0"/>
  <testcase name="TestALotOfAdding" classname="LocalCMCTests" time="0.0"/>
  <testcase name="TestALotOfAdding" classname="LocalCMCTests" time="0.0"/>
  <testcase name="TestALotOfAdding" classname="LocalCMCTests" time="0.001"/>
  <testcase name="TestALotOfAdding" classname="LocalCMCTests" time="0.001"/>
  <testcase name="TestALotOfAdding" classname="LocalCMCTests" time="0.001"/>
  <testcase name="TestALotOfAdding" classname="LocalCMCTests" time="0.001"/>
  <testcase name="TestALotOfAdding" classname="LocalCMCTests" time="0.001"/>
  <testcase name="TestALotOfAdding" classname="LocalCMCTests" time="0.0"/>
  <testcase name="TestALotOfAdding" classname="LocalCMCTests" time="0.001"/>
  <testcase name="TestALotOfAdding" classname="LocalCMCTests" time="0.001"/>
  <testcase name="TestALotOfAdding" classname="LocalCMCTests" time="0.001"/>
  <testcase name="TestALotOfAdding" classname="LocalCMCTests" time="0.001"/>
  <testcase name="TestALotOfAdding" classname="LocalCMCTests" time="0.0"/>
  <testcase name="TestALotOfAdding" classname="LocalCMCTests" time="0.0"/>
  <testcase name="TestALotOfAdding" classname="LocalCMCTests" time="0.0"/>
  <testcase name="TestALotOfAdding" classname="LocalCMCTests" time="0.001"/>
  <testcase name="TestALotOfAdding" classname="LocalCMCTests" time="0.0"/>
  <testcase name="TestALotOfAdding" classname="LocalCMCTests" time="0.0"/>
  <testcase name="TestALotOfAdding" classname="LocalCMCTests" time="0.0"/>
  <testcase name="TestALotOfAdding" classname="LocalCMCTests" time="0.0"/>
  <testcase name="TestALotOfAdding" classname="LocalCMCTests" time="0.001"/>
  <testcase name="TestALotOfAdding" classname="LocalCMCTests" time="0.001"/>
  <testcase name="TestALotOfAdding" classname="LocalCMCTests" time="0.001"/>
  <testcase name="TestALotOfAdding" classname="LocalCMCTests" time="0.001"/>
  <testcase name="TestALotOfAdding" classname="LocalCMCTests" time="0.001"/>
  <testcase name="TestALotOfAdding" classname="LocalCMCTests" time="0.0"/>
  <testcase name="TestALotOfAdding" classname="LocalCMCTests" time="0.001"/>
  <testcase name="TestALotOfAdding" classname="LocalCMCTests" time="0.001"/>
  <testcase name="TestALotOfAdding" classname="LocalCMCTests" time="0.0"/>
  <testcase name="TestALotOfAdding" classname="LocalCMCTests" time="0.001"/>
  <testcase name="TestALotOfAdding" classname="LocalCMCTests" time="0.001"/>
  <testcase name="TestALotOfAdding" classname="LocalCMCTests" time="0.001"/>
  <testcase name="TestALotOfAdding" classname="LocalCMCTests" time="0.0"/>
  <testcase name="TestALotOfAdding" classname="LocalCMCTests" time="0.0"/>
  <testcase name="TestALotOfAdding" classname="LocalCMCTests" time="0.0"/>
  <testcase name="TestALotOfAdding" classname="LocalCMCTests" time="0.0"/>
  <testcase name="TestALotOfAdding" classname="LocalCMCTests" time="0.0"/>
  <testcase name="TestALotOfAdding" classname="LocalCMCTests" time="0.001"/>
  <testcase name="TestALotOfAdding" classname="LocalCMCTests" time="0.001"/>
  <testcase name="TestALotOfAdding" classname="LocalCMCTests" time="0.001"/>
  <testcase name="TestALotOfAdding" classname="LocalCMCTests" time="0.001"/>
  <testcase name="TestALotOfAdding" classname="LocalCMCTests" time="0.0"/>
  <testcase name="TestALotOfAdding" classname="LocalCMCTests" time="0.0"/>
  <testcase name="TestALotOfAdding" classname="LocalCMCTests" time="0.0"/>
  <testcase name="TestALotOfAdding" classname="LocalCMCTests" time="0.0"/>
  <testcase name="TestALotOfAdding" classname="LocalCMCTests" time="0.001"/>
  <testcase name="TestALotOfAdding" classname="LocalCMCTests" time="0.0"/>
  <testcase name="TestALotOfAdding" classname="LocalCMCTests" time="0.001"/>
  <testcase name="TestALotOfAdding" classname="LocalCMCTests" time="0.0"/>
  <testcase name="TestALotOfAdding" classname="LocalCMCTests" time="0.001"/>
  <testcase name="TestALotOfAdding" classname="LocalCMCTests" time="0.001"/>
  <testcase name="TestALotOfAdding" classname="LocalCMCTests" time="0.0"/>
  <testcase name="TestALotOfAdding" classname="LocalCMCTests" time="0.001"/>
  <testcase name="TestALotOfAdding" classname="LocalCMCTests" time="0.001"/>
  <testcase name="TestALotOfAdding" classname="LocalCMCTests" time="0.001"/>
  <testcase name="TestALotOfAdding" classname="LocalCMCTests" time="0.001"/>
  <testcase name="TestALotOfAdding" classname="LocalCMCTests" time="0.0"/>
  <testcase name="TestALotOfAdding" classname="LocalCMCTests" time="0.0"/>
  <testcase name="TestALotOfAdding" classname="LocalCMCTests" time="0.0"/>
  <testcase name="TestALotOfAdding" classname="LocalCMCTests" time="0.001"/>
  <testcase name="TestALotOfAdding" classname="LocalCMCTests" time="0.001"/>
  <testcase name="TestALotOfAdding" classname="LocalCMCTests" time="0.001"/>
  <testcase name="TestALotOfAdding" classname="LocalCMCTests" time="0.001"/>
  <testcase name="TestALotOfAdding" classname="LocalCMCTests" time="0.001"/>
  <testcase name="TestALotOfAdding" classname="LocalCMCTests" time="0.0"/>
  <testcase name="TestALotOfAdding" classname="LocalCMCTests" time="0.0"/>
  <testcase name="TestALotOfAdding" classname="LocalCMCTests" time="0.001"/>
  <testcase name="TestALotOfAdding" classname="LocalCMCTests" time="0.001"/>
  <testcase name="TestALotOfAdding" classname="LocalCMCTests" time="0.001"/>
  <testcase name="TestALotOfAdding" classname="LocalCMCTests" time="0.002"/>
  <testcase name="TestALotOfAdding" classname="LocalCMCTests" time="0.0"/>
  <testcase name="TestALotOfAdding" classname="LocalCMCTests" time="0.0"/>
  <testcase name="TestALotOfAdding" classname="LocalCMCTests" time="0.001"/>
  <testcase name="TestALotOfAdding" classname="LocalCMCTests" time="0.001"/>
  <testcase name="TestALotOfAdding" classname="LocalCMCTests" time="0.001"/>
  <testcase name="TestALotOfAdding" classname="LocalCMCTests" time="0.001"/>
  <testcase name="TestALotOfAdding" classname="LocalCMCTests" time="0.0"/>
  <testcase name="TestALotOfAdding" classname="LocalCMCTests" time="0.002"/>
  <testcase name="TestALotOfAdding" classname="LocalCMCTests" time="0.0"/>
  <testcase name="TestALotOfAdding" classname="LocalCMCTests" time="0.0"/>
  <testcase name="TestALotOfAdding" classname="LocalCMCTests" time="0.0"/>
  <testcase name="TestALotOfAdding" classname="LocalCMCTests" time="0.0"/>
  <testcase name="TestALotOfAdding" classname="LocalCMCTests" time="0.001"/>
  <testcase name="TestALotOfAdding" classname="LocalCMCTests" time="0.001"/>
  <testcase name="TestALotOfAdding" classname="LocalCMCTests" time="0.001"/>
  <testcase name="TestALotOfAdding" classname="LocalCMCTests" time="0.001"/>
  <testcase name="TestALotOfAdding" classname="LocalCMCTests" time="0.0"/>
  <testcase name="TestALotOfAdding" classname="LocalCMCTests" time="0.0"/>
  <testcase name="TestALotOfAdding" classname="LocalCMCTests" time="0.001"/>
  <testcase name="TestALotOfAdding" classname="LocalCMCTests" time="0.0"/>
  <testcase name="TestALotOfAdding" classname="LocalCMCTests" time="0.001"/>
  <testcase name="TestALotOfAdding" classname="LocalCMCTests" time="0.002"/>
  <testcase name="TestALotOfAdding" classname="LocalCMCTests" time="0.001"/>
  <testcase name="TestALotOfAdding" classname="LocalCMCTests" time="0.0"/>
  <testcase name="TestALotOfAdding" classname="LocalCMCTests" time="0.001"/>
  <testcase name="TestALotOfAdding" classname="LocalCMCTests" time="0.0"/>
  <testcase name="TestALotOfAdding" classname="LocalCMCTests" time="0.001"/>
  <testcase name="TestALotOfAdding" classname="LocalCMCTests" time="0.002"/>
  <testcase name="TestALotOfAdding" classname="LocalCMCTests" time="0.001"/>
  <testcase name="TestALotOfAdding" classname="LocalCMCTests" time="0.001"/>
  <testcase name="TestALotOfAdding" classname="LocalCMCTests" time="0.001"/>
  <testcase name="TestALotOfAdding" classname="LocalCMCTests" time="0.0"/>
  <testcase name="TestALotOfAdding" classname="LocalCMCTests" time="0.0"/>
  <testcase name="TestALotOfAdding" classname="LocalCMCTests" time="0.001"/>
  <testcase name="TestALotOfAdding" classname="LocalCMCTests" time="0.001"/>
  <testcase name="TestALotOfAdding" classname="LocalCMCTests" time="0.001"/>
  <testcase name="TestALotOfAdding" classname="LocalCMCTests" time="0.0"/>
  <testcase name="TestALotOfAdding" classname="LocalCMCTests" time="0.0"/>
  <testcase name="TestALotOfAdding" classname="LocalCMCTests" time="0.0"/>
  <testcase name="TestALotOfAdding" classname="LocalCMCTests" time="0.001"/>
  <testcase name="TestALotOfAdding" classname="LocalCMCTests" time="0.001"/>
  <testcase name="TestALotOfAdding" classname="LocalCMCTests" time="0.0"/>
  <testcase name="TestALotOfAdding" classname="LocalCMCTests" time="0.0"/>
  <testcase name="TestALotOfAdding" classname="LocalCMCTests" time="0.001"/>
  <testcase name="TestALotOfAdding" classname="LocalCMCTests" time="0.001"/>
  <testcase name="TestALotOfAdding" classname="LocalCMCTests" time="0.001"/>
  <testcase name="TestALotOfAdding" classname="LocalCMCTests" time="0.0"/>
  <testcase name="TestALotOfAdding" classname="LocalCMCTests" time="0.0"/>
  <testcase name="TestALotOfAdding" classname="LocalCMCTests" time="0.001"/>
  <testcase name="TestALotOfAdding" classname="LocalCMCTests" time="0.001"/>
  <testcase name="TestALotOfAdding" classname="LocalCMCTests" time="0.001"/>
  <testcase name="TestALotOfAdding" classname="LocalCMCTests" time="0.001"/>
  <testcase name="TestALotOfAdding" classname="LocalCMCTests" time="0.0"/>
  <testcase name="TestALotOfAdding" classname="LocalCMCTests" time="0.0"/>
  <testcase name="TestALotOfAdding" classname="LocalCMCTests" time="0.001"/>
  <testcase name="TestALotOfAdding" classname="LocalCMCTests" time="0.0"/>
  <testcase name="TestALotOfAdding" classname="LocalCMCTests" time="0.001"/>
  <testcase name="TestALotOfAdding" classname="LocalCMCTests" time="0.0"/>
  <testcase name="TestALotOfAdding" classname="LocalCMCTests" time="0.001"/>
  <testcase name="TestALotOfAdding" classname="LocalCMCTests" time="0.002"/>
  <testcase name="TestALotOfAdding" classname="LocalCMCTests" time="0.001"/>
  <testcase name="TestALotOfAdding" classname="LocalCMCTests" time="0.001"/>
  <testcase name="TestALotOfAdding" classname="LocalCMCTests" time="0.001"/>
  <testcase name="TestALotOfAdding" classname="LocalCMCTests" time="0.0"/>
  <testcase name="TestALotOfAdding" classname="LocalCMCTests" time="0.001"/>
  <testcase name="TestALotOfAdding" classname="LocalCMCTests" time="0.001"/>
  <testcase name="TestALotOfAdding" classname="LocalCMCTests" time="0.001"/>
  <testcase name="TestALotOfAdding" classname="LocalCMCTests" time="0.0"/>
  <testcase name="TestALotOfAdding" classname="LocalCMCTests" time="0.001"/>
  <testcase name="TestALotOfAdding" classname="LocalCMCTests" time="0.0"/>
  <testcase name="TestALotOfAdding" classname="LocalCMCTests" time="0.0"/>
  <testcase name="TestALotOfAdding" classname="LocalCMCTests" time="0.0"/>
  <testcase name="TestALotOfAdding" classname="LocalCMCTests" time="0.0"/>
  <testcase name="TestALotOfAdding" classname="LocalCMCTests" time="0.0"/>
  <testcase name="TestALotOfAdding" classname="LocalCMCTests" time="0.001"/>
  <testcase name="TestALotOfAdding" classname="LocalCMCTests" time="0.0"/>
  <testcase name="TestALotOfAdding" classname="LocalCMCTests" time="0.002"/>
  <testcase name="TestALotOfAdding" classname="LocalCMCTests" time="0.001"/>
  <testcase name="TestALotOfAdding" classname="LocalCMCTests" time="0.001"/>
  <testcase name="TestALotOfAdding" classname="LocalCMCTests" time="0.0"/>
  <testcase name="TestALotOfAdding" classname="LocalCMCTests" time="0.0"/>
  <testcase name="TestALotOfAdding" classname="LocalCMCTests" time="0.0"/>
  <testcase name="TestALotOfAdding" classname="LocalCMCTests" time="0.001"/>
  <testcase name="TestALotOfAdding" classname="LocalCMCTests" time="0.001"/>
  <testcase name="TestALotOfAdding" classname="LocalCMCTests" time="0.001"/>
  <testcase name="TestALotOfAdding" classname="LocalCMCTests" time="0.001"/>
  <testcase name="TestALotOfAdding" classname="LocalCMCTests" time="0.0"/>
  <testcase name="TestALotOfAdding" classname="LocalCMCTests" time="0.0"/>
  <testcase name="TestALotOfAdding" classname="LocalCMCTests" time="0.001"/>
  <testcase name="TestALotOfAdding" classname="LocalCMCTests" time="0.0"/>
  <testcase name="TestALotOfAdding" classname="LocalCMCTests" time="0.001"/>
  <testcase name="TestALotOfAdding" classname="LocalCMCTests" time="0.001"/>
  <testcase name="TestALotOfAdding" classname="LocalCMCTests" time="0.0"/>
  <testcase name="TestALotOfAdding" classname="LocalCMCTests" time="0.0"/>
  <testcase name="TestALotOfAdding" classname="LocalCMCTests" time="0.001"/>
  <testcase name="TestALotOfAdding" classname="LocalCMCTests" time="0.001"/>
  <testcase name="TestALotOfAdding" classname="LocalCMCTests" time="0.0"/>
  <testcase name="TestALotOfAdding" classname="LocalCMCTests" time="0.0"/>
  <testcase name="TestALotOfAdding" classname="LocalCMCTests" time="0.001"/>
  <testcase name="TestALotOfAdding" classname="LocalCMCTests" time="0.001"/>
  <testcase name="TestALotOfAdding" classname="LocalCMCTests" time="0.0"/>
  <testcase name="TestALotOfAdding" classname="LocalCMCTests" time="0.0"/>
  <testcase name="TestALotOfAdding" classname="LocalCMCTests" time="0.0"/>
  <testcase name="TestALotOfAdding" classname="LocalCMCTests" time="0.001"/>
  <testcase name="TestALotOfAdding" classname="LocalCMCTests" time="0.002"/>
  <testcase name="TestALotOfAdding" classname="LocalCMCTests" time="0.001"/>
  <testcase name="TestALotOfAdding" classname="LocalCMCTests" time="0.0"/>
  <testcase name="TestALotOfAdding" classname="LocalCMCTests" time="0.0"/>
  <testcase name="TestALotOfAdding" classname="LocalCMCTests" time="0.001"/>
  <testcase name="TestALotOfAdding" classname="LocalCMCTests" time="0.001"/>
  <testcase name="TestALotOfAdding" classname="LocalCMCTests" time="0.002"/>
  <testcase name="TestALotOfAdding" classname="LocalCMCTests" time="0.0"/>
  <testcase name="TestALotOfAdding" classname="LocalCMCTests" time="0.001"/>
  <testcase name="TestALotOfAdding" classname="LocalCMCTests" time="0.001"/>
  <testcase name="TestALotOfAdding" classname="LocalCMCTests" time="0.001"/>
  <testcase name="TestALotOfAdding" classname="LocalCMCTests" time="0.0"/>
  <testcase name="TestALotOfAdding" classname="LocalCMCTests" time="0.001"/>
  <testcase name="TestALotOfAdding" classname="LocalCMCTests" time="0.0"/>
  <testcase name="TestALotOfAdding" classname="LocalCMCTests" time="0.0"/>
  <testcase name="TestALotOfAdding" classname="LocalCMCTests" time="0.0"/>
  <testcase name="TestALotOfAdding" classname="LocalCMCTests" time="0.0"/>
  <testcase name="TestALotOfAdding" classname="LocalCMCTests" time="0.0"/>
  <testcase name="TestALotOfAdding" classname="LocalCMCTests" time="0.002"/>
  <testcase name="TestALotOfAdding" classname="LocalCMCTests" time="0.001"/>
  <testcase name="TestALotOfAdding" classname="LocalCMCTests" time="0.001"/>
  <testcase name="TestALotOfAdding" classname="LocalCMCTests" time="0.001"/>
  <testcase name="TestALotOfAdding" classname="LocalCMCTests" time="0.001"/>
  <testcase name="TestALotOfAdding" classname="LocalCMCTests" time="0.001"/>
  <testcase name="TestALotOfAdding" classname="LocalCMCTests" time="0.002"/>
  <testcase name="TestALotOfAdding" classname="LocalCMCTests" time="0.003"/>
  <testcase name="TestALotOfAdding" classname="LocalCMCTests" time="0.001"/>
  <testcase name="TestALotOfAdding" classname="LocalCMCTests" time="0.001"/>
  <testcase name="TestALotOfAdding" classname="LocalCMCTests" time="0.001"/>
  <testcase name="TestALotOfAdding" classname="LocalCMCTests" time="0.001"/>
  <testcase name="TestALotOfAdding" classname="LocalCMCTests" time="0.0"/>
  <testcase name="TestALotOfAdding" classname="LocalCMCTests" time="0.003"/>
  <testcase name="TestALotOfAdding" classname="LocalCMCTests" time="0.001"/>
  <testcase name="TestALotOfAdding" classname="LocalCMCTests" time="0.001"/>
  <testcase name="TestALotOfAdding" classname="LocalCMCTests" time="0.002"/>
  <testcase name="TestALotOfAdding" classname="LocalCMCTests" time="0.0"/>
  <testcase name="TestALotOfAdding" classname="LocalCMCTests" time="0.0"/>
  <testcase name="TestALotOfAdding" classname="LocalCMCTests" time="0.001"/>
  <testcase name="TestALotOfAdding" classname="LocalCMCTests" time="0.001"/>
  <testcase name="TestALotOfAdding" classname="LocalCMCTests" time="0.001"/>
  <testcase name="TestALotOfAdding" classname="LocalCMCTests" time="0.003"/>
  <testcase name="TestALotOfAdding" classname="LocalCMCTests" time="0.0"/>
  <testcase name="TestALotOfAdding" classname="LocalCMCTests" time="0.001"/>
  <testcase name="TestALotOfAdding" classname="LocalCMCTests" time="0.0"/>
  <testcase name="TestALotOfAdding" classname="LocalCMCTests" time="0.0"/>
  <testcase name="TestALotOfAdding" classname="LocalCMCTests" time="0.0"/>
  <testcase name="TestALotOfAdding" classname="LocalCMCTests" time="0.0"/>
  <testcase name="TestALotOfAdding" classname="LocalCMCTests" time="0.0"/>
  <testcase name="TestALotOfAdding" classname="LocalCMCTests" time="0.0"/>
  <testcase name="TestALotOfAdding" classname="LocalCMCTests" time="0.0"/>
  <testcase name="TestALotOfAdding" classname="LocalCMCTests" time="0.001"/>
  <testcase name="TestALotOfAdding" classname="LocalCMCTests" time="0.003"/>
  <testcase name="TestALotOfAdding" classname="LocalCMCTests" time="0.0"/>
  <testcase name="TestALotOfAdding" classname="LocalCMCTests" time="0.0"/>
  <testcase name="TestALotOfAdding" classname="LocalCMCTests" time="0.001"/>
  <testcase name="TestALotOfAdding" classname="LocalCMCTests" time="0.0"/>
  <testcase name="TestALotOfAdding" classname="LocalCMCTests" time="0.0"/>
  <testcase name="TestALotOfAdding" classname="LocalCMCTests" time="0.001"/>
  <testcase name="TestALotOfAdding" classname="LocalCMCTests" time="0.001"/>
  <testcase name="TestALotOfAdding" classname="LocalCMCTests" time="0.001"/>
  <testcase name="TestALotOfAdding" classname="LocalCMCTests" time="0.0"/>
  <testcase name="TestALotOfAdding" classname="LocalCMCTests" time="0.0"/>
  <testcase name="TestALotOfAdding" classname="LocalCMCTests" time="0.001"/>
  <testcase name="TestALotOfAdding" classname="LocalCMCTests" time="0.001"/>
  <testcase name="TestALotOfAdding" classname="LocalCMCTests" time="0.001"/>
  <testcase name="TestALotOfAdding" classname="LocalCMCTests" time="0.002"/>
  <testcase name="TestALotOfAdding" classname="LocalCMCTests" time="0.0"/>
  <testcase name="TestALotOfAdding" classname="LocalCMCTests" time="0.001"/>
  <testcase name="TestALotOfAdding" classname="LocalCMCTests" time="0.0"/>
  <testcase name="TestALotOfAdding" classname="LocalCMCTests" time="0.002"/>
  <testcase name="TestALotOfAdding" classname="LocalCMCTests" time="0.0"/>
  <testcase name="TestALotOfAdding" classname="LocalCMCTests" time="0.0"/>
  <testcase name="TestALotOfAdding" classname="LocalCMCTests" time="0.0"/>
  <testcase name="TestALotOfAdding" classname="LocalCMCTests" time="0.0"/>
  <testcase name="TestALotOfAdding" classname="LocalCMCTests" time="0.001"/>
  <testcase name="TestALotOfAdding" classname="LocalCMCTests" time="0.0"/>
  <testcase name="TestALotOfAdding" classname="LocalCMCTests" time="0.0"/>
  <testcase name="TestALotOfAdding" classname="LocalCMCTests" time="0.0"/>
  <testcase name="TestALotOfAdding" classname="LocalCMCTests" time="0.0"/>
  <testcase name="TestALotOfAdding" classname="LocalCMCTests" time="0.0"/>
  <testcase name="TestALotOfAdding" classname="LocalCMCTests" time="0.003"/>
  <testcase name="TestALotOfAdding" classname="LocalCMCTests" time="0.0"/>
  <testcase name="TestALotOfAdding" classname="LocalCMCTests" time="0.0"/>
  <testcase name="TestALotOfAdding" classname="LocalCMCTests" time="0.002"/>
  <testcase name="TestALotOfAdding" classname="LocalCMCTests" time="0.001"/>
  <testcase name="TestALotOfAdding" classname="LocalCMCTests" time="0.001"/>
  <testcase name="TestALotOfAdding" classname="LocalCMCTests" time="0.001"/>
  <testcase name="TestALotOfAdding" classname="LocalCMCTests" time="0.001"/>
  <testcase name="TestALotOfAdding" classname="LocalCMCTests" time="0.0"/>
  <testcase name="TestALotOfAdding" classname="LocalCMCTests" time="0.001"/>
  <testcase name="TestALotOfAdding" classname="LocalCMCTests" time="0.0"/>
  <testcase name="TestALotOfAdding" classname="LocalCMCTests" time="0.0"/>
  <testcase name="TestALotOfAdding" classname="LocalCMCTests" time="0.001"/>
  <testcase name="TestALotOfAdding" classname="LocalCMCTests" time="0.001"/>
  <testcase name="TestALotOfAdding" classname="LocalCMCTests" time="0.0"/>
  <testcase name="TestALotOfAdding" classname="LocalCMCTests" time="0.001"/>
  <testcase name="TestALotOfAdding" classname="LocalCMCTests" time="0.0"/>
  <testcase name="TestALotOfAdding" classname="LocalCMCTests" time="0.003"/>
  <testcase name="TestALotOfAdding" classname="LocalCMCTests" time="0.0"/>
  <testcase name="TestALotOfAdding" classname="LocalCMCTests" time="0.0"/>
  <testcase name="TestALotOfAdding" classname="LocalCMCTests" time="0.001"/>
  <testcase name="TestALotOfAdding" classname="LocalCMCTests" time="0.0"/>
  <testcase name="TestALotOfAdding" classname="LocalCMCTests" time="0.0"/>
  <testcase name="TestALotOfAdding" classname="LocalCMCTests" time="0.001"/>
  <testcase name="TestALotOfAdding" classname="LocalCMCTests" time="0.0"/>
  <testcase name="TestALotOfAdding" classname="LocalCMCTests" time="0.0"/>
  <testcase name="TestALotOfAdding" classname="LocalCMCTests" time="0.0"/>
  <testcase name="TestALotOfAdding" classname="LocalCMCTests" time="0.001"/>
  <testcase name="TestALotOfAdding" classname="LocalCMCTests" time="0.001"/>
  <testcase name="TestALotOfAdding" classname="LocalCMCTests" time="0.0"/>
  <testcase name="TestALotOfAdding" classname="LocalCMCTests" time="0.001"/>
  <testcase name="TestALotOfAdding" classname="LocalCMCTests" time="0.003"/>
  <testcase name="TestALotOfAdding" classname="LocalCMCTests" time="0.001"/>
  <testcase name="TestALotOfAdding" classname="LocalCMCTests" time="0.001"/>
  <testcase name="TestALotOfAdding" classname="LocalCMCTests" time="0.0"/>
  <testcase name="TestALotOfAdding" classname="LocalCMCTests" time="0.001"/>
  <testcase name="TestALotOfAdding" classname="LocalCMCTests" time="0.001"/>
  <testcase name="TestALotOfAdding" classname="LocalCMCTests" time="0.0"/>
  <testcase name="TestALotOfAdding" classname="LocalCMCTests" time="0.001"/>
  <testcase name="TestALotOfAdding" classname="LocalCMCTests" time="0.001"/>
  <testcase name="TestALotOfAdding" classname="LocalCMCTests" time="0.001"/>
  <testcase name="TestALotOfAdding" classname="LocalCMCTests" time="0.0"/>
  <testcase name="TestALotOfAdding" classname="LocalCMCTests" time="0.0"/>
  <testcase name="TestALotOfAdding" classname="LocalCMCTests" time="0.0"/>
  <testcase name="TestALotOfAdding" classname="LocalCMCTests" time="0.0"/>
  <testcase name="TestALotOfAdding" classname="LocalCMCTests" time="0.001"/>
  <testcase name="TestALotOfAdding" classname="LocalCMCTests" time="0.0"/>
  <testcase name="TestALotOfAdding" classname="LocalCMCTests" time="0.002"/>
  <testcase name="TestALotOfAdding" classname="LocalCMCTests" time="0.0"/>
  <testcase name="TestALotOfAdding" classname="LocalCMCTests" time="0.001"/>
  <testcase name="TestALotOfAdding" classname="LocalCMCTests" time="0.001"/>
  <testcase name="TestALotOfAdding" classname="LocalCMCTests" time="0.001"/>
  <testcase name="TestALotOfAdding" classname="LocalCMCTests" time="0.001"/>
  <testcase name="TestALotOfAdding" classname="LocalCMCTests" time="0.001"/>
  <testcase name="TestALotOfAdding" classname="LocalCMCTests" time="0.001"/>
  <testcase name="TestALotOfAdding" classname="LocalCMCTests" time="0.002"/>
  <testcase name="TestALotOfAdding" classname="LocalCMCTests" time="0.0"/>
  <testcase name="TestALotOfAdding" classname="LocalCMCTests" time="0.0"/>
  <testcase name="TestALotOfAdding" classname="LocalCMCTests" time="0.001"/>
  <testcase name="TestALotOfAdding" classname="LocalCMCTests" time="0.0"/>
  <testcase name="TestALotOfAdding" classname="LocalCMCTests" time="0.0"/>
  <testcase name="TestALotOfAdding" classname="LocalCMCTests" time="0.0"/>
  <testcase name="TestALotOfAdding" classname="LocalCMCTests" time="0.0"/>
  <testcase name="TestALotOfAdding" classname="LocalCMCTests" time="0.002"/>
  <testcase name="TestALotOfAdding" classname="LocalCMCTests" time="0.0"/>
  <testcase name="TestALotOfAdding" classname="LocalCMCTests" time="0.001"/>
  <testcase name="TestALotOfAdding" classname="LocalCMCTests" time="0.001"/>
  <testcase name="TestALotOfAdding" classname="LocalCMCTests" time="0.0"/>
  <testcase name="TestALotOfAdding" classname="LocalCMCTests" time="0.0"/>
  <testcase name="TestALotOfAdding" classname="LocalCMCTests" time="0.001"/>
  <testcase name="TestALotOfAdding" classname="LocalCMCTests" time="0.001"/>
  <testcase name="TestALotOfAdding" classname="LocalCMCTests" time="0.001"/>
  <testcase name="TestALotOfAdding" classname="LocalCMCTests" time="0.0"/>
  <testcase name="TestALotOfAdding" classname="LocalCMCTests" time="0.001"/>
  <testcase name="TestALotOfAdding" classname="LocalCMCTests" time="0.001"/>
  <testcase name="TestALotOfAdding" classname="LocalCMCTests" time="0.0"/>
  <testcase name="TestALotOfAdding" classname="LocalCMCTests" time="0.0"/>
  <testcase name="TestALotOfAdding" classname="LocalCMCTests" time="0.0"/>
  <testcase name="TestALotOfAdding" classname="LocalCMCTests" time="0.001"/>
  <testcase name="TestALotOfAdding" classname="LocalCMCTests" time="0.001"/>
  <testcase name="TestALotOfAdding" classname="LocalCMCTests" time="0.001"/>
  <testcase name="TestALotOfAdding" classname="LocalCMCTests" time="0.0"/>
  <testcase name="TestALotOfAdding" classname="LocalCMCTests" time="0.001"/>
  <testcase name="TestALotOfAdding" classname="LocalCMCTests" time="0.0"/>
  <testcase name="TestALotOfAdding" classname="LocalCMCTests" time="0.0"/>
  <testcase name="TestALotOfAdding" classname="LocalCMCTests" time="0.0"/>
  <testcase name="TestALotOfAdding" classname="LocalCMCTests" time="0.0"/>
  <testcase name="TestALotOfAdding" classname="LocalCMCTests" time="0.001"/>
  <testcase name="TestALotOfAdding" classname="LocalCMCTests" time="0.001"/>
  <testcase name="TestALotOfAdding" classname="LocalCMCTests" time="0.001"/>
  <testcase name="TestALotOfAdding" classname="LocalCMCTests" time="0.0"/>
  <testcase name="TestALotOfAdding" classname="LocalCMCTests" time="0.001"/>
  <testcase name="TestALotOfAdding" classname="LocalCMCTests" time="0.0"/>
  <testcase name="TestALotOfAdding" classname="LocalCMCTests" time="0.001"/>
  <testcase name="TestALotOfAdding" classname="LocalCMCTests" time="0.0"/>
  <testcase name="TestALotOfAdding" classname="LocalCMCTests" time="0.0"/>
  <testcase name="TestALotOfAdding" classname="LocalCMCTests" time="0.001"/>
  <testcase name="TestALotOfAdding" classname="LocalCMCTests" time="0.0"/>
  <testcase name="TestALotOfAdding" classname="LocalCMCTests" time="0.001"/>
  <testcase name="TestALotOfAdding" classname="LocalCMCTests" time="0.001"/>
  <testcase name="TestALotOfAdding" classname="LocalCMCTests" time="0.002"/>
  <testcase name="TestALotOfAdding" classname="LocalCMCTests" time="0.0"/>
  <testcase name="TestALotOfAdding" classname="LocalCMCTests" time="0.0"/>
  <testcase name="TestALotOfAdding" classname="LocalCMCTests" time="0.0"/>
  <testcase name="TestALotOfAdding" classname="LocalCMCTests" time="0.001"/>
  <testcase name="TestALotOfAdding" classname="LocalCMCTests" time="0.0"/>
  <testcase name="TestALotOfAdding" classname="LocalCMCTests" time="0.0"/>
  <testcase name="TestALotOfAdding" classname="LocalCMCTests" time="0.001"/>
  <testcase name="TestALotOfAdding" classname="LocalCMCTests" time="0.001"/>
  <testcase name="TestALotOfAdding" classname="LocalCMCTests" time="0.001"/>
  <testcase name="TestALotOfAdding" classname="LocalCMCTests" time="0.0"/>
  <testcase name="TestALotOfAdding" classname="LocalCMCTests" time="0.0"/>
  <testcase name="TestALotOfAdding" classname="LocalCMCTests" time="0.0"/>
  <testcase name="TestALotOfAdding" classname="LocalCMCTests" time="0.002"/>
  <testcase name="TestALotOfAdding" classname="LocalCMCTests" time="0.001"/>
  <testcase name="TestALotOfAdding" classname="LocalCMCTests" time="0.001"/>
  <testcase name="TestALotOfAdding" classname="LocalCMCTests" time="0.001"/>
  <testcase name="TestALotOfAdding" classname="LocalCMCTests" time="0.0"/>
  <testcase name="TestALotOfAdding" classname="LocalCMCTests" time="0.0"/>
  <testcase name="TestALotOfAdding" classname="LocalCMCTests" time="0.0"/>
  <testcase name="TestALotOfAdding" classname="LocalCMCTests" time="0.0"/>
  <testcase name="TestALotOfAdding" classname="LocalCMCTests" time="0.001"/>
  <testcase name="TestALotOfAdding" classname="LocalCMCTests" time="0.001"/>
  <testcase name="TestALotOfAdding" classname="LocalCMCTests" time="0.002"/>
  <testcase name="TestALotOfAdding" classname="LocalCMCTests" time="0.001"/>
  <testcase name="TestALotOfAdding" classname="LocalCMCTests" time="0.001"/>
  <testcase name="TestALotOfAdding" classname="LocalCMCTests" time="0.001"/>
  <testcase name="TestALotOfAdding" classname="LocalCMCTests" time="0.001"/>
  <testcase name="TestALotOfAdding" classname="LocalCMCTests" time="0.001"/>
  <testcase name="TestALotOfAdding" classname="LocalCMCTests" time="0.001"/>
  <testcase name="TestALotOfAdding" classname="LocalCMCTests" time="0.0"/>
  <testcase name="TestALotOfAdding" classname="LocalCMCTests" time="0.001"/>
  <testcase name="TestALotOfAdding" classname="LocalCMCTests" time="0.0"/>
  <testcase name="TestALotOfAdding" classname="LocalCMCTests" time="0.001"/>
  <testcase name="TestALotOfAdding" classname="LocalCMCTests" time="0.001"/>
  <testcase name="TestALotOfAdding" classname="LocalCMCTests" time="0.001"/>
  <testcase name="TestALotOfAdding" classname="LocalCMCTests" time="0.0"/>
  <testcase name="TestALotOfAdding" classname="LocalCMCTests" time="0.001"/>
  <testcase name="TestALotOfAdding" classname="LocalCMCTests" time="0.0"/>
  <testcase name="TestALotOfAdding" classname="LocalCMCTests" time="0.0"/>
  <testcase name="TestALotOfAdding" classname="LocalCMCTests" time="0.001"/>
  <testcase name="TestALotOfAdding" classname="LocalCMCTests" time="0.001"/>
  <testcase name="TestALotOfAdding" classname="LocalCMCTests" time="0.001"/>
  <testcase name="TestALotOfAdding" classname="LocalCMCTests" time="0.001"/>
  <testcase name="TestALotOfAdding" classname="LocalCMCTests" time="0.001"/>
  <testcase name="TestALotOfAdding" classname="LocalCMCTests" time="0.001"/>
  <testcase name="TestALotOfAdding" classname="LocalCMCTests" time="0.0"/>
  <testcase name="TestALotOfAdding" classname="LocalCMCTests" time="0.001"/>
  <testcase name="TestALotOfAdding" classname="LocalCMCTests" time="0.001"/>
  <testcase name="TestALotOfAdding" classname="LocalCMCTests" time="0.001"/>
  <testcase name="TestALotOfAdding" classname="LocalCMCTests" time="0.001"/>
  <testcase name="TestALotOfAdding" classname="LocalCMCTests" time="0.0"/>
  <testcase name="TestALotOfAdding" classname="LocalCMCTests" time="0.0"/>
  <testcase name="TestALotOfAdding" classname="LocalCMCTests" time="0.0"/>
  <testcase name="TestALotOfAdding" classname="LocalCMCTests" time="0.0"/>
  <testcase name="TestALotOfAdding" classname="LocalCMCTests" time="0.001"/>
  <testcase name="TestALotOfAdding" classname="LocalCMCTests" time="0.0"/>
  <testcase name="TestALotOfAdding" classname="LocalCMCTests" time="0.0"/>
  <testcase name="TestALotOfAdding" classname="LocalCMCTests" time="0.001"/>
  <testcase name="TestALotOfAdding" classname="LocalCMCTests" time="0.0"/>
  <testcase name="TestALotOfAdding" classname="LocalCMCTests" time="0.002"/>
  <testcase name="TestALotOfAdding" classname="LocalCMCTests" time="0.001"/>
  <testcase name="TestALotOfAdding" classname="LocalCMCTests" time="0.0"/>
  <testcase name="TestALotOfAdding" classname="LocalCMCTests" time="0.0"/>
  <testcase name="TestALotOfAdding" classname="LocalCMCTests" time="0.0"/>
  <testcase name="TestALotOfAdding" classname="LocalCMCTests" time="0.001"/>
  <testcase name="TestALotOfAdding" classname="LocalCMCTests" time="0.001"/>
  <testcase name="TestALotOfAdding" classname="LocalCMCTests" time="0.0"/>
  <testcase name="TestALotOfAdding" classname="LocalCMCTests" time="0.001"/>
  <testcase name="TestALotOfAdding" classname="LocalCMCTests" time="0.0"/>
  <testcase name="TestALotOfAdding" classname="LocalCMCTests" time="0.001"/>
  <testcase name="TestALotOfAdding" classname="LocalCMCTests" time="0.002"/>
  <testcase name="TestALotOfAdding" classname="LocalCMCTests" time="0.002"/>
  <testcase name="TestALotOfAdding" classname="LocalCMCTests" time="0.0"/>
  <testcase name="TestALotOfAdding" classname="LocalCMCTests" time="0.0"/>
  <testcase name="TestALotOfAdding" classname="LocalCMCTests" time="0.0"/>
  <testcase name="TestALotOfAdding" classname="LocalCMCTests" time="0.001"/>
  <testcase name="TestALotOfAdding" classname="LocalCMCTests" time="0.001"/>
  <testcase name="TestALotOfAdding" classname="LocalCMCTests" time="0.001"/>
  <testcase name="TestALotOfAdding" classname="LocalCMCTests" time="0.001"/>
  <testcase name="TestALotOfAdding" classname="LocalCMCTests" time="0.0"/>
  <testcase name="TestALotOfAdding" classname="LocalCMCTests" time="0.0"/>
  <testcase name="TestALotOfAdding" classname="LocalCMCTests" time="0.001"/>
  <testcase name="TestALotOfAdding" classname="LocalCMCTests" time="0.0"/>
  <testcase name="TestALotOfAdding" classname="LocalCMCTests" time="0.002"/>
  <testcase name="TestALotOfAdding" classname="LocalCMCTests" time="0.001"/>
  <testcase name="TestALotOfAdding" classname="LocalCMCTests" time="0.001"/>
  <testcase name="TestALotOfAdding" classname="LocalCMCTests" time="0.001"/>
  <testcase name="TestALotOfAdding" classname="LocalCMCTests" time="0.0"/>
  <testcase name="TestALotOfAdding" classname="LocalCMCTests" time="0.0"/>
  <testcase name="TestALotOfAdding" classname="LocalCMCTests" time="0.0"/>
  <testcase name="TestALotOfAdding" classname="LocalCMCTests" time="0.0"/>
  <testcase name="TestALotOfAdding" classname="LocalCMCTests" time="0.001"/>
  <testcase name="TestALotOfAdding" classname="LocalCMCTests" time="0.0"/>
  <testcase name="TestALotOfAdding" classname="LocalCMCTests" time="0.001"/>
  <testcase name="TestALotOfAdding" classname="LocalCMCTests" time="0.0"/>
  <testcase name="TestALotOfAdding" classname="LocalCMCTests" time="0.001"/>
  <testcase name="TestALotOfAdding" classname="LocalCMCTests" time="0.001"/>
  <testcase name="TestALotOfAdding" classname="LocalCMCTests" time="0.0"/>
  <testcase name="TestALotOfAdding" classname="LocalCMCTests" time="0.001"/>
  <testcase name="TestALotOfAdding" classname="LocalCMCTests" time="0.002"/>
  <testcase name="TestALotOfAdding" classname="LocalCMCTests" time="0.001"/>
  <testcase name="TestALotOfAdding" classname="LocalCMCTests" time="0.001"/>
  <testcase name="TestALotOfAdding" classname="LocalCMCTests" time="0.001"/>
  <testcase name="TestALotOfAdding" classname="LocalCMCTests" time="0.0"/>
  <testcase name="TestALotOfAdding" classname="LocalCMCTests" time="0.001"/>
  <testcase name="TestALotOfAdding" classname="LocalCMCTests" time="0.0"/>
  <testcase name="TestALotOfAdding" classname="LocalCMCTests" time="0.0"/>
  <testcase name="TestALotOfAdding" classname="LocalCMCTests" time="0.0"/>
  <testcase name="TestALotOfAdding" classname="LocalCMCTests" time="0.0"/>
  <testcase name="TestALotOfAdding" classname="LocalCMCTests" time="0.0"/>
  <testcase name="TestALotOfAdding" classname="LocalCMCTests" time="0.001"/>
  <testcase name="TestALotOfAdding" classname="LocalCMCTests" time="0.001"/>
  <testcase name="TestALotOfAdding" classname="LocalCMCTests" time="0.003"/>
  <testcase name="TestALotOfAdding" classname="LocalCMCTests" time="0.0"/>
  <testcase name="TestALotOfAdding" classname="LocalCMCTests" time="0.0"/>
  <testcase name="TestALotOfAdding" classname="LocalCMCTests" time="0.0"/>
  <testcase name="TestALotOfAdding" classname="LocalCMCTests" time="0.001"/>
  <testcase name="TestALotOfAdding" classname="LocalCMCTests" time="0.001"/>
  <testcase name="TestALotOfAdding" classname="LocalCMCTests" time="0.001"/>
  <testcase name="TestALotOfAdding" classname="LocalCMCTests" time="0.0"/>
  <testcase name="TestALotOfAdding" classname="LocalCMCTests" time="0.002"/>
  <testcase name="TestALotOfAdding" classname="LocalCMCTests" time="0.0"/>
  <testcase name="TestALotOfAdding" classname="LocalCMCTests" time="0.0"/>
  <testcase name="TestALotOfAdding" classname="LocalCMCTests" time="0.001"/>
  <testcase name="TestALotOfAdding" classname="LocalCMCTests" time="0.0"/>
  <testcase name="TestALotOfAdding" classname="LocalCMCTests" time="0.001"/>
  <testcase name="TestALotOfAdding" classname="LocalCMCTests" time="0.001"/>
  <testcase name="TestALotOfAdding" classname="LocalCMCTests" time="0.0"/>
  <testcase name="TestALotOfAdding" classname="LocalCMCTests" time="0.002"/>
  <testcase name="TestALotOfAdding" classname="LocalCMCTests" time="0.001"/>
  <testcase name="TestALotOfAdding" classname="LocalCMCTests" time="0.002"/>
  <testcase name="TestALotOfAdding" classname="LocalCMCTests" time="0.001"/>
  <testcase name="TestALotOfAdding" classname="LocalCMCTests" time="0.0"/>
  <testcase name="TestALotOfAdding" classname="LocalCMCTests" time="0.001"/>
  <testcase name="TestALotOfAdding" classname="LocalCMCTests" time="0.0"/>
  <testcase name="TestALotOfAdding" classname="LocalCMCTests" time="0.001"/>
  <testcase name="TestALotOfAdding" classname="LocalCMCTests" time="0.001"/>
  <testcase name="TestALotOfAdding" classname="LocalCMCTests" time="0.001"/>
  <testcase name="TestALotOfAdding" classname="LocalCMCTests" time="0.002"/>
  <testcase name="TestALotOfAdding" classname="LocalCMCTests" time="0.0"/>
  <testcase name="TestALotOfAdding" classname="LocalCMCTests" time="0.0"/>
  <testcase name="TestALotOfAdding" classname="LocalCMCTests" time="0.0"/>
  <testcase name="TestALotOfAdding" classname="LocalCMCTests" time="0.0"/>
  <testcase name="TestALotOfAdding" classname="LocalCMCTests" time="0.0"/>
  <testcase name="TestALotOfAdding" classname="LocalCMCTests" time="0.0"/>
  <testcase name="TestALotOfAdding" classname="LocalCMCTests" time="0.001"/>
  <testcase name="TestALotOfAdding" classname="LocalCMCTests" time="0.001"/>
  <testcase name="TestALotOfAdding" classname="LocalCMCTests" time="0.001"/>
  <testcase name="TestALotOfAdding" classname="LocalCMCTests" time="0.0"/>
  <testcase name="TestALotOfAdding" classname="LocalCMCTests" time="0.002"/>
  <testcase name="TestALotOfAdding" classname="LocalCMCTests" time="0.001"/>
  <testcase name="TestALotOfAdding" classname="LocalCMCTests" time="0.001"/>
  <testcase name="TestALotOfAdding" classname="LocalCMCTests" time="0.0"/>
  <testcase name="TestALotOfAdding" classname="LocalCMCTests" time="0.001"/>
  <testcase name="TestALotOfAdding" classname="LocalCMCTests" time="0.001"/>
  <testcase name="TestALotOfAdding" classname="LocalCMCTests" time="0.0"/>
  <testcase name="TestALotOfAdding" classname="LocalCMCTests" time="0.0"/>
  <testcase name="TestALotOfAdding" classname="LocalCMCTests" time="0.001"/>
  <testcase name="TestALotOfAdding" classname="LocalCMCTests" time="0.001"/>
  <testcase name="TestALotOfAdding" classname="LocalCMCTests" time="0.001"/>
  <testcase name="TestALotOfAdding" classname="LocalCMCTests" time="0.002"/>
  <testcase name="TestALotOfAdding" classname="LocalCMCTests" time="0.001"/>
  <testcase name="TestALotOfAdding" classname="LocalCMCTests" time="0.0"/>
  <testcase name="TestALotOfAdding" classname="LocalCMCTests" time="0.0"/>
  <testcase name="TestALotOfAdding" classname="LocalCMCTests" time="0.001"/>
  <testcase name="TestALotOfAdding" classname="LocalCMCTests" time="0.001"/>
  <testcase name="TestALotOfAdding" classname="LocalCMCTests" time="0.002"/>
  <testcase name="TestALotOfAdding" classname="LocalCMCTests" time="0.0"/>
  <testcase name="TestALotOfAdding" classname="LocalCMCTests" time="0.0"/>
  <testcase name="TestALotOfAdding" classname="LocalCMCTests" time="0.001"/>
  <testcase name="TestALotOfAdding" classname="LocalCMCTests" time="0.0"/>
  <testcase name="TestALotOfAdding" classname="LocalCMCTests" time="0.0"/>
  <testcase name="TestALotOfAdding" classname="LocalCMCTests" time="0.001"/>
  <testcase name="TestALotOfAdding" classname="LocalCMCTests" time="0.0"/>
  <testcase name="TestALotOfAdding" classname="LocalCMCTests" time="0.001"/>
  <testcase name="TestALotOfAdding" classname="LocalCMCTests" time="0.001"/>
  <testcase name="TestALotOfAdding" classname="LocalCMCTests" time="0.001"/>
  <testcase name="TestALotOfAdding" classname="LocalCMCTests" time="0.0"/>
  <testcase name="TestALotOfAdding" classname="LocalCMCTests" time="0.0"/>
  <testcase name="TestALotOfAdding" classname="LocalCMCTests" time="0.001"/>
  <testcase name="TestALotOfAdding" classname="LocalCMCTests" time="0.0"/>
  <testcase name="TestALotOfAdding" classname="LocalCMCTests" time="0.001"/>
  <testcase name="TestALotOfAdding" classname="LocalCMCTests" time="0.001"/>
  <testcase name="TestALotOfAdding" classname="LocalCMCTests" time="0.001"/>
  <testcase name="TestALotOfAdding" classname="LocalCMCTests" time="0.001"/>
  <testcase name="TestALotOfAdding" classname="LocalCMCTests" time="0.001"/>
  <testcase name="TestALotOfAdding" classname="LocalCMCTests" time="0.0"/>
  <testcase name="TestALotOfAdding" classname="LocalCMCTests" time="0.0"/>
  <testcase name="TestALotOfAdding" classname="LocalCMCTests" time="0.0"/>
  <testcase name="TestALotOfAdding" classname="LocalCMCTests" time="0.001"/>
  <testcase name="TestALotOfAdding" classname="LocalCMCTests" time="0.001"/>
  <testcase name="TestALotOfAdding" classname="LocalCMCTests" time="0.002"/>
  <testcase name="TestALotOfAdding" classname="LocalCMCTests" time="0.0"/>
  <testcase name="TestALotOfAdding" classname="LocalCMCTests" time="0.001"/>
  <testcase name="TestALotOfAdding" classname="LocalCMCTests" time="0.0"/>
  <testcase name="TestALotOfAdding" classname="LocalCMCTests" time="0.0"/>
  <testcase name="TestALotOfAdding" classname="LocalCMCTests" time="0.001"/>
  <testcase name="TestALotOfAdding" classname="LocalCMCTests" time="0.0"/>
  <testcase name="TestALotOfAdding" classname="LocalCMCTests" time="0.001"/>
  <testcase name="TestALotOfAdding" classname="LocalCMCTests" time="0.001"/>
  <testcase name="TestALotOfAdding" classname="LocalCMCTests" time="0.0"/>
  <testcase name="TestALotOfAdding" classname="LocalCMCTests" time="0.001"/>
  <testcase name="TestALotOfAdding" classname="LocalCMCTests" time="0.0"/>
  <testcase name="TestALotOfAdding" classname="LocalCMCTests" time="0.002"/>
  <testcase name="TestALotOfAdding" classname="LocalCMCTests" time="0.001"/>
  <testcase name="TestALotOfAdding" classname="LocalCMCTests" time="0.0"/>
  <testcase name="TestALotOfAdding" classname="LocalCMCTests" time="0.0"/>
  <testcase name="TestALotOfAdding" classname="LocalCMCTests" time="0.001"/>
  <testcase name="TestALotOfAdding" classname="LocalCMCTests" time="0.001"/>
  <testcase name="TestALotOfAdding" classname="LocalCMCTests" time="0.0"/>
  <testcase name="TestALotOfAdding" classname="LocalCMCTests" time="0.001"/>
  <testcase name="TestALotOfAdding" classname="LocalCMCTests" time="0.0"/>
  <testcase name="TestALotOfAdding" classname="LocalCMCTests" time="0.0"/>
  <testcase name="TestALotOfAdding" classname="LocalCMCTests" time="0.0"/>
  <testcase name="TestALotOfAdding" classname="LocalCMCTests" time="0.001"/>
  <testcase name="TestALotOfAdding" classname="LocalCMCTests" time="0.001"/>
  <testcase name="TestALotOfAdding" classname="LocalCMCTests" time="0.0"/>
  <testcase name="TestALotOfAdding" classname="LocalCMCTests" time="0.001"/>
  <testcase name="TestALotOfAdding" classname="LocalCMCTests" time="0.001"/>
  <testcase name="TestALotOfAdding" classname="LocalCMCTests" time="0.001"/>
  <testcase name="TestALotOfAdding" classname="LocalCMCTests" time="0.0"/>
  <testcase name="TestALotOfAdding" classname="LocalCMCTests" time="0.001"/>
  <testcase name="TestALotOfAdding" classname="LocalCMCTests" time="0.001"/>
  <testcase name="TestALotOfAdding" classname="LocalCMCTests" time="0.0"/>
  <testcase name="TestALotOfAdding" classname="LocalCMCTests" time="0.001"/>
  <testcase name="TestALotOfAdding" classname="LocalCMCTests" time="0.002"/>
  <testcase name="TestALotOfAdding" classname="LocalCMCTests" time="0.0"/>
  <testcase name="TestALotOfAdding" classname="LocalCMCTests" time="0.0"/>
  <testcase name="TestALotOfAdding" classname="LocalCMCTests" time="0.0"/>
  <testcase name="TestALotOfAdding" classname="LocalCMCTests" time="0.0"/>
  <testcase name="TestALotOfAdding" classname="LocalCMCTests" time="0.001"/>
  <testcase name="TestALotOfAdding" classname="LocalCMCTests" time="0.0"/>
  <testcase name="TestALotOfAdding" classname="LocalCMCTests" time="0.001"/>
  <testcase name="TestALotOfAdding" classname="LocalCMCTests" time="0.003"/>
  <testcase name="TestALotOfAdding" classname="LocalCMCTests" time="0.002"/>
  <testcase name="TestALotOfAdding" classname="LocalCMCTests" time="0.0"/>
  <testcase name="TestALotOfAdding" classname="LocalCMCTests" time="0.0"/>
  <testcase name="TestALotOfAdding" classname="LocalCMCTests" time="0.0"/>
  <testcase name="TestALotOfAdding" classname="LocalCMCTests" time="0.001"/>
  <testcase name="TestALotOfAdding" classname="LocalCMCTests" time="0.001"/>
  <testcase name="TestALotOfAdding" classname="LocalCMCTests" time="0.001"/>
  <testcase name="TestALotOfAdding" classname="LocalCMCTests" time="0.0"/>
  <testcase name="TestALotOfAdding" classname="LocalCMCTests" time="0.001"/>
  <testcase name="TestALotOfAdding" classname="LocalCMCTests" time="0.001"/>
  <testcase name="TestALotOfAdding" classname="LocalCMCTests" time="0.0"/>
  <testcase name="TestALotOfAdding" classname="LocalCMCTests" time="0.0"/>
  <testcase name="TestALotOfAdding" classname="LocalCMCTests" time="0.0"/>
  <testcase name="TestALotOfAdding" classname="LocalCMCTests" time="0.001"/>
  <testcase name="TestALotOfAdding" classname="LocalCMCTests" time="0.001"/>
  <testcase name="TestALotOfAdding" classname="LocalCMCTests" time="0.001"/>
  <testcase name="TestALotOfAdding" classname="LocalCMCTests" time="0.001"/>
  <testcase name="TestALotOfAdding" classname="LocalCMCTests" time="0.002"/>
  <testcase name="TestALotOfAdding" classname="LocalCMCTests" time="0.001"/>
  <testcase name="TestALotOfAdding" classname="LocalCMCTests" time="0.0"/>
  <testcase name="TestALotOfAdding" classname="LocalCMCTests" time="0.001"/>
  <testcase name="TestALotOfAdding" classname="LocalCMCTests" time="0.0"/>
  <testcase name="TestALotOfAdding" classname="LocalCMCTests" time="0.001"/>
  <testcase name="TestALotOfAdding" classname="LocalCMCTests" time="0.0"/>
  <testcase name="TestALotOfAdding" classname="LocalCMCTests" time="0.0"/>
  <testcase name="TestALotOfAdding" classname="LocalCMCTests" time="0.001"/>
  <testcase name="TestALotOfAdding" classname="LocalCMCTests" time="0.001"/>
  <testcase name="TestALotOfAdding" classname="LocalCMCTests" time="0.002"/>
  <testcase name="TestALotOfAdding" classname="LocalCMCTests" time="0.001"/>
  <testcase name="TestALotOfAdding" classname="LocalCMCTests" time="0.001"/>
  <testcase name="TestALotOfAdding" classname="LocalCMCTests" time="0.001"/>
  <testcase name="TestALotOfAdding" classname="LocalCMCTests" time="0.0"/>
  <testcase name="TestALotOfAdding" classname="LocalCMCTests" time="0.001"/>
  <testcase name="TestALotOfAdding" classname="LocalCMCTests" time="0.001"/>
  <testcase name="TestALotOfAdding" classname="LocalCMCTests" time="0.0"/>
  <testcase name="TestALotOfAdding" classname="LocalCMCTests" time="0.001"/>
  <testcase name="TestALotOfAdding" classname="LocalCMCTests" time="0.001"/>
  <testcase name="TestALotOfAdding" classname="LocalCMCTests" time="0.0"/>
  <testcase name="TestALotOfAdding" classname="LocalCMCTests" time="0.0"/>
  <testcase name="TestALotOfAdding" classname="LocalCMCTests" time="0.0"/>
  <testcase name="TestALotOfAdding" classname="LocalCMCTests" time="0.0"/>
  <testcase name="TestALotOfAdding" classname="LocalCMCTests" time="0.0"/>
  <testcase name="TestALotOfAdding" classname="LocalCMCTests" time="0.001"/>
  <testcase name="TestALotOfAdding" classname="LocalCMCTests" time="0.001"/>
  <testcase name="TestALotOfAdding" classname="LocalCMCTests" time="0.001"/>
  <testcase name="TestALotOfAdding" classname="LocalCMCTests" time="0.0"/>
  <testcase name="TestALotOfAdding" classname="LocalCMCTests" time="0.0"/>
  <testcase name="TestALotOfAdding" classname="LocalCMCTests" time="0.001"/>
  <testcase name="TestALotOfAdding" classname="LocalCMCTests" time="0.001"/>
  <testcase name="TestALotOfAdding" classname="LocalCMCTests" time="0.0"/>
  <testcase name="TestALotOfAdding" classname="LocalCMCTests" time="0.001"/>
  <testcase name="TestALotOfAdding" classname="LocalCMCTests" time="0.001"/>
  <testcase name="TestALotOfAdding" classname="LocalCMCTests" time="0.0"/>
  <testcase name="TestALotOfAdding" classname="LocalCMCTests" time="0.0"/>
  <testcase name="TestALotOfAdding" classname="LocalCMCTests" time="0.0"/>
  <testcase name="TestALotOfAdding" classname="LocalCMCTests" time="0.0"/>
  <testcase name="TestALotOfAdding" classname="LocalCMCTests" time="0.0"/>
  <testcase name="TestALotOfAdding" classname="LocalCMCTests" time="0.001"/>
  <testcase name="TestALotOfAdding" classname="LocalCMCTests" time="0.0"/>
  <testcase name="TestALotOfAdding" classname="LocalCMCTests" time="0.002"/>
  <testcase name="TestALotOfAdding" classname="LocalCMCTests" time="0.0"/>
  <testcase name="TestALotOfAdding" classname="LocalCMCTests" time="0.0"/>
  <testcase name="TestALotOfAdding" classname="LocalCMCTests" time="0.002"/>
  <testcase name="TestALotOfAdding" classname="LocalCMCTests" time="0.002"/>
  <testcase name="TestALotOfAdding" classname="LocalCMCTests" time="0.001"/>
  <testcase name="TestALotOfAdding" classname="LocalCMCTests" time="0.001"/>
  <testcase name="TestALotOfAdding" classname="LocalCMCTests" time="0.0"/>
  <testcase name="TestALotOfAdding" classname="LocalCMCTests" time="0.001"/>
  <testcase name="TestALotOfAdding" classname="LocalCMCTests" time="0.001"/>
  <testcase name="TestALotOfAdding" classname="LocalCMCTests" time="0.002"/>
  <testcase name="TestALotOfAdding" classname="LocalCMCTests" time="0.001"/>
  <testcase name="TestALotOfAdding" classname="LocalCMCTests" time="0.0"/>
  <testcase name="TestALotOfAdding" classname="LocalCMCTests" time="0.001"/>
  <testcase name="TestALotOfAdding" classname="LocalCMCTests" time="0.001"/>
  <testcase name="TestALotOfAdding" classname="LocalCMCTests" time="0.001"/>
  <testcase name="TestALotOfAdding" classname="LocalCMCTests" time="0.001"/>
  <testcase name="TestALotOfAdding" classname="LocalCMCTests" time="0.001"/>
  <testcase name="TestALotOfAdding" classname="LocalCMCTests" time="0.001"/>
  <testcase name="TestALotOfAdding" classname="LocalCMCTests" time="0.001"/>
  <testcase name="TestALotOfAdding" classname="LocalCMCTests" time="0.001"/>
  <testcase name="TestALotOfAdding" classname="LocalCMCTests" time="0.0"/>
  <testcase name="TestALotOfAdding" classname="LocalCMCTests" time="0.0"/>
  <testcase name="TestALotOfAdding" classname="LocalCMCTests" time="0.0"/>
  <testcase name="TestALotOfAdding" classname="LocalCMCTests" time="0.0"/>
  <testcase name="TestALotOfAdding" classname="LocalCMCTests" time="0.0"/>
  <testcase name="TestALotOfAdding" classname="LocalCMCTests" time="0.0"/>
  <testcase name="TestALotOfAdding" classname="LocalCMCTests" time="0.0"/>
  <testcase name="TestALotOfAdding" classname="LocalCMCTests" time="0.0"/>
  <testcase name="TestALotOfAdding" classname="LocalCMCTests" time="0.001"/>
  <testcase name="TestALotOfAdding" classname="LocalCMCTests" time="0.001"/>
  <testcase name="TestALotOfAdding" classname="LocalCMCTests" time="0.002"/>
  <testcase name="TestALotOfAdding" classname="LocalCMCTests" time="0.0"/>
  <testcase name="TestALotOfAdding" classname="LocalCMCTests" time="0.001"/>
  <testcase name="TestALotOfAdding" classname="LocalCMCTests" time="0.0"/>
  <testcase name="TestALotOfAdding" classname="LocalCMCTests" time="0.0"/>
  <testcase name="TestALotOfAdding" classname="LocalCMCTests" time="0.001"/>
  <testcase name="TestALotOfAdding" classname="LocalCMCTests" time="0.001"/>
  <testcase name="TestALotOfAdding" classname="LocalCMCTests" time="0.0"/>
  <testcase name="TestALotOfAdding" classname="LocalCMCTests" time="0.001"/>
  <testcase name="TestALotOfAdding" classname="LocalCMCTests" time="0.0"/>
  <testcase name="TestALotOfAdding" classname="LocalCMCTests" time="0.001"/>
  <testcase name="TestALotOfAdding" classname="LocalCMCTests" time="0.0"/>
  <testcase name="TestALotOfAdding" classname="LocalCMCTests" time="0.001"/>
  <testcase name="TestALotOfAdding" classname="LocalCMCTests" time="0.001"/>
  <testcase name="TestALotOfAdding" classname="LocalCMCTests" time="0.002"/>
  <testcase name="TestALotOfAdding" classname="LocalCMCTests" time="0.001"/>
  <testcase name="TestALotOfAdding" classname="LocalCMCTests" time="0.001"/>
  <testcase name="TestALotOfAdding" classname="LocalCMCTests" time="0.003"/>
  <testcase name="TestALotOfAdding" classname="LocalCMCTests" time="0.0"/>
  <testcase name="TestALotOfAdding" classname="LocalCMCTests" time="0.0"/>
  <testcase name="TestALotOfAdding" classname="LocalCMCTests" time="0.0"/>
  <testcase name="TestALotOfAdding" classname="LocalCMCTests" time="0.001"/>
  <testcase name="TestALotOfAdding" classname="LocalCMCTests" time="0.0"/>
  <testcase name="TestALotOfAdding" classname="LocalCMCTests" time="0.001"/>
  <testcase name="TestALotOfAdding" classname="LocalCMCTests" time="0.001"/>
  <testcase name="TestALotOfAdding" classname="LocalCMCTests" time="0.001"/>
  <testcase name="TestALotOfAdding" classname="LocalCMCTests" time="0.0"/>
  <testcase name="TestALotOfAdding" classname="LocalCMCTests" time="0.0"/>
  <testcase name="TestALotOfAdding" classname="LocalCMCTests" time="0.001"/>
  <testcase name="TestALotOfAdding" classname="LocalCMCTests" time="0.0"/>
  <testcase name="TestALotOfAdding" classname="LocalCMCTests" time="0.001"/>
  <testcase name="TestALotOfAdding" classname="LocalCMCTests" time="0.001"/>
  <testcase name="TestALotOfAdding" classname="LocalCMCTests" time="0.001"/>
  <testcase name="TestALotOfAdding" classname="LocalCMCTests" time="0.001"/>
  <testcase name="TestALotOfAdding" classname="LocalCMCTests" time="0.0"/>
  <testcase name="TestALotOfAdding" classname="LocalCMCTests" time="0.001"/>
  <testcase name="TestALotOfAdding" classname="LocalCMCTests" time="0.0"/>
  <testcase name="TestALotOfAdding" classname="LocalCMCTests" time="0.001"/>
  <testcase name="TestALotOfAdding" classname="LocalCMCTests" time="0.0"/>
  <testcase name="TestALotOfAdding" classname="LocalCMCTests" time="0.0"/>
  <testcase name="TestALotOfAdding" classname="LocalCMCTests" time="0.0"/>
  <testcase name="TestALotOfAdding" classname="LocalCMCTests" time="0.001"/>
  <testcase name="TestALotOfAdding" classname="LocalCMCTests" time="0.0"/>
  <testcase name="TestALotOfAdding" classname="LocalCMCTests" time="0.001"/>
  <testcase name="TestALotOfAdding" classname="LocalCMCTests" time="0.001"/>
  <testcase name="TestALotOfAdding" classname="LocalCMCTests" time="0.001"/>
  <testcase name="TestALotOfAdding" classname="LocalCMCTests" time="0.001"/>
  <testcase name="TestALotOfAdding" classname="LocalCMCTests" time="0.0"/>
  <testcase name="TestALotOfAdding" classname="LocalCMCTests" time="0.0"/>
  <testcase name="TestALotOfAdding" classname="LocalCMCTests" time="0.0"/>
  <testcase name="TestALotOfAdding" classname="LocalCMCTests" time="0.001"/>
  <testcase name="TestALotOfAdding" classname="LocalCMCTests" time="0.002"/>
  <testcase name="TestALotOfAdding" classname="LocalCMCTests" time="0.0"/>
  <testcase name="TestALotOfAdding" classname="LocalCMCTests" time="0.002"/>
  <testcase name="TestALotOfAdding" classname="LocalCMCTests" time="0.001"/>
  <testcase name="TestALotOfAdding" classname="LocalCMCTests" time="0.001"/>
  <testcase name="TestALotOfAdding" classname="LocalCMCTests" time="0.0"/>
  <testcase name="TestALotOfAdding" classname="LocalCMCTests" time="0.0"/>
  <testcase name="TestALotOfAdding" classname="LocalCMCTests" time="0.001"/>
  <testcase name="TestALotOfAdding" classname="LocalCMCTests" time="0.001"/>
  <testcase name="TestALotOfAdding" classname="LocalCMCTests" time="0.002"/>
  <testcase name="TestALotOfAdding" classname="LocalCMCTests" time="0.001"/>
  <testcase name="TestALotOfAdding" classname="LocalCMCTests" time="0.0"/>
  <testcase name="TestALotOfAdding" classname="LocalCMCTests" time="0.0"/>
  <testcase name="TestALotOfAdding" classname="LocalCMCTests" time="0.001"/>
  <testcase name="TestALotOfAdding" classname="LocalCMCTests" time="0.0"/>
  <testcase name="TestALotOfAdding" classname="LocalCMCTests" time="0.001"/>
  <testcase name="TestALotOfAdding" classname="LocalCMCTests" time="0.001"/>
  <testcase name="TestALotOfAdding" classname="LocalCMCTests" time="0.001"/>
  <testcase name="TestALotOfAdding" classname="LocalCMCTests" time="0.001"/>
  <testcase name="TestALotOfAdding" classname="LocalCMCTests" time="0.0"/>
  <testcase name="TestALotOfAdding" classname="LocalCMCTests" time="0.0"/>
  <testcase name="TestALotOfAdding" classname="LocalCMCTests" time="0.0"/>
  <testcase name="TestALotOfAdding" classname="LocalCMCTests" time="0.0"/>
  <testcase name="TestALotOfAdding" classname="LocalCMCTests" time="0.0"/>
  <testcase name="TestALotOfAdding" classname="LocalCMCTests" time="0.001"/>
  <testcase name="TestALotOfAdding" classname="LocalCMCTests" time="0.001"/>
  <testcase name="TestALotOfAdding" classname="LocalCMCTests" time="0.001"/>
  <testcase name="TestALotOfAdding" classname="LocalCMCTests" time="0.0"/>
  <testcase name="TestALotOfAdding" classname="LocalCMCTests" time="0.001"/>
  <testcase name="TestALotOfAdding" classname="LocalCMCTests" time="0.001"/>
  <testcase name="TestALotOfAdding" classname="LocalCMCTests" time="0.0"/>
  <testcase name="TestALotOfAdding" classname="LocalCMCTests" time="0.001"/>
  <testcase name="TestALotOfAdding" classname="LocalCMCTests" time="0.0"/>
  <testcase name="TestALotOfAdding" classname="LocalCMCTests" time="0.001"/>
  <testcase name="TestALotOfAdding" classname="LocalCMCTests" time="0.001"/>
  <testcase name="TestALotOfAdding" classname="LocalCMCTests" time="0.0"/>
  <testcase name="TestALotOfAdding" classname="LocalCMCTests" time="0.0"/>
  <testcase name="TestALotOfAdding" classname="LocalCMCTests" time="0.0"/>
  <testcase name="TestALotOfAdding" classname="LocalCMCTests" time="0.0"/>
  <testcase name="TestALotOfAdding" classname="LocalCMCTests" time="0.0"/>
  <testcase name="TestALotOfAdding" classname="LocalCMCTests" time="0.0"/>
  <testcase name="TestALotOfAdding" classname="LocalCMCTests" time="0.001"/>
  <testcase name="TestALotOfAdding" classname="LocalCMCTests" time="0.001"/>
  <testcase name="TestALotOfAdding" classname="LocalCMCTests" time="0.001"/>
  <testcase name="TestALotOfAdding" classname="LocalCMCTests" time="0.0"/>
  <testcase name="TestALotOfAdding" classname="LocalCMCTests" time="0.001"/>
  <testcase name="TestALotOfAdding" classname="LocalCMCTests" time="0.001"/>
  <testcase name="TestALotOfAdding" classname="LocalCMCTests" time="0.001"/>
  <testcase name="TestALotOfAdding" classname="LocalCMCTests" time="0.001"/>
  <testcase name="TestALotOfAdding" classname="LocalCMCTests" time="0.001"/>
  <testcase name="TestALotOfAdding" classname="LocalCMCTests" time="0.001"/>
  <testcase name="TestALotOfAdding" classname="LocalCMCTests" time="0.001"/>
  <testcase name="TestALotOfAdding" classname="LocalCMCTests" time="0.0"/>
  <testcase name="TestALotOfAdding" classname="LocalCMCTests" time="0.0"/>
  <testcase name="TestALotOfAdding" classname="LocalCMCTests" time="0.0"/>
  <testcase name="TestALotOfAdding" classname="LocalCMCTests" time="0.0"/>
  <testcase name="TestALotOfAdding" classname="LocalCMCTests" time="0.0"/>
  <testcase name="TestALotOfAdding" classname="LocalCMCTests" time="0.001"/>
  <testcase name="TestALotOfAdding" classname="LocalCMCTests" time="0.0"/>
  <testcase name="TestALotOfAdding" classname="LocalCMCTests" time="0.001"/>
  <testcase name="TestALotOfAdding" classname="LocalCMCTests" time="0.001"/>
  <testcase name="TestALotOfAdding" classname="LocalCMCTests" time="0.001"/>
  <testcase name="TestALotOfAdding" classname="LocalCMCTests" time="0.0"/>
  <testcase name="TestALotOfAdding" classname="LocalCMCTests" time="0.001"/>
  <testcase name="TestALotOfAdding" classname="LocalCMCTests" time="0.001"/>
  <testcase name="TestALotOfAdding" classname="LocalCMCTests" time="0.001"/>
  <testcase name="TestALotOfAdding" classname="LocalCMCTests" time="0.001"/>
  <testcase name="TestALotOfAdding" classname="LocalCMCTests" time="0.001"/>
  <testcase name="TestALotOfAdding" classname="LocalCMCTests" time="0.0"/>
  <testcase name="TestALotOfAdding" classname="LocalCMCTests" time="0.001"/>
  <testcase name="TestALotOfAdding" classname="LocalCMCTests" time="0.0"/>
  <testcase name="TestALotOfAdding" classname="LocalCMCTests" time="0.0"/>
  <testcase name="TestALotOfAdding" classname="LocalCMCTests" time="0.0"/>
  <testcase name="TestALotOfAdding" classname="LocalCMCTests" time="0.0"/>
  <testcase name="TestALotOfAdding" classname="LocalCMCTests" time="0.001"/>
  <testcase name="TestALotOfAdding" classname="LocalCMCTests" time="0.001"/>
  <testcase name="TestALotOfAdding" classname="LocalCMCTests" time="0.001"/>
  <testcase name="TestALotOfAdding" classname="LocalCMCTests" time="0.0"/>
  <testcase name="TestALotOfAdding" classname="LocalCMCTests" time="0.001"/>
  <testcase name="TestALotOfAdding" classname="LocalCMCTests" time="0.001"/>
  <testcase name="TestALotOfAdding" classname="LocalCMCTests" time="0.001"/>
  <testcase name="TestALotOfAdding" classname="LocalCMCTests" time="0.001"/>
  <testcase name="TestALotOfAdding" classname="LocalCMCTests" time="0.001"/>
  <testcase name="TestALotOfAdding" classname="LocalCMCTests" time="0.0"/>
  <testcase name="TestALotOfAdding" classname="LocalCMCTests" time="0.0"/>
  <testcase name="TestALotOfAdding" classname="LocalCMCTests" time="0.0"/>
  <testcase name="TestALotOfAdding" classname="LocalCMCTests" time="0.0"/>
  <testcase name="TestALotOfAdding" classname="LocalCMCTests" time="0.0"/>
  <testcase name="TestALotOfAdding" classname="LocalCMCTests" time="0.001"/>
  <testcase name="TestALotOfAdding" classname="LocalCMCTests" time="0.0"/>
  <testcase name="TestALotOfAdding" classname="LocalCMCTests" time="0.001"/>
  <testcase name="TestALotOfAdding" classname="LocalCMCTests" time="0.001"/>
  <testcase name="TestALotOfAdding" classname="LocalCMCTests" time="0.001"/>
  <testcase name="TestALotOfAdding" classname="LocalCMCTests" time="0.0"/>
  <testcase name="TestALotOfAdding" classname="LocalCMCTests" time="0.002"/>
  <testcase name="TestALotOfAdding" classname="LocalCMCTests" time="0.0"/>
  <testcase name="TestALotOfAdding" classname="LocalCMCTests" time="0.001"/>
  <testcase name="TestALotOfAdding" classname="LocalCMCTests" time="0.0"/>
  <testcase name="TestALotOfAdding" classname="LocalCMCTests" time="0.001"/>
  <testcase name="TestALotOfAdding" classname="LocalCMCTests" time="0.001"/>
  <testcase name="TestALotOfAdding" classname="LocalCMCTests" time="0.001"/>
  <testcase name="TestALotOfAdding" classname="LocalCMCTests" time="0.0"/>
  <testcase name="TestALotOfAdding" classname="LocalCMCTests" time="0.0"/>
  <testcase name="TestALotOfAdding" classname="LocalCMCTests" time="0.002"/>
  <testcase name="TestALotOfAdding" classname="LocalCMCTests" time="0.002"/>
  <testcase name="TestALotOfAdding" classname="LocalCMCTests" time="0.001"/>
  <testcase name="TestALotOfAdding" classname="LocalCMCTests" time="0.0"/>
  <testcase name="TestALotOfAdding" classname="LocalCMCTests" time="0.0"/>
  <testcase name="TestALotOfAdding" classname="LocalCMCTests" time="0.001"/>
  <testcase name="TestALotOfAdding" classname="LocalCMCTests" time="0.0"/>
  <testcase name="TestALotOfAdding" classname="LocalCMCTests" time="0.001"/>
  <testcase name="TestALotOfAdding" classname="LocalCMCTests" time="0.001"/>
  <testcase name="TestALotOfAdding" classname="LocalCMCTests" time="0.0"/>
  <testcase name="TestALotOfAdding" classname="LocalCMCTests" time="0.001"/>
  <testcase name="TestALotOfAdding" classname="LocalCMCTests" time="0.001"/>
  <testcase name="TestALotOfAdding" classname="LocalCMCTests" time="0.0"/>
  <testcase name="TestALotOfAdding" classname="LocalCMCTests" time="0.0"/>
  <testcase name="TestALotOfAdding" classname="LocalCMCTests" time="0.0"/>
  <testcase name="TestALotOfAdding" classname="LocalCMCTests" time="0.0"/>
  <testcase name="TestALotOfAdding" classname="LocalCMCTests" time="0.001"/>
  <testcase name="TestALotOfAdding" classname="LocalCMCTests" time="0.001"/>
  <testcase name="TestALotOfAdding" classname="LocalCMCTests" time="0.0"/>
  <testcase name="TestALotOfAdding" classname="LocalCMCTests" time="0.0"/>
  <testcase name="TestALotOfAdding" classname="LocalCMCTests" time="0.0"/>
  <testcase name="TestALotOfAdding" classname="LocalCMCTests" time="0.002"/>
  <testcase name="TestALotOfAdding" classname="LocalCMCTests" time="0.001"/>
  <testcase name="TestALotOfAdding" classname="LocalCMCTests" time="0.001"/>
  <testcase name="TestALotOfAdding" classname="LocalCMCTests" time="0.001"/>
  <testcase name="TestALotOfAdding" classname="LocalCMCTests" time="0.001"/>
  <testcase name="TestALotOfAdding" classname="LocalCMCTests" time="0.001"/>
  <testcase name="TestALotOfAdding" classname="LocalCMCTests" time="0.0"/>
  <testcase name="TestALotOfAdding" classname="LocalCMCTests" time="0.0"/>
  <testcase name="TestALotOfAdding" classname="LocalCMCTests" time="0.0"/>
  <testcase name="TestALotOfAdding" classname="LocalCMCTests" time="0.0"/>
  <testcase name="TestALotOfAdding" classname="LocalCMCTests" time="0.0"/>
  <testcase name="TestALotOfAdding" classname="LocalCMCTests" time="0.001"/>
  <testcase name="TestALotOfAdding" classname="LocalCMCTests" time="0.002"/>
  <testcase name="TestALotOfAdding" classname="LocalCMCTests" time="0.001"/>
  <testcase name="TestALotOfAdding" classname="LocalCMCTests" time="0.001"/>
  <testcase name="TestALotOfAdding" classname="LocalCMCTests" time="0.001"/>
  <testcase name="TestALotOfAdding" classname="LocalCMCTests" time="0.0"/>
  <testcase name="TestALotOfAdding" classname="LocalCMCTests" time="0.0"/>
  <testcase name="TestALotOfAdding" classname="LocalCMCTests" time="0.0"/>
  <testcase name="TestALotOfAdding" classname="LocalCMCTests" time="0.0"/>
  <testcase name="TestALotOfAdding" classname="LocalCMCTests" time="0.0"/>
  <testcase name="TestALotOfAdding" classname="LocalCMCTests" time="0.001"/>
  <testcase name="TestALotOfAdding" classname="LocalCMCTests" time="0.001"/>
  <testcase name="TestALotOfAdding" classname="LocalCMCTests" time="0.001"/>
  <testcase name="TestALotOfAdding" classname="LocalCMCTests" time="0.0"/>
  <testcase name="TestALotOfAdding" classname="LocalCMCTests" time="0.003"/>
  <testcase name="TestALotOfAdding" classname="LocalCMCTests" time="0.0"/>
  <testcase name="TestALotOfAdding" classname="LocalCMCTests" time="0.0"/>
  <testcase name="TestALotOfAdding" classname="LocalCMCTests" time="0.001"/>
  <testcase name="TestALotOfAdding" classname="LocalCMCTests" time="0.001"/>
  <testcase name="TestALotOfAdding" classname="LocalCMCTests" time="0.001"/>
  <testcase name="TestALotOfAdding" classname="LocalCMCTests" time="0.001"/>
  <testcase name="TestALotOfAdding" classname="LocalCMCTests" time="0.008"/>
  <testcase name="TestALotOfAdding" classname="LocalCMCTests" time="0.008"/>
  <testcase name="TestALotOfAdding" classname="LocalCMCTests" time="0.009"/>
  <testcase name="TestALotOfAdding" classname="LocalCMCTests" time="0.009"/>
  <testcase name="TestALotOfAdding" classname="LocalCMCTests" time="0.009"/>
  <testcase name="TestALotOfAdding" classname="LocalCMCTests" time="0.009"/>
  <testcase name="TestALotOfAdding" classname="LocalCMCTests" time="0.0"/>
  <testcase name="TestALotOfAdding" classname="LocalCMCTests" time="0.001"/>
  <testcase name="TestALotOfAdding" classname="LocalCMCTests" time="0.001"/>
  <testcase name="TestALotOfAdding" classname="LocalCMCTests" time="0.009"/>
  <testcase name="TestALotOfAdding" classname="LocalCMCTests" time="0.009"/>
  <testcase name="TestALotOfAdding" classname="LocalCMCTests" time="0.0"/>
  <testcase name="TestALotOfAdding" classname="LocalCMCTests" time="0.0"/>
  <testcase name="TestALotOfAdding" classname="LocalCMCTests" time="0.0"/>
  <testcase name="TestALotOfAdding" classname="LocalCMCTests" time="0.01"/>
  <testcase name="TestALotOfAdding" classname="LocalCMCTests" time="0.0"/>
  <testcase name="TestALotOfAdding" classname="LocalCMCTests" time="0.0"/>
  <testcase name="TestALotOfAdding" classname="LocalCMCTests" time="0.001"/>
  <testcase name="TestALotOfAdding" classname="LocalCMCTests" time="0.0"/>
  <testcase name="TestALotOfAdding" classname="LocalCMCTests" time="0.001"/>
  <testcase name="TestALotOfAdding" classname="LocalCMCTests" time="0.001"/>
  <testcase name="TestALotOfAdding" classname="LocalCMCTests" time="0.002"/>
  <testcase name="TestALotOfAdding" classname="LocalCMCTests" time="0.002"/>
  <testcase name="TestALotOfAdding" classname="LocalCMCTests" time="0.0"/>
  <testcase name="TestALotOfAdding" classname="LocalCMCTests" time="0.001"/>
  <testcase name="TestALotOfAdding" classname="LocalCMCTests" time="0.001"/>
  <testcase name="TestALotOfAdding" classname="LocalCMCTests" time="0.01"/>
  <testcase name="TestALotOfAdding" classname="LocalCMCTests" time="0.001"/>
  <testcase name="TestALotOfAdding" classname="LocalCMCTests" time="0.001"/>
  <testcase name="TestALotOfAdding" classname="LocalCMCTests" time="0.0"/>
  <testcase name="TestALotOfAdding" classname="LocalCMCTests" time="0.0"/>
  <testcase name="TestALotOfAdding" classname="LocalCMCTests" time="0.001"/>
  <testcase name="TestALotOfAdding" classname="LocalCMCTests" time="0.0"/>
  <testcase name="TestALotOfAdding" classname="LocalCMCTests" time="0.001"/>
  <testcase name="TestALotOfAdding" classname="LocalCMCTests" time="0.0"/>
  <testcase name="TestALotOfAdding" classname="LocalCMCTests" time="0.0"/>
  <testcase name="TestALotOfAdding" classname="LocalCMCTests" time="0.0"/>
  <testcase name="TestALotOfAdding" classname="LocalCMCTests" time="0.0"/>
  <testcase name="TestALotOfAdding" classname="LocalCMCTests" time="0.0"/>
  <testcase name="TestALotOfAdding" classname="LocalCMCTests" time="0.0"/>
  <testcase name="TestALotOfAdding" classname="LocalCMCTests" time="0.001"/>
  <testcase name="TestALotOfAdding" classname="LocalCMCTests" time="0.0"/>
  <testcase name="TestALotOfAdding" classname="LocalCMCTests" time="0.0"/>
  <testcase name="TestALotOfAdding" classname="LocalCMCTests" time="0.001"/>
  <testcase name="TestALotOfAdding" classname="LocalCMCTests" time="0.0"/>
  <testcase name="TestALotOfAdding" classname="LocalCMCTests" time="0.001"/>
  <testcase name="TestALotOfAdding" classname="LocalCMCTests" time="0.001"/>
  <testcase name="TestALotOfAdding" classname="LocalCMCTests" time="0.001"/>
  <testcase name="TestALotOfAdding" classname="LocalCMCTests" time="0.0"/>
  <testcase name="TestALotOfAdding" classname="LocalCMCTests" time="0.001"/>
  <testcase name="TestALotOfAdding" classname="LocalCMCTests" time="0.001"/>
  <testcase name="TestALotOfAdding" classname="LocalCMCTests" time="0.002"/>
  <testcase name="TestALotOfAdding" classname="LocalCMCTests" time="0.0"/>
  <testcase name="TestALotOfAdding" classname="LocalCMCTests" time="0.002"/>
  <testcase name="TestALotOfAdding" classname="LocalCMCTests" time="0.002"/>
  <testcase name="TestALotOfAdding" classname="LocalCMCTests" time="0.001"/>
  <testcase name="TestALotOfAdding" classname="LocalCMCTests" time="0.0"/>
  <testcase name="TestALotOfAdding" classname="LocalCMCTests" time="0.0"/>
  <testcase name="TestALotOfAdding" classname="LocalCMCTests" time="0.001"/>
  <testcase name="TestALotOfAdding" classname="LocalCMCTests" time="0.0"/>
  <testcase name="TestALotOfAdding" classname="LocalCMCTests" time="0.001"/>
  <testcase name="TestALotOfAdding" classname="LocalCMCTests" time="0.001"/>
  <testcase name="TestALotOfAdding" classname="LocalCMCTests" time="0.001"/>
  <testcase name="TestALotOfAdding" classname="LocalCMCTests" time="0.002"/>
  <testcase name="TestALotOfAdding" classname="LocalCMCTests" time="0.001"/>
  <testcase name="TestALotOfAdding" classname="LocalCMCTests" time="0.001"/>
  <testcase name="TestALotOfAdding" classname="LocalCMCTests" time="0.001"/>
  <testcase name="TestALotOfAdding" classname="LocalCMCTests" time="0.0"/>
  <testcase name="TestALotOfAdding" classname="LocalCMCTests" time="0.001"/>
  <testcase name="TestALotOfAdding" classname="LocalCMCTests" time="0.001"/>
  <testcase name="TestALotOfAdding" classname="LocalCMCTests" time="0.001"/>
  <testcase name="TestALotOfAdding" classname="LocalCMCTests" time="0.001"/>
  <testcase name="TestALotOfAdding" classname="LocalCMCTests" time="0.0"/>
  <testcase name="TestALotOfAdding" classname="LocalCMCTests" time="0.0"/>
  <testcase name="TestALotOfAdding" classname="LocalCMCTests" time="0.001"/>
  <testcase name="TestALotOfAdding" classname="LocalCMCTests" time="0.001"/>
  <testcase name="TestALotOfAdding" classname="LocalCMCTests" time="0.001"/>
  <testcase name="TestALotOfAdding" classname="LocalCMCTests" time="0.0"/>
  <testcase name="TestALotOfAdding" classname="LocalCMCTests" time="0.001"/>
  <testcase name="TestALotOfAdding" classname="LocalCMCTests" time="0.0"/>
  <testcase name="TestALotOfAdding" classname="LocalCMCTests" time="0.001"/>
  <testcase name="TestALotOfAdding" classname="LocalCMCTests" time="0.001"/>
  <testcase name="TestALotOfAdding" classname="LocalCMCTests" time="0.001"/>
  <testcase name="TestALotOfAdding" classname="LocalCMCTests" time="0.0"/>
  <testcase name="TestALotOfAdding" classname="LocalCMCTests" time="0.001"/>
  <testcase name="TestALotOfAdding" classname="LocalCMCTests" time="0.002"/>
  <testcase name="TestALotOfAdding" classname="LocalCMCTests" time="0.0"/>
  <testcase name="TestALotOfAdding" classname="LocalCMCTests" time="0.001"/>
  <testcase name="TestALotOfAdding" classname="LocalCMCTests" time="0.0"/>
  <testcase name="TestALotOfAdding" classname="LocalCMCTests" time="0.0"/>
  <testcase name="TestALotOfAdding" classname="LocalCMCTests" time="0.001"/>
  <testcase name="TestALotOfAdding" classname="LocalCMCTests" time="0.001"/>
  <testcase name="TestALotOfAdding" classname="LocalCMCTests" time="0.0"/>
  <testcase name="TestALotOfAdding" classname="LocalCMCTests" time="0.001"/>
  <testcase name="TestALotOfAdding" classname="LocalCMCTests" time="0.001"/>
  <testcase name="TestALotOfAdding" classname="LocalCMCTests" time="0.0"/>
  <testcase name="TestALotOfAdding" classname="LocalCMCTests" time="0.001"/>
  <testcase name="TestALotOfAdding" classname="LocalCMCTests" time="0.001"/>
  <testcase name="TestALotOfAdding" classname="LocalCMCTests" time="0.001"/>
  <testcase name="TestALotOfAdding" classname="LocalCMCTests" time="0.001"/>
  <testcase name="TestALotOfAdding" classname="LocalCMCTests" time="0.001"/>
  <testcase name="TestALotOfAdding" classname="LocalCMCTests" time="0.0"/>
  <testcase name="TestALotOfAdding" classname="LocalCMCTests" time="0.0"/>
  <testcase name="TestALotOfAdding" classname="LocalCMCTests" time="0.0"/>
  <testcase name="TestALotOfAdding" classname="LocalCMCTests" time="0.0"/>
  <testcase name="TestALotOfAdding" classname="LocalCMCTests" time="0.0"/>
  <testcase name="TestALotOfAdding" classname="LocalCMCTests" time="0.0"/>
  <testcase name="TestALotOfAdding" classname="LocalCMCTests" time="0.001"/>
  <testcase name="TestALotOfAdding" classname="LocalCMCTests" time="0.002"/>
  <testcase name="TestALotOfAdding" classname="LocalCMCTests" time="0.0"/>
  <testcase name="TestALotOfAdding" classname="LocalCMCTests" time="0.001"/>
  <testcase name="TestALotOfAdding" classname="LocalCMCTests" time="0.001"/>
  <testcase name="TestALotOfAdding" classname="LocalCMCTests" time="0.0"/>
  <testcase name="TestALotOfAdding" classname="LocalCMCTests" time="0.0"/>
  <testcase name="TestALotOfAdding" classname="LocalCMCTests" time="0.001"/>
  <testcase name="TestALotOfAdding" classname="LocalCMCTests" time="0.002"/>
  <testcase name="TestALotOfAdding" classname="LocalCMCTests" time="0.001"/>
  <testcase name="TestALotOfAdding" classname="LocalCMCTests" time="0.0"/>
  <testcase name="TestALotOfAdding" classname="LocalCMCTests" time="0.001"/>
  <testcase name="TestALotOfAdding" classname="LocalCMCTests" time="0.0"/>
  <testcase name="TestALotOfAdding" classname="LocalCMCTests" time="0.001"/>
  <testcase name="TestALotOfAdding" classname="LocalCMCTests" time="0.0"/>
  <testcase name="TestALotOfAdding" classname="LocalCMCTests" time="0.001"/>
  <testcase name="TestALotOfAdding" classname="LocalCMCTests" time="0.001"/>
  <testcase name="TestALotOfAdding" classname="LocalCMCTests" time="0.0"/>
  <testcase name="TestALotOfAdding" classname="LocalCMCTests" time="0.001"/>
  <testcase name="TestALotOfAdding" classname="LocalCMCTests" time="0.0"/>
  <testcase name="TestALotOfAdding" classname="LocalCMCTests" time="0.001"/>
  <testcase name="TestALotOfAdding" classname="LocalCMCTests" time="0.0"/>
  <testcase name="TestALotOfAdding" classname="LocalCMCTests" time="0.0"/>
  <testcase name="TestALotOfAdding" classname="LocalCMCTests" time="0.0"/>
  <testcase name="TestALotOfAdding" classname="LocalCMCTests" time="0.0"/>
  <testcase name="TestALotOfAdding" classname="LocalCMCTests" time="0.001"/>
  <testcase name="TestALotOfAdding" classname="LocalCMCTests" time="0.001"/>
  <testcase name="TestALotOfAdding" classname="LocalCMCTests" time="0.001"/>
  <testcase name="TestALotOfAdding" classname="LocalCMCTests" time="0.001"/>
  <testcase name="TestALotOfAdding" classname="LocalCMCTests" time="0.001"/>
  <testcase name="TestALotOfAdding" classname="LocalCMCTests" time="0.001"/>
  <testcase name="TestALotOfAdding" classname="LocalCMCTests" time="0.0"/>
  <testcase name="TestALotOfAdding" classname="LocalCMCTests" time="0.001"/>
  <testcase name="TestALotOfAdding" classname="LocalCMCTests" time="0.001"/>
  <testcase name="TestALotOfAdding" classname="LocalCMCTests" time="0.0"/>
  <testcase name="TestALotOfAdding" classname="LocalCMCTests" time="0.002"/>
  <testcase name="TestALotOfAdding" classname="LocalCMCTests" time="0.001"/>
  <testcase name="TestALotOfAdding" classname="LocalCMCTests" time="0.001"/>
  <testcase name="TestALotOfAdding" classname="LocalCMCTests" time="0.0"/>
  <testcase name="TestALotOfAdding" classname="LocalCMCTests" time="0.001"/>
  <testcase name="TestALotOfAdding" classname="LocalCMCTests" time="0.001"/>
  <testcase name="TestALotOfAdding" classname="LocalCMCTests" time="0.0"/>
  <testcase name="TestALotOfAdding" classname="LocalCMCTests" time="0.001"/>
  <testcase name="TestALotOfAdding" classname="LocalCMCTests" time="0.001"/>
  <testcase name="TestALotOfAdding" classname="LocalCMCTests" time="0.0"/>
  <testcase name="TestALotOfAdding" classname="LocalCMCTests" time="0.001"/>
  <testcase name="TestALotOfAdding" classname="LocalCMCTests" time="0.001"/>
  <testcase name="TestALotOfAdding" classname="LocalCMCTests" time="0.001"/>
  <testcase name="TestALotOfAdding" classname="LocalCMCTests" time="0.001"/>
  <testcase name="TestALotOfAdding" classname="LocalCMCTests" time="0.0"/>
  <testcase name="TestALotOfAdding" classname="LocalCMCTests" time="0.001"/>
  <testcase name="TestALotOfAdding" classname="LocalCMCTests" time="0.001"/>
  <testcase name="TestALotOfAdding" classname="LocalCMCTests" time="0.0"/>
  <testcase name="TestALotOfAdding" classname="LocalCMCTests" time="0.001"/>
  <testcase name="TestALotOfAdding" classname="LocalCMCTests" time="0.0"/>
  <testcase name="TestALotOfAdding" classname="LocalCMCTests" time="0.0"/>
  <testcase name="TestALotOfAdding" classname="LocalCMCTests" time="0.0"/>
  <testcase name="TestALotOfAdding" classname="LocalCMCTests" time="0.001"/>
  <testcase name="TestALotOfAdding" classname="LocalCMCTests" time="0.0"/>
  <testcase name="TestALotOfAdding" classname="LocalCMCTests" time="0.002"/>
  <testcase name="TestALotOfAdding" classname="LocalCMCTests" time="0.002"/>
  <testcase name="TestALotOfAdding" classname="LocalCMCTests" time="0.0"/>
  <testcase name="TestALotOfAdding" classname="LocalCMCTests" time="0.001"/>
  <testcase name="TestALotOfAdding" classname="LocalCMCTests" time="0.001"/>
  <testcase name="TestALotOfAdding" classname="LocalCMCTests" time="0.0"/>
  <testcase name="TestALotOfAdding" classname="LocalCMCTests" time="0.001"/>
  <testcase name="TestALotOfAdding" classname="LocalCMCTests" time="0.0"/>
  <testcase name="TestALotOfAdding" classname="LocalCMCTests" time="0.001"/>
  <testcase name="TestALotOfAdding" classname="LocalCMCTests" time="0.0"/>
  <testcase name="TestALotOfAdding" classname="LocalCMCTests" time="0.001"/>
  <testcase name="TestALotOfAdding" classname="LocalCMCTests" time="0.001"/>
  <testcase name="TestALotOfAdding" classname="LocalCMCTests" time="0.001"/>
  <testcase name="TestALotOfAdding" classname="LocalCMCTests" time="0.001"/>
  <testcase name="TestALotOfAdding" classname="LocalCMCTests" time="0.001"/>
  <testcase name="TestALotOfAdding" classname="LocalCMCTests" time="0.0"/>
  <testcase name="TestALotOfAdding" classname="LocalCMCTests" time="0.001"/>
  <testcase name="TestALotOfAdding" classname="LocalCMCTests" time="0.001"/>
  <testcase name="TestALotOfAdding" classname="LocalCMCTests" time="0.0"/>
  <testcase name="TestALotOfAdding" classname="LocalCMCTests" time="0.001"/>
  <testcase name="TestALotOfAdding" classname="LocalCMCTests" time="0.001"/>
  <testcase name="TestALotOfAdding" classname="LocalCMCTests" time="0.001"/>
  <testcase name="TestALotOfAdding" classname="LocalCMCTests" time="0.0"/>
  <testcase name="TestALotOfAdding" classname="LocalCMCTests" time="0.0"/>
  <testcase name="TestALotOfAdding" classname="LocalCMCTests" time="0.001"/>
  <testcase name="TestALotOfAdding" classname="LocalCMCTests" time="0.002"/>
  <testcase name="TestALotOfAdding" classname="LocalCMCTests" time="0.001"/>
  <testcase name="TestALotOfAdding" classname="LocalCMCTests" time="0.0"/>
  <testcase name="TestALotOfAdding" classname="LocalCMCTests" time="0.001"/>
  <testcase name="TestALotOfAdding" classname="LocalCMCTests" time="0.001"/>
  <testcase name="TestALotOfAdding" classname="LocalCMCTests" time="0.001"/>
  <testcase name="TestALotOfAdding" classname="LocalCMCTests" time="0.001"/>
  <testcase name="TestALotOfAdding" classname="LocalCMCTests" time="0.001"/>
  <testcase name="TestALotOfAdding" classname="LocalCMCTests" time="0.001"/>
  <testcase name="TestALotOfAdding" classname="LocalCMCTests" time="0.0"/>
  <testcase name="TestALotOfAdding" classname="LocalCMCTests" time="0.0"/>
  <testcase name="TestALotOfAdding" classname="LocalCMCTests" time="0.0"/>
  <testcase name="TestALotOfAdding" classname="LocalCMCTests" time="0.0"/>
  <testcase name="TestALotOfAdding" classname="LocalCMCTests" time="0.002"/>
  <testcase name="TestALotOfAdding" classname="LocalCMCTests" time="0.0"/>
  <testcase name="TestALotOfAdding" classname="LocalCMCTests" time="0.001"/>
  <testcase name="TestALotOfAdding" classname="LocalCMCTests" time="0.0"/>
  <testcase name="TestALotOfAdding" classname="LocalCMCTests" time="0.003"/>
  <testcase name="TestALotOfAdding" classname="LocalCMCTests" time="0.001"/>
  <testcase name="TestALotOfAdding" classname="LocalCMCTests" time="0.0"/>
  <testcase name="TestALotOfAdding" classname="LocalCMCTests" time="0.001"/>
  <testcase name="TestALotOfAdding" classname="LocalCMCTests" time="0.0"/>
  <testcase name="TestALotOfAdding" classname="LocalCMCTests" time="0.001"/>
  <testcase name="TestALotOfAdding" classname="LocalCMCTests" time="0.001"/>
  <testcase name="TestALotOfAdding" classname="LocalCMCTests" time="0.0"/>
  <testcase name="TestALotOfAdding" classname="LocalCMCTests" time="0.001"/>
  <testcase name="TestALotOfAdding" classname="LocalCMCTests" time="0.0"/>
  <testcase name="TestALotOfAdding" classname="LocalCMCTests" time="0.001"/>
  <testcase name="TestALotOfAdding" classname="LocalCMCTests" time="0.0"/>
  <testcase name="TestALotOfAdding" classname="LocalCMCTests" time="0.002"/>
  <testcase name="TestALotOfAdding" classname="LocalCMCTests" time="0.001"/>
  <testcase name="TestALotOfAdding" classname="LocalCMCTests" time="0.0"/>
  <testcase name="TestALotOfAdding" classname="LocalCMCTests" time="0.001"/>
  <testcase name="TestALotOfAdding" classname="LocalCMCTests" time="0.0"/>
  <testcase name="TestALotOfAdding" classname="LocalCMCTests" time="0.001"/>
  <testcase name="TestALotOfAdding" classname="LocalCMCTests" time="0.001"/>
  <testcase name="TestALotOfAdding" classname="LocalCMCTests" time="0.001"/>
  <testcase name="TestALotOfAdding" classname="LocalCMCTests" time="0.001"/>
  <testcase name="TestALotOfAdding" classname="LocalCMCTests" time="0.0"/>
  <testcase name="TestALotOfAdding" classname="LocalCMCTests" time="0.0"/>
  <testcase name="TestALotOfAdding" classname="LocalCMCTests" time="0.002"/>
  <testcase name="TestALotOfAdding" classname="LocalCMCTests" time="0.001"/>
  <testcase name="TestALotOfAdding" classname="LocalCMCTests" time="0.0"/>
  <testcase name="TestALotOfAdding" classname="LocalCMCTests" time="0.0"/>
  <testcase name="TestALotOfAdding" classname="LocalCMCTests" time="0.0"/>
  <testcase name="TestALotOfAdding" classname="LocalCMCTests" time="0.001"/>
  <testcase name="TestALotOfAdding" classname="LocalCMCTests" time="0.001"/>
  <testcase name="TestALotOfAdding" classname="LocalCMCTests" time="0.002"/>
  <testcase name="TestALotOfAdding" classname="LocalCMCTests" time="0.0"/>
  <testcase name="TestALotOfAdding" classname="LocalCMCTests" time="0.0"/>
  <testcase name="TestALotOfAdding" classname="LocalCMCTests" time="0.001"/>
  <testcase name="TestALotOfAdding" classname="LocalCMCTests" time="0.001"/>
  <testcase name="TestALotOfAdding" classname="LocalCMCTests" time="0.001"/>
  <testcase name="TestALotOfAdding" classname="LocalCMCTests" time="0.001"/>
  <testcase name="TestALotOfAdding" classname="LocalCMCTests" time="0.001"/>
  <testcase name="TestALotOfAdding" classname="LocalCMCTests" time="0.0"/>
  <testcase name="TestALotOfAdding" classname="LocalCMCTests" time="0.0"/>
  <testcase name="TestALotOfAdding" classname="LocalCMCTests" time="0.001"/>
  <testcase name="TestALotOfAdding" classname="LocalCMCTests" time="0.0"/>
  <testcase name="TestALotOfAdding" classname="LocalCMCTests" time="0.001"/>
  <testcase name="TestALotOfAdding" classname="LocalCMCTests" time="0.0"/>
  <testcase name="TestALotOfAdding" classname="LocalCMCTests" time="0.0"/>
  <testcase name="TestALotOfAdding" classname="LocalCMCTests" time="0.001"/>
  <testcase name="TestALotOfAdding" classname="LocalCMCTests" time="0.001"/>
  <testcase name="TestALotOfAdding" classname="LocalCMCTests" time="0.001"/>
  <testcase name="TestALotOfAdding" classname="LocalCMCTests" time="0.0"/>
  <testcase name="TestALotOfAdding" classname="LocalCMCTests" time="0.001"/>
  <testcase name="TestALotOfAdding" classname="LocalCMCTests" time="0.001"/>
  <testcase name="TestALotOfAdding" classname="LocalCMCTests" time="0.001"/>
  <testcase name="TestALotOfAdding" classname="LocalCMCTests" time="0.001"/>
  <testcase name="TestALotOfAdding" classname="LocalCMCTests" time="0.001"/>
  <testcase name="TestALotOfAdding" classname="LocalCMCTests" time="0.001"/>
  <testcase name="TestALotOfAdding" classname="LocalCMCTests" time="0.0"/>
  <testcase name="TestALotOfAdding" classname="LocalCMCTests" time="0.001"/>
  <testcase name="TestALotOfAdding" classname="LocalCMCTests" time="0.0"/>
  <testcase name="TestALotOfAdding" classname="LocalCMCTests" time="0.0"/>
  <testcase name="TestALotOfAdding" classname="LocalCMCTests" time="0.0"/>
  <testcase name="TestALotOfAdding" classname="LocalCMCTests" time="0.001"/>
  <testcase name="TestALotOfAdding" classname="LocalCMCTests" time="0.001"/>
  <testcase name="TestALotOfAdding" classname="LocalCMCTests" time="0.0"/>
  <testcase name="TestALotOfAdding" classname="LocalCMCTests" time="0.0"/>
  <testcase name="TestALotOfAdding" classname="LocalCMCTests" time="0.001"/>
  <testcase name="TestALotOfAdding" classname="LocalCMCTests" time="0.001"/>
  <testcase name="TestALotOfAdding" classname="LocalCMCTests" time="0.001"/>
  <testcase name="TestALotOfAdding" classname="LocalCMCTests" time="0.0"/>
  <testcase name="TestALotOfAdding" classname="LocalCMCTests" time="0.0"/>
  <testcase name="TestALotOfAdding" classname="LocalCMCTests" time="0.001"/>
  <testcase name="TestALotOfAdding" classname="LocalCMCTests" time="0.001"/>
  <testcase name="TestALotOfAdding" classname="LocalCMCTests" time="0.002"/>
  <testcase name="TestALotOfAdding" classname="LocalCMCTests" time="0.001"/>
  <testcase name="TestALotOfAdding" classname="LocalCMCTests" time="0.002"/>
  <testcase name="TestALotOfAdding" classname="LocalCMCTests" time="0.0"/>
  <testcase name="TestALotOfAdding" classname="LocalCMCTests" time="0.001"/>
  <testcase name="TestALotOfAdding" classname="LocalCMCTests" time="0.001"/>
  <testcase name="TestALotOfAdding" classname="LocalCMCTests" time="0.001"/>
  <testcase name="TestALotOfAdding" classname="LocalCMCTests" time="0.001"/>
  <testcase name="TestALotOfAdding" classname="LocalCMCTests" time="0.001"/>
  <testcase name="TestALotOfAdding" classname="LocalCMCTests" time="0.0"/>
  <testcase name="TestALotOfAdding" classname="LocalCMCTests" time="0.0"/>
  <testcase name="TestALotOfAdding" classname="LocalCMCTests" time="0.0"/>
  <testcase name="TestALotOfAdding" classname="LocalCMCTests" time="0.0"/>
  <testcase name="TestALotOfAdding" classname="LocalCMCTests" time="0.001"/>
  <testcase name="TestALotOfAdding" classname="LocalCMCTests" time="0.0"/>
  <testcase name="TestALotOfAdding" classname="LocalCMCTests" time="0.001"/>
  <testcase name="TestALotOfAdding" classname="LocalCMCTests" time="0.001"/>
  <testcase name="TestALotOfAdding" classname="LocalCMCTests" time="0.003"/>
  <testcase name="TestALotOfAdding" classname="LocalCMCTests" time="0.0"/>
  <testcase name="TestALotOfAdding" classname="LocalCMCTests" time="0.0"/>
  <testcase name="TestALotOfAdding" classname="LocalCMCTests" time="0.0"/>
  <testcase name="TestALotOfAdding" classname="LocalCMCTests" time="0.001"/>
  <testcase name="TestALotOfAdding" classname="LocalCMCTests" time="0.0"/>
  <testcase name="TestALotOfAdding" classname="LocalCMCTests" time="0.001"/>
  <testcase name="TestALotOfAdding" classname="LocalCMCTests" time="0.001"/>
  <testcase name="TestALotOfAdding" classname="LocalCMCTests" time="0.001"/>
  <testcase name="TestALotOfAdding" classname="LocalCMCTests" time="0.0"/>
  <testcase name="TestALotOfAdding" classname="LocalCMCTests" time="0.001"/>
  <testcase name="TestALotOfAdding" classname="LocalCMCTests" time="0.0"/>
  <testcase name="TestALotOfAdding" classname="LocalCMCTests" time="0.0"/>
  <testcase name="TestALotOfAdding" classname="LocalCMCTests" time="0.001"/>
  <testcase name="TestALotOfAdding" classname="LocalCMCTests" time="0.002"/>
  <testcase name="TestALotOfAdding" classname="LocalCMCTests" time="0.001"/>
  <testcase name="TestALotOfAdding" classname="LocalCMCTests" time="0.001"/>
  <testcase name="TestALotOfAdding" classname="LocalCMCTests" time="0.0"/>
  <testcase name="TestALotOfAdding" classname="LocalCMCTests" time="0.0"/>
  <testcase name="TestALotOfAdding" classname="LocalCMCTests" time="0.001"/>
  <testcase name="TestALotOfAdding" classname="LocalCMCTests" time="0.001"/>
  <testcase name="TestALotOfAdding" classname="LocalCMCTests" time="0.0"/>
  <testcase name="TestALotOfAdding" classname="LocalCMCTests" time="0.001"/>
  <testcase name="TestALotOfAdding" classname="LocalCMCTests" time="0.001"/>
  <testcase name="TestALotOfAdding" classname="LocalCMCTests" time="0.0"/>
  <testcase name="TestALotOfAdding" classname="LocalCMCTests" time="0.002"/>
  <testcase name="TestALotOfAdding" classname="LocalCMCTests" time="0.001"/>
  <testcase name="TestALotOfAdding" classname="LocalCMCTests" time="0.0"/>
  <testcase name="TestALotOfAdding" classname="LocalCMCTests" time="0.0"/>
  <testcase name="TestALotOfAdding" classname="LocalCMCTests" time="0.0"/>
  <testcase name="TestALotOfAdding" classname="LocalCMCTests" time="0.0"/>
  <testcase name="TestALotOfAdding" classname="LocalCMCTests" time="0.0"/>
  <testcase name="TestALotOfAdding" classname="LocalCMCTests" time="0.0"/>
  <testcase name="TestALotOfAdding" classname="LocalCMCTests" time="0.001"/>
  <testcase name="TestALotOfAdding" classname="LocalCMCTests" time="0.001"/>
  <testcase name="TestALotOfAdding" classname="LocalCMCTests" time="0.0"/>
  <testcase name="TestALotOfAdding" classname="LocalCMCTests" time="0.0"/>
  <testcase name="TestALotOfAdding" classname="LocalCMCTests" time="0.001"/>
  <testcase name="TestALotOfAdding" classname="LocalCMCTests" time="0.0"/>
  <testcase name="TestALotOfAdding" classname="LocalCMCTests" time="0.0"/>
  <testcase name="TestALotOfAdding" classname="LocalCMCTests" time="0.0"/>
  <testcase name="TestALotOfAdding" classname="LocalCMCTests" time="0.001"/>
  <testcase name="TestALotOfAdding" classname="LocalCMCTests" time="0.001"/>
  <testcase name="TestALotOfAdding" classname="LocalCMCTests" time="0.0"/>
  <testcase name="TestALotOfAdding" classname="LocalCMCTests" time="0.001"/>
  <testcase name="TestALotOfAdding" classname="LocalCMCTests" time="0.001"/>
  <testcase name="TestALotOfAdding" classname="LocalCMCTests" time="0.001"/>
  <testcase name="TestALotOfAdding" classname="LocalCMCTests" time="0.001"/>
  <testcase name="TestALotOfAdding" classname="LocalCMCTests" time="0.001"/>
  <testcase name="TestALotOfAdding" classname="LocalCMCTests" time="0.0"/>
  <testcase name="TestALotOfAdding" classname="LocalCMCTests" time="0.0"/>
  <testcase name="TestALotOfAdding" classname="LocalCMCTests" time="0.0"/>
  <testcase name="TestALotOfAdding" classname="LocalCMCTests" time="0.001"/>
  <testcase name="TestALotOfAdding" classname="LocalCMCTests" time="0.0"/>
  <testcase name="TestALotOfAdding" classname="LocalCMCTests" time="0.0"/>
  <testcase name="TestALotOfAdding" classname="LocalCMCTests" time="0.001"/>
  <testcase name="TestALotOfAdding" classname="LocalCMCTests" time="0.0"/>
  <testcase name="TestALotOfAdding" classname="LocalCMCTests" time="0.001"/>
  <testcase name="TestALotOfAdding" classname="LocalCMCTests" time="0.001"/>
  <testcase name="TestALotOfAdding" classname="LocalCMCTests" time="0.001"/>
  <testcase name="TestALotOfAdding" classname="LocalCMCTests" time="0.0"/>
  <testcase name="TestALotOfAdding" classname="LocalCMCTests" time="0.001"/>
  <testcase name="TestALotOfAdding" classname="LocalCMCTests" time="0.001"/>
  <testcase name="TestALotOfAdding" classname="LocalCMCTests" time="0.0"/>
  <testcase name="TestALotOfAdding" classname="LocalCMCTests" time="0.001"/>
  <testcase name="TestALotOfAdding" classname="LocalCMCTests" time="0.002"/>
  <testcase name="TestALotOfAdding" classname="LocalCMCTests" time="0.001"/>
  <testcase name="TestALotOfAdding" classname="LocalCMCTests" time="0.001"/>
  <testcase name="TestALotOfAdding" classname="LocalCMCTests" time="0.0"/>
  <testcase name="TestALotOfAdding" classname="LocalCMCTests" time="0.001"/>
  <testcase name="TestALotOfAdding" classname="LocalCMCTests" time="0.002"/>
  <testcase name="TestALotOfAdding" classname="LocalCMCTests" time="0.001"/>
  <testcase name="TestALotOfAdding" classname="LocalCMCTests" time="0.0"/>
  <testcase name="TestALotOfAdding" classname="LocalCMCTests" time="0.001"/>
  <testcase name="TestALotOfAdding" classname="LocalCMCTests" time="0.0"/>
  <testcase name="TestALotOfAdding" classname="LocalCMCTests" time="0.001"/>
  <testcase name="TestALotOfAdding" classname="LocalCMCTests" time="0.0"/>
  <testcase name="TestALotOfAdding" classname="LocalCMCTests" time="0.0"/>
  <testcase name="TestALotOfAdding" classname="LocalCMCTests" time="0.0"/>
  <testcase name="TestALotOfAdding" classname="LocalCMCTests" time="0.001"/>
  <testcase name="TestALotOfAdding" classname="LocalCMCTests" time="0.0"/>
  <testcase name="TestALotOfAdding" classname="LocalCMCTests" time="0.001"/>
  <testcase name="TestALotOfAdding" classname="LocalCMCTests" time="0.001"/>
  <testcase name="TestALotOfAdding" classname="LocalCMCTests" time="0.001"/>
  <testcase name="TestALotOfAdding" classname="LocalCMCTests" time="0.001"/>
  <testcase name="TestALotOfAdding" classname="LocalCMCTests" time="0.0"/>
  <testcase name="TestALotOfAdding" classname="LocalCMCTests" time="0.001"/>
  <testcase name="TestALotOfAdding" classname="LocalCMCTests" time="0.0"/>
  <testcase name="TestALotOfAdding" classname="LocalCMCTests" time="0.0"/>
  <testcase name="TestALotOfAdding" classname="LocalCMCTests" time="0.0"/>
  <testcase name="TestALotOfAdding" classname="LocalCMCTests" time="0.0"/>
  <testcase name="TestALotOfAdding" classname="LocalCMCTests" time="0.0"/>
  <testcase name="TestALotOfAdding" classname="LocalCMCTests" time="0.0"/>
  <testcase name="TestALotOfAdding" classname="LocalCMCTests" time="0.001"/>
  <testcase name="TestALotOfAdding" classname="LocalCMCTests" time="0.0"/>
  <testcase name="TestALotOfAdding" classname="LocalCMCTests" time="0.002"/>
  <testcase name="TestALotOfAdding" classname="LocalCMCTests" time="0.0"/>
  <testcase name="TestALotOfAdding" classname="LocalCMCTests" time="0.001"/>
  <testcase name="TestALotOfAdding" classname="LocalCMCTests" time="0.002"/>
  <testcase name="TestALotOfAdding" classname="LocalCMCTests" time="0.002"/>
  <testcase name="TestALotOfAdding" classname="LocalCMCTests" time="0.001"/>
  <testcase name="TestALotOfAdding" classname="LocalCMCTests" time="0.002"/>
  <testcase name="TestALotOfAdding" classname="LocalCMCTests" time="0.0"/>
  <testcase name="TestALotOfAdding" classname="LocalCMCTests" time="0.0"/>
  <testcase name="TestALotOfAdding" classname="LocalCMCTests" time="0.0"/>
  <testcase name="TestALotOfAdding" classname="LocalCMCTests" time="0.001"/>
  <testcase name="TestALotOfAdding" classname="LocalCMCTests" time="0.001"/>
  <testcase name="TestALotOfAdding" classname="LocalCMCTests" time="0.0"/>
  <testcase name="TestALotOfAdding" classname="LocalCMCTests" time="0.0"/>
  <testcase name="TestALotOfAdding" classname="LocalCMCTests" time="0.0"/>
  <testcase name="TestALotOfAdding" classname="LocalCMCTests" time="0.0"/>
  <testcase name="TestALotOfAdding" classname="LocalCMCTests" time="0.0"/>
  <testcase name="TestALotOfAdding" classname="LocalCMCTests" time="0.0"/>
  <testcase name="TestALotOfAdding" classname="LocalCMCTests" time="0.001"/>
  <testcase name="TestALotOfAdding" classname="LocalCMCTests" time="0.001"/>
  <testcase name="TestALotOfAdding" classname="LocalCMCTests" time="0.001"/>
  <testcase name="TestALotOfAdding" classname="LocalCMCTests" time="0.001"/>
  <testcase name="TestALotOfAdding" classname="LocalCMCTests" time="0.001"/>
  <testcase name="TestALotOfAdding" classname="LocalCMCTests" time="0.001"/>
  <testcase name="TestALotOfAdding" classname="LocalCMCTests" time="0.001"/>
  <testcase name="TestALotOfAdding" classname="LocalCMCTests" time="0.0"/>
  <testcase name="TestALotOfAdding" classname="LocalCMCTests" time="0.0"/>
  <testcase name="TestALotOfAdding" classname="LocalCMCTests" time="0.0"/>
  <testcase name="TestALotOfAdding" classname="LocalCMCTests" time="0.0"/>
  <testcase name="TestALotOfAdding" classname="LocalCMCTests" time="0.0"/>
  <testcase name="TestALotOfAdding" classname="LocalCMCTests" time="0.001"/>
  <testcase name="TestALotOfAdding" classname="LocalCMCTests" time="0.0"/>
  <testcase name="TestALotOfAdding" classname="LocalCMCTests" time="0.0"/>
  <testcase name="TestALotOfAdding" classname="LocalCMCTests" time="0.001"/>
  <testcase name="TestALotOfAdding" classname="LocalCMCTests" time="0.001"/>
  <testcase name="TestALotOfAdding" classname="LocalCMCTests" time="0.001"/>
  <testcase name="TestALotOfAdding" classname="LocalCMCTests" time="0.001"/>
  <testcase name="TestALotOfAdding" classname="LocalCMCTests" time="0.001"/>
  <testcase name="TestALotOfAdding" classname="LocalCMCTests" time="0.0"/>
  <testcase name="TestALotOfAdding" classname="LocalCMCTests" time="0.001"/>
  <testcase name="TestALotOfAdding" classname="LocalCMCTests" time="0.0"/>
  <testcase name="TestALotOfAdding" classname="LocalCMCTests" time="0.0"/>
  <testcase name="TestALotOfAdding" classname="LocalCMCTests" time="0.0"/>
  <testcase name="TestALotOfAdding" classname="LocalCMCTests" time="0.001"/>
  <testcase name="TestALotOfAdding" classname="LocalCMCTests" time="0.001"/>
  <testcase name="TestALotOfAdding" classname="LocalCMCTests" time="0.0"/>
  <testcase name="TestALotOfAdding" classname="LocalCMCTests" time="0.0"/>
  <testcase name="TestALotOfAdding" classname="LocalCMCTests" time="0.0"/>
  <testcase name="TestALotOfAdding" classname="LocalCMCTests" time="0.0"/>
  <testcase name="TestALotOfAdding" classname="LocalCMCTests" time="0.002"/>
  <testcase name="TestALotOfAdding" classname="LocalCMCTests" time="0.001"/>
  <testcase name="TestALotOfAdding" classname="LocalCMCTests" time="0.001"/>
  <testcase name="TestALotOfAdding" classname="LocalCMCTests" time="0.001"/>
  <testcase name="TestALotOfAdding" classname="LocalCMCTests" time="0.0"/>
  <testcase name="TestALotOfAdding" classname="LocalCMCTests" time="0.0"/>
  <testcase name="TestALotOfAdding" classname="LocalCMCTests" time="0.001"/>
  <testcase name="TestALotOfAdding" classname="LocalCMCTests" time="0.0"/>
  <testcase name="TestALotOfAdding" classname="LocalCMCTests" time="0.001"/>
  <testcase name="TestALotOfAdding" classname="LocalCMCTests" time="0.0"/>
  <testcase name="TestALotOfAdding" classname="LocalCMCTests" time="0.001"/>
  <testcase name="TestALotOfAdding" classname="LocalCMCTests" time="0.001"/>
  <testcase name="TestALotOfAdding" classname="LocalCMCTests" time="0.001"/>
  <testcase name="TestALotOfAdding" classname="LocalCMCTests" time="0.0"/>
  <testcase name="TestALotOfAdding" classname="LocalCMCTests" time="0.0"/>
  <testcase name="TestALotOfAdding" classname="LocalCMCTests" time="0.0"/>
  <testcase name="TestALotOfAdding" classname="LocalCMCTests" time="0.0"/>
  <testcase name="TestALotOfAdding" classname="LocalCMCTests" time="0.001"/>
  <testcase name="TestALotOfAdding" classname="LocalCMCTests" time="0.002"/>
  <testcase name="TestALotOfAdding" classname="LocalCMCTests" time="0.001"/>
  <testcase name="TestALotOfAdding" classname="LocalCMCTests" time="0.001"/>
  <testcase name="TestALotOfAdding" classname="LocalCMCTests" time="0.001"/>
  <testcase name="TestALotOfAdding" classname="LocalCMCTests" time="0.002"/>
  <testcase name="TestALotOfAdding" classname="LocalCMCTests" time="0.0"/>
  <testcase name="TestALotOfAdding" classname="LocalCMCTests" time="0.0"/>
  <testcase name="TestALotOfAdding" classname="LocalCMCTests" time="0.0"/>
  <testcase name="TestALotOfAdding" classname="LocalCMCTests" time="0.0"/>
  <testcase name="TestALotOfAdding" classname="LocalCMCTests" time="0.0"/>
  <testcase name="TestALotOfAdding" classname="LocalCMCTests" time="0.001"/>
  <testcase name="TestALotOfAdding" classname="LocalCMCTests" time="0.001"/>
  <testcase name="TestALotOfAdding" classname="LocalCMCTests" time="0.002"/>
  <testcase name="TestALotOfAdding" classname="LocalCMCTests" time="0.0"/>
  <testcase name="TestALotOfAdding" classname="LocalCMCTests" time="0.001"/>
  <testcase name="TestALotOfAdding" classname="LocalCMCTests" time="0.001"/>
  <testcase name="TestALotOfAdding" classname="LocalCMCTests" time="0.0"/>
  <testcase name="TestALotOfAdding" classname="LocalCMCTests" time="0.001"/>
  <testcase name="TestALotOfAdding" classname="LocalCMCTests" time="0.001"/>
  <testcase name="TestALotOfAdding" classname="LocalCMCTests" time="0.001"/>
  <testcase name="TestALotOfAdding" classname="LocalCMCTests" time="0.001"/>
  <testcase name="TestALotOfAdding" classname="LocalCMCTests" time="0.003"/>
  <testcase name="TestALotOfAdding" classname="LocalCMCTests" time="0.001"/>
  <testcase name="TestALotOfAdding" classname="LocalCMCTests" time="0.001"/>
  <testcase name="TestALotOfAdding" classname="LocalCMCTests" time="0.0"/>
  <testcase name="TestALotOfAdding" classname="LocalCMCTests" time="0.0"/>
  <testcase name="TestALotOfAdding" classname="LocalCMCTests" time="0.0"/>
  <testcase name="TestALotOfAdding" classname="LocalCMCTests" time="0.0"/>
  <testcase name="TestALotOfAdding" classname="LocalCMCTests" time="0.0"/>
  <testcase name="TestALotOfAdding" classname="LocalCMCTests" time="0.001"/>
  <testcase name="TestALotOfAdding" classname="LocalCMCTests" time="0.0"/>
  <testcase name="TestALotOfAdding" classname="LocalCMCTests" time="0.001"/>
  <testcase name="TestALotOfAdding" classname="LocalCMCTests" time="0.0"/>
  <testcase name="TestALotOfAdding" classname="LocalCMCTests" time="0.001"/>
  <testcase name="TestALotOfAdding" classname="LocalCMCTests" time="0.001"/>
  <testcase name="TestALotOfAdding" classname="LocalCMCTests" time="0.0"/>
  <testcase name="TestALotOfAdding" classname="LocalCMCTests" time="0.001"/>
  <testcase name="TestALotOfAdding" classname="LocalCMCTests" time="0.001"/>
  <testcase name="TestALotOfAdding" classname="LocalCMCTests" time="0.0"/>
  <testcase name="TestALotOfAdding" classname="LocalCMCTests" time="0.001"/>
  <testcase name="TestALotOfAdding" classname="LocalCMCTests" time="0.001"/>
  <testcase name="TestALotOfAdding" classname="LocalCMCTests" time="0.001"/>
  <testcase name="TestALotOfAdding" classname="LocalCMCTests" time="0.0"/>
  <testcase name="TestALotOfAdding" classname="LocalCMCTests" time="0.001"/>
  <testcase name="TestALotOfAdding" classname="LocalCMCTests" time="0.0"/>
  <testcase name="TestALotOfAdding" classname="LocalCMCTests" time="0.0"/>
  <testcase name="TestALotOfAdding" classname="LocalCMCTests" time="0.001"/>
  <testcase name="TestALotOfAdding" classname="LocalCMCTests" time="0.001"/>
  <testcase name="TestALotOfAdding" classname="LocalCMCTests" time="0.0"/>
  <testcase name="TestALotOfAdding" classname="LocalCMCTests" time="0.001"/>
  <testcase name="TestALotOfAdding" classname="LocalCMCTests" time="0.001"/>
  <testcase name="TestALotOfAdding" classname="LocalCMCTests" time="0.001"/>
  <testcase name="TestALotOfAdding" classname="LocalCMCTests" time="0.001"/>
  <testcase name="TestALotOfAdding" classname="LocalCMCTests" time="0.0"/>
  <testcase name="TestALotOfAdding" classname="LocalCMCTests" time="0.0"/>
  <testcase name="TestALotOfAdding" classname="LocalCMCTests" time="0.0"/>
  <testcase name="TestALotOfAdding" classname="LocalCMCTests" time="0.0"/>
  <testcase name="TestALotOfAdding" classname="LocalCMCTests" time="0.0"/>
  <testcase name="TestALotOfAdding" classname="LocalCMCTests" time="0.0"/>
  <testcase name="TestALotOfAdding" classname="LocalCMCTests" time="0.001"/>
  <testcase name="TestALotOfAdding" classname="LocalCMCTests" time="0.002"/>
  <testcase name="TestALotOfAdding" classname="LocalCMCTests" time="0.002"/>
  <testcase name="TestALotOfAdding" classname="LocalCMCTests" time="0.0"/>
  <testcase name="TestALotOfAdding" classname="LocalCMCTests" time="0.002"/>
  <testcase name="TestALotOfAdding" classname="LocalCMCTests" time="0.001"/>
  <testcase name="TestALotOfAdding" classname="LocalCMCTests" time="0.001"/>
  <testcase name="TestALotOfAdding" classname="LocalCMCTests" time="0.0"/>
  <testcase name="TestALotOfAdding" classname="LocalCMCTests" time="0.001"/>
  <testcase name="TestALotOfAdding" classname="LocalCMCTests" time="0.0"/>
  <testcase name="TestALotOfAdding" classname="LocalCMCTests" time="0.001"/>
  <testcase name="TestALotOfAdding" classname="LocalCMCTests" time="0.001"/>
  <testcase name="TestALotOfAdding" classname="LocalCMCTests" time="0.001"/>
  <testcase name="TestALotOfAdding" classname="LocalCMCTests" time="0.001"/>
  <testcase name="TestALotOfAdding" classname="LocalCMCTests" time="0.0"/>
  <testcase name="TestALotOfAdding" classname="LocalCMCTests" time="0.0"/>
  <testcase name="TestALotOfAdding" classname="LocalCMCTests" time="0.0"/>
  <testcase name="TestALotOfAdding" classname="LocalCMCTests" time="0.0"/>
  <testcase name="TestALotOfAdding" classname="LocalCMCTests" time="0.0"/>
  <testcase name="TestALotOfAdding" classname="LocalCMCTests" time="0.001"/>
  <testcase name="TestALotOfAdding" classname="LocalCMCTests" time="0.001"/>
  <testcase name="TestALotOfAdding" classname="LocalCMCTests" time="0.0"/>
  <testcase name="TestALotOfAdding" classname="LocalCMCTests" time="0.0"/>
  <testcase name="TestALotOfAdding" classname="LocalCMCTests" time="0.001"/>
  <testcase name="TestALotOfAdding" classname="LocalCMCTests" time="0.001"/>
  <testcase name="TestALotOfAdding" classname="LocalCMCTests" time="0.0"/>
  <testcase name="TestALotOfAdding" classname="LocalCMCTests" time="0.001"/>
  <testcase name="TestALotOfAdding" classname="LocalCMCTests" time="0.0"/>
  <testcase name="TestALotOfAdding" classname="LocalCMCTests" time="0.0"/>
  <testcase name="TestALotOfAdding" classname="LocalCMCTests" time="0.001"/>
  <testcase name="TestALotOfAdding" classname="LocalCMCTests" time="0.001"/>
  <testcase name="TestALotOfAdding" classname="LocalCMCTests" time="0.001"/>
  <testcase name="TestALotOfAdding" classname="LocalCMCTests" time="0.0"/>
  <testcase name="TestALotOfAdding" classname="LocalCMCTests" time="0.001"/>
  <testcase name="TestALotOfAdding" classname="LocalCMCTests" time="0.0"/>
  <testcase name="TestALotOfAdding" classname="LocalCMCTests" time="0.002"/>
  <testcase name="TestALotOfAdding" classname="LocalCMCTests" time="0.0"/>
  <testcase name="TestALotOfAdding" classname="LocalCMCTests" time="0.001"/>
  <testcase name="TestALotOfAdding" classname="LocalCMCTests" time="0.001"/>
  <testcase name="TestALotOfAdding" classname="LocalCMCTests" time="0.0"/>
  <testcase name="TestALotOfAdding" classname="LocalCMCTests" time="0.001"/>
  <testcase name="TestALotOfAdding" classname="LocalCMCTests" time="0.001"/>
  <testcase name="TestALotOfAdding" classname="LocalCMCTests" time="0.0"/>
  <testcase name="TestALotOfAdding" classname="LocalCMCTests" time="0.001"/>
  <testcase name="TestALotOfAdding" classname="LocalCMCTests" time="0.001"/>
  <testcase name="TestALotOfAdding" classname="LocalCMCTests" time="0.0"/>
  <testcase name="TestALotOfAdding" classname="LocalCMCTests" time="0.0"/>
  <testcase name="TestALotOfAdding" classname="LocalCMCTests" time="0.0"/>
  <testcase name="TestALotOfAdding" classname="LocalCMCTests" time="0.0"/>
  <testcase name="TestALotOfAdding" classname="LocalCMCTests" time="0.0"/>
  <testcase name="TestALotOfAdding" classname="LocalCMCTests" time="0.0"/>
  <testcase name="TestALotOfAdding" classname="LocalCMCTests" time="0.001"/>
  <testcase name="TestALotOfAdding" classname="LocalCMCTests" time="0.001"/>
  <testcase name="TestALotOfAdding" classname="LocalCMCTests" time="0.002"/>
  <testcase name="TestALotOfAdding" classname="LocalCMCTests" time="0.002"/>
  <testcase name="TestALotOfAdding" classname="LocalCMCTests" time="0.0"/>
  <testcase name="TestALotOfAdding" classname="LocalCMCTests" time="0.0"/>
  <testcase name="TestALotOfAdding" classname="LocalCMCTests" time="0.0"/>
  <testcase name="TestALotOfAdding" classname="LocalCMCTests" time="0.0"/>
  <testcase name="TestALotOfAdding" classname="LocalCMCTests" time="0.0"/>
  <testcase name="TestALotOfAdding" classname="LocalCMCTests" time="0.0"/>
  <testcase name="TestALotOfAdding" classname="LocalCMCTests" time="0.001"/>
  <testcase name="TestALotOfAdding" classname="LocalCMCTests" time="0.001"/>
  <testcase name="TestALotOfAdding" classname="LocalCMCTests" time="0.001"/>
  <testcase name="TestALotOfAdding" classname="LocalCMCTests" time="0.0"/>
  <testcase name="TestALotOfAdding" classname="LocalCMCTests" time="0.001"/>
  <testcase name="TestALotOfAdding" classname="LocalCMCTests" time="0.001"/>
  <testcase name="TestALotOfAdding" classname="LocalCMCTests" time="0.001"/>
  <testcase name="TestALotOfAdding" classname="LocalCMCTests" time="0.001"/>
  <testcase name="TestALotOfAdding" classname="LocalCMCTests" time="0.0"/>
  <testcase name="TestALotOfAdding" classname="LocalCMCTests" time="0.0"/>
  <testcase name="TestALotOfAdding" classname="LocalCMCTests" time="0.0"/>
  <testcase name="TestALotOfAdding" classname="LocalCMCTests" time="0.001"/>
  <testcase name="TestALotOfAdding" classname="LocalCMCTests" time="0.001"/>
  <testcase name="TestALotOfAdding" classname="LocalCMCTests" time="0.0"/>
  <testcase name="TestALotOfAdding" classname="LocalCMCTests" time="0.001"/>
  <testcase name="TestALotOfAdding" classname="LocalCMCTests" time="0.0"/>
  <testcase name="TestALotOfAdding" classname="LocalCMCTests" time="0.0"/>
  <testcase name="TestALotOfAdding" classname="LocalCMCTests" time="0.0"/>
  <testcase name="TestALotOfAdding" classname="LocalCMCTests" time="0.002"/>
  <testcase name="TestALotOfAdding" classname="LocalCMCTests" time="0.001"/>
  <testcase name="TestALotOfAdding" classname="LocalCMCTests" time="0.002"/>
  <testcase name="TestALotOfAdding" classname="LocalCMCTests" time="0.001"/>
  <testcase name="TestALotOfAdding" classname="LocalCMCTests" time="0.001"/>
  <testcase name="TestALotOfAdding" classname="LocalCMCTests" time="0.001"/>
  <testcase name="TestALotOfAdding" classname="LocalCMCTests" time="0.001"/>
  <testcase name="TestALotOfAdding" classname="LocalCMCTests" time="0.0"/>
  <testcase name="TestALotOfAdding" classname="LocalCMCTests" time="0.002"/>
  <testcase name="TestALotOfAdding" classname="LocalCMCTests" time="0.002"/>
  <testcase name="TestALotOfAdding" classname="LocalCMCTests" time="0.0"/>
  <testcase name="TestALotOfAdding" classname="LocalCMCTests" time="0.0"/>
  <testcase name="TestALotOfAdding" classname="LocalCMCTests" time="0.001"/>
  <testcase name="TestALotOfAdding" classname="LocalCMCTests" time="0.0"/>
  <testcase name="TestALotOfAdding" classname="LocalCMCTests" time="0.0"/>
  <testcase name="TestALotOfAdding" classname="LocalCMCTests" time="0.0"/>
  <testcase name="TestALotOfAdding" classname="LocalCMCTests" time="0.0"/>
  <testcase name="TestALotOfAdding" classname="LocalCMCTests" time="0.0"/>
  <testcase name="TestALotOfAdding" classname="LocalCMCTests" time="0.0"/>
  <testcase name="TestALotOfAdding" classname="LocalCMCTests" time="0.001"/>
  <testcase name="TestALotOfAdding" classname="LocalCMCTests" time="0.0"/>
  <testcase name="TestALotOfAdding" classname="LocalCMCTests" time="0.001"/>
  <testcase name="TestALotOfAdding" classname="LocalCMCTests" time="0.0"/>
  <testcase name="TestALotOfAdding" classname="LocalCMCTests" time="0.001"/>
  <testcase name="TestALotOfAdding" classname="LocalCMCTests" time="0.001"/>
  <testcase name="TestALotOfAdding" classname="LocalCMCTests" time="0.001"/>
  <testcase name="TestALotOfAdding" classname="LocalCMCTests" time="0.0"/>
  <testcase name="TestALotOfAdding" classname="LocalCMCTests" time="0.0"/>
  <testcase name="TestALotOfAdding" classname="LocalCMCTests" time="0.0"/>
  <testcase name="TestALotOfAdding" classname="LocalCMCTests" time="0.001"/>
  <testcase name="TestALotOfAdding" classname="LocalCMCTests" time="0.0"/>
  <testcase name="TestALotOfAdding" classname="LocalCMCTests" time="0.001"/>
  <testcase name="TestALotOfAdding" classname="LocalCMCTests" time="0.001"/>
  <testcase name="TestALotOfAdding" classname="LocalCMCTests" time="0.0"/>
  <testcase name="TestALotOfAdding" classname="LocalCMCTests" time="0.001"/>
  <testcase name="TestALotOfAdding" classname="LocalCMCTests" time="0.0"/>
  <testcase name="TestALotOfAdding" classname="LocalCMCTests" time="0.0"/>
  <testcase name="TestALotOfAdding" classname="LocalCMCTests" time="0.001"/>
  <testcase name="TestALotOfAdding" classname="LocalCMCTests" time="0.001"/>
  <testcase name="TestALotOfAdding" classname="LocalCMCTests" time="0.001"/>
  <testcase name="TestALotOfAdding" classname="LocalCMCTests" time="0.001"/>
  <testcase name="TestALotOfAdding" classname="LocalCMCTests" time="0.001"/>
  <testcase name="TestALotOfAdding" classname="LocalCMCTests" time="0.001"/>
  <testcase name="TestALotOfAdding" classname="LocalCMCTests" time="0.0"/>
  <testcase name="TestALotOfAdding" classname="LocalCMCTests" time="0.0"/>
  <testcase name="TestALotOfAdding" classname="LocalCMCTests" time="0.0"/>
  <testcase name="TestALotOfAdding" classname="LocalCMCTests" time="0.0"/>
  <testcase name="TestALotOfAdding" classname="LocalCMCTests" time="0.0"/>
  <testcase name="TestALotOfAdding" classname="LocalCMCTests" time="0.001"/>
  <testcase name="TestALotOfAdding" classname="LocalCMCTests" time="0.002"/>
  <testcase name="TestALotOfAdding" classname="LocalCMCTests" time="0.0"/>
  <testcase name="TestALotOfAdding" classname="LocalCMCTests" time="0.0"/>
  <testcase name="TestALotOfAdding" classname="LocalCMCTests" time="0.0"/>
  <testcase name="TestALotOfAdding" classname="LocalCMCTests" time="0.0"/>
  <testcase name="TestALotOfAdding" classname="LocalCMCTests" time="0.0"/>
  <testcase name="TestALotOfAdding" classname="LocalCMCTests" time="0.001"/>
  <testcase name="TestALotOfAdding" classname="LocalCMCTests" time="0.001"/>
  <testcase name="TestALotOfAdding" classname="LocalCMCTests" time="0.001"/>
  <testcase name="TestALotOfAdding" classname="LocalCMCTests" time="0.0"/>
  <testcase name="TestALotOfAdding" classname="LocalCMCTests" time="0.001"/>
  <testcase name="TestALotOfAdding" classname="LocalCMCTests" time="0.0"/>
  <testcase name="TestALotOfAdding" classname="LocalCMCTests" time="0.001"/>
  <testcase name="TestALotOfAdding" classname="LocalCMCTests" time="0.001"/>
  <testcase name="TestALotOfAdding" classname="LocalCMCTests" time="0.0"/>
  <testcase name="TestALotOfAdding" classname="LocalCMCTests" time="0.001"/>
  <testcase name="TestALotOfAdding" classname="LocalCMCTests" time="0.001"/>
  <testcase name="TestALotOfAdding" classname="LocalCMCTests" time="0.002"/>
  <testcase name="TestALotOfAdding" classname="LocalCMCTests" time="0.001"/>
  <testcase name="TestALotOfAdding" classname="LocalCMCTests" time="0.001"/>
  <testcase name="TestALotOfAdding" classname="LocalCMCTests" time="0.001"/>
  <testcase name="TestALotOfAdding" classname="LocalCMCTests" time="0.001"/>
  <testcase name="TestALotOfAdding" classname="LocalCMCTests" time="0.001"/>
  <testcase name="TestALotOfAdding" classname="LocalCMCTests" time="0.001"/>
  <testcase name="TestALotOfAdding" classname="LocalCMCTests" time="0.001"/>
  <testcase name="TestALotOfAdding" classname="LocalCMCTests" time="0.001"/>
  <testcase name="TestALotOfAdding" classname="LocalCMCTests" time="0.0"/>
  <testcase name="TestALotOfAdding" classname="LocalCMCTests" time="0.0"/>
  <testcase name="TestALotOfAdding" classname="LocalCMCTests" time="0.0"/>
  <testcase name="TestALotOfAdding" classname="LocalCMCTests" time="0.0"/>
  <testcase name="TestALotOfAdding" classname="LocalCMCTests" time="0.0"/>
  <testcase name="TestALotOfAdding" classname="LocalCMCTests" time="0.0"/>
  <testcase name="TestALotOfAdding" classname="LocalCMCTests" time="0.002"/>
  <testcase name="TestALotOfAdding" classname="LocalCMCTests" time="0.0"/>
  <testcase name="TestALotOfAdding" classname="LocalCMCTests" time="0.0"/>
  <testcase name="TestALotOfAdding" classname="LocalCMCTests" time="0.0"/>
  <testcase name="TestALotOfAdding" classname="LocalCMCTests" time="0.001"/>
  <testcase name="TestALotOfAdding" classname="LocalCMCTests" time="0.001"/>
  <testcase name="TestALotOfAdding" classname="LocalCMCTests" time="0.0"/>
  <testcase name="TestALotOfAdding" classname="LocalCMCTests" time="0.001"/>
  <testcase name="TestALotOfAdding" classname="LocalCMCTests" time="0.001"/>
  <testcase name="TestALotOfAdding" classname="LocalCMCTests" time="0.001"/>
  <testcase name="TestALotOfAdding" classname="LocalCMCTests" time="0.001"/>
  <testcase name="TestALotOfAdding" classname="LocalCMCTests" time="0.001"/>
  <testcase name="TestALotOfAdding" classname="LocalCMCTests" time="0.0"/>
  <testcase name="TestALotOfAdding" classname="LocalCMCTests" time="0.001"/>
  <testcase name="TestALotOfAdding" classname="LocalCMCTests" time="0.001"/>
  <testcase name="TestALotOfAdding" classname="LocalCMCTests" time="0.002"/>
  <testcase name="TestALotOfAdding" classname="LocalCMCTests" time="0.002"/>
  <testcase name="TestALotOfAdding" classname="LocalCMCTests" time="0.0"/>
  <testcase name="TestALotOfAdding" classname="LocalCMCTests" time="0.002"/>
  <testcase name="TestALotOfAdding" classname="LocalCMCTests" time="0.0"/>
  <testcase name="TestALotOfAdding" classname="LocalCMCTests" time="0.002"/>
  <testcase name="TestALotOfAdding" classname="LocalCMCTests" time="0.002"/>
  <testcase name="TestALotOfAdding" classname="LocalCMCTests" time="0.0"/>
  <testcase name="TestALotOfAdding" classname="LocalCMCTests" time="0.0"/>
  <testcase name="TestALotOfAdding" classname="LocalCMCTests" time="0.0"/>
  <testcase name="TestALotOfAdding" classname="LocalCMCTests" time="0.001"/>
  <testcase name="TestALotOfAdding" classname="LocalCMCTests" time="0.001"/>
  <testcase name="TestALotOfAdding" classname="LocalCMCTests" time="0.001"/>
  <testcase name="TestALotOfAdding" classname="LocalCMCTests" time="0.0"/>
  <testcase name="TestALotOfAdding" classname="LocalCMCTests" time="0.002"/>
  <testcase name="TestALotOfAdding" classname="LocalCMCTests" time="0.001"/>
  <testcase name="TestALotOfAdding" classname="LocalCMCTests" time="0.001"/>
  <testcase name="TestALotOfAdding" classname="LocalCMCTests" time="0.0"/>
  <testcase name="TestALotOfAdding" classname="LocalCMCTests" time="0.001"/>
  <testcase name="TestALotOfAdding" classname="LocalCMCTests" time="0.0"/>
  <testcase name="TestALotOfAdding" classname="LocalCMCTests" time="0.001"/>
  <testcase name="TestALotOfAdding" classname="LocalCMCTests" time="0.001"/>
  <testcase name="TestALotOfAdding" classname="LocalCMCTests" time="0.0"/>
  <testcase name="TestALotOfAdding" classname="LocalCMCTests" time="0.001"/>
  <testcase name="TestALotOfAdding" classname="LocalCMCTests" time="0.0"/>
  <testcase name="TestALotOfAdding" classname="LocalCMCTests" time="0.0"/>
  <testcase name="TestALotOfAdding" classname="LocalCMCTests" time="0.001"/>
  <testcase name="TestALotOfAdding" classname="LocalCMCTests" time="0.0"/>
  <testcase name="TestALotOfAdding" classname="LocalCMCTests" time="0.0"/>
  <testcase name="TestALotOfAdding" classname="LocalCMCTests" time="0.0"/>
  <testcase name="TestALotOfAdding" classname="LocalCMCTests" time="0.001"/>
  <testcase name="TestALotOfAdding" classname="LocalCMCTests" time="0.001"/>
  <testcase name="TestALotOfAdding" classname="LocalCMCTests" time="0.001"/>
  <testcase name="TestALotOfAdding" classname="LocalCMCTests" time="0.004"/>
  <testcase name="TestALotOfAdding" classname="LocalCMCTests" time="0.001"/>
  <testcase name="TestALotOfAdding" classname="LocalCMCTests" time="0.0"/>
  <testcase name="TestALotOfAdding" classname="LocalCMCTests" time="0.001"/>
  <testcase name="TestALotOfAdding" classname="LocalCMCTests" time="0.0"/>
  <testcase name="TestALotOfAdding" classname="LocalCMCTests" time="0.001"/>
  <testcase name="TestALotOfAdding" classname="LocalCMCTests" time="0.001"/>
  <testcase name="TestALotOfAdding" classname="LocalCMCTests" time="0.0"/>
  <testcase name="TestALotOfAdding" classname="LocalCMCTests" time="0.0"/>
  <testcase name="TestALotOfAdding" classname="LocalCMCTests" time="0.001"/>
  <testcase name="TestALotOfAdding" classname="LocalCMCTests" time="0.001"/>
  <testcase name="TestALotOfAdding" classname="LocalCMCTests" time="0.001"/>
  <testcase name="TestALotOfAdding" classname="LocalCMCTests" time="0.0"/>
  <testcase name="TestALotOfAdding" classname="LocalCMCTests" time="0.001"/>
  <testcase name="TestALotOfAdding" classname="LocalCMCTests" time="0.0"/>
  <testcase name="TestALotOfAdding" classname="LocalCMCTests" time="0.0"/>
  <testcase name="TestALotOfAdding" classname="LocalCMCTests" time="0.0"/>
  <testcase name="TestALotOfAdding" classname="LocalCMCTests" time="0.001"/>
  <testcase name="TestALotOfAdding" classname="LocalCMCTests" time="0.001"/>
  <testcase name="TestALotOfAdding" classname="LocalCMCTests" time="0.0"/>
  <testcase name="TestALotOfAdding" classname="LocalCMCTests" time="0.002"/>
  <testcase name="TestALotOfAdding" classname="LocalCMCTests" time="0.002"/>
  <testcase name="TestALotOfAdding" classname="LocalCMCTests" time="0.0"/>
  <testcase name="TestALotOfAdding" classname="LocalCMCTests" time="0.001"/>
  <testcase name="TestALotOfAdding" classname="LocalCMCTests" time="0.001"/>
  <testcase name="TestALotOfAdding" classname="LocalCMCTests" time="0.001"/>
  <testcase name="TestALotOfAdding" classname="LocalCMCTests" time="0.001"/>
  <testcase name="TestALotOfAdding" classname="LocalCMCTests" time="0.001"/>
  <testcase name="TestALotOfAdding" classname="LocalCMCTests" time="0.001"/>
  <testcase name="TestALotOfAdding" classname="LocalCMCTests" time="0.001"/>
  <testcase name="TestALotOfAdding" classname="LocalCMCTests" time="0.0"/>
  <testcase name="TestALotOfAdding" classname="LocalCMCTests" time="0.0"/>
  <testcase name="TestALotOfAdding" classname="LocalCMCTests" time="0.001"/>
  <testcase name="TestALotOfAdding" classname="LocalCMCTests" time="0.001"/>
  <testcase name="TestALotOfAdding" classname="LocalCMCTests" time="0.001"/>
  <testcase name="TestALotOfAdding" classname="LocalCMCTests" time="0.001"/>
  <testcase name="TestALotOfAdding" classname="LocalCMCTests" time="0.001"/>
  <testcase name="TestALotOfAdding" classname="LocalCMCTests" time="0.001"/>
  <testcase name="TestALotOfAdding" classname="LocalCMCTests" time="0.0"/>
  <testcase name="TestALotOfAdding" classname="LocalCMCTests" time="0.001"/>
  <testcase name="TestALotOfAdding" classname="LocalCMCTests" time="0.0"/>
  <testcase name="TestALotOfAdding" classname="LocalCMCTests" time="0.0"/>
  <testcase name="TestALotOfAdding" classname="LocalCMCTests" time="0.0"/>
  <testcase name="TestALotOfAdding" classname="LocalCMCTests" time="0.0"/>
  <testcase name="TestALotOfAdding" classname="LocalCMCTests" time="0.001"/>
  <testcase name="TestALotOfAdding" classname="LocalCMCTests" time="0.0"/>
  <testcase name="TestALotOfAdding" classname="LocalCMCTests" time="0.0"/>
  <testcase name="TestALotOfAdding" classname="LocalCMCTests" time="0.002"/>
  <testcase name="TestALotOfAdding" classname="LocalCMCTests" time="0.002"/>
  <testcase name="TestALotOfAdding" classname="LocalCMCTests" time="0.0"/>
  <testcase name="TestALotOfAdding" classname="LocalCMCTests" time="0.0"/>
  <testcase name="TestALotOfAdding" classname="LocalCMCTests" time="0.001"/>
  <testcase name="TestALotOfAdding" classname="LocalCMCTests" time="0.001"/>
  <testcase name="TestALotOfAdding" classname="LocalCMCTests" time="0.0"/>
  <testcase name="TestALotOfAdding" classname="LocalCMCTests" time="0.001"/>
  <testcase name="TestALotOfAdding" classname="LocalCMCTests" time="0.0"/>
  <testcase name="TestALotOfAdding" classname="LocalCMCTests" time="0.001"/>
  <testcase name="TestALotOfAdding" classname="LocalCMCTests" time="0.001"/>
  <testcase name="TestALotOfAdding" classname="LocalCMCTests" time="0.001"/>
  <testcase name="TestALotOfAdding" classname="LocalCMCTests" time="0.0"/>
  <testcase name="TestALotOfAdding" classname="LocalCMCTests" time="0.0"/>
  <testcase name="TestALotOfAdding" classname="LocalCMCTests" time="0.0"/>
  <testcase name="TestALotOfAdding" classname="LocalCMCTests" time="0.0"/>
  <testcase name="TestALotOfAdding" classname="LocalCMCTests" time="0.001"/>
  <testcase name="TestALotOfAdding" classname="LocalCMCTests" time="0.0"/>
  <testcase name="TestALotOfAdding" classname="LocalCMCTests" time="0.001"/>
  <testcase name="TestALotOfAdding" classname="LocalCMCTests" time="0.0"/>
  <testcase name="TestALotOfAdding" classname="LocalCMCTests" time="0.001"/>
  <testcase name="TestALotOfAdding" classname="LocalCMCTests" time="0.001"/>
  <testcase name="TestALotOfAdding" classname="LocalCMCTests" time="0.001"/>
  <testcase name="TestALotOfAdding" classname="LocalCMCTests" time="0.0"/>
  <testcase name="TestALotOfAdding" classname="LocalCMCTests" time="0.001"/>
  <testcase name="TestALotOfAdding" classname="LocalCMCTests" time="0.0"/>
  <testcase name="TestALotOfAdding" classname="LocalCMCTests" time="0.001"/>
  <testcase name="TestALotOfAdding" classname="LocalCMCTests" time="0.001"/>
  <testcase name="TestALotOfAdding" classname="LocalCMCTests" time="0.0"/>
  <testcase name="TestALotOfAdding" classname="LocalCMCTests" time="0.001"/>
  <testcase name="TestALotOfAdding" classname="LocalCMCTests" time="0.001"/>
  <testcase name="TestALotOfAdding" classname="LocalCMCTests" time="0.0"/>
  <testcase name="TestALotOfAdding" classname="LocalCMCTests" time="0.0"/>
  <testcase name="TestALotOfAdding" classname="LocalCMCTests" time="0.0"/>
  <testcase name="TestALotOfAdding" classname="LocalCMCTests" time="0.0"/>
  <testcase name="TestALotOfAdding" classname="LocalCMCTests" time="0.002"/>
  <testcase name="TestALotOfAdding" classname="LocalCMCTests" time="0.001"/>
  <testcase name="TestALotOfAdding" classname="LocalCMCTests" time="0.001"/>
  <testcase name="TestALotOfAdding" classname="LocalCMCTests" time="0.0"/>
  <testcase name="TestALotOfAdding" classname="LocalCMCTests" time="0.0"/>
  <testcase name="TestALotOfAdding" classname="LocalCMCTests" time="0.0"/>
  <testcase name="TestALotOfAdding" classname="LocalCMCTests" time="0.0"/>
  <testcase name="TestALotOfAdding" classname="LocalCMCTests" time="0.001"/>
  <testcase name="TestALotOfAdding" classname="LocalCMCTests" time="0.001"/>
  <testcase name="TestALotOfAdding" classname="LocalCMCTests" time="0.001"/>
  <testcase name="TestALotOfAdding" classname="LocalCMCTests" time="0.001"/>
  <testcase name="TestALotOfAdding" classname="LocalCMCTests" time="0.0"/>
  <testcase name="TestALotOfAdding" classname="LocalCMCTests" time="0.0"/>
  <testcase name="TestALotOfAdding" classname="LocalCMCTests" time="0.001"/>
  <testcase name="TestALotOfAdding" classname="LocalCMCTests" time="0.0"/>
  <testcase name="TestALotOfAdding" classname="LocalCMCTests" time="0.0"/>
  <testcase name="TestALotOfAdding" classname="LocalCMCTests" time="0.001"/>
  <testcase name="TestALotOfAdding" classname="LocalCMCTests" time="0.001"/>
  <testcase name="TestALotOfAdding" classname="LocalCMCTests" time="0.0"/>
  <testcase name="TestALotOfAdding" classname="LocalCMCTests" time="0.001"/>
  <testcase name="TestALotOfAdding" classname="LocalCMCTests" time="0.0"/>
  <testcase name="TestALotOfAdding" classname="LocalCMCTests" time="0.0"/>
  <testcase name="TestALotOfAdding" classname="LocalCMCTests" time="0.001"/>
  <testcase name="TestALotOfAdding" classname="LocalCMCTests" time="0.001"/>
  <testcase name="TestALotOfAdding" classname="LocalCMCTests" time="0.0"/>
  <testcase name="TestALotOfAdding" classname="LocalCMCTests" time="0.0"/>
  <testcase name="TestALotOfAdding" classname="LocalCMCTests" time="0.0"/>
  <testcase name="TestALotOfAdding" classname="LocalCMCTests" time="0.002"/>
  <testcase name="TestALotOfAdding" classname="LocalCMCTests" time="0.0"/>
  <testcase name="TestALotOfAdding" classname="LocalCMCTests" time="0.001"/>
  <testcase name="TestALotOfAdding" classname="LocalCMCTests" time="0.001"/>
  <testcase name="TestALotOfAdding" classname="LocalCMCTests" time="0.0"/>
  <testcase name="TestALotOfAdding" classname="LocalCMCTests" time="0.002"/>
  <testcase name="TestALotOfAdding" classname="LocalCMCTests" time="0.001"/>
  <testcase name="TestALotOfAdding" classname="LocalCMCTests" time="0.0"/>
  <testcase name="TestALotOfAdding" classname="LocalCMCTests" time="0.002"/>
  <testcase name="TestALotOfAdding" classname="LocalCMCTests" time="0.001"/>
  <testcase name="TestALotOfAdding" classname="LocalCMCTests" time="0.001"/>
  <testcase name="TestALotOfAdding" classname="LocalCMCTests" time="0.0"/>
  <testcase name="TestALotOfAdding" classname="LocalCMCTests" time="0.001"/>
  <testcase name="TestALotOfAdding" classname="LocalCMCTests" time="0.0"/>
  <testcase name="TestALotOfAdding" classname="LocalCMCTests" time="0.0"/>
  <testcase name="TestALotOfAdding" classname="LocalCMCTests" time="0.001"/>
  <testcase name="TestALotOfAdding" classname="LocalCMCTests" time="0.001"/>
  <testcase name="TestALotOfAdding" classname="LocalCMCTests" time="0.001"/>
  <testcase name="TestALotOfAdding" classname="LocalCMCTests" time="0.001"/>
  <testcase name="TestALotOfAdding" classname="LocalCMCTests" time="0.0"/>
  <testcase name="TestALotOfAdding" classname="LocalCMCTests" time="0.0"/>
  <testcase name="TestALotOfAdding" classname="LocalCMCTests" time="0.001"/>
  <testcase name="TestALotOfAdding" classname="LocalCMCTests" time="0.001"/>
  <testcase name="TestALotOfAdding" classname="LocalCMCTests" time="0.001"/>
  <testcase name="TestALotOfAdding" classname="LocalCMCTests" time="0.0"/>
  <testcase name="TestALotOfAdding" classname="LocalCMCTests" time="0.001"/>
  <testcase name="TestALotOfAdding" classname="LocalCMCTests" time="0.0"/>
  <testcase name="TestALotOfAdding" classname="LocalCMCTests" time="0.0"/>
  <testcase name="TestALotOfAdding" classname="LocalCMCTests" time="0.001"/>
  <testcase name="TestALotOfAdding" classname="LocalCMCTests" time="0.001"/>
  <testcase name="TestALotOfAdding" classname="LocalCMCTests" time="0.0"/>
  <testcase name="TestALotOfAdding" classname="LocalCMCTests" time="0.0"/>
  <testcase name="TestALotOfAdding" classname="LocalCMCTests" time="0.0"/>
  <testcase name="TestALotOfAdding" classname="LocalCMCTests" time="0.001"/>
  <testcase name="TestALotOfAdding" classname="LocalCMCTests" time="0.0"/>
  <testcase name="TestALotOfAdding" classname="LocalCMCTests" time="0.0"/>
  <testcase name="TestALotOfAdding" classname="LocalCMCTests" time="0.0"/>
  <testcase name="TestALotOfAdding" classname="LocalCMCTests" time="0.001"/>
  <testcase name="TestALotOfAdding" classname="LocalCMCTests" time="0.0"/>
  <testcase name="TestALotOfAdding" classname="LocalCMCTests" time="0.001"/>
  <testcase name="TestALotOfAdding" classname="LocalCMCTests" time="0.002"/>
  <testcase name="TestALotOfAdding" classname="LocalCMCTests" time="0.0"/>
  <testcase name="TestALotOfAdding" classname="LocalCMCTests" time="0.001"/>
  <testcase name="TestALotOfAdding" classname="LocalCMCTests" time="0.001"/>
  <testcase name="TestALotOfAdding" classname="LocalCMCTests" time="0.001"/>
  <testcase name="TestALotOfAdding" classname="LocalCMCTests" time="0.0"/>
  <testcase name="TestALotOfAdding" classname="LocalCMCTests" time="0.0"/>
  <testcase name="TestALotOfAdding" classname="LocalCMCTests" time="0.0"/>
  <testcase name="TestALotOfAdding" classname="LocalCMCTests" time="0.001"/>
  <testcase name="TestALotOfAdding" classname="LocalCMCTests" time="0.001"/>
  <testcase name="TestALotOfAdding" classname="LocalCMCTests" time="0.0"/>
  <testcase name="TestALotOfAdding" classname="LocalCMCTests" time="0.001"/>
  <testcase name="TestALotOfAdding" classname="LocalCMCTests" time="0.0"/>
  <testcase name="TestALotOfAdding" classname="LocalCMCTests" time="0.001"/>
  <testcase name="TestALotOfAdding" classname="LocalCMCTests" time="0.001"/>
  <testcase name="TestALotOfAdding" classname="LocalCMCTests" time="0.002"/>
  <testcase name="TestALotOfAdding" classname="LocalCMCTests" time="0.001"/>
  <testcase name="TestALotOfAdding" classname="LocalCMCTests" time="0.0"/>
  <testcase name="TestALotOfAdding" classname="LocalCMCTests" time="0.001"/>
  <testcase name="TestALotOfAdding" classname="LocalCMCTests" time="0.0"/>
  <testcase name="TestALotOfAdding" classname="LocalCMCTests" time="0.0"/>
  <testcase name="TestALotOfAdding" classname="LocalCMCTests" time="0.0"/>
  <testcase name="TestALotOfAdding" classname="LocalCMCTests" time="0.001"/>
  <testcase name="TestALotOfAdding" classname="LocalCMCTests" time="0.001"/>
  <testcase name="TestALotOfAdding" classname="LocalCMCTests" time="0.001"/>
  <testcase name="TestALotOfAdding" classname="LocalCMCTests" time="0.001"/>
  <testcase name="TestALotOfAdding" classname="LocalCMCTests" time="0.001"/>
  <testcase name="TestALotOfAdding" classname="LocalCMCTests" time="0.0"/>
  <testcase name="TestALotOfAdding" classname="LocalCMCTests" time="0.0"/>
  <testcase name="TestALotOfAdding" classname="LocalCMCTests" time="0.0"/>
  <testcase name="TestALotOfAdding" classname="LocalCMCTests" time="0.001"/>
  <testcase name="TestALotOfAdding" classname="LocalCMCTests" time="0.001"/>
  <testcase name="TestALotOfAdding" classname="LocalCMCTests" time="0.001"/>
  <testcase name="TestALotOfAdding" classname="LocalCMCTests" time="0.001"/>
  <testcase name="TestALotOfAdding" classname="LocalCMCTests" time="0.001"/>
  <testcase name="TestALotOfAdding" classname="LocalCMCTests" time="0.0"/>
  <testcase name="TestALotOfAdding" classname="LocalCMCTests" time="0.0"/>
  <testcase name="TestALotOfAdding" classname="LocalCMCTests" time="0.001"/>
  <testcase name="TestALotOfAdding" classname="LocalCMCTests" time="0.001"/>
  <testcase name="TestALotOfAdding" classname="LocalCMCTests" time="0.0"/>
  <testcase name="TestALotOfAdding" classname="LocalCMCTests" time="0.001"/>
  <testcase name="TestALotOfAdding" classname="LocalCMCTests" time="0.0"/>
  <testcase name="TestALotOfAdding" classname="LocalCMCTests" time="0.0"/>
  <testcase name="TestALotOfAdding" classname="LocalCMCTests" time="0.001"/>
  <testcase name="TestALotOfAdding" classname="LocalCMCTests" time="0.0"/>
  <testcase name="TestALotOfAdding" classname="LocalCMCTests" time="0.001"/>
  <testcase name="TestALotOfAdding" classname="LocalCMCTests" time="0.001"/>
  <testcase name="TestALotOfAdding" classname="LocalCMCTests" time="0.0"/>
  <testcase name="TestALotOfAdding" classname="LocalCMCTests" time="0.001"/>
  <testcase name="TestALotOfAdding" classname="LocalCMCTests" time="0.001"/>
  <testcase name="TestALotOfAdding" classname="LocalCMCTests" time="0.0"/>
  <testcase name="TestALotOfAdding" classname="LocalCMCTests" time="0.001"/>
  <testcase name="TestALotOfAdding" classname="LocalCMCTests" time="0.0"/>
  <testcase name="TestALotOfAdding" classname="LocalCMCTests" time="0.0"/>
  <testcase name="TestALotOfAdding" classname="LocalCMCTests" time="0.001"/>
  <testcase name="TestALotOfAdding" classname="LocalCMCTests" time="0.001"/>
  <testcase name="TestALotOfAdding" classname="LocalCMCTests" time="0.0"/>
  <testcase name="TestALotOfAdding" classname="LocalCMCTests" time="0.0"/>
  <testcase name="TestALotOfAdding" classname="LocalCMCTests" time="0.0"/>
  <testcase name="TestALotOfAdding" classname="LocalCMCTests" time="0.0"/>
  <testcase name="TestALotOfAdding" classname="LocalCMCTests" time="0.001"/>
  <testcase name="TestALotOfAdding" classname="LocalCMCTests" time="0.0"/>
  <testcase name="TestALotOfAdding" classname="LocalCMCTests" time="0.002"/>
  <testcase name="TestALotOfAdding" classname="LocalCMCTests" time="0.001"/>
  <testcase name="TestALotOfAdding" classname="LocalCMCTests" time="0.0"/>
  <testcase name="TestALotOfAdding" classname="LocalCMCTests" time="0.001"/>
  <testcase name="TestALotOfAdding" classname="LocalCMCTests" time="0.001"/>
  <testcase name="TestALotOfAdding" classname="LocalCMCTests" time="0.001"/>
  <testcase name="TestALotOfAdding" classname="LocalCMCTests" time="0.001"/>
  <testcase name="TestALotOfAdding" classname="LocalCMCTests" time="0.0"/>
  <testcase name="TestALotOfAdding" classname="LocalCMCTests" time="0.001"/>
  <testcase name="TestALotOfAdding" classname="LocalCMCTests" time="0.002"/>
  <testcase name="TestALotOfAdding" classname="LocalCMCTests" time="0.0"/>
  <testcase name="TestALotOfAdding" classname="LocalCMCTests" time="0.0"/>
  <testcase name="TestALotOfAdding" classname="LocalCMCTests" time="0.0"/>
  <testcase name="TestALotOfAdding" classname="LocalCMCTests" time="0.0"/>
  <testcase name="TestALotOfAdding" classname="LocalCMCTests" time="0.001"/>
  <testcase name="TestALotOfAdding" classname="LocalCMCTests" time="0.002"/>
  <testcase name="TestALotOfAdding" classname="LocalCMCTests" time="0.0"/>
  <testcase name="TestALotOfAdding" classname="LocalCMCTests" time="0.001"/>
  <testcase name="TestALotOfAdding" classname="LocalCMCTests" time="0.001"/>
  <testcase name="TestALotOfAdding" classname="LocalCMCTests" time="0.001"/>
  <testcase name="TestALotOfAdding" classname="LocalCMCTests" time="0.001"/>
  <testcase name="TestALotOfAdding" classname="LocalCMCTests" time="0.001"/>
  <testcase name="TestALotOfAdding" classname="LocalCMCTests" time="0.001"/>
  <testcase name="TestALotOfAdding" classname="LocalCMCTests" time="0.001"/>
  <testcase name="TestALotOfAdding" classname="LocalCMCTests" time="0.0"/>
  <testcase name="TestALotOfAdding" classname="LocalCMCTests" time="0.0"/>
  <testcase name="TestALotOfAdding" classname="LocalCMCTests" time="0.001"/>
  <testcase name="TestALotOfAdding" classname="LocalCMCTests" time="0.0"/>
  <testcase name="TestALotOfAdding" classname="LocalCMCTests" time="0.001"/>
  <testcase name="TestALotOfAdding" classname="LocalCMCTests" time="0.001"/>
  <testcase name="TestALotOfAdding" classname="LocalCMCTests" time="0.0"/>
  <testcase name="TestALotOfAdding" classname="LocalCMCTests" time="0.0"/>
  <testcase name="TestALotOfAdding" classname="LocalCMCTests" time="0.0"/>
  <testcase name="TestALotOfAdding" classname="LocalCMCTests" time="0.0"/>
  <testcase name="TestALotOfAdding" classname="LocalCMCTests" time="0.001"/>
  <testcase name="TestALotOfAdding" classname="LocalCMCTests" time="0.001"/>
  <testcase name="TestALotOfAdding" classname="LocalCMCTests" time="0.001"/>
  <testcase name="TestALotOfAdding" classname="LocalCMCTests" time="0.0"/>
  <testcase name="TestALotOfAdding" classname="LocalCMCTests" time="0.0"/>
  <testcase name="TestALotOfAdding" classname="LocalCMCTests" time="0.001"/>
  <testcase name="TestALotOfAdding" classname="LocalCMCTests" time="0.001"/>
  <testcase name="TestALotOfAdding" classname="LocalCMCTests" time="0.001"/>
  <testcase name="TestALotOfAdding" classname="LocalCMCTests" time="0.0"/>
  <testcase name="TestALotOfAdding" classname="LocalCMCTests" time="0.001"/>
  <testcase name="TestALotOfAdding" classname="LocalCMCTests" time="0.001"/>
  <testcase name="TestALotOfAdding" classname="LocalCMCTests" time="0.0"/>
  <testcase name="TestALotOfAdding" classname="LocalCMCTests" time="0.001"/>
  <testcase name="TestALotOfAdding" classname="LocalCMCTests" time="0.001"/>
  <testcase name="TestALotOfAdding" classname="LocalCMCTests" time="0.0"/>
  <testcase name="TestALotOfAdding" classname="LocalCMCTests" time="0.0"/>
  <testcase name="TestALotOfAdding" classname="LocalCMCTests" time="0.0"/>
  <testcase name="TestALotOfAdding" classname="LocalCMCTests" time="0.001"/>
  <testcase name="TestALotOfAdding" classname="LocalCMCTests" time="0.001"/>
  <testcase name="TestALotOfAdding" classname="LocalCMCTests" time="0.0"/>
  <testcase name="TestALotOfAdding" classname="LocalCMCTests" time="0.001"/>
  <testcase name="TestALotOfAdding" classname="LocalCMCTests" time="0.001"/>
  <testcase name="TestALotOfAdding" classname="LocalCMCTests" time="0.001"/>
  <testcase name="TestALotOfAdding" classname="LocalCMCTests" time="0.0"/>
  <testcase name="TestALotOfAdding" classname="LocalCMCTests" time="0.0"/>
  <testcase name="TestALotOfAdding" classname="LocalCMCTests" time="0.0"/>
  <testcase name="TestALotOfAdding" classname="LocalCMCTests" time="0.001"/>
  <testcase name="TestALotOfAdding" classname="LocalCMCTests" time="0.001"/>
  <testcase name="TestALotOfAdding" classname="LocalCMCTests" time="0.0"/>
  <testcase name="TestALotOfAdding" classname="LocalCMCTests" time="0.0"/>
  <testcase name="TestALotOfAdding" classname="LocalCMCTests" time="0.001"/>
  <testcase name="TestALotOfAdding" classname="LocalCMCTests" time="0.001"/>
  <testcase name="TestALotOfAdding" classname="LocalCMCTests" time="0.0"/>
  <testcase name="TestALotOfAdding" classname="LocalCMCTests" time="0.0"/>
  <testcase name="TestALotOfAdding" classname="LocalCMCTests" time="0.0"/>
  <testcase name="TestALotOfAdding" classname="LocalCMCTests" time="0.001"/>
  <testcase name="TestALotOfAdding" classname="LocalCMCTests" time="0.001"/>
  <testcase name="TestALotOfAdding" classname="LocalCMCTests" time="0.001"/>
  <testcase name="TestALotOfAdding" classname="LocalCMCTests" time="0.0"/>
  <testcase name="TestALotOfAdding" classname="LocalCMCTests" time="0.001"/>
  <testcase name="TestALotOfAdding" classname="LocalCMCTests" time="0.0"/>
  <testcase name="TestALotOfAdding" classname="LocalCMCTests" time="0.0"/>
  <testcase name="TestALotOfAdding" classname="LocalCMCTests" time="0.0"/>
  <testcase name="TestALotOfAdding" classname="LocalCMCTests" time="0.0"/>
  <testcase name="TestALotOfAdding" classname="LocalCMCTests" time="0.001"/>
  <testcase name="TestALotOfAdding" classname="LocalCMCTests" time="0.001"/>
  <testcase name="TestALotOfAdding" classname="LocalCMCTests" time="0.001"/>
  <testcase name="TestALotOfAdding" classname="LocalCMCTests" time="0.0"/>
  <testcase name="TestALotOfAdding" classname="LocalCMCTests" time="0.001"/>
  <testcase name="TestALotOfAdding" classname="LocalCMCTests" time="0.001"/>
  <testcase name="TestALotOfAdding" classname="LocalCMCTests" time="0.001"/>
  <testcase name="TestALotOfAdding" classname="LocalCMCTests" time="0.0"/>
  <testcase name="TestALotOfAdding" classname="LocalCMCTests" time="0.0"/>
  <testcase name="TestALotOfAdding" classname="LocalCMCTests" time="0.0"/>
  <testcase name="TestALotOfAdding" classname="LocalCMCTests" time="0.0"/>
  <testcase name="TestALotOfAdding" classname="LocalCMCTests" time="0.001"/>
  <testcase name="TestALotOfAdding" classname="LocalCMCTests" time="0.002"/>
  <testcase name="TestALotOfAdding" classname="LocalCMCTests" time="0.002"/>
  <testcase name="TestALotOfAdding" classname="LocalCMCTests" time="0.0"/>
  <testcase name="TestALotOfAdding" classname="LocalCMCTests" time="0.0"/>
  <testcase name="TestALotOfAdding" classname="LocalCMCTests" time="0.0"/>
  <testcase name="TestALotOfAdding" classname="LocalCMCTests" time="0.0"/>
  <testcase name="TestALotOfAdding" classname="LocalCMCTests" time="0.001"/>
  <testcase name="TestALotOfAdding" classname="LocalCMCTests" time="0.001"/>
  <testcase name="TestALotOfAdding" classname="LocalCMCTests" time="0.001"/>
  <testcase name="TestALotOfAdding" classname="LocalCMCTests" time="0.001"/>
  <testcase name="TestALotOfAdding" classname="LocalCMCTests" time="0.002"/>
  <testcase name="TestALotOfAdding" classname="LocalCMCTests" time="0.001"/>
  <testcase name="TestALotOfAdding" classname="LocalCMCTests" time="0.001"/>
  <testcase name="TestALotOfAdding" classname="LocalCMCTests" time="0.001"/>
  <testcase name="TestALotOfAdding" classname="LocalCMCTests" time="0.001"/>
  <testcase name="TestALotOfAdding" classname="LocalCMCTests" time="0.001"/>
  <testcase name="TestALotOfAdding" classname="LocalCMCTests" time="0.001"/>
  <testcase name="TestALotOfAdding" classname="LocalCMCTests" time="0.001"/>
  <testcase name="TestALotOfAdding" classname="LocalCMCTests" time="0.0"/>
  <testcase name="TestALotOfAdding" classname="LocalCMCTests" time="0.0"/>
  <testcase name="TestALotOfAdding" classname="LocalCMCTests" time="0.0"/>
  <testcase name="TestALotOfAdding" classname="LocalCMCTests" time="0.0"/>
  <testcase name="TestALotOfAdding" classname="LocalCMCTests" time="0.0"/>
  <testcase name="TestALotOfAdding" classname="LocalCMCTests" time="0.0"/>
  <testcase name="TestALotOfAdding" classname="LocalCMCTests" time="0.001"/>
  <testcase name="TestALotOfAdding" classname="LocalCMCTests" time="0.0"/>
  <testcase name="TestALotOfAdding" classname="LocalCMCTests" time="0.0"/>
  <testcase name="TestALotOfAdding" classname="LocalCMCTests" time="0.0"/>
  <testcase name="TestALotOfAdding" classname="LocalCMCTests" time="0.001"/>
  <testcase name="TestALotOfAdding" classname="LocalCMCTests" time="0.001"/>
  <testcase name="TestALotOfAdding" classname="LocalCMCTests" time="0.001"/>
  <testcase name="TestALotOfAdding" classname="LocalCMCTests" time="0.0"/>
  <testcase name="TestALotOfAdding" classname="LocalCMCTests" time="0.001"/>
  <testcase name="TestALotOfAdding" classname="LocalCMCTests" time="0.0"/>
  <testcase name="TestALotOfAdding" classname="LocalCMCTests" time="0.0"/>
  <testcase name="TestALotOfAdding" classname="LocalCMCTests" time="0.0"/>
  <testcase name="TestALotOfAdding" classname="LocalCMCTests" time="0.0"/>
  <testcase name="TestALotOfAdding" classname="LocalCMCTests" time="0.001"/>
  <testcase name="TestALotOfAdding" classname="LocalCMCTests" time="0.001"/>
  <testcase name="TestALotOfAdding" classname="LocalCMCTests" time="0.0"/>
  <testcase name="TestALotOfAdding" classname="LocalCMCTests" time="0.0"/>
  <testcase name="TestALotOfAdding" classname="LocalCMCTests" time="0.001"/>
  <testcase name="TestALotOfAdding" classname="LocalCMCTests" time="0.0"/>
  <testcase name="TestALotOfAdding" classname="LocalCMCTests" time="0.0"/>
  <testcase name="TestALotOfAdding" classname="LocalCMCTests" time="0.001"/>
  <testcase name="TestALotOfAdding" classname="LocalCMCTests" time="0.002"/>
  <testcase name="TestALotOfAdding" classname="LocalCMCTests" time="0.002"/>
  <testcase name="TestALotOfAdding" classname="LocalCMCTests" time="0.002"/>
  <testcase name="TestALotOfAdding" classname="LocalCMCTests" time="0.0"/>
  <testcase name="TestALotOfAdding" classname="LocalCMCTests" time="0.0"/>
  <testcase name="TestALotOfAdding" classname="LocalCMCTests" time="0.001"/>
  <testcase name="TestALotOfAdding" classname="LocalCMCTests" time="0.001"/>
  <testcase name="TestALotOfAdding" classname="LocalCMCTests" time="0.0"/>
  <testcase name="TestALotOfAdding" classname="LocalCMCTests" time="0.001"/>
  <testcase name="TestALotOfAdding" classname="LocalCMCTests" time="0.001"/>
  <testcase name="TestALotOfAdding" classname="LocalCMCTests" time="0.001"/>
  <testcase name="TestALotOfAdding" classname="LocalCMCTests" time="0.0"/>
  <testcase name="TestALotOfAdding" classname="LocalCMCTests" time="0.0"/>
  <testcase name="TestALotOfAdding" classname="LocalCMCTests" time="0.002"/>
  <testcase name="TestALotOfAdding" classname="LocalCMCTests" time="0.001"/>
  <testcase name="TestALotOfAdding" classname="LocalCMCTests" time="0.001"/>
  <testcase name="TestALotOfAdding" classname="LocalCMCTests" time="0.001"/>
  <testcase name="TestALotOfAdding" classname="LocalCMCTests" time="0.001"/>
  <testcase name="TestALotOfAdding" classname="LocalCMCTests" time="0.001"/>
  <testcase name="TestALotOfAdding" classname="LocalCMCTests" time="0.0"/>
  <testcase name="TestALotOfAdding" classname="LocalCMCTests" time="0.0"/>
  <testcase name="TestALotOfAdding" classname="LocalCMCTests" time="0.001"/>
  <testcase name="TestALotOfAdding" classname="LocalCMCTests" time="0.0"/>
  <testcase name="TestALotOfAdding" classname="LocalCMCTests" time="0.001"/>
  <testcase name="TestALotOfAdding" classname="LocalCMCTests" time="0.0"/>
  <testcase name="TestALotOfAdding" classname="LocalCMCTests" time="0.001"/>
  <testcase name="TestALotOfAdding" classname="LocalCMCTests" time="0.001"/>
  <testcase name="TestALotOfAdding" classname="LocalCMCTests" time="0.0"/>
  <testcase name="TestALotOfAdding" classname="LocalCMCTests" time="0.0"/>
  <testcase name="TestALotOfAdding" classname="LocalCMCTests" time="0.0"/>
  <testcase name="TestALotOfAdding" classname="LocalCMCTests" time="0.0"/>
  <testcase name="TestALotOfAdding" classname="LocalCMCTests" time="0.0"/>
  <testcase name="TestALotOfAdding" classname="LocalCMCTests" time="0.001"/>
  <testcase name="TestALotOfAdding" classname="LocalCMCTests" time="0.001"/>
  <testcase name="TestALotOfAdding" classname="LocalCMCTests" time="0.001"/>
  <testcase name="TestALotOfAdding" classname="LocalCMCTests" time="0.001"/>
  <testcase name="TestALotOfAdding" classname="LocalCMCTests" time="0.0"/>
  <testcase name="TestALotOfAdding" classname="LocalCMCTests" time="0.0"/>
  <testcase name="TestALotOfAdding" classname="LocalCMCTests" time="0.001"/>
  <testcase name="TestALotOfAdding" classname="LocalCMCTests" time="0.0"/>
  <testcase name="TestALotOfAdding" classname="LocalCMCTests" time="0.001"/>
  <testcase name="TestALotOfAdding" classname="LocalCMCTests" time="0.001"/>
  <testcase name="TestALotOfAdding" classname="LocalCMCTests" time="0.0"/>
  <testcase name="TestALotOfAdding" classname="LocalCMCTests" time="0.001"/>
  <testcase name="TestALotOfAdding" classname="LocalCMCTests" time="0.001"/>
  <testcase name="TestALotOfAdding" classname="LocalCMCTests" time="0.0"/>
  <testcase name="TestALotOfAdding" classname="LocalCMCTests" time="0.0"/>
  <testcase name="TestALotOfAdding" classname="LocalCMCTests" time="0.001"/>
  <testcase name="TestALotOfAdding" classname="LocalCMCTests" time="0.0"/>
  <testcase name="TestALotOfAdding" classname="LocalCMCTests" time="0.0"/>
  <testcase name="TestALotOfAdding" classname="LocalCMCTests" time="0.001"/>
  <testcase name="TestALotOfAdding" classname="LocalCMCTests" time="0.001"/>
  <testcase name="TestALotOfAdding" classname="LocalCMCTests" time="0.001"/>
  <testcase name="TestALotOfAdding" classname="LocalCMCTests" time="0.001"/>
  <testcase name="TestALotOfAdding" classname="LocalCMCTests" time="0.0"/>
  <testcase name="TestALotOfAdding" classname="LocalCMCTests" time="0.001"/>
  <testcase name="TestALotOfAdding" classname="LocalCMCTests" time="0.0"/>
  <testcase name="TestALotOfAdding" classname="LocalCMCTests" time="0.001"/>
  <testcase name="TestALotOfAdding" classname="LocalCMCTests" time="0.001"/>
  <testcase name="TestALotOfAdding" classname="LocalCMCTests" time="0.0"/>
  <testcase name="TestALotOfAdding" classname="LocalCMCTests" time="0.0"/>
  <testcase name="TestALotOfAdding" classname="LocalCMCTests" time="0.001"/>
  <testcase name="TestALotOfAdding" classname="LocalCMCTests" time="0.001"/>
  <testcase name="TestALotOfAdding" classname="LocalCMCTests" time="0.001"/>
  <testcase name="TestALotOfAdding" classname="LocalCMCTests" time="0.0"/>
  <testcase name="TestALotOfAdding" classname="LocalCMCTests" time="0.0"/>
  <testcase name="TestALotOfAdding" classname="LocalCMCTests" time="0.0"/>
  <testcase name="TestALotOfAdding" classname="LocalCMCTests" time="0.001"/>
  <testcase name="TestALotOfAdding" classname="LocalCMCTests" time="0.001"/>
  <testcase name="TestALotOfAdding" classname="LocalCMCTests" time="0.001"/>
  <testcase name="TestALotOfAdding" classname="LocalCMCTests" time="0.0"/>
  <testcase name="TestALotOfAdding" classname="LocalCMCTests" time="0.001"/>
  <testcase name="TestALotOfAdding" classname="LocalCMCTests" time="0.001"/>
  <testcase name="TestALotOfAdding" classname="LocalCMCTests" time="0.0"/>
  <testcase name="TestALotOfAdding" classname="LocalCMCTests" time="0.001"/>
  <testcase name="TestALotOfAdding" classname="LocalCMCTests" time="0.0"/>
  <testcase name="TestALotOfAdding" classname="LocalCMCTests" time="0.0"/>
  <testcase name="TestALotOfAdding" classname="LocalCMCTests" time="0.0"/>
  <testcase name="TestALotOfAdding" classname="LocalCMCTests" time="0.0"/>
  <testcase name="TestALotOfAdding" classname="LocalCMCTests" time="0.0"/>
  <testcase name="TestALotOfAdding" classname="LocalCMCTests" time="0.001"/>
  <testcase name="TestALotOfAdding" classname="LocalCMCTests" time="0.0"/>
  <testcase name="TestALotOfAdding" classname="LocalCMCTests" time="0.001"/>
  <testcase name="TestALotOfAdding" classname="LocalCMCTests" time="0.0"/>
  <testcase name="TestALotOfAdding" classname="LocalCMCTests" time="0.001"/>
  <testcase name="TestALotOfAdding" classname="LocalCMCTests" time="0.001"/>
  <testcase name="TestALotOfAdding" classname="LocalCMCTests" time="0.001"/>
  <testcase name="TestALotOfAdding" classname="LocalCMCTests" time="0.0"/>
  <testcase name="TestALotOfAdding" classname="LocalCMCTests" time="0.001"/>
  <testcase name="TestALotOfAdding" classname="LocalCMCTests" time="0.001"/>
  <testcase name="TestALotOfAdding" classname="LocalCMCTests" time="0.001"/>
  <testcase name="TestALotOfAdding" classname="LocalCMCTests" time="0.001"/>
  <testcase name="TestALotOfAdding" classname="LocalCMCTests" time="0.001"/>
  <testcase name="TestALotOfAdding" classname="LocalCMCTests" time="0.0"/>
  <testcase name="TestALotOfAdding" classname="LocalCMCTests" time="0.0"/>
  <testcase name="TestALotOfAdding" classname="LocalCMCTests" time="0.0"/>
  <testcase name="TestALotOfAdding" classname="LocalCMCTests" time="0.0"/>
  <testcase name="TestALotOfAdding" classname="LocalCMCTests" time="0.0"/>
  <testcase name="TestALotOfAdding" classname="LocalCMCTests" time="0.001"/>
  <testcase name="TestALotOfAdding" classname="LocalCMCTests" time="0.001"/>
  <testcase name="TestALotOfAdding" classname="LocalCMCTests" time="0.001"/>
  <testcase name="TestALotOfAdding" classname="LocalCMCTests" time="0.001"/>
  <testcase name="TestALotOfAdding" classname="LocalCMCTests" time="0.0"/>
  <testcase name="TestALotOfAdding" classname="LocalCMCTests" time="0.002"/>
  <testcase name="TestALotOfAdding" classname="LocalCMCTests" time="0.0"/>
  <testcase name="TestALotOfAdding" classname="LocalCMCTests" time="0.003"/>
  <testcase name="TestALotOfAdding" classname="LocalCMCTests" time="0.0"/>
  <testcase name="TestALotOfAdding" classname="LocalCMCTests" time="0.0"/>
  <testcase name="TestALotOfAdding" classname="LocalCMCTests" time="0.0"/>
  <testcase name="TestALotOfAdding" classname="LocalCMCTests" time="0.0"/>
  <testcase name="TestALotOfAdding" classname="LocalCMCTests" time="0.001"/>
  <testcase name="TestALotOfAdding" classname="LocalCMCTests" time="0.0"/>
  <testcase name="TestALotOfAdding" classname="LocalCMCTests" time="0.001"/>
  <testcase name="TestALotOfAdding" classname="LocalCMCTests" time="0.001"/>
  <testcase name="TestALotOfAdding" classname="LocalCMCTests" time="0.0"/>
  <testcase name="TestALotOfAdding" classname="LocalCMCTests" time="0.001"/>
  <testcase name="TestALotOfAdding" classname="LocalCMCTests" time="0.002"/>
  <testcase name="TestALotOfAdding" classname="LocalCMCTests" time="0.002"/>
  <testcase name="TestALotOfAdding" classname="LocalCMCTests" time="0.001"/>
  <testcase name="TestALotOfAdding" classname="LocalCMCTests" time="0.001"/>
  <testcase name="TestALotOfAdding" classname="LocalCMCTests" time="0.001"/>
  <testcase name="TestALotOfAdding" classname="LocalCMCTests" time="0.0"/>
  <testcase name="TestALotOfAdding" classname="LocalCMCTests" time="0.0"/>
  <testcase name="TestALotOfAdding" classname="LocalCMCTests" time="0.001"/>
  <testcase name="TestALotOfAdding" classname="LocalCMCTests" time="0.0"/>
  <testcase name="TestALotOfAdding" classname="LocalCMCTests" time="0.0"/>
  <testcase name="TestALotOfAdding" classname="LocalCMCTests" time="0.0"/>
  <testcase name="TestALotOfAdding" classname="LocalCMCTests" time="0.0"/>
  <testcase name="TestALotOfAdding" classname="LocalCMCTests" time="0.0"/>
  <testcase name="TestALotOfAdding" classname="LocalCMCTests" time="0.0"/>
  <testcase name="TestALotOfAdding" classname="LocalCMCTests" time="0.0"/>
  <testcase name="TestALotOfAdding" classname="LocalCMCTests" time="0.001"/>
  <testcase name="TestALotOfAdding" classname="LocalCMCTests" time="0.0"/>
  <testcase name="TestALotOfAdding" classname="LocalCMCTests" time="0.002"/>
  <testcase name="TestALotOfAdding" classname="LocalCMCTests" time="0.0"/>
  <testcase name="TestALotOfAdding" classname="LocalCMCTests" time="0.0"/>
  <testcase name="TestALotOfAdding" classname="LocalCMCTests" time="0.0"/>
  <testcase name="TestALotOfAdding" classname="LocalCMCTests" time="0.001"/>
  <testcase name="TestALotOfAdding" classname="LocalCMCTests" time="0.001"/>
  <testcase name="TestALotOfAdding" classname="LocalCMCTests" time="0.0"/>
  <testcase name="TestALotOfAdding" classname="LocalCMCTests" time="0.001"/>
  <testcase name="TestALotOfAdding" classname="LocalCMCTests" time="0.001"/>
  <testcase name="TestALotOfAdding" classname="LocalCMCTests" time="0.0"/>
  <testcase name="TestALotOfAdding" classname="LocalCMCTests" time="0.001"/>
  <testcase name="TestALotOfAdding" classname="LocalCMCTests" time="0.001"/>
  <testcase name="TestALotOfAdding" classname="LocalCMCTests" time="0.001"/>
  <testcase name="TestALotOfAdding" classname="LocalCMCTests" time="0.001"/>
  <testcase name="TestALotOfAdding" classname="LocalCMCTests" time="0.001"/>
  <testcase name="TestALotOfAdding" classname="LocalCMCTests" time="0.002"/>
  <testcase name="TestALotOfAdding" classname="LocalCMCTests" time="0.001"/>
  <testcase name="TestALotOfAdding" classname="LocalCMCTests" time="0.003"/>
  <testcase name="TestALotOfAdding" classname="LocalCMCTests" time="0.0"/>
  <testcase name="TestALotOfAdding" classname="LocalCMCTests" time="0.0"/>
  <testcase name="TestALotOfAdding" classname="LocalCMCTests" time="0.0"/>
  <testcase name="TestALotOfAdding" classname="LocalCMCTests" time="0.001"/>
  <testcase name="TestALotOfAdding" classname="LocalCMCTests" time="0.001"/>
  <testcase name="TestALotOfAdding" classname="LocalCMCTests" time="0.001"/>
  <testcase name="TestALotOfAdding" classname="LocalCMCTests" time="0.0"/>
  <testcase name="TestALotOfAdding" classname="LocalCMCTests" time="0.001"/>
  <testcase name="TestALotOfAdding" classname="LocalCMCTests" time="0.0"/>
  <testcase name="TestALotOfAdding" classname="LocalCMCTests" time="0.0"/>
  <testcase name="TestALotOfAdding" classname="LocalCMCTests" time="0.0"/>
  <testcase name="TestALotOfAdding" classname="LocalCMCTests" time="0.001"/>
  <testcase name="TestALotOfAdding" classname="LocalCMCTests" time="0.001"/>
  <testcase name="TestALotOfAdding" classname="LocalCMCTests" time="0.0"/>
  <testcase name="TestALotOfAdding" classname="LocalCMCTests" time="0.001"/>
  <testcase name="TestALotOfAdding" classname="LocalCMCTests" time="0.001"/>
  <testcase name="TestALotOfAdding" classname="LocalCMCTests" time="0.001"/>
  <testcase name="TestALotOfAdding" classname="LocalCMCTests" time="0.0"/>
  <testcase name="TestALotOfAdding" classname="LocalCMCTests" time="0.0"/>
  <testcase name="TestALotOfAdding" classname="LocalCMCTests" time="0.0"/>
  <testcase name="TestALotOfAdding" classname="LocalCMCTests" time="0.0"/>
  <testcase name="TestALotOfAdding" classname="LocalCMCTests" time="0.0"/>
  <testcase name="TestALotOfAdding" classname="LocalCMCTests" time="0.0"/>
  <testcase name="TestALotOfAdding" classname="LocalCMCTests" time="0.001"/>
  <testcase name="TestALotOfAdding" classname="LocalCMCTests" time="0.001"/>
  <testcase name="TestALotOfAdding" classname="LocalCMCTests" time="0.0"/>
  <testcase name="TestALotOfAdding" classname="LocalCMCTests" time="0.001"/>
  <testcase name="TestALotOfAdding" classname="LocalCMCTests" time="0.001"/>
  <testcase name="TestALotOfAdding" classname="LocalCMCTests" time="0.001"/>
  <testcase name="TestALotOfAdding" classname="LocalCMCTests" time="0.0"/>
  <testcase name="TestALotOfAdding" classname="LocalCMCTests" time="0.002"/>
  <testcase name="TestALotOfAdding" classname="LocalCMCTests" time="0.0"/>
  <testcase name="TestALotOfAdding" classname="LocalCMCTests" time="0.001"/>
  <testcase name="TestALotOfAdding" classname="LocalCMCTests" time="0.001"/>
  <testcase name="TestALotOfAdding" classname="LocalCMCTests" time="0.001"/>
  <testcase name="TestALotOfAdding" classname="LocalCMCTests" time="0.0"/>
  <testcase name="TestALotOfAdding" classname="LocalCMCTests" time="0.001"/>
  <testcase name="TestALotOfAdding" classname="LocalCMCTests" time="0.001"/>
  <testcase name="TestALotOfAdding" classname="LocalCMCTests" time="0.0"/>
  <testcase name="TestALotOfAdding" classname="LocalCMCTests" time="0.0"/>
  <testcase name="TestALotOfAdding" classname="LocalCMCTests" time="0.001"/>
  <testcase name="TestALotOfAdding" classname="LocalCMCTests" time="0.0"/>
  <testcase name="TestALotOfAdding" classname="LocalCMCTests" time="0.001"/>
  <testcase name="TestALotOfAdding" classname="LocalCMCTests" time="0.0"/>
  <testcase name="TestALotOfAdding" classname="LocalCMCTests" time="0.0"/>
  <testcase name="TestALotOfAdding" classname="LocalCMCTests" time="0.0"/>
  <testcase name="TestALotOfAdding" classname="LocalCMCTests" time="0.0"/>
  <testcase name="TestALotOfAdding" classname="LocalCMCTests" time="0.001"/>
  <testcase name="TestALotOfAdding" classname="LocalCMCTests" time="0.0"/>
  <testcase name="TestALotOfAdding" classname="LocalCMCTests" time="0.0"/>
  <testcase name="TestALotOfAdding" classname="LocalCMCTests" time="0.001"/>
  <testcase name="TestALotOfAdding" classname="LocalCMCTests" time="0.001"/>
  <testcase name="TestALotOfAdding" classname="LocalCMCTests" time="0.0"/>
  <testcase name="TestALotOfAdding" classname="LocalCMCTests" time="0.002"/>
  <testcase name="TestALotOfAdding" classname="LocalCMCTests" time="0.0"/>
  <testcase name="TestALotOfAdding" classname="LocalCMCTests" time="0.0"/>
  <testcase name="TestALotOfAdding" classname="LocalCMCTests" time="0.0"/>
  <testcase name="TestALotOfAdding" classname="LocalCMCTests" time="0.0"/>
  <testcase name="TestALotOfAdding" classname="LocalCMCTests" time="0.0"/>
  <testcase name="TestALotOfAdding" classname="LocalCMCTests" time="0.001"/>
  <testcase name="TestALotOfAdding" classname="LocalCMCTests" time="0.0"/>
  <testcase name="TestALotOfAdding" classname="LocalCMCTests" time="0.002"/>
  <testcase name="TestALotOfAdding" classname="LocalCMCTests" time="0.001"/>
  <testcase name="TestALotOfAdding" classname="LocalCMCTests" time="0.002"/>
  <testcase name="TestALotOfAdding" classname="LocalCMCTests" time="0.002"/>
  <testcase name="TestALotOfAdding" classname="LocalCMCTests" time="0.0"/>
  <testcase name="TestALotOfAdding" classname="LocalCMCTests" time="0.0"/>
  <testcase name="TestALotOfAdding" classname="LocalCMCTests" time="0.0"/>
  <testcase name="TestALotOfAdding" classname="LocalCMCTests" time="0.001"/>
  <testcase name="TestALotOfAdding" classname="LocalCMCTests" time="0.0"/>
  <testcase name="TestALotOfAdding" classname="LocalCMCTests" time="0.001"/>
  <testcase name="TestALotOfAdding" classname="LocalCMCTests" time="0.001"/>
  <testcase name="TestALotOfAdding" classname="LocalCMCTests" time="0.002"/>
  <testcase name="TestALotOfAdding" classname="LocalCMCTests" time="0.0"/>
  <testcase name="TestALotOfAdding" classname="LocalCMCTests" time="0.001"/>
  <testcase name="TestALotOfAdding" classname="LocalCMCTests" time="0.0"/>
  <testcase name="TestALotOfAdding" classname="LocalCMCTests" time="0.0"/>
  <testcase name="TestALotOfAdding" classname="LocalCMCTests" time="0.0"/>
  <testcase name="TestALotOfAdding" classname="LocalCMCTests" time="0.001"/>
  <testcase name="TestALotOfAdding" classname="LocalCMCTests" time="0.001"/>
  <testcase name="TestALotOfAdding" classname="LocalCMCTests" time="0.001"/>
  <testcase name="TestALotOfAdding" classname="LocalCMCTests" time="0.0"/>
  <testcase name="TestALotOfAdding" classname="LocalCMCTests" time="0.003"/>
  <testcase name="TestALotOfAdding" classname="LocalCMCTests" time="0.0"/>
  <testcase name="TestALotOfAdding" classname="LocalCMCTests" time="0.0"/>
  <testcase name="TestALotOfAdding" classname="LocalCMCTests" time="0.0"/>
  <testcase name="TestALotOfAdding" classname="LocalCMCTests" time="0.001"/>
  <testcase name="TestALotOfAdding" classname="LocalCMCTests" time="0.001"/>
  <testcase name="TestALotOfAdding" classname="LocalCMCTests" time="0.001"/>
  <testcase name="TestALotOfAdding" classname="LocalCMCTests" time="0.0"/>
  <testcase name="TestALotOfAdding" classname="LocalCMCTests" time="0.001"/>
  <testcase name="TestALotOfAdding" classname="LocalCMCTests" time="0.0"/>
  <testcase name="TestALotOfAdding" classname="LocalCMCTests" time="0.001"/>
  <testcase name="TestALotOfAdding" classname="LocalCMCTests" time="0.001"/>
  <testcase name="TestALotOfAdding" classname="LocalCMCTests" time="0.0"/>
  <testcase name="TestALotOfAdding" classname="LocalCMCTests" time="0.001"/>
  <testcase name="TestALotOfAdding" classname="LocalCMCTests" time="0.001"/>
  <testcase name="TestALotOfAdding" classname="LocalCMCTests" time="0.001"/>
  <testcase name="TestALotOfAdding" classname="LocalCMCTests" time="0.001"/>
  <testcase name="TestALotOfAdding" classname="LocalCMCTests" time="0.001"/>
  <testcase name="TestALotOfAdding" classname="LocalCMCTests" time="0.001"/>
  <testcase name="TestALotOfAdding" classname="LocalCMCTests" time="0.001"/>
  <testcase name="TestALotOfAdding" classname="LocalCMCTests" time="0.0"/>
  <testcase name="TestALotOfAdding" classname="LocalCMCTests" time="0.001"/>
  <testcase name="TestALotOfAdding" classname="LocalCMCTests" time="0.0"/>
  <testcase name="TestALotOfAdding" classname="LocalCMCTests" time="0.0"/>
  <testcase name="TestALotOfAdding" classname="LocalCMCTests" time="0.001"/>
  <testcase name="TestALotOfAdding" classname="LocalCMCTests" time="0.0"/>
  <testcase name="TestALotOfAdding" classname="LocalCMCTests" time="0.001"/>
  <testcase name="TestALotOfAdding" classname="LocalCMCTests" time="0.0"/>
  <testcase name="TestALotOfAdding" classname="LocalCMCTests" time="0.0"/>
  <testcase name="TestALotOfAdding" classname="LocalCMCTests" time="0.001"/>
  <testcase name="TestALotOfAdding" classname="LocalCMCTests" time="0.0"/>
  <testcase name="TestALotOfAdding" classname="LocalCMCTests" time="0.001"/>
  <testcase name="TestALotOfAdding" classname="LocalCMCTests" time="0.0"/>
  <testcase name="TestALotOfAdding" classname="LocalCMCTests" time="0.001"/>
  <testcase name="TestALotOfAdding" classname="LocalCMCTests" time="0.0"/>
  <testcase name="TestALotOfAdding" classname="LocalCMCTests" time="0.001"/>
  <testcase name="TestALotOfAdding" classname="LocalCMCTests" time="0.0"/>
  <testcase name="TestALotOfAdding" classname="LocalCMCTests" time="0.0"/>
  <testcase name="TestALotOfAdding" classname="LocalCMCTests" time="0.001"/>
  <testcase name="TestALotOfAdding" classname="LocalCMCTests" time="0.001"/>
  <testcase name="TestALotOfAdding" classname="LocalCMCTests" time="0.0"/>
  <testcase name="TestALotOfAdding" classname="LocalCMCTests" time="0.001"/>
  <testcase name="TestALotOfAdding" classname="LocalCMCTests" time="0.0"/>
  <testcase name="TestALotOfAdding" classname="LocalCMCTests" time="0.001"/>
  <testcase name="TestALotOfAdding" classname="LocalCMCTests" time="0.0"/>
  <testcase name="TestALotOfAdding" classname="LocalCMCTests" time="0.001"/>
  <testcase name="TestALotOfAdding" classname="LocalCMCTests" time="0.001"/>
  <testcase name="TestALotOfAdding" classname="LocalCMCTests" time="0.002"/>
  <testcase name="TestALotOfAdding" classname="LocalCMCTests" time="0.0"/>
  <testcase name="TestALotOfAdding" classname="LocalCMCTests" time="0.002"/>
  <testcase name="TestALotOfAdding" classname="LocalCMCTests" time="0.0"/>
  <testcase name="TestALotOfAdding" classname="LocalCMCTests" time="0.001"/>
  <testcase name="TestALotOfAdding" classname="LocalCMCTests" time="0.0"/>
  <testcase name="TestALotOfAdding" classname="LocalCMCTests" time="0.001"/>
  <testcase name="TestALotOfAdding" classname="LocalCMCTests" time="0.001"/>
  <testcase name="TestALotOfAdding" classname="LocalCMCTests" time="0.0"/>
  <testcase name="TestALotOfAdding" classname="LocalCMCTests" time="0.0"/>
  <testcase name="TestALotOfAdding" classname="LocalCMCTests" time="0.0"/>
  <testcase name="TestALotOfAdding" classname="LocalCMCTests" time="0.0"/>
  <testcase name="TestALotOfAdding" classname="LocalCMCTests" time="0.001"/>
  <testcase name="TestALotOfAdding" classname="LocalCMCTests" time="0.001"/>
  <testcase name="TestALotOfAdding" classname="LocalCMCTests" time="0.0"/>
  <testcase name="TestALotOfAdding" classname="LocalCMCTests" time="0.002"/>
  <testcase name="TestALotOfAdding" classname="LocalCMCTests" time="0.002"/>
  <testcase name="TestALotOfAdding" classname="LocalCMCTests" time="0.002"/>
  <testcase name="TestALotOfAdding" classname="LocalCMCTests" time="0.0"/>
  <testcase name="TestALotOfAdding" classname="LocalCMCTests" time="0.0"/>
  <testcase name="TestALotOfAdding" classname="LocalCMCTests" time="0.0"/>
  <testcase name="TestALotOfAdding" classname="LocalCMCTests" time="0.0"/>
  <testcase name="TestALotOfAdding" classname="LocalCMCTests" time="0.001"/>
  <testcase name="TestALotOfAdding" classname="LocalCMCTests" time="0.001"/>
  <testcase name="TestALotOfAdding" classname="LocalCMCTests" time="0.0"/>
  <testcase name="TestALotOfAdding" classname="LocalCMCTests" time="0.001"/>
  <testcase name="TestALotOfAdding" classname="LocalCMCTests" time="0.0"/>
  <testcase name="TestALotOfAdding" classname="LocalCMCTests" time="0.0"/>
  <testcase name="TestALotOfAdding" classname="LocalCMCTests" time="0.001"/>
  <testcase name="TestALotOfAdding" classname="LocalCMCTests" time="0.001"/>
  <testcase name="TestALotOfAdding" classname="LocalCMCTests" time="0.0"/>
  <testcase name="TestALotOfAdding" classname="LocalCMCTests" time="0.001"/>
  <testcase name="TestALotOfAdding" classname="LocalCMCTests" time="0.001"/>
  <testcase name="TestALotOfAdding" classname="LocalCMCTests" time="0.001"/>
  <testcase name="TestALotOfAdding" classname="LocalCMCTests" time="0.0"/>
  <testcase name="TestALotOfAdding" classname="LocalCMCTests" time="0.0"/>
  <testcase name="TestALotOfAdding" classname="LocalCMCTests" time="0.0"/>
  <testcase name="TestALotOfAdding" classname="LocalCMCTests" time="0.001"/>
  <testcase name="TestALotOfAdding" classname="LocalCMCTests" time="0.001"/>
  <testcase name="TestALotOfAdding" classname="LocalCMCTests" time="0.0"/>
  <testcase name="TestALotOfAdding" classname="LocalCMCTests" time="0.0"/>
  <testcase name="TestALotOfAdding" classname="LocalCMCTests" time="0.0"/>
  <testcase name="TestALotOfAdding" classname="LocalCMCTests" time="0.001"/>
  <testcase name="TestALotOfAdding" classname="LocalCMCTests" time="0.0"/>
  <testcase name="TestALotOfAdding" classname="LocalCMCTests" time="0.001"/>
  <testcase name="TestALotOfAdding" classname="LocalCMCTests" time="0.0"/>
  <testcase name="TestALotOfAdding" classname="LocalCMCTests" time="0.001"/>
  <testcase name="TestALotOfAdding" classname="LocalCMCTests" time="0.002"/>
  <testcase name="TestALotOfAdding" classname="LocalCMCTests" time="0.002"/>
  <testcase name="TestALotOfAdding" classname="LocalCMCTests" time="0.001"/>
  <testcase name="TestALotOfAdding" classname="LocalCMCTests" time="0.001"/>
  <testcase name="TestALotOfAdding" classname="LocalCMCTests" time="0.001"/>
  <testcase name="TestALotOfAdding" classname="LocalCMCTests" time="0.001"/>
  <testcase name="TestALotOfAdding" classname="LocalCMCTests" time="0.001"/>
  <testcase name="TestALotOfAdding" classname="LocalCMCTests" time="0.001"/>
  <testcase name="TestALotOfAdding" classname="LocalCMCTests" time="0.0"/>
  <testcase name="TestALotOfAdding" classname="LocalCMCTests" time="0.0"/>
  <testcase name="TestALotOfAdding" classname="LocalCMCTests" time="0.001"/>
  <testcase name="TestALotOfAdding" classname="LocalCMCTests" time="0.0"/>
  <testcase name="TestALotOfAdding" classname="LocalCMCTests" time="0.0"/>
  <testcase name="TestALotOfAdding" classname="LocalCMCTests" time="0.001"/>
  <testcase name="TestALotOfAdding" classname="LocalCMCTests" time="0.0"/>
  <testcase name="TestALotOfAdding" classname="LocalCMCTests" time="0.001"/>
  <testcase name="TestALotOfAdding" classname="LocalCMCTests" time="0.001"/>
  <testcase name="TestALotOfAdding" classname="LocalCMCTests" time="0.001"/>
  <testcase name="TestALotOfAdding" classname="LocalCMCTests" time="0.001"/>
  <testcase name="TestALotOfAdding" classname="LocalCMCTests" time="0.0"/>
  <testcase name="TestALotOfAdding" classname="LocalCMCTests" time="0.0"/>
  <testcase name="TestALotOfAdding" classname="LocalCMCTests" time="0.0"/>
  <testcase name="TestALotOfAdding" classname="LocalCMCTests" time="0.001"/>
  <testcase name="TestALotOfAdding" classname="LocalCMCTests" time="0.001"/>
  <testcase name="TestALotOfAdding" classname="LocalCMCTests" time="0.001"/>
  <testcase name="TestALotOfAdding" classname="LocalCMCTests" time="0.002"/>
  <testcase name="TestALotOfAdding" classname="LocalCMCTests" time="0.001"/>
  <testcase name="TestALotOfAdding" classname="LocalCMCTests" time="0.001"/>
  <testcase name="TestALotOfAdding" classname="LocalCMCTests" time="0.001"/>
  <testcase name="TestALotOfAdding" classname="LocalCMCTests" time="0.001"/>
  <testcase name="TestALotOfAdding" classname="LocalCMCTests" time="0.0"/>
  <testcase name="TestALotOfAdding" classname="LocalCMCTests" time="0.002"/>
  <testcase name="TestALotOfAdding" classname="LocalCMCTests" time="0.003"/>
  <testcase name="TestALotOfAdding" classname="LocalCMCTests" time="0.002"/>
  <testcase name="TestALotOfAdding" classname="LocalCMCTests" time="0.0"/>
  <testcase name="TestALotOfAdding" classname="LocalCMCTests" time="0.0"/>
  <testcase name="TestALotOfAdding" classname="LocalCMCTests" time="0.0"/>
  <testcase name="TestALotOfAdding" classname="LocalCMCTests" time="0.0"/>
  <testcase name="TestALotOfAdding" classname="LocalCMCTests" time="0.001"/>
  <testcase name="TestALotOfAdding" classname="LocalCMCTests" time="0.002"/>
  <testcase name="TestALotOfAdding" classname="LocalCMCTests" time="0.001"/>
  <testcase name="TestALotOfAdding" classname="LocalCMCTests" time="0.001"/>
  <testcase name="TestALotOfAdding" classname="LocalCMCTests" time="0.0"/>
  <testcase name="TestALotOfAdding" classname="LocalCMCTests" time="0.001"/>
  <testcase name="TestALotOfAdding" classname="LocalCMCTests" time="0.001"/>
  <testcase name="TestALotOfAdding" classname="LocalCMCTests" time="0.0"/>
  <testcase name="TestALotOfAdding" classname="LocalCMCTests" time="0.0"/>
  <testcase name="TestALotOfAdding" classname="LocalCMCTests" time="0.001"/>
  <testcase name="TestALotOfAdding" classname="LocalCMCTests" time="0.0"/>
  <testcase name="TestALotOfAdding" classname="LocalCMCTests" time="0.002"/>
  <testcase name="TestALotOfAdding" classname="LocalCMCTests" time="0.001"/>
  <testcase name="TestALotOfAdding" classname="LocalCMCTests" time="0.0"/>
  <testcase name="TestALotOfAdding" classname="LocalCMCTests" time="0.001"/>
  <testcase name="TestALotOfAdding" classname="LocalCMCTests" time="0.001"/>
  <testcase name="TestALotOfAdding" classname="LocalCMCTests" time="0.0"/>
  <testcase name="TestALotOfAdding" classname="LocalCMCTests" time="0.0"/>
  <testcase name="TestALotOfAdding" classname="LocalCMCTests" time="0.001"/>
  <testcase name="TestALotOfAdding" classname="LocalCMCTests" time="0.0"/>
  <testcase name="TestALotOfAdding" classname="LocalCMCTests" time="0.0"/>
  <testcase name="TestALotOfAdding" classname="LocalCMCTests" time="0.0"/>
  <testcase name="TestALotOfAdding" classname="LocalCMCTests" time="0.0"/>
  <testcase name="TestALotOfAdding" classname="LocalCMCTests" time="0.0"/>
  <testcase name="TestALotOfAdding" classname="LocalCMCTests" time="0.001"/>
  <testcase name="TestALotOfAdding" classname="LocalCMCTests" time="0.0"/>
  <testcase name="TestALotOfAdding" classname="LocalCMCTests" time="0.001"/>
  <testcase name="TestALotOfAdding" classname="LocalCMCTests" time="0.002"/>
  <testcase name="TestALotOfAdding" classname="LocalCMCTests" time="0.002"/>
  <testcase name="TestALotOfAdding" classname="LocalCMCTests" time="0.001"/>
  <testcase name="TestALotOfAdding" classname="LocalCMCTests" time="0.001"/>
  <testcase name="TestALotOfAdding" classname="LocalCMCTests" time="0.0"/>
  <testcase name="TestALotOfAdding" classname="LocalCMCTests" time="0.001"/>
  <testcase name="TestALotOfAdding" classname="LocalCMCTests" time="0.001"/>
  <testcase name="TestALotOfAdding" classname="LocalCMCTests" time="0.0"/>
  <testcase name="TestALotOfAdding" classname="LocalCMCTests" time="0.001"/>
  <testcase name="TestALotOfAdding" classname="LocalCMCTests" time="0.001"/>
  <testcase name="TestALotOfAdding" classname="LocalCMCTests" time="0.0"/>
  <testcase name="TestALotOfAdding" classname="LocalCMCTests" time="0.0"/>
  <testcase name="TestALotOfAdding" classname="LocalCMCTests" time="0.0"/>
  <testcase name="TestALotOfAdding" classname="LocalCMCTests" time="0.001"/>
  <testcase name="TestALotOfAdding" classname="LocalCMCTests" time="0.001"/>
  <testcase name="TestALotOfAdding" classname="LocalCMCTests" time="0.0"/>
  <testcase name="TestALotOfAdding" classname="LocalCMCTests" time="0.001"/>
  <testcase name="TestALotOfAdding" classname="LocalCMCTests" time="0.001"/>
  <testcase name="TestALotOfAdding" classname="LocalCMCTests" time="0.0"/>
  <testcase name="TestALotOfAdding" classname="LocalCMCTests" time="0.001"/>
  <testcase name="TestALotOfAdding" classname="LocalCMCTests" time="0.001"/>
  <testcase name="TestALotOfAdding" classname="LocalCMCTests" time="0.001"/>
  <testcase name="TestALotOfAdding" classname="LocalCMCTests" time="0.0"/>
  <testcase name="TestALotOfAdding" classname="LocalCMCTests" time="0.001"/>
  <testcase name="TestALotOfAdding" classname="LocalCMCTests" time="0.0"/>
  <testcase name="TestALotOfAdding" classname="LocalCMCTests" time="0.001"/>
  <testcase name="TestALotOfAdding" classname="LocalCMCTests" time="0.001"/>
  <testcase name="TestALotOfAdding" classname="LocalCMCTests" time="0.001"/>
  <testcase name="TestALotOfAdding" classname="LocalCMCTests" time="0.001"/>
  <testcase name="TestALotOfAdding" classname="LocalCMCTests" time="0.001"/>
  <testcase name="TestALotOfAdding" classname="LocalCMCTests" time="0.001"/>
  <testcase name="TestALotOfAdding" classname="LocalCMCTests" time="0.001"/>
  <testcase name="TestALotOfAdding" classname="LocalCMCTests" time="0.0"/>
  <testcase name="TestALotOfAdding" classname="LocalCMCTests" time="0.0"/>
  <testcase name="TestALotOfAdding" classname="LocalCMCTests" time="0.0"/>
  <testcase name="TestALotOfAdding" classname="LocalCMCTests" time="0.0"/>
  <testcase name="TestALotOfAdding" classname="LocalCMCTests" time="0.001"/>
  <testcase name="TestALotOfAdding" classname="LocalCMCTests" time="0.001"/>
  <testcase name="TestALotOfAdding" classname="LocalCMCTests" time="0.002"/>
  <testcase name="TestALotOfAdding" classname="LocalCMCTests" time="0.001"/>
  <testcase name="TestALotOfAdding" classname="LocalCMCTests" time="0.001"/>
  <testcase name="TestALotOfAdding" classname="LocalCMCTests" time="0.0"/>
  <testcase name="TestALotOfAdding" classname="LocalCMCTests" time="0.0"/>
  <testcase name="TestALotOfAdding" classname="LocalCMCTests" time="0.0"/>
  <testcase name="TestALotOfAdding" classname="LocalCMCTests" time="0.0"/>
  <testcase name="TestALotOfAdding" classname="LocalCMCTests" time="0.0"/>
  <testcase name="TestALotOfAdding" classname="LocalCMCTests" time="0.001"/>
  <testcase name="TestALotOfAdding" classname="LocalCMCTests" time="0.001"/>
  <testcase name="TestALotOfAdding" classname="LocalCMCTests" time="0.0"/>
  <testcase name="TestALotOfAdding" classname="LocalCMCTests" time="0.001"/>
  <testcase name="TestALotOfAdding" classname="LocalCMCTests" time="0.001"/>
  <testcase name="TestALotOfAdding" classname="LocalCMCTests" time="0.001"/>
  <testcase name="TestALotOfAdding" classname="LocalCMCTests" time="0.0"/>
  <testcase name="TestALotOfAdding" classname="LocalCMCTests" time="0.001"/>
  <testcase name="TestALotOfAdding" classname="LocalCMCTests" time="0.0"/>
  <testcase name="TestALotOfAdding" classname="LocalCMCTests" time="0.001"/>
  <testcase name="TestALotOfAdding" classname="LocalCMCTests" time="0.0"/>
  <testcase name="TestALotOfAdding" classname="LocalCMCTests" time="0.0"/>
  <testcase name="TestALotOfAdding" classname="LocalCMCTests" time="0.0"/>
  <testcase name="TestALotOfAdding" classname="LocalCMCTests" time="0.0"/>
  <testcase name="TestALotOfAdding" classname="LocalCMCTests" time="0.002"/>
  <testcase name="TestALotOfAdding" classname="LocalCMCTests" time="0.001"/>
  <testcase name="TestALotOfAdding" classname="LocalCMCTests" time="0.001"/>
  <testcase name="TestALotOfAdding" classname="LocalCMCTests" time="0.0"/>
  <testcase name="TestALotOfAdding" classname="LocalCMCTests" time="0.001"/>
  <testcase name="TestALotOfAdding" classname="LocalCMCTests" time="0.001"/>
  <testcase name="TestALotOfAdding" classname="LocalCMCTests" time="0.0"/>
  <testcase name="TestALotOfAdding" classname="LocalCMCTests" time="0.001"/>
  <testcase name="TestALotOfAdding" classname="LocalCMCTests" time="0.0"/>
  <testcase name="TestALotOfAdding" classname="LocalCMCTests" time="0.0"/>
  <testcase name="TestALotOfAdding" classname="LocalCMCTests" time="0.0"/>
  <testcase name="TestALotOfAdding" classname="LocalCMCTests" time="0.0"/>
  <testcase name="TestALotOfAdding" classname="LocalCMCTests" time="0.002"/>
  <testcase name="TestALotOfAdding" classname="LocalCMCTests" time="0.0"/>
  <testcase name="TestALotOfAdding" classname="LocalCMCTests" time="0.001"/>
  <testcase name="TestALotOfAdding" classname="LocalCMCTests" time="0.0"/>
  <testcase name="TestALotOfAdding" classname="LocalCMCTests" time="0.001"/>
  <testcase name="TestALotOfAdding" classname="LocalCMCTests" time="0.0"/>
  <testcase name="TestALotOfAdding" classname="LocalCMCTests" time="0.002"/>
  <testcase name="TestALotOfAdding" classname="LocalCMCTests" time="0.001"/>
  <testcase name="TestALotOfAdding" classname="LocalCMCTests" time="0.0"/>
  <testcase name="TestALotOfAdding" classname="LocalCMCTests" time="0.001"/>
  <testcase name="TestALotOfAdding" classname="LocalCMCTests" time="0.001"/>
  <testcase name="TestALotOfAdding" classname="LocalCMCTests" time="0.0"/>
  <testcase name="TestALotOfAdding" classname="LocalCMCTests" time="0.0"/>
  <testcase name="TestALotOfAdding" classname="LocalCMCTests" time="0.001"/>
  <testcase name="TestALotOfAdding" classname="LocalCMCTests" time="0.0"/>
  <testcase name="TestALotOfAdding" classname="LocalCMCTests" time="0.001"/>
  <testcase name="TestALotOfAdding" classname="LocalCMCTests" time="0.001"/>
  <testcase name="TestALotOfAdding" classname="LocalCMCTests" time="0.0"/>
  <testcase name="TestALotOfAdding" classname="LocalCMCTests" time="0.001"/>
  <testcase name="TestALotOfAdding" classname="LocalCMCTests" time="0.0"/>
  <testcase name="TestALotOfAdding" classname="LocalCMCTests" time="0.0"/>
  <testcase name="TestALotOfAdding" classname="LocalCMCTests" time="0.001"/>
  <testcase name="TestALotOfAdding" classname="LocalCMCTests" time="0.002"/>
  <testcase name="TestALotOfAdding" classname="LocalCMCTests" time="0.002"/>
  <testcase name="TestALotOfAdding" classname="LocalCMCTests" time="0.0"/>
  <testcase name="TestALotOfAdding" classname="LocalCMCTests" time="0.001"/>
  <testcase name="TestALotOfAdding" classname="LocalCMCTests" time="0.002"/>
  <testcase name="TestALotOfAdding" classname="LocalCMCTests" time="0.0"/>
  <testcase name="TestALotOfAdding" classname="LocalCMCTests" time="0.001"/>
  <testcase name="TestALotOfAdding" classname="LocalCMCTests" time="0.0"/>
  <testcase name="TestALotOfAdding" classname="LocalCMCTests" time="0.0"/>
  <testcase name="TestALotOfAdding" classname="LocalCMCTests" time="0.0"/>
  <testcase name="TestALotOfAdding" classname="LocalCMCTests" time="0.001"/>
  <testcase name="TestALotOfAdding" classname="LocalCMCTests" time="0.001"/>
  <testcase name="TestALotOfAdding" classname="LocalCMCTests" time="0.001"/>
  <testcase name="TestALotOfAdding" classname="LocalCMCTests" time="0.0"/>
  <testcase name="TestALotOfAdding" classname="LocalCMCTests" time="0.001"/>
  <testcase name="TestALotOfAdding" classname="LocalCMCTests" time="0.001"/>
  <testcase name="TestALotOfAdding" classname="LocalCMCTests" time="0.001"/>
  <testcase name="TestALotOfAdding" classname="LocalCMCTests" time="0.0"/>
  <testcase name="TestALotOfAdding" classname="LocalCMCTests" time="0.0"/>
  <testcase name="TestALotOfAdding" classname="LocalCMCTests" time="0.001"/>
  <testcase name="TestALotOfAdding" classname="LocalCMCTests" time="0.0"/>
  <testcase name="TestALotOfAdding" classname="LocalCMCTests" time="0.001"/>
  <testcase name="TestALotOfAdding" classname="LocalCMCTests" time="0.001"/>
  <testcase name="TestALotOfAdding" classname="LocalCMCTests" time="0.0"/>
  <testcase name="TestALotOfAdding" classname="LocalCMCTests" time="0.0"/>
  <testcase name="TestALotOfAdding" classname="LocalCMCTests" time="0.0"/>
  <testcase name="TestALotOfAdding" classname="LocalCMCTests" time="0.001"/>
  <testcase name="TestALotOfAdding" classname="LocalCMCTests" time="0.001"/>
  <testcase name="TestALotOfAdding" classname="LocalCMCTests" time="0.0"/>
  <testcase name="TestALotOfAdding" classname="LocalCMCTests" time="0.002"/>
  <testcase name="TestALotOfAdding" classname="LocalCMCTests" time="0.0"/>
  <testcase name="TestALotOfAdding" classname="LocalCMCTests" time="0.001"/>
  <testcase name="TestALotOfAdding" classname="LocalCMCTests" time="0.001"/>
  <testcase name="TestALotOfAdding" classname="LocalCMCTests" time="0.001"/>
  <testcase name="TestALotOfAdding" classname="LocalCMCTests" time="0.001"/>
  <testcase name="TestALotOfAdding" classname="LocalCMCTests" time="0.001"/>
  <testcase name="TestALotOfAdding" classname="LocalCMCTests" time="0.0"/>
  <testcase name="TestALotOfAdding" classname="LocalCMCTests" time="0.0"/>
  <testcase name="TestALotOfAdding" classname="LocalCMCTests" time="0.0"/>
  <testcase name="TestALotOfAdding" classname="LocalCMCTests" time="0.001"/>
  <testcase name="TestALotOfAdding" classname="LocalCMCTests" time="0.0"/>
  <testcase name="TestALotOfAdding" classname="LocalCMCTests" time="0.001"/>
  <testcase name="TestALotOfAdding" classname="LocalCMCTests" time="0.001"/>
  <testcase name="TestALotOfAdding" classname="LocalCMCTests" time="0.0"/>
  <testcase name="TestALotOfAdding" classname="LocalCMCTests" time="0.002"/>
  <testcase name="TestALotOfAdding" classname="LocalCMCTests" time="0.0"/>
  <testcase name="TestALotOfAdding" classname="LocalCMCTests" time="0.001"/>
  <testcase name="TestALotOfAdding" classname="LocalCMCTests" time="0.002"/>
  <testcase name="TestALotOfAdding" classname="LocalCMCTests" time="0.0"/>
  <testcase name="TestALotOfAdding" classname="LocalCMCTests" time="0.001"/>
  <testcase name="TestALotOfAdding" classname="LocalCMCTests" time="0.001"/>
  <testcase name="TestALotOfAdding" classname="LocalCMCTests" time="0.001"/>
  <testcase name="TestALotOfAdding" classname="LocalCMCTests" time="0.001"/>
  <testcase name="TestALotOfAdding" classname="LocalCMCTests" time="0.0"/>
  <testcase name="TestALotOfAdding" classname="LocalCMCTests" time="0.0"/>
  <testcase name="TestALotOfAdding" classname="LocalCMCTests" time="0.0"/>
  <testcase name="TestALotOfAdding" classname="LocalCMCTests" time="0.0"/>
  <testcase name="TestALotOfAdding" classname="LocalCMCTests" time="0.001"/>
  <testcase name="TestALotOfAdding" classname="LocalCMCTests" time="0.001"/>
  <testcase name="TestALotOfAdding" classname="LocalCMCTests" time="0.0"/>
  <testcase name="TestALotOfAdding" classname="LocalCMCTests" time="0.002"/>
  <testcase name="TestALotOfAdding" classname="LocalCMCTests" time="0.002"/>
  <testcase name="TestALotOfAdding" classname="LocalCMCTests" time="0.001"/>
  <testcase name="TestALotOfAdding" classname="LocalCMCTests" time="0.001"/>
  <testcase name="TestALotOfAdding" classname="LocalCMCTests" time="0.001"/>
  <testcase name="TestALotOfAdding" classname="LocalCMCTests" time="0.0"/>
  <testcase name="TestALotOfAdding" classname="LocalCMCTests" time="0.0"/>
  <testcase name="TestALotOfAdding" classname="LocalCMCTests" time="0.001"/>
  <testcase name="TestALotOfAdding" classname="LocalCMCTests" time="0.0"/>
  <testcase name="TestALotOfAdding" classname="LocalCMCTests" time="0.001"/>
  <testcase name="TestALotOfAdding" classname="LocalCMCTests" time="0.001"/>
  <testcase name="TestALotOfAdding" classname="LocalCMCTests" time="0.0"/>
  <testcase name="TestALotOfAdding" classname="LocalCMCTests" time="0.001"/>
  <testcase name="TestALotOfAdding" classname="LocalCMCTests" time="0.0"/>
  <testcase name="TestALotOfAdding" classname="LocalCMCTests" time="0.0"/>
  <testcase name="TestALotOfAdding" classname="LocalCMCTests" time="0.001"/>
  <testcase name="TestALotOfAdding" classname="LocalCMCTests" time="0.001"/>
  <testcase name="TestALotOfAdding" classname="LocalCMCTests" time="0.001"/>
  <testcase name="TestALotOfAdding" classname="LocalCMCTests" time="0.001"/>
  <testcase name="TestALotOfAdding" classname="LocalCMCTests" time="0.001"/>
  <testcase name="TestALotOfAdding" classname="LocalCMCTests" time="0.0"/>
  <testcase name="TestALotOfAdding" classname="LocalCMCTests" time="0.0"/>
  <testcase name="TestALotOfAdding" classname="LocalCMCTests" time="0.002"/>
  <testcase name="TestALotOfAdding" classname="LocalCMCTests" time="0.0"/>
  <testcase name="TestALotOfAdding" classname="LocalCMCTests" time="0.0"/>
  <testcase name="TestALotOfAdding" classname="LocalCMCTests" time="0.001"/>
  <testcase name="TestALotOfAdding" classname="LocalCMCTests" time="0.001"/>
  <testcase name="TestALotOfAdding" classname="LocalCMCTests" time="0.001"/>
  <testcase name="TestALotOfAdding" classname="LocalCMCTests" time="0.0"/>
  <testcase name="TestALotOfAdding" classname="LocalCMCTests" time="0.0"/>
  <testcase name="TestALotOfAdding" classname="LocalCMCTests" time="0.0"/>
  <testcase name="TestALotOfAdding" classname="LocalCMCTests" time="0.001"/>
  <testcase name="TestALotOfAdding" classname="LocalCMCTests" time="0.001"/>
  <testcase name="TestALotOfAdding" classname="LocalCMCTests" time="0.001"/>
  <testcase name="TestALotOfAdding" classname="LocalCMCTests" time="0.0"/>
  <testcase name="TestALotOfAdding" classname="LocalCMCTests" time="0.001"/>
  <testcase name="TestALotOfAdding" classname="LocalCMCTests" time="0.0"/>
  <testcase name="TestALotOfAdding" classname="LocalCMCTests" time="0.0"/>
  <testcase name="TestALotOfAdding" classname="LocalCMCTests" time="0.001"/>
  <testcase name="TestALotOfAdding" classname="LocalCMCTests" time="0.0"/>
  <testcase name="TestALotOfAdding" classname="LocalCMCTests" time="0.001"/>
  <testcase name="TestALotOfAdding" classname="LocalCMCTests" time="0.0"/>
  <testcase name="TestALotOfAdding" classname="LocalCMCTests" time="0.001"/>
  <testcase name="TestALotOfAdding" classname="LocalCMCTests" time="0.0"/>
  <testcase name="TestALotOfAdding" classname="LocalCMCTests" time="0.0"/>
  <testcase name="TestALotOfAdding" classname="LocalCMCTests" time="0.001"/>
  <testcase name="TestALotOfAdding" classname="LocalCMCTests" time="0.0"/>
  <testcase name="TestALotOfAdding" classname="LocalCMCTests" time="0.0"/>
  <testcase name="TestALotOfAdding" classname="LocalCMCTests" time="0.001"/>
  <testcase name="TestALotOfAdding" classname="LocalCMCTests" time="0.002"/>
  <testcase name="TestALotOfAdding" classname="LocalCMCTests" time="0.0"/>
  <testcase name="TestALotOfAdding" classname="LocalCMCTests" time="0.0"/>
  <testcase name="TestALotOfAdding" classname="LocalCMCTests" time="0.001"/>
  <testcase name="TestALotOfAdding" classname="LocalCMCTests" time="0.001"/>
  <testcase name="TestALotOfAdding" classname="LocalCMCTests" time="0.0"/>
  <testcase name="TestALotOfAdding" classname="LocalCMCTests" time="0.002"/>
  <testcase name="TestALotOfAdding" classname="LocalCMCTests" time="0.001"/>
  <testcase name="TestALotOfAdding" classname="LocalCMCTests" time="0.001"/>
  <testcase name="TestALotOfAdding" classname="LocalCMCTests" time="0.001"/>
  <testcase name="TestALotOfAdding" classname="LocalCMCTests" time="0.0"/>
  <testcase name="TestALotOfAdding" classname="LocalCMCTests" time="0.0"/>
  <testcase name="TestALotOfAdding" classname="LocalCMCTests" time="0.0"/>
  <testcase name="TestALotOfAdding" classname="LocalCMCTests" time="0.001"/>
  <testcase name="TestALotOfAdding" classname="LocalCMCTests" time="0.0"/>
  <testcase name="TestALotOfAdding" classname="LocalCMCTests" time="0.001"/>
  <testcase name="TestALotOfAdding" classname="LocalCMCTests" time="0.0"/>
  <testcase name="TestALotOfAdding" classname="LocalCMCTests" time="0.0"/>
  <testcase name="TestALotOfAdding" classname="LocalCMCTests" time="0.001"/>
  <testcase name="TestALotOfAdding" classname="LocalCMCTests" time="0.003"/>
  <testcase name="TestALotOfAdding" classname="LocalCMCTests" time="0.0"/>
  <testcase name="TestALotOfAdding" classname="LocalCMCTests" time="0.001"/>
  <testcase name="TestALotOfAdding" classname="LocalCMCTests" time="0.0"/>
  <testcase name="TestALotOfAdding" classname="LocalCMCTests" time="0.0"/>
  <testcase name="TestALotOfAdding" classname="LocalCMCTests" time="0.0"/>
  <testcase name="TestALotOfAdding" classname="LocalCMCTests" time="0.0"/>
  <testcase name="TestALotOfAdding" classname="LocalCMCTests" time="0.001"/>
  <testcase name="TestALotOfAdding" classname="LocalCMCTests" time="0.0"/>
  <testcase name="TestALotOfAdding" classname="LocalCMCTests" time="0.001"/>
  <testcase name="TestALotOfAdding" classname="LocalCMCTests" time="0.002"/>
  <testcase name="TestALotOfAdding" classname="LocalCMCTests" time="0.002"/>
  <testcase name="TestALotOfAdding" classname="LocalCMCTests" time="0.0"/>
  <testcase name="TestALotOfAdding" classname="LocalCMCTests" time="0.001"/>
  <testcase name="TestALotOfAdding" classname="LocalCMCTests" time="0.001"/>
  <testcase name="TestALotOfAdding" classname="LocalCMCTests" time="0.001"/>
  <testcase name="TestALotOfAdding" classname="LocalCMCTests" time="0.0"/>
  <testcase name="TestALotOfAdding" classname="LocalCMCTests" time="0.0"/>
  <testcase name="TestALotOfAdding" classname="LocalCMCTests" time="0.001"/>
  <testcase name="TestALotOfAdding" classname="LocalCMCTests" time="0.0"/>
  <testcase name="TestALotOfAdding" classname="LocalCMCTests" time="0.0"/>
  <testcase name="TestALotOfAdding" classname="LocalCMCTests" time="0.0"/>
  <testcase name="TestALotOfAdding" classname="LocalCMCTests" time="0.0"/>
  <testcase name="TestALotOfAdding" classname="LocalCMCTests" time="0.0"/>
  <testcase name="TestALotOfAdding" classname="LocalCMCTests" time="0.0"/>
  <testcase name="TestALotOfAdding" classname="LocalCMCTests" time="0.002"/>
  <testcase name="TestALotOfAdding" classname="LocalCMCTests" time="0.001"/>
  <testcase name="TestALotOfAdding" classname="LocalCMCTests" time="0.001"/>
  <testcase name="TestALotOfAdding" classname="LocalCMCTests" time="0.0"/>
  <testcase name="TestALotOfAdding" classname="LocalCMCTests" time="0.0"/>
  <testcase name="TestALotOfAdding" classname="LocalCMCTests" time="0.0"/>
  <testcase name="TestALotOfAdding" classname="LocalCMCTests" time="0.001"/>
  <testcase name="TestALotOfAdding" classname="LocalCMCTests" time="0.001"/>
  <testcase name="TestALotOfAdding" classname="LocalCMCTests" time="0.001"/>
  <testcase name="TestALotOfAdding" classname="LocalCMCTests" time="0.0"/>
  <testcase name="TestALotOfAdding" classname="LocalCMCTests" time="0.001"/>
  <testcase name="TestALotOfAdding" classname="LocalCMCTests" time="0.0"/>
  <testcase name="TestALotOfAdding" classname="LocalCMCTests" time="0.0"/>
  <testcase name="TestALotOfAdding" classname="LocalCMCTests" time="0.001"/>
  <testcase name="TestALotOfAdding" classname="LocalCMCTests" time="0.001"/>
  <testcase name="TestALotOfAdding" classname="LocalCMCTests" time="0.0"/>
  <testcase name="TestALotOfAdding" classname="LocalCMCTests" time="0.0"/>
  <testcase name="TestALotOfAdding" classname="LocalCMCTests" time="0.001"/>
  <testcase name="TestALotOfAdding" classname="LocalCMCTests" time="0.001"/>
  <testcase name="TestALotOfAdding" classname="LocalCMCTests" time="0.001"/>
  <testcase name="TestALotOfAdding" classname="LocalCMCTests" time="0.001"/>
  <testcase name="TestALotOfAdding" classname="LocalCMCTests" time="0.0"/>
  <testcase name="TestALotOfAdding" classname="LocalCMCTests" time="0.0"/>
  <testcase name="TestALotOfAdding" classname="LocalCMCTests" time="0.0"/>
  <testcase name="TestALotOfAdding" classname="LocalCMCTests" time="0.001"/>
  <testcase name="TestALotOfAdding" classname="LocalCMCTests" time="0.0"/>
  <testcase name="TestALotOfAdding" classname="LocalCMCTests" time="0.001"/>
  <testcase name="TestALotOfAdding" classname="LocalCMCTests" time="0.0"/>
  <testcase name="TestALotOfAdding" classname="LocalCMCTests" time="0.001"/>
  <testcase name="TestALotOfAdding" classname="LocalCMCTests" time="0.0"/>
  <testcase name="TestALotOfAdding" classname="LocalCMCTests" time="0.003"/>
  <testcase name="TestALotOfAdding" classname="LocalCMCTests" time="0.001"/>
  <testcase name="TestALotOfAdding" classname="LocalCMCTests" time="0.0"/>
  <testcase name="TestALotOfAdding" classname="LocalCMCTests" time="0.0"/>
  <testcase name="TestALotOfAdding" classname="LocalCMCTests" time="0.002"/>
  <testcase name="TestALotOfAdding" classname="LocalCMCTests" time="0.0"/>
  <testcase name="TestALotOfAdding" classname="LocalCMCTests" time="0.001"/>
  <testcase name="TestALotOfAdding" classname="LocalCMCTests" time="0.001"/>
  <testcase name="TestALotOfAdding" classname="LocalCMCTests" time="0.001"/>
  <testcase name="TestALotOfAdding" classname="LocalCMCTests" time="0.0"/>
  <testcase name="TestALotOfAdding" classname="LocalCMCTests" time="0.0"/>
  <testcase name="TestALotOfAdding" classname="LocalCMCTests" time="0.001"/>
  <testcase name="TestALotOfAdding" classname="LocalCMCTests" time="0.0"/>
  <testcase name="TestALotOfAdding" classname="LocalCMCTests" time="0.001"/>
  <testcase name="TestALotOfAdding" classname="LocalCMCTests" time="0.001"/>
  <testcase name="TestALotOfAdding" classname="LocalCMCTests" time="0.001"/>
  <testcase name="TestALotOfAdding" classname="LocalCMCTests" time="0.0"/>
  <testcase name="TestALotOfAdding" classname="LocalCMCTests" time="0.0"/>
  <testcase name="TestALotOfAdding" classname="LocalCMCTests" time="0.001"/>
  <testcase name="TestALotOfAdding" classname="LocalCMCTests" time="0.001"/>
  <testcase name="TestALotOfAdding" classname="LocalCMCTests" time="0.002"/>
  <testcase name="TestALotOfAdding" classname="LocalCMCTests" time="0.0"/>
  <testcase name="TestALotOfAdding" classname="LocalCMCTests" time="0.001"/>
  <testcase name="TestALotOfAdding" classname="LocalCMCTests" time="0.001"/>
  <testcase name="TestALotOfAdding" classname="LocalCMCTests" time="0.001"/>
  <testcase name="TestALotOfAdding" classname="LocalCMCTests" time="0.001"/>
  <testcase name="TestALotOfAdding" classname="LocalCMCTests" time="0.0"/>
  <testcase name="TestALotOfAdding" classname="LocalCMCTests" time="0.0"/>
  <testcase name="TestALotOfAdding" classname="LocalCMCTests" time="0.0"/>
  <testcase name="TestALotOfAdding" classname="LocalCMCTests" time="0.0"/>
  <testcase name="TestALotOfAdding" classname="LocalCMCTests" time="0.0"/>
  <testcase name="TestALotOfAdding" classname="LocalCMCTests" time="0.0"/>
  <testcase name="TestALotOfAdding" classname="LocalCMCTests" time="0.0"/>
  <testcase name="TestALotOfAdding" classname="LocalCMCTests" time="0.0"/>
  <testcase name="TestALotOfAdding" classname="LocalCMCTests" time="0.001"/>
  <testcase name="TestALotOfAdding" classname="LocalCMCTests" time="0.001"/>
  <testcase name="TestALotOfAdding" classname="LocalCMCTests" time="0.0"/>
  <testcase name="TestALotOfAdding" classname="LocalCMCTests" time="0.001"/>
  <testcase name="TestALotOfAdding" classname="LocalCMCTests" time="0.0"/>
  <testcase name="TestALotOfAdding" classname="LocalCMCTests" time="0.0"/>
  <testcase name="TestALotOfAdding" classname="LocalCMCTests" time="0.0"/>
  <testcase name="TestALotOfAdding" classname="LocalCMCTests" time="0.001"/>
  <testcase name="TestALotOfAdding" classname="LocalCMCTests" time="0.001"/>
  <testcase name="TestALotOfAdding" classname="LocalCMCTests" time="0.0"/>
  <testcase name="TestALotOfAdding" classname="LocalCMCTests" time="0.001"/>
  <testcase name="TestALotOfAdding" classname="LocalCMCTests" time="0.0"/>
  <testcase name="TestALotOfAdding" classname="LocalCMCTests" time="0.0"/>
  <testcase name="TestALotOfAdding" classname="LocalCMCTests" time="0.0"/>
  <testcase name="TestALotOfAdding" classname="LocalCMCTests" time="0.0"/>
  <testcase name="TestALotOfAdding" classname="LocalCMCTests" time="0.001"/>
  <testcase name="TestALotOfAdding" classname="LocalCMCTests" time="0.001"/>
  <testcase name="TestALotOfAdding" classname="LocalCMCTests" time="0.001"/>
  <testcase name="TestALotOfAdding" classname="LocalCMCTests" time="0.001"/>
  <testcase name="TestALotOfAdding" classname="LocalCMCTests" time="0.001"/>
  <testcase name="TestALotOfAdding" classname="LocalCMCTests" time="0.0"/>
  <testcase name="TestALotOfAdding" classname="LocalCMCTests" time="0.001"/>
  <testcase name="TestALotOfAdding" classname="LocalCMCTests" time="0.001"/>
  <testcase name="TestALotOfAdding" classname="LocalCMCTests" time="0.001"/>
  <testcase name="TestALotOfAdding" classname="LocalCMCTests" time="0.0"/>
  <testcase name="TestALotOfAdding" classname="LocalCMCTests" time="0.0"/>
  <testcase name="TestALotOfAdding" classname="LocalCMCTests" time="0.0"/>
  <testcase name="TestALotOfAdding" classname="LocalCMCTests" time="0.0"/>
  <testcase name="TestALotOfAdding" classname="LocalCMCTests" time="0.001"/>
  <testcase name="TestALotOfAdding" classname="LocalCMCTests" time="0.001"/>
  <testcase name="TestALotOfAdding" classname="LocalCMCTests" time="0.0"/>
  <testcase name="TestALotOfAdding" classname="LocalCMCTests" time="0.0"/>
  <testcase name="TestALotOfAdding" classname="LocalCMCTests" time="0.002"/>
  <testcase name="TestALotOfAdding" classname="LocalCMCTests" time="0.002"/>
  <testcase name="TestALotOfAdding" classname="LocalCMCTests" time="0.004"/>
  <testcase name="TestALotOfAdding" classname="LocalCMCTests" time="0.0"/>
  <testcase name="TestALotOfAdding" classname="LocalCMCTests" time="0.0"/>
  <testcase name="TestALotOfAdding" classname="LocalCMCTests" time="0.001"/>
  <testcase name="TestALotOfAdding" classname="LocalCMCTests" time="0.001"/>
  <testcase name="TestALotOfAdding" classname="LocalCMCTests" time="0.001"/>
  <testcase name="TestALotOfAdding" classname="LocalCMCTests" time="0.001"/>
  <testcase name="TestALotOfAdding" classname="LocalCMCTests" time="0.001"/>
  <testcase name="TestALotOfAdding" classname="LocalCMCTests" time="0.001"/>
  <testcase name="TestALotOfAdding" classname="LocalCMCTests" time="0.0"/>
  <testcase name="TestALotOfAdding" classname="LocalCMCTests" time="0.0"/>
  <testcase name="TestALotOfAdding" classname="LocalCMCTests" time="0.001"/>
  <testcase name="TestALotOfAdding" classname="LocalCMCTests" time="0.0"/>
  <testcase name="TestALotOfAdding" classname="LocalCMCTests" time="0.0"/>
  <testcase name="TestALotOfAdding" classname="LocalCMCTests" time="0.0"/>
  <testcase name="TestALotOfAdding" classname="LocalCMCTests" time="0.001"/>
  <testcase name="TestALotOfAdding" classname="LocalCMCTests" time="0.0"/>
  <testcase name="TestALotOfAdding" classname="LocalCMCTests" time="0.001"/>
  <testcase name="TestALotOfAdding" classname="LocalCMCTests" time="0.001"/>
  <testcase name="TestALotOfAdding" classname="LocalCMCTests" time="0.001"/>
  <testcase name="TestALotOfAdding" classname="LocalCMCTests" time="0.0"/>
  <testcase name="TestALotOfAdding" classname="LocalCMCTests" time="0.0"/>
  <testcase name="TestALotOfAdding" classname="LocalCMCTests" time="0.001"/>
  <testcase name="TestALotOfAdding" classname="LocalCMCTests" time="0.0"/>
  <testcase name="TestALotOfAdding" classname="LocalCMCTests" time="0.001"/>
  <testcase name="TestALotOfAdding" classname="LocalCMCTests" time="0.001"/>
  <testcase name="TestALotOfAdding" classname="LocalCMCTests" time="0.0"/>
  <testcase name="TestALotOfAdding" classname="LocalCMCTests" time="0.0"/>
  <testcase name="TestALotOfAdding" classname="LocalCMCTests" time="0.0"/>
  <testcase name="TestALotOfAdding" classname="LocalCMCTests" time="0.001"/>
  <testcase name="TestALotOfAdding" classname="LocalCMCTests" time="0.0"/>
  <testcase name="TestALotOfAdding" classname="LocalCMCTests" time="0.001"/>
  <testcase name="TestALotOfAdding" classname="LocalCMCTests" time="0.002"/>
  <testcase name="TestALotOfAdding" classname="LocalCMCTests" time="0.001"/>
  <testcase name="TestALotOfAdding" classname="LocalCMCTests" time="0.001"/>
  <testcase name="TestALotOfAdding" classname="LocalCMCTests" time="0.001"/>
  <testcase name="TestALotOfAdding" classname="LocalCMCTests" time="0.001"/>
  <testcase name="TestALotOfAdding" classname="LocalCMCTests" time="0.001"/>
  <testcase name="TestALotOfAdding" classname="LocalCMCTests" time="0.0"/>
  <testcase name="TestALotOfAdding" classname="LocalCMCTests" time="0.0"/>
  <testcase name="TestALotOfAdding" classname="LocalCMCTests" time="0.0"/>
  <testcase name="TestALotOfAdding" classname="LocalCMCTests" time="0.001"/>
  <testcase name="TestALotOfAdding" classname="LocalCMCTests" time="0.0"/>
  <testcase name="TestALotOfAdding" classname="LocalCMCTests" time="0.001"/>
  <testcase name="TestALotOfAdding" classname="LocalCMCTests" time="0.0"/>
  <testcase name="TestALotOfAdding" classname="LocalCMCTests" time="0.0"/>
  <testcase name="TestALotOfAdding" classname="LocalCMCTests" time="0.0"/>
  <testcase name="TestALotOfAdding" classname="LocalCMCTests" time="0.0"/>
  <testcase name="TestALotOfAdding" classname="LocalCMCTests" time="0.001"/>
  <testcase name="TestALotOfAdding" classname="LocalCMCTests" time="0.0"/>
  <testcase name="TestALotOfAdding" classname="LocalCMCTests" time="0.001"/>
  <testcase name="TestALotOfAdding" classname="LocalCMCTests" time="0.001"/>
  <testcase name="TestALotOfAdding" classname="LocalCMCTests" time="0.001"/>
  <testcase name="TestALotOfAdding" classname="LocalCMCTests" time="0.001"/>
  <testcase name="TestALotOfAdding" classname="LocalCMCTests" time="0.001"/>
  <testcase name="TestALotOfAdding" classname="LocalCMCTests" time="0.001"/>
  <testcase name="TestALotOfAdding" classname="LocalCMCTests" time="0.001"/>
  <testcase name="TestALotOfAdding" classname="LocalCMCTests" time="0.0"/>
  <testcase name="TestALotOfAdding" classname="LocalCMCTests" time="0.0"/>
  <testcase name="TestALotOfAdding" classname="LocalCMCTests" time="0.0"/>
  <testcase name="TestALotOfAdding" classname="LocalCMCTests" time="0.0"/>
  <testcase name="TestALotOfAdding" classname="LocalCMCTests" time="0.0"/>
  <testcase name="TestALotOfAdding" classname="LocalCMCTests" time="0.001"/>
  <testcase name="TestALotOfAdding" classname="LocalCMCTests" time="0.001"/>
  <testcase name="TestALotOfAdding" classname="LocalCMCTests" time="0.003"/>
  <testcase name="TestALotOfAdding" classname="LocalCMCTests" time="0.0"/>
  <testcase name="TestALotOfAdding" classname="LocalCMCTests" time="0.0"/>
  <testcase name="TestALotOfAdding" classname="LocalCMCTests" time="0.0"/>
  <testcase name="TestALotOfAdding" classname="LocalCMCTests" time="0.0"/>
  <testcase name="TestALotOfAdding" classname="LocalCMCTests" time="0.001"/>
  <testcase name="TestALotOfAdding" classname="LocalCMCTests" time="0.001"/>
  <testcase name="TestALotOfAdding" classname="LocalCMCTests" time="0.001"/>
  <testcase name="TestALotOfAdding" classname="LocalCMCTests" time="0.001"/>
  <testcase name="TestALotOfAdding" classname="LocalCMCTests" time="0.001"/>
  <testcase name="TestALotOfAdding" classname="LocalCMCTests" time="0.001"/>
  <testcase name="TestALotOfAdding" classname="LocalCMCTests" time="0.0"/>
  <testcase name="TestALotOfAdding" classname="LocalCMCTests" time="0.0"/>
  <testcase name="TestALotOfAdding" classname="LocalCMCTests" time="0.0"/>
  <testcase name="TestALotOfAdding" classname="LocalCMCTests" time="0.001"/>
  <testcase name="TestALotOfAdding" classname="LocalCMCTests" time="0.001"/>
  <testcase name="TestALotOfAdding" classname="LocalCMCTests" time="0.0"/>
  <testcase name="TestALotOfAdding" classname="LocalCMCTests" time="0.0"/>
  <testcase name="TestALotOfAdding" classname="LocalCMCTests" time="0.001"/>
  <testcase name="TestALotOfAdding" classname="LocalCMCTests" time="0.002"/>
  <testcase name="TestALotOfAdding" classname="LocalCMCTests" time="0.001"/>
  <testcase name="TestALotOfAdding" classname="LocalCMCTests" time="0.001"/>
  <testcase name="TestALotOfAdding" classname="LocalCMCTests" time="0.0"/>
  <testcase name="TestALotOfAdding" classname="LocalCMCTests" time="0.0"/>
  <testcase name="TestALotOfAdding" classname="LocalCMCTests" time="0.0"/>
  <testcase name="TestALotOfAdding" classname="LocalCMCTests" time="0.0"/>
  <testcase name="TestALotOfAdding" classname="LocalCMCTests" time="0.001"/>
  <testcase name="TestALotOfAdding" classname="LocalCMCTests" time="0.0"/>
  <testcase name="TestALotOfAdding" classname="LocalCMCTests" time="0.001"/>
  <testcase name="TestALotOfAdding" classname="LocalCMCTests" time="0.0"/>
  <testcase name="TestALotOfAdding" classname="LocalCMCTests" time="0.001"/>
  <testcase name="TestALotOfAdding" classname="LocalCMCTests" time="0.002"/>
  <testcase name="TestALotOfAdding" classname="LocalCMCTests" time="0.001"/>
  <testcase name="TestALotOfAdding" classname="LocalCMCTests" time="0.0"/>
  <testcase name="TestALotOfAdding" classname="LocalCMCTests" time="0.001"/>
  <testcase name="TestALotOfAdding" classname="LocalCMCTests" time="0.0"/>
  <testcase name="TestALotOfAdding" classname="LocalCMCTests" time="0.001"/>
  <testcase name="TestALotOfAdding" classname="LocalCMCTests" time="0.0"/>
  <testcase name="TestALotOfAdding" classname="LocalCMCTests" time="0.001"/>
  <testcase name="TestALotOfAdding" classname="LocalCMCTests" time="0.0"/>
  <testcase name="TestALotOfAdding" classname="LocalCMCTests" time="0.001"/>
  <testcase name="TestALotOfAdding" classname="LocalCMCTests" time="0.0"/>
  <testcase name="TestALotOfAdding" classname="LocalCMCTests" time="0.001"/>
  <testcase name="TestALotOfAdding" classname="LocalCMCTests" time="0.001"/>
  <testcase name="TestALotOfAdding" classname="LocalCMCTests" time="0.0"/>
  <testcase name="TestALotOfAdding" classname="LocalCMCTests" time="0.0"/>
  <testcase name="TestALotOfAdding" classname="LocalCMCTests" time="0.0"/>
  <testcase name="TestALotOfAdding" classname="LocalCMCTests" time="0.001"/>
  <testcase name="TestALotOfAdding" classname="LocalCMCTests" time="0.001"/>
  <testcase name="TestALotOfAdding" classname="LocalCMCTests" time="0.001"/>
  <testcase name="TestALotOfAdding" classname="LocalCMCTests" time="0.0"/>
  <testcase name="TestALotOfAdding" classname="LocalCMCTests" time="0.001"/>
  <testcase name="TestALotOfAdding" classname="LocalCMCTests" time="0.003"/>
  <testcase name="TestALotOfAdding" classname="LocalCMCTests" time="0.001"/>
  <testcase name="TestALotOfAdding" classname="LocalCMCTests" time="0.0"/>
  <testcase name="TestALotOfAdding" classname="LocalCMCTests" time="0.0"/>
  <testcase name="TestALotOfAdding" classname="LocalCMCTests" time="0.0"/>
  <testcase name="TestALotOfAdding" classname="LocalCMCTests" time="0.0"/>
  <testcase name="TestALotOfAdding" classname="LocalCMCTests" time="0.001"/>
  <testcase name="TestALotOfAdding" classname="LocalCMCTests" time="0.001"/>
  <testcase name="TestALotOfAdding" classname="LocalCMCTests" time="0.001"/>
  <testcase name="TestALotOfAdding" classname="LocalCMCTests" time="0.001"/>
  <testcase name="TestALotOfAdding" classname="LocalCMCTests" time="0.001"/>
  <testcase name="TestALotOfAdding" classname="LocalCMCTests" time="0.0"/>
  <testcase name="TestALotOfAdding" classname="LocalCMCTests" time="0.001"/>
  <testcase name="TestALotOfAdding" classname="LocalCMCTests" time="0.001"/>
  <testcase name="TestALotOfAdding" classname="LocalCMCTests" time="0.0"/>
  <testcase name="TestALotOfAdding" classname="LocalCMCTests" time="0.001"/>
  <testcase name="TestALotOfAdding" classname="LocalCMCTests" time="0.001"/>
  <testcase name="TestALotOfAdding" classname="LocalCMCTests" time="0.0"/>
  <testcase name="TestALotOfAdding" classname="LocalCMCTests" time="0.0"/>
  <testcase name="TestALotOfAdding" classname="LocalCMCTests" time="0.0"/>
  <testcase name="TestALotOfAdding" classname="LocalCMCTests" time="0.0"/>
  <testcase name="TestALotOfAdding" classname="LocalCMCTests" time="0.0"/>
  <testcase name="TestALotOfAdding" classname="LocalCMCTests" time="0.0"/>
  <testcase name="TestALotOfAdding" classname="LocalCMCTests" time="0.002"/>
  <testcase name="TestALotOfAdding" classname="LocalCMCTests" time="0.002"/>
  <testcase name="TestALotOfAdding" classname="LocalCMCTests" time="0.0"/>
  <testcase name="TestALotOfAdding" classname="LocalCMCTests" time="0.001"/>
  <testcase name="TestALotOfAdding" classname="LocalCMCTests" time="0.001"/>
  <testcase name="TestALotOfAdding" classname="LocalCMCTests" time="0.001"/>
  <testcase name="TestALotOfAdding" classname="LocalCMCTests" time="0.0"/>
  <testcase name="TestALotOfAdding" classname="LocalCMCTests" time="0.001"/>
  <testcase name="TestALotOfAdding" classname="LocalCMCTests" time="0.002"/>
  <testcase name="TestALotOfAdding" classname="LocalCMCTests" time="0.001"/>
  <testcase name="TestALotOfAdding" classname="LocalCMCTests" time="0.0"/>
  <testcase name="TestALotOfAdding" classname="LocalCMCTests" time="0.0"/>
  <testcase name="TestALotOfAdding" classname="LocalCMCTests" time="0.0"/>
  <testcase name="TestALotOfAdding" classname="LocalCMCTests" time="0.001"/>
  <testcase name="TestALotOfAdding" classname="LocalCMCTests" time="0.0"/>
  <testcase name="TestALotOfAdding" classname="LocalCMCTests" time="0.001"/>
  <testcase name="TestALotOfAdding" classname="LocalCMCTests" time="0.0"/>
  <testcase name="TestALotOfAdding" classname="LocalCMCTests" time="0.001"/>
  <testcase name="TestALotOfAdding" classname="LocalCMCTests" time="0.001"/>
  <testcase name="TestALotOfAdding" classname="LocalCMCTests" time="0.001"/>
  <testcase name="TestALotOfAdding" classname="LocalCMCTests" time="0.0"/>
  <testcase name="TestALotOfAdding" classname="LocalCMCTests" time="0.001"/>
  <testcase name="TestALotOfAdding" classname="LocalCMCTests" time="0.001"/>
  <testcase name="TestALotOfAdding" classname="LocalCMCTests" time="0.001"/>
  <testcase name="TestALotOfAdding" classname="LocalCMCTests" time="0.0"/>
  <testcase name="TestALotOfAdding" classname="LocalCMCTests" time="0.0"/>
  <testcase name="TestALotOfAdding" classname="LocalCMCTests" time="0.001"/>
  <testcase name="TestALotOfAdding" classname="LocalCMCTests" time="0.001"/>
  <testcase name="TestALotOfAdding" classname="LocalCMCTests" time="0.001"/>
  <testcase name="TestALotOfAdding" classname="LocalCMCTests" time="0.0"/>
  <testcase name="TestALotOfAdding" classname="LocalCMCTests" time="0.0"/>
  <testcase name="TestALotOfAdding" classname="LocalCMCTests" time="0.0"/>
  <testcase name="TestALotOfAdding" classname="LocalCMCTests" time="0.003"/>
  <testcase name="TestALotOfAdding" classname="LocalCMCTests" time="0.001"/>
  <testcase name="TestALotOfAdding" classname="LocalCMCTests" time="0.0"/>
  <testcase name="TestALotOfAdding" classname="LocalCMCTests" time="0.002"/>
  <testcase name="TestALotOfAdding" classname="LocalCMCTests" time="0.001"/>
  <testcase name="TestALotOfAdding" classname="LocalCMCTests" time="0.001"/>
  <testcase name="TestALotOfAdding" classname="LocalCMCTests" time="0.001"/>
  <testcase name="TestALotOfAdding" classname="LocalCMCTests" time="0.0"/>
  <testcase name="TestALotOfAdding" classname="LocalCMCTests" time="0.001"/>
  <testcase name="TestALotOfAdding" classname="LocalCMCTests" time="0.001"/>
  <testcase name="TestALotOfAdding" classname="LocalCMCTests" time="0.001"/>
  <testcase name="TestALotOfAdding" classname="LocalCMCTests" time="0.0"/>
  <testcase name="TestALotOfAdding" classname="LocalCMCTests" time="0.0"/>
  <testcase name="TestALotOfAdding" classname="LocalCMCTests" time="0.0"/>
  <testcase name="TestALotOfAdding" classname="LocalCMCTests" time="0.0"/>
  <testcase name="TestALotOfAdding" classname="LocalCMCTests" time="0.0"/>
  <testcase name="TestALotOfAdding" classname="LocalCMCTests" time="0.0"/>
  <testcase name="TestALotOfAdding" classname="LocalCMCTests" time="0.001"/>
  <testcase name="TestALotOfAdding" classname="LocalCMCTests" time="0.001"/>
  <testcase name="TestALotOfAdding" classname="LocalCMCTests" time="0.001"/>
  <testcase name="TestALotOfAdding" classname="LocalCMCTests" time="0.001"/>
  <testcase name="TestALotOfAdding" classname="LocalCMCTests" time="0.001"/>
  <testcase name="TestALotOfAdding" classname="LocalCMCTests" time="0.0"/>
  <testcase name="TestALotOfAdding" classname="LocalCMCTests" time="0.0"/>
  <testcase name="TestALotOfAdding" classname="LocalCMCTests" time="0.0"/>
  <testcase name="TestALotOfAdding" classname="LocalCMCTests" time="0.0"/>
  <testcase name="TestALotOfAdding" classname="LocalCMCTests" time="0.0"/>
  <testcase name="TestALotOfAdding" classname="LocalCMCTests" time="0.001"/>
  <testcase name="TestALotOfAdding" classname="LocalCMCTests" time="0.001"/>
  <testcase name="TestALotOfAdding" classname="LocalCMCTests" time="0.0"/>
  <testcase name="TestALotOfAdding" classname="LocalCMCTests" time="0.0"/>
  <testcase name="TestALotOfAdding" classname="LocalCMCTests" time="0.002"/>
  <testcase name="TestALotOfAdding" classname="LocalCMCTests" time="0.0"/>
  <testcase name="TestALotOfAdding" classname="LocalCMCTests" time="0.001"/>
  <testcase name="TestALotOfAdding" classname="LocalCMCTests" time="0.001"/>
  <testcase name="TestALotOfAdding" classname="LocalCMCTests" time="0.0"/>
  <testcase name="TestALotOfAdding" classname="LocalCMCTests" time="0.002"/>
  <testcase name="TestALotOfAdding" classname="LocalCMCTests" time="0.001"/>
  <testcase name="TestALotOfAdding" classname="LocalCMCTests" time="0.001"/>
  <testcase name="TestALotOfAdding" classname="LocalCMCTests" time="0.0"/>
  <testcase name="TestALotOfAdding" classname="LocalCMCTests" time="0.001"/>
  <testcase name="TestALotOfAdding" classname="LocalCMCTests" time="0.001"/>
  <testcase name="TestALotOfAdding" classname="LocalCMCTests" time="0.0"/>
  <testcase name="TestALotOfAdding" classname="LocalCMCTests" time="0.0"/>
  <testcase name="TestALotOfAdding" classname="LocalCMCTests" time="0.001"/>
  <testcase name="TestALotOfAdding" classname="LocalCMCTests" time="0.0"/>
  <testcase name="TestALotOfAdding" classname="LocalCMCTests" time="0.0"/>
  <testcase name="TestALotOfAdding" classname="LocalCMCTests" time="0.001"/>
  <testcase name="TestALotOfAdding" classname="LocalCMCTests" time="0.0"/>
  <testcase name="TestALotOfAdding" classname="LocalCMCTests" time="0.0"/>
  <testcase name="TestALotOfAdding" classname="LocalCMCTests" time="0.001"/>
  <testcase name="TestALotOfAdding" classname="LocalCMCTests" time="0.0"/>
  <testcase name="TestALotOfAdding" classname="LocalCMCTests" time="0.002"/>
  <testcase name="TestALotOfAdding" classname="LocalCMCTests" time="0.002"/>
  <testcase name="TestALotOfAdding" classname="LocalCMCTests" time="0.0"/>
  <testcase name="TestALotOfAdding" classname="LocalCMCTests" time="0.0"/>
  <testcase name="TestALotOfAdding" classname="LocalCMCTests" time="0.0"/>
  <testcase name="TestALotOfAdding" classname="LocalCMCTests" time="0.001"/>
  <testcase name="TestALotOfAdding" classname="LocalCMCTests" time="0.001"/>
  <testcase name="TestALotOfAdding" classname="LocalCMCTests" time="0.001"/>
  <testcase name="TestALotOfAdding" classname="LocalCMCTests" time="0.001"/>
  <testcase name="TestALotOfAdding" classname="LocalCMCTests" time="0.0"/>
  <testcase name="TestALotOfAdding" classname="LocalCMCTests" time="0.001"/>
  <testcase name="TestALotOfAdding" classname="LocalCMCTests" time="0.0"/>
  <testcase name="TestALotOfAdding" classname="LocalCMCTests" time="0.0"/>
  <testcase name="TestALotOfAdding" classname="LocalCMCTests" time="0.0"/>
  <testcase name="TestALotOfAdding" classname="LocalCMCTests" time="0.0"/>
  <testcase name="TestALotOfAdding" classname="LocalCMCTests" time="0.001"/>
  <testcase name="TestALotOfAdding" classname="LocalCMCTests" time="0.001"/>
  <testcase name="TestALotOfAdding" classname="LocalCMCTests" time="0.0"/>
  <testcase name="TestALotOfAdding" classname="LocalCMCTests" time="0.001"/>
  <testcase name="TestALotOfAdding" classname="LocalCMCTests" time="0.001"/>
  <testcase name="TestALotOfAdding" classname="LocalCMCTests" time="0.001"/>
  <testcase name="TestALotOfAdding" classname="LocalCMCTests" time="0.0"/>
  <testcase name="TestALotOfAdding" classname="LocalCMCTests" time="0.0"/>
  <testcase name="TestALotOfAdding" classname="LocalCMCTests" time="0.0"/>
  <testcase name="TestALotOfAdding" classname="LocalCMCTests" time="0.001"/>
  <testcase name="TestALotOfAdding" classname="LocalCMCTests" time="0.001"/>
  <testcase name="TestALotOfAdding" classname="LocalCMCTests" time="0.001"/>
  <testcase name="TestALotOfAdding" classname="LocalCMCTests" time="0.0"/>
  <testcase name="TestALotOfAdding" classname="LocalCMCTests" time="0.002"/>
  <testcase name="TestALotOfAdding" classname="LocalCMCTests" time="0.0"/>
  <testcase name="TestALotOfAdding" classname="LocalCMCTests" time="0.0"/>
  <testcase name="TestALotOfAdding" classname="LocalCMCTests" time="0.001"/>
  <testcase name="TestALotOfAdding" classname="LocalCMCTests" time="0.001"/>
  <testcase name="TestALotOfAdding" classname="LocalCMCTests" time="0.002"/>
  <testcase name="TestALotOfAdding" classname="LocalCMCTests" time="0.001"/>
  <testcase name="TestALotOfAdding" classname="LocalCMCTests" time="0.001"/>
  <testcase name="TestALotOfAdding" classname="LocalCMCTests" time="0.0"/>
  <testcase name="TestALotOfAdding" classname="LocalCMCTests" time="0.001"/>
  <testcase name="TestALotOfAdding" classname="LocalCMCTests" time="0.001"/>
  <testcase name="TestALotOfAdding" classname="LocalCMCTests" time="0.001"/>
  <testcase name="TestALotOfAdding" classname="LocalCMCTests" time="0.0"/>
  <testcase name="TestALotOfAdding" classname="LocalCMCTests" time="0.001"/>
  <testcase name="TestALotOfAdding" classname="LocalCMCTests" time="0.0"/>
  <testcase name="TestALotOfAdding" classname="LocalCMCTests" time="0.0"/>
  <testcase name="TestALotOfAdding" classname="LocalCMCTests" time="0.0"/>
  <testcase name="TestALotOfAdding" classname="LocalCMCTests" time="0.0"/>
  <testcase name="TestALotOfAdding" classname="LocalCMCTests" time="0.001"/>
  <testcase name="TestALotOfAdding" classname="LocalCMCTests" time="0.0"/>
  <testcase name="TestALotOfAdding" classname="LocalCMCTests" time="0.0"/>
  <testcase name="TestALotOfAdding" classname="LocalCMCTests" time="0.001"/>
  <testcase name="TestALotOfAdding" classname="LocalCMCTests" time="0.001"/>
  <testcase name="TestALotOfAdding" classname="LocalCMCTests" time="0.0"/>
  <testcase name="TestALotOfAdding" classname="LocalCMCTests" time="0.001"/>
  <testcase name="TestALotOfAdding" classname="LocalCMCTests" time="0.0"/>
  <testcase name="TestALotOfAdding" classname="LocalCMCTests" time="0.0"/>
  <testcase name="TestALotOfAdding" classname="LocalCMCTests" time="0.001"/>
  <testcase name="TestALotOfAdding" classname="LocalCMCTests" time="0.0"/>
  <testcase name="TestALotOfAdding" classname="LocalCMCTests" time="0.0"/>
  <testcase name="TestALotOfAdding" classname="LocalCMCTests" time="0.0"/>
  <testcase name="TestALotOfAdding" classname="LocalCMCTests" time="0.0"/>
  <testcase name="TestALotOfAdding" classname="LocalCMCTests" time="0.001"/>
  <testcase name="TestALotOfAdding" classname="LocalCMCTests" time="0.001"/>
  <testcase name="TestALotOfAdding" classname="LocalCMCTests" time="0.002"/>
  <testcase name="TestALotOfAdding" classname="LocalCMCTests" time="0.001"/>
  <testcase name="TestALotOfAdding" classname="LocalCMCTests" time="0.0"/>
  <testcase name="TestALotOfAdding" classname="LocalCMCTests" time="0.002"/>
  <testcase name="TestALotOfAdding" classname="LocalCMCTests" time="0.002"/>
  <testcase name="TestALotOfAdding" classname="LocalCMCTests" time="0.0"/>
  <testcase name="TestALotOfAdding" classname="LocalCMCTests" time="0.0"/>
  <testcase name="TestALotOfAdding" classname="LocalCMCTests" time="0.0"/>
  <testcase name="TestALotOfAdding" classname="LocalCMCTests" time="0.001"/>
  <testcase name="TestALotOfAdding" classname="LocalCMCTests" time="0.001"/>
  <testcase name="TestALotOfAdding" classname="LocalCMCTests" time="0.0"/>
  <testcase name="TestALotOfAdding" classname="LocalCMCTests" time="0.0"/>
  <testcase name="TestALotOfAdding" classname="LocalCMCTests" time="0.001"/>
  <testcase name="TestALotOfAdding" classname="LocalCMCTests" time="0.001"/>
  <testcase name="TestALotOfAdding" classname="LocalCMCTests" time="0.002"/>
  <testcase name="TestALotOfAdding" classname="LocalCMCTests" time="0.002"/>
  <testcase name="TestALotOfAdding" classname="LocalCMCTests" time="0.002"/>
  <testcase name="TestALotOfAdding" classname="LocalCMCTests" time="0.001"/>
  <testcase name="TestALotOfAdding" classname="LocalCMCTests" time="0.001"/>
  <testcase name="TestALotOfAdding" classname="LocalCMCTests" time="0.001"/>
  <testcase name="TestALotOfAdding" classname="LocalCMCTests" time="0.0"/>
  <testcase name="TestALotOfAdding" classname="LocalCMCTests" time="0.001"/>
  <testcase name="TestALotOfAdding" classname="LocalCMCTests" time="0.001"/>
  <testcase name="TestALotOfAdding" classname="LocalCMCTests" time="0.0"/>
  <testcase name="TestALotOfAdding" classname="LocalCMCTests" time="0.0"/>
  <testcase name="TestALotOfAdding" classname="LocalCMCTests" time="0.0"/>
  <testcase name="TestALotOfAdding" classname="LocalCMCTests" time="0.001"/>
  <testcase name="TestALotOfAdding" classname="LocalCMCTests" time="0.001"/>
  <testcase name="TestALotOfAdding" classname="LocalCMCTests" time="0.001"/>
  <testcase name="TestALotOfAdding" classname="LocalCMCTests" time="0.0"/>
  <testcase name="TestALotOfAdding" classname="LocalCMCTests" time="0.001"/>
  <testcase name="TestALotOfAdding" classname="LocalCMCTests" time="0.0"/>
  <testcase name="TestALotOfAdding" classname="LocalCMCTests" time="0.001"/>
  <testcase name="TestALotOfAdding" classname="LocalCMCTests" time="0.0"/>
  <testcase name="TestALotOfAdding" classname="LocalCMCTests" time="0.001"/>
  <testcase name="TestALotOfAdding" classname="LocalCMCTests" time="0.0"/>
  <testcase name="TestALotOfAdding" classname="LocalCMCTests" time="0.001"/>
  <testcase name="TestALotOfAdding" classname="LocalCMCTests" time="0.001"/>
  <testcase name="TestALotOfAdding" classname="LocalCMCTests" time="0.0"/>
  <testcase name="TestALotOfAdding" classname="LocalCMCTests" time="0.0"/>
  <testcase name="TestALotOfAdding" classname="LocalCMCTests" time="0.0"/>
  <testcase name="TestALotOfAdding" classname="LocalCMCTests" time="0.001"/>
  <testcase name="TestALotOfAdding" classname="LocalCMCTests" time="0.0"/>
  <testcase name="TestALotOfAdding" classname="LocalCMCTests" time="0.0"/>
  <testcase name="TestALotOfAdding" classname="LocalCMCTests" time="0.0"/>
  <testcase name="TestALotOfAdding" classname="LocalCMCTests" time="0.0"/>
  <testcase name="TestALotOfAdding" classname="LocalCMCTests" time="0.001"/>
  <testcase name="TestALotOfAdding" classname="LocalCMCTests" time="0.001"/>
  <testcase name="TestALotOfAdding" classname="LocalCMCTests" time="0.001"/>
  <testcase name="TestALotOfAdding" classname="LocalCMCTests" time="0.001"/>
  <testcase name="TestALotOfAdding" classname="LocalCMCTests" time="0.001"/>
  <testcase name="TestALotOfAdding" classname="LocalCMCTests" time="0.0"/>
  <testcase name="TestALotOfAdding" classname="LocalCMCTests" time="0.0"/>
  <testcase name="TestALotOfAdding" classname="LocalCMCTests" time="0.001"/>
  <testcase name="TestALotOfAdding" classname="LocalCMCTests" time="0.0"/>
  <testcase name="TestALotOfAdding" classname="LocalCMCTests" time="0.001"/>
  <testcase name="TestALotOfAdding" classname="LocalCMCTests" time="0.001"/>
  <testcase name="TestALotOfAdding" classname="LocalCMCTests" time="0.001"/>
  <testcase name="TestALotOfAdding" classname="LocalCMCTests" time="0.002"/>
  <testcase name="TestALotOfAdding" classname="LocalCMCTests" time="0.0"/>
  <testcase name="TestALotOfAdding" classname="LocalCMCTests" time="0.0"/>
  <testcase name="TestALotOfAdding" classname="LocalCMCTests" time="0.0"/>
  <testcase name="TestALotOfAdding" classname="LocalCMCTests" time="0.0"/>
  <testcase name="TestALotOfAdding" classname="LocalCMCTests" time="0.0"/>
  <testcase name="TestALotOfAdding" classname="LocalCMCTests" time="0.001"/>
  <testcase name="TestALotOfAdding" classname="LocalCMCTests" time="0.002"/>
  <testcase name="TestALotOfAdding" classname="LocalCMCTests" time="0.002"/>
  <testcase name="TestALotOfAdding" classname="LocalCMCTests" time="0.0"/>
  <testcase name="TestALotOfAdding" classname="LocalCMCTests" time="0.002"/>
  <testcase name="TestALotOfAdding" classname="LocalCMCTests" time="0.002"/>
  <testcase name="TestALotOfAdding" classname="LocalCMCTests" time="0.002"/>
  <testcase name="TestALotOfAdding" classname="LocalCMCTests" time="0.0"/>
  <testcase name="TestALotOfAdding" classname="LocalCMCTests" time="0.0"/>
  <testcase name="TestALotOfAdding" classname="LocalCMCTests" time="0.0"/>
  <testcase name="TestALotOfAdding" classname="LocalCMCTests" time="0.0"/>
  <testcase name="TestALotOfAdding" classname="LocalCMCTests" time="0.0"/>
  <testcase name="TestALotOfAdding" classname="LocalCMCTests" time="0.002"/>
  <testcase name="TestALotOfAdding" classname="LocalCMCTests" time="0.002"/>
  <testcase name="TestALotOfAdding" classname="LocalCMCTests" time="0.0"/>
  <testcase name="TestALotOfAdding" classname="LocalCMCTests" time="0.0"/>
  <testcase name="TestALotOfAdding" classname="LocalCMCTests" time="0.0"/>
  <testcase name="TestALotOfAdding" classname="LocalCMCTests" time="0.001"/>
  <testcase name="TestALotOfAdding" classname="LocalCMCTests" time="0.001"/>
  <testcase name="TestALotOfAdding" classname="LocalCMCTests" time="0.003"/>
  <testcase name="TestALotOfAdding" classname="LocalCMCTests" time="0.001"/>
  <testcase name="TestALotOfAdding" classname="LocalCMCTests" time="0.0"/>
  <testcase name="TestALotOfAdding" classname="LocalCMCTests" time="0.0"/>
  <testcase name="TestALotOfAdding" classname="LocalCMCTests" time="0.001"/>
  <testcase name="TestALotOfAdding" classname="LocalCMCTests" time="0.001"/>
  <testcase name="TestALotOfAdding" classname="LocalCMCTests" time="0.0"/>
  <testcase name="TestALotOfAdding" classname="LocalCMCTests" time="0.0"/>
  <testcase name="TestALotOfAdding" classname="LocalCMCTests" time="0.001"/>
  <testcase name="TestALotOfAdding" classname="LocalCMCTests" time="0.001"/>
  <testcase name="TestALotOfAdding" classname="LocalCMCTests" time="0.0"/>
  <testcase name="TestALotOfAdding" classname="LocalCMCTests" time="0.0"/>
  <testcase name="TestALotOfAdding" classname="LocalCMCTests" time="0.001"/>
  <testcase name="TestALotOfAdding" classname="LocalCMCTests" time="0.001"/>
  <testcase name="TestALotOfAdding" classname="LocalCMCTests" time="0.001"/>
  <testcase name="TestALotOfAdding" classname="LocalCMCTests" time="0.001"/>
  <testcase name="TestALotOfAdding" classname="LocalCMCTests" time="0.0"/>
  <testcase name="TestALotOfAdding" classname="LocalCMCTests" time="0.001"/>
  <testcase name="TestALotOfAdding" classname="LocalCMCTests" time="0.001"/>
  <testcase name="TestALotOfAdding" classname="LocalCMCTests" time="0.001"/>
  <testcase name="TestALotOfAdding" classname="LocalCMCTests" time="0.0"/>
  <testcase name="TestALotOfAdding" classname="LocalCMCTests" time="0.001"/>
  <testcase name="TestALotOfAdding" classname="LocalCMCTests" time="0.0"/>
  <testcase name="TestALotOfAdding" classname="LocalCMCTests" time="0.001"/>
  <testcase name="TestALotOfAdding" classname="LocalCMCTests" time="0.0"/>
  <testcase name="TestALotOfAdding" classname="LocalCMCTests" time="0.0"/>
  <testcase name="TestALotOfAdding" classname="LocalCMCTests" time="0.0"/>
  <testcase name="TestALotOfAdding" classname="LocalCMCTests" time="0.001"/>
  <testcase name="TestALotOfAdding" classname="LocalCMCTests" time="0.0"/>
  <testcase name="TestALotOfAdding" classname="LocalCMCTests" time="0.001"/>
  <testcase name="TestALotOfAdding" classname="LocalCMCTests" time="0.001"/>
  <testcase name="TestALotOfAdding" classname="LocalCMCTests" time="0.001"/>
  <testcase name="TestALotOfAdding" classname="LocalCMCTests" time="0.001"/>
  <testcase name="TestALotOfAdding" classname="LocalCMCTests" time="0.0"/>
  <testcase name="TestALotOfAdding" classname="LocalCMCTests" time="0.001"/>
  <testcase name="TestALotOfAdding" classname="LocalCMCTests" time="0.001"/>
  <testcase name="TestALotOfAdding" classname="LocalCMCTests" time="0.001"/>
  <testcase name="TestALotOfAdding" classname="LocalCMCTests" time="0.0"/>
  <testcase name="TestALotOfAdding" classname="LocalCMCTests" time="0.0"/>
  <testcase name="TestALotOfAdding" classname="LocalCMCTests" time="0.0"/>
  <testcase name="TestALotOfAdding" classname="LocalCMCTests" time="0.0"/>
  <testcase name="TestALotOfAdding" classname="LocalCMCTests" time="0.0"/>
  <testcase name="TestALotOfAdding" classname="LocalCMCTests" time="0.0"/>
  <testcase name="TestALotOfAdding" classname="LocalCMCTests" time="0.001"/>
  <testcase name="TestALotOfAdding" classname="LocalCMCTests" time="0.0"/>
  <testcase name="TestALotOfAdding" classname="LocalCMCTests" time="0.001"/>
  <testcase name="TestALotOfAdding" classname="LocalCMCTests" time="0.0"/>
  <testcase name="TestALotOfAdding" classname="LocalCMCTests" time="0.001"/>
  <testcase name="TestALotOfAdding" classname="LocalCMCTests" time="0.0"/>
  <testcase name="TestALotOfAdding" classname="LocalCMCTests" time="0.0"/>
  <testcase name="TestALotOfAdding" classname="LocalCMCTests" time="0.001"/>
  <testcase name="TestALotOfAdding" classname="LocalCMCTests" time="0.001"/>
  <testcase name="TestALotOfAdding" classname="LocalCMCTests" time="0.001"/>
  <testcase name="TestALotOfAdding" classname="LocalCMCTests" time="0.001"/>
  <testcase name="TestALotOfAdding" classname="LocalCMCTests" time="0.001"/>
  <testcase name="TestALotOfAdding" classname="LocalCMCTests" time="0.001"/>
  <testcase name="TestALotOfAdding" classname="LocalCMCTests" time="0.0"/>
  <testcase name="TestALotOfAdding" classname="LocalCMCTests" time="0.0"/>
  <testcase name="TestALotOfAdding" classname="LocalCMCTests" time="0.0"/>
  <testcase name="TestALotOfAdding" classname="LocalCMCTests" time="0.0"/>
  <testcase name="TestALotOfAdding" classname="LocalCMCTests" time="0.0"/>
  <testcase name="TestALotOfAdding" classname="LocalCMCTests" time="0.0"/>
  <testcase name="TestALotOfAdding" classname="LocalCMCTests" time="0.001"/>
  <testcase name="TestALotOfAdding" classname="LocalCMCTests" time="0.002"/>
  <testcase name="TestALotOfAdding" classname="LocalCMCTests" time="0.0"/>
  <testcase name="TestALotOfAdding" classname="LocalCMCTests" time="0.001"/>
  <testcase name="TestALotOfAdding" classname="LocalCMCTests" time="0.0"/>
  <testcase name="TestALotOfAdding" classname="LocalCMCTests" time="0.001"/>
  <testcase name="TestALotOfAdding" classname="LocalCMCTests" time="0.001"/>
  <testcase name="TestALotOfAdding" classname="LocalCMCTests" time="0.0"/>
  <testcase name="TestALotOfAdding" classname="LocalCMCTests" time="0.001"/>
  <testcase name="TestALotOfAdding" classname="LocalCMCTests" time="0.001"/>
  <testcase name="TestALotOfAdding" classname="LocalCMCTests" time="0.0"/>
  <testcase name="TestALotOfAdding" classname="LocalCMCTests" time="0.0"/>
  <testcase name="TestALotOfAdding" classname="LocalCMCTests" time="0.0"/>
  <testcase name="TestALotOfAdding" classname="LocalCMCTests" time="0.0"/>
  <testcase name="TestALotOfAdding" classname="LocalCMCTests" time="0.001"/>
  <testcase name="TestALotOfAdding" classname="LocalCMCTests" time="0.001"/>
  <testcase name="TestALotOfAdding" classname="LocalCMCTests" time="0.003"/>
  <testcase name="TestALotOfAdding" classname="LocalCMCTests" time="0.0"/>
  <testcase name="TestALotOfAdding" classname="LocalCMCTests" time="0.0"/>
  <testcase name="TestALotOfAdding" classname="LocalCMCTests" time="0.0"/>
  <testcase name="TestALotOfAdding" classname="LocalCMCTests" time="0.0"/>
  <testcase name="TestALotOfAdding" classname="LocalCMCTests" time="0.001"/>
  <testcase name="TestALotOfAdding" classname="LocalCMCTests" time="0.0"/>
  <testcase name="TestALotOfAdding" classname="LocalCMCTests" time="0.0"/>
  <testcase name="TestALotOfAdding" classname="LocalCMCTests" time="0.001"/>
  <testcase name="TestALotOfAdding" classname="LocalCMCTests" time="0.0"/>
  <testcase name="TestALotOfAdding" classname="LocalCMCTests" time="0.002"/>
  <testcase name="TestALotOfAdding" classname="LocalCMCTests" time="0.001"/>
  <testcase name="TestALotOfAdding" classname="LocalCMCTests" time="0.0"/>
  <testcase name="TestALotOfAdding" classname="LocalCMCTests" time="0.001"/>
  <testcase name="TestALotOfAdding" classname="LocalCMCTests" time="0.0"/>
  <testcase name="TestALotOfAdding" classname="LocalCMCTests" time="0.001"/>
  <testcase name="TestALotOfAdding" classname="LocalCMCTests" time="0.0"/>
  <testcase name="TestALotOfAdding" classname="LocalCMCTests" time="0.0"/>
  <testcase name="TestALotOfAdding" classname="LocalCMCTests" time="0.001"/>
  <testcase name="TestALotOfAdding" classname="LocalCMCTests" time="0.001"/>
  <testcase name="TestALotOfAdding" classname="LocalCMCTests" time="0.0"/>
  <testcase name="TestALotOfAdding" classname="LocalCMCTests" time="0.001"/>
  <testcase name="TestALotOfAdding" classname="LocalCMCTests" time="0.0"/>
  <testcase name="TestALotOfAdding" classname="LocalCMCTests" time="0.001"/>
  <testcase name="TestALotOfAdding" classname="LocalCMCTests" time="0.0"/>
  <testcase name="TestALotOfAdding" classname="LocalCMCTests" time="0.0"/>
  <testcase name="TestALotOfAdding" classname="LocalCMCTests" time="0.001"/>
  <testcase name="TestALotOfAdding" classname="LocalCMCTests" time="0.0"/>
  <testcase name="TestALotOfAdding" classname="LocalCMCTests" time="0.0"/>
  <testcase name="TestALotOfAdding" classname="LocalCMCTests" time="0.0"/>
  <testcase name="TestALotOfAdding" classname="LocalCMCTests" time="0.001"/>
  <testcase name="TestALotOfAdding" classname="LocalCMCTests" time="0.0"/>
  <testcase name="TestALotOfAdding" classname="LocalCMCTests" time="0.002"/>
  <testcase name="TestALotOfAdding" classname="LocalCMCTests" time="0.0"/>
  <testcase name="TestALotOfAdding" classname="LocalCMCTests" time="0.002"/>
  <testcase name="TestALotOfAdding" classname="LocalCMCTests" time="0.0"/>
  <testcase name="TestALotOfAdding" classname="LocalCMCTests" time="0.002"/>
  <testcase name="TestALotOfAdding" classname="LocalCMCTests" time="0.001"/>
  <testcase name="TestALotOfAdding" classname="LocalCMCTests" time="0.001"/>
  <testcase name="TestALotOfAdding" classname="LocalCMCTests" time="0.001"/>
  <testcase name="TestALotOfAdding" classname="LocalCMCTests" time="0.001"/>
  <testcase name="TestALotOfAdding" classname="LocalCMCTests" time="0.001"/>
  <testcase name="TestALotOfAdding" classname="LocalCMCTests" time="0.0"/>
  <testcase name="TestALotOfAdding" classname="LocalCMCTests" time="0.0"/>
  <testcase name="TestALotOfAdding" classname="LocalCMCTests" time="0.0"/>
  <testcase name="TestALotOfAdding" classname="LocalCMCTests" time="0.0"/>
  <testcase name="TestALotOfAdding" classname="LocalCMCTests" time="0.0"/>
  <testcase name="TestALotOfAdding" classname="LocalCMCTests" time="0.0"/>
  <testcase name="TestALotOfAdding" classname="LocalCMCTests" time="0.0"/>
  <testcase name="TestALotOfAdding" classname="LocalCMCTests" time="0.001"/>
  <testcase name="TestALotOfAdding" classname="LocalCMCTests" time="0.0"/>
  <testcase name="TestALotOfAdding" classname="LocalCMCTests" time="0.001"/>
  <testcase name="TestALotOfAdding" classname="LocalCMCTests" time="0.0"/>
  <testcase name="TestALotOfAdding" classname="LocalCMCTests" time="0.001"/>
  <testcase name="TestALotOfAdding" classname="LocalCMCTests" time="0.0"/>
  <testcase name="TestALotOfAdding" classname="LocalCMCTests" time="0.001"/>
  <testcase name="TestALotOfAdding" classname="LocalCMCTests" time="0.001"/>
  <testcase name="TestALotOfAdding" classname="LocalCMCTests" time="0.001"/>
  <testcase name="TestALotOfAdding" classname="LocalCMCTests" time="0.002"/>
  <testcase name="TestALotOfAdding" classname="LocalCMCTests" time="0.0"/>
  <testcase name="TestALotOfAdding" classname="LocalCMCTests" time="0.0"/>
  <testcase name="TestALotOfAdding" classname="LocalCMCTests" time="0.0"/>
  <testcase name="TestALotOfAdding" classname="LocalCMCTests" time="0.001"/>
  <testcase name="TestALotOfAdding" classname="LocalCMCTests" time="0.0"/>
  <testcase name="TestALotOfAdding" classname="LocalCMCTests" time="0.0"/>
  <testcase name="TestALotOfAdding" classname="LocalCMCTests" time="0.001"/>
  <testcase name="TestALotOfAdding" classname="LocalCMCTests" time="0.001"/>
  <testcase name="TestALotOfAdding" classname="LocalCMCTests" time="0.002"/>
  <testcase name="TestALotOfAdding" classname="LocalCMCTests" time="0.0"/>
  <testcase name="TestALotOfAdding" classname="LocalCMCTests" time="0.0"/>
  <testcase name="TestALotOfAdding" classname="LocalCMCTests" time="0.001"/>
  <testcase name="TestALotOfAdding" classname="LocalCMCTests" time="0.001"/>
  <testcase name="TestALotOfAdding" classname="LocalCMCTests" time="0.001"/>
  <testcase name="TestALotOfAdding" classname="LocalCMCTests" time="0.001"/>
  <testcase name="TestALotOfAdding" classname="LocalCMCTests" time="0.001"/>
  <testcase name="TestALotOfAdding" classname="LocalCMCTests" time="0.0"/>
  <testcase name="TestALotOfAdding" classname="LocalCMCTests" time="0.0"/>
  <testcase name="TestALotOfAdding" classname="LocalCMCTests" time="0.0"/>
  <testcase name="TestALotOfAdding" classname="LocalCMCTests" time="0.0"/>
  <testcase name="TestALotOfAdding" classname="LocalCMCTests" time="0.0"/>
  <testcase name="TestALotOfAdding" classname="LocalCMCTests" time="0.0"/>
  <testcase name="TestALotOfAdding" classname="LocalCMCTests" time="0.0"/>
  <testcase name="TestALotOfAdding" classname="LocalCMCTests" time="0.001"/>
  <testcase name="TestALotOfAdding" classname="LocalCMCTests" time="0.001"/>
  <testcase name="TestALotOfAdding" classname="LocalCMCTests" time="0.001"/>
  <testcase name="TestALotOfAdding" classname="LocalCMCTests" time="0.0"/>
  <testcase name="TestALotOfAdding" classname="LocalCMCTests" time="0.0"/>
  <testcase name="TestALotOfAdding" classname="LocalCMCTests" time="0.001"/>
  <testcase name="TestALotOfAdding" classname="LocalCMCTests" time="0.001"/>
  <testcase name="TestALotOfAdding" classname="LocalCMCTests" time="0.0"/>
  <testcase name="TestALotOfAdding" classname="LocalCMCTests" time="0.001"/>
  <testcase name="TestALotOfAdding" classname="LocalCMCTests" time="0.001"/>
  <testcase name="TestALotOfAdding" classname="LocalCMCTests" time="0.002"/>
  <testcase name="TestALotOfAdding" classname="LocalCMCTests" time="0.0"/>
  <testcase name="TestALotOfAdding" classname="LocalCMCTests" time="0.0"/>
  <testcase name="TestALotOfAdding" classname="LocalCMCTests" time="0.0"/>
  <testcase name="TestALotOfAdding" classname="LocalCMCTests" time="0.0"/>
  <testcase name="TestALotOfAdding" classname="LocalCMCTests" time="0.001"/>
  <testcase name="TestALotOfAdding" classname="LocalCMCTests" time="0.001"/>
  <testcase name="TestALotOfAdding" classname="LocalCMCTests" time="0.001"/>
  <testcase name="TestALotOfAdding" classname="LocalCMCTests" time="0.001"/>
  <testcase name="TestALotOfAdding" classname="LocalCMCTests" time="0.0"/>
  <testcase name="TestALotOfAdding" classname="LocalCMCTests" time="0.001"/>
  <testcase name="TestALotOfAdding" classname="LocalCMCTests" time="0.001"/>
  <testcase name="TestALotOfAdding" classname="LocalCMCTests" time="0.001"/>
  <testcase name="TestALotOfAdding" classname="LocalCMCTests" time="0.002"/>
  <testcase name="TestALotOfAdding" classname="LocalCMCTests" time="0.0"/>
  <testcase name="TestALotOfAdding" classname="LocalCMCTests" time="0.001"/>
  <testcase name="TestALotOfAdding" classname="LocalCMCTests" time="0.0"/>
  <testcase name="TestALotOfAdding" classname="LocalCMCTests" time="0.0"/>
  <testcase name="TestALotOfAdding" classname="LocalCMCTests" time="0.0"/>
  <testcase name="TestALotOfAdding" classname="LocalCMCTests" time="0.0"/>
  <testcase name="TestALotOfAdding" classname="LocalCMCTests" time="0.0"/>
  <testcase name="TestALotOfAdding" classname="LocalCMCTests" time="0.001"/>
  <testcase name="TestALotOfAdding" classname="LocalCMCTests" time="0.001"/>
  <testcase name="TestALotOfAdding" classname="LocalCMCTests" time="0.001"/>
  <testcase name="TestALotOfAdding" classname="LocalCMCTests" time="0.0"/>
  <testcase name="TestALotOfAdding" classname="LocalCMCTests" time="0.001"/>
  <testcase name="TestALotOfAdding" classname="LocalCMCTests" time="0.0"/>
  <testcase name="TestALotOfAdding" classname="LocalCMCTests" time="0.001"/>
  <testcase name="TestALotOfAdding" classname="LocalCMCTests" time="0.0"/>
  <testcase name="TestALotOfAdding" classname="LocalCMCTests" time="0.0"/>
  <testcase name="TestALotOfAdding" classname="LocalCMCTests" time="0.001"/>
  <testcase name="TestALotOfAdding" classname="LocalCMCTests" time="0.0"/>
  <testcase name="TestALotOfAdding" classname="LocalCMCTests" time="0.0"/>
  <testcase name="TestALotOfAdding" classname="LocalCMCTests" time="0.001"/>
  <testcase name="TestALotOfAdding" classname="LocalCMCTests" time="0.001"/>
  <testcase name="TestALotOfAdding" classname="LocalCMCTests" time="0.0"/>
  <testcase name="TestALotOfAdding" classname="LocalCMCTests" time="0.0"/>
  <testcase name="TestALotOfAdding" classname="LocalCMCTests" time="0.0"/>
  <testcase name="TestALotOfAdding" classname="LocalCMCTests" time="0.001"/>
  <testcase name="TestALotOfAdding" classname="LocalCMCTests" time="0.001"/>
  <testcase name="TestALotOfAdding" classname="LocalCMCTests" time="0.001"/>
  <testcase name="TestALotOfAdding" classname="LocalCMCTests" time="0.001"/>
  <testcase name="TestALotOfAdding" classname="LocalCMCTests" time="0.0"/>
  <testcase name="TestALotOfAdding" classname="LocalCMCTests" time="0.001"/>
  <testcase name="TestALotOfAdding" classname="LocalCMCTests" time="0.0"/>
  <testcase name="TestALotOfAdding" classname="LocalCMCTests" time="0.0"/>
  <testcase name="TestALotOfAdding" classname="LocalCMCTests" time="0.0"/>
  <testcase name="TestALotOfAdding" classname="LocalCMCTests" time="0.0"/>
  <testcase name="TestALotOfAdding" classname="LocalCMCTests" time="0.0"/>
  <testcase name="TestALotOfAdding" classname="LocalCMCTests" time="0.001"/>
  <testcase name="TestALotOfAdding" classname="LocalCMCTests" time="0.0"/>
  <testcase name="TestALotOfAdding" classname="LocalCMCTests" time="0.001"/>
  <testcase name="TestALotOfAdding" classname="LocalCMCTests" time="0.002"/>
  <testcase name="TestALotOfAdding" classname="LocalCMCTests" time="0.0"/>
  <testcase name="TestALotOfAdding" classname="LocalCMCTests" time="0.0"/>
  <testcase name="TestALotOfAdding" classname="LocalCMCTests" time="0.001"/>
  <testcase name="TestALotOfAdding" classname="LocalCMCTests" time="0.001"/>
  <testcase name="TestALotOfAdding" classname="LocalCMCTests" time="0.001"/>
  <testcase name="TestALotOfAdding" classname="LocalCMCTests" time="0.0"/>
  <testcase name="TestALotOfAdding" classname="LocalCMCTests" time="0.001"/>
  <testcase name="TestALotOfAdding" classname="LocalCMCTests" time="0.0"/>
  <testcase name="TestALotOfAdding" classname="LocalCMCTests" time="0.001"/>
  <testcase name="TestALotOfAdding" classname="LocalCMCTests" time="0.0"/>
  <testcase name="TestALotOfAdding" classname="LocalCMCTests" time="0.001"/>
  <testcase name="TestALotOfAdding" classname="LocalCMCTests" time="0.001"/>
  <testcase name="TestALotOfAdding" classname="LocalCMCTests" time="0.0"/>
  <testcase name="TestALotOfAdding" classname="LocalCMCTests" time="0.001"/>
  <testcase name="TestALotOfAdding" classname="LocalCMCTests" time="0.0"/>
  <testcase name="TestALotOfAdding" classname="LocalCMCTests" time="0.001"/>
  <testcase name="TestALotOfAdding" classname="LocalCMCTests" time="0.0"/>
  <testcase name="TestALotOfAdding" classname="LocalCMCTests" time="0.0"/>
  <testcase name="TestALotOfAdding" classname="LocalCMCTests" time="0.0"/>
  <testcase name="TestALotOfAdding" classname="LocalCMCTests" time="0.001"/>
  <testcase name="TestALotOfAdding" classname="LocalCMCTests" time="0.001"/>
  <testcase name="TestALotOfAdding" classname="LocalCMCTests" time="0.001"/>
  <testcase name="TestALotOfAdding" classname="LocalCMCTests" time="0.0"/>
  <testcase name="TestALotOfAdding" classname="LocalCMCTests" time="0.001"/>
  <testcase name="TestALotOfAdding" classname="LocalCMCTests" time="0.001"/>
  <testcase name="TestALotOfAdding" classname="LocalCMCTests" time="0.0"/>
  <testcase name="TestALotOfAdding" classname="LocalCMCTests" time="0.0"/>
  <testcase name="TestALotOfAdding" classname="LocalCMCTests" time="0.001"/>
  <testcase name="TestALotOfAdding" classname="LocalCMCTests" time="0.001"/>
  <testcase name="TestALotOfAdding" classname="LocalCMCTests" time="0.0"/>
  <testcase name="TestALotOfAdding" classname="LocalCMCTests" time="0.001"/>
  <testcase name="TestALotOfAdding" classname="LocalCMCTests" time="0.001"/>
  <testcase name="TestALotOfAdding" classname="LocalCMCTests" time="0.0"/>
  <testcase name="TestALotOfAdding" classname="LocalCMCTests" time="0.0"/>
  <testcase name="TestALotOfAdding" classname="LocalCMCTests" time="0.0"/>
  <testcase name="TestALotOfAdding" classname="LocalCMCTests" time="0.0"/>
  <testcase name="TestALotOfAdding" classname="LocalCMCTests" time="0.001"/>
  <testcase name="TestALotOfAdding" classname="LocalCMCTests" time="0.001"/>
  <testcase name="TestALotOfAdding" classname="LocalCMCTests" time="0.0"/>
  <testcase name="TestALotOfAdding" classname="LocalCMCTests" time="0.0"/>
  <testcase name="TestALotOfAdding" classname="LocalCMCTests" time="0.001"/>
  <testcase name="TestALotOfAdding" classname="LocalCMCTests" time="0.001"/>
  <testcase name="TestALotOfAdding" classname="LocalCMCTests" time="0.0"/>
  <testcase name="TestALotOfAdding" classname="LocalCMCTests" time="0.001"/>
  <testcase name="TestALotOfAdding" classname="LocalCMCTests" time="0.001"/>
  <testcase name="TestALotOfAdding" classname="LocalCMCTests" time="0.001"/>
  <testcase name="TestALotOfAdding" classname="LocalCMCTests" time="0.001"/>
  <testcase name="TestALotOfAdding" classname="LocalCMCTests" time="0.001"/>
  <testcase name="TestALotOfAdding" classname="LocalCMCTests" time="0.0"/>
  <testcase name="TestALotOfAdding" classname="LocalCMCTests" time="0.0"/>
  <testcase name="TestALotOfAdding" classname="LocalCMCTests" time="0.0"/>
  <testcase name="TestALotOfAdding" classname="LocalCMCTests" time="0.0"/>
  <testcase name="TestALotOfAdding" classname="LocalCMCTests" time="0.0"/>
  <testcase name="TestALotOfAdding" classname="LocalCMCTests" time="0.001"/>
  <testcase name="TestALotOfAdding" classname="LocalCMCTests" time="0.001"/>
  <testcase name="TestALotOfAdding" classname="LocalCMCTests" time="0.0"/>
  <testcase name="TestALotOfAdding" classname="LocalCMCTests" time="0.001"/>
  <testcase name="TestALotOfAdding" classname="LocalCMCTests" time="0.0"/>
  <testcase name="TestALotOfAdding" classname="LocalCMCTests" time="0.001"/>
  <testcase name="TestALotOfAdding" classname="LocalCMCTests" time="0.0"/>
  <testcase name="TestALotOfAdding" classname="LocalCMCTests" time="0.0"/>
  <testcase name="TestALotOfAdding" classname="LocalCMCTests" time="0.001"/>
  <testcase name="TestALotOfAdding" classname="LocalCMCTests" time="0.0"/>
  <testcase name="TestALotOfAdding" classname="LocalCMCTests" time="0.001"/>
  <testcase name="TestALotOfAdding" classname="LocalCMCTests" time="0.0"/>
  <testcase name="TestALotOfAdding" classname="LocalCMCTests" time="0.001"/>
  <testcase name="TestALotOfAdding" classname="LocalCMCTests" time="0.0"/>
  <testcase name="TestALotOfAdding" classname="LocalCMCTests" time="0.001"/>
  <testcase name="TestALotOfAdding" classname="LocalCMCTests" time="0.001"/>
  <testcase name="TestALotOfAdding" classname="LocalCMCTests" time="0.0"/>
  <testcase name="TestALotOfAdding" classname="LocalCMCTests" time="0.0"/>
  <testcase name="TestALotOfAdding" classname="LocalCMCTests" time="0.0"/>
  <testcase name="TestALotOfAdding" classname="LocalCMCTests" time="0.001"/>
  <testcase name="TestALotOfAdding" classname="LocalCMCTests" time="0.001"/>
  <testcase name="TestALotOfAdding" classname="LocalCMCTests" time="0.001"/>
  <testcase name="TestALotOfAdding" classname="LocalCMCTests" time="0.0"/>
  <testcase name="TestALotOfAdding" classname="LocalCMCTests" time="0.001"/>
  <testcase name="TestALotOfAdding" classname="LocalCMCTests" time="0.001"/>
  <testcase name="TestALotOfAdding" classname="LocalCMCTests" time="0.001"/>
  <testcase name="TestALotOfAdding" classname="LocalCMCTests" time="0.0"/>
  <testcase name="TestALotOfAdding" classname="LocalCMCTests" time="0.0"/>
  <testcase name="TestALotOfAdding" classname="LocalCMCTests" time="0.0"/>
  <testcase name="TestALotOfAdding" classname="LocalCMCTests" time="0.0"/>
  <testcase name="TestALotOfAdding" classname="LocalCMCTests" time="0.0"/>
  <testcase name="TestALotOfAdding" classname="LocalCMCTests" time="0.001"/>
  <testcase name="TestALotOfAdding" classname="LocalCMCTests" time="0.0"/>
  <testcase name="TestALotOfAdding" classname="LocalCMCTests" time="0.001"/>
  <testcase name="TestALotOfAdding" classname="LocalCMCTests" time="0.001"/>
  <testcase name="TestALotOfAdding" classname="LocalCMCTests" time="0.0"/>
  <testcase name="TestALotOfAdding" classname="LocalCMCTests" time="0.001"/>
  <testcase name="TestALotOfAdding" classname="LocalCMCTests" time="0.001"/>
  <testcase name="TestALotOfAdding" classname="LocalCMCTests" time="0.0"/>
  <testcase name="TestALotOfAdding" classname="LocalCMCTests" time="0.0"/>
  <testcase name="TestALotOfAdding" classname="LocalCMCTests" time="0.001"/>
  <testcase name="TestALotOfAdding" classname="LocalCMCTests" time="0.0"/>
  <testcase name="TestALotOfAdding" classname="LocalCMCTests" time="0.0"/>
  <testcase name="TestALotOfAdding" classname="LocalCMCTests" time="0.0"/>
  <testcase name="TestALotOfAdding" classname="LocalCMCTests" time="0.0"/>
  <testcase name="TestALotOfAdding" classname="LocalCMCTests" time="0.0"/>
  <testcase name="TestALotOfAdding" classname="LocalCMCTests" time="0.002"/>
  <testcase name="TestALotOfAdding" classname="LocalCMCTests" time="0.0"/>
  <testcase name="TestALotOfAdding" classname="LocalCMCTests" time="0.0"/>
  <testcase name="TestALotOfAdding" classname="LocalCMCTests" time="0.001"/>
  <testcase name="TestALotOfAdding" classname="LocalCMCTests" time="0.001"/>
  <testcase name="TestALotOfAdding" classname="LocalCMCTests" time="0.001"/>
  <testcase name="TestALotOfAdding" classname="LocalCMCTests" time="0.0"/>
  <testcase name="TestALotOfAdding" classname="LocalCMCTests" time="0.002"/>
  <testcase name="TestALotOfAdding" classname="LocalCMCTests" time="0.0"/>
  <testcase name="TestALotOfAdding" classname="LocalCMCTests" time="0.001"/>
  <testcase name="TestALotOfAdding" classname="LocalCMCTests" time="0.0"/>
  <testcase name="TestALotOfAdding" classname="LocalCMCTests" time="0.001"/>
  <testcase name="TestALotOfAdding" classname="LocalCMCTests" time="0.0"/>
  <testcase name="TestALotOfAdding" classname="LocalCMCTests" time="0.0"/>
  <testcase name="TestALotOfAdding" classname="LocalCMCTests" time="0.0"/>
  <testcase name="TestALotOfAdding" classname="LocalCMCTests" time="0.001"/>
  <testcase name="TestALotOfAdding" classname="LocalCMCTests" time="0.001"/>
  <testcase name="TestALotOfAdding" classname="LocalCMCTests" time="0.001"/>
  <testcase name="TestALotOfAdding" classname="LocalCMCTests" time="0.0"/>
  <testcase name="TestALotOfAdding" classname="LocalCMCTests" time="0.0"/>
  <testcase name="TestALotOfAdding" classname="LocalCMCTests" time="0.0"/>
  <testcase name="TestALotOfAdding" classname="LocalCMCTests" time="0.001"/>
  <testcase name="TestALotOfAdding" classname="LocalCMCTests" time="0.001"/>
  <testcase name="TestALotOfAdding" classname="LocalCMCTests" time="0.0"/>
  <testcase name="TestALotOfAdding" classname="LocalCMCTests" time="0.0"/>
  <testcase name="TestALotOfAdding" classname="LocalCMCTests" time="0.001"/>
  <testcase name="TestALotOfAdding" classname="LocalCMCTests" time="0.001"/>
  <testcase name="TestALotOfAdding" classname="LocalCMCTests" time="0.0"/>
  <testcase name="TestALotOfAdding" classname="LocalCMCTests" time="0.0"/>
  <testcase name="TestALotOfAdding" classname="LocalCMCTests" time="0.024"/>
  <testcase name="TestALotOfAdding" classname="LocalCMCTests" time="0.0"/>
  <testcase name="TestALotOfAdding" classname="LocalCMCTests" time="0.0"/>
  <testcase name="TestALotOfAdding" classname="LocalCMCTests" time="0.0"/>
  <testcase name="TestALotOfAdding" classname="LocalCMCTests" time="0.0"/>
  <testcase name="TestALotOfAdding" classname="LocalCMCTests" time="0.0"/>
  <testcase name="TestALotOfAdding" classname="LocalCMCTests" time="0.0"/>
  <testcase name="TestALotOfAdding" classname="LocalCMCTests" time="0.001"/>
  <testcase name="TestALotOfAdding" classname="LocalCMCTests" time="0.002"/>
  <testcase name="TestALotOfAdding" classname="LocalCMCTests" time="0.001"/>
  <testcase name="TestALotOfAdding" classname="LocalCMCTests" time="0.002"/>
  <testcase name="TestALotOfAdding" classname="LocalCMCTests" time="0.001"/>
  <testcase name="TestALotOfAdding" classname="LocalCMCTests" time="0.001"/>
  <testcase name="TestALotOfAdding" classname="LocalCMCTests" time="0.0"/>
  <testcase name="TestALotOfAdding" classname="LocalCMCTests" time="0.0"/>
  <testcase name="TestALotOfAdding" classname="LocalCMCTests" time="0.001"/>
  <testcase name="TestALotOfAdding" classname="LocalCMCTests" time="0.0"/>
  <testcase name="TestALotOfAdding" classname="LocalCMCTests" time="0.0"/>
  <testcase name="TestALotOfAdding" classname="LocalCMCTests" time="0.0"/>
  <testcase name="TestALotOfAdding" classname="LocalCMCTests" time="0.0"/>
  <testcase name="TestALotOfAdding" classname="LocalCMCTests" time="0.0"/>
  <testcase name="TestALotOfAdding" classname="LocalCMCTests" time="0.001"/>
  <testcase name="TestALotOfAdding" classname="LocalCMCTests" time="0.001"/>
  <testcase name="TestALotOfAdding" classname="LocalCMCTests" time="0.001"/>
  <testcase name="TestALotOfAdding" classname="LocalCMCTests" time="0.001"/>
  <testcase name="TestALotOfAdding" classname="LocalCMCTests" time="0.001"/>
  <testcase name="TestALotOfAdding" classname="LocalCMCTests" time="0.001"/>
  <testcase name="TestALotOfAdding" classname="LocalCMCTests" time="0.0"/>
  <testcase name="TestALotOfAdding" classname="LocalCMCTests" time="0.001"/>
  <testcase name="TestALotOfAdding" classname="LocalCMCTests" time="0.001"/>
  <testcase name="TestALotOfAdding" classname="LocalCMCTests" time="0.0"/>
  <testcase name="TestALotOfAdding" classname="LocalCMCTests" time="0.0"/>
  <testcase name="TestALotOfAdding" classname="LocalCMCTests" time="0.001"/>
  <testcase name="TestALotOfAdding" classname="LocalCMCTests" time="0.001"/>
  <testcase name="TestALotOfAdding" classname="LocalCMCTests" time="0.0"/>
  <testcase name="TestALotOfAdding" classname="LocalCMCTests" time="0.0"/>
  <testcase name="TestALotOfAdding" classname="LocalCMCTests" time="0.0"/>
  <testcase name="TestALotOfAdding" classname="LocalCMCTests" time="0.001"/>
  <testcase name="TestALotOfAdding" classname="LocalCMCTests" time="0.001"/>
  <testcase name="TestALotOfAdding" classname="LocalCMCTests" time="0.001"/>
  <testcase name="TestALotOfAdding" classname="LocalCMCTests" time="0.001"/>
  <testcase name="TestALotOfAdding" classname="LocalCMCTests" time="0.0"/>
  <testcase name="TestALotOfAdding" classname="LocalCMCTests" time="0.001"/>
  <testcase name="TestALotOfAdding" classname="LocalCMCTests" time="0.001"/>
  <testcase name="TestALotOfAdding" classname="LocalCMCTests" time="0.0"/>
  <testcase name="TestALotOfAdding" classname="LocalCMCTests" time="0.0"/>
  <testcase name="TestALotOfAdding" classname="LocalCMCTests" time="0.001"/>
  <testcase name="TestALotOfAdding" classname="LocalCMCTests" time="0.0"/>
  <testcase name="TestALotOfAdding" classname="LocalCMCTests" time="0.001"/>
  <testcase name="TestALotOfAdding" classname="LocalCMCTests" time="0.001"/>
  <testcase name="TestALotOfAdding" classname="LocalCMCTests" time="0.0"/>
  <testcase name="TestALotOfAdding" classname="LocalCMCTests" time="0.0"/>
  <testcase name="TestALotOfAdding" classname="LocalCMCTests" time="0.0"/>
  <testcase name="TestALotOfAdding" classname="LocalCMCTests" time="0.0"/>
  <testcase name="TestALotOfAdding" classname="LocalCMCTests" time="0.0"/>
  <testcase name="TestALotOfAdding" classname="LocalCMCTests" time="0.0"/>
  <testcase name="TestALotOfAdding" classname="LocalCMCTests" time="0.001"/>
  <testcase name="TestALotOfAdding" classname="LocalCMCTests" time="0.0"/>
  <testcase name="TestALotOfAdding" classname="LocalCMCTests" time="0.0"/>
  <testcase name="TestALotOfAdding" classname="LocalCMCTests" time="0.001"/>
  <testcase name="TestALotOfAdding" classname="LocalCMCTests" time="0.002"/>
  <testcase name="TestALotOfAdding" classname="LocalCMCTests" time="0.002"/>
  <testcase name="TestALotOfAdding" classname="LocalCMCTests" time="0.001"/>
  <testcase name="TestALotOfAdding" classname="LocalCMCTests" time="0.0"/>
  <testcase name="TestALotOfAdding" classname="LocalCMCTests" time="0.0"/>
  <testcase name="TestALotOfAdding" classname="LocalCMCTests" time="0.001"/>
  <testcase name="TestALotOfAdding" classname="LocalCMCTests" time="0.001"/>
  <testcase name="TestALotOfAdding" classname="LocalCMCTests" time="0.002"/>
  <testcase name="TestALotOfAdding" classname="LocalCMCTests" time="0.0"/>
  <testcase name="TestALotOfAdding" classname="LocalCMCTests" time="0.0"/>
  <testcase name="TestALotOfAdding" classname="LocalCMCTests" time="0.001"/>
  <testcase name="TestALotOfAdding" classname="LocalCMCTests" time="0.0"/>
  <testcase name="TestALotOfAdding" classname="LocalCMCTests" time="0.0"/>
  <testcase name="TestALotOfAdding" classname="LocalCMCTests" time="0.001"/>
  <testcase name="TestALotOfAdding" classname="LocalCMCTests" time="0.0"/>
  <testcase name="TestALotOfAdding" classname="LocalCMCTests" time="0.001"/>
  <testcase name="TestALotOfAdding" classname="LocalCMCTests" time="0.002"/>
  <testcase name="TestALotOfAdding" classname="LocalCMCTests" time="0.001"/>
  <testcase name="TestALotOfAdding" classname="LocalCMCTests" time="0.0"/>
  <testcase name="TestALotOfAdding" classname="LocalCMCTests" time="0.0"/>
  <testcase name="TestALotOfAdding" classname="LocalCMCTests" time="0.0"/>
  <testcase name="TestALotOfAdding" classname="LocalCMCTests" time="0.0"/>
  <testcase name="TestALotOfAdding" classname="LocalCMCTests" time="0.001"/>
  <testcase name="TestALotOfAdding" classname="LocalCMCTests" time="0.0"/>
  <testcase name="TestALotOfAdding" classname="LocalCMCTests" time="0.001"/>
  <testcase name="TestALotOfAdding" classname="LocalCMCTests" time="0.001"/>
  <testcase name="TestALotOfAdding" classname="LocalCMCTests" time="0.001"/>
  <testcase name="TestALotOfAdding" classname="LocalCMCTests" time="0.001"/>
  <testcase name="TestALotOfAdding" classname="LocalCMCTests" time="0.0"/>
  <testcase name="TestALotOfAdding" classname="LocalCMCTests" time="0.001"/>
  <testcase name="TestALotOfAdding" classname="LocalCMCTests" time="0.0"/>
  <testcase name="TestALotOfAdding" classname="LocalCMCTests" time="0.0"/>
  <testcase name="TestALotOfAdding" classname="LocalCMCTests" time="0.001"/>
  <testcase name="TestALotOfAdding" classname="LocalCMCTests" time="0.0"/>
  <testcase name="TestALotOfAdding" classname="LocalCMCTests" time="0.001"/>
  <testcase name="TestALotOfAdding" classname="LocalCMCTests" time="0.001"/>
  <testcase name="TestALotOfAdding" classname="LocalCMCTests" time="0.0"/>
  <testcase name="TestALotOfAdding" classname="LocalCMCTests" time="0.003"/>
  <testcase name="TestALotOfAdding" classname="LocalCMCTests" time="0.001"/>
  <testcase name="TestALotOfAdding" classname="LocalCMCTests" time="0.0"/>
  <testcase name="TestALotOfAdding" classname="LocalCMCTests" time="0.001"/>
  <testcase name="TestALotOfAdding" classname="LocalCMCTests" time="0.0"/>
  <testcase name="TestALotOfAdding" classname="LocalCMCTests" time="0.0"/>
  <testcase name="TestALotOfAdding" classname="LocalCMCTests" time="0.0"/>
  <testcase name="TestALotOfAdding" classname="LocalCMCTests" time="0.001"/>
  <testcase name="TestALotOfAdding" classname="LocalCMCTests" time="0.001"/>
  <testcase name="TestALotOfAdding" classname="LocalCMCTests" time="0.001"/>
  <testcase name="TestALotOfAdding" classname="LocalCMCTests" time="0.001"/>
  <testcase name="TestALotOfAdding" classname="LocalCMCTests" time="0.001"/>
  <testcase name="TestALotOfAdding" classname="LocalCMCTests" time="0.001"/>
  <testcase name="TestALotOfAdding" classname="LocalCMCTests" time="0.0"/>
  <testcase name="TestALotOfAdding" classname="LocalCMCTests" time="0.001"/>
  <testcase name="TestALotOfAdding" classname="LocalCMCTests" time="0.002"/>
  <testcase name="TestALotOfAdding" classname="LocalCMCTests" time="0.001"/>
  <testcase name="TestALotOfAdding" classname="LocalCMCTests" time="0.001"/>
  <testcase name="TestALotOfAdding" classname="LocalCMCTests" time="0.001"/>
  <testcase name="TestALotOfAdding" classname="LocalCMCTests" time="0.0"/>
  <testcase name="TestALotOfAdding" classname="LocalCMCTests" time="0.0"/>
  <testcase name="TestALotOfAdding" classname="LocalCMCTests" time="0.001"/>
  <testcase name="TestALotOfAdding" classname="LocalCMCTests" time="0.0"/>
  <testcase name="TestALotOfAdding" classname="LocalCMCTests" time="0.0"/>
  <testcase name="TestALotOfAdding" classname="LocalCMCTests" time="0.0"/>
  <testcase name="TestALotOfAdding" classname="LocalCMCTests" time="0.001"/>
  <testcase name="TestALotOfAdding" classname="LocalCMCTests" time="0.001"/>
  <testcase name="TestALotOfAdding" classname="LocalCMCTests" time="0.0"/>
  <testcase name="TestALotOfAdding" classname="LocalCMCTests" time="0.001"/>
  <testcase name="TestALotOfAdding" classname="LocalCMCTests" time="0.001"/>
  <testcase name="TestALotOfAdding" classname="LocalCMCTests" time="0.001"/>
  <testcase name="TestALotOfAdding" classname="LocalCMCTests" time="0.001"/>
  <testcase name="TestALotOfAdding" classname="LocalCMCTests" time="0.001"/>
  <testcase name="TestALotOfAdding" classname="LocalCMCTests" time="0.001"/>
  <testcase name="TestALotOfAdding" classname="LocalCMCTests" time="0.002"/>
  <testcase name="TestALotOfAdding" classname="LocalCMCTests" time="0.001"/>
  <testcase name="TestALotOfAdding" classname="LocalCMCTests" time="0.0"/>
  <testcase name="TestALotOfAdding" classname="LocalCMCTests" time="0.0"/>
  <testcase name="TestALotOfAdding" classname="LocalCMCTests" time="0.0"/>
  <testcase name="TestALotOfAdding" classname="LocalCMCTests" time="0.0"/>
  <testcase name="TestALotOfAdding" classname="LocalCMCTests" time="0.0"/>
  <testcase name="TestALotOfAdding" classname="LocalCMCTests" time="0.001"/>
  <testcase name="TestALotOfAdding" classname="LocalCMCTests" time="0.001"/>
  <testcase name="TestALotOfAdding" classname="LocalCMCTests" time="0.0"/>
  <testcase name="TestALotOfAdding" classname="LocalCMCTests" time="0.001"/>
  <testcase name="TestALotOfAdding" classname="LocalCMCTests" time="0.0"/>
  <testcase name="TestALotOfAdding" classname="LocalCMCTests" time="0.001"/>
  <testcase name="TestALotOfAdding" classname="LocalCMCTests" time="0.0"/>
  <testcase name="TestALotOfAdding" classname="LocalCMCTests" time="0.001"/>
  <testcase name="TestALotOfAdding" classname="LocalCMCTests" time="0.0"/>
  <testcase name="TestALotOfAdding" classname="LocalCMCTests" time="0.001"/>
  <testcase name="TestALotOfAdding" classname="LocalCMCTests" time="0.0"/>
  <testcase name="TestALotOfAdding" classname="LocalCMCTests" time="0.001"/>
  <testcase name="TestALotOfAdding" classname="LocalCMCTests" time="0.001"/>
  <testcase name="TestALotOfAdding" classname="LocalCMCTests" time="0.001"/>
  <testcase name="TestALotOfAdding" classname="LocalCMCTests" time="0.001"/>
  <testcase name="TestALotOfAdding" classname="LocalCMCTests" time="0.0"/>
  <testcase name="TestALotOfAdding" classname="LocalCMCTests" time="0.001"/>
  <testcase name="TestALotOfAdding" classname="LocalCMCTests" time="0.001"/>
  <testcase name="TestALotOfAdding" classname="LocalCMCTests" time="0.001"/>
  <testcase name="TestALotOfAdding" classname="LocalCMCTests" time="0.001"/>
  <testcase name="TestALotOfAdding" classname="LocalCMCTests" time="0.0"/>
  <testcase name="TestALotOfAdding" classname="LocalCMCTests" time="0.0"/>
  <testcase name="TestALotOfAdding" classname="LocalCMCTests" time="0.0"/>
  <testcase name="TestALotOfAdding" classname="LocalCMCTests" time="0.0"/>
  <testcase name="TestALotOfAdding" classname="LocalCMCTests" time="0.0"/>
  <testcase name="TestALotOfAdding" classname="LocalCMCTests" time="0.001"/>
  <testcase name="TestALotOfAdding" classname="LocalCMCTests" time="0.0"/>
  <testcase name="TestALotOfAdding" classname="LocalCMCTests" time="0.001"/>
  <testcase name="TestALotOfAdding" classname="LocalCMCTests" time="0.001"/>
  <testcase name="TestALotOfAdding" classname="LocalCMCTests" time="0.0"/>
  <testcase name="TestALotOfAdding" classname="LocalCMCTests" time="0.001"/>
  <testcase name="TestALotOfAdding" classname="LocalCMCTests" time="0.0"/>
  <testcase name="TestALotOfAdding" classname="LocalCMCTests" time="0.001"/>
  <testcase name="TestALotOfAdding" classname="LocalCMCTests" time="0.001"/>
  <testcase name="TestALotOfAdding" classname="LocalCMCTests" time="0.001"/>
  <testcase name="TestALotOfAdding" classname="LocalCMCTests" time="0.001"/>
  <testcase name="TestALotOfAdding" classname="LocalCMCTests" time="0.001"/>
  <testcase name="TestALotOfAdding" classname="LocalCMCTests" time="0.002"/>
  <testcase name="TestALotOfAdding" classname="LocalCMCTests" time="0.001"/>
  <testcase name="TestALotOfAdding" classname="LocalCMCTests" time="0.001"/>
  <testcase name="TestALotOfAdding" classname="LocalCMCTests" time="0.001"/>
  <testcase name="TestALotOfAdding" classname="LocalCMCTests" time="0.0"/>
  <testcase name="TestALotOfAdding" classname="LocalCMCTests" time="0.0"/>
  <testcase name="TestALotOfAdding" classname="LocalCMCTests" time="0.0"/>
  <testcase name="TestALotOfAdding" classname="LocalCMCTests" time="0.0"/>
  <testcase name="TestALotOfAdding" classname="LocalCMCTests" time="0.0"/>
  <testcase name="TestALotOfAdding" classname="LocalCMCTests" time="0.001"/>
  <testcase name="TestALotOfAdding" classname="LocalCMCTests" time="0.001"/>
  <testcase name="TestALotOfAdding" classname="LocalCMCTests" time="0.0"/>
  <testcase name="TestALotOfAdding" classname="LocalCMCTests" time="0.0"/>
  <testcase name="TestALotOfAdding" classname="LocalCMCTests" time="0.0"/>
  <testcase name="TestALotOfAdding" classname="LocalCMCTests" time="0.0"/>
  <testcase name="TestALotOfAdding" classname="LocalCMCTests" time="0.0"/>
  <testcase name="TestALotOfAdding" classname="LocalCMCTests" time="0.001"/>
  <testcase name="TestALotOfAdding" classname="LocalCMCTests" time="0.001"/>
  <testcase name="TestALotOfAdding" classname="LocalCMCTests" time="0.001"/>
  <testcase name="TestALotOfAdding" classname="LocalCMCTests" time="0.001"/>
  <testcase name="TestALotOfAdding" classname="LocalCMCTests" time="0.0"/>
  <testcase name="TestALotOfAdding" classname="LocalCMCTests" time="0.0"/>
  <testcase name="TestALotOfAdding" classname="LocalCMCTests" time="0.001"/>
  <testcase name="TestALotOfAdding" classname="LocalCMCTests" time="0.0"/>
  <testcase name="TestALotOfAdding" classname="LocalCMCTests" time="0.0"/>
  <testcase name="TestALotOfAdding" classname="LocalCMCTests" time="0.0"/>
  <testcase name="TestALotOfAdding" classname="LocalCMCTests" time="0.001"/>
  <testcase name="TestALotOfAdding" classname="LocalCMCTests" time="0.001"/>
  <testcase name="TestALotOfAdding" classname="LocalCMCTests" time="0.001"/>
  <testcase name="TestALotOfAdding" classname="LocalCMCTests" time="0.001"/>
  <testcase name="TestALotOfAdding" classname="LocalCMCTests" time="0.0"/>
  <testcase name="TestALotOfAdding" classname="LocalCMCTests" time="0.001"/>
  <testcase name="TestALotOfAdding" classname="LocalCMCTests" time="0.001"/>
  <testcase name="TestALotOfAdding" classname="LocalCMCTests" time="0.001"/>
  <testcase name="TestALotOfAdding" classname="LocalCMCTests" time="0.0"/>
  <testcase name="TestALotOfAdding" classname="LocalCMCTests" time="0.0"/>
  <testcase name="TestALotOfAdding" classname="LocalCMCTests" time="0.001"/>
  <testcase name="TestALotOfAdding" classname="LocalCMCTests" time="0.001"/>
  <testcase name="TestALotOfAdding" classname="LocalCMCTests" time="0.0"/>
  <testcase name="TestALotOfAdding" classname="LocalCMCTests" time="0.0"/>
  <testcase name="TestALotOfAdding" classname="LocalCMCTests" time="0.0"/>
  <testcase name="TestALotOfAdding" classname="LocalCMCTests" time="0.0"/>
  <testcase name="TestALotOfAdding" classname="LocalCMCTests" time="0.001"/>
  <testcase name="TestALotOfAdding" classname="LocalCMCTests" time="0.001"/>
  <testcase name="TestALotOfAdding" classname="LocalCMCTests" time="0.0"/>
  <testcase name="TestALotOfAdding" classname="LocalCMCTests" time="0.001"/>
  <testcase name="TestALotOfAdding" classname="LocalCMCTests" time="0.001"/>
  <testcase name="TestALotOfAdding" classname="LocalCMCTests" time="0.0"/>
  <testcase name="TestALotOfAdding" classname="LocalCMCTests" time="0.001"/>
  <testcase name="TestALotOfAdding" classname="LocalCMCTests" time="0.001"/>
  <testcase name="TestALotOfAdding" classname="LocalCMCTests" time="0.001"/>
  <testcase name="TestALotOfAdding" classname="LocalCMCTests" time="0.001"/>
  <testcase name="TestALotOfAdding" classname="LocalCMCTests" time="0.0"/>
  <testcase name="TestALotOfAdding" classname="LocalCMCTests" time="0.0"/>
  <testcase name="TestALotOfAdding" classname="LocalCMCTests" time="0.001"/>
  <testcase name="TestALotOfAdding" classname="LocalCMCTests" time="0.0"/>
  <testcase name="TestALotOfAdding" classname="LocalCMCTests" time="0.001"/>
  <testcase name="TestALotOfAdding" classname="LocalCMCTests" time="0.0"/>
  <testcase name="TestALotOfAdding" classname="LocalCMCTests" time="0.0"/>
  <testcase name="TestALotOfAdding" classname="LocalCMCTests" time="0.001"/>
  <testcase name="TestALotOfAdding" classname="LocalCMCTests" time="0.0"/>
  <testcase name="TestALotOfAdding" classname="LocalCMCTests" time="0.0"/>
  <testcase name="TestALotOfAdding" classname="LocalCMCTests" time="0.002"/>
  <testcase name="TestALotOfAdding" classname="LocalCMCTests" time="0.001"/>
  <testcase name="TestALotOfAdding" classname="LocalCMCTests" time="0.0"/>
  <testcase name="TestALotOfAdding" classname="LocalCMCTests" time="0.001"/>
  <testcase name="TestALotOfAdding" classname="LocalCMCTests" time="0.001"/>
  <testcase name="TestALotOfAdding" classname="LocalCMCTests" time="0.002"/>
  <testcase name="TestALotOfAdding" classname="LocalCMCTests" time="0.0"/>
  <testcase name="TestALotOfAdding" classname="LocalCMCTests" time="0.0"/>
  <testcase name="TestALotOfAdding" classname="LocalCMCTests" time="0.0"/>
  <testcase name="TestALotOfAdding" classname="LocalCMCTests" time="0.001"/>
  <testcase name="TestALotOfAdding" classname="LocalCMCTests" time="0.0"/>
  <testcase name="TestALotOfAdding" classname="LocalCMCTests" time="0.001"/>
  <testcase name="TestALotOfAdding" classname="LocalCMCTests" time="0.001"/>
  <testcase name="TestALotOfAdding" classname="LocalCMCTests" time="0.002"/>
  <testcase name="TestALotOfAdding" classname="LocalCMCTests" time="0.001"/>
  <testcase name="TestALotOfAdding" classname="LocalCMCTests" time="0.0"/>
  <testcase name="TestALotOfAdding" classname="LocalCMCTests" time="0.0"/>
  <testcase name="TestALotOfAdding" classname="LocalCMCTests" time="0.0"/>
  <testcase name="TestALotOfAdding" classname="LocalCMCTests" time="0.001"/>
  <testcase name="TestALotOfAdding" classname="LocalCMCTests" time="0.001"/>
  <testcase name="TestALotOfAdding" classname="LocalCMCTests" time="0.0"/>
  <testcase name="TestALotOfAdding" classname="LocalCMCTests" time="0.0"/>
  <testcase name="TestALotOfAdding" classname="LocalCMCTests" time="0.001"/>
  <testcase name="TestALotOfAdding" classname="LocalCMCTests" time="0.0"/>
  <testcase name="TestALotOfAdding" classname="LocalCMCTests" time="0.001"/>
  <testcase name="TestALotOfAdding" classname="LocalCMCTests" time="0.001"/>
  <testcase name="TestALotOfAdding" classname="LocalCMCTests" time="0.0"/>
  <testcase name="TestALotOfAdding" classname="LocalCMCTests" time="0.001"/>
  <testcase name="TestALotOfAdding" classname="LocalCMCTests" time="0.0"/>
  <testcase name="TestALotOfAdding" classname="LocalCMCTests" time="0.0"/>
  <testcase name="TestALotOfAdding" classname="LocalCMCTests" time="0.0"/>
  <testcase name="TestALotOfAdding" classname="LocalCMCTests" time="0.0"/>
  <testcase name="TestALotOfAdding" classname="LocalCMCTests" time="0.0"/>
  <testcase name="TestALotOfAdding" classname="LocalCMCTests" time="0.0"/>
  <testcase name="TestALotOfAdding" classname="LocalCMCTests" time="0.002"/>
  <testcase name="TestALotOfAdding" classname="LocalCMCTests" time="0.002"/>
  <testcase name="TestALotOfAdding" classname="LocalCMCTests" time="0.0"/>
  <testcase name="TestALotOfAdding" classname="LocalCMCTests" time="0.002"/>
  <testcase name="TestALotOfAdding" classname="LocalCMCTests" time="0.002"/>
  <testcase name="TestALotOfAdding" classname="LocalCMCTests" time="0.0"/>
  <testcase name="TestALotOfAdding" classname="LocalCMCTests" time="0.001"/>
  <testcase name="TestALotOfAdding" classname="LocalCMCTests" time="0.001"/>
  <testcase name="TestALotOfAdding" classname="LocalCMCTests" time="0.0"/>
  <testcase name="TestALotOfAdding" classname="LocalCMCTests" time="0.001"/>
  <testcase name="TestALotOfAdding" classname="LocalCMCTests" time="0.001"/>
  <testcase name="TestALotOfAdding" classname="LocalCMCTests" time="0.001"/>
  <testcase name="TestALotOfAdding" classname="LocalCMCTests" time="0.0"/>
  <testcase name="TestALotOfAdding" classname="LocalCMCTests" time="0.0"/>
  <testcase name="TestALotOfAdding" classname="LocalCMCTests" time="0.001"/>
  <testcase name="TestALotOfAdding" classname="LocalCMCTests" time="0.0"/>
  <testcase name="TestALotOfAdding" classname="LocalCMCTests" time="0.001"/>
  <testcase name="TestALotOfAdding" classname="LocalCMCTests" time="0.001"/>
  <testcase name="TestALotOfAdding" classname="LocalCMCTests" time="0.001"/>
  <testcase name="TestALotOfAdding" classname="LocalCMCTests" time="0.001"/>
  <testcase name="TestALotOfAdding" classname="LocalCMCTests" time="0.0"/>
  <testcase name="TestALotOfAdding" classname="LocalCMCTests" time="0.001"/>
  <testcase name="TestALotOfAdding" classname="LocalCMCTests" time="0.001"/>
  <testcase name="TestALotOfAdding" classname="LocalCMCTests" time="0.0"/>
  <testcase name="TestALotOfAdding" classname="LocalCMCTests" time="0.0"/>
  <testcase name="TestALotOfAdding" classname="LocalCMCTests" time="0.0"/>
  <testcase name="TestALotOfAdding" classname="LocalCMCTests" time="0.0"/>
  <testcase name="TestALotOfAdding" classname="LocalCMCTests" time="0.0"/>
  <testcase name="TestALotOfAdding" classname="LocalCMCTests" time="0.0"/>
  <testcase name="TestALotOfAdding" classname="LocalCMCTests" time="0.001"/>
  <testcase name="TestALotOfAdding" classname="LocalCMCTests" time="0.001"/>
  <testcase name="TestALotOfAdding" classname="LocalCMCTests" time="0.001"/>
  <testcase name="TestALotOfAdding" classname="LocalCMCTests" time="0.001"/>
  <testcase name="TestALotOfAdding" classname="LocalCMCTests" time="0.001"/>
  <testcase name="TestALotOfAdding" classname="LocalCMCTests" time="0.001"/>
  <testcase name="TestALotOfAdding" classname="LocalCMCTests" time="0.001"/>
  <testcase name="TestALotOfAdding" classname="LocalCMCTests" time="0.001"/>
  <testcase name="TestALotOfAdding" classname="LocalCMCTests" time="0.001"/>
  <testcase name="TestALotOfAdding" classname="LocalCMCTests" time="0.001"/>
  <testcase name="TestALotOfAdding" classname="LocalCMCTests" time="0.002"/>
  <testcase name="TestALotOfAdding" classname="LocalCMCTests" time="0.001"/>
  <testcase name="TestALotOfAdding" classname="LocalCMCTests" time="0.0"/>
  <testcase name="TestALotOfAdding" classname="LocalCMCTests" time="0.001"/>
  <testcase name="TestALotOfAdding" classname="LocalCMCTests" time="0.0"/>
  <testcase name="TestALotOfAdding" classname="LocalCMCTests" time="0.0"/>
  <testcase name="TestALotOfAdding" classname="LocalCMCTests" time="0.0"/>
  <testcase name="TestALotOfAdding" classname="LocalCMCTests" time="0.0"/>
  <testcase name="TestALotOfAdding" classname="LocalCMCTests" time="0.0"/>
  <testcase name="TestALotOfAdding" classname="LocalCMCTests" time="0.0"/>
  <testcase name="TestALotOfAdding" classname="LocalCMCTests" time="0.0"/>
  <testcase name="TestALotOfAdding" classname="LocalCMCTests" time="0.0"/>
  <testcase name="TestALotOfAdding" classname="LocalCMCTests" time="0.001"/>
  <testcase name="TestALotOfAdding" classname="LocalCMCTests" time="0.001"/>
  <testcase name="TestALotOfAdding" classname="LocalCMCTests" time="0.001"/>
  <testcase name="TestALotOfAdding" classname="LocalCMCTests" time="0.001"/>
  <testcase name="TestALotOfAdding" classname="LocalCMCTests" time="0.001"/>
  <testcase name="TestALotOfAdding" classname="LocalCMCTests" time="0.002"/>
  <testcase name="TestALotOfAdding" classname="LocalCMCTests" time="0.002"/>
  <testcase name="TestALotOfAdding" classname="LocalCMCTests" time="0.002"/>
  <testcase name="TestALotOfAdding" classname="LocalCMCTests" time="0.0"/>
  <testcase name="TestALotOfAdding" classname="LocalCMCTests" time="0.0"/>
  <testcase name="TestALotOfAdding" classname="LocalCMCTests" time="0.0"/>
  <testcase name="TestALotOfAdding" classname="LocalCMCTests" time="0.001"/>
  <testcase name="TestALotOfAdding" classname="LocalCMCTests" time="0.0"/>
  <testcase name="TestALotOfAdding" classname="LocalCMCTests" time="0.0"/>
  <testcase name="TestALotOfAdding" classname="LocalCMCTests" time="0.001"/>
  <testcase name="TestALotOfAdding" classname="LocalCMCTests" time="0.0"/>
  <testcase name="TestALotOfAdding" classname="LocalCMCTests" time="0.0"/>
  <testcase name="TestALotOfAdding" classname="LocalCMCTests" time="0.001"/>
  <testcase name="TestALotOfAdding" classname="LocalCMCTests" time="0.001"/>
  <testcase name="TestALotOfAdding" classname="LocalCMCTests" time="0.0"/>
  <testcase name="TestALotOfAdding" classname="LocalCMCTests" time="0.001"/>
  <testcase name="TestALotOfAdding" classname="LocalCMCTests" time="0.0"/>
  <testcase name="TestALotOfAdding" classname="LocalCMCTests" time="0.003"/>
  <testcase name="TestALotOfAdding" classname="LocalCMCTests" time="0.001"/>
  <testcase name="TestALotOfAdding" classname="LocalCMCTests" time="0.001"/>
  <testcase name="TestALotOfAdding" classname="LocalCMCTests" time="0.001"/>
  <testcase name="TestALotOfAdding" classname="LocalCMCTests" time="0.001"/>
  <testcase name="TestALotOfAdding" classname="LocalCMCTests" time="0.0"/>
  <testcase name="TestALotOfAdding" classname="LocalCMCTests" time="0.001"/>
  <testcase name="TestALotOfAdding" classname="LocalCMCTests" time="0.0"/>
  <testcase name="TestALotOfAdding" classname="LocalCMCTests" time="0.001"/>
  <testcase name="TestALotOfAdding" classname="LocalCMCTests" time="0.0"/>
  <testcase name="TestALotOfAdding" classname="LocalCMCTests" time="0.0"/>
  <testcase name="TestALotOfAdding" classname="LocalCMCTests" time="0.0"/>
  <testcase name="TestALotOfAdding" classname="LocalCMCTests" time="0.0"/>
  <testcase name="TestALotOfAdding" classname="LocalCMCTests" time="0.001"/>
  <testcase name="TestALotOfAdding" classname="LocalCMCTests" time="0.001"/>
  <testcase name="TestALotOfAdding" classname="LocalCMCTests" time="0.0"/>
  <testcase name="TestALotOfAdding" classname="LocalCMCTests" time="0.0"/>
  <testcase name="TestALotOfAdding" classname="LocalCMCTests" time="0.0"/>
  <testcase name="TestALotOfAdding" classname="LocalCMCTests" time="0.001"/>
  <testcase name="TestALotOfAdding" classname="LocalCMCTests" time="0.001"/>
  <testcase name="TestALotOfAdding" classname="LocalCMCTests" time="0.001"/>
  <testcase name="TestALotOfAdding" classname="LocalCMCTests" time="0.0"/>
  <testcase name="TestALotOfAdding" classname="LocalCMCTests" time="0.001"/>
  <testcase name="TestALotOfAdding" classname="LocalCMCTests" time="0.001"/>
  <testcase name="TestALotOfAdding" classname="LocalCMCTests" time="0.001"/>
  <testcase name="TestALotOfAdding" classname="LocalCMCTests" time="0.001"/>
  <testcase name="TestALotOfAdding" classname="LocalCMCTests" time="0.0"/>
  <testcase name="TestALotOfAdding" classname="LocalCMCTests" time="0.0"/>
  <testcase name="TestALotOfAdding" classname="LocalCMCTests" time="0.001"/>
  <testcase name="TestALotOfAdding" classname="LocalCMCTests" time="0.001"/>
  <testcase name="TestALotOfAdding" classname="LocalCMCTests" time="0.001"/>
  <testcase name="TestALotOfAdding" classname="LocalCMCTests" time="0.001"/>
  <testcase name="TestALotOfAdding" classname="LocalCMCTests" time="0.001"/>
  <testcase name="TestALotOfAdding" classname="LocalCMCTests" time="0.0"/>
  <testcase name="TestALotOfAdding" classname="LocalCMCTests" time="0.001"/>
  <testcase name="TestALotOfAdding" classname="LocalCMCTests" time="0.0"/>
  <testcase name="TestALotOfAdding" classname="LocalCMCTests" time="0.001"/>
  <testcase name="TestALotOfAdding" classname="LocalCMCTests" time="0.001"/>
  <testcase name="TestALotOfAdding" classname="LocalCMCTests" time="0.0"/>
  <testcase name="TestALotOfAdding" classname="LocalCMCTests" time="0.001"/>
  <testcase name="TestALotOfAdding" classname="LocalCMCTests" time="0.0"/>
  <testcase name="TestALotOfAdding" classname="LocalCMCTests" time="0.0"/>
  <testcase name="TestALotOfAdding" classname="LocalCMCTests" time="0.0"/>
  <testcase name="TestALotOfAdding" classname="LocalCMCTests" time="0.0"/>
  <testcase name="TestALotOfAdding" classname="LocalCMCTests" time="0.0"/>
  <testcase name="TestALotOfAdding" classname="LocalCMCTests" time="0.001"/>
  <testcase name="TestALotOfAdding" classname="LocalCMCTests" time="0.001"/>
  <testcase name="TestALotOfAdding" classname="LocalCMCTests" time="0.001"/>
  <testcase name="TestALotOfAdding" classname="LocalCMCTests" time="0.0"/>
  <testcase name="TestALotOfAdding" classname="LocalCMCTests" time="0.001"/>
  <testcase name="TestALotOfAdding" classname="LocalCMCTests" time="0.005"/>
  <testcase name="TestALotOfAdding" classname="LocalCMCTests" time="0.0"/>
  <testcase name="TestALotOfAdding" classname="LocalCMCTests" time="0.001"/>
  <testcase name="TestALotOfAdding" classname="LocalCMCTests" time="0.0"/>
  <testcase name="TestALotOfAdding" classname="LocalCMCTests" time="0.001"/>
  <testcase name="TestALotOfAdding" classname="LocalCMCTests" time="0.0"/>
  <testcase name="TestALotOfAdding" classname="LocalCMCTests" time="0.0"/>
  <testcase name="TestALotOfAdding" classname="LocalCMCTests" time="0.001"/>
  <testcase name="TestALotOfAdding" classname="LocalCMCTests" time="0.001"/>
  <testcase name="TestALotOfAdding" classname="LocalCMCTests" time="0.0"/>
  <testcase name="TestALotOfAdding" classname="LocalCMCTests" time="0.0"/>
  <testcase name="TestALotOfAdding" classname="LocalCMCTests" time="0.001"/>
  <testcase name="TestALotOfAdding" classname="LocalCMCTests" time="0.001"/>
  <testcase name="TestALotOfAdding" classname="LocalCMCTests" time="0.001"/>
  <testcase name="TestALotOfAdding" classname="LocalCMCTests" time="0.001"/>
  <testcase name="TestALotOfAdding" classname="LocalCMCTests" time="0.0"/>
  <testcase name="TestALotOfAdding" classname="LocalCMCTests" time="0.001"/>
  <testcase name="TestALotOfAdding" classname="LocalCMCTests" time="0.0"/>
  <testcase name="TestALotOfAdding" classname="LocalCMCTests" time="0.001"/>
  <testcase name="TestALotOfAdding" classname="LocalCMCTests" time="0.0"/>
  <testcase name="TestALotOfAdding" classname="LocalCMCTests" time="0.0"/>
  <testcase name="TestALotOfAdding" classname="LocalCMCTests" time="0.001"/>
  <testcase name="TestALotOfAdding" classname="LocalCMCTests" time="0.0"/>
  <testcase name="TestALotOfAdding" classname="LocalCMCTests" time="0.0"/>
  <testcase name="TestALotOfAdding" classname="LocalCMCTests" time="0.001"/>
  <testcase name="TestALotOfAdding" classname="LocalCMCTests" time="0.0"/>
  <testcase name="TestALotOfAdding" classname="LocalCMCTests" time="0.001"/>
  <testcase name="TestALotOfAdding" classname="LocalCMCTests" time="0.002"/>
  <testcase name="TestALotOfAdding" classname="LocalCMCTests" time="0.001"/>
  <testcase name="TestALotOfAdding" classname="LocalCMCTests" time="0.0"/>
  <testcase name="TestALotOfAdding" classname="LocalCMCTests" time="0.0"/>
  <testcase name="TestALotOfAdding" classname="LocalCMCTests" time="0.002"/>
  <testcase name="TestALotOfAdding" classname="LocalCMCTests" time="0.001"/>
  <testcase name="TestALotOfAdding" classname="LocalCMCTests" time="0.0"/>
  <testcase name="TestALotOfAdding" classname="LocalCMCTests" time="0.0"/>
  <testcase name="TestALotOfAdding" classname="LocalCMCTests" time="0.0"/>
  <testcase name="TestALotOfAdding" classname="LocalCMCTests" time="0.001"/>
  <testcase name="TestALotOfAdding" classname="LocalCMCTests" time="0.0"/>
  <testcase name="TestALotOfAdding" classname="LocalCMCTests" time="0.001"/>
  <testcase name="TestALotOfAdding" classname="LocalCMCTests" time="0.001"/>
  <testcase name="TestALotOfAdding" classname="LocalCMCTests" time="0.0"/>
  <testcase name="TestALotOfAdding" classname="LocalCMCTests" time="0.001"/>
  <testcase name="TestALotOfAdding" classname="LocalCMCTests" time="0.001"/>
  <testcase name="TestALotOfAdding" classname="LocalCMCTests" time="0.0"/>
  <testcase name="TestALotOfAdding" classname="LocalCMCTests" time="0.0"/>
  <testcase name="TestALotOfAdding" classname="LocalCMCTests" time="0.0"/>
  <testcase name="TestALotOfAdding" classname="LocalCMCTests" time="0.001"/>
  <testcase name="TestALotOfAdding" classname="LocalCMCTests" time="0.001"/>
  <testcase name="TestALotOfAdding" classname="LocalCMCTests" time="0.001"/>
  <testcase name="TestALotOfAdding" classname="LocalCMCTests" time="0.001"/>
  <testcase name="TestALotOfAdding" classname="LocalCMCTests" time="0.0"/>
  <testcase name="TestALotOfAdding" classname="LocalCMCTests" time="0.001"/>
  <testcase name="TestALotOfAdding" classname="LocalCMCTests" time="0.0"/>
  <testcase name="TestALotOfAdding" classname="LocalCMCTests" time="0.0"/>
  <testcase name="TestALotOfAdding" classname="LocalCMCTests" time="0.001"/>
  <testcase name="TestALotOfAdding" classname="LocalCMCTests" time="0.0"/>
  <testcase name="TestALotOfAdding" classname="LocalCMCTests" time="0.0"/>
  <testcase name="TestALotOfAdding" classname="LocalCMCTests" time="0.001"/>
  <testcase name="TestALotOfAdding" classname="LocalCMCTests" time="0.002"/>
  <testcase name="TestALotOfAdding" classname="LocalCMCTests" time="0.002"/>
  <testcase name="TestALotOfAdding" classname="LocalCMCTests" time="0.002"/>
  <testcase name="TestALotOfAdding" classname="LocalCMCTests" time="0.001"/>
  <testcase name="TestALotOfAdding" classname="LocalCMCTests" time="0.0"/>
  <testcase name="TestALotOfAdding" classname="LocalCMCTests" time="0.001"/>
  <testcase name="TestALotOfAdding" classname="LocalCMCTests" time="0.001"/>
  <testcase name="TestALotOfAdding" classname="LocalCMCTests" time="0.0"/>
  <testcase name="TestALotOfAdding" classname="LocalCMCTests" time="0.001"/>
  <testcase name="TestALotOfAdding" classname="LocalCMCTests" time="0.001"/>
  <testcase name="TestALotOfAdding" classname="LocalCMCTests" time="0.0"/>
  <testcase name="TestALotOfAdding" classname="LocalCMCTests" time="0.0"/>
  <testcase name="TestALotOfAdding" classname="LocalCMCTests" time="0.0"/>
  <testcase name="TestALotOfAdding" classname="LocalCMCTests" time="0.0"/>
  <testcase name="TestALotOfAdding" classname="LocalCMCTests" time="0.0"/>
  <testcase name="TestALotOfAdding" classname="LocalCMCTests" time="0.0"/>
  <testcase name="TestALotOfAdding" classname="LocalCMCTests" time="0.0"/>
  <testcase name="TestALotOfAdding" classname="LocalCMCTests" time="0.001"/>
  <testcase name="TestALotOfAdding" classname="LocalCMCTests" time="0.0"/>
  <testcase name="TestALotOfAdding" classname="LocalCMCTests" time="0.0"/>
  <testcase name="TestALotOfAdding" classname="LocalCMCTests" time="0.001"/>
  <testcase name="TestALotOfAdding" classname="LocalCMCTests" time="0.001"/>
  <testcase name="TestALotOfAdding" classname="LocalCMCTests" time="0.001"/>
  <testcase name="TestALotOfAdding" classname="LocalCMCTests" time="0.001"/>
  <testcase name="TestALotOfAdding" classname="LocalCMCTests" time="0.001"/>
  <testcase name="TestALotOfAdding" classname="LocalCMCTests" time="0.001"/>
  <testcase name="TestALotOfAdding" classname="LocalCMCTests" time="0.0"/>
  <testcase name="TestALotOfAdding" classname="LocalCMCTests" time="0.001"/>
  <testcase name="TestALotOfAdding" classname="LocalCMCTests" time="0.0"/>
  <testcase name="TestALotOfAdding" classname="LocalCMCTests" time="0.0"/>
  <testcase name="TestALotOfAdding" classname="LocalCMCTests" time="0.0"/>
  <testcase name="TestALotOfAdding" classname="LocalCMCTests" time="0.0"/>
  <testcase name="TestALotOfAdding" classname="LocalCMCTests" time="0.001"/>
  <testcase name="TestALotOfAdding" classname="LocalCMCTests" time="0.0"/>
  <testcase name="TestALotOfAdding" classname="LocalCMCTests" time="0.0"/>
  <testcase name="TestALotOfAdding" classname="LocalCMCTests" time="0.001"/>
  <testcase name="TestALotOfAdding" classname="LocalCMCTests" time="0.0"/>
  <testcase name="TestALotOfAdding" classname="LocalCMCTests" time="0.0"/>
  <testcase name="TestALotOfAdding" classname="LocalCMCTests" time="0.002"/>
  <testcase name="TestALotOfAdding" classname="LocalCMCTests" time="0.002"/>
  <testcase name="TestALotOfAdding" classname="LocalCMCTests" time="0.0"/>
  <testcase name="TestALotOfAdding" classname="LocalCMCTests" time="0.0"/>
  <testcase name="TestALotOfAdding" classname="LocalCMCTests" time="0.0"/>
  <testcase name="TestALotOfAdding" classname="LocalCMCTests" time="0.0"/>
  <testcase name="TestALotOfAdding" classname="LocalCMCTests" time="0.0"/>
  <testcase name="TestALotOfAdding" classname="LocalCMCTests" time="0.001"/>
  <testcase name="TestALotOfAdding" classname="LocalCMCTests" time="0.001"/>
  <testcase name="TestALotOfAdding" classname="LocalCMCTests" time="0.001"/>
  <testcase name="TestALotOfAdding" classname="LocalCMCTests" time="0.0"/>
  <testcase name="TestALotOfAdding" classname="LocalCMCTests" time="0.001"/>
  <testcase name="TestALotOfAdding" classname="LocalCMCTests" time="0.001"/>
  <testcase name="TestALotOfAdding" classname="LocalCMCTests" time="0.002"/>
  <testcase name="TestALotOfAdding" classname="LocalCMCTests" time="0.001"/>
  <testcase name="TestALotOfAdding" classname="LocalCMCTests" time="0.0"/>
  <testcase name="TestALotOfAdding" classname="LocalCMCTests" time="0.001"/>
  <testcase name="TestALotOfAdding" classname="LocalCMCTests" time="0.001"/>
  <testcase name="TestALotOfAdding" classname="LocalCMCTests" time="0.001"/>
  <testcase name="TestALotOfAdding" classname="LocalCMCTests" time="0.002"/>
  <testcase name="TestALotOfAdding" classname="LocalCMCTests" time="0.0"/>
  <testcase name="TestALotOfAdding" classname="LocalCMCTests" time="0.001"/>
  <testcase name="TestALotOfAdding" classname="LocalCMCTests" time="0.001"/>
  <testcase name="TestALotOfAdding" classname="LocalCMCTests" time="0.001"/>
  <testcase name="TestALotOfAdding" classname="LocalCMCTests" time="0.0"/>
  <testcase name="TestALotOfAdding" classname="LocalCMCTests" time="0.001"/>
  <testcase name="TestALotOfAdding" classname="LocalCMCTests" time="0.0"/>
  <testcase name="TestALotOfAdding" classname="LocalCMCTests" time="0.0"/>
  <testcase name="TestALotOfAdding" classname="LocalCMCTests" time="0.0"/>
  <testcase name="TestALotOfAdding" classname="LocalCMCTests" time="0.001"/>
  <testcase name="TestALotOfAdding" classname="LocalCMCTests" time="0.0"/>
  <testcase name="TestALotOfAdding" classname="LocalCMCTests" time="0.0"/>
  <testcase name="TestALotOfAdding" classname="LocalCMCTests" time="0.001"/>
  <testcase name="TestALotOfAdding" classname="LocalCMCTests" time="0.001"/>
  <testcase name="TestALotOfAdding" classname="LocalCMCTests" time="0.001"/>
  <testcase name="TestALotOfAdding" classname="LocalCMCTests" time="0.0"/>
  <testcase name="TestALotOfAdding" classname="LocalCMCTests" time="0.0"/>
  <testcase name="TestALotOfAdding" classname="LocalCMCTests" time="0.001"/>
  <testcase name="TestALotOfAdding" classname="LocalCMCTests" time="0.0"/>
  <testcase name="TestALotOfAdding" classname="LocalCMCTests" time="0.001"/>
  <testcase name="TestALotOfAdding" classname="LocalCMCTests" time="0.001"/>
  <testcase name="TestALotOfAdding" classname="LocalCMCTests" time="0.001"/>
  <testcase name="TestALotOfAdding" classname="LocalCMCTests" time="0.0"/>
  <testcase name="TestALotOfAdding" classname="LocalCMCTests" time="0.001"/>
  <testcase name="TestALotOfAdding" classname="LocalCMCTests" time="0.0"/>
  <testcase name="TestALotOfAdding" classname="LocalCMCTests" time="0.001"/>
  <testcase name="TestALotOfAdding" classname="LocalCMCTests" time="0.001"/>
  <testcase name="TestALotOfAdding" classname="LocalCMCTests" time="0.001"/>
  <testcase name="TestALotOfAdding" classname="LocalCMCTests" time="0.0"/>
  <testcase name="TestALotOfAdding" classname="LocalCMCTests" time="0.001"/>
  <testcase name="TestALotOfAdding" classname="LocalCMCTests" time="0.001"/>
  <testcase name="TestALotOfAdding" classname="LocalCMCTests" time="0.001"/>
  <testcase name="TestALotOfAdding" classname="LocalCMCTests" time="0.001"/>
  <testcase name="TestALotOfAdding" classname="LocalCMCTests" time="0.001"/>
  <testcase name="TestALotOfAdding" classname="LocalCMCTests" time="0.0"/>
  <testcase name="TestALotOfAdding" classname="LocalCMCTests" time="0.0"/>
  <testcase name="TestALotOfAdding" classname="LocalCMCTests" time="0.001"/>
  <testcase name="TestALotOfAdding" classname="LocalCMCTests" time="0.0"/>
  <testcase name="TestALotOfAdding" classname="LocalCMCTests" time="0.0"/>
  <testcase name="TestALotOfAdding" classname="LocalCMCTests" time="0.0"/>
  <testcase name="TestALotOfAdding" classname="LocalCMCTests" time="0.003"/>
  <testcase name="TestALotOfAdding" classname="LocalCMCTests" time="0.001"/>
  <testcase name="TestALotOfAdding" classname="LocalCMCTests" time="0.0"/>
  <testcase name="TestALotOfAdding" classname="LocalCMCTests" time="0.001"/>
  <testcase name="TestALotOfAdding" classname="LocalCMCTests" time="0.0"/>
  <testcase name="TestALotOfAdding" classname="LocalCMCTests" time="0.001"/>
  <testcase name="TestALotOfAdding" classname="LocalCMCTests" time="0.001"/>
  <testcase name="TestALotOfAdding" classname="LocalCMCTests" time="0.001"/>
  <testcase name="TestALotOfAdding" classname="LocalCMCTests" time="0.001"/>
  <testcase name="TestALotOfAdding" classname="LocalCMCTests" time="0.0"/>
  <testcase name="TestALotOfAdding" classname="LocalCMCTests" time="0.001"/>
  <testcase name="TestALotOfAdding" classname="LocalCMCTests" time="0.0"/>
  <testcase name="TestALotOfAdding" classname="LocalCMCTests" time="0.0"/>
  <testcase name="TestALotOfAdding" classname="LocalCMCTests" time="0.001"/>
  <testcase name="TestALotOfAdding" classname="LocalCMCTests" time="0.0"/>
  <testcase name="TestALotOfAdding" classname="LocalCMCTests" time="0.0"/>
  <testcase name="TestALotOfAdding" classname="LocalCMCTests" time="0.0"/>
  <testcase name="TestALotOfAdding" classname="LocalCMCTests" time="0.001"/>
  <testcase name="TestALotOfAdding" classname="LocalCMCTests" time="0.002"/>
  <testcase name="TestALotOfAdding" classname="LocalCMCTests" time="0.0"/>
  <testcase name="TestALotOfAdding" classname="LocalCMCTests" time="0.001"/>
  <testcase name="TestALotOfAdding" classname="LocalCMCTests" time="0.001"/>
  <testcase name="TestALotOfAdding" classname="LocalCMCTests" time="0.0"/>
  <testcase name="TestALotOfAdding" classname="LocalCMCTests" time="0.001"/>
  <testcase name="TestALotOfAdding" classname="LocalCMCTests" time="0.0"/>
  <testcase name="TestALotOfAdding" classname="LocalCMCTests" time="0.001"/>
  <testcase name="TestALotOfAdding" classname="LocalCMCTests" time="0.0"/>
  <testcase name="TestALotOfAdding" classname="LocalCMCTests" time="0.0"/>
  <testcase name="TestALotOfAdding" classname="LocalCMCTests" time="0.001"/>
  <testcase name="TestALotOfAdding" classname="LocalCMCTests" time="0.0"/>
  <testcase name="TestALotOfAdding" classname="LocalCMCTests" time="0.001"/>
  <testcase name="TestALotOfAdding" classname="LocalCMCTests" time="0.0"/>
  <testcase name="TestALotOfAdding" classname="LocalCMCTests" time="0.001"/>
  <testcase name="TestALotOfAdding" classname="LocalCMCTests" time="0.001"/>
  <testcase name="TestALotOfAdding" classname="LocalCMCTests" time="0.001"/>
  <testcase name="TestALotOfAdding" classname="LocalCMCTests" time="0.001"/>
  <testcase name="TestALotOfAdding" classname="LocalCMCTests" time="0.0"/>
  <testcase name="TestALotOfAdding" classname="LocalCMCTests" time="0.0"/>
  <testcase name="TestALotOfAdding" classname="LocalCMCTests" time="0.001"/>
  <testcase name="TestALotOfAdding" classname="LocalCMCTests" time="0.001"/>
  <testcase name="TestALotOfAdding" classname="LocalCMCTests" time="0.001"/>
  <testcase name="TestALotOfAdding" classname="LocalCMCTests" time="0.002"/>
  <testcase name="TestALotOfAdding" classname="LocalCMCTests" time="0.001"/>
  <testcase name="TestALotOfAdding" classname="LocalCMCTests" time="0.0"/>
  <testcase name="TestALotOfAdding" classname="LocalCMCTests" time="0.001"/>
  <testcase name="TestALotOfAdding" classname="LocalCMCTests" time="0.001"/>
  <testcase name="TestALotOfAdding" classname="LocalCMCTests" time="0.0"/>
  <testcase name="TestALotOfAdding" classname="LocalCMCTests" time="0.0"/>
  <testcase name="TestALotOfAdding" classname="LocalCMCTests" time="0.0"/>
  <testcase name="TestALotOfAdding" classname="LocalCMCTests" time="0.0"/>
  <testcase name="TestALotOfAdding" classname="LocalCMCTests" time="0.0"/>
  <testcase name="TestALotOfAdding" classname="LocalCMCTests" time="0.0"/>
  <testcase name="TestALotOfAdding" classname="LocalCMCTests" time="0.001"/>
  <testcase name="TestALotOfAdding" classname="LocalCMCTests" time="0.001"/>
  <testcase name="TestALotOfAdding" classname="LocalCMCTests" time="0.001"/>
  <testcase name="TestALotOfAdding" classname="LocalCMCTests" time="0.001"/>
  <testcase name="TestALotOfAdding" classname="LocalCMCTests" time="0.0"/>
  <testcase name="TestALotOfAdding" classname="LocalCMCTests" time="0.001"/>
  <testcase name="TestALotOfAdding" classname="LocalCMCTests" time="0.0"/>
  <testcase name="TestALotOfAdding" classname="LocalCMCTests" time="0.001"/>
  <testcase name="TestALotOfAdding" classname="LocalCMCTests" time="0.0"/>
  <testcase name="TestALotOfAdding" classname="LocalCMCTests" time="0.0"/>
  <testcase name="TestALotOfAdding" classname="LocalCMCTests" time="0.001"/>
  <testcase name="TestALotOfAdding" classname="LocalCMCTests" time="0.001"/>
  <testcase name="TestALotOfAdding" classname="LocalCMCTests" time="0.0"/>
  <testcase name="TestALotOfAdding" classname="LocalCMCTests" time="0.0"/>
  <testcase name="TestALotOfAdding" classname="LocalCMCTests" time="0.0"/>
  <testcase name="TestALotOfAdding" classname="LocalCMCTests" time="0.001"/>
  <testcase name="TestALotOfAdding" classname="LocalCMCTests" time="0.001"/>
  <testcase name="TestALotOfAdding" classname="LocalCMCTests" time="0.0"/>
  <testcase name="TestALotOfAdding" classname="LocalCMCTests" time="0.0"/>
  <testcase name="TestALotOfAdding" classname="LocalCMCTests" time="0.001"/>
  <testcase name="TestALotOfAdding" classname="LocalCMCTests" time="0.0"/>
  <testcase name="TestALotOfAdding" classname="LocalCMCTests" time="0.0"/>
  <testcase name="TestALotOfAdding" classname="LocalCMCTests" time="0.001"/>
  <testcase name="TestALotOfAdding" classname="LocalCMCTests" time="0.001"/>
  <testcase name="TestALotOfAdding" classname="LocalCMCTests" time="0.001"/>
  <testcase name="TestALotOfAdding" classname="LocalCMCTests" time="0.0"/>
  <testcase name="TestALotOfAdding" classname="LocalCMCTests" time="0.002"/>
  <testcase name="TestALotOfAdding" classname="LocalCMCTests" time="0.001"/>
  <testcase name="TestALotOfAdding" classname="LocalCMCTests" time="0.0"/>
  <testcase name="TestALotOfAdding" classname="LocalCMCTests" time="0.001"/>
  <testcase name="TestALotOfAdding" classname="LocalCMCTests" time="0.0"/>
  <testcase name="TestALotOfAdding" classname="LocalCMCTests" time="0.001"/>
  <testcase name="TestALotOfAdding" classname="LocalCMCTests" time="0.001"/>
  <testcase name="TestALotOfAdding" classname="LocalCMCTests" time="0.001"/>
  <testcase name="TestALotOfAdding" classname="LocalCMCTests" time="0.0"/>
  <testcase name="TestALotOfAdding" classname="LocalCMCTests" time="0.001"/>
  <testcase name="TestALotOfAdding" classname="LocalCMCTests" time="0.001"/>
  <testcase name="TestALotOfAdding" classname="LocalCMCTests" time="0.0"/>
  <testcase name="TestALotOfAdding" classname="LocalCMCTests" time="0.0"/>
  <testcase name="TestALotOfAdding" classname="LocalCMCTests" time="0.001"/>
  <testcase name="TestALotOfAdding" classname="LocalCMCTests" time="0.0"/>
  <testcase name="TestALotOfAdding" classname="LocalCMCTests" time="0.001"/>
  <testcase name="TestALotOfAdding" classname="LocalCMCTests" time="0.0"/>
  <testcase name="TestALotOfAdding" classname="LocalCMCTests" time="0.0"/>
  <testcase name="TestALotOfAdding" classname="LocalCMCTests" time="0.0"/>
  <testcase name="TestALotOfAdding" classname="LocalCMCTests" time="0.001"/>
  <testcase name="TestALotOfAdding" classname="LocalCMCTests" time="0.001"/>
  <testcase name="TestALotOfAdding" classname="LocalCMCTests" time="0.002"/>
  <testcase name="TestALotOfAdding" classname="LocalCMCTests" time="0.002"/>
  <testcase name="TestALotOfAdding" classname="LocalCMCTests" time="0.0"/>
  <testcase name="TestALotOfAdding" classname="LocalCMCTests" time="0.001"/>
  <testcase name="TestALotOfAdding" classname="LocalCMCTests" time="0.001"/>
  <testcase name="TestALotOfAdding" classname="LocalCMCTests" time="0.001"/>
  <testcase name="TestALotOfAdding" classname="LocalCMCTests" time="0.001"/>
  <testcase name="TestALotOfAdding" classname="LocalCMCTests" time="0.001"/>
  <testcase name="TestALotOfAdding" classname="LocalCMCTests" time="0.001"/>
  <testcase name="TestALotOfAdding" classname="LocalCMCTests" time="0.001"/>
  <testcase name="TestALotOfAdding" classname="LocalCMCTests" time="0.0"/>
  <testcase name="TestALotOfAdding" classname="LocalCMCTests" time="0.0"/>
  <testcase name="TestALotOfAdding" classname="LocalCMCTests" time="0.0"/>
  <testcase name="TestALotOfAdding" classname="LocalCMCTests" time="0.0"/>
  <testcase name="TestALotOfAdding" classname="LocalCMCTests" time="0.0"/>
  <testcase name="TestALotOfAdding" classname="LocalCMCTests" time="0.0"/>
  <testcase name="TestALotOfAdding" classname="LocalCMCTests" time="0.0"/>
  <testcase name="TestALotOfAdding" classname="LocalCMCTests" time="0.0"/>
  <testcase name="TestALotOfAdding" classname="LocalCMCTests" time="0.002"/>
  <testcase name="TestALotOfAdding" classname="LocalCMCTests" time="0.001"/>
  <testcase name="TestALotOfAdding" classname="LocalCMCTests" time="0.001"/>
  <testcase name="TestALotOfAdding" classname="LocalCMCTests" time="0.001"/>
  <testcase name="TestALotOfAdding" classname="LocalCMCTests" time="0.001"/>
  <testcase name="TestALotOfAdding" classname="LocalCMCTests" time="0.0"/>
  <testcase name="TestALotOfAdding" classname="LocalCMCTests" time="0.001"/>
  <testcase name="TestALotOfAdding" classname="LocalCMCTests" time="0.0"/>
  <testcase name="TestALotOfAdding" classname="LocalCMCTests" time="0.001"/>
  <testcase name="TestALotOfAdding" classname="LocalCMCTests" time="0.0"/>
  <testcase name="TestALotOfAdding" classname="LocalCMCTests" time="0.0"/>
  <testcase name="TestALotOfAdding" classname="LocalCMCTests" time="0.001"/>
  <testcase name="TestALotOfAdding" classname="LocalCMCTests" time="0.0"/>
  <testcase name="TestALotOfAdding" classname="LocalCMCTests" time="0.0"/>
  <testcase name="TestALotOfAdding" classname="LocalCMCTests" time="0.001"/>
  <testcase name="TestALotOfAdding" classname="LocalCMCTests" time="0.001"/>
  <testcase name="TestALotOfAdding" classname="LocalCMCTests" time="0.001"/>
  <testcase name="TestALotOfAdding" classname="LocalCMCTests" time="0.0"/>
  <testcase name="TestALotOfAdding" classname="LocalCMCTests" time="0.001"/>
  <testcase name="TestALotOfAdding" classname="LocalCMCTests" time="0.0"/>
  <testcase name="TestALotOfAdding" classname="LocalCMCTests" time="0.0"/>
  <testcase name="TestALotOfAdding" classname="LocalCMCTests" time="0.001"/>
  <testcase name="TestALotOfAdding" classname="LocalCMCTests" time="0.0"/>
  <testcase name="TestALotOfAdding" classname="LocalCMCTests" time="0.001"/>
  <testcase name="TestALotOfAdding" classname="LocalCMCTests" time="0.001"/>
  <testcase name="TestALotOfAdding" classname="LocalCMCTests" time="0.001"/>
  <testcase name="TestALotOfAdding" classname="LocalCMCTests" time="0.002"/>
  <testcase name="TestALotOfAdding" classname="LocalCMCTests" time="0.0"/>
  <testcase name="TestALotOfAdding" classname="LocalCMCTests" time="0.0"/>
  <testcase name="TestALotOfAdding" classname="LocalCMCTests" time="0.001"/>
  <testcase name="TestALotOfAdding" classname="LocalCMCTests" time="0.001"/>
  <testcase name="TestALotOfAdding" classname="LocalCMCTests" time="0.002"/>
  <testcase name="TestALotOfAdding" classname="LocalCMCTests" time="0.0"/>
  <testcase name="TestALotOfAdding" classname="LocalCMCTests" time="0.001"/>
  <testcase name="TestALotOfAdding" classname="LocalCMCTests" time="0.001"/>
  <testcase name="TestALotOfAdding" classname="LocalCMCTests" time="0.001"/>
  <testcase name="TestALotOfAdding" classname="LocalCMCTests" time="0.001"/>
  <testcase name="TestALotOfAdding" classname="LocalCMCTests" time="0.0"/>
  <testcase name="TestALotOfAdding" classname="LocalCMCTests" time="0.0"/>
  <testcase name="TestALotOfAdding" classname="LocalCMCTests" time="0.0"/>
  <testcase name="TestALotOfAdding" classname="LocalCMCTests" time="0.0"/>
  <testcase name="TestALotOfAdding" classname="LocalCMCTests" time="0.0"/>
  <testcase name="TestALotOfAdding" classname="LocalCMCTests" time="0.0"/>
  <testcase name="TestALotOfAdding" classname="LocalCMCTests" time="0.0"/>
  <testcase name="TestALotOfAdding" classname="LocalCMCTests" time="0.001"/>
  <testcase name="TestALotOfAdding" classname="LocalCMCTests" time="0.001"/>
  <testcase name="TestALotOfAdding" classname="LocalCMCTests" time="0.001"/>
  <testcase name="TestALotOfAdding" classname="LocalCMCTests" time="0.0"/>
  <testcase name="TestALotOfAdding" classname="LocalCMCTests" time="0.001"/>
  <testcase name="TestALotOfAdding" classname="LocalCMCTests" time="0.001"/>
  <testcase name="TestALotOfAdding" classname="LocalCMCTests" time="0.001"/>
  <testcase name="TestALotOfAdding" classname="LocalCMCTests" time="0.001"/>
  <testcase name="TestALotOfAdding" classname="LocalCMCTests" time="0.001"/>
  <testcase name="TestALotOfAdding" classname="LocalCMCTests" time="0.0"/>
  <testcase name="TestALotOfAdding" classname="LocalCMCTests" time="0.001"/>
  <testcase name="TestALotOfAdding" classname="LocalCMCTests" time="0.0"/>
  <testcase name="TestALotOfAdding" classname="LocalCMCTests" time="0.0"/>
  <testcase name="TestALotOfAdding" classname="LocalCMCTests" time="0.0"/>
  <testcase name="TestALotOfAdding" classname="LocalCMCTests" time="0.0"/>
  <testcase name="TestALotOfAdding" classname="LocalCMCTests" time="0.0"/>
  <testcase name="TestALotOfAdding" classname="LocalCMCTests" time="0.001"/>
  <testcase name="TestALotOfAdding" classname="LocalCMCTests" time="0.0"/>
  <testcase name="TestALotOfAdding" classname="LocalCMCTests" time="0.002"/>
  <testcase name="TestALotOfAdding" classname="LocalCMCTests" time="0.003"/>
  <testcase name="TestALotOfAdding" classname="LocalCMCTests" time="0.001"/>
  <testcase name="TestALotOfAdding" classname="LocalCMCTests" time="0.001"/>
  <testcase name="TestALotOfAdding" classname="LocalCMCTests" time="0.001"/>
  <testcase name="TestALotOfAdding" classname="LocalCMCTests" time="0.001"/>
  <testcase name="TestALotOfAdding" classname="LocalCMCTests" time="0.001"/>
  <testcase name="TestALotOfAdding" classname="LocalCMCTests" time="0.001"/>
  <testcase name="TestALotOfAdding" classname="LocalCMCTests" time="0.001"/>
  <testcase name="TestALotOfAdding" classname="LocalCMCTests" time="0.0"/>
  <testcase name="TestALotOfAdding" classname="LocalCMCTests" time="0.0"/>
  <testcase name="TestALotOfAdding" classname="LocalCMCTests" time="0.0"/>
  <testcase name="TestALotOfAdding" classname="LocalCMCTests" time="0.0"/>
  <testcase name="TestALotOfAdding" classname="LocalCMCTests" time="0.001"/>
  <testcase name="TestALotOfAdding" classname="LocalCMCTests" time="0.001"/>
  <testcase name="TestALotOfAdding" classname="LocalCMCTests" time="0.0"/>
  <testcase name="TestALotOfAdding" classname="LocalCMCTests" time="0.0"/>
  <testcase name="TestALotOfAdding" classname="LocalCMCTests" time="0.001"/>
  <testcase name="TestALotOfAdding" classname="LocalCMCTests" time="0.0"/>
  <testcase name="TestALotOfAdding" classname="LocalCMCTests" time="0.001"/>
  <testcase name="TestALotOfAdding" classname="LocalCMCTests" time="0.001"/>
  <testcase name="TestALotOfAdding" classname="LocalCMCTests" time="0.0"/>
  <testcase name="TestALotOfAdding" classname="LocalCMCTests" time="0.001"/>
  <testcase name="TestALotOfAdding" classname="LocalCMCTests" time="0.0"/>
  <testcase name="TestALotOfAdding" classname="LocalCMCTests" time="0.001"/>
  <testcase name="TestALotOfAdding" classname="LocalCMCTests" time="0.001"/>
  <testcase name="TestALotOfAdding" classname="LocalCMCTests" time="0.0"/>
  <testcase name="TestALotOfAdding" classname="LocalCMCTests" time="0.0"/>
  <testcase name="TestALotOfAdding" classname="LocalCMCTests" time="0.0"/>
  <testcase name="TestALotOfAdding" classname="LocalCMCTests" time="0.0"/>
  <testcase name="TestALotOfAdding" classname="LocalCMCTests" time="0.0"/>
  <testcase name="TestALotOfAdding" classname="LocalCMCTests" time="0.0"/>
  <testcase name="TestALotOfAdding" classname="LocalCMCTests" time="0.001"/>
  <testcase name="TestALotOfAdding" classname="LocalCMCTests" time="0.001"/>
  <testcase name="TestALotOfAdding" classname="LocalCMCTests" time="0.0"/>
  <testcase name="TestALotOfAdding" classname="LocalCMCTests" time="0.001"/>
  <testcase name="TestALotOfAdding" classname="LocalCMCTests" time="0.0"/>
  <testcase name="TestALotOfAdding" classname="LocalCMCTests" time="0.001"/>
  <testcase name="TestALotOfAdding" classname="LocalCMCTests" time="0.002"/>
  <testcase name="TestALotOfAdding" classname="LocalCMCTests" time="0.001"/>
  <testcase name="TestALotOfAdding" classname="LocalCMCTests" time="0.001"/>
  <testcase name="TestALotOfAdding" classname="LocalCMCTests" time="0.0"/>
  <testcase name="TestALotOfAdding" classname="LocalCMCTests" time="0.001"/>
  <testcase name="TestALotOfAdding" classname="LocalCMCTests" time="0.0"/>
  <testcase name="TestALotOfAdding" classname="LocalCMCTests" time="0.002"/>
  <testcase name="TestALotOfAdding" classname="LocalCMCTests" time="0.0"/>
  <testcase name="TestALotOfAdding" classname="LocalCMCTests" time="0.001"/>
  <testcase name="TestALotOfAdding" classname="LocalCMCTests" time="0.0"/>
  <testcase name="TestALotOfAdding" classname="LocalCMCTests" time="0.0"/>
  <testcase name="TestALotOfAdding" classname="LocalCMCTests" time="0.0"/>
  <testcase name="TestALotOfAdding" classname="LocalCMCTests" time="0.001"/>
  <testcase name="TestALotOfAdding" classname="LocalCMCTests" time="0.001"/>
  <testcase name="TestALotOfAdding" classname="LocalCMCTests" time="0.001"/>
  <testcase name="TestALotOfAdding" classname="LocalCMCTests" time="0.0"/>
  <testcase name="TestALotOfAdding" classname="LocalCMCTests" time="0.0"/>
  <testcase name="TestALotOfAdding" classname="LocalCMCTests" time="0.0"/>
  <testcase name="TestALotOfAdding" classname="LocalCMCTests" time="0.0"/>
  <testcase name="TestALotOfAdding" classname="LocalCMCTests" time="0.001"/>
  <testcase name="TestALotOfAdding" classname="LocalCMCTests" time="0.001"/>
  <testcase name="TestALotOfAdding" classname="LocalCMCTests" time="0.0"/>
  <testcase name="TestALotOfAdding" classname="LocalCMCTests" time="0.001"/>
  <testcase name="TestALotOfAdding" classname="LocalCMCTests" time="0.001"/>
  <testcase name="TestALotOfAdding" classname="LocalCMCTests" time="0.001"/>
  <testcase name="TestALotOfAdding" classname="LocalCMCTests" time="0.001"/>
  <testcase name="TestALotOfAdding" classname="LocalCMCTests" time="0.0"/>
  <testcase name="TestALotOfAdding" classname="LocalCMCTests" time="0.0"/>
  <testcase name="TestALotOfAdding" classname="LocalCMCTests" time="0.001"/>
  <testcase name="TestALotOfAdding" classname="LocalCMCTests" time="0.001"/>
  <testcase name="TestALotOfAdding" classname="LocalCMCTests" time="0.001"/>
  <testcase name="TestALotOfAdding" classname="LocalCMCTests" time="0.001"/>
  <testcase name="TestALotOfAdding" classname="LocalCMCTests" time="0.0"/>
  <testcase name="TestALotOfAdding" classname="LocalCMCTests" time="0.0"/>
  <testcase name="TestALotOfAdding" classname="LocalCMCTests" time="0.0"/>
  <testcase name="TestALotOfAdding" classname="LocalCMCTests" time="0.0"/>
  <testcase name="TestALotOfAdding" classname="LocalCMCTests" time="0.001"/>
  <testcase name="TestALotOfAdding" classname="LocalCMCTests" time="0.001"/>
  <testcase name="TestALotOfAdding" classname="LocalCMCTests" time="0.001"/>
  <testcase name="TestALotOfAdding" classname="LocalCMCTests" time="0.001"/>
  <testcase name="TestALotOfAdding" classname="LocalCMCTests" time="0.001"/>
  <testcase name="TestALotOfAdding" classname="LocalCMCTests" time="0.0"/>
  <testcase name="TestALotOfAdding" classname="LocalCMCTests" time="0.0"/>
  <testcase name="TestALotOfAdding" classname="LocalCMCTests" time="0.0"/>
  <testcase name="TestALotOfAdding" classname="LocalCMCTests" time="0.0"/>
  <testcase name="TestALotOfAdding" classname="LocalCMCTests" time="0.001"/>
  <testcase name="TestALotOfAdding" classname="LocalCMCTests" time="0.003"/>
  <testcase name="TestALotOfAdding" classname="LocalCMCTests" time="0.001"/>
  <testcase name="TestALotOfAdding" classname="LocalCMCTests" time="0.0"/>
  <testcase name="TestALotOfAdding" classname="LocalCMCTests" time="0.001"/>
  <testcase name="TestALotOfAdding" classname="LocalCMCTests" time="0.001"/>
  <testcase name="TestALotOfAdding" classname="LocalCMCTests" time="0.0"/>
  <testcase name="TestALotOfAdding" classname="LocalCMCTests" time="0.001"/>
  <testcase name="TestALotOfAdding" classname="LocalCMCTests" time="0.0"/>
  <testcase name="TestALotOfAdding" classname="LocalCMCTests" time="0.001"/>
  <testcase name="TestALotOfAdding" classname="LocalCMCTests" time="0.0"/>
  <testcase name="TestALotOfAdding" classname="LocalCMCTests" time="0.001"/>
  <testcase name="TestALotOfAdding" classname="LocalCMCTests" time="0.0"/>
  <testcase name="TestALotOfAdding" classname="LocalCMCTests" time="0.001"/>
  <testcase name="TestALotOfAdding" classname="LocalCMCTests" time="0.001"/>
  <testcase name="TestALotOfAdding" classname="LocalCMCTests" time="0.0"/>
  <testcase name="TestALotOfAdding" classname="LocalCMCTests" time="0.001"/>
  <testcase name="TestALotOfAdding" classname="LocalCMCTests" time="0.0"/>
  <testcase name="TestALotOfAdding" classname="LocalCMCTests" time="0.001"/>
  <testcase name="TestALotOfAdding" classname="LocalCMCTests" time="0.001"/>
  <testcase name="TestALotOfAdding" classname="LocalCMCTests" time="0.0"/>
  <testcase name="TestALotOfAdding" classname="LocalCMCTests" time="0.001"/>
  <testcase name="TestALotOfAdding" classname="LocalCMCTests" time="0.001"/>
  <testcase name="TestALotOfAdding" classname="LocalCMCTests" time="0.001"/>
  <testcase name="TestALotOfAdding" classname="LocalCMCTests" time="0.001"/>
  <testcase name="TestALotOfAdding" classname="LocalCMCTests" time="0.001"/>
  <testcase name="TestALotOfAdding" classname="LocalCMCTests" time="0.0"/>
  <testcase name="TestALotOfAdding" classname="LocalCMCTests" time="0.0"/>
  <testcase name="TestALotOfAdding" classname="LocalCMCTests" time="0.001"/>
  <testcase name="TestALotOfAdding" classname="LocalCMCTests" time="0.001"/>
  <testcase name="TestALotOfAdding" classname="LocalCMCTests" time="0.001"/>
  <testcase name="TestALotOfAdding" classname="LocalCMCTests" time="0.001"/>
  <testcase name="TestALotOfAdding" classname="LocalCMCTests" time="0.002"/>
  <testcase name="TestALotOfAdding" classname="LocalCMCTests" time="0.0"/>
  <testcase name="TestALotOfAdding" classname="LocalCMCTests" time="0.0"/>
  <testcase name="TestALotOfAdding" classname="LocalCMCTests" time="0.001"/>
  <testcase name="TestALotOfAdding" classname="LocalCMCTests" time="0.0"/>
  <testcase name="TestALotOfAdding" classname="LocalCMCTests" time="0.001"/>
  <testcase name="TestALotOfAdding" classname="LocalCMCTests" time="0.001"/>
  <testcase name="TestALotOfAdding" classname="LocalCMCTests" time="0.0"/>
  <testcase name="TestALotOfAdding" classname="LocalCMCTests" time="0.001"/>
  <testcase name="TestALotOfAdding" classname="LocalCMCTests" time="0.0"/>
  <testcase name="TestALotOfAdding" classname="LocalCMCTests" time="0.001"/>
  <testcase name="TestALotOfAdding" classname="LocalCMCTests" time="0.0"/>
  <testcase name="TestALotOfAdding" classname="LocalCMCTests" time="0.0"/>
  <testcase name="TestALotOfAdding" classname="LocalCMCTests" time="0.0"/>
  <testcase name="TestALotOfAdding" classname="LocalCMCTests" time="0.0"/>
  <testcase name="TestALotOfAdding" classname="LocalCMCTests" time="0.0"/>
  <testcase name="TestALotOfAdding" classname="LocalCMCTests" time="0.001"/>
  <testcase name="TestALotOfAdding" classname="LocalCMCTests" time="0.0"/>
  <testcase name="TestALotOfAdding" classname="LocalCMCTests" time="0.0"/>
  <testcase name="TestALotOfAdding" classname="LocalCMCTests" time="0.0"/>
  <testcase name="TestALotOfAdding" classname="LocalCMCTests" time="0.001"/>
  <testcase name="TestALotOfAdding" classname="LocalCMCTests" time="0.001"/>
  <testcase name="TestALotOfAdding" classname="LocalCMCTests" time="0.001"/>
  <testcase name="TestALotOfAdding" classname="LocalCMCTests" time="0.002"/>
  <testcase name="TestALotOfAdding" classname="LocalCMCTests" time="0.0"/>
  <testcase name="TestALotOfAdding" classname="LocalCMCTests" time="0.001"/>
  <testcase name="TestALotOfAdding" classname="LocalCMCTests" time="0.0"/>
  <testcase name="TestALotOfAdding" classname="LocalCMCTests" time="0.0"/>
  <testcase name="TestALotOfAdding" classname="LocalCMCTests" time="0.001"/>
  <testcase name="TestALotOfAdding" classname="LocalCMCTests" time="0.001"/>
  <testcase name="TestALotOfAdding" classname="LocalCMCTests" time="0.0"/>
  <testcase name="TestALotOfAdding" classname="LocalCMCTests" time="0.0"/>
  <testcase name="TestALotOfAdding" classname="LocalCMCTests" time="0.001"/>
  <testcase name="TestALotOfAdding" classname="LocalCMCTests" time="0.001"/>
  <testcase name="TestALotOfAdding" classname="LocalCMCTests" time="0.001"/>
  <testcase name="TestALotOfAdding" classname="LocalCMCTests" time="0.001"/>
  <testcase name="TestALotOfAdding" classname="LocalCMCTests" time="0.0"/>
  <testcase name="TestALotOfAdding" classname="LocalCMCTests" time="0.001"/>
  <testcase name="TestALotOfAdding" classname="LocalCMCTests" time="0.001"/>
  <testcase name="TestALotOfAdding" classname="LocalCMCTests" time="0.001"/>
  <testcase name="TestALotOfAdding" classname="LocalCMCTests" time="0.001"/>
  <testcase name="TestALotOfAdding" classname="LocalCMCTests" time="0.0"/>
  <testcase name="TestALotOfAdding" classname="LocalCMCTests" time="0.0"/>
  <testcase name="TestALotOfAdding" classname="LocalCMCTests" time="0.0"/>
  <testcase name="TestALotOfAdding" classname="LocalCMCTests" time="0.0"/>
  <testcase name="TestALotOfAdding" classname="LocalCMCTests" time="0.0"/>
  <testcase name="TestALotOfAdding" classname="LocalCMCTests" time="0.0"/>
  <testcase name="TestALotOfAdding" classname="LocalCMCTests" time="0.001"/>
  <testcase name="TestALotOfAdding" classname="LocalCMCTests" time="0.001"/>
  <testcase name="TestALotOfAdding" classname="LocalCMCTests" time="0.001"/>
  <testcase name="TestALotOfAdding" classname="LocalCMCTests" time="0.001"/>
  <testcase name="TestALotOfAdding" classname="LocalCMCTests" time="0.001"/>
  <testcase name="TestALotOfAdding" classname="LocalCMCTests" time="0.0"/>
  <testcase name="TestALotOfAdding" classname="LocalCMCTests" time="0.001"/>
  <testcase name="TestALotOfAdding" classname="LocalCMCTests" time="0.002"/>
  <testcase name="TestALotOfAdding" classname="LocalCMCTests" time="0.0"/>
  <testcase name="TestALotOfAdding" classname="LocalCMCTests" time="0.0"/>
  <testcase name="TestALotOfAdding" classname="LocalCMCTests" time="0.0"/>
  <testcase name="TestALotOfAdding" classname="LocalCMCTests" time="0.0"/>
  <testcase name="TestALotOfAdding" classname="LocalCMCTests" time="0.001"/>
  <testcase name="TestALotOfAdding" classname="LocalCMCTests" time="0.001"/>
  <testcase name="TestALotOfAdding" classname="LocalCMCTests" time="0.0"/>
  <testcase name="TestALotOfAdding" classname="LocalCMCTests" time="0.0"/>
  <testcase name="TestALotOfAdding" classname="LocalCMCTests" time="0.0"/>
  <testcase name="TestALotOfAdding" classname="LocalCMCTests" time="0.0"/>
  <testcase name="TestALotOfAdding" classname="LocalCMCTests" time="0.001"/>
  <testcase name="TestALotOfAdding" classname="LocalCMCTests" time="0.002"/>
  <testcase name="TestALotOfAdding" classname="LocalCMCTests" time="0.001"/>
  <testcase name="TestALotOfAdding" classname="LocalCMCTests" time="0.001"/>
  <testcase name="TestALotOfAdding" classname="LocalCMCTests" time="0.0"/>
  <testcase name="TestALotOfAdding" classname="LocalCMCTests" time="0.0"/>
  <testcase name="TestALotOfAdding" classname="LocalCMCTests" time="0.001"/>
  <testcase name="TestALotOfAdding" classname="LocalCMCTests" time="0.0"/>
  <testcase name="TestALotOfAdding" classname="LocalCMCTests" time="0.0"/>
  <testcase name="TestALotOfAdding" classname="LocalCMCTests" time="0.001"/>
  <testcase name="TestALotOfAdding" classname="LocalCMCTests" time="0.0"/>
  <testcase name="TestALotOfAdding" classname="LocalCMCTests" time="0.0"/>
  <testcase name="TestALotOfAdding" classname="LocalCMCTests" time="0.0"/>
  <testcase name="TestALotOfAdding" classname="LocalCMCTests" time="0.001"/>
  <testcase name="TestALotOfAdding" classname="LocalCMCTests" time="0.001"/>
  <testcase name="TestALotOfAdding" classname="LocalCMCTests" time="0.0"/>
  <testcase name="TestALotOfAdding" classname="LocalCMCTests" time="0.001"/>
  <testcase name="TestALotOfAdding" classname="LocalCMCTests" time="0.001"/>
  <testcase name="TestALotOfAdding" classname="LocalCMCTests" time="0.001"/>
  <testcase name="TestALotOfAdding" classname="LocalCMCTests" time="0.0"/>
  <testcase name="TestALotOfAdding" classname="LocalCMCTests" time="0.0"/>
  <testcase name="TestALotOfAdding" classname="LocalCMCTests" time="0.002"/>
  <testcase name="TestALotOfAdding" classname="LocalCMCTests" time="0.0"/>
  <testcase name="TestALotOfAdding" classname="LocalCMCTests" time="0.001"/>
  <testcase name="TestALotOfAdding" classname="LocalCMCTests" time="0.001"/>
  <testcase name="TestALotOfAdding" classname="LocalCMCTests" time="0.0"/>
  <testcase name="TestALotOfAdding" classname="LocalCMCTests" time="0.0"/>
  <testcase name="TestALotOfAdding" classname="LocalCMCTests" time="0.0"/>
  <testcase name="TestALotOfAdding" classname="LocalCMCTests" time="0.0"/>
  <testcase name="TestALotOfAdding" classname="LocalCMCTests" time="0.003"/>
  <testcase name="TestALotOfAdding" classname="LocalCMCTests" time="0.002"/>
  <testcase name="TestALotOfAdding" classname="LocalCMCTests" time="0.0"/>
  <testcase name="TestALotOfAdding" classname="LocalCMCTests" time="0.001"/>
  <testcase name="TestALotOfAdding" classname="LocalCMCTests" time="0.0"/>
  <testcase name="TestALotOfAdding" classname="LocalCMCTests" time="0.001"/>
  <testcase name="TestALotOfAdding" classname="LocalCMCTests" time="0.0"/>
  <testcase name="TestALotOfAdding" classname="LocalCMCTests" time="0.001"/>
  <testcase name="TestALotOfAdding" classname="LocalCMCTests" time="0.0"/>
  <testcase name="TestALotOfAdding" classname="LocalCMCTests" time="0.0"/>
  <testcase name="TestALotOfAdding" classname="LocalCMCTests" time="0.001"/>
  <testcase name="TestALotOfAdding" classname="LocalCMCTests" time="0.001"/>
  <testcase name="TestALotOfAdding" classname="LocalCMCTests" time="0.0"/>
  <testcase name="TestALotOfAdding" classname="LocalCMCTests" time="0.001"/>
  <testcase name="TestALotOfAdding" classname="LocalCMCTests" time="0.001"/>
  <testcase name="TestALotOfAdding" classname="LocalCMCTests" time="0.0"/>
  <testcase name="TestALotOfAdding" classname="LocalCMCTests" time="0.0"/>
  <testcase name="TestALotOfAdding" classname="LocalCMCTests" time="0.001"/>
  <testcase name="TestALotOfAdding" classname="LocalCMCTests" time="0.001"/>
  <testcase name="TestALotOfAdding" classname="LocalCMCTests" time="0.0"/>
  <testcase name="TestALotOfAdding" classname="LocalCMCTests" time="0.0"/>
  <testcase name="TestALotOfAdding" classname="LocalCMCTests" time="0.001"/>
  <testcase name="TestALotOfAdding" classname="LocalCMCTests" time="0.0"/>
  <testcase name="TestALotOfAdding" classname="LocalCMCTests" time="0.001"/>
  <testcase name="TestALotOfAdding" classname="LocalCMCTests" time="0.003"/>
  <testcase name="TestALotOfAdding" classname="LocalCMCTests" time="0.0"/>
  <testcase name="TestALotOfAdding" classname="LocalCMCTests" time="0.001"/>
  <testcase name="TestALotOfAdding" classname="LocalCMCTests" time="0.0"/>
  <testcase name="TestALotOfAdding" classname="LocalCMCTests" time="0.0"/>
  <testcase name="TestALotOfAdding" classname="LocalCMCTests" time="0.0"/>
  <testcase name="TestALotOfAdding" classname="LocalCMCTests" time="0.001"/>
  <testcase name="TestALotOfAdding" classname="LocalCMCTests" time="0.002"/>
  <testcase name="TestALotOfAdding" classname="LocalCMCTests" time="0.001"/>
  <testcase name="TestALotOfAdding" classname="LocalCMCTests" time="0.002"/>
  <testcase name="TestALotOfAdding" classname="LocalCMCTests" time="0.0"/>
  <testcase name="TestALotOfAdding" classname="LocalCMCTests" time="0.002"/>
  <testcase name="TestALotOfAdding" classname="LocalCMCTests" time="0.0"/>
  <testcase name="TestALotOfAdding" classname="LocalCMCTests" time="0.0"/>
  <testcase name="TestALotOfAdding" classname="LocalCMCTests" time="0.0"/>
  <testcase name="TestALotOfAdding" classname="LocalCMCTests" time="0.0"/>
  <testcase name="TestALotOfAdding" classname="LocalCMCTests" time="0.0"/>
  <testcase name="TestALotOfAdding" classname="LocalCMCTests" time="0.0"/>
  <testcase name="TestALotOfAdding" classname="LocalCMCTests" time="0.001"/>
  <testcase name="TestALotOfAdding" classname="LocalCMCTests" time="0.001"/>
  <testcase name="TestALotOfAdding" classname="LocalCMCTests" time="0.001"/>
  <testcase name="TestALotOfAdding" classname="LocalCMCTests" time="0.001"/>
  <testcase name="TestALotOfAdding" classname="LocalCMCTests" time="0.0"/>
  <testcase name="TestALotOfAdding" classname="LocalCMCTests" time="0.0"/>
  <testcase name="TestALotOfAdding" classname="LocalCMCTests" time="0.001"/>
  <testcase name="TestALotOfAdding" classname="LocalCMCTests" time="0.001"/>
  <testcase name="TestALotOfAdding" classname="LocalCMCTests" time="0.0"/>
  <testcase name="TestALotOfAdding" classname="LocalCMCTests" time="0.001"/>
  <testcase name="TestALotOfAdding" classname="LocalCMCTests" time="0.0"/>
  <testcase name="TestALotOfAdding" classname="LocalCMCTests" time="0.001"/>
  <testcase name="TestALotOfAdding" classname="LocalCMCTests" time="0.001"/>
  <testcase name="TestALotOfAdding" classname="LocalCMCTests" time="0.001"/>
  <testcase name="TestALotOfAdding" classname="LocalCMCTests" time="0.001"/>
  <testcase name="TestALotOfAdding" classname="LocalCMCTests" time="0.001"/>
  <testcase name="TestALotOfAdding" classname="LocalCMCTests" time="0.0"/>
  <testcase name="TestALotOfAdding" classname="LocalCMCTests" time="0.0"/>
  <testcase name="TestALotOfAdding" classname="LocalCMCTests" time="0.0"/>
  <testcase name="TestALotOfAdding" classname="LocalCMCTests" time="0.0"/>
  <testcase name="TestALotOfAdding" classname="LocalCMCTests" time="0.0"/>
  <testcase name="TestALotOfAdding" classname="LocalCMCTests" time="0.0"/>
  <testcase name="TestALotOfAdding" classname="LocalCMCTests" time="0.001"/>
  <testcase name="TestALotOfAdding" classname="LocalCMCTests" time="0.0"/>
  <testcase name="TestALotOfAdding" classname="LocalCMCTests" time="0.001"/>
  <testcase name="TestALotOfAdding" classname="LocalCMCTests" time="0.002"/>
  <testcase name="TestALotOfAdding" classname="LocalCMCTests" time="0.001"/>
  <testcase name="TestALotOfAdding" classname="LocalCMCTests" time="0.0"/>
  <testcase name="TestALotOfAdding" classname="LocalCMCTests" time="0.0"/>
  <testcase name="TestALotOfAdding" classname="LocalCMCTests" time="0.001"/>
  <testcase name="TestALotOfAdding" classname="LocalCMCTests" time="0.001"/>
  <testcase name="TestALotOfAdding" classname="LocalCMCTests" time="0.0"/>
  <testcase name="TestALotOfAdding" classname="LocalCMCTests" time="0.001"/>
  <testcase name="TestALotOfAdding" classname="LocalCMCTests" time="0.001"/>
  <testcase name="TestALotOfAdding" classname="LocalCMCTests" time="0.0"/>
  <testcase name="TestALotOfAdding" classname="LocalCMCTests" time="0.002"/>
  <testcase name="TestALotOfAdding" classname="LocalCMCTests" time="0.004"/>
  <testcase name="TestALotOfAdding" classname="LocalCMCTests" time="0.002"/>
  <testcase name="TestALotOfAdding" classname="LocalCMCTests" time="0.002"/>
  <testcase name="TestALotOfAdding" classname="LocalCMCTests" time="0.0"/>
  <testcase name="TestALotOfAdding" classname="LocalCMCTests" time="0.0"/>
  <testcase name="TestALotOfAdding" classname="LocalCMCTests" time="0.0"/>
  <testcase name="TestALotOfAdding" classname="LocalCMCTests" time="0.0"/>
  <testcase name="TestALotOfAdding" classname="LocalCMCTests" time="0.003"/>
  <testcase name="TestALotOfAdding" classname="LocalCMCTests" time="0.002"/>
  <testcase name="TestALotOfAdding" classname="LocalCMCTests" time="0.0"/>
  <testcase name="TestALotOfAdding" classname="LocalCMCTests" time="0.002"/>
  <testcase name="TestALotOfAdding" classname="LocalCMCTests" time="0.002"/>
  <testcase name="TestALotOfAdding" classname="LocalCMCTests" time="0.0"/>
  <testcase name="TestALotOfAdding" classname="LocalCMCTests" time="0.0"/>
  <testcase name="TestALotOfAdding" classname="LocalCMCTests" time="0.0"/>
  <testcase name="TestALotOfAdding" classname="LocalCMCTests" time="0.001"/>
  <testcase name="TestALotOfAdding" classname="LocalCMCTests" time="0.001"/>
  <testcase name="TestALotOfAdding" classname="LocalCMCTests" time="0.001"/>
  <testcase name="TestALotOfAdding" classname="LocalCMCTests" time="0.0"/>
  <testcase name="TestALotOfAdding" classname="LocalCMCTests" time="0.0"/>
  <testcase name="TestALotOfAdding" classname="LocalCMCTests" time="0.0"/>
  <testcase name="TestALotOfAdding" classname="LocalCMCTests" time="0.001"/>
  <testcase name="TestALotOfAdding" classname="LocalCMCTests" time="0.001"/>
  <testcase name="TestALotOfAdding" classname="LocalCMCTests" time="0.001"/>
  <testcase name="TestALotOfAdding" classname="LocalCMCTests" time="0.001"/>
  <testcase name="TestALotOfAdding" classname="LocalCMCTests" time="0.0"/>
  <testcase name="TestALotOfAdding" classname="LocalCMCTests" time="0.0"/>
  <testcase name="TestALotOfAdding" classname="LocalCMCTests" time="0.0"/>
  <testcase name="TestALotOfAdding" classname="LocalCMCTests" time="0.0"/>
  <testcase name="TestALotOfAdding" classname="LocalCMCTests" time="0.001"/>
  <testcase name="TestALotOfAdding" classname="LocalCMCTests" time="0.001"/>
  <testcase name="TestALotOfAdding" classname="LocalCMCTests" time="0.002"/>
  <testcase name="TestALotOfAdding" classname="LocalCMCTests" time="0.001"/>
  <testcase name="TestALotOfAdding" classname="LocalCMCTests" time="0.001"/>
  <testcase name="TestALotOfAdding" classname="LocalCMCTests" time="0.0"/>
  <testcase name="TestALotOfAdding" classname="LocalCMCTests" time="0.001"/>
  <testcase name="TestALotOfAdding" classname="LocalCMCTests" time="0.001"/>
  <testcase name="TestALotOfAdding" classname="LocalCMCTests" time="0.001"/>
  <testcase name="TestALotOfAdding" classname="LocalCMCTests" time="0.0"/>
  <testcase name="TestALotOfAdding" classname="LocalCMCTests" time="0.0"/>
  <testcase name="TestALotOfAdding" classname="LocalCMCTests" time="0.0"/>
  <testcase name="TestALotOfAdding" classname="LocalCMCTests" time="0.0"/>
  <testcase name="TestALotOfAdding" classname="LocalCMCTests" time="0.0"/>
  <testcase name="TestALotOfAdding" classname="LocalCMCTests" time="0.001"/>
  <testcase name="TestALotOfAdding" classname="LocalCMCTests" time="0.0"/>
  <testcase name="TestALotOfAdding" classname="LocalCMCTests" time="0.002"/>
  <testcase name="TestALotOfAdding" classname="LocalCMCTests" time="0.0"/>
  <testcase name="TestALotOfAdding" classname="LocalCMCTests" time="0.002"/>
  <testcase name="TestALotOfAdding" classname="LocalCMCTests" time="0.0"/>
  <testcase name="TestALotOfAdding" classname="LocalCMCTests" time="0.001"/>
  <testcase name="TestALotOfAdding" classname="LocalCMCTests" time="0.0"/>
  <testcase name="TestALotOfAdding" classname="LocalCMCTests" time="0.0"/>
  <testcase name="TestALotOfAdding" classname="LocalCMCTests" time="0.001"/>
  <testcase name="TestALotOfAdding" classname="LocalCMCTests" time="0.001"/>
  <testcase name="TestALotOfAdding" classname="LocalCMCTests" time="0.001"/>
  <testcase name="TestALotOfAdding" classname="LocalCMCTests" time="0.002"/>
  <testcase name="TestALotOfAdding" classname="LocalCMCTests" time="0.001"/>
  <testcase name="TestALotOfAdding" classname="LocalCMCTests" time="0.0"/>
  <testcase name="TestALotOfAdding" classname="LocalCMCTests" time="0.0"/>
  <testcase name="TestALotOfAdding" classname="LocalCMCTests" time="0.0"/>
  <testcase name="TestALotOfAdding" classname="LocalCMCTests" time="0.001"/>
  <testcase name="TestALotOfAdding" classname="LocalCMCTests" time="0.001"/>
  <testcase name="TestALotOfAdding" classname="LocalCMCTests" time="0.001"/>
  <testcase name="TestALotOfAdding" classname="LocalCMCTests" time="0.0"/>
  <testcase name="TestALotOfAdding" classname="LocalCMCTests" time="0.0"/>
  <testcase name="TestALotOfAdding" classname="LocalCMCTests" time="0.003"/>
  <testcase name="TestALotOfAdding" classname="LocalCMCTests" time="0.0"/>
  <testcase name="TestALotOfAdding" classname="LocalCMCTests" time="0.0"/>
  <testcase name="TestALotOfAdding" classname="LocalCMCTests" time="0.0"/>
  <testcase name="TestALotOfAdding" classname="LocalCMCTests" time="0.0"/>
  <testcase name="TestALotOfAdding" classname="LocalCMCTests" time="0.0"/>
  <testcase name="TestALotOfAdding" classname="LocalCMCTests" time="0.001"/>
  <testcase name="TestALotOfAdding" classname="LocalCMCTests" time="0.001"/>
  <testcase name="TestALotOfAdding" classname="LocalCMCTests" time="0.001"/>
  <testcase name="TestALotOfAdding" classname="LocalCMCTests" time="0.001"/>
  <testcase name="TestALotOfAdding" classname="LocalCMCTests" time="0.001"/>
  <testcase name="TestALotOfAdding" classname="LocalCMCTests" time="0.0"/>
  <testcase name="TestALotOfAdding" classname="LocalCMCTests" time="0.0"/>
  <testcase name="TestALotOfAdding" classname="LocalCMCTests" time="0.001"/>
  <testcase name="TestALotOfAdding" classname="LocalCMCTests" time="0.001"/>
  <testcase name="TestALotOfAdding" classname="LocalCMCTests" time="0.001"/>
  <testcase name="TestALotOfAdding" classname="LocalCMCTests" time="0.001"/>
  <testcase name="TestALotOfAdding" classname="LocalCMCTests" time="0.0"/>
  <testcase name="TestALotOfAdding" classname="LocalCMCTests" time="0.0"/>
  <testcase name="TestALotOfAdding" classname="LocalCMCTests" time="0.001"/>
  <testcase name="TestALotOfAdding" classname="LocalCMCTests" time="0.0"/>
  <testcase name="TestALotOfAdding" classname="LocalCMCTests" time="0.002"/>
  <testcase name="TestALotOfAdding" classname="LocalCMCTests" time="0.0"/>
  <testcase name="TestALotOfAdding" classname="LocalCMCTests" time="0.0"/>
  <testcase name="TestALotOfAdding" classname="LocalCMCTests" time="0.0"/>
  <testcase name="TestALotOfAdding" classname="LocalCMCTests" time="0.0"/>
  <testcase name="TestALotOfAdding" classname="LocalCMCTests" time="0.0"/>
  <testcase name="TestALotOfAdding" classname="LocalCMCTests" time="0.001"/>
  <testcase name="TestALotOfAdding" classname="LocalCMCTests" time="0.001"/>
  <testcase name="TestALotOfAdding" classname="LocalCMCTests" time="0.002"/>
  <testcase name="TestALotOfAdding" classname="LocalCMCTests" time="0.0"/>
  <testcase name="TestALotOfAdding" classname="LocalCMCTests" time="0.0"/>
  <testcase name="TestALotOfAdding" classname="LocalCMCTests" time="0.002"/>
  <testcase name="TestALotOfAdding" classname="LocalCMCTests" time="0.0"/>
  <testcase name="TestALotOfAdding" classname="LocalCMCTests" time="0.0"/>
  <testcase name="TestALotOfAdding" classname="LocalCMCTests" time="0.001"/>
  <testcase name="TestALotOfAdding" classname="LocalCMCTests" time="0.001"/>
  <testcase name="TestALotOfAdding" classname="LocalCMCTests" time="0.0"/>
  <testcase name="TestALotOfAdding" classname="LocalCMCTests" time="0.0"/>
  <testcase name="TestALotOfAdding" classname="LocalCMCTests" time="0.001"/>
  <testcase name="TestALotOfAdding" classname="LocalCMCTests" time="0.002"/>
  <testcase name="TestALotOfAdding" classname="LocalCMCTests" time="0.0"/>
  <testcase name="TestALotOfAdding" classname="LocalCMCTests" time="0.002"/>
  <testcase name="TestALotOfAdding" classname="LocalCMCTests" time="0.001"/>
  <testcase name="TestALotOfAdding" classname="LocalCMCTests" time="0.0"/>
  <testcase name="TestALotOfAdding" classname="LocalCMCTests" time="0.002"/>
  <testcase name="TestALotOfAdding" classname="LocalCMCTests" time="0.0"/>
  <testcase name="TestALotOfAdding" classname="LocalCMCTests" time="0.001"/>
  <testcase name="TestALotOfAdding" classname="LocalCMCTests" time="0.0"/>
  <testcase name="TestALotOfAdding" classname="LocalCMCTests" time="0.001"/>
  <testcase name="TestALotOfAdding" classname="LocalCMCTests" time="0.001"/>
  <testcase name="TestALotOfAdding" classname="LocalCMCTests" time="0.001"/>
  <testcase name="TestALotOfAdding" classname="LocalCMCTests" time="0.0"/>
  <testcase name="TestALotOfAdding" classname="LocalCMCTests" time="0.0"/>
  <testcase name="TestALotOfAdding" classname="LocalCMCTests" time="0.0"/>
  <testcase name="TestALotOfAdding" classname="LocalCMCTests" time="0.001"/>
  <testcase name="TestALotOfAdding" classname="LocalCMCTests" time="0.0"/>
  <testcase name="TestALotOfAdding" classname="LocalCMCTests" time="0.0"/>
  <testcase name="TestALotOfAdding" classname="LocalCMCTests" time="0.001"/>
  <testcase name="TestALotOfAdding" classname="LocalCMCTests" time="0.001"/>
  <testcase name="TestALotOfAdding" classname="LocalCMCTests" time="0.001"/>
  <testcase name="TestALotOfAdding" classname="LocalCMCTests" time="0.0"/>
  <testcase name="TestALotOfAdding" classname="LocalCMCTests" time="0.001"/>
  <testcase name="TestALotOfAdding" classname="LocalCMCTests" time="0.001"/>
  <testcase name="TestALotOfAdding" classname="LocalCMCTests" time="0.001"/>
  <testcase name="TestALotOfAdding" classname="LocalCMCTests" time="0.001"/>
  <testcase name="TestALotOfAdding" classname="LocalCMCTests" time="0.0"/>
  <testcase name="TestALotOfAdding" classname="LocalCMCTests" time="0.001"/>
  <testcase name="TestALotOfAdding" classname="LocalCMCTests" time="0.0"/>
  <testcase name="TestALotOfAdding" classname="LocalCMCTests" time="0.0"/>
  <testcase name="TestALotOfAdding" classname="LocalCMCTests" time="0.0"/>
  <testcase name="TestALotOfAdding" classname="LocalCMCTests" time="0.0"/>
  <testcase name="TestALotOfAdding" classname="LocalCMCTests" time="0.001"/>
  <testcase name="TestALotOfAdding" classname="LocalCMCTests" time="0.0"/>
  <testcase name="TestALotOfAdding" classname="LocalCMCTests" time="0.001"/>
  <testcase name="TestALotOfAdding" classname="LocalCMCTests" time="0.001"/>
  <testcase name="TestALotOfAdding" classname="LocalCMCTests" time="0.0"/>
  <testcase name="TestALotOfAdding" classname="LocalCMCTests" time="0.001"/>
  <testcase name="TestALotOfAdding" classname="LocalCMCTests" time="0.0"/>
  <testcase name="TestALotOfAdding" classname="LocalCMCTests" time="0.001"/>
  <testcase name="TestALotOfAdding" classname="LocalCMCTests" time="0.0"/>
  <testcase name="TestALotOfAdding" classname="LocalCMCTests" time="0.001"/>
  <testcase name="TestALotOfAdding" classname="LocalCMCTests" time="0.001"/>
  <testcase name="TestALotOfAdding" classname="LocalCMCTests" time="0.001"/>
  <testcase name="TestALotOfAdding" classname="LocalCMCTests" time="0.0"/>
  <testcase name="TestALotOfAdding" classname="LocalCMCTests" time="0.001"/>
  <testcase name="TestALotOfAdding" classname="LocalCMCTests" time="0.0"/>
  <testcase name="TestALotOfAdding" classname="LocalCMCTests" time="0.001"/>
  <testcase name="TestALotOfAdding" classname="LocalCMCTests" time="0.003"/>
  <testcase name="TestALotOfAdding" classname="LocalCMCTests" time="0.0"/>
  <testcase name="TestALotOfAdding" classname="LocalCMCTests" time="0.001"/>
  <testcase name="TestALotOfAdding" classname="LocalCMCTests" time="0.001"/>
  <testcase name="TestALotOfAdding" classname="LocalCMCTests" time="0.001"/>
  <testcase name="TestALotOfAdding" classname="LocalCMCTests" time="0.0"/>
  <testcase name="TestALotOfAdding" classname="LocalCMCTests" time="0.001"/>
  <testcase name="TestALotOfAdding" classname="LocalCMCTests" time="0.001"/>
  <testcase name="TestALotOfAdding" classname="LocalCMCTests" time="0.001"/>
  <testcase name="TestALotOfAdding" classname="LocalCMCTests" time="0.001"/>
  <testcase name="TestALotOfAdding" classname="LocalCMCTests" time="0.0"/>
  <testcase name="TestALotOfAdding" classname="LocalCMCTests" time="0.0"/>
  <testcase name="TestALotOfAdding" classname="LocalCMCTests" time="0.0"/>
  <testcase name="TestALotOfAdding" classname="LocalCMCTests" time="0.0"/>
  <testcase name="TestALotOfAdding" classname="LocalCMCTests" time="0.0"/>
  <testcase name="TestALotOfAdding" classname="LocalCMCTests" time="0.001"/>
  <testcase name="TestALotOfAdding" classname="LocalCMCTests" time="0.001"/>
  <testcase name="TestALotOfAdding" classname="LocalCMCTests" time="0.001"/>
  <testcase name="TestALotOfAdding" classname="LocalCMCTests" time="0.001"/>
  <testcase name="TestALotOfAdding" classname="LocalCMCTests" time="0.001"/>
  <testcase name="TestALotOfAdding" classname="LocalCMCTests" time="0.001"/>
  <testcase name="TestALotOfAdding" classname="LocalCMCTests" time="0.0"/>
  <testcase name="TestALotOfAdding" classname="LocalCMCTests" time="0.001"/>
  <testcase name="TestALotOfAdding" classname="LocalCMCTests" time="0.001"/>
  <testcase name="TestALotOfAdding" classname="LocalCMCTests" time="0.0"/>
  <testcase name="TestALotOfAdding" classname="LocalCMCTests" time="0.001"/>
  <testcase name="TestALotOfAdding" classname="LocalCMCTests" time="0.002"/>
  <testcase name="TestALotOfAdding" classname="LocalCMCTests" time="0.0"/>
  <testcase name="TestALotOfAdding" classname="LocalCMCTests" time="0.0"/>
  <testcase name="TestALotOfAdding" classname="LocalCMCTests" time="0.0"/>
  <testcase name="TestALotOfAdding" classname="LocalCMCTests" time="0.001"/>
  <testcase name="TestALotOfAdding" classname="LocalCMCTests" time="0.0"/>
  <testcase name="TestALotOfAdding" classname="LocalCMCTests" time="0.001"/>
  <testcase name="TestALotOfAdding" classname="LocalCMCTests" time="0.0"/>
  <testcase name="TestALotOfAdding" classname="LocalCMCTests" time="0.001"/>
  <testcase name="TestALotOfAdding" classname="LocalCMCTests" time="0.001"/>
  <testcase name="TestALotOfAdding" classname="LocalCMCTests" time="0.001"/>
  <testcase name="TestALotOfAdding" classname="LocalCMCTests" time="0.001"/>
  <testcase name="TestALotOfAdding" classname="LocalCMCTests" time="0.0"/>
  <testcase name="TestALotOfAdding" classname="LocalCMCTests" time="0.001"/>
  <testcase name="TestALotOfAdding" classname="LocalCMCTests" time="0.001"/>
  <testcase name="TestALotOfAdding" classname="LocalCMCTests" time="0.001"/>
  <testcase name="TestALotOfAdding" classname="LocalCMCTests" time="0.0"/>
  <testcase name="TestALotOfAdding" classname="LocalCMCTests" time="0.0"/>
  <testcase name="TestALotOfAdding" classname="LocalCMCTests" time="0.0"/>
  <testcase name="TestALotOfAdding" classname="LocalCMCTests" time="0.0"/>
  <testcase name="TestALotOfAdding" classname="LocalCMCTests" time="0.0"/>
  <testcase name="TestALotOfAdding" classname="LocalCMCTests" time="0.0"/>
  <testcase name="TestALotOfAdding" classname="LocalCMCTests" time="0.0"/>
  <testcase name="TestALotOfAdding" classname="LocalCMCTests" time="0.001"/>
  <testcase name="TestALotOfAdding" classname="LocalCMCTests" time="0.002"/>
  <testcase name="TestALotOfAdding" classname="LocalCMCTests" time="0.0"/>
  <testcase name="TestALotOfAdding" classname="LocalCMCTests" time="0.001"/>
  <testcase name="TestALotOfAdding" classname="LocalCMCTests" time="0.0"/>
  <testcase name="TestALotOfAdding" classname="LocalCMCTests" time="0.0"/>
  <testcase name="TestALotOfAdding" classname="LocalCMCTests" time="0.001"/>
  <testcase name="TestALotOfAdding" classname="LocalCMCTests" time="0.001"/>
  <testcase name="TestALotOfAdding" classname="LocalCMCTests" time="0.0"/>
  <testcase name="TestALotOfAdding" classname="LocalCMCTests" time="0.0"/>
  <testcase name="TestALotOfAdding" classname="LocalCMCTests" time="0.001"/>
  <testcase name="TestALotOfAdding" classname="LocalCMCTests" time="0.0"/>
  <testcase name="TestALotOfAdding" classname="LocalCMCTests" time="0.001"/>
  <testcase name="TestALotOfAdding" classname="LocalCMCTests" time="0.0"/>
  <testcase name="TestALotOfAdding" classname="LocalCMCTests" time="0.0"/>
  <testcase name="TestALotOfAdding" classname="LocalCMCTests" time="0.0"/>
  <testcase name="TestALotOfAdding" classname="LocalCMCTests" time="0.001"/>
  <testcase name="TestALotOfAdding" classname="LocalCMCTests" time="0.002"/>
  <testcase name="TestALotOfAdding" classname="LocalCMCTests" time="0.001"/>
  <testcase name="TestALotOfAdding" classname="LocalCMCTests" time="0.0"/>
  <testcase name="TestALotOfAdding" classname="LocalCMCTests" time="0.001"/>
  <testcase name="TestALotOfAdding" classname="LocalCMCTests" time="0.0"/>
  <testcase name="TestALotOfAdding" classname="LocalCMCTests" time="0.0"/>
  <testcase name="TestALotOfAdding" classname="LocalCMCTests" time="0.0"/>
  <testcase name="TestALotOfAdding" classname="LocalCMCTests" time="0.001"/>
  <testcase name="TestALotOfAdding" classname="LocalCMCTests" time="0.001"/>
  <testcase name="TestALotOfAdding" classname="LocalCMCTests" time="0.001"/>
  <testcase name="TestALotOfAdding" classname="LocalCMCTests" time="0.001"/>
  <testcase name="TestALotOfAdding" classname="LocalCMCTests" time="0.0"/>
  <testcase name="TestALotOfAdding" classname="LocalCMCTests" time="0.0"/>
  <testcase name="TestALotOfAdding" classname="LocalCMCTests" time="0.0"/>
  <testcase name="TestALotOfAdding" classname="LocalCMCTests" time="0.0"/>
  <testcase name="TestALotOfAdding" classname="LocalCMCTests" time="0.002"/>
  <testcase name="TestALotOfAdding" classname="LocalCMCTests" time="0.001"/>
  <testcase name="TestALotOfAdding" classname="LocalCMCTests" time="0.002"/>
  <testcase name="TestALotOfAdding" classname="LocalCMCTests" time="0.002"/>
  <testcase name="TestALotOfAdding" classname="LocalCMCTests" time="0.002"/>
  <testcase name="TestALotOfAdding" classname="LocalCMCTests" time="0.0"/>
  <testcase name="TestALotOfAdding" classname="LocalCMCTests" time="0.0"/>
  <testcase name="TestALotOfAdding" classname="LocalCMCTests" time="0.0"/>
  <testcase name="TestALotOfAdding" classname="LocalCMCTests" time="0.0"/>
  <testcase name="TestALotOfAdding" classname="LocalCMCTests" time="0.001"/>
  <testcase name="TestALotOfAdding" classname="LocalCMCTests" time="0.001"/>
  <testcase name="TestALotOfAdding" classname="LocalCMCTests" time="0.001"/>
  <testcase name="TestALotOfAdding" classname="LocalCMCTests" time="0.001"/>
  <testcase name="TestALotOfAdding" classname="LocalCMCTests" time="0.0"/>
  <testcase name="TestALotOfAdding" classname="LocalCMCTests" time="0.0"/>
  <testcase name="TestALotOfAdding" classname="LocalCMCTests" time="0.001"/>
  <testcase name="TestALotOfAdding" classname="LocalCMCTests" time="0.0"/>
  <testcase name="TestALotOfAdding" classname="LocalCMCTests" time="0.001"/>
  <testcase name="TestALotOfAdding" classname="LocalCMCTests" time="0.0"/>
  <testcase name="TestALotOfAdding" classname="LocalCMCTests" time="0.001"/>
  <testcase name="TestALotOfAdding" classname="LocalCMCTests" time="0.001"/>
  <testcase name="TestALotOfAdding" classname="LocalCMCTests" time="0.001"/>
  <testcase name="TestALotOfAdding" classname="LocalCMCTests" time="0.0"/>
  <testcase name="TestALotOfAdding" classname="LocalCMCTests" time="0.001"/>
  <testcase name="TestALotOfAdding" classname="LocalCMCTests" time="0.0"/>
  <testcase name="TestALotOfAdding" classname="LocalCMCTests" time="0.0"/>
  <testcase name="TestALotOfAdding" classname="LocalCMCTests" time="0.0"/>
  <testcase name="TestALotOfAdding" classname="LocalCMCTests" time="0.0"/>
  <testcase name="TestALotOfAdding" classname="LocalCMCTests" time="0.001"/>
  <testcase name="TestALotOfAdding" classname="LocalCMCTests" time="0.001"/>
  <testcase name="TestALotOfAdding" classname="LocalCMCTests" time="0.0"/>
  <testcase name="TestALotOfAdding" classname="LocalCMCTests" time="0.0"/>
  <testcase name="TestALotOfAdding" classname="LocalCMCTests" time="0.002"/>
  <testcase name="TestALotOfAdding" classname="LocalCMCTests" time="0.002"/>
  <testcase name="TestALotOfAdding" classname="LocalCMCTests" time="0.0"/>
  <testcase name="TestALotOfAdding" classname="LocalCMCTests" time="0.0"/>
  <testcase name="TestALotOfAdding" classname="LocalCMCTests" time="0.002"/>
  <testcase name="TestALotOfAdding" classname="LocalCMCTests" time="0.001"/>
  <testcase name="TestALotOfAdding" classname="LocalCMCTests" time="0.001"/>
  <testcase name="TestALotOfAdding" classname="LocalCMCTests" time="0.001"/>
  <testcase name="TestALotOfAdding" classname="LocalCMCTests" time="0.001"/>
  <testcase name="TestALotOfAdding" classname="LocalCMCTests" time="0.0"/>
  <testcase name="TestALotOfAdding" classname="LocalCMCTests" time="0.001"/>
  <testcase name="TestALotOfAdding" classname="LocalCMCTests" time="0.0"/>
  <testcase name="TestALotOfAdding" classname="LocalCMCTests" time="0.001"/>
  <testcase name="TestALotOfAdding" classname="LocalCMCTests" time="0.0"/>
  <testcase name="TestALotOfAdding" classname="LocalCMCTests" time="0.001"/>
  <testcase name="TestALotOfAdding" classname="LocalCMCTests" time="0.0"/>
  <testcase name="TestALotOfAdding" classname="LocalCMCTests" time="0.001"/>
  <testcase name="TestALotOfAdding" classname="LocalCMCTests" time="0.0"/>
  <testcase name="TestALotOfAdding" classname="LocalCMCTests" time="0.0"/>
  <testcase name="TestALotOfAdding" classname="LocalCMCTests" time="0.001"/>
  <testcase name="TestALotOfAdding" classname="LocalCMCTests" time="0.0"/>
  <testcase name="TestALotOfAdding" classname="LocalCMCTests" time="0.001"/>
  <testcase name="TestALotOfAdding" classname="LocalCMCTests" time="0.001"/>
  <testcase name="TestALotOfAdding" classname="LocalCMCTests" time="0.001"/>
  <testcase name="TestALotOfAdding" classname="LocalCMCTests" time="0.0"/>
  <testcase name="TestALotOfAdding" classname="LocalCMCTests" time="0.001"/>
  <testcase name="TestALotOfAdding" classname="LocalCMCTests" time="0.0"/>
  <testcase name="TestALotOfAdding" classname="LocalCMCTests" time="0.001"/>
  <testcase name="TestALotOfAdding" classname="LocalCMCTests" time="0.001"/>
  <testcase name="TestALotOfAdding" classname="LocalCMCTests" time="0.0"/>
  <testcase name="TestALotOfAdding" classname="LocalCMCTests" time="0.001"/>
  <testcase name="TestALotOfAdding" classname="LocalCMCTests" time="0.001"/>
  <testcase name="TestALotOfAdding" classname="LocalCMCTests" time="0.001"/>
  <testcase name="TestALotOfAdding" classname="LocalCMCTests" time="0.0"/>
  <testcase name="TestALotOfAdding" classname="LocalCMCTests" time="0.001"/>
  <testcase name="TestALotOfAdding" classname="LocalCMCTests" time="0.0"/>
  <testcase name="TestALotOfAdding" classname="LocalCMCTests" time="0.001"/>
  <testcase name="TestALotOfAdding" classname="LocalCMCTests" time="0.001"/>
  <testcase name="TestALotOfAdding" classname="LocalCMCTests" time="0.001"/>
  <testcase name="TestALotOfAdding" classname="LocalCMCTests" time="0.001"/>
  <testcase name="TestALotOfAdding" classname="LocalCMCTests" time="0.0"/>
  <testcase name="TestALotOfAdding" classname="LocalCMCTests" time="0.0"/>
  <testcase name="TestALotOfAdding" classname="LocalCMCTests" time="0.0"/>
  <testcase name="TestALotOfAdding" classname="LocalCMCTests" time="0.0"/>
  <testcase name="TestALotOfAdding" classname="LocalCMCTests" time="0.0"/>
  <testcase name="TestALotOfAdding" classname="LocalCMCTests" time="0.001"/>
  <testcase name="TestALotOfAdding" classname="LocalCMCTests" time="0.0"/>
  <testcase name="TestALotOfAdding" classname="LocalCMCTests" time="0.0"/>
  <testcase name="TestALotOfAdding" classname="LocalCMCTests" time="0.002"/>
  <testcase name="TestALotOfAdding" classname="LocalCMCTests" time="0.001"/>
  <testcase name="TestALotOfAdding" classname="LocalCMCTests" time="0.0"/>
  <testcase name="TestALotOfAdding" classname="LocalCMCTests" time="0.001"/>
  <testcase name="TestALotOfAdding" classname="LocalCMCTests" time="0.0"/>
  <testcase name="TestALotOfAdding" classname="LocalCMCTests" time="0.001"/>
  <testcase name="TestALotOfAdding" classname="LocalCMCTests" time="0.001"/>
  <testcase name="TestALotOfAdding" classname="LocalCMCTests" time="0.001"/>
  <testcase name="TestALotOfAdding" classname="LocalCMCTests" time="0.002"/>
  <testcase name="TestALotOfAdding" classname="LocalCMCTests" time="0.0"/>
  <testcase name="TestALotOfAdding" classname="LocalCMCTests" time="0.001"/>
  <testcase name="TestALotOfAdding" classname="LocalCMCTests" time="0.0"/>
  <testcase name="TestALotOfAdding" classname="LocalCMCTests" time="0.0"/>
  <testcase name="TestALotOfAdding" classname="LocalCMCTests" time="0.0"/>
  <testcase name="TestALotOfAdding" classname="LocalCMCTests" time="0.0"/>
  <testcase name="TestALotOfAdding" classname="LocalCMCTests" time="0.001"/>
  <testcase name="TestALotOfAdding" classname="LocalCMCTests" time="0.002"/>
  <testcase name="TestALotOfAdding" classname="LocalCMCTests" time="0.001"/>
  <testcase name="TestALotOfAdding" classname="LocalCMCTests" time="0.0"/>
  <testcase name="TestALotOfAdding" classname="LocalCMCTests" time="0.0"/>
  <testcase name="TestALotOfAdding" classname="LocalCMCTests" time="0.001"/>
  <testcase name="TestALotOfAdding" classname="LocalCMCTests" time="0.001"/>
  <testcase name="TestALotOfAdding" classname="LocalCMCTests" time="0.001"/>
  <testcase name="TestALotOfAdding" classname="LocalCMCTests" time="0.0"/>
  <testcase name="TestALotOfAdding" classname="LocalCMCTests" time="0.0"/>
  <testcase name="TestALotOfAdding" classname="LocalCMCTests" time="0.0"/>
  <testcase name="TestALotOfAdding" classname="LocalCMCTests" time="0.0"/>
  <testcase name="TestALotOfAdding" classname="LocalCMCTests" time="0.001"/>
  <testcase name="TestALotOfAdding" classname="LocalCMCTests" time="0.0"/>
  <testcase name="TestALotOfAdding" classname="LocalCMCTests" time="0.0"/>
  <testcase name="TestALotOfAdding" classname="LocalCMCTests" time="0.0"/>
  <testcase name="TestALotOfAdding" classname="LocalCMCTests" time="0.002"/>
  <testcase name="TestALotOfAdding" classname="LocalCMCTests" time="0.002"/>
  <testcase name="TestALotOfAdding" classname="LocalCMCTests" time="0.002"/>
  <testcase name="TestALotOfAdding" classname="LocalCMCTests" time="0.0"/>
  <testcase name="TestALotOfAdding" classname="LocalCMCTests" time="0.001"/>
  <testcase name="TestALotOfAdding" classname="LocalCMCTests" time="0.001"/>
  <testcase name="TestALotOfAdding" classname="LocalCMCTests" time="0.001"/>
  <testcase name="TestALotOfAdding" classname="LocalCMCTests" time="0.001"/>
  <testcase name="TestALotOfAdding" classname="LocalCMCTests" time="0.0"/>
  <testcase name="TestALotOfAdding" classname="LocalCMCTests" time="0.001"/>
  <testcase name="TestALotOfAdding" classname="LocalCMCTests" time="0.0"/>
  <testcase name="TestALotOfAdding" classname="LocalCMCTests" time="0.0"/>
  <testcase name="TestALotOfAdding" classname="LocalCMCTests" time="0.0"/>
  <testcase name="TestALotOfAdding" classname="LocalCMCTests" time="0.0"/>
  <testcase name="TestALotOfAdding" classname="LocalCMCTests" time="0.001"/>
  <testcase name="TestALotOfAdding" classname="LocalCMCTests" time="0.001"/>
  <testcase name="TestALotOfAdding" classname="LocalCMCTests" time="0.0"/>
  <testcase name="TestALotOfAdding" classname="LocalCMCTests" time="0.001"/>
  <testcase name="TestALotOfAdding" classname="LocalCMCTests" time="0.001"/>
  <testcase name="TestALotOfAdding" classname="LocalCMCTests" time="0.0"/>
  <testcase name="TestALotOfAdding" classname="LocalCMCTests" time="0.001"/>
  <testcase name="TestALotOfAdding" classname="LocalCMCTests" time="0.001"/>
  <testcase name="TestALotOfAdding" classname="LocalCMCTests" time="0.002"/>
  <testcase name="TestALotOfAdding" classname="LocalCMCTests" time="0.001"/>
  <testcase name="TestALotOfAdding" classname="LocalCMCTests" time="0.0"/>
  <testcase name="TestALotOfAdding" classname="LocalCMCTests" time="0.001"/>
  <testcase name="TestALotOfAdding" classname="LocalCMCTests" time="0.0"/>
  <testcase name="TestALotOfAdding" classname="LocalCMCTests" time="0.001"/>
  <testcase name="TestALotOfAdding" classname="LocalCMCTests" time="0.0"/>
  <testcase name="TestALotOfAdding" classname="LocalCMCTests" time="0.0"/>
  <testcase name="TestALotOfAdding" classname="LocalCMCTests" time="0.0"/>
  <testcase name="TestALotOfAdding" classname="LocalCMCTests" time="0.001"/>
  <testcase name="TestALotOfAdding" classname="LocalCMCTests" time="0.001"/>
  <testcase name="TestALotOfAdding" classname="LocalCMCTests" time="0.001"/>
  <testcase name="TestALotOfAdding" classname="LocalCMCTests" time="0.0"/>
  <testcase name="TestALotOfAdding" classname="LocalCMCTests" time="0.001"/>
  <testcase name="TestALotOfAdding" classname="LocalCMCTests" time="0.001"/>
  <testcase name="TestALotOfAdding" classname="LocalCMCTests" time="0.0"/>
  <testcase name="TestALotOfAdding" classname="LocalCMCTests" time="0.0"/>
  <testcase name="TestALotOfAdding" classname="LocalCMCTests" time="0.001"/>
  <testcase name="TestALotOfAdding" classname="LocalCMCTests" time="0.001"/>
  <testcase name="TestALotOfAdding" classname="LocalCMCTests" time="0.001"/>
  <testcase name="TestALotOfAdding" classname="LocalCMCTests" time="0.0"/>
  <testcase name="TestALotOfAdding" classname="LocalCMCTests" time="0.001"/>
  <testcase name="TestALotOfAdding" classname="LocalCMCTests" time="0.001"/>
  <testcase name="TestALotOfAdding" classname="LocalCMCTests" time="0.0"/>
  <testcase name="TestALotOfAdding" classname="LocalCMCTests" time="0.001"/>
  <testcase name="TestALotOfAdding" classname="LocalCMCTests" time="0.001"/>
  <testcase name="TestALotOfAdding" classname="LocalCMCTests" time="0.001"/>
  <testcase name="TestALotOfAdding" classname="LocalCMCTests" time="0.001"/>
  <testcase name="TestALotOfAdding" classname="LocalCMCTests" time="0.001"/>
  <testcase name="TestALotOfAdding" classname="LocalCMCTests" time="0.001"/>
  <testcase name="TestALotOfAdding" classname="LocalCMCTests" time="0.0"/>
  <testcase name="TestALotOfAdding" classname="LocalCMCTests" time="0.0"/>
  <testcase name="TestALotOfAdding" classname="LocalCMCTests" time="0.001"/>
  <testcase name="TestALotOfAdding" classname="LocalCMCTests" time="0.0"/>
  <testcase name="TestALotOfAdding" classname="LocalCMCTests" time="0.0"/>
  <testcase name="TestALotOfAdding" classname="LocalCMCTests" time="0.0"/>
  <testcase name="TestALotOfAdding" classname="LocalCMCTests" time="0.0"/>
  <testcase name="TestALotOfAdding" classname="LocalCMCTests" time="0.0"/>
  <testcase name="TestALotOfAdding" classname="LocalCMCTests" time="0.0"/>
  <testcase name="TestALotOfAdding" classname="LocalCMCTests" time="0.0"/>
  <testcase name="TestALotOfAdding" classname="LocalCMCTests" time="0.001"/>
  <testcase name="TestALotOfAdding" classname="LocalCMCTests" time="0.001"/>
  <testcase name="TestALotOfAdding" classname="LocalCMCTests" time="0.0"/>
  <testcase name="TestALotOfAdding" classname="LocalCMCTests" time="0.002"/>
  <testcase name="TestALotOfAdding" classname="LocalCMCTests" time="0.001"/>
  <testcase name="TestALotOfAdding" classname="LocalCMCTests" time="0.0"/>
  <testcase name="TestALotOfAdding" classname="LocalCMCTests" time="0.001"/>
  <testcase name="TestALotOfAdding" classname="LocalCMCTests" time="0.001"/>
  <testcase name="TestALotOfAdding" classname="LocalCMCTests" time="0.001"/>
  <testcase name="TestALotOfAdding" classname="LocalCMCTests" time="0.001"/>
  <testcase name="TestALotOfAdding" classname="LocalCMCTests" time="0.001"/>
  <testcase name="TestALotOfAdding" classname="LocalCMCTests" time="0.001"/>
  <testcase name="TestALotOfAdding" classname="LocalCMCTests" time="0.0"/>
  <testcase name="TestALotOfAdding" classname="LocalCMCTests" time="0.0"/>
  <testcase name="TestALotOfAdding" classname="LocalCMCTests" time="0.001"/>
  <testcase name="TestALotOfAdding" classname="LocalCMCTests" time="0.0"/>
  <testcase name="TestALotOfAdding" classname="LocalCMCTests" time="0.001"/>
  <testcase name="TestALotOfAdding" classname="LocalCMCTests" time="0.001"/>
  <testcase name="TestALotOfAdding" classname="LocalCMCTests" time="0.0"/>
  <testcase name="TestALotOfAdding" classname="LocalCMCTests" time="0.002"/>
  <testcase name="TestALotOfAdding" classname="LocalCMCTests" time="0.001"/>
  <testcase name="TestALotOfAdding" classname="LocalCMCTests" time="0.0"/>
  <testcase name="TestALotOfAdding" classname="LocalCMCTests" time="0.0"/>
  <testcase name="TestALotOfAdding" classname="LocalCMCTests" time="0.001"/>
  <testcase name="TestALotOfAdding" classname="LocalCMCTests" time="0.0"/>
  <testcase name="TestALotOfAdding" classname="LocalCMCTests" time="0.0"/>
  <testcase name="TestALotOfAdding" classname="LocalCMCTests" time="0.0"/>
  <testcase name="TestALotOfAdding" classname="LocalCMCTests" time="0.001"/>
  <testcase name="TestALotOfAdding" classname="LocalCMCTests" time="0.0"/>
  <testcase name="TestALotOfAdding" classname="LocalCMCTests" time="0.001"/>
  <testcase name="TestALotOfAdding" classname="LocalCMCTests" time="0.001"/>
  <testcase name="TestALotOfAdding" classname="LocalCMCTests" time="0.0"/>
  <testcase name="TestALotOfAdding" classname="LocalCMCTests" time="0.001"/>
  <testcase name="TestALotOfAdding" classname="LocalCMCTests" time="0.0"/>
  <testcase name="TestALotOfAdding" classname="LocalCMCTests" time="0.001"/>
  <testcase name="TestALotOfAdding" classname="LocalCMCTests" time="0.001"/>
  <testcase name="TestALotOfAdding" classname="LocalCMCTests" time="0.0"/>
  <testcase name="TestALotOfAdding" classname="LocalCMCTests" time="0.001"/>
  <testcase name="TestALotOfAdding" classname="LocalCMCTests" time="0.0"/>
  <testcase name="TestALotOfAdding" classname="LocalCMCTests" time="0.002"/>
  <testcase name="TestALotOfAdding" classname="LocalCMCTests" time="0.001"/>
  <testcase name="TestALotOfAdding" classname="LocalCMCTests" time="0.0"/>
  <testcase name="TestALotOfAdding" classname="LocalCMCTests" time="0.0"/>
  <testcase name="TestALotOfAdding" classname="LocalCMCTests" time="0.0"/>
  <testcase name="TestALotOfAdding" classname="LocalCMCTests" time="0.0"/>
  <testcase name="TestALotOfAdding" classname="LocalCMCTests" time="0.0"/>
  <testcase name="TestALotOfAdding" classname="LocalCMCTests" time="0.002"/>
  <testcase name="TestALotOfAdding" classname="LocalCMCTests" time="0.001"/>
  <testcase name="TestALotOfAdding" classname="LocalCMCTests" time="0.002"/>
  <testcase name="TestALotOfAdding" classname="LocalCMCTests" time="0.001"/>
  <testcase name="TestALotOfAdding" classname="LocalCMCTests" time="0.001"/>
  <testcase name="TestALotOfAdding" classname="LocalCMCTests" time="0.001"/>
  <testcase name="TestALotOfAdding" classname="LocalCMCTests" time="0.001"/>
  <testcase name="TestALotOfAdding" classname="LocalCMCTests" time="0.002"/>
  <testcase name="TestALotOfAdding" classname="LocalCMCTests" time="0.001"/>
  <testcase name="TestALotOfAdding" classname="LocalCMCTests" time="0.001"/>
  <testcase name="TestALotOfAdding" classname="LocalCMCTests" time="0.0"/>
  <testcase name="TestALotOfAdding" classname="LocalCMCTests" time="0.0"/>
  <testcase name="TestALotOfAdding" classname="LocalCMCTests" time="0.0"/>
  <testcase name="TestALotOfAdding" classname="LocalCMCTests" time="0.0"/>
  <testcase name="TestALotOfAdding" classname="LocalCMCTests" time="0.0"/>
  <testcase name="TestALotOfAdding" classname="LocalCMCTests" time="0.0"/>
  <testcase name="TestALotOfAdding" classname="LocalCMCTests" time="0.0"/>
  <testcase name="TestALotOfAdding" classname="LocalCMCTests" time="0.001"/>
  <testcase name="TestALotOfAdding" classname="LocalCMCTests" time="0.001"/>
  <testcase name="TestALotOfAdding" classname="LocalCMCTests" time="0.001"/>
  <testcase name="TestALotOfAdding" classname="LocalCMCTests" time="0.002"/>
  <testcase name="TestALotOfAdding" classname="LocalCMCTests" time="0.001"/>
  <testcase name="TestALotOfAdding" classname="LocalCMCTests" time="0.0"/>
  <testcase name="TestALotOfAdding" classname="LocalCMCTests" time="0.001"/>
  <testcase name="TestALotOfAdding" classname="LocalCMCTests" time="0.001"/>
  <testcase name="TestALotOfAdding" classname="LocalCMCTests" time="0.001"/>
  <testcase name="TestALotOfAdding" classname="LocalCMCTests" time="0.002"/>
  <testcase name="TestALotOfAdding" classname="LocalCMCTests" time="0.001"/>
  <testcase name="TestALotOfAdding" classname="LocalCMCTests" time="0.0"/>
  <testcase name="TestALotOfAdding" classname="LocalCMCTests" time="0.0"/>
  <testcase name="TestALotOfAdding" classname="LocalCMCTests" time="0.0"/>
  <testcase name="TestALotOfAdding" classname="LocalCMCTests" time="0.0"/>
  <testcase name="TestALotOfAdding" classname="LocalCMCTests" time="0.0"/>
  <testcase name="TestALotOfAdding" classname="LocalCMCTests" time="0.0"/>
  <testcase name="TestALotOfAdding" classname="LocalCMCTests" time="0.0"/>
  <testcase name="TestALotOfAdding" classname="LocalCMCTests" time="0.0"/>
  <testcase name="TestALotOfAdding" classname="LocalCMCTests" time="0.001"/>
  <testcase name="TestALotOfAdding" classname="LocalCMCTests" time="0.001"/>
  <testcase name="TestALotOfAdding" classname="LocalCMCTests" time="0.0"/>
  <testcase name="TestALotOfAdding" classname="LocalCMCTests" time="0.001"/>
  <testcase name="TestALotOfAdding" classname="LocalCMCTests" time="0.001"/>
  <testcase name="TestALotOfAdding" classname="LocalCMCTests" time="0.001"/>
  <testcase name="TestALotOfAdding" classname="LocalCMCTests" time="0.001"/>
  <testcase name="TestALotOfAdding" classname="LocalCMCTests" time="0.0"/>
  <testcase name="TestALotOfAdding" classname="LocalCMCTests" time="0.001"/>
  <testcase name="TestALotOfAdding" classname="LocalCMCTests" time="0.001"/>
  <testcase name="TestALotOfAdding" classname="LocalCMCTests" time="0.0"/>
  <testcase name="TestALotOfAdding" classname="LocalCMCTests" time="0.001"/>
  <testcase name="TestALotOfAdding" classname="LocalCMCTests" time="0.0"/>
  <testcase name="TestALotOfAdding" classname="LocalCMCTests" time="0.002"/>
  <testcase name="TestALotOfAdding" classname="LocalCMCTests" time="0.0"/>
  <testcase name="TestALotOfAdding" classname="LocalCMCTests" time="0.001"/>
  <testcase name="TestALotOfAdding" classname="LocalCMCTests" time="0.0"/>
  <testcase name="TestALotOfAdding" classname="LocalCMCTests" time="0.001"/>
  <testcase name="TestALotOfAdding" classname="LocalCMCTests" time="0.001"/>
  <testcase name="TestALotOfAdding" classname="LocalCMCTests" time="0.001"/>
  <testcase name="TestALotOfAdding" classname="LocalCMCTests" time="0.001"/>
  <testcase name="TestALotOfAdding" classname="LocalCMCTests" time="0.0"/>
  <testcase name="TestALotOfAdding" classname="LocalCMCTests" time="0.0"/>
  <testcase name="TestALotOfAdding" classname="LocalCMCTests" time="0.0"/>
  <testcase name="TestALotOfAdding" classname="LocalCMCTests" time="0.0"/>
  <testcase name="TestALotOfAdding" classname="LocalCMCTests" time="0.0"/>
  <testcase name="TestALotOfAdding" classname="LocalCMCTests" time="0.0"/>
  <testcase name="TestALotOfAdding" classname="LocalCMCTests" time="0.001"/>
  <testcase name="TestALotOfAdding" classname="LocalCMCTests" time="0.001"/>
  <testcase name="TestALotOfAdding" classname="LocalCMCTests" time="0.002"/>
  <testcase name="TestALotOfAdding" classname="LocalCMCTests" time="0.001"/>
  <testcase name="TestALotOfAdding" classname="LocalCMCTests" time="0.002"/>
  <testcase name="TestALotOfAdding" classname="LocalCMCTests" time="0.0"/>
  <testcase name="TestALotOfAdding" classname="LocalCMCTests" time="0.001"/>
  <testcase name="TestALotOfAdding" classname="LocalCMCTests" time="0.001"/>
  <testcase name="TestALotOfAdding" classname="LocalCMCTests" time="0.0"/>
  <testcase name="TestALotOfAdding" classname="LocalCMCTests" time="0.001"/>
  <testcase name="TestALotOfAdding" classname="LocalCMCTests" time="0.001"/>
  <testcase name="TestALotOfAdding" classname="LocalCMCTests" time="0.001"/>
  <testcase name="TestALotOfAdding" classname="LocalCMCTests" time="0.0"/>
  <testcase name="TestALotOfAdding" classname="LocalCMCTests" time="0.0"/>
  <testcase name="TestALotOfAdding" classname="LocalCMCTests" time="0.0"/>
  <testcase name="TestALotOfAdding" classname="LocalCMCTests" time="0.0"/>
  <testcase name="TestALotOfAdding" classname="LocalCMCTests" time="0.0"/>
  <testcase name="TestALotOfAdding" classname="LocalCMCTests" time="0.0"/>
  <testcase name="TestALotOfAdding" classname="LocalCMCTests" time="0.0"/>
  <testcase name="TestALotOfAdding" classname="LocalCMCTests" time="0.0"/>
  <testcase name="TestALotOfAdding" classname="LocalCMCTests" time="0.001"/>
  <testcase name="TestALotOfAdding" classname="LocalCMCTests" time="0.001"/>
  <testcase name="TestALotOfAdding" classname="LocalCMCTests" time="0.0"/>
  <testcase name="TestALotOfAdding" classname="LocalCMCTests" time="0.001"/>
  <testcase name="TestALotOfAdding" classname="LocalCMCTests" time="0.001"/>
  <testcase name="TestALotOfAdding" classname="LocalCMCTests" time="0.001"/>
  <testcase name="TestALotOfAdding" classname="LocalCMCTests" time="0.001"/>
  <testcase name="TestALotOfAdding" classname="LocalCMCTests" time="0.001"/>
  <testcase name="TestALotOfAdding" classname="LocalCMCTests" time="0.0"/>
  <testcase name="TestALotOfAdding" classname="LocalCMCTests" time="0.001"/>
  <testcase name="TestALotOfAdding" classname="LocalCMCTests" time="0.0"/>
  <testcase name="TestALotOfAdding" classname="LocalCMCTests" time="0.002"/>
  <testcase name="TestALotOfAdding" classname="LocalCMCTests" time="0.0"/>
  <testcase name="TestALotOfAdding" classname="LocalCMCTests" time="0.001"/>
  <testcase name="TestALotOfAdding" classname="LocalCMCTests" time="0.0"/>
  <testcase name="TestALotOfAdding" classname="LocalCMCTests" time="0.001"/>
  <testcase name="TestALotOfAdding" classname="LocalCMCTests" time="0.001"/>
  <testcase name="TestALotOfAdding" classname="LocalCMCTests" time="0.0"/>
  <testcase name="TestALotOfAdding" classname="LocalCMCTests" time="0.001"/>
  <testcase name="TestALotOfAdding" classname="LocalCMCTests" time="0.002"/>
  <testcase name="TestALotOfAdding" classname="LocalCMCTests" time="0.0"/>
  <testcase name="TestALotOfAdding" classname="LocalCMCTests" time="0.001"/>
  <testcase name="TestALotOfAdding" classname="LocalCMCTests" time="0.0"/>
  <testcase name="TestALotOfAdding" classname="LocalCMCTests" time="0.001"/>
  <testcase name="TestALotOfAdding" classname="LocalCMCTests" time="0.001"/>
  <testcase name="TestALotOfAdding" classname="LocalCMCTests" time="0.001"/>
  <testcase name="TestALotOfAdding" classname="LocalCMCTests" time="0.001"/>
  <testcase name="TestALotOfAdding" classname="LocalCMCTests" time="0.001"/>
  <testcase name="TestALotOfAdding" classname="LocalCMCTests" time="0.001"/>
  <testcase name="TestALotOfAdding" classname="LocalCMCTests" time="0.001"/>
  <testcase name="TestALotOfAdding" classname="LocalCMCTests" time="0.0"/>
  <testcase name="TestALotOfAdding" classname="LocalCMCTests" time="0.0"/>
  <testcase name="TestALotOfAdding" classname="LocalCMCTests" time="0.001"/>
  <testcase name="TestALotOfAdding" classname="LocalCMCTests" time="0.0"/>
  <testcase name="TestALotOfAdding" classname="LocalCMCTests" time="0.001"/>
  <testcase name="TestALotOfAdding" classname="LocalCMCTests" time="0.001"/>
  <testcase name="TestALotOfAdding" classname="LocalCMCTests" time="0.001"/>
  <testcase name="TestALotOfAdding" classname="LocalCMCTests" time="0.001"/>
  <testcase name="TestALotOfAdding" classname="LocalCMCTests" time="0.001"/>
  <testcase name="TestALotOfAdding" classname="LocalCMCTests" time="0.001"/>
  <testcase name="TestALotOfAdding" classname="LocalCMCTests" time="0.0"/>
  <testcase name="TestALotOfAdding" classname="LocalCMCTests" time="0.0"/>
  <testcase name="TestALotOfAdding" classname="LocalCMCTests" time="0.0"/>
  <testcase name="TestALotOfAdding" classname="LocalCMCTests" time="0.0"/>
  <testcase name="TestALotOfAdding" classname="LocalCMCTests" time="0.0"/>
  <testcase name="TestALotOfAdding" classname="LocalCMCTests" time="0.0"/>
  <testcase name="TestALotOfAdding" classname="LocalCMCTests" time="0.0"/>
  <testcase name="TestALotOfAdding" classname="LocalCMCTests" time="0.001"/>
  <testcase name="TestALotOfAdding" classname="LocalCMCTests" time="0.001"/>
  <testcase name="TestALotOfAdding" classname="LocalCMCTests" time="0.0"/>
  <testcase name="TestALotOfAdding" classname="LocalCMCTests" time="0.0"/>
  <testcase name="TestALotOfAdding" classname="LocalCMCTests" time="0.0"/>
  <testcase name="TestALotOfAdding" classname="LocalCMCTests" time="0.001"/>
  <testcase name="TestALotOfAdding" classname="LocalCMCTests" time="0.001"/>
  <testcase name="TestALotOfAdding" classname="LocalCMCTests" time="0.001"/>
  <testcase name="TestALotOfAdding" classname="LocalCMCTests" time="0.001"/>
  <testcase name="TestALotOfAdding" classname="LocalCMCTests" time="0.001"/>
  <testcase name="TestALotOfAdding" classname="LocalCMCTests" time="0.0"/>
  <testcase name="TestALotOfAdding" classname="LocalCMCTests" time="0.001"/>
  <testcase name="TestALotOfAdding" classname="LocalCMCTests" time="0.0"/>
  <testcase name="TestALotOfAdding" classname="LocalCMCTests" time="0.0"/>
  <testcase name="TestALotOfAdding" classname="LocalCMCTests" time="0.0"/>
  <testcase name="TestALotOfAdding" classname="LocalCMCTests" time="0.0"/>
  <testcase name="TestALotOfAdding" classname="LocalCMCTests" time="0.0"/>
  <testcase name="TestALotOfAdding" classname="LocalCMCTests" time="0.0"/>
  <testcase name="TestALotOfAdding" classname="LocalCMCTests" time="0.001"/>
  <testcase name="TestALotOfAdding" classname="LocalCMCTests" time="0.0"/>
  <testcase name="TestALotOfAdding" classname="LocalCMCTests" time="0.001"/>
  <testcase name="TestALotOfAdding" classname="LocalCMCTests" time="0.001"/>
  <testcase name="TestALotOfAdding" classname="LocalCMCTests" time="0.0"/>
  <testcase name="TestALotOfAdding" classname="LocalCMCTests" time="0.001"/>
  <testcase name="TestALotOfAdding" classname="LocalCMCTests" time="0.001"/>
  <testcase name="TestALotOfAdding" classname="LocalCMCTests" time="0.002"/>
  <testcase name="TestALotOfAdding" classname="LocalCMCTests" time="0.001"/>
  <testcase name="TestALotOfAdding" classname="LocalCMCTests" time="0.001"/>
  <testcase name="TestALotOfAdding" classname="LocalCMCTests" time="0.0"/>
  <testcase name="TestALotOfAdding" classname="LocalCMCTests" time="0.001"/>
  <testcase name="TestALotOfAdding" classname="LocalCMCTests" time="0.0"/>
  <testcase name="TestALotOfAdding" classname="LocalCMCTests" time="0.0"/>
  <testcase name="TestALotOfAdding" classname="LocalCMCTests" time="0.0"/>
  <testcase name="TestALotOfAdding" classname="LocalCMCTests" time="0.0"/>
  <testcase name="TestALotOfAdding" classname="LocalCMCTests" time="0.001"/>
  <testcase name="TestALotOfAdding" classname="LocalCMCTests" time="0.0"/>
  <testcase name="TestALotOfAdding" classname="LocalCMCTests" time="0.0"/>
  <testcase name="TestALotOfAdding" classname="LocalCMCTests" time="0.001"/>
  <testcase name="TestALotOfAdding" classname="LocalCMCTests" time="0.002"/>
  <testcase name="TestALotOfAdding" classname="LocalCMCTests" time="0.001"/>
  <testcase name="TestALotOfAdding" classname="LocalCMCTests" time="0.0"/>
  <testcase name="TestALotOfAdding" classname="LocalCMCTests" time="0.001"/>
  <testcase name="TestALotOfAdding" classname="LocalCMCTests" time="0.001"/>
  <testcase name="TestALotOfAdding" classname="LocalCMCTests" time="0.001"/>
  <testcase name="TestALotOfAdding" classname="LocalCMCTests" time="0.001"/>
  <testcase name="TestALotOfAdding" classname="LocalCMCTests" time="0.001"/>
  <testcase name="TestALotOfAdding" classname="LocalCMCTests" time="0.001"/>
  <testcase name="TestALotOfAdding" classname="LocalCMCTests" time="0.0"/>
  <testcase name="TestALotOfAdding" classname="LocalCMCTests" time="0.0"/>
  <testcase name="TestALotOfAdding" classname="LocalCMCTests" time="0.0"/>
  <testcase name="TestALotOfAdding" classname="LocalCMCTests" time="0.0"/>
  <testcase name="TestALotOfAdding" classname="LocalCMCTests" time="0.001"/>
  <testcase name="TestALotOfAdding" classname="LocalCMCTests" time="0.0"/>
  <testcase name="TestALotOfAdding" classname="LocalCMCTests" time="0.0"/>
  <testcase name="TestALotOfAdding" classname="LocalCMCTests" time="0.001"/>
  <testcase name="TestALotOfAdding" classname="LocalCMCTests" time="0.001"/>
  <testcase name="TestALotOfAdding" classname="LocalCMCTests" time="0.001"/>
  <testcase name="TestALotOfAdding" classname="LocalCMCTests" time="0.0"/>
  <testcase name="TestALotOfAdding" classname="LocalCMCTests" time="0.0"/>
  <testcase name="TestALotOfAdding" classname="LocalCMCTests" time="0.0"/>
  <testcase name="TestALotOfAdding" classname="LocalCMCTests" time="0.001"/>
  <testcase name="TestALotOfAdding" classname="LocalCMCTests" time="0.001"/>
  <testcase name="TestALotOfAdding" classname="LocalCMCTests" time="0.001"/>
  <testcase name="TestALotOfAdding" classname="LocalCMCTests" time="0.001"/>
  <testcase name="TestALotOfAdding" classname="LocalCMCTests" time="0.0"/>
  <testcase name="TestALotOfAdding" classname="LocalCMCTests" time="0.0"/>
  <testcase name="TestALotOfAdding" classname="LocalCMCTests" time="0.0"/>
  <testcase name="TestALotOfAdding" classname="LocalCMCTests" time="0.0"/>
  <testcase name="TestALotOfAdding" classname="LocalCMCTests" time="0.001"/>
  <testcase name="TestALotOfAdding" classname="LocalCMCTests" time="0.0"/>
  <testcase name="TestALotOfAdding" classname="LocalCMCTests" time="0.001"/>
  <testcase name="TestALotOfAdding" classname="LocalCMCTests" time="0.002"/>
  <testcase name="TestALotOfAdding" classname="LocalCMCTests" time="0.001"/>
  <testcase name="TestALotOfAdding" classname="LocalCMCTests" time="0.002"/>
  <testcase name="TestALotOfAdding" classname="LocalCMCTests" time="0.001"/>
  <testcase name="TestALotOfAdding" classname="LocalCMCTests" time="0.0"/>
  <testcase name="TestALotOfAdding" classname="LocalCMCTests" time="0.0"/>
  <testcase name="TestALotOfAdding" classname="LocalCMCTests" time="0.0"/>
  <testcase name="TestALotOfAdding" classname="LocalCMCTests" time="0.0"/>
  <testcase name="TestALotOfAdding" classname="LocalCMCTests" time="0.0"/>
  <testcase name="TestALotOfAdding" classname="LocalCMCTests" time="0.0"/>
  <testcase name="TestALotOfAdding" classname="LocalCMCTests" time="0.0"/>
  <testcase name="TestALotOfAdding" classname="LocalCMCTests" time="0.002"/>
  <testcase name="TestALotOfAdding" classname="LocalCMCTests" time="0.001"/>
  <testcase name="TestALotOfAdding" classname="LocalCMCTests" time="0.001"/>
  <testcase name="TestALotOfAdding" classname="LocalCMCTests" time="0.001"/>
  <testcase name="TestALotOfAdding" classname="LocalCMCTests" time="0.0"/>
  <testcase name="TestALotOfAdding" classname="LocalCMCTests" time="0.0"/>
  <testcase name="TestALotOfAdding" classname="LocalCMCTests" time="0.001"/>
  <testcase name="TestALotOfAdding" classname="LocalCMCTests" time="0.0"/>
  <testcase name="TestALotOfAdding" classname="LocalCMCTests" time="0.001"/>
  <testcase name="TestALotOfAdding" classname="LocalCMCTests" time="0.001"/>
  <testcase name="TestALotOfAdding" classname="LocalCMCTests" time="0.001"/>
  <testcase name="TestALotOfAdding" classname="LocalCMCTests" time="0.0"/>
  <testcase name="TestALotOfAdding" classname="LocalCMCTests" time="0.001"/>
  <testcase name="TestALotOfAdding" classname="LocalCMCTests" time="0.0"/>
  <testcase name="TestALotOfAdding" classname="LocalCMCTests" time="0.001"/>
  <testcase name="TestALotOfAdding" classname="LocalCMCTests" time="0.001"/>
  <testcase name="TestALotOfAdding" classname="LocalCMCTests" time="0.001"/>
  <testcase name="TestALotOfAdding" classname="LocalCMCTests" time="0.001"/>
  <testcase name="TestALotOfAdding" classname="LocalCMCTests" time="0.001"/>
  <testcase name="TestALotOfAdding" classname="LocalCMCTests" time="0.002"/>
  <testcase name="TestALotOfAdding" classname="LocalCMCTests" time="0.001"/>
  <testcase name="TestALotOfAdding" classname="LocalCMCTests" time="0.0"/>
  <testcase name="TestALotOfAdding" classname="LocalCMCTests" time="0.0"/>
  <testcase name="TestALotOfAdding" classname="LocalCMCTests" time="0.0"/>
  <testcase name="TestALotOfAdding" classname="LocalCMCTests" time="0.001"/>
  <testcase name="TestALotOfAdding" classname="LocalCMCTests" time="0.001"/>
  <testcase name="TestALotOfAdding" classname="LocalCMCTests" time="0.0"/>
  <testcase name="TestALotOfAdding" classname="LocalCMCTests" time="0.0"/>
  <testcase name="TestALotOfAdding" classname="LocalCMCTests" time="0.001"/>
  <testcase name="TestALotOfAdding" classname="LocalCMCTests" time="0.001"/>
  <testcase name="TestALotOfAdding" classname="LocalCMCTests" time="0.0"/>
  <testcase name="TestALotOfAdding" classname="LocalCMCTests" time="0.0"/>
  <testcase name="TestALotOfAdding" classname="LocalCMCTests" time="0.0"/>
  <testcase name="TestALotOfAdding" classname="LocalCMCTests" time="0.0"/>
  <testcase name="TestALotOfAdding" classname="LocalCMCTests" time="0.001"/>
  <testcase name="TestALotOfAdding" classname="LocalCMCTests" time="0.001"/>
  <testcase name="TestALotOfAdding" classname="LocalCMCTests" time="0.001"/>
  <testcase name="TestALotOfAdding" classname="LocalCMCTests" time="0.0"/>
  <testcase name="TestALotOfAdding" classname="LocalCMCTests" time="0.0"/>
  <testcase name="TestALotOfAdding" classname="LocalCMCTests" time="0.001"/>
  <testcase name="TestALotOfAdding" classname="LocalCMCTests" time="0.0"/>
  <testcase name="TestALotOfAdding" classname="LocalCMCTests" time="0.001"/>
  <testcase name="TestALotOfAdding" classname="LocalCMCTests" time="0.001"/>
  <testcase name="TestALotOfAdding" classname="LocalCMCTests" time="0.001"/>
  <testcase name="TestALotOfAdding" classname="LocalCMCTests" time="0.001"/>
  <testcase name="TestALotOfAdding" classname="LocalCMCTests" time="0.001"/>
  <testcase name="TestALotOfAdding" classname="LocalCMCTests" time="0.001"/>
  <testcase name="TestALotOfAdding" classname="LocalCMCTests" time="0.0"/>
  <testcase name="TestALotOfAdding" classname="LocalCMCTests" time="0.0"/>
  <testcase name="TestALotOfAdding" classname="LocalCMCTests" time="0.0"/>
  <testcase name="TestALotOfAdding" classname="LocalCMCTests" time="0.001"/>
  <testcase name="TestALotOfAdding" classname="LocalCMCTests" time="0.001"/>
  <testcase name="TestALotOfAdding" classname="LocalCMCTests" time="0.001"/>
  <testcase name="TestALotOfAdding" classname="LocalCMCTests" time="0.0"/>
  <testcase name="TestALotOfAdding" classname="LocalCMCTests" time="0.001"/>
  <testcase name="TestALotOfAdding" classname="LocalCMCTests" time="0.0"/>
  <testcase name="TestALotOfAdding" classname="LocalCMCTests" time="0.0"/>
  <testcase name="TestALotOfAdding" classname="LocalCMCTests" time="0.0"/>
  <testcase name="TestALotOfAdding" classname="LocalCMCTests" time="0.0"/>
  <testcase name="TestALotOfAdding" classname="LocalCMCTests" time="0.0"/>
  <testcase name="TestALotOfAdding" classname="LocalCMCTests" time="0.001"/>
  <testcase name="TestALotOfAdding" classname="LocalCMCTests" time="0.0"/>
  <testcase name="TestALotOfAdding" classname="LocalCMCTests" time="0.0"/>
  <testcase name="TestALotOfAdding" classname="LocalCMCTests" time="0.001"/>
  <testcase name="TestALotOfAdding" classname="LocalCMCTests" time="0.001"/>
  <testcase name="TestALotOfAdding" classname="LocalCMCTests" time="0.001"/>
  <testcase name="TestALotOfAdding" classname="LocalCMCTests" time="0.001"/>
  <testcase name="TestALotOfAdding" classname="LocalCMCTests" time="0.001"/>
  <testcase name="TestALotOfAdding" classname="LocalCMCTests" time="0.001"/>
  <testcase name="TestALotOfAdding" classname="LocalCMCTests" time="0.001"/>
  <testcase name="TestALotOfAdding" classname="LocalCMCTests" time="0.0"/>
  <testcase name="TestALotOfAdding" classname="LocalCMCTests" time="0.001"/>
  <testcase name="TestALotOfAdding" classname="LocalCMCTests" time="0.001"/>
  <testcase name="TestALotOfAdding" classname="LocalCMCTests" time="0.001"/>
  <testcase name="TestALotOfAdding" classname="LocalCMCTests" time="0.001"/>
  <testcase name="TestALotOfAdding" classname="LocalCMCTests" time="0.0"/>
  <testcase name="TestALotOfAdding" classname="LocalCMCTests" time="0.0"/>
  <testcase name="TestALotOfAdding" classname="LocalCMCTests" time="0.001"/>
  <testcase name="TestALotOfAdding" classname="LocalCMCTests" time="0.0"/>
  <testcase name="TestALotOfAdding" classname="LocalCMCTests" time="0.0"/>
  <testcase name="TestALotOfAdding" classname="LocalCMCTests" time="0.0"/>
  <testcase name="TestALotOfAdding" classname="LocalCMCTests" time="0.0"/>
  <testcase name="TestALotOfAdding" classname="LocalCMCTests" time="0.0"/>
  <testcase name="TestALotOfAdding" classname="LocalCMCTests" time="0.002"/>
  <testcase name="TestALotOfAdding" classname="LocalCMCTests" time="0.001"/>
  <testcase name="TestALotOfAdding" classname="LocalCMCTests" time="0.001"/>
  <testcase name="TestALotOfAdding" classname="LocalCMCTests" time="0.001"/>
  <testcase name="TestALotOfAdding" classname="LocalCMCTests" time="0.001"/>
  <testcase name="TestALotOfAdding" classname="LocalCMCTests" time="0.001"/>
  <testcase name="TestALotOfAdding" classname="LocalCMCTests" time="0.002"/>
  <testcase name="TestALotOfAdding" classname="LocalCMCTests" time="0.0"/>
  <testcase name="TestALotOfAdding" classname="LocalCMCTests" time="0.0"/>
  <testcase name="TestALotOfAdding" classname="LocalCMCTests" time="0.0"/>
  <testcase name="TestALotOfAdding" classname="LocalCMCTests" time="0.0"/>
  <testcase name="TestALotOfAdding" classname="LocalCMCTests" time="0.001"/>
  <testcase name="TestALotOfAdding" classname="LocalCMCTests" time="0.001"/>
  <testcase name="TestALotOfAdding" classname="LocalCMCTests" time="0.0"/>
  <testcase name="TestALotOfAdding" classname="LocalCMCTests" time="0.001"/>
  <testcase name="TestALotOfAdding" classname="LocalCMCTests" time="0.0"/>
  <testcase name="TestALotOfAdding" classname="LocalCMCTests" time="0.001"/>
  <testcase name="TestALotOfAdding" classname="LocalCMCTests" time="0.0"/>
  <testcase name="TestALotOfAdding" classname="LocalCMCTests" time="0.0"/>
  <testcase name="TestALotOfAdding" classname="LocalCMCTests" time="0.001"/>
  <testcase name="TestALotOfAdding" classname="LocalCMCTests" time="0.001"/>
  <testcase name="TestALotOfAdding" classname="LocalCMCTests" time="0.001"/>
  <testcase name="TestALotOfAdding" classname="LocalCMCTests" time="0.001"/>
  <testcase name="TestALotOfAdding" classname="LocalCMCTests" time="0.001"/>
  <testcase name="TestALotOfAdding" classname="LocalCMCTests" time="0.001"/>
  <testcase name="TestALotOfAdding" classname="LocalCMCTests" time="0.001"/>
  <testcase name="TestALotOfAdding" classname="LocalCMCTests" time="0.0"/>
  <testcase name="TestALotOfAdding" classname="LocalCMCTests" time="0.001"/>
  <testcase name="TestALotOfAdding" classname="LocalCMCTests" time="0.0"/>
  <testcase name="TestALotOfAdding" classname="LocalCMCTests" time="0.0"/>
  <testcase name="TestALotOfAdding" classname="LocalCMCTests" time="0.0"/>
  <testcase name="TestALotOfAdding" classname="LocalCMCTests" time="0.0"/>
  <testcase name="TestALotOfAdding" classname="LocalCMCTests" time="0.001"/>
  <testcase name="TestALotOfAdding" classname="LocalCMCTests" time="0.0"/>
  <testcase name="TestALotOfAdding" classname="LocalCMCTests" time="0.001"/>
  <testcase name="TestALotOfAdding" classname="LocalCMCTests" time="0.0"/>
  <testcase name="TestALotOfAdding" classname="LocalCMCTests" time="0.001"/>
  <testcase name="TestALotOfAdding" classname="LocalCMCTests" time="0.001"/>
  <testcase name="TestALotOfAdding" classname="LocalCMCTests" time="0.001"/>
  <testcase name="TestALotOfAdding" classname="LocalCMCTests" time="0.0"/>
  <testcase name="TestALotOfAdding" classname="LocalCMCTests" time="0.001"/>
  <testcase name="TestALotOfAdding" classname="LocalCMCTests" time="0.001"/>
  <testcase name="TestALotOfAdding" classname="LocalCMCTests" time="0.001"/>
  <testcase name="TestALotOfAdding" classname="LocalCMCTests" time="0.0"/>
  <testcase name="TestALotOfAdding" classname="LocalCMCTests" time="0.0"/>
  <testcase name="TestALotOfAdding" classname="LocalCMCTests" time="0.0"/>
  <testcase name="TestALotOfAdding" classname="LocalCMCTests" time="0.0"/>
  <testcase name="TestALotOfAdding" classname="LocalCMCTests" time="0.001"/>
  <testcase name="TestALotOfAdding" classname="LocalCMCTests" time="0.0"/>
  <testcase name="TestALotOfAdding" classname="LocalCMCTests" time="0.001"/>
  <testcase name="TestALotOfAdding" classname="LocalCMCTests" time="0.0"/>
  <testcase name="TestALotOfAdding" classname="LocalCMCTests" time="0.001"/>
  <testcase name="TestALotOfAdding" classname="LocalCMCTests" time="0.001"/>
  <testcase name="TestALotOfAdding" classname="LocalCMCTests" time="0.001"/>
  <testcase name="TestALotOfAdding" classname="LocalCMCTests" time="0.001"/>
  <testcase name="TestALotOfAdding" classname="LocalCMCTests" time="0.001"/>
  <testcase name="TestALotOfAdding" classname="LocalCMCTests" time="0.001"/>
  <testcase name="TestALotOfAdding" classname="LocalCMCTests" time="0.0"/>
  <testcase name="TestALotOfAdding" classname="LocalCMCTests" time="0.001"/>
  <testcase name="TestALotOfAdding" classname="LocalCMCTests" time="0.001"/>
  <testcase name="TestALotOfAdding" classname="LocalCMCTests" time="0.0"/>
  <testcase name="TestALotOfAdding" classname="LocalCMCTests" time="0.001"/>
  <testcase name="TestALotOfAdding" classname="LocalCMCTests" time="0.0"/>
  <testcase name="TestALotOfAdding" classname="LocalCMCTests" time="0.0"/>
  <testcase name="TestALotOfAdding" classname="LocalCMCTests" time="0.0"/>
  <testcase name="TestALotOfAdding" classname="LocalCMCTests" time="0.001"/>
  <testcase name="TestALotOfAdding" classname="LocalCMCTests" time="0.0"/>
  <testcase name="TestALotOfAdding" classname="LocalCMCTests" time="0.0"/>
  <testcase name="TestALotOfAdding" classname="LocalCMCTests" time="0.001"/>
  <testcase name="TestALotOfAdding" classname="LocalCMCTests" time="0.0"/>
  <testcase name="TestALotOfAdding" classname="LocalCMCTests" time="0.002"/>
  <testcase name="TestALotOfAdding" classname="LocalCMCTests" time="0.0"/>
  <testcase name="TestALotOfAdding" classname="LocalCMCTests" time="0.001"/>
  <testcase name="TestALotOfAdding" classname="LocalCMCTests" time="0.001"/>
  <testcase name="TestALotOfAdding" classname="LocalCMCTests" time="0.001"/>
  <testcase name="TestALotOfAdding" classname="LocalCMCTests" time="0.001"/>
  <testcase name="TestALotOfAdding" classname="LocalCMCTests" time="0.001"/>
  <testcase name="TestALotOfAdding" classname="LocalCMCTests" time="0.001"/>
  <testcase name="TestALotOfAdding" classname="LocalCMCTests" time="0.0"/>
  <testcase name="TestALotOfAdding" classname="LocalCMCTests" time="0.0"/>
  <testcase name="TestALotOfAdding" classname="LocalCMCTests" time="0.0"/>
  <testcase name="TestALotOfAdding" classname="LocalCMCTests" time="0.001"/>
  <testcase name="TestALotOfAdding" classname="LocalCMCTests" time="0.0"/>
  <testcase name="TestALotOfAdding" classname="LocalCMCTests" time="0.001"/>
  <testcase name="TestALotOfAdding" classname="LocalCMCTests" time="0.001"/>
  <testcase name="TestALotOfAdding" classname="LocalCMCTests" time="0.001"/>
  <testcase name="TestALotOfAdding" classname="LocalCMCTests" time="0.0"/>
  <testcase name="TestALotOfAdding" classname="LocalCMCTests" time="0.001"/>
  <testcase name="TestALotOfAdding" classname="LocalCMCTests" time="0.001"/>
  <testcase name="TestALotOfAdding" classname="LocalCMCTests" time="0.0"/>
  <testcase name="TestALotOfAdding" classname="LocalCMCTests" time="0.0"/>
  <testcase name="TestALotOfAdding" classname="LocalCMCTests" time="0.001"/>
  <testcase name="TestALotOfAdding" classname="LocalCMCTests" time="0.002"/>
  <testcase name="TestALotOfAdding" classname="LocalCMCTests" time="0.001"/>
  <testcase name="TestALotOfAdding" classname="LocalCMCTests" time="0.0"/>
  <testcase name="TestALotOfAdding" classname="LocalCMCTests" time="0.0"/>
  <testcase name="TestALotOfAdding" classname="LocalCMCTests" time="0.0"/>
  <testcase name="TestALotOfAdding" classname="LocalCMCTests" time="0.001"/>
  <testcase name="TestALotOfAdding" classname="LocalCMCTests" time="0.0"/>
  <testcase name="TestALotOfAdding" classname="LocalCMCTests" time="0.0"/>
  <testcase name="TestALotOfAdding" classname="LocalCMCTests" time="0.0"/>
  <testcase name="TestALotOfAdding" classname="LocalCMCTests" time="0.001"/>
  <testcase name="TestALotOfAdding" classname="LocalCMCTests" time="0.001"/>
  <testcase name="TestALotOfAdding" classname="LocalCMCTests" time="0.001"/>
  <testcase name="TestALotOfAdding" classname="LocalCMCTests" time="0.001"/>
  <testcase name="TestALotOfAdding" classname="LocalCMCTests" time="0.001"/>
  <testcase name="TestALotOfAdding" classname="LocalCMCTests" time="0.001"/>
  <testcase name="TestALotOfAdding" classname="LocalCMCTests" time="0.001"/>
  <testcase name="TestALotOfAdding" classname="LocalCMCTests" time="0.0"/>
  <testcase name="TestALotOfAdding" classname="LocalCMCTests" time="0.0"/>
  <testcase name="TestALotOfAdding" classname="LocalCMCTests" time="0.0"/>
  <testcase name="TestALotOfAdding" classname="LocalCMCTests" time="0.001"/>
  <testcase name="TestALotOfAdding" classname="LocalCMCTests" time="0.0"/>
  <testcase name="TestALotOfAdding" classname="LocalCMCTests" time="0.0"/>
  <testcase name="TestALotOfAdding" classname="LocalCMCTests" time="0.0"/>
  <testcase name="TestALotOfAdding" classname="LocalCMCTests" time="0.002"/>
  <testcase name="TestALotOfAdding" classname="LocalCMCTests" time="0.0"/>
  <testcase name="TestALotOfAdding" classname="LocalCMCTests" time="0.002"/>
  <testcase name="TestALotOfAdding" classname="LocalCMCTests" time="0.0"/>
  <testcase name="TestALotOfAdding" classname="LocalCMCTests" time="0.0"/>
  <testcase name="TestALotOfAdding" classname="LocalCMCTests" time="0.001"/>
  <testcase name="TestALotOfAdding" classname="LocalCMCTests" time="0.001"/>
  <testcase name="TestALotOfAdding" classname="LocalCMCTests" time="0.001"/>
  <testcase name="TestALotOfAdding" classname="LocalCMCTests" time="0.001"/>
  <testcase name="TestALotOfAdding" classname="LocalCMCTests" time="0.001"/>
  <testcase name="TestALotOfAdding" classname="LocalCMCTests" time="0.0"/>
  <testcase name="TestALotOfAdding" classname="LocalCMCTests" time="0.0"/>
  <testcase name="TestALotOfAdding" classname="LocalCMCTests" time="0.0"/>
  <testcase name="TestALotOfAdding" classname="LocalCMCTests" time="0.0"/>
  <testcase name="TestALotOfAdding" classname="LocalCMCTests" time="0.001"/>
  <testcase name="TestALotOfAdding" classname="LocalCMCTests" time="0.0"/>
  <testcase name="TestALotOfAdding" classname="LocalCMCTests" time="0.001"/>
  <testcase name="TestALotOfAdding" classname="LocalCMCTests" time="0.001"/>
  <testcase name="TestALotOfAdding" classname="LocalCMCTests" time="0.002"/>
  <testcase name="TestALotOfAdding" classname="LocalCMCTests" time="0.001"/>
  <testcase name="TestALotOfAdding" classname="LocalCMCTests" time="0.001"/>
  <testcase name="TestALotOfAdding" classname="LocalCMCTests" time="0.0"/>
  <testcase name="TestALotOfAdding" classname="LocalCMCTests" time="0.001"/>
  <testcase name="TestALotOfAdding" classname="LocalCMCTests" time="0.0"/>
  <testcase name="TestALotOfAdding" classname="LocalCMCTests" time="0.001"/>
  <testcase name="TestALotOfAdding" classname="LocalCMCTests" time="0.0"/>
  <testcase name="TestALotOfAdding" classname="LocalCMCTests" time="0.001"/>
  <testcase name="TestALotOfAdding" classname="LocalCMCTests" time="0.001"/>
  <testcase name="TestALotOfAdding" classname="LocalCMCTests" time="0.0"/>
  <testcase name="TestALotOfAdding" classname="LocalCMCTests" time="0.001"/>
  <testcase name="TestALotOfAdding" classname="LocalCMCTests" time="0.001"/>
  <testcase name="TestALotOfAdding" classname="LocalCMCTests" time="0.0"/>
  <testcase name="TestALotOfAdding" classname="LocalCMCTests" time="0.0"/>
  <testcase name="TestALotOfAdding" classname="LocalCMCTests" time="0.0"/>
  <testcase name="TestALotOfAdding" classname="LocalCMCTests" time="0.0"/>
  <testcase name="TestALotOfAdding" classname="LocalCMCTests" time="0.0"/>
  <testcase name="TestALotOfAdding" classname="LocalCMCTests" time="0.0"/>
  <testcase name="TestALotOfAdding" classname="LocalCMCTests" time="0.0"/>
  <testcase name="TestALotOfAdding" classname="LocalCMCTests" time="0.001"/>
  <testcase name="TestALotOfAdding" classname="LocalCMCTests" time="0.001"/>
  <testcase name="TestALotOfAdding" classname="LocalCMCTests" time="0.0"/>
  <testcase name="TestALotOfAdding" classname="LocalCMCTests" time="0.001"/>
  <testcase name="TestALotOfAdding" classname="LocalCMCTests" time="0.0"/>
  <testcase name="TestALotOfAdding" classname="LocalCMCTests" time="0.001"/>
  <testcase name="TestALotOfAdding" classname="LocalCMCTests" time="0.001"/>
  <testcase name="TestALotOfAdding" classname="LocalCMCTests" time="0.001"/>
  <testcase name="TestALotOfAdding" classname="LocalCMCTests" time="0.001"/>
  <testcase name="TestALotOfAdding" classname="LocalCMCTests" time="0.0"/>
  <testcase name="TestALotOfAdding" classname="LocalCMCTests" time="0.0"/>
  <testcase name="TestALotOfAdding" classname="LocalCMCTests" time="0.0"/>
  <testcase name="TestALotOfAdding" classname="LocalCMCTests" time="0.0"/>
  <testcase name="TestALotOfAdding" classname="LocalCMCTests" time="0.0"/>
  <testcase name="TestALotOfAdding" classname="LocalCMCTests" time="0.0"/>
  <testcase name="TestALotOfAdding" classname="LocalCMCTests" time="0.001"/>
  <testcase name="TestALotOfAdding" classname="LocalCMCTests" time="0.002"/>
  <testcase name="TestALotOfAdding" classname="LocalCMCTests" time="0.001"/>
  <testcase name="TestALotOfAdding" classname="LocalCMCTests" time="0.0"/>
  <testcase name="TestALotOfAdding" classname="LocalCMCTests" time="0.0"/>
  <testcase name="TestALotOfAdding" classname="LocalCMCTests" time="0.0"/>
  <testcase name="TestALotOfAdding" classname="LocalCMCTests" time="0.001"/>
  <testcase name="TestALotOfAdding" classname="LocalCMCTests" time="0.001"/>
  <testcase name="TestALotOfAdding" classname="LocalCMCTests" time="0.001"/>
  <testcase name="TestALotOfAdding" classname="LocalCMCTests" time="0.0"/>
  <testcase name="TestALotOfAdding" classname="LocalCMCTests" time="0.001"/>
  <testcase name="TestALotOfAdding" classname="LocalCMCTests" time="0.001"/>
  <testcase name="TestALotOfAdding" classname="LocalCMCTests" time="0.001"/>
  <testcase name="TestALotOfAdding" classname="LocalCMCTests" time="0.002"/>
  <testcase name="TestALotOfAdding" classname="LocalCMCTests" time="0.0"/>
  <testcase name="TestALotOfAdding" classname="LocalCMCTests" time="0.0"/>
  <testcase name="TestALotOfAdding" classname="LocalCMCTests" time="0.0"/>
  <testcase name="TestALotOfAdding" classname="LocalCMCTests" time="0.0"/>
  <testcase name="TestALotOfAdding" classname="LocalCMCTests" time="0.0"/>
  <testcase name="TestALotOfAdding" classname="LocalCMCTests" time="0.0"/>
  <testcase name="TestALotOfAdding" classname="LocalCMCTests" time="0.001"/>
  <testcase name="TestALotOfAdding" classname="LocalCMCTests" time="0.001"/>
  <testcase name="TestALotOfAdding" classname="LocalCMCTests" time="0.0"/>
  <testcase name="TestALotOfAdding" classname="LocalCMCTests" time="0.0"/>
  <testcase name="TestALotOfAdding" classname="LocalCMCTests" time="0.001"/>
  <testcase name="TestALotOfAdding" classname="LocalCMCTests" time="0.001"/>
  <testcase name="TestALotOfAdding" classname="LocalCMCTests" time="0.0"/>
  <testcase name="TestALotOfAdding" classname="LocalCMCTests" time="0.001"/>
  <testcase name="TestALotOfAdding" classname="LocalCMCTests" time="0.001"/>
  <testcase name="TestALotOfAdding" classname="LocalCMCTests" time="0.001"/>
  <testcase name="TestALotOfAdding" classname="LocalCMCTests" time="0.0"/>
  <testcase name="TestALotOfAdding" classname="LocalCMCTests" time="0.0"/>
  <testcase name="TestALotOfAdding" classname="LocalCMCTests" time="0.0"/>
  <testcase name="TestALotOfAdding" classname="LocalCMCTests" time="0.0"/>
  <testcase name="TestALotOfAdding" classname="LocalCMCTests" time="0.0"/>
  <testcase name="TestALotOfAdding" classname="LocalCMCTests" time="0.001"/>
  <testcase name="TestALotOfAdding" classname="LocalCMCTests" time="0.001"/>
  <testcase name="TestALotOfAdding" classname="LocalCMCTests" time="0.002"/>
  <testcase name="TestALotOfAdding" classname="LocalCMCTests" time="0.001"/>
  <testcase name="TestALotOfAdding" classname="LocalCMCTests" time="0.0"/>
  <testcase name="TestALotOfAdding" classname="LocalCMCTests" time="0.0"/>
  <testcase name="TestALotOfAdding" classname="LocalCMCTests" time="0.0"/>
  <testcase name="TestALotOfAdding" classname="LocalCMCTests" time="0.001"/>
  <testcase name="TestALotOfAdding" classname="LocalCMCTests" time="0.001"/>
  <testcase name="TestALotOfAdding" classname="LocalCMCTests" time="0.001"/>
  <testcase name="TestALotOfAdding" classname="LocalCMCTests" time="0.001"/>
  <testcase name="TestALotOfAdding" classname="LocalCMCTests" time="0.001"/>
  <testcase name="TestALotOfAdding" classname="LocalCMCTests" time="0.001"/>
  <testcase name="TestALotOfAdding" classname="LocalCMCTests" time="0.0"/>
  <testcase name="TestALotOfAdding" classname="LocalCMCTests" time="0.0"/>
  <testcase name="TestALotOfAdding" classname="LocalCMCTests" time="0.0"/>
  <testcase name="TestALotOfAdding" classname="LocalCMCTests" time="0.0"/>
  <testcase name="TestALotOfAdding" classname="LocalCMCTests" time="0.001"/>
  <testcase name="TestALotOfAdding" classname="LocalCMCTests" time="0.002"/>
  <testcase name="TestALotOfAdding" classname="LocalCMCTests" time="0.001"/>
  <testcase name="TestALotOfAdding" classname="LocalCMCTests" time="0.0"/>
  <testcase name="TestALotOfAdding" classname="LocalCMCTests" time="0.001"/>
  <testcase name="TestALotOfAdding" classname="LocalCMCTests" time="0.0"/>
  <testcase name="TestALotOfAdding" classname="LocalCMCTests" time="0.001"/>
  <testcase name="TestALotOfAdding" classname="LocalCMCTests" time="0.0"/>
  <testcase name="TestALotOfAdding" classname="LocalCMCTests" time="0.001"/>
  <testcase name="TestALotOfAdding" classname="LocalCMCTests" time="0.0"/>
  <testcase name="TestALotOfAdding" classname="LocalCMCTests" time="0.001"/>
  <testcase name="TestALotOfAdding" classname="LocalCMCTests" time="0.0"/>
  <testcase name="TestALotOfAdding" classname="LocalCMCTests" time="0.001"/>
  <testcase name="TestALotOfAdding" classname="LocalCMCTests" time="0.001"/>
  <testcase name="TestALotOfAdding" classname="LocalCMCTests" time="0.0"/>
  <testcase name="TestALotOfAdding" classname="LocalCMCTests" time="0.0"/>
  <testcase name="TestALotOfAdding" classname="LocalCMCTests" time="0.001"/>
  <testcase name="TestALotOfAdding" classname="LocalCMCTests" time="0.001"/>
  <testcase name="TestALotOfAdding" classname="LocalCMCTests" time="0.001"/>
  <testcase name="TestALotOfAdding" classname="LocalCMCTests" time="0.001"/>
  <testcase name="TestALotOfAdding" classname="LocalCMCTests" time="0.001"/>
  <testcase name="TestALotOfAdding" classname="LocalCMCTests" time="0.001"/>
  <testcase name="TestALotOfAdding" classname="LocalCMCTests" time="0.0"/>
  <testcase name="TestALotOfAdding" classname="LocalCMCTests" time="0.002"/>
  <testcase name="TestALotOfAdding" classname="LocalCMCTests" time="0.0"/>
  <testcase name="TestALotOfAdding" classname="LocalCMCTests" time="0.0"/>
  <testcase name="TestALotOfAdding" classname="LocalCMCTests" time="0.001"/>
  <testcase name="TestALotOfAdding" classname="LocalCMCTests" time="0.0"/>
  <testcase name="TestALotOfAdding" classname="LocalCMCTests" time="0.0"/>
  <testcase name="TestALotOfAdding" classname="LocalCMCTests" time="0.0"/>
  <testcase name="TestALotOfAdding" classname="LocalCMCTests" time="0.002"/>
  <testcase name="TestALotOfAdding" classname="LocalCMCTests" time="0.001"/>
  <testcase name="TestALotOfAdding" classname="LocalCMCTests" time="0.001"/>
  <testcase name="TestALotOfAdding" classname="LocalCMCTests" time="0.001"/>
  <testcase name="TestALotOfAdding" classname="LocalCMCTests" time="0.0"/>
  <testcase name="TestALotOfAdding" classname="LocalCMCTests" time="0.001"/>
  <testcase name="TestALotOfAdding" classname="LocalCMCTests" time="0.001"/>
  <testcase name="TestALotOfAdding" classname="LocalCMCTests" time="0.002"/>
  <testcase name="TestALotOfAdding" classname="LocalCMCTests" time="0.001"/>
  <testcase name="TestALotOfAdding" classname="LocalCMCTests" time="0.0"/>
  <testcase name="TestALotOfAdding" classname="LocalCMCTests" time="0.001"/>
  <testcase name="TestALotOfAdding" classname="LocalCMCTests" time="0.001"/>
  <testcase name="TestALotOfAdding" classname="LocalCMCTests" time="0.0"/>
  <testcase name="TestALotOfAdding" classname="LocalCMCTests" time="0.0"/>
  <testcase name="TestALotOfAdding" classname="LocalCMCTests" time="0.0"/>
  <testcase name="TestALotOfAdding" classname="LocalCMCTests" time="0.0"/>
  <testcase name="TestALotOfAdding" classname="LocalCMCTests" time="0.0"/>
  <testcase name="TestALotOfAdding" classname="LocalCMCTests" time="0.0"/>
  <testcase name="TestALotOfAdding" classname="LocalCMCTests" time="0.0"/>
  <testcase name="TestALotOfAdding" classname="LocalCMCTests" time="0.001"/>
  <testcase name="TestALotOfAdding" classname="LocalCMCTests" time="0.0"/>
  <testcase name="TestALotOfAdding" classname="LocalCMCTests" time="0.001"/>
  <testcase name="TestALotOfAdding" classname="LocalCMCTests" time="0.0"/>
  <testcase name="TestALotOfAdding" classname="LocalCMCTests" time="0.001"/>
  <testcase name="TestALotOfAdding" classname="LocalCMCTests" time="0.001"/>
  <testcase name="TestALotOfAdding" classname="LocalCMCTests" time="0.001"/>
  <testcase name="TestALotOfAdding" classname="LocalCMCTests" time="0.001"/>
  <testcase name="TestALotOfAdding" classname="LocalCMCTests" time="0.001"/>
  <testcase name="TestALotOfAdding" classname="LocalCMCTests" time="0.0"/>
  <testcase name="TestALotOfAdding" classname="LocalCMCTests" time="0.0"/>
  <testcase name="TestALotOfAdding" classname="LocalCMCTests" time="0.0"/>
  <testcase name="TestALotOfAdding" classname="LocalCMCTests" time="0.002"/>
  <testcase name="TestALotOfAdding" classname="LocalCMCTests" time="0.001"/>
  <testcase name="TestALotOfAdding" classname="LocalCMCTests" time="0.0"/>
  <testcase name="TestALotOfAdding" classname="LocalCMCTests" time="0.001"/>
  <testcase name="TestALotOfAdding" classname="LocalCMCTests" time="0.0"/>
  <testcase name="TestALotOfAdding" classname="LocalCMCTests" time="0.002"/>
  <testcase name="TestALotOfAdding" classname="LocalCMCTests" time="0.001"/>
  <testcase name="TestALotOfAdding" classname="LocalCMCTests" time="0.0"/>
  <testcase name="TestALotOfAdding" classname="LocalCMCTests" time="0.0"/>
  <testcase name="TestALotOfAdding" classname="LocalCMCTests" time="0.0"/>
  <testcase name="TestALotOfAdding" classname="LocalCMCTests" time="0.001"/>
  <testcase name="TestALotOfAdding" classname="LocalCMCTests" time="0.0"/>
  <testcase name="TestALotOfAdding" classname="LocalCMCTests" time="0.0"/>
  <testcase name="TestALotOfAdding" classname="LocalCMCTests" time="0.0"/>
  <testcase name="TestALotOfAdding" classname="LocalCMCTests" time="0.0"/>
  <testcase name="TestALotOfAdding" classname="LocalCMCTests" time="0.0"/>
  <testcase name="TestALotOfAdding" classname="LocalCMCTests" time="0.0"/>
  <testcase name="TestALotOfAdding" classname="LocalCMCTests" time="0.0"/>
  <testcase name="TestALotOfAdding" classname="LocalCMCTests" time="0.0"/>
  <testcase name="TestALotOfAdding" classname="LocalCMCTests" time="0.002"/>
  <testcase name="TestALotOfAdding" classname="LocalCMCTests" time="0.0"/>
  <testcase name="TestALotOfAdding" classname="LocalCMCTests" time="0.003"/>
  <testcase name="TestALotOfAdding" classname="LocalCMCTests" time="0.002"/>
  <testcase name="TestALotOfAdding" classname="LocalCMCTests" time="0.0"/>
  <testcase name="TestALotOfAdding" classname="LocalCMCTests" time="0.0"/>
  <testcase name="TestALotOfAdding" classname="LocalCMCTests" time="0.002"/>
  <testcase name="TestALotOfAdding" classname="LocalCMCTests" time="0.001"/>
  <testcase name="TestALotOfAdding" classname="LocalCMCTests" time="0.001"/>
  <testcase name="TestALotOfAdding" classname="LocalCMCTests" time="0.0"/>
  <testcase name="TestALotOfAdding" classname="LocalCMCTests" time="0.0"/>
  <testcase name="TestALotOfAdding" classname="LocalCMCTests" time="0.0"/>
  <testcase name="TestALotOfAdding" classname="LocalCMCTests" time="0.001"/>
  <testcase name="TestALotOfAdding" classname="LocalCMCTests" time="0.001"/>
  <testcase name="TestALotOfAdding" classname="LocalCMCTests" time="0.0"/>
  <testcase name="TestALotOfAdding" classname="LocalCMCTests" time="0.0"/>
  <testcase name="TestALotOfAdding" classname="LocalCMCTests" time="0.001"/>
  <testcase name="TestALotOfAdding" classname="LocalCMCTests" time="0.0"/>
  <testcase name="TestALotOfAdding" classname="LocalCMCTests" time="0.001"/>
  <testcase name="TestALotOfAdding" classname="LocalCMCTests" time="0.0"/>
  <testcase name="TestALotOfAdding" classname="LocalCMCTests" time="0.001"/>
  <testcase name="TestALotOfAdding" classname="LocalCMCTests" time="0.0"/>
  <testcase name="TestALotOfAdding" classname="LocalCMCTests" time="0.0"/>
  <testcase name="TestALotOfAdding" classname="LocalCMCTests" time="0.0"/>
  <testcase name="TestALotOfAdding" classname="LocalCMCTests" time="0.0"/>
  <testcase name="TestALotOfAdding" classname="LocalCMCTests" time="0.001"/>
  <testcase name="TestALotOfAdding" classname="LocalCMCTests" time="0.0"/>
  <testcase name="TestALotOfAdding" classname="LocalCMCTests" time="0.0"/>
  <testcase name="TestALotOfAdding" classname="LocalCMCTests" time="0.002"/>
  <testcase name="TestALotOfAdding" classname="LocalCMCTests" time="0.002"/>
  <testcase name="TestALotOfAdding" classname="LocalCMCTests" time="0.001"/>
  <testcase name="TestALotOfAdding" classname="LocalCMCTests" time="0.0"/>
  <testcase name="TestALotOfAdding" classname="LocalCMCTests" time="0.001"/>
  <testcase name="TestALotOfAdding" classname="LocalCMCTests" time="0.001"/>
  <testcase name="TestALotOfAdding" classname="LocalCMCTests" time="0.001"/>
  <testcase name="TestALotOfAdding" classname="LocalCMCTests" time="0.0"/>
  <testcase name="TestALotOfAdding" classname="LocalCMCTests" time="0.001"/>
  <testcase name="TestALotOfAdding" classname="LocalCMCTests" time="0.0"/>
  <testcase name="TestALotOfAdding" classname="LocalCMCTests" time="0.0"/>
  <testcase name="TestALotOfAdding" classname="LocalCMCTests" time="0.001"/>
  <testcase name="TestALotOfAdding" classname="LocalCMCTests" time="0.0"/>
  <testcase name="TestALotOfAdding" classname="LocalCMCTests" time="0.001"/>
  <testcase name="TestALotOfAdding" classname="LocalCMCTests" time="0.001"/>
  <testcase name="TestALotOfAdding" classname="LocalCMCTests" time="0.0"/>
  <testcase name="TestALotOfAdding" classname="LocalCMCTests" time="0.0"/>
  <testcase name="TestALotOfAdding" classname="LocalCMCTests" time="0.001"/>
  <testcase name="TestALotOfAdding" classname="LocalCMCTests" time="0.0"/>
  <testcase name="TestALotOfAdding" classname="LocalCMCTests" time="0.002"/>
  <testcase name="TestALotOfAdding" classname="LocalCMCTests" time="0.001"/>
  <testcase name="TestALotOfAdding" classname="LocalCMCTests" time="0.001"/>
  <testcase name="TestALotOfAdding" classname="LocalCMCTests" time="0.002"/>
  <testcase name="TestALotOfAdding" classname="LocalCMCTests" time="0.001"/>
  <testcase name="TestALotOfAdding" classname="LocalCMCTests" time="0.001"/>
  <testcase name="TestALotOfAdding" classname="LocalCMCTests" time="0.001"/>
  <testcase name="TestALotOfAdding" classname="LocalCMCTests" time="0.0"/>
  <testcase name="TestALotOfAdding" classname="LocalCMCTests" time="0.0"/>
  <testcase name="TestALotOfAdding" classname="LocalCMCTests" time="0.0"/>
  <testcase name="TestALotOfAdding" classname="LocalCMCTests" time="0.0"/>
  <testcase name="TestALotOfAdding" classname="LocalCMCTests" time="0.0"/>
  <testcase name="TestALotOfAdding" classname="LocalCMCTests" time="0.0"/>
  <testcase name="TestALotOfAdding" classname="LocalCMCTests" time="0.0"/>
  <testcase name="TestALotOfAdding" classname="LocalCMCTests" time="0.001"/>
  <testcase name="TestALotOfAdding" classname="LocalCMCTests" time="0.002"/>
  <testcase name="TestALotOfAdding" classname="LocalCMCTests" time="0.001"/>
  <testcase name="TestALotOfAdding" classname="LocalCMCTests" time="0.001"/>
  <testcase name="TestALotOfAdding" classname="LocalCMCTests" time="0.0"/>
  <testcase name="TestALotOfAdding" classname="LocalCMCTests" time="0.001"/>
  <testcase name="TestALotOfAdding" classname="LocalCMCTests" time="0.001"/>
  <testcase name="TestALotOfAdding" classname="LocalCMCTests" time="0.001"/>
  <testcase name="TestALotOfAdding" classname="LocalCMCTests" time="0.0"/>
  <testcase name="TestALotOfAdding" classname="LocalCMCTests" time="0.001"/>
  <testcase name="TestALotOfAdding" classname="LocalCMCTests" time="0.0"/>
  <testcase name="TestALotOfAdding" classname="LocalCMCTests" time="0.0"/>
  <testcase name="TestALotOfAdding" classname="LocalCMCTests" time="0.0"/>
  <testcase name="TestALotOfAdding" classname="LocalCMCTests" time="0.001"/>
  <testcase name="TestALotOfAdding" classname="LocalCMCTests" time="0.001"/>
  <testcase name="TestALotOfAdding" classname="LocalCMCTests" time="0.001"/>
  <testcase name="TestALotOfAdding" classname="LocalCMCTests" time="0.0"/>
  <testcase name="TestALotOfAdding" classname="LocalCMCTests" time="0.001"/>
  <testcase name="TestALotOfAdding" classname="LocalCMCTests" time="0.001"/>
  <testcase name="TestALotOfAdding" classname="LocalCMCTests" time="0.001"/>
  <testcase name="TestALotOfAdding" classname="LocalCMCTests" time="0.001"/>
  <testcase name="TestALotOfAdding" classname="LocalCMCTests" time="0.001"/>
  <testcase name="TestALotOfAdding" classname="LocalCMCTests" time="0.0"/>
  <testcase name="TestALotOfAdding" classname="LocalCMCTests" time="0.001"/>
  <testcase name="TestALotOfAdding" classname="LocalCMCTests" time="0.001"/>
  <testcase name="TestALotOfAdding" classname="LocalCMCTests" time="0.0"/>
  <testcase name="TestALotOfAdding" classname="LocalCMCTests" time="0.001"/>
  <testcase name="TestALotOfAdding" classname="LocalCMCTests" time="0.001"/>
  <testcase name="TestALotOfAdding" classname="LocalCMCTests" time="0.0"/>
  <testcase name="TestALotOfAdding" classname="LocalCMCTests" time="0.001"/>
  <testcase name="TestALotOfAdding" classname="LocalCMCTests" time="0.0"/>
  <testcase name="TestALotOfAdding" classname="LocalCMCTests" time="0.0"/>
  <testcase name="TestALotOfAdding" classname="LocalCMCTests" time="0.0"/>
  <testcase name="TestALotOfAdding" classname="LocalCMCTests" time="0.0"/>
  <testcase name="TestALotOfAdding" classname="LocalCMCTests" time="0.001"/>
  <testcase name="TestALotOfAdding" classname="LocalCMCTests" time="0.0"/>
  <testcase name="TestALotOfAdding" classname="LocalCMCTests" time="0.001"/>
  <testcase name="TestALotOfAdding" classname="LocalCMCTests" time="0.0"/>
  <testcase name="TestALotOfAdding" classname="LocalCMCTests" time="0.001"/>
  <testcase name="TestALotOfAdding" classname="LocalCMCTests" time="0.0"/>
  <testcase name="TestALotOfAdding" classname="LocalCMCTests" time="0.001"/>
  <testcase name="TestALotOfAdding" classname="LocalCMCTests" time="0.0"/>
  <testcase name="TestALotOfAdding" classname="LocalCMCTests" time="0.001"/>
  <testcase name="TestALotOfAdding" classname="LocalCMCTests" time="0.001"/>
  <testcase name="TestALotOfAdding" classname="LocalCMCTests" time="0.0"/>
  <testcase name="TestALotOfAdding" classname="LocalCMCTests" time="0.001"/>
  <testcase name="TestALotOfAdding" classname="LocalCMCTests" time="0.0"/>
  <testcase name="TestALotOfAdding" classname="LocalCMCTests" time="0.0"/>
  <testcase name="TestALotOfAdding" classname="LocalCMCTests" time="0.0"/>
  <testcase name="TestALotOfAdding" classname="LocalCMCTests" time="0.001"/>
  <testcase name="TestALotOfAdding" classname="LocalCMCTests" time="0.0"/>
  <testcase name="TestALotOfAdding" classname="LocalCMCTests" time="0.001"/>
  <testcase name="TestALotOfAdding" classname="LocalCMCTests" time="0.002"/>
  <testcase name="TestALotOfAdding" classname="LocalCMCTests" time="0.002"/>
  <testcase name="TestALotOfAdding" classname="LocalCMCTests" time="0.001"/>
  <testcase name="TestALotOfAdding" classname="LocalCMCTests" time="0.0"/>
  <testcase name="TestALotOfAdding" classname="LocalCMCTests" time="0.0"/>
  <testcase name="TestALotOfAdding" classname="LocalCMCTests" time="0.001"/>
  <testcase name="TestALotOfAdding" classname="LocalCMCTests" time="0.002"/>
  <testcase name="TestALotOfAdding" classname="LocalCMCTests" time="0.001"/>
  <testcase name="TestALotOfAdding" classname="LocalCMCTests" time="0.001"/>
  <testcase name="TestALotOfAdding" classname="LocalCMCTests" time="0.001"/>
  <testcase name="TestALotOfAdding" classname="LocalCMCTests" time="0.0"/>
  <testcase name="TestALotOfAdding" classname="LocalCMCTests" time="0.0"/>
  <testcase name="TestALotOfAdding" classname="LocalCMCTests" time="0.0"/>
  <testcase name="TestALotOfAdding" classname="LocalCMCTests" time="0.0"/>
  <testcase name="TestALotOfAdding" classname="LocalCMCTests" time="0.0"/>
  <testcase name="TestALotOfAdding" classname="LocalCMCTests" time="0.0"/>
  <testcase name="TestALotOfAdding" classname="LocalCMCTests" time="0.001"/>
  <testcase name="TestALotOfAdding" classname="LocalCMCTests" time="0.001"/>
  <testcase name="TestALotOfAdding" classname="LocalCMCTests" time="0.0"/>
  <testcase name="TestALotOfAdding" classname="LocalCMCTests" time="0.0"/>
  <testcase name="TestALotOfAdding" classname="LocalCMCTests" time="0.001"/>
  <testcase name="TestALotOfAdding" classname="LocalCMCTests" time="0.001"/>
  <testcase name="TestALotOfAdding" classname="LocalCMCTests" time="0.0"/>
  <testcase name="TestALotOfAdding" classname="LocalCMCTests" time="0.001"/>
  <testcase name="TestALotOfAdding" classname="LocalCMCTests" time="0.0"/>
  <testcase name="TestALotOfAdding" classname="LocalCMCTests" time="0.001"/>
  <testcase name="TestALotOfAdding" classname="LocalCMCTests" time="0.0"/>
  <testcase name="TestALotOfAdding" classname="LocalCMCTests" time="0.002"/>
  <testcase name="TestALotOfAdding" classname="LocalCMCTests" time="0.0"/>
  <testcase name="TestALotOfAdding" classname="LocalCMCTests" time="0.0"/>
  <testcase name="TestALotOfAdding" classname="LocalCMCTests" time="0.0"/>
  <testcase name="TestALotOfAdding" classname="LocalCMCTests" time="0.0"/>
  <testcase name="TestALotOfAdding" classname="LocalCMCTests" time="0.002"/>
  <testcase name="TestALotOfAdding" classname="LocalCMCTests" time="0.001"/>
  <testcase name="TestALotOfAdding" classname="LocalCMCTests" time="0.002"/>
  <testcase name="TestALotOfAdding" classname="LocalCMCTests" time="0.0"/>
  <testcase name="TestALotOfAdding" classname="LocalCMCTests" time="0.001"/>
  <testcase name="TestALotOfAdding" classname="LocalCMCTests" time="0.0"/>
  <testcase name="TestALotOfAdding" classname="LocalCMCTests" time="0.0"/>
  <testcase name="TestALotOfAdding" classname="LocalCMCTests" time="0.001"/>
  <testcase name="TestALotOfAdding" classname="LocalCMCTests" time="0.0"/>
  <testcase name="TestALotOfAdding" classname="LocalCMCTests" time="0.0"/>
  <testcase name="TestALotOfAdding" classname="LocalCMCTests" time="0.002"/>
  <testcase name="TestALotOfAdding" classname="LocalCMCTests" time="0.001"/>
  <testcase name="TestALotOfAdding" classname="LocalCMCTests" time="0.0"/>
  <testcase name="TestALotOfAdding" classname="LocalCMCTests" time="0.001"/>
  <testcase name="TestALotOfAdding" classname="LocalCMCTests" time="0.0"/>
  <testcase name="TestALotOfAdding" classname="LocalCMCTests" time="0.002"/>
  <testcase name="TestALotOfAdding" classname="LocalCMCTests" time="0.001"/>
  <testcase name="TestALotOfAdding" classname="LocalCMCTests" time="0.0"/>
  <testcase name="TestALotOfAdding" classname="LocalCMCTests" time="0.001"/>
  <testcase name="TestALotOfAdding" classname="LocalCMCTests" time="0.001"/>
  <testcase name="TestALotOfAdding" classname="LocalCMCTests" time="0.002"/>
  <testcase name="TestALotOfAdding" classname="LocalCMCTests" time="0.001"/>
  <testcase name="TestALotOfAdding" classname="LocalCMCTests" time="0.001"/>
  <testcase name="TestALotOfAdding" classname="LocalCMCTests" time="0.001"/>
  <testcase name="TestALotOfAdding" classname="LocalCMCTests" time="0.0"/>
  <testcase name="TestALotOfAdding" classname="LocalCMCTests" time="0.0"/>
  <testcase name="TestALotOfAdding" classname="LocalCMCTests" time="0.0"/>
  <testcase name="TestALotOfAdding" classname="LocalCMCTests" time="0.0"/>
  <testcase name="TestALotOfAdding" classname="LocalCMCTests" time="0.0"/>
  <testcase name="TestALotOfAdding" classname="LocalCMCTests" time="0.001"/>
  <testcase name="TestALotOfAdding" classname="LocalCMCTests" time="0.001"/>
  <testcase name="TestALotOfAdding" classname="LocalCMCTests" time="0.0"/>
  <testcase name="TestALotOfAdding" classname="LocalCMCTests" time="0.002"/>
  <testcase name="TestALotOfAdding" classname="LocalCMCTests" time="0.0"/>
  <testcase name="TestALotOfAdding" classname="LocalCMCTests" time="0.001"/>
  <testcase name="TestALotOfAdding" classname="LocalCMCTests" time="0.001"/>
  <testcase name="TestALotOfAdding" classname="LocalCMCTests" time="0.0"/>
  <testcase name="TestALotOfAdding" classname="LocalCMCTests" time="0.001"/>
  <testcase name="TestALotOfAdding" classname="LocalCMCTests" time="0.0"/>
  <testcase name="TestALotOfAdding" classname="LocalCMCTests" time="0.0"/>
  <testcase name="TestALotOfAdding" classname="LocalCMCTests" time="0.0"/>
  <testcase name="TestALotOfAdding" classname="LocalCMCTests" time="0.0"/>
  <testcase name="TestALotOfAdding" classname="LocalCMCTests" time="0.002"/>
  <testcase name="TestALotOfAdding" classname="LocalCMCTests" time="0.001"/>
  <testcase name="TestALotOfAdding" classname="LocalCMCTests" time="0.0"/>
  <testcase name="TestALotOfAdding" classname="LocalCMCTests" time="0.001"/>
  <testcase name="TestALotOfAdding" classname="LocalCMCTests" time="0.0"/>
  <testcase name="TestALotOfAdding" classname="LocalCMCTests" time="0.001"/>
  <testcase name="TestALotOfAdding" classname="LocalCMCTests" time="0.001"/>
  <testcase name="TestALotOfAdding" classname="LocalCMCTests" time="0.002"/>
  <testcase name="TestALotOfAdding" classname="LocalCMCTests" time="0.001"/>
  <testcase name="TestALotOfAdding" classname="LocalCMCTests" time="0.001"/>
  <testcase name="TestALotOfAdding" classname="LocalCMCTests" time="0.0"/>
  <testcase name="TestALotOfAdding" classname="LocalCMCTests" time="0.001"/>
  <testcase name="TestALotOfAdding" classname="LocalCMCTests" time="0.001"/>
  <testcase name="TestALotOfAdding" classname="LocalCMCTests" time="0.0"/>
  <testcase name="TestALotOfAdding" classname="LocalCMCTests" time="0.0"/>
  <testcase name="TestALotOfAdding" classname="LocalCMCTests" time="0.0"/>
  <testcase name="TestALotOfAdding" classname="LocalCMCTests" time="0.0"/>
  <testcase name="TestALotOfAdding" classname="LocalCMCTests" time="0.0"/>
  <testcase name="TestALotOfAdding" classname="LocalCMCTests" time="0.0"/>
  <testcase name="TestALotOfAdding" classname="LocalCMCTests" time="0.0"/>
  <testcase name="TestALotOfAdding" classname="LocalCMCTests" time="0.002"/>
  <testcase name="TestALotOfAdding" classname="LocalCMCTests" time="0.001"/>
  <testcase name="TestALotOfAdding" classname="LocalCMCTests" time="0.002"/>
  <testcase name="TestALotOfAdding" classname="LocalCMCTests" time="0.0"/>
  <testcase name="TestALotOfAdding" classname="LocalCMCTests" time="0.001"/>
  <testcase name="TestALotOfAdding" classname="LocalCMCTests" time="0.001"/>
  <testcase name="TestALotOfAdding" classname="LocalCMCTests" time="0.002"/>
  <testcase name="TestALotOfAdding" classname="LocalCMCTests" time="0.002"/>
  <testcase name="TestALotOfAdding" classname="LocalCMCTests" time="0.002"/>
  <testcase name="TestALotOfAdding" classname="LocalCMCTests" time="0.0"/>
  <testcase name="TestALotOfAdding" classname="LocalCMCTests" time="0.003"/>
  <testcase name="TestALotOfAdding" classname="LocalCMCTests" time="0.002"/>
  <testcase name="TestALotOfAdding" classname="LocalCMCTests" time="0.0"/>
  <testcase name="TestALotOfAdding" classname="LocalCMCTests" time="0.0"/>
  <testcase name="TestALotOfAdding" classname="LocalCMCTests" time="0.0"/>
  <testcase name="TestALotOfAdding" classname="LocalCMCTests" time="0.0"/>
  <testcase name="TestALotOfAdding" classname="LocalCMCTests" time="0.001"/>
  <testcase name="TestALotOfAdding" classname="LocalCMCTests" time="0.001"/>
  <testcase name="TestALotOfAdding" classname="LocalCMCTests" time="0.001"/>
  <testcase name="TestALotOfAdding" classname="LocalCMCTests" time="0.001"/>
  <testcase name="TestALotOfAdding" classname="LocalCMCTests" time="0.0"/>
  <testcase name="TestALotOfAdding" classname="LocalCMCTests" time="0.001"/>
  <testcase name="TestALotOfAdding" classname="LocalCMCTests" time="0.001"/>
  <testcase name="TestALotOfAdding" classname="LocalCMCTests" time="0.0"/>
  <testcase name="TestALotOfAdding" classname="LocalCMCTests" time="0.001"/>
  <testcase name="TestALotOfAdding" classname="LocalCMCTests" time="0.0"/>
  <testcase name="TestALotOfAdding" classname="LocalCMCTests" time="0.0"/>
  <testcase name="TestALotOfAdding" classname="LocalCMCTests" time="0.0"/>
  <testcase name="TestALotOfAdding" classname="LocalCMCTests" time="0.0"/>
  <testcase name="TestALotOfAdding" classname="LocalCMCTests" time="0.001"/>
  <testcase name="TestALotOfAdding" classname="LocalCMCTests" time="0.001"/>
  <testcase name="TestALotOfAdding" classname="LocalCMCTests" time="0.0"/>
  <testcase name="TestALotOfAdding" classname="LocalCMCTests" time="0.0"/>
  <testcase name="TestALotOfAdding" classname="LocalCMCTests" time="0.001"/>
  <testcase name="TestALotOfAdding" classname="LocalCMCTests" time="0.001"/>
  <testcase name="TestALotOfAdding" classname="LocalCMCTests" time="0.0"/>
  <testcase name="TestALotOfAdding" classname="LocalCMCTests" time="0.001"/>
  <testcase name="TestALotOfAdding" classname="LocalCMCTests" time="0.001"/>
  <testcase name="TestALotOfAdding" classname="LocalCMCTests" time="0.001"/>
  <testcase name="TestALotOfAdding" classname="LocalCMCTests" time="0.001"/>
  <testcase name="TestALotOfAdding" classname="LocalCMCTests" time="0.001"/>
  <testcase name="TestALotOfAdding" classname="LocalCMCTests" time="0.001"/>
  <testcase name="TestALotOfAdding" classname="LocalCMCTests" time="0.0"/>
  <testcase name="TestALotOfAdding" classname="LocalCMCTests" time="0.002"/>
  <testcase name="TestALotOfAdding" classname="LocalCMCTests" time="0.001"/>
  <testcase name="TestALotOfAdding" classname="LocalCMCTests" time="0.0"/>
  <testcase name="TestALotOfAdding" classname="LocalCMCTests" time="0.0"/>
  <testcase name="TestALotOfAdding" classname="LocalCMCTests" time="0.0"/>
  <testcase name="TestALotOfAdding" classname="LocalCMCTests" time="0.001"/>
  <testcase name="TestALotOfAdding" classname="LocalCMCTests" time="0.001"/>
  <testcase name="TestALotOfAdding" classname="LocalCMCTests" time="0.001"/>
  <testcase name="TestALotOfAdding" classname="LocalCMCTests" time="0.0"/>
  <testcase name="TestALotOfAdding" classname="LocalCMCTests" time="0.001"/>
  <testcase name="TestALotOfAdding" classname="LocalCMCTests" time="0.001"/>
  <testcase name="TestALotOfAdding" classname="LocalCMCTests" time="0.0"/>
  <testcase name="TestALotOfAdding" classname="LocalCMCTests" time="0.0"/>
  <testcase name="TestALotOfAdding" classname="LocalCMCTests" time="0.001"/>
  <testcase name="TestALotOfAdding" classname="LocalCMCTests" time="0.001"/>
  <testcase name="TestALotOfAdding" classname="LocalCMCTests" time="0.001"/>
  <testcase name="TestALotOfAdding" classname="LocalCMCTests" time="0.0"/>
  <testcase name="TestALotOfAdding" classname="LocalCMCTests" time="0.001"/>
  <testcase name="TestALotOfAdding" classname="LocalCMCTests" time="0.0"/>
  <testcase name="TestALotOfAdding" classname="LocalCMCTests" time="0.001"/>
  <testcase name="TestALotOfAdding" classname="LocalCMCTests" time="0.0"/>
  <testcase name="TestALotOfAdding" classname="LocalCMCTests" time="0.0"/>
  <testcase name="TestALotOfAdding" classname="LocalCMCTests" time="0.001"/>
  <testcase name="TestALotOfAdding" classname="LocalCMCTests" time="0.001"/>
  <testcase name="TestALotOfAdding" classname="LocalCMCTests" time="0.0"/>
  <testcase name="TestALotOfAdding" classname="LocalCMCTests" time="0.0"/>
  <testcase name="TestALotOfAdding" classname="LocalCMCTests" time="0.001"/>
  <testcase name="TestALotOfAdding" classname="LocalCMCTests" time="0.001"/>
  <testcase name="TestALotOfAdding" classname="LocalCMCTests" time="0.001"/>
  <testcase name="TestALotOfAdding" classname="LocalCMCTests" time="0.0"/>
  <testcase name="TestALotOfAdding" classname="LocalCMCTests" time="0.001"/>
  <testcase name="TestALotOfAdding" classname="LocalCMCTests" time="0.001"/>
  <testcase name="TestALotOfAdding" classname="LocalCMCTests" time="0.0"/>
  <testcase name="TestALotOfAdding" classname="LocalCMCTests" time="0.001"/>
  <testcase name="TestALotOfAdding" classname="LocalCMCTests" time="0.0"/>
  <testcase name="TestALotOfAdding" classname="LocalCMCTests" time="0.0"/>
  <testcase name="TestALotOfAdding" classname="LocalCMCTests" time="0.001"/>
  <testcase name="TestALotOfAdding" classname="LocalCMCTests" time="0.0"/>
  <testcase name="TestALotOfAdding" classname="LocalCMCTests" time="0.002"/>
  <testcase name="TestALotOfAdding" classname="LocalCMCTests" time="0.002"/>
  <testcase name="TestALotOfAdding" classname="LocalCMCTests" time="0.001"/>
  <testcase name="TestALotOfAdding" classname="LocalCMCTests" time="0.0"/>
  <testcase name="TestALotOfAdding" classname="LocalCMCTests" time="0.001"/>
  <testcase name="TestALotOfAdding" classname="LocalCMCTests" time="0.001"/>
  <testcase name="TestALotOfAdding" classname="LocalCMCTests" time="0.0"/>
  <testcase name="TestALotOfAdding" classname="LocalCMCTests" time="0.001"/>
  <testcase name="TestALotOfAdding" classname="LocalCMCTests" time="0.001"/>
  <testcase name="TestALotOfAdding" classname="LocalCMCTests" time="0.0"/>
  <testcase name="TestALotOfAdding" classname="LocalCMCTests" time="0.001"/>
  <testcase name="TestALotOfAdding" classname="LocalCMCTests" time="0.0"/>
  <testcase name="TestALotOfAdding" classname="LocalCMCTests" time="0.001"/>
  <testcase name="TestALotOfAdding" classname="LocalCMCTests" time="0.0"/>
  <testcase name="TestALotOfAdding" classname="LocalCMCTests" time="0.001"/>
  <testcase name="TestALotOfAdding" classname="LocalCMCTests" time="0.0"/>
  <testcase name="TestALotOfAdding" classname="LocalCMCTests" time="0.001"/>
  <testcase name="TestALotOfAdding" classname="LocalCMCTests" time="0.002"/>
  <testcase name="TestALotOfAdding" classname="LocalCMCTests" time="0.001"/>
  <testcase name="TestALotOfAdding" classname="LocalCMCTests" time="0.0"/>
  <testcase name="TestALotOfAdding" classname="LocalCMCTests" time="0.0"/>
  <testcase name="TestALotOfAdding" classname="LocalCMCTests" time="0.001"/>
  <testcase name="TestALotOfAdding" classname="LocalCMCTests" time="0.001"/>
  <testcase name="TestALotOfAdding" classname="LocalCMCTests" time="0.001"/>
  <testcase name="TestALotOfAdding" classname="LocalCMCTests" time="0.0"/>
  <testcase name="TestALotOfAdding" classname="LocalCMCTests" time="0.0"/>
  <testcase name="TestALotOfAdding" classname="LocalCMCTests" time="0.0"/>
  <testcase name="TestALotOfAdding" classname="LocalCMCTests" time="0.0"/>
  <testcase name="TestALotOfAdding" classname="LocalCMCTests" time="0.0"/>
  <testcase name="TestALotOfAdding" classname="LocalCMCTests" time="0.001"/>
  <testcase name="TestALotOfAdding" classname="LocalCMCTests" time="0.002"/>
  <testcase name="TestALotOfAdding" classname="LocalCMCTests" time="0.001"/>
  <testcase name="TestALotOfAdding" classname="LocalCMCTests" time="0.001"/>
  <testcase name="TestALotOfAdding" classname="LocalCMCTests" time="0.002"/>
  <testcase name="TestALotOfAdding" classname="LocalCMCTests" time="0.0"/>
  <testcase name="TestALotOfAdding" classname="LocalCMCTests" time="0.0"/>
  <testcase name="TestALotOfAdding" classname="LocalCMCTests" time="0.001"/>
  <testcase name="TestALotOfAdding" classname="LocalCMCTests" time="0.0"/>
  <testcase name="TestALotOfAdding" classname="LocalCMCTests" time="0.0"/>
  <testcase name="TestALotOfAdding" classname="LocalCMCTests" time="0.001"/>
  <testcase name="TestALotOfAdding" classname="LocalCMCTests" time="0.001"/>
  <testcase name="TestALotOfAdding" classname="LocalCMCTests" time="0.0"/>
  <testcase name="TestALotOfAdding" classname="LocalCMCTests" time="0.001"/>
  <testcase name="TestALotOfAdding" classname="LocalCMCTests" time="0.0"/>
  <testcase name="TestALotOfAdding" classname="LocalCMCTests" time="0.0"/>
  <testcase name="TestALotOfAdding" classname="LocalCMCTests" time="0.0"/>
  <testcase name="TestALotOfAdding" classname="LocalCMCTests" time="0.001"/>
  <testcase name="TestALotOfAdding" classname="LocalCMCTests" time="0.0"/>
  <testcase name="TestALotOfAdding" classname="LocalCMCTests" time="0.001"/>
  <testcase name="TestALotOfAdding" classname="LocalCMCTests" time="0.001"/>
  <testcase name="TestALotOfAdding" classname="LocalCMCTests" time="0.001"/>
  <testcase name="TestALotOfAdding" classname="LocalCMCTests" time="0.0"/>
  <testcase name="TestALotOfAdding" classname="LocalCMCTests" time="0.001"/>
  <testcase name="TestALotOfAdding" classname="LocalCMCTests" time="0.001"/>
  <testcase name="TestALotOfAdding" classname="LocalCMCTests" time="0.0"/>
  <testcase name="TestALotOfAdding" classname="LocalCMCTests" time="0.0"/>
  <testcase name="TestALotOfAdding" classname="LocalCMCTests" time="0.0"/>
  <testcase name="TestALotOfAdding" classname="LocalCMCTests" time="0.0"/>
  <testcase name="TestALotOfAdding" classname="LocalCMCTests" time="0.001"/>
  <testcase name="TestALotOfAdding" classname="LocalCMCTests" time="0.002"/>
  <testcase name="TestALotOfAdding" classname="LocalCMCTests" time="0.002"/>
  <testcase name="TestALotOfAdding" classname="LocalCMCTests" time="0.0"/>
  <testcase name="TestALotOfAdding" classname="LocalCMCTests" time="0.001"/>
  <testcase name="TestALotOfAdding" classname="LocalCMCTests" time="0.0"/>
  <testcase name="TestALotOfAdding" classname="LocalCMCTests" time="0.002"/>
  <testcase name="TestALotOfAdding" classname="LocalCMCTests" time="0.001"/>
  <testcase name="TestALotOfAdding" classname="LocalCMCTests" time="0.001"/>
  <testcase name="TestALotOfAdding" classname="LocalCMCTests" time="0.001"/>
  <testcase name="TestALotOfAdding" classname="LocalCMCTests" time="0.001"/>
  <testcase name="TestALotOfAdding" classname="LocalCMCTests" time="0.001"/>
  <testcase name="TestALotOfAdding" classname="LocalCMCTests" time="0.0"/>
  <testcase name="TestALotOfAdding" classname="LocalCMCTests" time="0.0"/>
  <testcase name="TestALotOfAdding" classname="LocalCMCTests" time="0.0"/>
  <testcase name="TestALotOfAdding" classname="LocalCMCTests" time="0.001"/>
  <testcase name="TestALotOfAdding" classname="LocalCMCTests" time="0.0"/>
  <testcase name="TestALotOfAdding" classname="LocalCMCTests" time="0.0"/>
  <testcase name="TestALotOfAdding" classname="LocalCMCTests" time="0.0"/>
  <testcase name="TestALotOfAdding" classname="LocalCMCTests" time="0.001"/>
  <testcase name="TestALotOfAdding" classname="LocalCMCTests" time="0.001"/>
  <testcase name="TestALotOfAdding" classname="LocalCMCTests" time="0.001"/>
  <testcase name="TestALotOfAdding" classname="LocalCMCTests" time="0.0"/>
  <testcase name="TestALotOfAdding" classname="LocalCMCTests" time="0.001"/>
  <testcase name="TestALotOfAdding" classname="LocalCMCTests" time="0.0"/>
  <testcase name="TestALotOfAdding" classname="LocalCMCTests" time="0.001"/>
  <testcase name="TestALotOfAdding" classname="LocalCMCTests" time="0.0"/>
  <testcase name="TestALotOfAdding" classname="LocalCMCTests" time="0.001"/>
  <testcase name="TestALotOfAdding" classname="LocalCMCTests" time="0.001"/>
  <testcase name="TestALotOfAdding" classname="LocalCMCTests" time="0.001"/>
  <testcase name="TestALotOfAdding" classname="LocalCMCTests" time="0.001"/>
  <testcase name="TestALotOfAdding" classname="LocalCMCTests" time="0.0"/>
  <testcase name="TestALotOfAdding" classname="LocalCMCTests" time="0.001"/>
  <testcase name="TestALotOfAdding" classname="LocalCMCTests" time="0.0"/>
  <testcase name="TestALotOfAdding" classname="LocalCMCTests" time="0.0"/>
  <testcase name="TestALotOfAdding" classname="LocalCMCTests" time="0.001"/>
  <testcase name="TestALotOfAdding" classname="LocalCMCTests" time="0.001"/>
  <testcase name="TestALotOfAdding" classname="LocalCMCTests" time="0.001"/>
  <testcase name="TestALotOfAdding" classname="LocalCMCTests" time="0.001"/>
  <testcase name="TestALotOfAdding" classname="LocalCMCTests" time="0.0"/>
  <testcase name="TestALotOfAdding" classname="LocalCMCTests" time="0.001"/>
  <testcase name="TestALotOfAdding" classname="LocalCMCTests" time="0.0"/>
  <testcase name="TestALotOfAdding" classname="LocalCMCTests" time="0.0"/>
  <testcase name="TestALotOfAdding" classname="LocalCMCTests" time="0.0"/>
  <testcase name="TestALotOfAdding" classname="LocalCMCTests" time="0.001"/>
  <testcase name="TestALotOfAdding" classname="LocalCMCTests" time="0.0"/>
  <testcase name="TestALotOfAdding" classname="LocalCMCTests" time="0.0"/>
  <testcase name="TestALotOfAdding" classname="LocalCMCTests" time="0.0"/>
  <testcase name="TestALotOfAdding" classname="LocalCMCTests" time="0.001"/>
  <testcase name="TestALotOfAdding" classname="LocalCMCTests" time="0.0"/>
  <testcase name="TestALotOfAdding" classname="LocalCMCTests" time="0.001"/>
  <testcase name="TestALotOfAdding" classname="LocalCMCTests" time="0.0"/>
  <testcase name="TestALotOfAdding" classname="LocalCMCTests" time="0.001"/>
  <testcase name="TestALotOfAdding" classname="LocalCMCTests" time="0.002"/>
  <testcase name="TestALotOfAdding" classname="LocalCMCTests" time="0.001"/>
  <testcase name="TestALotOfAdding" classname="LocalCMCTests" time="0.001"/>
  <testcase name="TestALotOfAdding" classname="LocalCMCTests" time="0.001"/>
  <testcase name="TestALotOfAdding" classname="LocalCMCTests" time="0.001"/>
  <testcase name="TestALotOfAdding" classname="LocalCMCTests" time="0.001"/>
  <testcase name="TestALotOfAdding" classname="LocalCMCTests" time="0.001"/>
  <testcase name="TestALotOfAdding" classname="LocalCMCTests" time="0.0"/>
  <testcase name="TestALotOfAdding" classname="LocalCMCTests" time="0.001"/>
  <testcase name="TestALotOfAdding" classname="LocalCMCTests" time="0.0"/>
  <testcase name="TestALotOfAdding" classname="LocalCMCTests" time="0.001"/>
  <testcase name="TestALotOfAdding" classname="LocalCMCTests" time="0.0"/>
  <testcase name="TestALotOfAdding" classname="LocalCMCTests" time="0.0"/>
  <testcase name="TestALotOfAdding" classname="LocalCMCTests" time="0.0"/>
  <testcase name="TestALotOfAdding" classname="LocalCMCTests" time="0.0"/>
  <testcase name="TestALotOfAdding" classname="LocalCMCTests" time="0.0"/>
  <testcase name="TestALotOfAdding" classname="LocalCMCTests" time="0.002"/>
  <testcase name="TestALotOfAdding" classname="LocalCMCTests" time="0.001"/>
  <testcase name="TestALotOfAdding" classname="LocalCMCTests" time="0.001"/>
  <testcase name="TestALotOfAdding" classname="LocalCMCTests" time="0.0"/>
  <testcase name="TestALotOfAdding" classname="LocalCMCTests" time="0.001"/>
  <testcase name="TestALotOfAdding" classname="LocalCMCTests" time="0.001"/>
  <testcase name="TestALotOfAdding" classname="LocalCMCTests" time="0.001"/>
  <testcase name="TestALotOfAdding" classname="LocalCMCTests" time="0.0"/>
  <testcase name="TestALotOfAdding" classname="LocalCMCTests" time="0.001"/>
  <testcase name="TestALotOfAdding" classname="LocalCMCTests" time="0.0"/>
  <testcase name="TestALotOfAdding" classname="LocalCMCTests" time="0.0"/>
  <testcase name="TestALotOfAdding" classname="LocalCMCTests" time="0.001"/>
  <testcase name="TestALotOfAdding" classname="LocalCMCTests" time="0.0"/>
  <testcase name="TestALotOfAdding" classname="LocalCMCTests" time="0.0"/>
  <testcase name="TestALotOfAdding" classname="LocalCMCTests" time="0.002"/>
  <testcase name="TestALotOfAdding" classname="LocalCMCTests" time="0.002"/>
  <testcase name="TestALotOfAdding" classname="LocalCMCTests" time="0.001"/>
  <testcase name="TestALotOfAdding" classname="LocalCMCTests" time="0.0"/>
  <testcase name="TestALotOfAdding" classname="LocalCMCTests" time="0.0"/>
  <testcase name="TestALotOfAdding" classname="LocalCMCTests" time="0.001"/>
  <testcase name="TestALotOfAdding" classname="LocalCMCTests" time="0.0"/>
  <testcase name="TestALotOfAdding" classname="LocalCMCTests" time="0.001"/>
  <testcase name="TestALotOfAdding" classname="LocalCMCTests" time="0.001"/>
  <testcase name="TestALotOfAdding" classname="LocalCMCTests" time="0.001"/>
  <testcase name="TestALotOfAdding" classname="LocalCMCTests" time="0.001"/>
  <testcase name="TestALotOfAdding" classname="LocalCMCTests" time="0.0"/>
  <testcase name="TestALotOfAdding" classname="LocalCMCTests" time="0.0"/>
  <testcase name="TestALotOfAdding" classname="LocalCMCTests" time="0.0"/>
  <testcase name="TestALotOfAdding" classname="LocalCMCTests" time="0.0"/>
  <testcase name="TestALotOfAdding" classname="LocalCMCTests" time="0.0"/>
  <testcase name="TestALotOfAdding" classname="LocalCMCTests" time="0.001"/>
  <testcase name="TestALotOfAdding" classname="LocalCMCTests" time="0.001"/>
  <testcase name="TestALotOfAdding" classname="LocalCMCTests" time="0.001"/>
  <testcase name="TestALotOfAdding" classname="LocalCMCTests" time="0.001"/>
  <testcase name="TestALotOfAdding" classname="LocalCMCTests" time="0.002"/>
  <testcase name="TestALotOfAdding" classname="LocalCMCTests" time="0.001"/>
  <testcase name="TestALotOfAdding" classname="LocalCMCTests" time="0.001"/>
  <testcase name="TestALotOfAdding" classname="LocalCMCTests" time="0.0"/>
  <testcase name="TestALotOfAdding" classname="LocalCMCTests" time="0.0"/>
  <testcase name="TestALotOfAdding" classname="LocalCMCTests" time="0.0"/>
  <testcase name="TestALotOfAdding" classname="LocalCMCTests" time="0.001"/>
  <testcase name="TestALotOfAdding" classname="LocalCMCTests" time="0.0"/>
  <testcase name="TestALotOfAdding" classname="LocalCMCTests" time="0.0"/>
  <testcase name="TestALotOfAdding" classname="LocalCMCTests" time="0.0"/>
  <testcase name="TestALotOfAdding" classname="LocalCMCTests" time="0.001"/>
  <testcase name="TestALotOfAdding" classname="LocalCMCTests" time="0.0"/>
  <testcase name="TestALotOfAdding" classname="LocalCMCTests" time="0.001"/>
  <testcase name="TestALotOfAdding" classname="LocalCMCTests" time="0.0"/>
  <testcase name="TestALotOfAdding" classname="LocalCMCTests" time="0.0"/>
  <testcase name="TestALotOfAdding" classname="LocalCMCTests" time="0.001"/>
  <testcase name="TestALotOfAdding" classname="LocalCMCTests" time="0.002"/>
  <testcase name="TestALotOfAdding" classname="LocalCMCTests" time="0.001"/>
  <testcase name="TestALotOfAdding" classname="LocalCMCTests" time="0.0"/>
  <testcase name="TestALotOfAdding" classname="LocalCMCTests" time="0.0"/>
  <testcase name="TestALotOfAdding" classname="LocalCMCTests" time="0.0"/>
  <testcase name="TestALotOfAdding" classname="LocalCMCTests" time="0.001"/>
  <testcase name="TestALotOfAdding" classname="LocalCMCTests" time="0.001"/>
  <testcase name="TestALotOfAdding" classname="LocalCMCTests" time="0.001"/>
  <testcase name="TestALotOfAdding" classname="LocalCMCTests" time="0.0"/>
  <testcase name="TestALotOfAdding" classname="LocalCMCTests" time="0.001"/>
  <testcase name="TestALotOfAdding" classname="LocalCMCTests" time="0.0"/>
  <testcase name="TestALotOfAdding" classname="LocalCMCTests" time="0.0"/>
  <testcase name="TestALotOfAdding" classname="LocalCMCTests" time="0.0"/>
  <testcase name="TestALotOfAdding" classname="LocalCMCTests" time="0.001"/>
  <testcase name="TestALotOfAdding" classname="LocalCMCTests" time="0.001"/>
  <testcase name="TestALotOfAdding" classname="LocalCMCTests" time="0.001"/>
  <testcase name="TestALotOfAdding" classname="LocalCMCTests" time="0.001"/>
  <testcase name="TestALotOfAdding" classname="LocalCMCTests" time="0.0"/>
  <testcase name="TestALotOfAdding" classname="LocalCMCTests" time="0.0"/>
  <testcase name="TestALotOfAdding" classname="LocalCMCTests" time="0.0"/>
  <testcase name="TestALotOfAdding" classname="LocalCMCTests" time="0.001"/>
  <testcase name="TestALotOfAdding" classname="LocalCMCTests" time="0.002"/>
  <testcase name="TestALotOfAdding" classname="LocalCMCTests" time="0.001"/>
  <testcase name="TestALotOfAdding" classname="LocalCMCTests" time="0.0"/>
  <testcase name="TestALotOfAdding" classname="LocalCMCTests" time="0.0"/>
  <testcase name="TestALotOfAdding" classname="LocalCMCTests" time="0.001"/>
  <testcase name="TestALotOfAdding" classname="LocalCMCTests" time="0.0"/>
  <testcase name="TestALotOfAdding" classname="LocalCMCTests" time="0.0"/>
  <testcase name="TestALotOfAdding" classname="LocalCMCTests" time="0.0"/>
  <testcase name="TestALotOfAdding" classname="LocalCMCTests" time="0.001"/>
  <testcase name="TestALotOfAdding" classname="LocalCMCTests" time="0.001"/>
  <testcase name="TestALotOfAdding" classname="LocalCMCTests" time="0.002"/>
  <testcase name="TestALotOfAdding" classname="LocalCMCTests" time="0.0"/>
  <testcase name="TestALotOfAdding" classname="LocalCMCTests" time="0.0"/>
  <testcase name="TestALotOfAdding" classname="LocalCMCTests" time="0.0"/>
  <testcase name="TestALotOfAdding" classname="LocalCMCTests" time="0.001"/>
  <testcase name="TestALotOfAdding" classname="LocalCMCTests" time="0.0"/>
  <testcase name="TestALotOfAdding" classname="LocalCMCTests" time="0.0"/>
  <testcase name="TestALotOfAdding" classname="LocalCMCTests" time="0.001"/>
  <testcase name="TestALotOfAdding" classname="LocalCMCTests" time="0.001"/>
  <testcase name="TestALotOfAdding" classname="LocalCMCTests" time="0.002"/>
  <testcase name="TestALotOfAdding" classname="LocalCMCTests" time="0.001"/>
  <testcase name="TestALotOfAdding" classname="LocalCMCTests" time="0.0"/>
  <testcase name="TestALotOfAdding" classname="LocalCMCTests" time="0.001"/>
  <testcase name="TestALotOfAdding" classname="LocalCMCTests" time="0.001"/>
  <testcase name="TestALotOfAdding" classname="LocalCMCTests" time="0.001"/>
  <testcase name="TestALotOfAdding" classname="LocalCMCTests" time="0.0"/>
  <testcase name="TestALotOfAdding" classname="LocalCMCTests" time="0.001"/>
  <testcase name="TestALotOfAdding" classname="LocalCMCTests" time="0.0"/>
  <testcase name="TestALotOfAdding" classname="LocalCMCTests" time="0.001"/>
  <testcase name="TestALotOfAdding" classname="LocalCMCTests" time="0.001"/>
  <testcase name="TestALotOfAdding" classname="LocalCMCTests" time="0.0"/>
  <testcase name="TestALotOfAdding" classname="LocalCMCTests" time="0.0"/>
  <testcase name="TestALotOfAdding" classname="LocalCMCTests" time="0.0"/>
  <testcase name="TestALotOfAdding" classname="LocalCMCTests" time="0.0"/>
  <testcase name="TestALotOfAdding" classname="LocalCMCTests" time="0.001"/>
  <testcase name="TestALotOfAdding" classname="LocalCMCTests" time="0.001"/>
  <testcase name="TestALotOfAdding" classname="LocalCMCTests" time="0.0"/>
  <testcase name="TestALotOfAdding" classname="LocalCMCTests" time="0.001"/>
  <testcase name="TestALotOfAdding" classname="LocalCMCTests" time="0.001"/>
  <testcase name="TestALotOfAdding" classname="LocalCMCTests" time="0.0"/>
  <testcase name="TestALotOfAdding" classname="LocalCMCTests" time="0.002"/>
  <testcase name="TestALotOfAdding" classname="LocalCMCTests" time="0.001"/>
  <testcase name="TestALotOfAdding" classname="LocalCMCTests" time="0.001"/>
  <testcase name="TestALotOfAdding" classname="LocalCMCTests" time="0.001"/>
  <testcase name="TestALotOfAdding" classname="LocalCMCTests" time="0.001"/>
  <testcase name="TestALotOfAdding" classname="LocalCMCTests" time="0.0"/>
  <testcase name="TestALotOfAdding" classname="LocalCMCTests" time="0.0"/>
  <testcase name="TestALotOfAdding" classname="LocalCMCTests" time="0.0"/>
  <testcase name="TestALotOfAdding" classname="LocalCMCTests" time="0.0"/>
  <testcase name="TestALotOfAdding" classname="LocalCMCTests" time="0.001"/>
  <testcase name="TestALotOfAdding" classname="LocalCMCTests" time="0.0"/>
  <testcase name="TestALotOfAdding" classname="LocalCMCTests" time="0.0"/>
  <testcase name="TestALotOfAdding" classname="LocalCMCTests" time="0.0"/>
  <testcase name="TestALotOfAdding" classname="LocalCMCTests" time="0.001"/>
  <testcase name="TestALotOfAdding" classname="LocalCMCTests" time="0.001"/>
  <testcase name="TestALotOfAdding" classname="LocalCMCTests" time="0.0"/>
  <testcase name="TestALotOfAdding" classname="LocalCMCTests" time="0.001"/>
  <testcase name="TestALotOfAdding" classname="LocalCMCTests" time="0.0"/>
  <testcase name="TestALotOfAdding" classname="LocalCMCTests" time="0.001"/>
  <testcase name="TestALotOfAdding" classname="LocalCMCTests" time="0.001"/>
  <testcase name="TestALotOfAdding" classname="LocalCMCTests" time="0.002"/>
  <testcase name="TestALotOfAdding" classname="LocalCMCTests" time="0.0"/>
  <testcase name="TestALotOfAdding" classname="LocalCMCTests" time="0.0"/>
  <testcase name="TestALotOfAdding" classname="LocalCMCTests" time="0.001"/>
  <testcase name="TestALotOfAdding" classname="LocalCMCTests" time="0.0"/>
  <testcase name="TestALotOfAdding" classname="LocalCMCTests" time="0.001"/>
  <testcase name="TestALotOfAdding" classname="LocalCMCTests" time="0.001"/>
  <testcase name="TestALotOfAdding" classname="LocalCMCTests" time="0.0"/>
  <testcase name="TestALotOfAdding" classname="LocalCMCTests" time="0.001"/>
  <testcase name="TestALotOfAdding" classname="LocalCMCTests" time="0.002"/>
  <testcase name="TestALotOfAdding" classname="LocalCMCTests" time="0.001"/>
  <testcase name="TestALotOfAdding" classname="LocalCMCTests" time="0.002"/>
  <testcase name="TestALotOfAdding" classname="LocalCMCTests" time="0.001"/>
  <testcase name="TestALotOfAdding" classname="LocalCMCTests" time="0.0"/>
  <testcase name="TestALotOfAdding" classname="LocalCMCTests" time="0.001"/>
  <testcase name="TestALotOfAdding" classname="LocalCMCTests" time="0.0"/>
  <testcase name="TestALotOfAdding" classname="LocalCMCTests" time="0.0"/>
  <testcase name="TestALotOfAdding" classname="LocalCMCTests" time="0.0"/>
  <testcase name="TestALotOfAdding" classname="LocalCMCTests" time="0.0"/>
  <testcase name="TestALotOfAdding" classname="LocalCMCTests" time="0.001"/>
  <testcase name="TestALotOfAdding" classname="LocalCMCTests" time="0.001"/>
  <testcase name="TestALotOfAdding" classname="LocalCMCTests" time="0.0"/>
  <testcase name="TestALotOfAdding" classname="LocalCMCTests" time="0.002"/>
  <testcase name="TestALotOfAdding" classname="LocalCMCTests" time="0.0"/>
  <testcase name="TestALotOfAdding" classname="LocalCMCTests" time="0.001"/>
  <testcase name="TestALotOfAdding" classname="LocalCMCTests" time="0.0"/>
  <testcase name="TestALotOfAdding" classname="LocalCMCTests" time="0.0"/>
  <testcase name="TestALotOfAdding" classname="LocalCMCTests" time="0.0"/>
  <testcase name="TestALotOfAdding" classname="LocalCMCTests" time="0.001"/>
  <testcase name="TestALotOfAdding" classname="LocalCMCTests" time="0.0"/>
  <testcase name="TestALotOfAdding" classname="LocalCMCTests" time="0.001"/>
  <testcase name="TestALotOfAdding" classname="LocalCMCTests" time="0.001"/>
  <testcase name="TestALotOfAdding" classname="LocalCMCTests" time="0.0"/>
  <testcase name="TestALotOfAdding" classname="LocalCMCTests" time="0.0"/>
  <testcase name="TestALotOfAdding" classname="LocalCMCTests" time="0.0"/>
  <testcase name="TestALotOfAdding" classname="LocalCMCTests" time="0.001"/>
  <testcase name="TestALotOfAdding" classname="LocalCMCTests" time="0.001"/>
  <testcase name="TestALotOfAdding" classname="LocalCMCTests" time="0.0"/>
  <testcase name="TestALotOfAdding" classname="LocalCMCTests" time="0.0"/>
  <testcase name="TestALotOfAdding" classname="LocalCMCTests" time="0.001"/>
  <testcase name="TestALotOfAdding" classname="LocalCMCTests" time="0.001"/>
  <testcase name="TestALotOfAdding" classname="LocalCMCTests" time="0.001"/>
  <testcase name="TestALotOfAdding" classname="LocalCMCTests" time="0.001"/>
  <testcase name="TestALotOfAdding" classname="LocalCMCTests" time="0.0"/>
  <testcase name="TestALotOfAdding" classname="LocalCMCTests" time="0.001"/>
  <testcase name="TestALotOfAdding" classname="LocalCMCTests" time="0.001"/>
  <testcase name="TestALotOfAdding" classname="LocalCMCTests" time="0.001"/>
  <testcase name="TestALotOfAdding" classname="LocalCMCTests" time="0.002"/>
  <testcase name="TestALotOfAdding" classname="LocalCMCTests" time="0.0"/>
  <testcase name="TestALotOfAdding" classname="LocalCMCTests" time="0.0"/>
  <testcase name="TestALotOfAdding" classname="LocalCMCTests" time="0.001"/>
  <testcase name="TestALotOfAdding" classname="LocalCMCTests" time="0.001"/>
  <testcase name="TestALotOfAdding" classname="LocalCMCTests" time="0.001"/>
  <testcase name="TestALotOfAdding" classname="LocalCMCTests" time="0.0"/>
  <testcase name="TestALotOfAdding" classname="LocalCMCTests" time="0.001"/>
  <testcase name="TestALotOfAdding" classname="LocalCMCTests" time="0.0"/>
  <testcase name="TestALotOfAdding" classname="LocalCMCTests" time="0.001"/>
  <testcase name="TestALotOfAdding" classname="LocalCMCTests" time="0.001"/>
  <testcase name="TestALotOfAdding" classname="LocalCMCTests" time="0.0"/>
  <testcase name="TestALotOfAdding" classname="LocalCMCTests" time="0.0"/>
  <testcase name="TestALotOfAdding" classname="LocalCMCTests" time="0.0"/>
  <testcase name="TestALotOfAdding" classname="LocalCMCTests" time="0.0"/>
  <testcase name="TestALotOfAdding" classname="LocalCMCTests" time="0.0"/>
  <testcase name="TestALotOfAdding" classname="LocalCMCTests" time="0.001"/>
  <testcase name="TestALotOfAdding" classname="LocalCMCTests" time="0.001"/>
  <testcase name="TestALotOfAdding" classname="LocalCMCTests" time="0.001"/>
  <testcase name="TestALotOfAdding" classname="LocalCMCTests" time="0.0"/>
  <testcase name="TestALotOfAdding" classname="LocalCMCTests" time="0.001"/>
  <testcase name="TestALotOfAdding" classname="LocalCMCTests" time="0.0"/>
  <testcase name="TestALotOfAdding" classname="LocalCMCTests" time="0.0"/>
  <testcase name="TestALotOfAdding" classname="LocalCMCTests" time="0.001"/>
  <testcase name="TestALotOfAdding" classname="LocalCMCTests" time="0.0"/>
  <testcase name="TestALotOfAdding" classname="LocalCMCTests" time="0.0"/>
  <testcase name="TestALotOfAdding" classname="LocalCMCTests" time="0.0"/>
  <testcase name="TestALotOfAdding" classname="LocalCMCTests" time="0.001"/>
  <testcase name="TestALotOfAdding" classname="LocalCMCTests" time="0.001"/>
  <testcase name="TestALotOfAdding" classname="LocalCMCTests" time="0.001"/>
  <testcase name="TestALotOfAdding" classname="LocalCMCTests" time="0.0"/>
  <testcase name="TestALotOfAdding" classname="LocalCMCTests" time="0.001"/>
  <testcase name="TestALotOfAdding" classname="LocalCMCTests" time="0.001"/>
  <testcase name="TestALotOfAdding" classname="LocalCMCTests" time="0.001"/>
  <testcase name="TestALotOfAdding" classname="LocalCMCTests" time="0.0"/>
  <testcase name="TestALotOfAdding" classname="LocalCMCTests" time="0.0"/>
  <testcase name="TestALotOfAdding" classname="LocalCMCTests" time="0.001"/>
  <testcase name="TestALotOfAdding" classname="LocalCMCTests" time="0.001"/>
  <testcase name="TestALotOfAdding" classname="LocalCMCTests" time="0.0"/>
  <testcase name="TestALotOfAdding" classname="LocalCMCTests" time="0.001"/>
  <testcase name="TestALotOfAdding" classname="LocalCMCTests" time="0.0"/>
  <testcase name="TestALotOfAdding" classname="LocalCMCTests" time="0.001"/>
  <testcase name="TestALotOfAdding" classname="LocalCMCTests" time="0.0"/>
  <testcase name="TestALotOfAdding" classname="LocalCMCTests" time="0.0"/>
  <testcase name="TestALotOfAdding" classname="LocalCMCTests" time="0.0"/>
  <testcase name="TestALotOfAdding" classname="LocalCMCTests" time="0.001"/>
  <testcase name="TestALotOfAdding" classname="LocalCMCTests" time="0.0"/>
  <testcase name="TestALotOfAdding" classname="LocalCMCTests" time="0.001"/>
  <testcase name="TestALotOfAdding" classname="LocalCMCTests" time="0.002"/>
  <testcase name="TestALotOfAdding" classname="LocalCMCTests" time="0.003"/>
  <testcase name="TestALotOfAdding" classname="LocalCMCTests" time="0.0"/>
  <testcase name="TestALotOfAdding" classname="LocalCMCTests" time="0.002"/>
  <testcase name="TestALotOfAdding" classname="LocalCMCTests" time="0.0"/>
  <testcase name="TestALotOfAdding" classname="LocalCMCTests" time="0.0"/>
  <testcase name="TestALotOfAdding" classname="LocalCMCTests" time="0.001"/>
  <testcase name="TestALotOfAdding" classname="LocalCMCTests" time="0.001"/>
  <testcase name="TestALotOfAdding" classname="LocalCMCTests" time="0.0"/>
  <testcase name="TestALotOfAdding" classname="LocalCMCTests" time="0.001"/>
  <testcase name="TestALotOfAdding" classname="LocalCMCTests" time="0.001"/>
  <testcase name="TestALotOfAdding" classname="LocalCMCTests" time="0.0"/>
  <testcase name="TestALotOfAdding" classname="LocalCMCTests" time="0.0"/>
  <testcase name="TestALotOfAdding" classname="LocalCMCTests" time="0.001"/>
  <testcase name="TestALotOfAdding" classname="LocalCMCTests" time="0.001"/>
  <testcase name="TestALotOfAdding" classname="LocalCMCTests" time="0.002"/>
  <testcase name="TestALotOfAdding" classname="LocalCMCTests" time="0.0"/>
  <testcase name="TestALotOfAdding" classname="LocalCMCTests" time="0.0"/>
  <testcase name="TestALotOfAdding" classname="LocalCMCTests" time="0.001"/>
  <testcase name="TestALotOfAdding" classname="LocalCMCTests" time="0.001"/>
  <testcase name="TestALotOfAdding" classname="LocalCMCTests" time="0.002"/>
  <testcase name="TestALotOfAdding" classname="LocalCMCTests" time="0.0"/>
  <testcase name="TestALotOfAdding" classname="LocalCMCTests" time="0.001"/>
  <testcase name="TestALotOfAdding" classname="LocalCMCTests" time="0.001"/>
  <testcase name="TestALotOfAdding" classname="LocalCMCTests" time="0.0"/>
  <testcase name="TestALotOfAdding" classname="LocalCMCTests" time="0.001"/>
  <testcase name="TestALotOfAdding" classname="LocalCMCTests" time="0.0"/>
  <testcase name="TestALotOfAdding" classname="LocalCMCTests" time="0.0"/>
  <testcase name="TestALotOfAdding" classname="LocalCMCTests" time="0.0"/>
  <testcase name="TestALotOfAdding" classname="LocalCMCTests" time="0.001"/>
  <testcase name="TestALotOfAdding" classname="LocalCMCTests" time="0.0"/>
  <testcase name="TestALotOfAdding" classname="LocalCMCTests" time="0.0"/>
  <testcase name="TestALotOfAdding" classname="LocalCMCTests" time="0.0"/>
  <testcase name="TestALotOfAdding" classname="LocalCMCTests" time="0.0"/>
  <testcase name="TestALotOfAdding" classname="LocalCMCTests" time="0.001"/>
  <testcase name="TestALotOfAdding" classname="LocalCMCTests" time="0.001"/>
  <testcase name="TestALotOfAdding" classname="LocalCMCTests" time="0.001"/>
  <testcase name="TestALotOfAdding" classname="LocalCMCTests" time="0.0"/>
  <testcase name="TestALotOfAdding" classname="LocalCMCTests" time="0.0"/>
  <testcase name="TestALotOfAdding" classname="LocalCMCTests" time="0.0"/>
  <testcase name="TestALotOfAdding" classname="LocalCMCTests" time="0.001"/>
  <testcase name="TestALotOfAdding" classname="LocalCMCTests" time="0.001"/>
  <testcase name="TestALotOfAdding" classname="LocalCMCTests" time="0.0"/>
  <testcase name="TestALotOfAdding" classname="LocalCMCTests" time="0.001"/>
  <testcase name="TestALotOfAdding" classname="LocalCMCTests" time="0.0"/>
  <testcase name="TestALotOfAdding" classname="LocalCMCTests" time="0.0"/>
  <testcase name="TestALotOfAdding" classname="LocalCMCTests" time="0.0"/>
  <testcase name="TestALotOfAdding" classname="LocalCMCTests" time="0.001"/>
  <testcase name="TestALotOfAdding" classname="LocalCMCTests" time="0.001"/>
  <testcase name="TestALotOfAdding" classname="LocalCMCTests" time="0.001"/>
  <testcase name="TestALotOfAdding" classname="LocalCMCTests" time="0.001"/>
  <testcase name="TestALotOfAdding" classname="LocalCMCTests" time="0.0"/>
  <testcase name="TestALotOfAdding" classname="LocalCMCTests" time="0.002"/>
  <testcase name="TestALotOfAdding" classname="LocalCMCTests" time="0.002"/>
  <testcase name="TestALotOfAdding" classname="LocalCMCTests" time="0.0"/>
  <testcase name="TestALotOfAdding" classname="LocalCMCTests" time="0.0"/>
  <testcase name="TestALotOfAdding" classname="LocalCMCTests" time="0.0"/>
  <testcase name="TestALotOfAdding" classname="LocalCMCTests" time="0.0"/>
  <testcase name="TestALotOfAdding" classname="LocalCMCTests" time="0.001"/>
  <testcase name="TestALotOfAdding" classname="LocalCMCTests" time="0.001"/>
  <testcase name="TestALotOfAdding" classname="LocalCMCTests" time="0.001"/>
  <testcase name="TestALotOfAdding" classname="LocalCMCTests" time="0.0"/>
  <testcase name="TestALotOfAdding" classname="LocalCMCTests" time="0.001"/>
  <testcase name="TestALotOfAdding" classname="LocalCMCTests" time="0.001"/>
  <testcase name="TestALotOfAdding" classname="LocalCMCTests" time="0.001"/>
  <testcase name="TestALotOfAdding" classname="LocalCMCTests" time="0.0"/>
  <testcase name="TestALotOfAdding" classname="LocalCMCTests" time="0.0"/>
  <testcase name="TestALotOfAdding" classname="LocalCMCTests" time="0.001"/>
  <testcase name="TestALotOfAdding" classname="LocalCMCTests" time="0.001"/>
  <testcase name="TestALotOfAdding" classname="LocalCMCTests" time="0.0"/>
  <testcase name="TestALotOfAdding" classname="LocalCMCTests" time="0.001"/>
  <testcase name="TestALotOfAdding" classname="LocalCMCTests" time="0.0"/>
  <testcase name="TestALotOfAdding" classname="LocalCMCTests" time="0.001"/>
  <testcase name="TestALotOfAdding" classname="LocalCMCTests" time="0.0"/>
  <testcase name="TestALotOfAdding" classname="LocalCMCTests" time="0.001"/>
  <testcase name="TestALotOfAdding" classname="LocalCMCTests" time="0.0"/>
  <testcase name="TestALotOfAdding" classname="LocalCMCTests" time="0.001"/>
  <testcase name="TestALotOfAdding" classname="LocalCMCTests" time="0.001"/>
  <testcase name="TestALotOfAdding" classname="LocalCMCTests" time="0.0"/>
  <testcase name="TestALotOfAdding" classname="LocalCMCTests" time="0.0"/>
  <testcase name="TestALotOfAdding" classname="LocalCMCTests" time="0.001"/>
  <testcase name="TestALotOfAdding" classname="LocalCMCTests" time="0.0"/>
  <testcase name="TestALotOfAdding" classname="LocalCMCTests" time="0.001"/>
  <testcase name="TestALotOfAdding" classname="LocalCMCTests" time="0.001"/>
  <testcase name="TestALotOfAdding" classname="LocalCMCTests" time="0.0"/>
  <testcase name="TestALotOfAdding" classname="LocalCMCTests" time="0.001"/>
  <testcase name="TestALotOfAdding" classname="LocalCMCTests" time="0.001"/>
  <testcase name="TestALotOfAdding" classname="LocalCMCTests" time="0.002"/>
  <testcase name="TestALotOfAdding" classname="LocalCMCTests" time="0.001"/>
  <testcase name="TestALotOfAdding" classname="LocalCMCTests" time="0.0"/>
  <testcase name="TestALotOfAdding" classname="LocalCMCTests" time="0.0"/>
  <testcase name="TestALotOfAdding" classname="LocalCMCTests" time="0.0"/>
  <testcase name="TestALotOfAdding" classname="LocalCMCTests" time="0.001"/>
  <testcase name="TestALotOfAdding" classname="LocalCMCTests" time="0.0"/>
  <testcase name="TestALotOfAdding" classname="LocalCMCTests" time="0.0"/>
  <testcase name="TestALotOfAdding" classname="LocalCMCTests" time="0.0"/>
  <testcase name="TestALotOfAdding" classname="LocalCMCTests" time="0.001"/>
  <testcase name="TestALotOfAdding" classname="LocalCMCTests" time="0.001"/>
  <testcase name="TestALotOfAdding" classname="LocalCMCTests" time="0.0"/>
  <testcase name="TestALotOfAdding" classname="LocalCMCTests" time="0.001"/>
  <testcase name="TestALotOfAdding" classname="LocalCMCTests" time="0.002"/>
  <testcase name="TestALotOfAdding" classname="LocalCMCTests" time="0.001"/>
  <testcase name="TestALotOfAdding" classname="LocalCMCTests" time="0.001"/>
  <testcase name="TestALotOfAdding" classname="LocalCMCTests" time="0.002"/>
  <testcase name="TestALotOfAdding" classname="LocalCMCTests" time="0.001"/>
  <testcase name="TestALotOfAdding" classname="LocalCMCTests" time="0.0"/>
  <testcase name="TestALotOfAdding" classname="LocalCMCTests" time="0.0"/>
  <testcase name="TestALotOfAdding" classname="LocalCMCTests" time="0.0"/>
  <testcase name="TestALotOfAdding" classname="LocalCMCTests" time="0.0"/>
  <testcase name="TestALotOfAdding" classname="LocalCMCTests" time="0.001"/>
  <testcase name="TestALotOfAdding" classname="LocalCMCTests" time="0.0"/>
  <testcase name="TestALotOfAdding" classname="LocalCMCTests" time="0.001"/>
  <testcase name="TestALotOfAdding" classname="LocalCMCTests" time="0.0"/>
  <testcase name="TestALotOfAdding" classname="LocalCMCTests" time="0.001"/>
  <testcase name="TestALotOfAdding" classname="LocalCMCTests" time="0.0"/>
  <testcase name="TestALotOfAdding" classname="LocalCMCTests" time="0.0"/>
  <testcase name="TestALotOfAdding" classname="LocalCMCTests" time="0.001"/>
  <testcase name="TestALotOfAdding" classname="LocalCMCTests" time="0.001"/>
  <testcase name="TestALotOfAdding" classname="LocalCMCTests" time="0.001"/>
  <testcase name="TestALotOfAdding" classname="LocalCMCTests" time="0.002"/>
  <testcase name="TestALotOfAdding" classname="LocalCMCTests" time="0.0"/>
  <testcase name="TestALotOfAdding" classname="LocalCMCTests" time="0.001"/>
  <testcase name="TestALotOfAdding" classname="LocalCMCTests" time="0.001"/>
  <testcase name="TestALotOfAdding" classname="LocalCMCTests" time="0.0"/>
  <testcase name="TestALotOfAdding" classname="LocalCMCTests" time="0.0"/>
  <testcase name="TestALotOfAdding" classname="LocalCMCTests" time="0.0"/>
  <testcase name="TestALotOfAdding" classname="LocalCMCTests" time="0.001"/>
  <testcase name="TestALotOfAdding" classname="LocalCMCTests" time="0.0"/>
  <testcase name="TestALotOfAdding" classname="LocalCMCTests" time="0.0"/>
  <testcase name="TestALotOfAdding" classname="LocalCMCTests" time="0.0"/>
  <testcase name="TestALotOfAdding" classname="LocalCMCTests" time="0.0"/>
  <testcase name="TestALotOfAdding" classname="LocalCMCTests" time="0.001"/>
  <testcase name="TestALotOfAdding" classname="LocalCMCTests" time="0.001"/>
  <testcase name="TestALotOfAdding" classname="LocalCMCTests" time="0.001"/>
  <testcase name="TestALotOfAdding" classname="LocalCMCTests" time="0.0"/>
  <testcase name="TestALotOfAdding" classname="LocalCMCTests" time="0.0"/>
  <testcase name="TestALotOfAdding" classname="LocalCMCTests" time="0.001"/>
  <testcase name="TestALotOfAdding" classname="LocalCMCTests" time="0.001"/>
  <testcase name="TestALotOfAdding" classname="LocalCMCTests" time="0.001"/>
  <testcase name="TestALotOfAdding" classname="LocalCMCTests" time="0.0"/>
  <testcase name="TestALotOfAdding" classname="LocalCMCTests" time="0.001"/>
  <testcase name="TestALotOfAdding" classname="LocalCMCTests" time="0.001"/>
  <testcase name="TestALotOfAdding" classname="LocalCMCTests" time="0.001"/>
  <testcase name="TestALotOfAdding" classname="LocalCMCTests" time="0.0"/>
  <testcase name="TestALotOfAdding" classname="LocalCMCTests" time="0.0"/>
  <testcase name="TestALotOfAdding" classname="LocalCMCTests" time="0.001"/>
  <testcase name="TestALotOfAdding" classname="LocalCMCTests" time="0.0"/>
  <testcase name="TestALotOfAdding" classname="LocalCMCTests" time="0.0"/>
  <testcase name="TestALotOfAdding" classname="LocalCMCTests" time="0.0"/>
  <testcase name="TestALotOfAdding" classname="LocalCMCTests" time="0.0"/>
  <testcase name="TestALotOfAdding" classname="LocalCMCTests" time="0.001"/>
  <testcase name="TestALotOfAdding" classname="LocalCMCTests" time="0.002"/>
  <testcase name="TestALotOfAdding" classname="LocalCMCTests" time="0.001"/>
  <testcase name="TestALotOfAdding" classname="LocalCMCTests" time="0.001"/>
  <testcase name="TestALotOfAdding" classname="LocalCMCTests" time="0.001"/>
  <testcase name="TestALotOfAdding" classname="LocalCMCTests" time="0.001"/>
  <testcase name="TestALotOfAdding" classname="LocalCMCTests" time="0.0"/>
  <testcase name="TestALotOfAdding" classname="LocalCMCTests" time="0.001"/>
  <testcase name="TestALotOfAdding" classname="LocalCMCTests" time="0.0"/>
  <testcase name="TestALotOfAdding" classname="LocalCMCTests" time="0.001"/>
  <testcase name="TestALotOfAdding" classname="LocalCMCTests" time="0.0"/>
  <testcase name="TestALotOfAdding" classname="LocalCMCTests" time="0.0"/>
  <testcase name="TestALotOfAdding" classname="LocalCMCTests" time="0.001"/>
  <testcase name="TestALotOfAdding" classname="LocalCMCTests" time="0.0"/>
  <testcase name="TestALotOfAdding" classname="LocalCMCTests" time="0.001"/>
  <testcase name="TestALotOfAdding" classname="LocalCMCTests" time="0.001"/>
  <testcase name="TestALotOfAdding" classname="LocalCMCTests" time="0.001"/>
  <testcase name="TestALotOfAdding" classname="LocalCMCTests" time="0.0"/>
  <testcase name="TestALotOfAdding" classname="LocalCMCTests" time="0.0"/>
  <testcase name="TestALotOfAdding" classname="LocalCMCTests" time="0.001"/>
  <testcase name="TestALotOfAdding" classname="LocalCMCTests" time="0.001"/>
  <testcase name="TestALotOfAdding" classname="LocalCMCTests" time="0.0"/>
  <testcase name="TestALotOfAdding" classname="LocalCMCTests" time="0.001"/>
  <testcase name="TestALotOfAdding" classname="LocalCMCTests" time="0.001"/>
  <testcase name="TestALotOfAdding" classname="LocalCMCTests" time="0.0"/>
  <testcase name="TestALotOfAdding" classname="LocalCMCTests" time="0.001"/>
  <testcase name="TestALotOfAdding" classname="LocalCMCTests" time="0.001"/>
  <testcase name="TestALotOfAdding" classname="LocalCMCTests" time="0.0"/>
  <testcase name="TestALotOfAdding" classname="LocalCMCTests" time="0.0"/>
  <testcase name="TestALotOfAdding" classname="LocalCMCTests" time="0.0"/>
  <testcase name="TestALotOfAdding" classname="LocalCMCTests" time="0.0"/>
  <testcase name="TestALotOfAdding" classname="LocalCMCTests" time="0.0"/>
  <testcase name="TestALotOfAdding" classname="LocalCMCTests" time="0.0"/>
  <testcase name="TestALotOfAdding" classname="LocalCMCTests" time="0.001"/>
  <testcase name="TestALotOfAdding" classname="LocalCMCTests" time="0.001"/>
  <testcase name="TestALotOfAdding" classname="LocalCMCTests" time="0.001"/>
  <testcase name="TestALotOfAdding" classname="LocalCMCTests" time="0.001"/>
  <testcase name="TestALotOfAdding" classname="LocalCMCTests" time="0.0"/>
  <testcase name="TestALotOfAdding" classname="LocalCMCTests" time="0.0"/>
  <testcase name="TestALotOfAdding" classname="LocalCMCTests" time="0.0"/>
  <testcase name="TestALotOfAdding" classname="LocalCMCTests" time="0.001"/>
  <testcase name="TestALotOfAdding" classname="LocalCMCTests" time="0.001"/>
  <testcase name="TestALotOfAdding" classname="LocalCMCTests" time="0.001"/>
  <testcase name="TestALotOfAdding" classname="LocalCMCTests" time="0.001"/>
  <testcase name="TestALotOfAdding" classname="LocalCMCTests" time="0.002"/>
  <testcase name="TestALotOfAdding" classname="LocalCMCTests" time="0.0"/>
  <testcase name="TestALotOfAdding" classname="LocalCMCTests" time="0.0"/>
  <testcase name="TestALotOfAdding" classname="LocalCMCTests" time="0.0"/>
  <testcase name="TestALotOfAdding" classname="LocalCMCTests" time="0.001"/>
  <testcase name="TestALotOfAdding" classname="LocalCMCTests" time="0.001"/>
  <testcase name="TestALotOfAdding" classname="LocalCMCTests" time="0.001"/>
  <testcase name="TestALotOfAdding" classname="LocalCMCTests" time="0.0"/>
  <testcase name="TestALotOfAdding" classname="LocalCMCTests" time="0.001"/>
  <testcase name="TestALotOfAdding" classname="LocalCMCTests" time="0.001"/>
  <testcase name="TestALotOfAdding" classname="LocalCMCTests" time="0.0"/>
  <testcase name="TestALotOfAdding" classname="LocalCMCTests" time="0.001"/>
  <testcase name="TestALotOfAdding" classname="LocalCMCTests" time="0.0"/>
  <testcase name="TestALotOfAdding" classname="LocalCMCTests" time="0.001"/>
  <testcase name="TestALotOfAdding" classname="LocalCMCTests" time="0.0"/>
  <testcase name="TestALotOfAdding" classname="LocalCMCTests" time="0.0"/>
  <testcase name="TestALotOfAdding" classname="LocalCMCTests" time="0.0"/>
  <testcase name="TestALotOfAdding" classname="LocalCMCTests" time="0.001"/>
  <testcase name="TestALotOfAdding" classname="LocalCMCTests" time="0.001"/>
  <testcase name="TestALotOfAdding" classname="LocalCMCTests" time="0.002"/>
  <testcase name="TestALotOfAdding" classname="LocalCMCTests" time="0.001"/>
  <testcase name="TestALotOfAdding" classname="LocalCMCTests" time="0.001"/>
  <testcase name="TestALotOfAdding" classname="LocalCMCTests" time="0.0"/>
  <testcase name="TestALotOfAdding" classname="LocalCMCTests" time="0.002"/>
  <testcase name="TestALotOfAdding" classname="LocalCMCTests" time="0.002"/>
  <testcase name="TestALotOfAdding" classname="LocalCMCTests" time="0.002"/>
  <testcase name="TestALotOfAdding" classname="LocalCMCTests" time="0.0"/>
  <testcase name="TestALotOfAdding" classname="LocalCMCTests" time="0.002"/>
  <testcase name="TestALotOfAdding" classname="LocalCMCTests" time="0.0"/>
  <testcase name="TestALotOfAdding" classname="LocalCMCTests" time="0.0"/>
  <testcase name="TestALotOfAdding" classname="LocalCMCTests" time="0.0"/>
  <testcase name="TestALotOfAdding" classname="LocalCMCTests" time="0.0"/>
  <testcase name="TestALotOfAdding" classname="LocalCMCTests" time="0.0"/>
  <testcase name="TestALotOfAdding" classname="LocalCMCTests" time="0.002"/>
  <testcase name="TestALotOfAdding" classname="LocalCMCTests" time="0.0"/>
  <testcase name="TestALotOfAdding" classname="LocalCMCTests" time="0.002"/>
  <testcase name="TestALotOfAdding" classname="LocalCMCTests" time="0.002"/>
  <testcase name="TestALotOfAdding" classname="LocalCMCTests" time="0.001"/>
  <testcase name="TestALotOfAdding" classname="LocalCMCTests" time="0.001"/>
  <testcase name="TestALotOfAdding" classname="LocalCMCTests" time="0.001"/>
  <testcase name="TestALotOfAdding" classname="LocalCMCTests" time="0.0"/>
  <testcase name="TestALotOfAdding" classname="LocalCMCTests" time="0.001"/>
  <testcase name="TestALotOfAdding" classname="LocalCMCTests" time="0.001"/>
  <testcase name="TestALotOfAdding" classname="LocalCMCTests" time="0.001"/>
  <testcase name="TestALotOfAdding" classname="LocalCMCTests" time="0.001"/>
  <testcase name="TestALotOfAdding" classname="LocalCMCTests" time="0.001"/>
  <testcase name="TestALotOfAdding" classname="LocalCMCTests" time="0.001"/>
  <testcase name="TestALotOfAdding" classname="LocalCMCTests" time="0.001"/>
  <testcase name="TestALotOfAdding" classname="LocalCMCTests" time="0.0"/>
  <testcase name="TestALotOfAdding" classname="LocalCMCTests" time="0.0"/>
  <testcase name="TestALotOfAdding" classname="LocalCMCTests" time="0.0"/>
  <testcase name="TestALotOfAdding" classname="LocalCMCTests" time="0.0"/>
  <testcase name="TestALotOfAdding" classname="LocalCMCTests" time="0.0"/>
  <testcase name="TestALotOfAdding" classname="LocalCMCTests" time="0.0"/>
  <testcase name="TestALotOfAdding" classname="LocalCMCTests" time="0.0"/>
  <testcase name="TestALotOfAdding" classname="LocalCMCTests" time="0.001"/>
  <testcase name="TestALotOfAdding" classname="LocalCMCTests" time="0.001"/>
  <testcase name="TestALotOfAdding" classname="LocalCMCTests" time="0.0"/>
  <testcase name="TestALotOfAdding" classname="LocalCMCTests" time="0.0"/>
  <testcase name="TestALotOfAdding" classname="LocalCMCTests" time="0.001"/>
  <testcase name="TestALotOfAdding" classname="LocalCMCTests" time="0.0"/>
  <testcase name="TestALotOfAdding" classname="LocalCMCTests" time="0.001"/>
  <testcase name="TestALotOfAdding" classname="LocalCMCTests" time="0.0"/>
  <testcase name="TestALotOfAdding" classname="LocalCMCTests" time="0.0"/>
  <testcase name="TestALotOfAdding" classname="LocalCMCTests" time="0.001"/>
  <testcase name="TestALotOfAdding" classname="LocalCMCTests" time="0.001"/>
  <testcase name="TestALotOfAdding" classname="LocalCMCTests" time="0.0"/>
  <testcase name="TestALotOfAdding" classname="LocalCMCTests" time="0.001"/>
  <testcase name="TestALotOfAdding" classname="LocalCMCTests" time="0.0"/>
  <testcase name="TestALotOfAdding" classname="LocalCMCTests" time="0.002"/>
  <testcase name="TestALotOfAdding" classname="LocalCMCTests" time="0.001"/>
  <testcase name="TestALotOfAdding" classname="LocalCMCTests" time="0.0"/>
  <testcase name="TestALotOfAdding" classname="LocalCMCTests" time="0.002"/>
  <testcase name="TestALotOfAdding" classname="LocalCMCTests" time="0.001"/>
  <testcase name="TestALotOfAdding" classname="LocalCMCTests" time="0.0"/>
  <testcase name="TestALotOfAdding" classname="LocalCMCTests" time="0.001"/>
  <testcase name="TestALotOfAdding" classname="LocalCMCTests" time="0.0"/>
  <testcase name="TestALotOfAdding" classname="LocalCMCTests" time="0.001"/>
  <testcase name="TestALotOfAdding" classname="LocalCMCTests" time="0.001"/>
  <testcase name="TestALotOfAdding" classname="LocalCMCTests" time="0.001"/>
  <testcase name="TestALotOfAdding" classname="LocalCMCTests" time="0.003"/>
  <testcase name="TestALotOfAdding" classname="LocalCMCTests" time="0.0"/>
  <testcase name="TestALotOfAdding" classname="LocalCMCTests" time="0.0"/>
  <testcase name="TestALotOfAdding" classname="LocalCMCTests" time="0.0"/>
  <testcase name="TestALotOfAdding" classname="LocalCMCTests" time="0.0"/>
  <testcase name="TestALotOfAdding" classname="LocalCMCTests" time="0.001"/>
  <testcase name="TestALotOfAdding" classname="LocalCMCTests" time="0.0"/>
  <testcase name="TestALotOfAdding" classname="LocalCMCTests" time="0.001"/>
  <testcase name="TestALotOfAdding" classname="LocalCMCTests" time="0.001"/>
  <testcase name="TestALotOfAdding" classname="LocalCMCTests" time="0.001"/>
  <testcase name="TestALotOfAdding" classname="LocalCMCTests" time="0.0"/>
  <testcase name="TestALotOfAdding" classname="LocalCMCTests" time="0.002"/>
  <testcase name="TestALotOfAdding" classname="LocalCMCTests" time="0.0"/>
  <testcase name="TestALotOfAdding" classname="LocalCMCTests" time="0.001"/>
  <testcase name="TestALotOfAdding" classname="LocalCMCTests" time="0.0"/>
  <testcase name="TestALotOfAdding" classname="LocalCMCTests" time="0.0"/>
  <testcase name="TestALotOfAdding" classname="LocalCMCTests" time="0.0"/>
  <testcase name="TestALotOfAdding" classname="LocalCMCTests" time="0.0"/>
  <testcase name="TestALotOfAdding" classname="LocalCMCTests" time="0.0"/>
  <testcase name="TestALotOfAdding" classname="LocalCMCTests" time="0.001"/>
  <testcase name="TestALotOfAdding" classname="LocalCMCTests" time="0.0"/>
  <testcase name="TestALotOfAdding" classname="LocalCMCTests" time="0.001"/>
  <testcase name="TestALotOfAdding" classname="LocalCMCTests" time="0.0"/>
  <testcase name="TestALotOfAdding" classname="LocalCMCTests" time="0.002"/>
  <testcase name="TestALotOfAdding" classname="LocalCMCTests" time="0.002"/>
  <testcase name="TestALotOfAdding" classname="LocalCMCTests" time="0.0"/>
  <testcase name="TestALotOfAdding" classname="LocalCMCTests" time="0.0"/>
  <testcase name="TestALotOfAdding" classname="LocalCMCTests" time="0.0"/>
  <testcase name="TestALotOfAdding" classname="LocalCMCTests" time="0.001"/>
  <testcase name="TestALotOfAdding" classname="LocalCMCTests" time="0.001"/>
  <testcase name="TestALotOfAdding" classname="LocalCMCTests" time="0.0"/>
  <testcase name="TestALotOfAdding" classname="LocalCMCTests" time="0.001"/>
  <testcase name="TestALotOfAdding" classname="LocalCMCTests" time="0.001"/>
  <testcase name="TestALotOfAdding" classname="LocalCMCTests" time="0.001"/>
  <testcase name="TestALotOfAdding" classname="LocalCMCTests" time="0.001"/>
  <testcase name="TestALotOfAdding" classname="LocalCMCTests" time="0.001"/>
  <testcase name="TestALotOfAdding" classname="LocalCMCTests" time="0.0"/>
  <testcase name="TestALotOfAdding" classname="LocalCMCTests" time="0.0"/>
  <testcase name="TestALotOfAdding" classname="LocalCMCTests" time="0.001"/>
  <testcase name="TestALotOfAdding" classname="LocalCMCTests" time="0.001"/>
  <testcase name="TestALotOfAdding" classname="LocalCMCTests" time="0.001"/>
  <testcase name="TestALotOfAdding" classname="LocalCMCTests" time="0.0"/>
  <testcase name="TestALotOfAdding" classname="LocalCMCTests" time="0.001"/>
  <testcase name="TestALotOfAdding" classname="LocalCMCTests" time="0.001"/>
  <testcase name="TestALotOfAdding" classname="LocalCMCTests" time="0.001"/>
  <testcase name="TestALotOfAdding" classname="LocalCMCTests" time="0.0"/>
  <testcase name="TestALotOfAdding" classname="LocalCMCTests" time="0.0"/>
  <testcase name="TestALotOfAdding" classname="LocalCMCTests" time="0.0"/>
  <testcase name="TestALotOfAdding" classname="LocalCMCTests" time="0.0"/>
  <testcase name="TestALotOfAdding" classname="LocalCMCTests" time="0.001"/>
  <testcase name="TestALotOfAdding" classname="LocalCMCTests" time="0.0"/>
  <testcase name="TestALotOfAdding" classname="LocalCMCTests" time="0.0"/>
  <testcase name="TestALotOfAdding" classname="LocalCMCTests" time="0.001"/>
  <testcase name="TestALotOfAdding" classname="LocalCMCTests" time="0.002"/>
  <testcase name="TestALotOfAdding" classname="LocalCMCTests" time="0.0"/>
  <testcase name="TestALotOfAdding" classname="LocalCMCTests" time="0.001"/>
  <testcase name="TestALotOfAdding" classname="LocalCMCTests" time="0.002"/>
  <testcase name="TestALotOfAdding" classname="LocalCMCTests" time="0.001"/>
  <testcase name="TestALotOfAdding" classname="LocalCMCTests" time="0.0"/>
  <testcase name="TestALotOfAdding" classname="LocalCMCTests" time="0.001"/>
  <testcase name="TestALotOfAdding" classname="LocalCMCTests" time="0.001"/>
  <testcase name="TestALotOfAdding" classname="LocalCMCTests" time="0.0"/>
  <testcase name="TestALotOfAdding" classname="LocalCMCTests" time="0.001"/>
  <testcase name="TestALotOfAdding" classname="LocalCMCTests" time="0.001"/>
  <testcase name="TestALotOfAdding" classname="LocalCMCTests" time="0.0"/>
  <testcase name="TestALotOfAdding" classname="LocalCMCTests" time="0.0"/>
  <testcase name="TestALotOfAdding" classname="LocalCMCTests" time="0.001"/>
  <testcase name="TestALotOfAdding" classname="LocalCMCTests" time="0.001"/>
  <testcase name="TestALotOfAdding" classname="LocalCMCTests" time="0.001"/>
  <testcase name="TestALotOfAdding" classname="LocalCMCTests" time="0.001"/>
  <testcase name="TestALotOfAdding" classname="LocalCMCTests" time="0.0"/>
  <testcase name="TestALotOfAdding" classname="LocalCMCTests" time="0.001"/>
  <testcase name="TestALotOfAdding" classname="LocalCMCTests" time="0.001"/>
  <testcase name="TestALotOfAdding" classname="LocalCMCTests" time="0.0"/>
  <testcase name="TestALotOfAdding" classname="LocalCMCTests" time="0.001"/>
  <testcase name="TestALotOfAdding" classname="LocalCMCTests" time="0.001"/>
  <testcase name="TestALotOfAdding" classname="LocalCMCTests" time="0.0"/>
  <testcase name="TestALotOfAdding" classname="LocalCMCTests" time="0.001"/>
  <testcase name="TestALotOfAdding" classname="LocalCMCTests" time="0.0"/>
  <testcase name="TestALotOfAdding" classname="LocalCMCTests" time="0.001"/>
  <testcase name="TestALotOfAdding" classname="LocalCMCTests" time="0.0"/>
  <testcase name="TestALotOfAdding" classname="LocalCMCTests" time="0.001"/>
  <testcase name="TestALotOfAdding" classname="LocalCMCTests" time="0.0"/>
  <testcase name="TestALotOfAdding" classname="LocalCMCTests" time="0.0"/>
  <testcase name="TestALotOfAdding" classname="LocalCMCTests" time="0.0"/>
  <testcase name="TestALotOfAdding" classname="LocalCMCTests" time="0.001"/>
  <testcase name="TestALotOfAdding" classname="LocalCMCTests" time="0.001"/>
  <testcase name="TestALotOfAdding" classname="LocalCMCTests" time="0.0"/>
  <testcase name="TestALotOfAdding" classname="LocalCMCTests" time="0.001"/>
  <testcase name="TestALotOfAdding" classname="LocalCMCTests" time="0.001"/>
  <testcase name="TestALotOfAdding" classname="LocalCMCTests" time="0.0"/>
  <testcase name="TestALotOfAdding" classname="LocalCMCTests" time="0.001"/>
  <testcase name="TestALotOfAdding" classname="LocalCMCTests" time="0.001"/>
  <testcase name="TestALotOfAdding" classname="LocalCMCTests" time="0.0"/>
  <testcase name="TestALotOfAdding" classname="LocalCMCTests" time="0.001"/>
  <testcase name="TestALotOfAdding" classname="LocalCMCTests" time="0.001"/>
  <testcase name="TestALotOfAdding" classname="LocalCMCTests" time="0.001"/>
  <testcase name="TestALotOfAdding" classname="LocalCMCTests" time="0.001"/>
  <testcase name="TestALotOfAdding" classname="LocalCMCTests" time="0.0"/>
  <testcase name="TestALotOfAdding" classname="LocalCMCTests" time="0.0"/>
  <testcase name="TestALotOfAdding" classname="LocalCMCTests" time="0.0"/>
  <testcase name="TestALotOfAdding" classname="LocalCMCTests" time="0.001"/>
  <testcase name="TestALotOfAdding" classname="LocalCMCTests" time="0.0"/>
  <testcase name="TestALotOfAdding" classname="LocalCMCTests" time="0.001"/>
  <testcase name="TestALotOfAdding" classname="LocalCMCTests" time="0.001"/>
  <testcase name="TestALotOfAdding" classname="LocalCMCTests" time="0.0"/>
  <testcase name="TestALotOfAdding" classname="LocalCMCTests" time="0.001"/>
  <testcase name="TestALotOfAdding" classname="LocalCMCTests" time="0.0"/>
  <testcase name="TestALotOfAdding" classname="LocalCMCTests" time="0.0"/>
  <testcase name="TestALotOfAdding" classname="LocalCMCTests" time="0.001"/>
  <testcase name="TestALotOfAdding" classname="LocalCMCTests" time="0.0"/>
  <testcase name="TestALotOfAdding" classname="LocalCMCTests" time="0.0"/>
  <testcase name="TestALotOfAdding" classname="LocalCMCTests" time="0.001"/>
  <testcase name="TestALotOfAdding" classname="LocalCMCTests" time="0.0"/>
  <testcase name="TestALotOfAdding" classname="LocalCMCTests" time="0.001"/>
  <testcase name="TestALotOfAdding" classname="LocalCMCTests" time="0.001"/>
  <testcase name="TestALotOfAdding" classname="LocalCMCTests" time="0.001"/>
  <testcase name="TestALotOfAdding" classname="LocalCMCTests" time="0.0"/>
  <testcase name="TestALotOfAdding" classname="LocalCMCTests" time="0.002"/>
  <testcase name="TestALotOfAdding" classname="LocalCMCTests" time="0.001"/>
  <testcase name="TestALotOfAdding" classname="LocalCMCTests" time="0.001"/>
  <testcase name="TestALotOfAdding" classname="LocalCMCTests" time="0.001"/>
  <testcase name="TestALotOfAdding" classname="LocalCMCTests" time="0.001"/>
  <testcase name="TestALotOfAdding" classname="LocalCMCTests" time="0.001"/>
  <testcase name="TestALotOfAdding" classname="LocalCMCTests" time="0.0"/>
  <testcase name="TestALotOfAdding" classname="LocalCMCTests" time="0.0"/>
  <testcase name="TestALotOfAdding" classname="LocalCMCTests" time="0.0"/>
  <testcase name="TestALotOfAdding" classname="LocalCMCTests" time="0.001"/>
  <testcase name="TestALotOfAdding" classname="LocalCMCTests" time="0.0"/>
  <testcase name="TestALotOfAdding" classname="LocalCMCTests" time="0.0"/>
  <testcase name="TestALotOfAdding" classname="LocalCMCTests" time="0.001"/>
  <testcase name="TestALotOfAdding" classname="LocalCMCTests" time="0.0"/>
  <testcase name="TestALotOfAdding" classname="LocalCMCTests" time="0.001"/>
  <testcase name="TestALotOfAdding" classname="LocalCMCTests" time="0.001"/>
  <testcase name="TestALotOfAdding" classname="LocalCMCTests" time="0.002"/>
  <testcase name="TestALotOfAdding" classname="LocalCMCTests" time="0.0"/>
  <testcase name="TestALotOfAdding" classname="LocalCMCTests" time="0.001"/>
  <testcase name="TestALotOfAdding" classname="LocalCMCTests" time="0.001"/>
  <testcase name="TestALotOfAdding" classname="LocalCMCTests" time="0.0"/>
  <testcase name="TestALotOfAdding" classname="LocalCMCTests" time="0.0"/>
  <testcase name="TestALotOfAdding" classname="LocalCMCTests" time="0.0"/>
  <testcase name="TestALotOfAdding" classname="LocalCMCTests" time="0.0"/>
  <testcase name="TestALotOfAdding" classname="LocalCMCTests" time="0.001"/>
  <testcase name="TestALotOfAdding" classname="LocalCMCTests" time="0.0"/>
  <testcase name="TestALotOfAdding" classname="LocalCMCTests" time="0.0"/>
  <testcase name="TestALotOfAdding" classname="LocalCMCTests" time="0.001"/>
  <testcase name="TestALotOfAdding" classname="LocalCMCTests" time="0.001"/>
  <testcase name="TestALotOfAdding" classname="LocalCMCTests" time="0.002"/>
  <testcase name="TestALotOfAdding" classname="LocalCMCTests" time="0.001"/>
  <testcase name="TestALotOfAdding" classname="LocalCMCTests" time="0.001"/>
  <testcase name="TestALotOfAdding" classname="LocalCMCTests" time="0.0"/>
  <testcase name="TestALotOfAdding" classname="LocalCMCTests" time="0.001"/>
  <testcase name="TestALotOfAdding" classname="LocalCMCTests" time="0.001"/>
  <testcase name="TestALotOfAdding" classname="LocalCMCTests" time="0.0"/>
  <testcase name="TestALotOfAdding" classname="LocalCMCTests" time="0.001"/>
  <testcase name="TestALotOfAdding" classname="LocalCMCTests" time="0.001"/>
  <testcase name="TestALotOfAdding" classname="LocalCMCTests" time="0.0"/>
  <testcase name="TestALotOfAdding" classname="LocalCMCTests" time="0.001"/>
  <testcase name="TestALotOfAdding" classname="LocalCMCTests" time="0.0"/>
  <testcase name="TestALotOfAdding" classname="LocalCMCTests" time="0.0"/>
  <testcase name="TestALotOfAdding" classname="LocalCMCTests" time="0.0"/>
  <testcase name="TestALotOfAdding" classname="LocalCMCTests" time="0.001"/>
  <testcase name="TestALotOfAdding" classname="LocalCMCTests" time="0.0"/>
  <testcase name="TestALotOfAdding" classname="LocalCMCTests" time="0.001"/>
  <testcase name="TestALotOfAdding" classname="LocalCMCTests" time="0.001"/>
  <testcase name="TestALotOfAdding" classname="LocalCMCTests" time="0.001"/>
  <testcase name="TestALotOfAdding" classname="LocalCMCTests" time="0.001"/>
  <testcase name="TestALotOfAdding" classname="LocalCMCTests" time="0.001"/>
  <testcase name="TestALotOfAdding" classname="LocalCMCTests" time="0.001"/>
  <testcase name="TestALotOfAdding" classname="LocalCMCTests" time="0.001"/>
  <testcase name="TestALotOfAdding" classname="LocalCMCTests" time="0.002"/>
  <testcase name="TestALotOfAdding" classname="LocalCMCTests" time="0.0"/>
  <testcase name="TestALotOfAdding" classname="LocalCMCTests" time="0.0"/>
  <testcase name="TestALotOfAdding" classname="LocalCMCTests" time="0.0"/>
  <testcase name="TestALotOfAdding" classname="LocalCMCTests" time="0.0"/>
  <testcase name="TestALotOfAdding" classname="LocalCMCTests" time="0.0"/>
  <testcase name="TestALotOfAdding" classname="LocalCMCTests" time="0.0"/>
  <testcase name="TestALotOfAdding" classname="LocalCMCTests" time="0.0"/>
  <testcase name="TestALotOfAdding" classname="LocalCMCTests" time="0.001"/>
  <testcase name="TestALotOfAdding" classname="LocalCMCTests" time="0.0"/>
  <testcase name="TestALotOfAdding" classname="LocalCMCTests" time="0.0"/>
  <testcase name="TestALotOfAdding" classname="LocalCMCTests" time="0.0"/>
  <testcase name="TestALotOfAdding" classname="LocalCMCTests" time="0.001"/>
  <testcase name="TestALotOfAdding" classname="LocalCMCTests" time="0.001"/>
  <testcase name="TestALotOfAdding" classname="LocalCMCTests" time="0.001"/>
  <testcase name="TestALotOfAdding" classname="LocalCMCTests" time="0.001"/>
  <testcase name="TestALotOfAdding" classname="LocalCMCTests" time="0.001"/>
  <testcase name="TestALotOfAdding" classname="LocalCMCTests" time="0.0"/>
  <testcase name="TestALotOfAdding" classname="LocalCMCTests" time="0.0"/>
  <testcase name="TestALotOfAdding" classname="LocalCMCTests" time="0.0"/>
  <testcase name="TestALotOfAdding" classname="LocalCMCTests" time="0.0"/>
  <testcase name="TestALotOfAdding" classname="LocalCMCTests" time="0.0"/>
  <testcase name="TestALotOfAdding" classname="LocalCMCTests" time="0.001"/>
  <testcase name="TestALotOfAdding" classname="LocalCMCTests" time="0.0"/>
  <testcase name="TestALotOfAdding" classname="LocalCMCTests" time="0.001"/>
  <testcase name="TestALotOfAdding" classname="LocalCMCTests" time="0.002"/>
  <testcase name="TestALotOfAdding" classname="LocalCMCTests" time="0.0"/>
  <testcase name="TestALotOfAdding" classname="LocalCMCTests" time="0.001"/>
  <testcase name="TestALotOfAdding" classname="LocalCMCTests" time="0.001"/>
  <testcase name="TestALotOfAdding" classname="LocalCMCTests" time="0.001"/>
  <testcase name="TestALotOfAdding" classname="LocalCMCTests" time="0.0"/>
  <testcase name="TestALotOfAdding" classname="LocalCMCTests" time="0.002"/>
  <testcase name="TestALotOfAdding" classname="LocalCMCTests" time="0.0"/>
  <testcase name="TestALotOfAdding" classname="LocalCMCTests" time="0.001"/>
  <testcase name="TestALotOfAdding" classname="LocalCMCTests" time="0.001"/>
  <testcase name="TestALotOfAdding" classname="LocalCMCTests" time="0.0"/>
  <testcase name="TestALotOfAdding" classname="LocalCMCTests" time="0.001"/>
  <testcase name="TestALotOfAdding" classname="LocalCMCTests" time="0.0"/>
  <testcase name="TestALotOfAdding" classname="LocalCMCTests" time="0.0"/>
  <testcase name="TestALotOfAdding" classname="LocalCMCTests" time="0.0"/>
  <testcase name="TestALotOfAdding" classname="LocalCMCTests" time="0.001"/>
  <testcase name="TestALotOfAdding" classname="LocalCMCTests" time="0.001"/>
  <testcase name="TestALotOfAdding" classname="LocalCMCTests" time="0.001"/>
  <testcase name="TestALotOfAdding" classname="LocalCMCTests" time="0.001"/>
  <testcase name="TestALotOfAdding" classname="LocalCMCTests" time="0.001"/>
  <testcase name="TestALotOfAdding" classname="LocalCMCTests" time="0.0"/>
  <testcase name="TestALotOfAdding" classname="LocalCMCTests" time="0.0"/>
  <testcase name="TestALotOfAdding" classname="LocalCMCTests" time="0.001"/>
  <testcase name="TestALotOfAdding" classname="LocalCMCTests" time="0.001"/>
  <testcase name="TestALotOfAdding" classname="LocalCMCTests" time="0.002"/>
  <testcase name="TestALotOfAdding" classname="LocalCMCTests" time="0.0"/>
  <testcase name="TestALotOfAdding" classname="LocalCMCTests" time="0.001"/>
  <testcase name="TestALotOfAdding" classname="LocalCMCTests" time="0.0"/>
  <testcase name="TestALotOfAdding" classname="LocalCMCTests" time="0.0"/>
  <testcase name="TestALotOfAdding" classname="LocalCMCTests" time="0.0"/>
  <testcase name="TestALotOfAdding" classname="LocalCMCTests" time="0.0"/>
  <testcase name="TestALotOfAdding" classname="LocalCMCTests" time="0.001"/>
  <testcase name="TestALotOfAdding" classname="LocalCMCTests" time="0.0"/>
  <testcase name="TestALotOfAdding" classname="LocalCMCTests" time="0.001"/>
  <testcase name="TestALotOfAdding" classname="LocalCMCTests" time="0.001"/>
  <testcase name="TestALotOfAdding" classname="LocalCMCTests" time="0.001"/>
  <testcase name="TestALotOfAdding" classname="LocalCMCTests" time="0.001"/>
  <testcase name="TestALotOfAdding" classname="LocalCMCTests" time="0.001"/>
  <testcase name="TestALotOfAdding" classname="LocalCMCTests" time="0.0"/>
  <testcase name="TestALotOfAdding" classname="LocalCMCTests" time="0.0"/>
  <testcase name="TestALotOfAdding" classname="LocalCMCTests" time="0.001"/>
  <testcase name="TestALotOfAdding" classname="LocalCMCTests" time="0.001"/>
  <testcase name="TestALotOfAdding" classname="LocalCMCTests" time="0.001"/>
  <testcase name="TestALotOfAdding" classname="LocalCMCTests" time="0.0"/>
  <testcase name="TestALotOfAdding" classname="LocalCMCTests" time="0.0"/>
  <testcase name="TestALotOfAdding" classname="LocalCMCTests" time="0.0"/>
  <testcase name="TestALotOfAdding" classname="LocalCMCTests" time="0.001"/>
  <testcase name="TestALotOfAdding" classname="LocalCMCTests" time="0.001"/>
  <testcase name="TestALotOfAdding" classname="LocalCMCTests" time="0.0"/>
  <testcase name="TestALotOfAdding" classname="LocalCMCTests" time="0.001"/>
  <testcase name="TestALotOfAdding" classname="LocalCMCTests" time="0.0"/>
  <testcase name="TestALotOfAdding" classname="LocalCMCTests" time="0.001"/>
  <testcase name="TestALotOfAdding" classname="LocalCMCTests" time="0.002"/>
  <testcase name="TestALotOfAdding" classname="LocalCMCTests" time="0.0"/>
  <testcase name="TestALotOfAdding" classname="LocalCMCTests" time="0.001"/>
  <testcase name="TestALotOfAdding" classname="LocalCMCTests" time="0.001"/>
  <testcase name="TestALotOfAdding" classname="LocalCMCTests" time="0.001"/>
  <testcase name="TestALotOfAdding" classname="LocalCMCTests" time="0.0"/>
  <testcase name="TestALotOfAdding" classname="LocalCMCTests" time="0.0"/>
  <testcase name="TestALotOfAdding" classname="LocalCMCTests" time="0.0"/>
  <testcase name="TestALotOfAdding" classname="LocalCMCTests" time="0.0"/>
  <testcase name="TestALotOfAdding" classname="LocalCMCTests" time="0.0"/>
  <testcase name="TestALotOfAdding" classname="LocalCMCTests" time="0.001"/>
  <testcase name="TestALotOfAdding" classname="LocalCMCTests" time="0.001"/>
  <testcase name="TestALotOfAdding" classname="LocalCMCTests" time="0.001"/>
  <testcase name="TestALotOfAdding" classname="LocalCMCTests" time="0.0"/>
  <testcase name="TestALotOfAdding" classname="LocalCMCTests" time="0.001"/>
  <testcase name="TestALotOfAdding" classname="LocalCMCTests" time="0.0"/>
  <testcase name="TestALotOfAdding" classname="LocalCMCTests" time="0.001"/>
  <testcase name="TestALotOfAdding" classname="LocalCMCTests" time="0.001"/>
  <testcase name="TestALotOfAdding" classname="LocalCMCTests" time="0.0"/>
  <testcase name="TestALotOfAdding" classname="LocalCMCTests" time="0.001"/>
  <testcase name="TestALotOfAdding" classname="LocalCMCTests" time="0.0"/>
  <testcase name="TestALotOfAdding" classname="LocalCMCTests" time="0.001"/>
  <testcase name="TestALotOfAdding" classname="LocalCMCTests" time="0.001"/>
  <testcase name="TestALotOfAdding" classname="LocalCMCTests" time="0.0"/>
  <testcase name="TestALotOfAdding" classname="LocalCMCTests" time="0.001"/>
  <testcase name="TestALotOfAdding" classname="LocalCMCTests" time="0.0"/>
  <testcase name="TestALotOfAdding" classname="LocalCMCTests" time="0.002"/>
  <testcase name="TestALotOfAdding" classname="LocalCMCTests" time="0.001"/>
  <testcase name="TestALotOfAdding" classname="LocalCMCTests" time="0.0"/>
  <testcase name="TestALotOfAdding" classname="LocalCMCTests" time="0.001"/>
  <testcase name="TestALotOfAdding" classname="LocalCMCTests" time="0.001"/>
  <testcase name="TestALotOfAdding" classname="LocalCMCTests" time="0.001"/>
  <testcase name="TestALotOfAdding" classname="LocalCMCTests" time="0.001"/>
  <testcase name="TestALotOfAdding" classname="LocalCMCTests" time="0.001"/>
  <testcase name="TestALotOfAdding" classname="LocalCMCTests" time="0.0"/>
  <testcase name="TestALotOfAdding" classname="LocalCMCTests" time="0.001"/>
  <testcase name="TestALotOfAdding" classname="LocalCMCTests" time="0.001"/>
  <testcase name="TestALotOfAdding" classname="LocalCMCTests" time="0.001"/>
  <testcase name="TestALotOfAdding" classname="LocalCMCTests" time="0.001"/>
  <testcase name="TestALotOfAdding" classname="LocalCMCTests" time="0.001"/>
  <testcase name="TestALotOfAdding" classname="LocalCMCTests" time="0.001"/>
  <testcase name="TestALotOfAdding" classname="LocalCMCTests" time="0.0"/>
  <testcase name="TestALotOfAdding" classname="LocalCMCTests" time="0.001"/>
  <testcase name="TestALotOfAdding" classname="LocalCMCTests" time="0.0"/>
  <testcase name="TestALotOfAdding" classname="LocalCMCTests" time="0.0"/>
  <testcase name="TestALotOfAdding" classname="LocalCMCTests" time="0.0"/>
  <testcase name="TestALotOfAdding" classname="LocalCMCTests" time="0.0"/>
  <testcase name="TestALotOfAdding" classname="LocalCMCTests" time="0.001"/>
  <testcase name="TestALotOfAdding" classname="LocalCMCTests" time="0.001"/>
  <testcase name="TestALotOfAdding" classname="LocalCMCTests" time="0.001"/>
  <testcase name="TestALotOfAdding" classname="LocalCMCTests" time="0.001"/>
  <testcase name="TestALotOfAdding" classname="LocalCMCTests" time="0.0"/>
  <testcase name="TestALotOfAdding" classname="LocalCMCTests" time="0.001"/>
  <testcase name="TestALotOfAdding" classname="LocalCMCTests" time="0.001"/>
  <testcase name="TestALotOfAdding" classname="LocalCMCTests" time="0.001"/>
  <testcase name="TestALotOfAdding" classname="LocalCMCTests" time="0.001"/>
  <testcase name="TestALotOfAdding" classname="LocalCMCTests" time="0.0"/>
  <testcase name="TestALotOfAdding" classname="LocalCMCTests" time="0.0"/>
  <testcase name="TestALotOfAdding" classname="LocalCMCTests" time="0.001"/>
  <testcase name="TestALotOfAdding" classname="LocalCMCTests" time="0.0"/>
  <testcase name="TestALotOfAdding" classname="LocalCMCTests" time="0.0"/>
  <testcase name="TestALotOfAdding" classname="LocalCMCTests" time="0.0"/>
  <testcase name="TestALotOfAdding" classname="LocalCMCTests" time="0.001"/>
  <testcase name="TestALotOfAdding" classname="LocalCMCTests" time="0.0"/>
  <testcase name="TestALotOfAdding" classname="LocalCMCTests" time="0.0"/>
  <testcase name="TestALotOfAdding" classname="LocalCMCTests" time="0.001"/>
  <testcase name="TestALotOfAdding" classname="LocalCMCTests" time="0.001"/>
  <testcase name="TestALotOfAdding" classname="LocalCMCTests" time="0.001"/>
  <testcase name="TestALotOfAdding" classname="LocalCMCTests" time="0.0"/>
  <testcase name="TestALotOfAdding" classname="LocalCMCTests" time="0.001"/>
  <testcase name="TestALotOfAdding" classname="LocalCMCTests" time="0.001"/>
  <testcase name="TestALotOfAdding" classname="LocalCMCTests" time="0.0"/>
  <testcase name="TestALotOfAdding" classname="LocalCMCTests" time="0.0"/>
  <testcase name="TestALotOfAdding" classname="LocalCMCTests" time="0.0"/>
  <testcase name="TestALotOfAdding" classname="LocalCMCTests" time="0.001"/>
  <testcase name="TestALotOfAdding" classname="LocalCMCTests" time="0.001"/>
  <testcase name="TestALotOfAdding" classname="LocalCMCTests" time="0.0"/>
  <testcase name="TestALotOfAdding" classname="LocalCMCTests" time="0.0"/>
  <testcase name="TestALotOfAdding" classname="LocalCMCTests" time="0.002"/>
  <testcase name="TestALotOfAdding" classname="LocalCMCTests" time="0.002"/>
  <testcase name="TestALotOfAdding" classname="LocalCMCTests" time="0.001"/>
  <testcase name="TestALotOfAdding" classname="LocalCMCTests" time="0.0"/>
  <testcase name="TestALotOfAdding" classname="LocalCMCTests" time="0.001"/>
  <testcase name="TestALotOfAdding" classname="LocalCMCTests" time="0.0"/>
  <testcase name="TestALotOfAdding" classname="LocalCMCTests" time="0.0"/>
  <testcase name="TestALotOfAdding" classname="LocalCMCTests" time="0.001"/>
  <testcase name="TestALotOfAdding" classname="LocalCMCTests" time="0.001"/>
  <testcase name="TestALotOfAdding" classname="LocalCMCTests" time="0.001"/>
  <testcase name="TestALotOfAdding" classname="LocalCMCTests" time="0.001"/>
  <testcase name="TestALotOfAdding" classname="LocalCMCTests" time="0.001"/>
  <testcase name="TestALotOfAdding" classname="LocalCMCTests" time="0.0"/>
  <testcase name="TestALotOfAdding" classname="LocalCMCTests" time="0.001"/>
  <testcase name="TestALotOfAdding" classname="LocalCMCTests" time="0.0"/>
  <testcase name="TestALotOfAdding" classname="LocalCMCTests" time="0.0"/>
  <testcase name="TestALotOfAdding" classname="LocalCMCTests" time="0.0"/>
  <testcase name="TestALotOfAdding" classname="LocalCMCTests" time="0.0"/>
  <testcase name="TestALotOfAdding" classname="LocalCMCTests" time="0.0"/>
  <testcase name="TestALotOfAdding" classname="LocalCMCTests" time="0.001"/>
  <testcase name="TestALotOfAdding" classname="LocalCMCTests" time="0.001"/>
  <testcase name="TestALotOfAdding" classname="LocalCMCTests" time="0.0"/>
  <testcase name="TestALotOfAdding" classname="LocalCMCTests" time="0.001"/>
  <testcase name="TestALotOfAdding" classname="LocalCMCTests" time="0.001"/>
  <testcase name="TestALotOfAdding" classname="LocalCMCTests" time="0.001"/>
  <testcase name="TestALotOfAdding" classname="LocalCMCTests" time="0.001"/>
  <testcase name="TestALotOfAdding" classname="LocalCMCTests" time="0.001"/>
  <testcase name="TestALotOfAdding" classname="LocalCMCTests" time="0.0"/>
  <testcase name="TestALotOfAdding" classname="LocalCMCTests" time="0.001"/>
  <testcase name="TestALotOfAdding" classname="LocalCMCTests" time="0.0"/>
  <testcase name="TestALotOfAdding" classname="LocalCMCTests" time="0.001"/>
  <testcase name="TestALotOfAdding" classname="LocalCMCTests" time="0.0"/>
  <testcase name="TestALotOfAdding" classname="LocalCMCTests" time="0.001"/>
  <testcase name="TestALotOfAdding" classname="LocalCMCTests" time="0.0"/>
  <testcase name="TestALotOfAdding" classname="LocalCMCTests" time="0.0"/>
  <testcase name="TestALotOfAdding" classname="LocalCMCTests" time="0.0"/>
  <testcase name="TestALotOfAdding" classname="LocalCMCTests" time="0.001"/>
  <testcase name="TestALotOfAdding" classname="LocalCMCTests" time="0.001"/>
  <testcase name="TestALotOfAdding" classname="LocalCMCTests" time="0.001"/>
  <testcase name="TestALotOfAdding" classname="LocalCMCTests" time="0.001"/>
  <testcase name="TestALotOfAdding" classname="LocalCMCTests" time="0.0"/>
  <testcase name="TestALotOfAdding" classname="LocalCMCTests" time="0.0"/>
  <testcase name="TestALotOfAdding" classname="LocalCMCTests" time="0.001"/>
  <testcase name="TestALotOfAdding" classname="LocalCMCTests" time="0.0"/>
  <testcase name="TestALotOfAdding" classname="LocalCMCTests" time="0.0"/>
  <testcase name="TestALotOfAdding" classname="LocalCMCTests" time="0.0"/>
  <testcase name="TestALotOfAdding" classname="LocalCMCTests" time="0.001"/>
  <testcase name="TestALotOfAdding" classname="LocalCMCTests" time="0.001"/>
  <testcase name="TestALotOfAdding" classname="LocalCMCTests" time="0.001"/>
  <testcase name="TestALotOfAdding" classname="LocalCMCTests" time="0.0"/>
  <testcase name="TestALotOfAdding" classname="LocalCMCTests" time="0.0"/>
  <testcase name="TestALotOfAdding" classname="LocalCMCTests" time="0.001"/>
  <testcase name="TestALotOfAdding" classname="LocalCMCTests" time="0.001"/>
  <testcase name="TestALotOfAdding" classname="LocalCMCTests" time="0.001"/>
  <testcase name="TestALotOfAdding" classname="LocalCMCTests" time="0.0"/>
  <testcase name="TestALotOfAdding" classname="LocalCMCTests" time="0.002"/>
  <testcase name="TestALotOfAdding" classname="LocalCMCTests" time="0.001"/>
  <testcase name="TestALotOfAdding" classname="LocalCMCTests" time="0.001"/>
  <testcase name="TestALotOfAdding" classname="LocalCMCTests" time="0.0"/>
  <testcase name="TestALotOfAdding" classname="LocalCMCTests" time="0.0"/>
  <testcase name="TestALotOfAdding" classname="LocalCMCTests" time="0.001"/>
  <testcase name="TestALotOfAdding" classname="LocalCMCTests" time="0.0"/>
  <testcase name="TestALotOfAdding" classname="LocalCMCTests" time="0.001"/>
  <testcase name="TestALotOfAdding" classname="LocalCMCTests" time="0.001"/>
  <testcase name="TestALotOfAdding" classname="LocalCMCTests" time="0.0"/>
  <testcase name="TestALotOfAdding" classname="LocalCMCTests" time="0.0"/>
  <testcase name="TestALotOfAdding" classname="LocalCMCTests" time="0.0"/>
  <testcase name="TestALotOfAdding" classname="LocalCMCTests" time="0.001"/>
  <testcase name="TestALotOfAdding" classname="LocalCMCTests" time="0.002"/>
  <testcase name="TestALotOfAdding" classname="LocalCMCTests" time="0.001"/>
  <testcase name="TestALotOfAdding" classname="LocalCMCTests" time="0.0"/>
  <testcase name="TestALotOfAdding" classname="LocalCMCTests" time="0.001"/>
  <testcase name="TestALotOfAdding" classname="LocalCMCTests" time="0.001"/>
  <testcase name="TestALotOfAdding" classname="LocalCMCTests" time="0.0"/>
  <testcase name="TestALotOfAdding" classname="LocalCMCTests" time="0.0"/>
  <testcase name="TestALotOfAdding" classname="LocalCMCTests" time="0.001"/>
  <testcase name="TestALotOfAdding" classname="LocalCMCTests" time="0.0"/>
  <testcase name="TestALotOfAdding" classname="LocalCMCTests" time="0.0"/>
  <testcase name="TestALotOfAdding" classname="LocalCMCTests" time="0.0"/>
  <testcase name="TestALotOfAdding" classname="LocalCMCTests" time="0.001"/>
  <testcase name="TestALotOfAdding" classname="LocalCMCTests" time="0.0"/>
  <testcase name="TestALotOfAdding" classname="LocalCMCTests" time="0.001"/>
  <testcase name="TestALotOfAdding" classname="LocalCMCTests" time="0.0"/>
  <testcase name="TestALotOfAdding" classname="LocalCMCTests" time="0.0"/>
  <testcase name="TestALotOfAdding" classname="LocalCMCTests" time="0.001"/>
  <testcase name="TestALotOfAdding" classname="LocalCMCTests" time="0.001"/>
  <testcase name="TestALotOfAdding" classname="LocalCMCTests" time="0.001"/>
  <testcase name="TestALotOfAdding" classname="LocalCMCTests" time="0.001"/>
  <testcase name="TestALotOfAdding" classname="LocalCMCTests" time="0.001"/>
  <testcase name="TestALotOfAdding" classname="LocalCMCTests" time="0.0"/>
  <testcase name="TestALotOfAdding" classname="LocalCMCTests" time="0.0"/>
  <testcase name="TestALotOfAdding" classname="LocalCMCTests" time="0.003"/>
  <testcase name="TestALotOfAdding" classname="LocalCMCTests" time="0.0"/>
  <testcase name="TestALotOfAdding" classname="LocalCMCTests" time="0.0"/>
  <testcase name="TestALotOfAdding" classname="LocalCMCTests" time="0.0"/>
  <testcase name="TestALotOfAdding" classname="LocalCMCTests" time="0.0"/>
  <testcase name="TestALotOfAdding" classname="LocalCMCTests" time="0.0"/>
  <testcase name="TestALotOfAdding" classname="LocalCMCTests" time="0.0"/>
  <testcase name="TestALotOfAdding" classname="LocalCMCTests" time="0.0"/>
  <testcase name="TestALotOfAdding" classname="LocalCMCTests" time="0.002"/>
  <testcase name="TestALotOfAdding" classname="LocalCMCTests" time="0.0"/>
  <testcase name="TestALotOfAdding" classname="LocalCMCTests" time="0.0"/>
  <testcase name="TestALotOfAdding" classname="LocalCMCTests" time="0.002"/>
  <testcase name="TestALotOfAdding" classname="LocalCMCTests" time="0.001"/>
  <testcase name="TestALotOfAdding" classname="LocalCMCTests" time="0.001"/>
  <testcase name="TestALotOfAdding" classname="LocalCMCTests" time="0.001"/>
  <testcase name="TestALotOfAdding" classname="LocalCMCTests" time="0.001"/>
  <testcase name="TestALotOfAdding" classname="LocalCMCTests" time="0.001"/>
  <testcase name="TestALotOfAdding" classname="LocalCMCTests" time="0.0"/>
  <testcase name="TestALotOfAdding" classname="LocalCMCTests" time="0.001"/>
  <testcase name="TestALotOfAdding" classname="LocalCMCTests" time="0.0"/>
  <testcase name="TestALotOfAdding" classname="LocalCMCTests" time="0.001"/>
  <testcase name="TestALotOfAdding" classname="LocalCMCTests" time="0.0"/>
  <testcase name="TestALotOfAdding" classname="LocalCMCTests" time="0.0"/>
  <testcase name="TestALotOfAdding" classname="LocalCMCTests" time="0.001"/>
  <testcase name="TestALotOfAdding" classname="LocalCMCTests" time="0.001"/>
  <testcase name="TestALotOfAdding" classname="LocalCMCTests" time="0.001"/>
  <testcase name="TestALotOfAdding" classname="LocalCMCTests" time="0.001"/>
  <testcase name="TestALotOfAdding" classname="LocalCMCTests" time="0.001"/>
  <testcase name="TestALotOfAdding" classname="LocalCMCTests" time="0.001"/>
  <testcase name="TestALotOfAdding" classname="LocalCMCTests" time="0.003"/>
  <testcase name="TestALotOfAdding" classname="LocalCMCTests" time="0.001"/>
  <testcase name="TestALotOfAdding" classname="LocalCMCTests" time="0.0"/>
  <testcase name="TestALotOfAdding" classname="LocalCMCTests" time="0.0"/>
  <testcase name="TestALotOfAdding" classname="LocalCMCTests" time="0.001"/>
  <testcase name="TestALotOfAdding" classname="LocalCMCTests" time="0.0"/>
  <testcase name="TestALotOfAdding" classname="LocalCMCTests" time="0.001"/>
  <testcase name="TestALotOfAdding" classname="LocalCMCTests" time="0.001"/>
  <testcase name="TestALotOfAdding" classname="LocalCMCTests" time="0.0"/>
  <testcase name="TestALotOfAdding" classname="LocalCMCTests" time="0.0"/>
  <testcase name="TestALotOfAdding" classname="LocalCMCTests" time="0.0"/>
  <testcase name="TestALotOfAdding" classname="LocalCMCTests" time="0.0"/>
  <testcase name="TestALotOfAdding" classname="LocalCMCTests" time="0.0"/>
  <testcase name="TestALotOfAdding" classname="LocalCMCTests" time="0.001"/>
  <testcase name="TestALotOfAdding" classname="LocalCMCTests" time="0.0"/>
  <testcase name="TestALotOfAdding" classname="LocalCMCTests" time="0.001"/>
  <testcase name="TestALotOfAdding" classname="LocalCMCTests" time="0.001"/>
  <testcase name="TestALotOfAdding" classname="LocalCMCTests" time="0.0"/>
  <testcase name="TestALotOfAdding" classname="LocalCMCTests" time="0.0"/>
  <testcase name="TestALotOfAdding" classname="LocalCMCTests" time="0.001"/>
  <testcase name="TestALotOfAdding" classname="LocalCMCTests" time="0.001"/>
  <testcase name="TestALotOfAdding" classname="LocalCMCTests" time="0.001"/>
  <testcase name="TestALotOfAdding" classname="LocalCMCTests" time="0.001"/>
  <testcase name="TestALotOfAdding" classname="LocalCMCTests" time="0.0"/>
  <testcase name="TestALotOfAdding" classname="LocalCMCTests" time="0.0"/>
  <testcase name="TestALotOfAdding" classname="LocalCMCTests" time="0.0"/>
  <testcase name="TestALotOfAdding" classname="LocalCMCTests" time="0.0"/>
  <testcase name="TestALotOfAdding" classname="LocalCMCTests" time="0.001"/>
  <testcase name="TestALotOfAdding" classname="LocalCMCTests" time="0.0"/>
  <testcase name="TestALotOfAdding" classname="LocalCMCTests" time="0.001"/>
  <testcase name="TestALotOfAdding" classname="LocalCMCTests" time="0.0"/>
  <testcase name="TestALotOfAdding" classname="LocalCMCTests" time="0.001"/>
  <testcase name="TestALotOfAdding" classname="LocalCMCTests" time="0.001"/>
  <testcase name="TestALotOfAdding" classname="LocalCMCTests" time="0.001"/>
  <testcase name="TestALotOfAdding" classname="LocalCMCTests" time="0.0"/>
  <testcase name="TestALotOfAdding" classname="LocalCMCTests" time="0.0"/>
  <testcase name="TestALotOfAdding" classname="LocalCMCTests" time="0.0"/>
  <testcase name="TestALotOfAdding" classname="LocalCMCTests" time="0.0"/>
  <testcase name="TestALotOfAdding" classname="LocalCMCTests" time="0.0"/>
  <testcase name="TestALotOfAdding" classname="LocalCMCTests" time="0.0"/>
  <testcase name="TestALotOfAdding" classname="LocalCMCTests" time="0.0"/>
  <testcase name="TestALotOfAdding" classname="LocalCMCTests" time="0.001"/>
  <testcase name="TestALotOfAdding" classname="LocalCMCTests" time="0.001"/>
  <testcase name="TestALotOfAdding" classname="LocalCMCTests" time="0.0"/>
  <testcase name="TestALotOfAdding" classname="LocalCMCTests" time="0.002"/>
  <testcase name="TestALotOfAdding" classname="LocalCMCTests" time="0.002"/>
  <testcase name="TestALotOfAdding" classname="LocalCMCTests" time="0.002"/>
  <testcase name="TestALotOfAdding" classname="LocalCMCTests" time="0.002"/>
  <testcase name="TestALotOfAdding" classname="LocalCMCTests" time="0.0"/>
  <testcase name="TestALotOfAdding" classname="LocalCMCTests" time="0.001"/>
  <testcase name="TestALotOfAdding" classname="LocalCMCTests" time="0.001"/>
  <testcase name="TestALotOfAdding" classname="LocalCMCTests" time="0.001"/>
  <testcase name="TestALotOfAdding" classname="LocalCMCTests" time="0.001"/>
  <testcase name="TestALotOfAdding" classname="LocalCMCTests" time="0.0"/>
  <testcase name="TestALotOfAdding" classname="LocalCMCTests" time="0.001"/>
  <testcase name="TestALotOfAdding" classname="LocalCMCTests" time="0.0"/>
  <testcase name="TestALotOfAdding" classname="LocalCMCTests" time="0.001"/>
  <testcase name="TestALotOfAdding" classname="LocalCMCTests" time="0.0"/>
  <testcase name="TestALotOfAdding" classname="LocalCMCTests" time="0.0"/>
  <testcase name="TestALotOfAdding" classname="LocalCMCTests" time="0.001"/>
  <testcase name="TestALotOfAdding" classname="LocalCMCTests" time="0.001"/>
  <testcase name="TestALotOfAdding" classname="LocalCMCTests" time="0.001"/>
  <testcase name="TestALotOfAdding" classname="LocalCMCTests" time="0.0"/>
  <testcase name="TestALotOfAdding" classname="LocalCMCTests" time="0.001"/>
  <testcase name="TestALotOfAdding" classname="LocalCMCTests" time="0.001"/>
  <testcase name="TestALotOfAdding" classname="LocalCMCTests" time="0.001"/>
  <testcase name="TestALotOfAdding" classname="LocalCMCTests" time="0.0"/>
  <testcase name="TestALotOfAdding" classname="LocalCMCTests" time="0.0"/>
  <testcase name="TestALotOfAdding" classname="LocalCMCTests" time="0.0"/>
  <testcase name="TestALotOfAdding" classname="LocalCMCTests" time="0.001"/>
  <testcase name="TestALotOfAdding" classname="LocalCMCTests" time="0.0"/>
  <testcase name="TestALotOfAdding" classname="LocalCMCTests" time="0.0"/>
  <testcase name="TestALotOfAdding" classname="LocalCMCTests" time="0.001"/>
  <testcase name="TestALotOfAdding" classname="LocalCMCTests" time="0.001"/>
  <testcase name="TestALotOfAdding" classname="LocalCMCTests" time="0.0"/>
  <testcase name="TestALotOfAdding" classname="LocalCMCTests" time="0.001"/>
  <testcase name="TestALotOfAdding" classname="LocalCMCTests" time="0.0"/>
  <testcase name="TestALotOfAdding" classname="LocalCMCTests" time="0.001"/>
  <testcase name="TestALotOfAdding" classname="LocalCMCTests" time="0.0"/>
  <testcase name="TestALotOfAdding" classname="LocalCMCTests" time="0.001"/>
  <testcase name="TestALotOfAdding" classname="LocalCMCTests" time="0.001"/>
  <testcase name="TestALotOfAdding" classname="LocalCMCTests" time="0.0"/>
  <testcase name="TestALotOfAdding" classname="LocalCMCTests" time="0.001"/>
  <testcase name="TestALotOfAdding" classname="LocalCMCTests" time="0.001"/>
  <testcase name="TestALotOfAdding" classname="LocalCMCTests" time="0.0"/>
  <testcase name="TestALotOfAdding" classname="LocalCMCTests" time="0.001"/>
  <testcase name="TestALotOfAdding" classname="LocalCMCTests" time="0.0"/>
  <testcase name="TestALotOfAdding" classname="LocalCMCTests" time="0.0"/>
  <testcase name="TestALotOfAdding" classname="LocalCMCTests" time="0.0"/>
  <testcase name="TestALotOfAdding" classname="LocalCMCTests" time="0.0"/>
  <testcase name="TestALotOfAdding" classname="LocalCMCTests" time="0.0"/>
  <testcase name="TestALotOfAdding" classname="LocalCMCTests" time="0.0"/>
  <testcase name="TestALotOfAdding" classname="LocalCMCTests" time="0.001"/>
  <testcase name="TestALotOfAdding" classname="LocalCMCTests" time="0.0"/>
  <testcase name="TestALotOfAdding" classname="LocalCMCTests" time="0.002"/>
  <testcase name="TestALotOfAdding" classname="LocalCMCTests" time="0.0"/>
  <testcase name="TestALotOfAdding" classname="LocalCMCTests" time="0.002"/>
  <testcase name="TestALotOfAdding" classname="LocalCMCTests" time="0.002"/>
  <testcase name="TestALotOfAdding" classname="LocalCMCTests" time="0.0"/>
  <testcase name="TestALotOfAdding" classname="LocalCMCTests" time="0.0"/>
  <testcase name="TestALotOfAdding" classname="LocalCMCTests" time="0.001"/>
  <testcase name="TestALotOfAdding" classname="LocalCMCTests" time="0.001"/>
  <testcase name="TestALotOfAdding" classname="LocalCMCTests" time="0.001"/>
  <testcase name="TestALotOfAdding" classname="LocalCMCTests" time="0.0"/>
  <testcase name="TestALotOfAdding" classname="LocalCMCTests" time="0.001"/>
  <testcase name="TestALotOfAdding" classname="LocalCMCTests" time="0.001"/>
  <testcase name="TestALotOfAdding" classname="LocalCMCTests" time="0.002"/>
  <testcase name="TestALotOfAdding" classname="LocalCMCTests" time="0.001"/>
  <testcase name="TestALotOfAdding" classname="LocalCMCTests" time="0.001"/>
  <testcase name="TestALotOfAdding" classname="LocalCMCTests" time="0.0"/>
  <testcase name="TestALotOfAdding" classname="LocalCMCTests" time="0.001"/>
  <testcase name="TestALotOfAdding" classname="LocalCMCTests" time="0.001"/>
  <testcase name="TestALotOfAdding" classname="LocalCMCTests" time="0.001"/>
  <testcase name="TestALotOfAdding" classname="LocalCMCTests" time="0.0"/>
  <testcase name="TestALotOfAdding" classname="LocalCMCTests" time="0.0"/>
  <testcase name="TestALotOfAdding" classname="LocalCMCTests" time="0.001"/>
  <testcase name="TestALotOfAdding" classname="LocalCMCTests" time="0.0"/>
  <testcase name="TestALotOfAdding" classname="LocalCMCTests" time="0.001"/>
  <testcase name="TestALotOfAdding" classname="LocalCMCTests" time="0.0"/>
  <testcase name="TestALotOfAdding" classname="LocalCMCTests" time="0.0"/>
  <testcase name="TestALotOfAdding" classname="LocalCMCTests" time="0.0"/>
  <testcase name="TestALotOfAdding" classname="LocalCMCTests" time="0.0"/>
  <testcase name="TestALotOfAdding" classname="LocalCMCTests" time="0.001"/>
  <testcase name="TestALotOfAdding" classname="LocalCMCTests" time="0.0"/>
  <testcase name="TestALotOfAdding" classname="LocalCMCTests" time="0.001"/>
  <testcase name="TestALotOfAdding" classname="LocalCMCTests" time="0.001"/>
  <testcase name="TestALotOfAdding" classname="LocalCMCTests" time="0.001"/>
  <testcase name="TestALotOfAdding" classname="LocalCMCTests" time="0.0"/>
  <testcase name="TestALotOfAdding" classname="LocalCMCTests" time="0.002"/>
  <testcase name="TestALotOfAdding" classname="LocalCMCTests" time="0.001"/>
  <testcase name="TestALotOfAdding" classname="LocalCMCTests" time="0.0"/>
  <testcase name="TestALotOfAdding" classname="LocalCMCTests" time="0.001"/>
  <testcase name="TestALotOfAdding" classname="LocalCMCTests" time="0.001"/>
  <testcase name="TestALotOfAdding" classname="LocalCMCTests" time="0.001"/>
  <testcase name="TestALotOfAdding" classname="LocalCMCTests" time="0.0"/>
  <testcase name="TestALotOfAdding" classname="LocalCMCTests" time="0.0"/>
  <testcase name="TestALotOfAdding" classname="LocalCMCTests" time="0.0"/>
  <testcase name="TestALotOfAdding" classname="LocalCMCTests" time="0.0"/>
  <testcase name="TestALotOfAdding" classname="LocalCMCTests" time="0.0"/>
  <testcase name="TestALotOfAdding" classname="LocalCMCTests" time="0.001"/>
  <testcase name="TestALotOfAdding" classname="LocalCMCTests" time="0.001"/>
  <testcase name="TestALotOfAdding" classname="LocalCMCTests" time="0.002"/>
  <testcase name="TestALotOfAdding" classname="LocalCMCTests" time="0.001"/>
  <testcase name="TestALotOfAdding" classname="LocalCMCTests" time="0.001"/>
  <testcase name="TestALotOfAdding" classname="LocalCMCTests" time="0.001"/>
  <testcase name="TestALotOfAdding" classname="LocalCMCTests" time="0.001"/>
  <testcase name="TestALotOfAdding" classname="LocalCMCTests" time="0.0"/>
  <testcase name="TestALotOfAdding" classname="LocalCMCTests" time="0.001"/>
  <testcase name="TestALotOfAdding" classname="LocalCMCTests" time="0.0"/>
  <testcase name="TestALotOfAdding" classname="LocalCMCTests" time="0.0"/>
  <testcase name="TestALotOfAdding" classname="LocalCMCTests" time="0.001"/>
  <testcase name="TestALotOfAdding" classname="LocalCMCTests" time="0.0"/>
  <testcase name="TestALotOfAdding" classname="LocalCMCTests" time="0.0"/>
  <testcase name="TestALotOfAdding" classname="LocalCMCTests" time="0.0"/>
  <testcase name="TestALotOfAdding" classname="LocalCMCTests" time="0.001"/>
  <testcase name="TestALotOfAdding" classname="LocalCMCTests" time="0.001"/>
  <testcase name="TestALotOfAdding" classname="LocalCMCTests" time="0.001"/>
  <testcase name="TestALotOfAdding" classname="LocalCMCTests" time="0.0"/>
  <testcase name="TestALotOfAdding" classname="LocalCMCTests" time="0.0"/>
  <testcase name="TestALotOfAdding" classname="LocalCMCTests" time="0.0"/>
  <testcase name="TestALotOfAdding" classname="LocalCMCTests" time="0.001"/>
  <testcase name="TestALotOfAdding" classname="LocalCMCTests" time="0.001"/>
  <testcase name="TestALotOfAdding" classname="LocalCMCTests" time="0.0"/>
  <testcase name="TestALotOfAdding" classname="LocalCMCTests" time="0.001"/>
  <testcase name="TestALotOfAdding" classname="LocalCMCTests" time="0.0"/>
  <testcase name="TestALotOfAdding" classname="LocalCMCTests" time="0.001"/>
  <testcase name="TestALotOfAdding" classname="LocalCMCTests" time="0.001"/>
  <testcase name="TestALotOfAdding" classname="LocalCMCTests" time="0.001"/>
  <testcase name="TestALotOfAdding" classname="LocalCMCTests" time="0.0"/>
  <testcase name="TestALotOfAdding" classname="LocalCMCTests" time="0.001"/>
  <testcase name="TestALotOfAdding" classname="LocalCMCTests" time="0.001"/>
  <testcase name="TestALotOfAdding" classname="LocalCMCTests" time="0.001"/>
  <testcase name="TestALotOfAdding" classname="LocalCMCTests" time="0.0"/>
  <testcase name="TestALotOfAdding" classname="LocalCMCTests" time="0.0"/>
  <testcase name="TestALotOfAdding" classname="LocalCMCTests" time="0.0"/>
  <testcase name="TestALotOfAdding" classname="LocalCMCTests" time="0.0"/>
  <testcase name="TestALotOfAdding" classname="LocalCMCTests" time="0.001"/>
  <testcase name="TestALotOfAdding" classname="LocalCMCTests" time="0.001"/>
  <testcase name="TestALotOfAdding" classname="LocalCMCTests" time="0.001"/>
  <testcase name="TestALotOfAdding" classname="LocalCMCTests" time="0.0"/>
  <testcase name="TestALotOfAdding" classname="LocalCMCTests" time="0.001"/>
  <testcase name="TestALotOfAdding" classname="LocalCMCTests" time="0.0"/>
  <testcase name="TestALotOfAdding" classname="LocalCMCTests" time="0.001"/>
  <testcase name="TestALotOfAdding" classname="LocalCMCTests" time="0.001"/>
  <testcase name="TestALotOfAdding" classname="LocalCMCTests" time="0.001"/>
  <testcase name="TestALotOfAdding" classname="LocalCMCTests" time="0.001"/>
  <testcase name="TestALotOfAdding" classname="LocalCMCTests" time="0.0"/>
  <testcase name="TestALotOfAdding" classname="LocalCMCTests" time="0.001"/>
  <testcase name="TestALotOfAdding" classname="LocalCMCTests" time="0.0"/>
  <testcase name="TestALotOfAdding" classname="LocalCMCTests" time="0.0"/>
  <testcase name="TestALotOfAdding" classname="LocalCMCTests" time="0.0"/>
  <testcase name="TestALotOfAdding" classname="LocalCMCTests" time="0.0"/>
  <testcase name="TestALotOfAdding" classname="LocalCMCTests" time="0.001"/>
  <testcase name="TestALotOfAdding" classname="LocalCMCTests" time="0.001"/>
  <testcase name="TestALotOfAdding" classname="LocalCMCTests" time="0.0"/>
  <testcase name="TestALotOfAdding" classname="LocalCMCTests" time="0.001"/>
  <testcase name="TestALotOfAdding" classname="LocalCMCTests" time="0.001"/>
  <testcase name="TestALotOfAdding" classname="LocalCMCTests" time="0.0"/>
  <testcase name="TestALotOfAdding" classname="LocalCMCTests" time="0.0"/>
  <testcase name="TestALotOfAdding" classname="LocalCMCTests" time="0.0"/>
  <testcase name="TestALotOfAdding" classname="LocalCMCTests" time="0.0"/>
  <testcase name="TestALotOfAdding" classname="LocalCMCTests" time="0.0"/>
  <testcase name="TestALotOfAdding" classname="LocalCMCTests" time="0.0"/>
  <testcase name="TestALotOfAdding" classname="LocalCMCTests" time="0.0"/>
  <testcase name="TestALotOfAdding" classname="LocalCMCTests" time="0.001"/>
  <testcase name="TestALotOfAdding" classname="LocalCMCTests" time="0.001"/>
  <testcase name="TestALotOfAdding" classname="LocalCMCTests" time="0.001"/>
  <testcase name="TestALotOfAdding" classname="LocalCMCTests" time="0.0"/>
  <testcase name="TestALotOfAdding" classname="LocalCMCTests" time="0.0"/>
  <testcase name="TestALotOfAdding" classname="LocalCMCTests" time="0.0"/>
  <testcase name="TestALotOfAdding" classname="LocalCMCTests" time="0.001"/>
  <testcase name="TestALotOfAdding" classname="LocalCMCTests" time="0.001"/>
  <testcase name="TestALotOfAdding" classname="LocalCMCTests" time="0.001"/>
  <testcase name="TestALotOfAdding" classname="LocalCMCTests" time="0.001"/>
  <testcase name="TestALotOfAdding" classname="LocalCMCTests" time="0.001"/>
  <testcase name="TestALotOfAdding" classname="LocalCMCTests" time="0.0"/>
  <testcase name="TestALotOfAdding" classname="LocalCMCTests" time="0.002"/>
  <testcase name="TestALotOfAdding" classname="LocalCMCTests" time="0.001"/>
  <testcase name="TestALotOfAdding" classname="LocalCMCTests" time="0.001"/>
  <testcase name="TestALotOfAdding" classname="LocalCMCTests" time="0.001"/>
  <testcase name="TestALotOfAdding" classname="LocalCMCTests" time="0.0"/>
  <testcase name="TestALotOfAdding" classname="LocalCMCTests" time="0.0"/>
  <testcase name="TestALotOfAdding" classname="LocalCMCTests" time="0.001"/>
  <testcase name="TestALotOfAdding" classname="LocalCMCTests" time="0.0"/>
  <testcase name="TestALotOfAdding" classname="LocalCMCTests" time="0.001"/>
  <testcase name="TestALotOfAdding" classname="LocalCMCTests" time="0.001"/>
  <testcase name="TestALotOfAdding" classname="LocalCMCTests" time="0.001"/>
  <testcase name="TestALotOfAdding" classname="LocalCMCTests" time="0.002"/>
  <testcase name="TestALotOfAdding" classname="LocalCMCTests" time="0.0"/>
  <testcase name="TestALotOfAdding" classname="LocalCMCTests" time="0.0"/>
  <testcase name="TestALotOfAdding" classname="LocalCMCTests" time="0.0"/>
  <testcase name="TestALotOfAdding" classname="LocalCMCTests" time="0.0"/>
  <testcase name="TestALotOfAdding" classname="LocalCMCTests" time="0.001"/>
  <testcase name="TestALotOfAdding" classname="LocalCMCTests" time="0.001"/>
  <testcase name="TestALotOfAdding" classname="LocalCMCTests" time="0.001"/>
  <testcase name="TestALotOfAdding" classname="LocalCMCTests" time="0.0"/>
  <testcase name="TestALotOfAdding" classname="LocalCMCTests" time="0.001"/>
  <testcase name="TestALotOfAdding" classname="LocalCMCTests" time="0.001"/>
  <testcase name="TestALotOfAdding" classname="LocalCMCTests" time="0.001"/>
  <testcase name="TestALotOfAdding" classname="LocalCMCTests" time="0.002"/>
  <testcase name="TestALotOfAdding" classname="LocalCMCTests" time="0.002"/>
  <testcase name="TestALotOfAdding" classname="LocalCMCTests" time="0.0"/>
  <testcase name="TestALotOfAdding" classname="LocalCMCTests" time="0.0"/>
  <testcase name="TestALotOfAdding" classname="LocalCMCTests" time="0.0"/>
  <testcase name="TestALotOfAdding" classname="LocalCMCTests" time="0.001"/>
  <testcase name="TestALotOfAdding" classname="LocalCMCTests" time="0.002"/>
  <testcase name="TestALotOfAdding" classname="LocalCMCTests" time="0.002"/>
  <testcase name="TestALotOfAdding" classname="LocalCMCTests" time="0.0"/>
  <testcase name="TestALotOfAdding" classname="LocalCMCTests" time="0.0"/>
  <testcase name="TestALotOfAdding" classname="LocalCMCTests" time="0.0"/>
  <testcase name="TestALotOfAdding" classname="LocalCMCTests" time="0.0"/>
  <testcase name="TestALotOfAdding" classname="LocalCMCTests" time="0.0"/>
  <testcase name="TestALotOfAdding" classname="LocalCMCTests" time="0.0"/>
  <testcase name="TestALotOfAdding" classname="LocalCMCTests" time="0.0"/>
  <testcase name="TestALotOfAdding" classname="LocalCMCTests" time="0.001"/>
  <testcase name="TestALotOfAdding" classname="LocalCMCTests" time="0.001"/>
  <testcase name="TestALotOfAdding" classname="LocalCMCTests" time="0.001"/>
  <testcase name="TestALotOfAdding" classname="LocalCMCTests" time="0.0"/>
  <testcase name="TestALotOfAdding" classname="LocalCMCTests" time="0.001"/>
  <testcase name="TestALotOfAdding" classname="LocalCMCTests" time="0.002"/>
  <testcase name="TestALotOfAdding" classname="LocalCMCTests" time="0.0"/>
  <testcase name="TestALotOfAdding" classname="LocalCMCTests" time="0.001"/>
  <testcase name="TestALotOfAdding" classname="LocalCMCTests" time="0.0"/>
  <testcase name="TestALotOfAdding" classname="LocalCMCTests" time="0.0"/>
  <testcase name="TestALotOfAdding" classname="LocalCMCTests" time="0.0"/>
  <testcase name="TestALotOfAdding" classname="LocalCMCTests" time="0.0"/>
  <testcase name="TestALotOfAdding" classname="LocalCMCTests" time="0.0"/>
  <testcase name="TestALotOfAdding" classname="LocalCMCTests" time="0.0"/>
  <testcase name="TestALotOfAdding" classname="LocalCMCTests" time="0.001"/>
  <testcase name="TestALotOfAdding" classname="LocalCMCTests" time="0.002"/>
  <testcase name="TestALotOfAdding" classname="LocalCMCTests" time="0.001"/>
  <testcase name="TestALotOfAdding" classname="LocalCMCTests" time="0.001"/>
  <testcase name="TestALotOfAdding" classname="LocalCMCTests" time="0.001"/>
  <testcase name="TestALotOfAdding" classname="LocalCMCTests" time="0.001"/>
  <testcase name="TestALotOfAdding" classname="LocalCMCTests" time="0.001"/>
  <testcase name="TestALotOfAdding" classname="LocalCMCTests" time="0.0"/>
  <testcase name="TestALotOfAdding" classname="LocalCMCTests" time="0.0"/>
  <testcase name="TestALotOfAdding" classname="LocalCMCTests" time="0.002"/>
  <testcase name="TestALotOfAdding" classname="LocalCMCTests" time="0.001"/>
  <testcase name="TestALotOfAdding" classname="LocalCMCTests" time="0.0"/>
  <testcase name="TestALotOfAdding" classname="LocalCMCTests" time="0.001"/>
  <testcase name="TestALotOfAdding" classname="LocalCMCTests" time="0.0"/>
  <testcase name="TestALotOfAdding" classname="LocalCMCTests" time="0.0"/>
  <testcase name="TestALotOfAdding" classname="LocalCMCTests" time="0.0"/>
  <testcase name="TestALotOfAdding" classname="LocalCMCTests" time="0.0"/>
  <testcase name="TestALotOfAdding" classname="LocalCMCTests" time="0.0"/>
  <testcase name="TestALotOfAdding" classname="LocalCMCTests" time="0.001"/>
  <testcase name="TestALotOfAdding" classname="LocalCMCTests" time="0.001"/>
  <testcase name="TestALotOfAdding" classname="LocalCMCTests" time="0.0"/>
  <testcase name="TestALotOfAdding" classname="LocalCMCTests" time="0.002"/>
  <testcase name="TestALotOfAdding" classname="LocalCMCTests" time="0.001"/>
  <testcase name="TestALotOfAdding" classname="LocalCMCTests" time="0.0"/>
  <testcase name="TestALotOfAdding" classname="LocalCMCTests" time="0.0"/>
  <testcase name="TestALotOfAdding" classname="LocalCMCTests" time="0.0"/>
  <testcase name="TestALotOfAdding" classname="LocalCMCTests" time="0.001"/>
  <testcase name="TestALotOfAdding" classname="LocalCMCTests" time="0.001"/>
  <testcase name="TestALotOfAdding" classname="LocalCMCTests" time="0.0"/>
  <testcase name="TestALotOfAdding" classname="LocalCMCTests" time="0.001"/>
  <testcase name="TestALotOfAdding" classname="LocalCMCTests" time="0.001"/>
  <testcase name="TestALotOfAdding" classname="LocalCMCTests" time="0.001"/>
  <testcase name="TestALotOfAdding" classname="LocalCMCTests" time="0.0"/>
  <testcase name="TestALotOfAdding" classname="LocalCMCTests" time="0.001"/>
  <testcase name="TestALotOfAdding" classname="LocalCMCTests" time="0.001"/>
  <testcase name="TestALotOfAdding" classname="LocalCMCTests" time="0.0"/>
  <testcase name="TestALotOfAdding" classname="LocalCMCTests" time="0.001"/>
  <testcase name="TestALotOfAdding" classname="LocalCMCTests" time="0.001"/>
  <testcase name="TestALotOfAdding" classname="LocalCMCTests" time="0.001"/>
  <testcase name="TestALotOfAdding" classname="LocalCMCTests" time="0.001"/>
  <testcase name="TestALotOfAdding" classname="LocalCMCTests" time="0.0"/>
  <testcase name="TestALotOfAdding" classname="LocalCMCTests" time="0.0"/>
  <testcase name="TestALotOfAdding" classname="LocalCMCTests" time="0.0"/>
  <testcase name="TestALotOfAdding" classname="LocalCMCTests" time="0.0"/>
  <testcase name="TestALotOfAdding" classname="LocalCMCTests" time="0.0"/>
  <testcase name="TestALotOfAdding" classname="LocalCMCTests" time="0.001"/>
  <testcase name="TestALotOfAdding" classname="LocalCMCTests" time="0.002"/>
  <testcase name="TestALotOfAdding" classname="LocalCMCTests" time="0.0"/>
  <testcase name="TestALotOfAdding" classname="LocalCMCTests" time="0.0"/>
  <testcase name="TestALotOfAdding" classname="LocalCMCTests" time="0.001"/>
  <testcase name="TestALotOfAdding" classname="LocalCMCTests" time="0.001"/>
  <testcase name="TestALotOfAdding" classname="LocalCMCTests" time="0.001"/>
  <testcase name="TestALotOfAdding" classname="LocalCMCTests" time="0.0"/>
  <testcase name="TestALotOfAdding" classname="LocalCMCTests" time="0.002"/>
  <testcase name="TestALotOfAdding" classname="LocalCMCTests" time="0.001"/>
  <testcase name="TestALotOfAdding" classname="LocalCMCTests" time="0.001"/>
  <testcase name="TestALotOfAdding" classname="LocalCMCTests" time="0.0"/>
  <testcase name="TestALotOfAdding" classname="LocalCMCTests" time="0.0"/>
  <testcase name="TestALotOfAdding" classname="LocalCMCTests" time="0.0"/>
  <testcase name="TestALotOfAdding" classname="LocalCMCTests" time="0.0"/>
  <testcase name="TestALotOfAdding" classname="LocalCMCTests" time="0.001"/>
  <testcase name="TestALotOfAdding" classname="LocalCMCTests" time="0.0"/>
  <testcase name="TestALotOfAdding" classname="LocalCMCTests" time="0.001"/>
  <testcase name="TestALotOfAdding" classname="LocalCMCTests" time="0.002"/>
  <testcase name="TestALotOfAdding" classname="LocalCMCTests" time="0.0"/>
  <testcase name="TestALotOfAdding" classname="LocalCMCTests" time="0.0"/>
  <testcase name="TestALotOfAdding" classname="LocalCMCTests" time="0.001"/>
  <testcase name="TestALotOfAdding" classname="LocalCMCTests" time="0.0"/>
  <testcase name="TestALotOfAdding" classname="LocalCMCTests" time="0.0"/>
  <testcase name="TestALotOfAdding" classname="LocalCMCTests" time="0.001"/>
  <testcase name="TestALotOfAdding" classname="LocalCMCTests" time="0.001"/>
  <testcase name="TestALotOfAdding" classname="LocalCMCTests" time="0.001"/>
  <testcase name="TestALotOfAdding" classname="LocalCMCTests" time="0.0"/>
  <testcase name="TestALotOfAdding" classname="LocalCMCTests" time="0.001"/>
  <testcase name="TestALotOfAdding" classname="LocalCMCTests" time="0.0"/>
  <testcase name="TestALotOfAdding" classname="LocalCMCTests" time="0.001"/>
  <testcase name="TestALotOfAdding" classname="LocalCMCTests" time="0.0"/>
  <testcase name="TestALotOfAdding" classname="LocalCMCTests" time="0.001"/>
  <testcase name="TestALotOfAdding" classname="LocalCMCTests" time="0.001"/>
  <testcase name="TestALotOfAdding" classname="LocalCMCTests" time="0.001"/>
  <testcase name="TestALotOfAdding" classname="LocalCMCTests" time="0.001"/>
  <testcase name="TestALotOfAdding" classname="LocalCMCTests" time="0.0"/>
  <testcase name="TestALotOfAdding" classname="LocalCMCTests" time="0.0"/>
  <testcase name="TestALotOfAdding" classname="LocalCMCTests" time="0.0"/>
  <testcase name="TestALotOfAdding" classname="LocalCMCTests" time="0.0"/>
  <testcase name="TestALotOfAdding" classname="LocalCMCTests" time="0.0"/>
  <testcase name="TestALotOfAdding" classname="LocalCMCTests" time="0.0"/>
  <testcase name="TestALotOfAdding" classname="LocalCMCTests" time="0.001"/>
  <testcase name="TestALotOfAdding" classname="LocalCMCTests" time="0.001"/>
  <testcase name="TestALotOfAdding" classname="LocalCMCTests" time="0.001"/>
  <testcase name="TestALotOfAdding" classname="LocalCMCTests" time="0.001"/>
  <testcase name="TestALotOfAdding" classname="LocalCMCTests" time="0.0"/>
  <testcase name="TestALotOfAdding" classname="LocalCMCTests" time="0.0"/>
  <testcase name="TestALotOfAdding" classname="LocalCMCTests" time="0.0"/>
  <testcase name="TestALotOfAdding" classname="LocalCMCTests" time="0.001"/>
  <testcase name="TestALotOfAdding" classname="LocalCMCTests" time="0.0"/>
  <testcase name="TestALotOfAdding" classname="LocalCMCTests" time="0.0"/>
  <testcase name="TestALotOfAdding" classname="LocalCMCTests" time="0.001"/>
  <testcase name="TestALotOfAdding" classname="LocalCMCTests" time="0.001"/>
  <testcase name="TestALotOfAdding" classname="LocalCMCTests" time="0.0"/>
  <testcase name="TestALotOfAdding" classname="LocalCMCTests" time="0.001"/>
  <testcase name="TestALotOfAdding" classname="LocalCMCTests" time="0.001"/>
  <testcase name="TestALotOfAdding" classname="LocalCMCTests" time="0.002"/>
  <testcase name="TestALotOfAdding" classname="LocalCMCTests" time="0.002"/>
  <testcase name="TestALotOfAdding" classname="LocalCMCTests" time="0.0"/>
  <testcase name="TestALotOfAdding" classname="LocalCMCTests" time="0.001"/>
  <testcase name="TestALotOfAdding" classname="LocalCMCTests" time="0.001"/>
  <testcase name="TestALotOfAdding" classname="LocalCMCTests" time="0.001"/>
  <testcase name="TestALotOfAdding" classname="LocalCMCTests" time="0.0"/>
  <testcase name="TestALotOfAdding" classname="LocalCMCTests" time="0.001"/>
  <testcase name="TestALotOfAdding" classname="LocalCMCTests" time="0.001"/>
  <testcase name="TestALotOfAdding" classname="LocalCMCTests" time="0.0"/>
  <testcase name="TestALotOfAdding" classname="LocalCMCTests" time="0.0"/>
  <testcase name="TestALotOfAdding" classname="LocalCMCTests" time="0.0"/>
  <testcase name="TestALotOfAdding" classname="LocalCMCTests" time="0.001"/>
  <testcase name="TestALotOfAdding" classname="LocalCMCTests" time="0.0"/>
  <testcase name="TestALotOfAdding" classname="LocalCMCTests" time="0.001"/>
  <testcase name="TestALotOfAdding" classname="LocalCMCTests" time="0.001"/>
  <testcase name="TestALotOfAdding" classname="LocalCMCTests" time="0.001"/>
  <testcase name="TestALotOfAdding" classname="LocalCMCTests" time="0.002"/>
  <testcase name="TestALotOfAdding" classname="LocalCMCTests" time="0.0"/>
  <testcase name="TestALotOfAdding" classname="LocalCMCTests" time="0.001"/>
  <testcase name="TestALotOfAdding" classname="LocalCMCTests" time="0.001"/>
  <testcase name="TestALotOfAdding" classname="LocalCMCTests" time="0.0"/>
  <testcase name="TestALotOfAdding" classname="LocalCMCTests" time="0.001"/>
  <testcase name="TestALotOfAdding" classname="LocalCMCTests" time="0.001"/>
  <testcase name="TestALotOfAdding" classname="LocalCMCTests" time="0.001"/>
  <testcase name="TestALotOfAdding" classname="LocalCMCTests" time="0.0"/>
  <testcase name="TestALotOfAdding" classname="LocalCMCTests" time="0.001"/>
  <testcase name="TestALotOfAdding" classname="LocalCMCTests" time="0.0"/>
  <testcase name="TestALotOfAdding" classname="LocalCMCTests" time="0.0"/>
  <testcase name="TestALotOfAdding" classname="LocalCMCTests" time="0.0"/>
  <testcase name="TestALotOfAdding" classname="LocalCMCTests" time="0.0"/>
  <testcase name="TestALotOfAdding" classname="LocalCMCTests" time="0.001"/>
  <testcase name="TestALotOfAdding" classname="LocalCMCTests" time="0.001"/>
  <testcase name="TestALotOfAdding" classname="LocalCMCTests" time="0.001"/>
  <testcase name="TestALotOfAdding" classname="LocalCMCTests" time="0.001"/>
  <testcase name="TestALotOfAdding" classname="LocalCMCTests" time="0.001"/>
  <testcase name="TestALotOfAdding" classname="LocalCMCTests" time="0.001"/>
  <testcase name="TestALotOfAdding" classname="LocalCMCTests" time="0.001"/>
  <testcase name="TestALotOfAdding" classname="LocalCMCTests" time="0.0"/>
  <testcase name="TestALotOfAdding" classname="LocalCMCTests" time="0.001"/>
  <testcase name="TestALotOfAdding" classname="LocalCMCTests" time="0.0"/>
  <testcase name="TestALotOfAdding" classname="LocalCMCTests" time="0.0"/>
  <testcase name="TestALotOfAdding" classname="LocalCMCTests" time="0.0"/>
  <testcase name="TestALotOfAdding" classname="LocalCMCTests" time="0.0"/>
  <testcase name="TestALotOfAdding" classname="LocalCMCTests" time="0.0"/>
  <testcase name="TestALotOfAdding" classname="LocalCMCTests" time="0.0"/>
  <testcase name="TestALotOfAdding" classname="LocalCMCTests" time="0.0"/>
  <testcase name="TestALotOfAdding" classname="LocalCMCTests" time="0.0"/>
  <testcase name="TestALotOfAdding" classname="LocalCMCTests" time="0.002"/>
  <testcase name="TestALotOfAdding" classname="LocalCMCTests" time="0.001"/>
  <testcase name="TestALotOfAdding" classname="LocalCMCTests" time="0.001"/>
  <testcase name="TestALotOfAdding" classname="LocalCMCTests" time="0.0"/>
  <testcase name="TestALotOfAdding" classname="LocalCMCTests" time="0.0"/>
  <testcase name="TestALotOfAdding" classname="LocalCMCTests" time="0.001"/>
  <testcase name="TestALotOfAdding" classname="LocalCMCTests" time="0.0"/>
  <testcase name="TestALotOfAdding" classname="LocalCMCTests" time="0.0"/>
  <testcase name="TestALotOfAdding" classname="LocalCMCTests" time="0.002"/>
  <testcase name="TestALotOfAdding" classname="LocalCMCTests" time="0.0"/>
  <testcase name="TestALotOfAdding" classname="LocalCMCTests" time="0.001"/>
  <testcase name="TestALotOfAdding" classname="LocalCMCTests" time="0.0"/>
  <testcase name="TestALotOfAdding" classname="LocalCMCTests" time="0.0"/>
  <testcase name="TestALotOfAdding" classname="LocalCMCTests" time="0.001"/>
  <testcase name="TestALotOfAdding" classname="LocalCMCTests" time="0.002"/>
  <testcase name="TestALotOfAdding" classname="LocalCMCTests" time="0.002"/>
  <testcase name="TestALotOfAdding" classname="LocalCMCTests" time="0.001"/>
  <testcase name="TestALotOfAdding" classname="LocalCMCTests" time="0.002"/>
  <testcase name="TestALotOfAdding" classname="LocalCMCTests" time="0.0"/>
  <testcase name="TestALotOfAdding" classname="LocalCMCTests" time="0.002"/>
  <testcase name="TestALotOfAdding" classname="LocalCMCTests" time="0.001"/>
  <testcase name="TestALotOfAdding" classname="LocalCMCTests" time="0.001"/>
  <testcase name="TestALotOfAdding" classname="LocalCMCTests" time="0.0"/>
  <testcase name="TestALotOfAdding" classname="LocalCMCTests" time="0.0"/>
  <testcase name="TestALotOfAdding" classname="LocalCMCTests" time="0.0"/>
  <testcase name="TestALotOfAdding" classname="LocalCMCTests" time="0.001"/>
  <testcase name="TestALotOfAdding" classname="LocalCMCTests" time="0.0"/>
  <testcase name="TestALotOfAdding" classname="LocalCMCTests" time="0.002"/>
  <testcase name="TestALotOfAdding" classname="LocalCMCTests" time="0.001"/>
  <testcase name="TestALotOfAdding" classname="LocalCMCTests" time="0.001"/>
  <testcase name="TestALotOfAdding" classname="LocalCMCTests" time="0.0"/>
  <testcase name="TestALotOfAdding" classname="LocalCMCTests" time="0.001"/>
  <testcase name="TestALotOfAdding" classname="LocalCMCTests" time="0.001"/>
  <testcase name="TestALotOfAdding" classname="LocalCMCTests" time="0.0"/>
  <testcase name="TestALotOfAdding" classname="LocalCMCTests" time="0.0"/>
  <testcase name="TestALotOfAdding" classname="LocalCMCTests" time="0.001"/>
  <testcase name="TestALotOfAdding" classname="LocalCMCTests" time="0.0"/>
  <testcase name="TestALotOfAdding" classname="LocalCMCTests" time="0.001"/>
  <testcase name="TestALotOfAdding" classname="LocalCMCTests" time="0.001"/>
  <testcase name="TestALotOfAdding" classname="LocalCMCTests" time="0.0"/>
  <testcase name="TestALotOfAdding" classname="LocalCMCTests" time="0.001"/>
  <testcase name="TestALotOfAdding" classname="LocalCMCTests" time="0.0"/>
  <testcase name="TestALotOfAdding" classname="LocalCMCTests" time="0.001"/>
  <testcase name="TestALotOfAdding" classname="LocalCMCTests" time="0.0"/>
  <testcase name="TestALotOfAdding" classname="LocalCMCTests" time="0.001"/>
  <testcase name="TestALotOfAdding" classname="LocalCMCTests" time="0.0"/>
  <testcase name="TestALotOfAdding" classname="LocalCMCTests" time="0.001"/>
  <testcase name="TestALotOfAdding" classname="LocalCMCTests" time="0.0"/>
  <testcase name="TestALotOfAdding" classname="LocalCMCTests" time="0.001"/>
  <testcase name="TestALotOfAdding" classname="LocalCMCTests" time="0.001"/>
  <testcase name="TestALotOfAdding" classname="LocalCMCTests" time="0.0"/>
  <testcase name="TestALotOfAdding" classname="LocalCMCTests" time="0.001"/>
  <testcase name="TestALotOfAdding" classname="LocalCMCTests" time="0.001"/>
  <testcase name="TestALotOfAdding" classname="LocalCMCTests" time="0.0"/>
  <testcase name="TestALotOfAdding" classname="LocalCMCTests" time="0.001"/>
  <testcase name="TestALotOfAdding" classname="LocalCMCTests" time="0.001"/>
  <testcase name="TestALotOfAdding" classname="LocalCMCTests" time="0.0"/>
  <testcase name="TestALotOfAdding" classname="LocalCMCTests" time="0.001"/>
  <testcase name="TestALotOfAdding" classname="LocalCMCTests" time="0.0"/>
  <testcase name="TestALotOfAdding" classname="LocalCMCTests" time="0.0"/>
  <testcase name="TestALotOfAdding" classname="LocalCMCTests" time="0.0"/>
  <testcase name="TestALotOfAdding" classname="LocalCMCTests" time="0.001"/>
  <testcase name="TestALotOfAdding" classname="LocalCMCTests" time="0.001"/>
  <testcase name="TestALotOfAdding" classname="LocalCMCTests" time="0.001"/>
  <testcase name="TestALotOfAdding" classname="LocalCMCTests" time="0.001"/>
  <testcase name="TestALotOfAdding" classname="LocalCMCTests" time="0.001"/>
  <testcase name="TestALotOfAdding" classname="LocalCMCTests" time="0.001"/>
  <testcase name="TestALotOfAdding" classname="LocalCMCTests" time="0.0"/>
  <testcase name="TestALotOfAdding" classname="LocalCMCTests" time="0.0"/>
  <testcase name="TestALotOfAdding" classname="LocalCMCTests" time="0.001"/>
  <testcase name="TestALotOfAdding" classname="LocalCMCTests" time="0.0"/>
  <testcase name="TestALotOfAdding" classname="LocalCMCTests" time="0.001"/>
  <testcase name="TestALotOfAdding" classname="LocalCMCTests" time="0.001"/>
  <testcase name="TestALotOfAdding" classname="LocalCMCTests" time="0.0"/>
  <testcase name="TestALotOfAdding" classname="LocalCMCTests" time="0.0"/>
  <testcase name="TestALotOfAdding" classname="LocalCMCTests" time="0.001"/>
  <testcase name="TestALotOfAdding" classname="LocalCMCTests" time="0.001"/>
  <testcase name="TestALotOfAdding" classname="LocalCMCTests" time="0.0"/>
  <testcase name="TestALotOfAdding" classname="LocalCMCTests" time="0.001"/>
  <testcase name="TestALotOfAdding" classname="LocalCMCTests" time="0.001"/>
  <testcase name="TestALotOfAdding" classname="LocalCMCTests" time="0.001"/>
  <testcase name="TestALotOfAdding" classname="LocalCMCTests" time="0.001"/>
  <testcase name="TestALotOfAdding" classname="LocalCMCTests" time="0.0"/>
  <testcase name="TestALotOfAdding" classname="LocalCMCTests" time="0.0"/>
  <testcase name="TestALotOfAdding" classname="LocalCMCTests" time="0.001"/>
  <testcase name="TestALotOfAdding" classname="LocalCMCTests" time="0.001"/>
  <testcase name="TestALotOfAdding" classname="LocalCMCTests" time="0.001"/>
  <testcase name="TestALotOfAdding" classname="LocalCMCTests" time="0.0"/>
  <testcase name="TestALotOfAdding" classname="LocalCMCTests" time="0.001"/>
  <testcase name="TestALotOfAdding" classname="LocalCMCTests" time="0.0"/>
  <testcase name="TestALotOfAdding" classname="LocalCMCTests" time="0.001"/>
  <testcase name="TestALotOfAdding" classname="LocalCMCTests" time="0.001"/>
  <testcase name="TestALotOfAdding" classname="LocalCMCTests" time="0.002"/>
  <testcase name="TestALotOfAdding" classname="LocalCMCTests" time="0.001"/>
  <testcase name="TestALotOfAdding" classname="LocalCMCTests" time="0.0"/>
  <testcase name="TestALotOfAdding" classname="LocalCMCTests" time="0.001"/>
  <testcase name="TestALotOfAdding" classname="LocalCMCTests" time="0.0"/>
  <testcase name="TestALotOfAdding" classname="LocalCMCTests" time="0.0"/>
  <testcase name="TestALotOfAdding" classname="LocalCMCTests" time="0.001"/>
  <testcase name="TestALotOfAdding" classname="LocalCMCTests" time="0.001"/>
  <testcase name="TestALotOfAdding" classname="LocalCMCTests" time="0.0"/>
  <testcase name="TestALotOfAdding" classname="LocalCMCTests" time="0.0"/>
  <testcase name="TestALotOfAdding" classname="LocalCMCTests" time="0.0"/>
  <testcase name="TestALotOfAdding" classname="LocalCMCTests" time="0.0"/>
  <testcase name="TestALotOfAdding" classname="LocalCMCTests" time="0.0"/>
  <testcase name="TestALotOfAdding" classname="LocalCMCTests" time="0.0"/>
  <testcase name="TestALotOfAdding" classname="LocalCMCTests" time="0.001"/>
  <testcase name="TestALotOfAdding" classname="LocalCMCTests" time="0.001"/>
  <testcase name="TestALotOfAdding" classname="LocalCMCTests" time="0.003"/>
  <testcase name="TestALotOfAdding" classname="LocalCMCTests" time="0.001"/>
  <testcase name="TestALotOfAdding" classname="LocalCMCTests" time="0.001"/>
  <testcase name="TestALotOfAdding" classname="LocalCMCTests" time="0.001"/>
  <testcase name="TestALotOfAdding" classname="LocalCMCTests" time="0.0"/>
  <testcase name="TestALotOfAdding" classname="LocalCMCTests" time="0.001"/>
  <testcase name="TestALotOfAdding" classname="LocalCMCTests" time="0.0"/>
  <testcase name="TestALotOfAdding" classname="LocalCMCTests" time="0.002"/>
  <testcase name="TestALotOfAdding" classname="LocalCMCTests" time="0.001"/>
  <testcase name="TestALotOfAdding" classname="LocalCMCTests" time="0.001"/>
  <testcase name="TestALotOfAdding" classname="LocalCMCTests" time="0.0"/>
  <testcase name="TestALotOfAdding" classname="LocalCMCTests" time="0.0"/>
  <testcase name="TestALotOfAdding" classname="LocalCMCTests" time="0.0"/>
  <testcase name="TestALotOfAdding" classname="LocalCMCTests" time="0.0"/>
  <testcase name="TestALotOfAdding" classname="LocalCMCTests" time="0.0"/>
  <testcase name="TestALotOfAdding" classname="LocalCMCTests" time="0.0"/>
  <testcase name="TestALotOfAdding" classname="LocalCMCTests" time="0.001"/>
  <testcase name="TestALotOfAdding" classname="LocalCMCTests" time="0.001"/>
  <testcase name="TestALotOfAdding" classname="LocalCMCTests" time="0.0"/>
  <testcase name="TestALotOfAdding" classname="LocalCMCTests" time="0.0"/>
  <testcase name="TestALotOfAdding" classname="LocalCMCTests" time="0.001"/>
  <testcase name="TestALotOfAdding" classname="LocalCMCTests" time="0.0"/>
  <testcase name="TestALotOfAdding" classname="LocalCMCTests" time="0.0"/>
  <testcase name="TestALotOfAdding" classname="LocalCMCTests" time="0.001"/>
  <testcase name="TestALotOfAdding" classname="LocalCMCTests" time="0.001"/>
  <testcase name="TestALotOfAdding" classname="LocalCMCTests" time="0.001"/>
  <testcase name="TestALotOfAdding" classname="LocalCMCTests" time="0.001"/>
  <testcase name="TestALotOfAdding" classname="LocalCMCTests" time="0.001"/>
  <testcase name="TestALotOfAdding" classname="LocalCMCTests" time="0.0"/>
  <testcase name="TestALotOfAdding" classname="LocalCMCTests" time="0.0"/>
  <testcase name="TestALotOfAdding" classname="LocalCMCTests" time="0.0"/>
  <testcase name="TestALotOfAdding" classname="LocalCMCTests" time="0.001"/>
  <testcase name="TestALotOfAdding" classname="LocalCMCTests" time="0.001"/>
  <testcase name="TestALotOfAdding" classname="LocalCMCTests" time="0.0"/>
  <testcase name="TestALotOfAdding" classname="LocalCMCTests" time="0.002"/>
  <testcase name="TestALotOfAdding" classname="LocalCMCTests" time="0.0"/>
  <testcase name="TestALotOfAdding" classname="LocalCMCTests" time="0.001"/>
  <testcase name="TestALotOfAdding" classname="LocalCMCTests" time="0.001"/>
  <testcase name="TestALotOfAdding" classname="LocalCMCTests" time="0.001"/>
  <testcase name="TestALotOfAdding" classname="LocalCMCTests" time="0.002"/>
  <testcase name="TestALotOfAdding" classname="LocalCMCTests" time="0.0"/>
  <testcase name="TestALotOfAdding" classname="LocalCMCTests" time="0.001"/>
  <testcase name="TestALotOfAdding" classname="LocalCMCTests" time="0.0"/>
  <testcase name="TestALotOfAdding" classname="LocalCMCTests" time="0.001"/>
  <testcase name="TestALotOfAdding" classname="LocalCMCTests" time="0.0"/>
  <testcase name="TestALotOfAdding" classname="LocalCMCTests" time="0.0"/>
  <testcase name="TestALotOfAdding" classname="LocalCMCTests" time="0.001"/>
  <testcase name="TestALotOfAdding" classname="LocalCMCTests" time="0.0"/>
  <testcase name="TestALotOfAdding" classname="LocalCMCTests" time="0.0"/>
  <testcase name="TestALotOfAdding" classname="LocalCMCTests" time="0.001"/>
  <testcase name="TestALotOfAdding" classname="LocalCMCTests" time="0.001"/>
  <testcase name="TestALotOfAdding" classname="LocalCMCTests" time="0.0"/>
  <testcase name="TestALotOfAdding" classname="LocalCMCTests" time="0.0"/>
  <testcase name="TestALotOfAdding" classname="LocalCMCTests" time="0.001"/>
  <testcase name="TestALotOfAdding" classname="LocalCMCTests" time="0.0"/>
  <testcase name="TestALotOfAdding" classname="LocalCMCTests" time="0.0"/>
  <testcase name="TestALotOfAdding" classname="LocalCMCTests" time="0.001"/>
  <testcase name="TestALotOfAdding" classname="LocalCMCTests" time="0.0"/>
  <testcase name="TestALotOfAdding" classname="LocalCMCTests" time="0.001"/>
  <testcase name="TestALotOfAdding" classname="LocalCMCTests" time="0.0"/>
  <testcase name="TestALotOfAdding" classname="LocalCMCTests" time="0.001"/>
  <testcase name="TestALotOfAdding" classname="LocalCMCTests" time="0.001"/>
  <testcase name="TestALotOfAdding" classname="LocalCMCTests" time="0.0"/>
  <testcase name="TestALotOfAdding" classname="LocalCMCTests" time="0.001"/>
  <testcase name="TestALotOfAdding" classname="LocalCMCTests" time="0.0"/>
  <testcase name="TestALotOfAdding" classname="LocalCMCTests" time="0.0"/>
  <testcase name="TestALotOfAdding" classname="LocalCMCTests" time="0.0"/>
  <testcase name="TestALotOfAdding" classname="LocalCMCTests" time="0.0"/>
  <testcase name="TestALotOfAdding" classname="LocalCMCTests" time="0.002"/>
  <testcase name="TestALotOfAdding" classname="LocalCMCTests" time="0.001"/>
  <testcase name="TestALotOfAdding" classname="LocalCMCTests" time="0.0"/>
  <testcase name="TestALotOfAdding" classname="LocalCMCTests" time="0.0"/>
  <testcase name="TestALotOfAdding" classname="LocalCMCTests" time="0.001"/>
  <testcase name="TestALotOfAdding" classname="LocalCMCTests" time="0.001"/>
  <testcase name="TestALotOfAdding" classname="LocalCMCTests" time="0.0"/>
  <testcase name="TestALotOfAdding" classname="LocalCMCTests" time="0.0"/>
  <testcase name="TestALotOfAdding" classname="LocalCMCTests" time="0.002"/>
  <testcase name="TestALotOfAdding" classname="LocalCMCTests" time="0.001"/>
  <testcase name="TestALotOfAdding" classname="LocalCMCTests" time="0.001"/>
  <testcase name="TestALotOfAdding" classname="LocalCMCTests" time="0.0"/>
  <testcase name="TestALotOfAdding" classname="LocalCMCTests" time="0.001"/>
  <testcase name="TestALotOfAdding" classname="LocalCMCTests" time="0.0"/>
  <testcase name="TestALotOfAdding" classname="LocalCMCTests" time="0.0"/>
  <testcase name="TestALotOfAdding" classname="LocalCMCTests" time="0.001"/>
  <testcase name="TestALotOfAdding" classname="LocalCMCTests" time="0.001"/>
  <testcase name="TestALotOfAdding" classname="LocalCMCTests" time="0.001"/>
  <testcase name="TestALotOfAdding" classname="LocalCMCTests" time="0.0"/>
  <testcase name="TestALotOfAdding" classname="LocalCMCTests" time="0.001"/>
  <testcase name="TestALotOfAdding" classname="LocalCMCTests" time="0.0"/>
  <testcase name="TestALotOfAdding" classname="LocalCMCTests" time="0.0"/>
  <testcase name="TestALotOfAdding" classname="LocalCMCTests" time="0.0"/>
  <testcase name="TestALotOfAdding" classname="LocalCMCTests" time="0.001"/>
  <testcase name="TestALotOfAdding" classname="LocalCMCTests" time="0.001"/>
  <testcase name="TestALotOfAdding" classname="LocalCMCTests" time="0.001"/>
  <testcase name="TestALotOfAdding" classname="LocalCMCTests" time="0.001"/>
  <testcase name="TestALotOfAdding" classname="LocalCMCTests" time="0.001"/>
  <testcase name="TestALotOfAdding" classname="LocalCMCTests" time="0.0"/>
  <testcase name="TestALotOfAdding" classname="LocalCMCTests" time="0.0"/>
  <testcase name="TestALotOfAdding" classname="LocalCMCTests" time="0.0"/>
  <testcase name="TestALotOfAdding" classname="LocalCMCTests" time="0.0"/>
  <testcase name="TestALotOfAdding" classname="LocalCMCTests" time="0.002"/>
  <testcase name="TestALotOfAdding" classname="LocalCMCTests" time="0.0"/>
  <testcase name="TestALotOfAdding" classname="LocalCMCTests" time="0.002"/>
  <testcase name="TestALotOfAdding" classname="LocalCMCTests" time="0.001"/>
  <testcase name="TestALotOfAdding" classname="LocalCMCTests" time="0.001"/>
  <testcase name="TestALotOfAdding" classname="LocalCMCTests" time="0.0"/>
  <testcase name="TestALotOfAdding" classname="LocalCMCTests" time="0.0"/>
  <testcase name="TestALotOfAdding" classname="LocalCMCTests" time="0.0"/>
  <testcase name="TestALotOfAdding" classname="LocalCMCTests" time="0.001"/>
  <testcase name="TestALotOfAdding" classname="LocalCMCTests" time="0.001"/>
  <testcase name="TestALotOfAdding" classname="LocalCMCTests" time="0.0"/>
  <testcase name="TestALotOfAdding" classname="LocalCMCTests" time="0.001"/>
  <testcase name="TestALotOfAdding" classname="LocalCMCTests" time="0.0"/>
  <testcase name="TestALotOfAdding" classname="LocalCMCTests" time="0.0"/>
  <testcase name="TestALotOfAdding" classname="LocalCMCTests" time="0.0"/>
  <testcase name="TestALotOfAdding" classname="LocalCMCTests" time="0.0"/>
  <testcase name="TestALotOfAdding" classname="LocalCMCTests" time="0.001"/>
  <testcase name="TestALotOfAdding" classname="LocalCMCTests" time="0.0"/>
  <testcase name="TestALotOfAdding" classname="LocalCMCTests" time="0.001"/>
  <testcase name="TestALotOfAdding" classname="LocalCMCTests" time="0.001"/>
  <testcase name="TestALotOfAdding" classname="LocalCMCTests" time="0.001"/>
  <testcase name="TestALotOfAdding" classname="LocalCMCTests" time="0.002"/>
  <testcase name="TestALotOfAdding" classname="LocalCMCTests" time="0.0"/>
  <testcase name="TestALotOfAdding" classname="LocalCMCTests" time="0.0"/>
  <testcase name="TestALotOfAdding" classname="LocalCMCTests" time="0.0"/>
  <testcase name="TestALotOfAdding" classname="LocalCMCTests" time="0.0"/>
  <testcase name="TestALotOfAdding" classname="LocalCMCTests" time="0.001"/>
  <testcase name="TestALotOfAdding" classname="LocalCMCTests" time="0.001"/>
  <testcase name="TestALotOfAdding" classname="LocalCMCTests" time="0.002"/>
  <testcase name="TestALotOfAdding" classname="LocalCMCTests" time="0.0"/>
  <testcase name="TestALotOfAdding" classname="LocalCMCTests" time="0.001"/>
  <testcase name="TestALotOfAdding" classname="LocalCMCTests" time="0.001"/>
  <testcase name="TestALotOfAdding" classname="LocalCMCTests" time="0.0"/>
  <testcase name="TestALotOfAdding" classname="LocalCMCTests" time="0.001"/>
  <testcase name="TestALotOfAdding" classname="LocalCMCTests" time="0.001"/>
  <testcase name="TestALotOfAdding" classname="LocalCMCTests" time="0.001"/>
  <testcase name="TestALotOfAdding" classname="LocalCMCTests" time="0.001"/>
  <testcase name="TestALotOfAdding" classname="LocalCMCTests" time="0.0"/>
  <testcase name="TestALotOfAdding" classname="LocalCMCTests" time="0.0"/>
  <testcase name="TestALotOfAdding" classname="LocalCMCTests" time="0.001"/>
  <testcase name="TestALotOfAdding" classname="LocalCMCTests" time="0.0"/>
  <testcase name="TestALotOfAdding" classname="LocalCMCTests" time="0.001"/>
  <testcase name="TestALotOfAdding" classname="LocalCMCTests" time="0.0"/>
  <testcase name="TestALotOfAdding" classname="LocalCMCTests" time="0.002"/>
  <testcase name="TestALotOfAdding" classname="LocalCMCTests" time="0.001"/>
  <testcase name="TestALotOfAdding" classname="LocalCMCTests" time="0.001"/>
  <testcase name="TestALotOfAdding" classname="LocalCMCTests" time="0.001"/>
  <testcase name="TestALotOfAdding" classname="LocalCMCTests" time="0.001"/>
  <testcase name="TestALotOfAdding" classname="LocalCMCTests" time="0.001"/>
  <testcase name="TestALotOfAdding" classname="LocalCMCTests" time="0.0"/>
  <testcase name="TestALotOfAdding" classname="LocalCMCTests" time="0.0"/>
  <testcase name="TestALotOfAdding" classname="LocalCMCTests" time="0.001"/>
  <testcase name="TestALotOfAdding" classname="LocalCMCTests" time="0.001"/>
  <testcase name="TestALotOfAdding" classname="LocalCMCTests" time="0.001"/>
  <testcase name="TestALotOfAdding" classname="LocalCMCTests" time="0.0"/>
  <testcase name="TestALotOfAdding" classname="LocalCMCTests" time="0.001"/>
  <testcase name="TestALotOfAdding" classname="LocalCMCTests" time="0.0"/>
  <testcase name="TestALotOfAdding" classname="LocalCMCTests" time="0.0"/>
  <testcase name="TestALotOfAdding" classname="LocalCMCTests" time="0.0"/>
  <testcase name="TestALotOfAdding" classname="LocalCMCTests" time="0.0"/>
  <testcase name="TestALotOfAdding" classname="LocalCMCTests" time="0.0"/>
  <testcase name="TestALotOfAdding" classname="LocalCMCTests" time="0.0"/>
  <testcase name="TestALotOfAdding" classname="LocalCMCTests" time="0.001"/>
  <testcase name="TestALotOfAdding" classname="LocalCMCTests" time="0.003"/>
  <testcase name="TestALotOfAdding" classname="LocalCMCTests" time="0.002"/>
  <testcase name="TestALotOfAdding" classname="LocalCMCTests" time="0.0"/>
  <testcase name="TestALotOfAdding" classname="LocalCMCTests" time="0.001"/>
  <testcase name="TestALotOfAdding" classname="LocalCMCTests" time="0.001"/>
  <testcase name="TestALotOfAdding" classname="LocalCMCTests" time="0.001"/>
  <testcase name="TestALotOfAdding" classname="LocalCMCTests" time="0.0"/>
  <testcase name="TestALotOfAdding" classname="LocalCMCTests" time="0.0"/>
  <testcase name="TestALotOfAdding" classname="LocalCMCTests" time="0.001"/>
  <testcase name="TestALotOfAdding" classname="LocalCMCTests" time="0.001"/>
  <testcase name="TestALotOfAdding" classname="LocalCMCTests" time="0.0"/>
  <testcase name="TestALotOfAdding" classname="LocalCMCTests" time="0.0"/>
  <testcase name="TestALotOfAdding" classname="LocalCMCTests" time="0.0"/>
  <testcase name="TestALotOfAdding" classname="LocalCMCTests" time="0.001"/>
  <testcase name="TestALotOfAdding" classname="LocalCMCTests" time="0.002"/>
  <testcase name="TestALotOfAdding" classname="LocalCMCTests" time="0.002"/>
  <testcase name="TestALotOfAdding" classname="LocalCMCTests" time="0.0"/>
  <testcase name="TestALotOfAdding" classname="LocalCMCTests" time="0.001"/>
  <testcase name="TestALotOfAdding" classname="LocalCMCTests" time="0.001"/>
  <testcase name="TestALotOfAdding" classname="LocalCMCTests" time="0.001"/>
  <testcase name="TestALotOfAdding" classname="LocalCMCTests" time="0.0"/>
  <testcase name="TestALotOfAdding" classname="LocalCMCTests" time="0.0"/>
  <testcase name="TestALotOfAdding" classname="LocalCMCTests" time="0.0"/>
  <testcase name="TestALotOfAdding" classname="LocalCMCTests" time="0.0"/>
  <testcase name="TestALotOfAdding" classname="LocalCMCTests" time="0.0"/>
  <testcase name="TestALotOfAdding" classname="LocalCMCTests" time="0.0"/>
  <testcase name="TestALotOfAdding" classname="LocalCMCTests" time="0.001"/>
  <testcase name="TestALotOfAdding" classname="LocalCMCTests" time="0.0"/>
  <testcase name="TestALotOfAdding" classname="LocalCMCTests" time="0.001"/>
  <testcase name="TestALotOfAdding" classname="LocalCMCTests" time="0.0"/>
  <testcase name="TestALotOfAdding" classname="LocalCMCTests" time="0.001"/>
  <testcase name="TestALotOfAdding" classname="LocalCMCTests" time="0.002"/>
  <testcase name="TestALotOfAdding" classname="LocalCMCTests" time="0.0"/>
  <testcase name="TestALotOfAdding" classname="LocalCMCTests" time="0.001"/>
  <testcase name="TestALotOfAdding" classname="LocalCMCTests" time="0.001"/>
  <testcase name="TestALotOfAdding" classname="LocalCMCTests" time="0.0"/>
  <testcase name="TestALotOfAdding" classname="LocalCMCTests" time="0.001"/>
  <testcase name="TestALotOfAdding" classname="LocalCMCTests" time="0.001"/>
  <testcase name="TestALotOfAdding" classname="LocalCMCTests" time="0.001"/>
  <testcase name="TestALotOfAdding" classname="LocalCMCTests" time="0.001"/>
  <testcase name="TestALotOfAdding" classname="LocalCMCTests" time="0.0"/>
  <testcase name="TestALotOfAdding" classname="LocalCMCTests" time="0.0"/>
  <testcase name="TestALotOfAdding" classname="LocalCMCTests" time="0.0"/>
  <testcase name="TestALotOfAdding" classname="LocalCMCTests" time="0.0"/>
  <testcase name="TestALotOfAdding" classname="LocalCMCTests" time="0.0"/>
  <testcase name="TestALotOfAdding" classname="LocalCMCTests" time="0.001"/>
  <testcase name="TestALotOfAdding" classname="LocalCMCTests" time="0.003"/>
  <testcase name="TestALotOfAdding" classname="LocalCMCTests" time="0.002"/>
  <testcase name="TestALotOfAdding" classname="LocalCMCTests" time="0.0"/>
  <testcase name="TestALotOfAdding" classname="LocalCMCTests" time="0.001"/>
  <testcase name="TestALotOfAdding" classname="LocalCMCTests" time="0.0"/>
  <testcase name="TestALotOfAdding" classname="LocalCMCTests" time="0.001"/>
  <testcase name="TestALotOfAdding" classname="LocalCMCTests" time="0.001"/>
  <testcase name="TestALotOfAdding" classname="LocalCMCTests" time="0.001"/>
  <testcase name="TestALotOfAdding" classname="LocalCMCTests" time="0.001"/>
  <testcase name="TestALotOfAdding" classname="LocalCMCTests" time="0.0"/>
  <testcase name="TestALotOfAdding" classname="LocalCMCTests" time="0.001"/>
  <testcase name="TestALotOfAdding" classname="LocalCMCTests" time="0.0"/>
  <testcase name="TestALotOfAdding" classname="LocalCMCTests" time="0.0"/>
  <testcase name="TestALotOfAdding" classname="LocalCMCTests" time="0.0"/>
  <testcase name="TestALotOfAdding" classname="LocalCMCTests" time="0.0"/>
  <testcase name="TestALotOfAdding" classname="LocalCMCTests" time="0.001"/>
  <testcase name="TestALotOfAdding" classname="LocalCMCTests" time="0.0"/>
  <testcase name="TestALotOfAdding" classname="LocalCMCTests" time="0.001"/>
  <testcase name="TestALotOfAdding" classname="LocalCMCTests" time="0.001"/>
  <testcase name="TestALotOfAdding" classname="LocalCMCTests" time="0.001"/>
  <testcase name="TestALotOfAdding" classname="LocalCMCTests" time="0.001"/>
  <testcase name="TestALotOfAdding" classname="LocalCMCTests" time="0.0"/>
  <testcase name="TestALotOfAdding" classname="LocalCMCTests" time="0.002"/>
  <testcase name="TestALotOfAdding" classname="LocalCMCTests" time="0.0"/>
  <testcase name="TestALotOfAdding" classname="LocalCMCTests" time="0.001"/>
  <testcase name="TestALotOfAdding" classname="LocalCMCTests" time="0.0"/>
  <testcase name="TestALotOfAdding" classname="LocalCMCTests" time="0.0"/>
  <testcase name="TestALotOfAdding" classname="LocalCMCTests" time="0.0"/>
  <testcase name="TestALotOfAdding" classname="LocalCMCTests" time="0.0"/>
  <testcase name="TestALotOfAdding" classname="LocalCMCTests" time="0.001"/>
  <testcase name="TestALotOfAdding" classname="LocalCMCTests" time="0.0"/>
  <testcase name="TestALotOfAdding" classname="LocalCMCTests" time="0.001"/>
  <testcase name="TestALotOfAdding" classname="LocalCMCTests" time="0.0"/>
  <testcase name="TestALotOfAdding" classname="LocalCMCTests" time="0.0"/>
  <testcase name="TestALotOfAdding" classname="LocalCMCTests" time="0.001"/>
  <testcase name="TestALotOfAdding" classname="LocalCMCTests" time="0.001"/>
  <testcase name="TestALotOfAdding" classname="LocalCMCTests" time="0.001"/>
  <testcase name="TestALotOfAdding" classname="LocalCMCTests" time="0.0"/>
  <testcase name="TestALotOfAdding" classname="LocalCMCTests" time="0.001"/>
  <testcase name="TestALotOfAdding" classname="LocalCMCTests" time="0.001"/>
  <testcase name="TestALotOfAdding" classname="LocalCMCTests" time="0.0"/>
  <testcase name="TestALotOfAdding" classname="LocalCMCTests" time="0.0"/>
  <testcase name="TestALotOfAdding" classname="LocalCMCTests" time="0.0"/>
  <testcase name="TestALotOfAdding" classname="LocalCMCTests" time="0.001"/>
  <testcase name="TestALotOfAdding" classname="LocalCMCTests" time="0.001"/>
  <testcase name="TestALotOfAdding" classname="LocalCMCTests" time="0.0"/>
  <testcase name="TestALotOfAdding" classname="LocalCMCTests" time="0.001"/>
  <testcase name="TestALotOfAdding" classname="LocalCMCTests" time="0.0"/>
  <testcase name="TestALotOfAdding" classname="LocalCMCTests" time="0.0"/>
  <testcase name="TestALotOfAdding" classname="LocalCMCTests" time="0.001"/>
  <testcase name="TestALotOfAdding" classname="LocalCMCTests" time="0.002"/>
  <testcase name="TestALotOfAdding" classname="LocalCMCTests" time="0.001"/>
  <testcase name="TestALotOfAdding" classname="LocalCMCTests" time="0.002"/>
  <testcase name="TestALotOfAdding" classname="LocalCMCTests" time="0.001"/>
  <testcase name="TestALotOfAdding" classname="LocalCMCTests" time="0.001"/>
  <testcase name="TestALotOfAdding" classname="LocalCMCTests" time="0.0"/>
  <testcase name="TestALotOfAdding" classname="LocalCMCTests" time="0.0"/>
  <testcase name="TestALotOfAdding" classname="LocalCMCTests" time="0.0"/>
  <testcase name="TestALotOfAdding" classname="LocalCMCTests" time="0.0"/>
  <testcase name="TestALotOfAdding" classname="LocalCMCTests" time="0.0"/>
  <testcase name="TestALotOfAdding" classname="LocalCMCTests" time="0.001"/>
  <testcase name="TestALotOfAdding" classname="LocalCMCTests" time="0.001"/>
  <testcase name="TestALotOfAdding" classname="LocalCMCTests" time="0.001"/>
  <testcase name="TestALotOfAdding" classname="LocalCMCTests" time="0.002"/>
  <testcase name="TestALotOfAdding" classname="LocalCMCTests" time="0.0"/>
  <testcase name="TestALotOfAdding" classname="LocalCMCTests" time="0.0"/>
  <testcase name="TestALotOfAdding" classname="LocalCMCTests" time="0.002"/>
  <testcase name="TestALotOfAdding" classname="LocalCMCTests" time="0.0"/>
  <testcase name="TestALotOfAdding" classname="LocalCMCTests" time="0.0"/>
  <testcase name="TestALotOfAdding" classname="LocalCMCTests" time="0.0"/>
  <testcase name="TestALotOfAdding" classname="LocalCMCTests" time="0.001"/>
  <testcase name="TestALotOfAdding" classname="LocalCMCTests" time="0.0"/>
  <testcase name="TestALotOfAdding" classname="LocalCMCTests" time="0.001"/>
  <testcase name="TestALotOfAdding" classname="LocalCMCTests" time="0.001"/>
  <testcase name="TestALotOfAdding" classname="LocalCMCTests" time="0.002"/>
  <testcase name="TestALotOfAdding" classname="LocalCMCTests" time="0.001"/>
  <testcase name="TestALotOfAdding" classname="LocalCMCTests" time="0.0"/>
  <testcase name="TestALotOfAdding" classname="LocalCMCTests" time="0.0"/>
  <testcase name="TestALotOfAdding" classname="LocalCMCTests" time="0.0"/>
  <testcase name="TestALotOfAdding" classname="LocalCMCTests" time="0.001"/>
  <testcase name="TestALotOfAdding" classname="LocalCMCTests" time="0.0"/>
  <testcase name="TestALotOfAdding" classname="LocalCMCTests" time="0.0"/>
  <testcase name="TestALotOfAdding" classname="LocalCMCTests" time="0.001"/>
  <testcase name="TestALotOfAdding" classname="LocalCMCTests" time="0.001"/>
  <testcase name="TestALotOfAdding" classname="LocalCMCTests" time="0.001"/>
  <testcase name="TestALotOfAdding" classname="LocalCMCTests" time="0.001"/>
  <testcase name="TestALotOfAdding" classname="LocalCMCTests" time="0.0"/>
  <testcase name="TestALotOfAdding" classname="LocalCMCTests" time="0.001"/>
  <testcase name="TestALotOfAdding" classname="LocalCMCTests" time="0.0"/>
  <testcase name="TestALotOfAdding" classname="LocalCMCTests" time="0.001"/>
  <testcase name="TestALotOfAdding" classname="LocalCMCTests" time="0.001"/>
  <testcase name="TestALotOfAdding" classname="LocalCMCTests" time="0.001"/>
  <testcase name="TestALotOfAdding" classname="LocalCMCTests" time="0.0"/>
  <testcase name="TestALotOfAdding" classname="LocalCMCTests" time="0.0"/>
  <testcase name="TestALotOfAdding" classname="LocalCMCTests" time="0.0"/>
  <testcase name="TestALotOfAdding" classname="LocalCMCTests" time="0.001"/>
  <testcase name="TestALotOfAdding" classname="LocalCMCTests" time="0.0"/>
  <testcase name="TestALotOfAdding" classname="LocalCMCTests" time="0.0"/>
  <testcase name="TestALotOfAdding" classname="LocalCMCTests" time="0.001"/>
  <testcase name="TestALotOfAdding" classname="LocalCMCTests" time="0.001"/>
  <testcase name="TestALotOfAdding" classname="LocalCMCTests" time="0.002"/>
  <testcase name="TestALotOfAdding" classname="LocalCMCTests" time="0.001"/>
  <testcase name="TestALotOfAdding" classname="LocalCMCTests" time="0.0"/>
  <testcase name="TestALotOfAdding" classname="LocalCMCTests" time="0.001"/>
  <testcase name="TestALotOfAdding" classname="LocalCMCTests" time="0.0"/>
  <testcase name="TestALotOfAdding" classname="LocalCMCTests" time="0.001"/>
  <testcase name="TestALotOfAdding" classname="LocalCMCTests" time="0.0"/>
  <testcase name="TestALotOfAdding" classname="LocalCMCTests" time="0.001"/>
  <testcase name="TestALotOfAdding" classname="LocalCMCTests" time="0.001"/>
  <testcase name="TestALotOfAdding" classname="LocalCMCTests" time="0.001"/>
  <testcase name="TestALotOfAdding" classname="LocalCMCTests" time="0.0"/>
  <testcase name="TestALotOfAdding" classname="LocalCMCTests" time="0.001"/>
  <testcase name="TestALotOfAdding" classname="LocalCMCTests" time="0.001"/>
  <testcase name="TestALotOfAdding" classname="LocalCMCTests" time="0.0"/>
  <testcase name="TestALotOfAdding" classname="LocalCMCTests" time="0.0"/>
  <testcase name="TestALotOfAdding" classname="LocalCMCTests" time="0.002"/>
  <testcase name="TestALotOfAdding" classname="LocalCMCTests" time="0.001"/>
  <testcase name="TestALotOfAdding" classname="LocalCMCTests" time="0.001"/>
  <testcase name="TestALotOfAdding" classname="LocalCMCTests" time="0.001"/>
  <testcase name="TestALotOfAdding" classname="LocalCMCTests" time="0.0"/>
  <testcase name="TestALotOfAdding" classname="LocalCMCTests" time="0.001"/>
  <testcase name="TestALotOfAdding" classname="LocalCMCTests" time="0.0"/>
  <testcase name="TestALotOfAdding" classname="LocalCMCTests" time="0.001"/>
  <testcase name="TestALotOfAdding" classname="LocalCMCTests" time="0.0"/>
  <testcase name="TestALotOfAdding" classname="LocalCMCTests" time="0.0"/>
  <testcase name="TestALotOfAdding" classname="LocalCMCTests" time="0.0"/>
  <testcase name="TestALotOfAdding" classname="LocalCMCTests" time="0.0"/>
  <testcase name="TestALotOfAdding" classname="LocalCMCTests" time="0.0"/>
  <testcase name="TestALotOfAdding" classname="LocalCMCTests" time="0.0"/>
  <testcase name="TestALotOfAdding" classname="LocalCMCTests" time="0.0"/>
  <testcase name="TestALotOfAdding" classname="LocalCMCTests" time="0.001"/>
  <testcase name="TestALotOfAdding" classname="LocalCMCTests" time="0.0"/>
  <testcase name="TestALotOfAdding" classname="LocalCMCTests" time="0.001"/>
  <testcase name="TestALotOfAdding" classname="LocalCMCTests" time="0.002"/>
  <testcase name="TestALotOfAdding" classname="LocalCMCTests" time="0.001"/>
  <testcase name="TestALotOfAdding" classname="LocalCMCTests" time="0.0"/>
  <testcase name="TestALotOfAdding" classname="LocalCMCTests" time="0.001"/>
  <testcase name="TestALotOfAdding" classname="LocalCMCTests" time="0.001"/>
  <testcase name="TestALotOfAdding" classname="LocalCMCTests" time="0.0"/>
  <testcase name="TestALotOfAdding" classname="LocalCMCTests" time="0.001"/>
  <testcase name="TestALotOfAdding" classname="LocalCMCTests" time="0.001"/>
  <testcase name="TestALotOfAdding" classname="LocalCMCTests" time="0.0"/>
  <testcase name="TestALotOfAdding" classname="LocalCMCTests" time="0.001"/>
  <testcase name="TestALotOfAdding" classname="LocalCMCTests" time="0.001"/>
  <testcase name="TestALotOfAdding" classname="LocalCMCTests" time="0.001"/>
  <testcase name="TestALotOfAdding" classname="LocalCMCTests" time="0.002"/>
  <testcase name="TestALotOfAdding" classname="LocalCMCTests" time="0.0"/>
  <testcase name="TestALotOfAdding" classname="LocalCMCTests" time="0.003"/>
  <testcase name="TestALotOfAdding" classname="LocalCMCTests" time="0.001"/>
  <testcase name="TestALotOfAdding" classname="LocalCMCTests" time="0.001"/>
  <testcase name="TestALotOfAdding" classname="LocalCMCTests" time="0.0"/>
  <testcase name="TestALotOfAdding" classname="LocalCMCTests" time="0.0"/>
  <testcase name="TestALotOfAdding" classname="LocalCMCTests" time="0.0"/>
  <testcase name="TestALotOfAdding" classname="LocalCMCTests" time="0.0"/>
  <testcase name="TestALotOfAdding" classname="LocalCMCTests" time="0.0"/>
  <testcase name="TestALotOfAdding" classname="LocalCMCTests" time="0.0"/>
  <testcase name="TestALotOfAdding" classname="LocalCMCTests" time="0.001"/>
  <testcase name="TestALotOfAdding" classname="LocalCMCTests" time="0.001"/>
  <testcase name="TestALotOfAdding" classname="LocalCMCTests" time="0.001"/>
  <testcase name="TestALotOfAdding" classname="LocalCMCTests" time="0.002"/>
  <testcase name="TestALotOfAdding" classname="LocalCMCTests" time="0.001"/>
  <testcase name="TestALotOfAdding" classname="LocalCMCTests" time="0.001"/>
  <testcase name="TestALotOfAdding" classname="LocalCMCTests" time="0.001"/>
  <testcase name="TestALotOfAdding" classname="LocalCMCTests" time="0.001"/>
  <testcase name="TestALotOfAdding" classname="LocalCMCTests" time="0.001"/>
  <testcase name="TestALotOfAdding" classname="LocalCMCTests" time="0.001"/>
  <testcase name="TestALotOfAdding" classname="LocalCMCTests" time="0.001"/>
  <testcase name="TestALotOfAdding" classname="LocalCMCTests" time="0.0"/>
  <testcase name="TestALotOfAdding" classname="LocalCMCTests" time="0.0"/>
  <testcase name="TestALotOfAdding" classname="LocalCMCTests" time="0.0"/>
  <testcase name="TestALotOfAdding" classname="LocalCMCTests" time="0.0"/>
  <testcase name="TestALotOfAdding" classname="LocalCMCTests" time="0.0"/>
  <testcase name="TestALotOfAdding" classname="LocalCMCTests" time="0.0"/>
  <testcase name="TestALotOfAdding" classname="LocalCMCTests" time="0.0"/>
  <testcase name="TestALotOfAdding" classname="LocalCMCTests" time="0.0"/>
  <testcase name="TestALotOfAdding" classname="LocalCMCTests" time="0.001"/>
  <testcase name="TestALotOfAdding" classname="LocalCMCTests" time="0.001"/>
  <testcase name="TestALotOfAdding" classname="LocalCMCTests" time="0.001"/>
  <testcase name="TestALotOfAdding" classname="LocalCMCTests" time="0.001"/>
  <testcase name="TestALotOfAdding" classname="LocalCMCTests" time="0.002"/>
  <testcase name="TestALotOfAdding" classname="LocalCMCTests" time="0.0"/>
  <testcase name="TestALotOfAdding" classname="LocalCMCTests" time="0.0"/>
  <testcase name="TestALotOfAdding" classname="LocalCMCTests" time="0.0"/>
  <testcase name="TestALotOfAdding" classname="LocalCMCTests" time="0.001"/>
  <testcase name="TestALotOfAdding" classname="LocalCMCTests" time="0.001"/>
  <testcase name="TestALotOfAdding" classname="LocalCMCTests" time="0.001"/>
  <testcase name="TestALotOfAdding" classname="LocalCMCTests" time="0.001"/>
  <testcase name="TestALotOfAdding" classname="LocalCMCTests" time="0.0"/>
  <testcase name="TestALotOfAdding" classname="LocalCMCTests" time="0.001"/>
  <testcase name="TestALotOfAdding" classname="LocalCMCTests" time="0.0"/>
  <testcase name="TestALotOfAdding" classname="LocalCMCTests" time="0.001"/>
  <testcase name="TestALotOfAdding" classname="LocalCMCTests" time="0.002"/>
  <testcase name="TestALotOfAdding" classname="LocalCMCTests" time="0.0"/>
  <testcase name="TestALotOfAdding" classname="LocalCMCTests" time="0.002"/>
  <testcase name="TestALotOfAdding" classname="LocalCMCTests" time="0.002"/>
  <testcase name="TestALotOfAdding" classname="LocalCMCTests" time="0.0"/>
  <testcase name="TestALotOfAdding" classname="LocalCMCTests" time="0.0"/>
  <testcase name="TestALotOfAdding" classname="LocalCMCTests" time="0.002"/>
  <testcase name="TestALotOfAdding" classname="LocalCMCTests" time="0.0"/>
  <testcase name="TestALotOfAdding" classname="LocalCMCTests" time="0.001"/>
  <testcase name="TestALotOfAdding" classname="LocalCMCTests" time="0.002"/>
  <testcase name="TestALotOfAdding" classname="LocalCMCTests" time="0.002"/>
  <testcase name="TestALotOfAdding" classname="LocalCMCTests" time="0.002"/>
  <testcase name="TestALotOfAdding" classname="LocalCMCTests" time="0.0"/>
  <testcase name="TestALotOfAdding" classname="LocalCMCTests" time="0.0"/>
  <testcase name="TestALotOfAdding" classname="LocalCMCTests" time="0.0"/>
  <testcase name="TestALotOfAdding" classname="LocalCMCTests" time="0.0"/>
  <testcase name="TestALotOfAdding" classname="LocalCMCTests" time="0.001"/>
  <testcase name="TestALotOfAdding" classname="LocalCMCTests" time="0.0"/>
  <testcase name="TestALotOfAdding" classname="LocalCMCTests" time="0.001"/>
  <testcase name="TestALotOfAdding" classname="LocalCMCTests" time="0.001"/>
  <testcase name="TestALotOfAdding" classname="LocalCMCTests" time="0.001"/>
  <testcase name="TestALotOfAdding" classname="LocalCMCTests" time="0.001"/>
  <testcase name="TestALotOfAdding" classname="LocalCMCTests" time="0.0"/>
  <testcase name="TestALotOfAdding" classname="LocalCMCTests" time="0.001"/>
  <testcase name="TestALotOfAdding" classname="LocalCMCTests" time="0.003"/>
  <testcase name="TestALotOfAdding" classname="LocalCMCTests" time="0.001"/>
  <testcase name="TestALotOfAdding" classname="LocalCMCTests" time="0.001"/>
  <testcase name="TestALotOfAdding" classname="LocalCMCTests" time="0.0"/>
  <testcase name="TestALotOfAdding" classname="LocalCMCTests" time="0.0"/>
  <testcase name="TestALotOfAdding" classname="LocalCMCTests" time="0.0"/>
  <testcase name="TestALotOfAdding" classname="LocalCMCTests" time="0.0"/>
  <testcase name="TestALotOfAdding" classname="LocalCMCTests" time="0.001"/>
  <testcase name="TestALotOfAdding" classname="LocalCMCTests" time="0.001"/>
  <testcase name="TestALotOfAdding" classname="LocalCMCTests" time="0.002"/>
  <testcase name="TestALotOfAdding" classname="LocalCMCTests" time="0.0"/>
  <testcase name="TestALotOfAdding" classname="LocalCMCTests" time="0.0"/>
  <testcase name="TestALotOfAdding" classname="LocalCMCTests" time="0.001"/>
  <testcase name="TestALotOfAdding" classname="LocalCMCTests" time="0.0"/>
  <testcase name="TestALotOfAdding" classname="LocalCMCTests" time="0.001"/>
  <testcase name="TestALotOfAdding" classname="LocalCMCTests" time="0.0"/>
  <testcase name="TestALotOfAdding" classname="LocalCMCTests" time="0.001"/>
  <testcase name="TestALotOfAdding" classname="LocalCMCTests" time="0.0"/>
  <testcase name="TestALotOfAdding" classname="LocalCMCTests" time="0.001"/>
  <testcase name="TestALotOfAdding" classname="LocalCMCTests" time="0.001"/>
  <testcase name="TestALotOfAdding" classname="LocalCMCTests" time="0.0"/>
  <testcase name="TestALotOfAdding" classname="LocalCMCTests" time="0.0"/>
  <testcase name="TestALotOfAdding" classname="LocalCMCTests" time="0.001"/>
  <testcase name="TestALotOfAdding" classname="LocalCMCTests" time="0.001"/>
  <testcase name="TestALotOfAdding" classname="LocalCMCTests" time="0.0"/>
  <testcase name="TestALotOfAdding" classname="LocalCMCTests" time="0.001"/>
  <testcase name="TestALotOfAdding" classname="LocalCMCTests" time="0.0"/>
  <testcase name="TestALotOfAdding" classname="LocalCMCTests" time="0.0"/>
  <testcase name="TestALotOfAdding" classname="LocalCMCTests" time="0.001"/>
  <testcase name="TestALotOfAdding" classname="LocalCMCTests" time="0.001"/>
  <testcase name="TestALotOfAdding" classname="LocalCMCTests" time="0.001"/>
  <testcase name="TestALotOfAdding" classname="LocalCMCTests" time="0.0"/>
  <testcase name="TestALotOfAdding" classname="LocalCMCTests" time="0.0"/>
  <testcase name="TestALotOfAdding" classname="LocalCMCTests" time="0.001"/>
  <testcase name="TestALotOfAdding" classname="LocalCMCTests" time="0.0"/>
  <testcase name="TestALotOfAdding" classname="LocalCMCTests" time="0.0"/>
  <testcase name="TestALotOfAdding" classname="LocalCMCTests" time="0.0"/>
  <testcase name="TestALotOfAdding" classname="LocalCMCTests" time="0.001"/>
  <testcase name="TestALotOfAdding" classname="LocalCMCTests" time="0.001"/>
  <testcase name="TestALotOfAdding" classname="LocalCMCTests" time="0.001"/>
  <testcase name="TestALotOfAdding" classname="LocalCMCTests" time="0.002"/>
  <testcase name="TestALotOfAdding" classname="LocalCMCTests" time="0.001"/>
  <testcase name="TestALotOfAdding" classname="LocalCMCTests" time="0.002"/>
  <testcase name="TestALotOfAdding" classname="LocalCMCTests" time="0.001"/>
  <testcase name="TestALotOfAdding" classname="LocalCMCTests" time="0.0"/>
  <testcase name="TestALotOfAdding" classname="LocalCMCTests" time="0.001"/>
  <testcase name="TestALotOfAdding" classname="LocalCMCTests" time="0.001"/>
  <testcase name="TestALotOfAdding" classname="LocalCMCTests" time="0.001"/>
  <testcase name="TestALotOfAdding" classname="LocalCMCTests" time="0.0"/>
  <testcase name="TestALotOfAdding" classname="LocalCMCTests" time="0.001"/>
  <testcase name="TestALotOfAdding" classname="LocalCMCTests" time="0.001"/>
  <testcase name="TestALotOfAdding" classname="LocalCMCTests" time="0.001"/>
  <testcase name="TestALotOfAdding" classname="LocalCMCTests" time="0.0"/>
  <testcase name="TestALotOfAdding" classname="LocalCMCTests" time="0.0"/>
  <testcase name="TestALotOfAdding" classname="LocalCMCTests" time="0.0"/>
  <testcase name="TestALotOfAdding" classname="LocalCMCTests" time="0.0"/>
  <testcase name="TestALotOfAdding" classname="LocalCMCTests" time="0.0"/>
  <testcase name="TestALotOfAdding" classname="LocalCMCTests" time="0.0"/>
  <testcase name="TestALotOfAdding" classname="LocalCMCTests" time="0.001"/>
  <testcase name="TestALotOfAdding" classname="LocalCMCTests" time="0.001"/>
  <testcase name="TestALotOfAdding" classname="LocalCMCTests" time="0.0"/>
  <testcase name="TestALotOfAdding" classname="LocalCMCTests" time="0.001"/>
  <testcase name="TestALotOfAdding" classname="LocalCMCTests" time="0.0"/>
  <testcase name="TestALotOfAdding" classname="LocalCMCTests" time="0.001"/>
  <testcase name="TestALotOfAdding" classname="LocalCMCTests" time="0.0"/>
  <testcase name="TestALotOfAdding" classname="LocalCMCTests" time="0.001"/>
  <testcase name="TestALotOfAdding" classname="LocalCMCTests" time="0.001"/>
  <testcase name="TestALotOfAdding" classname="LocalCMCTests" time="0.001"/>
  <testcase name="TestALotOfAdding" classname="LocalCMCTests" time="0.0"/>
  <testcase name="TestALotOfAdding" classname="LocalCMCTests" time="0.0"/>
  <testcase name="TestALotOfAdding" classname="LocalCMCTests" time="0.001"/>
  <testcase name="TestALotOfAdding" classname="LocalCMCTests" time="0.0"/>
  <testcase name="TestALotOfAdding" classname="LocalCMCTests" time="0.0"/>
  <testcase name="TestALotOfAdding" classname="LocalCMCTests" time="0.001"/>
  <testcase name="TestALotOfAdding" classname="LocalCMCTests" time="0.001"/>
  <testcase name="TestALotOfAdding" classname="LocalCMCTests" time="0.002"/>
  <testcase name="TestALotOfAdding" classname="LocalCMCTests" time="0.001"/>
  <testcase name="TestALotOfAdding" classname="LocalCMCTests" time="0.001"/>
  <testcase name="TestALotOfAdding" classname="LocalCMCTests" time="0.001"/>
  <testcase name="TestALotOfAdding" classname="LocalCMCTests" time="0.0"/>
  <testcase name="TestALotOfAdding" classname="LocalCMCTests" time="0.0"/>
  <testcase name="TestALotOfAdding" classname="LocalCMCTests" time="0.0"/>
  <testcase name="TestALotOfAdding" classname="LocalCMCTests" time="0.001"/>
  <testcase name="TestALotOfAdding" classname="LocalCMCTests" time="0.0"/>
  <testcase name="TestALotOfAdding" classname="LocalCMCTests" time="0.001"/>
  <testcase name="TestALotOfAdding" classname="LocalCMCTests" time="0.001"/>
  <testcase name="TestALotOfAdding" classname="LocalCMCTests" time="0.001"/>
  <testcase name="TestALotOfAdding" classname="LocalCMCTests" time="0.0"/>
  <testcase name="TestALotOfAdding" classname="LocalCMCTests" time="0.001"/>
  <testcase name="TestALotOfAdding" classname="LocalCMCTests" time="0.001"/>
  <testcase name="TestALotOfAdding" classname="LocalCMCTests" time="0.0"/>
  <testcase name="TestALotOfAdding" classname="LocalCMCTests" time="0.001"/>
  <testcase name="TestALotOfAdding" classname="LocalCMCTests" time="0.001"/>
  <testcase name="TestALotOfAdding" classname="LocalCMCTests" time="0.0"/>
  <testcase name="TestALotOfAdding" classname="LocalCMCTests" time="0.001"/>
  <testcase name="TestALotOfAdding" classname="LocalCMCTests" time="0.001"/>
  <testcase name="TestALotOfAdding" classname="LocalCMCTests" time="0.0"/>
  <testcase name="TestALotOfAdding" classname="LocalCMCTests" time="0.001"/>
  <testcase name="TestALotOfAdding" classname="LocalCMCTests" time="0.0"/>
  <testcase name="TestALotOfAdding" classname="LocalCMCTests" time="0.001"/>
  <testcase name="TestALotOfAdding" classname="LocalCMCTests" time="0.0"/>
  <testcase name="TestALotOfAdding" classname="LocalCMCTests" time="0.002"/>
  <testcase name="TestALotOfAdding" classname="LocalCMCTests" time="0.001"/>
  <testcase name="TestALotOfAdding" classname="LocalCMCTests" time="0.0"/>
  <testcase name="TestALotOfAdding" classname="LocalCMCTests" time="0.0"/>
  <testcase name="TestALotOfAdding" classname="LocalCMCTests" time="0.001"/>
  <testcase name="TestALotOfAdding" classname="LocalCMCTests" time="0.001"/>
  <testcase name="TestALotOfAdding" classname="LocalCMCTests" time="0.0"/>
  <testcase name="TestALotOfAdding" classname="LocalCMCTests" time="0.0"/>
  <testcase name="TestALotOfAdding" classname="LocalCMCTests" time="0.001"/>
  <testcase name="TestALotOfAdding" classname="LocalCMCTests" time="0.001"/>
  <testcase name="TestALotOfAdding" classname="LocalCMCTests" time="0.001"/>
  <testcase name="TestALotOfAdding" classname="LocalCMCTests" time="0.001"/>
  <testcase name="TestALotOfAdding" classname="LocalCMCTests" time="0.001"/>
  <testcase name="TestALotOfAdding" classname="LocalCMCTests" time="0.0"/>
  <testcase name="TestALotOfAdding" classname="LocalCMCTests" time="0.0"/>
  <testcase name="TestALotOfAdding" classname="LocalCMCTests" time="0.0"/>
  <testcase name="TestALotOfAdding" classname="LocalCMCTests" time="0.0"/>
  <testcase name="TestALotOfAdding" classname="LocalCMCTests" time="0.0"/>
  <testcase name="TestALotOfAdding" classname="LocalCMCTests" time="0.001"/>
  <testcase name="TestALotOfAdding" classname="LocalCMCTests" time="0.0"/>
  <testcase name="TestALotOfAdding" classname="LocalCMCTests" time="0.001"/>
  <testcase name="TestALotOfAdding" classname="LocalCMCTests" time="0.002"/>
  <testcase name="TestALotOfAdding" classname="LocalCMCTests" time="0.002"/>
  <testcase name="TestALotOfAdding" classname="LocalCMCTests" time="0.0"/>
  <testcase name="TestALotOfAdding" classname="LocalCMCTests" time="0.0"/>
  <testcase name="TestALotOfAdding" classname="LocalCMCTests" time="0.001"/>
  <testcase name="TestALotOfAdding" classname="LocalCMCTests" time="0.001"/>
  <testcase name="TestALotOfAdding" classname="LocalCMCTests" time="0.0"/>
  <testcase name="TestALotOfAdding" classname="LocalCMCTests" time="0.001"/>
  <testcase name="TestALotOfAdding" classname="LocalCMCTests" time="0.001"/>
  <testcase name="TestALotOfAdding" classname="LocalCMCTests" time="0.001"/>
  <testcase name="TestALotOfAdding" classname="LocalCMCTests" time="0.001"/>
  <testcase name="TestALotOfAdding" classname="LocalCMCTests" time="0.0"/>
  <testcase name="TestALotOfAdding" classname="LocalCMCTests" time="0.001"/>
  <testcase name="TestALotOfAdding" classname="LocalCMCTests" time="0.0"/>
  <testcase name="TestALotOfAdding" classname="LocalCMCTests" time="0.0"/>
  <testcase name="TestALotOfAdding" classname="LocalCMCTests" time="0.001"/>
  <testcase name="TestALotOfAdding" classname="LocalCMCTests" time="0.001"/>
  <testcase name="TestALotOfAdding" classname="LocalCMCTests" time="0.0"/>
  <testcase name="TestALotOfAdding" classname="LocalCMCTests" time="0.001"/>
  <testcase name="TestALotOfAdding" classname="LocalCMCTests" time="0.001"/>
  <testcase name="TestALotOfAdding" classname="LocalCMCTests" time="0.001"/>
  <testcase name="TestALotOfAdding" classname="LocalCMCTests" time="0.0"/>
  <testcase name="TestALotOfAdding" classname="LocalCMCTests" time="0.001"/>
  <testcase name="TestALotOfAdding" classname="LocalCMCTests" time="0.001"/>
  <testcase name="TestALotOfAdding" classname="LocalCMCTests" time="0.001"/>
  <testcase name="TestALotOfAdding" classname="LocalCMCTests" time="0.001"/>
  <testcase name="TestALotOfAdding" classname="LocalCMCTests" time="0.0"/>
  <testcase name="TestALotOfAdding" classname="LocalCMCTests" time="0.0"/>
  <testcase name="TestALotOfAdding" classname="LocalCMCTests" time="0.001"/>
  <testcase name="TestALotOfAdding" classname="LocalCMCTests" time="0.0"/>
  <testcase name="TestALotOfAdding" classname="LocalCMCTests" time="0.0"/>
  <testcase name="TestALotOfAdding" classname="LocalCMCTests" time="0.001"/>
  <testcase name="TestALotOfAdding" classname="LocalCMCTests" time="0.001"/>
  <testcase name="TestALotOfAdding" classname="LocalCMCTests" time="0.0"/>
  <testcase name="TestALotOfAdding" classname="LocalCMCTests" time="0.0"/>
  <testcase name="TestALotOfAdding" classname="LocalCMCTests" time="0.0"/>
  <testcase name="TestALotOfAdding" classname="LocalCMCTests" time="0.001"/>
  <testcase name="TestALotOfAdding" classname="LocalCMCTests" time="0.0"/>
  <testcase name="TestALotOfAdding" classname="LocalCMCTests" time="0.0"/>
  <testcase name="TestALotOfAdding" classname="LocalCMCTests" time="0.001"/>
  <testcase name="TestALotOfAdding" classname="LocalCMCTests" time="0.0"/>
  <testcase name="TestALotOfAdding" classname="LocalCMCTests" time="0.001"/>
  <testcase name="TestALotOfAdding" classname="LocalCMCTests" time="0.001"/>
  <testcase name="TestALotOfAdding" classname="LocalCMCTests" time="0.001"/>
  <testcase name="TestALotOfAdding" classname="LocalCMCTests" time="0.001"/>
  <testcase name="TestALotOfAdding" classname="LocalCMCTests" time="0.001"/>
  <testcase name="TestALotOfAdding" classname="LocalCMCTests" time="0.001"/>
  <testcase name="TestALotOfAdding" classname="LocalCMCTests" time="0.001"/>
  <testcase name="TestALotOfAdding" classname="LocalCMCTests" time="0.001"/>
  <testcase name="TestALotOfAdding" classname="LocalCMCTests" time="0.0"/>
  <testcase name="TestALotOfAdding" classname="LocalCMCTests" time="0.001"/>
  <testcase name="TestALotOfAdding" classname="LocalCMCTests" time="0.001"/>
  <testcase name="TestALotOfAdding" classname="LocalCMCTests" time="0.001"/>
  <testcase name="TestALotOfAdding" classname="LocalCMCTests" time="0.0"/>
  <testcase name="TestALotOfAdding" classname="LocalCMCTests" time="0.001"/>
  <testcase name="TestALotOfAdding" classname="LocalCMCTests" time="0.0"/>
  <testcase name="TestALotOfAdding" classname="LocalCMCTests" time="0.001"/>
  <testcase name="TestALotOfAdding" classname="LocalCMCTests" time="0.0"/>
  <testcase name="TestALotOfAdding" classname="LocalCMCTests" time="0.0"/>
  <testcase name="TestALotOfAdding" classname="LocalCMCTests" time="0.001"/>
  <testcase name="TestALotOfAdding" classname="LocalCMCTests" time="0.0"/>
  <testcase name="TestALotOfAdding" classname="LocalCMCTests" time="0.0"/>
  <testcase name="TestALotOfAdding" classname="LocalCMCTests" time="0.0"/>
  <testcase name="TestALotOfAdding" classname="LocalCMCTests" time="0.0"/>
  <testcase name="TestALotOfAdding" classname="LocalCMCTests" time="0.001"/>
  <testcase name="TestALotOfAdding" classname="LocalCMCTests" time="0.002"/>
  <testcase name="TestALotOfAdding" classname="LocalCMCTests" time="0.002"/>
  <testcase name="TestALotOfAdding" classname="LocalCMCTests" time="0.0"/>
  <testcase name="TestALotOfAdding" classname="LocalCMCTests" time="0.001"/>
  <testcase name="TestALotOfAdding" classname="LocalCMCTests" time="0.001"/>
  <testcase name="TestALotOfAdding" classname="LocalCMCTests" time="0.001"/>
  <testcase name="TestALotOfAdding" classname="LocalCMCTests" time="0.001"/>
  <testcase name="TestALotOfAdding" classname="LocalCMCTests" time="0.001"/>
  <testcase name="TestALotOfAdding" classname="LocalCMCTests" time="0.001"/>
  <testcase name="TestALotOfAdding" classname="LocalCMCTests" time="0.001"/>
  <testcase name="TestALotOfAdding" classname="LocalCMCTests" time="0.0"/>
  <testcase name="TestALotOfAdding" classname="LocalCMCTests" time="0.0"/>
  <testcase name="TestALotOfAdding" classname="LocalCMCTests" time="0.001"/>
  <testcase name="TestALotOfAdding" classname="LocalCMCTests" time="0.001"/>
  <testcase name="TestALotOfAdding" classname="LocalCMCTests" time="0.0"/>
  <testcase name="TestALotOfAdding" classname="LocalCMCTests" time="0.001"/>
  <testcase name="TestALotOfAdding" classname="LocalCMCTests" time="0.001"/>
  <testcase name="TestALotOfAdding" classname="LocalCMCTests" time="0.001"/>
  <testcase name="TestALotOfAdding" classname="LocalCMCTests" time="0.001"/>
  <testcase name="TestALotOfAdding" classname="LocalCMCTests" time="0.001"/>
  <testcase name="TestALotOfAdding" classname="LocalCMCTests" time="0.0"/>
  <testcase name="TestALotOfAdding" classname="LocalCMCTests" time="0.001"/>
  <testcase name="TestALotOfAdding" classname="LocalCMCTests" time="0.0"/>
  <testcase name="TestALotOfAdding" classname="LocalCMCTests" time="0.0"/>
  <testcase name="TestALotOfAdding" classname="LocalCMCTests" time="0.0"/>
  <testcase name="TestALotOfAdding" classname="LocalCMCTests" time="0.0"/>
  <testcase name="TestALotOfAdding" classname="LocalCMCTests" time="0.0"/>
  <testcase name="TestALotOfAdding" classname="LocalCMCTests" time="0.0"/>
  <testcase name="TestALotOfAdding" classname="LocalCMCTests" time="0.0"/>
  <testcase name="TestALotOfAdding" classname="LocalCMCTests" time="0.001"/>
  <testcase name="TestALotOfAdding" classname="LocalCMCTests" time="0.001"/>
  <testcase name="TestALotOfAdding" classname="LocalCMCTests" time="0.002"/>
  <testcase name="TestALotOfAdding" classname="LocalCMCTests" time="0.002"/>
  <testcase name="TestALotOfAdding" classname="LocalCMCTests" time="0.0"/>
  <testcase name="TestALotOfAdding" classname="LocalCMCTests" time="0.001"/>
  <testcase name="TestALotOfAdding" classname="LocalCMCTests" time="0.0"/>
  <testcase name="TestALotOfAdding" classname="LocalCMCTests" time="0.001"/>
  <testcase name="TestALotOfAdding" classname="LocalCMCTests" time="0.001"/>
  <testcase name="TestALotOfAdding" classname="LocalCMCTests" time="0.0"/>
  <testcase name="TestALotOfAdding" classname="LocalCMCTests" time="0.001"/>
  <testcase name="TestALotOfAdding" classname="LocalCMCTests" time="0.001"/>
  <testcase name="TestALotOfAdding" classname="LocalCMCTests" time="0.001"/>
  <testcase name="TestALotOfAdding" classname="LocalCMCTests" time="0.0"/>
  <testcase name="TestALotOfAdding" classname="LocalCMCTests" time="0.001"/>
  <testcase name="TestALotOfAdding" classname="LocalCMCTests" time="0.001"/>
  <testcase name="TestALotOfAdding" classname="LocalCMCTests" time="0.001"/>
  <testcase name="TestALotOfAdding" classname="LocalCMCTests" time="0.0"/>
  <testcase name="TestALotOfAdding" classname="LocalCMCTests" time="0.001"/>
  <testcase name="TestALotOfAdding" classname="LocalCMCTests" time="0.001"/>
  <testcase name="TestALotOfAdding" classname="LocalCMCTests" time="0.0"/>
  <testcase name="TestALotOfAdding" classname="LocalCMCTests" time="0.0"/>
  <testcase name="TestALotOfAdding" classname="LocalCMCTests" time="0.001"/>
  <testcase name="TestALotOfAdding" classname="LocalCMCTests" time="0.0"/>
  <testcase name="TestALotOfAdding" classname="LocalCMCTests" time="0.0"/>
  <testcase name="TestALotOfAdding" classname="LocalCMCTests" time="0.0"/>
  <testcase name="TestALotOfAdding" classname="LocalCMCTests" time="0.001"/>
  <testcase name="TestALotOfAdding" classname="LocalCMCTests" time="0.001"/>
  <testcase name="TestALotOfAdding" classname="LocalCMCTests" time="0.0"/>
  <testcase name="TestALotOfAdding" classname="LocalCMCTests" time="0.001"/>
  <testcase name="TestALotOfAdding" classname="LocalCMCTests" time="0.0"/>
  <testcase name="TestALotOfAdding" classname="LocalCMCTests" time="0.001"/>
  <testcase name="TestALotOfAdding" classname="LocalCMCTests" time="0.001"/>
  <testcase name="TestALotOfAdding" classname="LocalCMCTests" time="0.0"/>
  <testcase name="TestALotOfAdding" classname="LocalCMCTests" time="0.001"/>
  <testcase name="TestALotOfAdding" classname="LocalCMCTests" time="0.001"/>
  <testcase name="TestALotOfAdding" classname="LocalCMCTests" time="0.0"/>
  <testcase name="TestALotOfAdding" classname="LocalCMCTests" time="0.001"/>
  <testcase name="TestALotOfAdding" classname="LocalCMCTests" time="0.0"/>
  <testcase name="TestALotOfAdding" classname="LocalCMCTests" time="0.0"/>
  <testcase name="TestALotOfAdding" classname="LocalCMCTests" time="0.001"/>
  <testcase name="TestALotOfAdding" classname="LocalCMCTests" time="0.001"/>
  <testcase name="TestALotOfAdding" classname="LocalCMCTests" time="0.0"/>
  <testcase name="TestALotOfAdding" classname="LocalCMCTests" time="0.001"/>
  <testcase name="TestALotOfAdding" classname="LocalCMCTests" time="0.0"/>
  <testcase name="TestALotOfAdding" classname="LocalCMCTests" time="0.0"/>
  <testcase name="TestALotOfAdding" classname="LocalCMCTests" time="0.001"/>
  <testcase name="TestALotOfAdding" classname="LocalCMCTests" time="0.001"/>
  <testcase name="TestALotOfAdding" classname="LocalCMCTests" time="0.0"/>
  <testcase name="TestALotOfAdding" classname="LocalCMCTests" time="0.002"/>
  <testcase name="TestALotOfAdding" classname="LocalCMCTests" time="0.0"/>
  <testcase name="TestALotOfAdding" classname="LocalCMCTests" time="0.001"/>
  <testcase name="TestALotOfAdding" classname="LocalCMCTests" time="0.0"/>
  <testcase name="TestALotOfAdding" classname="LocalCMCTests" time="0.0"/>
  <testcase name="TestALotOfAdding" classname="LocalCMCTests" time="0.001"/>
  <testcase name="TestALotOfAdding" classname="LocalCMCTests" time="0.001"/>
  <testcase name="TestALotOfAdding" classname="LocalCMCTests" time="0.001"/>
  <testcase name="TestALotOfAdding" classname="LocalCMCTests" time="0.001"/>
  <testcase name="TestALotOfAdding" classname="LocalCMCTests" time="0.003"/>
  <testcase name="TestALotOfAdding" classname="LocalCMCTests" time="0.0"/>
  <testcase name="TestALotOfAdding" classname="LocalCMCTests" time="0.0"/>
  <testcase name="TestALotOfAdding" classname="LocalCMCTests" time="0.0"/>
  <testcase name="TestALotOfAdding" classname="LocalCMCTests" time="0.0"/>
  <testcase name="TestALotOfAdding" classname="LocalCMCTests" time="0.0"/>
  <testcase name="TestALotOfAdding" classname="LocalCMCTests" time="0.001"/>
  <testcase name="TestALotOfAdding" classname="LocalCMCTests" time="0.001"/>
  <testcase name="TestALotOfAdding" classname="LocalCMCTests" time="0.0"/>
  <testcase name="TestALotOfAdding" classname="LocalCMCTests" time="0.001"/>
  <testcase name="TestALotOfAdding" classname="LocalCMCTests" time="0.001"/>
  <testcase name="TestALotOfAdding" classname="LocalCMCTests" time="0.0"/>
  <testcase name="TestALotOfAdding" classname="LocalCMCTests" time="0.001"/>
  <testcase name="TestALotOfAdding" classname="LocalCMCTests" time="0.001"/>
  <testcase name="TestALotOfAdding" classname="LocalCMCTests" time="0.001"/>
  <testcase name="TestALotOfAdding" classname="LocalCMCTests" time="0.001"/>
  <testcase name="TestALotOfAdding" classname="LocalCMCTests" time="0.0"/>
  <testcase name="TestALotOfAdding" classname="LocalCMCTests" time="0.0"/>
  <testcase name="TestALotOfAdding" classname="LocalCMCTests" time="0.001"/>
  <testcase name="TestALotOfAdding" classname="LocalCMCTests" time="0.0"/>
  <testcase name="TestALotOfAdding" classname="LocalCMCTests" time="0.001"/>
  <testcase name="TestALotOfAdding" classname="LocalCMCTests" time="0.0"/>
  <testcase name="TestALotOfAdding" classname="LocalCMCTests" time="0.0"/>
  <testcase name="TestALotOfAdding" classname="LocalCMCTests" time="0.001"/>
  <testcase name="TestALotOfAdding" classname="LocalCMCTests" time="0.0"/>
  <testcase name="TestALotOfAdding" classname="LocalCMCTests" time="0.001"/>
  <testcase name="TestALotOfAdding" classname="LocalCMCTests" time="0.001"/>
  <testcase name="TestALotOfAdding" classname="LocalCMCTests" time="0.001"/>
  <testcase name="TestALotOfAdding" classname="LocalCMCTests" time="0.001"/>
  <testcase name="TestALotOfAdding" classname="LocalCMCTests" time="0.0"/>
  <testcase name="TestALotOfAdding" classname="LocalCMCTests" time="0.001"/>
  <testcase name="TestALotOfAdding" classname="LocalCMCTests" time="0.0"/>
  <testcase name="TestALotOfAdding" classname="LocalCMCTests" time="0.001"/>
  <testcase name="TestALotOfAdding" classname="LocalCMCTests" time="0.001"/>
  <testcase name="TestALotOfAdding" classname="LocalCMCTests" time="0.001"/>
  <testcase name="TestALotOfAdding" classname="LocalCMCTests" time="0.0"/>
  <testcase name="TestALotOfAdding" classname="LocalCMCTests" time="0.0"/>
  <testcase name="TestALotOfAdding" classname="LocalCMCTests" time="0.001"/>
  <testcase name="TestALotOfAdding" classname="LocalCMCTests" time="0.0"/>
  <testcase name="TestALotOfAdding" classname="LocalCMCTests" time="0.0"/>
  <testcase name="TestALotOfAdding" classname="LocalCMCTests" time="0.001"/>
  <testcase name="TestALotOfAdding" classname="LocalCMCTests" time="0.001"/>
  <testcase name="TestALotOfAdding" classname="LocalCMCTests" time="0.0"/>
  <testcase name="TestALotOfAdding" classname="LocalCMCTests" time="0.0"/>
  <testcase name="TestALotOfAdding" classname="LocalCMCTests" time="0.001"/>
  <testcase name="TestALotOfAdding" classname="LocalCMCTests" time="0.001"/>
  <testcase name="TestALotOfAdding" classname="LocalCMCTests" time="0.001"/>
  <testcase name="TestALotOfAdding" classname="LocalCMCTests" time="0.0"/>
  <testcase name="TestALotOfAdding" classname="LocalCMCTests" time="0.0"/>
  <testcase name="TestALotOfAdding" classname="LocalCMCTests" time="0.0"/>
  <testcase name="TestALotOfAdding" classname="LocalCMCTests" time="0.0"/>
  <testcase name="TestALotOfAdding" classname="LocalCMCTests" time="0.001"/>
  <testcase name="TestALotOfAdding" classname="LocalCMCTests" time="0.0"/>
  <testcase name="TestALotOfAdding" classname="LocalCMCTests" time="0.001"/>
  <testcase name="TestALotOfAdding" classname="LocalCMCTests" time="0.001"/>
  <testcase name="TestALotOfAdding" classname="LocalCMCTests" time="0.002"/>
  <testcase name="TestALotOfAdding" classname="LocalCMCTests" time="0.002"/>
  <testcase name="TestALotOfAdding" classname="LocalCMCTests" time="0.001"/>
  <testcase name="TestALotOfAdding" classname="LocalCMCTests" time="0.0"/>
  <testcase name="TestALotOfAdding" classname="LocalCMCTests" time="0.001"/>
  <testcase name="TestALotOfAdding" classname="LocalCMCTests" time="0.001"/>
  <testcase name="TestALotOfAdding" classname="LocalCMCTests" time="0.001"/>
  <testcase name="TestALotOfAdding" classname="LocalCMCTests" time="0.0"/>
  <testcase name="TestALotOfAdding" classname="LocalCMCTests" time="0.0"/>
  <testcase name="TestALotOfAdding" classname="LocalCMCTests" time="0.0"/>
  <testcase name="TestALotOfAdding" classname="LocalCMCTests" time="0.0"/>
  <testcase name="TestALotOfAdding" classname="LocalCMCTests" time="0.001"/>
  <testcase name="TestALotOfAdding" classname="LocalCMCTests" time="0.0"/>
  <testcase name="TestALotOfAdding" classname="LocalCMCTests" time="0.0"/>
  <testcase name="TestALotOfAdding" classname="LocalCMCTests" time="0.001"/>
  <testcase name="TestALotOfAdding" classname="LocalCMCTests" time="0.0"/>
  <testcase name="TestALotOfAdding" classname="LocalCMCTests" time="0.0"/>
  <testcase name="TestALotOfAdding" classname="LocalCMCTests" time="0.0"/>
  <testcase name="TestALotOfAdding" classname="LocalCMCTests" time="0.001"/>
  <testcase name="TestALotOfAdding" classname="LocalCMCTests" time="0.001"/>
  <testcase name="TestALotOfAdding" classname="LocalCMCTests" time="0.0"/>
  <testcase name="TestALotOfAdding" classname="LocalCMCTests" time="0.0"/>
  <testcase name="TestALotOfAdding" classname="LocalCMCTests" time="0.001"/>
  <testcase name="TestALotOfAdding" classname="LocalCMCTests" time="0.001"/>
  <testcase name="TestALotOfAdding" classname="LocalCMCTests" time="0.001"/>
  <testcase name="TestALotOfAdding" classname="LocalCMCTests" time="0.001"/>
  <testcase name="TestALotOfAdding" classname="LocalCMCTests" time="0.0"/>
  <testcase name="TestALotOfAdding" classname="LocalCMCTests" time="0.001"/>
  <testcase name="TestALotOfAdding" classname="LocalCMCTests" time="0.0"/>
  <testcase name="TestALotOfAdding" classname="LocalCMCTests" time="0.0"/>
  <testcase name="TestALotOfAdding" classname="LocalCMCTests" time="0.0"/>
  <testcase name="TestALotOfAdding" classname="LocalCMCTests" time="0.0"/>
  <testcase name="TestALotOfAdding" classname="LocalCMCTests" time="0.001"/>
  <testcase name="TestALotOfAdding" classname="LocalCMCTests" time="0.0"/>
  <testcase name="TestALotOfAdding" classname="LocalCMCTests" time="0.001"/>
  <testcase name="TestALotOfAdding" classname="LocalCMCTests" time="0.001"/>
  <testcase name="TestALotOfAdding" classname="LocalCMCTests" time="0.002"/>
  <testcase name="TestALotOfAdding" classname="LocalCMCTests" time="0.003"/>
  <testcase name="TestALotOfAdding" classname="LocalCMCTests" time="0.001"/>
  <testcase name="TestALotOfAdding" classname="LocalCMCTests" time="0.0"/>
  <testcase name="TestALotOfAdding" classname="LocalCMCTests" time="0.0"/>
  <testcase name="TestALotOfAdding" classname="LocalCMCTests" time="0.0"/>
  <testcase name="TestALotOfAdding" classname="LocalCMCTests" time="0.0"/>
  <testcase name="TestALotOfAdding" classname="LocalCMCTests" time="0.0"/>
  <testcase name="TestALotOfAdding" classname="LocalCMCTests" time="0.0"/>
  <testcase name="TestALotOfAdding" classname="LocalCMCTests" time="0.001"/>
  <testcase name="TestALotOfAdding" classname="LocalCMCTests" time="0.001"/>
  <testcase name="TestALotOfAdding" classname="LocalCMCTests" time="0.0"/>
  <testcase name="TestALotOfAdding" classname="LocalCMCTests" time="0.0"/>
  <testcase name="TestALotOfAdding" classname="LocalCMCTests" time="0.0"/>
  <testcase name="TestALotOfAdding" classname="LocalCMCTests" time="0.002"/>
  <testcase name="TestALotOfAdding" classname="LocalCMCTests" time="0.001"/>
  <testcase name="TestALotOfAdding" classname="LocalCMCTests" time="0.0"/>
  <testcase name="TestALotOfAdding" classname="LocalCMCTests" time="0.001"/>
  <testcase name="TestALotOfAdding" classname="LocalCMCTests" time="0.0"/>
  <testcase name="TestALotOfAdding" classname="LocalCMCTests" time="0.001"/>
  <testcase name="TestALotOfAdding" classname="LocalCMCTests" time="0.001"/>
  <testcase name="TestALotOfAdding" classname="LocalCMCTests" time="0.001"/>
  <testcase name="TestALotOfAdding" classname="LocalCMCTests" time="0.0"/>
  <testcase name="TestALotOfAdding" classname="LocalCMCTests" time="0.001"/>
  <testcase name="TestALotOfAdding" classname="LocalCMCTests" time="0.001"/>
  <testcase name="TestALotOfAdding" classname="LocalCMCTests" time="0.001"/>
  <testcase name="TestALotOfAdding" classname="LocalCMCTests" time="0.0"/>
  <testcase name="TestALotOfAdding" classname="LocalCMCTests" time="0.0"/>
  <testcase name="TestALotOfAdding" classname="LocalCMCTests" time="0.001"/>
  <testcase name="TestALotOfAdding" classname="LocalCMCTests" time="0.002"/>
  <testcase name="TestALotOfAdding" classname="LocalCMCTests" time="0.0"/>
  <testcase name="TestALotOfAdding" classname="LocalCMCTests" time="0.001"/>
  <testcase name="TestALotOfAdding" classname="LocalCMCTests" time="0.001"/>
  <testcase name="TestALotOfAdding" classname="LocalCMCTests" time="0.001"/>
  <testcase name="TestALotOfAdding" classname="LocalCMCTests" time="0.0"/>
  <testcase name="TestALotOfAdding" classname="LocalCMCTests" time="0.001"/>
  <testcase name="TestALotOfAdding" classname="LocalCMCTests" time="0.001"/>
  <testcase name="TestALotOfAdding" classname="LocalCMCTests" time="0.001"/>
  <testcase name="TestALotOfAdding" classname="LocalCMCTests" time="0.001"/>
  <testcase name="TestALotOfAdding" classname="LocalCMCTests" time="0.0"/>
  <testcase name="TestALotOfAdding" classname="LocalCMCTests" time="0.0"/>
  <testcase name="TestALotOfAdding" classname="LocalCMCTests" time="0.0"/>
  <testcase name="TestALotOfAdding" classname="LocalCMCTests" time="0.0"/>
  <testcase name="TestALotOfAdding" classname="LocalCMCTests" time="0.001"/>
  <testcase name="TestALotOfAdding" classname="LocalCMCTests" time="0.001"/>
  <testcase name="TestALotOfAdding" classname="LocalCMCTests" time="0.001"/>
  <testcase name="TestALotOfAdding" classname="LocalCMCTests" time="0.001"/>
  <testcase name="TestALotOfAdding" classname="LocalCMCTests" time="0.0"/>
  <testcase name="TestALotOfAdding" classname="LocalCMCTests" time="0.001"/>
  <testcase name="TestALotOfAdding" classname="LocalCMCTests" time="0.0"/>
  <testcase name="TestALotOfAdding" classname="LocalCMCTests" time="0.001"/>
  <testcase name="TestALotOfAdding" classname="LocalCMCTests" time="0.0"/>
  <testcase name="TestALotOfAdding" classname="LocalCMCTests" time="0.0"/>
  <testcase name="TestALotOfAdding" classname="LocalCMCTests" time="0.001"/>
  <testcase name="TestALotOfAdding" classname="LocalCMCTests" time="0.001"/>
  <testcase name="TestALotOfAdding" classname="LocalCMCTests" time="0.001"/>
  <testcase name="TestALotOfAdding" classname="LocalCMCTests" time="0.001"/>
  <testcase name="TestALotOfAdding" classname="LocalCMCTests" time="0.001"/>
  <testcase name="TestALotOfAdding" classname="LocalCMCTests" time="0.0"/>
  <testcase name="TestALotOfAdding" classname="LocalCMCTests" time="0.0"/>
  <testcase name="TestALotOfAdding" classname="LocalCMCTests" time="0.0"/>
  <testcase name="TestALotOfAdding" classname="LocalCMCTests" time="0.0"/>
  <testcase name="TestALotOfAdding" classname="LocalCMCTests" time="0.001"/>
  <testcase name="TestALotOfAdding" classname="LocalCMCTests" time="0.0"/>
  <testcase name="TestALotOfAdding" classname="LocalCMCTests" time="0.001"/>
  <testcase name="TestALotOfAdding" classname="LocalCMCTests" time="0.001"/>
  <testcase name="TestALotOfAdding" classname="LocalCMCTests" time="0.001"/>
  <testcase name="TestALotOfAdding" classname="LocalCMCTests" time="0.0"/>
  <testcase name="TestALotOfAdding" classname="LocalCMCTests" time="0.0"/>
  <testcase name="TestALotOfAdding" classname="LocalCMCTests" time="0.0"/>
  <testcase name="TestALotOfAdding" classname="LocalCMCTests" time="0.0"/>
  <testcase name="TestALotOfAdding" classname="LocalCMCTests" time="0.001"/>
  <testcase name="TestALotOfAdding" classname="LocalCMCTests" time="0.001"/>
  <testcase name="TestALotOfAdding" classname="LocalCMCTests" time="0.001"/>
  <testcase name="TestALotOfAdding" classname="LocalCMCTests" time="0.0"/>
  <testcase name="TestALotOfAdding" classname="LocalCMCTests" time="0.001"/>
  <testcase name="TestALotOfAdding" classname="LocalCMCTests" time="0.0"/>
  <testcase name="TestALotOfAdding" classname="LocalCMCTests" time="0.001"/>
  <testcase name="TestALotOfAdding" classname="LocalCMCTests" time="0.001"/>
  <testcase name="TestALotOfAdding" classname="LocalCMCTests" time="0.001"/>
  <testcase name="TestALotOfAdding" classname="LocalCMCTests" time="0.001"/>
  <testcase name="TestALotOfAdding" classname="LocalCMCTests" time="0.001"/>
  <testcase name="TestALotOfAdding" classname="LocalCMCTests" time="0.0"/>
  <testcase name="TestALotOfAdding" classname="LocalCMCTests" time="0.001"/>
  <testcase name="TestALotOfAdding" classname="LocalCMCTests" time="0.001"/>
  <testcase name="TestALotOfAdding" classname="LocalCMCTests" time="0.002"/>
  <testcase name="TestALotOfAdding" classname="LocalCMCTests" time="0.0"/>
  <testcase name="TestALotOfAdding" classname="LocalCMCTests" time="0.001"/>
  <testcase name="TestALotOfAdding" classname="LocalCMCTests" time="0.0"/>
  <testcase name="TestALotOfAdding" classname="LocalCMCTests" time="0.0"/>
  <testcase name="TestALotOfAdding" classname="LocalCMCTests" time="0.001"/>
  <testcase name="TestALotOfAdding" classname="LocalCMCTests" time="0.0"/>
  <testcase name="TestALotOfAdding" classname="LocalCMCTests" time="0.0"/>
  <testcase name="TestALotOfAdding" classname="LocalCMCTests" time="0.001"/>
  <testcase name="TestALotOfAdding" classname="LocalCMCTests" time="0.0"/>
  <testcase name="TestALotOfAdding" classname="LocalCMCTests" time="0.0"/>
  <testcase name="TestALotOfAdding" classname="LocalCMCTests" time="0.0"/>
  <testcase name="TestALotOfAdding" classname="LocalCMCTests" time="0.001"/>
  <testcase name="TestALotOfAdding" classname="LocalCMCTests" time="0.001"/>
  <testcase name="TestALotOfAdding" classname="LocalCMCTests" time="0.001"/>
  <testcase name="TestALotOfAdding" classname="LocalCMCTests" time="0.0"/>
  <testcase name="TestALotOfAdding" classname="LocalCMCTests" time="0.001"/>
  <testcase name="TestALotOfAdding" classname="LocalCMCTests" time="0.001"/>
  <testcase name="TestALotOfAdding" classname="LocalCMCTests" time="0.0"/>
  <testcase name="TestALotOfAdding" classname="LocalCMCTests" time="0.001"/>
  <testcase name="TestALotOfAdding" classname="LocalCMCTests" time="0.001"/>
  <testcase name="TestALotOfAdding" classname="LocalCMCTests" time="0.0"/>
  <testcase name="TestALotOfAdding" classname="LocalCMCTests" time="0.0"/>
  <testcase name="TestALotOfAdding" classname="LocalCMCTests" time="0.001"/>
  <testcase name="TestALotOfAdding" classname="LocalCMCTests" time="0.001"/>
  <testcase name="TestALotOfAdding" classname="LocalCMCTests" time="0.0"/>
  <testcase name="TestALotOfAdding" classname="LocalCMCTests" time="0.001"/>
  <testcase name="TestALotOfAdding" classname="LocalCMCTests" time="0.0"/>
  <testcase name="TestALotOfAdding" classname="LocalCMCTests" time="0.003"/>
  <testcase name="TestALotOfAdding" classname="LocalCMCTests" time="0.0"/>
  <testcase name="TestALotOfAdding" classname="LocalCMCTests" time="0.001"/>
  <testcase name="TestALotOfAdding" classname="LocalCMCTests" time="0.0"/>
  <testcase name="TestALotOfAdding" classname="LocalCMCTests" time="0.001"/>
  <testcase name="TestALotOfAdding" classname="LocalCMCTests" time="0.0"/>
  <testcase name="TestALotOfAdding" classname="LocalCMCTests" time="0.001"/>
  <testcase name="TestALotOfAdding" classname="LocalCMCTests" time="0.001"/>
  <testcase name="TestALotOfAdding" classname="LocalCMCTests" time="0.0"/>
  <testcase name="TestALotOfAdding" classname="LocalCMCTests" time="0.0"/>
  <testcase name="TestALotOfAdding" classname="LocalCMCTests" time="0.0"/>
  <testcase name="TestALotOfAdding" classname="LocalCMCTests" time="0.001"/>
  <testcase name="TestALotOfAdding" classname="LocalCMCTests" time="0.0"/>
  <testcase name="TestALotOfAdding" classname="LocalCMCTests" time="0.001"/>
  <testcase name="TestALotOfAdding" classname="LocalCMCTests" time="0.0"/>
  <testcase name="TestALotOfAdding" classname="LocalCMCTests" time="0.0"/>
  <testcase name="TestALotOfAdding" classname="LocalCMCTests" time="0.001"/>
  <testcase name="TestALotOfAdding" classname="LocalCMCTests" time="0.001"/>
  <testcase name="TestALotOfAdding" classname="LocalCMCTests" time="0.0"/>
  <testcase name="TestALotOfAdding" classname="LocalCMCTests" time="0.0"/>
  <testcase name="TestALotOfAdding" classname="LocalCMCTests" time="0.001"/>
  <testcase name="TestALotOfAdding" classname="LocalCMCTests" time="0.001"/>
  <testcase name="TestALotOfAdding" classname="LocalCMCTests" time="0.001"/>
  <testcase name="TestALotOfAdding" classname="LocalCMCTests" time="0.002"/>
  <testcase name="TestALotOfAdding" classname="LocalCMCTests" time="0.001"/>
  <testcase name="TestALotOfAdding" classname="LocalCMCTests" time="0.0"/>
  <testcase name="TestALotOfAdding" classname="LocalCMCTests" time="0.0"/>
  <testcase name="TestALotOfAdding" classname="LocalCMCTests" time="0.0"/>
  <testcase name="TestALotOfAdding" classname="LocalCMCTests" time="0.001"/>
  <testcase name="TestALotOfAdding" classname="LocalCMCTests" time="0.0"/>
  <testcase name="TestALotOfAdding" classname="LocalCMCTests" time="0.001"/>
  <testcase name="TestALotOfAdding" classname="LocalCMCTests" time="0.001"/>
  <testcase name="TestALotOfAdding" classname="LocalCMCTests" time="0.001"/>
  <testcase name="TestALotOfAdding" classname="LocalCMCTests" time="0.0"/>
  <testcase name="TestALotOfAdding" classname="LocalCMCTests" time="0.0"/>
  <testcase name="TestALotOfAdding" classname="LocalCMCTests" time="0.001"/>
  <testcase name="TestALotOfAdding" classname="LocalCMCTests" time="0.001"/>
  <testcase name="TestALotOfAdding" classname="LocalCMCTests" time="0.001"/>
  <testcase name="TestALotOfAdding" classname="LocalCMCTests" time="0.001"/>
  <testcase name="TestALotOfAdding" classname="LocalCMCTests" time="0.0"/>
  <testcase name="TestALotOfAdding" classname="LocalCMCTests" time="0.0"/>
  <testcase name="TestALotOfAdding" classname="LocalCMCTests" time="0.0"/>
  <testcase name="TestALotOfAdding" classname="LocalCMCTests" time="0.0"/>
  <testcase name="TestALotOfAdding" classname="LocalCMCTests" time="0.0"/>
  <testcase name="TestALotOfAdding" classname="LocalCMCTests" time="0.0"/>
  <testcase name="TestALotOfAdding" classname="LocalCMCTests" time="0.001"/>
  <testcase name="TestALotOfAdding" classname="LocalCMCTests" time="0.0"/>
  <testcase name="TestALotOfAdding" classname="LocalCMCTests" time="0.0"/>
  <testcase name="TestALotOfAdding" classname="LocalCMCTests" time="0.0"/>
  <testcase name="TestALotOfAdding" classname="LocalCMCTests" time="0.0"/>
  <testcase name="TestALotOfAdding" classname="LocalCMCTests" time="0.001"/>
  <testcase name="TestALotOfAdding" classname="LocalCMCTests" time="0.001"/>
  <testcase name="TestALotOfAdding" classname="LocalCMCTests" time="0.001"/>
  <testcase name="TestALotOfAdding" classname="LocalCMCTests" time="0.001"/>
  <testcase name="TestALotOfAdding" classname="LocalCMCTests" time="0.0"/>
  <testcase name="TestALotOfAdding" classname="LocalCMCTests" time="0.001"/>
  <testcase name="TestALotOfAdding" classname="LocalCMCTests" time="0.0"/>
  <testcase name="TestALotOfAdding" classname="LocalCMCTests" time="0.001"/>
  <testcase name="TestALotOfAdding" classname="LocalCMCTests" time="0.0"/>
  <testcase name="TestALotOfAdding" classname="LocalCMCTests" time="0.0"/>
  <testcase name="TestALotOfAdding" classname="LocalCMCTests" time="0.0"/>
  <testcase name="TestALotOfAdding" classname="LocalCMCTests" time="0.0"/>
  <testcase name="TestALotOfAdding" classname="LocalCMCTests" time="0.0"/>
  <testcase name="TestALotOfAdding" classname="LocalCMCTests" time="0.001"/>
  <testcase name="TestALotOfAdding" classname="LocalCMCTests" time="0.001"/>
  <testcase name="TestALotOfAdding" classname="LocalCMCTests" time="0.001"/>
  <testcase name="TestALotOfAdding" classname="LocalCMCTests" time="0.001"/>
  <testcase name="TestALotOfAdding" classname="LocalCMCTests" time="0.001"/>
  <testcase name="TestALotOfAdding" classname="LocalCMCTests" time="0.0"/>
  <testcase name="TestALotOfAdding" classname="LocalCMCTests" time="0.0"/>
  <testcase name="TestALotOfAdding" classname="LocalCMCTests" time="0.0"/>
  <testcase name="TestALotOfAdding" classname="LocalCMCTests" time="0.0"/>
  <testcase name="TestALotOfAdding" classname="LocalCMCTests" time="0.001"/>
  <testcase name="TestALotOfAdding" classname="LocalCMCTests" time="0.001"/>
  <testcase name="TestALotOfAdding" classname="LocalCMCTests" time="0.001"/>
  <testcase name="TestALotOfAdding" classname="LocalCMCTests" time="0.0"/>
  <testcase name="TestALotOfAdding" classname="LocalCMCTests" time="0.001"/>
  <testcase name="TestALotOfAdding" classname="LocalCMCTests" time="0.001"/>
  <testcase name="TestALotOfAdding" classname="LocalCMCTests" time="0.0"/>
  <testcase name="TestALotOfAdding" classname="LocalCMCTests" time="0.001"/>
  <testcase name="TestALotOfAdding" classname="LocalCMCTests" time="0.0"/>
  <testcase name="TestALotOfAdding" classname="LocalCMCTests" time="0.001"/>
  <testcase name="TestALotOfAdding" classname="LocalCMCTests" time="0.001"/>
  <testcase name="TestALotOfAdding" classname="LocalCMCTests" time="0.001"/>
  <testcase name="TestALotOfAdding" classname="LocalCMCTests" time="0.003"/>
  <testcase name="TestALotOfAdding" classname="LocalCMCTests" time="0.0"/>
  <testcase name="TestALotOfAdding" classname="LocalCMCTests" time="0.001"/>
  <testcase name="TestALotOfAdding" classname="LocalCMCTests" time="0.0"/>
  <testcase name="TestALotOfAdding" classname="LocalCMCTests" time="0.0"/>
  <testcase name="TestALotOfAdding" classname="LocalCMCTests" time="0.0"/>
  <testcase name="TestALotOfAdding" classname="LocalCMCTests" time="0.001"/>
  <testcase name="TestALotOfAdding" classname="LocalCMCTests" time="0.001"/>
  <testcase name="TestALotOfAdding" classname="LocalCMCTests" time="0.0"/>
  <testcase name="TestALotOfAdding" classname="LocalCMCTests" time="0.002"/>
  <testcase name="TestALotOfAdding" classname="LocalCMCTests" time="0.0"/>
  <testcase name="TestALotOfAdding" classname="LocalCMCTests" time="0.0"/>
  <testcase name="TestALotOfAdding" classname="LocalCMCTests" time="0.001"/>
  <testcase name="TestALotOfAdding" classname="LocalCMCTests" time="0.001"/>
  <testcase name="TestALotOfAdding" classname="LocalCMCTests" time="0.0"/>
  <testcase name="TestALotOfAdding" classname="LocalCMCTests" time="0.001"/>
  <testcase name="TestALotOfAdding" classname="LocalCMCTests" time="0.001"/>
  <testcase name="TestALotOfAdding" classname="LocalCMCTests" time="0.001"/>
  <testcase name="TestALotOfAdding" classname="LocalCMCTests" time="0.001"/>
  <testcase name="TestALotOfAdding" classname="LocalCMCTests" time="0.0"/>
  <testcase name="TestALotOfAdding" classname="LocalCMCTests" time="0.0"/>
  <testcase name="TestALotOfAdding" classname="LocalCMCTests" time="0.0"/>
  <testcase name="TestALotOfAdding" classname="LocalCMCTests" time="0.0"/>
  <testcase name="TestALotOfAdding" classname="LocalCMCTests" time="0.0"/>
  <testcase name="TestALotOfAdding" classname="LocalCMCTests" time="0.001"/>
  <testcase name="TestALotOfAdding" classname="LocalCMCTests" time="0.0"/>
  <testcase name="TestALotOfAdding" classname="LocalCMCTests" time="0.001"/>
  <testcase name="TestALotOfAdding" classname="LocalCMCTests" time="0.001"/>
  <testcase name="TestALotOfAdding" classname="LocalCMCTests" time="0.0"/>
  <testcase name="TestALotOfAdding" classname="LocalCMCTests" time="0.001"/>
  <testcase name="TestALotOfAdding" classname="LocalCMCTests" time="0.001"/>
  <testcase name="TestALotOfAdding" classname="LocalCMCTests" time="0.001"/>
  <testcase name="TestALotOfAdding" classname="LocalCMCTests" time="0.001"/>
  <testcase name="TestALotOfAdding" classname="LocalCMCTests" time="0.0"/>
  <testcase name="TestALotOfAdding" classname="LocalCMCTests" time="0.001"/>
  <testcase name="TestALotOfAdding" classname="LocalCMCTests" time="0.001"/>
  <testcase name="TestALotOfAdding" classname="LocalCMCTests" time="0.001"/>
  <testcase name="TestALotOfAdding" classname="LocalCMCTests" time="0.0"/>
  <testcase name="TestALotOfAdding" classname="LocalCMCTests" time="0.0"/>
  <testcase name="TestALotOfAdding" classname="LocalCMCTests" time="0.0"/>
  <testcase name="TestALotOfAdding" classname="LocalCMCTests" time="0.0"/>
  <testcase name="TestALotOfAdding" classname="LocalCMCTests" time="0.0"/>
  <testcase name="TestALotOfAdding" classname="LocalCMCTests" time="0.0"/>
  <testcase name="TestALotOfAdding" classname="LocalCMCTests" time="0.002"/>
  <testcase name="TestALotOfAdding" classname="LocalCMCTests" time="0.002"/>
  <testcase name="TestALotOfAdding" classname="LocalCMCTests" time="0.0"/>
  <testcase name="TestALotOfAdding" classname="LocalCMCTests" time="0.001"/>
  <testcase name="TestALotOfAdding" classname="LocalCMCTests" time="0.001"/>
  <testcase name="TestALotOfAdding" classname="LocalCMCTests" time="0.0"/>
  <testcase name="TestALotOfAdding" classname="LocalCMCTests" time="0.0"/>
  <testcase name="TestALotOfAdding" classname="LocalCMCTests" time="0.001"/>
  <testcase name="TestALotOfAdding" classname="LocalCMCTests" time="0.001"/>
  <testcase name="TestALotOfAdding" classname="LocalCMCTests" time="0.001"/>
  <testcase name="TestALotOfAdding" classname="LocalCMCTests" time="0.001"/>
  <testcase name="TestALotOfAdding" classname="LocalCMCTests" time="0.0"/>
  <testcase name="TestALotOfAdding" classname="LocalCMCTests" time="0.001"/>
  <testcase name="TestALotOfAdding" classname="LocalCMCTests" time="0.002"/>
  <testcase name="TestALotOfAdding" classname="LocalCMCTests" time="0.0"/>
  <testcase name="TestALotOfAdding" classname="LocalCMCTests" time="0.0"/>
  <testcase name="TestALotOfAdding" classname="LocalCMCTests" time="0.001"/>
  <testcase name="TestALotOfAdding" classname="LocalCMCTests" time="0.001"/>
  <testcase name="TestALotOfAdding" classname="LocalCMCTests" time="0.0"/>
  <testcase name="TestALotOfAdding" classname="LocalCMCTests" time="0.0"/>
  <testcase name="TestALotOfAdding" classname="LocalCMCTests" time="0.0"/>
  <testcase name="TestALotOfAdding" classname="LocalCMCTests" time="0.0"/>
  <testcase name="TestALotOfAdding" classname="LocalCMCTests" time="0.001"/>
  <testcase name="TestALotOfAdding" classname="LocalCMCTests" time="0.001"/>
  <testcase name="TestALotOfAdding" classname="LocalCMCTests" time="0.001"/>
  <testcase name="TestALotOfAdding" classname="LocalCMCTests" time="0.001"/>
  <testcase name="TestALotOfAdding" classname="LocalCMCTests" time="0.0"/>
  <testcase name="TestALotOfAdding" classname="LocalCMCTests" time="0.001"/>
  <testcase name="TestALotOfAdding" classname="LocalCMCTests" time="0.0"/>
  <testcase name="TestALotOfAdding" classname="LocalCMCTests" time="0.001"/>
  <testcase name="TestALotOfAdding" classname="LocalCMCTests" time="0.0"/>
  <testcase name="TestALotOfAdding" classname="LocalCMCTests" time="0.0"/>
  <testcase name="TestALotOfAdding" classname="LocalCMCTests" time="0.0"/>
  <testcase name="TestALotOfAdding" classname="LocalCMCTests" time="0.001"/>
  <testcase name="TestALotOfAdding" classname="LocalCMCTests" time="0.002"/>
  <testcase name="TestALotOfAdding" classname="LocalCMCTests" time="0.001"/>
  <testcase name="TestALotOfAdding" classname="LocalCMCTests" time="0.001"/>
  <testcase name="TestALotOfAdding" classname="LocalCMCTests" time="0.002"/>
  <testcase name="TestALotOfAdding" classname="LocalCMCTests" time="0.0"/>
  <testcase name="TestALotOfAdding" classname="LocalCMCTests" time="0.001"/>
  <testcase name="TestALotOfAdding" classname="LocalCMCTests" time="0.001"/>
  <testcase name="TestALotOfAdding" classname="LocalCMCTests" time="0.001"/>
  <testcase name="TestALotOfAdding" classname="LocalCMCTests" time="0.0"/>
  <testcase name="TestALotOfAdding" classname="LocalCMCTests" time="0.0"/>
  <testcase name="TestALotOfAdding" classname="LocalCMCTests" time="0.001"/>
  <testcase name="TestALotOfAdding" classname="LocalCMCTests" time="0.001"/>
  <testcase name="TestALotOfAdding" classname="LocalCMCTests" time="0.001"/>
  <testcase name="TestALotOfAdding" classname="LocalCMCTests" time="0.001"/>
  <testcase name="TestALotOfAdding" classname="LocalCMCTests" time="0.001"/>
  <testcase name="TestALotOfAdding" classname="LocalCMCTests" time="0.0"/>
  <testcase name="TestALotOfAdding" classname="LocalCMCTests" time="0.001"/>
  <testcase name="TestALotOfAdding" classname="LocalCMCTests" time="0.001"/>
  <testcase name="TestALotOfAdding" classname="LocalCMCTests" time="0.0"/>
  <testcase name="TestALotOfAdding" classname="LocalCMCTests" time="0.001"/>
  <testcase name="TestALotOfAdding" classname="LocalCMCTests" time="0.001"/>
  <testcase name="TestALotOfAdding" classname="LocalCMCTests" time="0.0"/>
  <testcase name="TestALotOfAdding" classname="LocalCMCTests" time="0.001"/>
  <testcase name="TestALotOfAdding" classname="LocalCMCTests" time="0.001"/>
  <testcase name="TestALotOfAdding" classname="LocalCMCTests" time="0.001"/>
  <testcase name="TestALotOfAdding" classname="LocalCMCTests" time="0.0"/>
  <testcase name="TestALotOfAdding" classname="LocalCMCTests" time="0.0"/>
  <testcase name="TestALotOfAdding" classname="LocalCMCTests" time="0.0"/>
  <testcase name="TestALotOfAdding" classname="LocalCMCTests" time="0.001"/>
  <testcase name="TestALotOfAdding" classname="LocalCMCTests" time="0.001"/>
  <testcase name="TestALotOfAdding" classname="LocalCMCTests" time="0.0"/>
  <testcase name="TestALotOfAdding" classname="LocalCMCTests" time="0.002"/>
  <testcase name="TestALotOfAdding" classname="LocalCMCTests" time="0.0"/>
  <testcase name="TestALotOfAdding" classname="LocalCMCTests" time="0.0"/>
  <testcase name="TestALotOfAdding" classname="LocalCMCTests" time="0.001"/>
  <testcase name="TestALotOfAdding" classname="LocalCMCTests" time="0.0"/>
  <testcase name="TestALotOfAdding" classname="LocalCMCTests" time="0.001"/>
  <testcase name="TestALotOfAdding" classname="LocalCMCTests" time="0.0"/>
  <testcase name="TestALotOfAdding" classname="LocalCMCTests" time="0.002"/>
  <testcase name="TestALotOfAdding" classname="LocalCMCTests" time="0.0"/>
  <testcase name="TestALotOfAdding" classname="LocalCMCTests" time="0.0"/>
  <testcase name="TestALotOfAdding" classname="LocalCMCTests" time="0.0"/>
  <testcase name="TestALotOfAdding" classname="LocalCMCTests" time="0.002"/>
  <testcase name="TestALotOfAdding" classname="LocalCMCTests" time="0.0"/>
  <testcase name="TestALotOfAdding" classname="LocalCMCTests" time="0.001"/>
  <testcase name="TestALotOfAdding" classname="LocalCMCTests" time="0.0"/>
  <testcase name="TestALotOfAdding" classname="LocalCMCTests" time="0.0"/>
  <testcase name="TestALotOfAdding" classname="LocalCMCTests" time="0.003"/>
  <testcase name="TestALotOfAdding" classname="LocalCMCTests" time="0.001"/>
  <testcase name="TestALotOfAdding" classname="LocalCMCTests" time="0.001"/>
  <testcase name="TestALotOfAdding" classname="LocalCMCTests" time="0.0"/>
  <testcase name="TestALotOfAdding" classname="LocalCMCTests" time="0.0"/>
  <testcase name="TestALotOfAdding" classname="LocalCMCTests" time="0.0"/>
  <testcase name="TestALotOfAdding" classname="LocalCMCTests" time="0.0"/>
  <testcase name="TestALotOfAdding" classname="LocalCMCTests" time="0.003"/>
  <testcase name="TestALotOfAdding" classname="LocalCMCTests" time="0.0"/>
  <testcase name="TestALotOfAdding" classname="LocalCMCTests" time="0.001"/>
  <testcase name="TestALotOfAdding" classname="LocalCMCTests" time="0.0"/>
  <testcase name="TestALotOfAdding" classname="LocalCMCTests" time="0.001"/>
  <testcase name="TestALotOfAdding" classname="LocalCMCTests" time="0.001"/>
  <testcase name="TestALotOfAdding" classname="LocalCMCTests" time="0.001"/>
  <testcase name="TestALotOfAdding" classname="LocalCMCTests" time="0.0"/>
  <testcase name="TestALotOfAdding" classname="LocalCMCTests" time="0.001"/>
  <testcase name="TestALotOfAdding" classname="LocalCMCTests" time="0.001"/>
  <testcase name="TestALotOfAdding" classname="LocalCMCTests" time="0.001"/>
  <testcase name="TestALotOfAdding" classname="LocalCMCTests" time="0.001"/>
  <testcase name="TestALotOfAdding" classname="LocalCMCTests" time="0.0"/>
  <testcase name="TestALotOfAdding" classname="LocalCMCTests" time="0.001"/>
  <testcase name="TestALotOfAdding" classname="LocalCMCTests" time="0.0"/>
  <testcase name="TestALotOfAdding" classname="LocalCMCTests" time="0.0"/>
  <testcase name="TestALotOfAdding" classname="LocalCMCTests" time="0.0"/>
  <testcase name="TestALotOfAdding" classname="LocalCMCTests" time="0.0"/>
  <testcase name="TestALotOfAdding" classname="LocalCMCTests" time="0.001"/>
  <testcase name="TestALotOfAdding" classname="LocalCMCTests" time="0.001"/>
  <testcase name="TestALotOfAdding" classname="LocalCMCTests" time="0.001"/>
  <testcase name="TestALotOfAdding" classname="LocalCMCTests" time="0.001"/>
  <testcase name="TestALotOfAdding" classname="LocalCMCTests" time="0.0"/>
  <testcase name="TestALotOfAdding" classname="LocalCMCTests" time="0.0"/>
  <testcase name="TestALotOfAdding" classname="LocalCMCTests" time="0.002"/>
  <testcase name="TestALotOfAdding" classname="LocalCMCTests" time="0.001"/>
  <testcase name="TestALotOfAdding" classname="LocalCMCTests" time="0.001"/>
  <testcase name="TestALotOfAdding" classname="LocalCMCTests" time="0.001"/>
  <testcase name="TestALotOfAdding" classname="LocalCMCTests" time="0.0"/>
  <testcase name="TestALotOfAdding" classname="LocalCMCTests" time="0.0"/>
  <testcase name="TestALotOfAdding" classname="LocalCMCTests" time="0.0"/>
  <testcase name="TestALotOfAdding" classname="LocalCMCTests" time="0.001"/>
  <testcase name="TestALotOfAdding" classname="LocalCMCTests" time="0.001"/>
  <testcase name="TestALotOfAdding" classname="LocalCMCTests" time="0.0"/>
  <testcase name="TestALotOfAdding" classname="LocalCMCTests" time="0.0"/>
  <testcase name="TestALotOfAdding" classname="LocalCMCTests" time="0.001"/>
  <testcase name="TestALotOfAdding" classname="LocalCMCTests" time="0.001"/>
  <testcase name="TestALotOfAdding" classname="LocalCMCTests" time="0.0"/>
  <testcase name="TestALotOfAdding" classname="LocalCMCTests" time="0.0"/>
  <testcase name="TestALotOfAdding" classname="LocalCMCTests" time="0.0"/>
  <testcase name="TestALotOfAdding" classname="LocalCMCTests" time="0.0"/>
  <testcase name="TestALotOfAdding" classname="LocalCMCTests" time="0.0"/>
  <testcase name="TestALotOfAdding" classname="LocalCMCTests" time="0.0"/>
  <testcase name="TestALotOfAdding" classname="LocalCMCTests" time="0.001"/>
  <testcase name="TestALotOfAdding" classname="LocalCMCTests" time="0.001"/>
  <testcase name="TestALotOfAdding" classname="LocalCMCTests" time="0.001"/>
  <testcase name="TestALotOfAdding" classname="LocalCMCTests" time="0.001"/>
  <testcase name="TestALotOfAdding" classname="LocalCMCTests" time="0.0"/>
  <testcase name="TestALotOfAdding" classname="LocalCMCTests" time="0.0"/>
  <testcase name="TestALotOfAdding" classname="LocalCMCTests" time="0.0"/>
  <testcase name="TestALotOfAdding" classname="LocalCMCTests" time="0.0"/>
  <testcase name="TestALotOfAdding" classname="LocalCMCTests" time="0.0"/>
  <testcase name="TestALotOfAdding" classname="LocalCMCTests" time="0.001"/>
  <testcase name="TestALotOfAdding" classname="LocalCMCTests" time="0.0"/>
  <testcase name="TestALotOfAdding" classname="LocalCMCTests" time="0.001"/>
  <testcase name="TestALotOfAdding" classname="LocalCMCTests" time="0.0"/>
  <testcase name="TestALotOfAdding" classname="LocalCMCTests" time="0.0"/>
  <testcase name="TestALotOfAdding" classname="LocalCMCTests" time="0.0"/>
  <testcase name="TestALotOfAdding" classname="LocalCMCTests" time="0.003"/>
  <testcase name="TestALotOfAdding" classname="LocalCMCTests" time="0.003"/>
  <testcase name="TestALotOfAdding" classname="LocalCMCTests" time="0.0"/>
  <testcase name="TestALotOfAdding" classname="LocalCMCTests" time="0.0"/>
  <testcase name="TestALotOfAdding" classname="LocalCMCTests" time="0.001"/>
  <testcase name="TestALotOfAdding" classname="LocalCMCTests" time="0.001"/>
  <testcase name="TestALotOfAdding" classname="LocalCMCTests" time="0.0"/>
  <testcase name="TestALotOfAdding" classname="LocalCMCTests" time="0.001"/>
  <testcase name="TestALotOfAdding" classname="LocalCMCTests" time="0.001"/>
  <testcase name="TestALotOfAdding" classname="LocalCMCTests" time="0.0"/>
  <testcase name="TestALotOfAdding" classname="LocalCMCTests" time="0.0"/>
  <testcase name="TestALotOfAdding" classname="LocalCMCTests" time="0.0"/>
  <testcase name="TestALotOfAdding" classname="LocalCMCTests" time="0.0"/>
  <testcase name="TestALotOfAdding" classname="LocalCMCTests" time="0.0"/>
  <testcase name="TestALotOfAdding" classname="LocalCMCTests" time="0.0"/>
  <testcase name="TestALotOfAdding" classname="LocalCMCTests" time="0.001"/>
  <testcase name="TestALotOfAdding" classname="LocalCMCTests" time="0.001"/>
  <testcase name="TestALotOfAdding" classname="LocalCMCTests" time="0.001"/>
  <testcase name="TestALotOfAdding" classname="LocalCMCTests" time="0.001"/>
  <testcase name="TestALotOfAdding" classname="LocalCMCTests" time="0.0"/>
  <testcase name="TestALotOfAdding" classname="LocalCMCTests" time="0.0"/>
  <testcase name="TestALotOfAdding" classname="LocalCMCTests" time="0.0"/>
  <testcase name="TestALotOfAdding" classname="LocalCMCTests" time="0.0"/>
  <testcase name="TestALotOfAdding" classname="LocalCMCTests" time="0.0"/>
  <testcase name="TestALotOfAdding" classname="LocalCMCTests" time="0.002"/>
  <testcase name="TestALotOfAdding" classname="LocalCMCTests" time="0.001"/>
  <testcase name="TestALotOfAdding" classname="LocalCMCTests" time="0.001"/>
  <testcase name="TestALotOfAdding" classname="LocalCMCTests" time="0.001"/>
  <testcase name="TestALotOfAdding" classname="LocalCMCTests" time="0.001"/>
  <testcase name="TestALotOfAdding" classname="LocalCMCTests" time="0.003"/>
  <testcase name="TestALotOfAdding" classname="LocalCMCTests" time="0.0"/>
  <testcase name="TestALotOfAdding" classname="LocalCMCTests" time="0.001"/>
  <testcase name="TestALotOfAdding" classname="LocalCMCTests" time="0.001"/>
  <testcase name="TestALotOfAdding" classname="LocalCMCTests" time="0.0"/>
  <testcase name="TestALotOfAdding" classname="LocalCMCTests" time="0.0"/>
  <testcase name="TestALotOfAdding" classname="LocalCMCTests" time="0.001"/>
  <testcase name="TestALotOfAdding" classname="LocalCMCTests" time="0.0"/>
  <testcase name="TestALotOfAdding" classname="LocalCMCTests" time="0.001"/>
  <testcase name="TestALotOfAdding" classname="LocalCMCTests" time="0.001"/>
  <testcase name="TestALotOfAdding" classname="LocalCMCTests" time="0.001"/>
  <testcase name="TestALotOfAdding" classname="LocalCMCTests" time="0.001"/>
  <testcase name="TestALotOfAdding" classname="LocalCMCTests" time="0.0"/>
  <testcase name="TestALotOfAdding" classname="LocalCMCTests" time="0.0"/>
  <testcase name="TestALotOfAdding" classname="LocalCMCTests" time="0.0"/>
  <testcase name="TestALotOfAdding" classname="LocalCMCTests" time="0.001"/>
  <testcase name="TestALotOfAdding" classname="LocalCMCTests" time="0.001"/>
  <testcase name="TestALotOfAdding" classname="LocalCMCTests" time="0.001"/>
  <testcase name="TestALotOfAdding" classname="LocalCMCTests" time="0.001"/>
  <testcase name="TestALotOfAdding" classname="LocalCMCTests" time="0.001"/>
  <testcase name="TestALotOfAdding" classname="LocalCMCTests" time="0.001"/>
  <testcase name="TestALotOfAdding" classname="LocalCMCTests" time="0.0"/>
  <testcase name="TestALotOfAdding" classname="LocalCMCTests" time="0.001"/>
  <testcase name="TestALotOfAdding" classname="LocalCMCTests" time="0.001"/>
  <testcase name="TestALotOfAdding" classname="LocalCMCTests" time="0.0"/>
  <testcase name="TestALotOfAdding" classname="LocalCMCTests" time="0.001"/>
  <testcase name="TestALotOfAdding" classname="LocalCMCTests" time="0.001"/>
  <testcase name="TestALotOfAdding" classname="LocalCMCTests" time="0.0"/>
  <testcase name="TestALotOfAdding" classname="LocalCMCTests" time="0.0"/>
  <testcase name="TestALotOfAdding" classname="LocalCMCTests" time="0.0"/>
  <testcase name="TestALotOfAdding" classname="LocalCMCTests" time="0.001"/>
  <testcase name="TestALotOfAdding" classname="LocalCMCTests" time="0.0"/>
  <testcase name="TestALotOfAdding" classname="LocalCMCTests" time="0.0"/>
  <testcase name="TestALotOfAdding" classname="LocalCMCTests" time="0.0"/>
  <testcase name="TestALotOfAdding" classname="LocalCMCTests" time="0.001"/>
  <testcase name="TestALotOfAdding" classname="LocalCMCTests" time="0.002"/>
  <testcase name="TestALotOfAdding" classname="LocalCMCTests" time="0.001"/>
  <testcase name="TestALotOfAdding" classname="LocalCMCTests" time="0.002"/>
  <testcase name="TestALotOfAdding" classname="LocalCMCTests" time="0.0"/>
  <testcase name="TestALotOfAdding" classname="LocalCMCTests" time="0.0"/>
  <testcase name="TestALotOfAdding" classname="LocalCMCTests" time="0.0"/>
  <testcase name="TestALotOfAdding" classname="LocalCMCTests" time="0.001"/>
  <testcase name="TestALotOfAdding" classname="LocalCMCTests" time="0.001"/>
  <testcase name="TestALotOfAdding" classname="LocalCMCTests" time="0.0"/>
  <testcase name="TestALotOfAdding" classname="LocalCMCTests" time="0.001"/>
  <testcase name="TestALotOfAdding" classname="LocalCMCTests" time="0.0"/>
  <testcase name="TestALotOfAdding" classname="LocalCMCTests" time="0.001"/>
  <testcase name="TestALotOfAdding" classname="LocalCMCTests" time="0.0"/>
  <testcase name="TestALotOfAdding" classname="LocalCMCTests" time="0.001"/>
  <testcase name="TestALotOfAdding" classname="LocalCMCTests" time="0.001"/>
  <testcase name="TestALotOfAdding" classname="LocalCMCTests" time="0.0"/>
  <testcase name="TestALotOfAdding" classname="LocalCMCTests" time="0.001"/>
  <testcase name="TestALotOfAdding" classname="LocalCMCTests" time="0.0"/>
  <testcase name="TestALotOfAdding" classname="LocalCMCTests" time="0.001"/>
  <testcase name="TestALotOfAdding" classname="LocalCMCTests" time="0.001"/>
  <testcase name="TestALotOfAdding" classname="LocalCMCTests" time="0.0"/>
  <testcase name="TestALotOfAdding" classname="LocalCMCTests" time="0.001"/>
  <testcase name="TestALotOfAdding" classname="LocalCMCTests" time="0.0"/>
  <testcase name="TestALotOfAdding" classname="LocalCMCTests" time="0.001"/>
  <testcase name="TestALotOfAdding" classname="LocalCMCTests" time="0.001"/>
  <testcase name="TestALotOfAdding" classname="LocalCMCTests" time="0.0"/>
  <testcase name="TestALotOfAdding" classname="LocalCMCTests" time="0.0"/>
  <testcase name="TestALotOfAdding" classname="LocalCMCTests" time="0.0"/>
  <testcase name="TestALotOfAdding" classname="LocalCMCTests" time="0.0"/>
  <testcase name="TestALotOfAdding" classname="LocalCMCTests" time="0.001"/>
  <testcase name="TestALotOfAdding" classname="LocalCMCTests" time="0.0"/>
  <testcase name="TestALotOfAdding" classname="LocalCMCTests" time="0.001"/>
  <testcase name="TestALotOfAdding" classname="LocalCMCTests" time="0.001"/>
  <testcase name="TestALotOfAdding" classname="LocalCMCTests" time="0.0"/>
  <testcase name="TestALotOfAdding" classname="LocalCMCTests" time="0.0"/>
  <testcase name="TestALotOfAdding" classname="LocalCMCTests" time="0.001"/>
  <testcase name="TestALotOfAdding" classname="LocalCMCTests" time="0.001"/>
  <testcase name="TestALotOfAdding" classname="LocalCMCTests" time="0.001"/>
  <testcase name="TestALotOfAdding" classname="LocalCMCTests" time="0.0"/>
  <testcase name="TestALotOfAdding" classname="LocalCMCTests" time="0.001"/>
  <testcase name="TestALotOfAdding" classname="LocalCMCTests" time="0.001"/>
  <testcase name="TestALotOfAdding" classname="LocalCMCTests" time="0.001"/>
  <testcase name="TestALotOfAdding" classname="LocalCMCTests" time="0.0"/>
  <testcase name="TestALotOfAdding" classname="LocalCMCTests" time="0.002"/>
  <testcase name="TestALotOfAdding" classname="LocalCMCTests" time="0.0"/>
  <testcase name="TestALotOfAdding" classname="LocalCMCTests" time="0.0"/>
  <testcase name="TestALotOfAdding" classname="LocalCMCTests" time="0.0"/>
  <testcase name="TestALotOfAdding" classname="LocalCMCTests" time="0.0"/>
  <testcase name="TestALotOfAdding" classname="LocalCMCTests" time="0.001"/>
  <testcase name="TestALotOfAdding" classname="LocalCMCTests" time="0.001"/>
  <testcase name="TestALotOfAdding" classname="LocalCMCTests" time="0.0"/>
  <testcase name="TestALotOfAdding" classname="LocalCMCTests" time="0.001"/>
  <testcase name="TestALotOfAdding" classname="LocalCMCTests" time="0.003"/>
  <testcase name="TestALotOfAdding" classname="LocalCMCTests" time="0.0"/>
  <testcase name="TestALotOfAdding" classname="LocalCMCTests" time="0.0"/>
  <testcase name="TestALotOfAdding" classname="LocalCMCTests" time="0.0"/>
  <testcase name="TestALotOfAdding" classname="LocalCMCTests" time="0.001"/>
  <testcase name="TestALotOfAdding" classname="LocalCMCTests" time="0.001"/>
  <testcase name="TestALotOfAdding" classname="LocalCMCTests" time="0.001"/>
  <testcase name="TestALotOfAdding" classname="LocalCMCTests" time="0.001"/>
  <testcase name="TestALotOfAdding" classname="LocalCMCTests" time="0.001"/>
  <testcase name="TestALotOfAdding" classname="LocalCMCTests" time="0.0"/>
  <testcase name="TestALotOfAdding" classname="LocalCMCTests" time="0.0"/>
  <testcase name="TestALotOfAdding" classname="LocalCMCTests" time="0.0"/>
  <testcase name="TestALotOfAdding" classname="LocalCMCTests" time="0.001"/>
  <testcase name="TestALotOfAdding" classname="LocalCMCTests" time="0.001"/>
  <testcase name="TestALotOfAdding" classname="LocalCMCTests" time="0.001"/>
  <testcase name="TestALotOfAdding" classname="LocalCMCTests" time="0.001"/>
  <testcase name="TestALotOfAdding" classname="LocalCMCTests" time="0.0"/>
  <testcase name="TestALotOfAdding" classname="LocalCMCTests" time="0.0"/>
  <testcase name="TestALotOfAdding" classname="LocalCMCTests" time="0.001"/>
  <testcase name="TestALotOfAdding" classname="LocalCMCTests" time="0.0"/>
  <testcase name="TestALotOfAdding" classname="LocalCMCTests" time="0.001"/>
  <testcase name="TestALotOfAdding" classname="LocalCMCTests" time="0.001"/>
  <testcase name="TestALotOfAdding" classname="LocalCMCTests" time="0.002"/>
  <testcase name="TestALotOfAdding" classname="LocalCMCTests" time="0.0"/>
  <testcase name="TestALotOfAdding" classname="LocalCMCTests" time="0.001"/>
  <testcase name="TestALotOfAdding" classname="LocalCMCTests" time="0.0"/>
  <testcase name="TestALotOfAdding" classname="LocalCMCTests" time="0.0"/>
  <testcase name="TestALotOfAdding" classname="LocalCMCTests" time="0.0"/>
  <testcase name="TestALotOfAdding" classname="LocalCMCTests" time="0.0"/>
  <testcase name="TestALotOfAdding" classname="LocalCMCTests" time="0.001"/>
  <testcase name="TestALotOfAdding" classname="LocalCMCTests" time="0.002"/>
  <testcase name="TestALotOfAdding" classname="LocalCMCTests" time="0.0"/>
  <testcase name="TestALotOfAdding" classname="LocalCMCTests" time="0.001"/>
  <testcase name="TestALotOfAdding" classname="LocalCMCTests" time="0.0"/>
  <testcase name="TestALotOfAdding" classname="LocalCMCTests" time="0.001"/>
  <testcase name="TestALotOfAdding" classname="LocalCMCTests" time="0.001"/>
  <testcase name="TestALotOfAdding" classname="LocalCMCTests" time="0.0"/>
  <testcase name="TestALotOfAdding" classname="LocalCMCTests" time="0.0"/>
  <testcase name="TestALotOfAdding" classname="LocalCMCTests" time="0.001"/>
  <testcase name="TestALotOfAdding" classname="LocalCMCTests" time="0.0"/>
  <testcase name="TestALotOfAdding" classname="LocalCMCTests" time="0.0"/>
  <testcase name="TestALotOfAdding" classname="LocalCMCTests" time="0.0"/>
  <testcase name="TestALotOfAdding" classname="LocalCMCTests" time="0.0"/>
  <testcase name="TestALotOfAdding" classname="LocalCMCTests" time="0.0"/>
  <testcase name="TestALotOfAdding" classname="LocalCMCTests" time="0.0"/>
  <testcase name="TestALotOfAdding" classname="LocalCMCTests" time="0.001"/>
  <testcase name="TestALotOfAdding" classname="LocalCMCTests" time="0.001"/>
  <testcase name="TestALotOfAdding" classname="LocalCMCTests" time="0.002"/>
  <testcase name="TestALotOfAdding" classname="LocalCMCTests" time="0.0"/>
  <testcase name="TestALotOfAdding" classname="LocalCMCTests" time="0.002"/>
  <testcase name="TestALotOfAdding" classname="LocalCMCTests" time="0.0"/>
  <testcase name="TestALotOfAdding" classname="LocalCMCTests" time="0.0"/>
  <testcase name="TestALotOfAdding" classname="LocalCMCTests" time="0.0"/>
  <testcase name="TestALotOfAdding" classname="LocalCMCTests" time="0.0"/>
  <testcase name="TestALotOfAdding" classname="LocalCMCTests" time="0.0"/>
  <testcase name="TestALotOfAdding" classname="LocalCMCTests" time="0.001"/>
  <testcase name="TestALotOfAdding" classname="LocalCMCTests" time="0.0"/>
  <testcase name="TestALotOfAdding" classname="LocalCMCTests" time="0.0"/>
  <testcase name="TestALotOfAdding" classname="LocalCMCTests" time="0.0"/>
  <testcase name="TestALotOfAdding" classname="LocalCMCTests" time="0.002"/>
  <testcase name="TestALotOfAdding" classname="LocalCMCTests" time="0.002"/>
  <testcase name="TestALotOfAdding" classname="LocalCMCTests" time="0.002"/>
  <testcase name="TestALotOfAdding" classname="LocalCMCTests" time="0.003"/>
  <testcase name="TestALotOfAdding" classname="LocalCMCTests" time="0.0"/>
  <testcase name="TestALotOfAdding" classname="LocalCMCTests" time="0.0"/>
  <testcase name="TestALotOfAdding" classname="LocalCMCTests" time="0.0"/>
  <testcase name="TestALotOfAdding" classname="LocalCMCTests" time="0.001"/>
  <testcase name="TestALotOfAdding" classname="LocalCMCTests" time="0.0"/>
  <testcase name="TestALotOfAdding" classname="LocalCMCTests" time="0.0"/>
  <testcase name="TestALotOfAdding" classname="LocalCMCTests" time="0.001"/>
  <testcase name="TestALotOfAdding" classname="LocalCMCTests" time="0.001"/>
  <testcase name="TestALotOfAdding" classname="LocalCMCTests" time="0.001"/>
  <testcase name="TestALotOfAdding" classname="LocalCMCTests" time="0.0"/>
  <testcase name="TestALotOfAdding" classname="LocalCMCTests" time="0.003"/>
  <testcase name="TestALotOfAdding" classname="LocalCMCTests" time="0.0"/>
  <testcase name="TestALotOfAdding" classname="LocalCMCTests" time="0.0"/>
  <testcase name="TestALotOfAdding" classname="LocalCMCTests" time="0.001"/>
  <testcase name="TestALotOfAdding" classname="LocalCMCTests" time="0.002"/>
  <testcase name="TestALotOfAdding" classname="LocalCMCTests" time="0.001"/>
  <testcase name="TestALotOfAdding" classname="LocalCMCTests" time="0.001"/>
  <testcase name="TestALotOfAdding" classname="LocalCMCTests" time="0.0"/>
  <testcase name="TestALotOfAdding" classname="LocalCMCTests" time="0.001"/>
  <testcase name="TestALotOfAdding" classname="LocalCMCTests" time="0.001"/>
  <testcase name="TestALotOfAdding" classname="LocalCMCTests" time="0.0"/>
  <testcase name="TestALotOfAdding" classname="LocalCMCTests" time="0.0"/>
  <testcase name="TestALotOfAdding" classname="LocalCMCTests" time="0.0"/>
  <testcase name="TestALotOfAdding" classname="LocalCMCTests" time="0.0"/>
  <testcase name="TestALotOfAdding" classname="LocalCMCTests" time="0.0"/>
  <testcase name="TestALotOfAdding" classname="LocalCMCTests" time="0.0"/>
  <testcase name="TestALotOfAdding" classname="LocalCMCTests" time="0.001"/>
  <testcase name="TestALotOfAdding" classname="LocalCMCTests" time="0.001"/>
  <testcase name="TestALotOfAdding" classname="LocalCMCTests" time="0.0"/>
  <testcase name="TestALotOfAdding" classname="LocalCMCTests" time="0.001"/>
  <testcase name="TestALotOfAdding" classname="LocalCMCTests" time="0.0"/>
  <testcase name="TestALotOfAdding" classname="LocalCMCTests" time="0.0"/>
  <testcase name="TestALotOfAdding" classname="LocalCMCTests" time="0.001"/>
  <testcase name="TestALotOfAdding" classname="LocalCMCTests" time="0.001"/>
  <testcase name="TestALotOfAdding" classname="LocalCMCTests" time="0.0"/>
  <testcase name="TestALotOfAdding" classname="LocalCMCTests" time="0.0"/>
  <testcase name="TestALotOfAdding" classname="LocalCMCTests" time="0.001"/>
  <testcase name="TestALotOfAdding" classname="LocalCMCTests" time="0.001"/>
  <testcase name="TestALotOfAdding" classname="LocalCMCTests" time="0.0"/>
  <testcase name="TestALotOfAdding" classname="LocalCMCTests" time="0.002"/>
  <testcase name="TestALotOfAdding" classname="LocalCMCTests" time="0.001"/>
  <testcase name="TestALotOfAdding" classname="LocalCMCTests" time="0.001"/>
  <testcase name="TestALotOfAdding" classname="LocalCMCTests" time="0.0"/>
  <testcase name="TestALotOfAdding" classname="LocalCMCTests" time="0.0"/>
  <testcase name="TestALotOfAdding" classname="LocalCMCTests" time="0.0"/>
  <testcase name="TestALotOfAdding" classname="LocalCMCTests" time="0.0"/>
  <testcase name="TestALotOfAdding" classname="LocalCMCTests" time="0.001"/>
  <testcase name="TestALotOfAdding" classname="LocalCMCTests" time="0.002"/>
  <testcase name="TestALotOfAdding" classname="LocalCMCTests" time="0.002"/>
  <testcase name="TestALotOfAdding" classname="LocalCMCTests" time="0.0"/>
  <testcase name="TestALotOfAdding" classname="LocalCMCTests" time="0.0"/>
  <testcase name="TestALotOfAdding" classname="LocalCMCTests" time="0.001"/>
  <testcase name="TestALotOfAdding" classname="LocalCMCTests" time="0.0"/>
  <testcase name="TestALotOfAdding" classname="LocalCMCTests" time="0.001"/>
  <testcase name="TestALotOfAdding" classname="LocalCMCTests" time="0.001"/>
  <testcase name="TestALotOfAdding" classname="LocalCMCTests" time="0.001"/>
  <testcase name="TestALotOfAdding" classname="LocalCMCTests" time="0.001"/>
  <testcase name="TestALotOfAdding" classname="LocalCMCTests" time="0.001"/>
  <testcase name="TestALotOfAdding" classname="LocalCMCTests" time="0.0"/>
  <testcase name="TestALotOfAdding" classname="LocalCMCTests" time="0.0"/>
  <testcase name="TestALotOfAdding" classname="LocalCMCTests" time="0.001"/>
  <testcase name="TestALotOfAdding" classname="LocalCMCTests" time="0.0"/>
  <testcase name="TestALotOfAdding" classname="LocalCMCTests" time="0.0"/>
  <testcase name="TestALotOfAdding" classname="LocalCMCTests" time="0.0"/>
  <testcase name="TestALotOfAdding" classname="LocalCMCTests" time="0.001"/>
  <testcase name="TestALotOfAdding" classname="LocalCMCTests" time="0.001"/>
  <testcase name="TestALotOfAdding" classname="LocalCMCTests" time="0.0"/>
  <testcase name="TestALotOfAdding" classname="LocalCMCTests" time="0.0"/>
  <testcase name="TestALotOfAdding" classname="LocalCMCTests" time="0.001"/>
  <testcase name="TestALotOfAdding" classname="LocalCMCTests" time="0.0"/>
  <testcase name="TestALotOfAdding" classname="LocalCMCTests" time="0.0"/>
  <testcase name="TestALotOfAdding" classname="LocalCMCTests" time="0.001"/>
  <testcase name="TestALotOfAdding" classname="LocalCMCTests" time="0.001"/>
  <testcase name="TestALotOfAdding" classname="LocalCMCTests" time="0.001"/>
  <testcase name="TestALotOfAdding" classname="LocalCMCTests" time="0.0"/>
  <testcase name="TestALotOfAdding" classname="LocalCMCTests" time="0.001"/>
  <testcase name="TestALotOfAdding" classname="LocalCMCTests" time="0.0"/>
  <testcase name="TestALotOfAdding" classname="LocalCMCTests" time="0.0"/>
  <testcase name="TestALotOfAdding" classname="LocalCMCTests" time="0.002"/>
  <testcase name="TestALotOfAdding" classname="LocalCMCTests" time="0.0"/>
  <testcase name="TestALotOfAdding" classname="LocalCMCTests" time="0.0"/>
  <testcase name="TestALotOfAdding" classname="LocalCMCTests" time="0.001"/>
  <testcase name="TestALotOfAdding" classname="LocalCMCTests" time="0.001"/>
  <testcase name="TestALotOfAdding" classname="LocalCMCTests" time="0.0"/>
  <testcase name="TestALotOfAdding" classname="LocalCMCTests" time="0.0"/>
  <testcase name="TestALotOfAdding" classname="LocalCMCTests" time="0.001"/>
  <testcase name="TestALotOfAdding" classname="LocalCMCTests" time="0.002"/>
  <testcase name="TestALotOfAdding" classname="LocalCMCTests" time="0.001"/>
  <testcase name="TestALotOfAdding" classname="LocalCMCTests" time="0.001"/>
  <testcase name="TestALotOfAdding" classname="LocalCMCTests" time="0.001"/>
  <testcase name="TestALotOfAdding" classname="LocalCMCTests" time="0.0"/>
  <testcase name="TestALotOfAdding" classname="LocalCMCTests" time="0.001"/>
  <testcase name="TestALotOfAdding" classname="LocalCMCTests" time="0.001"/>
  <testcase name="TestALotOfAdding" classname="LocalCMCTests" time="0.0"/>
  <testcase name="TestALotOfAdding" classname="LocalCMCTests" time="0.0"/>
  <testcase name="TestALotOfAdding" classname="LocalCMCTests" time="0.001"/>
  <testcase name="TestALotOfAdding" classname="LocalCMCTests" time="0.003"/>
  <testcase name="TestALotOfAdding" classname="LocalCMCTests" time="0.002"/>
  <testcase name="TestALotOfAdding" classname="LocalCMCTests" time="0.003"/>
  <testcase name="TestALotOfAdding" classname="LocalCMCTests" time="0.0"/>
  <testcase name="TestALotOfAdding" classname="LocalCMCTests" time="0.003"/>
  <testcase name="TestALotOfAdding" classname="LocalCMCTests" time="0.004"/>
  <testcase name="TestALotOfAdding" classname="LocalCMCTests" time="0.004"/>
  <testcase name="TestALotOfAdding" classname="LocalCMCTests" time="0.0"/>
  <testcase name="TestALotOfAdding" classname="LocalCMCTests" time="0.0"/>
  <testcase name="TestALotOfAdding" classname="LocalCMCTests" time="0.004"/>
  <testcase name="TestALotOfAdding" classname="LocalCMCTests" time="0.004"/>
  <testcase name="TestALotOfAdding" classname="LocalCMCTests" time="0.0"/>
  <testcase name="TestALotOfAdding" classname="LocalCMCTests" time="0.0"/>
  <testcase name="TestALotOfAdding" classname="LocalCMCTests" time="0.0"/>
  <testcase name="TestALotOfAdding" classname="LocalCMCTests" time="0.0"/>
  <testcase name="TestALotOfAdding" classname="LocalCMCTests" time="0.004"/>
  <testcase name="TestALotOfAdding" classname="LocalCMCTests" time="0.001"/>
  <testcase name="TestALotOfAdding" classname="LocalCMCTests" time="0.003"/>
  <testcase name="TestALotOfAdding" classname="LocalCMCTests" time="0.001"/>
  <testcase name="TestALotOfAdding" classname="LocalCMCTests" time="0.001"/>
  <testcase name="TestALotOfAdding" classname="LocalCMCTests" time="0.002"/>
  <testcase name="TestALotOfAdding" classname="LocalCMCTests" time="0.0"/>
  <testcase name="TestALotOfAdding" classname="LocalCMCTests" time="0.001"/>
  <testcase name="TestALotOfAdding" classname="LocalCMCTests" time="0.0"/>
  <testcase name="TestALotOfAdding" classname="LocalCMCTests" time="0.001"/>
  <testcase name="TestALotOfAdding" classname="LocalCMCTests" time="0.0"/>
  <testcase name="TestALotOfAdding" classname="LocalCMCTests" time="0.001"/>
  <testcase name="TestALotOfAdding" classname="LocalCMCTests" time="0.0"/>
  <testcase name="TestALotOfAdding" classname="LocalCMCTests" time="0.001"/>
  <testcase name="TestALotOfAdding" classname="LocalCMCTests" time="0.001"/>
  <testcase name="TestALotOfAdding" classname="LocalCMCTests" time="0.0"/>
  <testcase name="TestALotOfAdding" classname="LocalCMCTests" time="0.0"/>
  <testcase name="TestALotOfAdding" classname="LocalCMCTests" time="0.0"/>
  <testcase name="TestALotOfAdding" classname="LocalCMCTests" time="0.0"/>
  <testcase name="TestALotOfAdding" classname="LocalCMCTests" time="0.001"/>
  <testcase name="TestALotOfAdding" classname="LocalCMCTests" time="0.0"/>
  <testcase name="TestALotOfAdding" classname="LocalCMCTests" time="0.002"/>
  <testcase name="TestALotOfAdding" classname="LocalCMCTests" time="0.001"/>
  <testcase name="TestALotOfAdding" classname="LocalCMCTests" time="0.001"/>
  <testcase name="TestALotOfAdding" classname="LocalCMCTests" time="0.003"/>
  <testcase name="TestALotOfAdding" classname="LocalCMCTests" time="0.0"/>
  <testcase name="TestALotOfAdding" classname="LocalCMCTests" time="0.0"/>
  <testcase name="TestALotOfAdding" classname="LocalCMCTests" time="0.001"/>
  <testcase name="TestALotOfAdding" classname="LocalCMCTests" time="0.001"/>
  <testcase name="TestALotOfAdding" classname="LocalCMCTests" time="0.001"/>
  <testcase name="TestALotOfAdding" classname="LocalCMCTests" time="0.002"/>
  <testcase name="TestALotOfAdding" classname="LocalCMCTests" time="0.0"/>
  <testcase name="TestALotOfAdding" classname="LocalCMCTests" time="0.0"/>
  <testcase name="TestALotOfAdding" classname="LocalCMCTests" time="0.0"/>
  <testcase name="TestALotOfAdding" classname="LocalCMCTests" time="0.0"/>
  <testcase name="TestALotOfAdding" classname="LocalCMCTests" time="0.0"/>
  <testcase name="TestALotOfAdding" classname="LocalCMCTests" time="0.0"/>
  <testcase name="TestALotOfAdding" classname="LocalCMCTests" time="0.0"/>
  <testcase name="TestALotOfAdding" classname="LocalCMCTests" time="0.001"/>
  <testcase name="TestALotOfAdding" classname="LocalCMCTests" time="0.0"/>
  <testcase name="TestALotOfAdding" classname="LocalCMCTests" time="0.001"/>
  <testcase name="TestALotOfAdding" classname="LocalCMCTests" time="0.001"/>
  <testcase name="TestALotOfAdding" classname="LocalCMCTests" time="0.0"/>
  <testcase name="TestALotOfAdding" classname="LocalCMCTests" time="0.001"/>
  <testcase name="TestALotOfAdding" classname="LocalCMCTests" time="0.001"/>
  <testcase name="TestALotOfAdding" classname="LocalCMCTests" time="0.001"/>
  <testcase name="TestALotOfAdding" classname="LocalCMCTests" time="0.001"/>
  <testcase name="TestALotOfAdding" classname="LocalCMCTests" time="0.002"/>
  <testcase name="TestALotOfAdding" classname="LocalCMCTests" time="0.0"/>
  <testcase name="TestALotOfAdding" classname="LocalCMCTests" time="0.001"/>
  <testcase name="TestALotOfAdding" classname="LocalCMCTests" time="0.0"/>
  <testcase name="TestALotOfAdding" classname="LocalCMCTests" time="0.001"/>
  <testcase name="TestALotOfAdding" classname="LocalCMCTests" time="0.0"/>
  <testcase name="TestALotOfAdding" classname="LocalCMCTests" time="0.0"/>
  <testcase name="TestALotOfAdding" classname="LocalCMCTests" time="0.0"/>
  <testcase name="TestALotOfAdding" classname="LocalCMCTests" time="0.0"/>
  <testcase name="TestALotOfAdding" classname="LocalCMCTests" time="0.001"/>
  <testcase name="TestALotOfAdding" classname="LocalCMCTests" time="0.001"/>
  <testcase name="TestALotOfAdding" classname="LocalCMCTests" time="0.001"/>
  <testcase name="TestALotOfAdding" classname="LocalCMCTests" time="0.0"/>
  <testcase name="TestALotOfAdding" classname="LocalCMCTests" time="0.0"/>
  <testcase name="TestALotOfAdding" classname="LocalCMCTests" time="0.0"/>
  <testcase name="TestALotOfAdding" classname="LocalCMCTests" time="0.0"/>
  <testcase name="TestALotOfAdding" classname="LocalCMCTests" time="0.001"/>
  <testcase name="TestALotOfAdding" classname="LocalCMCTests" time="0.0"/>
  <testcase name="TestALotOfAdding" classname="LocalCMCTests" time="0.0"/>
  <testcase name="TestALotOfAdding" classname="LocalCMCTests" time="0.001"/>
  <testcase name="TestALotOfAdding" classname="LocalCMCTests" time="0.0"/>
  <testcase name="TestALotOfAdding" classname="LocalCMCTests" time="0.001"/>
  <testcase name="TestALotOfAdding" classname="LocalCMCTests" time="0.001"/>
  <testcase name="TestALotOfAdding" classname="LocalCMCTests" time="0.001"/>
  <testcase name="TestALotOfAdding" classname="LocalCMCTests" time="0.002"/>
  <testcase name="TestALotOfAdding" classname="LocalCMCTests" time="0.002"/>
  <testcase name="TestALotOfAdding" classname="LocalCMCTests" time="0.0"/>
  <testcase name="TestALotOfAdding" classname="LocalCMCTests" time="0.0"/>
  <testcase name="TestALotOfAdding" classname="LocalCMCTests" time="0.001"/>
  <testcase name="TestALotOfAdding" classname="LocalCMCTests" time="0.001"/>
  <testcase name="TestALotOfAdding" classname="LocalCMCTests" time="0.0"/>
  <testcase name="TestALotOfAdding" classname="LocalCMCTests" time="0.0"/>
  <testcase name="TestALotOfAdding" classname="LocalCMCTests" time="0.0"/>
  <testcase name="TestALotOfAdding" classname="LocalCMCTests" time="0.0"/>
  <testcase name="TestALotOfAdding" classname="LocalCMCTests" time="0.001"/>
  <testcase name="TestALotOfAdding" classname="LocalCMCTests" time="0.0"/>
  <testcase name="TestALotOfAdding" classname="LocalCMCTests" time="0.001"/>
  <testcase name="TestALotOfAdding" classname="LocalCMCTests" time="0.002"/>
  <testcase name="TestALotOfAdding" classname="LocalCMCTests" time="0.0"/>
  <testcase name="TestALotOfAdding" classname="LocalCMCTests" time="0.001"/>
  <testcase name="TestALotOfAdding" classname="LocalCMCTests" time="0.001"/>
  <testcase name="TestALotOfAdding" classname="LocalCMCTests" time="0.0"/>
  <testcase name="TestALotOfAdding" classname="LocalCMCTests" time="0.001"/>
  <testcase name="TestALotOfAdding" classname="LocalCMCTests" time="0.0"/>
  <testcase name="TestALotOfAdding" classname="LocalCMCTests" time="0.001"/>
  <testcase name="TestALotOfAdding" classname="LocalCMCTests" time="0.0"/>
  <testcase name="TestALotOfAdding" classname="LocalCMCTests" time="0.002"/>
  <testcase name="TestALotOfAdding" classname="LocalCMCTests" time="0.001"/>
  <testcase name="TestALotOfAdding" classname="LocalCMCTests" time="0.001"/>
  <testcase name="TestALotOfAdding" classname="LocalCMCTests" time="0.0"/>
  <testcase name="TestALotOfAdding" classname="LocalCMCTests" time="0.0"/>
  <testcase name="TestALotOfAdding" classname="LocalCMCTests" time="0.0"/>
  <testcase name="TestALotOfAdding" classname="LocalCMCTests" time="0.001"/>
  <testcase name="TestALotOfAdding" classname="LocalCMCTests" time="0.0"/>
  <testcase name="TestALotOfAdding" classname="LocalCMCTests" time="0.002"/>
  <testcase name="TestALotOfAdding" classname="LocalCMCTests" time="0.002"/>
  <testcase name="TestALotOfAdding" classname="LocalCMCTests" time="0.001"/>
  <testcase name="TestALotOfAdding" classname="LocalCMCTests" time="0.0"/>
  <testcase name="TestALotOfAdding" classname="LocalCMCTests" time="0.001"/>
  <testcase name="TestALotOfAdding" classname="LocalCMCTests" time="0.001"/>
  <testcase name="TestALotOfAdding" classname="LocalCMCTests" time="0.001"/>
  <testcase name="TestALotOfAdding" classname="LocalCMCTests" time="0.001"/>
  <testcase name="TestALotOfAdding" classname="LocalCMCTests" time="0.001"/>
  <testcase name="TestALotOfAdding" classname="LocalCMCTests" time="0.001"/>
  <testcase name="TestALotOfAdding" classname="LocalCMCTests" time="0.001"/>
  <testcase name="TestALotOfAdding" classname="LocalCMCTests" time="0.0"/>
  <testcase name="TestALotOfAdding" classname="LocalCMCTests" time="0.0"/>
  <testcase name="TestALotOfAdding" classname="LocalCMCTests" time="0.0"/>
  <testcase name="TestALotOfAdding" classname="LocalCMCTests" time="0.0"/>
  <testcase name="TestALotOfAdding" classname="LocalCMCTests" time="0.0"/>
  <testcase name="TestALotOfAdding" classname="LocalCMCTests" time="0.0"/>
  <testcase name="TestALotOfAdding" classname="LocalCMCTests" time="0.001"/>
  <testcase name="TestALotOfAdding" classname="LocalCMCTests" time="0.0"/>
  <testcase name="TestALotOfAdding" classname="LocalCMCTests" time="0.001"/>
  <testcase name="TestALotOfAdding" classname="LocalCMCTests" time="0.0"/>
  <testcase name="TestALotOfAdding" classname="LocalCMCTests" time="0.001"/>
  <testcase name="TestALotOfAdding" classname="LocalCMCTests" time="0.001"/>
  <testcase name="TestALotOfAdding" classname="LocalCMCTests" time="0.001"/>
  <testcase name="TestALotOfAdding" classname="LocalCMCTests" time="0.001"/>
  <testcase name="TestALotOfAdding" classname="LocalCMCTests" time="0.001"/>
  <testcase name="TestALotOfAdding" classname="LocalCMCTests" time="0.0"/>
  <testcase name="TestALotOfAdding" classname="LocalCMCTests" time="0.0"/>
  <testcase name="TestALotOfAdding" classname="LocalCMCTests" time="0.0"/>
  <testcase name="TestALotOfAdding" classname="LocalCMCTests" time="0.0"/>
  <testcase name="TestALotOfAdding" classname="LocalCMCTests" time="0.0"/>
  <testcase name="TestALotOfAdding" classname="LocalCMCTests" time="0.0"/>
  <testcase name="TestALotOfAdding" classname="LocalCMCTests" time="0.002"/>
  <testcase name="TestALotOfAdding" classname="LocalCMCTests" time="0.002"/>
  <testcase name="TestALotOfAdding" classname="LocalCMCTests" time="0.0"/>
  <testcase name="TestALotOfAdding" classname="LocalCMCTests" time="0.001"/>
  <testcase name="TestALotOfAdding" classname="LocalCMCTests" time="0.0"/>
  <testcase name="TestALotOfAdding" classname="LocalCMCTests" time="0.0"/>
  <testcase name="TestALotOfAdding" classname="LocalCMCTests" time="0.001"/>
  <testcase name="TestALotOfAdding" classname="LocalCMCTests" time="0.0"/>
  <testcase name="TestALotOfAdding" classname="LocalCMCTests" time="0.001"/>
  <testcase name="TestALotOfAdding" classname="LocalCMCTests" time="0.0"/>
  <testcase name="TestALotOfAdding" classname="LocalCMCTests" time="0.002"/>
  <testcase name="TestALotOfAdding" classname="LocalCMCTests" time="0.0"/>
  <testcase name="TestALotOfAdding" classname="LocalCMCTests" time="0.001"/>
  <testcase name="TestALotOfAdding" classname="LocalCMCTests" time="0.001"/>
  <testcase name="TestALotOfAdding" classname="LocalCMCTests" time="0.001"/>
  <testcase name="TestALotOfAdding" classname="LocalCMCTests" time="0.001"/>
  <testcase name="TestALotOfAdding" classname="LocalCMCTests" time="0.002"/>
  <testcase name="TestALotOfAdding" classname="LocalCMCTests" time="0.0"/>
  <testcase name="TestALotOfAdding" classname="LocalCMCTests" time="0.002"/>
  <testcase name="TestALotOfAdding" classname="LocalCMCTests" time="0.001"/>
  <testcase name="TestALotOfAdding" classname="LocalCMCTests" time="0.001"/>
  <testcase name="TestALotOfAdding" classname="LocalCMCTests" time="0.001"/>
  <testcase name="TestALotOfAdding" classname="LocalCMCTests" time="0.0"/>
  <testcase name="TestALotOfAdding" classname="LocalCMCTests" time="0.0"/>
  <testcase name="TestALotOfAdding" classname="LocalCMCTests" time="0.0"/>
  <testcase name="TestALotOfAdding" classname="LocalCMCTests" time="0.0"/>
  <testcase name="TestALotOfAdding" classname="LocalCMCTests" time="0.0"/>
  <testcase name="TestALotOfAdding" classname="LocalCMCTests" time="0.0"/>
  <testcase name="TestALotOfAdding" classname="LocalCMCTests" time="0.0"/>
  <testcase name="TestALotOfAdding" classname="LocalCMCTests" time="0.0"/>
  <testcase name="TestALotOfAdding" classname="LocalCMCTests" time="0.001"/>
  <testcase name="TestALotOfAdding" classname="LocalCMCTests" time="0.001"/>
  <testcase name="TestALotOfAdding" classname="LocalCMCTests" time="0.001"/>
  <testcase name="TestALotOfAdding" classname="LocalCMCTests" time="0.0"/>
  <testcase name="TestALotOfAdding" classname="LocalCMCTests" time="0.001"/>
  <testcase name="TestALotOfAdding" classname="LocalCMCTests" time="0.001"/>
  <testcase name="TestALotOfAdding" classname="LocalCMCTests" time="0.001"/>
  <testcase name="TestALotOfAdding" classname="LocalCMCTests" time="0.0"/>
  <testcase name="TestALotOfAdding" classname="LocalCMCTests" time="0.0"/>
  <testcase name="TestALotOfAdding" classname="LocalCMCTests" time="0.001"/>
  <testcase name="TestALotOfAdding" classname="LocalCMCTests" time="0.001"/>
  <testcase name="TestALotOfAdding" classname="LocalCMCTests" time="0.001"/>
  <testcase name="TestALotOfAdding" classname="LocalCMCTests" time="0.001"/>
  <testcase name="TestALotOfAdding" classname="LocalCMCTests" time="0.0"/>
  <testcase name="TestALotOfAdding" classname="LocalCMCTests" time="0.0"/>
  <testcase name="TestALotOfAdding" classname="LocalCMCTests" time="0.0"/>
  <testcase name="TestALotOfAdding" classname="LocalCMCTests" time="0.0"/>
  <testcase name="TestALotOfAdding" classname="LocalCMCTests" time="0.0"/>
  <testcase name="TestALotOfAdding" classname="LocalCMCTests" time="0.002"/>
  <testcase name="TestALotOfAdding" classname="LocalCMCTests" time="0.0"/>
  <testcase name="TestALotOfAdding" classname="LocalCMCTests" time="0.001"/>
  <testcase name="TestALotOfAdding" classname="LocalCMCTests" time="0.001"/>
  <testcase name="TestALotOfAdding" classname="LocalCMCTests" time="0.0"/>
  <testcase name="TestALotOfAdding" classname="LocalCMCTests" time="0.0"/>
  <testcase name="TestALotOfAdding" classname="LocalCMCTests" time="0.001"/>
  <testcase name="TestALotOfAdding" classname="LocalCMCTests" time="0.001"/>
  <testcase name="TestALotOfAdding" classname="LocalCMCTests" time="0.001"/>
  <testcase name="TestALotOfAdding" classname="LocalCMCTests" time="0.001"/>
  <testcase name="TestALotOfAdding" classname="LocalCMCTests" time="0.001"/>
  <testcase name="TestALotOfAdding" classname="LocalCMCTests" time="0.001"/>
  <testcase name="TestALotOfAdding" classname="LocalCMCTests" time="0.0"/>
  <testcase name="TestALotOfAdding" classname="LocalCMCTests" time="0.0"/>
  <testcase name="TestALotOfAdding" classname="LocalCMCTests" time="0.0"/>
  <testcase name="TestALotOfAdding" classname="LocalCMCTests" time="0.0"/>
  <testcase name="TestALotOfAdding" classname="LocalCMCTests" time="0.0"/>
  <testcase name="TestALotOfAdding" classname="LocalCMCTests" time="0.0"/>
  <testcase name="TestALotOfAdding" classname="LocalCMCTests" time="0.001"/>
  <testcase name="TestALotOfAdding" classname="LocalCMCTests" time="0.001"/>
  <testcase name="TestALotOfAdding" classname="LocalCMCTests" time="0.0"/>
  <testcase name="TestALotOfAdding" classname="LocalCMCTests" time="0.001"/>
  <testcase name="TestALotOfAdding" classname="LocalCMCTests" time="0.001"/>
  <testcase name="TestALotOfAdding" classname="LocalCMCTests" time="0.001"/>
  <testcase name="TestALotOfAdding" classname="LocalCMCTests" time="0.001"/>
  <testcase name="TestALotOfAdding" classname="LocalCMCTests" time="0.001"/>
  <testcase name="TestALotOfAdding" classname="LocalCMCTests" time="0.001"/>
  <testcase name="TestALotOfAdding" classname="LocalCMCTests" time="0.0"/>
  <testcase name="TestALotOfAdding" classname="LocalCMCTests" time="0.0"/>
  <testcase name="TestALotOfAdding" classname="LocalCMCTests" time="0.0"/>
  <testcase name="TestALotOfAdding" classname="LocalCMCTests" time="0.001"/>
  <testcase name="TestALotOfAdding" classname="LocalCMCTests" time="0.0"/>
  <testcase name="TestALotOfAdding" classname="LocalCMCTests" time="0.001"/>
  <testcase name="TestALotOfAdding" classname="LocalCMCTests" time="0.0"/>
  <testcase name="TestALotOfAdding" classname="LocalCMCTests" time="0.001"/>
  <testcase name="TestALotOfAdding" classname="LocalCMCTests" time="0.0"/>
  <testcase name="TestALotOfAdding" classname="LocalCMCTests" time="0.001"/>
  <testcase name="TestALotOfAdding" classname="LocalCMCTests" time="0.0"/>
  <testcase name="TestALotOfAdding" classname="LocalCMCTests" time="0.0"/>
  <testcase name="TestALotOfAdding" classname="LocalCMCTests" time="0.001"/>
  <testcase name="TestALotOfAdding" classname="LocalCMCTests" time="0.001"/>
  <testcase name="TestALotOfAdding" classname="LocalCMCTests" time="0.001"/>
  <testcase name="TestALotOfAdding" classname="LocalCMCTests" time="0.001"/>
  <testcase name="TestALotOfAdding" classname="LocalCMCTests" time="0.001"/>
  <testcase name="TestALotOfAdding" classname="LocalCMCTests" time="0.0"/>
  <testcase name="TestALotOfAdding" classname="LocalCMCTests" time="0.001"/>
  <testcase name="TestALotOfAdding" classname="LocalCMCTests" time="0.0"/>
  <testcase name="TestALotOfAdding" classname="LocalCMCTests" time="0.001"/>
  <testcase name="TestALotOfAdding" classname="LocalCMCTests" time="0.001"/>
  <testcase name="TestALotOfAdding" classname="LocalCMCTests" time="0.0"/>
  <testcase name="TestALotOfAdding" classname="LocalCMCTests" time="0.0"/>
  <testcase name="TestALotOfAdding" classname="LocalCMCTests" time="0.001"/>
  <testcase name="TestALotOfAdding" classname="LocalCMCTests" time="0.001"/>
  <testcase name="TestALotOfAdding" classname="LocalCMCTests" time="0.001"/>
  <testcase name="TestALotOfAdding" classname="LocalCMCTests" time="0.001"/>
  <testcase name="TestALotOfAdding" classname="LocalCMCTests" time="0.001"/>
  <testcase name="TestALotOfAdding" classname="LocalCMCTests" time="0.0"/>
  <testcase name="TestALotOfAdding" classname="LocalCMCTests" time="0.0"/>
  <testcase name="TestALotOfAdding" classname="LocalCMCTests" time="0.0"/>
  <testcase name="TestALotOfAdding" classname="LocalCMCTests" time="0.001"/>
  <testcase name="TestALotOfAdding" classname="LocalCMCTests" time="0.0"/>
  <testcase name="TestALotOfAdding" classname="LocalCMCTests" time="0.001"/>
  <testcase name="TestALotOfAdding" classname="LocalCMCTests" time="0.0"/>
  <testcase name="TestALotOfAdding" classname="LocalCMCTests" time="0.001"/>
  <testcase name="TestALotOfAdding" classname="LocalCMCTests" time="0.001"/>
  <testcase name="TestALotOfAdding" classname="LocalCMCTests" time="0.001"/>
  <testcase name="TestALotOfAdding" classname="LocalCMCTests" time="0.0"/>
  <testcase name="TestALotOfAdding" classname="LocalCMCTests" time="0.0"/>
  <testcase name="TestALotOfAdding" classname="LocalCMCTests" time="0.001"/>
  <testcase name="TestALotOfAdding" classname="LocalCMCTests" time="0.001"/>
  <testcase name="TestALotOfAdding" classname="LocalCMCTests" time="0.0"/>
  <testcase name="TestALotOfAdding" classname="LocalCMCTests" time="0.0"/>
  <testcase name="TestALotOfAdding" classname="LocalCMCTests" time="0.0"/>
  <testcase name="TestALotOfAdding" classname="LocalCMCTests" time="0.001"/>
  <testcase name="TestALotOfAdding" classname="LocalCMCTests" time="0.0"/>
  <testcase name="TestALotOfAdding" classname="LocalCMCTests" time="0.001"/>
  <testcase name="TestALotOfAdding" classname="LocalCMCTests" time="0.0"/>
  <testcase name="TestALotOfAdding" classname="LocalCMCTests" time="0.001"/>
  <testcase name="TestALotOfAdding" classname="LocalCMCTests" time="0.0"/>
  <testcase name="TestALotOfAdding" classname="LocalCMCTests" time="0.0"/>
  <testcase name="TestALotOfAdding" classname="LocalCMCTests" time="0.002"/>
  <testcase name="TestALotOfAdding" classname="LocalCMCTests" time="0.0"/>
  <testcase name="TestALotOfAdding" classname="LocalCMCTests" time="0.003"/>
  <testcase name="TestALotOfAdding" classname="LocalCMCTests" time="0.001"/>
  <testcase name="TestALotOfAdding" classname="LocalCMCTests" time="0.0"/>
  <testcase name="TestALotOfAdding" classname="LocalCMCTests" time="0.001"/>
  <testcase name="TestALotOfAdding" classname="LocalCMCTests" time="0.001"/>
  <testcase name="TestALotOfAdding" classname="LocalCMCTests" time="0.001"/>
  <testcase name="TestALotOfAdding" classname="LocalCMCTests" time="0.001"/>
  <testcase name="TestALotOfAdding" classname="LocalCMCTests" time="0.001"/>
  <testcase name="TestALotOfAdding" classname="LocalCMCTests" time="0.002"/>
  <testcase name="TestALotOfAdding" classname="LocalCMCTests" time="0.001"/>
  <testcase name="TestALotOfAdding" classname="LocalCMCTests" time="0.0"/>
  <testcase name="TestALotOfAdding" classname="LocalCMCTests" time="0.0"/>
  <testcase name="TestALotOfAdding" classname="LocalCMCTests" time="0.0"/>
  <testcase name="TestALotOfAdding" classname="LocalCMCTests" time="0.002"/>
  <testcase name="TestALotOfAdding" classname="LocalCMCTests" time="0.002"/>
  <testcase name="TestALotOfAdding" classname="LocalCMCTests" time="0.002"/>
  <testcase name="TestALotOfAdding" classname="LocalCMCTests" time="0.002"/>
  <testcase name="TestALotOfAdding" classname="LocalCMCTests" time="0.002"/>
  <testcase name="TestALotOfAdding" classname="LocalCMCTests" time="0.002"/>
  <testcase name="TestALotOfAdding" classname="LocalCMCTests" time="0.002"/>
  <testcase name="TestALotOfAdding" classname="LocalCMCTests" time="0.0"/>
  <testcase name="TestALotOfAdding" classname="LocalCMCTests" time="0.002"/>
  <testcase name="TestALotOfAdding" classname="LocalCMCTests" time="0.002"/>
  <testcase name="TestALotOfAdding" classname="LocalCMCTests" time="0.0"/>
  <testcase name="TestALotOfAdding" classname="LocalCMCTests" time="0.0"/>
  <testcase name="TestALotOfAdding" classname="LocalCMCTests" time="0.0"/>
  <testcase name="TestALotOfAdding" classname="LocalCMCTests" time="0.0"/>
  <testcase name="TestALotOfAdding" classname="LocalCMCTests" time="0.001"/>
  <testcase name="TestALotOfAdding" classname="LocalCMCTests" time="0.001"/>
  <testcase name="TestALotOfAdding" classname="LocalCMCTests" time="0.003"/>
  <testcase name="TestALotOfAdding" classname="LocalCMCTests" time="0.001"/>
  <testcase name="TestALotOfAdding" classname="LocalCMCTests" time="0.0"/>
  <testcase name="TestALotOfAdding" classname="LocalCMCTests" time="0.001"/>
  <testcase name="TestALotOfAdding" classname="LocalCMCTests" time="0.001"/>
  <testcase name="TestALotOfAdding" classname="LocalCMCTests" time="0.0"/>
  <testcase name="TestALotOfAdding" classname="LocalCMCTests" time="0.001"/>
  <testcase name="TestALotOfAdding" classname="LocalCMCTests" time="0.001"/>
  <testcase name="TestALotOfAdding" classname="LocalCMCTests" time="0.001"/>
  <testcase name="TestALotOfAdding" classname="LocalCMCTests" time="0.0"/>
  <testcase name="TestALotOfAdding" classname="LocalCMCTests" time="0.0"/>
  <testcase name="TestALotOfAdding" classname="LocalCMCTests" time="0.001"/>
  <testcase name="TestALotOfAdding" classname="LocalCMCTests" time="0.0"/>
  <testcase name="TestALotOfAdding" classname="LocalCMCTests" time="0.001"/>
  <testcase name="TestALotOfAdding" classname="LocalCMCTests" time="0.001"/>
  <testcase name="TestALotOfAdding" classname="LocalCMCTests" time="0.0"/>
  <testcase name="TestALotOfAdding" classname="LocalCMCTests" time="0.001"/>
  <testcase name="TestALotOfAdding" classname="LocalCMCTests" time="0.001"/>
  <testcase name="TestALotOfAdding" classname="LocalCMCTests" time="0.001"/>
  <testcase name="TestALotOfAdding" classname="LocalCMCTests" time="0.001"/>
  <testcase name="TestALotOfAdding" classname="LocalCMCTests" time="0.0"/>
  <testcase name="TestALotOfAdding" classname="LocalCMCTests" time="0.0"/>
  <testcase name="TestALotOfAdding" classname="LocalCMCTests" time="0.0"/>
  <testcase name="TestALotOfAdding" classname="LocalCMCTests" time="0.0"/>
  <testcase name="TestALotOfAdding" classname="LocalCMCTests" time="0.0"/>
  <testcase name="TestALotOfAdding" classname="LocalCMCTests" time="0.0"/>
  <testcase name="TestALotOfAdding" classname="LocalCMCTests" time="0.0"/>
  <testcase name="TestALotOfAdding" classname="LocalCMCTests" time="0.0"/>
  <testcase name="TestALotOfAdding" classname="LocalCMCTests" time="0.001"/>
  <testcase name="TestALotOfAdding" classname="LocalCMCTests" time="0.001"/>
  <testcase name="TestALotOfAdding" classname="LocalCMCTests" time="0.0"/>
  <testcase name="TestALotOfAdding" classname="LocalCMCTests" time="0.001"/>
  <testcase name="TestALotOfAdding" classname="LocalCMCTests" time="0.001"/>
  <testcase name="TestALotOfAdding" classname="LocalCMCTests" time="0.001"/>
  <testcase name="TestALotOfAdding" classname="LocalCMCTests" time="0.001"/>
  <testcase name="TestALotOfAdding" classname="LocalCMCTests" time="0.001"/>
  <testcase name="TestALotOfAdding" classname="LocalCMCTests" time="0.0"/>
  <testcase name="TestALotOfAdding" classname="LocalCMCTests" time="0.0"/>
  <testcase name="TestALotOfAdding" classname="LocalCMCTests" time="0.0"/>
  <testcase name="TestALotOfAdding" classname="LocalCMCTests" time="0.0"/>
  <testcase name="TestALotOfAdding" classname="LocalCMCTests" time="0.0"/>
  <testcase name="TestALotOfAdding" classname="LocalCMCTests" time="0.002"/>
  <testcase name="TestALotOfAdding" classname="LocalCMCTests" time="0.0"/>
  <testcase name="TestALotOfAdding" classname="LocalCMCTests" time="0.001"/>
  <testcase name="TestALotOfAdding" classname="LocalCMCTests" time="0.0"/>
  <testcase name="TestALotOfAdding" classname="LocalCMCTests" time="0.0"/>
  <testcase name="TestALotOfAdding" classname="LocalCMCTests" time="0.002"/>
  <testcase name="TestALotOfAdding" classname="LocalCMCTests" time="0.0"/>
  <testcase name="TestALotOfAdding" classname="LocalCMCTests" time="0.001"/>
  <testcase name="TestALotOfAdding" classname="LocalCMCTests" time="0.001"/>
  <testcase name="TestALotOfAdding" classname="LocalCMCTests" time="0.001"/>
  <testcase name="TestALotOfAdding" classname="LocalCMCTests" time="0.0"/>
  <testcase name="TestALotOfAdding" classname="LocalCMCTests" time="0.001"/>
  <testcase name="TestALotOfAdding" classname="LocalCMCTests" time="0.0"/>
  <testcase name="TestALotOfAdding" classname="LocalCMCTests" time="0.001"/>
  <testcase name="TestALotOfAdding" classname="LocalCMCTests" time="0.001"/>
  <testcase name="TestALotOfAdding" classname="LocalCMCTests" time="0.0"/>
  <testcase name="TestALotOfAdding" classname="LocalCMCTests" time="0.0"/>
  <testcase name="TestALotOfAdding" classname="LocalCMCTests" time="0.0"/>
  <testcase name="TestALotOfAdding" classname="LocalCMCTests" time="0.001"/>
  <testcase name="TestALotOfAdding" classname="LocalCMCTests" time="0.0"/>
  <testcase name="TestALotOfAdding" classname="LocalCMCTests" time="0.0"/>
  <testcase name="TestALotOfAdding" classname="LocalCMCTests" time="0.0"/>
  <testcase name="TestALotOfAdding" classname="LocalCMCTests" time="0.0"/>
  <testcase name="TestALotOfAdding" classname="LocalCMCTests" time="0.001"/>
  <testcase name="TestALotOfAdding" classname="LocalCMCTests" time="0.002"/>
  <testcase name="TestALotOfAdding" classname="LocalCMCTests" time="0.002"/>
  <testcase name="TestALotOfAdding" classname="LocalCMCTests" time="0.0"/>
  <testcase name="TestALotOfAdding" classname="LocalCMCTests" time="0.0"/>
  <testcase name="TestALotOfAdding" classname="LocalCMCTests" time="0.0"/>
  <testcase name="TestALotOfAdding" classname="LocalCMCTests" time="0.001"/>
  <testcase name="TestALotOfAdding" classname="LocalCMCTests" time="0.001"/>
  <testcase name="TestALotOfAdding" classname="LocalCMCTests" time="0.0"/>
  <testcase name="TestALotOfAdding" classname="LocalCMCTests" time="0.001"/>
  <testcase name="TestALotOfAdding" classname="LocalCMCTests" time="0.001"/>
  <testcase name="TestALotOfAdding" classname="LocalCMCTests" time="0.001"/>
  <testcase name="TestALotOfAdding" classname="LocalCMCTests" time="0.0"/>
  <testcase name="TestALotOfAdding" classname="LocalCMCTests" time="0.001"/>
  <testcase name="TestALotOfAdding" classname="LocalCMCTests" time="0.0"/>
  <testcase name="TestALotOfAdding" classname="LocalCMCTests" time="0.001"/>
  <testcase name="TestALotOfAdding" classname="LocalCMCTests" time="0.0"/>
  <testcase name="TestALotOfAdding" classname="LocalCMCTests" time="0.0"/>
  <testcase name="TestALotOfAdding" classname="LocalCMCTests" time="0.001"/>
  <testcase name="TestALotOfAdding" classname="LocalCMCTests" time="0.001"/>
  <testcase name="TestALotOfAdding" classname="LocalCMCTests" time="0.0"/>
  <testcase name="TestALotOfAdding" classname="LocalCMCTests" time="0.003"/>
  <testcase name="TestALotOfAdding" classname="LocalCMCTests" time="0.001"/>
  <testcase name="TestALotOfAdding" classname="LocalCMCTests" time="0.0"/>
  <testcase name="TestALotOfAdding" classname="LocalCMCTests" time="0.0"/>
  <testcase name="TestALotOfAdding" classname="LocalCMCTests" time="0.0"/>
  <testcase name="TestALotOfAdding" classname="LocalCMCTests" time="0.0"/>
  <testcase name="TestALotOfAdding" classname="LocalCMCTests" time="0.0"/>
  <testcase name="TestALotOfAdding" classname="LocalCMCTests" time="0.0"/>
  <testcase name="TestALotOfAdding" classname="LocalCMCTests" time="0.001"/>
  <testcase name="TestALotOfAdding" classname="LocalCMCTests" time="0.0"/>
  <testcase name="TestALotOfAdding" classname="LocalCMCTests" time="0.001"/>
  <testcase name="TestALotOfAdding" classname="LocalCMCTests" time="0.0"/>
  <testcase name="TestALotOfAdding" classname="LocalCMCTests" time="0.001"/>
  <testcase name="TestALotOfAdding" classname="LocalCMCTests" time="0.002"/>
  <testcase name="TestALotOfAdding" classname="LocalCMCTests" time="0.002"/>
  <testcase name="TestALotOfAdding" classname="LocalCMCTests" time="0.002"/>
  <testcase name="TestALotOfAdding" classname="LocalCMCTests" time="0.0"/>
  <testcase name="TestALotOfAdding" classname="LocalCMCTests" time="0.001"/>
  <testcase name="TestALotOfAdding" classname="LocalCMCTests" time="0.001"/>
  <testcase name="TestALotOfAdding" classname="LocalCMCTests" time="0.001"/>
  <testcase name="TestALotOfAdding" classname="LocalCMCTests" time="0.001"/>
  <testcase name="TestALotOfAdding" classname="LocalCMCTests" time="0.0"/>
  <testcase name="TestALotOfAdding" classname="LocalCMCTests" time="0.001"/>
  <testcase name="TestALotOfAdding" classname="LocalCMCTests" time="0.0"/>
  <testcase name="TestALotOfAdding" classname="LocalCMCTests" time="0.0"/>
  <testcase name="TestALotOfAdding" classname="LocalCMCTests" time="0.0"/>
  <testcase name="TestALotOfAdding" classname="LocalCMCTests" time="0.0"/>
  <testcase name="TestALotOfAdding" classname="LocalCMCTests" time="0.001"/>
  <testcase name="TestALotOfAdding" classname="LocalCMCTests" time="0.001"/>
  <testcase name="TestALotOfAdding" classname="LocalCMCTests" time="0.0"/>
  <testcase name="TestALotOfAdding" classname="LocalCMCTests" time="0.001"/>
  <testcase name="TestALotOfAdding" classname="LocalCMCTests" time="0.001"/>
  <testcase name="TestALotOfAdding" classname="LocalCMCTests" time="0.0"/>
  <testcase name="TestALotOfAdding" classname="LocalCMCTests" time="0.001"/>
  <testcase name="TestALotOfAdding" classname="LocalCMCTests" time="0.0"/>
  <testcase name="TestALotOfAdding" classname="LocalCMCTests" time="0.0"/>
  <testcase name="TestALotOfAdding" classname="LocalCMCTests" time="0.001"/>
  <testcase name="TestALotOfAdding" classname="LocalCMCTests" time="0.0"/>
  <testcase name="TestALotOfAdding" classname="LocalCMCTests" time="0.001"/>
  <testcase name="TestALotOfAdding" classname="LocalCMCTests" time="0.0"/>
  <testcase name="TestALotOfAdding" classname="LocalCMCTests" time="0.002"/>
  <testcase name="TestALotOfAdding" classname="LocalCMCTests" time="0.001"/>
  <testcase name="TestALotOfAdding" classname="LocalCMCTests" time="0.0"/>
  <testcase name="TestALotOfAdding" classname="LocalCMCTests" time="0.001"/>
  <testcase name="TestALotOfAdding" classname="LocalCMCTests" time="0.001"/>
  <testcase name="TestALotOfAdding" classname="LocalCMCTests" time="0.001"/>
  <testcase name="TestALotOfAdding" classname="LocalCMCTests" time="0.0"/>
  <testcase name="TestALotOfAdding" classname="LocalCMCTests" time="0.001"/>
  <testcase name="TestALotOfAdding" classname="LocalCMCTests" time="0.001"/>
  <testcase name="TestALotOfAdding" classname="LocalCMCTests" time="0.0"/>
  <testcase name="TestALotOfAdding" classname="LocalCMCTests" time="0.0"/>
  <testcase name="TestALotOfAdding" classname="LocalCMCTests" time="0.0"/>
  <testcase name="TestALotOfAdding" classname="LocalCMCTests" time="0.001"/>
  <testcase name="TestALotOfAdding" classname="LocalCMCTests" time="0.001"/>
  <testcase name="TestALotOfAdding" classname="LocalCMCTests" time="0.001"/>
  <testcase name="TestALotOfAdding" classname="LocalCMCTests" time="0.001"/>
  <testcase name="TestALotOfAdding" classname="LocalCMCTests" time="0.0"/>
  <testcase name="TestALotOfAdding" classname="LocalCMCTests" time="0.0"/>
  <testcase name="TestALotOfAdding" classname="LocalCMCTests" time="0.001"/>
  <testcase name="TestALotOfAdding" classname="LocalCMCTests" time="0.0"/>
  <testcase name="TestALotOfAdding" classname="LocalCMCTests" time="0.001"/>
  <testcase name="TestALotOfAdding" classname="LocalCMCTests" time="0.001"/>
  <testcase name="TestALotOfAdding" classname="LocalCMCTests" time="0.0"/>
  <testcase name="TestALotOfAdding" classname="LocalCMCTests" time="0.001"/>
  <testcase name="TestALotOfAdding" classname="LocalCMCTests" time="0.0"/>
  <testcase name="TestALotOfAdding" classname="LocalCMCTests" time="0.001"/>
  <testcase name="TestALotOfAdding" classname="LocalCMCTests" time="0.0"/>
  <testcase name="TestALotOfAdding" classname="LocalCMCTests" time="0.001"/>
  <testcase name="TestALotOfAdding" classname="LocalCMCTests" time="0.001"/>
  <testcase name="TestALotOfAdding" classname="LocalCMCTests" time="0.001"/>
  <testcase name="TestALotOfAdding" classname="LocalCMCTests" time="0.001"/>
  <testcase name="TestALotOfAdding" classname="LocalCMCTests" time="0.0"/>
  <testcase name="TestALotOfAdding" classname="LocalCMCTests" time="0.0"/>
  <testcase name="TestALotOfAdding" classname="LocalCMCTests" time="0.001"/>
  <testcase name="TestALotOfAdding" classname="LocalCMCTests" time="0.0"/>
  <testcase name="TestALotOfAdding" classname="LocalCMCTests" time="0.0"/>
  <testcase name="TestALotOfAdding" classname="LocalCMCTests" time="0.0"/>
  <testcase name="TestALotOfAdding" classname="LocalCMCTests" time="0.001"/>
  <testcase name="TestALotOfAdding" classname="LocalCMCTests" time="0.001"/>
  <testcase name="TestALotOfAdding" classname="LocalCMCTests" time="0.002"/>
  <testcase name="TestALotOfAdding" classname="LocalCMCTests" time="0.0"/>
  <testcase name="TestALotOfAdding" classname="LocalCMCTests" time="0.001"/>
  <testcase name="TestALotOfAdding" classname="LocalCMCTests" time="0.001"/>
  <testcase name="TestALotOfAdding" classname="LocalCMCTests" time="0.001"/>
  <testcase name="TestALotOfAdding" classname="LocalCMCTests" time="0.001"/>
  <testcase name="TestALotOfAdding" classname="LocalCMCTests" time="0.0"/>
  <testcase name="TestALotOfAdding" classname="LocalCMCTests" time="0.0"/>
  <testcase name="TestALotOfAdding" classname="LocalCMCTests" time="0.0"/>
  <testcase name="TestALotOfAdding" classname="LocalCMCTests" time="0.0"/>
  <testcase name="TestALotOfAdding" classname="LocalCMCTests" time="0.0"/>
  <testcase name="TestALotOfAdding" classname="LocalCMCTests" time="0.0"/>
  <testcase name="TestALotOfAdding" classname="LocalCMCTests" time="0.0"/>
  <testcase name="TestALotOfAdding" classname="LocalCMCTests" time="0.001"/>
  <testcase name="TestALotOfAdding" classname="LocalCMCTests" time="0.0"/>
  <testcase name="TestALotOfAdding" classname="LocalCMCTests" time="0.001"/>
  <testcase name="TestALotOfAdding" classname="LocalCMCTests" time="0.002"/>
  <testcase name="TestALotOfAdding" classname="LocalCMCTests" time="0.0"/>
  <testcase name="TestALotOfAdding" classname="LocalCMCTests" time="0.0"/>
  <testcase name="TestALotOfAdding" classname="LocalCMCTests" time="0.001"/>
  <testcase name="TestALotOfAdding" classname="LocalCMCTests" time="0.001"/>
  <testcase name="TestALotOfAdding" classname="LocalCMCTests" time="0.001"/>
  <testcase name="TestALotOfAdding" classname="LocalCMCTests" time="0.0"/>
  <testcase name="TestALotOfAdding" classname="LocalCMCTests" time="0.001"/>
  <testcase name="TestALotOfAdding" classname="LocalCMCTests" time="0.001"/>
  <testcase name="TestALotOfAdding" classname="LocalCMCTests" time="0.001"/>
  <testcase name="TestALotOfAdding" classname="LocalCMCTests" time="0.0"/>
  <testcase name="TestALotOfAdding" classname="LocalCMCTests" time="0.0"/>
  <testcase name="TestALotOfAdding" classname="LocalCMCTests" time="0.0"/>
  <testcase name="TestALotOfAdding" classname="LocalCMCTests" time="0.001"/>
  <testcase name="TestALotOfAdding" classname="LocalCMCTests" time="0.0"/>
  <testcase name="TestALotOfAdding" classname="LocalCMCTests" time="0.001"/>
  <testcase name="TestALotOfAdding" classname="LocalCMCTests" time="0.001"/>
  <testcase name="TestALotOfAdding" classname="LocalCMCTests" time="0.0"/>
  <testcase name="TestALotOfAdding" classname="LocalCMCTests" time="0.001"/>
  <testcase name="TestALotOfAdding" classname="LocalCMCTests" time="0.0"/>
  <testcase name="TestALotOfAdding" classname="LocalCMCTests" time="0.0"/>
  <testcase name="TestALotOfAdding" classname="LocalCMCTests" time="0.0"/>
  <testcase name="TestALotOfAdding" classname="LocalCMCTests" time="0.0"/>
  <testcase name="TestALotOfAdding" classname="LocalCMCTests" time="0.0"/>
  <testcase name="TestALotOfAdding" classname="LocalCMCTests" time="0.0"/>
  <testcase name="TestALotOfAdding" classname="LocalCMCTests" time="0.001"/>
  <testcase name="TestALotOfAdding" classname="LocalCMCTests" time="0.001"/>
  <testcase name="TestALotOfAdding" classname="LocalCMCTests" time="0.001"/>
  <testcase name="TestALotOfAdding" classname="LocalCMCTests" time="0.0"/>
  <testcase name="TestALotOfAdding" classname="LocalCMCTests" time="0.003"/>
  <testcase name="TestALotOfAdding" classname="LocalCMCTests" time="0.002"/>
  <testcase name="TestALotOfAdding" classname="LocalCMCTests" time="0.001"/>
  <testcase name="TestALotOfAdding" classname="LocalCMCTests" time="0.0"/>
  <testcase name="TestALotOfAdding" classname="LocalCMCTests" time="0.0"/>
  <testcase name="TestALotOfAdding" classname="LocalCMCTests" time="0.001"/>
  <testcase name="TestALotOfAdding" classname="LocalCMCTests" time="0.001"/>
  <testcase name="TestALotOfAdding" classname="LocalCMCTests" time="0.002"/>
  <testcase name="TestALotOfAdding" classname="LocalCMCTests" time="0.0"/>
  <testcase name="TestALotOfAdding" classname="LocalCMCTests" time="0.0"/>
  <testcase name="TestALotOfAdding" classname="LocalCMCTests" time="0.001"/>
  <testcase name="TestALotOfAdding" classname="LocalCMCTests" time="0.001"/>
  <testcase name="TestALotOfAdding" classname="LocalCMCTests" time="0.001"/>
  <testcase name="TestALotOfAdding" classname="LocalCMCTests" time="0.0"/>
  <testcase name="TestALotOfAdding" classname="LocalCMCTests" time="0.0"/>
  <testcase name="TestALotOfAdding" classname="LocalCMCTests" time="0.001"/>
  <testcase name="TestALotOfAdding" classname="LocalCMCTests" time="0.001"/>
  <testcase name="TestALotOfAdding" classname="LocalCMCTests" time="0.0"/>
  <testcase name="TestALotOfAdding" classname="LocalCMCTests" time="0.0"/>
  <testcase name="TestALotOfAdding" classname="LocalCMCTests" time="0.0"/>
  <testcase name="TestALotOfAdding" classname="LocalCMCTests" time="0.002"/>
  <testcase name="TestALotOfAdding" classname="LocalCMCTests" time="0.001"/>
  <testcase name="TestALotOfAdding" classname="LocalCMCTests" time="0.001"/>
  <testcase name="TestALotOfAdding" classname="LocalCMCTests" time="0.0"/>
  <testcase name="TestALotOfAdding" classname="LocalCMCTests" time="0.0"/>
  <testcase name="TestALotOfAdding" classname="LocalCMCTests" time="0.0"/>
  <testcase name="TestALotOfAdding" classname="LocalCMCTests" time="0.001"/>
  <testcase name="TestALotOfAdding" classname="LocalCMCTests" time="0.0"/>
  <testcase name="TestALotOfAdding" classname="LocalCMCTests" time="0.001"/>
  <testcase name="TestALotOfAdding" classname="LocalCMCTests" time="0.0"/>
  <testcase name="TestALotOfAdding" classname="LocalCMCTests" time="0.001"/>
  <testcase name="TestALotOfAdding" classname="LocalCMCTests" time="0.001"/>
  <testcase name="TestALotOfAdding" classname="LocalCMCTests" time="0.0"/>
  <testcase name="TestALotOfAdding" classname="LocalCMCTests" time="0.001"/>
  <testcase name="TestALotOfAdding" classname="LocalCMCTests" time="0.001"/>
  <testcase name="TestALotOfAdding" classname="LocalCMCTests" time="0.001"/>
  <testcase name="TestALotOfAdding" classname="LocalCMCTests" time="0.001"/>
  <testcase name="TestALotOfAdding" classname="LocalCMCTests" time="0.001"/>
  <testcase name="TestALotOfAdding" classname="LocalCMCTests" time="0.0"/>
  <testcase name="TestALotOfAdding" classname="LocalCMCTests" time="0.0"/>
  <testcase name="TestALotOfAdding" classname="LocalCMCTests" time="0.001"/>
  <testcase name="TestALotOfAdding" classname="LocalCMCTests" time="0.0"/>
  <testcase name="TestALotOfAdding" classname="LocalCMCTests" time="0.001"/>
  <testcase name="TestALotOfAdding" classname="LocalCMCTests" time="0.001"/>
  <testcase name="TestALotOfAdding" classname="LocalCMCTests" time="0.001"/>
  <testcase name="TestALotOfAdding" classname="LocalCMCTests" time="0.0"/>
  <testcase name="TestALotOfAdding" classname="LocalCMCTests" time="0.0"/>
  <testcase name="TestALotOfAdding" classname="LocalCMCTests" time="0.0"/>
  <testcase name="TestALotOfAdding" classname="LocalCMCTests" time="0.001"/>
  <testcase name="TestALotOfAdding" classname="LocalCMCTests" time="0.001"/>
  <testcase name="TestALotOfAdding" classname="LocalCMCTests" time="0.001"/>
  <testcase name="TestALotOfAdding" classname="LocalCMCTests" time="0.001"/>
  <testcase name="TestALotOfAdding" classname="LocalCMCTests" time="0.001"/>
  <testcase name="TestALotOfAdding" classname="LocalCMCTests" time="0.0"/>
  <testcase name="TestALotOfAdding" classname="LocalCMCTests" time="0.0"/>
  <testcase name="TestALotOfAdding" classname="LocalCMCTests" time="0.0"/>
  <testcase name="TestALotOfAdding" classname="LocalCMCTests" time="0.0"/>
  <testcase name="TestALotOfAdding" classname="LocalCMCTests" time="0.001"/>
  <testcase name="TestALotOfAdding" classname="LocalCMCTests" time="0.001"/>
  <testcase name="TestALotOfAdding" classname="LocalCMCTests" time="0.001"/>
  <testcase name="TestALotOfAdding" classname="LocalCMCTests" time="0.0"/>
  <testcase name="TestALotOfAdding" classname="LocalCMCTests" time="0.001"/>
  <testcase name="TestALotOfAdding" classname="LocalCMCTests" time="0.0"/>
  <testcase name="TestALotOfAdding" classname="LocalCMCTests" time="0.001"/>
  <testcase name="TestALotOfAdding" classname="LocalCMCTests" time="0.0"/>
  <testcase name="TestALotOfAdding" classname="LocalCMCTests" time="0.0"/>
  <testcase name="TestALotOfAdding" classname="LocalCMCTests" time="0.001"/>
  <testcase name="TestALotOfAdding" classname="LocalCMCTests" time="0.001"/>
  <testcase name="TestALotOfAdding" classname="LocalCMCTests" time="0.001"/>
  <testcase name="TestALotOfAdding" classname="LocalCMCTests" time="0.0"/>
  <testcase name="TestALotOfAdding" classname="LocalCMCTests" time="0.0"/>
  <testcase name="TestALotOfAdding" classname="LocalCMCTests" time="0.001"/>
  <testcase name="TestALotOfAdding" classname="LocalCMCTests" time="0.001"/>
  <testcase name="TestALotOfAdding" classname="LocalCMCTests" time="0.0"/>
  <testcase name="TestALotOfAdding" classname="LocalCMCTests" time="0.0"/>
  <testcase name="TestALotOfAdding" classname="LocalCMCTests" time="0.001"/>
  <testcase name="TestALotOfAdding" classname="LocalCMCTests" time="0.001"/>
  <testcase name="TestALotOfAdding" classname="LocalCMCTests" time="0.0"/>
  <testcase name="TestALotOfAdding" classname="LocalCMCTests" time="0.0"/>
  <testcase name="TestALotOfAdding" classname="LocalCMCTests" time="0.002"/>
  <testcase name="TestALotOfAdding" classname="LocalCMCTests" time="0.002"/>
  <testcase name="TestALotOfAdding" classname="LocalCMCTests" time="0.0"/>
  <testcase name="TestALotOfAdding" classname="LocalCMCTests" time="0.002"/>
  <testcase name="TestALotOfAdding" classname="LocalCMCTests" time="0.0"/>
  <testcase name="TestALotOfAdding" classname="LocalCMCTests" time="0.001"/>
  <testcase name="TestALotOfAdding" classname="LocalCMCTests" time="0.001"/>
  <testcase name="TestALotOfAdding" classname="LocalCMCTests" time="0.0"/>
  <testcase name="TestALotOfAdding" classname="LocalCMCTests" time="0.001"/>
  <testcase name="TestALotOfAdding" classname="LocalCMCTests" time="0.0"/>
  <testcase name="TestALotOfAdding" classname="LocalCMCTests" time="0.001"/>
  <testcase name="TestALotOfAdding" classname="LocalCMCTests" time="0.001"/>
  <testcase name="TestALotOfAdding" classname="LocalCMCTests" time="0.0"/>
  <testcase name="TestALotOfAdding" classname="LocalCMCTests" time="0.001"/>
  <testcase name="TestALotOfAdding" classname="LocalCMCTests" time="0.0"/>
  <testcase name="TestALotOfAdding" classname="LocalCMCTests" time="0.0"/>
  <testcase name="TestALotOfAdding" classname="LocalCMCTests" time="0.001"/>
  <testcase name="TestALotOfAdding" classname="LocalCMCTests" time="0.0"/>
  <testcase name="TestALotOfAdding" classname="LocalCMCTests" time="0.001"/>
  <testcase name="TestALotOfAdding" classname="LocalCMCTests" time="0.001"/>
  <testcase name="TestALotOfAdding" classname="LocalCMCTests" time="0.0"/>
  <testcase name="TestALotOfAdding" classname="LocalCMCTests" time="0.002"/>
  <testcase name="TestALotOfAdding" classname="LocalCMCTests" time="0.0"/>
  <testcase name="TestALotOfAdding" classname="LocalCMCTests" time="0.001"/>
  <testcase name="TestALotOfAdding" classname="LocalCMCTests" time="0.001"/>
  <testcase name="TestALotOfAdding" classname="LocalCMCTests" time="0.0"/>
  <testcase name="TestALotOfAdding" classname="LocalCMCTests" time="0.0"/>
  <testcase name="TestALotOfAdding" classname="LocalCMCTests" time="0.001"/>
  <testcase name="TestALotOfAdding" classname="LocalCMCTests" time="0.0"/>
  <testcase name="TestALotOfAdding" classname="LocalCMCTests" time="0.0"/>
  <testcase name="TestALotOfAdding" classname="LocalCMCTests" time="0.0"/>
  <testcase name="TestALotOfAdding" classname="LocalCMCTests" time="0.001"/>
  <testcase name="TestALotOfAdding" classname="LocalCMCTests" time="0.001"/>
  <testcase name="TestALotOfAdding" classname="LocalCMCTests" time="0.0"/>
  <testcase name="TestALotOfAdding" classname="LocalCMCTests" time="0.002"/>
  <testcase name="TestALotOfAdding" classname="LocalCMCTests" time="0.0"/>
  <testcase name="TestALotOfAdding" classname="LocalCMCTests" time="0.0"/>
  <testcase name="TestALotOfAdding" classname="LocalCMCTests" time="0.001"/>
  <testcase name="TestALotOfAdding" classname="LocalCMCTests" time="0.001"/>
  <testcase name="TestALotOfAdding" classname="LocalCMCTests" time="0.001"/>
  <testcase name="TestALotOfAdding" classname="LocalCMCTests" time="0.001"/>
  <testcase name="TestALotOfAdding" classname="LocalCMCTests" time="0.001"/>
  <testcase name="TestALotOfAdding" classname="LocalCMCTests" time="0.001"/>
  <testcase name="TestALotOfAdding" classname="LocalCMCTests" time="0.001"/>
  <testcase name="TestALotOfAdding" classname="LocalCMCTests" time="0.0"/>
  <testcase name="TestALotOfAdding" classname="LocalCMCTests" time="0.0"/>
  <testcase name="TestALotOfAdding" classname="LocalCMCTests" time="0.0"/>
  <testcase name="TestALotOfAdding" classname="LocalCMCTests" time="0.0"/>
  <testcase name="TestALotOfAdding" classname="LocalCMCTests" time="0.001"/>
  <testcase name="TestALotOfAdding" classname="LocalCMCTests" time="0.001"/>
  <testcase name="TestALotOfAdding" classname="LocalCMCTests" time="0.003"/>
  <testcase name="TestALotOfAdding" classname="LocalCMCTests" time="0.001"/>
  <testcase name="TestALotOfAdding" classname="LocalCMCTests" time="0.001"/>
  <testcase name="TestALotOfAdding" classname="LocalCMCTests" time="0.0"/>
  <testcase name="TestALotOfAdding" classname="LocalCMCTests" time="0.0"/>
  <testcase name="TestALotOfAdding" classname="LocalCMCTests" time="0.0"/>
  <testcase name="TestALotOfAdding" classname="LocalCMCTests" time="0.0"/>
  <testcase name="TestALotOfAdding" classname="LocalCMCTests" time="0.0"/>
  <testcase name="TestALotOfAdding" classname="LocalCMCTests" time="0.001"/>
  <testcase name="TestALotOfAdding" classname="LocalCMCTests" time="0.001"/>
  <testcase name="TestALotOfAdding" classname="LocalCMCTests" time="0.001"/>
  <testcase name="TestALotOfAdding" classname="LocalCMCTests" time="0.001"/>
  <testcase name="TestALotOfAdding" classname="LocalCMCTests" time="0.0"/>
  <testcase name="TestALotOfAdding" classname="LocalCMCTests" time="0.0"/>
  <testcase name="TestALotOfAdding" classname="LocalCMCTests" time="0.0"/>
  <testcase name="TestALotOfAdding" classname="LocalCMCTests" time="0.0"/>
  <testcase name="TestALotOfAdding" classname="LocalCMCTests" time="0.001"/>
  <testcase name="TestALotOfAdding" classname="LocalCMCTests" time="0.001"/>
  <testcase name="TestALotOfAdding" classname="LocalCMCTests" time="0.001"/>
  <testcase name="TestALotOfAdding" classname="LocalCMCTests" time="0.001"/>
  <testcase name="TestALotOfAdding" classname="LocalCMCTests" time="0.0"/>
  <testcase name="TestALotOfAdding" classname="LocalCMCTests" time="0.0"/>
  <testcase name="TestALotOfAdding" classname="LocalCMCTests" time="0.001"/>
  <testcase name="TestALotOfAdding" classname="LocalCMCTests" time="0.0"/>
  <testcase name="TestALotOfAdding" classname="LocalCMCTests" time="0.001"/>
  <testcase name="TestALotOfAdding" classname="LocalCMCTests" time="0.0"/>
  <testcase name="TestALotOfAdding" classname="LocalCMCTests" time="0.0"/>
  <testcase name="TestALotOfAdding" classname="LocalCMCTests" time="0.001"/>
  <testcase name="TestALotOfAdding" classname="LocalCMCTests" time="0.001"/>
  <testcase name="TestALotOfAdding" classname="LocalCMCTests" time="0.001"/>
  <testcase name="TestALotOfAdding" classname="LocalCMCTests" time="0.002"/>
  <testcase name="TestALotOfAdding" classname="LocalCMCTests" time="0.0"/>
  <testcase name="TestALotOfAdding" classname="LocalCMCTests" time="0.001"/>
  <testcase name="TestALotOfAdding" classname="LocalCMCTests" time="0.001"/>
  <testcase name="TestALotOfAdding" classname="LocalCMCTests" time="0.001"/>
  <testcase name="TestALotOfAdding" classname="LocalCMCTests" time="0.001"/>
  <testcase name="TestALotOfAdding" classname="LocalCMCTests" time="0.0"/>
  <testcase name="TestALotOfAdding" classname="LocalCMCTests" time="0.001"/>
  <testcase name="TestALotOfAdding" classname="LocalCMCTests" time="0.0"/>
  <testcase name="TestALotOfAdding" classname="LocalCMCTests" time="0.0"/>
  <testcase name="TestALotOfAdding" classname="LocalCMCTests" time="0.001"/>
  <testcase name="TestALotOfAdding" classname="LocalCMCTests" time="0.0"/>
  <testcase name="TestALotOfAdding" classname="LocalCMCTests" time="0.0"/>
  <testcase name="TestALotOfAdding" classname="LocalCMCTests" time="0.0"/>
  <testcase name="TestALotOfAdding" classname="LocalCMCTests" time="0.001"/>
  <testcase name="TestALotOfAdding" classname="LocalCMCTests" time="0.0"/>
  <testcase name="TestALotOfAdding" classname="LocalCMCTests" time="0.001"/>
  <testcase name="TestALotOfAdding" classname="LocalCMCTests" time="0.002"/>
  <testcase name="TestALotOfAdding" classname="LocalCMCTests" time="0.001"/>
  <testcase name="TestALotOfAdding" classname="LocalCMCTests" time="0.002"/>
  <testcase name="TestALotOfAdding" classname="LocalCMCTests" time="0.002"/>
  <testcase name="TestALotOfAdding" classname="LocalCMCTests" time="0.0"/>
  <testcase name="TestALotOfAdding" classname="LocalCMCTests" time="0.0"/>
  <testcase name="TestALotOfAdding" classname="LocalCMCTests" time="0.001"/>
  <testcase name="TestALotOfAdding" classname="LocalCMCTests" time="0.001"/>
  <testcase name="TestALotOfAdding" classname="LocalCMCTests" time="0.001"/>
  <testcase name="TestALotOfAdding" classname="LocalCMCTests" time="0.001"/>
  <testcase name="TestALotOfAdding" classname="LocalCMCTests" time="0.0"/>
  <testcase name="TestALotOfAdding" classname="LocalCMCTests" time="0.001"/>
  <testcase name="TestALotOfAdding" classname="LocalCMCTests" time="0.0"/>
  <testcase name="TestALotOfAdding" classname="LocalCMCTests" time="0.0"/>
  <testcase name="TestALotOfAdding" classname="LocalCMCTests" time="0.0"/>
  <testcase name="TestALotOfAdding" classname="LocalCMCTests" time="0.001"/>
  <testcase name="TestALotOfAdding" classname="LocalCMCTests" time="0.0"/>
  <testcase name="TestALotOfAdding" classname="LocalCMCTests" time="0.001"/>
  <testcase name="TestALotOfAdding" classname="LocalCMCTests" time="0.0"/>
  <testcase name="TestALotOfAdding" classname="LocalCMCTests" time="0.001"/>
  <testcase name="TestALotOfAdding" classname="LocalCMCTests" time="0.001"/>
  <testcase name="TestALotOfAdding" classname="LocalCMCTests" time="0.001"/>
  <testcase name="TestALotOfAdding" classname="LocalCMCTests" time="0.0"/>
  <testcase name="TestALotOfAdding" classname="LocalCMCTests" time="0.0"/>
  <testcase name="TestALotOfAdding" classname="LocalCMCTests" time="0.0"/>
  <testcase name="TestALotOfAdding" classname="LocalCMCTests" time="0.0"/>
  <testcase name="TestALotOfAdding" classname="LocalCMCTests" time="0.0"/>
  <testcase name="TestALotOfAdding" classname="LocalCMCTests" time="0.001"/>
  <testcase name="TestALotOfAdding" classname="LocalCMCTests" time="0.001"/>
  <testcase name="TestALotOfAdding" classname="LocalCMCTests" time="0.001"/>
  <testcase name="TestALotOfAdding" classname="LocalCMCTests" time="0.002"/>
  <testcase name="TestALotOfAdding" classname="LocalCMCTests" time="0.0"/>
  <testcase name="TestALotOfAdding" classname="LocalCMCTests" time="0.001"/>
  <testcase name="TestALotOfAdding" classname="LocalCMCTests" time="0.001"/>
  <testcase name="TestALotOfAdding" classname="LocalCMCTests" time="0.001"/>
  <testcase name="TestALotOfAdding" classname="LocalCMCTests" time="0.001"/>
  <testcase name="TestALotOfAdding" classname="LocalCMCTests" time="0.001"/>
  <testcase name="TestALotOfAdding" classname="LocalCMCTests" time="0.001"/>
  <testcase name="TestALotOfAdding" classname="LocalCMCTests" time="0.001"/>
  <testcase name="TestALotOfAdding" classname="LocalCMCTests" time="0.001"/>
  <testcase name="TestALotOfAdding" classname="LocalCMCTests" time="0.0"/>
  <testcase name="TestALotOfAdding" classname="LocalCMCTests" time="0.0"/>
  <testcase name="TestALotOfAdding" classname="LocalCMCTests" time="0.0"/>
  <testcase name="TestALotOfAdding" classname="LocalCMCTests" time="0.0"/>
  <testcase name="TestALotOfAdding" classname="LocalCMCTests" time="0.0"/>
  <testcase name="TestALotOfAdding" classname="LocalCMCTests" time="0.0"/>
  <testcase name="TestALotOfAdding" classname="LocalCMCTests" time="0.0"/>
  <testcase name="TestALotOfAdding" classname="LocalCMCTests" time="0.0"/>
  <testcase name="TestALotOfAdding" classname="LocalCMCTests" time="0.0"/>
  <testcase name="TestALotOfAdding" classname="LocalCMCTests" time="0.001"/>
  <testcase name="TestALotOfAdding" classname="LocalCMCTests" time="0.0"/>
  <testcase name="TestALotOfAdding" classname="LocalCMCTests" time="0.0"/>
  <testcase name="TestALotOfAdding" classname="LocalCMCTests" time="0.001"/>
  <testcase name="TestALotOfAdding" classname="LocalCMCTests" time="0.0"/>
  <testcase name="TestALotOfAdding" classname="LocalCMCTests" time="0.001"/>
  <testcase name="TestALotOfAdding" classname="LocalCMCTests" time="0.0"/>
  <testcase name="TestALotOfAdding" classname="LocalCMCTests" time="0.0"/>
  <testcase name="TestALotOfAdding" classname="LocalCMCTests" time="0.001"/>
  <testcase name="TestALotOfAdding" classname="LocalCMCTests" time="0.001"/>
  <testcase name="TestALotOfAdding" classname="LocalCMCTests" time="0.0"/>
  <testcase name="TestALotOfAdding" classname="LocalCMCTests" time="0.001"/>
  <testcase name="TestALotOfAdding" classname="LocalCMCTests" time="0.002"/>
  <testcase name="TestALotOfAdding" classname="LocalCMCTests" time="0.001"/>
  <testcase name="TestALotOfAdding" classname="LocalCMCTests" time="0.001"/>
  <testcase name="TestALotOfAdding" classname="LocalCMCTests" time="0.001"/>
  <testcase name="TestALotOfAdding" classname="LocalCMCTests" time="0.001"/>
  <testcase name="TestALotOfAdding" classname="LocalCMCTests" time="0.001"/>
  <testcase name="TestALotOfAdding" classname="LocalCMCTests" time="0.002"/>
  <testcase name="TestALotOfAdding" classname="LocalCMCTests" time="0.0"/>
  <testcase name="TestALotOfAdding" classname="LocalCMCTests" time="0.001"/>
  <testcase name="TestALotOfAdding" classname="LocalCMCTests" time="0.001"/>
  <testcase name="TestALotOfAdding" classname="LocalCMCTests" time="0.0"/>
  <testcase name="TestALotOfAdding" classname="LocalCMCTests" time="0.0"/>
  <testcase name="TestALotOfAdding" classname="LocalCMCTests" time="0.001"/>
  <testcase name="TestALotOfAdding" classname="LocalCMCTests" time="0.0"/>
  <testcase name="TestALotOfAdding" classname="LocalCMCTests" time="0.0"/>
  <testcase name="TestALotOfAdding" classname="LocalCMCTests" time="0.0"/>
  <testcase name="TestALotOfAdding" classname="LocalCMCTests" time="0.0"/>
  <testcase name="TestALotOfAdding" classname="LocalCMCTests" time="0.001"/>
  <testcase name="TestALotOfAdding" classname="LocalCMCTests" time="0.0"/>
  <testcase name="TestALotOfAdding" classname="LocalCMCTests" time="0.002"/>
  <testcase name="TestALotOfAdding" classname="LocalCMCTests" time="0.001"/>
  <testcase name="TestALotOfAdding" classname="LocalCMCTests" time="0.001"/>
  <testcase name="TestALotOfAdding" classname="LocalCMCTests" time="0.0"/>
  <testcase name="TestALotOfAdding" classname="LocalCMCTests" time="0.0"/>
  <testcase name="TestALotOfAdding" classname="LocalCMCTests" time="0.001"/>
  <testcase name="TestALotOfAdding" classname="LocalCMCTests" time="0.0"/>
  <testcase name="TestALotOfAdding" classname="LocalCMCTests" time="0.001"/>
  <testcase name="TestALotOfAdding" classname="LocalCMCTests" time="0.0"/>
  <testcase name="TestALotOfAdding" classname="LocalCMCTests" time="0.0"/>
  <testcase name="TestALotOfAdding" classname="LocalCMCTests" time="0.001"/>
  <testcase name="TestALotOfAdding" classname="LocalCMCTests" time="0.001"/>
  <testcase name="TestALotOfAdding" classname="LocalCMCTests" time="0.001"/>
  <testcase name="TestALotOfAdding" classname="LocalCMCTests" time="0.0"/>
  <testcase name="TestALotOfAdding" classname="LocalCMCTests" time="0.001"/>
  <testcase name="TestALotOfAdding" classname="LocalCMCTests" time="0.002"/>
  <testcase name="TestALotOfAdding" classname="LocalCMCTests" time="0.001"/>
  <testcase name="TestALotOfAdding" classname="LocalCMCTests" time="0.001"/>
  <testcase name="TestALotOfAdding" classname="LocalCMCTests" time="0.001"/>
  <testcase name="TestALotOfAdding" classname="LocalCMCTests" time="0.0"/>
  <testcase name="TestALotOfAdding" classname="LocalCMCTests" time="0.0"/>
  <testcase name="TestALotOfAdding" classname="LocalCMCTests" time="0.001"/>
  <testcase name="TestALotOfAdding" classname="LocalCMCTests" time="0.0"/>
  <testcase name="TestALotOfAdding" classname="LocalCMCTests" time="0.001"/>
  <testcase name="TestALotOfAdding" classname="LocalCMCTests" time="0.0"/>
  <testcase name="TestALotOfAdding" classname="LocalCMCTests" time="0.001"/>
  <testcase name="TestALotOfAdding" classname="LocalCMCTests" time="0.001"/>
  <testcase name="TestALotOfAdding" classname="LocalCMCTests" time="0.0"/>
  <testcase name="TestALotOfAdding" classname="LocalCMCTests" time="0.0"/>
  <testcase name="TestALotOfAdding" classname="LocalCMCTests" time="0.0"/>
  <testcase name="TestALotOfAdding" classname="LocalCMCTests" time="0.0"/>
  <testcase name="TestALotOfAdding" classname="LocalCMCTests" time="0.001"/>
  <testcase name="TestALotOfAdding" classname="LocalCMCTests" time="0.001"/>
  <testcase name="TestALotOfAdding" classname="LocalCMCTests" time="0.001"/>
  <testcase name="TestALotOfAdding" classname="LocalCMCTests" time="0.001"/>
  <testcase name="TestALotOfAdding" classname="LocalCMCTests" time="0.001"/>
  <testcase name="TestALotOfAdding" classname="LocalCMCTests" time="0.001"/>
  <testcase name="TestALotOfAdding" classname="LocalCMCTests" time="0.001"/>
  <testcase name="TestALotOfAdding" classname="LocalCMCTests" time="0.001"/>
  <testcase name="TestALotOfAdding" classname="LocalCMCTests" time="0.001"/>
  <testcase name="TestALotOfAdding" classname="LocalCMCTests" time="0.001"/>
  <testcase name="TestALotOfAdding" classname="LocalCMCTests" time="0.0"/>
  <testcase name="TestALotOfAdding" classname="LocalCMCTests" time="0.0"/>
  <testcase name="TestALotOfAdding" classname="LocalCMCTests" time="0.0"/>
  <testcase name="TestALotOfAdding" classname="LocalCMCTests" time="0.0"/>
  <testcase name="TestALotOfAdding" classname="LocalCMCTests" time="0.0"/>
  <testcase name="TestALotOfAdding" classname="LocalCMCTests" time="0.001"/>
  <testcase name="TestALotOfAdding" classname="LocalCMCTests" time="0.001"/>
  <testcase name="TestALotOfAdding" classname="LocalCMCTests" time="0.001"/>
  <testcase name="TestALotOfAdding" classname="LocalCMCTests" time="0.002"/>
  <testcase name="TestALotOfAdding" classname="LocalCMCTests" time="0.001"/>
  <testcase name="TestALotOfAdding" classname="LocalCMCTests" time="0.001"/>
  <testcase name="TestALotOfAdding" classname="LocalCMCTests" time="0.001"/>
  <testcase name="TestALotOfAdding" classname="LocalCMCTests" time="0.001"/>
  <testcase name="TestALotOfAdding" classname="LocalCMCTests" time="0.001"/>
  <testcase name="TestALotOfAdding" classname="LocalCMCTests" time="0.0"/>
  <testcase name="TestALotOfAdding" classname="LocalCMCTests" time="0.0"/>
  <testcase name="TestALotOfAdding" classname="LocalCMCTests" time="0.001"/>
  <testcase name="TestALotOfAdding" classname="LocalCMCTests" time="0.0"/>
  <testcase name="TestALotOfAdding" classname="LocalCMCTests" time="0.0"/>
  <testcase name="TestALotOfAdding" classname="LocalCMCTests" time="0.0"/>
  <testcase name="TestALotOfAdding" classname="LocalCMCTests" time="0.001"/>
  <testcase name="TestALotOfAdding" classname="LocalCMCTests" time="0.0"/>
  <testcase name="TestALotOfAdding" classname="LocalCMCTests" time="0.0"/>
  <testcase name="TestALotOfAdding" classname="LocalCMCTests" time="0.0"/>
  <testcase name="TestALotOfAdding" classname="LocalCMCTests" time="0.001"/>
  <testcase name="TestALotOfAdding" classname="LocalCMCTests" time="0.0"/>
  <testcase name="TestALotOfAdding" classname="LocalCMCTests" time="0.002"/>
  <testcase name="TestALotOfAdding" classname="LocalCMCTests" time="0.0"/>
  <testcase name="TestALotOfAdding" classname="LocalCMCTests" time="0.001"/>
  <testcase name="TestALotOfAdding" classname="LocalCMCTests" time="0.0"/>
  <testcase name="TestALotOfAdding" classname="LocalCMCTests" time="0.0"/>
  <testcase name="TestALotOfAdding" classname="LocalCMCTests" time="0.001"/>
  <testcase name="TestALotOfAdding" classname="LocalCMCTests" time="0.001"/>
  <testcase name="TestALotOfAdding" classname="LocalCMCTests" time="0.001"/>
  <testcase name="TestALotOfAdding" classname="LocalCMCTests" time="0.001"/>
  <testcase name="TestALotOfAdding" classname="LocalCMCTests" time="0.0"/>
  <testcase name="TestALotOfAdding" classname="LocalCMCTests" time="0.001"/>
  <testcase name="TestALotOfAdding" classname="LocalCMCTests" time="0.0"/>
  <testcase name="TestALotOfAdding" classname="LocalCMCTests" time="0.0"/>
  <testcase name="TestALotOfAdding" classname="LocalCMCTests" time="0.001"/>
  <testcase name="TestALotOfAdding" classname="LocalCMCTests" time="0.001"/>
  <testcase name="TestALotOfAdding" classname="LocalCMCTests" time="0.0"/>
  <testcase name="TestALotOfAdding" classname="LocalCMCTests" time="0.001"/>
  <testcase name="TestALotOfAdding" classname="LocalCMCTests" time="0.002"/>
  <testcase name="TestALotOfAdding" classname="LocalCMCTests" time="0.0"/>
  <testcase name="TestALotOfAdding" classname="LocalCMCTests" time="0.001"/>
  <testcase name="TestALotOfAdding" classname="LocalCMCTests" time="0.0"/>
  <testcase name="TestALotOfAdding" classname="LocalCMCTests" time="0.0"/>
  <testcase name="TestALotOfAdding" classname="LocalCMCTests" time="0.001"/>
  <testcase name="TestALotOfAdding" classname="LocalCMCTests" time="0.0"/>
  <testcase name="TestALotOfAdding" classname="LocalCMCTests" time="0.0"/>
  <testcase name="TestALotOfAdding" classname="LocalCMCTests" time="0.001"/>
  <testcase name="TestALotOfAdding" classname="LocalCMCTests" time="0.002"/>
  <testcase name="TestALotOfAdding" classname="LocalCMCTests" time="0.001"/>
  <testcase name="TestALotOfAdding" classname="LocalCMCTests" time="0.002"/>
  <testcase name="TestALotOfAdding" classname="LocalCMCTests" time="0.0"/>
  <testcase name="TestALotOfAdding" classname="LocalCMCTests" time="0.0"/>
  <testcase name="TestALotOfAdding" classname="LocalCMCTests" time="0.001"/>
  <testcase name="TestALotOfAdding" classname="LocalCMCTests" time="0.0"/>
  <testcase name="TestALotOfAdding" classname="LocalCMCTests" time="0.0"/>
  <testcase name="TestALotOfAdding" classname="LocalCMCTests" time="0.001"/>
  <testcase name="TestALotOfAdding" classname="LocalCMCTests" time="0.0"/>
  <testcase name="TestALotOfAdding" classname="LocalCMCTests" time="0.001"/>
  <testcase name="TestALotOfAdding" classname="LocalCMCTests" time="0.001"/>
  <testcase name="TestALotOfAdding" classname="LocalCMCTests" time="0.0"/>
  <testcase name="TestALotOfAdding" classname="LocalCMCTests" time="0.0"/>
  <testcase name="TestALotOfAdding" classname="LocalCMCTests" time="0.001"/>
  <testcase name="TestALotOfAdding" classname="LocalCMCTests" time="0.0"/>
  <testcase name="TestALotOfAdding" classname="LocalCMCTests" time="0.0"/>
  <testcase name="TestALotOfAdding" classname="LocalCMCTests" time="0.0"/>
  <testcase name="TestALotOfAdding" classname="LocalCMCTests" time="0.0"/>
  <testcase name="TestALotOfAdding" classname="LocalCMCTests" time="0.0"/>
  <testcase name="TestALotOfAdding" classname="LocalCMCTests" time="0.0"/>
  <testcase name="TestALotOfAdding" classname="LocalCMCTests" time="0.001"/>
  <testcase name="TestALotOfAdding" classname="LocalCMCTests" time="0.002"/>
  <testcase name="TestALotOfAdding" classname="LocalCMCTests" time="0.002"/>
  <testcase name="TestALotOfAdding" classname="LocalCMCTests" time="0.002"/>
  <testcase name="TestALotOfAdding" classname="LocalCMCTests" time="0.001"/>
  <testcase name="TestALotOfAdding" classname="LocalCMCTests" time="0.0"/>
  <testcase name="TestALotOfAdding" classname="LocalCMCTests" time="0.0"/>
  <testcase name="TestALotOfAdding" classname="LocalCMCTests" time="0.001"/>
  <testcase name="TestALotOfAdding" classname="LocalCMCTests" time="0.0"/>
  <testcase name="TestALotOfAdding" classname="LocalCMCTests" time="0.0"/>
  <testcase name="TestALotOfAdding" classname="LocalCMCTests" time="0.0"/>
  <testcase name="TestALotOfAdding" classname="LocalCMCTests" time="0.0"/>
  <testcase name="TestALotOfAdding" classname="LocalCMCTests" time="0.001"/>
  <testcase name="TestALotOfAdding" classname="LocalCMCTests" time="0.001"/>
  <testcase name="TestALotOfAdding" classname="LocalCMCTests" time="0.002"/>
  <testcase name="TestALotOfAdding" classname="LocalCMCTests" time="0.001"/>
  <testcase name="TestALotOfAdding" classname="LocalCMCTests" time="0.0"/>
  <testcase name="TestALotOfAdding" classname="LocalCMCTests" time="0.001"/>
  <testcase name="TestALotOfAdding" classname="LocalCMCTests" time="0.002"/>
  <testcase name="TestALotOfAdding" classname="LocalCMCTests" time="0.001"/>
  <testcase name="TestALotOfAdding" classname="LocalCMCTests" time="0.001"/>
  <testcase name="TestALotOfAdding" classname="LocalCMCTests" time="0.001"/>
  <testcase name="TestALotOfAdding" classname="LocalCMCTests" time="0.001"/>
  <testcase name="TestALotOfAdding" classname="LocalCMCTests" time="0.0"/>
  <testcase name="TestALotOfAdding" classname="LocalCMCTests" time="0.0"/>
  <testcase name="TestALotOfAdding" classname="LocalCMCTests" time="0.0"/>
  <testcase name="TestALotOfAdding" classname="LocalCMCTests" time="0.0"/>
  <testcase name="TestALotOfAdding" classname="LocalCMCTests" time="0.0"/>
  <testcase name="TestALotOfAdding" classname="LocalCMCTests" time="0.001"/>
  <testcase name="TestALotOfAdding" classname="LocalCMCTests" time="0.0"/>
  <testcase name="TestALotOfAdding" classname="LocalCMCTests" time="0.001"/>
  <testcase name="TestALotOfAdding" classname="LocalCMCTests" time="0.001"/>
  <testcase name="TestALotOfAdding" classname="LocalCMCTests" time="0.0"/>
  <testcase name="TestALotOfAdding" classname="LocalCMCTests" time="0.001"/>
  <testcase name="TestALotOfAdding" classname="LocalCMCTests" time="0.001"/>
  <testcase name="TestALotOfAdding" classname="LocalCMCTests" time="0.001"/>
  <testcase name="TestALotOfAdding" classname="LocalCMCTests" time="0.0"/>
  <testcase name="TestALotOfAdding" classname="LocalCMCTests" time="0.001"/>
  <testcase name="TestALotOfAdding" classname="LocalCMCTests" time="0.001"/>
  <testcase name="TestALotOfAdding" classname="LocalCMCTests" time="0.0"/>
  <testcase name="TestALotOfAdding" classname="LocalCMCTests" time="0.002"/>
  <testcase name="TestALotOfAdding" classname="LocalCMCTests" time="0.0"/>
  <testcase name="TestALotOfAdding" classname="LocalCMCTests" time="0.0"/>
  <testcase name="TestALotOfAdding" classname="LocalCMCTests" time="0.0"/>
  <testcase name="TestALotOfAdding" classname="LocalCMCTests" time="0.0"/>
  <testcase name="TestALotOfAdding" classname="LocalCMCTests" time="0.0"/>
  <testcase name="TestALotOfAdding" classname="LocalCMCTests" time="0.0"/>
  <testcase name="TestALotOfAdding" classname="LocalCMCTests" time="0.0"/>
  <testcase name="TestALotOfAdding" classname="LocalCMCTests" time="0.001"/>
  <testcase name="TestALotOfAdding" classname="LocalCMCTests" time="0.003"/>
  <testcase name="TestALotOfAdding" classname="LocalCMCTests" time="0.001"/>
  <testcase name="TestALotOfAdding" classname="LocalCMCTests" time="0.001"/>
  <testcase name="TestALotOfAdding" classname="LocalCMCTests" time="0.0"/>
  <testcase name="TestALotOfAdding" classname="LocalCMCTests" time="0.001"/>
  <testcase name="TestALotOfAdding" classname="LocalCMCTests" time="0.0"/>
  <testcase name="TestALotOfAdding" classname="LocalCMCTests" time="0.001"/>
  <testcase name="TestALotOfAdding" classname="LocalCMCTests" time="0.001"/>
  <testcase name="TestALotOfAdding" classname="LocalCMCTests" time="0.001"/>
  <testcase name="TestALotOfAdding" classname="LocalCMCTests" time="0.002"/>
  <testcase name="TestALotOfAdding" classname="LocalCMCTests" time="0.001"/>
  <testcase name="TestALotOfAdding" classname="LocalCMCTests" time="0.001"/>
  <testcase name="TestALotOfAdding" classname="LocalCMCTests" time="0.001"/>
  <testcase name="TestALotOfAdding" classname="LocalCMCTests" time="0.0"/>
  <testcase name="TestALotOfAdding" classname="LocalCMCTests" time="0.001"/>
  <testcase name="TestALotOfAdding" classname="LocalCMCTests" time="0.0"/>
  <testcase name="TestALotOfAdding" classname="LocalCMCTests" time="0.0"/>
  <testcase name="TestALotOfAdding" classname="LocalCMCTests" time="0.001"/>
  <testcase name="TestALotOfAdding" classname="LocalCMCTests" time="0.0"/>
  <testcase name="TestALotOfAdding" classname="LocalCMCTests" time="0.001"/>
  <testcase name="TestALotOfAdding" classname="LocalCMCTests" time="0.002"/>
  <testcase name="TestALotOfAdding" classname="LocalCMCTests" time="0.0"/>
  <testcase name="TestALotOfAdding" classname="LocalCMCTests" time="0.0"/>
  <testcase name="TestALotOfAdding" classname="LocalCMCTests" time="0.002"/>
  <testcase name="TestALotOfAdding" classname="LocalCMCTests" time="0.0"/>
  <testcase name="TestALotOfAdding" classname="LocalCMCTests" time="0.003"/>
  <testcase name="TestALotOfAdding" classname="LocalCMCTests" time="0.0"/>
  <testcase name="TestALotOfAdding" classname="LocalCMCTests" time="0.0"/>
  <testcase name="TestALotOfAdding" classname="LocalCMCTests" time="0.0"/>
  <testcase name="TestALotOfAdding" classname="LocalCMCTests" time="0.0"/>
  <testcase name="TestALotOfAdding" classname="LocalCMCTests" time="0.0"/>
  <testcase name="TestALotOfAdding" classname="LocalCMCTests" time="0.0"/>
  <testcase name="TestALotOfAdding" classname="LocalCMCTests" time="0.001"/>
  <testcase name="TestALotOfAdding" classname="LocalCMCTests" time="0.001"/>
  <testcase name="TestALotOfAdding" classname="LocalCMCTests" time="0.002"/>
  <testcase name="TestALotOfAdding" classname="LocalCMCTests" time="0.0"/>
  <testcase name="TestALotOfAdding" classname="LocalCMCTests" time="0.001"/>
  <testcase name="TestALotOfAdding" classname="LocalCMCTests" time="0.002"/>
  <testcase name="TestALotOfAdding" classname="LocalCMCTests" time="0.0"/>
  <testcase name="TestALotOfAdding" classname="LocalCMCTests" time="0.0"/>
  <testcase name="TestALotOfAdding" classname="LocalCMCTests" time="0.0"/>
  <testcase name="TestALotOfAdding" classname="LocalCMCTests" time="0.0"/>
  <testcase name="TestALotOfAdding" classname="LocalCMCTests" time="0.001"/>
  <testcase name="TestALotOfAdding" classname="LocalCMCTests" time="0.001"/>
  <testcase name="TestALotOfAdding" classname="LocalCMCTests" time="0.001"/>
  <testcase name="TestALotOfAdding" classname="LocalCMCTests" time="0.001"/>
  <testcase name="TestALotOfAdding" classname="LocalCMCTests" time="0.0"/>
  <testcase name="TestALotOfAdding" classname="LocalCMCTests" time="0.001"/>
  <testcase name="TestALotOfAdding" classname="LocalCMCTests" time="0.0"/>
  <testcase name="TestALotOfAdding" classname="LocalCMCTests" time="0.001"/>
  <testcase name="TestALotOfAdding" classname="LocalCMCTests" time="0.0"/>
  <testcase name="TestALotOfAdding" classname="LocalCMCTests" time="0.001"/>
  <testcase name="TestALotOfAdding" classname="LocalCMCTests" time="0.001"/>
  <testcase name="TestALotOfAdding" classname="LocalCMCTests" time="0.001"/>
  <testcase name="TestALotOfAdding" classname="LocalCMCTests" time="0.0"/>
  <testcase name="TestALotOfAdding" classname="LocalCMCTests" time="0.0"/>
  <testcase name="TestALotOfAdding" classname="LocalCMCTests" time="0.0"/>
  <testcase name="TestALotOfAdding" classname="LocalCMCTests" time="0.001"/>
  <testcase name="TestALotOfAdding" classname="LocalCMCTests" time="0.0"/>
  <testcase name="TestALotOfAdding" classname="LocalCMCTests" time="0.001"/>
  <testcase name="TestALotOfAdding" classname="LocalCMCTests" time="0.001"/>
  <testcase name="TestALotOfAdding" classname="LocalCMCTests" time="0.0"/>
  <testcase name="TestALotOfAdding" classname="LocalCMCTests" time="0.001"/>
  <testcase name="TestALotOfAdding" classname="LocalCMCTests" time="0.0"/>
  <testcase name="TestALotOfAdding" classname="LocalCMCTests" time="0.0"/>
  <testcase name="TestALotOfAdding" classname="LocalCMCTests" time="0.0"/>
  <testcase name="TestALotOfAdding" classname="LocalCMCTests" time="0.002"/>
  <testcase name="TestALotOfAdding" classname="LocalCMCTests" time="0.001"/>
  <testcase name="TestALotOfAdding" classname="LocalCMCTests" time="0.001"/>
  <testcase name="TestALotOfAdding" classname="LocalCMCTests" time="0.001"/>
  <testcase name="TestALotOfAdding" classname="LocalCMCTests" time="0.001"/>
  <testcase name="TestALotOfAdding" classname="LocalCMCTests" time="0.001"/>
  <testcase name="TestALotOfAdding" classname="LocalCMCTests" time="0.001"/>
  <testcase name="TestALotOfAdding" classname="LocalCMCTests" time="0.0"/>
  <testcase name="TestALotOfAdding" classname="LocalCMCTests" time="0.0"/>
  <testcase name="TestALotOfAdding" classname="LocalCMCTests" time="0.0"/>
  <testcase name="TestALotOfAdding" classname="LocalCMCTests" time="0.0"/>
  <testcase name="TestALotOfAdding" classname="LocalCMCTests" time="0.0"/>
  <testcase name="TestALotOfAdding" classname="LocalCMCTests" time="0.0"/>
  <testcase name="TestALotOfAdding" classname="LocalCMCTests" time="0.0"/>
  <testcase name="TestALotOfAdding" classname="LocalCMCTests" time="0.001"/>
  <testcase name="TestALotOfAdding" classname="LocalCMCTests" time="0.001"/>
  <testcase name="TestALotOfAdding" classname="LocalCMCTests" time="0.0"/>
  <testcase name="TestALotOfAdding" classname="LocalCMCTests" time="0.001"/>
  <testcase name="TestALotOfAdding" classname="LocalCMCTests" time="0.001"/>
  <testcase name="TestALotOfAdding" classname="LocalCMCTests" time="0.001"/>
  <testcase name="TestALotOfAdding" classname="LocalCMCTests" time="0.001"/>
  <testcase name="TestALotOfAdding" classname="LocalCMCTests" time="0.001"/>
  <testcase name="TestALotOfAdding" classname="LocalCMCTests" time="0.001"/>
  <testcase name="TestALotOfAdding" classname="LocalCMCTests" time="0.0"/>
  <testcase name="TestALotOfAdding" classname="LocalCMCTests" time="0.001"/>
  <testcase name="TestALotOfAdding" classname="LocalCMCTests" time="0.001"/>
  <testcase name="TestALotOfAdding" classname="LocalCMCTests" time="0.0"/>
  <testcase name="TestALotOfAdding" classname="LocalCMCTests" time="0.0"/>
  <testcase name="TestALotOfAdding" classname="LocalCMCTests" time="0.0"/>
  <testcase name="TestALotOfAdding" classname="LocalCMCTests" time="0.0"/>
  <testcase name="TestALotOfAdding" classname="LocalCMCTests" time="0.001"/>
  <testcase name="TestALotOfAdding" classname="LocalCMCTests" time="0.002"/>
  <testcase name="TestALotOfAdding" classname="LocalCMCTests" time="0.0"/>
  <testcase name="TestALotOfAdding" classname="LocalCMCTests" time="0.001"/>
  <testcase name="TestALotOfAdding" classname="LocalCMCTests" time="0.001"/>
  <testcase name="TestALotOfAdding" classname="LocalCMCTests" time="0.0"/>
  <testcase name="TestALotOfAdding" classname="LocalCMCTests" time="0.001"/>
  <testcase name="TestALotOfAdding" classname="LocalCMCTests" time="0.001"/>
  <testcase name="TestALotOfAdding" classname="LocalCMCTests" time="0.0"/>
  <testcase name="TestALotOfAdding" classname="LocalCMCTests" time="0.001"/>
  <testcase name="TestALotOfAdding" classname="LocalCMCTests" time="0.001"/>
  <testcase name="TestALotOfAdding" classname="LocalCMCTests" time="0.001"/>
  <testcase name="TestALotOfAdding" classname="LocalCMCTests" time="0.0"/>
  <testcase name="TestALotOfAdding" classname="LocalCMCTests" time="0.001"/>
  <testcase name="TestALotOfAdding" classname="LocalCMCTests" time="0.0"/>
  <testcase name="TestALotOfAdding" classname="LocalCMCTests" time="0.001"/>
  <testcase name="TestALotOfAdding" classname="LocalCMCTests" time="0.0"/>
  <testcase name="TestALotOfAdding" classname="LocalCMCTests" time="0.0"/>
  <testcase name="TestALotOfAdding" classname="LocalCMCTests" time="0.0"/>
  <testcase name="TestALotOfAdding" classname="LocalCMCTests" time="0.0"/>
  <testcase name="TestALotOfAdding" classname="LocalCMCTests" time="0.0"/>
  <testcase name="TestALotOfAdding" classname="LocalCMCTests" time="0.001"/>
  <testcase name="TestALotOfAdding" classname="LocalCMCTests" time="0.0"/>
  <testcase name="TestALotOfAdding" classname="LocalCMCTests" time="0.002"/>
  <testcase name="TestALotOfAdding" classname="LocalCMCTests" time="0.0"/>
  <testcase name="TestALotOfAdding" classname="LocalCMCTests" time="0.001"/>
  <testcase name="TestALotOfAdding" classname="LocalCMCTests" time="0.001"/>
  <testcase name="TestALotOfAdding" classname="LocalCMCTests" time="0.001"/>
  <testcase name="TestALotOfAdding" classname="LocalCMCTests" time="0.0"/>
  <testcase name="TestALotOfAdding" classname="LocalCMCTests" time="0.001"/>
  <testcase name="TestALotOfAdding" classname="LocalCMCTests" time="0.001"/>
  <testcase name="TestALotOfAdding" classname="LocalCMCTests" time="0.0"/>
  <testcase name="TestALotOfAdding" classname="LocalCMCTests" time="0.001"/>
  <testcase name="TestALotOfAdding" classname="LocalCMCTests" time="0.001"/>
  <testcase name="TestALotOfAdding" classname="LocalCMCTests" time="0.001"/>
  <testcase name="TestALotOfAdding" classname="LocalCMCTests" time="0.0"/>
  <testcase name="TestALotOfAdding" classname="LocalCMCTests" time="0.001"/>
  <testcase name="TestALotOfAdding" classname="LocalCMCTests" time="0.001"/>
  <testcase name="TestALotOfAdding" classname="LocalCMCTests" time="0.001"/>
  <testcase name="TestALotOfAdding" classname="LocalCMCTests" time="0.001"/>
  <testcase name="TestALotOfAdding" classname="LocalCMCTests" time="0.001"/>
  <testcase name="TestALotOfAdding" classname="LocalCMCTests" time="0.001"/>
  <testcase name="TestALotOfAdding" classname="LocalCMCTests" time="0.001"/>
  <testcase name="TestALotOfAdding" classname="LocalCMCTests" time="0.0"/>
  <testcase name="TestALotOfAdding" classname="LocalCMCTests" time="0.0"/>
  <testcase name="TestALotOfAdding" classname="LocalCMCTests" time="0.0"/>
  <testcase name="TestALotOfAdding" classname="LocalCMCTests" time="0.0"/>
  <testcase name="TestALotOfAdding" classname="LocalCMCTests" time="0.0"/>
  <testcase name="TestALotOfAdding" classname="LocalCMCTests" time="0.0"/>
  <testcase name="TestALotOfAdding" classname="LocalCMCTests" time="0.0"/>
  <testcase name="TestALotOfAdding" classname="LocalCMCTests" time="0.001"/>
  <testcase name="TestALotOfAdding" classname="LocalCMCTests" time="0.001"/>
  <testcase name="TestALotOfAdding" classname="LocalCMCTests" time="0.002"/>
  <testcase name="TestALotOfAdding" classname="LocalCMCTests" time="0.001"/>
  <testcase name="TestALotOfAdding" classname="LocalCMCTests" time="0.001"/>
  <testcase name="TestALotOfAdding" classname="LocalCMCTests" time="0.0"/>
  <testcase name="TestALotOfAdding" classname="LocalCMCTests" time="0.001"/>
  <testcase name="TestALotOfAdding" classname="LocalCMCTests" time="0.0"/>
  <testcase name="TestALotOfAdding" classname="LocalCMCTests" time="0.001"/>
  <testcase name="TestALotOfAdding" classname="LocalCMCTests" time="0.0"/>
  <testcase name="TestALotOfAdding" classname="LocalCMCTests" time="0.001"/>
  <testcase name="TestALotOfAdding" classname="LocalCMCTests" time="0.0"/>
  <testcase name="TestALotOfAdding" classname="LocalCMCTests" time="0.0"/>
  <testcase name="TestALotOfAdding" classname="LocalCMCTests" time="0.001"/>
  <testcase name="TestALotOfAdding" classname="LocalCMCTests" time="0.001"/>
  <testcase name="TestALotOfAdding" classname="LocalCMCTests" time="0.0"/>
  <testcase name="TestALotOfAdding" classname="LocalCMCTests" time="0.0"/>
  <testcase name="TestALotOfAdding" classname="LocalCMCTests" time="0.001"/>
  <testcase name="TestALotOfAdding" classname="LocalCMCTests" time="0.001"/>
  <testcase name="TestALotOfAdding" classname="LocalCMCTests" time="0.001"/>
  <testcase name="TestALotOfAdding" classname="LocalCMCTests" time="0.001"/>
  <testcase name="TestALotOfAdding" classname="LocalCMCTests" time="0.0"/>
  <testcase name="TestALotOfAdding" classname="LocalCMCTests" time="0.001"/>
  <testcase name="TestALotOfAdding" classname="LocalCMCTests" time="0.001"/>
  <testcase name="TestALotOfAdding" classname="LocalCMCTests" time="0.0"/>
  <testcase name="TestALotOfAdding" classname="LocalCMCTests" time="0.001"/>
  <testcase name="TestALotOfAdding" classname="LocalCMCTests" time="0.0"/>
  <testcase name="TestALotOfAdding" classname="LocalCMCTests" time="0.002"/>
  <testcase name="TestALotOfAdding" classname="LocalCMCTests" time="0.0"/>
  <testcase name="TestALotOfAdding" classname="LocalCMCTests" time="0.001"/>
  <testcase name="TestALotOfAdding" classname="LocalCMCTests" time="0.0"/>
  <testcase name="TestALotOfAdding" classname="LocalCMCTests" time="0.0"/>
  <testcase name="TestALotOfAdding" classname="LocalCMCTests" time="0.0"/>
  <testcase name="TestALotOfAdding" classname="LocalCMCTests" time="0.001"/>
  <testcase name="TestALotOfAdding" classname="LocalCMCTests" time="0.002"/>
  <testcase name="TestALotOfAdding" classname="LocalCMCTests" time="0.001"/>
  <testcase name="TestALotOfAdding" classname="LocalCMCTests" time="0.001"/>
  <testcase name="TestALotOfAdding" classname="LocalCMCTests" time="0.0"/>
  <testcase name="TestALotOfAdding" classname="LocalCMCTests" time="0.001"/>
  <testcase name="TestALotOfAdding" classname="LocalCMCTests" time="0.001"/>
  <testcase name="TestALotOfAdding" classname="LocalCMCTests" time="0.001"/>
  <testcase name="TestALotOfAdding" classname="LocalCMCTests" time="0.001"/>
  <testcase name="TestALotOfAdding" classname="LocalCMCTests" time="0.001"/>
  <testcase name="TestALotOfAdding" classname="LocalCMCTests" time="0.0"/>
  <testcase name="TestALotOfAdding" classname="LocalCMCTests" time="0.0"/>
  <testcase name="TestALotOfAdding" classname="LocalCMCTests" time="0.0"/>
  <testcase name="TestALotOfAdding" classname="LocalCMCTests" time="0.0"/>
  <testcase name="TestALotOfAdding" classname="LocalCMCTests" time="0.0"/>
  <testcase name="TestALotOfAdding" classname="LocalCMCTests" time="0.0"/>
  <testcase name="TestALotOfAdding" classname="LocalCMCTests" time="0.001"/>
  <testcase name="TestALotOfAdding" classname="LocalCMCTests" time="0.0"/>
  <testcase name="TestALotOfAdding" classname="LocalCMCTests" time="0.001"/>
  <testcase name="TestALotOfAdding" classname="LocalCMCTests" time="0.001"/>
  <testcase name="TestALotOfAdding" classname="LocalCMCTests" time="0.0"/>
  <testcase name="TestALotOfAdding" classname="LocalCMCTests" time="0.0"/>
  <testcase name="TestALotOfAdding" classname="LocalCMCTests" time="0.001"/>
  <testcase name="TestALotOfAdding" classname="LocalCMCTests" time="0.001"/>
  <testcase name="TestALotOfAdding" classname="LocalCMCTests" time="0.001"/>
  <testcase name="TestALotOfAdding" classname="LocalCMCTests" time="0.001"/>
  <testcase name="TestALotOfAdding" classname="LocalCMCTests" time="0.001"/>
  <testcase name="TestALotOfAdding" classname="LocalCMCTests" time="0.0"/>
  <testcase name="TestALotOfAdding" classname="LocalCMCTests" time="0.0"/>
  <testcase name="TestALotOfAdding" classname="LocalCMCTests" time="0.001"/>
  <testcase name="TestALotOfAdding" classname="LocalCMCTests" time="0.0"/>
  <testcase name="TestALotOfAdding" classname="LocalCMCTests" time="0.0"/>
  <testcase name="TestALotOfAdding" classname="LocalCMCTests" time="0.0"/>
  <testcase name="TestALotOfAdding" classname="LocalCMCTests" time="0.0"/>
  <testcase name="TestALotOfAdding" classname="LocalCMCTests" time="0.001"/>
  <testcase name="TestALotOfAdding" classname="LocalCMCTests" time="0.002"/>
  <testcase name="TestALotOfAdding" classname="LocalCMCTests" time="0.002"/>
  <testcase name="TestALotOfAdding" classname="LocalCMCTests" time="0.001"/>
  <testcase name="TestALotOfAdding" classname="LocalCMCTests" time="0.0"/>
  <testcase name="TestALotOfAdding" classname="LocalCMCTests" time="0.0"/>
  <testcase name="TestALotOfAdding" classname="LocalCMCTests" time="0.001"/>
  <testcase name="TestALotOfAdding" classname="LocalCMCTests" time="0.0"/>
  <testcase name="TestALotOfAdding" classname="LocalCMCTests" time="0.001"/>
  <testcase name="TestALotOfAdding" classname="LocalCMCTests" time="0.001"/>
  <testcase name="TestALotOfAdding" classname="LocalCMCTests" time="0.001"/>
  <testcase name="TestALotOfAdding" classname="LocalCMCTests" time="0.0"/>
  <testcase name="TestALotOfAdding" classname="LocalCMCTests" time="0.001"/>
  <testcase name="TestALotOfAdding" classname="LocalCMCTests" time="0.001"/>
  <testcase name="TestALotOfAdding" classname="LocalCMCTests" time="0.0"/>
  <testcase name="TestALotOfAdding" classname="LocalCMCTests" time="0.0"/>
  <testcase name="TestALotOfAdding" classname="LocalCMCTests" time="0.0"/>
  <testcase name="TestALotOfAdding" classname="LocalCMCTests" time="0.0"/>
  <testcase name="TestALotOfAdding" classname="LocalCMCTests" time="0.0"/>
  <testcase name="TestALotOfAdding" classname="LocalCMCTests" time="0.001"/>
  <testcase name="TestALotOfAdding" classname="LocalCMCTests" time="0.001"/>
  <testcase name="TestALotOfAdding" classname="LocalCMCTests" time="0.001"/>
  <testcase name="TestALotOfAdding" classname="LocalCMCTests" time="0.001"/>
  <testcase name="TestALotOfAdding" classname="LocalCMCTests" time="0.0"/>
  <testcase name="TestALotOfAdding" classname="LocalCMCTests" time="0.0"/>
  <testcase name="TestALotOfAdding" classname="LocalCMCTests" time="0.0"/>
  <testcase name="TestALotOfAdding" classname="LocalCMCTests" time="0.0"/>
  <testcase name="TestALotOfAdding" classname="LocalCMCTests" time="0.001"/>
  <testcase name="TestALotOfAdding" classname="LocalCMCTests" time="0.0"/>
  <testcase name="TestALotOfAdding" classname="LocalCMCTests" time="0.001"/>
  <testcase name="TestALotOfAdding" classname="LocalCMCTests" time="0.0"/>
  <testcase name="TestALotOfAdding" classname="LocalCMCTests" time="0.0"/>
  <testcase name="TestALotOfAdding" classname="LocalCMCTests" time="0.0"/>
  <testcase name="TestALotOfAdding" classname="LocalCMCTests" time="0.0"/>
  <testcase name="TestALotOfAdding" classname="LocalCMCTests" time="0.001"/>
  <testcase name="TestALotOfAdding" classname="LocalCMCTests" time="0.001"/>
  <testcase name="TestALotOfAdding" classname="LocalCMCTests" time="0.001"/>
  <testcase name="TestALotOfAdding" classname="LocalCMCTests" time="0.0"/>
  <testcase name="TestALotOfAdding" classname="LocalCMCTests" time="0.0"/>
  <testcase name="TestALotOfAdding" classname="LocalCMCTests" time="0.0"/>
  <testcase name="TestALotOfAdding" classname="LocalCMCTests" time="0.001"/>
  <testcase name="TestALotOfAdding" classname="LocalCMCTests" time="0.001"/>
  <testcase name="TestALotOfAdding" classname="LocalCMCTests" time="0.002"/>
  <testcase name="TestALotOfAdding" classname="LocalCMCTests" time="0.002"/>
  <testcase name="TestALotOfAdding" classname="LocalCMCTests" time="0.001"/>
  <testcase name="TestALotOfAdding" classname="LocalCMCTests" time="0.0"/>
  <testcase name="TestALotOfAdding" classname="LocalCMCTests" time="0.0"/>
  <testcase name="TestALotOfAdding" classname="LocalCMCTests" time="0.0"/>
  <testcase name="TestALotOfAdding" classname="LocalCMCTests" time="0.0"/>
  <testcase name="TestALotOfAdding" classname="LocalCMCTests" time="0.0"/>
  <testcase name="TestALotOfAdding" classname="LocalCMCTests" time="0.0"/>
  <testcase name="TestALotOfAdding" classname="LocalCMCTests" time="0.001"/>
  <testcase name="TestALotOfAdding" classname="LocalCMCTests" time="0.001"/>
  <testcase name="TestALotOfAdding" classname="LocalCMCTests" time="0.001"/>
  <testcase name="TestALotOfAdding" classname="LocalCMCTests" time="0.002"/>
  <testcase name="TestALotOfAdding" classname="LocalCMCTests" time="0.0"/>
  <testcase name="TestALotOfAdding" classname="LocalCMCTests" time="0.0"/>
  <testcase name="TestALotOfAdding" classname="LocalCMCTests" time="0.0"/>
  <testcase name="TestALotOfAdding" classname="LocalCMCTests" time="0.0"/>
  <testcase name="TestALotOfAdding" classname="LocalCMCTests" time="0.001"/>
  <testcase name="TestALotOfAdding" classname="LocalCMCTests" time="0.001"/>
  <testcase name="TestALotOfAdding" classname="LocalCMCTests" time="0.001"/>
  <testcase name="TestALotOfAdding" classname="LocalCMCTests" time="0.001"/>
  <testcase name="TestALotOfAdding" classname="LocalCMCTests" time="0.002"/>
  <testcase name="TestALotOfAdding" classname="LocalCMCTests" time="0.0"/>
  <testcase name="TestALotOfAdding" classname="LocalCMCTests" time="0.001"/>
  <testcase name="TestALotOfAdding" classname="LocalCMCTests" time="0.001"/>
  <testcase name="TestALotOfAdding" classname="LocalCMCTests" time="0.001"/>
  <testcase name="TestALotOfAdding" classname="LocalCMCTests" time="0.001"/>
  <testcase name="TestALotOfAdding" classname="LocalCMCTests" time="0.001"/>
  <testcase name="TestALotOfAdding" classname="LocalCMCTests" time="0.001"/>
  <testcase name="TestALotOfAdding" classname="LocalCMCTests" time="0.0"/>
  <testcase name="TestALotOfAdding" classname="LocalCMCTests" time="0.001"/>
  <testcase name="TestALotOfAdding" classname="LocalCMCTests" time="0.0"/>
  <testcase name="TestALotOfAdding" classname="LocalCMCTests" time="0.001"/>
  <testcase name="TestALotOfAdding" classname="LocalCMCTests" time="0.001"/>
  <testcase name="TestALotOfAdding" classname="LocalCMCTests" time="0.0"/>
  <testcase name="TestALotOfAdding" classname="LocalCMCTests" time="0.0"/>
  <testcase name="TestALotOfAdding" classname="LocalCMCTests" time="0.0"/>
  <testcase name="TestALotOfAdding" classname="LocalCMCTests" time="0.0"/>
  <testcase name="TestALotOfAdding" classname="LocalCMCTests" time="0.003"/>
  <testcase name="TestALotOfAdding" classname="LocalCMCTests" time="0.001"/>
  <testcase name="TestALotOfAdding" classname="LocalCMCTests" time="0.001"/>
  <testcase name="TestALotOfAdding" classname="LocalCMCTests" time="0.0"/>
  <testcase name="TestALotOfAdding" classname="LocalCMCTests" time="0.0"/>
  <testcase name="TestALotOfAdding" classname="LocalCMCTests" time="0.0"/>
  <testcase name="TestALotOfAdding" classname="LocalCMCTests" time="0.001"/>
  <testcase name="TestALotOfAdding" classname="LocalCMCTests" time="0.001"/>
  <testcase name="TestALotOfAdding" classname="LocalCMCTests" time="0.001"/>
  <testcase name="TestALotOfAdding" classname="LocalCMCTests" time="0.0"/>
  <testcase name="TestALotOfAdding" classname="LocalCMCTests" time="0.001"/>
  <testcase name="TestALotOfAdding" classname="LocalCMCTests" time="0.001"/>
  <testcase name="TestALotOfAdding" classname="LocalCMCTests" time="0.0"/>
  <testcase name="TestALotOfAdding" classname="LocalCMCTests" time="0.0"/>
  <testcase name="TestALotOfAdding" classname="LocalCMCTests" time="0.001"/>
  <testcase name="TestALotOfAdding" classname="LocalCMCTests" time="0.0"/>
  <testcase name="TestALotOfAdding" classname="LocalCMCTests" time="0.0"/>
  <testcase name="TestALotOfAdding" classname="LocalCMCTests" time="0.001"/>
  <testcase name="TestALotOfAdding" classname="LocalCMCTests" time="0.001"/>
  <testcase name="TestALotOfAdding" classname="LocalCMCTests" time="0.0"/>
  <testcase name="TestALotOfAdding" classname="LocalCMCTests" time="0.001"/>
  <testcase name="TestALotOfAdding" classname="LocalCMCTests" time="0.001"/>
  <testcase name="TestALotOfAdding" classname="LocalCMCTests" time="0.001"/>
  <testcase name="TestALotOfAdding" classname="LocalCMCTests" time="0.001"/>
  <testcase name="TestALotOfAdding" classname="LocalCMCTests" time="0.0"/>
  <testcase name="TestALotOfAdding" classname="LocalCMCTests" time="0.001"/>
  <testcase name="TestALotOfAdding" classname="LocalCMCTests" time="0.001"/>
  <testcase name="TestALotOfAdding" classname="LocalCMCTests" time="0.001"/>
  <testcase name="TestALotOfAdding" classname="LocalCMCTests" time="0.0"/>
  <testcase name="TestALotOfAdding" classname="LocalCMCTests" time="0.0"/>
  <testcase name="TestALotOfAdding" classname="LocalCMCTests" time="0.0"/>
  <testcase name="TestALotOfAdding" classname="LocalCMCTests" time="0.0"/>
  <testcase name="TestALotOfAdding" classname="LocalCMCTests" time="0.0"/>
  <testcase name="TestALotOfAdding" classname="LocalCMCTests" time="0.0"/>
  <testcase name="TestALotOfAdding" classname="LocalCMCTests" time="0.001"/>
  <testcase name="TestALotOfAdding" classname="LocalCMCTests" time="0.001"/>
  <testcase name="TestALotOfAdding" classname="LocalCMCTests" time="0.001"/>
  <testcase name="TestALotOfAdding" classname="LocalCMCTests" time="0.001"/>
  <testcase name="TestALotOfAdding" classname="LocalCMCTests" time="0.0"/>
  <testcase name="TestALotOfAdding" classname="LocalCMCTests" time="0.001"/>
  <testcase name="TestALotOfAdding" classname="LocalCMCTests" time="0.0"/>
  <testcase name="TestALotOfAdding" classname="LocalCMCTests" time="0.0"/>
  <testcase name="TestALotOfAdding" classname="LocalCMCTests" time="0.001"/>
  <testcase name="TestALotOfAdding" classname="LocalCMCTests" time="0.001"/>
  <testcase name="TestALotOfAdding" classname="LocalCMCTests" time="0.0"/>
  <testcase name="TestALotOfAdding" classname="LocalCMCTests" time="0.001"/>
  <testcase name="TestALotOfAdding" classname="LocalCMCTests" time="0.001"/>
  <testcase name="TestALotOfAdding" classname="LocalCMCTests" time="0.001"/>
  <testcase name="TestALotOfAdding" classname="LocalCMCTests" time="0.0"/>
  <testcase name="TestALotOfAdding" classname="LocalCMCTests" time="0.0"/>
  <testcase name="TestALotOfAdding" classname="LocalCMCTests" time="0.001"/>
  <testcase name="TestALotOfAdding" classname="LocalCMCTests" time="0.0"/>
  <testcase name="TestALotOfAdding" classname="LocalCMCTests" time="0.0"/>
  <testcase name="TestALotOfAdding" classname="LocalCMCTests" time="0.0"/>
  <testcase name="TestALotOfAdding" classname="LocalCMCTests" time="0.001"/>
  <testcase name="TestALotOfAdding" classname="LocalCMCTests" time="0.0"/>
  <testcase name="TestALotOfAdding" classname="LocalCMCTests" time="0.001"/>
  <testcase name="TestALotOfAdding" classname="LocalCMCTests" time="0.001"/>
  <testcase name="TestALotOfAdding" classname="LocalCMCTests" time="0.0"/>
  <testcase name="TestALotOfAdding" classname="LocalCMCTests" time="0.0"/>
  <testcase name="TestALotOfAdding" classname="LocalCMCTests" time="0.0"/>
  <testcase name="TestALotOfAdding" classname="LocalCMCTests" time="0.001"/>
  <testcase name="TestALotOfAdding" classname="LocalCMCTests" time="0.0"/>
  <testcase name="TestALotOfAdding" classname="LocalCMCTests" time="0.0"/>
  <testcase name="TestALotOfAdding" classname="LocalCMCTests" time="0.001"/>
  <testcase name="TestALotOfAdding" classname="LocalCMCTests" time="0.001"/>
  <testcase name="TestALotOfAdding" classname="LocalCMCTests" time="0.0"/>
  <testcase name="TestALotOfAdding" classname="LocalCMCTests" time="0.0"/>
  <testcase name="TestALotOfAdding" classname="LocalCMCTests" time="0.002"/>
  <testcase name="TestALotOfAdding" classname="LocalCMCTests" time="0.002"/>
  <testcase name="TestALotOfAdding" classname="LocalCMCTests" time="0.0"/>
  <testcase name="TestALotOfAdding" classname="LocalCMCTests" time="0.0"/>
  <testcase name="TestALotOfAdding" classname="LocalCMCTests" time="0.001"/>
  <testcase name="TestALotOfAdding" classname="LocalCMCTests" time="0.0"/>
  <testcase name="TestALotOfAdding" classname="LocalCMCTests" time="0.001"/>
  <testcase name="TestALotOfAdding" classname="LocalCMCTests" time="0.001"/>
  <testcase name="TestALotOfAdding" classname="LocalCMCTests" time="0.001"/>
  <testcase name="TestALotOfAdding" classname="LocalCMCTests" time="0.001"/>
  <testcase name="TestALotOfAdding" classname="LocalCMCTests" time="0.0"/>
  <testcase name="TestALotOfAdding" classname="LocalCMCTests" time="0.002"/>
  <testcase name="TestALotOfAdding" classname="LocalCMCTests" time="0.001"/>
  <testcase name="TestALotOfAdding" classname="LocalCMCTests" time="0.0"/>
  <testcase name="TestALotOfAdding" classname="LocalCMCTests" time="0.0"/>
  <testcase name="TestALotOfAdding" classname="LocalCMCTests" time="0.0"/>
  <testcase name="TestALotOfAdding" classname="LocalCMCTests" time="0.001"/>
  <testcase name="TestALotOfAdding" classname="LocalCMCTests" time="0.001"/>
  <testcase name="TestALotOfAdding" classname="LocalCMCTests" time="0.0"/>
  <testcase name="TestALotOfAdding" classname="LocalCMCTests" time="0.001"/>
  <testcase name="TestALotOfAdding" classname="LocalCMCTests" time="0.001"/>
  <testcase name="TestALotOfAdding" classname="LocalCMCTests" time="0.0"/>
  <testcase name="TestALotOfAdding" classname="LocalCMCTests" time="0.001"/>
  <testcase name="TestALotOfAdding" classname="LocalCMCTests" time="0.001"/>
  <testcase name="TestALotOfAdding" classname="LocalCMCTests" time="0.002"/>
  <testcase name="TestALotOfAdding" classname="LocalCMCTests" time="0.0"/>
  <testcase name="TestALotOfAdding" classname="LocalCMCTests" time="0.001"/>
  <testcase name="TestALotOfAdding" classname="LocalCMCTests" time="0.003"/>
  <testcase name="TestALotOfAdding" classname="LocalCMCTests" time="0.0"/>
  <testcase name="TestALotOfAdding" classname="LocalCMCTests" time="0.003"/>
  <testcase name="TestALotOfAdding" classname="LocalCMCTests" time="0.003"/>
  <testcase name="TestALotOfAdding" classname="LocalCMCTests" time="0.003"/>
  <testcase name="TestALotOfAdding" classname="LocalCMCTests" time="0.0"/>
  <testcase name="TestALotOfAdding" classname="LocalCMCTests" time="0.003"/>
  <testcase name="TestALotOfAdding" classname="LocalCMCTests" time="0.0"/>
  <testcase name="TestALotOfAdding" classname="LocalCMCTests" time="0.0"/>
  <testcase name="TestALotOfAdding" classname="LocalCMCTests" time="0.0"/>
  <testcase name="TestALotOfAdding" classname="LocalCMCTests" time="0.0"/>
  <testcase name="TestALotOfAdding" classname="LocalCMCTests" time="0.0"/>
  <testcase name="TestALotOfAdding" classname="LocalCMCTests" time="0.002"/>
  <testcase name="TestALotOfAdding" classname="LocalCMCTests" time="0.0"/>
  <testcase name="TestALotOfAdding" classname="LocalCMCTests" time="0.003"/>
  <testcase name="TestALotOfAdding" classname="LocalCMCTests" time="0.0"/>
  <testcase name="TestALotOfAdding" classname="LocalCMCTests" time="0.003"/>
  <testcase name="TestALotOfAdding" classname="LocalCMCTests" time="0.0"/>
  <testcase name="TestALotOfAdding" classname="LocalCMCTests" time="0.0"/>
  <testcase name="TestALotOfAdding" classname="LocalCMCTests" time="0.0"/>
  <testcase name="TestALotOfAdding" classname="LocalCMCTests" time="0.0"/>
  <testcase name="TestALotOfAdding" classname="LocalCMCTests" time="0.0"/>
  <testcase name="TestALotOfAdding" classname="LocalCMCTests" time="0.001"/>
  <testcase name="TestALotOfAdding" classname="LocalCMCTests" time="0.002"/>
  <testcase name="TestALotOfAdding" classname="LocalCMCTests" time="0.002"/>
  <testcase name="TestALotOfAdding" classname="LocalCMCTests" time="0.001"/>
  <testcase name="TestALotOfAdding" classname="LocalCMCTests" time="0.001"/>
  <testcase name="TestALotOfAdding" classname="LocalCMCTests" time="0.001"/>
  <testcase name="TestALotOfAdding" classname="LocalCMCTests" time="0.0"/>
  <testcase name="TestALotOfAdding" classname="LocalCMCTests" time="0.003"/>
  <testcase name="TestALotOfAdding" classname="LocalCMCTests" time="0.001"/>
  <testcase name="TestALotOfAdding" classname="LocalCMCTests" time="0.0"/>
  <testcase name="TestALotOfAdding" classname="LocalCMCTests" time="0.0"/>
  <testcase name="TestALotOfAdding" classname="LocalCMCTests" time="0.001"/>
  <testcase name="TestALotOfAdding" classname="LocalCMCTests" time="0.0"/>
  <testcase name="TestALotOfAdding" classname="LocalCMCTests" time="0.0"/>
  <testcase name="TestALotOfAdding" classname="LocalCMCTests" time="0.0"/>
  <testcase name="TestALotOfAdding" classname="LocalCMCTests" time="0.0"/>
  <testcase name="TestALotOfAdding" classname="LocalCMCTests" time="0.002"/>
  <testcase name="TestALotOfAdding" classname="LocalCMCTests" time="0.001"/>
  <testcase name="TestALotOfAdding" classname="LocalCMCTests" time="0.001"/>
  <testcase name="TestALotOfAdding" classname="LocalCMCTests" time="0.001"/>
  <testcase name="TestALotOfAdding" classname="LocalCMCTests" time="0.001"/>
  <testcase name="TestALotOfAdding" classname="LocalCMCTests" time="0.001"/>
  <testcase name="TestALotOfAdding" classname="LocalCMCTests" time="0.001"/>
  <testcase name="TestALotOfAdding" classname="LocalCMCTests" time="0.0"/>
  <testcase name="TestALotOfAdding" classname="LocalCMCTests" time="0.002"/>
  <testcase name="TestALotOfAdding" classname="LocalCMCTests" time="0.0"/>
  <testcase name="TestALotOfAdding" classname="LocalCMCTests" time="0.0"/>
  <testcase name="TestALotOfAdding" classname="LocalCMCTests" time="0.0"/>
  <testcase name="TestALotOfAdding" classname="LocalCMCTests" time="0.0"/>
  <testcase name="TestALotOfAdding" classname="LocalCMCTests" time="0.001"/>
  <testcase name="TestALotOfAdding" classname="LocalCMCTests" time="0.0"/>
  <testcase name="TestALotOfAdding" classname="LocalCMCTests" time="0.0"/>
  <testcase name="TestALotOfAdding" classname="LocalCMCTests" time="0.0"/>
  <testcase name="TestALotOfAdding" classname="LocalCMCTests" time="0.001"/>
  <testcase name="TestALotOfAdding" classname="LocalCMCTests" time="0.001"/>
  <testcase name="TestALotOfAdding" classname="LocalCMCTests" time="0.0"/>
  <testcase name="TestALotOfAdding" classname="LocalCMCTests" time="0.001"/>
  <testcase name="TestALotOfAdding" classname="LocalCMCTests" time="0.0"/>
  <testcase name="TestALotOfAdding" classname="LocalCMCTests" time="0.001"/>
  <testcase name="TestALotOfAdding" classname="LocalCMCTests" time="0.0"/>
  <testcase name="TestALotOfAdding" classname="LocalCMCTests" time="0.001"/>
  <testcase name="TestALotOfAdding" classname="LocalCMCTests" time="0.0"/>
  <testcase name="TestALotOfAdding" classname="LocalCMCTests" time="0.001"/>
  <testcase name="TestALotOfAdding" classname="LocalCMCTests" time="0.001"/>
  <testcase name="TestALotOfAdding" classname="LocalCMCTests" time="0.0"/>
  <testcase name="TestALotOfAdding" classname="LocalCMCTests" time="0.0"/>
  <testcase name="TestALotOfAdding" classname="LocalCMCTests" time="0.001"/>
  <testcase name="TestALotOfAdding" classname="LocalCMCTests" time="0.001"/>
  <testcase name="TestALotOfAdding" classname="LocalCMCTests" time="0.0"/>
  <testcase name="TestALotOfAdding" classname="LocalCMCTests" time="0.001"/>
  <testcase name="TestALotOfAdding" classname="LocalCMCTests" time="0.0"/>
  <testcase name="TestALotOfAdding" classname="LocalCMCTests" time="0.002"/>
  <testcase name="TestALotOfAdding" classname="LocalCMCTests" time="0.001"/>
  <testcase name="TestALotOfAdding" classname="LocalCMCTests" time="0.0"/>
  <testcase name="TestALotOfAdding" classname="LocalCMCTests" time="0.0"/>
  <testcase name="TestALotOfAdding" classname="LocalCMCTests" time="0.001"/>
  <testcase name="TestALotOfAdding" classname="LocalCMCTests" time="0.001"/>
  <testcase name="TestALotOfAdding" classname="LocalCMCTests" time="0.001"/>
  <testcase name="TestALotOfAdding" classname="LocalCMCTests" time="0.001"/>
  <testcase name="TestALotOfAdding" classname="LocalCMCTests" time="0.002"/>
  <testcase name="TestALotOfAdding" classname="LocalCMCTests" time="0.0"/>
  <testcase name="TestALotOfAdding" classname="LocalCMCTests" time="0.001"/>
  <testcase name="TestALotOfAdding" classname="LocalCMCTests" time="0.0"/>
  <testcase name="TestALotOfAdding" classname="LocalCMCTests" time="0.0"/>
  <testcase name="TestALotOfAdding" classname="LocalCMCTests" time="0.0"/>
  <testcase name="TestALotOfAdding" classname="LocalCMCTests" time="0.0"/>
  <testcase name="TestALotOfAdding" classname="LocalCMCTests" time="0.001"/>
  <testcase name="TestALotOfAdding" classname="LocalCMCTests" time="0.001"/>
  <testcase name="TestALotOfAdding" classname="LocalCMCTests" time="0.001"/>
  <testcase name="TestALotOfAdding" classname="LocalCMCTests" time="0.0"/>
  <testcase name="TestALotOfAdding" classname="LocalCMCTests" time="0.001"/>
  <testcase name="TestALotOfAdding" classname="LocalCMCTests" time="0.0"/>
  <testcase name="TestALotOfAdding" classname="LocalCMCTests" time="0.001"/>
  <testcase name="TestALotOfAdding" classname="LocalCMCTests" time="0.001"/>
  <testcase name="TestALotOfAdding" classname="LocalCMCTests" time="0.0"/>
  <testcase name="TestALotOfAdding" classname="LocalCMCTests" time="0.001"/>
  <testcase name="TestALotOfAdding" classname="LocalCMCTests" time="0.001"/>
  <testcase name="TestALotOfAdding" classname="LocalCMCTests" time="0.0"/>
  <testcase name="TestALotOfAdding" classname="LocalCMCTests" time="0.0"/>
  <testcase name="TestALotOfAdding" classname="LocalCMCTests" time="0.0"/>
  <testcase name="TestALotOfAdding" classname="LocalCMCTests" time="0.0"/>
  <testcase name="TestALotOfAdding" classname="LocalCMCTests" time="0.0"/>
  <testcase name="TestALotOfAdding" classname="LocalCMCTests" time="0.001"/>
  <testcase name="TestALotOfAdding" classname="LocalCMCTests" time="0.001"/>
  <testcase name="TestALotOfAdding" classname="LocalCMCTests" time="0.002"/>
  <testcase name="TestALotOfAdding" classname="LocalCMCTests" time="0.001"/>
  <testcase name="TestALotOfAdding" classname="LocalCMCTests" time="0.0"/>
  <testcase name="TestALotOfAdding" classname="LocalCMCTests" time="0.0"/>
  <testcase name="TestALotOfAdding" classname="LocalCMCTests" time="0.001"/>
  <testcase name="TestALotOfAdding" classname="LocalCMCTests" time="0.0"/>
  <testcase name="TestALotOfAdding" classname="LocalCMCTests" time="0.001"/>
  <testcase name="TestALotOfAdding" classname="LocalCMCTests" time="0.0"/>
  <testcase name="TestALotOfAdding" classname="LocalCMCTests" time="0.001"/>
  <testcase name="TestALotOfAdding" classname="LocalCMCTests" time="0.002"/>
  <testcase name="TestALotOfAdding" classname="LocalCMCTests" time="0.0"/>
  <testcase name="TestALotOfAdding" classname="LocalCMCTests" time="0.001"/>
  <testcase name="TestALotOfAdding" classname="LocalCMCTests" time="0.0"/>
  <testcase name="TestALotOfAdding" classname="LocalCMCTests" time="0.0"/>
  <testcase name="TestALotOfAdding" classname="LocalCMCTests" time="0.0"/>
  <testcase name="TestALotOfAdding" classname="LocalCMCTests" time="0.001"/>
  <testcase name="TestALotOfAdding" classname="LocalCMCTests" time="0.0"/>
  <testcase name="TestALotOfAdding" classname="LocalCMCTests" time="0.001"/>
  <testcase name="TestALotOfAdding" classname="LocalCMCTests" time="0.0"/>
  <testcase name="TestALotOfAdding" classname="LocalCMCTests" time="0.001"/>
  <testcase name="TestALotOfAdding" classname="LocalCMCTests" time="0.002"/>
  <testcase name="TestALotOfAdding" classname="LocalCMCTests" time="0.0"/>
  <testcase name="TestALotOfAdding" classname="LocalCMCTests" time="0.0"/>
  <testcase name="TestALotOfAdding" classname="LocalCMCTests" time="0.0"/>
  <testcase name="TestALotOfAdding" classname="LocalCMCTests" time="0.0"/>
  <testcase name="TestALotOfAdding" classname="LocalCMCTests" time="0.001"/>
  <testcase name="TestALotOfAdding" classname="LocalCMCTests" time="0.001"/>
  <testcase name="TestALotOfAdding" classname="LocalCMCTests" time="0.001"/>
  <testcase name="TestALotOfAdding" classname="LocalCMCTests" time="0.0"/>
  <testcase name="TestALotOfAdding" classname="LocalCMCTests" time="0.0"/>
  <testcase name="TestALotOfAdding" classname="LocalCMCTests" time="0.001"/>
  <testcase name="TestALotOfAdding" classname="LocalCMCTests" time="0.002"/>
  <testcase name="TestALotOfAdding" classname="LocalCMCTests" time="0.001"/>
  <testcase name="TestALotOfAdding" classname="LocalCMCTests" time="0.0"/>
  <testcase name="TestALotOfAdding" classname="LocalCMCTests" time="0.001"/>
  <testcase name="TestALotOfAdding" classname="LocalCMCTests" time="0.001"/>
  <testcase name="TestALotOfAdding" classname="LocalCMCTests" time="0.001"/>
  <testcase name="TestALotOfAdding" classname="LocalCMCTests" time="0.001"/>
  <testcase name="TestALotOfAdding" classname="LocalCMCTests" time="0.0"/>
  <testcase name="TestALotOfAdding" classname="LocalCMCTests" time="0.0"/>
  <testcase name="TestALotOfAdding" classname="LocalCMCTests" time="0.001"/>
  <testcase name="TestALotOfAdding" classname="LocalCMCTests" time="0.0"/>
  <testcase name="TestALotOfAdding" classname="LocalCMCTests" time="0.002"/>
  <testcase name="TestALotOfAdding" classname="LocalCMCTests" time="0.0"/>
  <testcase name="TestALotOfAdding" classname="LocalCMCTests" time="0.001"/>
  <testcase name="TestALotOfAdding" classname="LocalCMCTests" time="0.001"/>
  <testcase name="TestALotOfAdding" classname="LocalCMCTests" time="0.002"/>
  <testcase name="TestALotOfAdding" classname="LocalCMCTests" time="0.001"/>
  <testcase name="TestALotOfAdding" classname="LocalCMCTests" time="0.002"/>
  <testcase name="TestALotOfAdding" classname="LocalCMCTests" time="0.001"/>
  <testcase name="TestALotOfAdding" classname="LocalCMCTests" time="0.0"/>
  <testcase name="TestALotOfAdding" classname="LocalCMCTests" time="0.0"/>
  <testcase name="TestALotOfAdding" classname="LocalCMCTests" time="0.001"/>
  <testcase name="TestALotOfAdding" classname="LocalCMCTests" time="0.0"/>
  <testcase name="TestALotOfAdding" classname="LocalCMCTests" time="0.0"/>
  <testcase name="TestALotOfAdding" classname="LocalCMCTests" time="0.0"/>
  <testcase name="TestALotOfAdding" classname="LocalCMCTests" time="0.0"/>
  <testcase name="TestALotOfAdding" classname="LocalCMCTests" time="0.0"/>
  <testcase name="TestALotOfAdding" classname="LocalCMCTests" time="0.0"/>
  <testcase name="TestALotOfAdding" classname="LocalCMCTests" time="0.001"/>
  <testcase name="TestALotOfAdding" classname="LocalCMCTests" time="0.001"/>
  <testcase name="TestALotOfAdding" classname="LocalCMCTests" time="0.001"/>
  <testcase name="TestALotOfAdding" classname="LocalCMCTests" time="0.001"/>
  <testcase name="TestALotOfAdding" classname="LocalCMCTests" time="0.001"/>
  <testcase name="TestALotOfAdding" classname="LocalCMCTests" time="0.001"/>
  <testcase name="TestALotOfAdding" classname="LocalCMCTests" time="0.0"/>
  <testcase name="TestALotOfAdding" classname="LocalCMCTests" time="0.002"/>
  <testcase name="TestALotOfAdding" classname="LocalCMCTests" time="0.001"/>
  <testcase name="TestALotOfAdding" classname="LocalCMCTests" time="0.0"/>
  <testcase name="TestALotOfAdding" classname="LocalCMCTests" time="0.0"/>
  <testcase name="TestALotOfAdding" classname="LocalCMCTests" time="0.001"/>
  <testcase name="TestALotOfAdding" classname="LocalCMCTests" time="0.0"/>
  <testcase name="TestALotOfAdding" classname="LocalCMCTests" time="0.001"/>
  <testcase name="TestALotOfAdding" classname="LocalCMCTests" time="0.0"/>
  <testcase name="TestALotOfAdding" classname="LocalCMCTests" time="0.0"/>
  <testcase name="TestALotOfAdding" classname="LocalCMCTests" time="0.0"/>
  <testcase name="TestALotOfAdding" classname="LocalCMCTests" time="0.0"/>
  <testcase name="TestALotOfAdding" classname="LocalCMCTests" time="0.0"/>
  <testcase name="TestALotOfAdding" classname="LocalCMCTests" time="0.001"/>
  <testcase name="TestALotOfAdding" classname="LocalCMCTests" time="0.002"/>
  <testcase name="TestALotOfAdding" classname="LocalCMCTests" time="0.001"/>
  <testcase name="TestALotOfAdding" classname="LocalCMCTests" time="0.001"/>
  <testcase name="TestALotOfAdding" classname="LocalCMCTests" time="0.001"/>
  <testcase name="TestALotOfAdding" classname="LocalCMCTests" time="0.001"/>
  <testcase name="TestALotOfAdding" classname="LocalCMCTests" time="0.001"/>
  <testcase name="TestALotOfAdding" classname="LocalCMCTests" time="0.001"/>
  <testcase name="TestALotOfAdding" classname="LocalCMCTests" time="0.0"/>
  <testcase name="TestALotOfAdding" classname="LocalCMCTests" time="0.0"/>
  <testcase name="TestALotOfAdding" classname="LocalCMCTests" time="0.0"/>
  <testcase name="TestALotOfAdding" classname="LocalCMCTests" time="0.0"/>
  <testcase name="TestALotOfAdding" classname="LocalCMCTests" time="0.001"/>
  <testcase name="TestALotOfAdding" classname="LocalCMCTests" time="0.002"/>
  <testcase name="TestALotOfAdding" classname="LocalCMCTests" time="0.001"/>
  <testcase name="TestALotOfAdding" classname="LocalCMCTests" time="0.001"/>
  <testcase name="TestALotOfAdding" classname="LocalCMCTests" time="0.0"/>
  <testcase name="TestALotOfAdding" classname="LocalCMCTests" time="0.003"/>
  <testcase name="TestALotOfAdding" classname="LocalCMCTests" time="0.001"/>
  <testcase name="TestALotOfAdding" classname="LocalCMCTests" time="0.0"/>
  <testcase name="TestALotOfAdding" classname="LocalCMCTests" time="0.0"/>
  <testcase name="TestALotOfAdding" classname="LocalCMCTests" time="0.0"/>
  <testcase name="TestALotOfAdding" classname="LocalCMCTests" time="0.001"/>
  <testcase name="TestALotOfAdding" classname="LocalCMCTests" time="0.001"/>
  <testcase name="TestALotOfAdding" classname="LocalCMCTests" time="0.0"/>
  <testcase name="TestALotOfAdding" classname="LocalCMCTests" time="0.0"/>
  <testcase name="TestALotOfAdding" classname="LocalCMCTests" time="0.001"/>
  <testcase name="TestALotOfAdding" classname="LocalCMCTests" time="0.001"/>
  <testcase name="TestALotOfAdding" classname="LocalCMCTests" time="0.0"/>
  <testcase name="TestALotOfAdding" classname="LocalCMCTests" time="0.0"/>
  <testcase name="TestALotOfAdding" classname="LocalCMCTests" time="0.001"/>
  <testcase name="TestALotOfAdding" classname="LocalCMCTests" time="0.001"/>
  <testcase name="TestALotOfAdding" classname="LocalCMCTests" time="0.001"/>
  <testcase name="TestALotOfAdding" classname="LocalCMCTests" time="0.0"/>
  <testcase name="TestALotOfAdding" classname="LocalCMCTests" time="0.001"/>
  <testcase name="TestALotOfAdding" classname="LocalCMCTests" time="0.001"/>
  <testcase name="TestALotOfAdding" classname="LocalCMCTests" time="0.001"/>
  <testcase name="TestALotOfAdding" classname="LocalCMCTests" time="0.001"/>
  <testcase name="TestALotOfAdding" classname="LocalCMCTests" time="0.001"/>
  <testcase name="TestALotOfAdding" classname="LocalCMCTests" time="0.0"/>
  <testcase name="TestALotOfAdding" classname="LocalCMCTests" time="0.0"/>
  <testcase name="TestALotOfAdding" classname="LocalCMCTests" time="0.0"/>
  <testcase name="TestALotOfAdding" classname="LocalCMCTests" time="0.0"/>
  <testcase name="TestALotOfAdding" classname="LocalCMCTests" time="0.0"/>
  <testcase name="TestALotOfAdding" classname="LocalCMCTests" time="0.0"/>
  <testcase name="TestALotOfAdding" classname="LocalCMCTests" time="0.0"/>
  <testcase name="TestALotOfAdding" classname="LocalCMCTests" time="0.0"/>
  <testcase name="TestALotOfAdding" classname="LocalCMCTests" time="0.002"/>
  <testcase name="TestALotOfAdding" classname="LocalCMCTests" time="0.002"/>
  <testcase name="TestALotOfAdding" classname="LocalCMCTests" time="0.0"/>
  <testcase name="TestALotOfAdding" classname="LocalCMCTests" time="0.001"/>
  <testcase name="TestALotOfAdding" classname="LocalCMCTests" time="0.001"/>
  <testcase name="TestALotOfAdding" classname="LocalCMCTests" time="0.0"/>
  <testcase name="TestALotOfAdding" classname="LocalCMCTests" time="0.0"/>
  <testcase name="TestALotOfAdding" classname="LocalCMCTests" time="0.001"/>
  <testcase name="TestALotOfAdding" classname="LocalCMCTests" time="0.0"/>
  <testcase name="TestALotOfAdding" classname="LocalCMCTests" time="0.001"/>
  <testcase name="TestALotOfAdding" classname="LocalCMCTests" time="0.001"/>
  <testcase name="TestALotOfAdding" classname="LocalCMCTests" time="0.0"/>
  <testcase name="TestALotOfAdding" classname="LocalCMCTests" time="0.0"/>
  <testcase name="TestALotOfAdding" classname="LocalCMCTests" time="0.001"/>
  <testcase name="TestALotOfAdding" classname="LocalCMCTests" time="0.0"/>
  <testcase name="TestALotOfAdding" classname="LocalCMCTests" time="0.0"/>
  <testcase name="TestALotOfAdding" classname="LocalCMCTests" time="0.0"/>
  <testcase name="TestALotOfAdding" classname="LocalCMCTests" time="0.002"/>
  <testcase name="TestALotOfAdding" classname="LocalCMCTests" time="0.001"/>
  <testcase name="TestALotOfAdding" classname="LocalCMCTests" time="0.0"/>
  <testcase name="TestALotOfAdding" classname="LocalCMCTests" time="0.001"/>
  <testcase name="TestALotOfAdding" classname="LocalCMCTests" time="0.001"/>
  <testcase name="TestALotOfAdding" classname="LocalCMCTests" time="0.0"/>
  <testcase name="TestALotOfAdding" classname="LocalCMCTests" time="0.0"/>
  <testcase name="TestALotOfAdding" classname="LocalCMCTests" time="0.0"/>
  <testcase name="TestALotOfAdding" classname="LocalCMCTests" time="0.0"/>
  <testcase name="TestALotOfAdding" classname="LocalCMCTests" time="0.001"/>
  <testcase name="TestALotOfAdding" classname="LocalCMCTests" time="0.002"/>
  <testcase name="TestALotOfAdding" classname="LocalCMCTests" time="0.001"/>
  <testcase name="TestALotOfAdding" classname="LocalCMCTests" time="0.0"/>
  <testcase name="TestALotOfAdding" classname="LocalCMCTests" time="0.0"/>
  <testcase name="TestALotOfAdding" classname="LocalCMCTests" time="0.001"/>
  <testcase name="TestALotOfAdding" classname="LocalCMCTests" time="0.002"/>
  <testcase name="TestALotOfAdding" classname="LocalCMCTests" time="0.001"/>
  <testcase name="TestALotOfAdding" classname="LocalCMCTests" time="0.001"/>
  <testcase name="TestALotOfAdding" classname="LocalCMCTests" time="0.001"/>
  <testcase name="TestALotOfAdding" classname="LocalCMCTests" time="0.0"/>
  <testcase name="TestALotOfAdding" classname="LocalCMCTests" time="0.001"/>
  <testcase name="TestALotOfAdding" classname="LocalCMCTests" time="0.0"/>
  <testcase name="TestALotOfAdding" classname="LocalCMCTests" time="0.0"/>
  <testcase name="TestALotOfAdding" classname="LocalCMCTests" time="0.0"/>
  <testcase name="TestALotOfAdding" classname="LocalCMCTests" time="0.0"/>
  <testcase name="TestALotOfAdding" classname="LocalCMCTests" time="0.0"/>
  <testcase name="TestALotOfAdding" classname="LocalCMCTests" time="0.0"/>
  <testcase name="TestALotOfAdding" classname="LocalCMCTests" time="0.001"/>
  <testcase name="TestALotOfAdding" classname="LocalCMCTests" time="0.0"/>
  <testcase name="TestALotOfAdding" classname="LocalCMCTests" time="0.0"/>
  <testcase name="TestALotOfAdding" classname="LocalCMCTests" time="0.0"/>
  <testcase name="TestALotOfAdding" classname="LocalCMCTests" time="0.0"/>
  <testcase name="TestALotOfAdding" classname="LocalCMCTests" time="0.0"/>
  <testcase name="TestALotOfAdding" classname="LocalCMCTests" time="0.001"/>
  <testcase name="TestALotOfAdding" classname="LocalCMCTests" time="0.0"/>
  <testcase name="TestALotOfAdding" classname="LocalCMCTests" time="0.002"/>
  <testcase name="TestALotOfAdding" classname="LocalCMCTests" time="0.001"/>
  <testcase name="TestALotOfAdding" classname="LocalCMCTests" time="0.0"/>
  <testcase name="TestALotOfAdding" classname="LocalCMCTests" time="0.001"/>
  <testcase name="TestALotOfAdding" classname="LocalCMCTests" time="0.0"/>
  <testcase name="TestALotOfAdding" classname="LocalCMCTests" time="0.001"/>
  <testcase name="TestALotOfAdding" classname="LocalCMCTests" time="0.0"/>
  <testcase name="TestALotOfAdding" classname="LocalCMCTests" time="0.0"/>
  <testcase name="TestALotOfAdding" classname="LocalCMCTests" time="0.001"/>
  <testcase name="TestALotOfAdding" classname="LocalCMCTests" time="0.0"/>
  <testcase name="TestALotOfAdding" classname="LocalCMCTests" time="0.002"/>
  <testcase name="TestALotOfAdding" classname="LocalCMCTests" time="0.0"/>
  <testcase name="TestALotOfAdding" classname="LocalCMCTests" time="0.0"/>
  <testcase name="TestALotOfAdding" classname="LocalCMCTests" time="0.001"/>
  <testcase name="TestALotOfAdding" classname="LocalCMCTests" time="0.001"/>
  <testcase name="TestALotOfAdding" classname="LocalCMCTests" time="0.001"/>
  <testcase name="TestALotOfAdding" classname="LocalCMCTests" time="0.001"/>
  <testcase name="TestALotOfAdding" classname="LocalCMCTests" time="0.001"/>
  <testcase name="TestALotOfAdding" classname="LocalCMCTests" time="0.002"/>
  <testcase name="TestALotOfAdding" classname="LocalCMCTests" time="0.001"/>
  <testcase name="TestALotOfAdding" classname="LocalCMCTests" time="0.0"/>
  <testcase name="TestALotOfAdding" classname="LocalCMCTests" time="0.0"/>
  <testcase name="TestALotOfAdding" classname="LocalCMCTests" time="0.0"/>
  <testcase name="TestALotOfAdding" classname="LocalCMCTests" time="0.0"/>
  <testcase name="TestALotOfAdding" classname="LocalCMCTests" time="0.0"/>
  <testcase name="TestALotOfAdding" classname="LocalCMCTests" time="0.001"/>
  <testcase name="TestALotOfAdding" classname="LocalCMCTests" time="0.0"/>
  <testcase name="TestALotOfAdding" classname="LocalCMCTests" time="0.001"/>
  <testcase name="TestALotOfAdding" classname="LocalCMCTests" time="0.001"/>
  <testcase name="TestALotOfAdding" classname="LocalCMCTests" time="0.002"/>
  <testcase name="TestALotOfAdding" classname="LocalCMCTests" time="0.002"/>
  <testcase name="TestALotOfAdding" classname="LocalCMCTests" time="0.002"/>
  <testcase name="TestALotOfAdding" classname="LocalCMCTests" time="0.002"/>
  <testcase name="TestALotOfAdding" classname="LocalCMCTests" time="0.003"/>
  <testcase name="TestALotOfAdding" classname="LocalCMCTests" time="0.002"/>
  <testcase name="TestALotOfAdding" classname="LocalCMCTests" time="0.002"/>
  <testcase name="TestALotOfAdding" classname="LocalCMCTests" time="0.002"/>
  <testcase name="TestALotOfAdding" classname="LocalCMCTests" time="0.002"/>
  <testcase name="TestALotOfAdding" classname="LocalCMCTests" time="0.0"/>
  <testcase name="TestALotOfAdding" classname="LocalCMCTests" time="0.0"/>
  <testcase name="TestALotOfAdding" classname="LocalCMCTests" time="0.0"/>
  <testcase name="TestALotOfAdding" classname="LocalCMCTests" time="0.0"/>
  <testcase name="TestALotOfAdding" classname="LocalCMCTests" time="0.001"/>
  <testcase name="TestALotOfAdding" classname="LocalCMCTests" time="0.001"/>
  <testcase name="TestALotOfAdding" classname="LocalCMCTests" time="0.001"/>
  <testcase name="TestALotOfAdding" classname="LocalCMCTests" time="0.001"/>
  <testcase name="TestALotOfAdding" classname="LocalCMCTests" time="0.001"/>
  <testcase name="TestALotOfAdding" classname="LocalCMCTests" time="0.001"/>
  <testcase name="TestALotOfAdding" classname="LocalCMCTests" time="0.0"/>
  <testcase name="TestALotOfAdding" classname="LocalCMCTests" time="0.0"/>
  <testcase name="TestALotOfAdding" classname="LocalCMCTests" time="0.001"/>
  <testcase name="TestALotOfAdding" classname="LocalCMCTests" time="0.001"/>
  <testcase name="TestALotOfAdding" classname="LocalCMCTests" time="0.0"/>
  <testcase name="TestALotOfAdding" classname="LocalCMCTests" time="0.001"/>
  <testcase name="TestALotOfAdding" classname="LocalCMCTests" time="0.0"/>
  <testcase name="TestALotOfAdding" classname="LocalCMCTests" time="0.0"/>
  <testcase name="TestALotOfAdding" classname="LocalCMCTests" time="0.0"/>
  <testcase name="TestALotOfAdding" classname="LocalCMCTests" time="0.001"/>
  <testcase name="TestALotOfAdding" classname="LocalCMCTests" time="0.001"/>
  <testcase name="TestALotOfAdding" classname="LocalCMCTests" time="0.001"/>
  <testcase name="TestALotOfAdding" classname="LocalCMCTests" time="0.0"/>
  <testcase name="TestALotOfAdding" classname="LocalCMCTests" time="0.0"/>
  <testcase name="TestALotOfAdding" classname="LocalCMCTests" time="0.0"/>
  <testcase name="TestALotOfAdding" classname="LocalCMCTests" time="0.001"/>
  <testcase name="TestALotOfAdding" classname="LocalCMCTests" time="0.0"/>
  <testcase name="TestALotOfAdding" classname="LocalCMCTests" time="0.001"/>
  <testcase name="TestALotOfAdding" classname="LocalCMCTests" time="0.001"/>
  <testcase name="TestALotOfAdding" classname="LocalCMCTests" time="0.0"/>
  <testcase name="TestALotOfAdding" classname="LocalCMCTests" time="0.001"/>
  <testcase name="TestALotOfAdding" classname="LocalCMCTests" time="0.0"/>
  <testcase name="TestALotOfAdding" classname="LocalCMCTests" time="0.001"/>
  <testcase name="TestALotOfAdding" classname="LocalCMCTests" time="0.002"/>
  <testcase name="TestALotOfAdding" classname="LocalCMCTests" time="0.0"/>
  <testcase name="TestALotOfAdding" classname="LocalCMCTests" time="0.001"/>
  <testcase name="TestALotOfAdding" classname="LocalCMCTests" time="0.0"/>
  <testcase name="TestALotOfAdding" classname="LocalCMCTests" time="0.0"/>
  <testcase name="TestALotOfAdding" classname="LocalCMCTests" time="0.001"/>
  <testcase name="TestALotOfAdding" classname="LocalCMCTests" time="0.001"/>
  <testcase name="TestALotOfAdding" classname="LocalCMCTests" time="0.001"/>
  <testcase name="TestALotOfAdding" classname="LocalCMCTests" time="0.001"/>
  <testcase name="TestALotOfAdding" classname="LocalCMCTests" time="0.001"/>
  <testcase name="TestALotOfAdding" classname="LocalCMCTests" time="0.0"/>
  <testcase name="TestALotOfAdding" classname="LocalCMCTests" time="0.001"/>
  <testcase name="TestALotOfAdding" classname="LocalCMCTests" time="0.0"/>
  <testcase name="TestALotOfAdding" classname="LocalCMCTests" time="0.0"/>
  <testcase name="TestALotOfAdding" classname="LocalCMCTests" time="0.0"/>
  <testcase name="TestALotOfAdding" classname="LocalCMCTests" time="0.0"/>
  <testcase name="TestALotOfAdding" classname="LocalCMCTests" time="0.0"/>
  <testcase name="TestALotOfAdding" classname="LocalCMCTests" time="0.0"/>
  <testcase name="TestALotOfAdding" classname="LocalCMCTests" time="0.002"/>
  <testcase name="TestALotOfAdding" classname="LocalCMCTests" time="0.002"/>
  <testcase name="TestALotOfAdding" classname="LocalCMCTests" time="0.002"/>
  <testcase name="TestALotOfAdding" classname="LocalCMCTests" time="0.0"/>
  <testcase name="TestALotOfAdding" classname="LocalCMCTests" time="0.001"/>
  <testcase name="TestALotOfAdding" classname="LocalCMCTests" time="0.001"/>
  <testcase name="TestALotOfAdding" classname="LocalCMCTests" time="0.001"/>
  <testcase name="TestALotOfAdding" classname="LocalCMCTests" time="0.001"/>
  <testcase name="TestALotOfAdding" classname="LocalCMCTests" time="0.0"/>
  <testcase name="TestALotOfAdding" classname="LocalCMCTests" time="0.001"/>
  <testcase name="TestALotOfAdding" classname="LocalCMCTests" time="0.0"/>
  <testcase name="TestALotOfAdding" classname="LocalCMCTests" time="0.001"/>
  <testcase name="TestALotOfAdding" classname="LocalCMCTests" time="0.001"/>
  <testcase name="TestALotOfAdding" classname="LocalCMCTests" time="0.0"/>
  <testcase name="TestALotOfAdding" classname="LocalCMCTests" time="0.0"/>
  <testcase name="TestALotOfAdding" classname="LocalCMCTests" time="0.0"/>
  <testcase name="TestALotOfAdding" classname="LocalCMCTests" time="0.0"/>
  <testcase name="TestALotOfAdding" classname="LocalCMCTests" time="0.0"/>
  <testcase name="TestALotOfAdding" classname="LocalCMCTests" time="0.001"/>
  <testcase name="TestALotOfAdding" classname="LocalCMCTests" time="0.001"/>
  <testcase name="TestALotOfAdding" classname="LocalCMCTests" time="0.001"/>
  <testcase name="TestALotOfAdding" classname="LocalCMCTests" time="0.001"/>
  <testcase name="TestALotOfAdding" classname="LocalCMCTests" time="0.0"/>
  <testcase name="TestALotOfAdding" classname="LocalCMCTests" time="0.001"/>
  <testcase name="TestALotOfAdding" classname="LocalCMCTests" time="0.001"/>
  <testcase name="TestALotOfAdding" classname="LocalCMCTests" time="0.0"/>
  <testcase name="TestALotOfAdding" classname="LocalCMCTests" time="0.001"/>
  <testcase name="TestALotOfAdding" classname="LocalCMCTests" time="0.0"/>
  <testcase name="TestALotOfAdding" classname="LocalCMCTests" time="0.0"/>
  <testcase name="TestALotOfAdding" classname="LocalCMCTests" time="0.0"/>
  <testcase name="TestALotOfAdding" classname="LocalCMCTests" time="0.001"/>
  <testcase name="TestALotOfAdding" classname="LocalCMCTests" time="0.0"/>
  <testcase name="TestALotOfAdding" classname="LocalCMCTests" time="0.0"/>
  <testcase name="TestALotOfAdding" classname="LocalCMCTests" time="0.001"/>
  <testcase name="TestALotOfAdding" classname="LocalCMCTests" time="0.001"/>
  <testcase name="TestALotOfAdding" classname="LocalCMCTests" time="0.001"/>
  <testcase name="TestALotOfAdding" classname="LocalCMCTests" time="0.0"/>
  <testcase name="TestALotOfAdding" classname="LocalCMCTests" time="0.001"/>
  <testcase name="TestALotOfAdding" classname="LocalCMCTests" time="0.0"/>
  <testcase name="TestALotOfAdding" classname="LocalCMCTests" time="0.001"/>
  <testcase name="TestALotOfAdding" classname="LocalCMCTests" time="0.001"/>
  <testcase name="TestALotOfAdding" classname="LocalCMCTests" time="0.001"/>
  <testcase name="TestALotOfAdding" classname="LocalCMCTests" time="0.0"/>
  <testcase name="TestALotOfAdding" classname="LocalCMCTests" time="0.001"/>
  <testcase name="TestALotOfAdding" classname="LocalCMCTests" time="0.001"/>
  <testcase name="TestALotOfAdding" classname="LocalCMCTests" time="0.001"/>
  <testcase name="TestALotOfAdding" classname="LocalCMCTests" time="0.001"/>
  <testcase name="TestALotOfAdding" classname="LocalCMCTests" time="0.0"/>
  <testcase name="TestALotOfAdding" classname="LocalCMCTests" time="0.0"/>
  <testcase name="TestALotOfAdding" classname="LocalCMCTests" time="0.0"/>
  <testcase name="TestALotOfAdding" classname="LocalCMCTests" time="0.001"/>
  <testcase name="TestALotOfAdding" classname="LocalCMCTests" time="0.001"/>
  <testcase name="TestALotOfAdding" classname="LocalCMCTests" time="0.001"/>
  <testcase name="TestALotOfAdding" classname="LocalCMCTests" time="0.002"/>
  <testcase name="TestALotOfAdding" classname="LocalCMCTests" time="0.001"/>
  <testcase name="TestALotOfAdding" classname="LocalCMCTests" time="0.0"/>
  <testcase name="TestALotOfAdding" classname="LocalCMCTests" time="0.0"/>
  <testcase name="TestALotOfAdding" classname="LocalCMCTests" time="0.0"/>
  <testcase name="TestALotOfAdding" classname="LocalCMCTests" time="0.001"/>
  <testcase name="TestALotOfAdding" classname="LocalCMCTests" time="0.0"/>
  <testcase name="TestALotOfAdding" classname="LocalCMCTests" time="0.001"/>
  <testcase name="TestALotOfAdding" classname="LocalCMCTests" time="0.0"/>
  <testcase name="TestALotOfAdding" classname="LocalCMCTests" time="0.0"/>
  <testcase name="TestALotOfAdding" classname="LocalCMCTests" time="0.001"/>
  <testcase name="TestALotOfAdding" classname="LocalCMCTests" time="0.001"/>
  <testcase name="TestALotOfAdding" classname="LocalCMCTests" time="0.002"/>
  <testcase name="TestALotOfAdding" classname="LocalCMCTests" time="0.001"/>
  <testcase name="TestALotOfAdding" classname="LocalCMCTests" time="0.001"/>
  <testcase name="TestALotOfAdding" classname="LocalCMCTests" time="0.001"/>
  <testcase name="TestALotOfAdding" classname="LocalCMCTests" time="0.001"/>
  <testcase name="TestALotOfAdding" classname="LocalCMCTests" time="0.001"/>
  <testcase name="TestALotOfAdding" classname="LocalCMCTests" time="0.001"/>
  <testcase name="TestALotOfAdding" classname="LocalCMCTests" time="0.001"/>
  <testcase name="TestALotOfAdding" classname="LocalCMCTests" time="0.0"/>
  <testcase name="TestALotOfAdding" classname="LocalCMCTests" time="0.0"/>
  <testcase name="TestALotOfAdding" classname="LocalCMCTests" time="0.0"/>
  <testcase name="TestALotOfAdding" classname="LocalCMCTests" time="0.0"/>
  <testcase name="TestALotOfAdding" classname="LocalCMCTests" time="0.001"/>
  <testcase name="TestALotOfAdding" classname="LocalCMCTests" time="0.0"/>
  <testcase name="TestALotOfAdding" classname="LocalCMCTests" time="0.001"/>
  <testcase name="TestALotOfAdding" classname="LocalCMCTests" time="0.0"/>
  <testcase name="TestALotOfAdding" classname="LocalCMCTests" time="0.001"/>
  <testcase name="TestALotOfAdding" classname="LocalCMCTests" time="0.001"/>
  <testcase name="TestALotOfAdding" classname="LocalCMCTests" time="0.0"/>
  <testcase name="TestALotOfAdding" classname="LocalCMCTests" time="0.001"/>
  <testcase name="TestALotOfAdding" classname="LocalCMCTests" time="0.001"/>
  <testcase name="TestALotOfAdding" classname="LocalCMCTests" time="0.0"/>
  <testcase name="TestALotOfAdding" classname="LocalCMCTests" time="0.0"/>
  <testcase name="TestALotOfAdding" classname="LocalCMCTests" time="0.001"/>
  <testcase name="TestALotOfAdding" classname="LocalCMCTests" time="0.001"/>
  <testcase name="TestALotOfAdding" classname="LocalCMCTests" time="0.001"/>
  <testcase name="TestALotOfAdding" classname="LocalCMCTests" time="0.0"/>
  <testcase name="TestALotOfAdding" classname="LocalCMCTests" time="0.0"/>
  <testcase name="TestALotOfAdding" classname="LocalCMCTests" time="0.0"/>
  <testcase name="TestALotOfAdding" classname="LocalCMCTests" time="0.0"/>
  <testcase name="TestALotOfAdding" classname="LocalCMCTests" time="0.001"/>
  <testcase name="TestALotOfAdding" classname="LocalCMCTests" time="0.0"/>
  <testcase name="TestALotOfAdding" classname="LocalCMCTests" time="0.0"/>
  <testcase name="TestALotOfAdding" classname="LocalCMCTests" time="0.001"/>
  <testcase name="TestALotOfAdding" classname="LocalCMCTests" time="0.0"/>
  <testcase name="TestALotOfAdding" classname="LocalCMCTests" time="0.002"/>
  <testcase name="TestALotOfAdding" classname="LocalCMCTests" time="0.002"/>
  <testcase name="TestALotOfAdding" classname="LocalCMCTests" time="0.0"/>
  <testcase name="TestALotOfAdding" classname="LocalCMCTests" time="0.0"/>
  <testcase name="TestALotOfAdding" classname="LocalCMCTests" time="0.0"/>
  <testcase name="TestALotOfAdding" classname="LocalCMCTests" time="0.001"/>
  <testcase name="TestALotOfAdding" classname="LocalCMCTests" time="0.0"/>
  <testcase name="TestALotOfAdding" classname="LocalCMCTests" time="0.0"/>
  <testcase name="TestALotOfAdding" classname="LocalCMCTests" time="0.002"/>
  <testcase name="TestALotOfAdding" classname="LocalCMCTests" time="0.002"/>
  <testcase name="TestALotOfAdding" classname="LocalCMCTests" time="0.002"/>
  <testcase name="TestALotOfAdding" classname="LocalCMCTests" time="0.001"/>
  <testcase name="TestALotOfAdding" classname="LocalCMCTests" time="0.0"/>
  <testcase name="TestALotOfAdding" classname="LocalCMCTests" time="0.002"/>
  <testcase name="TestALotOfAdding" classname="LocalCMCTests" time="0.001"/>
  <testcase name="TestALotOfAdding" classname="LocalCMCTests" time="0.001"/>
  <testcase name="TestALotOfAdding" classname="LocalCMCTests" time="0.001"/>
  <testcase name="TestALotOfAdding" classname="LocalCMCTests" time="0.0"/>
  <testcase name="TestALotOfAdding" classname="LocalCMCTests" time="0.002"/>
  <testcase name="TestALotOfAdding" classname="LocalCMCTests" time="0.0"/>
  <testcase name="TestALotOfAdding" classname="LocalCMCTests" time="0.0"/>
  <testcase name="TestALotOfAdding" classname="LocalCMCTests" time="0.0"/>
  <testcase name="TestALotOfAdding" classname="LocalCMCTests" time="0.0"/>
  <testcase name="TestALotOfAdding" classname="LocalCMCTests" time="0.002"/>
  <testcase name="TestALotOfAdding" classname="LocalCMCTests" time="0.0"/>
  <testcase name="TestALotOfAdding" classname="LocalCMCTests" time="0.001"/>
  <testcase name="TestALotOfAdding" classname="LocalCMCTests" time="0.001"/>
  <testcase name="TestALotOfAdding" classname="LocalCMCTests" time="0.001"/>
  <testcase name="TestALotOfAdding" classname="LocalCMCTests" time="0.001"/>
  <testcase name="TestALotOfAdding" classname="LocalCMCTests" time="0.001"/>
  <testcase name="TestALotOfAdding" classname="LocalCMCTests" time="0.001"/>
  <testcase name="TestALotOfAdding" classname="LocalCMCTests" time="0.001"/>
  <testcase name="TestALotOfAdding" classname="LocalCMCTests" time="0.001"/>
  <testcase name="TestALotOfAdding" classname="LocalCMCTests" time="0.0"/>
  <testcase name="TestALotOfAdding" classname="LocalCMCTests" time="0.0"/>
  <testcase name="TestALotOfAdding" classname="LocalCMCTests" time="0.0"/>
  <testcase name="TestALotOfAdding" classname="LocalCMCTests" time="0.0"/>
  <testcase name="TestALotOfAdding" classname="LocalCMCTests" time="0.0"/>
  <testcase name="TestALotOfAdding" classname="LocalCMCTests" time="0.0"/>
  <testcase name="TestALotOfAdding" classname="LocalCMCTests" time="0.001"/>
  <testcase name="TestALotOfAdding" classname="LocalCMCTests" time="0.0"/>
  <testcase name="TestALotOfAdding" classname="LocalCMCTests" time="0.0"/>
  <testcase name="TestALotOfAdding" classname="LocalCMCTests" time="0.002"/>
  <testcase name="TestALotOfAdding" classname="LocalCMCTests" time="0.001"/>
  <testcase name="TestALotOfAdding" classname="LocalCMCTests" time="0.001"/>
  <testcase name="TestALotOfAdding" classname="LocalCMCTests" time="0.001"/>
  <testcase name="TestALotOfAdding" classname="LocalCMCTests" time="0.001"/>
  <testcase name="TestALotOfAdding" classname="LocalCMCTests" time="0.001"/>
  <testcase name="TestALotOfAdding" classname="LocalCMCTests" time="0.001"/>
  <testcase name="TestALotOfAdding" classname="LocalCMCTests" time="0.0"/>
  <testcase name="TestALotOfAdding" classname="LocalCMCTests" time="0.001"/>
  <testcase name="TestALotOfAdding" classname="LocalCMCTests" time="0.0"/>
  <testcase name="TestALotOfAdding" classname="LocalCMCTests" time="0.001"/>
  <testcase name="TestALotOfAdding" classname="LocalCMCTests" time="0.0"/>
  <testcase name="TestALotOfAdding" classname="LocalCMCTests" time="0.0"/>
  <testcase name="TestALotOfAdding" classname="LocalCMCTests" time="0.0"/>
  <testcase name="TestALotOfAdding" classname="LocalCMCTests" time="0.0"/>
  <testcase name="TestALotOfAdding" classname="LocalCMCTests" time="0.001"/>
  <testcase name="TestALotOfAdding" classname="LocalCMCTests" time="0.001"/>
  <testcase name="TestALotOfAdding" classname="LocalCMCTests" time="0.001"/>
  <testcase name="TestALotOfAdding" classname="LocalCMCTests" time="0.001"/>
  <testcase name="TestALotOfAdding" classname="LocalCMCTests" time="0.0"/>
  <testcase name="TestALotOfAdding" classname="LocalCMCTests" time="0.001"/>
  <testcase name="TestALotOfAdding" classname="LocalCMCTests" time="0.001"/>
  <testcase name="TestALotOfAdding" classname="LocalCMCTests" time="0.0"/>
  <testcase name="TestALotOfAdding" classname="LocalCMCTests" time="0.001"/>
  <testcase name="TestALotOfAdding" classname="LocalCMCTests" time="0.001"/>
  <testcase name="TestALotOfAdding" classname="LocalCMCTests" time="0.001"/>
  <testcase name="TestALotOfAdding" classname="LocalCMCTests" time="0.001"/>
  <testcase name="TestALotOfAdding" classname="LocalCMCTests" time="0.001"/>
  <testcase name="TestALotOfAdding" classname="LocalCMCTests" time="0.0"/>
  <testcase name="TestALotOfAdding" classname="LocalCMCTests" time="0.0"/>
  <testcase name="TestALotOfAdding" classname="LocalCMCTests" time="0.0"/>
  <testcase name="TestALotOfAdding" classname="LocalCMCTests" time="0.0"/>
  <testcase name="TestALotOfAdding" classname="LocalCMCTests" time="0.0"/>
  <testcase name="TestALotOfAdding" classname="LocalCMCTests" time="0.001"/>
  <testcase name="TestALotOfAdding" classname="LocalCMCTests" time="0.001"/>
  <testcase name="TestALotOfAdding" classname="LocalCMCTests" time="0.001"/>
  <testcase name="TestALotOfAdding" classname="LocalCMCTests" time="0.0"/>
  <testcase name="TestALotOfAdding" classname="LocalCMCTests" time="0.0"/>
  <testcase name="TestALotOfAdding" classname="LocalCMCTests" time="0.001"/>
  <testcase name="TestALotOfAdding" classname="LocalCMCTests" time="0.0"/>
  <testcase name="TestALotOfAdding" classname="LocalCMCTests" time="0.001"/>
  <testcase name="TestALotOfAdding" classname="LocalCMCTests" time="0.001"/>
  <testcase name="TestALotOfAdding" classname="LocalCMCTests" time="0.001"/>
  <testcase name="TestALotOfAdding" classname="LocalCMCTests" time="0.001"/>
  <testcase name="TestALotOfAdding" classname="LocalCMCTests" time="0.0"/>
  <testcase name="TestALotOfAdding" classname="LocalCMCTests" time="0.001"/>
  <testcase name="TestALotOfAdding" classname="LocalCMCTests" time="0.0"/>
  <testcase name="TestALotOfAdding" classname="LocalCMCTests" time="0.0"/>
  <testcase name="TestALotOfAdding" classname="LocalCMCTests" time="0.001"/>
  <testcase name="TestALotOfAdding" classname="LocalCMCTests" time="0.002"/>
  <testcase name="TestALotOfAdding" classname="LocalCMCTests" time="0.001"/>
  <testcase name="TestALotOfAdding" classname="LocalCMCTests" time="0.001"/>
  <testcase name="TestALotOfAdding" classname="LocalCMCTests" time="0.0"/>
  <testcase name="TestALotOfAdding" classname="LocalCMCTests" time="0.001"/>
  <testcase name="TestALotOfAdding" classname="LocalCMCTests" time="0.001"/>
  <testcase name="TestALotOfAdding" classname="LocalCMCTests" time="0.0"/>
  <testcase name="TestALotOfAdding" classname="LocalCMCTests" time="0.001"/>
  <testcase name="TestALotOfAdding" classname="LocalCMCTests" time="0.001"/>
  <testcase name="TestALotOfAdding" classname="LocalCMCTests" time="0.0"/>
  <testcase name="TestALotOfAdding" classname="LocalCMCTests" time="0.001"/>
  <testcase name="TestALotOfAdding" classname="LocalCMCTests" time="0.0"/>
  <testcase name="TestALotOfAdding" classname="LocalCMCTests" time="0.001"/>
  <testcase name="TestALotOfAdding" classname="LocalCMCTests" time="0.001"/>
  <testcase name="TestALotOfAdding" classname="LocalCMCTests" time="0.001"/>
  <testcase name="TestALotOfAdding" classname="LocalCMCTests" time="0.0"/>
  <testcase name="TestALotOfAdding" classname="LocalCMCTests" time="0.001"/>
  <testcase name="TestALotOfAdding" classname="LocalCMCTests" time="0.0"/>
  <testcase name="TestALotOfAdding" classname="LocalCMCTests" time="0.0"/>
  <testcase name="TestALotOfAdding" classname="LocalCMCTests" time="0.001"/>
  <testcase name="TestALotOfAdding" classname="LocalCMCTests" time="0.001"/>
  <testcase name="TestALotOfAdding" classname="LocalCMCTests" time="0.002"/>
  <testcase name="TestALotOfAdding" classname="LocalCMCTests" time="0.001"/>
  <testcase name="TestALotOfAdding" classname="LocalCMCTests" time="0.001"/>
  <testcase name="TestALotOfAdding" classname="LocalCMCTests" time="0.0"/>
  <testcase name="TestALotOfAdding" classname="LocalCMCTests" time="0.001"/>
  <testcase name="TestALotOfAdding" classname="LocalCMCTests" time="0.0"/>
  <testcase name="TestALotOfAdding" classname="LocalCMCTests" time="0.0"/>
  <testcase name="TestALotOfAdding" classname="LocalCMCTests" time="0.001"/>
  <testcase name="TestALotOfAdding" classname="LocalCMCTests" time="0.001"/>
  <testcase name="TestALotOfAdding" classname="LocalCMCTests" time="0.001"/>
  <testcase name="TestALotOfAdding" classname="LocalCMCTests" time="0.001"/>
  <testcase name="TestALotOfAdding" classname="LocalCMCTests" time="0.001"/>
  <testcase name="TestALotOfAdding" classname="LocalCMCTests" time="0.0"/>
  <testcase name="TestALotOfAdding" classname="LocalCMCTests" time="0.001"/>
  <testcase name="TestALotOfAdding" classname="LocalCMCTests" time="0.001"/>
  <testcase name="TestALotOfAdding" classname="LocalCMCTests" time="0.001"/>
  <testcase name="TestALotOfAdding" classname="LocalCMCTests" time="0.0"/>
  <testcase name="TestALotOfAdding" classname="LocalCMCTests" time="0.0"/>
  <testcase name="TestALotOfAdding" classname="LocalCMCTests" time="0.0"/>
  <testcase name="TestALotOfAdding" classname="LocalCMCTests" time="0.0"/>
  <testcase name="TestALotOfAdding" classname="LocalCMCTests" time="0.0"/>
  <testcase name="TestALotOfAdding" classname="LocalCMCTests" time="0.0"/>
  <testcase name="TestALotOfAdding" classname="LocalCMCTests" time="0.001"/>
  <testcase name="TestALotOfAdding" classname="LocalCMCTests" time="0.0"/>
  <testcase name="TestALotOfAdding" classname="LocalCMCTests" time="0.001"/>
  <testcase name="TestALotOfAdding" classname="LocalCMCTests" time="0.002"/>
  <testcase name="TestALotOfAdding" classname="LocalCMCTests" time="0.0"/>
  <testcase name="TestALotOfAdding" classname="LocalCMCTests" time="0.001"/>
  <testcase name="TestALotOfAdding" classname="LocalCMCTests" time="0.001"/>
  <testcase name="TestALotOfAdding" classname="LocalCMCTests" time="0.0"/>
  <testcase name="TestALotOfAdding" classname="LocalCMCTests" time="0.0"/>
  <testcase name="TestALotOfAdding" classname="LocalCMCTests" time="0.001"/>
  <testcase name="TestALotOfAdding" classname="LocalCMCTests" time="0.001"/>
  <testcase name="TestALotOfAdding" classname="LocalCMCTests" time="0.001"/>
  <testcase name="TestALotOfAdding" classname="LocalCMCTests" time="0.001"/>
  <testcase name="TestALotOfAdding" classname="LocalCMCTests" time="0.0"/>
  <testcase name="TestALotOfAdding" classname="LocalCMCTests" time="0.0"/>
  <testcase name="TestALotOfAdding" classname="LocalCMCTests" time="0.001"/>
  <testcase name="TestALotOfAdding" classname="LocalCMCTests" time="0.001"/>
  <testcase name="TestALotOfAdding" classname="LocalCMCTests" time="0.002"/>
  <testcase name="TestALotOfAdding" classname="LocalCMCTests" time="0.0"/>
  <testcase name="TestALotOfAdding" classname="LocalCMCTests" time="0.002"/>
  <testcase name="TestALotOfAdding" classname="LocalCMCTests" time="0.001"/>
  <testcase name="TestALotOfAdding" classname="LocalCMCTests" time="0.001"/>
  <testcase name="TestALotOfAdding" classname="LocalCMCTests" time="0.0"/>
  <testcase name="TestALotOfAdding" classname="LocalCMCTests" time="0.0"/>
  <testcase name="TestALotOfAdding" classname="LocalCMCTests" time="0.0"/>
  <testcase name="TestALotOfAdding" classname="LocalCMCTests" time="0.0"/>
  <testcase name="TestALotOfAdding" classname="LocalCMCTests" time="0.001"/>
  <testcase name="TestALotOfAdding" classname="LocalCMCTests" time="0.0"/>
  <testcase name="TestALotOfAdding" classname="LocalCMCTests" time="0.001"/>
  <testcase name="TestALotOfAdding" classname="LocalCMCTests" time="0.002"/>
  <testcase name="TestALotOfAdding" classname="LocalCMCTests" time="0.001"/>
  <testcase name="TestALotOfAdding" classname="LocalCMCTests" time="0.002"/>
  <testcase name="TestALotOfAdding" classname="LocalCMCTests" time="0.0"/>
  <testcase name="TestALotOfAdding" classname="LocalCMCTests" time="0.001"/>
  <testcase name="TestALotOfAdding" classname="LocalCMCTests" time="0.001"/>
  <testcase name="TestALotOfAdding" classname="LocalCMCTests" time="0.0"/>
  <testcase name="TestALotOfAdding" classname="LocalCMCTests" time="0.0"/>
  <testcase name="TestALotOfAdding" classname="LocalCMCTests" time="0.0"/>
  <testcase name="TestALotOfAdding" classname="LocalCMCTests" time="0.0"/>
  <testcase name="TestALotOfAdding" classname="LocalCMCTests" time="0.001"/>
  <testcase name="TestALotOfAdding" classname="LocalCMCTests" time="0.0"/>
  <testcase name="TestALotOfAdding" classname="LocalCMCTests" time="0.0"/>
  <testcase name="TestALotOfAdding" classname="LocalCMCTests" time="0.002"/>
  <testcase name="TestALotOfAdding" classname="LocalCMCTests" time="0.002"/>
  <testcase name="TestALotOfAdding" classname="LocalCMCTests" time="0.001"/>
  <testcase name="TestALotOfAdding" classname="LocalCMCTests" time="0.0"/>
  <testcase name="TestALotOfAdding" classname="LocalCMCTests" time="0.001"/>
  <testcase name="TestALotOfAdding" classname="LocalCMCTests" time="0.0"/>
  <testcase name="TestALotOfAdding" classname="LocalCMCTests" time="0.001"/>
  <testcase name="TestALotOfAdding" classname="LocalCMCTests" time="0.001"/>
  <testcase name="TestALotOfAdding" classname="LocalCMCTests" time="0.001"/>
  <testcase name="TestALotOfAdding" classname="LocalCMCTests" time="0.001"/>
  <testcase name="TestALotOfAdding" classname="LocalCMCTests" time="0.002"/>
  <testcase name="TestALotOfAdding" classname="LocalCMCTests" time="0.0"/>
  <testcase name="TestALotOfAdding" classname="LocalCMCTests" time="0.001"/>
  <testcase name="TestALotOfAdding" classname="LocalCMCTests" time="0.0"/>
  <testcase name="TestALotOfAdding" classname="LocalCMCTests" time="0.001"/>
  <testcase name="TestALotOfAdding" classname="LocalCMCTests" time="0.0"/>
  <testcase name="TestALotOfAdding" classname="LocalCMCTests" time="0.0"/>
  <testcase name="TestALotOfAdding" classname="LocalCMCTests" time="0.001"/>
  <testcase name="TestALotOfAdding" classname="LocalCMCTests" time="0.001"/>
  <testcase name="TestALotOfAdding" classname="LocalCMCTests" time="0.0"/>
  <testcase name="TestALotOfAdding" classname="LocalCMCTests" time="0.0"/>
  <testcase name="TestALotOfAdding" classname="LocalCMCTests" time="0.0"/>
  <testcase name="TestALotOfAdding" classname="LocalCMCTests" time="0.001"/>
  <testcase name="TestALotOfAdding" classname="LocalCMCTests" time="0.0"/>
  <testcase name="TestALotOfAdding" classname="LocalCMCTests" time="0.001"/>
  <testcase name="TestALotOfAdding" classname="LocalCMCTests" time="0.001"/>
  <testcase name="TestALotOfAdding" classname="LocalCMCTests" time="0.001"/>
  <testcase name="TestALotOfAdding" classname="LocalCMCTests" time="0.001"/>
  <testcase name="TestALotOfAdding" classname="LocalCMCTests" time="0.0"/>
  <testcase name="TestALotOfAdding" classname="LocalCMCTests" time="0.001"/>
  <testcase name="TestALotOfAdding" classname="LocalCMCTests" time="0.001"/>
  <testcase name="TestALotOfAdding" classname="LocalCMCTests" time="0.001"/>
  <testcase name="TestALotOfAdding" classname="LocalCMCTests" time="0.001"/>
  <testcase name="TestALotOfAdding" classname="LocalCMCTests" time="0.0"/>
  <testcase name="TestALotOfAdding" classname="LocalCMCTests" time="0.001"/>
  <testcase name="TestALotOfAdding" classname="LocalCMCTests" time="0.0"/>
  <testcase name="TestALotOfAdding" classname="LocalCMCTests" time="0.001"/>
  <testcase name="TestALotOfAdding" classname="LocalCMCTests" time="0.001"/>
  <testcase name="TestALotOfAdding" classname="LocalCMCTests" time="0.0"/>
  <testcase name="TestALotOfAdding" classname="LocalCMCTests" time="0.002"/>
  <testcase name="TestALotOfAdding" classname="LocalCMCTests" time="0.001"/>
  <testcase name="TestALotOfAdding" classname="LocalCMCTests" time="0.0"/>
  <testcase name="TestALotOfAdding" classname="LocalCMCTests" time="0.0"/>
  <testcase name="TestALotOfAdding" classname="LocalCMCTests" time="0.002"/>
  <testcase name="TestALotOfAdding" classname="LocalCMCTests" time="0.0"/>
  <testcase name="TestALotOfAdding" classname="LocalCMCTests" time="0.001"/>
  <testcase name="TestALotOfAdding" classname="LocalCMCTests" time="0.002"/>
  <testcase name="TestALotOfAdding" classname="LocalCMCTests" time="0.001"/>
  <testcase name="TestALotOfAdding" classname="LocalCMCTests" time="0.001"/>
  <testcase name="TestALotOfAdding" classname="LocalCMCTests" time="0.001"/>
  <testcase name="TestALotOfAdding" classname="LocalCMCTests" time="0.001"/>
  <testcase name="TestALotOfAdding" classname="LocalCMCTests" time="0.001"/>
  <testcase name="TestALotOfAdding" classname="LocalCMCTests" time="0.0"/>
  <testcase name="TestALotOfAdding" classname="LocalCMCTests" time="0.001"/>
  <testcase name="TestALotOfAdding" classname="LocalCMCTests" time="0.001"/>
  <testcase name="TestALotOfAdding" classname="LocalCMCTests" time="0.001"/>
  <testcase name="TestALotOfAdding" classname="LocalCMCTests" time="0.0"/>
  <testcase name="TestALotOfAdding" classname="LocalCMCTests" time="0.0"/>
  <testcase name="TestALotOfAdding" classname="LocalCMCTests" time="0.0"/>
  <testcase name="TestALotOfAdding" classname="LocalCMCTests" time="0.0"/>
  <testcase name="TestALotOfAdding" classname="LocalCMCTests" time="0.001"/>
  <testcase name="TestALotOfAdding" classname="LocalCMCTests" time="0.0"/>
  <testcase name="TestALotOfAdding" classname="LocalCMCTests" time="0.0"/>
  <testcase name="TestALotOfAdding" classname="LocalCMCTests" time="0.001"/>
  <testcase name="TestALotOfAdding" classname="LocalCMCTests" time="0.001"/>
  <testcase name="TestALotOfAdding" classname="LocalCMCTests" time="0.001"/>
  <testcase name="TestALotOfAdding" classname="LocalCMCTests" time="0.0"/>
  <testcase name="TestALotOfAdding" classname="LocalCMCTests" time="0.0"/>
  <testcase name="TestALotOfAdding" classname="LocalCMCTests" time="0.001"/>
  <testcase name="TestALotOfAdding" classname="LocalCMCTests" time="0.001"/>
  <testcase name="TestALotOfAdding" classname="LocalCMCTests" time="0.001"/>
  <testcase name="TestALotOfAdding" classname="LocalCMCTests" time="0.001"/>
  <testcase name="TestALotOfAdding" classname="LocalCMCTests" time="0.0"/>
  <testcase name="TestALotOfAdding" classname="LocalCMCTests" time="0.0"/>
  <testcase name="TestALotOfAdding" classname="LocalCMCTests" time="0.0"/>
  <testcase name="TestALotOfAdding" classname="LocalCMCTests" time="0.001"/>
  <testcase name="TestALotOfAdding" classname="LocalCMCTests" time="0.001"/>
  <testcase name="TestALotOfAdding" classname="LocalCMCTests" time="0.001"/>
  <testcase name="TestALotOfAdding" classname="LocalCMCTests" time="0.001"/>
  <testcase name="TestALotOfAdding" classname="LocalCMCTests" time="0.001"/>
  <testcase name="TestALotOfAdding" classname="LocalCMCTests" time="0.0"/>
  <testcase name="TestALotOfAdding" classname="LocalCMCTests" time="0.001"/>
  <testcase name="TestALotOfAdding" classname="LocalCMCTests" time="0.001"/>
  <testcase name="TestALotOfAdding" classname="LocalCMCTests" time="0.0"/>
  <testcase name="TestALotOfAdding" classname="LocalCMCTests" time="0.001"/>
  <testcase name="TestALotOfAdding" classname="LocalCMCTests" time="0.002"/>
  <testcase name="TestALotOfAdding" classname="LocalCMCTests" time="0.0"/>
  <testcase name="TestALotOfAdding" classname="LocalCMCTests" time="0.0"/>
  <testcase name="TestALotOfAdding" classname="LocalCMCTests" time="0.001"/>
  <testcase name="TestALotOfAdding" classname="LocalCMCTests" time="0.0"/>
  <testcase name="TestALotOfAdding" classname="LocalCMCTests" time="0.0"/>
  <testcase name="TestALotOfAdding" classname="LocalCMCTests" time="0.001"/>
  <testcase name="TestALotOfAdding" classname="LocalCMCTests" time="0.001"/>
  <testcase name="TestALotOfAdding" classname="LocalCMCTests" time="0.001"/>
  <testcase name="TestALotOfAdding" classname="LocalCMCTests" time="0.002"/>
  <testcase name="TestALotOfAdding" classname="LocalCMCTests" time="0.0"/>
  <testcase name="TestALotOfAdding" classname="LocalCMCTests" time="0.001"/>
  <testcase name="TestALotOfAdding" classname="LocalCMCTests" time="0.001"/>
  <testcase name="TestALotOfAdding" classname="LocalCMCTests" time="0.001"/>
  <testcase name="TestALotOfAdding" classname="LocalCMCTests" time="0.001"/>
  <testcase name="TestALotOfAdding" classname="LocalCMCTests" time="0.0"/>
  <testcase name="TestALotOfAdding" classname="LocalCMCTests" time="0.001"/>
  <testcase name="TestALotOfAdding" classname="LocalCMCTests" time="0.0"/>
  <testcase name="TestALotOfAdding" classname="LocalCMCTests" time="0.0"/>
  <testcase name="TestALotOfAdding" classname="LocalCMCTests" time="0.0"/>
  <testcase name="TestALotOfAdding" classname="LocalCMCTests" time="0.0"/>
  <testcase name="TestALotOfAdding" classname="LocalCMCTests" time="0.0"/>
  <testcase name="TestALotOfAdding" classname="LocalCMCTests" time="0.0"/>
  <testcase name="TestALotOfAdding" classname="LocalCMCTests" time="0.0"/>
  <testcase name="TestALotOfAdding" classname="LocalCMCTests" time="0.001"/>
  <testcase name="TestALotOfAdding" classname="LocalCMCTests" time="0.001"/>
  <testcase name="TestALotOfAdding" classname="LocalCMCTests" time="0.0"/>
  <testcase name="TestALotOfAdding" classname="LocalCMCTests" time="0.001"/>
  <testcase name="TestALotOfAdding" classname="LocalCMCTests" time="0.001"/>
  <testcase name="TestALotOfAdding" classname="LocalCMCTests" time="0.001"/>
  <testcase name="TestALotOfAdding" classname="LocalCMCTests" time="0.0"/>
  <testcase name="TestALotOfAdding" classname="LocalCMCTests" time="0.001"/>
  <testcase name="TestALotOfAdding" classname="LocalCMCTests" time="0.0"/>
  <testcase name="TestALotOfAdding" classname="LocalCMCTests" time="0.001"/>
  <testcase name="TestALotOfAdding" classname="LocalCMCTests" time="0.001"/>
  <testcase name="TestALotOfAdding" classname="LocalCMCTests" time="0.001"/>
  <testcase name="TestALotOfAdding" classname="LocalCMCTests" time="0.001"/>
  <testcase name="TestALotOfAdding" classname="LocalCMCTests" time="0.0"/>
  <testcase name="TestALotOfAdding" classname="LocalCMCTests" time="0.0"/>
  <testcase name="TestALotOfAdding" classname="LocalCMCTests" time="0.001"/>
  <testcase name="TestALotOfAdding" classname="LocalCMCTests" time="0.001"/>
  <testcase name="TestALotOfAdding" classname="LocalCMCTests" time="0.003"/>
  <testcase name="TestALotOfAdding" classname="LocalCMCTests" time="0.0"/>
  <testcase name="TestALotOfAdding" classname="LocalCMCTests" time="0.0"/>
  <testcase name="TestALotOfAdding" classname="LocalCMCTests" time="0.0"/>
  <testcase name="TestALotOfAdding" classname="LocalCMCTests" time="0.001"/>
  <testcase name="TestALotOfAdding" classname="LocalCMCTests" time="0.001"/>
  <testcase name="TestALotOfAdding" classname="LocalCMCTests" time="0.0"/>
  <testcase name="TestALotOfAdding" classname="LocalCMCTests" time="0.001"/>
  <testcase name="TestALotOfAdding" classname="LocalCMCTests" time="0.0"/>
  <testcase name="TestALotOfAdding" classname="LocalCMCTests" time="0.0"/>
  <testcase name="TestALotOfAdding" classname="LocalCMCTests" time="0.001"/>
  <testcase name="TestALotOfAdding" classname="LocalCMCTests" time="0.001"/>
  <testcase name="TestALotOfAdding" classname="LocalCMCTests" time="0.001"/>
  <testcase name="TestALotOfAdding" classname="LocalCMCTests" time="0.001"/>
  <testcase name="TestALotOfAdding" classname="LocalCMCTests" time="0.0"/>
  <testcase name="TestALotOfAdding" classname="LocalCMCTests" time="0.002"/>
  <testcase name="TestALotOfAdding" classname="LocalCMCTests" time="0.001"/>
  <testcase name="TestALotOfAdding" classname="LocalCMCTests" time="0.0"/>
  <testcase name="TestALotOfAdding" classname="LocalCMCTests" time="0.0"/>
  <testcase name="TestALotOfAdding" classname="LocalCMCTests" time="0.001"/>
  <testcase name="TestALotOfAdding" classname="LocalCMCTests" time="0.0"/>
  <testcase name="TestALotOfAdding" classname="LocalCMCTests" time="0.0"/>
  <testcase name="TestALotOfAdding" classname="LocalCMCTests" time="0.0"/>
  <testcase name="TestALotOfAdding" classname="LocalCMCTests" time="0.0"/>
  <testcase name="TestALotOfAdding" classname="LocalCMCTests" time="0.0"/>
  <testcase name="TestALotOfAdding" classname="LocalCMCTests" time="0.001"/>
  <testcase name="TestALotOfAdding" classname="LocalCMCTests" time="0.002"/>
  <testcase name="TestALotOfAdding" classname="LocalCMCTests" time="0.0"/>
  <testcase name="TestALotOfAdding" classname="LocalCMCTests" time="0.002"/>
  <testcase name="TestALotOfAdding" classname="LocalCMCTests" time="0.001"/>
  <testcase name="TestALotOfAdding" classname="LocalCMCTests" time="0.0"/>
  <testcase name="TestALotOfAdding" classname="LocalCMCTests" time="0.001"/>
  <testcase name="TestALotOfAdding" classname="LocalCMCTests" time="0.0"/>
  <testcase name="TestALotOfAdding" classname="LocalCMCTests" time="0.001"/>
  <testcase name="TestALotOfAdding" classname="LocalCMCTests" time="0.001"/>
  <testcase name="TestALotOfAdding" classname="LocalCMCTests" time="0.001"/>
  <testcase name="TestALotOfAdding" classname="LocalCMCTests" time="0.0"/>
  <testcase name="TestALotOfAdding" classname="LocalCMCTests" time="0.0"/>
  <testcase name="TestALotOfAdding" classname="LocalCMCTests" time="0.0"/>
  <testcase name="TestALotOfAdding" classname="LocalCMCTests" time="0.0"/>
  <testcase name="TestALotOfAdding" classname="LocalCMCTests" time="0.002"/>
  <testcase name="TestALotOfAdding" classname="LocalCMCTests" time="0.001"/>
  <testcase name="TestALotOfAdding" classname="LocalCMCTests" time="0.0"/>
  <testcase name="TestALotOfAdding" classname="LocalCMCTests" time="0.0"/>
  <testcase name="TestALotOfAdding" classname="LocalCMCTests" time="0.001"/>
  <testcase name="TestALotOfAdding" classname="LocalCMCTests" time="0.002"/>
  <testcase name="TestALotOfAdding" classname="LocalCMCTests" time="0.0"/>
  <testcase name="TestALotOfAdding" classname="LocalCMCTests" time="0.0"/>
  <testcase name="TestALotOfAdding" classname="LocalCMCTests" time="0.001"/>
  <testcase name="TestALotOfAdding" classname="LocalCMCTests" time="0.001"/>
  <testcase name="TestALotOfAdding" classname="LocalCMCTests" time="0.001"/>
  <testcase name="TestALotOfAdding" classname="LocalCMCTests" time="0.001"/>
  <testcase name="TestALotOfAdding" classname="LocalCMCTests" time="0.002"/>
  <testcase name="TestALotOfAdding" classname="LocalCMCTests" time="0.0"/>
  <testcase name="TestALotOfAdding" classname="LocalCMCTests" time="0.001"/>
  <testcase name="TestALotOfAdding" classname="LocalCMCTests" time="0.0"/>
  <testcase name="TestALotOfAdding" classname="LocalCMCTests" time="0.001"/>
  <testcase name="TestALotOfAdding" classname="LocalCMCTests" time="0.001"/>
  <testcase name="TestALotOfAdding" classname="LocalCMCTests" time="0.001"/>
  <testcase name="TestALotOfAdding" classname="LocalCMCTests" time="0.001"/>
  <testcase name="TestALotOfAdding" classname="LocalCMCTests" time="0.001"/>
  <testcase name="TestALotOfAdding" classname="LocalCMCTests" time="0.0"/>
  <testcase name="TestALotOfAdding" classname="LocalCMCTests" time="0.001"/>
  <testcase name="TestALotOfAdding" classname="LocalCMCTests" time="0.0"/>
  <testcase name="TestALotOfAdding" classname="LocalCMCTests" time="0.0"/>
  <testcase name="TestALotOfAdding" classname="LocalCMCTests" time="0.0"/>
  <testcase name="TestALotOfAdding" classname="LocalCMCTests" time="0.0"/>
  <testcase name="TestALotOfAdding" classname="LocalCMCTests" time="0.001"/>
  <testcase name="TestALotOfAdding" classname="LocalCMCTests" time="0.0"/>
  <testcase name="TestALotOfAdding" classname="LocalCMCTests" time="0.001"/>
  <testcase name="TestALotOfAdding" classname="LocalCMCTests" time="0.001"/>
  <testcase name="TestALotOfAdding" classname="LocalCMCTests" time="0.0"/>
  <testcase name="TestALotOfAdding" classname="LocalCMCTests" time="0.001"/>
  <testcase name="TestALotOfAdding" classname="LocalCMCTests" time="0.001"/>
  <testcase name="TestALotOfAdding" classname="LocalCMCTests" time="0.001"/>
  <testcase name="TestALotOfAdding" classname="LocalCMCTests" time="0.001"/>
  <testcase name="TestALotOfAdding" classname="LocalCMCTests" time="0.001"/>
  <testcase name="TestALotOfAdding" classname="LocalCMCTests" time="0.0"/>
  <testcase name="TestALotOfAdding" classname="LocalCMCTests" time="0.001"/>
  <testcase name="TestALotOfAdding" classname="LocalCMCTests" time="0.0"/>
  <testcase name="TestALotOfAdding" classname="LocalCMCTests" time="0.0"/>
  <testcase name="TestALotOfAdding" classname="LocalCMCTests" time="0.0"/>
  <testcase name="TestALotOfAdding" classname="LocalCMCTests" time="0.001"/>
  <testcase name="TestALotOfAdding" classname="LocalCMCTests" time="0.0"/>
  <testcase name="TestALotOfAdding" classname="LocalCMCTests" time="0.0"/>
  <testcase name="TestALotOfAdding" classname="LocalCMCTests" time="0.0"/>
  <testcase name="TestALotOfAdding" classname="LocalCMCTests" time="0.001"/>
  <testcase name="TestALotOfAdding" classname="LocalCMCTests" time="0.002"/>
  <testcase name="TestALotOfAdding" classname="LocalCMCTests" time="0.001"/>
  <testcase name="TestALotOfAdding" classname="LocalCMCTests" time="0.001"/>
  <testcase name="TestALotOfAdding" classname="LocalCMCTests" time="0.001"/>
  <testcase name="TestALotOfAdding" classname="LocalCMCTests" time="0.001"/>
  <testcase name="TestALotOfAdding" classname="LocalCMCTests" time="0.001"/>
  <testcase name="TestALotOfAdding" classname="LocalCMCTests" time="0.0"/>
  <testcase name="TestALotOfAdding" classname="LocalCMCTests" time="0.0"/>
  <testcase name="TestALotOfAdding" classname="LocalCMCTests" time="0.0"/>
  <testcase name="TestALotOfAdding" classname="LocalCMCTests" time="0.002"/>
  <testcase name="TestALotOfAdding" classname="LocalCMCTests" time="0.0"/>
  <testcase name="TestALotOfAdding" classname="LocalCMCTests" time="0.001"/>
  <testcase name="TestALotOfAdding" classname="LocalCMCTests" time="0.0"/>
  <testcase name="TestALotOfAdding" classname="LocalCMCTests" time="0.001"/>
  <testcase name="TestALotOfAdding" classname="LocalCMCTests" time="0.0"/>
  <testcase name="TestALotOfAdding" classname="LocalCMCTests" time="0.001"/>
  <testcase name="TestALotOfAdding" classname="LocalCMCTests" time="0.001"/>
  <testcase name="TestALotOfAdding" classname="LocalCMCTests" time="0.003"/>
  <testcase name="TestALotOfAdding" classname="LocalCMCTests" time="0.0"/>
  <testcase name="TestALotOfAdding" classname="LocalCMCTests" time="0.0"/>
  <testcase name="TestALotOfAdding" classname="LocalCMCTests" time="0.0"/>
  <testcase name="TestALotOfAdding" classname="LocalCMCTests" time="0.0"/>
  <testcase name="TestALotOfAdding" classname="LocalCMCTests" time="0.001"/>
  <testcase name="TestALotOfAdding" classname="LocalCMCTests" time="0.0"/>
  <testcase name="TestALotOfAdding" classname="LocalCMCTests" time="0.001"/>
  <testcase name="TestALotOfAdding" classname="LocalCMCTests" time="0.0"/>
  <testcase name="TestALotOfAdding" classname="LocalCMCTests" time="0.001"/>
  <testcase name="TestALotOfAdding" classname="LocalCMCTests" time="0.001"/>
  <testcase name="TestALotOfAdding" classname="LocalCMCTests" time="0.0"/>
  <testcase name="TestALotOfAdding" classname="LocalCMCTests" time="0.001"/>
  <testcase name="TestALotOfAdding" classname="LocalCMCTests" time="0.0"/>
  <testcase name="TestALotOfAdding" classname="LocalCMCTests" time="0.0"/>
  <testcase name="TestALotOfAdding" classname="LocalCMCTests" time="0.001"/>
  <testcase name="TestALotOfAdding" classname="LocalCMCTests" time="0.0"/>
  <testcase name="TestALotOfAdding" classname="LocalCMCTests" time="0.002"/>
  <testcase name="TestALotOfAdding" classname="LocalCMCTests" time="0.0"/>
  <testcase name="TestALotOfAdding" classname="LocalCMCTests" time="0.001"/>
  <testcase name="TestALotOfAdding" classname="LocalCMCTests" time="0.001"/>
  <testcase name="TestALotOfAdding" classname="LocalCMCTests" time="0.001"/>
  <testcase name="TestALotOfAdding" classname="LocalCMCTests" time="0.002"/>
  <testcase name="TestALotOfAdding" classname="LocalCMCTests" time="0.0"/>
  <testcase name="TestALotOfAdding" classname="LocalCMCTests" time="0.0"/>
  <testcase name="TestALotOfAdding" classname="LocalCMCTests" time="0.0"/>
  <testcase name="TestALotOfAdding" classname="LocalCMCTests" time="0.0"/>
  <testcase name="TestALotOfAdding" classname="LocalCMCTests" time="0.0"/>
  <testcase name="TestALotOfAdding" classname="LocalCMCTests" time="0.0"/>
  <testcase name="TestALotOfAdding" classname="LocalCMCTests" time="0.001"/>
  <testcase name="TestALotOfAdding" classname="LocalCMCTests" time="0.001"/>
  <testcase name="TestALotOfAdding" classname="LocalCMCTests" time="0.0"/>
  <testcase name="TestALotOfAdding" classname="LocalCMCTests" time="0.002"/>
  <testcase name="TestALotOfAdding" classname="LocalCMCTests" time="0.001"/>
  <testcase name="TestALotOfAdding" classname="LocalCMCTests" time="0.001"/>
  <testcase name="TestALotOfAdding" classname="LocalCMCTests" time="0.001"/>
  <testcase name="TestALotOfAdding" classname="LocalCMCTests" time="0.001"/>
  <testcase name="TestALotOfAdding" classname="LocalCMCTests" time="0.0"/>
  <testcase name="TestALotOfAdding" classname="LocalCMCTests" time="0.001"/>
  <testcase name="TestALotOfAdding" classname="LocalCMCTests" time="0.001"/>
  <testcase name="TestALotOfAdding" classname="LocalCMCTests" time="0.0"/>
  <testcase name="TestALotOfAdding" classname="LocalCMCTests" time="0.001"/>
  <testcase name="TestALotOfAdding" classname="LocalCMCTests" time="0.001"/>
  <testcase name="TestALotOfAdding" classname="LocalCMCTests" time="0.0"/>
  <testcase name="TestALotOfAdding" classname="LocalCMCTests" time="0.0"/>
  <testcase name="TestALotOfAdding" classname="LocalCMCTests" time="0.0"/>
  <testcase name="TestALotOfAdding" classname="LocalCMCTests" time="0.0"/>
  <testcase name="TestALotOfAdding" classname="LocalCMCTests" time="0.0"/>
  <testcase name="TestALotOfAdding" classname="LocalCMCTests" time="0.001"/>
  <testcase name="TestALotOfAdding" classname="LocalCMCTests" time="0.001"/>
  <testcase name="TestALotOfAdding" classname="LocalCMCTests" time="0.001"/>
  <testcase name="TestALotOfAdding" classname="LocalCMCTests" time="0.001"/>
  <testcase name="TestALotOfAdding" classname="LocalCMCTests" time="0.003"/>
  <testcase name="TestALotOfAdding" classname="LocalCMCTests" time="0.0"/>
  <testcase name="TestALotOfAdding" classname="LocalCMCTests" time="0.001"/>
  <testcase name="TestALotOfAdding" classname="LocalCMCTests" time="0.001"/>
  <testcase name="TestALotOfAdding" classname="LocalCMCTests" time="0.0"/>
  <testcase name="TestALotOfAdding" classname="LocalCMCTests" time="0.0"/>
  <testcase name="TestALotOfAdding" classname="LocalCMCTests" time="0.001"/>
  <testcase name="TestALotOfAdding" classname="LocalCMCTests" time="0.001"/>
  <testcase name="TestALotOfAdding" classname="LocalCMCTests" time="0.0"/>
  <testcase name="TestALotOfAdding" classname="LocalCMCTests" time="0.0"/>
  <testcase name="TestALotOfAdding" classname="LocalCMCTests" time="0.0"/>
  <testcase name="TestALotOfAdding" classname="LocalCMCTests" time="0.0"/>
  <testcase name="TestALotOfAdding" classname="LocalCMCTests" time="0.0"/>
  <testcase name="TestALotOfAdding" classname="LocalCMCTests" time="0.001"/>
  <testcase name="TestALotOfAdding" classname="LocalCMCTests" time="0.0"/>
  <testcase name="TestALotOfAdding" classname="LocalCMCTests" time="0.001"/>
  <testcase name="TestALotOfAdding" classname="LocalCMCTests" time="0.001"/>
  <testcase name="TestALotOfAdding" classname="LocalCMCTests" time="0.001"/>
  <testcase name="TestALotOfAdding" classname="LocalCMCTests" time="0.001"/>
  <testcase name="TestALotOfAdding" classname="LocalCMCTests" time="0.001"/>
  <testcase name="TestALotOfAdding" classname="LocalCMCTests" time="0.002"/>
  <testcase name="TestALotOfAdding" classname="LocalCMCTests" time="0.0"/>
  <testcase name="TestALotOfAdding" classname="LocalCMCTests" time="0.001"/>
  <testcase name="TestALotOfAdding" classname="LocalCMCTests" time="0.0"/>
  <testcase name="TestALotOfAdding" classname="LocalCMCTests" time="0.0"/>
  <testcase name="TestALotOfAdding" classname="LocalCMCTests" time="0.0"/>
  <testcase name="TestALotOfAdding" classname="LocalCMCTests" time="0.001"/>
  <testcase name="TestALotOfAdding" classname="LocalCMCTests" time="0.0"/>
  <testcase name="TestALotOfAdding" classname="LocalCMCTests" time="0.001"/>
  <testcase name="TestALotOfAdding" classname="LocalCMCTests" time="0.0"/>
  <testcase name="TestALotOfAdding" classname="LocalCMCTests" time="0.0"/>
  <testcase name="TestALotOfAdding" classname="LocalCMCTests" time="0.001"/>
  <testcase name="TestALotOfAdding" classname="LocalCMCTests" time="0.001"/>
  <testcase name="TestALotOfAdding" classname="LocalCMCTests" time="0.0"/>
  <testcase name="TestALotOfAdding" classname="LocalCMCTests" time="0.001"/>
  <testcase name="TestALotOfAdding" classname="LocalCMCTests" time="0.0"/>
  <testcase name="TestALotOfAdding" classname="LocalCMCTests" time="0.001"/>
  <testcase name="TestALotOfAdding" classname="LocalCMCTests" time="0.001"/>
  <testcase name="TestALotOfAdding" classname="LocalCMCTests" time="0.001"/>
  <testcase name="TestALotOfAdding" classname="LocalCMCTests" time="0.001"/>
  <testcase name="TestALotOfAdding" classname="LocalCMCTests" time="0.0"/>
  <testcase name="TestALotOfAdding" classname="LocalCMCTests" time="0.0"/>
  <testcase name="TestALotOfAdding" classname="LocalCMCTests" time="0.0"/>
  <testcase name="TestALotOfAdding" classname="LocalCMCTests" time="0.0"/>
  <testcase name="TestALotOfAdding" classname="LocalCMCTests" time="0.0"/>
  <testcase name="TestALotOfAdding" classname="LocalCMCTests" time="0.0"/>
  <testcase name="TestALotOfAdding" classname="LocalCMCTests" time="0.001"/>
  <testcase name="TestALotOfAdding" classname="LocalCMCTests" time="0.001"/>
  <testcase name="TestALotOfAdding" classname="LocalCMCTests" time="0.0"/>
  <testcase name="TestALotOfAdding" classname="LocalCMCTests" time="0.001"/>
  <testcase name="TestALotOfAdding" classname="LocalCMCTests" time="0.001"/>
  <testcase name="TestALotOfAdding" classname="LocalCMCTests" time="0.001"/>
  <testcase name="TestALotOfAdding" classname="LocalCMCTests" time="0.001"/>
  <testcase name="TestALotOfAdding" classname="LocalCMCTests" time="0.0"/>
  <testcase name="TestALotOfAdding" classname="LocalCMCTests" time="0.001"/>
  <testcase name="TestALotOfAdding" classname="LocalCMCTests" time="0.0"/>
  <testcase name="TestALotOfAdding" classname="LocalCMCTests" time="0.0"/>
  <testcase name="TestALotOfAdding" classname="LocalCMCTests" time="0.001"/>
  <testcase name="TestALotOfAdding" classname="LocalCMCTests" time="0.001"/>
  <testcase name="TestALotOfAdding" classname="LocalCMCTests" time="0.0"/>
  <testcase name="TestALotOfAdding" classname="LocalCMCTests" time="0.0"/>
  <testcase name="TestALotOfAdding" classname="LocalCMCTests" time="0.001"/>
  <testcase name="TestALotOfAdding" classname="LocalCMCTests" time="0.0"/>
  <testcase name="TestALotOfAdding" classname="LocalCMCTests" time="0.001"/>
  <testcase name="TestALotOfAdding" classname="LocalCMCTests" time="0.0"/>
  <testcase name="TestALotOfAdding" classname="LocalCMCTests" time="0.001"/>
  <testcase name="TestALotOfAdding" classname="LocalCMCTests" time="0.001"/>
  <testcase name="TestALotOfAdding" classname="LocalCMCTests" time="0.001"/>
  <testcase name="TestALotOfAdding" classname="LocalCMCTests" time="0.001"/>
  <testcase name="TestALotOfAdding" classname="LocalCMCTests" time="0.0"/>
  <testcase name="TestALotOfAdding" classname="LocalCMCTests" time="0.001"/>
  <testcase name="TestALotOfAdding" classname="LocalCMCTests" time="0.001"/>
  <testcase name="TestALotOfAdding" classname="LocalCMCTests" time="0.001"/>
  <testcase name="TestALotOfAdding" classname="LocalCMCTests" time="0.001"/>
  <testcase name="TestALotOfAdding" classname="LocalCMCTests" time="0.0"/>
  <testcase name="TestALotOfAdding" classname="LocalCMCTests" time="0.001"/>
  <testcase name="TestALotOfAdding" classname="LocalCMCTests" time="0.0"/>
  <testcase name="TestALotOfAdding" classname="LocalCMCTests" time="0.001"/>
  <testcase name="TestALotOfAdding" classname="LocalCMCTests" time="0.0"/>
  <testcase name="TestALotOfAdding" classname="LocalCMCTests" time="0.0"/>
  <testcase name="TestALotOfAdding" classname="LocalCMCTests" time="0.0"/>
  <testcase name="TestALotOfAdding" classname="LocalCMCTests" time="0.0"/>
  <testcase name="TestALotOfAdding" classname="LocalCMCTests" time="0.001"/>
  <testcase name="TestALotOfAdding" classname="LocalCMCTests" time="0.001"/>
  <testcase name="TestALotOfAdding" classname="LocalCMCTests" time="0.001"/>
  <testcase name="TestALotOfAdding" classname="LocalCMCTests" time="0.002"/>
  <testcase name="TestALotOfAdding" classname="LocalCMCTests" time="0.001"/>
  <testcase name="TestALotOfAdding" classname="LocalCMCTests" time="0.0"/>
  <testcase name="TestALotOfAdding" classname="LocalCMCTests" time="0.0"/>
  <testcase name="TestALotOfAdding" classname="LocalCMCTests" time="0.0"/>
  <testcase name="TestALotOfAdding" classname="LocalCMCTests" time="0.0"/>
  <testcase name="TestALotOfAdding" classname="LocalCMCTests" time="0.0"/>
  <testcase name="TestALotOfAdding" classname="LocalCMCTests" time="0.0"/>
  <testcase name="TestALotOfAdding" classname="LocalCMCTests" time="0.001"/>
  <testcase name="TestALotOfAdding" classname="LocalCMCTests" time="0.0"/>
  <testcase name="TestALotOfAdding" classname="LocalCMCTests" time="0.001"/>
  <testcase name="TestALotOfAdding" classname="LocalCMCTests" time="0.001"/>
  <testcase name="TestALotOfAdding" classname="LocalCMCTests" time="0.001"/>
  <testcase name="TestALotOfAdding" classname="LocalCMCTests" time="0.001"/>
  <testcase name="TestALotOfAdding" classname="LocalCMCTests" time="0.0"/>
  <testcase name="TestALotOfAdding" classname="LocalCMCTests" time="0.001"/>
  <testcase name="TestALotOfAdding" classname="LocalCMCTests" time="0.001"/>
  <testcase name="TestALotOfAdding" classname="LocalCMCTests" time="0.0"/>
  <testcase name="TestALotOfAdding" classname="LocalCMCTests" time="0.001"/>
  <testcase name="TestALotOfAdding" classname="LocalCMCTests" time="0.001"/>
  <testcase name="TestALotOfAdding" classname="LocalCMCTests" time="0.001"/>
  <testcase name="TestALotOfAdding" classname="LocalCMCTests" time="0.0"/>
  <testcase name="TestALotOfAdding" classname="LocalCMCTests" time="0.0"/>
  <testcase name="TestALotOfAdding" classname="LocalCMCTests" time="0.0"/>
  <testcase name="TestALotOfAdding" classname="LocalCMCTests" time="0.002"/>
  <testcase name="TestALotOfAdding" classname="LocalCMCTests" time="0.0"/>
  <testcase name="TestALotOfAdding" classname="LocalCMCTests" time="0.0"/>
  <testcase name="TestALotOfAdding" classname="LocalCMCTests" time="0.002"/>
  <testcase name="TestALotOfAdding" classname="LocalCMCTests" time="0.0"/>
  <testcase name="TestALotOfAdding" classname="LocalCMCTests" time="0.0"/>
  <testcase name="TestALotOfAdding" classname="LocalCMCTests" time="0.001"/>
  <testcase name="TestALotOfAdding" classname="LocalCMCTests" time="0.001"/>
  <testcase name="TestALotOfAdding" classname="LocalCMCTests" time="0.0"/>
  <testcase name="TestALotOfAdding" classname="LocalCMCTests" time="0.001"/>
  <testcase name="TestALotOfAdding" classname="LocalCMCTests" time="0.001"/>
  <testcase name="TestALotOfAdding" classname="LocalCMCTests" time="0.001"/>
  <testcase name="TestALotOfAdding" classname="LocalCMCTests" time="0.002"/>
  <testcase name="TestALotOfAdding" classname="LocalCMCTests" time="0.001"/>
  <testcase name="TestALotOfAdding" classname="LocalCMCTests" time="0.0"/>
  <testcase name="TestALotOfAdding" classname="LocalCMCTests" time="0.002"/>
  <testcase name="TestALotOfAdding" classname="LocalCMCTests" time="0.002"/>
  <testcase name="TestALotOfAdding" classname="LocalCMCTests" time="0.002"/>
  <testcase name="TestALotOfAdding" classname="LocalCMCTests" time="0.003"/>
  <testcase name="TestALotOfAdding" classname="LocalCMCTests" time="0.002"/>
  <testcase name="TestALotOfAdding" classname="LocalCMCTests" time="0.002"/>
  <testcase name="TestALotOfAdding" classname="LocalCMCTests" time="0.002"/>
  <testcase name="TestALotOfAdding" classname="LocalCMCTests" time="0.0"/>
  <testcase name="TestALotOfAdding" classname="LocalCMCTests" time="0.002"/>
  <testcase name="TestALotOfAdding" classname="LocalCMCTests" time="0.0"/>
  <testcase name="TestALotOfAdding" classname="LocalCMCTests" time="0.0"/>
  <testcase name="TestALotOfAdding" classname="LocalCMCTests" time="0.0"/>
  <testcase name="TestALotOfAdding" classname="LocalCMCTests" time="0.0"/>
  <testcase name="TestALotOfAdding" classname="LocalCMCTests" time="0.0"/>
  <testcase name="TestALotOfAdding" classname="LocalCMCTests" time="0.0"/>
  <testcase name="TestALotOfAdding" classname="LocalCMCTests" time="0.0"/>
  <testcase name="TestALotOfAdding" classname="LocalCMCTests" time="0.0"/>
  <testcase name="TestALotOfAdding" classname="LocalCMCTests" time="0.001"/>
  <testcase name="TestALotOfAdding" classname="LocalCMCTests" time="0.001"/>
  <testcase name="TestALotOfAdding" classname="LocalCMCTests" time="0.0"/>
  <testcase name="TestALotOfAdding" classname="LocalCMCTests" time="0.001"/>
  <testcase name="TestALotOfAdding" classname="LocalCMCTests" time="0.001"/>
  <testcase name="TestALotOfAdding" classname="LocalCMCTests" time="0.001"/>
  <testcase name="TestALotOfAdding" classname="LocalCMCTests" time="0.0"/>
  <testcase name="TestALotOfAdding" classname="LocalCMCTests" time="0.001"/>
  <testcase name="TestALotOfAdding" classname="LocalCMCTests" time="0.0"/>
  <testcase name="TestALotOfAdding" classname="LocalCMCTests" time="0.001"/>
  <testcase name="TestALotOfAdding" classname="LocalCMCTests" time="0.0"/>
  <testcase name="TestALotOfAdding" classname="LocalCMCTests" time="0.0"/>
  <testcase name="TestALotOfAdding" classname="LocalCMCTests" time="0.0"/>
  <testcase name="TestALotOfAdding" classname="LocalCMCTests" time="0.001"/>
  <testcase name="TestALotOfAdding" classname="LocalCMCTests" time="0.001"/>
  <testcase name="TestALotOfAdding" classname="LocalCMCTests" time="0.0"/>
  <testcase name="TestALotOfAdding" classname="LocalCMCTests" time="0.001"/>
  <testcase name="TestALotOfAdding" classname="LocalCMCTests" time="0.001"/>
  <testcase name="TestALotOfAdding" classname="LocalCMCTests" time="0.001"/>
  <testcase name="TestALotOfAdding" classname="LocalCMCTests" time="0.001"/>
  <testcase name="TestALotOfAdding" classname="LocalCMCTests" time="0.001"/>
  <testcase name="TestALotOfAdding" classname="LocalCMCTests" time="0.0"/>
  <testcase name="TestALotOfAdding" classname="LocalCMCTests" time="0.0"/>
  <testcase name="TestALotOfAdding" classname="LocalCMCTests" time="0.0"/>
  <testcase name="TestALotOfAdding" classname="LocalCMCTests" time="0.001"/>
  <testcase name="TestALotOfAdding" classname="LocalCMCTests" time="0.0"/>
  <testcase name="TestALotOfAdding" classname="LocalCMCTests" time="0.001"/>
  <testcase name="TestALotOfAdding" classname="LocalCMCTests" time="0.001"/>
  <testcase name="TestALotOfAdding" classname="LocalCMCTests" time="0.001"/>
  <testcase name="TestALotOfAdding" classname="LocalCMCTests" time="0.0"/>
  <testcase name="TestALotOfAdding" classname="LocalCMCTests" time="0.0"/>
  <testcase name="TestALotOfAdding" classname="LocalCMCTests" time="0.0"/>
  <testcase name="TestALotOfAdding" classname="LocalCMCTests" time="0.0"/>
  <testcase name="TestALotOfAdding" classname="LocalCMCTests" time="0.001"/>
  <testcase name="TestALotOfAdding" classname="LocalCMCTests" time="0.001"/>
  <testcase name="TestALotOfAdding" classname="LocalCMCTests" time="0.001"/>
  <testcase name="TestALotOfAdding" classname="LocalCMCTests" time="0.001"/>
  <testcase name="TestALotOfAdding" classname="LocalCMCTests" time="0.0"/>
  <testcase name="TestALotOfAdding" classname="LocalCMCTests" time="0.0"/>
  <testcase name="TestALotOfAdding" classname="LocalCMCTests" time="0.0"/>
  <testcase name="TestALotOfAdding" classname="LocalCMCTests" time="0.001"/>
  <testcase name="TestALotOfAdding" classname="LocalCMCTests" time="0.0"/>
  <testcase name="TestALotOfAdding" classname="LocalCMCTests" time="0.0"/>
  <testcase name="TestALotOfAdding" classname="LocalCMCTests" time="0.0"/>
  <testcase name="TestALotOfAdding" classname="LocalCMCTests" time="0.001"/>
  <testcase name="TestALotOfAdding" classname="LocalCMCTests" time="0.002"/>
  <testcase name="TestALotOfAdding" classname="LocalCMCTests" time="0.001"/>
  <testcase name="TestALotOfAdding" classname="LocalCMCTests" time="0.0"/>
  <testcase name="TestALotOfAdding" classname="LocalCMCTests" time="0.0"/>
  <testcase name="TestALotOfAdding" classname="LocalCMCTests" time="0.0"/>
  <testcase name="TestALotOfAdding" classname="LocalCMCTests" time="0.001"/>
  <testcase name="TestALotOfAdding" classname="LocalCMCTests" time="0.001"/>
  <testcase name="TestALotOfAdding" classname="LocalCMCTests" time="0.002"/>
  <testcase name="TestALotOfAdding" classname="LocalCMCTests" time="0.0"/>
  <testcase name="TestALotOfAdding" classname="LocalCMCTests" time="0.001"/>
  <testcase name="TestALotOfAdding" classname="LocalCMCTests" time="0.0"/>
  <testcase name="TestALotOfAdding" classname="LocalCMCTests" time="0.0"/>
  <testcase name="TestALotOfAdding" classname="LocalCMCTests" time="0.0"/>
  <testcase name="TestALotOfAdding" classname="LocalCMCTests" time="0.0"/>
  <testcase name="TestALotOfAdding" classname="LocalCMCTests" time="0.0"/>
  <testcase name="TestALotOfAdding" classname="LocalCMCTests" time="0.001"/>
  <testcase name="TestALotOfAdding" classname="LocalCMCTests" time="0.001"/>
  <testcase name="TestALotOfAdding" classname="LocalCMCTests" time="0.002"/>
  <testcase name="TestALotOfAdding" classname="LocalCMCTests" time="0.0"/>
  <testcase name="TestALotOfAdding" classname="LocalCMCTests" time="0.001"/>
  <testcase name="TestALotOfAdding" classname="LocalCMCTests" time="0.001"/>
  <testcase name="TestALotOfAdding" classname="LocalCMCTests" time="0.0"/>
  <testcase name="TestALotOfAdding" classname="LocalCMCTests" time="0.001"/>
  <testcase name="TestALotOfAdding" classname="LocalCMCTests" time="0.001"/>
  <testcase name="TestALotOfAdding" classname="LocalCMCTests" time="0.001"/>
  <testcase name="TestALotOfAdding" classname="LocalCMCTests" time="0.0"/>
  <testcase name="TestALotOfAdding" classname="LocalCMCTests" time="0.0"/>
  <testcase name="TestALotOfAdding" classname="LocalCMCTests" time="0.001"/>
  <testcase name="TestALotOfAdding" classname="LocalCMCTests" time="0.0"/>
  <testcase name="TestALotOfAdding" classname="LocalCMCTests" time="0.0"/>
  <testcase name="TestALotOfAdding" classname="LocalCMCTests" time="0.0"/>
  <testcase name="TestALotOfAdding" classname="LocalCMCTests" time="0.001"/>
  <testcase name="TestALotOfAdding" classname="LocalCMCTests" time="0.0"/>
  <testcase name="TestALotOfAdding" classname="LocalCMCTests" time="0.001"/>
  <testcase name="TestALotOfAdding" classname="LocalCMCTests" time="0.001"/>
  <testcase name="TestALotOfAdding" classname="LocalCMCTests" time="0.002"/>
  <testcase name="TestALotOfAdding" classname="LocalCMCTests" time="0.002"/>
  <testcase name="TestALotOfAdding" classname="LocalCMCTests" time="0.0"/>
  <testcase name="TestALotOfAdding" classname="LocalCMCTests" time="0.001"/>
  <testcase name="TestALotOfAdding" classname="LocalCMCTests" time="0.0"/>
  <testcase name="TestALotOfAdding" classname="LocalCMCTests" time="0.001"/>
  <testcase name="TestALotOfAdding" classname="LocalCMCTests" time="0.001"/>
  <testcase name="TestALotOfAdding" classname="LocalCMCTests" time="0.001"/>
  <testcase name="TestALotOfAdding" classname="LocalCMCTests" time="0.0"/>
  <testcase name="TestALotOfAdding" classname="LocalCMCTests" time="0.0"/>
  <testcase name="TestALotOfAdding" classname="LocalCMCTests" time="0.001"/>
  <testcase name="TestALotOfAdding" classname="LocalCMCTests" time="0.001"/>
  <testcase name="TestALotOfAdding" classname="LocalCMCTests" time="0.0"/>
  <testcase name="TestALotOfAdding" classname="LocalCMCTests" time="0.0"/>
  <testcase name="TestALotOfAdding" classname="LocalCMCTests" time="0.0"/>
  <testcase name="TestALotOfAdding" classname="LocalCMCTests" time="0.001"/>
  <testcase name="TestALotOfAdding" classname="LocalCMCTests" time="0.0"/>
  <testcase name="TestALotOfAdding" classname="LocalCMCTests" time="0.001"/>
  <testcase name="TestALotOfAdding" classname="LocalCMCTests" time="0.002"/>
  <testcase name="TestALotOfAdding" classname="LocalCMCTests" time="0.0"/>
  <testcase name="TestALotOfAdding" classname="LocalCMCTests" time="0.0"/>
  <testcase name="TestALotOfAdding" classname="LocalCMCTests" time="0.0"/>
  <testcase name="TestALotOfAdding" classname="LocalCMCTests" time="0.001"/>
  <testcase name="TestALotOfAdding" classname="LocalCMCTests" time="0.001"/>
  <testcase name="TestALotOfAdding" classname="LocalCMCTests" time="0.001"/>
  <testcase name="TestALotOfAdding" classname="LocalCMCTests" time="0.001"/>
  <testcase name="TestALotOfAdding" classname="LocalCMCTests" time="0.001"/>
  <testcase name="TestALotOfAdding" classname="LocalCMCTests" time="0.001"/>
  <testcase name="TestALotOfAdding" classname="LocalCMCTests" time="0.0"/>
  <testcase name="TestALotOfAdding" classname="LocalCMCTests" time="0.0"/>
  <testcase name="TestALotOfAdding" classname="LocalCMCTests" time="0.0"/>
  <testcase name="TestALotOfAdding" classname="LocalCMCTests" time="0.0"/>
  <testcase name="TestALotOfAdding" classname="LocalCMCTests" time="0.0"/>
  <testcase name="TestALotOfAdding" classname="LocalCMCTests" time="0.001"/>
  <testcase name="TestALotOfAdding" classname="LocalCMCTests" time="0.001"/>
  <testcase name="TestALotOfAdding" classname="LocalCMCTests" time="0.003"/>
  <testcase name="TestALotOfAdding" classname="LocalCMCTests" time="0.001"/>
  <testcase name="TestALotOfAdding" classname="LocalCMCTests" time="0.0"/>
  <testcase name="TestALotOfAdding" classname="LocalCMCTests" time="0.001"/>
  <testcase name="TestALotOfAdding" classname="LocalCMCTests" time="0.001"/>
  <testcase name="TestALotOfAdding" classname="LocalCMCTests" time="0.001"/>
  <testcase name="TestALotOfAdding" classname="LocalCMCTests" time="0.001"/>
  <testcase name="TestALotOfAdding" classname="LocalCMCTests" time="0.0"/>
  <testcase name="TestALotOfAdding" classname="LocalCMCTests" time="0.0"/>
  <testcase name="TestALotOfAdding" classname="LocalCMCTests" time="0.001"/>
  <testcase name="TestALotOfAdding" classname="LocalCMCTests" time="0.001"/>
  <testcase name="TestALotOfAdding" classname="LocalCMCTests" time="0.001"/>
  <testcase name="TestALotOfAdding" classname="LocalCMCTests" time="0.0"/>
  <testcase name="TestALotOfAdding" classname="LocalCMCTests" time="0.0"/>
  <testcase name="TestALotOfAdding" classname="LocalCMCTests" time="0.0"/>
  <testcase name="TestALotOfAdding" classname="LocalCMCTests" time="0.001"/>
  <testcase name="TestALotOfAdding" classname="LocalCMCTests" time="0.001"/>
  <testcase name="TestALotOfAdding" classname="LocalCMCTests" time="0.001"/>
  <testcase name="TestALotOfAdding" classname="LocalCMCTests" time="0.001"/>
  <testcase name="TestALotOfAdding" classname="LocalCMCTests" time="0.001"/>
  <testcase name="TestALotOfAdding" classname="LocalCMCTests" time="0.0"/>
  <testcase name="TestALotOfAdding" classname="LocalCMCTests" time="0.0"/>
  <testcase name="TestALotOfAdding" classname="LocalCMCTests" time="0.001"/>
  <testcase name="TestALotOfAdding" classname="LocalCMCTests" time="0.0"/>
  <testcase name="TestALotOfAdding" classname="LocalCMCTests" time="0.0"/>
  <testcase name="TestALotOfAdding" classname="LocalCMCTests" time="0.0"/>
  <testcase name="TestALotOfAdding" classname="LocalCMCTests" time="0.0"/>
  <testcase name="TestALotOfAdding" classname="LocalCMCTests" time="0.0"/>
  <testcase name="TestALotOfAdding" classname="LocalCMCTests" time="0.001"/>
  <testcase name="TestALotOfAdding" classname="LocalCMCTests" time="0.0"/>
  <testcase name="TestALotOfAdding" classname="LocalCMCTests" time="0.0"/>
  <testcase name="TestALotOfAdding" classname="LocalCMCTests" time="0.001"/>
  <testcase name="TestALotOfAdding" classname="LocalCMCTests" time="0.002"/>
  <testcase name="TestALotOfAdding" classname="LocalCMCTests" time="0.002"/>
  <testcase name="TestALotOfAdding" classname="LocalCMCTests" time="0.001"/>
  <testcase name="TestALotOfAdding" classname="LocalCMCTests" time="0.001"/>
  <testcase name="TestALotOfAdding" classname="LocalCMCTests" time="0.0"/>
  <testcase name="TestALotOfAdding" classname="LocalCMCTests" time="0.001"/>
  <testcase name="TestALotOfAdding" classname="LocalCMCTests" time="0.001"/>
  <testcase name="TestALotOfAdding" classname="LocalCMCTests" time="0.001"/>
  <testcase name="TestALotOfAdding" classname="LocalCMCTests" time="0.001"/>
  <testcase name="TestALotOfAdding" classname="LocalCMCTests" time="0.0"/>
  <testcase name="TestALotOfAdding" classname="LocalCMCTests" time="0.0"/>
  <testcase name="TestALotOfAdding" classname="LocalCMCTests" time="0.0"/>
  <testcase name="TestALotOfAdding" classname="LocalCMCTests" time="0.0"/>
  <testcase name="TestALotOfAdding" classname="LocalCMCTests" time="0.0"/>
  <testcase name="TestALotOfAdding" classname="LocalCMCTests" time="0.0"/>
  <testcase name="TestALotOfAdding" classname="LocalCMCTests" time="0.0"/>
  <testcase name="TestALotOfAdding" classname="LocalCMCTests" time="0.001"/>
  <testcase name="TestALotOfAdding" classname="LocalCMCTests" time="0.002"/>
  <testcase name="TestALotOfAdding" classname="LocalCMCTests" time="0.0"/>
  <testcase name="TestALotOfAdding" classname="LocalCMCTests" time="0.001"/>
  <testcase name="TestALotOfAdding" classname="LocalCMCTests" time="0.0"/>
  <testcase name="TestALotOfAdding" classname="LocalCMCTests" time="0.001"/>
  <testcase name="TestALotOfAdding" classname="LocalCMCTests" time="0.001"/>
  <testcase name="TestALotOfAdding" classname="LocalCMCTests" time="0.001"/>
  <testcase name="TestALotOfAdding" classname="LocalCMCTests" time="0.001"/>
  <testcase name="TestALotOfAdding" classname="LocalCMCTests" time="0.001"/>
  <testcase name="TestALotOfAdding" classname="LocalCMCTests" time="0.0"/>
  <testcase name="TestALotOfAdding" classname="LocalCMCTests" time="0.0"/>
  <testcase name="TestALotOfAdding" classname="LocalCMCTests" time="0.0"/>
  <testcase name="TestALotOfAdding" classname="LocalCMCTests" time="0.0"/>
  <testcase name="TestALotOfAdding" classname="LocalCMCTests" time="0.002"/>
  <testcase name="TestALotOfAdding" classname="LocalCMCTests" time="0.0"/>
  <testcase name="TestALotOfAdding" classname="LocalCMCTests" time="0.0"/>
  <testcase name="TestALotOfAdding" classname="LocalCMCTests" time="0.001"/>
  <testcase name="TestALotOfAdding" classname="LocalCMCTests" time="0.0"/>
  <testcase name="TestALotOfAdding" classname="LocalCMCTests" time="0.001"/>
  <testcase name="TestALotOfAdding" classname="LocalCMCTests" time="0.002"/>
  <testcase name="TestALotOfAdding" classname="LocalCMCTests" time="0.001"/>
  <testcase name="TestALotOfAdding" classname="LocalCMCTests" time="0.001"/>
  <testcase name="TestALotOfAdding" classname="LocalCMCTests" time="0.0"/>
  <testcase name="TestALotOfAdding" classname="LocalCMCTests" time="0.001"/>
  <testcase name="TestALotOfAdding" classname="LocalCMCTests" time="0.0"/>
  <testcase name="TestALotOfAdding" classname="LocalCMCTests" time="0.001"/>
  <testcase name="TestALotOfAdding" classname="LocalCMCTests" time="0.001"/>
  <testcase name="TestALotOfAdding" classname="LocalCMCTests" time="0.001"/>
  <testcase name="TestALotOfAdding" classname="LocalCMCTests" time="0.0"/>
  <testcase name="TestALotOfAdding" classname="LocalCMCTests" time="0.0"/>
  <testcase name="TestALotOfAdding" classname="LocalCMCTests" time="0.0"/>
  <testcase name="TestALotOfAdding" classname="LocalCMCTests" time="0.0"/>
  <testcase name="TestALotOfAdding" classname="LocalCMCTests" time="0.001"/>
  <testcase name="TestALotOfAdding" classname="LocalCMCTests" time="0.0"/>
  <testcase name="TestALotOfAdding" classname="LocalCMCTests" time="0.001"/>
  <testcase name="TestALotOfAdding" classname="LocalCMCTests" time="0.0"/>
  <testcase name="TestALotOfAdding" classname="LocalCMCTests" time="0.001"/>
  <testcase name="TestALotOfAdding" classname="LocalCMCTests" time="0.001"/>
  <testcase name="TestALotOfAdding" classname="LocalCMCTests" time="0.0"/>
  <testcase name="TestALotOfAdding" classname="LocalCMCTests" time="0.001"/>
  <testcase name="TestALotOfAdding" classname="LocalCMCTests" time="0.0"/>
  <testcase name="TestALotOfAdding" classname="LocalCMCTests" time="0.001"/>
  <testcase name="TestALotOfAdding" classname="LocalCMCTests" time="0.001"/>
  <testcase name="TestALotOfAdding" classname="LocalCMCTests" time="0.001"/>
  <testcase name="TestALotOfAdding" classname="LocalCMCTests" time="0.001"/>
  <testcase name="TestALotOfAdding" classname="LocalCMCTests" time="0.002"/>
  <testcase name="TestALotOfAdding" classname="LocalCMCTests" time="0.0"/>
  <testcase name="TestALotOfAdding" classname="LocalCMCTests" time="0.0"/>
  <testcase name="TestALotOfAdding" classname="LocalCMCTests" time="0.0"/>
  <testcase name="TestALotOfAdding" classname="LocalCMCTests" time="0.0"/>
  <testcase name="TestALotOfAdding" classname="LocalCMCTests" time="0.0"/>
  <testcase name="TestALotOfAdding" classname="LocalCMCTests" time="0.001"/>
  <testcase name="TestALotOfAdding" classname="LocalCMCTests" time="0.001"/>
  <testcase name="TestALotOfAdding" classname="LocalCMCTests" time="0.001"/>
  <testcase name="TestALotOfAdding" classname="LocalCMCTests" time="0.0"/>
  <testcase name="TestALotOfAdding" classname="LocalCMCTests" time="0.001"/>
  <testcase name="TestALotOfAdding" classname="LocalCMCTests" time="0.0"/>
  <testcase name="TestALotOfAdding" classname="LocalCMCTests" time="0.001"/>
  <testcase name="TestALotOfAdding" classname="LocalCMCTests" time="0.001"/>
  <testcase name="TestALotOfAdding" classname="LocalCMCTests" time="0.001"/>
  <testcase name="TestALotOfAdding" classname="LocalCMCTests" time="0.0"/>
  <testcase name="TestALotOfAdding" classname="LocalCMCTests" time="0.001"/>
  <testcase name="TestALotOfAdding" classname="LocalCMCTests" time="0.0"/>
  <testcase name="TestALotOfAdding" classname="LocalCMCTests" time="0.0"/>
  <testcase name="TestALotOfAdding" classname="LocalCMCTests" time="0.0"/>
  <testcase name="TestALotOfAdding" classname="LocalCMCTests" time="0.001"/>
  <testcase name="TestALotOfAdding" classname="LocalCMCTests" time="0.0"/>
  <testcase name="TestALotOfAdding" classname="LocalCMCTests" time="0.001"/>
  <testcase name="TestALotOfAdding" classname="LocalCMCTests" time="0.001"/>
  <testcase name="TestALotOfAdding" classname="LocalCMCTests" time="0.001"/>
  <testcase name="TestALotOfAdding" classname="LocalCMCTests" time="0.0"/>
  <testcase name="TestALotOfAdding" classname="LocalCMCTests" time="0.001"/>
  <testcase name="TestALotOfAdding" classname="LocalCMCTests" time="0.0"/>
  <testcase name="TestALotOfAdding" classname="LocalCMCTests" time="0.0"/>
  <testcase name="TestALotOfAdding" classname="LocalCMCTests" time="0.0"/>
  <testcase name="TestALotOfAdding" classname="LocalCMCTests" time="0.001"/>
  <testcase name="TestALotOfAdding" classname="LocalCMCTests" time="0.001"/>
  <testcase name="TestALotOfAdding" classname="LocalCMCTests" time="0.0"/>
  <testcase name="TestALotOfAdding" classname="LocalCMCTests" time="0.0"/>
  <testcase name="TestALotOfAdding" classname="LocalCMCTests" time="0.001"/>
  <testcase name="TestALotOfAdding" classname="LocalCMCTests" time="0.002"/>
  <testcase name="TestALotOfAdding" classname="LocalCMCTests" time="0.001"/>
  <testcase name="TestALotOfAdding" classname="LocalCMCTests" time="0.001"/>
  <testcase name="TestALotOfAdding" classname="LocalCMCTests" time="0.0"/>
  <testcase name="TestALotOfAdding" classname="LocalCMCTests" time="0.0"/>
  <testcase name="TestALotOfAdding" classname="LocalCMCTests" time="0.001"/>
  <testcase name="TestALotOfAdding" classname="LocalCMCTests" time="0.001"/>
  <testcase name="TestALotOfAdding" classname="LocalCMCTests" time="0.001"/>
  <testcase name="TestALotOfAdding" classname="LocalCMCTests" time="0.001"/>
  <testcase name="TestALotOfAdding" classname="LocalCMCTests" time="0.0"/>
  <testcase name="TestALotOfAdding" classname="LocalCMCTests" time="0.0"/>
  <testcase name="TestALotOfAdding" classname="LocalCMCTests" time="0.0"/>
  <testcase name="TestALotOfAdding" classname="LocalCMCTests" time="0.0"/>
  <testcase name="TestALotOfAdding" classname="LocalCMCTests" time="0.0"/>
  <testcase name="TestALotOfAdding" classname="LocalCMCTests" time="0.0"/>
  <testcase name="TestALotOfAdding" classname="LocalCMCTests" time="0.0"/>
  <testcase name="TestALotOfAdding" classname="LocalCMCTests" time="0.001"/>
  <testcase name="TestALotOfAdding" classname="LocalCMCTests" time="0.003"/>
  <testcase name="TestALotOfAdding" classname="LocalCMCTests" time="0.0"/>
  <testcase name="TestALotOfAdding" classname="LocalCMCTests" time="0.003"/>
  <testcase name="TestALotOfAdding" classname="LocalCMCTests" time="0.0"/>
  <testcase name="TestALotOfAdding" classname="LocalCMCTests" time="0.0"/>
  <testcase name="TestALotOfAdding" classname="LocalCMCTests" time="0.001"/>
  <testcase name="TestALotOfAdding" classname="LocalCMCTests" time="0.001"/>
  <testcase name="TestALotOfAdding" classname="LocalCMCTests" time="0.001"/>
  <testcase name="TestALotOfAdding" classname="LocalCMCTests" time="0.001"/>
  <testcase name="TestALotOfAdding" classname="LocalCMCTests" time="0.001"/>
  <testcase name="TestALotOfAdding" classname="LocalCMCTests" time="0.001"/>
  <testcase name="TestALotOfAdding" classname="LocalCMCTests" time="0.001"/>
  <testcase name="TestALotOfAdding" classname="LocalCMCTests" time="0.0"/>
  <testcase name="TestALotOfAdding" classname="LocalCMCTests" time="0.001"/>
  <testcase name="TestALotOfAdding" classname="LocalCMCTests" time="0.001"/>
  <testcase name="TestALotOfAdding" classname="LocalCMCTests" time="0.001"/>
  <testcase name="TestALotOfAdding" classname="LocalCMCTests" time="0.0"/>
  <testcase name="TestALotOfAdding" classname="LocalCMCTests" time="0.001"/>
  <testcase name="TestALotOfAdding" classname="LocalCMCTests" time="0.001"/>
  <testcase name="TestALotOfAdding" classname="LocalCMCTests" time="0.001"/>
  <testcase name="TestALotOfAdding" classname="LocalCMCTests" time="0.0"/>
  <testcase name="TestALotOfAdding" classname="LocalCMCTests" time="0.0"/>
  <testcase name="TestALotOfAdding" classname="LocalCMCTests" time="0.0"/>
  <testcase name="TestALotOfAdding" classname="LocalCMCTests" time="0.001"/>
  <testcase name="TestALotOfAdding" classname="LocalCMCTests" time="0.0"/>
  <testcase name="TestALotOfAdding" classname="LocalCMCTests" time="0.001"/>
  <testcase name="TestALotOfAdding" classname="LocalCMCTests" time="0.0"/>
  <testcase name="TestALotOfAdding" classname="LocalCMCTests" time="0.0"/>
  <testcase name="TestALotOfAdding" classname="LocalCMCTests" time="0.001"/>
  <testcase name="TestALotOfAdding" classname="LocalCMCTests" time="0.001"/>
  <testcase name="TestALotOfAdding" classname="LocalCMCTests" time="0.0"/>
  <testcase name="TestALotOfAdding" classname="LocalCMCTests" time="0.001"/>
  <testcase name="TestALotOfAdding" classname="LocalCMCTests" time="0.0"/>
  <testcase name="TestALotOfAdding" classname="LocalCMCTests" time="0.001"/>
  <testcase name="TestALotOfAdding" classname="LocalCMCTests" time="0.001"/>
  <testcase name="TestALotOfAdding" classname="LocalCMCTests" time="0.001"/>
  <testcase name="TestALotOfAdding" classname="LocalCMCTests" time="0.0"/>
  <testcase name="TestALotOfAdding" classname="LocalCMCTests" time="0.001"/>
  <testcase name="TestALotOfAdding" classname="LocalCMCTests" time="0.001"/>
  <testcase name="TestALotOfAdding" classname="LocalCMCTests" time="0.001"/>
  <testcase name="TestALotOfAdding" classname="LocalCMCTests" time="0.001"/>
  <testcase name="TestALotOfAdding" classname="LocalCMCTests" time="0.0"/>
  <testcase name="TestALotOfAdding" classname="LocalCMCTests" time="0.0"/>
  <testcase name="TestALotOfAdding" classname="LocalCMCTests" time="0.001"/>
  <testcase name="TestALotOfAdding" classname="LocalCMCTests" time="0.0"/>
  <testcase name="TestALotOfAdding" classname="LocalCMCTests" time="0.001"/>
  <testcase name="TestALotOfAdding" classname="LocalCMCTests" time="0.0"/>
  <testcase name="TestALotOfAdding" classname="LocalCMCTests" time="0.0"/>
  <testcase name="TestALotOfAdding" classname="LocalCMCTests" time="0.0"/>
  <testcase name="TestALotOfAdding" classname="LocalCMCTests" time="0.001"/>
  <testcase name="TestALotOfAdding" classname="LocalCMCTests" time="0.001"/>
  <testcase name="TestALotOfAdding" classname="LocalCMCTests" time="0.001"/>
  <testcase name="TestALotOfAdding" classname="LocalCMCTests" time="0.001"/>
  <testcase name="TestALotOfAdding" classname="LocalCMCTests" time="0.0"/>
  <testcase name="TestALotOfAdding" classname="LocalCMCTests" time="0.0"/>
  <testcase name="TestALotOfAdding" classname="LocalCMCTests" time="0.0"/>
  <testcase name="TestALotOfAdding" classname="LocalCMCTests" time="0.001"/>
  <testcase name="TestALotOfAdding" classname="LocalCMCTests" time="0.0"/>
  <testcase name="TestALotOfAdding" classname="LocalCMCTests" time="0.0"/>
  <testcase name="TestALotOfAdding" classname="LocalCMCTests" time="0.001"/>
  <testcase name="TestALotOfAdding" classname="LocalCMCTests" time="0.0"/>
  <testcase name="TestALotOfAdding" classname="LocalCMCTests" time="0.001"/>
  <testcase name="TestALotOfAdding" classname="LocalCMCTests" time="0.001"/>
  <testcase name="TestALotOfAdding" classname="LocalCMCTests" time="0.001"/>
  <testcase name="TestALotOfAdding" classname="LocalCMCTests" time="0.0"/>
  <testcase name="TestALotOfAdding" classname="LocalCMCTests" time="0.001"/>
  <testcase name="TestALotOfAdding" classname="LocalCMCTests" time="0.0"/>
  <testcase name="TestALotOfAdding" classname="LocalCMCTests" time="0.001"/>
  <testcase name="TestALotOfAdding" classname="LocalCMCTests" time="0.001"/>
  <testcase name="TestALotOfAdding" classname="LocalCMCTests" time="0.0"/>
  <testcase name="TestALotOfAdding" classname="LocalCMCTests" time="0.001"/>
  <testcase name="TestALotOfAdding" classname="LocalCMCTests" time="0.0"/>
  <testcase name="TestALotOfAdding" classname="LocalCMCTests" time="0.0"/>
  <testcase name="TestALotOfAdding" classname="LocalCMCTests" time="0.002"/>
  <testcase name="TestALotOfAdding" classname="LocalCMCTests" time="0.001"/>
  <testcase name="TestALotOfAdding" classname="LocalCMCTests" time="0.0"/>
  <testcase name="TestALotOfAdding" classname="LocalCMCTests" time="0.0"/>
  <testcase name="TestALotOfAdding" classname="LocalCMCTests" time="0.0"/>
  <testcase name="TestALotOfAdding" classname="LocalCMCTests" time="0.0"/>
  <testcase name="TestALotOfAdding" classname="LocalCMCTests" time="0.0"/>
  <testcase name="TestALotOfAdding" classname="LocalCMCTests" time="0.001"/>
  <testcase name="TestALotOfAdding" classname="LocalCMCTests" time="0.0"/>
  <testcase name="TestALotOfAdding" classname="LocalCMCTests" time="0.0"/>
  <testcase name="TestALotOfAdding" classname="LocalCMCTests" time="0.001"/>
  <testcase name="TestALotOfAdding" classname="LocalCMCTests" time="0.002"/>
  <testcase name="TestALotOfAdding" classname="LocalCMCTests" time="0.0"/>
  <testcase name="TestALotOfAdding" classname="LocalCMCTests" time="0.0"/>
  <testcase name="TestALotOfAdding" classname="LocalCMCTests" time="0.001"/>
  <testcase name="TestALotOfAdding" classname="LocalCMCTests" time="0.001"/>
  <testcase name="TestALotOfAdding" classname="LocalCMCTests" time="0.0"/>
  <testcase name="TestALotOfAdding" classname="LocalCMCTests" time="0.001"/>
  <testcase name="TestALotOfAdding" classname="LocalCMCTests" time="0.002"/>
  <testcase name="TestALotOfAdding" classname="LocalCMCTests" time="0.001"/>
  <testcase name="TestALotOfAdding" classname="LocalCMCTests" time="0.001"/>
  <testcase name="TestALotOfAdding" classname="LocalCMCTests" time="0.0"/>
  <testcase name="TestALotOfAdding" classname="LocalCMCTests" time="0.0"/>
  <testcase name="TestALotOfAdding" classname="LocalCMCTests" time="0.0"/>
  <testcase name="TestALotOfAdding" classname="LocalCMCTests" time="0.0"/>
  <testcase name="TestALotOfAdding" classname="LocalCMCTests" time="0.001"/>
  <testcase name="TestALotOfAdding" classname="LocalCMCTests" time="0.001"/>
  <testcase name="TestALotOfAdding" classname="LocalCMCTests" time="0.002"/>
  <testcase name="TestALotOfAdding" classname="LocalCMCTests" time="0.003"/>
  <testcase name="TestALotOfAdding" classname="LocalCMCTests" time="0.0"/>
  <testcase name="TestALotOfAdding" classname="LocalCMCTests" time="0.001"/>
  <testcase name="TestALotOfAdding" classname="LocalCMCTests" time="0.0"/>
  <testcase name="TestALotOfAdding" classname="LocalCMCTests" time="0.0"/>
  <testcase name="TestALotOfAdding" classname="LocalCMCTests" time="0.0"/>
  <testcase name="TestALotOfAdding" classname="LocalCMCTests" time="0.0"/>
  <testcase name="TestALotOfAdding" classname="LocalCMCTests" time="0.001"/>
  <testcase name="TestALotOfAdding" classname="LocalCMCTests" time="0.001"/>
  <testcase name="TestALotOfAdding" classname="LocalCMCTests" time="0.001"/>
  <testcase name="TestALotOfAdding" classname="LocalCMCTests" time="0.001"/>
  <testcase name="TestALotOfAdding" classname="LocalCMCTests" time="0.001"/>
  <testcase name="TestALotOfAdding" classname="LocalCMCTests" time="0.0"/>
  <testcase name="TestALotOfAdding" classname="LocalCMCTests" time="0.001"/>
  <testcase name="TestALotOfAdding" classname="LocalCMCTests" time="0.001"/>
  <testcase name="TestALotOfAdding" classname="LocalCMCTests" time="0.001"/>
  <testcase name="TestALotOfAdding" classname="LocalCMCTests" time="0.001"/>
  <testcase name="TestALotOfAdding" classname="LocalCMCTests" time="0.001"/>
  <testcase name="TestALotOfAdding" classname="LocalCMCTests" time="0.001"/>
  <testcase name="TestALotOfAdding" classname="LocalCMCTests" time="0.0"/>
  <testcase name="TestALotOfAdding" classname="LocalCMCTests" time="0.001"/>
  <testcase name="TestALotOfAdding" classname="LocalCMCTests" time="0.001"/>
  <testcase name="TestALotOfAdding" classname="LocalCMCTests" time="0.0"/>
  <testcase name="TestALotOfAdding" classname="LocalCMCTests" time="0.0"/>
  <testcase name="TestALotOfAdding" classname="LocalCMCTests" time="0.0"/>
  <testcase name="TestALotOfAdding" classname="LocalCMCTests" time="0.001"/>
  <testcase name="TestALotOfAdding" classname="LocalCMCTests" time="0.001"/>
  <testcase name="TestALotOfAdding" classname="LocalCMCTests" time="0.0"/>
  <testcase name="TestALotOfAdding" classname="LocalCMCTests" time="0.0"/>
  <testcase name="TestALotOfAdding" classname="LocalCMCTests" time="0.0"/>
  <testcase name="TestALotOfAdding" classname="LocalCMCTests" time="0.001"/>
  <testcase name="TestALotOfAdding" classname="LocalCMCTests" time="0.001"/>
  <testcase name="TestALotOfAdding" classname="LocalCMCTests" time="0.001"/>
  <testcase name="TestALotOfAdding" classname="LocalCMCTests" time="0.001"/>
  <testcase name="TestALotOfAdding" classname="LocalCMCTests" time="0.0"/>
  <testcase name="TestALotOfAdding" classname="LocalCMCTests" time="0.001"/>
  <testcase name="TestALotOfAdding" classname="LocalCMCTests" time="0.001"/>
  <testcase name="TestALotOfAdding" classname="LocalCMCTests" time="0.0"/>
  <testcase name="TestALotOfAdding" classname="LocalCMCTests" time="0.0"/>
  <testcase name="TestALotOfAdding" classname="LocalCMCTests" time="0.0"/>
  <testcase name="TestALotOfAdding" classname="LocalCMCTests" time="0.001"/>
  <testcase name="TestALotOfAdding" classname="LocalCMCTests" time="0.0"/>
  <testcase name="TestALotOfAdding" classname="LocalCMCTests" time="0.0"/>
  <testcase name="TestALotOfAdding" classname="LocalCMCTests" time="0.0"/>
  <testcase name="TestALotOfAdding" classname="LocalCMCTests" time="0.001"/>
  <testcase name="TestALotOfAdding" classname="LocalCMCTests" time="0.001"/>
  <testcase name="TestALotOfAdding" classname="LocalCMCTests" time="0.001"/>
  <testcase name="TestALotOfAdding" classname="LocalCMCTests" time="0.001"/>
  <testcase name="TestALotOfAdding" classname="LocalCMCTests" time="0.002"/>
  <testcase name="TestALotOfAdding" classname="LocalCMCTests" time="0.001"/>
  <testcase name="TestALotOfAdding" classname="LocalCMCTests" time="0.0"/>
  <testcase name="TestALotOfAdding" classname="LocalCMCTests" time="0.001"/>
  <testcase name="TestALotOfAdding" classname="LocalCMCTests" time="0.001"/>
  <testcase name="TestALotOfAdding" classname="LocalCMCTests" time="0.001"/>
  <testcase name="TestALotOfAdding" classname="LocalCMCTests" time="0.0"/>
  <testcase name="TestALotOfAdding" classname="LocalCMCTests" time="0.0"/>
  <testcase name="TestALotOfAdding" classname="LocalCMCTests" time="0.0"/>
  <testcase name="TestALotOfAdding" classname="LocalCMCTests" time="0.0"/>
  <testcase name="TestALotOfAdding" classname="LocalCMCTests" time="0.0"/>
  <testcase name="TestALotOfAdding" classname="LocalCMCTests" time="0.0"/>
  <testcase name="TestALotOfAdding" classname="LocalCMCTests" time="0.0"/>
  <testcase name="TestALotOfAdding" classname="LocalCMCTests" time="0.001"/>
  <testcase name="TestALotOfAdding" classname="LocalCMCTests" time="0.001"/>
  <testcase name="TestALotOfAdding" classname="LocalCMCTests" time="0.002"/>
  <testcase name="TestALotOfAdding" classname="LocalCMCTests" time="0.001"/>
  <testcase name="TestALotOfAdding" classname="LocalCMCTests" time="0.0"/>
  <testcase name="TestALotOfAdding" classname="LocalCMCTests" time="0.001"/>
  <testcase name="TestALotOfAdding" classname="LocalCMCTests" time="0.001"/>
  <testcase name="TestALotOfAdding" classname="LocalCMCTests" time="0.001"/>
  <testcase name="TestALotOfAdding" classname="LocalCMCTests" time="0.0"/>
  <testcase name="TestALotOfAdding" classname="LocalCMCTests" time="0.0"/>
  <testcase name="TestALotOfAdding" classname="LocalCMCTests" time="0.001"/>
  <testcase name="TestALotOfAdding" classname="LocalCMCTests" time="0.002"/>
  <testcase name="TestALotOfAdding" classname="LocalCMCTests" time="0.001"/>
  <testcase name="TestALotOfAdding" classname="LocalCMCTests" time="0.0"/>
  <testcase name="TestALotOfAdding" classname="LocalCMCTests" time="0.0"/>
  <testcase name="TestALotOfAdding" classname="LocalCMCTests" time="0.0"/>
  <testcase name="TestALotOfAdding" classname="LocalCMCTests" time="0.0"/>
  <testcase name="TestALotOfAdding" classname="LocalCMCTests" time="0.002"/>
  <testcase name="TestALotOfAdding" classname="LocalCMCTests" time="0.001"/>
  <testcase name="TestALotOfAdding" classname="LocalCMCTests" time="0.001"/>
  <testcase name="TestALotOfAdding" classname="LocalCMCTests" time="0.001"/>
  <testcase name="TestALotOfAdding" classname="LocalCMCTests" time="0.001"/>
  <testcase name="TestALotOfAdding" classname="LocalCMCTests" time="0.0"/>
  <testcase name="TestALotOfAdding" classname="LocalCMCTests" time="0.0"/>
  <testcase name="TestALotOfAdding" classname="LocalCMCTests" time="0.0"/>
  <testcase name="TestALotOfAdding" classname="LocalCMCTests" time="0.0"/>
  <testcase name="TestALotOfAdding" classname="LocalCMCTests" time="0.0"/>
  <testcase name="TestALotOfAdding" classname="LocalCMCTests" time="0.001"/>
  <testcase name="TestALotOfAdding" classname="LocalCMCTests" time="0.001"/>
  <testcase name="TestALotOfAdding" classname="LocalCMCTests" time="0.0"/>
  <testcase name="TestALotOfAdding" classname="LocalCMCTests" time="0.001"/>
  <testcase name="TestALotOfAdding" classname="LocalCMCTests" time="0.001"/>
  <testcase name="TestALotOfAdding" classname="LocalCMCTests" time="0.0"/>
  <testcase name="TestALotOfAdding" classname="LocalCMCTests" time="0.0"/>
  <testcase name="TestALotOfAdding" classname="LocalCMCTests" time="0.0"/>
  <testcase name="TestALotOfAdding" classname="LocalCMCTests" time="0.0"/>
  <testcase name="TestALotOfAdding" classname="LocalCMCTests" time="0.001"/>
  <testcase name="TestALotOfAdding" classname="LocalCMCTests" time="0.0"/>
  <testcase name="TestALotOfAdding" classname="LocalCMCTests" time="0.0"/>
  <testcase name="TestALotOfAdding" classname="LocalCMCTests" time="0.0"/>
  <testcase name="TestALotOfAdding" classname="LocalCMCTests" time="0.001"/>
  <testcase name="TestALotOfAdding" classname="LocalCMCTests" time="0.001"/>
  <testcase name="TestALotOfAdding" classname="LocalCMCTests" time="0.0"/>
  <testcase name="TestALotOfAdding" classname="LocalCMCTests" time="0.0"/>
  <testcase name="TestALotOfAdding" classname="LocalCMCTests" time="0.0"/>
  <testcase name="TestALotOfAdding" classname="LocalCMCTests" time="0.001"/>
  <testcase name="TestALotOfAdding" classname="LocalCMCTests" time="0.0"/>
  <testcase name="TestALotOfAdding" classname="LocalCMCTests" time="0.001"/>
  <testcase name="TestALotOfAdding" classname="LocalCMCTests" time="0.0"/>
  <testcase name="TestALotOfAdding" classname="LocalCMCTests" time="0.0"/>
  <testcase name="TestALotOfAdding" classname="LocalCMCTests" time="0.001"/>
  <testcase name="TestALotOfAdding" classname="LocalCMCTests" time="0.002"/>
  <testcase name="TestALotOfAdding" classname="LocalCMCTests" time="0.003"/>
  <testcase name="TestALotOfAdding" classname="LocalCMCTests" time="0.0"/>
  <testcase name="TestALotOfAdding" classname="LocalCMCTests" time="0.001"/>
  <testcase name="TestALotOfAdding" classname="LocalCMCTests" time="0.001"/>
  <testcase name="TestALotOfAdding" classname="LocalCMCTests" time="0.0"/>
  <testcase name="TestALotOfAdding" classname="LocalCMCTests" time="0.0"/>
  <testcase name="TestALotOfAdding" classname="LocalCMCTests" time="0.001"/>
  <testcase name="TestALotOfAdding" classname="LocalCMCTests" time="0.002"/>
  <testcase name="TestALotOfAdding" classname="LocalCMCTests" time="0.001"/>
  <testcase name="TestALotOfAdding" classname="LocalCMCTests" time="0.001"/>
  <testcase name="TestALotOfAdding" classname="LocalCMCTests" time="0.0"/>
  <testcase name="TestALotOfAdding" classname="LocalCMCTests" time="0.0"/>
  <testcase name="TestALotOfAdding" classname="LocalCMCTests" time="0.0"/>
  <testcase name="TestALotOfAdding" classname="LocalCMCTests" time="0.0"/>
  <testcase name="TestALotOfAdding" classname="LocalCMCTests" time="0.0"/>
  <testcase name="TestALotOfAdding" classname="LocalCMCTests" time="0.001"/>
  <testcase name="TestALotOfAdding" classname="LocalCMCTests" time="0.002"/>
  <testcase name="TestALotOfAdding" classname="LocalCMCTests" time="0.002"/>
  <testcase name="TestALotOfAdding" classname="LocalCMCTests" time="0.0"/>
  <testcase name="TestALotOfAdding" classname="LocalCMCTests" time="0.001"/>
  <testcase name="TestALotOfAdding" classname="LocalCMCTests" time="0.001"/>
  <testcase name="TestALotOfAdding" classname="LocalCMCTests" time="0.0"/>
  <testcase name="TestALotOfAdding" classname="LocalCMCTests" time="0.001"/>
  <testcase name="TestALotOfAdding" classname="LocalCMCTests" time="0.0"/>
  <testcase name="TestALotOfAdding" classname="LocalCMCTests" time="0.0"/>
  <testcase name="TestALotOfAdding" classname="LocalCMCTests" time="0.0"/>
  <testcase name="TestALotOfAdding" classname="LocalCMCTests" time="0.0"/>
  <testcase name="TestALotOfAdding" classname="LocalCMCTests" time="0.001"/>
  <testcase name="TestALotOfAdding" classname="LocalCMCTests" time="0.001"/>
  <testcase name="TestALotOfAdding" classname="LocalCMCTests" time="0.001"/>
  <testcase name="TestALotOfAdding" classname="LocalCMCTests" time="0.0"/>
  <testcase name="TestALotOfAdding" classname="LocalCMCTests" time="0.002"/>
  <testcase name="TestALotOfAdding" classname="LocalCMCTests" time="0.001"/>
  <testcase name="TestALotOfAdding" classname="LocalCMCTests" time="0.001"/>
  <testcase name="TestALotOfAdding" classname="LocalCMCTests" time="0.001"/>
  <testcase name="TestALotOfAdding" classname="LocalCMCTests" time="0.001"/>
  <testcase name="TestALotOfAdding" classname="LocalCMCTests" time="0.001"/>
  <testcase name="TestALotOfAdding" classname="LocalCMCTests" time="0.001"/>
  <testcase name="TestALotOfAdding" classname="LocalCMCTests" time="0.0"/>
  <testcase name="TestALotOfAdding" classname="LocalCMCTests" time="0.0"/>
  <testcase name="TestALotOfAdding" classname="LocalCMCTests" time="0.001"/>
  <testcase name="TestALotOfAdding" classname="LocalCMCTests" time="0.001"/>
  <testcase name="TestALotOfAdding" classname="LocalCMCTests" time="0.0"/>
  <testcase name="TestALotOfAdding" classname="LocalCMCTests" time="0.0"/>
  <testcase name="TestALotOfAdding" classname="LocalCMCTests" time="0.0"/>
  <testcase name="TestALotOfAdding" classname="LocalCMCTests" time="0.0"/>
  <testcase name="TestALotOfAdding" classname="LocalCMCTests" time="0.001"/>
  <testcase name="TestALotOfAdding" classname="LocalCMCTests" time="0.0"/>
  <testcase name="TestALotOfAdding" classname="LocalCMCTests" time="0.0"/>
  <testcase name="TestALotOfAdding" classname="LocalCMCTests" time="0.001"/>
  <testcase name="TestALotOfAdding" classname="LocalCMCTests" time="0.001"/>
  <testcase name="TestALotOfAdding" classname="LocalCMCTests" time="0.0"/>
  <testcase name="TestALotOfAdding" classname="LocalCMCTests" time="0.001"/>
  <testcase name="TestALotOfAdding" classname="LocalCMCTests" time="0.001"/>
  <testcase name="TestALotOfAdding" classname="LocalCMCTests" time="0.001"/>
  <testcase name="TestALotOfAdding" classname="LocalCMCTests" time="0.0"/>
  <testcase name="TestALotOfAdding" classname="LocalCMCTests" time="0.001"/>
  <testcase name="TestALotOfAdding" classname="LocalCMCTests" time="0.0"/>
  <testcase name="TestALotOfAdding" classname="LocalCMCTests" time="0.001"/>
  <testcase name="TestALotOfAdding" classname="LocalCMCTests" time="0.0"/>
  <testcase name="TestALotOfAdding" classname="LocalCMCTests" time="0.0"/>
  <testcase name="TestALotOfAdding" classname="LocalCMCTests" time="0.0"/>
  <testcase name="TestALotOfAdding" classname="LocalCMCTests" time="0.001"/>
  <testcase name="TestALotOfAdding" classname="LocalCMCTests" time="0.001"/>
  <testcase name="TestALotOfAdding" classname="LocalCMCTests" time="0.001"/>
  <testcase name="TestALotOfAdding" classname="LocalCMCTests" time="0.001"/>
  <testcase name="TestALotOfAdding" classname="LocalCMCTests" time="0.001"/>
  <testcase name="TestALotOfAdding" classname="LocalCMCTests" time="0.0"/>
  <testcase name="TestALotOfAdding" classname="LocalCMCTests" time="0.001"/>
  <testcase name="TestALotOfAdding" classname="LocalCMCTests" time="0.001"/>
  <testcase name="TestALotOfAdding" classname="LocalCMCTests" time="0.0"/>
  <testcase name="TestALotOfAdding" classname="LocalCMCTests" time="0.0"/>
  <testcase name="TestALotOfAdding" classname="LocalCMCTests" time="0.001"/>
  <testcase name="TestALotOfAdding" classname="LocalCMCTests" time="0.0"/>
  <testcase name="TestALotOfAdding" classname="LocalCMCTests" time="0.0"/>
  <testcase name="TestALotOfAdding" classname="LocalCMCTests" time="0.001"/>
  <testcase name="TestALotOfAdding" classname="LocalCMCTests" time="0.0"/>
  <testcase name="TestALotOfAdding" classname="LocalCMCTests" time="0.0"/>
  <testcase name="TestALotOfAdding" classname="LocalCMCTests" time="0.001"/>
  <testcase name="TestALotOfAdding" classname="LocalCMCTests" time="0.002"/>
  <testcase name="TestALotOfAdding" classname="LocalCMCTests" time="0.0"/>
  <testcase name="TestALotOfAdding" classname="LocalCMCTests" time="0.002"/>
  <testcase name="TestALotOfAdding" classname="LocalCMCTests" time="0.001"/>
  <testcase name="TestALotOfAdding" classname="LocalCMCTests" time="0.001"/>
  <testcase name="TestALotOfAdding" classname="LocalCMCTests" time="0.001"/>
  <testcase name="TestALotOfAdding" classname="LocalCMCTests" time="0.001"/>
  <testcase name="TestALotOfAdding" classname="LocalCMCTests" time="0.001"/>
  <testcase name="TestALotOfAdding" classname="LocalCMCTests" time="0.0"/>
  <testcase name="TestALotOfAdding" classname="LocalCMCTests" time="0.001"/>
  <testcase name="TestALotOfAdding" classname="LocalCMCTests" time="0.0"/>
  <testcase name="TestALotOfAdding" classname="LocalCMCTests" time="0.0"/>
  <testcase name="TestALotOfAdding" classname="LocalCMCTests" time="0.0"/>
  <testcase name="TestALotOfAdding" classname="LocalCMCTests" time="0.0"/>
  <testcase name="TestALotOfAdding" classname="LocalCMCTests" time="0.0"/>
  <testcase name="TestALotOfAdding" classname="LocalCMCTests" time="0.001"/>
  <testcase name="TestALotOfAdding" classname="LocalCMCTests" time="0.0"/>
  <testcase name="TestALotOfAdding" classname="LocalCMCTests" time="0.001"/>
  <testcase name="TestALotOfAdding" classname="LocalCMCTests" time="0.001"/>
  <testcase name="TestALotOfAdding" classname="LocalCMCTests" time="0.001"/>
  <testcase name="TestALotOfAdding" classname="LocalCMCTests" time="0.0"/>
  <testcase name="TestALotOfAdding" classname="LocalCMCTests" time="0.001"/>
  <testcase name="TestALotOfAdding" classname="LocalCMCTests" time="0.0"/>
  <testcase name="TestALotOfAdding" classname="LocalCMCTests" time="0.001"/>
  <testcase name="TestALotOfAdding" classname="LocalCMCTests" time="0.001"/>
  <testcase name="TestALotOfAdding" classname="LocalCMCTests" time="0.0"/>
  <testcase name="TestALotOfAdding" classname="LocalCMCTests" time="0.001"/>
  <testcase name="TestALotOfAdding" classname="LocalCMCTests" time="0.0"/>
  <testcase name="TestALotOfAdding" classname="LocalCMCTests" time="0.0"/>
  <testcase name="TestALotOfAdding" classname="LocalCMCTests" time="0.0"/>
  <testcase name="TestALotOfAdding" classname="LocalCMCTests" time="0.001"/>
  <testcase name="TestALotOfAdding" classname="LocalCMCTests" time="0.001"/>
  <testcase name="TestALotOfAdding" classname="LocalCMCTests" time="0.0"/>
  <testcase name="TestALotOfAdding" classname="LocalCMCTests" time="0.001"/>
  <testcase name="TestALotOfAdding" classname="LocalCMCTests" time="0.001"/>
  <testcase name="TestALotOfAdding" classname="LocalCMCTests" time="0.001"/>
  <testcase name="TestALotOfAdding" classname="LocalCMCTests" time="0.001"/>
  <testcase name="TestALotOfAdding" classname="LocalCMCTests" time="0.001"/>
  <testcase name="TestALotOfAdding" classname="LocalCMCTests" time="0.0"/>
  <testcase name="TestALotOfAdding" classname="LocalCMCTests" time="0.0"/>
  <testcase name="TestALotOfAdding" classname="LocalCMCTests" time="0.001"/>
  <testcase name="TestALotOfAdding" classname="LocalCMCTests" time="0.001"/>
  <testcase name="TestALotOfAdding" classname="LocalCMCTests" time="0.0"/>
  <testcase name="TestALotOfAdding" classname="LocalCMCTests" time="0.002"/>
  <testcase name="TestALotOfAdding" classname="LocalCMCTests" time="0.0"/>
  <testcase name="TestALotOfAdding" classname="LocalCMCTests" time="0.0"/>
  <testcase name="TestALotOfAdding" classname="LocalCMCTests" time="0.001"/>
  <testcase name="TestALotOfAdding" classname="LocalCMCTests" time="0.001"/>
  <testcase name="TestALotOfAdding" classname="LocalCMCTests" time="0.002"/>
  <testcase name="TestALotOfAdding" classname="LocalCMCTests" time="0.001"/>
  <testcase name="TestALotOfAdding" classname="LocalCMCTests" time="0.0"/>
  <testcase name="TestALotOfAdding" classname="LocalCMCTests" time="0.001"/>
  <testcase name="TestALotOfAdding" classname="LocalCMCTests" time="0.001"/>
  <testcase name="TestALotOfAdding" classname="LocalCMCTests" time="0.001"/>
  <testcase name="TestALotOfAdding" classname="LocalCMCTests" time="0.0"/>
  <testcase name="TestALotOfAdding" classname="LocalCMCTests" time="0.0"/>
  <testcase name="TestALotOfAdding" classname="LocalCMCTests" time="0.0"/>
  <testcase name="TestALotOfAdding" classname="LocalCMCTests" time="0.0"/>
  <testcase name="TestALotOfAdding" classname="LocalCMCTests" time="0.0"/>
  <testcase name="TestALotOfAdding" classname="LocalCMCTests" time="0.0"/>
  <testcase name="TestALotOfAdding" classname="LocalCMCTests" time="0.0"/>
  <testcase name="TestALotOfAdding" classname="LocalCMCTests" time="0.001"/>
  <testcase name="TestALotOfAdding" classname="LocalCMCTests" time="0.0"/>
  <testcase name="TestALotOfAdding" classname="LocalCMCTests" time="0.001"/>
  <testcase name="TestALotOfAdding" classname="LocalCMCTests" time="0.001"/>
  <testcase name="TestALotOfAdding" classname="LocalCMCTests" time="0.002"/>
  <testcase name="TestALotOfAdding" classname="LocalCMCTests" time="0.001"/>
  <testcase name="TestALotOfAdding" classname="LocalCMCTests" time="0.001"/>
  <testcase name="TestALotOfAdding" classname="LocalCMCTests" time="0.0"/>
  <testcase name="TestALotOfAdding" classname="LocalCMCTests" time="0.0"/>
  <testcase name="TestALotOfAdding" classname="LocalCMCTests" time="0.001"/>
  <testcase name="TestALotOfAdding" classname="LocalCMCTests" time="0.001"/>
  <testcase name="TestALotOfAdding" classname="LocalCMCTests" time="0.001"/>
  <testcase name="TestALotOfAdding" classname="LocalCMCTests" time="0.001"/>
  <testcase name="TestALotOfAdding" classname="LocalCMCTests" time="0.0"/>
  <testcase name="TestALotOfAdding" classname="LocalCMCTests" time="0.001"/>
  <testcase name="TestALotOfAdding" classname="LocalCMCTests" time="0.0"/>
  <testcase name="TestALotOfAdding" classname="LocalCMCTests" time="0.001"/>
  <testcase name="TestALotOfAdding" classname="LocalCMCTests" time="0.0"/>
  <testcase name="TestALotOfAdding" classname="LocalCMCTests" time="0.001"/>
  <testcase name="TestALotOfAdding" classname="LocalCMCTests" time="0.002"/>
  <testcase name="TestALotOfAdding" classname="LocalCMCTests" time="0.001"/>
  <testcase name="TestALotOfAdding" classname="LocalCMCTests" time="0.001"/>
  <testcase name="TestALotOfAdding" classname="LocalCMCTests" time="0.0"/>
  <testcase name="TestALotOfAdding" classname="LocalCMCTests" time="0.0"/>
  <testcase name="TestALotOfAdding" classname="LocalCMCTests" time="0.001"/>
  <testcase name="TestALotOfAdding" classname="LocalCMCTests" time="0.0"/>
  <testcase name="TestALotOfAdding" classname="LocalCMCTests" time="0.001"/>
  <testcase name="TestALotOfAdding" classname="LocalCMCTests" time="0.001"/>
  <testcase name="TestALotOfAdding" classname="LocalCMCTests" time="0.0"/>
  <testcase name="TestALotOfAdding" classname="LocalCMCTests" time="0.001"/>
  <testcase name="TestALotOfAdding" classname="LocalCMCTests" time="0.001"/>
  <testcase name="TestALotOfAdding" classname="LocalCMCTests" time="0.0"/>
  <testcase name="TestALotOfAdding" classname="LocalCMCTests" time="0.0"/>
  <testcase name="TestALotOfAdding" classname="LocalCMCTests" time="0.0"/>
  <testcase name="TestALotOfAdding" classname="LocalCMCTests" time="0.002"/>
  <testcase name="TestALotOfAdding" classname="LocalCMCTests" time="0.0"/>
  <testcase name="TestALotOfAdding" classname="LocalCMCTests" time="0.001"/>
  <testcase name="TestALotOfAdding" classname="LocalCMCTests" time="0.001"/>
  <testcase name="TestALotOfAdding" classname="LocalCMCTests" time="0.0"/>
  <testcase name="TestALotOfAdding" classname="LocalCMCTests" time="0.001"/>
  <testcase name="TestALotOfAdding" classname="LocalCMCTests" time="0.001"/>
  <testcase name="TestALotOfAdding" classname="LocalCMCTests" time="0.001"/>
  <testcase name="TestALotOfAdding" classname="LocalCMCTests" time="0.0"/>
  <testcase name="TestALotOfAdding" classname="LocalCMCTests" time="0.001"/>
  <testcase name="TestALotOfAdding" classname="LocalCMCTests" time="0.0"/>
  <testcase name="TestALotOfAdding" classname="LocalCMCTests" time="0.0"/>
  <testcase name="TestALotOfAdding" classname="LocalCMCTests" time="0.001"/>
  <testcase name="TestALotOfAdding" classname="LocalCMCTests" time="0.0"/>
  <testcase name="TestALotOfAdding" classname="LocalCMCTests" time="0.001"/>
  <testcase name="TestALotOfAdding" classname="LocalCMCTests" time="0.001"/>
  <testcase name="TestALotOfAdding" classname="LocalCMCTests" time="0.001"/>
  <testcase name="TestALotOfAdding" classname="LocalCMCTests" time="0.002"/>
  <testcase name="TestALotOfAdding" classname="LocalCMCTests" time="0.001"/>
  <testcase name="TestALotOfAdding" classname="LocalCMCTests" time="0.001"/>
  <testcase name="TestALotOfAdding" classname="LocalCMCTests" time="0.001"/>
  <testcase name="TestALotOfAdding" classname="LocalCMCTests" time="0.001"/>
  <testcase name="TestALotOfAdding" classname="LocalCMCTests" time="0.001"/>
  <testcase name="TestALotOfAdding" classname="LocalCMCTests" time="0.0"/>
  <testcase name="TestALotOfAdding" classname="LocalCMCTests" time="0.001"/>
  <testcase name="TestALotOfAdding" classname="LocalCMCTests" time="0.001"/>
  <testcase name="TestALotOfAdding" classname="LocalCMCTests" time="0.001"/>
  <testcase name="TestALotOfAdding" classname="LocalCMCTests" time="0.002"/>
  <testcase name="TestALotOfAdding" classname="LocalCMCTests" time="0.001"/>
  <testcase name="TestALotOfAdding" classname="LocalCMCTests" time="0.0"/>
  <testcase name="TestALotOfAdding" classname="LocalCMCTests" time="0.002"/>
  <testcase name="TestALotOfAdding" classname="LocalCMCTests" time="0.0"/>
  <testcase name="TestALotOfAdding" classname="LocalCMCTests" time="0.002"/>
  <testcase name="TestALotOfAdding" classname="LocalCMCTests" time="0.001"/>
  <testcase name="TestALotOfAdding" classname="LocalCMCTests" time="0.001"/>
  <testcase name="TestALotOfAdding" classname="LocalCMCTests" time="0.001"/>
  <testcase name="TestALotOfAdding" classname="LocalCMCTests" time="0.0"/>
  <testcase name="TestALotOfAdding" classname="LocalCMCTests" time="0.001"/>
  <testcase name="TestALotOfAdding" classname="LocalCMCTests" time="0.001"/>
  <testcase name="TestALotOfAdding" classname="LocalCMCTests" time="0.0"/>
  <testcase name="TestALotOfAdding" classname="LocalCMCTests" time="0.002"/>
  <testcase name="TestALotOfAdding" classname="LocalCMCTests" time="0.0"/>
  <testcase name="TestALotOfAdding" classname="LocalCMCTests" time="0.002"/>
  <testcase name="TestALotOfAdding" classname="LocalCMCTests" time="0.0"/>
  <testcase name="TestALotOfAdding" classname="LocalCMCTests" time="0.0"/>
  <testcase name="TestALotOfAdding" classname="LocalCMCTests" time="0.0"/>
  <testcase name="TestALotOfAdding" classname="LocalCMCTests" time="0.0"/>
  <testcase name="TestALotOfAdding" classname="LocalCMCTests" time="0.001"/>
  <testcase name="TestALotOfAdding" classname="LocalCMCTests" time="0.0"/>
  <testcase name="TestALotOfAdding" classname="LocalCMCTests" time="0.0"/>
  <testcase name="TestALotOfAdding" classname="LocalCMCTests" time="0.0"/>
  <testcase name="TestALotOfAdding" classname="LocalCMCTests" time="0.001"/>
  <testcase name="TestALotOfAdding" classname="LocalCMCTests" time="0.001"/>
  <testcase name="TestALotOfAdding" classname="LocalCMCTests" time="0.0"/>
  <testcase name="TestALotOfAdding" classname="LocalCMCTests" time="0.002"/>
  <testcase name="TestALotOfAdding" classname="LocalCMCTests" time="0.0"/>
  <testcase name="TestALotOfAdding" classname="LocalCMCTests" time="0.0"/>
  <testcase name="TestALotOfAdding" classname="LocalCMCTests" time="0.0"/>
  <testcase name="TestALotOfAdding" classname="LocalCMCTests" time="0.001"/>
  <testcase name="TestALotOfAdding" classname="LocalCMCTests" time="0.001"/>
  <testcase name="TestALotOfAdding" classname="LocalCMCTests" time="0.0"/>
  <testcase name="TestALotOfAdding" classname="LocalCMCTests" time="0.0"/>
  <testcase name="TestALotOfAdding" classname="LocalCMCTests" time="0.001"/>
  <testcase name="TestALotOfAdding" classname="LocalCMCTests" time="0.001"/>
  <testcase name="TestALotOfAdding" classname="LocalCMCTests" time="0.0"/>
  <testcase name="TestALotOfAdding" classname="LocalCMCTests" time="0.0"/>
  <testcase name="TestALotOfAdding" classname="LocalCMCTests" time="0.0"/>
  <testcase name="TestALotOfAdding" classname="LocalCMCTests" time="0.001"/>
  <testcase name="TestALotOfAdding" classname="LocalCMCTests" time="0.001"/>
  <testcase name="TestALotOfAdding" classname="LocalCMCTests" time="0.001"/>
  <testcase name="TestALotOfAdding" classname="LocalCMCTests" time="0.001"/>
  <testcase name="TestALotOfAdding" classname="LocalCMCTests" time="0.003"/>
  <testcase name="TestALotOfAdding" classname="LocalCMCTests" time="0.0"/>
  <testcase name="TestALotOfAdding" classname="LocalCMCTests" time="0.0"/>
  <testcase name="TestALotOfAdding" classname="LocalCMCTests" time="0.001"/>
  <testcase name="TestALotOfAdding" classname="LocalCMCTests" time="0.0"/>
  <testcase name="TestALotOfAdding" classname="LocalCMCTests" time="0.0"/>
  <testcase name="TestALotOfAdding" classname="LocalCMCTests" time="0.0"/>
  <testcase name="TestALotOfAdding" classname="LocalCMCTests" time="0.001"/>
  <testcase name="TestALotOfAdding" classname="LocalCMCTests" time="0.0"/>
  <testcase name="TestALotOfAdding" classname="LocalCMCTests" time="0.001"/>
  <testcase name="TestALotOfAdding" classname="LocalCMCTests" time="0.001"/>
  <testcase name="TestALotOfAdding" classname="LocalCMCTests" time="0.0"/>
  <testcase name="TestALotOfAdding" classname="LocalCMCTests" time="0.001"/>
  <testcase name="TestALotOfAdding" classname="LocalCMCTests" time="0.001"/>
  <testcase name="TestALotOfAdding" classname="LocalCMCTests" time="0.0"/>
  <testcase name="TestALotOfAdding" classname="LocalCMCTests" time="0.0"/>
  <testcase name="TestALotOfAdding" classname="LocalCMCTests" time="0.002"/>
  <testcase name="TestALotOfAdding" classname="LocalCMCTests" time="0.001"/>
  <testcase name="TestALotOfAdding" classname="LocalCMCTests" time="0.0"/>
  <testcase name="TestALotOfAdding" classname="LocalCMCTests" time="0.001"/>
  <testcase name="TestALotOfAdding" classname="LocalCMCTests" time="0.0"/>
  <testcase name="TestALotOfAdding" classname="LocalCMCTests" time="0.001"/>
  <testcase name="TestALotOfAdding" classname="LocalCMCTests" time="0.001"/>
  <testcase name="TestALotOfAdding" classname="LocalCMCTests" time="0.001"/>
  <testcase name="TestALotOfAdding" classname="LocalCMCTests" time="0.0"/>
  <testcase name="TestALotOfAdding" classname="LocalCMCTests" time="0.0"/>
  <testcase name="TestALotOfAdding" classname="LocalCMCTests" time="0.001"/>
  <testcase name="TestALotOfAdding" classname="LocalCMCTests" time="0.0"/>
  <testcase name="TestALotOfAdding" classname="LocalCMCTests" time="0.001"/>
  <testcase name="TestALotOfAdding" classname="LocalCMCTests" time="0.002"/>
  <testcase name="TestALotOfAdding" classname="LocalCMCTests" time="0.001"/>
  <testcase name="TestALotOfAdding" classname="LocalCMCTests" time="0.0"/>
  <testcase name="TestALotOfAdding" classname="LocalCMCTests" time="0.0"/>
  <testcase name="TestALotOfAdding" classname="LocalCMCTests" time="0.001"/>
  <testcase name="TestALotOfAdding" classname="LocalCMCTests" time="0.001"/>
  <testcase name="TestALotOfAdding" classname="LocalCMCTests" time="0.0"/>
  <testcase name="TestALotOfAdding" classname="LocalCMCTests" time="0.001"/>
  <testcase name="TestALotOfAdding" classname="LocalCMCTests" time="0.001"/>
  <testcase name="TestALotOfAdding" classname="LocalCMCTests" time="0.0"/>
  <testcase name="TestALotOfAdding" classname="LocalCMCTests" time="0.0"/>
  <testcase name="TestALotOfAdding" classname="LocalCMCTests" time="0.001"/>
  <testcase name="TestALotOfAdding" classname="LocalCMCTests" time="0.001"/>
  <testcase name="TestALotOfAdding" classname="LocalCMCTests" time="0.0"/>
  <testcase name="TestALotOfAdding" classname="LocalCMCTests" time="0.001"/>
  <testcase name="TestALotOfAdding" classname="LocalCMCTests" time="0.0"/>
  <testcase name="TestALotOfAdding" classname="LocalCMCTests" time="0.0"/>
  <testcase name="TestALotOfAdding" classname="LocalCMCTests" time="0.001"/>
  <testcase name="TestALotOfAdding" classname="LocalCMCTests" time="0.001"/>
  <testcase name="TestALotOfAdding" classname="LocalCMCTests" time="0.0"/>
  <testcase name="TestALotOfAdding" classname="LocalCMCTests" time="0.001"/>
  <testcase name="TestALotOfAdding" classname="LocalCMCTests" time="0.001"/>
  <testcase name="TestALotOfAdding" classname="LocalCMCTests" time="0.001"/>
  <testcase name="TestALotOfAdding" classname="LocalCMCTests" time="0.001"/>
  <testcase name="TestALotOfAdding" classname="LocalCMCTests" time="0.0"/>
  <testcase name="TestALotOfAdding" classname="LocalCMCTests" time="0.0"/>
  <testcase name="TestALotOfAdding" classname="LocalCMCTests" time="0.001"/>
  <testcase name="TestALotOfAdding" classname="LocalCMCTests" time="0.002"/>
  <testcase name="TestALotOfAdding" classname="LocalCMCTests" time="0.0"/>
  <testcase name="TestALotOfAdding" classname="LocalCMCTests" time="0.0"/>
  <testcase name="TestALotOfAdding" classname="LocalCMCTests" time="0.001"/>
  <testcase name="TestALotOfAdding" classname="LocalCMCTests" time="0.0"/>
  <testcase name="TestALotOfAdding" classname="LocalCMCTests" time="0.001"/>
  <testcase name="TestALotOfAdding" classname="LocalCMCTests" time="0.002"/>
  <testcase name="TestALotOfAdding" classname="LocalCMCTests" time="0.002"/>
  <testcase name="TestALotOfAdding" classname="LocalCMCTests" time="0.001"/>
  <testcase name="TestALotOfAdding" classname="LocalCMCTests" time="0.001"/>
  <testcase name="TestALotOfAdding" classname="LocalCMCTests" time="0.0"/>
  <testcase name="TestALotOfAdding" classname="LocalCMCTests" time="0.001"/>
  <testcase name="TestALotOfAdding" classname="LocalCMCTests" time="0.0"/>
  <testcase name="TestALotOfAdding" classname="LocalCMCTests" time="0.001"/>
  <testcase name="TestALotOfAdding" classname="LocalCMCTests" time="0.0"/>
  <testcase name="TestALotOfAdding" classname="LocalCMCTests" time="0.0"/>
  <testcase name="TestALotOfAdding" classname="LocalCMCTests" time="0.0"/>
  <testcase name="TestALotOfAdding" classname="LocalCMCTests" time="0.0"/>
  <testcase name="TestALotOfAdding" classname="LocalCMCTests" time="0.0"/>
  <testcase name="TestALotOfAdding" classname="LocalCMCTests" time="0.0"/>
  <testcase name="TestALotOfAdding" classname="LocalCMCTests" time="0.002"/>
  <testcase name="TestALotOfAdding" classname="LocalCMCTests" time="0.002"/>
  <testcase name="TestALotOfAdding" classname="LocalCMCTests" time="0.001"/>
  <testcase name="TestALotOfAdding" classname="LocalCMCTests" time="0.001"/>
  <testcase name="TestALotOfAdding" classname="LocalCMCTests" time="0.001"/>
  <testcase name="TestALotOfAdding" classname="LocalCMCTests" time="0.0"/>
  <testcase name="TestALotOfAdding" classname="LocalCMCTests" time="0.001"/>
  <testcase name="TestALotOfAdding" classname="LocalCMCTests" time="0.001"/>
  <testcase name="TestALotOfAdding" classname="LocalCMCTests" time="0.001"/>
  <testcase name="TestALotOfAdding" classname="LocalCMCTests" time="0.0"/>
  <testcase name="TestALotOfAdding" classname="LocalCMCTests" time="0.001"/>
  <testcase name="TestALotOfAdding" classname="LocalCMCTests" time="0.0"/>
  <testcase name="TestALotOfAdding" classname="LocalCMCTests" time="0.0"/>
  <testcase name="TestALotOfAdding" classname="LocalCMCTests" time="0.0"/>
  <testcase name="TestALotOfAdding" classname="LocalCMCTests" time="0.0"/>
  <testcase name="TestALotOfAdding" classname="LocalCMCTests" time="0.001"/>
  <testcase name="TestALotOfAdding" classname="LocalCMCTests" time="0.001"/>
  <testcase name="TestALotOfAdding" classname="LocalCMCTests" time="0.001"/>
  <testcase name="TestALotOfAdding" classname="LocalCMCTests" time="0.0"/>
  <testcase name="TestALotOfAdding" classname="LocalCMCTests" time="0.001"/>
  <testcase name="TestALotOfAdding" classname="LocalCMCTests" time="0.001"/>
  <testcase name="TestALotOfAdding" classname="LocalCMCTests" time="0.002"/>
  <testcase name="TestALotOfAdding" classname="LocalCMCTests" time="0.0"/>
  <testcase name="TestALotOfAdding" classname="LocalCMCTests" time="0.001"/>
  <testcase name="TestALotOfAdding" classname="LocalCMCTests" time="0.001"/>
  <testcase name="TestALotOfAdding" classname="LocalCMCTests" time="0.001"/>
  <testcase name="TestALotOfAdding" classname="LocalCMCTests" time="0.0"/>
  <testcase name="TestALotOfAdding" classname="LocalCMCTests" time="0.0"/>
  <testcase name="TestALotOfAdding" classname="LocalCMCTests" time="0.0"/>
  <testcase name="TestALotOfAdding" classname="LocalCMCTests" time="0.0"/>
  <testcase name="TestALotOfAdding" classname="LocalCMCTests" time="0.0"/>
  <testcase name="TestALotOfAdding" classname="LocalCMCTests" time="0.0"/>
  <testcase name="TestALotOfAdding" classname="LocalCMCTests" time="0.0"/>
  <testcase name="TestALotOfAdding" classname="LocalCMCTests" time="0.001"/>
  <testcase name="TestALotOfAdding" classname="LocalCMCTests" time="0.0"/>
  <testcase name="TestALotOfAdding" classname="LocalCMCTests" time="0.001"/>
  <testcase name="TestALotOfAdding" classname="LocalCMCTests" time="0.001"/>
  <testcase name="TestALotOfAdding" classname="LocalCMCTests" time="0.001"/>
  <testcase name="TestALotOfAdding" classname="LocalCMCTests" time="0.0"/>
  <testcase name="TestALotOfAdding" classname="LocalCMCTests" time="0.001"/>
  <testcase name="TestALotOfAdding" classname="LocalCMCTests" time="0.001"/>
  <testcase name="TestALotOfAdding" classname="LocalCMCTests" time="0.001"/>
  <testcase name="TestALotOfAdding" classname="LocalCMCTests" time="0.001"/>
  <testcase name="TestALotOfAdding" classname="LocalCMCTests" time="0.001"/>
  <testcase name="TestALotOfAdding" classname="LocalCMCTests" time="0.0"/>
  <testcase name="TestALotOfAdding" classname="LocalCMCTests" time="0.0"/>
  <testcase name="TestALotOfAdding" classname="LocalCMCTests" time="0.0"/>
  <testcase name="TestALotOfAdding" classname="LocalCMCTests" time="0.001"/>
  <testcase name="TestALotOfAdding" classname="LocalCMCTests" time="0.001"/>
  <testcase name="TestALotOfAdding" classname="LocalCMCTests" time="0.0"/>
  <testcase name="TestALotOfAdding" classname="LocalCMCTests" time="0.001"/>
  <testcase name="TestALotOfAdding" classname="LocalCMCTests" time="0.001"/>
  <testcase name="TestALotOfAdding" classname="LocalCMCTests" time="0.0"/>
  <testcase name="TestALotOfAdding" classname="LocalCMCTests" time="0.001"/>
  <testcase name="TestALotOfAdding" classname="LocalCMCTests" time="0.001"/>
  <testcase name="TestALotOfAdding" classname="LocalCMCTests" time="0.0"/>
  <testcase name="TestALotOfAdding" classname="LocalCMCTests" time="0.0"/>
  <testcase name="TestALotOfAdding" classname="LocalCMCTests" time="0.0"/>
  <testcase name="TestALotOfAdding" classname="LocalCMCTests" time="0.0"/>
  <testcase name="TestALotOfAdding" classname="LocalCMCTests" time="0.0"/>
  <testcase name="TestALotOfAdding" classname="LocalCMCTests" time="0.0"/>
  <testcase name="TestALotOfAdding" classname="LocalCMCTests" time="0.001"/>
  <testcase name="TestALotOfAdding" classname="LocalCMCTests" time="0.0"/>
  <testcase name="TestALotOfAdding" classname="LocalCMCTests" time="0.0"/>
  <testcase name="TestALotOfAdding" classname="LocalCMCTests" time="0.002"/>
  <testcase name="TestALotOfAdding" classname="LocalCMCTests" time="0.001"/>
  <testcase name="TestALotOfAdding" classname="LocalCMCTests" time="0.002"/>
  <testcase name="TestALotOfAdding" classname="LocalCMCTests" time="0.001"/>
  <testcase name="TestALotOfAdding" classname="LocalCMCTests" time="0.001"/>
  <testcase name="TestALotOfAdding" classname="LocalCMCTests" time="0.001"/>
  <testcase name="TestALotOfAdding" classname="LocalCMCTests" time="0.0"/>
  <testcase name="TestALotOfAdding" classname="LocalCMCTests" time="0.001"/>
  <testcase name="TestALotOfAdding" classname="LocalCMCTests" time="0.001"/>
  <testcase name="TestALotOfAdding" classname="LocalCMCTests" time="0.0"/>
  <testcase name="TestALotOfAdding" classname="LocalCMCTests" time="0.001"/>
  <testcase name="TestALotOfAdding" classname="LocalCMCTests" time="0.0"/>
  <testcase name="TestALotOfAdding" classname="LocalCMCTests" time="0.0"/>
  <testcase name="TestALotOfAdding" classname="LocalCMCTests" time="0.0"/>
  <testcase name="TestALotOfAdding" classname="LocalCMCTests" time="0.0"/>
  <testcase name="TestALotOfAdding" classname="LocalCMCTests" time="0.0"/>
  <testcase name="TestALotOfAdding" classname="LocalCMCTests" time="0.001"/>
  <testcase name="TestALotOfAdding" classname="LocalCMCTests" time="0.003"/>
  <testcase name="TestALotOfAdding" classname="LocalCMCTests" time="0.001"/>
  <testcase name="TestALotOfAdding" classname="LocalCMCTests" time="0.001"/>
  <testcase name="TestALotOfAdding" classname="LocalCMCTests" time="0.001"/>
  <testcase name="TestALotOfAdding" classname="LocalCMCTests" time="0.001"/>
  <testcase name="TestALotOfAdding" classname="LocalCMCTests" time="0.001"/>
  <testcase name="TestALotOfAdding" classname="LocalCMCTests" time="0.001"/>
  <testcase name="TestALotOfAdding" classname="LocalCMCTests" time="0.0"/>
  <testcase name="TestALotOfAdding" classname="LocalCMCTests" time="0.0"/>
  <testcase name="TestALotOfAdding" classname="LocalCMCTests" time="0.0"/>
  <testcase name="TestALotOfAdding" classname="LocalCMCTests" time="0.0"/>
  <testcase name="TestALotOfAdding" classname="LocalCMCTests" time="0.001"/>
  <testcase name="TestALotOfAdding" classname="LocalCMCTests" time="0.0"/>
  <testcase name="TestALotOfAdding" classname="LocalCMCTests" time="0.0"/>
  <testcase name="TestALotOfAdding" classname="LocalCMCTests" time="0.0"/>
  <testcase name="TestALotOfAdding" classname="LocalCMCTests" time="0.0"/>
  <testcase name="TestALotOfAdding" classname="LocalCMCTests" time="0.001"/>
  <testcase name="TestALotOfAdding" classname="LocalCMCTests" time="0.001"/>
  <testcase name="TestALotOfAdding" classname="LocalCMCTests" time="0.001"/>
  <testcase name="TestALotOfAdding" classname="LocalCMCTests" time="0.001"/>
  <testcase name="TestALotOfAdding" classname="LocalCMCTests" time="0.0"/>
  <testcase name="TestALotOfAdding" classname="LocalCMCTests" time="0.001"/>
  <testcase name="TestALotOfAdding" classname="LocalCMCTests" time="0.001"/>
  <testcase name="TestALotOfAdding" classname="LocalCMCTests" time="0.0"/>
  <testcase name="TestALotOfAdding" classname="LocalCMCTests" time="0.001"/>
  <testcase name="TestALotOfAdding" classname="LocalCMCTests" time="0.0"/>
  <testcase name="TestALotOfAdding" classname="LocalCMCTests" time="0.001"/>
  <testcase name="TestALotOfAdding" classname="LocalCMCTests" time="0.001"/>
  <testcase name="TestALotOfAdding" classname="LocalCMCTests" time="0.0"/>
  <testcase name="TestALotOfAdding" classname="LocalCMCTests" time="0.0"/>
  <testcase name="TestALotOfAdding" classname="LocalCMCTests" time="0.0"/>
  <testcase name="TestALotOfAdding" classname="LocalCMCTests" time="0.0"/>
  <testcase name="TestALotOfAdding" classname="LocalCMCTests" time="0.001"/>
  <testcase name="TestALotOfAdding" classname="LocalCMCTests" time="0.001"/>
  <testcase name="TestALotOfAdding" classname="LocalCMCTests" time="0.0"/>
  <testcase name="TestALotOfAdding" classname="LocalCMCTests" time="0.002"/>
  <testcase name="TestALotOfAdding" classname="LocalCMCTests" time="0.001"/>
  <testcase name="TestALotOfAdding" classname="LocalCMCTests" time="0.0"/>
  <testcase name="TestALotOfAdding" classname="LocalCMCTests" time="0.0"/>
  <testcase name="TestALotOfAdding" classname="LocalCMCTests" time="0.001"/>
  <testcase name="TestALotOfAdding" classname="LocalCMCTests" time="0.001"/>
  <testcase name="TestALotOfAdding" classname="LocalCMCTests" time="0.001"/>
  <testcase name="TestALotOfAdding" classname="LocalCMCTests" time="0.0"/>
  <testcase name="TestALotOfAdding" classname="LocalCMCTests" time="0.001"/>
  <testcase name="TestALotOfAdding" classname="LocalCMCTests" time="0.0"/>
  <testcase name="TestALotOfAdding" classname="LocalCMCTests" time="0.001"/>
  <testcase name="TestALotOfAdding" classname="LocalCMCTests" time="0.0"/>
  <testcase name="TestALotOfAdding" classname="LocalCMCTests" time="0.0"/>
  <testcase name="TestALotOfAdding" classname="LocalCMCTests" time="0.001"/>
  <testcase name="TestALotOfAdding" classname="LocalCMCTests" time="0.001"/>
  <testcase name="TestALotOfAdding" classname="LocalCMCTests" time="0.001"/>
  <testcase name="TestALotOfAdding" classname="LocalCMCTests" time="0.0"/>
  <testcase name="TestALotOfAdding" classname="LocalCMCTests" time="0.0"/>
  <testcase name="TestALotOfAdding" classname="LocalCMCTests" time="0.0"/>
  <testcase name="TestALotOfAdding" classname="LocalCMCTests" time="0.001"/>
  <testcase name="TestALotOfAdding" classname="LocalCMCTests" time="0.001"/>
  <testcase name="TestALotOfAdding" classname="LocalCMCTests" time="0.001"/>
  <testcase name="TestALotOfAdding" classname="LocalCMCTests" time="0.0"/>
  <testcase name="TestALotOfAdding" classname="LocalCMCTests" time="0.001"/>
  <testcase name="TestALotOfAdding" classname="LocalCMCTests" time="0.001"/>
  <testcase name="TestALotOfAdding" classname="LocalCMCTests" time="0.0"/>
  <testcase name="TestALotOfAdding" classname="LocalCMCTests" time="0.0"/>
  <testcase name="TestALotOfAdding" classname="LocalCMCTests" time="0.001"/>
  <testcase name="TestALotOfAdding" classname="LocalCMCTests" time="0.0"/>
  <testcase name="TestALotOfAdding" classname="LocalCMCTests" time="0.001"/>
  <testcase name="TestALotOfAdding" classname="LocalCMCTests" time="0.001"/>
  <testcase name="TestALotOfAdding" classname="LocalCMCTests" time="0.0"/>
  <testcase name="TestALotOfAdding" classname="LocalCMCTests" time="0.001"/>
  <testcase name="TestALotOfAdding" classname="LocalCMCTests" time="0.001"/>
  <testcase name="TestALotOfAdding" classname="LocalCMCTests" time="0.002"/>
  <testcase name="TestALotOfAdding" classname="LocalCMCTests" time="0.0"/>
  <testcase name="TestALotOfAdding" classname="LocalCMCTests" time="0.0"/>
  <testcase name="TestALotOfAdding" classname="LocalCMCTests" time="0.0"/>
  <testcase name="TestALotOfAdding" classname="LocalCMCTests" time="0.0"/>
  <testcase name="TestALotOfAdding" classname="LocalCMCTests" time="0.0"/>
  <testcase name="TestALotOfAdding" classname="LocalCMCTests" time="0.0"/>
  <testcase name="TestALotOfAdding" classname="LocalCMCTests" time="0.001"/>
  <testcase name="TestALotOfAdding" classname="LocalCMCTests" time="0.002"/>
  <testcase name="TestALotOfAdding" classname="LocalCMCTests" time="0.0"/>
  <testcase name="TestALotOfAdding" classname="LocalCMCTests" time="0.002"/>
  <testcase name="TestALotOfAdding" classname="LocalCMCTests" time="0.001"/>
  <testcase name="TestALotOfAdding" classname="LocalCMCTests" time="0.0"/>
  <testcase name="TestALotOfAdding" classname="LocalCMCTests" time="0.001"/>
  <testcase name="TestALotOfAdding" classname="LocalCMCTests" time="0.001"/>
  <testcase name="TestALotOfAdding" classname="LocalCMCTests" time="0.001"/>
  <testcase name="TestALotOfAdding" classname="LocalCMCTests" time="0.0"/>
  <testcase name="TestALotOfAdding" classname="LocalCMCTests" time="0.001"/>
  <testcase name="TestALotOfAdding" classname="LocalCMCTests" time="0.001"/>
  <testcase name="TestALotOfAdding" classname="LocalCMCTests" time="0.0"/>
  <testcase name="TestALotOfAdding" classname="LocalCMCTests" time="0.001"/>
  <testcase name="TestALotOfAdding" classname="LocalCMCTests" time="0.001"/>
  <testcase name="TestALotOfAdding" classname="LocalCMCTests" time="0.0"/>
  <testcase name="TestALotOfAdding" classname="LocalCMCTests" time="0.0"/>
  <testcase name="TestALotOfAdding" classname="LocalCMCTests" time="0.0"/>
  <testcase name="TestALotOfAdding" classname="LocalCMCTests" time="0.001"/>
  <testcase name="TestALotOfAdding" classname="LocalCMCTests" time="0.0"/>
  <testcase name="TestALotOfAdding" classname="LocalCMCTests" time="0.0"/>
  <testcase name="TestALotOfAdding" classname="LocalCMCTests" time="0.0"/>
  <testcase name="TestALotOfAdding" classname="LocalCMCTests" time="0.002"/>
  <testcase name="TestALotOfAdding" classname="LocalCMCTests" time="0.001"/>
  <testcase name="TestALotOfAdding" classname="LocalCMCTests" time="0.002"/>
  <testcase name="TestALotOfAdding" classname="LocalCMCTests" time="0.001"/>
  <testcase name="TestALotOfAdding" classname="LocalCMCTests" time="0.0"/>
  <testcase name="TestALotOfAdding" classname="LocalCMCTests" time="0.001"/>
  <testcase name="TestALotOfAdding" classname="LocalCMCTests" time="0.001"/>
  <testcase name="TestALotOfAdding" classname="LocalCMCTests" time="0.0"/>
  <testcase name="TestALotOfAdding" classname="LocalCMCTests" time="0.0"/>
  <testcase name="TestALotOfAdding" classname="LocalCMCTests" time="0.0"/>
  <testcase name="TestALotOfAdding" classname="LocalCMCTests" time="0.0"/>
  <testcase name="TestALotOfAdding" classname="LocalCMCTests" time="0.001"/>
  <testcase name="TestALotOfAdding" classname="LocalCMCTests" time="0.001"/>
  <testcase name="TestALotOfAdding" classname="LocalCMCTests" time="0.001"/>
  <testcase name="TestALotOfAdding" classname="LocalCMCTests" time="0.0"/>
  <testcase name="TestALotOfAdding" classname="LocalCMCTests" time="0.0"/>
  <testcase name="TestALotOfAdding" classname="LocalCMCTests" time="0.0"/>
  <testcase name="TestALotOfAdding" classname="LocalCMCTests" time="0.0"/>
  <testcase name="TestALotOfAdding" classname="LocalCMCTests" time="0.001"/>
  <testcase name="TestALotOfAdding" classname="LocalCMCTests" time="0.001"/>
  <testcase name="TestALotOfAdding" classname="LocalCMCTests" time="0.0"/>
  <testcase name="TestALotOfAdding" classname="LocalCMCTests" time="0.0"/>
  <testcase name="TestALotOfAdding" classname="LocalCMCTests" time="0.0"/>
  <testcase name="TestALotOfAdding" classname="LocalCMCTests" time="0.001"/>
  <testcase name="TestALotOfAdding" classname="LocalCMCTests" time="0.001"/>
  <testcase name="TestALotOfAdding" classname="LocalCMCTests" time="0.001"/>
  <testcase name="TestALotOfAdding" classname="LocalCMCTests" time="0.0"/>
  <testcase name="TestALotOfAdding" classname="LocalCMCTests" time="0.0"/>
  <testcase name="TestALotOfAdding" classname="LocalCMCTests" time="0.0"/>
  <testcase name="TestALotOfAdding" classname="LocalCMCTests" time="0.0"/>
  <testcase name="TestALotOfAdding" classname="LocalCMCTests" time="0.001"/>
  <testcase name="TestALotOfAdding" classname="LocalCMCTests" time="0.001"/>
  <testcase name="TestALotOfAdding" classname="LocalCMCTests" time="0.003"/>
  <testcase name="TestALotOfAdding" classname="LocalCMCTests" time="0.0"/>
  <testcase name="TestALotOfAdding" classname="LocalCMCTests" time="0.001"/>
  <testcase name="TestALotOfAdding" classname="LocalCMCTests" time="0.002"/>
  <testcase name="TestALotOfAdding" classname="LocalCMCTests" time="0.002"/>
  <testcase name="TestALotOfAdding" classname="LocalCMCTests" time="0.002"/>
  <testcase name="TestALotOfAdding" classname="LocalCMCTests" time="0.0"/>
  <testcase name="TestALotOfAdding" classname="LocalCMCTests" time="0.0"/>
  <testcase name="TestALotOfAdding" classname="LocalCMCTests" time="0.0"/>
  <testcase name="TestALotOfAdding" classname="LocalCMCTests" time="0.0"/>
  <testcase name="TestALotOfAdding" classname="LocalCMCTests" time="0.0"/>
  <testcase name="TestALotOfAdding" classname="LocalCMCTests" time="0.0"/>
  <testcase name="TestALotOfAdding" classname="LocalCMCTests" time="0.0"/>
  <testcase name="TestALotOfAdding" classname="LocalCMCTests" time="0.001"/>
  <testcase name="TestALotOfAdding" classname="LocalCMCTests" time="0.002"/>
  <testcase name="TestALotOfAdding" classname="LocalCMCTests" time="0.002"/>
  <testcase name="TestALotOfAdding" classname="LocalCMCTests" time="0.002"/>
  <testcase name="TestALotOfAdding" classname="LocalCMCTests" time="0.001"/>
  <testcase name="TestALotOfAdding" classname="LocalCMCTests" time="0.001"/>
  <testcase name="TestALotOfAdding" classname="LocalCMCTests" time="0.0"/>
  <testcase name="TestALotOfAdding" classname="LocalCMCTests" time="0.0"/>
  <testcase name="TestALotOfAdding" classname="LocalCMCTests" time="0.0"/>
  <testcase name="TestALotOfAdding" classname="LocalCMCTests" time="0.001"/>
  <testcase name="TestALotOfAdding" classname="LocalCMCTests" time="0.001"/>
  <testcase name="TestALotOfAdding" classname="LocalCMCTests" time="0.001"/>
  <testcase name="TestALotOfAdding" classname="LocalCMCTests" time="0.001"/>
  <testcase name="TestALotOfAdding" classname="LocalCMCTests" time="0.0"/>
  <testcase name="TestALotOfAdding" classname="LocalCMCTests" time="0.0"/>
  <testcase name="TestALotOfAdding" classname="LocalCMCTests" time="0.001"/>
  <testcase name="TestALotOfAdding" classname="LocalCMCTests" time="0.001"/>
  <testcase name="TestALotOfAdding" classname="LocalCMCTests" time="0.001"/>
  <testcase name="TestALotOfAdding" classname="LocalCMCTests" time="0.001"/>
  <testcase name="TestALotOfAdding" classname="LocalCMCTests" time="0.001"/>
  <testcase name="TestALotOfAdding" classname="LocalCMCTests" time="0.001"/>
  <testcase name="TestALotOfAdding" classname="LocalCMCTests" time="0.001"/>
  <testcase name="TestALotOfAdding" classname="LocalCMCTests" time="0.002"/>
  <testcase name="TestALotOfAdding" classname="LocalCMCTests" time="0.001"/>
  <testcase name="TestALotOfAdding" classname="LocalCMCTests" time="0.0"/>
  <testcase name="TestALotOfAdding" classname="LocalCMCTests" time="0.0"/>
  <testcase name="TestALotOfAdding" classname="LocalCMCTests" time="0.0"/>
  <testcase name="TestALotOfAdding" classname="LocalCMCTests" time="0.0"/>
  <testcase name="TestALotOfAdding" classname="LocalCMCTests" time="0.0"/>
  <testcase name="TestALotOfAdding" classname="LocalCMCTests" time="0.001"/>
  <testcase name="TestALotOfAdding" classname="LocalCMCTests" time="0.0"/>
  <testcase name="TestALotOfAdding" classname="LocalCMCTests" time="0.0"/>
  <testcase name="TestALotOfAdding" classname="LocalCMCTests" time="0.0"/>
  <testcase name="TestALotOfAdding" classname="LocalCMCTests" time="0.001"/>
  <testcase name="TestALotOfAdding" classname="LocalCMCTests" time="0.001"/>
  <testcase name="TestALotOfAdding" classname="LocalCMCTests" time="0.001"/>
  <testcase name="TestALotOfAdding" classname="LocalCMCTests" time="0.001"/>
  <testcase name="TestALotOfAdding" classname="LocalCMCTests" time="0.001"/>
  <testcase name="TestALotOfAdding" classname="LocalCMCTests" time="0.001"/>
  <testcase name="TestALotOfAdding" classname="LocalCMCTests" time="0.0"/>
  <testcase name="TestALotOfAdding" classname="LocalCMCTests" time="0.001"/>
  <testcase name="TestALotOfAdding" classname="LocalCMCTests" time="0.0"/>
  <testcase name="TestALotOfAdding" classname="LocalCMCTests" time="0.0"/>
  <testcase name="TestALotOfAdding" classname="LocalCMCTests" time="0.0"/>
  <testcase name="TestALotOfAdding" classname="LocalCMCTests" time="0.0"/>
  <testcase name="TestALotOfAdding" classname="LocalCMCTests" time="0.001"/>
  <testcase name="TestALotOfAdding" classname="LocalCMCTests" time="0.001"/>
  <testcase name="TestALotOfAdding" classname="LocalCMCTests" time="0.001"/>
  <testcase name="TestALotOfAdding" classname="LocalCMCTests" time="0.001"/>
  <testcase name="TestALotOfAdding" classname="LocalCMCTests" time="0.001"/>
  <testcase name="TestALotOfAdding" classname="LocalCMCTests" time="0.0"/>
  <testcase name="TestALotOfAdding" classname="LocalCMCTests" time="0.001"/>
  <testcase name="TestALotOfAdding" classname="LocalCMCTests" time="0.0"/>
  <testcase name="TestALotOfAdding" classname="LocalCMCTests" time="0.0"/>
  <testcase name="TestALotOfAdding" classname="LocalCMCTests" time="0.001"/>
  <testcase name="TestALotOfAdding" classname="LocalCMCTests" time="0.001"/>
  <testcase name="TestALotOfAdding" classname="LocalCMCTests" time="0.001"/>
  <testcase name="TestALotOfAdding" classname="LocalCMCTests" time="0.001"/>
  <testcase name="TestALotOfAdding" classname="LocalCMCTests" time="0.001"/>
  <testcase name="TestALotOfAdding" classname="LocalCMCTests" time="0.0"/>
  <testcase name="TestALotOfAdding" classname="LocalCMCTests" time="0.0"/>
  <testcase name="TestALotOfAdding" classname="LocalCMCTests" time="0.001"/>
  <testcase name="TestALotOfAdding" classname="LocalCMCTests" time="0.0"/>
  <testcase name="TestALotOfAdding" classname="LocalCMCTests" time="0.001"/>
  <testcase name="TestALotOfAdding" classname="LocalCMCTests" time="0.001"/>
  <testcase name="TestALotOfAdding" classname="LocalCMCTests" time="0.001"/>
  <testcase name="TestALotOfAdding" classname="LocalCMCTests" time="0.0"/>
  <testcase name="TestALotOfAdding" classname="LocalCMCTests" time="0.001"/>
  <testcase name="TestALotOfAdding" classname="LocalCMCTests" time="0.0"/>
  <testcase name="TestALotOfAdding" classname="LocalCMCTests" time="0.0"/>
  <testcase name="TestALotOfAdding" classname="LocalCMCTests" time="0.001"/>
  <testcase name="TestALotOfAdding" classname="LocalCMCTests" time="0.002"/>
  <testcase name="TestALotOfAdding" classname="LocalCMCTests" time="0.001"/>
  <testcase name="TestALotOfAdding" classname="LocalCMCTests" time="0.0"/>
  <testcase name="TestALotOfAdding" classname="LocalCMCTests" time="0.0"/>
  <testcase name="TestALotOfAdding" classname="LocalCMCTests" time="0.0"/>
  <testcase name="TestALotOfAdding" classname="LocalCMCTests" time="0.0"/>
  <testcase name="TestALotOfAdding" classname="LocalCMCTests" time="0.0"/>
  <testcase name="TestALotOfAdding" classname="LocalCMCTests" time="0.0"/>
  <testcase name="TestALotOfAdding" classname="LocalCMCTests" time="0.0"/>
  <testcase name="TestALotOfAdding" classname="LocalCMCTests" time="0.001"/>
  <testcase name="TestALotOfAdding" classname="LocalCMCTests" time="0.0"/>
  <testcase name="TestALotOfAdding" classname="LocalCMCTests" time="0.002"/>
  <testcase name="TestALotOfAdding" classname="LocalCMCTests" time="0.001"/>
  <testcase name="TestALotOfAdding" classname="LocalCMCTests" time="0.002"/>
  <testcase name="TestALotOfAdding" classname="LocalCMCTests" time="0.002"/>
  <testcase name="TestALotOfAdding" classname="LocalCMCTests" time="0.0"/>
  <testcase name="TestALotOfAdding" classname="LocalCMCTests" time="0.0"/>
  <testcase name="TestALotOfAdding" classname="LocalCMCTests" time="0.0"/>
  <testcase name="TestALotOfAdding" classname="LocalCMCTests" time="0.0"/>
  <testcase name="TestALotOfAdding" classname="LocalCMCTests" time="0.001"/>
  <testcase name="TestALotOfAdding" classname="LocalCMCTests" time="0.0"/>
  <testcase name="TestALotOfAdding" classname="LocalCMCTests" time="0.001"/>
  <testcase name="TestALotOfAdding" classname="LocalCMCTests" time="0.0"/>
  <testcase name="TestALotOfAdding" classname="LocalCMCTests" time="0.0"/>
  <testcase name="TestALotOfAdding" classname="LocalCMCTests" time="0.001"/>
  <testcase name="TestALotOfAdding" classname="LocalCMCTests" time="0.002"/>
  <testcase name="TestALotOfAdding" classname="LocalCMCTests" time="0.001"/>
  <testcase name="TestALotOfAdding" classname="LocalCMCTests" time="0.0"/>
  <testcase name="TestALotOfAdding" classname="LocalCMCTests" time="0.001"/>
  <testcase name="TestALotOfAdding" classname="LocalCMCTests" time="0.0"/>
  <testcase name="TestALotOfAdding" classname="LocalCMCTests" time="0.0"/>
  <testcase name="TestALotOfAdding" classname="LocalCMCTests" time="0.002"/>
  <testcase name="TestALotOfAdding" classname="LocalCMCTests" time="0.001"/>
  <testcase name="TestALotOfAdding" classname="LocalCMCTests" time="0.0"/>
  <testcase name="TestALotOfAdding" classname="LocalCMCTests" time="0.001"/>
  <testcase name="TestALotOfAdding" classname="LocalCMCTests" time="0.0"/>
  <testcase name="TestALotOfAdding" classname="LocalCMCTests" time="0.0"/>
  <testcase name="TestALotOfAdding" classname="LocalCMCTests" time="0.001"/>
  <testcase name="TestALotOfAdding" classname="LocalCMCTests" time="0.001"/>
  <testcase name="TestALotOfAdding" classname="LocalCMCTests" time="0.0"/>
  <testcase name="TestALotOfAdding" classname="LocalCMCTests" time="0.0"/>
  <testcase name="TestALotOfAdding" classname="LocalCMCTests" time="0.001"/>
  <testcase name="TestALotOfAdding" classname="LocalCMCTests" time="0.001"/>
  <testcase name="TestALotOfAdding" classname="LocalCMCTests" time="0.001"/>
  <testcase name="TestALotOfAdding" classname="LocalCMCTests" time="0.0"/>
  <testcase name="TestALotOfAdding" classname="LocalCMCTests" time="0.001"/>
  <testcase name="TestALotOfAdding" classname="LocalCMCTests" time="0.001"/>
  <testcase name="TestALotOfAdding" classname="LocalCMCTests" time="0.0"/>
  <testcase name="TestALotOfAdding" classname="LocalCMCTests" time="0.0"/>
  <testcase name="TestALotOfAdding" classname="LocalCMCTests" time="0.0"/>
  <testcase name="TestALotOfAdding" classname="LocalCMCTests" time="0.001"/>
  <testcase name="TestALotOfAdding" classname="LocalCMCTests" time="0.0"/>
  <testcase name="TestALotOfAdding" classname="LocalCMCTests" time="0.001"/>
  <testcase name="TestALotOfAdding" classname="LocalCMCTests" time="0.0"/>
  <testcase name="TestALotOfAdding" classname="LocalCMCTests" time="0.001"/>
  <testcase name="TestALotOfAdding" classname="LocalCMCTests" time="0.002"/>
  <testcase name="TestALotOfAdding" classname="LocalCMCTests" time="0.0"/>
  <testcase name="TestALotOfAdding" classname="LocalCMCTests" time="0.001"/>
  <testcase name="TestALotOfAdding" classname="LocalCMCTests" time="0.001"/>
  <testcase name="TestALotOfAdding" classname="LocalCMCTests" time="0.0"/>
  <testcase name="TestALotOfAdding" classname="LocalCMCTests" time="0.001"/>
  <testcase name="TestALotOfAdding" classname="LocalCMCTests" time="0.001"/>
  <testcase name="TestALotOfAdding" classname="LocalCMCTests" time="0.001"/>
  <testcase name="TestALotOfAdding" classname="LocalCMCTests" time="0.0"/>
  <testcase name="TestALotOfAdding" classname="LocalCMCTests" time="0.001"/>
  <testcase name="TestALotOfAdding" classname="LocalCMCTests" time="0.0"/>
  <testcase name="TestALotOfAdding" classname="LocalCMCTests" time="0.0"/>
  <testcase name="TestALotOfAdding" classname="LocalCMCTests" time="0.0"/>
  <testcase name="TestALotOfAdding" classname="LocalCMCTests" time="0.0"/>
  <testcase name="TestALotOfAdding" classname="LocalCMCTests" time="0.001"/>
  <testcase name="TestALotOfAdding" classname="LocalCMCTests" time="0.0"/>
  <testcase name="TestALotOfAdding" classname="LocalCMCTests" time="0.001"/>
  <testcase name="TestALotOfAdding" classname="LocalCMCTests" time="0.002"/>
  <testcase name="TestALotOfAdding" classname="LocalCMCTests" time="0.0"/>
  <testcase name="TestALotOfAdding" classname="LocalCMCTests" time="0.002"/>
  <testcase name="TestALotOfAdding" classname="LocalCMCTests" time="0.0"/>
  <testcase name="TestALotOfAdding" classname="LocalCMCTests" time="0.001"/>
  <testcase name="TestALotOfAdding" classname="LocalCMCTests" time="0.001"/>
  <testcase name="TestALotOfAdding" classname="LocalCMCTests" time="0.001"/>
  <testcase name="TestALotOfAdding" classname="LocalCMCTests" time="0.001"/>
  <testcase name="TestALotOfAdding" classname="LocalCMCTests" time="0.0"/>
  <testcase name="TestALotOfAdding" classname="LocalCMCTests" time="0.001"/>
  <testcase name="TestALotOfAdding" classname="LocalCMCTests" time="0.001"/>
  <testcase name="TestALotOfAdding" classname="LocalCMCTests" time="0.001"/>
  <testcase name="TestALotOfAdding" classname="LocalCMCTests" time="0.0"/>
  <testcase name="TestALotOfAdding" classname="LocalCMCTests" time="0.0"/>
  <testcase name="TestALotOfAdding" classname="LocalCMCTests" time="0.0"/>
  <testcase name="TestALotOfAdding" classname="LocalCMCTests" time="0.001"/>
  <testcase name="TestALotOfAdding" classname="LocalCMCTests" time="0.0"/>
  <testcase name="TestALotOfAdding" classname="LocalCMCTests" time="0.002"/>
  <testcase name="TestALotOfAdding" classname="LocalCMCTests" time="0.002"/>
  <testcase name="TestALotOfAdding" classname="LocalCMCTests" time="0.001"/>
  <testcase name="TestALotOfAdding" classname="LocalCMCTests" time="0.001"/>
  <testcase name="TestALotOfAdding" classname="LocalCMCTests" time="0.001"/>
  <testcase name="TestALotOfAdding" classname="LocalCMCTests" time="0.001"/>
  <testcase name="TestALotOfAdding" classname="LocalCMCTests" time="0.001"/>
  <testcase name="TestALotOfAdding" classname="LocalCMCTests" time="0.0"/>
  <testcase name="TestALotOfAdding" classname="LocalCMCTests" time="0.0"/>
  <testcase name="TestALotOfAdding" classname="LocalCMCTests" time="0.001"/>
  <testcase name="TestALotOfAdding" classname="LocalCMCTests" time="0.001"/>
  <testcase name="TestALotOfAdding" classname="LocalCMCTests" time="0.0"/>
  <testcase name="TestALotOfAdding" classname="LocalCMCTests" time="0.0"/>
  <testcase name="TestALotOfAdding" classname="LocalCMCTests" time="0.0"/>
  <testcase name="TestALotOfAdding" classname="LocalCMCTests" time="0.001"/>
  <testcase name="TestALotOfAdding" classname="LocalCMCTests" time="0.0"/>
  <testcase name="TestALotOfAdding" classname="LocalCMCTests" time="0.0"/>
  <testcase name="TestALotOfAdding" classname="LocalCMCTests" time="0.001"/>
  <testcase name="TestALotOfAdding" classname="LocalCMCTests" time="0.001"/>
  <testcase name="TestALotOfAdding" classname="LocalCMCTests" time="0.001"/>
  <testcase name="TestALotOfAdding" classname="LocalCMCTests" time="0.001"/>
  <testcase name="TestALotOfAdding" classname="LocalCMCTests" time="0.001"/>
  <testcase name="TestALotOfAdding" classname="LocalCMCTests" time="0.001"/>
  <testcase name="TestALotOfAdding" classname="LocalCMCTests" time="0.001"/>
  <testcase name="TestALotOfAdding" classname="LocalCMCTests" time="0.001"/>
  <testcase name="TestALotOfAdding" classname="LocalCMCTests" time="0.001"/>
  <testcase name="TestALotOfAdding" classname="LocalCMCTests" time="0.0"/>
  <testcase name="TestALotOfAdding" classname="LocalCMCTests" time="0.0"/>
  <testcase name="TestALotOfAdding" classname="LocalCMCTests" time="0.0"/>
  <testcase name="TestALotOfAdding" classname="LocalCMCTests" time="0.0"/>
  <testcase name="TestALotOfAdding" classname="LocalCMCTests" time="0.0"/>
  <testcase name="TestALotOfAdding" classname="LocalCMCTests" time="0.0"/>
  <testcase name="TestALotOfAdding" classname="LocalCMCTests" time="0.0"/>
  <testcase name="TestALotOfAdding" classname="LocalCMCTests" time="0.0"/>
  <testcase name="TestALotOfAdding" classname="LocalCMCTests" time="0.001"/>
  <testcase name="TestALotOfAdding" classname="LocalCMCTests" time="0.001"/>
  <testcase name="TestALotOfAdding" classname="LocalCMCTests" time="0.001"/>
  <testcase name="TestALotOfAdding" classname="LocalCMCTests" time="0.001"/>
  <testcase name="TestALotOfAdding" classname="LocalCMCTests" time="0.001"/>
  <testcase name="TestALotOfAdding" classname="LocalCMCTests" time="0.001"/>
  <testcase name="TestALotOfAdding" classname="LocalCMCTests" time="0.002"/>
  <testcase name="TestALotOfAdding" classname="LocalCMCTests" time="0.0"/>
  <testcase name="TestALotOfAdding" classname="LocalCMCTests" time="0.0"/>
  <testcase name="TestALotOfAdding" classname="LocalCMCTests" time="0.001"/>
  <testcase name="TestALotOfAdding" classname="LocalCMCTests" time="0.0"/>
  <testcase name="TestALotOfAdding" classname="LocalCMCTests" time="0.0"/>
  <testcase name="TestALotOfAdding" classname="LocalCMCTests" time="0.0"/>
  <testcase name="TestALotOfAdding" classname="LocalCMCTests" time="0.001"/>
  <testcase name="TestALotOfAdding" classname="LocalCMCTests" time="0.0"/>
  <testcase name="TestALotOfAdding" classname="LocalCMCTests" time="0.001"/>
  <testcase name="TestALotOfAdding" classname="LocalCMCTests" time="0.0"/>
  <testcase name="TestALotOfAdding" classname="LocalCMCTests" time="0.0"/>
  <testcase name="TestALotOfAdding" classname="LocalCMCTests" time="0.001"/>
  <testcase name="TestALotOfAdding" classname="LocalCMCTests" time="0.001"/>
  <testcase name="TestALotOfAdding" classname="LocalCMCTests" time="0.001"/>
  <testcase name="TestALotOfAdding" classname="LocalCMCTests" time="0.001"/>
  <testcase name="TestALotOfAdding" classname="LocalCMCTests" time="0.001"/>
  <testcase name="TestALotOfAdding" classname="LocalCMCTests" time="0.0"/>
  <testcase name="TestALotOfAdding" classname="LocalCMCTests" time="0.001"/>
  <testcase name="TestALotOfAdding" classname="LocalCMCTests" time="0.001"/>
  <testcase name="TestALotOfAdding" classname="LocalCMCTests" time="0.001"/>
  <testcase name="TestALotOfAdding" classname="LocalCMCTests" time="0.0"/>
  <testcase name="TestALotOfAdding" classname="LocalCMCTests" time="0.0"/>
  <testcase name="TestALotOfAdding" classname="LocalCMCTests" time="0.0"/>
  <testcase name="TestALotOfAdding" classname="LocalCMCTests" time="0.0"/>
  <testcase name="TestALotOfAdding" classname="LocalCMCTests" time="0.001"/>
  <testcase name="TestALotOfAdding" classname="LocalCMCTests" time="0.0"/>
  <testcase name="TestALotOfAdding" classname="LocalCMCTests" time="0.0"/>
  <testcase name="TestALotOfAdding" classname="LocalCMCTests" time="0.001"/>
  <testcase name="TestALotOfAdding" classname="LocalCMCTests" time="0.001"/>
  <testcase name="TestALotOfAdding" classname="LocalCMCTests" time="0.0"/>
  <testcase name="TestALotOfAdding" classname="LocalCMCTests" time="0.001"/>
  <testcase name="TestALotOfAdding" classname="LocalCMCTests" time="0.0"/>
  <testcase name="TestALotOfAdding" classname="LocalCMCTests" time="0.001"/>
  <testcase name="TestALotOfAdding" classname="LocalCMCTests" time="0.0"/>
  <testcase name="TestALotOfAdding" classname="LocalCMCTests" time="0.001"/>
  <testcase name="TestALotOfAdding" classname="LocalCMCTests" time="0.0"/>
  <testcase name="TestALotOfAdding" classname="LocalCMCTests" time="0.001"/>
  <testcase name="TestALotOfAdding" classname="LocalCMCTests" time="0.001"/>
  <testcase name="TestALotOfAdding" classname="LocalCMCTests" time="0.001"/>
  <testcase name="TestALotOfAdding" classname="LocalCMCTests" time="0.0"/>
  <testcase name="TestALotOfAdding" classname="LocalCMCTests" time="0.0"/>
  <testcase name="TestALotOfAdding" classname="LocalCMCTests" time="0.0"/>
  <testcase name="TestALotOfAdding" classname="LocalCMCTests" time="0.0"/>
  <testcase name="TestALotOfAdding" classname="LocalCMCTests" time="0.001"/>
  <testcase name="TestALotOfAdding" classname="LocalCMCTests" time="0.002"/>
  <testcase name="TestALotOfAdding" classname="LocalCMCTests" time="0.0"/>
  <testcase name="TestALotOfAdding" classname="LocalCMCTests" time="0.001"/>
  <testcase name="TestALotOfAdding" classname="LocalCMCTests" time="0.002"/>
  <testcase name="TestALotOfAdding" classname="LocalCMCTests" time="0.001"/>
  <testcase name="TestALotOfAdding" classname="LocalCMCTests" time="0.0"/>
  <testcase name="TestALotOfAdding" classname="LocalCMCTests" time="0.0"/>
  <testcase name="TestALotOfAdding" classname="LocalCMCTests" time="0.0"/>
  <testcase name="TestALotOfAdding" classname="LocalCMCTests" time="0.0"/>
  <testcase name="TestALotOfAdding" classname="LocalCMCTests" time="0.0"/>
  <testcase name="TestALotOfAdding" classname="LocalCMCTests" time="0.001"/>
  <testcase name="TestALotOfAdding" classname="LocalCMCTests" time="0.0"/>
  <testcase name="TestALotOfAdding" classname="LocalCMCTests" time="0.001"/>
  <testcase name="TestALotOfAdding" classname="LocalCMCTests" time="0.002"/>
  <testcase name="TestALotOfAdding" classname="LocalCMCTests" time="0.001"/>
  <testcase name="TestALotOfAdding" classname="LocalCMCTests" time="0.001"/>
  <testcase name="TestALotOfAdding" classname="LocalCMCTests" time="0.001"/>
  <testcase name="TestALotOfAdding" classname="LocalCMCTests" time="0.0"/>
  <testcase name="TestALotOfAdding" classname="LocalCMCTests" time="0.001"/>
  <testcase name="TestALotOfAdding" classname="LocalCMCTests" time="0.0"/>
  <testcase name="TestALotOfAdding" classname="LocalCMCTests" time="0.001"/>
  <testcase name="TestALotOfAdding" classname="LocalCMCTests" time="0.001"/>
  <testcase name="TestALotOfAdding" classname="LocalCMCTests" time="0.002"/>
  <testcase name="TestALotOfAdding" classname="LocalCMCTests" time="0.0"/>
  <testcase name="TestALotOfAdding" classname="LocalCMCTests" time="0.0"/>
  <testcase name="TestALotOfAdding" classname="LocalCMCTests" time="0.001"/>
  <testcase name="TestALotOfAdding" classname="LocalCMCTests" time="0.0"/>
  <testcase name="TestALotOfAdding" classname="LocalCMCTests" time="0.0"/>
  <testcase name="TestALotOfAdding" classname="LocalCMCTests" time="0.0"/>
  <testcase name="TestALotOfAdding" classname="LocalCMCTests" time="0.0"/>
  <testcase name="TestALotOfAdding" classname="LocalCMCTests" time="0.0"/>
  <testcase name="TestALotOfAdding" classname="LocalCMCTests" time="0.0"/>
  <testcase name="TestALotOfAdding" classname="LocalCMCTests" time="0.001"/>
  <testcase name="TestALotOfAdding" classname="LocalCMCTests" time="0.001"/>
  <testcase name="TestALotOfAdding" classname="LocalCMCTests" time="0.0"/>
  <testcase name="TestALotOfAdding" classname="LocalCMCTests" time="0.001"/>
  <testcase name="TestALotOfAdding" classname="LocalCMCTests" time="0.003"/>
  <testcase name="TestALotOfAdding" classname="LocalCMCTests" time="0.0"/>
  <testcase name="TestALotOfAdding" classname="LocalCMCTests" time="0.0"/>
  <testcase name="TestALotOfAdding" classname="LocalCMCTests" time="0.001"/>
  <testcase name="TestALotOfAdding" classname="LocalCMCTests" time="0.0"/>
  <testcase name="TestALotOfAdding" classname="LocalCMCTests" time="0.001"/>
  <testcase name="TestALotOfAdding" classname="LocalCMCTests" time="0.001"/>
  <testcase name="TestALotOfAdding" classname="LocalCMCTests" time="0.001"/>
  <testcase name="TestALotOfAdding" classname="LocalCMCTests" time="0.0"/>
  <testcase name="TestALotOfAdding" classname="LocalCMCTests" time="0.001"/>
  <testcase name="TestALotOfAdding" classname="LocalCMCTests" time="0.0"/>
  <testcase name="TestALotOfAdding" classname="LocalCMCTests" time="0.0"/>
  <testcase name="TestALotOfAdding" classname="LocalCMCTests" time="0.001"/>
  <testcase name="TestALotOfAdding" classname="LocalCMCTests" time="0.001"/>
  <testcase name="TestALotOfAdding" classname="LocalCMCTests" time="0.001"/>
  <testcase name="TestALotOfAdding" classname="LocalCMCTests" time="0.001"/>
  <testcase name="TestALotOfAdding" classname="LocalCMCTests" time="0.0"/>
  <testcase name="TestALotOfAdding" classname="LocalCMCTests" time="0.0"/>
  <testcase name="TestALotOfAdding" classname="LocalCMCTests" time="0.001"/>
  <testcase name="TestALotOfAdding" classname="LocalCMCTests" time="0.0"/>
  <testcase name="TestALotOfAdding" classname="LocalCMCTests" time="0.0"/>
  <testcase name="TestALotOfAdding" classname="LocalCMCTests" time="0.001"/>
  <testcase name="TestALotOfAdding" classname="LocalCMCTests" time="0.0"/>
  <testcase name="TestALotOfAdding" classname="LocalCMCTests" time="0.001"/>
  <testcase name="TestALotOfAdding" classname="LocalCMCTests" time="0.002"/>
  <testcase name="TestALotOfAdding" classname="LocalCMCTests" time="0.0"/>
  <testcase name="TestALotOfAdding" classname="LocalCMCTests" time="0.001"/>
  <testcase name="TestALotOfAdding" classname="LocalCMCTests" time="0.0"/>
  <testcase name="TestALotOfAdding" classname="LocalCMCTests" time="0.001"/>
  <testcase name="TestALotOfAdding" classname="LocalCMCTests" time="0.0"/>
  <testcase name="TestALotOfAdding" classname="LocalCMCTests" time="0.0"/>
  <testcase name="TestALotOfAdding" classname="LocalCMCTests" time="0.001"/>
  <testcase name="TestALotOfAdding" classname="LocalCMCTests" time="0.001"/>
  <testcase name="TestALotOfAdding" classname="LocalCMCTests" time="0.001"/>
  <testcase name="TestALotOfAdding" classname="LocalCMCTests" time="0.0"/>
  <testcase name="TestALotOfAdding" classname="LocalCMCTests" time="0.001"/>
  <testcase name="TestALotOfAdding" classname="LocalCMCTests" time="0.001"/>
  <testcase name="TestALotOfAdding" classname="LocalCMCTests" time="0.001"/>
  <testcase name="TestALotOfAdding" classname="LocalCMCTests" time="0.001"/>
  <testcase name="TestALotOfAdding" classname="LocalCMCTests" time="0.001"/>
  <testcase name="TestALotOfAdding" classname="LocalCMCTests" time="0.0"/>
  <testcase name="TestALotOfAdding" classname="LocalCMCTests" time="0.001"/>
  <testcase name="TestALotOfAdding" classname="LocalCMCTests" time="0.0"/>
  <testcase name="TestALotOfAdding" classname="LocalCMCTests" time="0.0"/>
  <testcase name="TestALotOfAdding" classname="LocalCMCTests" time="0.0"/>
  <testcase name="TestALotOfAdding" classname="LocalCMCTests" time="0.0"/>
  <testcase name="TestALotOfAdding" classname="LocalCMCTests" time="0.0"/>
  <testcase name="TestALotOfAdding" classname="LocalCMCTests" time="0.001"/>
  <testcase name="TestALotOfAdding" classname="LocalCMCTests" time="0.001"/>
  <testcase name="TestALotOfAdding" classname="LocalCMCTests" time="0.0"/>
  <testcase name="TestALotOfAdding" classname="LocalCMCTests" time="0.002"/>
  <testcase name="TestALotOfAdding" classname="LocalCMCTests" time="0.0"/>
  <testcase name="TestALotOfAdding" classname="LocalCMCTests" time="0.0"/>
  <testcase name="TestALotOfAdding" classname="LocalCMCTests" time="0.001"/>
  <testcase name="TestALotOfAdding" classname="LocalCMCTests" time="0.001"/>
  <testcase name="TestALotOfAdding" classname="LocalCMCTests" time="0.0"/>
  <testcase name="TestALotOfAdding" classname="LocalCMCTests" time="0.001"/>
  <testcase name="TestALotOfAdding" classname="LocalCMCTests" time="0.001"/>
  <testcase name="TestALotOfAdding" classname="LocalCMCTests" time="0.001"/>
  <testcase name="TestALotOfAdding" classname="LocalCMCTests" time="0.001"/>
  <testcase name="TestALotOfAdding" classname="LocalCMCTests" time="0.001"/>
  <testcase name="TestALotOfAdding" classname="LocalCMCTests" time="0.001"/>
  <testcase name="TestALotOfAdding" classname="LocalCMCTests" time="0.001"/>
  <testcase name="TestALotOfAdding" classname="LocalCMCTests" time="0.001"/>
  <testcase name="TestALotOfAdding" classname="LocalCMCTests" time="0.0"/>
  <testcase name="TestALotOfAdding" classname="LocalCMCTests" time="0.0"/>
  <testcase name="TestALotOfAdding" classname="LocalCMCTests" time="0.0"/>
  <testcase name="TestALotOfAdding" classname="LocalCMCTests" time="0.001"/>
  <testcase name="TestALotOfAdding" classname="LocalCMCTests" time="0.001"/>
  <testcase name="TestALotOfAdding" classname="LocalCMCTests" time="0.0"/>
  <testcase name="TestALotOfAdding" classname="LocalCMCTests" time="0.001"/>
  <testcase name="TestALotOfAdding" classname="LocalCMCTests" time="0.0"/>
  <testcase name="TestALotOfAdding" classname="LocalCMCTests" time="0.001"/>
  <testcase name="TestALotOfAdding" classname="LocalCMCTests" time="0.001"/>
  <testcase name="TestALotOfAdding" classname="LocalCMCTests" time="0.0"/>
  <testcase name="TestALotOfAdding" classname="LocalCMCTests" time="0.0"/>
  <testcase name="TestALotOfAdding" classname="LocalCMCTests" time="0.0"/>
  <testcase name="TestALotOfAdding" classname="LocalCMCTests" time="0.001"/>
  <testcase name="TestALotOfAdding" classname="LocalCMCTests" time="0.001"/>
  <testcase name="TestALotOfAdding" classname="LocalCMCTests" time="0.0"/>
  <testcase name="TestALotOfAdding" classname="LocalCMCTests" time="0.001"/>
  <testcase name="TestALotOfAdding" classname="LocalCMCTests" time="0.001"/>
  <testcase name="TestALotOfAdding" classname="LocalCMCTests" time="0.002"/>
  <testcase name="TestALotOfAdding" classname="LocalCMCTests" time="0.0"/>
  <testcase name="TestALotOfAdding" classname="LocalCMCTests" time="0.0"/>
  <testcase name="TestALotOfAdding" classname="LocalCMCTests" time="0.0"/>
  <testcase name="TestALotOfAdding" classname="LocalCMCTests" time="0.0"/>
  <testcase name="TestALotOfAdding" classname="LocalCMCTests" time="0.0"/>
  <testcase name="TestALotOfAdding" classname="LocalCMCTests" time="0.0"/>
  <testcase name="TestALotOfAdding" classname="LocalCMCTests" time="0.001"/>
  <testcase name="TestALotOfAdding" classname="LocalCMCTests" time="0.001"/>
  <testcase name="TestALotOfAdding" classname="LocalCMCTests" time="0.001"/>
  <testcase name="TestALotOfAdding" classname="LocalCMCTests" time="0.0"/>
  <testcase name="TestALotOfAdding" classname="LocalCMCTests" time="0.001"/>
  <testcase name="TestALotOfAdding" classname="LocalCMCTests" time="0.0"/>
  <testcase name="TestALotOfAdding" classname="LocalCMCTests" time="0.001"/>
  <testcase name="TestALotOfAdding" classname="LocalCMCTests" time="0.001"/>
  <testcase name="TestALotOfAdding" classname="LocalCMCTests" time="0.001"/>
  <testcase name="TestALotOfAdding" classname="LocalCMCTests" time="0.0"/>
  <testcase name="TestALotOfAdding" classname="LocalCMCTests" time="0.001"/>
  <testcase name="TestALotOfAdding" classname="LocalCMCTests" time="0.0"/>
  <testcase name="TestALotOfAdding" classname="LocalCMCTests" time="0.0"/>
  <testcase name="TestALotOfAdding" classname="LocalCMCTests" time="0.001"/>
  <testcase name="TestALotOfAdding" classname="LocalCMCTests" time="0.0"/>
  <testcase name="TestALotOfAdding" classname="LocalCMCTests" time="0.001"/>
  <testcase name="TestALotOfAdding" classname="LocalCMCTests" time="0.001"/>
  <testcase name="TestALotOfAdding" classname="LocalCMCTests" time="0.002"/>
  <testcase name="TestALotOfAdding" classname="LocalCMCTests" time="0.002"/>
  <testcase name="TestALotOfAdding" classname="LocalCMCTests" time="0.001"/>
  <testcase name="TestALotOfAdding" classname="LocalCMCTests" time="0.002"/>
  <testcase name="TestALotOfAdding" classname="LocalCMCTests" time="0.0"/>
  <testcase name="TestALotOfAdding" classname="LocalCMCTests" time="0.0"/>
  <testcase name="TestALotOfAdding" classname="LocalCMCTests" time="0.002"/>
  <testcase name="TestALotOfAdding" classname="LocalCMCTests" time="0.002"/>
  <testcase name="TestALotOfAdding" classname="LocalCMCTests" time="0.001"/>
  <testcase name="TestALotOfAdding" classname="LocalCMCTests" time="0.003"/>
  <testcase name="TestALotOfAdding" classname="LocalCMCTests" time="0.003"/>
  <testcase name="TestALotOfAdding" classname="LocalCMCTests" time="0.001"/>
  <testcase name="TestALotOfAdding" classname="LocalCMCTests" time="0.0"/>
  <testcase name="TestALotOfAdding" classname="LocalCMCTests" time="0.0"/>
  <testcase name="TestALotOfAdding" classname="LocalCMCTests" time="0.0"/>
  <testcase name="TestALotOfAdding" classname="LocalCMCTests" time="0.0"/>
  <testcase name="TestALotOfAdding" classname="LocalCMCTests" time="0.001"/>
  <testcase name="TestALotOfAdding" classname="LocalCMCTests" time="0.0"/>
  <testcase name="TestALotOfAdding" classname="LocalCMCTests" time="0.0"/>
  <testcase name="TestALotOfAdding" classname="LocalCMCTests" time="0.0"/>
  <testcase name="TestALotOfAdding" classname="LocalCMCTests" time="0.003"/>
  <testcase name="TestALotOfAdding" classname="LocalCMCTests" time="0.001"/>
  <testcase name="TestALotOfAdding" classname="LocalCMCTests" time="0.001"/>
  <testcase name="TestALotOfAdding" classname="LocalCMCTests" time="0.001"/>
  <testcase name="TestALotOfAdding" classname="LocalCMCTests" time="0.0"/>
  <testcase name="TestALotOfAdding" classname="LocalCMCTests" time="0.001"/>
  <testcase name="TestALotOfAdding" classname="LocalCMCTests" time="0.001"/>
  <testcase name="TestALotOfAdding" classname="LocalCMCTests" time="0.0"/>
  <testcase name="TestALotOfAdding" classname="LocalCMCTests" time="0.001"/>
  <testcase name="TestALotOfAdding" classname="LocalCMCTests" time="0.001"/>
  <testcase name="TestALotOfAdding" classname="LocalCMCTests" time="0.0"/>
  <testcase name="TestALotOfAdding" classname="LocalCMCTests" time="0.0"/>
  <testcase name="TestALotOfAdding" classname="LocalCMCTests" time="0.0"/>
  <testcase name="TestALotOfAdding" classname="LocalCMCTests" time="0.0"/>
  <testcase name="TestALotOfAdding" classname="LocalCMCTests" time="0.0"/>
  <testcase name="TestALotOfAdding" classname="LocalCMCTests" time="0.0"/>
  <testcase name="TestALotOfAdding" classname="LocalCMCTests" time="0.0"/>
  <testcase name="TestALotOfAdding" classname="LocalCMCTests" time="0.001"/>
  <testcase name="TestALotOfAdding" classname="LocalCMCTests" time="0.001"/>
  <testcase name="TestALotOfAdding" classname="LocalCMCTests" time="0.0"/>
  <testcase name="TestALotOfAdding" classname="LocalCMCTests" time="0.001"/>
  <testcase name="TestALotOfAdding" classname="LocalCMCTests" time="0.001"/>
  <testcase name="TestALotOfAdding" classname="LocalCMCTests" time="0.002"/>
  <testcase name="TestALotOfAdding" classname="LocalCMCTests" time="0.0"/>
  <testcase name="TestALotOfAdding" classname="LocalCMCTests" time="0.001"/>
  <testcase name="TestALotOfAdding" classname="LocalCMCTests" time="0.0"/>
  <testcase name="TestALotOfAdding" classname="LocalCMCTests" time="0.0"/>
  <testcase name="TestALotOfAdding" classname="LocalCMCTests" time="0.0"/>
  <testcase name="TestALotOfAdding" classname="LocalCMCTests" time="0.001"/>
  <testcase name="TestALotOfAdding" classname="LocalCMCTests" time="0.0"/>
  <testcase name="TestALotOfAdding" classname="LocalCMCTests" time="0.0"/>
  <testcase name="TestALotOfAdding" classname="LocalCMCTests" time="0.0"/>
  <testcase name="TestALotOfAdding" classname="LocalCMCTests" time="0.001"/>
  <testcase name="TestALotOfAdding" classname="LocalCMCTests" time="0.001"/>
  <testcase name="TestALotOfAdding" classname="LocalCMCTests" time="0.0"/>
  <testcase name="TestALotOfAdding" classname="LocalCMCTests" time="0.0"/>
  <testcase name="TestALotOfAdding" classname="LocalCMCTests" time="0.0"/>
  <testcase name="TestALotOfAdding" classname="LocalCMCTests" time="0.001"/>
  <testcase name="TestALotOfAdding" classname="LocalCMCTests" time="0.001"/>
  <testcase name="TestALotOfAdding" classname="LocalCMCTests" time="0.001"/>
  <testcase name="TestALotOfAdding" classname="LocalCMCTests" time="0.001"/>
  <testcase name="TestALotOfAdding" classname="LocalCMCTests" time="0.001"/>
  <testcase name="TestALotOfAdding" classname="LocalCMCTests" time="0.001"/>
  <testcase name="TestALotOfAdding" classname="LocalCMCTests" time="0.001"/>
  <testcase name="TestALotOfAdding" classname="LocalCMCTests" time="0.0"/>
  <testcase name="TestALotOfAdding" classname="LocalCMCTests" time="0.0"/>
  <testcase name="TestALotOfAdding" classname="LocalCMCTests" time="0.0"/>
  <testcase name="TestALotOfAdding" classname="LocalCMCTests" time="0.0"/>
  <testcase name="TestALotOfAdding" classname="LocalCMCTests" time="0.0"/>
  <testcase name="TestALotOfAdding" classname="LocalCMCTests" time="0.001"/>
  <testcase name="TestALotOfAdding" classname="LocalCMCTests" time="0.0"/>
  <testcase name="TestALotOfAdding" classname="LocalCMCTests" time="0.001"/>
  <testcase name="TestALotOfAdding" classname="LocalCMCTests" time="0.001"/>
  <testcase name="TestALotOfAdding" classname="LocalCMCTests" time="0.001"/>
  <testcase name="TestALotOfAdding" classname="LocalCMCTests" time="0.001"/>
  <testcase name="TestALotOfAdding" classname="LocalCMCTests" time="0.0"/>
  <testcase name="TestALotOfAdding" classname="LocalCMCTests" time="0.0"/>
  <testcase name="TestALotOfAdding" classname="LocalCMCTests" time="0.0"/>
  <testcase name="TestALotOfAdding" classname="LocalCMCTests" time="0.001"/>
  <testcase name="TestALotOfAdding" classname="LocalCMCTests" time="0.0"/>
  <testcase name="TestALotOfAdding" classname="LocalCMCTests" time="0.001"/>
  <testcase name="TestALotOfAdding" classname="LocalCMCTests" time="0.001"/>
  <testcase name="TestALotOfAdding" classname="LocalCMCTests" time="0.0"/>
  <testcase name="TestALotOfAdding" classname="LocalCMCTests" time="0.0"/>
  <testcase name="TestALotOfAdding" classname="LocalCMCTests" time="0.0"/>
  <testcase name="TestALotOfAdding" classname="LocalCMCTests" time="0.001"/>
  <testcase name="TestALotOfAdding" classname="LocalCMCTests" time="0.002"/>
  <testcase name="TestALotOfAdding" classname="LocalCMCTests" time="0.002"/>
  <testcase name="TestALotOfAdding" classname="LocalCMCTests" time="0.001"/>
  <testcase name="TestALotOfAdding" classname="LocalCMCTests" time="0.001"/>
  <testcase name="TestALotOfAdding" classname="LocalCMCTests" time="0.0"/>
  <testcase name="TestALotOfAdding" classname="LocalCMCTests" time="0.001"/>
  <testcase name="TestALotOfAdding" classname="LocalCMCTests" time="0.001"/>
  <testcase name="TestALotOfAdding" classname="LocalCMCTests" time="0.001"/>
  <testcase name="TestALotOfAdding" classname="LocalCMCTests" time="0.001"/>
  <testcase name="TestALotOfAdding" classname="LocalCMCTests" time="0.0"/>
  <testcase name="TestALotOfAdding" classname="LocalCMCTests" time="0.001"/>
  <testcase name="TestALotOfAdding" classname="LocalCMCTests" time="0.001"/>
  <testcase name="TestALotOfAdding" classname="LocalCMCTests" time="0.001"/>
  <testcase name="TestALotOfAdding" classname="LocalCMCTests" time="0.001"/>
  <testcase name="TestALotOfAdding" classname="LocalCMCTests" time="0.0"/>
  <testcase name="TestALotOfAdding" classname="LocalCMCTests" time="0.0"/>
  <testcase name="TestALotOfAdding" classname="LocalCMCTests" time="0.0"/>
  <testcase name="TestALotOfAdding" classname="LocalCMCTests" time="0.001"/>
  <testcase name="TestALotOfAdding" classname="LocalCMCTests" time="0.001"/>
  <testcase name="TestALotOfAdding" classname="LocalCMCTests" time="0.001"/>
  <testcase name="TestALotOfAdding" classname="LocalCMCTests" time="0.0"/>
  <testcase name="TestALotOfAdding" classname="LocalCMCTests" time="0.001"/>
  <testcase name="TestALotOfAdding" classname="LocalCMCTests" time="0.001"/>
  <testcase name="TestALotOfAdding" classname="LocalCMCTests" time="0.0"/>
  <testcase name="TestALotOfAdding" classname="LocalCMCTests" time="0.001"/>
  <testcase name="TestALotOfAdding" classname="LocalCMCTests" time="0.001"/>
  <testcase name="TestALotOfAdding" classname="LocalCMCTests" time="0.001"/>
  <testcase name="TestALotOfAdding" classname="LocalCMCTests" time="0.001"/>
  <testcase name="TestALotOfAdding" classname="LocalCMCTests" time="0.001"/>
  <testcase name="TestALotOfAdding" classname="LocalCMCTests" time="0.0"/>
  <testcase name="TestALotOfAdding" classname="LocalCMCTests" time="0.0"/>
  <testcase name="TestALotOfAdding" classname="LocalCMCTests" time="0.0"/>
  <testcase name="TestALotOfAdding" classname="LocalCMCTests" time="0.0"/>
  <testcase name="TestALotOfAdding" classname="LocalCMCTests" time="0.001"/>
  <testcase name="TestALotOfAdding" classname="LocalCMCTests" time="0.001"/>
  <testcase name="TestALotOfAdding" classname="LocalCMCTests" time="0.0"/>
  <testcase name="TestALotOfAdding" classname="LocalCMCTests" time="0.001"/>
  <testcase name="TestALotOfAdding" classname="LocalCMCTests" time="0.001"/>
  <testcase name="TestALotOfAdding" classname="LocalCMCTests" time="0.0"/>
  <testcase name="TestALotOfAdding" classname="LocalCMCTests" time="0.0"/>
  <testcase name="TestALotOfAdding" classname="LocalCMCTests" time="0.0"/>
  <testcase name="TestALotOfAdding" classname="LocalCMCTests" time="0.0"/>
  <testcase name="TestALotOfAdding" classname="LocalCMCTests" time="0.001"/>
  <testcase name="TestALotOfAdding" classname="LocalCMCTests" time="0.001"/>
  <testcase name="TestALotOfAdding" classname="LocalCMCTests" time="0.0"/>
  <testcase name="TestALotOfAdding" classname="LocalCMCTests" time="0.001"/>
  <testcase name="TestALotOfAdding" classname="LocalCMCTests" time="0.0"/>
  <testcase name="TestALotOfAdding" classname="LocalCMCTests" time="0.001"/>
  <testcase name="TestALotOfAdding" classname="LocalCMCTests" time="0.0"/>
  <testcase name="TestALotOfAdding" classname="LocalCMCTests" time="0.001"/>
  <testcase name="TestALotOfAdding" classname="LocalCMCTests" time="0.002"/>
  <testcase name="TestALotOfAdding" classname="LocalCMCTests" time="0.001"/>
  <testcase name="TestALotOfAdding" classname="LocalCMCTests" time="0.001"/>
  <testcase name="TestALotOfAdding" classname="LocalCMCTests" time="0.001"/>
  <testcase name="TestALotOfAdding" classname="LocalCMCTests" time="0.0"/>
  <testcase name="TestALotOfAdding" classname="LocalCMCTests" time="0.001"/>
  <testcase name="TestALotOfAdding" classname="LocalCMCTests" time="0.001"/>
  <testcase name="TestALotOfAdding" classname="LocalCMCTests" time="0.001"/>
  <testcase name="TestALotOfAdding" classname="LocalCMCTests" time="0.001"/>
  <testcase name="TestALotOfAdding" classname="LocalCMCTests" time="0.0"/>
  <testcase name="TestALotOfAdding" classname="LocalCMCTests" time="0.0"/>
  <testcase name="TestALotOfAdding" classname="LocalCMCTests" time="0.0"/>
  <testcase name="TestALotOfAdding" classname="LocalCMCTests" time="0.001"/>
  <testcase name="TestALotOfAdding" classname="LocalCMCTests" time="0.002"/>
  <testcase name="TestALotOfAdding" classname="LocalCMCTests" time="0.001"/>
  <testcase name="TestALotOfAdding" classname="LocalCMCTests" time="0.001"/>
  <testcase name="TestALotOfAdding" classname="LocalCMCTests" time="0.001"/>
  <testcase name="TestALotOfAdding" classname="LocalCMCTests" time="0.0"/>
  <testcase name="TestALotOfAdding" classname="LocalCMCTests" time="0.0"/>
  <testcase name="TestALotOfAdding" classname="LocalCMCTests" time="0.0"/>
  <testcase name="TestALotOfAdding" classname="LocalCMCTests" time="0.001"/>
  <testcase name="TestALotOfAdding" classname="LocalCMCTests" time="0.001"/>
  <testcase name="TestALotOfAdding" classname="LocalCMCTests" time="0.001"/>
  <testcase name="TestALotOfAdding" classname="LocalCMCTests" time="0.0"/>
  <testcase name="TestALotOfAdding" classname="LocalCMCTests" time="0.001"/>
  <testcase name="TestALotOfAdding" classname="LocalCMCTests" time="0.001"/>
  <testcase name="TestALotOfAdding" classname="LocalCMCTests" time="0.0"/>
  <testcase name="TestALotOfAdding" classname="LocalCMCTests" time="0.0"/>
  <testcase name="TestALotOfAdding" classname="LocalCMCTests" time="0.001"/>
  <testcase name="TestALotOfAdding" classname="LocalCMCTests" time="0.001"/>
  <testcase name="TestALotOfAdding" classname="LocalCMCTests" time="0.001"/>
  <testcase name="TestALotOfAdding" classname="LocalCMCTests" time="0.001"/>
  <testcase name="TestALotOfAdding" classname="LocalCMCTests" time="0.0"/>
  <testcase name="TestALotOfAdding" classname="LocalCMCTests" time="0.001"/>
  <testcase name="TestALotOfAdding" classname="LocalCMCTests" time="0.0"/>
  <testcase name="TestALotOfAdding" classname="LocalCMCTests" time="0.0"/>
  <testcase name="TestALotOfAdding" classname="LocalCMCTests" time="0.0"/>
  <testcase name="TestALotOfAdding" classname="LocalCMCTests" time="0.0"/>
  <testcase name="TestALotOfAdding" classname="LocalCMCTests" time="0.001"/>
  <testcase name="TestALotOfAdding" classname="LocalCMCTests" time="0.001"/>
  <testcase name="TestALotOfAdding" classname="LocalCMCTests" time="0.0"/>
  <testcase name="TestALotOfAdding" classname="LocalCMCTests" time="0.001"/>
  <testcase name="TestALotOfAdding" classname="LocalCMCTests" time="0.001"/>
  <testcase name="TestALotOfAdding" classname="LocalCMCTests" time="0.001"/>
  <testcase name="TestALotOfAdding" classname="LocalCMCTests" time="0.0"/>
  <testcase name="TestALotOfAdding" classname="LocalCMCTests" time="0.0"/>
  <testcase name="TestALotOfAdding" classname="LocalCMCTests" time="0.001"/>
  <testcase name="TestALotOfAdding" classname="LocalCMCTests" time="0.0"/>
  <testcase name="TestALotOfAdding" classname="LocalCMCTests" time="0.001"/>
  <testcase name="TestALotOfAdding" classname="LocalCMCTests" time="0.001"/>
  <testcase name="TestALotOfAdding" classname="LocalCMCTests" time="0.001"/>
  <testcase name="TestALotOfAdding" classname="LocalCMCTests" time="0.001"/>
  <testcase name="TestALotOfAdding" classname="LocalCMCTests" time="0.001"/>
  <testcase name="TestALotOfAdding" classname="LocalCMCTests" time="0.0"/>
  <testcase name="TestALotOfAdding" classname="LocalCMCTests" time="0.0"/>
  <testcase name="TestALotOfAdding" classname="LocalCMCTests" time="0.0"/>
  <testcase name="TestALotOfAdding" classname="LocalCMCTests" time="0.0"/>
  <testcase name="TestALotOfAdding" classname="LocalCMCTests" time="0.0"/>
  <testcase name="TestALotOfAdding" classname="LocalCMCTests" time="0.001"/>
  <testcase name="TestALotOfAdding" classname="LocalCMCTests" time="0.001"/>
  <testcase name="TestALotOfAdding" classname="LocalCMCTests" time="0.0"/>
  <testcase name="TestALotOfAdding" classname="LocalCMCTests" time="0.001"/>
  <testcase name="TestALotOfAdding" classname="LocalCMCTests" time="0.0"/>
  <testcase name="TestALotOfAdding" classname="LocalCMCTests" time="0.001"/>
  <testcase name="TestALotOfAdding" classname="LocalCMCTests" time="0.001"/>
  <testcase name="TestALotOfAdding" classname="LocalCMCTests" time="0.001"/>
  <testcase name="TestALotOfAdding" classname="LocalCMCTests" time="0.001"/>
  <testcase name="TestALotOfAdding" classname="LocalCMCTests" time="0.001"/>
  <testcase name="TestALotOfAdding" classname="LocalCMCTests" time="0.0"/>
  <testcase name="TestALotOfAdding" classname="LocalCMCTests" time="0.0"/>
  <testcase name="TestALotOfAdding" classname="LocalCMCTests" time="0.001"/>
  <testcase name="TestALotOfAdding" classname="LocalCMCTests" time="0.001"/>
  <testcase name="TestALotOfAdding" classname="LocalCMCTests" time="0.0"/>
  <testcase name="TestALotOfAdding" classname="LocalCMCTests" time="0.0"/>
  <testcase name="TestALotOfAdding" classname="LocalCMCTests" time="0.0"/>
  <testcase name="TestALotOfAdding" classname="LocalCMCTests" time="0.001"/>
  <testcase name="TestALotOfAdding" classname="LocalCMCTests" time="0.0"/>
  <testcase name="TestALotOfAdding" classname="LocalCMCTests" time="0.002"/>
  <testcase name="TestALotOfAdding" classname="LocalCMCTests" time="0.0"/>
  <testcase name="TestALotOfAdding" classname="LocalCMCTests" time="0.001"/>
  <testcase name="TestALotOfAdding" classname="LocalCMCTests" time="0.001"/>
  <testcase name="TestALotOfAdding" classname="LocalCMCTests" time="0.001"/>
  <testcase name="TestALotOfAdding" classname="LocalCMCTests" time="0.001"/>
  <testcase name="TestALotOfAdding" classname="LocalCMCTests" time="0.001"/>
  <testcase name="TestALotOfAdding" classname="LocalCMCTests" time="0.0"/>
  <testcase name="TestALotOfAdding" classname="LocalCMCTests" time="0.001"/>
  <testcase name="TestALotOfAdding" classname="LocalCMCTests" time="0.001"/>
  <testcase name="TestALotOfAdding" classname="LocalCMCTests" time="0.001"/>
  <testcase name="TestALotOfAdding" classname="LocalCMCTests" time="0.0"/>
  <testcase name="TestALotOfAdding" classname="LocalCMCTests" time="0.0"/>
  <testcase name="TestALotOfAdding" classname="LocalCMCTests" time="0.0"/>
  <testcase name="TestALotOfAdding" classname="LocalCMCTests" time="0.0"/>
  <testcase name="TestALotOfAdding" classname="LocalCMCTests" time="0.0"/>
  <testcase name="TestALotOfAdding" classname="LocalCMCTests" time="0.001"/>
  <testcase name="TestALotOfAdding" classname="LocalCMCTests" time="0.0"/>
  <testcase name="TestALotOfAdding" classname="LocalCMCTests" time="0.002"/>
  <testcase name="TestALotOfAdding" classname="LocalCMCTests" time="0.0"/>
  <testcase name="TestALotOfAdding" classname="LocalCMCTests" time="0.0"/>
  <testcase name="TestALotOfAdding" classname="LocalCMCTests" time="0.001"/>
  <testcase name="TestALotOfAdding" classname="LocalCMCTests" time="0.001"/>
  <testcase name="TestALotOfAdding" classname="LocalCMCTests" time="0.001"/>
  <testcase name="TestALotOfAdding" classname="LocalCMCTests" time="0.001"/>
  <testcase name="TestALotOfAdding" classname="LocalCMCTests" time="0.001"/>
  <testcase name="TestALotOfAdding" classname="LocalCMCTests" time="0.001"/>
  <testcase name="TestALotOfAdding" classname="LocalCMCTests" time="0.001"/>
  <testcase name="TestALotOfAdding" classname="LocalCMCTests" time="0.0"/>
  <testcase name="TestALotOfAdding" classname="LocalCMCTests" time="0.0"/>
  <testcase name="TestALotOfAdding" classname="LocalCMCTests" time="0.0"/>
  <testcase name="TestALotOfAdding" classname="LocalCMCTests" time="0.0"/>
  <testcase name="TestALotOfAdding" classname="LocalCMCTests" time="0.001"/>
  <testcase name="TestALotOfAdding" classname="LocalCMCTests" time="0.0"/>
  <testcase name="TestALotOfAdding" classname="LocalCMCTests" time="0.0"/>
  <testcase name="TestALotOfAdding" classname="LocalCMCTests" time="0.001"/>
  <testcase name="TestALotOfAdding" classname="LocalCMCTests" time="0.001"/>
  <testcase name="TestALotOfAdding" classname="LocalCMCTests" time="0.0"/>
  <testcase name="TestALotOfAdding" classname="LocalCMCTests" time="0.001"/>
  <testcase name="TestALotOfAdding" classname="LocalCMCTests" time="0.001"/>
  <testcase name="TestALotOfAdding" classname="LocalCMCTests" time="0.001"/>
  <testcase name="TestALotOfAdding" classname="LocalCMCTests" time="0.001"/>
  <testcase name="TestALotOfAdding" classname="LocalCMCTests" time="0.001"/>
  <testcase name="TestALotOfAdding" classname="LocalCMCTests" time="0.001"/>
  <testcase name="TestALotOfAdding" classname="LocalCMCTests" time="0.001"/>
  <testcase name="TestALotOfAdding" classname="LocalCMCTests" time="0.0"/>
  <testcase name="TestALotOfAdding" classname="LocalCMCTests" time="0.001"/>
  <testcase name="TestALotOfAdding" classname="LocalCMCTests" time="0.0"/>
  <testcase name="TestALotOfAdding" classname="LocalCMCTests" time="0.0"/>
  <testcase name="TestALotOfAdding" classname="LocalCMCTests" time="0.001"/>
  <testcase name="TestALotOfAdding" classname="LocalCMCTests" time="0.001"/>
  <testcase name="TestALotOfAdding" classname="LocalCMCTests" time="0.001"/>
  <testcase name="TestALotOfAdding" classname="LocalCMCTests" time="0.001"/>
  <testcase name="TestALotOfAdding" classname="LocalCMCTests" time="0.001"/>
  <testcase name="TestALotOfAdding" classname="LocalCMCTests" time="0.001"/>
  <testcase name="TestALotOfAdding" classname="LocalCMCTests" time="0.0"/>
  <testcase name="TestALotOfAdding" classname="LocalCMCTests" time="0.001"/>
  <testcase name="TestALotOfAdding" classname="LocalCMCTests" time="0.001"/>
  <testcase name="TestALotOfAdding" classname="LocalCMCTests" time="0.0"/>
  <testcase name="TestALotOfAdding" classname="LocalCMCTests" time="0.0"/>
  <testcase name="TestALotOfAdding" classname="LocalCMCTests" time="0.0"/>
  <testcase name="TestALotOfAdding" classname="LocalCMCTests" time="0.0"/>
  <testcase name="TestALotOfAdding" classname="LocalCMCTests" time="0.0"/>
  <testcase name="TestALotOfAdding" classname="LocalCMCTests" time="0.0"/>
  <testcase name="TestALotOfAdding" classname="LocalCMCTests" time="0.0"/>
  <testcase name="TestALotOfAdding" classname="LocalCMCTests" time="0.002"/>
  <testcase name="TestALotOfAdding" classname="LocalCMCTests" time="0.0"/>
  <testcase name="TestALotOfAdding" classname="LocalCMCTests" time="0.0"/>
  <testcase name="TestALotOfAdding" classname="LocalCMCTests" time="0.002"/>
  <testcase name="TestALotOfAdding" classname="LocalCMCTests" time="0.0"/>
  <testcase name="TestALotOfAdding" classname="LocalCMCTests" time="0.0"/>
  <testcase name="TestALotOfAdding" classname="LocalCMCTests" time="0.001"/>
  <testcase name="TestALotOfAdding" classname="LocalCMCTests" time="0.001"/>
  <testcase name="TestALotOfAdding" classname="LocalCMCTests" time="0.0"/>
  <testcase name="TestALotOfAdding" classname="LocalCMCTests" time="0.0"/>
  <testcase name="TestALotOfAdding" classname="LocalCMCTests" time="0.001"/>
  <testcase name="TestALotOfAdding" classname="LocalCMCTests" time="0.001"/>
  <testcase name="TestALotOfAdding" classname="LocalCMCTests" time="0.0"/>
  <testcase name="TestALotOfAdding" classname="LocalCMCTests" time="0.0"/>
  <testcase name="TestALotOfAdding" classname="LocalCMCTests" time="0.0"/>
  <testcase name="TestALotOfAdding" classname="LocalCMCTests" time="0.001"/>
  <testcase name="TestALotOfAdding" classname="LocalCMCTests" time="0.001"/>
  <testcase name="TestALotOfAdding" classname="LocalCMCTests" time="0.0"/>
  <testcase name="TestALotOfAdding" classname="LocalCMCTests" time="0.001"/>
  <testcase name="TestALotOfAdding" classname="LocalCMCTests" time="0.0"/>
  <testcase name="TestALotOfAdding" classname="LocalCMCTests" time="0.001"/>
  <testcase name="TestALotOfAdding" classname="LocalCMCTests" time="0.0"/>
  <testcase name="TestALotOfAdding" classname="LocalCMCTests" time="0.001"/>
  <testcase name="TestALotOfAdding" classname="LocalCMCTests" time="0.001"/>
  <testcase name="TestALotOfAdding" classname="LocalCMCTests" time="0.001"/>
  <testcase name="TestALotOfAdding" classname="LocalCMCTests" time="0.0"/>
  <testcase name="TestALotOfAdding" classname="LocalCMCTests" time="0.0"/>
  <testcase name="TestALotOfAdding" classname="LocalCMCTests" time="0.002"/>
  <testcase name="TestALotOfAdding" classname="LocalCMCTests" time="0.0"/>
  <testcase name="TestALotOfAdding" classname="LocalCMCTests" time="0.0"/>
  <testcase name="TestALotOfAdding" classname="LocalCMCTests" time="0.0"/>
  <testcase name="TestALotOfAdding" classname="LocalCMCTests" time="0.002"/>
  <testcase name="TestALotOfAdding" classname="LocalCMCTests" time="0.002"/>
  <testcase name="TestALotOfAdding" classname="LocalCMCTests" time="0.002"/>
  <testcase name="TestALotOfAdding" classname="LocalCMCTests" time="0.001"/>
  <testcase name="TestALotOfAdding" classname="LocalCMCTests" time="0.001"/>
  <testcase name="TestALotOfAdding" classname="LocalCMCTests" time="0.0"/>
  <testcase name="TestALotOfAdding" classname="LocalCMCTests" time="0.001"/>
  <testcase name="TestALotOfAdding" classname="LocalCMCTests" time="0.0"/>
  <testcase name="TestALotOfAdding" classname="LocalCMCTests" time="0.001"/>
  <testcase name="TestALotOfAdding" classname="LocalCMCTests" time="0.0"/>
  <testcase name="TestALotOfAdding" classname="LocalCMCTests" time="0.001"/>
  <testcase name="TestALotOfAdding" classname="LocalCMCTests" time="0.0"/>
  <testcase name="TestALotOfAdding" classname="LocalCMCTests" time="0.002"/>
  <testcase name="TestALotOfAdding" classname="LocalCMCTests" time="0.001"/>
  <testcase name="TestALotOfAdding" classname="LocalCMCTests" time="0.0"/>
  <testcase name="TestALotOfAdding" classname="LocalCMCTests" time="0.0"/>
  <testcase name="TestALotOfAdding" classname="LocalCMCTests" time="0.0"/>
  <testcase name="TestALotOfAdding" classname="LocalCMCTests" time="0.0"/>
  <testcase name="TestALotOfAdding" classname="LocalCMCTests" time="0.0"/>
  <testcase name="TestALotOfAdding" classname="LocalCMCTests" time="0.001"/>
  <testcase name="TestALotOfAdding" classname="LocalCMCTests" time="0.001"/>
  <testcase name="TestALotOfAdding" classname="LocalCMCTests" time="0.0"/>
  <testcase name="TestALotOfAdding" classname="LocalCMCTests" time="0.001"/>
  <testcase name="TestALotOfAdding" classname="LocalCMCTests" time="0.001"/>
  <testcase name="TestALotOfAdding" classname="LocalCMCTests" time="0.001"/>
  <testcase name="TestALotOfAdding" classname="LocalCMCTests" time="0.0"/>
  <testcase name="TestALotOfAdding" classname="LocalCMCTests" time="0.0"/>
  <testcase name="TestALotOfAdding" classname="LocalCMCTests" time="0.0"/>
  <testcase name="TestALotOfAdding" classname="LocalCMCTests" time="0.0"/>
  <testcase name="TestALotOfAdding" classname="LocalCMCTests" time="0.001"/>
  <testcase name="TestALotOfAdding" classname="LocalCMCTests" time="0.001"/>
  <testcase name="TestALotOfAdding" classname="LocalCMCTests" time="0.001"/>
  <testcase name="TestALotOfAdding" classname="LocalCMCTests" time="0.001"/>
  <testcase name="TestALotOfAdding" classname="LocalCMCTests" time="0.001"/>
  <testcase name="TestALotOfAdding" classname="LocalCMCTests" time="0.001"/>
  <testcase name="TestALotOfAdding" classname="LocalCMCTests" time="0.001"/>
  <testcase name="TestALotOfAdding" classname="LocalCMCTests" time="0.0"/>
  <testcase name="TestALotOfAdding" classname="LocalCMCTests" time="0.001"/>
  <testcase name="TestALotOfAdding" classname="LocalCMCTests" time="0.001"/>
  <testcase name="TestALotOfAdding" classname="LocalCMCTests" time="0.001"/>
  <testcase name="TestALotOfAdding" classname="LocalCMCTests" time="0.001"/>
  <testcase name="TestALotOfAdding" classname="LocalCMCTests" time="0.0"/>
  <testcase name="TestALotOfAdding" classname="LocalCMCTests" time="0.002"/>
  <testcase name="TestALotOfAdding" classname="LocalCMCTests" time="0.0"/>
  <testcase name="TestALotOfAdding" classname="LocalCMCTests" time="0.0"/>
  <testcase name="TestALotOfAdding" classname="LocalCMCTests" time="0.001"/>
  <testcase name="TestALotOfAdding" classname="LocalCMCTests" time="0.0"/>
  <testcase name="TestALotOfAdding" classname="LocalCMCTests" time="0.0"/>
  <testcase name="TestALotOfAdding" classname="LocalCMCTests" time="0.0"/>
  <testcase name="TestALotOfAdding" classname="LocalCMCTests" time="0.0"/>
  <testcase name="TestALotOfAdding" classname="LocalCMCTests" time="0.0"/>
  <testcase name="TestALotOfAdding" classname="LocalCMCTests" time="0.001"/>
  <testcase name="TestALotOfAdding" classname="LocalCMCTests" time="0.001"/>
  <testcase name="TestALotOfAdding" classname="LocalCMCTests" time="0.0"/>
  <testcase name="TestALotOfAdding" classname="LocalCMCTests" time="0.002"/>
  <testcase name="TestALotOfAdding" classname="LocalCMCTests" time="0.0"/>
  <testcase name="TestALotOfAdding" classname="LocalCMCTests" time="0.0"/>
  <testcase name="TestALotOfAdding" classname="LocalCMCTests" time="0.0"/>
  <testcase name="TestALotOfAdding" classname="LocalCMCTests" time="0.001"/>
  <testcase name="TestALotOfAdding" classname="LocalCMCTests" time="0.001"/>
  <testcase name="TestALotOfAdding" classname="LocalCMCTests" time="0.001"/>
  <testcase name="TestALotOfAdding" classname="LocalCMCTests" time="0.001"/>
  <testcase name="TestALotOfAdding" classname="LocalCMCTests" time="0.001"/>
  <testcase name="TestALotOfAdding" classname="LocalCMCTests" time="0.0"/>
  <testcase name="TestALotOfAdding" classname="LocalCMCTests" time="0.001"/>
  <testcase name="TestALotOfAdding" classname="LocalCMCTests" time="0.0"/>
  <testcase name="TestALotOfAdding" classname="LocalCMCTests" time="0.001"/>
  <testcase name="TestALotOfAdding" classname="LocalCMCTests" time="0.001"/>
  <testcase name="TestALotOfAdding" classname="LocalCMCTests" time="0.001"/>
  <testcase name="TestALotOfAdding" classname="LocalCMCTests" time="0.001"/>
  <testcase name="TestALotOfAdding" classname="LocalCMCTests" time="0.001"/>
  <testcase name="TestALotOfAdding" classname="LocalCMCTests" time="0.001"/>
  <testcase name="TestALotOfAdding" classname="LocalCMCTests" time="0.0"/>
  <testcase name="TestALotOfAdding" classname="LocalCMCTests" time="0.001"/>
  <testcase name="TestALotOfAdding" classname="LocalCMCTests" time="0.0"/>
  <testcase name="TestALotOfAdding" classname="LocalCMCTests" time="0.0"/>
  <testcase name="TestALotOfAdding" classname="LocalCMCTests" time="0.0"/>
  <testcase name="TestALotOfAdding" classname="LocalCMCTests" time="0.0"/>
  <testcase name="TestALotOfAdding" classname="LocalCMCTests" time="0.0"/>
  <testcase name="TestALotOfAdding" classname="LocalCMCTests" time="0.0"/>
  <testcase name="TestALotOfAdding" classname="LocalCMCTests" time="0.0"/>
  <testcase name="TestALotOfAdding" classname="LocalCMCTests" time="0.002"/>
  <testcase name="TestALotOfAdding" classname="LocalCMCTests" time="0.0"/>
  <testcase name="TestALotOfAdding" classname="LocalCMCTests" time="0.002"/>
  <testcase name="TestALotOfAdding" classname="LocalCMCTests" time="0.001"/>
  <testcase name="TestALotOfAdding" classname="LocalCMCTests" time="0.001"/>
  <testcase name="TestALotOfAdding" classname="LocalCMCTests" time="0.0"/>
  <testcase name="TestALotOfAdding" classname="LocalCMCTests" time="0.002"/>
  <testcase name="TestALotOfAdding" classname="LocalCMCTests" time="0.0"/>
  <testcase name="TestALotOfAdding" classname="LocalCMCTests" time="0.0"/>
  <testcase name="TestALotOfAdding" classname="LocalCMCTests" time="0.0"/>
  <testcase name="TestALotOfAdding" classname="LocalCMCTests" time="0.0"/>
  <testcase name="TestALotOfAdding" classname="LocalCMCTests" time="0.001"/>
  <testcase name="TestALotOfAdding" classname="LocalCMCTests" time="0.001"/>
  <testcase name="TestALotOfAdding" classname="LocalCMCTests" time="0.001"/>
  <testcase name="TestALotOfAdding" classname="LocalCMCTests" time="0.001"/>
  <testcase name="TestALotOfAdding" classname="LocalCMCTests" time="0.001"/>
  <testcase name="TestALotOfAdding" classname="LocalCMCTests" time="0.0"/>
  <testcase name="TestALotOfAdding" classname="LocalCMCTests" time="0.0"/>
  <testcase name="TestALotOfAdding" classname="LocalCMCTests" time="0.001"/>
  <testcase name="TestALotOfAdding" classname="LocalCMCTests" time="0.002"/>
  <testcase name="TestALotOfAdding" classname="LocalCMCTests" time="0.001"/>
  <testcase name="TestALotOfAdding" classname="LocalCMCTests" time="0.002"/>
  <testcase name="TestALotOfAdding" classname="LocalCMCTests" time="0.001"/>
  <testcase name="TestALotOfAdding" classname="LocalCMCTests" time="0.001"/>
  <testcase name="TestALotOfAdding" classname="LocalCMCTests" time="0.001"/>
  <testcase name="TestALotOfAdding" classname="LocalCMCTests" time="0.0"/>
  <testcase name="TestALotOfAdding" classname="LocalCMCTests" time="0.0"/>
  <testcase name="TestALotOfAdding" classname="LocalCMCTests" time="0.0"/>
  <testcase name="TestALotOfAdding" classname="LocalCMCTests" time="0.0"/>
  <testcase name="TestALotOfAdding" classname="LocalCMCTests" time="0.001"/>
  <testcase name="TestALotOfAdding" classname="LocalCMCTests" time="0.0"/>
  <testcase name="TestALotOfAdding" classname="LocalCMCTests" time="0.0"/>
  <testcase name="TestALotOfAdding" classname="LocalCMCTests" time="0.001"/>
  <testcase name="TestALotOfAdding" classname="LocalCMCTests" time="0.0"/>
  <testcase name="TestALotOfAdding" classname="LocalCMCTests" time="0.0"/>
  <testcase name="TestALotOfAdding" classname="LocalCMCTests" time="0.001"/>
  <testcase name="TestALotOfAdding" classname="LocalCMCTests" time="0.0"/>
  <testcase name="TestALotOfAdding" classname="LocalCMCTests" time="0.0"/>
  <testcase name="TestALotOfAdding" classname="LocalCMCTests" time="0.001"/>
  <testcase name="TestALotOfAdding" classname="LocalCMCTests" time="0.0"/>
  <testcase name="TestALotOfAdding" classname="LocalCMCTests" time="0.0"/>
  <testcase name="TestALotOfAdding" classname="LocalCMCTests" time="0.001"/>
  <testcase name="TestALotOfAdding" classname="LocalCMCTests" time="0.0"/>
  <testcase name="TestALotOfAdding" classname="LocalCMCTests" time="0.001"/>
  <testcase name="TestALotOfAdding" classname="LocalCMCTests" time="0.0"/>
  <testcase name="TestALotOfAdding" classname="LocalCMCTests" time="0.001"/>
  <testcase name="TestALotOfAdding" classname="LocalCMCTests" time="0.001"/>
  <testcase name="TestALotOfAdding" classname="LocalCMCTests" time="0.0"/>
  <testcase name="TestALotOfAdding" classname="LocalCMCTests" time="0.002"/>
  <testcase name="TestALotOfAdding" classname="LocalCMCTests" time="0.001"/>
  <testcase name="TestALotOfAdding" classname="LocalCMCTests" time="0.0"/>
  <testcase name="TestALotOfAdding" classname="LocalCMCTests" time="0.001"/>
  <testcase name="TestALotOfAdding" classname="LocalCMCTests" time="0.001"/>
  <testcase name="TestALotOfAdding" classname="LocalCMCTests" time="0.001"/>
  <testcase name="TestALotOfAdding" classname="LocalCMCTests" time="0.002"/>
  <testcase name="TestALotOfAdding" classname="LocalCMCTests" time="0.001"/>
  <testcase name="TestALotOfAdding" classname="LocalCMCTests" time="0.001"/>
  <testcase name="TestALotOfAdding" classname="LocalCMCTests" time="0.0"/>
  <testcase name="TestALotOfAdding" classname="LocalCMCTests" time="0.0"/>
  <testcase name="TestALotOfAdding" classname="LocalCMCTests" time="0.0"/>
  <testcase name="TestALotOfAdding" classname="LocalCMCTests" time="0.001"/>
  <testcase name="TestALotOfAdding" classname="LocalCMCTests" time="0.0"/>
  <testcase name="TestALotOfAdding" classname="LocalCMCTests" time="0.0"/>
  <testcase name="TestALotOfAdding" classname="LocalCMCTests" time="0.0"/>
  <testcase name="TestALotOfAdding" classname="LocalCMCTests" time="0.001"/>
  <testcase name="TestALotOfAdding" classname="LocalCMCTests" time="0.003"/>
  <testcase name="TestALotOfAdding" classname="LocalCMCTests" time="0.001"/>
  <testcase name="TestALotOfAdding" classname="LocalCMCTests" time="0.001"/>
  <testcase name="TestALotOfAdding" classname="LocalCMCTests" time="0.001"/>
  <testcase name="TestALotOfAdding" classname="LocalCMCTests" time="0.001"/>
  <testcase name="TestALotOfAdding" classname="LocalCMCTests" time="0.001"/>
  <testcase name="TestALotOfAdding" classname="LocalCMCTests" time="0.001"/>
  <testcase name="TestALotOfAdding" classname="LocalCMCTests" time="0.001"/>
  <testcase name="TestALotOfAdding" classname="LocalCMCTests" time="0.0"/>
  <testcase name="TestALotOfAdding" classname="LocalCMCTests" time="0.0"/>
  <testcase name="TestALotOfAdding" classname="LocalCMCTests" time="0.0"/>
  <testcase name="TestALotOfAdding" classname="LocalCMCTests" time="0.0"/>
  <testcase name="TestALotOfAdding" classname="LocalCMCTests" time="0.0"/>
  <testcase name="TestALotOfAdding" classname="LocalCMCTests" time="0.0"/>
  <testcase name="TestALotOfAdding" classname="LocalCMCTests" time="0.001"/>
  <testcase name="TestALotOfAdding" classname="LocalCMCTests" time="0.001"/>
  <testcase name="TestALotOfAdding" classname="LocalCMCTests" time="0.001"/>
  <testcase name="TestALotOfAdding" classname="LocalCMCTests" time="0.001"/>
  <testcase name="TestALotOfAdding" classname="LocalCMCTests" time="0.0"/>
  <testcase name="TestALotOfAdding" classname="LocalCMCTests" time="0.002"/>
  <testcase name="TestALotOfAdding" classname="LocalCMCTests" time="0.001"/>
  <testcase name="TestALotOfAdding" classname="LocalCMCTests" time="0.0"/>
  <testcase name="TestALotOfAdding" classname="LocalCMCTests" time="0.001"/>
  <testcase name="TestALotOfAdding" classname="LocalCMCTests" time="0.0"/>
  <testcase name="TestALotOfAdding" classname="LocalCMCTests" time="0.0"/>
  <testcase name="TestALotOfAdding" classname="LocalCMCTests" time="0.001"/>
  <testcase name="TestALotOfAdding" classname="LocalCMCTests" time="0.0"/>
  <testcase name="TestALotOfAdding" classname="LocalCMCTests" time="0.002"/>
  <testcase name="TestALotOfAdding" classname="LocalCMCTests" time="0.001"/>
  <testcase name="TestALotOfAdding" classname="LocalCMCTests" time="0.001"/>
  <testcase name="TestALotOfAdding" classname="LocalCMCTests" time="0.001"/>
  <testcase name="TestALotOfAdding" classname="LocalCMCTests" time="0.0"/>
  <testcase name="TestALotOfAdding" classname="LocalCMCTests" time="0.001"/>
  <testcase name="TestALotOfAdding" classname="LocalCMCTests" time="0.0"/>
  <testcase name="TestALotOfAdding" classname="LocalCMCTests" time="0.002"/>
  <testcase name="TestALotOfAdding" classname="LocalCMCTests" time="0.001"/>
  <testcase name="TestALotOfAdding" classname="LocalCMCTests" time="0.001"/>
  <testcase name="TestALotOfAdding" classname="LocalCMCTests" time="0.0"/>
  <testcase name="TestALotOfAdding" classname="LocalCMCTests" time="0.0"/>
  <testcase name="TestALotOfAdding" classname="LocalCMCTests" time="0.0"/>
  <testcase name="TestALotOfAdding" classname="LocalCMCTests" time="0.001"/>
  <testcase name="TestALotOfAdding" classname="LocalCMCTests" time="0.0"/>
  <testcase name="TestALotOfAdding" classname="LocalCMCTests" time="0.0"/>
  <testcase name="TestALotOfAdding" classname="LocalCMCTests" time="0.0"/>
  <testcase name="TestALotOfAdding" classname="LocalCMCTests" time="0.001"/>
  <testcase name="TestALotOfAdding" classname="LocalCMCTests" time="0.001"/>
  <testcase name="TestALotOfAdding" classname="LocalCMCTests" time="0.001"/>
  <testcase name="TestALotOfAdding" classname="LocalCMCTests" time="0.0"/>
  <testcase name="TestALotOfAdding" classname="LocalCMCTests" time="0.001"/>
  <testcase name="TestALotOfAdding" classname="LocalCMCTests" time="0.0"/>
  <testcase name="TestALotOfAdding" classname="LocalCMCTests" time="0.001"/>
  <testcase name="TestALotOfAdding" classname="LocalCMCTests" time="0.001"/>
  <testcase name="TestALotOfAdding" classname="LocalCMCTests" time="0.001"/>
  <testcase name="TestALotOfAdding" classname="LocalCMCTests" time="0.0"/>
  <testcase name="TestALotOfAdding" classname="LocalCMCTests" time="0.0"/>
  <testcase name="TestALotOfAdding" classname="LocalCMCTests" time="0.0"/>
  <testcase name="TestALotOfAdding" classname="LocalCMCTests" time="0.0"/>
  <testcase name="TestALotOfAdding" classname="LocalCMCTests" time="0.0"/>
  <testcase name="TestALotOfAdding" classname="LocalCMCTests" time="0.0"/>
  <testcase name="TestALotOfAdding" classname="LocalCMCTests" time="0.001"/>
  <testcase name="TestALotOfAdding" classname="LocalCMCTests" time="0.001"/>
  <testcase name="TestALotOfAdding" classname="LocalCMCTests" time="0.0"/>
  <testcase name="TestALotOfAdding" classname="LocalCMCTests" time="0.002"/>
  <testcase name="TestALotOfAdding" classname="LocalCMCTests" time="0.001"/>
  <testcase name="TestALotOfAdding" classname="LocalCMCTests" time="0.001"/>
  <testcase name="TestALotOfAdding" classname="LocalCMCTests" time="0.0"/>
  <testcase name="TestALotOfAdding" classname="LocalCMCTests" time="0.0"/>
  <testcase name="TestALotOfAdding" classname="LocalCMCTests" time="0.001"/>
  <testcase name="TestALotOfAdding" classname="LocalCMCTests" time="0.0"/>
  <testcase name="TestALotOfAdding" classname="LocalCMCTests" time="0.001"/>
  <testcase name="TestALotOfAdding" classname="LocalCMCTests" time="0.001"/>
  <testcase name="TestALotOfAdding" classname="LocalCMCTests" time="0.0"/>
  <testcase name="TestALotOfAdding" classname="LocalCMCTests" time="0.001"/>
  <testcase name="TestALotOfAdding" classname="LocalCMCTests" time="0.001"/>
  <testcase name="TestALotOfAdding" classname="LocalCMCTests" time="0.001"/>
  <testcase name="TestALotOfAdding" classname="LocalCMCTests" time="0.0"/>
  <testcase name="TestALotOfAdding" classname="LocalCMCTests" time="0.001"/>
  <testcase name="TestALotOfAdding" classname="LocalCMCTests" time="0.001"/>
  <testcase name="TestALotOfAdding" classname="LocalCMCTests" time="0.001"/>
  <testcase name="TestALotOfAdding" classname="LocalCMCTests" time="0.0"/>
  <testcase name="TestALotOfAdding" classname="LocalCMCTests" time="0.001"/>
  <testcase name="TestALotOfAdding" classname="LocalCMCTests" time="0.001"/>
  <testcase name="TestALotOfAdding" classname="LocalCMCTests" time="0.001"/>
  <testcase name="TestALotOfAdding" classname="LocalCMCTests" time="0.001"/>
  <testcase name="TestALotOfAdding" classname="LocalCMCTests" time="0.001"/>
  <testcase name="TestALotOfAdding" classname="LocalCMCTests" time="0.001"/>
  <testcase name="TestALotOfAdding" classname="LocalCMCTests" time="0.0"/>
  <testcase name="TestALotOfAdding" classname="LocalCMCTests" time="0.0"/>
  <testcase name="TestALotOfAdding" classname="LocalCMCTests" time="0.0"/>
  <testcase name="TestALotOfAdding" classname="LocalCMCTests" time="0.0"/>
  <testcase name="TestALotOfAdding" classname="LocalCMCTests" time="0.001"/>
  <testcase name="TestALotOfAdding" classname="LocalCMCTests" time="0.001"/>
  <testcase name="TestALotOfAdding" classname="LocalCMCTests" time="0.001"/>
  <testcase name="TestALotOfAdding" classname="LocalCMCTests" time="0.0"/>
  <testcase name="TestALotOfAdding" classname="LocalCMCTests" time="0.0"/>
  <testcase name="TestALotOfAdding" classname="LocalCMCTests" time="0.001"/>
  <testcase name="TestALotOfAdding" classname="LocalCMCTests" time="0.001"/>
  <testcase name="TestALotOfAdding" classname="LocalCMCTests" time="0.001"/>
  <testcase name="TestALotOfAdding" classname="LocalCMCTests" time="0.001"/>
  <testcase name="TestALotOfAdding" classname="LocalCMCTests" time="0.0"/>
  <testcase name="TestALotOfAdding" classname="LocalCMCTests" time="0.002"/>
  <testcase name="TestALotOfAdding" classname="LocalCMCTests" time="0.001"/>
  <testcase name="TestALotOfAdding" classname="LocalCMCTests" time="0.0"/>
  <testcase name="TestALotOfAdding" classname="LocalCMCTests" time="0.0"/>
  <testcase name="TestALotOfAdding" classname="LocalCMCTests" time="0.001"/>
  <testcase name="TestALotOfAdding" classname="LocalCMCTests" time="0.002"/>
  <testcase name="TestALotOfAdding" classname="LocalCMCTests" time="0.001"/>
  <testcase name="TestALotOfAdding" classname="LocalCMCTests" time="0.001"/>
  <testcase name="TestALotOfAdding" classname="LocalCMCTests" time="0.0"/>
  <testcase name="TestALotOfAdding" classname="LocalCMCTests" time="0.001"/>
  <testcase name="TestALotOfAdding" classname="LocalCMCTests" time="0.001"/>
  <testcase name="TestALotOfAdding" classname="LocalCMCTests" time="0.0"/>
  <testcase name="TestALotOfAdding" classname="LocalCMCTests" time="0.001"/>
  <testcase name="TestALotOfAdding" classname="LocalCMCTests" time="0.0"/>
  <testcase name="TestALotOfAdding" classname="LocalCMCTests" time="0.001"/>
  <testcase name="TestALotOfAdding" classname="LocalCMCTests" time="0.001"/>
  <testcase name="TestALotOfAdding" classname="LocalCMCTests" time="0.002"/>
  <testcase name="TestALotOfAdding" classname="LocalCMCTests" time="0.001"/>
  <testcase name="TestALotOfAdding" classname="LocalCMCTests" time="0.001"/>
  <testcase name="TestALotOfAdding" classname="LocalCMCTests" time="0.0"/>
  <testcase name="TestALotOfAdding" classname="LocalCMCTests" time="0.001"/>
  <testcase name="TestALotOfAdding" classname="LocalCMCTests" time="0.0"/>
  <testcase name="TestALotOfAdding" classname="LocalCMCTests" time="0.0"/>
  <testcase name="TestALotOfAdding" classname="LocalCMCTests" time="0.001"/>
  <testcase name="TestALotOfAdding" classname="LocalCMCTests" time="0.001"/>
  <testcase name="TestALotOfAdding" classname="LocalCMCTests" time="0.001"/>
  <testcase name="TestALotOfAdding" classname="LocalCMCTests" time="0.0"/>
  <testcase name="TestALotOfAdding" classname="LocalCMCTests" time="0.0"/>
  <testcase name="TestALotOfAdding" classname="LocalCMCTests" time="0.0"/>
  <testcase name="TestALotOfAdding" classname="LocalCMCTests" time="0.0"/>
  <testcase name="TestALotOfAdding" classname="LocalCMCTests" time="0.001"/>
  <testcase name="TestALotOfAdding" classname="LocalCMCTests" time="0.0"/>
  <testcase name="TestALotOfAdding" classname="LocalCMCTests" time="0.001"/>
  <testcase name="TestALotOfAdding" classname="LocalCMCTests" time="0.0"/>
  <testcase name="TestALotOfAdding" classname="LocalCMCTests" time="0.0"/>
  <testcase name="TestALotOfAdding" classname="LocalCMCTests" time="0.001"/>
  <testcase name="TestALotOfAdding" classname="LocalCMCTests" time="0.002"/>
  <testcase name="TestALotOfAdding" classname="LocalCMCTests" time="0.0"/>
  <testcase name="TestALotOfAdding" classname="LocalCMCTests" time="0.001"/>
  <testcase name="TestALotOfAdding" classname="LocalCMCTests" time="0.002"/>
  <testcase name="TestALotOfAdding" classname="LocalCMCTests" time="0.002"/>
  <testcase name="TestALotOfAdding" classname="LocalCMCTests" time="0.0"/>
  <testcase name="TestALotOfAdding" classname="LocalCMCTests" time="0.001"/>
  <testcase name="TestALotOfAdding" classname="LocalCMCTests" time="0.0"/>
  <testcase name="TestALotOfAdding" classname="LocalCMCTests" time="0.001"/>
  <testcase name="TestALotOfAdding" classname="LocalCMCTests" time="0.0"/>
  <testcase name="TestALotOfAdding" classname="LocalCMCTests" time="0.002"/>
  <testcase name="TestALotOfAdding" classname="LocalCMCTests" time="0.001"/>
  <testcase name="TestALotOfAdding" classname="LocalCMCTests" time="0.0"/>
  <testcase name="TestALotOfAdding" classname="LocalCMCTests" time="0.001"/>
  <testcase name="TestALotOfAdding" classname="LocalCMCTests" time="0.0"/>
  <testcase name="TestALotOfAdding" classname="LocalCMCTests" time="0.0"/>
  <testcase name="TestALotOfAdding" classname="LocalCMCTests" time="0.002"/>
  <testcase name="TestALotOfAdding" classname="LocalCMCTests" time="0.0"/>
  <testcase name="TestALotOfAdding" classname="LocalCMCTests" time="0.001"/>
  <testcase name="TestALotOfAdding" classname="LocalCMCTests" time="0.0"/>
  <testcase name="TestALotOfAdding" classname="LocalCMCTests" time="0.0"/>
  <testcase name="TestALotOfAdding" classname="LocalCMCTests" time="0.001"/>
  <testcase name="TestALotOfAdding" classname="LocalCMCTests" time="0.001"/>
  <testcase name="TestALotOfAdding" classname="LocalCMCTests" time="0.002"/>
  <testcase name="TestALotOfAdding" classname="LocalCMCTests" time="0.0"/>
  <testcase name="TestALotOfAdding" classname="LocalCMCTests" time="0.002"/>
  <testcase name="TestALotOfAdding" classname="LocalCMCTests" time="0.002"/>
  <testcase name="TestALotOfAdding" classname="LocalCMCTests" time="0.0"/>
  <testcase name="TestALotOfAdding" classname="LocalCMCTests" time="0.0"/>
  <testcase name="TestALotOfAdding" classname="LocalCMCTests" time="0.001"/>
  <testcase name="TestALotOfAdding" classname="LocalCMCTests" time="0.0"/>
  <testcase name="TestALotOfAdding" classname="LocalCMCTests" time="0.001"/>
  <testcase name="TestALotOfAdding" classname="LocalCMCTests" time="0.001"/>
  <testcase name="TestALotOfAdding" classname="LocalCMCTests" time="0.001"/>
  <testcase name="TestALotOfAdding" classname="LocalCMCTests" time="0.001"/>
  <testcase name="TestALotOfAdding" classname="LocalCMCTests" time="0.0"/>
  <testcase name="TestALotOfAdding" classname="LocalCMCTests" time="0.0"/>
  <testcase name="TestALotOfAdding" classname="LocalCMCTests" time="0.0"/>
  <testcase name="TestALotOfAdding" classname="LocalCMCTests" time="0.0"/>
  <testcase name="TestALotOfAdding" classname="LocalCMCTests" time="0.001"/>
  <testcase name="TestALotOfAdding" classname="LocalCMCTests" time="0.001"/>
  <testcase name="TestALotOfAdding" classname="LocalCMCTests" time="0.001"/>
  <testcase name="TestALotOfAdding" classname="LocalCMCTests" time="0.0"/>
  <testcase name="TestALotOfAdding" classname="LocalCMCTests" time="0.0"/>
  <testcase name="TestALotOfAdding" classname="LocalCMCTests" time="0.001"/>
  <testcase name="TestALotOfAdding" classname="LocalCMCTests" time="0.0"/>
  <testcase name="TestALotOfAdding" classname="LocalCMCTests" time="0.001"/>
  <testcase name="TestALotOfAdding" classname="LocalCMCTests" time="0.001"/>
  <testcase name="TestALotOfAdding" classname="LocalCMCTests" time="0.0"/>
  <testcase name="TestALotOfAdding" classname="LocalCMCTests" time="0.0"/>
  <testcase name="TestALotOfAdding" classname="LocalCMCTests" time="0.0"/>
  <testcase name="TestALotOfAdding" classname="LocalCMCTests" time="0.001"/>
  <testcase name="TestALotOfAdding" classname="LocalCMCTests" time="0.0"/>
  <testcase name="TestALotOfAdding" classname="LocalCMCTests" time="0.001"/>
  <testcase name="TestALotOfAdding" classname="LocalCMCTests" time="0.001"/>
  <testcase name="TestALotOfAdding" classname="LocalCMCTests" time="0.001"/>
  <testcase name="TestALotOfAdding" classname="LocalCMCTests" time="0.001"/>
  <testcase name="TestALotOfAdding" classname="LocalCMCTests" time="0.001"/>
  <testcase name="TestALotOfAdding" classname="LocalCMCTests" time="0.001"/>
  <testcase name="TestALotOfAdding" classname="LocalCMCTests" time="0.001"/>
  <testcase name="TestALotOfAdding" classname="LocalCMCTests" time="0.001"/>
  <testcase name="TestALotOfAdding" classname="LocalCMCTests" time="0.0"/>
  <testcase name="TestALotOfAdding" classname="LocalCMCTests" time="0.001"/>
  <testcase name="TestALotOfAdding" classname="LocalCMCTests" time="0.0"/>
  <testcase name="TestALotOfAdding" classname="LocalCMCTests" time="0.001"/>
  <testcase name="TestALotOfAdding" classname="LocalCMCTests" time="0.0"/>
  <testcase name="TestALotOfAdding" classname="LocalCMCTests" time="0.0"/>
  <testcase name="TestALotOfAdding" classname="LocalCMCTests" time="0.0"/>
  <testcase name="TestALotOfAdding" classname="LocalCMCTests" time="0.0"/>
  <testcase name="TestALotOfAdding" classname="LocalCMCTests" time="0.0"/>
  <testcase name="TestALotOfAdding" classname="LocalCMCTests" time="0.001"/>
  <testcase name="TestALotOfAdding" classname="LocalCMCTests" time="0.002"/>
  <testcase name="TestALotOfAdding" classname="LocalCMCTests" time="0.002"/>
  <testcase name="TestALotOfAdding" classname="LocalCMCTests" time="0.001"/>
  <testcase name="TestALotOfAdding" classname="LocalCMCTests" time="0.001"/>
  <testcase name="TestALotOfAdding" classname="LocalCMCTests" time="0.0"/>
  <testcase name="TestALotOfAdding" classname="LocalCMCTests" time="0.001"/>
  <testcase name="TestALotOfAdding" classname="LocalCMCTests" time="0.001"/>
  <testcase name="TestALotOfAdding" classname="LocalCMCTests" time="0.0"/>
  <testcase name="TestALotOfAdding" classname="LocalCMCTests" time="0.001"/>
  <testcase name="TestALotOfAdding" classname="LocalCMCTests" time="0.001"/>
  <testcase name="TestALotOfAdding" classname="LocalCMCTests" time="0.001"/>
  <testcase name="TestALotOfAdding" classname="LocalCMCTests" time="0.001"/>
  <testcase name="TestALotOfAdding" classname="LocalCMCTests" time="0.0"/>
  <testcase name="TestALotOfAdding" classname="LocalCMCTests" time="0.0"/>
  <testcase name="TestALotOfAdding" classname="LocalCMCTests" time="0.0"/>
  <testcase name="TestALotOfAdding" classname="LocalCMCTests" time="0.001"/>
  <testcase name="TestALotOfAdding" classname="LocalCMCTests" time="0.001"/>
  <testcase name="TestALotOfAdding" classname="LocalCMCTests" time="0.001"/>
  <testcase name="TestALotOfAdding" classname="LocalCMCTests" time="0.0"/>
  <testcase name="TestALotOfAdding" classname="LocalCMCTests" time="0.001"/>
  <testcase name="TestALotOfAdding" classname="LocalCMCTests" time="0.001"/>
  <testcase name="TestALotOfAdding" classname="LocalCMCTests" time="0.0"/>
  <testcase name="TestALotOfAdding" classname="LocalCMCTests" time="0.001"/>
  <testcase name="TestALotOfAdding" classname="LocalCMCTests" time="0.0"/>
  <testcase name="TestALotOfAdding" classname="LocalCMCTests" time="0.0"/>
  <testcase name="TestALotOfAdding" classname="LocalCMCTests" time="0.0"/>
  <testcase name="TestALotOfAdding" classname="LocalCMCTests" time="0.0"/>
  <testcase name="TestALotOfAdding" classname="LocalCMCTests" time="0.001"/>
  <testcase name="TestALotOfAdding" classname="LocalCMCTests" time="0.001"/>
  <testcase name="TestALotOfAdding" classname="LocalCMCTests" time="0.002"/>
  <testcase name="TestALotOfAdding" classname="LocalCMCTests" time="0.001"/>
  <testcase name="TestALotOfAdding" classname="LocalCMCTests" time="0.001"/>
  <testcase name="TestALotOfAdding" classname="LocalCMCTests" time="0.0"/>
  <testcase name="TestALotOfAdding" classname="LocalCMCTests" time="0.001"/>
  <testcase name="TestALotOfAdding" classname="LocalCMCTests" time="0.001"/>
  <testcase name="TestALotOfAdding" classname="LocalCMCTests" time="0.001"/>
  <testcase name="TestALotOfAdding" classname="LocalCMCTests" time="0.0"/>
  <testcase name="TestALotOfAdding" classname="LocalCMCTests" time="0.001"/>
  <testcase name="TestALotOfAdding" classname="LocalCMCTests" time="0.0"/>
  <testcase name="TestALotOfAdding" classname="LocalCMCTests" time="0.0"/>
  <testcase name="TestALotOfAdding" classname="LocalCMCTests" time="0.001"/>
  <testcase name="TestALotOfAdding" classname="LocalCMCTests" time="0.0"/>
  <testcase name="TestALotOfAdding" classname="LocalCMCTests" time="0.0"/>
  <testcase name="TestALotOfAdding" classname="LocalCMCTests" time="0.0"/>
  <testcase name="TestALotOfAdding" classname="LocalCMCTests" time="0.0"/>
  <testcase name="TestALotOfAdding" classname="LocalCMCTests" time="0.0"/>
  <testcase name="TestALotOfAdding" classname="LocalCMCTests" time="0.001"/>
  <testcase name="TestALotOfAdding" classname="LocalCMCTests" time="0.001"/>
  <testcase name="TestALotOfAdding" classname="LocalCMCTests" time="0.0"/>
  <testcase name="TestALotOfAdding" classname="LocalCMCTests" time="0.0"/>
  <testcase name="TestALotOfAdding" classname="LocalCMCTests" time="0.001"/>
  <testcase name="TestALotOfAdding" classname="LocalCMCTests" time="0.001"/>
  <testcase name="TestALotOfAdding" classname="LocalCMCTests" time="0.0"/>
  <testcase name="TestALotOfAdding" classname="LocalCMCTests" time="0.001"/>
  <testcase name="TestALotOfAdding" classname="LocalCMCTests" time="0.001"/>
  <testcase name="TestALotOfAdding" classname="LocalCMCTests" time="0.001"/>
  <testcase name="TestALotOfAdding" classname="LocalCMCTests" time="0.001"/>
  <testcase name="TestALotOfAdding" classname="LocalCMCTests" time="0.001"/>
  <testcase name="TestALotOfAdding" classname="LocalCMCTests" time="0.0"/>
  <testcase name="TestALotOfAdding" classname="LocalCMCTests" time="0.001"/>
  <testcase name="TestALotOfAdding" classname="LocalCMCTests" time="0.001"/>
  <testcase name="TestALotOfAdding" classname="LocalCMCTests" time="0.0"/>
  <testcase name="TestALotOfAdding" classname="LocalCMCTests" time="0.0"/>
  <testcase name="TestALotOfAdding" classname="LocalCMCTests" time="0.0"/>
  <testcase name="TestALotOfAdding" classname="LocalCMCTests" time="0.001"/>
  <testcase name="TestALotOfAdding" classname="LocalCMCTests" time="0.001"/>
  <testcase name="TestALotOfAdding" classname="LocalCMCTests" time="0.001"/>
  <testcase name="TestALotOfAdding" classname="LocalCMCTests" time="0.0"/>
  <testcase name="TestALotOfAdding" classname="LocalCMCTests" time="0.001"/>
  <testcase name="TestALotOfAdding" classname="LocalCMCTests" time="0.001"/>
  <testcase name="TestALotOfAdding" classname="LocalCMCTests" time="0.001"/>
  <testcase name="TestALotOfAdding" classname="LocalCMCTests" time="0.0"/>
  <testcase name="TestALotOfAdding" classname="LocalCMCTests" time="0.0"/>
  <testcase name="TestALotOfAdding" classname="LocalCMCTests" time="0.001"/>
  <testcase name="TestALotOfAdding" classname="LocalCMCTests" time="0.002"/>
  <testcase name="TestALotOfAdding" classname="LocalCMCTests" time="0.001"/>
  <testcase name="TestALotOfAdding" classname="LocalCMCTests" time="0.002"/>
  <testcase name="TestALotOfAdding" classname="LocalCMCTests" time="0.002"/>
  <testcase name="TestALotOfAdding" classname="LocalCMCTests" time="0.003"/>
  <testcase name="TestALotOfAdding" classname="LocalCMCTests" time="0.0"/>
  <testcase name="TestALotOfAdding" classname="LocalCMCTests" time="0.002"/>
  <testcase name="TestALotOfAdding" classname="LocalCMCTests" time="0.0"/>
  <testcase name="TestALotOfAdding" classname="LocalCMCTests" time="0.003"/>
  <testcase name="TestALotOfAdding" classname="LocalCMCTests" time="0.003"/>
  <testcase name="TestALotOfAdding" classname="LocalCMCTests" time="0.0"/>
  <testcase name="TestALotOfAdding" classname="LocalCMCTests" time="0.0"/>
  <testcase name="TestALotOfAdding" classname="LocalCMCTests" time="0.0"/>
  <testcase name="TestALotOfAdding" classname="LocalCMCTests" time="0.001"/>
  <testcase name="TestALotOfAdding" classname="LocalCMCTests" time="0.003"/>
  <testcase name="TestALotOfAdding" classname="LocalCMCTests" time="0.003"/>
  <testcase name="TestALotOfAdding" classname="LocalCMCTests" time="0.0"/>
  <testcase name="TestALotOfAdding" classname="LocalCMCTests" time="0.0"/>
  <testcase name="TestALotOfAdding" classname="LocalCMCTests" time="0.002"/>
  <testcase name="TestALotOfAdding" classname="LocalCMCTests" time="0.0"/>
  <testcase name="TestALotOfAdding" classname="LocalCMCTests" time="0.0"/>
  <testcase name="TestALotOfAdding" classname="LocalCMCTests" time="0.001"/>
  <testcase name="TestALotOfAdding" classname="LocalCMCTests" time="0.001"/>
  <testcase name="TestALotOfAdding" classname="LocalCMCTests" time="0.0"/>
  <testcase name="TestALotOfAdding" classname="LocalCMCTests" time="0.002"/>
  <testcase name="TestALotOfAdding" classname="LocalCMCTests" time="0.002"/>
  <testcase name="TestALotOfAdding" classname="LocalCMCTests" time="0.0"/>
  <testcase name="TestALotOfAdding" classname="LocalCMCTests" time="0.001"/>
  <testcase name="TestALotOfAdding" classname="LocalCMCTests" time="0.001"/>
  <testcase name="TestALotOfAdding" classname="LocalCMCTests" time="0.001"/>
  <testcase name="TestALotOfAdding" classname="LocalCMCTests" time="0.0"/>
  <testcase name="TestALotOfAdding" classname="LocalCMCTests" time="0.001"/>
  <testcase name="TestALotOfAdding" classname="LocalCMCTests" time="0.0"/>
  <testcase name="TestALotOfAdding" classname="LocalCMCTests" time="0.0"/>
  <testcase name="TestALotOfAdding" classname="LocalCMCTests" time="0.0"/>
  <testcase name="TestALotOfAdding" classname="LocalCMCTests" time="0.0"/>
  <testcase name="TestALotOfAdding" classname="LocalCMCTests" time="0.0"/>
  <testcase name="TestALotOfAdding" classname="LocalCMCTests" time="0.001"/>
  <testcase name="TestALotOfAdding" classname="LocalCMCTests" time="0.002"/>
  <testcase name="TestALotOfAdding" classname="LocalCMCTests" time="0.001"/>
  <testcase name="TestALotOfAdding" classname="LocalCMCTests" time="0.002"/>
  <testcase name="TestALotOfAdding" classname="LocalCMCTests" time="0.0"/>
  <testcase name="TestALotOfAdding" classname="LocalCMCTests" time="0.001"/>
  <testcase name="TestALotOfAdding" classname="LocalCMCTests" time="0.0"/>
  <testcase name="TestALotOfAdding" classname="LocalCMCTests" time="0.001"/>
  <testcase name="TestALotOfAdding" classname="LocalCMCTests" time="0.0"/>
  <testcase name="TestALotOfAdding" classname="LocalCMCTests" time="0.001"/>
  <testcase name="TestALotOfAdding" classname="LocalCMCTests" time="0.001"/>
  <testcase name="TestALotOfAdding" classname="LocalCMCTests" time="0.001"/>
  <testcase name="TestALotOfAdding" classname="LocalCMCTests" time="0.0"/>
  <testcase name="TestALotOfAdding" classname="LocalCMCTests" time="0.0"/>
  <testcase name="TestALotOfAdding" classname="LocalCMCTests" time="0.0"/>
  <testcase name="TestALotOfAdding" classname="LocalCMCTests" time="0.001"/>
  <testcase name="TestALotOfAdding" classname="LocalCMCTests" time="0.001"/>
  <testcase name="TestALotOfAdding" classname="LocalCMCTests" time="0.001"/>
  <testcase name="TestALotOfAdding" classname="LocalCMCTests" time="0.001"/>
  <testcase name="TestALotOfAdding" classname="LocalCMCTests" time="0.0"/>
  <testcase name="TestALotOfAdding" classname="LocalCMCTests" time="0.0"/>
  <testcase name="TestALotOfAdding" classname="LocalCMCTests" time="0.001"/>
  <testcase name="TestALotOfAdding" classname="LocalCMCTests" time="0.0"/>
  <testcase name="TestALotOfAdding" classname="LocalCMCTests" time="0.001"/>
  <testcase name="TestALotOfAdding" classname="LocalCMCTests" time="0.0"/>
  <testcase name="TestALotOfAdding" classname="LocalCMCTests" time="0.001"/>
  <testcase name="TestALotOfAdding" classname="LocalCMCTests" time="0.001"/>
  <testcase name="TestALotOfAdding" classname="LocalCMCTests" time="0.001"/>
  <testcase name="TestALotOfAdding" classname="LocalCMCTests" time="0.001"/>
  <testcase name="TestALotOfAdding" classname="LocalCMCTests" time="0.0"/>
  <testcase name="TestALotOfAdding" classname="LocalCMCTests" time="0.001"/>
  <testcase name="TestALotOfAdding" classname="LocalCMCTests" time="0.001"/>
  <testcase name="TestALotOfAdding" classname="LocalCMCTests" time="0.0"/>
  <testcase name="TestALotOfAdding" classname="LocalCMCTests" time="0.001"/>
  <testcase name="TestALotOfAdding" classname="LocalCMCTests" time="0.0"/>
  <testcase name="TestALotOfAdding" classname="LocalCMCTests" time="0.001"/>
  <testcase name="TestALotOfAdding" classname="LocalCMCTests" time="0.0"/>
  <testcase name="TestALotOfAdding" classname="LocalCMCTests" time="0.001"/>
  <testcase name="TestALotOfAdding" classname="LocalCMCTests" time="0.001"/>
  <testcase name="TestALotOfAdding" classname="LocalCMCTests" time="0.001"/>
  <testcase name="TestALotOfAdding" classname="LocalCMCTests" time="0.001"/>
  <testcase name="TestALotOfAdding" classname="LocalCMCTests" time="0.0"/>
  <testcase name="TestALotOfAdding" classname="LocalCMCTests" time="0.0"/>
  <testcase name="TestALotOfAdding" classname="LocalCMCTests" time="0.0"/>
  <testcase name="TestALotOfAdding" classname="LocalCMCTests" time="0.001"/>
  <testcase name="TestALotOfAdding" classname="LocalCMCTests" time="0.001"/>
  <testcase name="TestALotOfAdding" classname="LocalCMCTests" time="0.0"/>
  <testcase name="TestALotOfAdding" classname="LocalCMCTests" time="0.001"/>
  <testcase name="TestALotOfAdding" classname="LocalCMCTests" time="0.002"/>
  <testcase name="TestALotOfAdding" classname="LocalCMCTests" time="0.001"/>
  <testcase name="TestALotOfAdding" classname="LocalCMCTests" time="0.0"/>
  <testcase name="TestALotOfAdding" classname="LocalCMCTests" time="0.002"/>
  <testcase name="TestALotOfAdding" classname="LocalCMCTests" time="0.0"/>
  <testcase name="TestALotOfAdding" classname="LocalCMCTests" time="0.0"/>
  <testcase name="TestALotOfAdding" classname="LocalCMCTests" time="0.0"/>
  <testcase name="TestALotOfAdding" classname="LocalCMCTests" time="0.001"/>
  <testcase name="TestALotOfAdding" classname="LocalCMCTests" time="0.0"/>
  <testcase name="TestALotOfAdding" classname="LocalCMCTests" time="0.0"/>
  <testcase name="TestALotOfAdding" classname="LocalCMCTests" time="0.001"/>
  <testcase name="TestALotOfAdding" classname="LocalCMCTests" time="0.0"/>
  <testcase name="TestALotOfAdding" classname="LocalCMCTests" time="0.002"/>
  <testcase name="TestALotOfAdding" classname="LocalCMCTests" time="0.002"/>
  <testcase name="TestALotOfAdding" classname="LocalCMCTests" time="0.0"/>
  <testcase name="TestALotOfAdding" classname="LocalCMCTests" time="0.001"/>
  <testcase name="TestALotOfAdding" classname="LocalCMCTests" time="0.001"/>
  <testcase name="TestALotOfAdding" classname="LocalCMCTests" time="0.001"/>
  <testcase name="TestALotOfAdding" classname="LocalCMCTests" time="0.001"/>
  <testcase name="TestALotOfAdding" classname="LocalCMCTests" time="0.0"/>
  <testcase name="TestALotOfAdding" classname="LocalCMCTests" time="0.001"/>
  <testcase name="TestALotOfAdding" classname="LocalCMCTests" time="0.0"/>
  <testcase name="TestALotOfAdding" classname="LocalCMCTests" time="0.001"/>
  <testcase name="TestALotOfAdding" classname="LocalCMCTests" time="0.0"/>
  <testcase name="TestALotOfAdding" classname="LocalCMCTests" time="0.001"/>
  <testcase name="TestALotOfAdding" classname="LocalCMCTests" time="0.001"/>
  <testcase name="TestALotOfAdding" classname="LocalCMCTests" time="0.001"/>
  <testcase name="TestALotOfAdding" classname="LocalCMCTests" time="0.002"/>
  <testcase name="TestALotOfAdding" classname="LocalCMCTests" time="0.001"/>
  <testcase name="TestALotOfAdding" classname="LocalCMCTests" time="0.0"/>
  <testcase name="TestALotOfAdding" classname="LocalCMCTests" time="0.0"/>
  <testcase name="TestALotOfAdding" classname="LocalCMCTests" time="0.0"/>
  <testcase name="TestALotOfAdding" classname="LocalCMCTests" time="0.001"/>
  <testcase name="TestALotOfAdding" classname="LocalCMCTests" time="0.0"/>
  <testcase name="TestALotOfAdding" classname="LocalCMCTests" time="0.001"/>
  <testcase name="TestALotOfAdding" classname="LocalCMCTests" time="0.001"/>
  <testcase name="TestALotOfAdding" classname="LocalCMCTests" time="0.002"/>
  <testcase name="TestALotOfAdding" classname="LocalCMCTests" time="0.0"/>
  <testcase name="TestALotOfAdding" classname="LocalCMCTests" time="0.001"/>
  <testcase name="TestALotOfAdding" classname="LocalCMCTests" time="0.002"/>
  <testcase name="TestALotOfAdding" classname="LocalCMCTests" time="0.001"/>
  <testcase name="TestALotOfAdding" classname="LocalCMCTests" time="0.0"/>
  <testcase name="TestALotOfAdding" classname="LocalCMCTests" time="0.001"/>
  <testcase name="TestALotOfAdding" classname="LocalCMCTests" time="0.001"/>
  <testcase name="TestALotOfAdding" classname="LocalCMCTests" time="0.001"/>
  <testcase name="TestALotOfAdding" classname="LocalCMCTests" time="0.001"/>
  <testcase name="TestALotOfAdding" classname="LocalCMCTests" time="0.0"/>
  <testcase name="TestALotOfAdding" classname="LocalCMCTests" time="0.001"/>
  <testcase name="TestALotOfAdding" classname="LocalCMCTests" time="0.0"/>
  <testcase name="TestALotOfAdding" classname="LocalCMCTests" time="0.002"/>
  <testcase name="TestALotOfAdding" classname="LocalCMCTests" time="0.0"/>
  <testcase name="TestALotOfAdding" classname="LocalCMCTests" time="0.0"/>
  <testcase name="TestALotOfAdding" classname="LocalCMCTests" time="0.0"/>
  <testcase name="TestALotOfAdding" classname="LocalCMCTests" time="0.0"/>
  <testcase name="TestALotOfAdding" classname="LocalCMCTests" time="0.0"/>
  <testcase name="TestALotOfAdding" classname="LocalCMCTests" time="0.001"/>
  <testcase name="TestALotOfAdding" classname="LocalCMCTests" time="0.001"/>
  <testcase name="TestALotOfAdding" classname="LocalCMCTests" time="0.001"/>
  <testcase name="TestALotOfAdding" classname="LocalCMCTests" time="0.0"/>
  <testcase name="TestALotOfAdding" classname="LocalCMCTests" time="0.001"/>
  <testcase name="TestALotOfAdding" classname="LocalCMCTests" time="0.0"/>
  <testcase name="TestALotOfAdding" classname="LocalCMCTests" time="0.0"/>
  <testcase name="TestALotOfAdding" classname="LocalCMCTests" time="0.001"/>
  <testcase name="TestALotOfAdding" classname="LocalCMCTests" time="0.001"/>
  <testcase name="TestALotOfAdding" classname="LocalCMCTests" time="0.001"/>
  <testcase name="TestALotOfAdding" classname="LocalCMCTests" time="0.001"/>
  <testcase name="TestALotOfAdding" classname="LocalCMCTests" time="0.001"/>
  <testcase name="TestALotOfAdding" classname="LocalCMCTests" time="0.0"/>
  <testcase name="TestALotOfAdding" classname="LocalCMCTests" time="0.0"/>
  <testcase name="TestALotOfAdding" classname="LocalCMCTests" time="0.001"/>
  <testcase name="TestALotOfAdding" classname="LocalCMCTests" time="0.0"/>
  <testcase name="TestALotOfAdding" classname="LocalCMCTests" time="0.0"/>
  <testcase name="TestALotOfAdding" classname="LocalCMCTests" time="0.002"/>
  <testcase name="TestALotOfAdding" classname="LocalCMCTests" time="0.0"/>
  <testcase name="TestALotOfAdding" classname="LocalCMCTests" time="0.001"/>
  <testcase name="TestALotOfAdding" classname="LocalCMCTests" time="0.0"/>
  <testcase name="TestALotOfAdding" classname="LocalCMCTests" time="0.001"/>
  <testcase name="TestALotOfAdding" classname="LocalCMCTests" time="0.0"/>
  <testcase name="TestALotOfAdding" classname="LocalCMCTests" time="0.001"/>
  <testcase name="TestALotOfAdding" classname="LocalCMCTests" time="0.0"/>
  <testcase name="TestALotOfAdding" classname="LocalCMCTests" time="0.001"/>
  <testcase name="TestALotOfAdding" classname="LocalCMCTests" time="0.001"/>
  <testcase name="TestALotOfAdding" classname="LocalCMCTests" time="0.001"/>
  <testcase name="TestALotOfAdding" classname="LocalCMCTests" time="0.001"/>
  <testcase name="TestALotOfAdding" classname="LocalCMCTests" time="0.001"/>
  <testcase name="TestALotOfAdding" classname="LocalCMCTests" time="0.0"/>
  <testcase name="TestALotOfAdding" classname="LocalCMCTests" time="0.001"/>
  <testcase name="TestALotOfAdding" classname="LocalCMCTests" time="0.001"/>
  <testcase name="TestALotOfAdding" classname="LocalCMCTests" time="0.001"/>
  <testcase name="TestALotOfAdding" classname="LocalCMCTests" time="0.0"/>
  <testcase name="TestALotOfAdding" classname="LocalCMCTests" time="0.0"/>
  <testcase name="TestALotOfAdding" classname="LocalCMCTests" time="0.0"/>
  <testcase name="TestALotOfAdding" classname="LocalCMCTests" time="0.0"/>
  <testcase name="TestALotOfAdding" classname="LocalCMCTests" time="0.001"/>
  <testcase name="TestALotOfAdding" classname="LocalCMCTests" time="0.001"/>
  <testcase name="TestALotOfAdding" classname="LocalCMCTests" time="0.0"/>
  <testcase name="TestALotOfAdding" classname="LocalCMCTests" time="0.001"/>
  <testcase name="TestALotOfAdding" classname="LocalCMCTests" time="0.0"/>
  <testcase name="TestALotOfAdding" classname="LocalCMCTests" time="0.0"/>
  <testcase name="TestALotOfAdding" classname="LocalCMCTests" time="0.001"/>
  <testcase name="TestALotOfAdding" classname="LocalCMCTests" time="0.0"/>
  <testcase name="TestALotOfAdding" classname="LocalCMCTests" time="0.002"/>
  <testcase name="TestALotOfAdding" classname="LocalCMCTests" time="0.002"/>
  <testcase name="TestALotOfAdding" classname="LocalCMCTests" time="0.0"/>
  <testcase name="TestALotOfAdding" classname="LocalCMCTests" time="0.001"/>
  <testcase name="TestALotOfAdding" classname="LocalCMCTests" time="0.001"/>
  <testcase name="TestALotOfAdding" classname="LocalCMCTests" time="0.001"/>
  <testcase name="TestALotOfAdding" classname="LocalCMCTests" time="0.001"/>
  <testcase name="TestALotOfAdding" classname="LocalCMCTests" time="0.0"/>
  <testcase name="TestALotOfAdding" classname="LocalCMCTests" time="0.001"/>
  <testcase name="TestALotOfAdding" classname="LocalCMCTests" time="0.001"/>
  <testcase name="TestALotOfAdding" classname="LocalCMCTests" time="0.0"/>
  <testcase name="TestALotOfAdding" classname="LocalCMCTests" time="0.0"/>
  <testcase name="TestALotOfAdding" classname="LocalCMCTests" time="0.0"/>
  <testcase name="TestALotOfAdding" classname="LocalCMCTests" time="0.0"/>
  <testcase name="TestALotOfAdding" classname="LocalCMCTests" time="0.001"/>
  <testcase name="TestALotOfAdding" classname="LocalCMCTests" time="0.001"/>
  <testcase name="TestALotOfAdding" classname="LocalCMCTests" time="0.003"/>
  <testcase name="TestALotOfAdding" classname="LocalCMCTests" time="0.001"/>
  <testcase name="TestALotOfAdding" classname="LocalCMCTests" time="0.0"/>
  <testcase name="TestALotOfAdding" classname="LocalCMCTests" time="0.001"/>
  <testcase name="TestALotOfAdding" classname="LocalCMCTests" time="0.0"/>
  <testcase name="TestALotOfAdding" classname="LocalCMCTests" time="0.001"/>
  <testcase name="TestALotOfAdding" classname="LocalCMCTests" time="0.001"/>
  <testcase name="TestALotOfAdding" classname="LocalCMCTests" time="0.0"/>
  <testcase name="TestALotOfAdding" classname="LocalCMCTests" time="0.001"/>
  <testcase name="TestALotOfAdding" classname="LocalCMCTests" time="0.001"/>
  <testcase name="TestALotOfAdding" classname="LocalCMCTests" time="0.001"/>
  <testcase name="TestALotOfAdding" classname="LocalCMCTests" time="0.0"/>
  <testcase name="TestALotOfAdding" classname="LocalCMCTests" time="0.0"/>
  <testcase name="TestALotOfAdding" classname="LocalCMCTests" time="0.001"/>
  <testcase name="TestALotOfAdding" classname="LocalCMCTests" time="0.0"/>
  <testcase name="TestALotOfAdding" classname="LocalCMCTests" time="0.001"/>
  <testcase name="TestALotOfAdding" classname="LocalCMCTests" time="0.001"/>
  <testcase name="TestALotOfAdding" classname="LocalCMCTests" time="0.0"/>
  <testcase name="TestALotOfAdding" classname="LocalCMCTests" time="0.001"/>
  <testcase name="TestALotOfAdding" classname="LocalCMCTests" time="0.001"/>
  <testcase name="TestALotOfAdding" classname="LocalCMCTests" time="0.001"/>
  <testcase name="TestALotOfAdding" classname="LocalCMCTests" time="0.001"/>
  <testcase name="TestALotOfAdding" classname="LocalCMCTests" time="0.0"/>
  <testcase name="TestALotOfAdding" classname="LocalCMCTests" time="0.0"/>
  <testcase name="TestALotOfAdding" classname="LocalCMCTests" time="0.0"/>
  <testcase name="TestALotOfAdding" classname="LocalCMCTests" time="0.0"/>
  <testcase name="TestALotOfAdding" classname="LocalCMCTests" time="0.001"/>
  <testcase name="TestALotOfAdding" classname="LocalCMCTests" time="0.0"/>
  <testcase name="TestALotOfAdding" classname="LocalCMCTests" time="0.0"/>
  <testcase name="TestALotOfAdding" classname="LocalCMCTests" time="0.001"/>
  <testcase name="TestALotOfAdding" classname="LocalCMCTests" time="0.0"/>
  <testcase name="TestALotOfAdding" classname="LocalCMCTests" time="0.001"/>
  <testcase name="TestALotOfAdding" classname="LocalCMCTests" time="0.001"/>
  <testcase name="TestALotOfAdding" classname="LocalCMCTests" time="0.001"/>
  <testcase name="TestALotOfAdding" classname="LocalCMCTests" time="0.0"/>
  <testcase name="TestALotOfAdding" classname="LocalCMCTests" time="0.0"/>
  <testcase name="TestALotOfAdding" classname="LocalCMCTests" time="0.0"/>
  <testcase name="TestALotOfAdding" classname="LocalCMCTests" time="0.001"/>
  <testcase name="TestALotOfAdding" classname="LocalCMCTests" time="0.0"/>
  <testcase name="TestALotOfAdding" classname="LocalCMCTests" time="0.0"/>
  <testcase name="TestALotOfAdding" classname="LocalCMCTests" time="0.0"/>
  <testcase name="TestALotOfAdding" classname="LocalCMCTests" time="0.001"/>
  <testcase name="TestALotOfAdding" classname="LocalCMCTests" time="0.0"/>
  <testcase name="TestALotOfAdding" classname="LocalCMCTests" time="0.001"/>
  <testcase name="TestALotOfAdding" classname="LocalCMCTests" time="0.002"/>
  <testcase name="TestALotOfAdding" classname="LocalCMCTests" time="0.002"/>
  <testcase name="TestALotOfAdding" classname="LocalCMCTests" time="0.0"/>
  <testcase name="TestALotOfAdding" classname="LocalCMCTests" time="0.001"/>
  <testcase name="TestALotOfAdding" classname="LocalCMCTests" time="0.0"/>
  <testcase name="TestALotOfAdding" classname="LocalCMCTests" time="0.001"/>
  <testcase name="TestALotOfAdding" classname="LocalCMCTests" time="0.0"/>
  <testcase name="TestALotOfAdding" classname="LocalCMCTests" time="0.0"/>
  <testcase name="TestALotOfAdding" classname="LocalCMCTests" time="0.0"/>
  <testcase name="TestALotOfAdding" classname="LocalCMCTests" time="0.0"/>
  <testcase name="TestALotOfAdding" classname="LocalCMCTests" time="0.001"/>
  <testcase name="TestALotOfAdding" classname="LocalCMCTests" time="0.001"/>
  <testcase name="TestALotOfAdding" classname="LocalCMCTests" time="0.001"/>
  <testcase name="TestALotOfAdding" classname="LocalCMCTests" time="0.002"/>
  <testcase name="TestALotOfAdding" classname="LocalCMCTests" time="0.002"/>
  <testcase name="TestALotOfAdding" classname="LocalCMCTests" time="0.0"/>
  <testcase name="TestALotOfAdding" classname="LocalCMCTests" time="0.0"/>
  <testcase name="TestALotOfAdding" classname="LocalCMCTests" time="0.0"/>
  <testcase name="TestALotOfAdding" classname="LocalCMCTests" time="0.0"/>
  <testcase name="TestALotOfAdding" classname="LocalCMCTests" time="0.001"/>
  <testcase name="TestALotOfAdding" classname="LocalCMCTests" time="0.0"/>
  <testcase name="TestALotOfAdding" classname="LocalCMCTests" time="0.0"/>
  <testcase name="TestALotOfAdding" classname="LocalCMCTests" time="0.002"/>
  <testcase name="TestALotOfAdding" classname="LocalCMCTests" time="0.001"/>
  <testcase name="TestALotOfAdding" classname="LocalCMCTests" time="0.0"/>
  <testcase name="TestALotOfAdding" classname="LocalCMCTests" time="0.0"/>
  <testcase name="TestALotOfAdding" classname="LocalCMCTests" time="0.001"/>
  <testcase name="TestALotOfAdding" classname="LocalCMCTests" time="0.001"/>
  <testcase name="TestALotOfAdding" classname="LocalCMCTests" time="0.001"/>
  <testcase name="TestALotOfAdding" classname="LocalCMCTests" time="0.0"/>
  <testcase name="TestALotOfAdding" classname="LocalCMCTests" time="0.001"/>
  <testcase name="TestALotOfAdding" classname="LocalCMCTests" time="0.0"/>
  <testcase name="TestALotOfAdding" classname="LocalCMCTests" time="0.001"/>
  <testcase name="TestALotOfAdding" classname="LocalCMCTests" time="0.002"/>
  <testcase name="TestALotOfAdding" classname="LocalCMCTests" time="0.001"/>
  <testcase name="TestALotOfAdding" classname="LocalCMCTests" time="0.0"/>
  <testcase name="TestALotOfAdding" classname="LocalCMCTests" time="0.0"/>
  <testcase name="TestALotOfAdding" classname="LocalCMCTests" time="0.001"/>
  <testcase name="TestALotOfAdding" classname="LocalCMCTests" time="0.001"/>
  <testcase name="TestALotOfAdding" classname="LocalCMCTests" time="0.0"/>
  <testcase name="TestALotOfAdding" classname="LocalCMCTests" time="0.003"/>
  <testcase name="TestALotOfAdding" classname="LocalCMCTests" time="0.001"/>
  <testcase name="TestALotOfAdding" classname="LocalCMCTests" time="0.0"/>
  <testcase name="TestALotOfAdding" classname="LocalCMCTests" time="0.0"/>
  <testcase name="TestALotOfAdding" classname="LocalCMCTests" time="0.001"/>
  <testcase name="TestALotOfAdding" classname="LocalCMCTests" time="0.001"/>
  <testcase name="TestALotOfAdding" classname="LocalCMCTests" time="0.0"/>
  <testcase name="TestALotOfAdding" classname="LocalCMCTests" time="0.002"/>
  <testcase name="TestALotOfAdding" classname="LocalCMCTests" time="0.002"/>
  <testcase name="TestALotOfAdding" classname="LocalCMCTests" time="0.001"/>
  <testcase name="TestALotOfAdding" classname="LocalCMCTests" time="0.0"/>
  <testcase name="TestALotOfAdding" classname="LocalCMCTests" time="0.001"/>
  <testcase name="TestALotOfAdding" classname="LocalCMCTests" time="0.001"/>
  <testcase name="TestALotOfAdding" classname="LocalCMCTests" time="0.001"/>
  <testcase name="TestALotOfAdding" classname="LocalCMCTests" time="0.001"/>
  <testcase name="TestALotOfAdding" classname="LocalCMCTests" time="0.001"/>
  <testcase name="TestALotOfAdding" classname="LocalCMCTests" time="0.0"/>
  <testcase name="TestALotOfAdding" classname="LocalCMCTests" time="0.001"/>
  <testcase name="TestALotOfAdding" classname="LocalCMCTests" time="0.0"/>
  <testcase name="TestALotOfAdding" classname="LocalCMCTests" time="0.0"/>
  <testcase name="TestALotOfAdding" classname="LocalCMCTests" time="0.0"/>
  <testcase name="TestALotOfAdding" classname="LocalCMCTests" time="0.0"/>
  <testcase name="TestALotOfAdding" classname="LocalCMCTests" time="0.0"/>
  <testcase name="TestALotOfAdding" classname="LocalCMCTests" time="0.0"/>
  <testcase name="TestALotOfAdding" classname="LocalCMCTests" time="0.001"/>
  <testcase name="TestALotOfAdding" classname="LocalCMCTests" time="0.002"/>
  <testcase name="TestALotOfAdding" classname="LocalCMCTests" time="0.001"/>
  <testcase name="TestALotOfAdding" classname="LocalCMCTests" time="0.001"/>
  <testcase name="TestALotOfAdding" classname="LocalCMCTests" time="0.001"/>
  <testcase name="TestALotOfAdding" classname="LocalCMCTests" time="0.0"/>
  <testcase name="TestALotOfAdding" classname="LocalCMCTests" time="0.001"/>
  <testcase name="TestALotOfAdding" classname="LocalCMCTests" time="0.0"/>
  <testcase name="TestALotOfAdding" classname="LocalCMCTests" time="0.0"/>
  <testcase name="TestALotOfAdding" classname="LocalCMCTests" time="0.001"/>
  <testcase name="TestALotOfAdding" classname="LocalCMCTests" time="0.001"/>
  <testcase name="TestALotOfAdding" classname="LocalCMCTests" time="0.001"/>
  <testcase name="TestALotOfAdding" classname="LocalCMCTests" time="0.0"/>
  <testcase name="TestALotOfAdding" classname="LocalCMCTests" time="0.0"/>
  <testcase name="TestALotOfAdding" classname="LocalCMCTests" time="0.0"/>
  <testcase name="TestALotOfAdding" classname="LocalCMCTests" time="0.0"/>
  <testcase name="TestALotOfAdding" classname="LocalCMCTests" time="0.001"/>
  <testcase name="TestALotOfAdding" classname="LocalCMCTests" time="0.0"/>
  <testcase name="TestALotOfAdding" classname="LocalCMCTests" time="0.001"/>
  <testcase name="TestALotOfAdding" classname="LocalCMCTests" time="0.001"/>
  <testcase name="TestALotOfAdding" classname="LocalCMCTests" time="0.001"/>
  <testcase name="TestALotOfAdding" classname="LocalCMCTests" time="0.001"/>
  <testcase name="TestALotOfAdding" classname="LocalCMCTests" time="0.001"/>
  <testcase name="TestALotOfAdding" classname="LocalCMCTests" time="0.0"/>
  <testcase name="TestALotOfAdding" classname="LocalCMCTests" time="0.001"/>
  <testcase name="TestALotOfAdding" classname="LocalCMCTests" time="0.0"/>
  <testcase name="TestALotOfAdding" classname="LocalCMCTests" time="0.0"/>
  <testcase name="TestALotOfAdding" classname="LocalCMCTests" time="0.001"/>
  <testcase name="TestALotOfAdding" classname="LocalCMCTests" time="0.0"/>
  <testcase name="TestALotOfAdding" classname="LocalCMCTests" time="0.002"/>
  <testcase name="TestALotOfAdding" classname="LocalCMCTests" time="0.002"/>
  <testcase name="TestALotOfAdding" classname="LocalCMCTests" time="0.0"/>
  <testcase name="TestALotOfAdding" classname="LocalCMCTests" time="0.003"/>
  <testcase name="TestALotOfAdding" classname="LocalCMCTests" time="0.0"/>
  <testcase name="TestALotOfAdding" classname="LocalCMCTests" time="0.0"/>
  <testcase name="TestALotOfAdding" classname="LocalCMCTests" time="0.001"/>
  <testcase name="TestALotOfAdding" classname="LocalCMCTests" time="0.001"/>
  <testcase name="TestALotOfAdding" classname="LocalCMCTests" time="0.001"/>
  <testcase name="TestALotOfAdding" classname="LocalCMCTests" time="0.0"/>
  <testcase name="TestALotOfAdding" classname="LocalCMCTests" time="0.001"/>
  <testcase name="TestALotOfAdding" classname="LocalCMCTests" time="0.0"/>
  <testcase name="TestALotOfAdding" classname="LocalCMCTests" time="0.0"/>
  <testcase name="TestALotOfAdding" classname="LocalCMCTests" time="0.001"/>
  <testcase name="TestALotOfAdding" classname="LocalCMCTests" time="0.002"/>
  <testcase name="TestALotOfAdding" classname="LocalCMCTests" time="0.002"/>
  <testcase name="TestALotOfAdding" classname="LocalCMCTests" time="0.0"/>
  <testcase name="TestALotOfAdding" classname="LocalCMCTests" time="0.0"/>
  <testcase name="TestALotOfAdding" classname="LocalCMCTests" time="0.001"/>
  <testcase name="TestALotOfAdding" classname="LocalCMCTests" time="0.0"/>
  <testcase name="TestALotOfAdding" classname="LocalCMCTests" time="0.001"/>
  <testcase name="TestALotOfAdding" classname="LocalCMCTests" time="0.001"/>
  <testcase name="TestALotOfAdding" classname="LocalCMCTests" time="0.001"/>
  <testcase name="TestALotOfAdding" classname="LocalCMCTests" time="0.001"/>
  <testcase name="TestALotOfAdding" classname="LocalCMCTests" time="0.0"/>
  <testcase name="TestALotOfAdding" classname="LocalCMCTests" time="0.0"/>
  <testcase name="TestALotOfAdding" classname="LocalCMCTests" time="0.0"/>
  <testcase name="TestALotOfAdding" classname="LocalCMCTests" time="0.0"/>
  <testcase name="TestALotOfAdding" classname="LocalCMCTests" time="0.0"/>
  <testcase name="TestALotOfAdding" classname="LocalCMCTests" time="0.0"/>
  <testcase name="TestALotOfAdding" classname="LocalCMCTests" time="0.001"/>
  <testcase name="TestALotOfAdding" classname="LocalCMCTests" time="0.002"/>
  <testcase name="TestALotOfAdding" classname="LocalCMCTests" time="0.001"/>
  <testcase name="TestALotOfAdding" classname="LocalCMCTests" time="0.0"/>
  <testcase name="TestALotOfAdding" classname="LocalCMCTests" time="0.001"/>
  <testcase name="TestALotOfAdding" classname="LocalCMCTests" time="0.0"/>
  <testcase name="TestALotOfAdding" classname="LocalCMCTests" time="0.0"/>
  <testcase name="TestALotOfAdding" classname="LocalCMCTests" time="0.001"/>
  <testcase name="TestALotOfAdding" classname="LocalCMCTests" time="0.001"/>
  <testcase name="TestALotOfAdding" classname="LocalCMCTests" time="0.0"/>
  <testcase name="TestALotOfAdding" classname="LocalCMCTests" time="0.0"/>
  <testcase name="TestALotOfAdding" classname="LocalCMCTests" time="0.0"/>
  <testcase name="TestALotOfAdding" classname="LocalCMCTests" time="0.0"/>
  <testcase name="TestALotOfAdding" classname="LocalCMCTests" time="0.001"/>
  <testcase name="TestALotOfAdding" classname="LocalCMCTests" time="0.001"/>
  <testcase name="TestALotOfAdding" classname="LocalCMCTests" time="0.002"/>
  <testcase name="TestALotOfAdding" classname="LocalCMCTests" time="0.003"/>
  <testcase name="TestALotOfAdding" classname="LocalCMCTests" time="0.0"/>
  <testcase name="TestALotOfAdding" classname="LocalCMCTests" time="0.0"/>
  <testcase name="TestALotOfAdding" classname="LocalCMCTests" time="0.002"/>
  <testcase name="TestALotOfAdding" classname="LocalCMCTests" time="0.0"/>
  <testcase name="TestALotOfAdding" classname="LocalCMCTests" time="0.0"/>
  <testcase name="TestALotOfAdding" classname="LocalCMCTests" time="0.001"/>
  <testcase name="TestALotOfAdding" classname="LocalCMCTests" time="0.0"/>
  <testcase name="TestALotOfAdding" classname="LocalCMCTests" time="0.002"/>
  <testcase name="TestALotOfAdding" classname="LocalCMCTests" time="0.001"/>
  <testcase name="TestALotOfAdding" classname="LocalCMCTests" time="0.001"/>
  <testcase name="TestALotOfAdding" classname="LocalCMCTests" time="0.0"/>
  <testcase name="TestALotOfAdding" classname="LocalCMCTests" time="0.0"/>
  <testcase name="TestALotOfAdding" classname="LocalCMCTests" time="0.0"/>
  <testcase name="TestALotOfAdding" classname="LocalCMCTests" time="0.0"/>
  <testcase name="TestALotOfAdding" classname="LocalCMCTests" time="0.001"/>
  <testcase name="TestALotOfAdding" classname="LocalCMCTests" time="0.001"/>
  <testcase name="TestALotOfAdding" classname="LocalCMCTests" time="0.001"/>
  <testcase name="TestALotOfAdding" classname="LocalCMCTests" time="0.001"/>
  <testcase name="TestALotOfAdding" classname="LocalCMCTests" time="0.001"/>
  <testcase name="TestALotOfAdding" classname="LocalCMCTests" time="0.001"/>
  <testcase name="TestALotOfAdding" classname="LocalCMCTests" time="0.002"/>
  <testcase name="TestALotOfAdding" classname="LocalCMCTests" time="0.001"/>
  <testcase name="TestALotOfAdding" classname="LocalCMCTests" time="0.001"/>
  <testcase name="TestALotOfAdding" classname="LocalCMCTests" time="0.0"/>
  <testcase name="TestALotOfAdding" classname="LocalCMCTests" time="0.0"/>
  <testcase name="TestALotOfAdding" classname="LocalCMCTests" time="0.0"/>
  <testcase name="TestALotOfAdding" classname="LocalCMCTests" time="0.0"/>
  <testcase name="TestALotOfAdding" classname="LocalCMCTests" time="0.001"/>
  <testcase name="TestALotOfAdding" classname="LocalCMCTests" time="0.0"/>
  <testcase name="TestALotOfAdding" classname="LocalCMCTests" time="0.0"/>
  <testcase name="TestALotOfAdding" classname="LocalCMCTests" time="0.0"/>
  <testcase name="TestALotOfAdding" classname="LocalCMCTests" time="0.001"/>
  <testcase name="TestALotOfAdding" classname="LocalCMCTests" time="0.001"/>
  <testcase name="TestALotOfAdding" classname="LocalCMCTests" time="0.001"/>
  <testcase name="TestALotOfAdding" classname="LocalCMCTests" time="0.001"/>
  <testcase name="TestALotOfAdding" classname="LocalCMCTests" time="0.001"/>
  <testcase name="TestALotOfAdding" classname="LocalCMCTests" time="0.001"/>
  <testcase name="TestALotOfAdding" classname="LocalCMCTests" time="0.001"/>
  <testcase name="TestALotOfAdding" classname="LocalCMCTests" time="0.001"/>
  <testcase name="TestALotOfAdding" classname="LocalCMCTests" time="0.0"/>
  <testcase name="TestALotOfAdding" classname="LocalCMCTests" time="0.0"/>
  <testcase name="TestALotOfAdding" classname="LocalCMCTests" time="0.0"/>
  <testcase name="TestALotOfAdding" classname="LocalCMCTests" time="0.0"/>
  <testcase name="TestALotOfAdding" classname="LocalCMCTests" time="0.002"/>
  <testcase name="TestALotOfAdding" classname="LocalCMCTests" time="0.001"/>
  <testcase name="TestALotOfAdding" classname="LocalCMCTests" time="0.001"/>
  <testcase name="TestALotOfAdding" classname="LocalCMCTests" time="0.001"/>
  <testcase name="TestALotOfAdding" classname="LocalCMCTests" time="0.0"/>
  <testcase name="TestALotOfAdding" classname="LocalCMCTests" time="0.001"/>
  <testcase name="TestALotOfAdding" classname="LocalCMCTests" time="0.001"/>
  <testcase name="TestALotOfAdding" classname="LocalCMCTests" time="0.0"/>
  <testcase name="TestALotOfAdding" classname="LocalCMCTests" time="0.001"/>
  <testcase name="TestALotOfAdding" classname="LocalCMCTests" time="0.001"/>
  <testcase name="TestALotOfAdding" classname="LocalCMCTests" time="0.001"/>
  <testcase name="TestALotOfAdding" classname="LocalCMCTests" time="0.0"/>
  <testcase name="TestALotOfAdding" classname="LocalCMCTests" time="0.0"/>
  <testcase name="TestALotOfAdding" classname="LocalCMCTests" time="0.0"/>
  <testcase name="TestALotOfAdding" classname="LocalCMCTests" time="0.0"/>
  <testcase name="TestALotOfAdding" classname="LocalCMCTests" time="0.0"/>
  <testcase name="TestALotOfAdding" classname="LocalCMCTests" time="0.0"/>
  <testcase name="TestALotOfAdding" classname="LocalCMCTests" time="0.001"/>
  <testcase name="TestALotOfAdding" classname="LocalCMCTests" time="0.001"/>
  <testcase name="TestALotOfAdding" classname="LocalCMCTests" time="0.001"/>
  <testcase name="TestALotOfAdding" classname="LocalCMCTests" time="0.001"/>
  <testcase name="TestALotOfAdding" classname="LocalCMCTests" time="0.0"/>
  <testcase name="TestALotOfAdding" classname="LocalCMCTests" time="0.001"/>
  <testcase name="TestALotOfAdding" classname="LocalCMCTests" time="0.0"/>
  <testcase name="TestALotOfAdding" classname="LocalCMCTests" time="0.002"/>
  <testcase name="TestALotOfAdding" classname="LocalCMCTests" time="0.001"/>
  <testcase name="TestALotOfAdding" classname="LocalCMCTests" time="0.001"/>
  <testcase name="TestALotOfAdding" classname="LocalCMCTests" time="0.0"/>
  <testcase name="TestALotOfAdding" classname="LocalCMCTests" time="0.0"/>
  <testcase name="TestALotOfAdding" classname="LocalCMCTests" time="0.001"/>
  <testcase name="TestALotOfAdding" classname="LocalCMCTests" time="0.001"/>
  <testcase name="TestALotOfAdding" classname="LocalCMCTests" time="0.0"/>
  <testcase name="TestALotOfAdding" classname="LocalCMCTests" time="0.0"/>
  <testcase name="TestALotOfAdding" classname="LocalCMCTests" time="0.0"/>
  <testcase name="TestALotOfAdding" classname="LocalCMCTests" time="0.0"/>
  <testcase name="TestALotOfAdding" classname="LocalCMCTests" time="0.0"/>
  <testcase name="TestALotOfAdding" classname="LocalCMCTests" time="0.0"/>
  <testcase name="TestALotOfAdding" classname="LocalCMCTests" time="0.001"/>
  <testcase name="TestALotOfAdding" classname="LocalCMCTests" time="0.001"/>
  <testcase name="TestALotOfAdding" classname="LocalCMCTests" time="0.001"/>
  <testcase name="TestALotOfAdding" classname="LocalCMCTests" time="0.001"/>
  <testcase name="TestALotOfAdding" classname="LocalCMCTests" time="0.001"/>
  <testcase name="TestALotOfAdding" classname="LocalCMCTests" time="0.0"/>
  <testcase name="TestALotOfAdding" classname="LocalCMCTests" time="0.001"/>
  <testcase name="TestALotOfAdding" classname="LocalCMCTests" time="0.0"/>
  <testcase name="TestALotOfAdding" classname="LocalCMCTests" time="0.0"/>
  <testcase name="TestALotOfAdding" classname="LocalCMCTests" time="0.0"/>
  <testcase name="TestALotOfAdding" classname="LocalCMCTests" time="0.0"/>
  <testcase name="TestALotOfAdding" classname="LocalCMCTests" time="0.0"/>
  <testcase name="TestALotOfAdding" classname="LocalCMCTests" time="0.001"/>
  <testcase name="TestALotOfAdding" classname="LocalCMCTests" time="0.0"/>
  <testcase name="TestALotOfAdding" classname="LocalCMCTests" time="0.001"/>
  <testcase name="TestALotOfAdding" classname="LocalCMCTests" time="0.0"/>
  <testcase name="TestALotOfAdding" classname="LocalCMCTests" time="0.001"/>
  <testcase name="TestALotOfAdding" classname="LocalCMCTests" time="0.001"/>
  <testcase name="TestALotOfAdding" classname="LocalCMCTests" time="0.001"/>
  <testcase name="TestALotOfAdding" classname="LocalCMCTests" time="0.0"/>
  <testcase name="TestALotOfAdding" classname="LocalCMCTests" time="0.002"/>
  <testcase name="TestALotOfAdding" classname="LocalCMCTests" time="0.002"/>
  <testcase name="TestALotOfAdding" classname="LocalCMCTests" time="0.001"/>
  <testcase name="TestALotOfAdding" classname="LocalCMCTests" time="0.0"/>
  <testcase name="TestALotOfAdding" classname="LocalCMCTests" time="0.0"/>
  <testcase name="TestALotOfAdding" classname="LocalCMCTests" time="0.0"/>
  <testcase name="TestALotOfAdding" classname="LocalCMCTests" time="0.0"/>
  <testcase name="TestALotOfAdding" classname="LocalCMCTests" time="0.0"/>
  <testcase name="TestALotOfAdding" classname="LocalCMCTests" time="0.0"/>
  <testcase name="TestALotOfAdding" classname="LocalCMCTests" time="0.0"/>
  <testcase name="TestALotOfAdding" classname="LocalCMCTests" time="0.002"/>
  <testcase name="TestALotOfAdding" classname="LocalCMCTests" time="0.001"/>
  <testcase name="TestALotOfAdding" classname="LocalCMCTests" time="0.0"/>
  <testcase name="TestALotOfAdding" classname="LocalCMCTests" time="0.0"/>
  <testcase name="TestALotOfAdding" classname="LocalCMCTests" time="0.002"/>
  <testcase name="TestALotOfAdding" classname="LocalCMCTests" time="0.0"/>
  <testcase name="TestALotOfAdding" classname="LocalCMCTests" time="0.001"/>
  <testcase name="TestALotOfAdding" classname="LocalCMCTests" time="0.002"/>
  <testcase name="TestALotOfAdding" classname="LocalCMCTests" time="0.0"/>
  <testcase name="TestALotOfAdding" classname="LocalCMCTests" time="0.001"/>
  <testcase name="TestALotOfAdding" classname="LocalCMCTests" time="0.0"/>
  <testcase name="TestALotOfAdding" classname="LocalCMCTests" time="0.0"/>
  <testcase name="TestALotOfAdding" classname="LocalCMCTests" time="0.001"/>
  <testcase name="TestALotOfAdding" classname="LocalCMCTests" time="0.001"/>
  <testcase name="TestALotOfAdding" classname="LocalCMCTests" time="0.0"/>
  <testcase name="TestALotOfAdding" classname="LocalCMCTests" time="0.001"/>
  <testcase name="TestALotOfAdding" classname="LocalCMCTests" time="0.0"/>
  <testcase name="TestALotOfAdding" classname="LocalCMCTests" time="0.001"/>
  <testcase name="TestALotOfAdding" classname="LocalCMCTests" time="0.001"/>
  <testcase name="TestALotOfAdding" classname="LocalCMCTests" time="0.0"/>
  <testcase name="TestALotOfAdding" classname="LocalCMCTests" time="0.002"/>
  <testcase name="TestALotOfAdding" classname="LocalCMCTests" time="0.001"/>
  <testcase name="TestALotOfAdding" classname="LocalCMCTests" time="0.001"/>
  <testcase name="TestALotOfAdding" classname="LocalCMCTests" time="0.0"/>
  <testcase name="TestALotOfAdding" classname="LocalCMCTests" time="0.001"/>
  <testcase name="TestALotOfAdding" classname="LocalCMCTests" time="0.0"/>
  <testcase name="TestALotOfAdding" classname="LocalCMCTests" time="0.0"/>
  <testcase name="TestALotOfAdding" classname="LocalCMCTests" time="0.0"/>
  <testcase name="TestALotOfAdding" classname="LocalCMCTests" time="0.001"/>
  <testcase name="TestALotOfAdding" classname="LocalCMCTests" time="0.0"/>
  <testcase name="TestALotOfAdding" classname="LocalCMCTests" time="0.0"/>
  <testcase name="TestALotOfAdding" classname="LocalCMCTests" time="0.002"/>
  <testcase name="TestALotOfAdding" classname="LocalCMCTests" time="0.001"/>
  <testcase name="TestALotOfAdding" classname="LocalCMCTests" time="0.002"/>
  <testcase name="TestALotOfAdding" classname="LocalCMCTests" time="0.001"/>
  <testcase name="TestALotOfAdding" classname="LocalCMCTests" time="0.002"/>
  <testcase name="TestALotOfAdding" classname="LocalCMCTests" time="0.001"/>
  <testcase name="TestALotOfAdding" classname="LocalCMCTests" time="0.0"/>
  <testcase name="TestALotOfAdding" classname="LocalCMCTests" time="0.001"/>
  <testcase name="TestALotOfAdding" classname="LocalCMCTests" time="0.0"/>
  <testcase name="TestALotOfAdding" classname="LocalCMCTests" time="0.001"/>
  <testcase name="TestALotOfAdding" classname="LocalCMCTests" time="0.001"/>
  <testcase name="TestALotOfAdding" classname="LocalCMCTests" time="0.0"/>
  <testcase name="TestALotOfAdding" classname="LocalCMCTests" time="0.0"/>
  <testcase name="TestALotOfAdding" classname="LocalCMCTests" time="0.0"/>
  <testcase name="TestALotOfAdding" classname="LocalCMCTests" time="0.0"/>
  <testcase name="TestALotOfAdding" classname="LocalCMCTests" time="0.0"/>
  <testcase name="TestALotOfAdding" classname="LocalCMCTests" time="0.001"/>
  <testcase name="TestALotOfAdding" classname="LocalCMCTests" time="0.001"/>
  <testcase name="TestALotOfAdding" classname="LocalCMCTests" time="0.0"/>
  <testcase name="TestALotOfAdding" classname="LocalCMCTests" time="0.0"/>
  <testcase name="TestALotOfAdding" classname="LocalCMCTests" time="0.001"/>
  <testcase name="TestALotOfAdding" classname="LocalCMCTests" time="0.002"/>
  <testcase name="TestALotOfAdding" classname="LocalCMCTests" time="0.001"/>
  <testcase name="TestALotOfAdding" classname="LocalCMCTests" time="0.001"/>
  <testcase name="TestALotOfAdding" classname="LocalCMCTests" time="0.001"/>
  <testcase name="TestALotOfAdding" classname="LocalCMCTests" time="0.001"/>
  <testcase name="TestALotOfAdding" classname="LocalCMCTests" time="0.001"/>
  <testcase name="TestALotOfAdding" classname="LocalCMCTests" time="0.0"/>
  <testcase name="TestALotOfAdding" classname="LocalCMCTests" time="0.0"/>
  <testcase name="TestALotOfAdding" classname="LocalCMCTests" time="0.0"/>
  <testcase name="TestALotOfAdding" classname="LocalCMCTests" time="0.0"/>
  <testcase name="TestALotOfAdding" classname="LocalCMCTests" time="0.0"/>
  <testcase name="TestALotOfAdding" classname="LocalCMCTests" time="0.001"/>
  <testcase name="TestALotOfAdding" classname="LocalCMCTests" time="0.0"/>
  <testcase name="TestALotOfAdding" classname="LocalCMCTests" time="0.0"/>
  <testcase name="TestALotOfAdding" classname="LocalCMCTests" time="0.001"/>
  <testcase name="TestALotOfAdding" classname="LocalCMCTests" time="0.001"/>
  <testcase name="TestALotOfAdding" classname="LocalCMCTests" time="0.0"/>
  <testcase name="TestALotOfAdding" classname="LocalCMCTests" time="0.0"/>
  <testcase name="TestALotOfAdding" classname="LocalCMCTests" time="0.001"/>
  <testcase name="TestALotOfAdding" classname="LocalCMCTests" time="0.001"/>
  <testcase name="TestALotOfAdding" classname="LocalCMCTests" time="0.001"/>
  <testcase name="TestALotOfAdding" classname="LocalCMCTests" time="0.001"/>
  <testcase name="TestALotOfAdding" classname="LocalCMCTests" time="0.0"/>
  <testcase name="TestALotOfAdding" classname="LocalCMCTests" time="0.001"/>
  <testcase name="TestALotOfAdding" classname="LocalCMCTests" time="0.0"/>
  <testcase name="TestALotOfAdding" classname="LocalCMCTests" time="0.0"/>
  <testcase name="TestALotOfAdding" classname="LocalCMCTests" time="0.0"/>
  <testcase name="TestALotOfAdding" classname="LocalCMCTests" time="0.0"/>
  <testcase name="TestALotOfAdding" classname="LocalCMCTests" time="0.001"/>
  <testcase name="TestALotOfAdding" classname="LocalCMCTests" time="0.001"/>
  <testcase name="TestALotOfAdding" classname="LocalCMCTests" time="0.002"/>
  <testcase name="TestALotOfAdding" classname="LocalCMCTests" time="0.0"/>
  <testcase name="TestALotOfAdding" classname="LocalCMCTests" time="0.002"/>
  <testcase name="TestALotOfAdding" classname="LocalCMCTests" time="0.0"/>
  <testcase name="TestALotOfAdding" classname="LocalCMCTests" time="0.001"/>
  <testcase name="TestALotOfAdding" classname="LocalCMCTests" time="0.001"/>
  <testcase name="TestALotOfAdding" classname="LocalCMCTests" time="0.0"/>
  <testcase name="TestALotOfAdding" classname="LocalCMCTests" time="0.0"/>
  <testcase name="TestALotOfAdding" classname="LocalCMCTests" time="0.0"/>
  <testcase name="TestALotOfAdding" classname="LocalCMCTests" time="0.001"/>
  <testcase name="TestALotOfAdding" classname="LocalCMCTests" time="0.001"/>
  <testcase name="TestALotOfAdding" classname="LocalCMCTests" time="0.0"/>
  <testcase name="TestALotOfAdding" classname="LocalCMCTests" time="0.0"/>
  <testcase name="TestALotOfAdding" classname="LocalCMCTests" time="0.001"/>
  <testcase name="TestALotOfAdding" classname="LocalCMCTests" time="0.002"/>
  <testcase name="TestALotOfAdding" classname="LocalCMCTests" time="0.001"/>
  <testcase name="TestALotOfAdding" classname="LocalCMCTests" time="0.0"/>
  <testcase name="TestALotOfAdding" classname="LocalCMCTests" time="0.001"/>
  <testcase name="TestALotOfAdding" classname="LocalCMCTests" time="0.0"/>
  <testcase name="TestALotOfAdding" classname="LocalCMCTests" time="0.001"/>
  <testcase name="TestALotOfAdding" classname="LocalCMCTests" time="0.001"/>
  <testcase name="TestALotOfAdding" classname="LocalCMCTests" time="0.001"/>
  <testcase name="TestALotOfAdding" classname="LocalCMCTests" time="0.001"/>
  <testcase name="TestALotOfAdding" classname="LocalCMCTests" time="0.001"/>
  <testcase name="TestALotOfAdding" classname="LocalCMCTests" time="0.0"/>
  <testcase name="TestALotOfAdding" classname="LocalCMCTests" time="0.0"/>
  <testcase name="TestALotOfAdding" classname="LocalCMCTests" time="0.0"/>
  <testcase name="TestALotOfAdding" classname="LocalCMCTests" time="0.0"/>
  <testcase name="TestALotOfAdding" classname="LocalCMCTests" time="0.0"/>
  <testcase name="TestALotOfAdding" classname="LocalCMCTests" time="0.0"/>
  <testcase name="TestALotOfAdding" classname="LocalCMCTests" time="0.0"/>
  <testcase name="TestALotOfAdding" classname="LocalCMCTests" time="0.002"/>
  <testcase name="TestALotOfAdding" classname="LocalCMCTests" time="0.001"/>
  <testcase name="TestALotOfAdding" classname="LocalCMCTests" time="0.002"/>
  <testcase name="TestALotOfAdding" classname="LocalCMCTests" time="0.001"/>
  <testcase name="TestALotOfAdding" classname="LocalCMCTests" time="0.0"/>
  <testcase name="TestALotOfAdding" classname="LocalCMCTests" time="0.001"/>
  <testcase name="TestALotOfAdding" classname="LocalCMCTests" time="0.001"/>
  <testcase name="TestALotOfAdding" classname="LocalCMCTests" time="0.001"/>
  <testcase name="TestALotOfAdding" classname="LocalCMCTests" time="0.0"/>
  <testcase name="TestALotOfAdding" classname="LocalCMCTests" time="0.001"/>
  <testcase name="TestALotOfAdding" classname="LocalCMCTests" time="0.0"/>
  <testcase name="TestALotOfAdding" classname="LocalCMCTests" time="0.001"/>
  <testcase name="TestALotOfAdding" classname="LocalCMCTests" time="0.001"/>
  <testcase name="TestALotOfAdding" classname="LocalCMCTests" time="0.0"/>
  <testcase name="TestALotOfAdding" classname="LocalCMCTests" time="0.0"/>
  <testcase name="TestALotOfAdding" classname="LocalCMCTests" time="0.0"/>
  <testcase name="TestALotOfAdding" classname="LocalCMCTests" time="0.0"/>
  <testcase name="TestALotOfAdding" classname="LocalCMCTests" time="0.001"/>
  <testcase name="TestALotOfAdding" classname="LocalCMCTests" time="0.001"/>
  <testcase name="TestALotOfAdding" classname="LocalCMCTests" time="0.001"/>
  <testcase name="TestALotOfAdding" classname="LocalCMCTests" time="0.001"/>
  <testcase name="TestALotOfAdding" classname="LocalCMCTests" time="0.001"/>
  <testcase name="TestALotOfAdding" classname="LocalCMCTests" time="0.0"/>
  <testcase name="TestALotOfAdding" classname="LocalCMCTests" time="0.0"/>
  <testcase name="TestALotOfAdding" classname="LocalCMCTests" time="0.0"/>
  <testcase name="TestALotOfAdding" classname="LocalCMCTests" time="0.0"/>
  <testcase name="TestALotOfAdding" classname="LocalCMCTests" time="0.0"/>
  <testcase name="TestALotOfAdding" classname="LocalCMCTests" time="0.0"/>
  <testcase name="TestALotOfAdding" classname="LocalCMCTests" time="0.0"/>
  <testcase name="TestALotOfAdding" classname="LocalCMCTests" time="0.001"/>
  <testcase name="TestALotOfAdding" classname="LocalCMCTests" time="0.001"/>
  <testcase name="TestALotOfAdding" classname="LocalCMCTests" time="0.001"/>
  <testcase name="TestALotOfAdding" classname="LocalCMCTests" time="0.001"/>
  <testcase name="TestALotOfAdding" classname="LocalCMCTests" time="0.001"/>
  <testcase name="TestALotOfAdding" classname="LocalCMCTests" time="0.0"/>
  <testcase name="TestALotOfAdding" classname="LocalCMCTests" time="0.002"/>
  <testcase name="TestALotOfAdding" classname="LocalCMCTests" time="0.0"/>
  <testcase name="TestALotOfAdding" classname="LocalCMCTests" time="0.001"/>
  <testcase name="TestALotOfAdding" classname="LocalCMCTests" time="0.0"/>
  <testcase name="TestALotOfAdding" classname="LocalCMCTests" time="0.0"/>
  <testcase name="TestALotOfAdding" classname="LocalCMCTests" time="0.001"/>
  <testcase name="TestALotOfAdding" classname="LocalCMCTests" time="0.001"/>
  <testcase name="TestALotOfAdding" classname="LocalCMCTests" time="0.001"/>
  <testcase name="TestALotOfAdding" classname="LocalCMCTests" time="0.0"/>
  <testcase name="TestALotOfAdding" classname="LocalCMCTests" time="0.001"/>
  <testcase name="TestALotOfAdding" classname="LocalCMCTests" time="0.001"/>
  <testcase name="TestALotOfAdding" classname="LocalCMCTests" time="0.001"/>
  <testcase name="TestALotOfAdding" classname="LocalCMCTests" time="0.0"/>
  <testcase name="TestALotOfAdding" classname="LocalCMCTests" time="0.001"/>
  <testcase name="TestALotOfAdding" classname="LocalCMCTests" time="0.0"/>
  <testcase name="TestALotOfAdding" classname="LocalCMCTests" time="0.001"/>
  <testcase name="TestALotOfAdding" classname="LocalCMCTests" time="0.001"/>
  <testcase name="TestALotOfAdding" classname="LocalCMCTests" time="0.001"/>
  <testcase name="TestALotOfAdding" classname="LocalCMCTests" time="0.002"/>
  <testcase name="TestALotOfAdding" classname="LocalCMCTests" time="0.001"/>
  <testcase name="TestALotOfAdding" classname="LocalCMCTests" time="0.0"/>
  <testcase name="TestALotOfAdding" classname="LocalCMCTests" time="0.001"/>
  <testcase name="TestALotOfAdding" classname="LocalCMCTests" time="0.0"/>
  <testcase name="TestALotOfAdding" classname="LocalCMCTests" time="0.001"/>
  <testcase name="TestALotOfAdding" classname="LocalCMCTests" time="0.0"/>
  <testcase name="TestALotOfAdding" classname="LocalCMCTests" time="0.001"/>
  <testcase name="TestALotOfAdding" classname="LocalCMCTests" time="0.0"/>
  <testcase name="TestALotOfAdding" classname="LocalCMCTests" time="0.0"/>
  <testcase name="TestALotOfAdding" classname="LocalCMCTests" time="0.0"/>
  <testcase name="TestALotOfAdding" classname="LocalCMCTests" time="0.0"/>
  <testcase name="TestALotOfAdding" classname="LocalCMCTests" time="0.001"/>
  <testcase name="TestALotOfAdding" classname="LocalCMCTests" time="0.001"/>
  <testcase name="TestALotOfAdding" classname="LocalCMCTests" time="0.0"/>
  <testcase name="TestALotOfAdding" classname="LocalCMCTests" time="0.0"/>
  <testcase name="TestALotOfAdding" classname="LocalCMCTests" time="0.001"/>
  <testcase name="TestALotOfAdding" classname="LocalCMCTests" time="0.0"/>
  <testcase name="TestALotOfAdding" classname="LocalCMCTests" time="0.001"/>
  <testcase name="TestALotOfAdding" classname="LocalCMCTests" time="0.001"/>
  <testcase name="TestALotOfAdding" classname="LocalCMCTests" time="0.0"/>
  <testcase name="TestALotOfAdding" classname="LocalCMCTests" time="0.001"/>
  <testcase name="TestALotOfAdding" classname="LocalCMCTests" time="0.001"/>
  <testcase name="TestALotOfAdding" classname="LocalCMCTests" time="0.0"/>
  <testcase name="TestALotOfAdding" classname="LocalCMCTests" time="0.0"/>
  <testcase name="TestALotOfAdding" classname="LocalCMCTests" time="0.001"/>
  <testcase name="TestALotOfAdding" classname="LocalCMCTests" time="0.002"/>
  <testcase name="TestALotOfAdding" classname="LocalCMCTests" time="0.001"/>
  <testcase name="TestALotOfAdding" classname="LocalCMCTests" time="0.001"/>
  <testcase name="TestALotOfAdding" classname="LocalCMCTests" time="0.0"/>
  <testcase name="TestALotOfAdding" classname="LocalCMCTests" time="0.002"/>
  <testcase name="TestALotOfAdding" classname="LocalCMCTests" time="0.001"/>
  <testcase name="TestALotOfAdding" classname="LocalCMCTests" time="0.001"/>
  <testcase name="TestALotOfAdding" classname="LocalCMCTests" time="0.002"/>
  <testcase name="TestALotOfAdding" classname="LocalCMCTests" time="0.002"/>
  <testcase name="TestALotOfAdding" classname="LocalCMCTests" time="0.0"/>
  <testcase name="TestALotOfAdding" classname="LocalCMCTests" time="0.001"/>
  <testcase name="TestALotOfAdding" classname="LocalCMCTests" time="0.002"/>
  <testcase name="TestALotOfAdding" classname="LocalCMCTests" time="0.001"/>
  <testcase name="TestALotOfAdding" classname="LocalCMCTests" time="0.001"/>
  <testcase name="TestALotOfAdding" classname="LocalCMCTests" time="0.001"/>
  <testcase name="TestALotOfAdding" classname="LocalCMCTests" time="0.0"/>
  <testcase name="TestALotOfAdding" classname="LocalCMCTests" time="0.0"/>
  <testcase name="TestALotOfAdding" classname="LocalCMCTests" time="0.002"/>
  <testcase name="TestALotOfAdding" classname="LocalCMCTests" time="0.002"/>
  <testcase name="TestALotOfAdding" classname="LocalCMCTests" time="0.0"/>
  <testcase name="TestALotOfAdding" classname="LocalCMCTests" time="0.001"/>
  <testcase name="TestALotOfAdding" classname="LocalCMCTests" time="0.001"/>
  <testcase name="TestALotOfAdding" classname="LocalCMCTests" time="0.0"/>
  <testcase name="TestALotOfAdding" classname="LocalCMCTests" time="0.001"/>
  <testcase name="TestALotOfAdding" classname="LocalCMCTests" time="0.001"/>
  <testcase name="TestALotOfAdding" classname="LocalCMCTests" time="0.0"/>
  <testcase name="TestALotOfAdding" classname="LocalCMCTests" time="0.001"/>
  <testcase name="TestALotOfAdding" classname="LocalCMCTests" time="0.0"/>
  <testcase name="TestALotOfAdding" classname="LocalCMCTests" time="0.0"/>
  <testcase name="TestALotOfAdding" classname="LocalCMCTests" time="0.001"/>
  <testcase name="TestALotOfAdding" classname="LocalCMCTests" time="0.001"/>
  <testcase name="TestALotOfAdding" classname="LocalCMCTests" time="0.0"/>
  <testcase name="TestALotOfAdding" classname="LocalCMCTests" time="0.001"/>
  <testcase name="TestALotOfAdding" classname="LocalCMCTests" time="0.0"/>
  <testcase name="TestALotOfAdding" classname="LocalCMCTests" time="0.001"/>
  <testcase name="TestALotOfAdding" classname="LocalCMCTests" time="0.001"/>
  <testcase name="TestALotOfAdding" classname="LocalCMCTests" time="0.0"/>
  <testcase name="TestALotOfAdding" classname="LocalCMCTests" time="0.0"/>
  <testcase name="TestALotOfAdding" classname="LocalCMCTests" time="0.001"/>
  <testcase name="TestALotOfAdding" classname="LocalCMCTests" time="0.0"/>
  <testcase name="TestALotOfAdding" classname="LocalCMCTests" time="0.0"/>
  <testcase name="TestALotOfAdding" classname="LocalCMCTests" time="0.0"/>
  <testcase name="TestALotOfAdding" classname="LocalCMCTests" time="0.001"/>
  <testcase name="TestALotOfAdding" classname="LocalCMCTests" time="0.001"/>
  <testcase name="TestALotOfAdding" classname="LocalCMCTests" time="0.001"/>
  <testcase name="TestALotOfAdding" classname="LocalCMCTests" time="0.0"/>
  <testcase name="TestALotOfAdding" classname="LocalCMCTests" time="0.001"/>
  <testcase name="TestALotOfAdding" classname="LocalCMCTests" time="0.001"/>
  <testcase name="TestALotOfAdding" classname="LocalCMCTests" time="0.001"/>
  <testcase name="TestALotOfAdding" classname="LocalCMCTests" time="0.001"/>
  <testcase name="TestALotOfAdding" classname="LocalCMCTests" time="0.001"/>
  <testcase name="TestALotOfAdding" classname="LocalCMCTests" time="0.0"/>
  <testcase name="TestALotOfAdding" classname="LocalCMCTests" time="0.004"/>
  <testcase name="TestALotOfAdding" classname="LocalCMCTests" time="0.0"/>
  <testcase name="TestALotOfAdding" classname="LocalCMCTests" time="0.0"/>
  <testcase name="TestALotOfAdding" classname="LocalCMCTests" time="0.0"/>
  <testcase name="TestALotOfAdding" classname="LocalCMCTests" time="0.002"/>
  <testcase name="TestALotOfAdding" classname="LocalCMCTests" time="0.001"/>
  <testcase name="TestALotOfAdding" classname="LocalCMCTests" time="0.001"/>
  <testcase name="TestALotOfAdding" classname="LocalCMCTests" time="0.001"/>
  <testcase name="TestALotOfAdding" classname="LocalCMCTests" time="0.0"/>
  <testcase name="TestALotOfAdding" classname="LocalCMCTests" time="0.0"/>
  <testcase name="TestALotOfAdding" classname="LocalCMCTests" time="0.0"/>
  <testcase name="TestALotOfAdding" classname="LocalCMCTests" time="0.001"/>
  <testcase name="TestALotOfAdding" classname="LocalCMCTests" time="0.0"/>
  <testcase name="TestALotOfAdding" classname="LocalCMCTests" time="0.002"/>
  <testcase name="TestALotOfAdding" classname="LocalCMCTests" time="0.001"/>
  <testcase name="TestALotOfAdding" classname="LocalCMCTests" time="0.001"/>
  <testcase name="TestALotOfAdding" classname="LocalCMCTests" time="0.001"/>
  <testcase name="TestALotOfAdding" classname="LocalCMCTests" time="0.0"/>
  <testcase name="TestALotOfAdding" classname="LocalCMCTests" time="0.001"/>
  <testcase name="TestALotOfAdding" classname="LocalCMCTests" time="0.0"/>
  <testcase name="TestALotOfAdding" classname="LocalCMCTests" time="0.0"/>
  <testcase name="TestALotOfAdding" classname="LocalCMCTests" time="0.0"/>
  <testcase name="TestALotOfAdding" classname="LocalCMCTests" time="0.0"/>
  <testcase name="TestALotOfAdding" classname="LocalCMCTests" time="0.0"/>
  <testcase name="TestALotOfAdding" classname="LocalCMCTests" time="0.001"/>
  <testcase name="TestALotOfAdding" classname="LocalCMCTests" time="0.001"/>
  <testcase name="TestALotOfAdding" classname="LocalCMCTests" time="0.001"/>
  <testcase name="TestALotOfAdding" classname="LocalCMCTests" time="0.001"/>
  <testcase name="TestALotOfAdding" classname="LocalCMCTests" time="0.0"/>
  <testcase name="TestALotOfAdding" classname="LocalCMCTests" time="0.0"/>
  <testcase name="TestALotOfAdding" classname="LocalCMCTests" time="0.0"/>
  <testcase name="TestALotOfAdding" classname="LocalCMCTests" time="0.001"/>
  <testcase name="TestALotOfAdding" classname="LocalCMCTests" time="0.0"/>
  <testcase name="TestALotOfAdding" classname="LocalCMCTests" time="0.001"/>
  <testcase name="TestALotOfAdding" classname="LocalCMCTests" time="0.001"/>
  <testcase name="TestALotOfAdding" classname="LocalCMCTests" time="0.0"/>
  <testcase name="TestALotOfAdding" classname="LocalCMCTests" time="0.0"/>
  <testcase name="TestALotOfAdding" classname="LocalCMCTests" time="0.001"/>
  <testcase name="TestALotOfAdding" classname="LocalCMCTests" time="0.001"/>
  <testcase name="TestALotOfAdding" classname="LocalCMCTests" time="0.0"/>
  <testcase name="TestALotOfAdding" classname="LocalCMCTests" time="0.001"/>
  <testcase name="TestALotOfAdding" classname="LocalCMCTests" time="0.001"/>
  <testcase name="TestALotOfAdding" classname="LocalCMCTests" time="0.0"/>
  <testcase name="TestALotOfAdding" classname="LocalCMCTests" time="0.0"/>
  <testcase name="TestALotOfAdding" classname="LocalCMCTests" time="0.0"/>
  <testcase name="TestALotOfAdding" classname="LocalCMCTests" time="0.001"/>
  <testcase name="TestALotOfAdding" classname="LocalCMCTests" time="0.0"/>
  <testcase name="TestALotOfAdding" classname="LocalCMCTests" time="0.001"/>
  <testcase name="TestALotOfAdding" classname="LocalCMCTests" time="0.001"/>
  <testcase name="TestALotOfAdding" classname="LocalCMCTests" time="0.0"/>
  <testcase name="TestALotOfAdding" classname="LocalCMCTests" time="0.001"/>
  <testcase name="TestALotOfAdding" classname="LocalCMCTests" time="0.0"/>
  <testcase name="TestALotOfAdding" classname="LocalCMCTests" time="0.0"/>
  <testcase name="TestALotOfAdding" classname="LocalCMCTests" time="0.001"/>
  <testcase name="TestALotOfAdding" classname="LocalCMCTests" time="0.001"/>
  <testcase name="TestALotOfAdding" classname="LocalCMCTests" time="0.0"/>
  <testcase name="TestALotOfAdding" classname="LocalCMCTests" time="0.001"/>
  <testcase name="TestALotOfAdding" classname="LocalCMCTests" time="0.001"/>
  <testcase name="TestALotOfAdding" classname="LocalCMCTests" time="0.001"/>
  <testcase name="TestALotOfAdding" classname="LocalCMCTests" time="0.0"/>
  <testcase name="TestALotOfAdding" classname="LocalCMCTests" time="0.001"/>
  <testcase name="TestALotOfAdding" classname="LocalCMCTests" time="0.001"/>
  <testcase name="TestALotOfAdding" classname="LocalCMCTests" time="0.001"/>
  <testcase name="TestALotOfAdding" classname="LocalCMCTests" time="0.0"/>
  <testcase name="TestALotOfAdding" classname="LocalCMCTests" time="0.0"/>
  <testcase name="TestALotOfAdding" classname="LocalCMCTests" time="0.001"/>
  <testcase name="TestALotOfAdding" classname="LocalCMCTests" time="0.0"/>
  <testcase name="TestALotOfAdding" classname="LocalCMCTests" time="0.001"/>
  <testcase name="TestALotOfAdding" classname="LocalCMCTests" time="0.001"/>
  <testcase name="TestALotOfAdding" classname="LocalCMCTests" time="0.001"/>
  <testcase name="TestALotOfAdding" classname="LocalCMCTests" time="0.0"/>
  <testcase name="TestALotOfAdding" classname="LocalCMCTests" time="0.0"/>
  <testcase name="TestALotOfAdding" classname="LocalCMCTests" time="0.001"/>
  <testcase name="TestALotOfAdding" classname="LocalCMCTests" time="0.0"/>
  <testcase name="TestALotOfAdding" classname="LocalCMCTests" time="0.0"/>
  <testcase name="TestALotOfAdding" classname="LocalCMCTests" time="0.002"/>
  <testcase name="TestALotOfAdding" classname="LocalCMCTests" time="0.001"/>
  <testcase name="TestALotOfAdding" classname="LocalCMCTests" time="0.001"/>
  <testcase name="TestALotOfAdding" classname="LocalCMCTests" time="0.001"/>
  <testcase name="TestALotOfAdding" classname="LocalCMCTests" time="0.0"/>
  <testcase name="TestALotOfAdding" classname="LocalCMCTests" time="0.001"/>
  <testcase name="TestALotOfAdding" classname="LocalCMCTests" time="0.001"/>
  <testcase name="TestALotOfAdding" classname="LocalCMCTests" time="0.001"/>
  <testcase name="TestALotOfAdding" classname="LocalCMCTests" time="0.0"/>
  <testcase name="TestALotOfAdding" classname="LocalCMCTests" time="0.0"/>
  <testcase name="TestALotOfAdding" classname="LocalCMCTests" time="0.001"/>
  <testcase name="TestALotOfAdding" classname="LocalCMCTests" time="0.001"/>
  <testcase name="TestALotOfAdding" classname="LocalCMCTests" time="0.0"/>
  <testcase name="TestALotOfAdding" classname="LocalCMCTests" time="0.0"/>
  <testcase name="TestALotOfAdding" classname="LocalCMCTests" time="0.0"/>
  <testcase name="TestALotOfAdding" classname="LocalCMCTests" time="0.0"/>
  <testcase name="TestALotOfAdding" classname="LocalCMCTests" time="0.002"/>
  <testcase name="TestALotOfAdding" classname="LocalCMCTests" time="0.002"/>
  <testcase name="TestALotOfAdding" classname="LocalCMCTests" time="0.001"/>
  <testcase name="TestALotOfAdding" classname="LocalCMCTests" time="0.001"/>
  <testcase name="TestALotOfAdding" classname="LocalCMCTests" time="0.001"/>
  <testcase name="TestALotOfAdding" classname="LocalCMCTests" time="0.0"/>
  <testcase name="TestALotOfAdding" classname="LocalCMCTests" time="0.001"/>
  <testcase name="TestALotOfAdding" classname="LocalCMCTests" time="0.0"/>
  <testcase name="TestALotOfAdding" classname="LocalCMCTests" time="0.001"/>
  <testcase name="TestALotOfAdding" classname="LocalCMCTests" time="0.0"/>
  <testcase name="TestALotOfAdding" classname="LocalCMCTests" time="0.0"/>
  <testcase name="TestALotOfAdding" classname="LocalCMCTests" time="0.001"/>
  <testcase name="TestALotOfAdding" classname="LocalCMCTests" time="0.001"/>
  <testcase name="TestALotOfAdding" classname="LocalCMCTests" time="0.0"/>
  <testcase name="TestALotOfAdding" classname="LocalCMCTests" time="0.0"/>
  <testcase name="TestALotOfAdding" classname="LocalCMCTests" time="0.0"/>
  <testcase name="TestALotOfAdding" classname="LocalCMCTests" time="0.001"/>
  <testcase name="TestALotOfAdding" classname="LocalCMCTests" time="0.001"/>
  <testcase name="TestALotOfAdding" classname="LocalCMCTests" time="0.001"/>
  <testcase name="TestALotOfAdding" classname="LocalCMCTests" time="0.001"/>
  <testcase name="TestALotOfAdding" classname="LocalCMCTests" time="0.001"/>
  <testcase name="TestALotOfAdding" classname="LocalCMCTests" time="0.001"/>
  <testcase name="TestALotOfAdding" classname="LocalCMCTests" time="0.001"/>
  <testcase name="TestALotOfAdding" classname="LocalCMCTests" time="0.001"/>
  <testcase name="TestALotOfAdding" classname="LocalCMCTests" time="0.001"/>
  <testcase name="TestALotOfAdding" classname="LocalCMCTests" time="0.002"/>
  <testcase name="TestALotOfAdding" classname="LocalCMCTests" time="0.0"/>
  <testcase name="TestALotOfAdding" classname="LocalCMCTests" time="0.0"/>
  <testcase name="TestALotOfAdding" classname="LocalCMCTests" time="0.0"/>
  <testcase name="TestALotOfAdding" classname="LocalCMCTests" time="0.0"/>
  <testcase name="TestALotOfAdding" classname="LocalCMCTests" time="0.0"/>
  <testcase name="TestALotOfAdding" classname="LocalCMCTests" time="0.0"/>
  <testcase name="TestALotOfAdding" classname="LocalCMCTests" time="0.0"/>
  <testcase name="TestALotOfAdding" classname="LocalCMCTests" time="0.0"/>
  <testcase name="TestALotOfAdding" classname="LocalCMCTests" time="0.0"/>
  <testcase name="TestALotOfAdding" classname="LocalCMCTests" time="0.001"/>
  <testcase name="TestALotOfAdding" classname="LocalCMCTests" time="0.002"/>
  <testcase name="TestALotOfAdding" classname="LocalCMCTests" time="0.001"/>
  <testcase name="TestALotOfAdding" classname="LocalCMCTests" time="0.001"/>
  <testcase name="TestALotOfAdding" classname="LocalCMCTests" time="0.001"/>
  <testcase name="TestALotOfAdding" classname="LocalCMCTests" time="0.0"/>
  <testcase name="TestALotOfAdding" classname="LocalCMCTests" time="0.001"/>
  <testcase name="TestALotOfAdding" classname="LocalCMCTests" time="0.0"/>
  <testcase name="TestALotOfAdding" classname="LocalCMCTests" time="0.0"/>
  <testcase name="TestALotOfAdding" classname="LocalCMCTests" time="0.001"/>
  <testcase name="TestALotOfAdding" classname="LocalCMCTests" time="0.0"/>
  <testcase name="TestALotOfAdding" classname="LocalCMCTests" time="0.001"/>
  <testcase name="TestALotOfAdding" classname="LocalCMCTests" time="0.001"/>
  <testcase name="TestALotOfAdding" classname="LocalCMCTests" time="0.0"/>
  <testcase name="TestALotOfAdding" classname="LocalCMCTests" time="0.0"/>
  <testcase name="TestALotOfAdding" classname="LocalCMCTests" time="0.001"/>
  <testcase name="TestALotOfAdding" classname="LocalCMCTests" time="0.0"/>
  <testcase name="TestALotOfAdding" classname="LocalCMCTests" time="0.0"/>
  <testcase name="TestALotOfAdding" classname="LocalCMCTests" time="0.001"/>
  <testcase name="TestALotOfAdding" classname="LocalCMCTests" time="0.001"/>
  <testcase name="TestALotOfAdding" classname="LocalCMCTests" time="0.0"/>
  <testcase name="TestALotOfAdding" classname="LocalCMCTests" time="0.001"/>
  <testcase name="TestALotOfAdding" classname="LocalCMCTests" time="0.0"/>
  <testcase name="TestALotOfAdding" classname="LocalCMCTests" time="0.001"/>
  <testcase name="TestALotOfAdding" classname="LocalCMCTests" time="0.001"/>
  <testcase name="TestALotOfAdding" classname="LocalCMCTests" time="0.001"/>
  <testcase name="TestALotOfAdding" classname="LocalCMCTests" time="0.001"/>
  <testcase name="TestALotOfAdding" classname="LocalCMCTests" time="0.001"/>
  <testcase name="TestALotOfAdding" classname="LocalCMCTests" time="0.0"/>
  <testcase name="TestALotOfAdding" classname="LocalCMCTests" time="0.0"/>
  <testcase name="TestALotOfAdding" classname="LocalCMCTests" time="0.001"/>
  <testcase name="TestALotOfAdding" classname="LocalCMCTests" time="0.001"/>
  <testcase name="TestALotOfAdding" classname="LocalCMCTests" time="0.001"/>
  <testcase name="TestALotOfAdding" classname="LocalCMCTests" time="0.001"/>
  <testcase name="TestALotOfAdding" classname="LocalCMCTests" time="0.001"/>
  <testcase name="TestALotOfAdding" classname="LocalCMCTests" time="0.0"/>
  <testcase name="TestALotOfAdding" classname="LocalCMCTests" time="0.0"/>
  <testcase name="TestALotOfAdding" classname="LocalCMCTests" time="0.0"/>
  <testcase name="TestALotOfAdding" classname="LocalCMCTests" time="0.001"/>
  <testcase name="TestALotOfAdding" classname="LocalCMCTests" time="0.001"/>
  <testcase name="TestALotOfAdding" classname="LocalCMCTests" time="0.001"/>
  <testcase name="TestALotOfAdding" classname="LocalCMCTests" time="0.0"/>
  <testcase name="TestALotOfAdding" classname="LocalCMCTests" time="0.001"/>
  <testcase name="TestALotOfAdding" classname="LocalCMCTests" time="0.001"/>
  <testcase name="TestALotOfAdding" classname="LocalCMCTests" time="0.001"/>
  <testcase name="TestALotOfAdding" classname="LocalCMCTests" time="0.0"/>
  <testcase name="TestALotOfAdding" classname="LocalCMCTests" time="0.0"/>
  <testcase name="TestALotOfAdding" classname="LocalCMCTests" time="0.0"/>
  <testcase name="TestALotOfAdding" classname="LocalCMCTests" time="0.0"/>
  <testcase name="TestALotOfAdding" classname="LocalCMCTests" time="0.001"/>
  <testcase name="TestALotOfAdding" classname="LocalCMCTests" time="0.001"/>
  <testcase name="TestALotOfAdding" classname="LocalCMCTests" time="0.0"/>
  <testcase name="TestALotOfAdding" classname="LocalCMCTests" time="0.001"/>
  <testcase name="TestALotOfAdding" classname="LocalCMCTests" time="0.0"/>
  <testcase name="TestALotOfAdding" classname="LocalCMCTests" time="0.001"/>
  <testcase name="TestALotOfAdding" classname="LocalCMCTests" time="0.001"/>
  <testcase name="TestALotOfAdding" classname="LocalCMCTests" time="0.001"/>
  <testcase name="TestALotOfAdding" classname="LocalCMCTests" time="0.001"/>
  <testcase name="TestALotOfAdding" classname="LocalCMCTests" time="0.001"/>
  <testcase name="TestALotOfAdding" classname="LocalCMCTests" time="0.0"/>
  <testcase name="TestALotOfAdding" classname="LocalCMCTests" time="0.001"/>
  <testcase name="TestALotOfAdding" classname="LocalCMCTests" time="0.0"/>
  <testcase name="TestALotOfAdding" classname="LocalCMCTests" time="0.0"/>
  <testcase name="TestALotOfAdding" classname="LocalCMCTests" time="0.001"/>
  <testcase name="TestALotOfAdding" classname="LocalCMCTests" time="0.001"/>
  <testcase name="TestALotOfAdding" classname="LocalCMCTests" time="0.001"/>
  <testcase name="TestALotOfAdding" classname="LocalCMCTests" time="0.001"/>
  <testcase name="TestALotOfAdding" classname="LocalCMCTests" time="0.001"/>
  <testcase name="TestALotOfAdding" classname="LocalCMCTests" time="0.0"/>
  <testcase name="TestALotOfAdding" classname="LocalCMCTests" time="0.0"/>
  <testcase name="TestALotOfAdding" classname="LocalCMCTests" time="0.0"/>
  <testcase name="TestALotOfAdding" classname="LocalCMCTests" time="0.0"/>
  <testcase name="TestALotOfAdding" classname="LocalCMCTests" time="0.001"/>
  <testcase name="TestALotOfAdding" classname="LocalCMCTests" time="0.0"/>
  <testcase name="TestALotOfAdding" classname="LocalCMCTests" time="0.001"/>
  <testcase name="TestALotOfAdding" classname="LocalCMCTests" time="0.001"/>
  <testcase name="TestALotOfAdding" classname="LocalCMCTests" time="0.001"/>
  <testcase name="TestALotOfAdding" classname="LocalCMCTests" time="0.002"/>
  <testcase name="TestALotOfAdding" classname="LocalCMCTests" time="0.0"/>
  <testcase name="TestALotOfAdding" classname="LocalCMCTests" time="0.001"/>
  <testcase name="TestALotOfAdding" classname="LocalCMCTests" time="0.001"/>
  <testcase name="TestALotOfAdding" classname="LocalCMCTests" time="0.001"/>
  <testcase name="TestALotOfAdding" classname="LocalCMCTests" time="0.001"/>
  <testcase name="TestALotOfAdding" classname="LocalCMCTests" time="0.001"/>
  <testcase name="TestALotOfAdding" classname="LocalCMCTests" time="0.001"/>
  <testcase name="TestALotOfAdding" classname="LocalCMCTests" time="0.001"/>
  <testcase name="TestALotOfAdding" classname="LocalCMCTests" time="0.0"/>
  <testcase name="TestALotOfAdding" classname="LocalCMCTests" time="0.001"/>
  <testcase name="TestALotOfAdding" classname="LocalCMCTests" time="0.0"/>
  <testcase name="TestALotOfAdding" classname="LocalCMCTests" time="0.0"/>
  <testcase name="TestALotOfAdding" classname="LocalCMCTests" time="0.0"/>
  <testcase name="TestALotOfAdding" classname="LocalCMCTests" time="0.001"/>
  <testcase name="TestALotOfAdding" classname="LocalCMCTests" time="0.0"/>
  <testcase name="TestALotOfAdding" classname="LocalCMCTests" time="0.001"/>
  <testcase name="TestALotOfAdding" classname="LocalCMCTests" time="0.001"/>
  <testcase name="TestALotOfAdding" classname="LocalCMCTests" time="0.001"/>
  <testcase name="TestALotOfAdding" classname="LocalCMCTests" time="0.001"/>
  <testcase name="TestALotOfAdding" classname="LocalCMCTests" time="0.0"/>
  <testcase name="TestALotOfAdding" classname="LocalCMCTests" time="0.001"/>
  <testcase name="TestALotOfAdding" classname="LocalCMCTests" time="0.001"/>
  <testcase name="TestALotOfAdding" classname="LocalCMCTests" time="0.001"/>
  <testcase name="TestALotOfAdding" classname="LocalCMCTests" time="0.0"/>
  <testcase name="TestALotOfAdding" classname="LocalCMCTests" time="0.0"/>
  <testcase name="TestALotOfAdding" classname="LocalCMCTests" time="0.0"/>
  <testcase name="TestALotOfAdding" classname="LocalCMCTests" time="0.001"/>
  <testcase name="TestALotOfAdding" classname="LocalCMCTests" time="0.001"/>
  <testcase name="TestALotOfAdding" classname="LocalCMCTests" time="0.0"/>
  <testcase name="TestALotOfAdding" classname="LocalCMCTests" time="0.0"/>
  <testcase name="TestALotOfAdding" classname="LocalCMCTests" time="0.0"/>
  <testcase name="TestALotOfAdding" classname="LocalCMCTests" time="0.0"/>
  <testcase name="TestALotOfAdding" classname="LocalCMCTests" time="0.001"/>
  <testcase name="TestALotOfAdding" classname="LocalCMCTests" time="0.0"/>
  <testcase name="TestALotOfAdding" classname="LocalCMCTests" time="0.001"/>
  <testcase name="TestALotOfAdding" classname="LocalCMCTests" time="0.0"/>
  <testcase name="TestALotOfAdding" classname="LocalCMCTests" time="0.0"/>
  <testcase name="TestALotOfAdding" classname="LocalCMCTests" time="0.001"/>
  <testcase name="TestALotOfAdding" classname="LocalCMCTests" time="0.001"/>
  <testcase name="TestALotOfAdding" classname="LocalCMCTests" time="0.002"/>
  <testcase name="TestALotOfAdding" classname="LocalCMCTests" time="0.0"/>
  <testcase name="TestALotOfAdding" classname="LocalCMCTests" time="0.001"/>
  <testcase name="TestALotOfAdding" classname="LocalCMCTests" time="0.0"/>
  <testcase name="TestALotOfAdding" classname="LocalCMCTests" time="0.0"/>
  <testcase name="TestALotOfAdding" classname="LocalCMCTests" time="0.0"/>
  <testcase name="TestALotOfAdding" classname="LocalCMCTests" time="0.0"/>
  <testcase name="TestALotOfAdding" classname="LocalCMCTests" time="0.0"/>
  <testcase name="TestALotOfAdding" classname="LocalCMCTests" time="0.001"/>
  <testcase name="TestALotOfAdding" classname="LocalCMCTests" time="0.002"/>
  <testcase name="TestALotOfAdding" classname="LocalCMCTests" time="0.001"/>
  <testcase name="TestALotOfAdding" classname="LocalCMCTests" time="0.0"/>
  <testcase name="TestALotOfAdding" classname="LocalCMCTests" time="0.001"/>
  <testcase name="TestALotOfAdding" classname="LocalCMCTests" time="0.0"/>
  <testcase name="TestALotOfAdding" classname="LocalCMCTests" time="0.0"/>
  <testcase name="TestALotOfAdding" classname="LocalCMCTests" time="0.001"/>
  <testcase name="TestALotOfAdding" classname="LocalCMCTests" time="0.001"/>
  <testcase name="TestALotOfAdding" classname="LocalCMCTests" time="0.001"/>
  <testcase name="TestALotOfAdding" classname="LocalCMCTests" time="0.0"/>
  <testcase name="TestALotOfAdding" classname="LocalCMCTests" time="0.0"/>
  <testcase name="TestALotOfAdding" classname="LocalCMCTests" time="0.0"/>
  <testcase name="TestALotOfAdding" classname="LocalCMCTests" time="0.0"/>
  <testcase name="TestALotOfAdding" classname="LocalCMCTests" time="0.001"/>
  <testcase name="TestALotOfAdding" classname="LocalCMCTests" time="0.001"/>
  <testcase name="TestALotOfAdding" classname="LocalCMCTests" time="0.001"/>
  <testcase name="TestALotOfAdding" classname="LocalCMCTests" time="0.001"/>
  <testcase name="TestALotOfAdding" classname="LocalCMCTests" time="0.002"/>
  <testcase name="TestALotOfAdding" classname="LocalCMCTests" time="0.002"/>
  <testcase name="TestALotOfAdding" classname="LocalCMCTests" time="0.001"/>
  <testcase name="TestALotOfAdding" classname="LocalCMCTests" time="0.0"/>
  <testcase name="TestALotOfAdding" classname="LocalCMCTests" time="0.001"/>
  <testcase name="TestALotOfAdding" classname="LocalCMCTests" time="0.001"/>
  <testcase name="TestALotOfAdding" classname="LocalCMCTests" time="0.0"/>
  <testcase name="TestALotOfAdding" classname="LocalCMCTests" time="0.001"/>
  <testcase name="TestALotOfAdding" classname="LocalCMCTests" time="0.001"/>
  <testcase name="TestALotOfAdding" classname="LocalCMCTests" time="0.001"/>
  <testcase name="TestALotOfAdding" classname="LocalCMCTests" time="0.0"/>
  <testcase name="TestALotOfAdding" classname="LocalCMCTests" time="0.0"/>
  <testcase name="TestALotOfAdding" classname="LocalCMCTests" time="0.0"/>
  <testcase name="TestALotOfAdding" classname="LocalCMCTests" time="0.001"/>
  <testcase name="TestALotOfAdding" classname="LocalCMCTests" time="0.0"/>
  <testcase name="TestALotOfAdding" classname="LocalCMCTests" time="0.002"/>
  <testcase name="TestALotOfAdding" classname="LocalCMCTests" time="0.001"/>
  <testcase name="TestALotOfAdding" classname="LocalCMCTests" time="0.002"/>
  <testcase name="TestALotOfAdding" classname="LocalCMCTests" time="0.001"/>
  <testcase name="TestALotOfAdding" classname="LocalCMCTests" time="0.001"/>
  <testcase name="TestALotOfAdding" classname="LocalCMCTests" time="0.0"/>
  <testcase name="TestALotOfAdding" classname="LocalCMCTests" time="0.0"/>
  <testcase name="TestALotOfAdding" classname="LocalCMCTests" time="0.0"/>
  <testcase name="TestALotOfAdding" classname="LocalCMCTests" time="0.0"/>
  <testcase name="TestALotOfAdding" classname="LocalCMCTests" time="0.0"/>
  <testcase name="TestALotOfAdding" classname="LocalCMCTests" time="0.0"/>
  <testcase name="TestALotOfAdding" classname="LocalCMCTests" time="0.001"/>
  <testcase name="TestALotOfAdding" classname="LocalCMCTests" time="0.001"/>
  <testcase name="TestALotOfAdding" classname="LocalCMCTests" time="0.001"/>
  <testcase name="TestALotOfAdding" classname="LocalCMCTests" time="0.001"/>
  <testcase name="TestALotOfAdding" classname="LocalCMCTests" time="0.0"/>
  <testcase name="TestALotOfAdding" classname="LocalCMCTests" time="0.001"/>
  <testcase name="TestALotOfAdding" classname="LocalCMCTests" time="0.001"/>
  <testcase name="TestALotOfAdding" classname="LocalCMCTests" time="0.001"/>
  <testcase name="TestALotOfAdding" classname="LocalCMCTests" time="0.001"/>
  <testcase name="TestALotOfAdding" classname="LocalCMCTests" time="0.001"/>
  <testcase name="TestALotOfAdding" classname="LocalCMCTests" time="0.0"/>
  <testcase name="TestALotOfAdding" classname="LocalCMCTests" time="0.001"/>
  <testcase name="TestALotOfAdding" classname="LocalCMCTests" time="0.0"/>
  <testcase name="TestALotOfAdding" classname="LocalCMCTests" time="0.001"/>
  <testcase name="TestALotOfAdding" classname="LocalCMCTests" time="0.0"/>
  <testcase name="TestALotOfAdding" classname="LocalCMCTests" time="0.0"/>
  <testcase name="TestALotOfAdding" classname="LocalCMCTests" time="0.001"/>
  <testcase name="TestALotOfAdding" classname="LocalCMCTests" time="0.0"/>
  <testcase name="TestALotOfAdding" classname="LocalCMCTests" time="0.0"/>
  <testcase name="TestALotOfAdding" classname="LocalCMCTests" time="0.0"/>
  <testcase name="TestALotOfAdding" classname="LocalCMCTests" time="0.001"/>
  <testcase name="TestALotOfAdding" classname="LocalCMCTests" time="0.001"/>
  <testcase name="TestALotOfAdding" classname="LocalCMCTests" time="0.001"/>
  <testcase name="TestALotOfAdding" classname="LocalCMCTests" time="0.001"/>
  <testcase name="TestALotOfAdding" classname="LocalCMCTests" time="0.001"/>
  <testcase name="TestALotOfAdding" classname="LocalCMCTests" time="0.001"/>
  <testcase name="TestALotOfAdding" classname="LocalCMCTests" time="0.001"/>
  <testcase name="TestALotOfAdding" classname="LocalCMCTests" time="0.001"/>
  <testcase name="TestALotOfAdding" classname="LocalCMCTests" time="0.0"/>
  <testcase name="TestALotOfAdding" classname="LocalCMCTests" time="0.001"/>
  <testcase name="TestALotOfAdding" classname="LocalCMCTests" time="0.0"/>
  <testcase name="TestALotOfAdding" classname="LocalCMCTests" time="0.0"/>
  <testcase name="TestALotOfAdding" classname="LocalCMCTests" time="0.0"/>
  <testcase name="TestALotOfAdding" classname="LocalCMCTests" time="0.0"/>
  <testcase name="TestALotOfAdding" classname="LocalCMCTests" time="0.0"/>
  <testcase name="TestALotOfAdding" classname="LocalCMCTests" time="0.001"/>
  <testcase name="TestALotOfAdding" classname="LocalCMCTests" time="0.0"/>
  <testcase name="TestALotOfAdding" classname="LocalCMCTests" time="0.0"/>
  <testcase name="TestALotOfAdding" classname="LocalCMCTests" time="0.0"/>
  <testcase name="TestALotOfAdding" classname="LocalCMCTests" time="0.002"/>
  <testcase name="TestALotOfAdding" classname="LocalCMCTests" time="0.001"/>
  <testcase name="TestALotOfAdding" classname="LocalCMCTests" time="0.001"/>
  <testcase name="TestALotOfAdding" classname="LocalCMCTests" time="0.0"/>
  <testcase name="TestALotOfAdding" classname="LocalCMCTests" time="0.001"/>
  <testcase name="TestALotOfAdding" classname="LocalCMCTests" time="0.001"/>
  <testcase name="TestALotOfAdding" classname="LocalCMCTests" time="0.001"/>
  <testcase name="TestALotOfAdding" classname="LocalCMCTests" time="0.001"/>
  <testcase name="TestALotOfAdding" classname="LocalCMCTests" time="0.0"/>
  <testcase name="TestALotOfAdding" classname="LocalCMCTests" time="0.002"/>
  <testcase name="TestALotOfAdding" classname="LocalCMCTests" time="0.0"/>
  <testcase name="TestALotOfAdding" classname="LocalCMCTests" time="0.0"/>
  <testcase name="TestALotOfAdding" classname="LocalCMCTests" time="0.0"/>
  <testcase name="TestALotOfAdding" classname="LocalCMCTests" time="0.001"/>
  <testcase name="TestALotOfAdding" classname="LocalCMCTests" time="0.001"/>
  <testcase name="TestALotOfAdding" classname="LocalCMCTests" time="0.001"/>
  <testcase name="TestALotOfAdding" classname="LocalCMCTests" time="0.0"/>
  <testcase name="TestALotOfAdding" classname="LocalCMCTests" time="0.0"/>
  <testcase name="TestALotOfAdding" classname="LocalCMCTests" time="0.0"/>
  <testcase name="TestALotOfAdding" classname="LocalCMCTests" time="0.001"/>
  <testcase name="TestALotOfAdding" classname="LocalCMCTests" time="0.001"/>
  <testcase name="TestALotOfAdding" classname="LocalCMCTests" time="0.0"/>
  <testcase name="TestALotOfAdding" classname="LocalCMCTests" time="0.001"/>
  <testcase name="TestALotOfAdding" classname="LocalCMCTests" time="0.001"/>
  <testcase name="TestALotOfAdding" classname="LocalCMCTests" time="0.001"/>
  <testcase name="TestALotOfAdding" classname="LocalCMCTests" time="0.0"/>
  <testcase name="TestALotOfAdding" classname="LocalCMCTests" time="0.0"/>
  <testcase name="TestALotOfAdding" classname="LocalCMCTests" time="0.0"/>
  <testcase name="TestALotOfAdding" classname="LocalCMCTests" time="0.0"/>
  <testcase name="TestALotOfAdding" classname="LocalCMCTests" time="0.001"/>
  <testcase name="TestALotOfAdding" classname="LocalCMCTests" time="0.0"/>
  <testcase name="TestALotOfAdding" classname="LocalCMCTests" time="0.002"/>
  <testcase name="TestALotOfAdding" classname="LocalCMCTests" time="0.002"/>
  <testcase name="TestALotOfAdding" classname="LocalCMCTests" time="0.0"/>
  <testcase name="TestALotOfAdding" classname="LocalCMCTests" time="0.001"/>
  <testcase name="TestALotOfAdding" classname="LocalCMCTests" time="0.001"/>
  <testcase name="TestALotOfAdding" classname="LocalCMCTests" time="0.001"/>
  <testcase name="TestALotOfAdding" classname="LocalCMCTests" time="0.001"/>
  <testcase name="TestALotOfAdding" classname="LocalCMCTests" time="0.0"/>
  <testcase name="TestALotOfAdding" classname="LocalCMCTests" time="0.001"/>
  <testcase name="TestALotOfAdding" classname="LocalCMCTests" time="0.0"/>
  <testcase name="TestALotOfAdding" classname="LocalCMCTests" time="0.001"/>
  <testcase name="TestALotOfAdding" classname="LocalCMCTests" time="0.0"/>
  <testcase name="TestALotOfAdding" classname="LocalCMCTests" time="0.0"/>
  <testcase name="TestALotOfAdding" classname="LocalCMCTests" time="0.0"/>
  <testcase name="TestALotOfAdding" classname="LocalCMCTests" time="0.0"/>
  <testcase name="TestALotOfAdding" classname="LocalCMCTests" time="0.0"/>
  <testcase name="TestALotOfAdding" classname="LocalCMCTests" time="0.001"/>
  <testcase name="TestALotOfAdding" classname="LocalCMCTests" time="0.0"/>
  <testcase name="TestALotOfAdding" classname="LocalCMCTests" time="0.0"/>
  <testcase name="TestALotOfAdding" classname="LocalCMCTests" time="0.001"/>
  <testcase name="TestALotOfAdding" classname="LocalCMCTests" time="0.001"/>
  <testcase name="TestALotOfAdding" classname="LocalCMCTests" time="0.001"/>
  <testcase name="TestALotOfAdding" classname="LocalCMCTests" time="0.001"/>
  <testcase name="TestALotOfAdding" classname="LocalCMCTests" time="0.001"/>
  <testcase name="TestALotOfAdding" classname="LocalCMCTests" time="0.003"/>
  <testcase name="TestALotOfAdding" classname="LocalCMCTests" time="0.001"/>
  <testcase name="TestALotOfAdding" classname="LocalCMCTests" time="0.001"/>
  <testcase name="TestALotOfAdding" classname="LocalCMCTests" time="0.0"/>
  <testcase name="TestALotOfAdding" classname="LocalCMCTests" time="0.0"/>
  <testcase name="TestALotOfAdding" classname="LocalCMCTests" time="0.0"/>
  <testcase name="TestALotOfAdding" classname="LocalCMCTests" time="0.0"/>
  <testcase name="TestALotOfAdding" classname="LocalCMCTests" time="0.0"/>
  <testcase name="TestALotOfAdding" classname="LocalCMCTests" time="0.0"/>
  <testcase name="TestALotOfAdding" classname="LocalCMCTests" time="0.0"/>
  <testcase name="TestALotOfAdding" classname="LocalCMCTests" time="0.0"/>
  <testcase name="TestALotOfAdding" classname="LocalCMCTests" time="0.0"/>
  <testcase name="TestALotOfAdding" classname="LocalCMCTests" time="0.001"/>
  <testcase name="TestALotOfAdding" classname="LocalCMCTests" time="0.001"/>
  <testcase name="TestALotOfAdding" classname="LocalCMCTests" time="0.001"/>
  <testcase name="TestALotOfAdding" classname="LocalCMCTests" time="0.001"/>
  <testcase name="TestALotOfAdding" classname="LocalCMCTests" time="0.001"/>
  <testcase name="TestALotOfAdding" classname="LocalCMCTests" time="0.001"/>
  <testcase name="TestALotOfAdding" classname="LocalCMCTests" time="0.001"/>
  <testcase name="TestALotOfAdding" classname="LocalCMCTests" time="0.001"/>
  <testcase name="TestALotOfAdding" classname="LocalCMCTests" time="0.001"/>
  <testcase name="TestALotOfAdding" classname="LocalCMCTests" time="0.001"/>
  <testcase name="TestALotOfAdding" classname="LocalCMCTests" time="0.0"/>
  <testcase name="TestALotOfAdding" classname="LocalCMCTests" time="0.0"/>
  <testcase name="TestALotOfAdding" classname="LocalCMCTests" time="0.0"/>
  <testcase name="TestALotOfAdding" classname="LocalCMCTests" time="0.0"/>
  <testcase name="TestALotOfAdding" classname="LocalCMCTests" time="0.0"/>
  <testcase name="TestALotOfAdding" classname="LocalCMCTests" time="0.0"/>
  <testcase name="TestALotOfAdding" classname="LocalCMCTests" time="0.0"/>
  <testcase name="TestALotOfAdding" classname="LocalCMCTests" time="0.001"/>
  <testcase name="TestALotOfAdding" classname="LocalCMCTests" time="0.001"/>
  <testcase name="TestALotOfAdding" classname="LocalCMCTests" time="0.001"/>
  <testcase name="TestALotOfAdding" classname="LocalCMCTests" time="0.001"/>
  <testcase name="TestALotOfAdding" classname="LocalCMCTests" time="0.001"/>
  <testcase name="TestALotOfAdding" classname="LocalCMCTests" time="0.0"/>
  <testcase name="TestALotOfAdding" classname="LocalCMCTests" time="0.001"/>
  <testcase name="TestALotOfAdding" classname="LocalCMCTests" time="0.001"/>
  <testcase name="TestALotOfAdding" classname="LocalCMCTests" time="0.0"/>
  <testcase name="TestALotOfAdding" classname="LocalCMCTests" time="0.0"/>
  <testcase name="TestALotOfAdding" classname="LocalCMCTests" time="0.0"/>
  <testcase name="TestALotOfAdding" classname="LocalCMCTests" time="0.0"/>
  <testcase name="TestALotOfAdding" classname="LocalCMCTests" time="0.001"/>
  <testcase name="TestALotOfAdding" classname="LocalCMCTests" time="0.001"/>
  <testcase name="TestALotOfAdding" classname="LocalCMCTests" time="0.002"/>
  <testcase name="TestALotOfAdding" classname="LocalCMCTests" time="0.001"/>
  <testcase name="TestALotOfAdding" classname="LocalCMCTests" time="0.002"/>
  <testcase name="TestALotOfAdding" classname="LocalCMCTests" time="0.0"/>
  <testcase name="TestALotOfAdding" classname="LocalCMCTests" time="0.0"/>
  <testcase name="TestALotOfAdding" classname="LocalCMCTests" time="0.0"/>
  <testcase name="TestALotOfAdding" classname="LocalCMCTests" time="0.001"/>
  <testcase name="TestALotOfAdding" classname="LocalCMCTests" time="0.0"/>
  <testcase name="TestALotOfAdding" classname="LocalCMCTests" time="0.001"/>
  <testcase name="TestALotOfAdding" classname="LocalCMCTests" time="0.001"/>
  <testcase name="TestALotOfAdding" classname="LocalCMCTests" time="0.001"/>
  <testcase name="TestALotOfAdding" classname="LocalCMCTests" time="0.0"/>
  <testcase name="TestALotOfAdding" classname="LocalCMCTests" time="0.001"/>
  <testcase name="TestALotOfAdding" classname="LocalCMCTests" time="0.0"/>
  <testcase name="TestALotOfAdding" classname="LocalCMCTests" time="0.0"/>
  <testcase name="TestALotOfAdding" classname="LocalCMCTests" time="0.0"/>
  <testcase name="TestALotOfAdding" classname="LocalCMCTests" time="0.001"/>
  <testcase name="TestALotOfAdding" classname="LocalCMCTests" time="0.001"/>
  <testcase name="TestALotOfAdding" classname="LocalCMCTests" time="0.001"/>
  <testcase name="TestALotOfAdding" classname="LocalCMCTests" time="0.001"/>
  <testcase name="TestALotOfAdding" classname="LocalCMCTests" time="0.001"/>
  <testcase name="TestALotOfAdding" classname="LocalCMCTests" time="0.0"/>
  <testcase name="TestALotOfAdding" classname="LocalCMCTests" time="0.001"/>
  <testcase name="TestALotOfAdding" classname="LocalCMCTests" time="0.001"/>
  <testcase name="TestALotOfAdding" classname="LocalCMCTests" time="0.0"/>
  <testcase name="TestALotOfAdding" classname="LocalCMCTests" time="0.0"/>
  <testcase name="TestALotOfAdding" classname="LocalCMCTests" time="0.001"/>
  <testcase name="TestALotOfAdding" classname="LocalCMCTests" time="0.0"/>
  <testcase name="TestALotOfAdding" classname="LocalCMCTests" time="0.001"/>
  <testcase name="TestALotOfAdding" classname="LocalCMCTests" time="0.0"/>
  <testcase name="TestALotOfAdding" classname="LocalCMCTests" time="0.001"/>
  <testcase name="TestALotOfAdding" classname="LocalCMCTests" time="0.0"/>
  <testcase name="TestALotOfAdding" classname="LocalCMCTests" time="0.002"/>
  <testcase name="TestALotOfAdding" classname="LocalCMCTests" time="0.0"/>
  <testcase name="TestALotOfAdding" classname="LocalCMCTests" time="0.0"/>
  <testcase name="TestALotOfAdding" classname="LocalCMCTests" time="0.001"/>
  <testcase name="TestALotOfAdding" classname="LocalCMCTests" time="0.001"/>
  <testcase name="TestALotOfAdding" classname="LocalCMCTests" time="0.001"/>
  <testcase name="TestALotOfAdding" classname="LocalCMCTests" time="0.001"/>
  <testcase name="TestALotOfAdding" classname="LocalCMCTests" time="0.001"/>
  <testcase name="TestALotOfAdding" classname="LocalCMCTests" time="0.001"/>
  <testcase name="TestALotOfAdding" classname="LocalCMCTests" time="0.001"/>
  <testcase name="TestALotOfAdding" classname="LocalCMCTests" time="0.0"/>
  <testcase name="TestALotOfAdding" classname="LocalCMCTests" time="0.0"/>
  <testcase name="TestALotOfAdding" classname="LocalCMCTests" time="0.0"/>
  <testcase name="TestALotOfAdding" classname="LocalCMCTests" time="0.0"/>
  <testcase name="TestALotOfAdding" classname="LocalCMCTests" time="0.0"/>
  <testcase name="TestALotOfAdding" classname="LocalCMCTests" time="0.001"/>
  <testcase name="TestALotOfAdding" classname="LocalCMCTests" time="0.0"/>
  <testcase name="TestALotOfAdding" classname="LocalCMCTests" time="0.001"/>
  <testcase name="TestALotOfAdding" classname="LocalCMCTests" time="0.001"/>
  <testcase name="TestALotOfAdding" classname="LocalCMCTests" time="0.0"/>
  <testcase name="TestALotOfAdding" classname="LocalCMCTests" time="0.001"/>
  <testcase name="TestALotOfAdding" classname="LocalCMCTests" time="0.0"/>
  <testcase name="TestALotOfAdding" classname="LocalCMCTests" time="0.0"/>
  <testcase name="TestALotOfAdding" classname="LocalCMCTests" time="0.0"/>
  <testcase name="TestALotOfAdding" classname="LocalCMCTests" time="0.0"/>
  <testcase name="TestALotOfAdding" classname="LocalCMCTests" time="0.001"/>
  <testcase name="TestALotOfAdding" classname="LocalCMCTests" time="0.001"/>
  <testcase name="TestALotOfAdding" classname="LocalCMCTests" time="0.001"/>
  <testcase name="TestALotOfAdding" classname="LocalCMCTests" time="0.0"/>
  <testcase name="TestALotOfAdding" classname="LocalCMCTests" time="0.0"/>
  <testcase name="TestALotOfAdding" classname="LocalCMCTests" time="0.001"/>
  <testcase name="TestALotOfAdding" classname="LocalCMCTests" time="0.002"/>
  <testcase name="TestALotOfAdding" classname="LocalCMCTests" time="0.0"/>
  <testcase name="TestALotOfAdding" classname="LocalCMCTests" time="0.001"/>
  <testcase name="TestALotOfAdding" classname="LocalCMCTests" time="0.001"/>
  <testcase name="TestALotOfAdding" classname="LocalCMCTests" time="0.001"/>
  <testcase name="TestALotOfAdding" classname="LocalCMCTests" time="0.001"/>
  <testcase name="TestALotOfAdding" classname="LocalCMCTests" time="0.001"/>
  <testcase name="TestALotOfAdding" classname="LocalCMCTests" time="0.001"/>
  <testcase name="TestALotOfAdding" classname="LocalCMCTests" time="0.001"/>
  <testcase name="TestALotOfAdding" classname="LocalCMCTests" time="0.0"/>
  <testcase name="TestALotOfAdding" classname="LocalCMCTests" time="0.0"/>
  <testcase name="TestALotOfAdding" classname="LocalCMCTests" time="0.0"/>
  <testcase name="TestALotOfAdding" classname="LocalCMCTests" time="0.0"/>
  <testcase name="TestALotOfAdding" classname="LocalCMCTests" time="0.0"/>
  <testcase name="TestALotOfAdding" classname="LocalCMCTests" time="0.0"/>
  <testcase name="TestALotOfAdding" classname="LocalCMCTests" time="0.0"/>
  <testcase name="TestALotOfAdding" classname="LocalCMCTests" time="0.002"/>
  <testcase name="TestALotOfAdding" classname="LocalCMCTests" time="0.001"/>
  <testcase name="TestALotOfAdding" classname="LocalCMCTests" time="0.001"/>
  <testcase name="TestALotOfAdding" classname="LocalCMCTests" time="0.001"/>
  <testcase name="TestALotOfAdding" classname="LocalCMCTests" time="0.001"/>
  <testcase name="TestALotOfAdding" classname="LocalCMCTests" time="0.001"/>
  <testcase name="TestALotOfAdding" classname="LocalCMCTests" time="0.001"/>
  <testcase name="TestALotOfAdding" classname="LocalCMCTests" time="0.0"/>
  <testcase name="TestALotOfAdding" classname="LocalCMCTests" time="0.0"/>
  <testcase name="TestALotOfAdding" classname="LocalCMCTests" time="0.001"/>
  <testcase name="TestALotOfAdding" classname="LocalCMCTests" time="0.001"/>
  <testcase name="TestALotOfAdding" classname="LocalCMCTests" time="0.0"/>
  <testcase name="TestALotOfAdding" classname="LocalCMCTests" time="0.0"/>
  <testcase name="TestALotOfAdding" classname="LocalCMCTests" time="0.0"/>
  <testcase name="TestALotOfAdding" classname="LocalCMCTests" time="0.0"/>
  <testcase name="TestALotOfAdding" classname="LocalCMCTests" time="0.0"/>
  <testcase name="TestALotOfAdding" classname="LocalCMCTests" time="0.001"/>
  <testcase name="TestALotOfAdding" classname="LocalCMCTests" time="0.0"/>
  <testcase name="TestALotOfAdding" classname="LocalCMCTests" time="0.001"/>
  <testcase name="TestALotOfAdding" classname="LocalCMCTests" time="0.001"/>
  <testcase name="TestALotOfAdding" classname="LocalCMCTests" time="0.001"/>
  <testcase name="TestALotOfAdding" classname="LocalCMCTests" time="0.0"/>
  <testcase name="TestALotOfAdding" classname="LocalCMCTests" time="0.001"/>
  <testcase name="TestALotOfAdding" classname="LocalCMCTests" time="0.0"/>
  <testcase name="TestALotOfAdding" classname="LocalCMCTests" time="0.0"/>
  <testcase name="TestALotOfAdding" classname="LocalCMCTests" time="0.0"/>
  <testcase name="TestALotOfAdding" classname="LocalCMCTests" time="0.001"/>
  <testcase name="TestALotOfAdding" classname="LocalCMCTests" time="0.0"/>
  <testcase name="TestALotOfAdding" classname="LocalCMCTests" time="0.0"/>
  <testcase name="TestALotOfAdding" classname="LocalCMCTests" time="0.001"/>
  <testcase name="TestALotOfAdding" classname="LocalCMCTests" time="0.001"/>
  <testcase name="TestALotOfAdding" classname="LocalCMCTests" time="0.001"/>
  <testcase name="TestALotOfAdding" classname="LocalCMCTests" time="0.0"/>
  <testcase name="TestALotOfAdding" classname="LocalCMCTests" time="0.0"/>
  <testcase name="TestALotOfAdding" classname="LocalCMCTests" time="0.0"/>
  <testcase name="TestALotOfAdding" classname="LocalCMCTests" time="0.002"/>
  <testcase name="TestALotOfAdding" classname="LocalCMCTests" time="0.0"/>
  <testcase name="TestALotOfAdding" classname="LocalCMCTests" time="0.001"/>
  <testcase name="TestALotOfAdding" classname="LocalCMCTests" time="0.001"/>
  <testcase name="TestALotOfAdding" classname="LocalCMCTests" time="0.001"/>
  <testcase name="TestALotOfAdding" classname="LocalCMCTests" time="0.0"/>
  <testcase name="TestALotOfAdding" classname="LocalCMCTests" time="0.0"/>
  <testcase name="TestALotOfAdding" classname="LocalCMCTests" time="0.0"/>
  <testcase name="TestALotOfAdding" classname="LocalCMCTests" time="0.001"/>
  <testcase name="TestALotOfAdding" classname="LocalCMCTests" time="0.001"/>
  <testcase name="TestALotOfAdding" classname="LocalCMCTests" time="0.001"/>
  <testcase name="TestALotOfAdding" classname="LocalCMCTests" time="0.001"/>
  <testcase name="TestALotOfAdding" classname="LocalCMCTests" time="0.0"/>
  <testcase name="TestALotOfAdding" classname="LocalCMCTests" time="0.0"/>
  <testcase name="TestALotOfAdding" classname="LocalCMCTests" time="0.002"/>
  <testcase name="TestALotOfAdding" classname="LocalCMCTests" time="0.001"/>
  <testcase name="TestALotOfAdding" classname="LocalCMCTests" time="0.0"/>
  <testcase name="TestALotOfAdding" classname="LocalCMCTests" time="0.001"/>
  <testcase name="TestALotOfAdding" classname="LocalCMCTests" time="0.001"/>
  <testcase name="TestALotOfAdding" classname="LocalCMCTests" time="0.0"/>
  <testcase name="TestALotOfAdding" classname="LocalCMCTests" time="0.001"/>
  <testcase name="TestALotOfAdding" classname="LocalCMCTests" time="0.001"/>
  <testcase name="TestALotOfAdding" classname="LocalCMCTests" time="0.001"/>
  <testcase name="TestALotOfAdding" classname="LocalCMCTests" time="0.0"/>
  <testcase name="TestALotOfAdding" classname="LocalCMCTests" time="0.001"/>
  <testcase name="TestALotOfAdding" classname="LocalCMCTests" time="0.0"/>
  <testcase name="TestALotOfAdding" classname="LocalCMCTests" time="0.0"/>
  <testcase name="TestALotOfAdding" classname="LocalCMCTests" time="0.0"/>
  <testcase name="TestALotOfAdding" classname="LocalCMCTests" time="0.0"/>
  <testcase name="TestALotOfAdding" classname="LocalCMCTests" time="0.0"/>
  <testcase name="TestALotOfAdding" classname="LocalCMCTests" time="0.0"/>
  <testcase name="TestALotOfAdding" classname="LocalCMCTests" time="0.001"/>
  <testcase name="TestALotOfAdding" classname="LocalCMCTests" time="0.002"/>
  <testcase name="TestALotOfAdding" classname="LocalCMCTests" time="0.001"/>
  <testcase name="TestALotOfAdding" classname="LocalCMCTests" time="0.001"/>
  <testcase name="TestALotOfAdding" classname="LocalCMCTests" time="0.001"/>
  <testcase name="TestALotOfAdding" classname="LocalCMCTests" time="0.0"/>
  <testcase name="TestALotOfAdding" classname="LocalCMCTests" time="0.001"/>
  <testcase name="TestALotOfAdding" classname="LocalCMCTests" time="0.001"/>
  <testcase name="TestALotOfAdding" classname="LocalCMCTests" time="0.001"/>
  <testcase name="TestALotOfAdding" classname="LocalCMCTests" time="0.0"/>
  <testcase name="TestALotOfAdding" classname="LocalCMCTests" time="0.001"/>
  <testcase name="TestALotOfAdding" classname="LocalCMCTests" time="0.0"/>
  <testcase name="TestALotOfAdding" classname="LocalCMCTests" time="0.001"/>
  <testcase name="TestALotOfAdding" classname="LocalCMCTests" time="0.0"/>
  <testcase name="TestALotOfAdding" classname="LocalCMCTests" time="0.0"/>
  <testcase name="TestALotOfAdding" classname="LocalCMCTests" time="0.001"/>
  <testcase name="TestALotOfAdding" classname="LocalCMCTests" time="0.0"/>
  <testcase name="TestALotOfAdding" classname="LocalCMCTests" time="0.001"/>
  <testcase name="TestALotOfAdding" classname="LocalCMCTests" time="0.001"/>
  <testcase name="TestALotOfAdding" classname="LocalCMCTests" time="0.001"/>
  <testcase name="TestALotOfAdding" classname="LocalCMCTests" time="0.0"/>
  <testcase name="TestALotOfAdding" classname="LocalCMCTests" time="0.0"/>
  <testcase name="TestALotOfAdding" classname="LocalCMCTests" time="0.001"/>
  <testcase name="TestALotOfAdding" classname="LocalCMCTests" time="0.001"/>
  <testcase name="TestALotOfAdding" classname="LocalCMCTests" time="0.001"/>
  <testcase name="TestALotOfAdding" classname="LocalCMCTests" time="0.0"/>
  <testcase name="TestALotOfAdding" classname="LocalCMCTests" time="0.001"/>
  <testcase name="TestALotOfAdding" classname="LocalCMCTests" time="0.001"/>
  <testcase name="TestALotOfAdding" classname="LocalCMCTests" time="0.0"/>
  <testcase name="TestALotOfAdding" classname="LocalCMCTests" time="0.0"/>
  <testcase name="TestALotOfAdding" classname="LocalCMCTests" time="0.001"/>
  <testcase name="TestALotOfAdding" classname="LocalCMCTests" time="0.001"/>
  <testcase name="TestALotOfAdding" classname="LocalCMCTests" time="0.0"/>
  <testcase name="TestALotOfAdding" classname="LocalCMCTests" time="0.001"/>
  <testcase name="TestALotOfAdding" classname="LocalCMCTests" time="0.001"/>
  <testcase name="TestALotOfAdding" classname="LocalCMCTests" time="0.001"/>
  <testcase name="TestALotOfAdding" classname="LocalCMCTests" time="0.001"/>
  <testcase name="TestALotOfAdding" classname="LocalCMCTests" time="0.0"/>
  <testcase name="TestALotOfAdding" classname="LocalCMCTests" time="0.0"/>
  <testcase name="TestALotOfAdding" classname="LocalCMCTests" time="0.001"/>
  <testcase name="TestALotOfAdding" classname="LocalCMCTests" time="0.0"/>
  <testcase name="TestALotOfAdding" classname="LocalCMCTests" time="0.001"/>
  <testcase name="TestALotOfAdding" classname="LocalCMCTests" time="0.001"/>
  <testcase name="TestALotOfAdding" classname="LocalCMCTests" time="0.001"/>
  <testcase name="TestALotOfAdding" classname="LocalCMCTests" time="0.001"/>
  <testcase name="TestALotOfAdding" classname="LocalCMCTests" time="0.001"/>
  <testcase name="TestALotOfAdding" classname="LocalCMCTests" time="0.001"/>
  <testcase name="TestALotOfAdding" classname="LocalCMCTests" time="0.002"/>
  <testcase name="TestALotOfAdding" classname="LocalCMCTests" time="0.001"/>
  <testcase name="TestALotOfAdding" classname="LocalCMCTests" time="0.0"/>
  <testcase name="TestALotOfAdding" classname="LocalCMCTests" time="0.001"/>
  <testcase name="TestALotOfAdding" classname="LocalCMCTests" time="0.001"/>
  <testcase name="TestALotOfAdding" classname="LocalCMCTests" time="0.0"/>
  <testcase name="TestALotOfAdding" classname="LocalCMCTests" time="0.0"/>
  <testcase name="TestALotOfAdding" classname="LocalCMCTests" time="0.001"/>
  <testcase name="TestALotOfAdding" classname="LocalCMCTests" time="0.0"/>
  <testcase name="TestALotOfAdding" classname="LocalCMCTests" time="0.0"/>
  <testcase name="TestALotOfAdding" classname="LocalCMCTests" time="0.0"/>
  <testcase name="TestALotOfAdding" classname="LocalCMCTests" time="0.001"/>
  <testcase name="TestALotOfAdding" classname="LocalCMCTests" time="0.001"/>
  <testcase name="TestALotOfAdding" classname="LocalCMCTests" time="0.0"/>
  <testcase name="TestALotOfAdding" classname="LocalCMCTests" time="0.001"/>
  <testcase name="TestALotOfAdding" classname="LocalCMCTests" time="0.0"/>
  <testcase name="TestALotOfAdding" classname="LocalCMCTests" time="0.001"/>
  <testcase name="TestALotOfAdding" classname="LocalCMCTests" time="0.001"/>
  <testcase name="TestALotOfAdding" classname="LocalCMCTests" time="0.001"/>
  <testcase name="TestALotOfAdding" classname="LocalCMCTests" time="0.0"/>
  <testcase name="TestALotOfAdding" classname="LocalCMCTests" time="0.001"/>
  <testcase name="TestALotOfAdding" classname="LocalCMCTests" time="0.0"/>
  <testcase name="TestALotOfAdding" classname="LocalCMCTests" time="0.001"/>
  <testcase name="TestALotOfAdding" classname="LocalCMCTests" time="0.0"/>
  <testcase name="TestALotOfAdding" classname="LocalCMCTests" time="0.0"/>
  <testcase name="TestALotOfAdding" classname="LocalCMCTests" time="0.001"/>
  <testcase name="TestALotOfAdding" classname="LocalCMCTests" time="0.001"/>
  <testcase name="TestALotOfAdding" classname="LocalCMCTests" time="0.002"/>
  <testcase name="TestALotOfAdding" classname="LocalCMCTests" time="0.002"/>
  <testcase name="TestALotOfAdding" classname="LocalCMCTests" time="0.002"/>
  <testcase name="TestALotOfAdding" classname="LocalCMCTests" time="0.001"/>
  <testcase name="TestALotOfAdding" classname="LocalCMCTests" time="0.001"/>
  <testcase name="TestALotOfAdding" classname="LocalCMCTests" time="0.001"/>
  <testcase name="TestALotOfAdding" classname="LocalCMCTests" time="0.001"/>
  <testcase name="TestALotOfAdding" classname="LocalCMCTests" time="0.001"/>
  <testcase name="TestALotOfAdding" classname="LocalCMCTests" time="0.001"/>
  <testcase name="TestALotOfAdding" classname="LocalCMCTests" time="0.001"/>
  <testcase name="TestALotOfAdding" classname="LocalCMCTests" time="0.0"/>
  <testcase name="TestALotOfAdding" classname="LocalCMCTests" time="0.0"/>
  <testcase name="TestALotOfAdding" classname="LocalCMCTests" time="0.001"/>
  <testcase name="TestALotOfAdding" classname="LocalCMCTests" time="0.0"/>
  <testcase name="TestALotOfAdding" classname="LocalCMCTests" time="0.001"/>
  <testcase name="TestALotOfAdding" classname="LocalCMCTests" time="0.002"/>
  <testcase name="TestALotOfAdding" classname="LocalCMCTests" time="0.001"/>
  <testcase name="TestALotOfAdding" classname="LocalCMCTests" time="0.0"/>
  <testcase name="TestALotOfAdding" classname="LocalCMCTests" time="0.0"/>
  <testcase name="TestALotOfAdding" classname="LocalCMCTests" time="0.0"/>
  <testcase name="TestALotOfAdding" classname="LocalCMCTests" time="0.0"/>
  <testcase name="TestALotOfAdding" classname="LocalCMCTests" time="0.001"/>
  <testcase name="TestALotOfAdding" classname="LocalCMCTests" time="0.001"/>
  <testcase name="TestALotOfAdding" classname="LocalCMCTests" time="0.0"/>
  <testcase name="TestALotOfAdding" classname="LocalCMCTests" time="0.001"/>
  <testcase name="TestALotOfAdding" classname="LocalCMCTests" time="0.001"/>
  <testcase name="TestALotOfAdding" classname="LocalCMCTests" time="0.001"/>
  <testcase name="TestALotOfAdding" classname="LocalCMCTests" time="0.0"/>
  <testcase name="TestALotOfAdding" classname="LocalCMCTests" time="0.0"/>
  <testcase name="TestALotOfAdding" classname="LocalCMCTests" time="0.001"/>
  <testcase name="TestALotOfAdding" classname="LocalCMCTests" time="0.0"/>
  <testcase name="TestALotOfAdding" classname="LocalCMCTests" time="0.001"/>
  <testcase name="TestALotOfAdding" classname="LocalCMCTests" time="0.001"/>
  <testcase name="TestALotOfAdding" classname="LocalCMCTests" time="0.001"/>
  <testcase name="TestALotOfAdding" classname="LocalCMCTests" time="0.0"/>
  <testcase name="TestALotOfAdding" classname="LocalCMCTests" time="0.0"/>
  <testcase name="TestALotOfAdding" classname="LocalCMCTests" time="0.0"/>
  <testcase name="TestALotOfAdding" classname="LocalCMCTests" time="0.0"/>
  <testcase name="TestALotOfAdding" classname="LocalCMCTests" time="0.0"/>
  <testcase name="TestALotOfAdding" classname="LocalCMCTests" time="0.0"/>
  <testcase name="TestALotOfAdding" classname="LocalCMCTests" time="0.001"/>
  <testcase name="TestALotOfAdding" classname="LocalCMCTests" time="0.002"/>
  <testcase name="TestALotOfAdding" classname="LocalCMCTests" time="0.0"/>
  <testcase name="TestALotOfAdding" classname="LocalCMCTests" time="0.001"/>
  <testcase name="TestALotOfAdding" classname="LocalCMCTests" time="0.001"/>
  <testcase name="TestALotOfAdding" classname="LocalCMCTests" time="0.0"/>
  <testcase name="TestALotOfAdding" classname="LocalCMCTests" time="0.0"/>
  <testcase name="TestALotOfAdding" classname="LocalCMCTests" time="0.001"/>
  <testcase name="TestALotOfAdding" classname="LocalCMCTests" time="0.001"/>
  <testcase name="TestALotOfAdding" classname="LocalCMCTests" time="0.001"/>
  <testcase name="TestALotOfAdding" classname="LocalCMCTests" time="0.0"/>
  <testcase name="TestALotOfAdding" classname="LocalCMCTests" time="0.001"/>
  <testcase name="TestALotOfAdding" classname="LocalCMCTests" time="0.0"/>
  <testcase name="TestALotOfAdding" classname="LocalCMCTests" time="0.0"/>
  <testcase name="TestALotOfAdding" classname="LocalCMCTests" time="0.001"/>
  <testcase name="TestALotOfAdding" classname="LocalCMCTests" time="0.001"/>
  <testcase name="TestALotOfAdding" classname="LocalCMCTests" time="0.0"/>
  <testcase name="TestALotOfAdding" classname="LocalCMCTests" time="0.002"/>
  <testcase name="TestALotOfAdding" classname="LocalCMCTests" time="0.001"/>
  <testcase name="TestALotOfAdding" classname="LocalCMCTests" time="0.001"/>
  <testcase name="TestALotOfAdding" classname="LocalCMCTests" time="0.0"/>
  <testcase name="TestALotOfAdding" classname="LocalCMCTests" time="0.001"/>
  <testcase name="TestALotOfAdding" classname="LocalCMCTests" time="0.0"/>
  <testcase name="TestALotOfAdding" classname="LocalCMCTests" time="0.001"/>
  <testcase name="TestALotOfAdding" classname="LocalCMCTests" time="0.0"/>
  <testcase name="TestALotOfAdding" classname="LocalCMCTests" time="0.001"/>
  <testcase name="TestALotOfAdding" classname="LocalCMCTests" time="0.0"/>
  <testcase name="TestALotOfAdding" classname="LocalCMCTests" time="0.0"/>
  <testcase name="TestALotOfAdding" classname="LocalCMCTests" time="0.0"/>
  <testcase name="TestALotOfAdding" classname="LocalCMCTests" time="0.0"/>
  <testcase name="TestALotOfAdding" classname="LocalCMCTests" time="0.002"/>
  <testcase name="TestALotOfAdding" classname="LocalCMCTests" time="0.002"/>
  <testcase name="TestALotOfAdding" classname="LocalCMCTests" time="0.001"/>
  <testcase name="TestALotOfAdding" classname="LocalCMCTests" time="0.001"/>
  <testcase name="TestALotOfAdding" classname="LocalCMCTests" time="0.0"/>
  <testcase name="TestALotOfAdding" classname="LocalCMCTests" time="0.001"/>
  <testcase name="TestALotOfAdding" classname="LocalCMCTests" time="0.0"/>
  <testcase name="TestALotOfAdding" classname="LocalCMCTests" time="0.001"/>
  <testcase name="TestALotOfAdding" classname="LocalCMCTests" time="0.001"/>
  <testcase name="TestALotOfAdding" classname="LocalCMCTests" time="0.001"/>
  <testcase name="TestALotOfAdding" classname="LocalCMCTests" time="0.001"/>
  <testcase name="TestALotOfAdding" classname="LocalCMCTests" time="0.0"/>
  <testcase name="TestALotOfAdding" classname="LocalCMCTests" time="0.001"/>
  <testcase name="TestALotOfAdding" classname="LocalCMCTests" time="0.0"/>
  <testcase name="TestALotOfAdding" classname="LocalCMCTests" time="0.0"/>
  <testcase name="TestALotOfAdding" classname="LocalCMCTests" time="0.0"/>
  <testcase name="TestALotOfAdding" classname="LocalCMCTests" time="0.0"/>
  <testcase name="TestALotOfAdding" classname="LocalCMCTests" time="0.001"/>
  <testcase name="TestALotOfAdding" classname="LocalCMCTests" time="0.0"/>
  <testcase name="TestALotOfAdding" classname="LocalCMCTests" time="0.0"/>
  <testcase name="TestALotOfAdding" classname="LocalCMCTests" time="0.001"/>
  <testcase name="TestALotOfAdding" classname="LocalCMCTests" time="0.001"/>
  <testcase name="TestALotOfAdding" classname="LocalCMCTests" time="0.001"/>
  <testcase name="TestALotOfAdding" classname="LocalCMCTests" time="0.001"/>
  <testcase name="TestALotOfAdding" classname="LocalCMCTests" time="0.001"/>
  <testcase name="TestALotOfAdding" classname="LocalCMCTests" time="0.001"/>
  <testcase name="TestALotOfAdding" classname="LocalCMCTests" time="0.001"/>
  <testcase name="TestALotOfAdding" classname="LocalCMCTests" time="0.001"/>
  <testcase name="TestALotOfAdding" classname="LocalCMCTests" time="0.001"/>
  <testcase name="TestALotOfAdding" classname="LocalCMCTests" time="0.0"/>
  <testcase name="TestALotOfAdding" classname="LocalCMCTests" time="0.0"/>
  <testcase name="TestALotOfAdding" classname="LocalCMCTests" time="0.0"/>
  <testcase name="TestALotOfAdding" classname="LocalCMCTests" time="0.0"/>
  <testcase name="TestALotOfAdding" classname="LocalCMCTests" time="0.001"/>
  <testcase name="TestALotOfAdding" classname="LocalCMCTests" time="0.001"/>
  <testcase name="TestALotOfAdding" classname="LocalCMCTests" time="0.001"/>
  <testcase name="TestALotOfAdding" classname="LocalCMCTests" time="0.0"/>
  <testcase name="TestALotOfAdding" classname="LocalCMCTests" time="0.001"/>
  <testcase name="TestALotOfAdding" classname="LocalCMCTests" time="0.0"/>
  <testcase name="TestALotOfAdding" classname="LocalCMCTests" time="0.001"/>
  <testcase name="TestALotOfAdding" classname="LocalCMCTests" time="0.001"/>
  <testcase name="TestALotOfAdding" classname="LocalCMCTests" time="0.001"/>
  <testcase name="TestALotOfAdding" classname="LocalCMCTests" time="0.001"/>
  <testcase name="TestALotOfAdding" classname="LocalCMCTests" time="0.0"/>
  <testcase name="TestALotOfAdding" classname="LocalCMCTests" time="0.0"/>
  <testcase name="TestALotOfAdding" classname="LocalCMCTests" time="0.0"/>
  <testcase name="TestALotOfAdding" classname="LocalCMCTests" time="0.001"/>
  <testcase name="TestALotOfAdding" classname="LocalCMCTests" time="0.001"/>
  <testcase name="TestALotOfAdding" classname="LocalCMCTests" time="0.001"/>
  <testcase name="TestALotOfAdding" classname="LocalCMCTests" time="0.002"/>
  <testcase name="TestALotOfAdding" classname="LocalCMCTests" time="0.0"/>
  <testcase name="TestALotOfAdding" classname="LocalCMCTests" time="0.001"/>
  <testcase name="TestALotOfAdding" classname="LocalCMCTests" time="0.0"/>
  <testcase name="TestALotOfAdding" classname="LocalCMCTests" time="0.0"/>
  <testcase name="TestALotOfAdding" classname="LocalCMCTests" time="0.0"/>
  <testcase name="TestALotOfAdding" classname="LocalCMCTests" time="0.0"/>
  <testcase name="TestALotOfAdding" classname="LocalCMCTests" time="0.001"/>
  <testcase name="TestALotOfAdding" classname="LocalCMCTests" time="0.001"/>
  <testcase name="TestALotOfAdding" classname="LocalCMCTests" time="0.0"/>
  <testcase name="TestALotOfAdding" classname="LocalCMCTests" time="0.001"/>
  <testcase name="TestALotOfAdding" classname="LocalCMCTests" time="0.001"/>
  <testcase name="TestALotOfAdding" classname="LocalCMCTests" time="0.003"/>
  <testcase name="TestALotOfAdding" classname="LocalCMCTests" time="0.0"/>
  <testcase name="TestALotOfAdding" classname="LocalCMCTests" time="0.0"/>
  <testcase name="TestALotOfAdding" classname="LocalCMCTests" time="0.001"/>
  <testcase name="TestALotOfAdding" classname="LocalCMCTests" time="0.001"/>
  <testcase name="TestALotOfAdding" classname="LocalCMCTests" time="0.001"/>
  <testcase name="TestALotOfAdding" classname="LocalCMCTests" time="0.0"/>
  <testcase name="TestALotOfAdding" classname="LocalCMCTests" time="0.001"/>
  <testcase name="TestALotOfAdding" classname="LocalCMCTests" time="0.0"/>
  <testcase name="TestALotOfAdding" classname="LocalCMCTests" time="0.0"/>
  <testcase name="TestALotOfAdding" classname="LocalCMCTests" time="0.001"/>
  <testcase name="TestALotOfAdding" classname="LocalCMCTests" time="0.0"/>
  <testcase name="TestALotOfAdding" classname="LocalCMCTests" time="0.0"/>
  <testcase name="TestALotOfAdding" classname="LocalCMCTests" time="0.0"/>
  <testcase name="TestALotOfAdding" classname="LocalCMCTests" time="0.0"/>
  <testcase name="TestALotOfAdding" classname="LocalCMCTests" time="0.0"/>
  <testcase name="TestALotOfAdding" classname="LocalCMCTests" time="0.001"/>
  <testcase name="TestALotOfAdding" classname="LocalCMCTests" time="0.001"/>
  <testcase name="TestALotOfAdding" classname="LocalCMCTests" time="0.001"/>
  <testcase name="TestALotOfAdding" classname="LocalCMCTests" time="0.002"/>
  <testcase name="TestALotOfAdding" classname="LocalCMCTests" time="0.001"/>
  <testcase name="TestALotOfAdding" classname="LocalCMCTests" time="0.0"/>
  <testcase name="TestALotOfAdding" classname="LocalCMCTests" time="0.0"/>
  <testcase name="TestALotOfAdding" classname="LocalCMCTests" time="0.001"/>
  <testcase name="TestALotOfAdding" classname="LocalCMCTests" time="0.0"/>
  <testcase name="TestALotOfAdding" classname="LocalCMCTests" time="0.001"/>
  <testcase name="TestALotOfAdding" classname="LocalCMCTests" time="0.001"/>
  <testcase name="TestALotOfAdding" classname="LocalCMCTests" time="0.002"/>
  <testcase name="TestALotOfAdding" classname="LocalCMCTests" time="0.0"/>
  <testcase name="TestALotOfAdding" classname="LocalCMCTests" time="0.001"/>
  <testcase name="TestALotOfAdding" classname="LocalCMCTests" time="0.0"/>
  <testcase name="TestALotOfAdding" classname="LocalCMCTests" time="0.0"/>
  <testcase name="TestALotOfAdding" classname="LocalCMCTests" time="0.0"/>
  <testcase name="TestALotOfAdding" classname="LocalCMCTests" time="0.0"/>
  <testcase name="TestALotOfAdding" classname="LocalCMCTests" time="0.0"/>
  <testcase name="TestALotOfAdding" classname="LocalCMCTests" time="0.001"/>
  <testcase name="TestALotOfAdding" classname="LocalCMCTests" time="0.0"/>
  <testcase name="TestALotOfAdding" classname="LocalCMCTests" time="0.002"/>
  <testcase name="TestALotOfAdding" classname="LocalCMCTests" time="0.001"/>
  <testcase name="TestALotOfAdding" classname="LocalCMCTests" time="0.002"/>
  <testcase name="TestALotOfAdding" classname="LocalCMCTests" time="0.0"/>
  <testcase name="TestALotOfAdding" classname="LocalCMCTests" time="0.0"/>
  <testcase name="TestALotOfAdding" classname="LocalCMCTests" time="0.001"/>
  <testcase name="TestALotOfAdding" classname="LocalCMCTests" time="0.001"/>
  <testcase name="TestALotOfAdding" classname="LocalCMCTests" time="0.001"/>
  <testcase name="TestALotOfAdding" classname="LocalCMCTests" time="0.0"/>
  <testcase name="TestALotOfAdding" classname="LocalCMCTests" time="0.001"/>
  <testcase name="TestALotOfAdding" classname="LocalCMCTests" time="0.0"/>
  <testcase name="TestALotOfAdding" classname="LocalCMCTests" time="0.001"/>
  <testcase name="TestALotOfAdding" classname="LocalCMCTests" time="0.001"/>
  <testcase name="TestALotOfAdding" classname="LocalCMCTests" time="0.0"/>
  <testcase name="TestALotOfAdding" classname="LocalCMCTests" time="0.0"/>
  <testcase name="TestALotOfAdding" classname="LocalCMCTests" time="0.0"/>
  <testcase name="TestALotOfAdding" classname="LocalCMCTests" time="0.001"/>
  <testcase name="TestALotOfAdding" classname="LocalCMCTests" time="0.001"/>
  <testcase name="TestALotOfAdding" classname="LocalCMCTests" time="0.001"/>
  <testcase name="TestALotOfAdding" classname="LocalCMCTests" time="0.0"/>
  <testcase name="TestALotOfAdding" classname="LocalCMCTests" time="0.001"/>
  <testcase name="TestALotOfAdding" classname="LocalCMCTests" time="0.0"/>
  <testcase name="TestALotOfAdding" classname="LocalCMCTests" time="0.0"/>
  <testcase name="TestALotOfAdding" classname="LocalCMCTests" time="0.0"/>
  <testcase name="TestALotOfAdding" classname="LocalCMCTests" time="0.0"/>
  <testcase name="TestALotOfAdding" classname="LocalCMCTests" time="0.001"/>
  <testcase name="TestALotOfAdding" classname="LocalCMCTests" time="0.001"/>
  <testcase name="TestALotOfAdding" classname="LocalCMCTests" time="0.0"/>
  <testcase name="TestALotOfAdding" classname="LocalCMCTests" time="0.001"/>
  <testcase name="TestALotOfAdding" classname="LocalCMCTests" time="0.0"/>
  <testcase name="TestALotOfAdding" classname="LocalCMCTests" time="0.001"/>
  <testcase name="TestALotOfAdding" classname="LocalCMCTests" time="0.0"/>
  <testcase name="TestALotOfAdding" classname="LocalCMCTests" time="0.001"/>
  <testcase name="TestALotOfAdding" classname="LocalCMCTests" time="0.0"/>
  <testcase name="TestALotOfAdding" classname="LocalCMCTests" time="0.001"/>
  <testcase name="TestALotOfAdding" classname="LocalCMCTests" time="0.001"/>
  <testcase name="TestALotOfAdding" classname="LocalCMCTests" time="0.001"/>
  <testcase name="TestALotOfAdding" classname="LocalCMCTests" time="0.002"/>
  <testcase name="TestALotOfAdding" classname="LocalCMCTests" time="0.0"/>
  <testcase name="TestALotOfAdding" classname="LocalCMCTests" time="0.0"/>
  <testcase name="TestALotOfAdding" classname="LocalCMCTests" time="0.0"/>
  <testcase name="TestALotOfAdding" classname="LocalCMCTests" time="0.0"/>
  <testcase name="TestALotOfAdding" classname="LocalCMCTests" time="0.0"/>
  <testcase name="TestALotOfAdding" classname="LocalCMCTests" time="0.001"/>
  <testcase name="TestALotOfAdding" classname="LocalCMCTests" time="0.0"/>
  <testcase name="TestALotOfAdding" classname="LocalCMCTests" time="0.001"/>
  <testcase name="TestALotOfAdding" classname="LocalCMCTests" time="0.001"/>
  <testcase name="TestALotOfAdding" classname="LocalCMCTests" time="0.001"/>
  <testcase name="TestALotOfAdding" classname="LocalCMCTests" time="0.002"/>
  <testcase name="TestALotOfAdding" classname="LocalCMCTests" time="0.0"/>
  <testcase name="TestALotOfAdding" classname="LocalCMCTests" time="0.001"/>
  <testcase name="TestALotOfAdding" classname="LocalCMCTests" time="0.0"/>
  <testcase name="TestALotOfAdding" classname="LocalCMCTests" time="0.001"/>
  <testcase name="TestALotOfAdding" classname="LocalCMCTests" time="0.001"/>
  <testcase name="TestALotOfAdding" classname="LocalCMCTests" time="0.001"/>
  <testcase name="TestALotOfAdding" classname="LocalCMCTests" time="0.001"/>
  <testcase name="TestALotOfAdding" classname="LocalCMCTests" time="0.001"/>
  <testcase name="TestALotOfAdding" classname="LocalCMCTests" time="0.001"/>
  <testcase name="TestALotOfAdding" classname="LocalCMCTests" time="0.0"/>
  <testcase name="TestALotOfAdding" classname="LocalCMCTests" time="0.0"/>
  <testcase name="TestALotOfAdding" classname="LocalCMCTests" time="0.0"/>
  <testcase name="TestALotOfAdding" classname="LocalCMCTests" time="0.0"/>
  <testcase name="TestALotOfAdding" classname="LocalCMCTests" time="0.0"/>
  <testcase name="TestALotOfAdding" classname="LocalCMCTests" time="0.001"/>
  <testcase name="TestALotOfAdding" classname="LocalCMCTests" time="0.001"/>
  <testcase name="TestALotOfAdding" classname="LocalCMCTests" time="0.001"/>
  <testcase name="TestALotOfAdding" classname="LocalCMCTests" time="0.0"/>
  <testcase name="TestALotOfAdding" classname="LocalCMCTests" time="0.001"/>
  <testcase name="TestALotOfAdding" classname="LocalCMCTests" time="0.001"/>
  <testcase name="TestALotOfAdding" classname="LocalCMCTests" time="0.002"/>
  <testcase name="TestALotOfAdding" classname="LocalCMCTests" time="0.0"/>
  <testcase name="TestALotOfAdding" classname="LocalCMCTests" time="0.0"/>
  <testcase name="TestALotOfAdding" classname="LocalCMCTests" time="0.0"/>
  <testcase name="TestALotOfAdding" classname="LocalCMCTests" time="0.0"/>
  <testcase name="TestALotOfAdding" classname="LocalCMCTests" time="0.0"/>
  <testcase name="TestALotOfAdding" classname="LocalCMCTests" time="0.001"/>
  <testcase name="TestALotOfAdding" classname="LocalCMCTests" time="0.001"/>
  <testcase name="TestALotOfAdding" classname="LocalCMCTests" time="0.001"/>
  <testcase name="TestALotOfAdding" classname="LocalCMCTests" time="0.002"/>
  <testcase name="TestALotOfAdding" classname="LocalCMCTests" time="0.002"/>
  <testcase name="TestALotOfAdding" classname="LocalCMCTests" time="0.001"/>
  <testcase name="TestALotOfAdding" classname="LocalCMCTests" time="0.001"/>
  <testcase name="TestALotOfAdding" classname="LocalCMCTests" time="0.001"/>
  <testcase name="TestALotOfAdding" classname="LocalCMCTests" time="0.001"/>
  <testcase name="TestALotOfAdding" classname="LocalCMCTests" time="0.001"/>
  <testcase name="TestALotOfAdding" classname="LocalCMCTests" time="0.001"/>
  <testcase name="TestALotOfAdding" classname="LocalCMCTests" time="0.001"/>
  <testcase name="TestALotOfAdding" classname="LocalCMCTests" time="0.0"/>
  <testcase name="TestALotOfAdding" classname="LocalCMCTests" time="0.0"/>
  <testcase name="TestALotOfAdding" classname="LocalCMCTests" time="0.0"/>
  <testcase name="TestALotOfAdding" classname="LocalCMCTests" time="0.001"/>
  <testcase name="TestALotOfAdding" classname="LocalCMCTests" time="0.001"/>
  <testcase name="TestALotOfAdding" classname="LocalCMCTests" time="0.001"/>
  <testcase name="TestALotOfAdding" classname="LocalCMCTests" time="0.001"/>
  <testcase name="TestALotOfAdding" classname="LocalCMCTests" time="0.001"/>
  <testcase name="TestALotOfAdding" classname="LocalCMCTests" time="0.0"/>
  <testcase name="TestALotOfAdding" classname="LocalCMCTests" time="0.001"/>
  <testcase name="TestALotOfAdding" classname="LocalCMCTests" time="0.0"/>
  <testcase name="TestALotOfAdding" classname="LocalCMCTests" time="0.0"/>
  <testcase name="TestALotOfAdding" classname="LocalCMCTests" time="0.0"/>
  <testcase name="TestALotOfAdding" classname="LocalCMCTests" time="0.0"/>
  <testcase name="TestALotOfAdding" classname="LocalCMCTests" time="0.001"/>
  <testcase name="TestALotOfAdding" classname="LocalCMCTests" time="0.0"/>
  <testcase name="TestALotOfAdding" classname="LocalCMCTests" time="0.001"/>
  <testcase name="TestALotOfAdding" classname="LocalCMCTests" time="0.0"/>
  <testcase name="TestALotOfAdding" classname="LocalCMCTests" time="0.002"/>
  <testcase name="TestALotOfAdding" classname="LocalCMCTests" time="0.0"/>
  <testcase name="TestALotOfAdding" classname="LocalCMCTests" time="0.0"/>
  <testcase name="TestALotOfAdding" classname="LocalCMCTests" time="0.0"/>
  <testcase name="TestALotOfAdding" classname="LocalCMCTests" time="0.001"/>
  <testcase name="TestALotOfAdding" classname="LocalCMCTests" time="0.001"/>
  <testcase name="TestALotOfAdding" classname="LocalCMCTests" time="0.001"/>
  <testcase name="TestALotOfAdding" classname="LocalCMCTests" time="0.001"/>
  <testcase name="TestALotOfAdding" classname="LocalCMCTests" time="0.0"/>
  <testcase name="TestALotOfAdding" classname="LocalCMCTests" time="0.0"/>
  <testcase name="TestALotOfAdding" classname="LocalCMCTests" time="0.001"/>
  <testcase name="TestALotOfAdding" classname="LocalCMCTests" time="0.0"/>
  <testcase name="TestALotOfAdding" classname="LocalCMCTests" time="0.0"/>
  <testcase name="TestALotOfAdding" classname="LocalCMCTests" time="0.001"/>
  <testcase name="TestALotOfAdding" classname="LocalCMCTests" time="0.001"/>
  <testcase name="TestALotOfAdding" classname="LocalCMCTests" time="0.001"/>
  <testcase name="TestALotOfAdding" classname="LocalCMCTests" time="0.002"/>
  <testcase name="TestALotOfAdding" classname="LocalCMCTests" time="0.0"/>
  <testcase name="TestALotOfAdding" classname="LocalCMCTests" time="0.0"/>
  <testcase name="TestALotOfAdding" classname="LocalCMCTests" time="0.001"/>
  <testcase name="TestALotOfAdding" classname="LocalCMCTests" time="0.001"/>
  <testcase name="TestALotOfAdding" classname="LocalCMCTests" time="0.001"/>
  <testcase name="TestALotOfAdding" classname="LocalCMCTests" time="0.001"/>
  <testcase name="TestALotOfAdding" classname="LocalCMCTests" time="0.001"/>
  <testcase name="TestALotOfAdding" classname="LocalCMCTests" time="0.0"/>
  <testcase name="TestALotOfAdding" classname="LocalCMCTests" time="0.001"/>
  <testcase name="TestALotOfAdding" classname="LocalCMCTests" time="0.001"/>
  <testcase name="TestALotOfAdding" classname="LocalCMCTests" time="0.0"/>
  <testcase name="TestALotOfAdding" classname="LocalCMCTests" time="0.001"/>
  <testcase name="TestALotOfAdding" classname="LocalCMCTests" time="0.0"/>
  <testcase name="TestALotOfAdding" classname="LocalCMCTests" time="0.0"/>
  <testcase name="TestALotOfAdding" classname="LocalCMCTests" time="0.0"/>
  <testcase name="TestALotOfAdding" classname="LocalCMCTests" time="0.0"/>
  <testcase name="TestALotOfAdding" classname="LocalCMCTests" time="0.001"/>
  <testcase name="TestALotOfAdding" classname="LocalCMCTests" time="0.003"/>
  <testcase name="TestALotOfAdding" classname="LocalCMCTests" time="0.0"/>
  <testcase name="TestALotOfAdding" classname="LocalCMCTests" time="0.0"/>
  <testcase name="TestALotOfAdding" classname="LocalCMCTests" time="0.001"/>
  <testcase name="TestALotOfAdding" classname="LocalCMCTests" time="0.001"/>
  <testcase name="TestALotOfAdding" classname="LocalCMCTests" time="0.001"/>
  <testcase name="TestALotOfAdding" classname="LocalCMCTests" time="0.001"/>
  <testcase name="TestALotOfAdding" classname="LocalCMCTests" time="0.0"/>
  <testcase name="TestALotOfAdding" classname="LocalCMCTests" time="0.001"/>
  <testcase name="TestALotOfAdding" classname="LocalCMCTests" time="0.001"/>
  <testcase name="TestALotOfAdding" classname="LocalCMCTests" time="0.001"/>
  <testcase name="TestALotOfAdding" classname="LocalCMCTests" time="0.0"/>
  <testcase name="TestALotOfAdding" classname="LocalCMCTests" time="0.0"/>
  <testcase name="TestALotOfAdding" classname="LocalCMCTests" time="0.0"/>
  <testcase name="TestALotOfAdding" classname="LocalCMCTests" time="0.0"/>
  <testcase name="TestALotOfAdding" classname="LocalCMCTests" time="0.0"/>
  <testcase name="TestALotOfAdding" classname="LocalCMCTests" time="0.0"/>
  <testcase name="TestALotOfAdding" classname="LocalCMCTests" time="0.001"/>
  <testcase name="TestALotOfAdding" classname="LocalCMCTests" time="0.001"/>
  <testcase name="TestALotOfAdding" classname="LocalCMCTests" time="0.001"/>
  <testcase name="TestALotOfAdding" classname="LocalCMCTests" time="0.0"/>
  <testcase name="TestALotOfAdding" classname="LocalCMCTests" time="0.0"/>
  <testcase name="TestALotOfAdding" classname="LocalCMCTests" time="0.0"/>
  <testcase name="TestALotOfAdding" classname="LocalCMCTests" time="0.001"/>
  <testcase name="TestALotOfAdding" classname="LocalCMCTests" time="0.0"/>
  <testcase name="TestALotOfAdding" classname="LocalCMCTests" time="0.0"/>
  <testcase name="TestALotOfAdding" classname="LocalCMCTests" time="0.001"/>
  <testcase name="TestALotOfAdding" classname="LocalCMCTests" time="0.0"/>
  <testcase name="TestALotOfAdding" classname="LocalCMCTests" time="0.001"/>
  <testcase name="TestALotOfAdding" classname="LocalCMCTests" time="0.001"/>
  <testcase name="TestALotOfAdding" classname="LocalCMCTests" time="0.0"/>
  <testcase name="TestALotOfAdding" classname="LocalCMCTests" time="0.0"/>
  <testcase name="TestALotOfAdding" classname="LocalCMCTests" time="0.001"/>
  <testcase name="TestALotOfAdding" classname="LocalCMCTests" time="0.002"/>
  <testcase name="TestALotOfAdding" classname="LocalCMCTests" time="0.001"/>
  <testcase name="TestALotOfAdding" classname="LocalCMCTests" time="0.0"/>
  <testcase name="TestALotOfAdding" classname="LocalCMCTests" time="0.001"/>
  <testcase name="TestALotOfAdding" classname="LocalCMCTests" time="0.001"/>
  <testcase name="TestALotOfAdding" classname="LocalCMCTests" time="0.002"/>
  <testcase name="TestALotOfAdding" classname="LocalCMCTests" time="0.0"/>
  <testcase name="TestALotOfAdding" classname="LocalCMCTests" time="0.001"/>
  <testcase name="TestALotOfAdding" classname="LocalCMCTests" time="0.0"/>
  <testcase name="TestALotOfAdding" classname="LocalCMCTests" time="0.001"/>
  <testcase name="TestALotOfAdding" classname="LocalCMCTests" time="0.0"/>
  <testcase name="TestALotOfAdding" classname="LocalCMCTests" time="0.0"/>
  <testcase name="TestALotOfAdding" classname="LocalCMCTests" time="0.002"/>
  <testcase name="TestALotOfAdding" classname="LocalCMCTests" time="0.0"/>
  <testcase name="TestALotOfAdding" classname="LocalCMCTests" time="0.001"/>
  <testcase name="TestALotOfAdding" classname="LocalCMCTests" time="0.001"/>
  <testcase name="TestALotOfAdding" classname="LocalCMCTests" time="0.001"/>
  <testcase name="TestALotOfAdding" classname="LocalCMCTests" time="0.0"/>
  <testcase name="TestALotOfAdding" classname="LocalCMCTests" time="0.0"/>
  <testcase name="TestALotOfAdding" classname="LocalCMCTests" time="0.001"/>
  <testcase name="TestALotOfAdding" classname="LocalCMCTests" time="0.001"/>
  <testcase name="TestALotOfAdding" classname="LocalCMCTests" time="0.0"/>
  <testcase name="TestALotOfAdding" classname="LocalCMCTests" time="0.0"/>
  <testcase name="TestALotOfAdding" classname="LocalCMCTests" time="0.0"/>
  <testcase name="TestALotOfAdding" classname="LocalCMCTests" time="0.001"/>
  <testcase name="TestALotOfAdding" classname="LocalCMCTests" time="0.0"/>
  <testcase name="TestALotOfAdding" classname="LocalCMCTests" time="0.0"/>
  <testcase name="TestALotOfAdding" classname="LocalCMCTests" time="0.0"/>
  <testcase name="TestALotOfAdding" classname="LocalCMCTests" time="0.0"/>
  <testcase name="TestALotOfAdding" classname="LocalCMCTests" time="0.001"/>
  <testcase name="TestALotOfAdding" classname="LocalCMCTests" time="0.0"/>
  <testcase name="TestALotOfAdding" classname="LocalCMCTests" time="0.002"/>
  <testcase name="TestALotOfAdding" classname="LocalCMCTests" time="0.003"/>
  <testcase name="TestALotOfAdding" classname="LocalCMCTests" time="0.001"/>
  <testcase name="TestALotOfAdding" classname="LocalCMCTests" time="0.0"/>
  <testcase name="TestALotOfAdding" classname="LocalCMCTests" time="0.001"/>
  <testcase name="TestALotOfAdding" classname="LocalCMCTests" time="0.001"/>
  <testcase name="TestALotOfAdding" classname="LocalCMCTests" time="0.002"/>
  <testcase name="TestALotOfAdding" classname="LocalCMCTests" time="0.001"/>
  <testcase name="TestALotOfAdding" classname="LocalCMCTests" time="0.0"/>
  <testcase name="TestALotOfAdding" classname="LocalCMCTests" time="0.001"/>
  <testcase name="TestALotOfAdding" classname="LocalCMCTests" time="0.001"/>
  <testcase name="TestALotOfAdding" classname="LocalCMCTests" time="0.0"/>
  <testcase name="TestALotOfAdding" classname="LocalCMCTests" time="0.0"/>
  <testcase name="TestALotOfAdding" classname="LocalCMCTests" time="0.0"/>
  <testcase name="TestALotOfAdding" classname="LocalCMCTests" time="0.001"/>
  <testcase name="TestALotOfAdding" classname="LocalCMCTests" time="0.001"/>
  <testcase name="TestALotOfAdding" classname="LocalCMCTests" time="0.0"/>
  <testcase name="TestALotOfAdding" classname="LocalCMCTests" time="0.001"/>
  <testcase name="TestALotOfAdding" classname="LocalCMCTests" time="0.001"/>
  <testcase name="TestALotOfAdding" classname="LocalCMCTests" time="0.001"/>
  <testcase name="TestALotOfAdding" classname="LocalCMCTests" time="0.001"/>
  <testcase name="TestALotOfAdding" classname="LocalCMCTests" time="0.001"/>
  <testcase name="TestALotOfAdding" classname="LocalCMCTests" time="0.0"/>
  <testcase name="TestALotOfAdding" classname="LocalCMCTests" time="0.001"/>
  <testcase name="TestALotOfAdding" classname="LocalCMCTests" time="0.0"/>
  <testcase name="TestALotOfAdding" classname="LocalCMCTests" time="0.0"/>
  <testcase name="TestALotOfAdding" classname="LocalCMCTests" time="0.0"/>
  <testcase name="TestALotOfAdding" classname="LocalCMCTests" time="0.0"/>
  <testcase name="TestALotOfAdding" classname="LocalCMCTests" time="0.0"/>
  <testcase name="TestALotOfAdding" classname="LocalCMCTests" time="0.001"/>
  <testcase name="TestALotOfAdding" classname="LocalCMCTests" time="0.0"/>
  <testcase name="TestALotOfAdding" classname="LocalCMCTests" time="0.0"/>
  <testcase name="TestALotOfAdding" classname="LocalCMCTests" time="0.001"/>
  <testcase name="TestALotOfAdding" classname="LocalCMCTests" time="0.002"/>
  <testcase name="TestALotOfAdding" classname="LocalCMCTests" time="0.001"/>
  <testcase name="TestALotOfAdding" classname="LocalCMCTests" time="0.0"/>
  <testcase name="TestALotOfAdding" classname="LocalCMCTests" time="0.0"/>
  <testcase name="TestALotOfAdding" classname="LocalCMCTests" time="0.0"/>
  <testcase name="TestALotOfAdding" classname="LocalCMCTests" time="0.001"/>
  <testcase name="TestALotOfAdding" classname="LocalCMCTests" time="0.001"/>
  <testcase name="TestALotOfAdding" classname="LocalCMCTests" time="0.0"/>
  <testcase name="TestALotOfAdding" classname="LocalCMCTests" time="0.001"/>
  <testcase name="TestALotOfAdding" classname="LocalCMCTests" time="0.001"/>
  <testcase name="TestALotOfAdding" classname="LocalCMCTests" time="0.0"/>
  <testcase name="TestALotOfAdding" classname="LocalCMCTests" time="0.0"/>
  <testcase name="TestALotOfAdding" classname="LocalCMCTests" time="0.001"/>
  <testcase name="TestALotOfAdding" classname="LocalCMCTests" time="0.001"/>
  <testcase name="TestALotOfAdding" classname="LocalCMCTests" time="0.001"/>
  <testcase name="TestALotOfAdding" classname="LocalCMCTests" time="0.0"/>
  <testcase name="TestALotOfAdding" classname="LocalCMCTests" time="0.001"/>
  <testcase name="TestALotOfAdding" classname="LocalCMCTests" time="0.0"/>
  <testcase name="TestALotOfAdding" classname="LocalCMCTests" time="0.001"/>
  <testcase name="TestALotOfAdding" classname="LocalCMCTests" time="0.0"/>
  <testcase name="TestALotOfAdding" classname="LocalCMCTests" time="0.001"/>
  <testcase name="TestALotOfAdding" classname="LocalCMCTests" time="0.002"/>
  <testcase name="TestALotOfAdding" classname="LocalCMCTests" time="0.001"/>
  <testcase name="TestALotOfAdding" classname="LocalCMCTests" time="0.002"/>
  <testcase name="TestALotOfAdding" classname="LocalCMCTests" time="0.0"/>
  <testcase name="TestALotOfAdding" classname="LocalCMCTests" time="0.0"/>
  <testcase name="TestALotOfAdding" classname="LocalCMCTests" time="0.001"/>
  <testcase name="TestALotOfAdding" classname="LocalCMCTests" time="0.0"/>
  <testcase name="TestALotOfAdding" classname="LocalCMCTests" time="0.0"/>
  <testcase name="TestALotOfAdding" classname="LocalCMCTests" time="0.0"/>
  <testcase name="TestALotOfAdding" classname="LocalCMCTests" time="0.001"/>
  <testcase name="TestALotOfAdding" classname="LocalCMCTests" time="0.0"/>
  <testcase name="TestALotOfAdding" classname="LocalCMCTests" time="0.0"/>
  <testcase name="TestALotOfAdding" classname="LocalCMCTests" time="0.001"/>
  <testcase name="TestALotOfAdding" classname="LocalCMCTests" time="0.001"/>
  <testcase name="TestALotOfAdding" classname="LocalCMCTests" time="0.0"/>
  <testcase name="TestALotOfAdding" classname="LocalCMCTests" time="0.001"/>
  <testcase name="TestALotOfAdding" classname="LocalCMCTests" time="0.001"/>
  <testcase name="TestALotOfAdding" classname="LocalCMCTests" time="0.001"/>
  <testcase name="TestALotOfAdding" classname="LocalCMCTests" time="0.001"/>
  <testcase name="TestALotOfAdding" classname="LocalCMCTests" time="0.001"/>
  <testcase name="TestALotOfAdding" classname="LocalCMCTests" time="0.0"/>
  <testcase name="TestALotOfAdding" classname="LocalCMCTests" time="0.001"/>
  <testcase name="TestALotOfAdding" classname="LocalCMCTests" time="0.0"/>
  <testcase name="TestALotOfAdding" classname="LocalCMCTests" time="0.0"/>
  <testcase name="TestALotOfAdding" classname="LocalCMCTests" time="0.0"/>
  <testcase name="TestALotOfAdding" classname="LocalCMCTests" time="0.001"/>
  <testcase name="TestALotOfAdding" classname="LocalCMCTests" time="0.001"/>
  <testcase name="TestALotOfAdding" classname="LocalCMCTests" time="0.001"/>
  <testcase name="TestALotOfAdding" classname="LocalCMCTests" time="0.0"/>
  <testcase name="TestALotOfAdding" classname="LocalCMCTests" time="0.0"/>
  <testcase name="TestALotOfAdding" classname="LocalCMCTests" time="0.001"/>
  <testcase name="TestALotOfAdding" classname="LocalCMCTests" time="0.001"/>
  <testcase name="TestALotOfAdding" classname="LocalCMCTests" time="0.001"/>
  <testcase name="TestALotOfAdding" classname="LocalCMCTests" time="0.001"/>
  <testcase name="TestALotOfAdding" classname="LocalCMCTests" time="0.001"/>
  <testcase name="TestALotOfAdding" classname="LocalCMCTests" time="0.001"/>
  <testcase name="TestALotOfAdding" classname="LocalCMCTests" time="0.0"/>
  <testcase name="TestALotOfAdding" classname="LocalCMCTests" time="0.0"/>
  <testcase name="TestALotOfAdding" classname="LocalCMCTests" time="0.0"/>
  <testcase name="TestALotOfAdding" classname="LocalCMCTests" time="0.001"/>
  <testcase name="TestALotOfAdding" classname="LocalCMCTests" time="0.0"/>
  <testcase name="TestALotOfAdding" classname="LocalCMCTests" time="0.001"/>
  <testcase name="TestALotOfAdding" classname="LocalCMCTests" time="0.001"/>
  <testcase name="TestALotOfAdding" classname="LocalCMCTests" time="0.001"/>
  <testcase name="TestALotOfAdding" classname="LocalCMCTests" time="0.0"/>
  <testcase name="TestALotOfAdding" classname="LocalCMCTests" time="0.0"/>
  <testcase name="TestALotOfAdding" classname="LocalCMCTests" time="0.001"/>
  <testcase name="TestALotOfAdding" classname="LocalCMCTests" time="0.001"/>
  <testcase name="TestALotOfAdding" classname="LocalCMCTests" time="0.001"/>
  <testcase name="TestALotOfAdding" classname="LocalCMCTests" time="0.001"/>
  <testcase name="TestALotOfAdding" classname="LocalCMCTests" time="0.0"/>
  <testcase name="TestALotOfAdding" classname="LocalCMCTests" time="0.0"/>
  <testcase name="TestALotOfAdding" classname="LocalCMCTests" time="0.001"/>
  <testcase name="TestALotOfAdding" classname="LocalCMCTests" time="0.0"/>
  <testcase name="TestALotOfAdding" classname="LocalCMCTests" time="0.001"/>
  <testcase name="TestALotOfAdding" classname="LocalCMCTests" time="0.0"/>
  <testcase name="TestALotOfAdding" classname="LocalCMCTests" time="0.002"/>
  <testcase name="TestALotOfAdding" classname="LocalCMCTests" time="0.001"/>
  <testcase name="TestALotOfAdding" classname="LocalCMCTests" time="0.001"/>
  <testcase name="TestALotOfAdding" classname="LocalCMCTests" time="0.001"/>
  <testcase name="TestALotOfAdding" classname="LocalCMCTests" time="0.001"/>
  <testcase name="TestALotOfAdding" classname="LocalCMCTests" time="0.0"/>
  <testcase name="TestALotOfAdding" classname="LocalCMCTests" time="0.0"/>
  <testcase name="TestALotOfAdding" classname="LocalCMCTests" time="0.0"/>
  <testcase name="TestALotOfAdding" classname="LocalCMCTests" time="0.001"/>
  <testcase name="TestALotOfAdding" classname="LocalCMCTests" time="0.0"/>
  <testcase name="TestALotOfAdding" classname="LocalCMCTests" time="0.0"/>
  <testcase name="TestALotOfAdding" classname="LocalCMCTests" time="0.0"/>
  <testcase name="TestALotOfAdding" classname="LocalCMCTests" time="0.0"/>
  <testcase name="TestALotOfAdding" classname="LocalCMCTests" time="0.001"/>
  <testcase name="TestALotOfAdding" classname="LocalCMCTests" time="0.002"/>
  <testcase name="TestALotOfAdding" classname="LocalCMCTests" time="0.001"/>
  <testcase name="TestALotOfAdding" classname="LocalCMCTests" time="0.0"/>
  <testcase name="TestALotOfAdding" classname="LocalCMCTests" time="0.001"/>
  <testcase name="TestALotOfAdding" classname="LocalCMCTests" time="0.001"/>
  <testcase name="TestALotOfAdding" classname="LocalCMCTests" time="0.0"/>
  <testcase name="TestALotOfAdding" classname="LocalCMCTests" time="0.0"/>
  <testcase name="TestALotOfAdding" classname="LocalCMCTests" time="0.0"/>
  <testcase name="TestALotOfAdding" classname="LocalCMCTests" time="0.001"/>
  <testcase name="TestALotOfAdding" classname="LocalCMCTests" time="0.001"/>
  <testcase name="TestALotOfAdding" classname="LocalCMCTests" time="0.001"/>
  <testcase name="TestALotOfAdding" classname="LocalCMCTests" time="0.001"/>
  <testcase name="TestALotOfAdding" classname="LocalCMCTests" time="0.0"/>
  <testcase name="TestALotOfAdding" classname="LocalCMCTests" time="0.0"/>
  <testcase name="TestALotOfAdding" classname="LocalCMCTests" time="0.001"/>
  <testcase name="TestALotOfAdding" classname="LocalCMCTests" time="0.0"/>
  <testcase name="TestALotOfAdding" classname="LocalCMCTests" time="0.001"/>
  <testcase name="TestALotOfAdding" classname="LocalCMCTests" time="0.001"/>
  <testcase name="TestALotOfAdding" classname="LocalCMCTests" time="0.002"/>
  <testcase name="TestALotOfAdding" classname="LocalCMCTests" time="0.0"/>
  <testcase name="TestALotOfAdding" classname="LocalCMCTests" time="0.001"/>
  <testcase name="TestALotOfAdding" classname="LocalCMCTests" time="0.001"/>
  <testcase name="TestALotOfAdding" classname="LocalCMCTests" time="0.0"/>
  <testcase name="TestALotOfAdding" classname="LocalCMCTests" time="0.001"/>
  <testcase name="TestALotOfAdding" classname="LocalCMCTests" time="0.001"/>
  <testcase name="TestALotOfAdding" classname="LocalCMCTests" time="0.0"/>
  <testcase name="TestALotOfAdding" classname="LocalCMCTests" time="0.001"/>
  <testcase name="TestALotOfAdding" classname="LocalCMCTests" time="0.0"/>
  <testcase name="TestALotOfAdding" classname="LocalCMCTests" time="0.0"/>
  <testcase name="TestALotOfAdding" classname="LocalCMCTests" time="0.0"/>
  <testcase name="TestALotOfAdding" classname="LocalCMCTests" time="0.0"/>
  <testcase name="TestALotOfAdding" classname="LocalCMCTests" time="0.0"/>
  <testcase name="TestALotOfAdding" classname="LocalCMCTests" time="0.002"/>
  <testcase name="TestALotOfAdding" classname="LocalCMCTests" time="0.001"/>
  <testcase name="TestALotOfAdding" classname="LocalCMCTests" time="0.0"/>
  <testcase name="TestALotOfAdding" classname="LocalCMCTests" time="0.003"/>
  <testcase name="TestALotOfAdding" classname="LocalCMCTests" time="0.0"/>
  <testcase name="TestALotOfAdding" classname="LocalCMCTests" time="0.0"/>
  <testcase name="TestALotOfAdding" classname="LocalCMCTests" time="0.001"/>
  <testcase name="TestALotOfAdding" classname="LocalCMCTests" time="0.0"/>
  <testcase name="TestALotOfAdding" classname="LocalCMCTests" time="0.001"/>
  <testcase name="TestALotOfAdding" classname="LocalCMCTests" time="0.001"/>
  <testcase name="TestALotOfAdding" classname="LocalCMCTests" time="0.001"/>
  <testcase name="TestALotOfAdding" classname="LocalCMCTests" time="0.0"/>
  <testcase name="TestALotOfAdding" classname="LocalCMCTests" time="0.002"/>
  <testcase name="TestALotOfAdding" classname="LocalCMCTests" time="0.0"/>
  <testcase name="TestALotOfAdding" classname="LocalCMCTests" time="0.0"/>
  <testcase name="TestALotOfAdding" classname="LocalCMCTests" time="0.0"/>
  <testcase name="TestALotOfAdding" classname="LocalCMCTests" time="0.0"/>
  <testcase name="TestALotOfAdding" classname="LocalCMCTests" time="0.0"/>
  <testcase name="TestALotOfAdding" classname="LocalCMCTests" time="0.0"/>
  <testcase name="TestALotOfAdding" classname="LocalCMCTests" time="0.002"/>
  <testcase name="TestALotOfAdding" classname="LocalCMCTests" time="0.001"/>
  <testcase name="TestALotOfAdding" classname="LocalCMCTests" time="0.001"/>
  <testcase name="TestALotOfAdding" classname="LocalCMCTests" time="0.001"/>
  <testcase name="TestALotOfAdding" classname="LocalCMCTests" time="0.001"/>
  <testcase name="TestALotOfAdding" classname="LocalCMCTests" time="0.0"/>
  <testcase name="TestALotOfAdding" classname="LocalCMCTests" time="0.001"/>
  <testcase name="TestALotOfAdding" classname="LocalCMCTests" time="0.001"/>
  <testcase name="TestALotOfAdding" classname="LocalCMCTests" time="0.0"/>
  <testcase name="TestALotOfAdding" classname="LocalCMCTests" time="0.001"/>
  <testcase name="TestALotOfAdding" classname="LocalCMCTests" time="0.0"/>
  <testcase name="TestALotOfAdding" classname="LocalCMCTests" time="0.0"/>
  <testcase name="TestALotOfAdding" classname="LocalCMCTests" time="0.0"/>
  <testcase name="TestALotOfAdding" classname="LocalCMCTests" time="0.0"/>
  <testcase name="TestALotOfAdding" classname="LocalCMCTests" time="0.0"/>
  <testcase name="TestALotOfAdding" classname="LocalCMCTests" time="0.0"/>
  <testcase name="TestALotOfAdding" classname="LocalCMCTests" time="0.001"/>
  <testcase name="TestALotOfAdding" classname="LocalCMCTests" time="0.001"/>
  <testcase name="TestALotOfAdding" classname="LocalCMCTests" time="0.002"/>
  <testcase name="TestALotOfAdding" classname="LocalCMCTests" time="0.001"/>
  <testcase name="TestALotOfAdding" classname="LocalCMCTests" time="0.001"/>
  <testcase name="TestALotOfAdding" classname="LocalCMCTests" time="0.001"/>
  <testcase name="TestALotOfAdding" classname="LocalCMCTests" time="0.001"/>
  <testcase name="TestALotOfAdding" classname="LocalCMCTests" time="0.001"/>
  <testcase name="TestALotOfAdding" classname="LocalCMCTests" time="0.001"/>
  <testcase name="TestALotOfAdding" classname="LocalCMCTests" time="0.0"/>
  <testcase name="TestALotOfAdding" classname="LocalCMCTests" time="0.0"/>
  <testcase name="TestALotOfAdding" classname="LocalCMCTests" time="0.0"/>
  <testcase name="TestALotOfAdding" classname="LocalCMCTests" time="0.0"/>
  <testcase name="TestALotOfAdding" classname="LocalCMCTests" time="0.0"/>
  <testcase name="TestALotOfAdding" classname="LocalCMCTests" time="0.0"/>
  <testcase name="TestALotOfAdding" classname="LocalCMCTests" time="0.0"/>
  <testcase name="TestALotOfAdding" classname="LocalCMCTests" time="0.001"/>
  <testcase name="TestALotOfAdding" classname="LocalCMCTests" time="0.0"/>
  <testcase name="TestALotOfAdding" classname="LocalCMCTests" time="0.001"/>
  <testcase name="TestALotOfAdding" classname="LocalCMCTests" time="0.001"/>
  <testcase name="TestALotOfAdding" classname="LocalCMCTests" time="0.001"/>
  <testcase name="TestALotOfAdding" classname="LocalCMCTests" time="0.001"/>
  <testcase name="TestALotOfAdding" classname="LocalCMCTests" time="0.0"/>
  <testcase name="TestALotOfAdding" classname="LocalCMCTests" time="0.001"/>
  <testcase name="TestALotOfAdding" classname="LocalCMCTests" time="0.001"/>
  <testcase name="TestALotOfAdding" classname="LocalCMCTests" time="0.0"/>
  <testcase name="TestALotOfAdding" classname="LocalCMCTests" time="0.001"/>
  <testcase name="TestALotOfAdding" classname="LocalCMCTests" time="0.0"/>
  <testcase name="TestALotOfAdding" classname="LocalCMCTests" time="0.0"/>
  <testcase name="TestALotOfAdding" classname="LocalCMCTests" time="0.0"/>
  <testcase name="TestALotOfAdding" classname="LocalCMCTests" time="0.001"/>
  <testcase name="TestALotOfAdding" classname="LocalCMCTests" time="0.001"/>
  <testcase name="TestALotOfAdding" classname="LocalCMCTests" time="0.001"/>
  <testcase name="TestALotOfAdding" classname="LocalCMCTests" time="0.003"/>
  <testcase name="TestALotOfAdding" classname="LocalCMCTests" time="0.0"/>
  <testcase name="TestALotOfAdding" classname="LocalCMCTests" time="0.002"/>
  <testcase name="TestALotOfAdding" classname="LocalCMCTests" time="0.0"/>
  <testcase name="TestALotOfAdding" classname="LocalCMCTests" time="0.0"/>
  <testcase name="TestALotOfAdding" classname="LocalCMCTests" time="0.0"/>
  <testcase name="TestALotOfAdding" classname="LocalCMCTests" time="0.001"/>
  <testcase name="TestALotOfAdding" classname="LocalCMCTests" time="0.001"/>
  <testcase name="TestALotOfAdding" classname="LocalCMCTests" time="0.001"/>
  <testcase name="TestALotOfAdding" classname="LocalCMCTests" time="0.001"/>
  <testcase name="TestALotOfAdding" classname="LocalCMCTests" time="0.001"/>
  <testcase name="TestALotOfAdding" classname="LocalCMCTests" time="0.0"/>
  <testcase name="TestALotOfAdding" classname="LocalCMCTests" time="0.0"/>
  <testcase name="TestALotOfAdding" classname="LocalCMCTests" time="0.0"/>
  <testcase name="TestALotOfAdding" classname="LocalCMCTests" time="0.001"/>
  <testcase name="TestALotOfAdding" classname="LocalCMCTests" time="0.001"/>
  <testcase name="TestALotOfAdding" classname="LocalCMCTests" time="0.001"/>
  <testcase name="TestALotOfAdding" classname="LocalCMCTests" time="0.001"/>
  <testcase name="TestALotOfAdding" classname="LocalCMCTests" time="0.001"/>
  <testcase name="TestALotOfAdding" classname="LocalCMCTests" time="0.0"/>
  <testcase name="TestALotOfAdding" classname="LocalCMCTests" time="0.0"/>
  <testcase name="TestALotOfAdding" classname="LocalCMCTests" time="0.001"/>
  <testcase name="TestALotOfAdding" classname="LocalCMCTests" time="0.0"/>
  <testcase name="TestALotOfAdding" classname="LocalCMCTests" time="0.001"/>
  <testcase name="TestALotOfAdding" classname="LocalCMCTests" time="0.001"/>
  <testcase name="TestALotOfAdding" classname="LocalCMCTests" time="0.001"/>
  <testcase name="TestALotOfAdding" classname="LocalCMCTests" time="0.001"/>
  <testcase name="TestALotOfAdding" classname="LocalCMCTests" time="0.0"/>
  <testcase name="TestALotOfAdding" classname="LocalCMCTests" time="0.0"/>
  <testcase name="TestALotOfAdding" classname="LocalCMCTests" time="0.0"/>
  <testcase name="TestALotOfAdding" classname="LocalCMCTests" time="0.0"/>
  <testcase name="TestALotOfAdding" classname="LocalCMCTests" time="0.0"/>
  <testcase name="TestALotOfAdding" classname="LocalCMCTests" time="0.001"/>
  <testcase name="TestALotOfAdding" classname="LocalCMCTests" time="0.001"/>
  <testcase name="TestALotOfAdding" classname="LocalCMCTests" time="0.001"/>
  <testcase name="TestALotOfAdding" classname="LocalCMCTests" time="0.0"/>
  <testcase name="TestALotOfAdding" classname="LocalCMCTests" time="0.0"/>
  <testcase name="TestALotOfAdding" classname="LocalCMCTests" time="0.0"/>
  <testcase name="TestALotOfAdding" classname="LocalCMCTests" time="0.001"/>
  <testcase name="TestALotOfAdding" classname="LocalCMCTests" time="0.001"/>
  <testcase name="TestALotOfAdding" classname="LocalCMCTests" time="0.0"/>
  <testcase name="TestALotOfAdding" classname="LocalCMCTests" time="0.001"/>
  <testcase name="TestALotOfAdding" classname="LocalCMCTests" time="0.001"/>
  <testcase name="TestALotOfAdding" classname="LocalCMCTests" time="0.001"/>
  <testcase name="TestALotOfAdding" classname="LocalCMCTests" time="0.0"/>
  <testcase name="TestALotOfAdding" classname="LocalCMCTests" time="0.0"/>
  <testcase name="TestALotOfAdding" classname="LocalCMCTests" time="0.0"/>
  <testcase name="TestALotOfAdding" classname="LocalCMCTests" time="0.0"/>
  <testcase name="TestALotOfAdding" classname="LocalCMCTests" time="0.001"/>
  <testcase name="TestALotOfAdding" classname="LocalCMCTests" time="0.001"/>
  <testcase name="TestALotOfAdding" classname="LocalCMCTests" time="0.001"/>
  <testcase name="TestALotOfAdding" classname="LocalCMCTests" time="0.001"/>
  <testcase name="TestALotOfAdding" classname="LocalCMCTests" time="0.001"/>
  <testcase name="TestALotOfAdding" classname="LocalCMCTests" time="0.002"/>
  <testcase name="TestALotOfAdding" classname="LocalCMCTests" time="0.0"/>
  <testcase name="TestALotOfAdding" classname="LocalCMCTests" time="0.0"/>
  <testcase name="TestALotOfAdding" classname="LocalCMCTests" time="0.0"/>
  <testcase name="TestALotOfAdding" classname="LocalCMCTests" time="0.0"/>
  <testcase name="TestALotOfAdding" classname="LocalCMCTests" time="0.0"/>
  <testcase name="TestALotOfAdding" classname="LocalCMCTests" time="0.0"/>
  <testcase name="TestALotOfAdding" classname="LocalCMCTests" time="0.001"/>
  <testcase name="TestALotOfAdding" classname="LocalCMCTests" time="0.0"/>
  <testcase name="TestALotOfAdding" classname="LocalCMCTests" time="0.002"/>
  <testcase name="TestALotOfAdding" classname="LocalCMCTests" time="0.002"/>
  <testcase name="TestALotOfAdding" classname="LocalCMCTests" time="0.003"/>
  <testcase name="TestALotOfAdding" classname="LocalCMCTests" time="0.0"/>
  <testcase name="TestALotOfAdding" classname="LocalCMCTests" time="0.0"/>
  <testcase name="TestALotOfAdding" classname="LocalCMCTests" time="0.0"/>
  <testcase name="TestALotOfAdding" classname="LocalCMCTests" time="0.0"/>
  <testcase name="TestALotOfAdding" classname="LocalCMCTests" time="0.001"/>
  <testcase name="TestALotOfAdding" classname="LocalCMCTests" time="0.001"/>
  <testcase name="TestALotOfAdding" classname="LocalCMCTests" time="0.0"/>
  <testcase name="TestALotOfAdding" classname="LocalCMCTests" time="0.001"/>
  <testcase name="TestALotOfAdding" classname="LocalCMCTests" time="0.001"/>
  <testcase name="TestALotOfAdding" classname="LocalCMCTests" time="0.001"/>
  <testcase name="TestALotOfAdding" classname="LocalCMCTests" time="0.001"/>
  <testcase name="TestALotOfAdding" classname="LocalCMCTests" time="0.001"/>
  <testcase name="TestALotOfAdding" classname="LocalCMCTests" time="0.0"/>
  <testcase name="TestALotOfAdding" classname="LocalCMCTests" time="0.0"/>
  <testcase name="TestALotOfAdding" classname="LocalCMCTests" time="0.001"/>
  <testcase name="TestALotOfAdding" classname="LocalCMCTests" time="0.0"/>
  <testcase name="TestALotOfAdding" classname="LocalCMCTests" time="0.001"/>
  <testcase name="TestALotOfAdding" classname="LocalCMCTests" time="0.0"/>
  <testcase name="TestALotOfAdding" classname="LocalCMCTests" time="0.0"/>
  <testcase name="TestALotOfAdding" classname="LocalCMCTests" time="0.0"/>
  <testcase name="TestALotOfAdding" classname="LocalCMCTests" time="0.0"/>
  <testcase name="TestALotOfAdding" classname="LocalCMCTests" time="0.001"/>
  <testcase name="TestALotOfAdding" classname="LocalCMCTests" time="0.0"/>
  <testcase name="TestALotOfAdding" classname="LocalCMCTests" time="0.001"/>
  <testcase name="TestALotOfAdding" classname="LocalCMCTests" time="0.001"/>
  <testcase name="TestALotOfAdding" classname="LocalCMCTests" time="0.0"/>
  <testcase name="TestALotOfAdding" classname="LocalCMCTests" time="0.001"/>
  <testcase name="TestALotOfAdding" classname="LocalCMCTests" time="0.0"/>
  <testcase name="TestALotOfAdding" classname="LocalCMCTests" time="0.001"/>
  <testcase name="TestALotOfAdding" classname="LocalCMCTests" time="0.001"/>
  <testcase name="TestALotOfAdding" classname="LocalCMCTests" time="0.001"/>
  <testcase name="TestALotOfAdding" classname="LocalCMCTests" time="0.001"/>
  <testcase name="TestALotOfAdding" classname="LocalCMCTests" time="0.001"/>
  <testcase name="TestALotOfAdding" classname="LocalCMCTests" time="0.002"/>
  <testcase name="TestALotOfAdding" classname="LocalCMCTests" time="0.0"/>
  <testcase name="TestALotOfAdding" classname="LocalCMCTests" time="0.001"/>
  <testcase name="TestALotOfAdding" classname="LocalCMCTests" time="0.001"/>
  <testcase name="TestALotOfAdding" classname="LocalCMCTests" time="0.0"/>
  <testcase name="TestALotOfAdding" classname="LocalCMCTests" time="0.002"/>
  <testcase name="TestALotOfAdding" classname="LocalCMCTests" time="0.0"/>
  <testcase name="TestALotOfAdding" classname="LocalCMCTests" time="0.001"/>
  <testcase name="TestALotOfAdding" classname="LocalCMCTests" time="0.0"/>
  <testcase name="TestALotOfAdding" classname="LocalCMCTests" time="0.0"/>
  <testcase name="TestALotOfAdding" classname="LocalCMCTests" time="0.0"/>
  <testcase name="TestALotOfAdding" classname="LocalCMCTests" time="0.0"/>
  <testcase name="TestALotOfAdding" classname="LocalCMCTests" time="0.0"/>
  <testcase name="TestALotOfAdding" classname="LocalCMCTests" time="0.002"/>
  <testcase name="TestALotOfAdding" classname="LocalCMCTests" time="0.001"/>
  <testcase name="TestALotOfAdding" classname="LocalCMCTests" time="0.0"/>
  <testcase name="TestALotOfAdding" classname="LocalCMCTests" time="0.001"/>
  <testcase name="TestALotOfAdding" classname="LocalCMCTests" time="0.001"/>
  <testcase name="TestALotOfAdding" classname="LocalCMCTests" time="0.002"/>
  <testcase name="TestALotOfAdding" classname="LocalCMCTests" time="0.0"/>
  <testcase name="TestALotOfAdding" classname="LocalCMCTests" time="0.0"/>
  <testcase name="TestALotOfAdding" classname="LocalCMCTests" time="0.0"/>
  <testcase name="TestALotOfAdding" classname="LocalCMCTests" time="0.001"/>
  <testcase name="TestALotOfAdding" classname="LocalCMCTests" time="0.0"/>
  <testcase name="TestALotOfAdding" classname="LocalCMCTests" time="0.001"/>
  <testcase name="TestALotOfAdding" classname="LocalCMCTests" time="0.001"/>
  <testcase name="TestALotOfAdding" classname="LocalCMCTests" time="0.001"/>
  <testcase name="TestALotOfAdding" classname="LocalCMCTests" time="0.001"/>
  <testcase name="TestALotOfAdding" classname="LocalCMCTests" time="0.001"/>
  <testcase name="TestALotOfAdding" classname="LocalCMCTests" time="0.001"/>
  <testcase name="TestALotOfAdding" classname="LocalCMCTests" time="0.001"/>
  <testcase name="TestALotOfAdding" classname="LocalCMCTests" time="0.002"/>
  <testcase name="TestALotOfAdding" classname="LocalCMCTests" time="0.001"/>
  <testcase name="TestALotOfAdding" classname="LocalCMCTests" time="0.001"/>
  <testcase name="TestALotOfAdding" classname="LocalCMCTests" time="0.0"/>
  <testcase name="TestALotOfAdding" classname="LocalCMCTests" time="0.001"/>
  <testcase name="TestALotOfAdding" classname="LocalCMCTests" time="0.001"/>
  <testcase name="TestALotOfAdding" classname="LocalCMCTests" time="0.0"/>
  <testcase name="TestALotOfAdding" classname="LocalCMCTests" time="0.0"/>
  <testcase name="TestALotOfAdding" classname="LocalCMCTests" time="0.0"/>
  <testcase name="TestALotOfAdding" classname="LocalCMCTests" time="0.001"/>
  <testcase name="TestALotOfAdding" classname="LocalCMCTests" time="0.0"/>
  <testcase name="TestALotOfAdding" classname="LocalCMCTests" time="0.0"/>
  <testcase name="TestALotOfAdding" classname="LocalCMCTests" time="0.0"/>
  <testcase name="TestALotOfAdding" classname="LocalCMCTests" time="0.0"/>
  <testcase name="TestALotOfAdding" classname="LocalCMCTests" time="0.0"/>
  <testcase name="TestALotOfAdding" classname="LocalCMCTests" time="0.0"/>
  <testcase name="TestALotOfAdding" classname="LocalCMCTests" time="0.0"/>
  <testcase name="TestALotOfAdding" classname="LocalCMCTests" time="0.002"/>
  <testcase name="TestALotOfAdding" classname="LocalCMCTests" time="0.002"/>
  <testcase name="TestALotOfAdding" classname="LocalCMCTests" time="0.0"/>
  <testcase name="TestALotOfAdding" classname="LocalCMCTests" time="0.002"/>
  <testcase name="TestALotOfAdding" classname="LocalCMCTests" time="0.002"/>
  <testcase name="TestALotOfAdding" classname="LocalCMCTests" time="0.0"/>
  <testcase name="TestALotOfAdding" classname="LocalCMCTests" time="0.0"/>
  <testcase name="TestALotOfAdding" classname="LocalCMCTests" time="0.0"/>
  <testcase name="TestALotOfAdding" classname="LocalCMCTests" time="0.002"/>
  <testcase name="TestALotOfAdding" classname="LocalCMCTests" time="0.0"/>
  <testcase name="TestALotOfAdding" classname="LocalCMCTests" time="0.0"/>
  <testcase name="TestALotOfAdding" classname="LocalCMCTests" time="0.001"/>
  <testcase name="TestALotOfAdding" classname="LocalCMCTests" time="0.0"/>
  <testcase name="TestALotOfAdding" classname="LocalCMCTests" time="0.002"/>
  <testcase name="TestALotOfAdding" classname="LocalCMCTests" time="0.0"/>
  <testcase name="TestALotOfAdding" classname="LocalCMCTests" time="0.001"/>
  <testcase name="TestALotOfAdding" classname="LocalCMCTests" time="0.002"/>
  <testcase name="TestALotOfAdding" classname="LocalCMCTests" time="0.0"/>
  <testcase name="TestALotOfAdding" classname="LocalCMCTests" time="0.003"/>
  <testcase name="TestALotOfAdding" classname="LocalCMCTests" time="0.0"/>
  <testcase name="TestALotOfAdding" classname="LocalCMCTests" time="0.001"/>
  <testcase name="TestALotOfAdding" classname="LocalCMCTests" time="0.001"/>
  <testcase name="TestALotOfAdding" classname="LocalCMCTests" time="0.001"/>
  <testcase name="TestALotOfAdding" classname="LocalCMCTests" time="0.001"/>
  <testcase name="TestALotOfAdding" classname="LocalCMCTests" time="0.0"/>
  <testcase name="TestALotOfAdding" classname="LocalCMCTests" time="0.001"/>
  <testcase name="TestALotOfAdding" classname="LocalCMCTests" time="0.0"/>
  <testcase name="TestALotOfAdding" classname="LocalCMCTests" time="0.001"/>
  <testcase name="TestALotOfAdding" classname="LocalCMCTests" time="0.0"/>
  <testcase name="TestALotOfAdding" classname="LocalCMCTests" time="0.001"/>
  <testcase name="TestALotOfAdding" classname="LocalCMCTests" time="0.001"/>
  <testcase name="TestALotOfAdding" classname="LocalCMCTests" time="0.001"/>
  <testcase name="TestALotOfAdding" classname="LocalCMCTests" time="0.0"/>
  <testcase name="TestALotOfAdding" classname="LocalCMCTests" time="0.0"/>
  <testcase name="TestALotOfAdding" classname="LocalCMCTests" time="0.001"/>
  <testcase name="TestALotOfAdding" classname="LocalCMCTests" time="0.001"/>
  <testcase name="TestALotOfAdding" classname="LocalCMCTests" time="0.0"/>
  <testcase name="TestALotOfAdding" classname="LocalCMCTests" time="0.001"/>
  <testcase name="TestALotOfAdding" classname="LocalCMCTests" time="0.001"/>
  <testcase name="TestALotOfAdding" classname="LocalCMCTests" time="0.001"/>
  <testcase name="TestALotOfAdding" classname="LocalCMCTests" time="0.001"/>
  <testcase name="TestALotOfAdding" classname="LocalCMCTests" time="0.0"/>
  <testcase name="TestALotOfAdding" classname="LocalCMCTests" time="0.001"/>
  <testcase name="TestALotOfAdding" classname="LocalCMCTests" time="0.0"/>
  <testcase name="TestALotOfAdding" classname="LocalCMCTests" time="0.0"/>
  <testcase name="TestALotOfAdding" classname="LocalCMCTests" time="0.0"/>
  <testcase name="TestALotOfAdding" classname="LocalCMCTests" time="0.001"/>
  <testcase name="TestALotOfAdding" classname="LocalCMCTests" time="0.001"/>
  <testcase name="TestALotOfAdding" classname="LocalCMCTests" time="0.001"/>
  <testcase name="TestALotOfAdding" classname="LocalCMCTests" time="0.001"/>
  <testcase name="TestALotOfAdding" classname="LocalCMCTests" time="0.001"/>
  <testcase name="TestALotOfAdding" classname="LocalCMCTests" time="0.001"/>
  <testcase name="TestALotOfAdding" classname="LocalCMCTests" time="0.001"/>
  <testcase name="TestALotOfAdding" classname="LocalCMCTests" time="0.0"/>
  <testcase name="TestALotOfAdding" classname="LocalCMCTests" time="0.001"/>
  <testcase name="TestALotOfAdding" classname="LocalCMCTests" time="0.0"/>
  <testcase name="TestALotOfAdding" classname="LocalCMCTests" time="0.0"/>
  <testcase name="TestALotOfAdding" classname="LocalCMCTests" time="0.0"/>
  <testcase name="TestALotOfAdding" classname="LocalCMCTests" time="0.001"/>
  <testcase name="TestALotOfAdding" classname="LocalCMCTests" time="0.0"/>
  <testcase name="TestALotOfAdding" classname="LocalCMCTests" time="0.0"/>
  <testcase name="TestALotOfAdding" classname="LocalCMCTests" time="0.0"/>
  <testcase name="TestALotOfAdding" classname="LocalCMCTests" time="0.0"/>
  <testcase name="TestALotOfAdding" classname="LocalCMCTests" time="0.001"/>
  <testcase name="TestALotOfAdding" classname="LocalCMCTests" time="0.0"/>
  <testcase name="TestALotOfAdding" classname="LocalCMCTests" time="0.001"/>
  <testcase name="TestALotOfAdding" classname="LocalCMCTests" time="0.0"/>
  <testcase name="TestALotOfAdding" classname="LocalCMCTests" time="0.001"/>
  <testcase name="TestALotOfAdding" classname="LocalCMCTests" time="0.001"/>
  <testcase name="TestALotOfAdding" classname="LocalCMCTests" time="0.0"/>
  <testcase name="TestALotOfAdding" classname="LocalCMCTests" time="0.0"/>
  <testcase name="TestALotOfAdding" classname="LocalCMCTests" time="0.001"/>
  <testcase name="TestALotOfAdding" classname="LocalCMCTests" time="0.001"/>
  <testcase name="TestALotOfAdding" classname="LocalCMCTests" time="0.0"/>
  <testcase name="TestALotOfAdding" classname="LocalCMCTests" time="0.001"/>
  <testcase name="TestALotOfAdding" classname="LocalCMCTests" time="0.0"/>
  <testcase name="TestALotOfAdding" classname="LocalCMCTests" time="0.0"/>
  <testcase name="TestALotOfAdding" classname="LocalCMCTests" time="0.0"/>
  <testcase name="TestALotOfAdding" classname="LocalCMCTests" time="0.001"/>
  <testcase name="TestALotOfAdding" classname="LocalCMCTests" time="0.0"/>
  <testcase name="TestALotOfAdding" classname="LocalCMCTests" time="0.001"/>
  <testcase name="TestALotOfAdding" classname="LocalCMCTests" time="0.001"/>
  <testcase name="TestALotOfAdding" classname="LocalCMCTests" time="0.001"/>
  <testcase name="TestALotOfAdding" classname="LocalCMCTests" time="0.0"/>
  <testcase name="TestALotOfAdding" classname="LocalCMCTests" time="0.001"/>
  <testcase name="TestALotOfAdding" classname="LocalCMCTests" time="0.001"/>
  <testcase name="TestALotOfAdding" classname="LocalCMCTests" time="0.001"/>
  <testcase name="TestALotOfAdding" classname="LocalCMCTests" time="0.001"/>
  <testcase name="TestALotOfAdding" classname="LocalCMCTests" time="0.001"/>
  <testcase name="TestALotOfAdding" classname="LocalCMCTests" time="0.0"/>
  <testcase name="TestALotOfAdding" classname="LocalCMCTests" time="0.0"/>
  <testcase name="TestALotOfAdding" classname="LocalCMCTests" time="0.001"/>
  <testcase name="TestALotOfAdding" classname="LocalCMCTests" time="0.0"/>
  <testcase name="TestALotOfAdding" classname="LocalCMCTests" time="0.001"/>
  <testcase name="TestALotOfAdding" classname="LocalCMCTests" time="0.0"/>
  <testcase name="TestALotOfAdding" classname="LocalCMCTests" time="0.002"/>
  <testcase name="TestALotOfAdding" classname="LocalCMCTests" time="0.001"/>
  <testcase name="TestALotOfAdding" classname="LocalCMCTests" time="0.001"/>
  <testcase name="TestALotOfAdding" classname="LocalCMCTests" time="0.0"/>
  <testcase name="TestALotOfAdding" classname="LocalCMCTests" time="0.001"/>
  <testcase name="TestALotOfAdding" classname="LocalCMCTests" time="0.001"/>
  <testcase name="TestALotOfAdding" classname="LocalCMCTests" time="0.001"/>
  <testcase name="TestALotOfAdding" classname="LocalCMCTests" time="0.001"/>
  <testcase name="TestALotOfAdding" classname="LocalCMCTests" time="0.0"/>
  <testcase name="TestALotOfAdding" classname="LocalCMCTests" time="0.0"/>
  <testcase name="TestALotOfAdding" classname="LocalCMCTests" time="0.0"/>
  <testcase name="TestALotOfAdding" classname="LocalCMCTests" time="0.0"/>
  <testcase name="TestALotOfAdding" classname="LocalCMCTests" time="0.0"/>
  <testcase name="TestALotOfAdding" classname="LocalCMCTests" time="0.0"/>
  <testcase name="TestALotOfAdding" classname="LocalCMCTests" time="0.0"/>
  <testcase name="TestALotOfAdding" classname="LocalCMCTests" time="0.002"/>
  <testcase name="TestALotOfAdding" classname="LocalCMCTests" time="0.002"/>
  <testcase name="TestALotOfAdding" classname="LocalCMCTests" time="0.0"/>
  <testcase name="TestALotOfAdding" classname="LocalCMCTests" time="0.0"/>
  <testcase name="TestALotOfAdding" classname="LocalCMCTests" time="0.0"/>
  <testcase name="TestALotOfAdding" classname="LocalCMCTests" time="0.0"/>
  <testcase name="TestALotOfAdding" classname="LocalCMCTests" time="0.0"/>
  <testcase name="TestALotOfAdding" classname="LocalCMCTests" time="0.002"/>
  <testcase name="TestALotOfAdding" classname="LocalCMCTests" time="0.001"/>
  <testcase name="TestALotOfAdding" classname="LocalCMCTests" time="0.0"/>
  <testcase name="TestALotOfAdding" classname="LocalCMCTests" time="0.0"/>
  <testcase name="TestALotOfAdding" classname="LocalCMCTests" time="0.001"/>
  <testcase name="TestALotOfAdding" classname="LocalCMCTests" time="0.001"/>
  <testcase name="TestALotOfAdding" classname="LocalCMCTests" time="0.0"/>
  <testcase name="TestALotOfAdding" classname="LocalCMCTests" time="0.0"/>
  <testcase name="TestALotOfAdding" classname="LocalCMCTests" time="0.002"/>
  <testcase name="TestALotOfAdding" classname="LocalCMCTests" time="0.002"/>
  <testcase name="TestALotOfAdding" classname="LocalCMCTests" time="0.0"/>
  <testcase name="TestALotOfAdding" classname="LocalCMCTests" time="0.0"/>
  <testcase name="TestALotOfAdding" classname="LocalCMCTests" time="0.002"/>
  <testcase name="TestALotOfAdding" classname="LocalCMCTests" time="0.0"/>
  <testcase name="TestALotOfAdding" classname="LocalCMCTests" time="0.002"/>
  <testcase name="TestALotOfAdding" classname="LocalCMCTests" time="0.001"/>
  <testcase name="TestALotOfAdding" classname="LocalCMCTests" time="0.001"/>
  <testcase name="TestALotOfAdding" classname="LocalCMCTests" time="0.001"/>
  <testcase name="TestALotOfAdding" classname="LocalCMCTests" time="0.001"/>
  <testcase name="TestALotOfAdding" classname="LocalCMCTests" time="0.0"/>
  <testcase name="TestALotOfAdding" classname="LocalCMCTests" time="0.0"/>
  <testcase name="TestALotOfAdding" classname="LocalCMCTests" time="0.0"/>
  <testcase name="TestALotOfAdding" classname="LocalCMCTests" time="0.0"/>
  <testcase name="TestALotOfAdding" classname="LocalCMCTests" time="0.001"/>
  <testcase name="TestALotOfAdding" classname="LocalCMCTests" time="0.001"/>
  <testcase name="TestALotOfAdding" classname="LocalCMCTests" time="0.0"/>
  <testcase name="TestALotOfAdding" classname="LocalCMCTests" time="0.001"/>
  <testcase name="TestALotOfAdding" classname="LocalCMCTests" time="0.001"/>
  <testcase name="TestALotOfAdding" classname="LocalCMCTests" time="0.002"/>
  <testcase name="TestALotOfAdding" classname="LocalCMCTests" time="0.0"/>
  <testcase name="TestALotOfAdding" classname="LocalCMCTests" time="0.001"/>
  <testcase name="TestALotOfAdding" classname="LocalCMCTests" time="0.001"/>
  <testcase name="TestALotOfAdding" classname="LocalCMCTests" time="0.001"/>
  <testcase name="TestALotOfAdding" classname="LocalCMCTests" time="0.0"/>
  <testcase name="TestALotOfAdding" classname="LocalCMCTests" time="0.001"/>
  <testcase name="TestALotOfAdding" classname="LocalCMCTests" time="0.001"/>
  <testcase name="TestALotOfAdding" classname="LocalCMCTests" time="0.0"/>
  <testcase name="TestALotOfAdding" classname="LocalCMCTests" time="0.0"/>
  <testcase name="TestALotOfAdding" classname="LocalCMCTests" time="0.001"/>
  <testcase name="TestALotOfAdding" classname="LocalCMCTests" time="0.0"/>
  <testcase name="TestALotOfAdding" classname="LocalCMCTests" time="0.001"/>
  <testcase name="TestALotOfAdding" classname="LocalCMCTests" time="0.0"/>
  <testcase name="TestALotOfAdding" classname="LocalCMCTests" time="0.0"/>
  <testcase name="TestALotOfAdding" classname="LocalCMCTests" time="0.0"/>
  <testcase name="TestALotOfAdding" classname="LocalCMCTests" time="0.001"/>
  <testcase name="TestALotOfAdding" classname="LocalCMCTests" time="0.001"/>
  <testcase name="TestALotOfAdding" classname="LocalCMCTests" time="0.001"/>
  <testcase name="TestALotOfAdding" classname="LocalCMCTests" time="0.001"/>
  <testcase name="TestALotOfAdding" classname="LocalCMCTests" time="0.001"/>
  <testcase name="TestALotOfAdding" classname="LocalCMCTests" time="0.0"/>
  <testcase name="TestALotOfAdding" classname="LocalCMCTests" time="0.0"/>
  <testcase name="TestALotOfAdding" classname="LocalCMCTests" time="0.0"/>
  <testcase name="TestALotOfAdding" classname="LocalCMCTests" time="0.001"/>
  <testcase name="TestALotOfAdding" classname="LocalCMCTests" time="0.0"/>
  <testcase name="TestALotOfAdding" classname="LocalCMCTests" time="0.001"/>
  <testcase name="TestALotOfAdding" classname="LocalCMCTests" time="0.002"/>
  <testcase name="TestALotOfAdding" classname="LocalCMCTests" time="0.0"/>
  <testcase name="TestALotOfAdding" classname="LocalCMCTests" time="0.001"/>
  <testcase name="TestALotOfAdding" classname="LocalCMCTests" time="0.001"/>
  <testcase name="TestALotOfAdding" classname="LocalCMCTests" time="0.001"/>
  <testcase name="TestALotOfAdding" classname="LocalCMCTests" time="0.001"/>
  <testcase name="TestALotOfAdding" classname="LocalCMCTests" time="0.001"/>
  <testcase name="TestALotOfAdding" classname="LocalCMCTests" time="0.001"/>
  <testcase name="TestALotOfAdding" classname="LocalCMCTests" time="0.001"/>
  <testcase name="TestALotOfAdding" classname="LocalCMCTests" time="0.0"/>
  <testcase name="TestALotOfAdding" classname="LocalCMCTests" time="0.0"/>
  <testcase name="TestALotOfAdding" classname="LocalCMCTests" time="0.0"/>
  <testcase name="TestALotOfAdding" classname="LocalCMCTests" time="0.001"/>
  <testcase name="TestALotOfAdding" classname="LocalCMCTests" time="0.0"/>
  <testcase name="TestALotOfAdding" classname="LocalCMCTests" time="0.001"/>
  <testcase name="TestALotOfAdding" classname="LocalCMCTests" time="0.001"/>
  <testcase name="TestALotOfAdding" classname="LocalCMCTests" time="0.0"/>
  <testcase name="TestALotOfAdding" classname="LocalCMCTests" time="0.0"/>
  <testcase name="TestALotOfAdding" classname="LocalCMCTests" time="0.0"/>
  <testcase name="TestALotOfAdding" classname="LocalCMCTests" time="0.001"/>
  <testcase name="TestALotOfAdding" classname="LocalCMCTests" time="0.002"/>
  <testcase name="TestALotOfAdding" classname="LocalCMCTests" time="0.002"/>
  <testcase name="TestALotOfAdding" classname="LocalCMCTests" time="0.0"/>
  <testcase name="TestALotOfAdding" classname="LocalCMCTests" time="0.001"/>
  <testcase name="TestALotOfAdding" classname="LocalCMCTests" time="0.001"/>
  <testcase name="TestALotOfAdding" classname="LocalCMCTests" time="0.0"/>
  <testcase name="TestALotOfAdding" classname="LocalCMCTests" time="0.001"/>
  <testcase name="TestALotOfAdding" classname="LocalCMCTests" time="0.001"/>
  <testcase name="TestALotOfAdding" classname="LocalCMCTests" time="0.0"/>
  <testcase name="TestALotOfAdding" classname="LocalCMCTests" time="0.001"/>
  <testcase name="TestALotOfAdding" classname="LocalCMCTests" time="0.0"/>
  <testcase name="TestALotOfAdding" classname="LocalCMCTests" time="0.0"/>
  <testcase name="TestALotOfAdding" classname="LocalCMCTests" time="0.0"/>
  <testcase name="TestALotOfAdding" classname="LocalCMCTests" time="0.0"/>
  <testcase name="TestALotOfAdding" classname="LocalCMCTests" time="0.001"/>
  <testcase name="TestALotOfAdding" classname="LocalCMCTests" time="0.0"/>
  <testcase name="TestALotOfAdding" classname="LocalCMCTests" time="0.0"/>
  <testcase name="TestALotOfAdding" classname="LocalCMCTests" time="0.002"/>
  <testcase name="TestALotOfAdding" classname="LocalCMCTests" time="0.001"/>
  <testcase name="TestALotOfAdding" classname="LocalCMCTests" time="0.001"/>
  <testcase name="TestALotOfAdding" classname="LocalCMCTests" time="0.001"/>
  <testcase name="TestALotOfAdding" classname="LocalCMCTests" time="0.001"/>
  <testcase name="TestALotOfAdding" classname="LocalCMCTests" time="0.0"/>
  <testcase name="TestALotOfAdding" classname="LocalCMCTests" time="0.001"/>
  <testcase name="TestALotOfAdding" classname="LocalCMCTests" time="0.0"/>
  <testcase name="TestALotOfAdding" classname="LocalCMCTests" time="0.0"/>
  <testcase name="TestALotOfAdding" classname="LocalCMCTests" time="0.001"/>
  <testcase name="TestALotOfAdding" classname="LocalCMCTests" time="0.0"/>
  <testcase name="TestALotOfAdding" classname="LocalCMCTests" time="0.001"/>
  <testcase name="TestALotOfAdding" classname="LocalCMCTests" time="0.0"/>
  <testcase name="TestALotOfAdding" classname="LocalCMCTests" time="0.001"/>
  <testcase name="TestALotOfAdding" classname="LocalCMCTests" time="0.0"/>
  <testcase name="TestALotOfAdding" classname="LocalCMCTests" time="0.0"/>
  <testcase name="TestALotOfAdding" classname="LocalCMCTests" time="0.001"/>
  <testcase name="TestALotOfAdding" classname="LocalCMCTests" time="0.001"/>
  <testcase name="TestALotOfAdding" classname="LocalCMCTests" time="0.002"/>
  <testcase name="TestALotOfAdding" classname="LocalCMCTests" time="0.0"/>
  <testcase name="TestALotOfAdding" classname="LocalCMCTests" time="0.0"/>
  <testcase name="TestALotOfAdding" classname="LocalCMCTests" time="0.0"/>
  <testcase name="TestALotOfAdding" classname="LocalCMCTests" time="0.0"/>
  <testcase name="TestALotOfAdding" classname="LocalCMCTests" time="0.001"/>
  <testcase name="TestALotOfAdding" classname="LocalCMCTests" time="0.001"/>
  <testcase name="TestALotOfAdding" classname="LocalCMCTests" time="0.001"/>
  <testcase name="TestALotOfAdding" classname="LocalCMCTests" time="0.001"/>
  <testcase name="TestALotOfAdding" classname="LocalCMCTests" time="0.0"/>
  <testcase name="TestALotOfAdding" classname="LocalCMCTests" time="0.001"/>
  <testcase name="TestALotOfAdding" classname="LocalCMCTests" time="0.0"/>
  <testcase name="TestALotOfAdding" classname="LocalCMCTests" time="0.001"/>
  <testcase name="TestALotOfAdding" classname="LocalCMCTests" time="0.0"/>
  <testcase name="TestALotOfAdding" classname="LocalCMCTests" time="0.001"/>
  <testcase name="TestALotOfAdding" classname="LocalCMCTests" time="0.001"/>
  <testcase name="TestALotOfAdding" classname="LocalCMCTests" time="0.0"/>
  <testcase name="TestALotOfAdding" classname="LocalCMCTests" time="0.001"/>
  <testcase name="TestALotOfAdding" classname="LocalCMCTests" time="0.001"/>
  <testcase name="TestALotOfAdding" classname="LocalCMCTests" time="0.0"/>
  <testcase name="TestALotOfAdding" classname="LocalCMCTests" time="0.0"/>
  <testcase name="TestALotOfAdding" classname="LocalCMCTests" time="0.0"/>
  <testcase name="TestALotOfAdding" classname="LocalCMCTests" time="0.001"/>
  <testcase name="TestALotOfAdding" classname="LocalCMCTests" time="0.001"/>
  <testcase name="TestALotOfAdding" classname="LocalCMCTests" time="0.001"/>
  <testcase name="TestALotOfAdding" classname="LocalCMCTests" time="0.0"/>
  <testcase name="TestALotOfAdding" classname="LocalCMCTests" time="0.001"/>
  <testcase name="TestALotOfAdding" classname="LocalCMCTests" time="0.0"/>
  <testcase name="TestALotOfAdding" classname="LocalCMCTests" time="0.001"/>
  <testcase name="TestALotOfAdding" classname="LocalCMCTests" time="0.0"/>
  <testcase name="TestALotOfAdding" classname="LocalCMCTests" time="0.0"/>
  <testcase name="TestALotOfAdding" classname="LocalCMCTests" time="0.001"/>
  <testcase name="TestALotOfAdding" classname="LocalCMCTests" time="0.0"/>
  <testcase name="TestALotOfAdding" classname="LocalCMCTests" time="0.001"/>
  <testcase name="TestALotOfAdding" classname="LocalCMCTests" time="0.001"/>
  <testcase name="TestALotOfAdding" classname="LocalCMCTests" time="0.001"/>
  <testcase name="TestALotOfAdding" classname="LocalCMCTests" time="0.0"/>
  <testcase name="TestALotOfAdding" classname="LocalCMCTests" time="0.001"/>
  <testcase name="TestALotOfAdding" classname="LocalCMCTests" time="0.0"/>
  <testcase name="TestALotOfAdding" classname="LocalCMCTests" time="0.001"/>
  <testcase name="TestALotOfAdding" classname="LocalCMCTests" time="0.001"/>
  <testcase name="TestALotOfAdding" classname="LocalCMCTests" time="0.0"/>
  <testcase name="TestALotOfAdding" classname="LocalCMCTests" time="0.0"/>
  <testcase name="TestALotOfAdding" classname="LocalCMCTests" time="0.0"/>
  <testcase name="TestALotOfAdding" classname="LocalCMCTests" time="0.0"/>
  <testcase name="TestALotOfAdding" classname="LocalCMCTests" time="0.0"/>
  <testcase name="TestALotOfAdding" classname="LocalCMCTests" time="0.001"/>
  <testcase name="TestALotOfAdding" classname="LocalCMCTests" time="0.002"/>
  <testcase name="TestALotOfAdding" classname="LocalCMCTests" time="0.004"/>
  <testcase name="TestALotOfAdding" classname="LocalCMCTests" time="0.001"/>
  <testcase name="TestALotOfAdding" classname="LocalCMCTests" time="0.001"/>
  <testcase name="TestALotOfAdding" classname="LocalCMCTests" time="0.0"/>
  <testcase name="TestALotOfAdding" classname="LocalCMCTests" time="0.001"/>
  <testcase name="TestALotOfAdding" classname="LocalCMCTests" time="0.0"/>
  <testcase name="TestALotOfAdding" classname="LocalCMCTests" time="0.001"/>
  <testcase name="TestALotOfAdding" classname="LocalCMCTests" time="0.001"/>
  <testcase name="TestALotOfAdding" classname="LocalCMCTests" time="0.0"/>
  <testcase name="TestALotOfAdding" classname="LocalCMCTests" time="0.001"/>
  <testcase name="TestALotOfAdding" classname="LocalCMCTests" time="0.0"/>
  <testcase name="TestALotOfAdding" classname="LocalCMCTests" time="0.0"/>
  <testcase name="TestALotOfAdding" classname="LocalCMCTests" time="0.0"/>
  <testcase name="TestALotOfAdding" classname="LocalCMCTests" time="0.0"/>
  <testcase name="TestALotOfAdding" classname="LocalCMCTests" time="0.0"/>
  <testcase name="TestALotOfAdding" classname="LocalCMCTests" time="0.001"/>
  <testcase name="TestALotOfAdding" classname="LocalCMCTests" time="0.002"/>
  <testcase name="TestALotOfAdding" classname="LocalCMCTests" time="0.002"/>
  <testcase name="TestALotOfAdding" classname="LocalCMCTests" time="0.0"/>
  <testcase name="TestALotOfAdding" classname="LocalCMCTests" time="0.001"/>
  <testcase name="TestALotOfAdding" classname="LocalCMCTests" time="0.001"/>
  <testcase name="TestALotOfAdding" classname="LocalCMCTests" time="0.001"/>
  <testcase name="TestALotOfAdding" classname="LocalCMCTests" time="0.001"/>
  <testcase name="TestALotOfAdding" classname="LocalCMCTests" time="0.0"/>
  <testcase name="TestALotOfAdding" classname="LocalCMCTests" time="0.0"/>
  <testcase name="TestALotOfAdding" classname="LocalCMCTests" time="0.0"/>
  <testcase name="TestALotOfAdding" classname="LocalCMCTests" time="0.0"/>
  <testcase name="TestALotOfAdding" classname="LocalCMCTests" time="0.0"/>
  <testcase name="TestALotOfAdding" classname="LocalCMCTests" time="0.0"/>
  <testcase name="TestALotOfAdding" classname="LocalCMCTests" time="0.001"/>
  <testcase name="TestALotOfAdding" classname="LocalCMCTests" time="0.001"/>
  <testcase name="TestALotOfAdding" classname="LocalCMCTests" time="0.0"/>
  <testcase name="TestALotOfAdding" classname="LocalCMCTests" time="0.002"/>
  <testcase name="TestALotOfAdding" classname="LocalCMCTests" time="0.0"/>
  <testcase name="TestALotOfAdding" classname="LocalCMCTests" time="0.001"/>
  <testcase name="TestALotOfAdding" classname="LocalCMCTests" time="0.001"/>
  <testcase name="TestALotOfAdding" classname="LocalCMCTests" time="0.001"/>
  <testcase name="TestALotOfAdding" classname="LocalCMCTests" time="0.001"/>
  <testcase name="TestALotOfAdding" classname="LocalCMCTests" time="0.001"/>
  <testcase name="TestALotOfAdding" classname="LocalCMCTests" time="0.0"/>
  <testcase name="TestALotOfAdding" classname="LocalCMCTests" time="0.001"/>
  <testcase name="TestALotOfAdding" classname="LocalCMCTests" time="0.0"/>
  <testcase name="TestALotOfAdding" classname="LocalCMCTests" time="0.001"/>
  <testcase name="TestALotOfAdding" classname="LocalCMCTests" time="0.0"/>
  <testcase name="TestALotOfAdding" classname="LocalCMCTests" time="0.001"/>
  <testcase name="TestALotOfAdding" classname="LocalCMCTests" time="0.0"/>
  <testcase name="TestALotOfAdding" classname="LocalCMCTests" time="0.0"/>
  <testcase name="TestALotOfAdding" classname="LocalCMCTests" time="0.0"/>
  <testcase name="TestALotOfAdding" classname="LocalCMCTests" time="0.0"/>
  <testcase name="TestALotOfAdding" classname="LocalCMCTests" time="0.001"/>
  <testcase name="TestALotOfAdding" classname="LocalCMCTests" time="0.001"/>
  <testcase name="TestALotOfAdding" classname="LocalCMCTests" time="0.0"/>
  <testcase name="TestALotOfAdding" classname="LocalCMCTests" time="0.001"/>
  <testcase name="TestALotOfAdding" classname="LocalCMCTests" time="0.001"/>
  <testcase name="TestALotOfAdding" classname="LocalCMCTests" time="0.0"/>
  <testcase name="TestALotOfAdding" classname="LocalCMCTests" time="0.001"/>
  <testcase name="TestALotOfAdding" classname="LocalCMCTests" time="0.0"/>
  <testcase name="TestALotOfAdding" classname="LocalCMCTests" time="0.001"/>
  <testcase name="TestALotOfAdding" classname="LocalCMCTests" time="0.001"/>
  <testcase name="TestALotOfAdding" classname="LocalCMCTests" time="0.001"/>
  <testcase name="TestALotOfAdding" classname="LocalCMCTests" time="0.0"/>
  <testcase name="TestALotOfAdding" classname="LocalCMCTests" time="0.0"/>
  <testcase name="TestALotOfAdding" classname="LocalCMCTests" time="0.0"/>
  <testcase name="TestALotOfAdding" classname="LocalCMCTests" time="0.0"/>
  <testcase name="TestALotOfAdding" classname="LocalCMCTests" time="0.001"/>
  <testcase name="TestALotOfAdding" classname="LocalCMCTests" time="0.0"/>
  <testcase name="TestALotOfAdding" classname="LocalCMCTests" time="0.001"/>
  <testcase name="TestALotOfAdding" classname="LocalCMCTests" time="0.001"/>
  <testcase name="TestALotOfAdding" classname="LocalCMCTests" time="0.0"/>
  <testcase name="TestALotOfAdding" classname="LocalCMCTests" time="0.001"/>
  <testcase name="TestALotOfAdding" classname="LocalCMCTests" time="0.001"/>
  <testcase name="TestALotOfAdding" classname="LocalCMCTests" time="0.002"/>
  <testcase name="TestALotOfAdding" classname="LocalCMCTests" time="0.0"/>
  <testcase name="TestALotOfAdding" classname="LocalCMCTests" time="0.001"/>
  <testcase name="TestALotOfAdding" classname="LocalCMCTests" time="0.001"/>
  <testcase name="TestALotOfAdding" classname="LocalCMCTests" time="0.0"/>
  <testcase name="TestALotOfAdding" classname="LocalCMCTests" time="0.0"/>
  <testcase name="TestALotOfAdding" classname="LocalCMCTests" time="0.0"/>
  <testcase name="TestALotOfAdding" classname="LocalCMCTests" time="0.001"/>
  <testcase name="TestALotOfAdding" classname="LocalCMCTests" time="0.0"/>
  <testcase name="TestALotOfAdding" classname="LocalCMCTests" time="0.0"/>
  <testcase name="TestALotOfAdding" classname="LocalCMCTests" time="0.0"/>
  <testcase name="TestALotOfAdding" classname="LocalCMCTests" time="0.001"/>
  <testcase name="TestALotOfAdding" classname="LocalCMCTests" time="0.001"/>
  <testcase name="TestALotOfAdding" classname="LocalCMCTests" time="0.0"/>
  <testcase name="TestALotOfAdding" classname="LocalCMCTests" time="0.002"/>
  <testcase name="TestALotOfAdding" classname="LocalCMCTests" time="0.0"/>
  <testcase name="TestALotOfAdding" classname="LocalCMCTests" time="0.001"/>
  <testcase name="TestALotOfAdding" classname="LocalCMCTests" time="0.001"/>
  <testcase name="TestALotOfAdding" classname="LocalCMCTests" time="0.001"/>
  <testcase name="TestALotOfAdding" classname="LocalCMCTests" time="0.001"/>
  <testcase name="TestALotOfAdding" classname="LocalCMCTests" time="0.0"/>
  <testcase name="TestALotOfAdding" classname="LocalCMCTests" time="0.001"/>
  <testcase name="TestALotOfAdding" classname="LocalCMCTests" time="0.0"/>
  <testcase name="TestALotOfAdding" classname="LocalCMCTests" time="0.001"/>
  <testcase name="TestALotOfAdding" classname="LocalCMCTests" time="0.0"/>
  <testcase name="TestALotOfAdding" classname="LocalCMCTests" time="0.001"/>
  <testcase name="TestALotOfAdding" classname="LocalCMCTests" time="0.0"/>
  <testcase name="TestALotOfAdding" classname="LocalCMCTests" time="0.001"/>
  <testcase name="TestALotOfAdding" classname="LocalCMCTests" time="0.0"/>
  <testcase name="TestALotOfAdding" classname="LocalCMCTests" time="0.001"/>
  <testcase name="TestALotOfAdding" classname="LocalCMCTests" time="0.0"/>
  <testcase name="TestALotOfAdding" classname="LocalCMCTests" time="0.001"/>
  <testcase name="TestALotOfAdding" classname="LocalCMCTests" time="0.001"/>
  <testcase name="TestALotOfAdding" classname="LocalCMCTests" time="0.001"/>
  <testcase name="TestALotOfAdding" classname="LocalCMCTests" time="0.0"/>
  <testcase name="TestALotOfAdding" classname="LocalCMCTests" time="0.001"/>
  <testcase name="TestALotOfAdding" classname="LocalCMCTests" time="0.0"/>
  <testcase name="TestALotOfAdding" classname="LocalCMCTests" time="0.0"/>
  <testcase name="TestALotOfAdding" classname="LocalCMCTests" time="0.0"/>
  <testcase name="TestALotOfAdding" classname="LocalCMCTests" time="0.0"/>
  <testcase name="TestALotOfAdding" classname="LocalCMCTests" time="0.0"/>
  <testcase name="TestALotOfAdding" classname="LocalCMCTests" time="0.001"/>
  <testcase name="TestALotOfAdding" classname="LocalCMCTests" time="0.001"/>
  <testcase name="TestALotOfAdding" classname="LocalCMCTests" time="0.002"/>
  <testcase name="TestALotOfAdding" classname="LocalCMCTests" time="0.001"/>
  <testcase name="TestALotOfAdding" classname="LocalCMCTests" time="0.001"/>
  <testcase name="TestALotOfAdding" classname="LocalCMCTests" time="0.0"/>
  <testcase name="TestALotOfAdding" classname="LocalCMCTests" time="0.0"/>
  <testcase name="TestALotOfAdding" classname="LocalCMCTests" time="0.0"/>
  <testcase name="TestALotOfAdding" classname="LocalCMCTests" time="0.0"/>
  <testcase name="TestALotOfAdding" classname="LocalCMCTests" time="0.0"/>
  <testcase name="TestALotOfAdding" classname="LocalCMCTests" time="0.0"/>
  <testcase name="TestALotOfAdding" classname="LocalCMCTests" time="0.001"/>
  <testcase name="TestALotOfAdding" classname="LocalCMCTests" time="0.001"/>
  <testcase name="TestALotOfAdding" classname="LocalCMCTests" time="0.001"/>
  <testcase name="TestALotOfAdding" classname="LocalCMCTests" time="0.002"/>
  <testcase name="TestALotOfAdding" classname="LocalCMCTests" time="0.001"/>
  <testcase name="TestALotOfAdding" classname="LocalCMCTests" time="0.001"/>
  <testcase name="TestALotOfAdding" classname="LocalCMCTests" time="0.0"/>
  <testcase name="TestALotOfAdding" classname="LocalCMCTests" time="0.0"/>
  <testcase name="TestALotOfAdding" classname="LocalCMCTests" time="0.001"/>
  <testcase name="TestALotOfAdding" classname="LocalCMCTests" time="0.0"/>
  <testcase name="TestALotOfAdding" classname="LocalCMCTests" time="0.0"/>
  <testcase name="TestALotOfAdding" classname="LocalCMCTests" time="0.001"/>
  <testcase name="TestALotOfAdding" classname="LocalCMCTests" time="0.001"/>
  <testcase name="TestALotOfAdding" classname="LocalCMCTests" time="0.001"/>
  <testcase name="TestALotOfAdding" classname="LocalCMCTests" time="0.0"/>
  <testcase name="TestALotOfAdding" classname="LocalCMCTests" time="0.0"/>
  <testcase name="TestALotOfAdding" classname="LocalCMCTests" time="0.0"/>
  <testcase name="TestALotOfAdding" classname="LocalCMCTests" time="0.0"/>
  <testcase name="TestALotOfAdding" classname="LocalCMCTests" time="0.001"/>
  <testcase name="TestALotOfAdding" classname="LocalCMCTests" time="0.002"/>
  <testcase name="TestALotOfAdding" classname="LocalCMCTests" time="0.001"/>
  <testcase name="TestALotOfAdding" classname="LocalCMCTests" time="0.001"/>
  <testcase name="TestALotOfAdding" classname="LocalCMCTests" time="0.0"/>
  <testcase name="TestALotOfAdding" classname="LocalCMCTests" time="0.002"/>
  <testcase name="TestALotOfAdding" classname="LocalCMCTests" time="0.001"/>
  <testcase name="TestALotOfAdding" classname="LocalCMCTests" time="0.001"/>
  <testcase name="TestALotOfAdding" classname="LocalCMCTests" time="0.001"/>
  <testcase name="TestALotOfAdding" classname="LocalCMCTests" time="0.002"/>
  <testcase name="TestALotOfAdding" classname="LocalCMCTests" time="0.0"/>
  <testcase name="TestALotOfAdding" classname="LocalCMCTests" time="0.001"/>
  <testcase name="TestALotOfAdding" classname="LocalCMCTests" time="0.0"/>
  <testcase name="TestALotOfAdding" classname="LocalCMCTests" time="0.0"/>
  <testcase name="TestALotOfAdding" classname="LocalCMCTests" time="0.0"/>
  <testcase name="TestALotOfAdding" classname="LocalCMCTests" time="0.0"/>
  <testcase name="TestALotOfAdding" classname="LocalCMCTests" time="0.0"/>
  <testcase name="TestALotOfAdding" classname="LocalCMCTests" time="0.0"/>
  <testcase name="TestALotOfAdding" classname="LocalCMCTests" time="0.0"/>
  <testcase name="TestALotOfAdding" classname="LocalCMCTests" time="0.001"/>
  <testcase name="TestALotOfAdding" classname="LocalCMCTests" time="0.001"/>
  <testcase name="TestALotOfAdding" classname="LocalCMCTests" time="0.001"/>
  <testcase name="TestALotOfAdding" classname="LocalCMCTests" time="0.0"/>
  <testcase name="TestALotOfAdding" classname="LocalCMCTests" time="0.001"/>
  <testcase name="TestALotOfAdding" classname="LocalCMCTests" time="0.001"/>
  <testcase name="TestALotOfAdding" classname="LocalCMCTests" time="0.0"/>
  <testcase name="TestALotOfAdding" classname="LocalCMCTests" time="0.001"/>
  <testcase name="TestALotOfAdding" classname="LocalCMCTests" time="0.0"/>
  <testcase name="TestALotOfAdding" classname="LocalCMCTests" time="0.001"/>
  <testcase name="TestALotOfAdding" classname="LocalCMCTests" time="0.0"/>
  <testcase name="TestALotOfAdding" classname="LocalCMCTests" time="0.0"/>
  <testcase name="TestALotOfAdding" classname="LocalCMCTests" time="0.0"/>
  <testcase name="TestALotOfAdding" classname="LocalCMCTests" time="0.001"/>
  <testcase name="TestALotOfAdding" classname="LocalCMCTests" time="0.0"/>
  <testcase name="TestALotOfAdding" classname="LocalCMCTests" time="0.001"/>
  <testcase name="TestALotOfAdding" classname="LocalCMCTests" time="0.0"/>
  <testcase name="TestALotOfAdding" classname="LocalCMCTests" time="0.001"/>
  <testcase name="TestALotOfAdding" classname="LocalCMCTests" time="0.002"/>
  <testcase name="TestALotOfAdding" classname="LocalCMCTests" time="0.001"/>
  <testcase name="TestALotOfAdding" classname="LocalCMCTests" time="0.0"/>
  <testcase name="TestALotOfAdding" classname="LocalCMCTests" time="0.001"/>
  <testcase name="TestALotOfAdding" classname="LocalCMCTests" time="0.001"/>
  <testcase name="TestALotOfAdding" classname="LocalCMCTests" time="0.001"/>
  <testcase name="TestALotOfAdding" classname="LocalCMCTests" time="0.001"/>
  <testcase name="TestALotOfAdding" classname="LocalCMCTests" time="0.0"/>
  <testcase name="TestALotOfAdding" classname="LocalCMCTests" time="0.001"/>
  <testcase name="TestALotOfAdding" classname="LocalCMCTests" time="0.001"/>
  <testcase name="TestALotOfAdding" classname="LocalCMCTests" time="0.0"/>
  <testcase name="TestALotOfAdding" classname="LocalCMCTests" time="0.0"/>
  <testcase name="TestALotOfAdding" classname="LocalCMCTests" time="0.001"/>
  <testcase name="TestALotOfAdding" classname="LocalCMCTests" time="0.001"/>
  <testcase name="TestALotOfAdding" classname="LocalCMCTests" time="0.0"/>
  <testcase name="TestALotOfAdding" classname="LocalCMCTests" time="0.001"/>
  <testcase name="TestALotOfAdding" classname="LocalCMCTests" time="0.001"/>
  <testcase name="TestALotOfAdding" classname="LocalCMCTests" time="0.0"/>
  <testcase name="TestALotOfAdding" classname="LocalCMCTests" time="0.0"/>
  <testcase name="TestALotOfAdding" classname="LocalCMCTests" time="0.0"/>
  <testcase name="TestALotOfAdding" classname="LocalCMCTests" time="0.001"/>
  <testcase name="TestALotOfAdding" classname="LocalCMCTests" time="0.001"/>
  <testcase name="TestALotOfAdding" classname="LocalCMCTests" time="0.0"/>
  <testcase name="TestALotOfAdding" classname="LocalCMCTests" time="0.0"/>
  <testcase name="TestALotOfAdding" classname="LocalCMCTests" time="0.002"/>
  <testcase name="TestALotOfAdding" classname="LocalCMCTests" time="0.001"/>
  <testcase name="TestALotOfAdding" classname="LocalCMCTests" time="0.001"/>
  <testcase name="TestALotOfAdding" classname="LocalCMCTests" time="0.0"/>
  <testcase name="TestALotOfAdding" classname="LocalCMCTests" time="0.001"/>
  <testcase name="TestALotOfAdding" classname="LocalCMCTests" time="0.001"/>
  <testcase name="TestALotOfAdding" classname="LocalCMCTests" time="0.001"/>
  <testcase name="TestALotOfAdding" classname="LocalCMCTests" time="0.0"/>
  <testcase name="TestALotOfAdding" classname="LocalCMCTests" time="0.001"/>
  <testcase name="TestALotOfAdding" classname="LocalCMCTests" time="0.0"/>
  <testcase name="TestALotOfAdding" classname="LocalCMCTests" time="0.001"/>
  <testcase name="TestALotOfAdding" classname="LocalCMCTests" time="0.001"/>
  <testcase name="TestALotOfAdding" classname="LocalCMCTests" time="0.0"/>
  <testcase name="TestALotOfAdding" classname="LocalCMCTests" time="0.0"/>
  <testcase name="TestALotOfAdding" classname="LocalCMCTests" time="0.0"/>
  <testcase name="TestALotOfAdding" classname="LocalCMCTests" time="0.001"/>
  <testcase name="TestALotOfAdding" classname="LocalCMCTests" time="0.0"/>
  <testcase name="TestALotOfAdding" classname="LocalCMCTests" time="0.0"/>
  <testcase name="TestALotOfAdding" classname="LocalCMCTests" time="0.001"/>
  <testcase name="TestALotOfAdding" classname="LocalCMCTests" time="0.002"/>
  <testcase name="TestALotOfAdding" classname="LocalCMCTests" time="0.001"/>
  <testcase name="TestALotOfAdding" classname="LocalCMCTests" time="0.001"/>
  <testcase name="TestALotOfAdding" classname="LocalCMCTests" time="0.001"/>
  <testcase name="TestALotOfAdding" classname="LocalCMCTests" time="0.0"/>
  <testcase name="TestALotOfAdding" classname="LocalCMCTests" time="0.0"/>
  <testcase name="TestALotOfAdding" classname="LocalCMCTests" time="0.001"/>
  <testcase name="TestALotOfAdding" classname="LocalCMCTests" time="0.001"/>
  <testcase name="TestALotOfAdding" classname="LocalCMCTests" time="0.0"/>
  <testcase name="TestALotOfAdding" classname="LocalCMCTests" time="0.001"/>
  <testcase name="TestALotOfAdding" classname="LocalCMCTests" time="0.001"/>
  <testcase name="TestALotOfAdding" classname="LocalCMCTests" time="0.0"/>
  <testcase name="TestALotOfAdding" classname="LocalCMCTests" time="0.0"/>
  <testcase name="TestALotOfAdding" classname="LocalCMCTests" time="0.001"/>
  <testcase name="TestALotOfAdding" classname="LocalCMCTests" time="0.0"/>
  <testcase name="TestALotOfAdding" classname="LocalCMCTests" time="0.001"/>
  <testcase name="TestALotOfAdding" classname="LocalCMCTests" time="0.0"/>
  <testcase name="TestALotOfAdding" classname="LocalCMCTests" time="0.0"/>
  <testcase name="TestALotOfAdding" classname="LocalCMCTests" time="0.0"/>
  <testcase name="TestALotOfAdding" classname="LocalCMCTests" time="0.002"/>
  <testcase name="TestALotOfAdding" classname="LocalCMCTests" time="0.001"/>
  <testcase name="TestALotOfAdding" classname="LocalCMCTests" time="0.001"/>
  <testcase name="TestALotOfAdding" classname="LocalCMCTests" time="0.0"/>
  <testcase name="TestALotOfAdding" classname="LocalCMCTests" time="0.001"/>
  <testcase name="TestALotOfAdding" classname="LocalCMCTests" time="0.001"/>
  <testcase name="TestALotOfAdding" classname="LocalCMCTests" time="0.001"/>
  <testcase name="TestALotOfAdding" classname="LocalCMCTests" time="0.001"/>
  <testcase name="TestALotOfAdding" classname="LocalCMCTests" time="0.0"/>
  <testcase name="TestALotOfAdding" classname="LocalCMCTests" time="0.0"/>
  <testcase name="TestALotOfAdding" classname="LocalCMCTests" time="0.0"/>
  <testcase name="TestALotOfAdding" classname="LocalCMCTests" time="0.0"/>
  <testcase name="TestALotOfAdding" classname="LocalCMCTests" time="0.0"/>
  <testcase name="TestALotOfAdding" classname="LocalCMCTests" time="0.0"/>
  <testcase name="TestALotOfAdding" classname="LocalCMCTests" time="0.001"/>
  <testcase name="TestALotOfAdding" classname="LocalCMCTests" time="0.001"/>
  <testcase name="TestALotOfAdding" classname="LocalCMCTests" time="0.0"/>
  <testcase name="TestALotOfAdding" classname="LocalCMCTests" time="0.0"/>
  <testcase name="TestALotOfAdding" classname="LocalCMCTests" time="0.0"/>
  <testcase name="TestALotOfAdding" classname="LocalCMCTests" time="0.002"/>
  <testcase name="TestALotOfAdding" classname="LocalCMCTests" time="0.001"/>
  <testcase name="TestALotOfAdding" classname="LocalCMCTests" time="0.0"/>
  <testcase name="TestALotOfAdding" classname="LocalCMCTests" time="0.001"/>
  <testcase name="TestALotOfAdding" classname="LocalCMCTests" time="0.001"/>
  <testcase name="TestALotOfAdding" classname="LocalCMCTests" time="0.001"/>
  <testcase name="TestALotOfAdding" classname="LocalCMCTests" time="0.002"/>
  <testcase name="TestALotOfAdding" classname="LocalCMCTests" time="0.001"/>
  <testcase name="TestALotOfAdding" classname="LocalCMCTests" time="0.0"/>
  <testcase name="TestALotOfAdding" classname="LocalCMCTests" time="0.0"/>
  <testcase name="TestALotOfAdding" classname="LocalCMCTests" time="0.0"/>
  <testcase name="TestALotOfAdding" classname="LocalCMCTests" time="0.0"/>
  <testcase name="TestALotOfAdding" classname="LocalCMCTests" time="0.0"/>
  <testcase name="TestALotOfAdding" classname="LocalCMCTests" time="0.002"/>
  <testcase name="TestALotOfAdding" classname="LocalCMCTests" time="0.001"/>
  <testcase name="TestALotOfAdding" classname="LocalCMCTests" time="0.0"/>
  <testcase name="TestALotOfAdding" classname="LocalCMCTests" time="0.001"/>
  <testcase name="TestALotOfAdding" classname="LocalCMCTests" time="0.0"/>
  <testcase name="TestALotOfAdding" classname="LocalCMCTests" time="0.001"/>
  <testcase name="TestALotOfAdding" classname="LocalCMCTests" time="0.0"/>
  <testcase name="TestALotOfAdding" classname="LocalCMCTests" time="0.001"/>
  <testcase name="TestALotOfAdding" classname="LocalCMCTests" time="0.001"/>
  <testcase name="TestALotOfAdding" classname="LocalCMCTests" time="0.001"/>
  <testcase name="TestALotOfAdding" classname="LocalCMCTests" time="0.001"/>
  <testcase name="TestALotOfAdding" classname="LocalCMCTests" time="0.0"/>
  <testcase name="TestALotOfAdding" classname="LocalCMCTests" time="0.0"/>
  <testcase name="TestALotOfAdding" classname="LocalCMCTests" time="0.001"/>
  <testcase name="TestALotOfAdding" classname="LocalCMCTests" time="0.0"/>
  <testcase name="TestALotOfAdding" classname="LocalCMCTests" time="0.0"/>
  <testcase name="TestALotOfAdding" classname="LocalCMCTests" time="0.0"/>
  <testcase name="TestALotOfAdding" classname="LocalCMCTests" time="0.0"/>
  <testcase name="TestALotOfAdding" classname="LocalCMCTests" time="0.001"/>
  <testcase name="TestALotOfAdding" classname="LocalCMCTests" time="0.0"/>
  <testcase name="TestALotOfAdding" classname="LocalCMCTests" time="0.001"/>
  <testcase name="TestALotOfAdding" classname="LocalCMCTests" time="0.001"/>
  <testcase name="TestALotOfAdding" classname="LocalCMCTests" time="0.001"/>
  <testcase name="TestALotOfAdding" classname="LocalCMCTests" time="0.002"/>
  <testcase name="TestALotOfAdding" classname="LocalCMCTests" time="0.0"/>
  <testcase name="TestALotOfAdding" classname="LocalCMCTests" time="0.0"/>
  <testcase name="TestALotOfAdding" classname="LocalCMCTests" time="0.0"/>
  <testcase name="TestALotOfAdding" classname="LocalCMCTests" time="0.001"/>
  <testcase name="TestALotOfAdding" classname="LocalCMCTests" time="0.001"/>
  <testcase name="TestALotOfAdding" classname="LocalCMCTests" time="0.001"/>
  <testcase name="TestALotOfAdding" classname="LocalCMCTests" time="0.0"/>
  <testcase name="TestALotOfAdding" classname="LocalCMCTests" time="0.0"/>
  <testcase name="TestALotOfAdding" classname="LocalCMCTests" time="0.002"/>
  <testcase name="TestALotOfAdding" classname="LocalCMCTests" time="0.002"/>
  <testcase name="TestALotOfAdding" classname="LocalCMCTests" time="0.001"/>
  <testcase name="TestALotOfAdding" classname="LocalCMCTests" time="0.0"/>
  <testcase name="TestALotOfAdding" classname="LocalCMCTests" time="0.001"/>
  <testcase name="TestALotOfAdding" classname="LocalCMCTests" time="0.0"/>
  <testcase name="TestALotOfAdding" classname="LocalCMCTests" time="0.001"/>
  <testcase name="TestALotOfAdding" classname="LocalCMCTests" time="0.001"/>
  <testcase name="TestALotOfAdding" classname="LocalCMCTests" time="0.001"/>
  <testcase name="TestALotOfAdding" classname="LocalCMCTests" time="0.0"/>
  <testcase name="TestALotOfAdding" classname="LocalCMCTests" time="0.0"/>
  <testcase name="TestALotOfAdding" classname="LocalCMCTests" time="0.001"/>
  <testcase name="TestALotOfAdding" classname="LocalCMCTests" time="0.001"/>
  <testcase name="TestALotOfAdding" classname="LocalCMCTests" time="0.0"/>
  <testcase name="TestALotOfAdding" classname="LocalCMCTests" time="0.0"/>
  <testcase name="TestALotOfAdding" classname="LocalCMCTests" time="0.0"/>
  <testcase name="TestALotOfAdding" classname="LocalCMCTests" time="0.001"/>
  <testcase name="TestALotOfAdding" classname="LocalCMCTests" time="0.0"/>
  <testcase name="TestALotOfAdding" classname="LocalCMCTests" time="0.002"/>
  <testcase name="TestALotOfAdding" classname="LocalCMCTests" time="0.0"/>
  <testcase name="TestALotOfAdding" classname="LocalCMCTests" time="0.0"/>
  <testcase name="TestALotOfAdding" classname="LocalCMCTests" time="0.0"/>
  <testcase name="TestALotOfAdding" classname="LocalCMCTests" time="0.001"/>
  <testcase name="TestALotOfAdding" classname="LocalCMCTests" time="0.0"/>
  <testcase name="TestALotOfAdding" classname="LocalCMCTests" time="0.001"/>
  <testcase name="TestALotOfAdding" classname="LocalCMCTests" time="0.0"/>
  <testcase name="TestALotOfAdding" classname="LocalCMCTests" time="0.001"/>
  <testcase name="TestALotOfAdding" classname="LocalCMCTests" time="0.0"/>
  <testcase name="TestALotOfAdding" classname="LocalCMCTests" time="0.001"/>
  <testcase name="TestALotOfAdding" classname="LocalCMCTests" time="0.001"/>
  <testcase name="TestALotOfAdding" classname="LocalCMCTests" time="0.0"/>
  <testcase name="TestALotOfAdding" classname="LocalCMCTests" time="0.001"/>
  <testcase name="TestALotOfAdding" classname="LocalCMCTests" time="0.0"/>
  <testcase name="TestALotOfAdding" classname="LocalCMCTests" time="0.002"/>
  <testcase name="TestALotOfAdding" classname="LocalCMCTests" time="0.002"/>
  <testcase name="TestALotOfAdding" classname="LocalCMCTests" time="0.0"/>
  <testcase name="TestALotOfAdding" classname="LocalCMCTests" time="0.001"/>
  <testcase name="TestALotOfAdding" classname="LocalCMCTests" time="0.001"/>
  <testcase name="TestALotOfAdding" classname="LocalCMCTests" time="0.001"/>
  <testcase name="TestALotOfAdding" classname="LocalCMCTests" time="0.0"/>
  <testcase name="TestALotOfAdding" classname="LocalCMCTests" time="0.0"/>
  <testcase name="TestALotOfAdding" classname="LocalCMCTests" time="0.0"/>
  <testcase name="TestALotOfAdding" classname="LocalCMCTests" time="0.0"/>
  <testcase name="TestALotOfAdding" classname="LocalCMCTests" time="0.0"/>
  <testcase name="TestALotOfAdding" classname="LocalCMCTests" time="0.0"/>
  <testcase name="TestALotOfAdding" classname="LocalCMCTests" time="0.001"/>
  <testcase name="TestALotOfAdding" classname="LocalCMCTests" time="0.0"/>
  <testcase name="TestALotOfAdding" classname="LocalCMCTests" time="0.001"/>
  <testcase name="TestALotOfAdding" classname="LocalCMCTests" time="0.001"/>
  <testcase name="TestALotOfAdding" classname="LocalCMCTests" time="0.001"/>
  <testcase name="TestALotOfAdding" classname="LocalCMCTests" time="0.001"/>
  <testcase name="TestALotOfAdding" classname="LocalCMCTests" time="0.0"/>
  <testcase name="TestALotOfAdding" classname="LocalCMCTests" time="0.001"/>
  <testcase name="TestALotOfAdding" classname="LocalCMCTests" time="0.001"/>
  <testcase name="TestALotOfAdding" classname="LocalCMCTests" time="0.001"/>
  <testcase name="TestALotOfAdding" classname="LocalCMCTests" time="0.001"/>
  <testcase name="TestALotOfAdding" classname="LocalCMCTests" time="0.0"/>
  <testcase name="TestALotOfAdding" classname="LocalCMCTests" time="0.0"/>
  <testcase name="TestALotOfAdding" classname="LocalCMCTests" time="0.0"/>
  <testcase name="TestALotOfAdding" classname="LocalCMCTests" time="0.0"/>
  <testcase name="TestALotOfAdding" classname="LocalCMCTests" time="0.001"/>
  <testcase name="TestALotOfAdding" classname="LocalCMCTests" time="0.001"/>
  <testcase name="TestALotOfAdding" classname="LocalCMCTests" time="0.0"/>
  <testcase name="TestALotOfAdding" classname="LocalCMCTests" time="0.001"/>
  <testcase name="TestALotOfAdding" classname="LocalCMCTests" time="0.001"/>
  <testcase name="TestALotOfAdding" classname="LocalCMCTests" time="0.001"/>
  <testcase name="TestALotOfAdding" classname="LocalCMCTests" time="0.001"/>
  <testcase name="TestALotOfAdding" classname="LocalCMCTests" time="0.001"/>
  <testcase name="TestALotOfAdding" classname="LocalCMCTests" time="0.001"/>
  <testcase name="TestALotOfAdding" classname="LocalCMCTests" time="0.001"/>
  <testcase name="TestALotOfAdding" classname="LocalCMCTests" time="0.002"/>
  <testcase name="TestALotOfAdding" classname="LocalCMCTests" time="0.001"/>
  <testcase name="TestALotOfAdding" classname="LocalCMCTests" time="0.001"/>
  <testcase name="TestALotOfAdding" classname="LocalCMCTests" time="0.0"/>
  <testcase name="TestALotOfAdding" classname="LocalCMCTests" time="0.001"/>
  <testcase name="TestALotOfAdding" classname="LocalCMCTests" time="0.0"/>
  <testcase name="TestALotOfAdding" classname="LocalCMCTests" time="0.0"/>
  <testcase name="TestALotOfAdding" classname="LocalCMCTests" time="0.0"/>
  <testcase name="TestALotOfAdding" classname="LocalCMCTests" time="0.0"/>
  <testcase name="TestALotOfAdding" classname="LocalCMCTests" time="0.0"/>
  <testcase name="TestALotOfAdding" classname="LocalCMCTests" time="0.0"/>
  <testcase name="TestALotOfAdding" classname="LocalCMCTests" time="0.001"/>
  <testcase name="TestALotOfAdding" classname="LocalCMCTests" time="0.001"/>
  <testcase name="TestALotOfAdding" classname="LocalCMCTests" time="0.0"/>
  <testcase name="TestALotOfAdding" classname="LocalCMCTests" time="0.001"/>
  <testcase name="TestALotOfAdding" classname="LocalCMCTests" time="0.001"/>
  <testcase name="TestALotOfAdding" classname="LocalCMCTests" time="0.0"/>
  <testcase name="TestALotOfAdding" classname="LocalCMCTests" time="0.001"/>
  <testcase name="TestALotOfAdding" classname="LocalCMCTests" time="0.001"/>
  <testcase name="TestALotOfAdding" classname="LocalCMCTests" time="0.0"/>
  <testcase name="TestALotOfAdding" classname="LocalCMCTests" time="0.0"/>
  <testcase name="TestALotOfAdding" classname="LocalCMCTests" time="0.001"/>
  <testcase name="TestALotOfAdding" classname="LocalCMCTests" time="0.0"/>
  <testcase name="TestALotOfAdding" classname="LocalCMCTests" time="0.001"/>
  <testcase name="TestALotOfAdding" classname="LocalCMCTests" time="0.0"/>
  <testcase name="TestALotOfAdding" classname="LocalCMCTests" time="0.001"/>
  <testcase name="TestALotOfAdding" classname="LocalCMCTests" time="0.0"/>
  <testcase name="TestALotOfAdding" classname="LocalCMCTests" time="0.001"/>
  <testcase name="TestALotOfAdding" classname="LocalCMCTests" time="0.001"/>
  <testcase name="TestALotOfAdding" classname="LocalCMCTests" time="0.001"/>
  <testcase name="TestALotOfAdding" classname="LocalCMCTests" time="0.0"/>
  <testcase name="TestALotOfAdding" classname="LocalCMCTests" time="0.001"/>
  <testcase name="TestALotOfAdding" classname="LocalCMCTests" time="0.002"/>
  <testcase name="TestALotOfAdding" classname="LocalCMCTests" time="0.001"/>
  <testcase name="TestALotOfAdding" classname="LocalCMCTests" time="0.001"/>
  <testcase name="TestALotOfAdding" classname="LocalCMCTests" time="0.0"/>
  <testcase name="TestALotOfAdding" classname="LocalCMCTests" time="0.001"/>
  <testcase name="TestALotOfAdding" classname="LocalCMCTests" time="0.001"/>
  <testcase name="TestALotOfAdding" classname="LocalCMCTests" time="0.0"/>
  <testcase name="TestALotOfAdding" classname="LocalCMCTests" time="0.001"/>
  <testcase name="TestALotOfAdding" classname="LocalCMCTests" time="0.0"/>
  <testcase name="TestALotOfAdding" classname="LocalCMCTests" time="0.0"/>
  <testcase name="TestALotOfAdding" classname="LocalCMCTests" time="0.0"/>
  <testcase name="TestALotOfAdding" classname="LocalCMCTests" time="0.002"/>
  <testcase name="TestALotOfAdding" classname="LocalCMCTests" time="0.001"/>
  <testcase name="TestALotOfAdding" classname="LocalCMCTests" time="0.0"/>
  <testcase name="TestALotOfAdding" classname="LocalCMCTests" time="0.001"/>
  <testcase name="TestALotOfAdding" classname="LocalCMCTests" time="0.001"/>
  <testcase name="TestALotOfAdding" classname="LocalCMCTests" time="0.001"/>
  <testcase name="TestALotOfAdding" classname="LocalCMCTests" time="0.001"/>
  <testcase name="TestALotOfAdding" classname="LocalCMCTests" time="0.0"/>
  <testcase name="TestALotOfAdding" classname="LocalCMCTests" time="0.0"/>
  <testcase name="TestALotOfAdding" classname="LocalCMCTests" time="0.0"/>
  <testcase name="TestALotOfAdding" classname="LocalCMCTests" time="0.0"/>
  <testcase name="TestALotOfAdding" classname="LocalCMCTests" time="0.0"/>
  <testcase name="TestALotOfAdding" classname="LocalCMCTests" time="0.0"/>
  <testcase name="TestALotOfAdding" classname="LocalCMCTests" time="0.001"/>
  <testcase name="TestALotOfAdding" classname="LocalCMCTests" time="0.0"/>
  <testcase name="TestALotOfAdding" classname="LocalCMCTests" time="0.001"/>
  <testcase name="TestALotOfAdding" classname="LocalCMCTests" time="0.001"/>
  <testcase name="TestALotOfAdding" classname="LocalCMCTests" time="0.002"/>
  <testcase name="TestALotOfAdding" classname="LocalCMCTests" time="0.002"/>
  <testcase name="TestALotOfAdding" classname="LocalCMCTests" time="0.0"/>
  <testcase name="TestALotOfAdding" classname="LocalCMCTests" time="0.001"/>
  <testcase name="TestALotOfAdding" classname="LocalCMCTests" time="0.001"/>
  <testcase name="TestALotOfAdding" classname="LocalCMCTests" time="0.001"/>
  <testcase name="TestALotOfAdding" classname="LocalCMCTests" time="0.0"/>
  <testcase name="TestALotOfAdding" classname="LocalCMCTests" time="0.001"/>
  <testcase name="TestALotOfAdding" classname="LocalCMCTests" time="0.001"/>
  <testcase name="TestALotOfAdding" classname="LocalCMCTests" time="0.001"/>
  <testcase name="TestALotOfAdding" classname="LocalCMCTests" time="0.001"/>
  <testcase name="TestALotOfAdding" classname="LocalCMCTests" time="0.0"/>
  <testcase name="TestALotOfAdding" classname="LocalCMCTests" time="0.0"/>
  <testcase name="TestALotOfAdding" classname="LocalCMCTests" time="0.0"/>
  <testcase name="TestALotOfAdding" classname="LocalCMCTests" time="0.0"/>
  <testcase name="TestALotOfAdding" classname="LocalCMCTests" time="0.0"/>
  <testcase name="TestALotOfAdding" classname="LocalCMCTests" time="0.001"/>
  <testcase name="TestALotOfAdding" classname="LocalCMCTests" time="0.001"/>
  <testcase name="TestALotOfAdding" classname="LocalCMCTests" time="0.001"/>
  <testcase name="TestALotOfAdding" classname="LocalCMCTests" time="0.001"/>
  <testcase name="TestALotOfAdding" classname="LocalCMCTests" time="0.001"/>
  <testcase name="TestALotOfAdding" classname="LocalCMCTests" time="0.001"/>
  <testcase name="TestALotOfAdding" classname="LocalCMCTests" time="0.0"/>
  <testcase name="TestALotOfAdding" classname="LocalCMCTests" time="0.001"/>
  <testcase name="TestALotOfAdding" classname="LocalCMCTests" time="0.001"/>
  <testcase name="TestALotOfAdding" classname="LocalCMCTests" time="0.001"/>
  <testcase name="TestALotOfAdding" classname="LocalCMCTests" time="0.0"/>
  <testcase name="TestALotOfAdding" classname="LocalCMCTests" time="0.002"/>
  <testcase name="TestALotOfAdding" classname="LocalCMCTests" time="0.001"/>
  <testcase name="TestALotOfAdding" classname="LocalCMCTests" time="0.0"/>
  <testcase name="TestALotOfAdding" classname="LocalCMCTests" time="0.0"/>
  <testcase name="TestALotOfAdding" classname="LocalCMCTests" time="0.003"/>
  <testcase name="TestALotOfAdding" classname="LocalCMCTests" time="0.0"/>
  <testcase name="TestALotOfAdding" classname="LocalCMCTests" time="0.003"/>
  <testcase name="TestALotOfAdding" classname="LocalCMCTests" time="0.001"/>
  <testcase name="TestALotOfAdding" classname="LocalCMCTests" time="0.001"/>
  <testcase name="TestALotOfAdding" classname="LocalCMCTests" time="0.001"/>
  <testcase name="TestALotOfAdding" classname="LocalCMCTests" time="0.0"/>
  <testcase name="TestALotOfAdding" classname="LocalCMCTests" time="0.002"/>
  <testcase name="TestALotOfAdding" classname="LocalCMCTests" time="0.002"/>
  <testcase name="TestALotOfAdding" classname="LocalCMCTests" time="0.002"/>
  <testcase name="TestALotOfAdding" classname="LocalCMCTests" time="0.0"/>
  <testcase name="TestALotOfAdding" classname="LocalCMCTests" time="0.0"/>
  <testcase name="TestALotOfAdding" classname="LocalCMCTests" time="0.0"/>
  <testcase name="TestALotOfAdding" classname="LocalCMCTests" time="0.0"/>
  <testcase name="TestALotOfAdding" classname="LocalCMCTests" time="0.001"/>
  <testcase name="TestALotOfAdding" classname="LocalCMCTests" time="0.001"/>
  <testcase name="TestALotOfAdding" classname="LocalCMCTests" time="0.0"/>
  <testcase name="TestALotOfAdding" classname="LocalCMCTests" time="0.001"/>
  <testcase name="TestALotOfAdding" classname="LocalCMCTests" time="0.001"/>
  <testcase name="TestALotOfAdding" classname="LocalCMCTests" time="0.001"/>
  <testcase name="TestALotOfAdding" classname="LocalCMCTests" time="0.0"/>
  <testcase name="TestALotOfAdding" classname="LocalCMCTests" time="0.0"/>
  <testcase name="TestALotOfAdding" classname="LocalCMCTests" time="0.002"/>
  <testcase name="TestALotOfAdding" classname="LocalCMCTests" time="0.001"/>
  <testcase name="TestALotOfAdding" classname="LocalCMCTests" time="0.0"/>
  <testcase name="TestALotOfAdding" classname="LocalCMCTests" time="0.001"/>
  <testcase name="TestALotOfAdding" classname="LocalCMCTests" time="0.0"/>
  <testcase name="TestALotOfAdding" classname="LocalCMCTests" time="0.0"/>
  <testcase name="TestALotOfAdding" classname="LocalCMCTests" time="0.002"/>
  <testcase name="TestALotOfAdding" classname="LocalCMCTests" time="0.002"/>
  <testcase name="TestALotOfAdding" classname="LocalCMCTests" time="0.001"/>
  <testcase name="TestALotOfAdding" classname="LocalCMCTests" time="0.001"/>
  <testcase name="TestALotOfAdding" classname="LocalCMCTests" time="0.0"/>
  <testcase name="TestALotOfAdding" classname="LocalCMCTests" time="0.001"/>
  <testcase name="TestALotOfAdding" classname="LocalCMCTests" time="0.0"/>
  <testcase name="TestALotOfAdding" classname="LocalCMCTests" time="0.001"/>
  <testcase name="TestALotOfAdding" classname="LocalCMCTests" time="0.001"/>
  <testcase name="TestALotOfAdding" classname="LocalCMCTests" time="0.001"/>
  <testcase name="TestALotOfAdding" classname="LocalCMCTests" time="0.001"/>
  <testcase name="TestALotOfAdding" classname="LocalCMCTests" time="0.0"/>
  <testcase name="TestALotOfAdding" classname="LocalCMCTests" time="0.0"/>
  <testcase name="TestALotOfAdding" classname="LocalCMCTests" time="0.0"/>
  <testcase name="TestALotOfAdding" classname="LocalCMCTests" time="0.0"/>
  <testcase name="TestALotOfAdding" classname="LocalCMCTests" time="0.001"/>
  <testcase name="TestALotOfAdding" classname="LocalCMCTests" time="0.001"/>
  <testcase name="TestALotOfAdding" classname="LocalCMCTests" time="0.001"/>
  <testcase name="TestALotOfAdding" classname="LocalCMCTests" time="0.0"/>
  <testcase name="TestALotOfAdding" classname="LocalCMCTests" time="0.002"/>
  <testcase name="TestALotOfAdding" classname="LocalCMCTests" time="0.0"/>
  <testcase name="TestALotOfAdding" classname="LocalCMCTests" time="0.0"/>
  <testcase name="TestALotOfAdding" classname="LocalCMCTests" time="0.0"/>
  <testcase name="TestALotOfAdding" classname="LocalCMCTests" time="0.0"/>
  <testcase name="TestALotOfAdding" classname="LocalCMCTests" time="0.001"/>
  <testcase name="TestALotOfAdding" classname="LocalCMCTests" time="0.0"/>
  <testcase name="TestALotOfAdding" classname="LocalCMCTests" time="0.001"/>
  <testcase name="TestALotOfAdding" classname="LocalCMCTests" time="0.0"/>
  <testcase name="TestALotOfAdding" classname="LocalCMCTests" time="0.0"/>
  <testcase name="TestALotOfAdding" classname="LocalCMCTests" time="0.001"/>
  <testcase name="TestALotOfAdding" classname="LocalCMCTests" time="0.0"/>
  <testcase name="TestALotOfAdding" classname="LocalCMCTests" time="0.001"/>
  <testcase name="TestALotOfAdding" classname="LocalCMCTests" time="0.0"/>
  <testcase name="TestALotOfAdding" classname="LocalCMCTests" time="0.002"/>
  <testcase name="TestALotOfAdding" classname="LocalCMCTests" time="0.001"/>
  <testcase name="TestALotOfAdding" classname="LocalCMCTests" time="0.0"/>
  <testcase name="TestALotOfAdding" classname="LocalCMCTests" time="0.001"/>
  <testcase name="TestALotOfAdding" classname="LocalCMCTests" time="0.001"/>
  <testcase name="TestALotOfAdding" classname="LocalCMCTests" time="0.0"/>
  <testcase name="TestALotOfAdding" classname="LocalCMCTests" time="0.0"/>
  <testcase name="TestALotOfAdding" classname="LocalCMCTests" time="0.001"/>
  <testcase name="TestALotOfAdding" classname="LocalCMCTests" time="0.001"/>
  <testcase name="TestALotOfAdding" classname="LocalCMCTests" time="0.001"/>
  <testcase name="TestALotOfAdding" classname="LocalCMCTests" time="0.0"/>
  <testcase name="TestALotOfAdding" classname="LocalCMCTests" time="0.0"/>
  <testcase name="TestALotOfAdding" classname="LocalCMCTests" time="0.001"/>
  <testcase name="TestALotOfAdding" classname="LocalCMCTests" time="0.0"/>
  <testcase name="TestALotOfAdding" classname="LocalCMCTests" time="0.0"/>
  <testcase name="TestALotOfAdding" classname="LocalCMCTests" time="0.0"/>
  <testcase name="TestALotOfAdding" classname="LocalCMCTests" time="0.001"/>
  <testcase name="TestALotOfAdding" classname="LocalCMCTests" time="0.001"/>
  <testcase name="TestALotOfAdding" classname="LocalCMCTests" time="0.0"/>
  <testcase name="TestALotOfAdding" classname="LocalCMCTests" time="0.003"/>
  <testcase name="TestALotOfAdding" classname="LocalCMCTests" time="0.002"/>
  <testcase name="TestALotOfAdding" classname="LocalCMCTests" time="0.0"/>
  <testcase name="TestALotOfAdding" classname="LocalCMCTests" time="0.0"/>
  <testcase name="TestALotOfAdding" classname="LocalCMCTests" time="0.0"/>
  <testcase name="TestALotOfAdding" classname="LocalCMCTests" time="0.0"/>
  <testcase name="TestALotOfAdding" classname="LocalCMCTests" time="0.001"/>
  <testcase name="TestALotOfAdding" classname="LocalCMCTests" time="0.001"/>
  <testcase name="TestALotOfAdding" classname="LocalCMCTests" time="0.001"/>
  <testcase name="TestALotOfAdding" classname="LocalCMCTests" time="0.001"/>
  <testcase name="TestALotOfAdding" classname="LocalCMCTests" time="0.0"/>
  <testcase name="TestALotOfAdding" classname="LocalCMCTests" time="0.001"/>
  <testcase name="TestALotOfAdding" classname="LocalCMCTests" time="0.0"/>
  <testcase name="TestALotOfAdding" classname="LocalCMCTests" time="0.0"/>
  <testcase name="TestALotOfAdding" classname="LocalCMCTests" time="0.0"/>
  <testcase name="TestALotOfAdding" classname="LocalCMCTests" time="0.0"/>
  <testcase name="TestALotOfAdding" classname="LocalCMCTests" time="0.001"/>
  <testcase name="TestALotOfAdding" classname="LocalCMCTests" time="0.0"/>
  <testcase name="TestALotOfAdding" classname="LocalCMCTests" time="0.001"/>
  <testcase name="TestALotOfAdding" classname="LocalCMCTests" time="0.001"/>
  <testcase name="TestALotOfAdding" classname="LocalCMCTests" time="0.0"/>
  <testcase name="TestALotOfAdding" classname="LocalCMCTests" time="0.001"/>
  <testcase name="TestALotOfAdding" classname="LocalCMCTests" time="0.0"/>
  <testcase name="TestALotOfAdding" classname="LocalCMCTests" time="0.001"/>
  <testcase name="TestALotOfAdding" classname="LocalCMCTests" time="0.001"/>
  <testcase name="TestALotOfAdding" classname="LocalCMCTests" time="0.001"/>
  <testcase name="TestALotOfAdding" classname="LocalCMCTests" time="0.0"/>
  <testcase name="TestALotOfAdding" classname="LocalCMCTests" time="0.0"/>
  <testcase name="TestALotOfAdding" classname="LocalCMCTests" time="0.0"/>
  <testcase name="TestALotOfAdding" classname="LocalCMCTests" time="0.001"/>
  <testcase name="TestALotOfAdding" classname="LocalCMCTests" time="0.001"/>
  <testcase name="TestALotOfAdding" classname="LocalCMCTests" time="0.001"/>
  <testcase name="TestALotOfAdding" classname="LocalCMCTests" time="0.0"/>
  <testcase name="TestALotOfAdding" classname="LocalCMCTests" time="0.002"/>
  <testcase name="TestALotOfAdding" classname="LocalCMCTests" time="0.0"/>
  <testcase name="TestALotOfAdding" classname="LocalCMCTests" time="0.001"/>
  <testcase name="TestALotOfAdding" classname="LocalCMCTests" time="0.0"/>
  <testcase name="TestALotOfAdding" classname="LocalCMCTests" time="0.003"/>
  <testcase name="TestALotOfAdding" classname="LocalCMCTests" time="0.0"/>
  <testcase name="TestALotOfAdding" classname="LocalCMCTests" time="0.0"/>
  <testcase name="TestALotOfAdding" classname="LocalCMCTests" time="0.0"/>
  <testcase name="TestALotOfAdding" classname="LocalCMCTests" time="0.0"/>
  <testcase name="TestALotOfAdding" classname="LocalCMCTests" time="0.0"/>
  <testcase name="TestALotOfAdding" classname="LocalCMCTests" time="0.001"/>
  <testcase name="TestALotOfAdding" classname="LocalCMCTests" time="0.001"/>
  <testcase name="TestALotOfAdding" classname="LocalCMCTests" time="0.001"/>
  <testcase name="TestALotOfAdding" classname="LocalCMCTests" time="0.0"/>
  <testcase name="TestALotOfAdding" classname="LocalCMCTests" time="0.002"/>
  <testcase name="TestALotOfAdding" classname="LocalCMCTests" time="0.001"/>
  <testcase name="TestALotOfAdding" classname="LocalCMCTests" time="0.001"/>
  <testcase name="TestALotOfAdding" classname="LocalCMCTests" time="0.001"/>
  <testcase name="TestALotOfAdding" classname="LocalCMCTests" time="0.0"/>
  <testcase name="TestALotOfAdding" classname="LocalCMCTests" time="0.001"/>
  <testcase name="TestALotOfAdding" classname="LocalCMCTests" time="0.001"/>
  <testcase name="TestALotOfAdding" classname="LocalCMCTests" time="0.001"/>
  <testcase name="TestALotOfAdding" classname="LocalCMCTests" time="0.001"/>
  <testcase name="TestALotOfAdding" classname="LocalCMCTests" time="0.0"/>
  <testcase name="TestALotOfAdding" classname="LocalCMCTests" time="0.0"/>
  <testcase name="TestALotOfAdding" classname="LocalCMCTests" time="0.0"/>
  <testcase name="TestALotOfAdding" classname="LocalCMCTests" time="0.0"/>
  <testcase name="TestALotOfAdding" classname="LocalCMCTests" time="0.0"/>
  <testcase name="TestALotOfAdding" classname="LocalCMCTests" time="0.0"/>
  <testcase name="TestALotOfAdding" classname="LocalCMCTests" time="0.001"/>
  <testcase name="TestALotOfAdding" classname="LocalCMCTests" time="0.0"/>
  <testcase name="TestALotOfAdding" classname="LocalCMCTests" time="0.001"/>
  <testcase name="TestALotOfAdding" classname="LocalCMCTests" time="0.001"/>
  <testcase name="TestALotOfAdding" classname="LocalCMCTests" time="0.001"/>
  <testcase name="TestALotOfAdding" classname="LocalCMCTests" time="0.001"/>
  <testcase name="TestALotOfAdding" classname="LocalCMCTests" time="0.001"/>
  <testcase name="TestALotOfAdding" classname="LocalCMCTests" time="0.001"/>
  <testcase name="TestALotOfAdding" classname="LocalCMCTests" time="0.001"/>
  <testcase name="TestALotOfAdding" classname="LocalCMCTests" time="0.002"/>
  <testcase name="TestALotOfAdding" classname="LocalCMCTests" time="0.001"/>
  <testcase name="TestALotOfAdding" classname="LocalCMCTests" time="0.0"/>
  <testcase name="TestALotOfAdding" classname="LocalCMCTests" time="0.0"/>
  <testcase name="TestALotOfAdding" classname="LocalCMCTests" time="0.0"/>
  <testcase name="TestALotOfAdding" classname="LocalCMCTests" time="0.0"/>
  <testcase name="TestALotOfAdding" classname="LocalCMCTests" time="0.0"/>
  <testcase name="TestALotOfAdding" classname="LocalCMCTests" time="0.0"/>
  <testcase name="TestALotOfAdding" classname="LocalCMCTests" time="0.0"/>
  <testcase name="TestALotOfAdding" classname="LocalCMCTests" time="0.0"/>
  <testcase name="TestALotOfAdding" classname="LocalCMCTests" time="0.0"/>
  <testcase name="TestALotOfAdding" classname="LocalCMCTests" time="0.001"/>
  <testcase name="TestALotOfAdding" classname="LocalCMCTests" time="0.0"/>
  <testcase name="TestALotOfAdding" classname="LocalCMCTests" time="0.001"/>
  <testcase name="TestALotOfAdding" classname="LocalCMCTests" time="0.0"/>
  <testcase name="TestALotOfAdding" classname="LocalCMCTests" time="0.001"/>
  <testcase name="TestALotOfAdding" classname="LocalCMCTests" time="0.0"/>
  <testcase name="TestALotOfAdding" classname="LocalCMCTests" time="0.001"/>
  <testcase name="TestALotOfAdding" classname="LocalCMCTests" time="0.001"/>
  <testcase name="TestALotOfAdding" classname="LocalCMCTests" time="0.0"/>
  <testcase name="TestALotOfAdding" classname="LocalCMCTests" time="0.0"/>
  <testcase name="TestALotOfAdding" classname="LocalCMCTests" time="0.001"/>
  <testcase name="TestALotOfAdding" classname="LocalCMCTests" time="0.0"/>
  <testcase name="TestALotOfAdding" classname="LocalCMCTests" time="0.0"/>
  <testcase name="TestALotOfAdding" classname="LocalCMCTests" time="0.0"/>
  <testcase name="TestALotOfAdding" classname="LocalCMCTests" time="0.002"/>
  <testcase name="TestALotOfAdding" classname="LocalCMCTests" time="0.001"/>
  <testcase name="TestALotOfAdding" classname="LocalCMCTests" time="0.001"/>
  <testcase name="TestALotOfAdding" classname="LocalCMCTests" time="0.003"/>
  <testcase name="TestALotOfAdding" classname="LocalCMCTests" time="0.001"/>
  <testcase name="TestALotOfAdding" classname="LocalCMCTests" time="0.0"/>
  <testcase name="TestALotOfAdding" classname="LocalCMCTests" time="0.0"/>
  <testcase name="TestALotOfAdding" classname="LocalCMCTests" time="0.0"/>
  <testcase name="TestALotOfAdding" classname="LocalCMCTests" time="0.002"/>
  <testcase name="TestALotOfAdding" classname="LocalCMCTests" time="0.001"/>
  <testcase name="TestALotOfAdding" classname="LocalCMCTests" time="0.001"/>
  <testcase name="TestALotOfAdding" classname="LocalCMCTests" time="0.0"/>
  <testcase name="TestALotOfAdding" classname="LocalCMCTests" time="0.001"/>
  <testcase name="TestALotOfAdding" classname="LocalCMCTests" time="0.001"/>
  <testcase name="TestALotOfAdding" classname="LocalCMCTests" time="0.0"/>
  <testcase name="TestALotOfAdding" classname="LocalCMCTests" time="0.0"/>
  <testcase name="TestALotOfAdding" classname="LocalCMCTests" time="0.001"/>
  <testcase name="TestALotOfAdding" classname="LocalCMCTests" time="0.001"/>
  <testcase name="TestALotOfAdding" classname="LocalCMCTests" time="0.0"/>
  <testcase name="TestALotOfAdding" classname="LocalCMCTests" time="0.001"/>
  <testcase name="TestALotOfAdding" classname="LocalCMCTests" time="0.0"/>
  <testcase name="TestALotOfAdding" classname="LocalCMCTests" time="0.001"/>
  <testcase name="TestALotOfAdding" classname="LocalCMCTests" time="0.001"/>
  <testcase name="TestALotOfAdding" classname="LocalCMCTests" time="0.0"/>
  <testcase name="TestALotOfAdding" classname="LocalCMCTests" time="0.0"/>
  <testcase name="TestALotOfAdding" classname="LocalCMCTests" time="0.001"/>
  <testcase name="TestALotOfAdding" classname="LocalCMCTests" time="0.001"/>
  <testcase name="TestALotOfAdding" classname="LocalCMCTests" time="0.0"/>
  <testcase name="TestALotOfAdding" classname="LocalCMCTests" time="0.001"/>
  <testcase name="TestALotOfAdding" classname="LocalCMCTests" time="0.0"/>
  <testcase name="TestALotOfAdding" classname="LocalCMCTests" time="0.001"/>
  <testcase name="TestALotOfAdding" classname="LocalCMCTests" time="0.001"/>
  <testcase name="TestALotOfAdding" classname="LocalCMCTests" time="0.0"/>
  <testcase name="TestALotOfAdding" classname="LocalCMCTests" time="0.001"/>
  <testcase name="TestALotOfAdding" classname="LocalCMCTests" time="0.001"/>
  <testcase name="TestALotOfAdding" classname="LocalCMCTests" time="0.0"/>
  <testcase name="TestALotOfAdding" classname="LocalCMCTests" time="0.0"/>
  <testcase name="TestALotOfAdding" classname="LocalCMCTests" time="0.001"/>
  <testcase name="TestALotOfAdding" classname="LocalCMCTests" time="0.0"/>
  <testcase name="TestALotOfAdding" classname="LocalCMCTests" time="0.001"/>
  <testcase name="TestALotOfAdding" classname="LocalCMCTests" time="0.0"/>
  <testcase name="TestALotOfAdding" classname="LocalCMCTests" time="0.0"/>
  <testcase name="TestALotOfAdding" classname="LocalCMCTests" time="0.0"/>
  <testcase name="TestALotOfAdding" classname="LocalCMCTests" time="0.0"/>
  <testcase name="TestALotOfAdding" classname="LocalCMCTests" time="0.0"/>
  <testcase name="TestALotOfAdding" classname="LocalCMCTests" time="0.001"/>
  <testcase name="TestALotOfAdding" classname="LocalCMCTests" time="0.0"/>
  <testcase name="TestALotOfAdding" classname="LocalCMCTests" time="0.0"/>
  <testcase name="TestALotOfAdding" classname="LocalCMCTests" time="0.0"/>
  <testcase name="TestALotOfAdding" classname="LocalCMCTests" time="0.002"/>
  <testcase name="TestALotOfAdding" classname="LocalCMCTests" time="0.001"/>
  <testcase name="TestALotOfAdding" classname="LocalCMCTests" time="0.0"/>
  <testcase name="TestALotOfAdding" classname="LocalCMCTests" time="0.001"/>
  <testcase name="TestALotOfAdding" classname="LocalCMCTests" time="0.0"/>
  <testcase name="TestALotOfAdding" classname="LocalCMCTests" time="0.001"/>
  <testcase name="TestALotOfAdding" classname="LocalCMCTests" time="0.002"/>
  <testcase name="TestALotOfAdding" classname="LocalCMCTests" time="0.001"/>
  <testcase name="TestALotOfAdding" classname="LocalCMCTests" time="0.0"/>
  <testcase name="TestALotOfAdding" classname="LocalCMCTests" time="0.0"/>
  <testcase name="TestALotOfAdding" classname="LocalCMCTests" time="0.0"/>
  <testcase name="TestALotOfAdding" classname="LocalCMCTests" time="0.001"/>
  <testcase name="TestALotOfAdding" classname="LocalCMCTests" time="0.0"/>
  <testcase name="TestALotOfAdding" classname="LocalCMCTests" time="0.002"/>
  <testcase name="TestALotOfAdding" classname="LocalCMCTests" time="0.0"/>
  <testcase name="TestALotOfAdding" classname="LocalCMCTests" time="0.001"/>
  <testcase name="TestALotOfAdding" classname="LocalCMCTests" time="0.0"/>
  <testcase name="TestALotOfAdding" classname="LocalCMCTests" time="0.0"/>
  <testcase name="TestALotOfAdding" classname="LocalCMCTests" time="0.001"/>
  <testcase name="TestALotOfAdding" classname="LocalCMCTests" time="0.001"/>
  <testcase name="TestALotOfAdding" classname="LocalCMCTests" time="0.001"/>
  <testcase name="TestALotOfAdding" classname="LocalCMCTests" time="0.001"/>
  <testcase name="TestALotOfAdding" classname="LocalCMCTests" time="0.003"/>
  <testcase name="TestALotOfAdding" classname="LocalCMCTests" time="0.001"/>
  <testcase name="TestALotOfAdding" classname="LocalCMCTests" time="0.001"/>
  <testcase name="TestALotOfAdding" classname="LocalCMCTests" time="0.0"/>
  <testcase name="TestALotOfAdding" classname="LocalCMCTests" time="0.0"/>
  <testcase name="TestALotOfAdding" classname="LocalCMCTests" time="0.0"/>
  <testcase name="TestALotOfAdding" classname="LocalCMCTests" time="0.0"/>
  <testcase name="TestALotOfAdding" classname="LocalCMCTests" time="0.0"/>
  <testcase name="TestALotOfAdding" classname="LocalCMCTests" time="0.0"/>
  <testcase name="TestALotOfAdding" classname="LocalCMCTests" time="0.0"/>
  <testcase name="TestALotOfAdding" classname="LocalCMCTests" time="0.001"/>
  <testcase name="TestALotOfAdding" classname="LocalCMCTests" time="0.0"/>
  <testcase name="TestALotOfAdding" classname="LocalCMCTests" time="0.002"/>
  <testcase name="TestALotOfAdding" classname="LocalCMCTests" time="0.002"/>
  <testcase name="TestALotOfAdding" classname="LocalCMCTests" time="0.0"/>
  <testcase name="TestALotOfAdding" classname="LocalCMCTests" time="0.001"/>
  <testcase name="TestALotOfAdding" classname="LocalCMCTests" time="0.0"/>
  <testcase name="TestALotOfAdding" classname="LocalCMCTests" time="0.001"/>
  <testcase name="TestALotOfAdding" classname="LocalCMCTests" time="0.001"/>
  <testcase name="TestALotOfAdding" classname="LocalCMCTests" time="0.001"/>
  <testcase name="TestALotOfAdding" classname="LocalCMCTests" time="0.001"/>
  <testcase name="TestALotOfAdding" classname="LocalCMCTests" time="0.0"/>
  <testcase name="TestALotOfAdding" classname="LocalCMCTests" time="0.001"/>
  <testcase name="TestALotOfAdding" classname="LocalCMCTests" time="0.0"/>
  <testcase name="TestALotOfAdding" classname="LocalCMCTests" time="0.0"/>
  <testcase name="TestALotOfAdding" classname="LocalCMCTests" time="0.0"/>
  <testcase name="TestALotOfAdding" classname="LocalCMCTests" time="0.001"/>
  <testcase name="TestALotOfAdding" classname="LocalCMCTests" time="0.0"/>
  <testcase name="TestALotOfAdding" classname="LocalCMCTests" time="0.0"/>
  <testcase name="TestALotOfAdding" classname="LocalCMCTests" time="0.001"/>
  <testcase name="TestALotOfAdding" classname="LocalCMCTests" time="0.001"/>
  <testcase name="TestALotOfAdding" classname="LocalCMCTests" time="0.0"/>
  <testcase name="TestALotOfAdding" classname="LocalCMCTests" time="0.002"/>
  <testcase name="TestALotOfAdding" classname="LocalCMCTests" time="0.001"/>
  <testcase name="TestALotOfAdding" classname="LocalCMCTests" time="0.001"/>
  <testcase name="TestALotOfAdding" classname="LocalCMCTests" time="0.0"/>
  <testcase name="TestALotOfAdding" classname="LocalCMCTests" time="0.001"/>
  <testcase name="TestALotOfAdding" classname="LocalCMCTests" time="0.001"/>
  <testcase name="TestALotOfAdding" classname="LocalCMCTests" time="0.001"/>
  <testcase name="TestALotOfAdding" classname="LocalCMCTests" time="0.001"/>
  <testcase name="TestALotOfAdding" classname="LocalCMCTests" time="0.0"/>
  <testcase name="TestALotOfAdding" classname="LocalCMCTests" time="0.001"/>
  <testcase name="TestALotOfAdding" classname="LocalCMCTests" time="0.0"/>
  <testcase name="TestALotOfAdding" classname="LocalCMCTests" time="0.001"/>
  <testcase name="TestALotOfAdding" classname="LocalCMCTests" time="0.001"/>
  <testcase name="TestALotOfAdding" classname="LocalCMCTests" time="0.001"/>
  <testcase name="TestALotOfAdding" classname="LocalCMCTests" time="0.0"/>
  <testcase name="TestALotOfAdding" classname="LocalCMCTests" time="0.001"/>
  <testcase name="TestALotOfAdding" classname="LocalCMCTests" time="0.001"/>
  <testcase name="TestALotOfAdding" classname="LocalCMCTests" time="0.0"/>
  <testcase name="TestALotOfAdding" classname="LocalCMCTests" time="0.0"/>
  <testcase name="TestALotOfAdding" classname="LocalCMCTests" time="0.0"/>
  <testcase name="TestALotOfAdding" classname="LocalCMCTests" time="0.0"/>
  <testcase name="TestALotOfAdding" classname="LocalCMCTests" time="0.0"/>
  <testcase name="TestALotOfAdding" classname="LocalCMCTests" time="0.001"/>
  <testcase name="TestALotOfAdding" classname="LocalCMCTests" time="0.0"/>
  <testcase name="TestALotOfAdding" classname="LocalCMCTests" time="0.0"/>
  <testcase name="TestALotOfAdding" classname="LocalCMCTests" time="0.001"/>
  <testcase name="TestALotOfAdding" classname="LocalCMCTests" time="0.0"/>
  <testcase name="TestALotOfAdding" classname="LocalCMCTests" time="0.001"/>
  <testcase name="TestALotOfAdding" classname="LocalCMCTests" time="0.001"/>
  <testcase name="TestALotOfAdding" classname="LocalCMCTests" time="0.001"/>
  <testcase name="TestALotOfAdding" classname="LocalCMCTests" time="0.0"/>
  <testcase name="TestALotOfAdding" classname="LocalCMCTests" time="0.0"/>
  <testcase name="TestALotOfAdding" classname="LocalCMCTests" time="0.001"/>
  <testcase name="TestALotOfAdding" classname="LocalCMCTests" time="0.001"/>
  <testcase name="TestALotOfAdding" classname="LocalCMCTests" time="0.0"/>
  <testcase name="TestALotOfAdding" classname="LocalCMCTests" time="0.001"/>
  <testcase name="TestALotOfAdding" classname="LocalCMCTests" time="0.001"/>
  <testcase name="TestALotOfAdding" classname="LocalCMCTests" time="0.0"/>
  <testcase name="TestALotOfAdding" classname="LocalCMCTests" time="0.001"/>
  <testcase name="TestALotOfAdding" classname="LocalCMCTests" time="0.001"/>
  <testcase name="TestALotOfAdding" classname="LocalCMCTests" time="0.0"/>
  <testcase name="TestALotOfAdding" classname="LocalCMCTests" time="0.001"/>
  <testcase name="TestALotOfAdding" classname="LocalCMCTests" time="0.0"/>
  <testcase name="TestALotOfAdding" classname="LocalCMCTests" time="0.0"/>
  <testcase name="TestALotOfAdding" classname="LocalCMCTests" time="0.002"/>
  <testcase name="TestALotOfAdding" classname="LocalCMCTests" time="0.002"/>
  <testcase name="TestALotOfAdding" classname="LocalCMCTests" time="0.0"/>
  <testcase name="TestALotOfAdding" classname="LocalCMCTests" time="0.0"/>
  <testcase name="TestALotOfAdding" classname="LocalCMCTests" time="0.001"/>
  <testcase name="TestALotOfAdding" classname="LocalCMCTests" time="0.0"/>
  <testcase name="TestALotOfAdding" classname="LocalCMCTests" time="0.001"/>
  <testcase name="TestALotOfAdding" classname="LocalCMCTests" time="0.002"/>
  <testcase name="TestALotOfAdding" classname="LocalCMCTests" time="0.001"/>
  <testcase name="TestALotOfAdding" classname="LocalCMCTests" time="0.001"/>
  <testcase name="TestALotOfAdding" classname="LocalCMCTests" time="0.0"/>
  <testcase name="TestALotOfAdding" classname="LocalCMCTests" time="0.0"/>
  <testcase name="TestALotOfAdding" classname="LocalCMCTests" time="0.0"/>
  <testcase name="TestALotOfAdding" classname="LocalCMCTests" time="0.001"/>
  <testcase name="TestALotOfAdding" classname="LocalCMCTests" time="0.0"/>
  <testcase name="TestALotOfAdding" classname="LocalCMCTests" time="0.001"/>
  <testcase name="TestALotOfAdding" classname="LocalCMCTests" time="0.0"/>
  <testcase name="TestALotOfAdding" classname="LocalCMCTests" time="0.002"/>
  <testcase name="TestALotOfAdding" classname="LocalCMCTests" time="0.0"/>
  <testcase name="TestALotOfAdding" classname="LocalCMCTests" time="0.001"/>
  <testcase name="TestALotOfAdding" classname="LocalCMCTests" time="0.001"/>
  <testcase name="TestALotOfAdding" classname="LocalCMCTests" time="0.001"/>
  <testcase name="TestALotOfAdding" classname="LocalCMCTests" time="0.0"/>
  <testcase name="TestALotOfAdding" classname="LocalCMCTests" time="0.001"/>
  <testcase name="TestALotOfAdding" classname="LocalCMCTests" time="0.001"/>
  <testcase name="TestALotOfAdding" classname="LocalCMCTests" time="0.001"/>
  <testcase name="TestALotOfAdding" classname="LocalCMCTests" time="0.0"/>
  <testcase name="TestALotOfAdding" classname="LocalCMCTests" time="0.0"/>
  <testcase name="TestALotOfAdding" classname="LocalCMCTests" time="0.002"/>
  <testcase name="TestALotOfAdding" classname="LocalCMCTests" time="0.001"/>
  <testcase name="TestALotOfAdding" classname="LocalCMCTests" time="0.0"/>
  <testcase name="TestALotOfAdding" classname="LocalCMCTests" time="0.002"/>
  <testcase name="TestALotOfAdding" classname="LocalCMCTests" time="0.001"/>
  <testcase name="TestALotOfAdding" classname="LocalCMCTests" time="0.002"/>
  <testcase name="TestALotOfAdding" classname="LocalCMCTests" time="0.0"/>
  <testcase name="TestALotOfAdding" classname="LocalCMCTests" time="0.0"/>
  <testcase name="TestALotOfAdding" classname="LocalCMCTests" time="0.0"/>
  <testcase name="TestALotOfAdding" classname="LocalCMCTests" time="0.0"/>
  <testcase name="TestALotOfAdding" classname="LocalCMCTests" time="0.0"/>
  <testcase name="TestALotOfAdding" classname="LocalCMCTests" time="0.001"/>
  <testcase name="TestALotOfAdding" classname="LocalCMCTests" time="0.001"/>
  <testcase name="TestALotOfAdding" classname="LocalCMCTests" time="0.001"/>
  <testcase name="TestALotOfAdding" classname="LocalCMCTests" time="0.001"/>
  <testcase name="TestALotOfAdding" classname="LocalCMCTests" time="0.0"/>
  <testcase name="TestALotOfAdding" classname="LocalCMCTests" time="0.0"/>
  <testcase name="TestALotOfAdding" classname="LocalCMCTests" time="0.0"/>
  <testcase name="TestALotOfAdding" classname="LocalCMCTests" time="0.001"/>
  <testcase name="TestALotOfAdding" classname="LocalCMCTests" time="0.001"/>
  <testcase name="TestALotOfAdding" classname="LocalCMCTests" time="0.001"/>
  <testcase name="TestALotOfAdding" classname="LocalCMCTests" time="0.001"/>
  <testcase name="TestALotOfAdding" classname="LocalCMCTests" time="0.0"/>
  <testcase name="TestALotOfAdding" classname="LocalCMCTests" time="0.001"/>
  <testcase name="TestALotOfAdding" classname="LocalCMCTests" time="0.001"/>
  <testcase name="TestALotOfAdding" classname="LocalCMCTests" time="0.0"/>
  <testcase name="TestALotOfAdding" classname="LocalCMCTests" time="0.0"/>
  <testcase name="TestALotOfAdding" classname="LocalCMCTests" time="0.0"/>
  <testcase name="TestALotOfAdding" classname="LocalCMCTests" time="0.001"/>
  <testcase name="TestALotOfAdding" classname="LocalCMCTests" time="0.002"/>
  <testcase name="TestALotOfAdding" classname="LocalCMCTests" time="0.0"/>
  <testcase name="TestALotOfAdding" classname="LocalCMCTests" time="0.001"/>
  <testcase name="TestALotOfAdding" classname="LocalCMCTests" time="0.0"/>
  <testcase name="TestALotOfAdding" classname="LocalCMCTests" time="0.001"/>
  <testcase name="TestALotOfAdding" classname="LocalCMCTests" time="0.002"/>
  <testcase name="TestALotOfAdding" classname="LocalCMCTests" time="0.0"/>
  <testcase name="TestALotOfAdding" classname="LocalCMCTests" time="0.001"/>
  <testcase name="TestALotOfAdding" classname="LocalCMCTests" time="0.001"/>
  <testcase name="TestALotOfAdding" classname="LocalCMCTests" time="0.0"/>
  <testcase name="TestALotOfAdding" classname="LocalCMCTests" time="0.001"/>
  <testcase name="TestALotOfAdding" classname="LocalCMCTests" time="0.001"/>
  <testcase name="TestALotOfAdding" classname="LocalCMCTests" time="0.001"/>
  <testcase name="TestALotOfAdding" classname="LocalCMCTests" time="0.001"/>
  <testcase name="TestALotOfAdding" classname="LocalCMCTests" time="0.0"/>
  <testcase name="TestALotOfAdding" classname="LocalCMCTests" time="0.001"/>
  <testcase name="TestALotOfAdding" classname="LocalCMCTests" time="0.001"/>
  <testcase name="TestALotOfAdding" classname="LocalCMCTests" time="0.0"/>
  <testcase name="TestALotOfAdding" classname="LocalCMCTests" time="0.0"/>
  <testcase name="TestALotOfAdding" classname="LocalCMCTests" time="0.0"/>
  <testcase name="TestALotOfAdding" classname="LocalCMCTests" time="0.0"/>
  <testcase name="TestALotOfAdding" classname="LocalCMCTests" time="0.0"/>
  <testcase name="TestALotOfAdding" classname="LocalCMCTests" time="0.0"/>
  <testcase name="TestALotOfAdding" classname="LocalCMCTests" time="0.001"/>
  <testcase name="TestALotOfAdding" classname="LocalCMCTests" time="0.001"/>
  <testcase name="TestALotOfAdding" classname="LocalCMCTests" time="0.001"/>
  <testcase name="TestALotOfAdding" classname="LocalCMCTests" time="0.0"/>
  <testcase name="TestALotOfAdding" classname="LocalCMCTests" time="0.001"/>
  <testcase name="TestALotOfAdding" classname="LocalCMCTests" time="0.0"/>
  <testcase name="TestALotOfAdding" classname="LocalCMCTests" time="0.0"/>
  <testcase name="TestALotOfAdding" classname="LocalCMCTests" time="0.001"/>
  <testcase name="TestALotOfAdding" classname="LocalCMCTests" time="0.0"/>
  <testcase name="TestALotOfAdding" classname="LocalCMCTests" time="0.001"/>
  <testcase name="TestALotOfAdding" classname="LocalCMCTests" time="0.001"/>
  <testcase name="TestALotOfAdding" classname="LocalCMCTests" time="0.0"/>
  <testcase name="TestALotOfAdding" classname="LocalCMCTests" time="0.0"/>
  <testcase name="TestALotOfAdding" classname="LocalCMCTests" time="0.0"/>
  <testcase name="TestALotOfAdding" classname="LocalCMCTests" time="0.001"/>
  <testcase name="TestALotOfAdding" classname="LocalCMCTests" time="0.0"/>
  <testcase name="TestALotOfAdding" classname="LocalCMCTests" time="0.0"/>
  <testcase name="TestALotOfAdding" classname="LocalCMCTests" time="0.0"/>
  <testcase name="TestALotOfAdding" classname="LocalCMCTests" time="0.001"/>
  <testcase name="TestALotOfAdding" classname="LocalCMCTests" time="0.001"/>
  <testcase name="TestALotOfAdding" classname="LocalCMCTests" time="0.0"/>
  <testcase name="TestALotOfAdding" classname="LocalCMCTests" time="0.0"/>
  <testcase name="TestALotOfAdding" classname="LocalCMCTests" time="0.001"/>
  <testcase name="TestALotOfAdding" classname="LocalCMCTests" time="0.001"/>
  <testcase name="TestALotOfAdding" classname="LocalCMCTests" time="0.0"/>
  <testcase name="TestALotOfAdding" classname="LocalCMCTests" time="0.0"/>
  <testcase name="TestALotOfAdding" classname="LocalCMCTests" time="0.0"/>
  <testcase name="TestALotOfAdding" classname="LocalCMCTests" time="0.002"/>
  <testcase name="TestALotOfAdding" classname="LocalCMCTests" time="0.001"/>
  <testcase name="TestALotOfAdding" classname="LocalCMCTests" time="0.001"/>
  <testcase name="TestALotOfAdding" classname="LocalCMCTests" time="0.003"/>
  <testcase name="TestALotOfAdding" classname="LocalCMCTests" time="0.0"/>
  <testcase name="TestALotOfAdding" classname="LocalCMCTests" time="0.003"/>
  <testcase name="TestALotOfAdding" classname="LocalCMCTests" time="0.0"/>
  <testcase name="TestALotOfAdding" classname="LocalCMCTests" time="0.001"/>
  <testcase name="TestALotOfAdding" classname="LocalCMCTests" time="0.0"/>
  <testcase name="TestALotOfAdding" classname="LocalCMCTests" time="0.001"/>
  <testcase name="TestALotOfAdding" classname="LocalCMCTests" time="0.0"/>
  <testcase name="TestALotOfAdding" classname="LocalCMCTests" time="0.001"/>
  <testcase name="TestALotOfAdding" classname="LocalCMCTests" time="0.001"/>
  <testcase name="TestALotOfAdding" classname="LocalCMCTests" time="0.0"/>
  <testcase name="TestALotOfAdding" classname="LocalCMCTests" time="0.0"/>
  <testcase name="TestALotOfAdding" classname="LocalCMCTests" time="0.0"/>
  <testcase name="TestALotOfAdding" classname="LocalCMCTests" time="0.001"/>
  <testcase name="TestALotOfAdding" classname="LocalCMCTests" time="0.0"/>
  <testcase name="TestALotOfAdding" classname="LocalCMCTests" time="0.001"/>
  <testcase name="TestALotOfAdding" classname="LocalCMCTests" time="0.001"/>
  <testcase name="TestALotOfAdding" classname="LocalCMCTests" time="0.001"/>
  <testcase name="TestALotOfAdding" classname="LocalCMCTests" time="0.0"/>
  <testcase name="TestALotOfAdding" classname="LocalCMCTests" time="0.0"/>
  <testcase name="TestALotOfAdding" classname="LocalCMCTests" time="0.0"/>
  <testcase name="TestALotOfAdding" classname="LocalCMCTests" time="0.001"/>
  <testcase name="TestALotOfAdding" classname="LocalCMCTests" time="0.0"/>
  <testcase name="TestALotOfAdding" classname="LocalCMCTests" time="0.0"/>
  <testcase name="TestALotOfAdding" classname="LocalCMCTests" time="0.001"/>
  <testcase name="TestALotOfAdding" classname="LocalCMCTests" time="0.0"/>
  <testcase name="TestALotOfAdding" classname="LocalCMCTests" time="0.001"/>
  <testcase name="TestALotOfAdding" classname="LocalCMCTests" time="0.0"/>
  <testcase name="TestALotOfAdding" classname="LocalCMCTests" time="0.001"/>
  <testcase name="TestALotOfAdding" classname="LocalCMCTests" time="0.001"/>
  <testcase name="TestALotOfAdding" classname="LocalCMCTests" time="0.0"/>
  <testcase name="TestALotOfAdding" classname="LocalCMCTests" time="0.001"/>
  <testcase name="TestALotOfAdding" classname="LocalCMCTests" time="0.0"/>
  <testcase name="TestALotOfAdding" classname="LocalCMCTests" time="0.002"/>
  <testcase name="TestALotOfAdding" classname="LocalCMCTests" time="0.001"/>
  <testcase name="TestALotOfAdding" classname="LocalCMCTests" time="0.001"/>
  <testcase name="TestALotOfAdding" classname="LocalCMCTests" time="0.001"/>
  <testcase name="TestALotOfAdding" classname="LocalCMCTests" time="0.002"/>
  <testcase name="TestALotOfAdding" classname="LocalCMCTests" time="0.0"/>
  <testcase name="TestALotOfAdding" classname="LocalCMCTests" time="0.001"/>
  <testcase name="TestALotOfAdding" classname="LocalCMCTests" time="0.0"/>
  <testcase name="TestALotOfAdding" classname="LocalCMCTests" time="0.0"/>
  <testcase name="TestALotOfAdding" classname="LocalCMCTests" time="0.0"/>
  <testcase name="TestALotOfAdding" classname="LocalCMCTests" time="0.001"/>
  <testcase name="TestALotOfAdding" classname="LocalCMCTests" time="0.001"/>
  <testcase name="TestALotOfAdding" classname="LocalCMCTests" time="0.0"/>
  <testcase name="TestALotOfAdding" classname="LocalCMCTests" time="0.001"/>
  <testcase name="TestALotOfAdding" classname="LocalCMCTests" time="0.001"/>
  <testcase name="TestALotOfAdding" classname="LocalCMCTests" time="0.001"/>
  <testcase name="TestALotOfAdding" classname="LocalCMCTests" time="0.001"/>
  <testcase name="TestALotOfAdding" classname="LocalCMCTests" time="0.001"/>
  <testcase name="TestALotOfAdding" classname="LocalCMCTests" time="0.0"/>
  <testcase name="TestALotOfAdding" classname="LocalCMCTests" time="0.001"/>
  <testcase name="TestALotOfAdding" classname="LocalCMCTests" time="0.0"/>
  <testcase name="TestALotOfAdding" classname="LocalCMCTests" time="0.001"/>
  <testcase name="TestALotOfAdding" classname="LocalCMCTests" time="0.0"/>
  <testcase name="TestALotOfAdding" classname="LocalCMCTests" time="0.001"/>
  <testcase name="TestALotOfAdding" classname="LocalCMCTests" time="0.001"/>
  <testcase name="TestALotOfAdding" classname="LocalCMCTests" time="0.0"/>
  <testcase name="TestALotOfAdding" classname="LocalCMCTests" time="0.0"/>
  <testcase name="TestALotOfAdding" classname="LocalCMCTests" time="0.0"/>
  <testcase name="TestALotOfAdding" classname="LocalCMCTests" time="0.0"/>
  <testcase name="TestALotOfAdding" classname="LocalCMCTests" time="0.0"/>
  <testcase name="TestALotOfAdding" classname="LocalCMCTests" time="0.001"/>
  <testcase name="TestALotOfAdding" classname="LocalCMCTests" time="0.001"/>
  <testcase name="TestALotOfAdding" classname="LocalCMCTests" time="0.0"/>
  <testcase name="TestALotOfAdding" classname="LocalCMCTests" time="0.001"/>
  <testcase name="TestALotOfAdding" classname="LocalCMCTests" time="0.003"/>
  <testcase name="TestALotOfAdding" classname="LocalCMCTests" time="0.0"/>
  <testcase name="TestALotOfAdding" classname="LocalCMCTests" time="0.0"/>
  <testcase name="TestALotOfAdding" classname="LocalCMCTests" time="0.0"/>
  <testcase name="TestALotOfAdding" classname="LocalCMCTests" time="0.0"/>
  <testcase name="TestALotOfAdding" classname="LocalCMCTests" time="0.001"/>
  <testcase name="TestALotOfAdding" classname="LocalCMCTests" time="0.001"/>
  <testcase name="TestALotOfAdding" classname="LocalCMCTests" time="0.001"/>
  <testcase name="TestALotOfAdding" classname="LocalCMCTests" time="0.001"/>
  <testcase name="TestALotOfAdding" classname="LocalCMCTests" time="0.0"/>
  <testcase name="TestALotOfAdding" classname="LocalCMCTests" time="0.001"/>
  <testcase name="TestALotOfAdding" classname="LocalCMCTests" time="0.0"/>
  <testcase name="TestALotOfAdding" classname="LocalCMCTests" time="0.001"/>
  <testcase name="TestALotOfAdding" classname="LocalCMCTests" time="0.001"/>
  <testcase name="TestALotOfAdding" classname="LocalCMCTests" time="0.001"/>
  <testcase name="TestALotOfAdding" classname="LocalCMCTests" time="0.001"/>
  <testcase name="TestALotOfAdding" classname="LocalCMCTests" time="0.0"/>
  <testcase name="TestALotOfAdding" classname="LocalCMCTests" time="0.001"/>
  <testcase name="TestALotOfAdding" classname="LocalCMCTests" time="0.001"/>
  <testcase name="TestALotOfAdding" classname="LocalCMCTests" time="0.0"/>
  <testcase name="TestALotOfAdding" classname="LocalCMCTests" time="0.0"/>
  <testcase name="TestALotOfAdding" classname="LocalCMCTests" time="0.001"/>
  <testcase name="TestALotOfAdding" classname="LocalCMCTests" time="0.001"/>
  <testcase name="TestALotOfAdding" classname="LocalCMCTests" time="0.0"/>
  <testcase name="TestALotOfAdding" classname="LocalCMCTests" time="0.001"/>
  <testcase name="TestALotOfAdding" classname="LocalCMCTests" time="0.0"/>
  <testcase name="TestALotOfAdding" classname="LocalCMCTests" time="0.0"/>
  <testcase name="TestALotOfAdding" classname="LocalCMCTests" time="0.0"/>
  <testcase name="TestALotOfAdding" classname="LocalCMCTests" time="0.0"/>
  <testcase name="TestALotOfAdding" classname="LocalCMCTests" time="0.0"/>
  <testcase name="TestALotOfAdding" classname="LocalCMCTests" time="0.001"/>
  <testcase name="TestALotOfAdding" classname="LocalCMCTests" time="0.0"/>
  <testcase name="TestALotOfAdding" classname="LocalCMCTests" time="0.001"/>
  <testcase name="TestALotOfAdding" classname="LocalCMCTests" time="0.0"/>
  <testcase name="TestALotOfAdding" classname="LocalCMCTests" time="0.001"/>
  <testcase name="TestALotOfAdding" classname="LocalCMCTests" time="0.002"/>
  <testcase name="TestALotOfAdding" classname="LocalCMCTests" time="0.002"/>
  <testcase name="TestALotOfAdding" classname="LocalCMCTests" time="0.0"/>
  <testcase name="TestALotOfAdding" classname="LocalCMCTests" time="0.0"/>
  <testcase name="TestALotOfAdding" classname="LocalCMCTests" time="0.001"/>
  <testcase name="TestALotOfAdding" classname="LocalCMCTests" time="0.0"/>
  <testcase name="TestALotOfAdding" classname="LocalCMCTests" time="0.001"/>
  <testcase name="TestALotOfAdding" classname="LocalCMCTests" time="0.0"/>
  <testcase name="TestALotOfAdding" classname="LocalCMCTests" time="0.0"/>
  <testcase name="TestALotOfAdding" classname="LocalCMCTests" time="0.001"/>
  <testcase name="TestALotOfAdding" classname="LocalCMCTests" time="0.001"/>
  <testcase name="TestALotOfAdding" classname="LocalCMCTests" time="0.001"/>
  <testcase name="TestALotOfAdding" classname="LocalCMCTests" time="0.0"/>
  <testcase name="TestALotOfAdding" classname="LocalCMCTests" time="0.001"/>
  <testcase name="TestALotOfAdding" classname="LocalCMCTests" time="0.002"/>
  <testcase name="TestALotOfAdding" classname="LocalCMCTests" time="0.001"/>
  <testcase name="TestALotOfAdding" classname="LocalCMCTests" time="0.001"/>
  <testcase name="TestALotOfAdding" classname="LocalCMCTests" time="0.001"/>
  <testcase name="TestALotOfAdding" classname="LocalCMCTests" time="0.0"/>
  <testcase name="TestALotOfAdding" classname="LocalCMCTests" time="0.001"/>
  <testcase name="TestALotOfAdding" classname="LocalCMCTests" time="0.001"/>
  <testcase name="TestALotOfAdding" classname="LocalCMCTests" time="0.0"/>
  <testcase name="TestALotOfAdding" classname="LocalCMCTests" time="0.0"/>
  <testcase name="TestALotOfAdding" classname="LocalCMCTests" time="0.0"/>
  <testcase name="TestALotOfAdding" classname="LocalCMCTests" time="0.0"/>
  <testcase name="TestALotOfAdding" classname="LocalCMCTests" time="0.0"/>
  <testcase name="TestALotOfAdding" classname="LocalCMCTests" time="0.001"/>
  <testcase name="TestALotOfAdding" classname="LocalCMCTests" time="0.002"/>
  <testcase name="TestALotOfAdding" classname="LocalCMCTests" time="0.0"/>
  <testcase name="TestALotOfAdding" classname="LocalCMCTests" time="0.002"/>
  <testcase name="TestALotOfAdding" classname="LocalCMCTests" time="0.0"/>
  <testcase name="TestALotOfAdding" classname="LocalCMCTests" time="0.001"/>
  <testcase name="TestALotOfAdding" classname="LocalCMCTests" time="0.001"/>
  <testcase name="TestALotOfAdding" classname="LocalCMCTests" time="0.001"/>
  <testcase name="TestALotOfAdding" classname="LocalCMCTests" time="0.001"/>
  <testcase name="TestALotOfAdding" classname="LocalCMCTests" time="0.001"/>
  <testcase name="TestALotOfAdding" classname="LocalCMCTests" time="0.001"/>
  <testcase name="TestALotOfAdding" classname="LocalCMCTests" time="0.001"/>
  <testcase name="TestALotOfAdding" classname="LocalCMCTests" time="0.0"/>
  <testcase name="TestALotOfAdding" classname="LocalCMCTests" time="0.0"/>
  <testcase name="TestALotOfAdding" classname="LocalCMCTests" time="0.0"/>
  <testcase name="TestALotOfAdding" classname="LocalCMCTests" time="0.001"/>
  <testcase name="TestALotOfAdding" classname="LocalCMCTests" time="0.001"/>
  <testcase name="TestALotOfAdding" classname="LocalCMCTests" time="0.001"/>
  <testcase name="TestALotOfAdding" classname="LocalCMCTests" time="0.0"/>
  <testcase name="TestALotOfAdding" classname="LocalCMCTests" time="0.0"/>
  <testcase name="TestALotOfAdding" classname="LocalCMCTests" time="0.001"/>
  <testcase name="TestALotOfAdding" classname="LocalCMCTests" time="0.0"/>
  <testcase name="TestALotOfAdding" classname="LocalCMCTests" time="0.0"/>
  <testcase name="TestALotOfAdding" classname="LocalCMCTests" time="0.0"/>
  <testcase name="TestALotOfAdding" classname="LocalCMCTests" time="0.0"/>
  <testcase name="TestALotOfAdding" classname="LocalCMCTests" time="0.0"/>
  <testcase name="TestALotOfAdding" classname="LocalCMCTests" time="0.001"/>
  <testcase name="TestALotOfAdding" classname="LocalCMCTests" time="0.001"/>
  <testcase name="TestALotOfAdding" classname="LocalCMCTests" time="0.0"/>
  <testcase name="TestALotOfAdding" classname="LocalCMCTests" time="0.001"/>
  <testcase name="TestALotOfAdding" classname="LocalCMCTests" time="0.001"/>
  <testcase name="TestALotOfAdding" classname="LocalCMCTests" time="0.001"/>
  <testcase name="TestALotOfAdding" classname="LocalCMCTests" time="0.002"/>
  <testcase name="TestALotOfAdding" classname="LocalCMCTests" time="0.0"/>
  <testcase name="TestALotOfAdding" classname="LocalCMCTests" time="0.0"/>
  <testcase name="TestALotOfAdding" classname="LocalCMCTests" time="0.001"/>
  <testcase name="TestALotOfAdding" classname="LocalCMCTests" time="0.001"/>
  <testcase name="TestALotOfAdding" classname="LocalCMCTests" time="0.0"/>
  <testcase name="TestALotOfAdding" classname="LocalCMCTests" time="0.0"/>
  <testcase name="TestALotOfAdding" classname="LocalCMCTests" time="0.001"/>
  <testcase name="TestALotOfAdding" classname="LocalCMCTests" time="0.0"/>
  <testcase name="TestALotOfAdding" classname="LocalCMCTests" time="0.001"/>
  <testcase name="TestALotOfAdding" classname="LocalCMCTests" time="0.001"/>
  <testcase name="TestALotOfAdding" classname="LocalCMCTests" time="0.0"/>
  <testcase name="TestALotOfAdding" classname="LocalCMCTests" time="0.001"/>
  <testcase name="TestALotOfAdding" classname="LocalCMCTests" time="0.0"/>
  <testcase name="TestALotOfAdding" classname="LocalCMCTests" time="0.0"/>
  <testcase name="TestALotOfAdding" classname="LocalCMCTests" time="0.001"/>
  <testcase name="TestALotOfAdding" classname="LocalCMCTests" time="0.001"/>
  <testcase name="TestALotOfAdding" classname="LocalCMCTests" time="0.0"/>
  <testcase name="TestALotOfAdding" classname="LocalCMCTests" time="0.001"/>
  <testcase name="TestALotOfAdding" classname="LocalCMCTests" time="0.001"/>
  <testcase name="TestALotOfAdding" classname="LocalCMCTests" time="0.001"/>
  <testcase name="TestALotOfAdding" classname="LocalCMCTests" time="0.001"/>
  <testcase name="TestALotOfAdding" classname="LocalCMCTests" time="0.001"/>
  <testcase name="TestALotOfAdding" classname="LocalCMCTests" time="0.0"/>
  <testcase name="TestALotOfAdding" classname="LocalCMCTests" time="0.001"/>
  <testcase name="TestALotOfAdding" classname="LocalCMCTests" time="0.001"/>
  <testcase name="TestALotOfAdding" classname="LocalCMCTests" time="0.002"/>
  <testcase name="TestALotOfAdding" classname="LocalCMCTests" time="0.0"/>
  <testcase name="TestALotOfAdding" classname="LocalCMCTests" time="0.0"/>
  <testcase name="TestALotOfAdding" classname="LocalCMCTests" time="0.0"/>
  <testcase name="TestALotOfAdding" classname="LocalCMCTests" time="0.001"/>
  <testcase name="TestALotOfAdding" classname="LocalCMCTests" time="0.0"/>
  <testcase name="TestALotOfAdding" classname="LocalCMCTests" time="0.001"/>
  <testcase name="TestALotOfAdding" classname="LocalCMCTests" time="0.0"/>
  <testcase name="TestALotOfAdding" classname="LocalCMCTests" time="0.001"/>
  <testcase name="TestALotOfAdding" classname="LocalCMCTests" time="0.001"/>
  <testcase name="TestALotOfAdding" classname="LocalCMCTests" time="0.001"/>
  <testcase name="TestALotOfAdding" classname="LocalCMCTests" time="0.0"/>
  <testcase name="TestALotOfAdding" classname="LocalCMCTests" time="0.001"/>
  <testcase name="TestALotOfAdding" classname="LocalCMCTests" time="0.001"/>
  <testcase name="TestALotOfAdding" classname="LocalCMCTests" time="0.001"/>
  <testcase name="TestALotOfAdding" classname="LocalCMCTests" time="0.0"/>
  <testcase name="TestALotOfAdding" classname="LocalCMCTests" time="0.0"/>
  <testcase name="TestALotOfAdding" classname="LocalCMCTests" time="0.001"/>
  <testcase name="TestALotOfAdding" classname="LocalCMCTests" time="0.0"/>
  <testcase name="TestALotOfAdding" classname="LocalCMCTests" time="0.0"/>
  <testcase name="TestALotOfAdding" classname="LocalCMCTests" time="0.0"/>
  <testcase name="TestALotOfAdding" classname="LocalCMCTests" time="0.0"/>
  <testcase name="TestALotOfAdding" classname="LocalCMCTests" time="0.0"/>
  <testcase name="TestALotOfAdding" classname="LocalCMCTests" time="0.002"/>
  <testcase name="TestALotOfAdding" classname="LocalCMCTests" time="0.001"/>
  <testcase name="TestALotOfAdding" classname="LocalCMCTests" time="0.0"/>
  <testcase name="TestALotOfAdding" classname="LocalCMCTests" time="0.001"/>
  <testcase name="TestALotOfAdding" classname="LocalCMCTests" time="0.0"/>
  <testcase name="TestALotOfAdding" classname="LocalCMCTests" time="0.0"/>
  <testcase name="TestALotOfAdding" classname="LocalCMCTests" time="0.0"/>
  <testcase name="TestALotOfAdding" classname="LocalCMCTests" time="0.0"/>
  <testcase name="TestALotOfAdding" classname="LocalCMCTests" time="0.001"/>
  <testcase name="TestALotOfAdding" classname="LocalCMCTests" time="0.001"/>
  <testcase name="TestALotOfAdding" classname="LocalCMCTests" time="0.0"/>
  <testcase name="TestALotOfAdding" classname="LocalCMCTests" time="0.001"/>
  <testcase name="TestALotOfAdding" classname="LocalCMCTests" time="0.001"/>
  <testcase name="TestALotOfAdding" classname="LocalCMCTests" time="0.001"/>
  <testcase name="TestALotOfAdding" classname="LocalCMCTests" time="0.0"/>
  <testcase name="TestALotOfAdding" classname="LocalCMCTests" time="0.0"/>
  <testcase name="TestALotOfAdding" classname="LocalCMCTests" time="0.002"/>
  <testcase name="TestALotOfAdding" classname="LocalCMCTests" time="0.0"/>
  <testcase name="TestALotOfAdding" classname="LocalCMCTests" time="0.001"/>
  <testcase name="TestALotOfAdding" classname="LocalCMCTests" time="0.0"/>
  <testcase name="TestALotOfAdding" classname="LocalCMCTests" time="0.001"/>
  <testcase name="TestALotOfAdding" classname="LocalCMCTests" time="0.0"/>
  <testcase name="TestALotOfAdding" classname="LocalCMCTests" time="0.001"/>
  <testcase name="TestALotOfAdding" classname="LocalCMCTests" time="0.0"/>
  <testcase name="TestALotOfAdding" classname="LocalCMCTests" time="0.0"/>
  <testcase name="TestALotOfAdding" classname="LocalCMCTests" time="0.001"/>
  <testcase name="TestALotOfAdding" classname="LocalCMCTests" time="0.0"/>
  <testcase name="TestALotOfAdding" classname="LocalCMCTests" time="0.001"/>
  <testcase name="TestALotOfAdding" classname="LocalCMCTests" time="0.001"/>
  <testcase name="TestALotOfAdding" classname="LocalCMCTests" time="0.0"/>
  <testcase name="TestALotOfAdding" classname="LocalCMCTests" time="0.001"/>
  <testcase name="TestALotOfAdding" classname="LocalCMCTests" time="0.002"/>
  <testcase name="TestALotOfAdding" classname="LocalCMCTests" time="0.001"/>
  <testcase name="TestALotOfAdding" classname="LocalCMCTests" time="0.001"/>
  <testcase name="TestALotOfAdding" classname="LocalCMCTests" time="0.0"/>
  <testcase name="TestALotOfAdding" classname="LocalCMCTests" time="0.001"/>
  <testcase name="TestALotOfAdding" classname="LocalCMCTests" time="0.0"/>
  <testcase name="TestALotOfAdding" classname="LocalCMCTests" time="0.001"/>
  <testcase name="TestALotOfAdding" classname="LocalCMCTests" time="0.001"/>
  <testcase name="TestALotOfAdding" classname="LocalCMCTests" time="0.002"/>
  <testcase name="TestALotOfAdding" classname="LocalCMCTests" time="0.0"/>
  <testcase name="TestALotOfAdding" classname="LocalCMCTests" time="0.0"/>
  <testcase name="TestALotOfAdding" classname="LocalCMCTests" time="0.0"/>
  <testcase name="TestALotOfAdding" classname="LocalCMCTests" time="0.001"/>
  <testcase name="TestALotOfAdding" classname="LocalCMCTests" time="0.0"/>
  <testcase name="TestALotOfAdding" classname="LocalCMCTests" time="0.0"/>
  <testcase name="TestALotOfAdding" classname="LocalCMCTests" time="0.0"/>
  <testcase name="TestALotOfAdding" classname="LocalCMCTests" time="0.001"/>
  <testcase name="TestALotOfAdding" classname="LocalCMCTests" time="0.001"/>
  <testcase name="TestALotOfAdding" classname="LocalCMCTests" time="0.001"/>
  <testcase name="TestALotOfAdding" classname="LocalCMCTests" time="0.001"/>
  <testcase name="TestALotOfAdding" classname="LocalCMCTests" time="0.0"/>
  <testcase name="TestALotOfAdding" classname="LocalCMCTests" time="0.001"/>
  <testcase name="TestALotOfAdding" classname="LocalCMCTests" time="0.001"/>
  <testcase name="TestALotOfAdding" classname="LocalCMCTests" time="0.001"/>
  <testcase name="TestALotOfAdding" classname="LocalCMCTests" time="0.0"/>
  <testcase name="TestALotOfAdding" classname="LocalCMCTests" time="0.001"/>
  <testcase name="TestALotOfAdding" classname="LocalCMCTests" time="0.0"/>
  <testcase name="TestALotOfAdding" classname="LocalCMCTests" time="0.0"/>
  <testcase name="TestALotOfAdding" classname="LocalCMCTests" time="0.0"/>
  <testcase name="TestALotOfAdding" classname="LocalCMCTests" time="0.0"/>
  <testcase name="TestALotOfAdding" classname="LocalCMCTests" time="0.0"/>
  <testcase name="TestALotOfAdding" classname="LocalCMCTests" time="0.0"/>
  <testcase name="TestALotOfAdding" classname="LocalCMCTests" time="0.0"/>
  <testcase name="TestALotOfAdding" classname="LocalCMCTests" time="0.001"/>
  <testcase name="TestALotOfAdding" classname="LocalCMCTests" time="0.003"/>
  <testcase name="TestALotOfAdding" classname="LocalCMCTests" time="0.002"/>
  <testcase name="TestALotOfAdding" classname="LocalCMCTests" time="0.0"/>
  <testcase name="TestALotOfAdding" classname="LocalCMCTests" time="0.001"/>
  <testcase name="TestALotOfAdding" classname="LocalCMCTests" time="0.0"/>
  <testcase name="TestALotOfAdding" classname="LocalCMCTests" time="0.001"/>
  <testcase name="TestALotOfAdding" classname="LocalCMCTests" time="0.0"/>
  <testcase name="TestALotOfAdding" classname="LocalCMCTests" time="0.001"/>
  <testcase name="TestALotOfAdding" classname="LocalCMCTests" time="0.001"/>
  <testcase name="TestALotOfAdding" classname="LocalCMCTests" time="0.0"/>
  <testcase name="TestALotOfAdding" classname="LocalCMCTests" time="0.001"/>
  <testcase name="TestALotOfAdding" classname="LocalCMCTests" time="0.0"/>
  <testcase name="TestALotOfAdding" classname="LocalCMCTests" time="0.0"/>
  <testcase name="TestALotOfAdding" classname="LocalCMCTests" time="0.001"/>
  <testcase name="TestALotOfAdding" classname="LocalCMCTests" time="0.0"/>
  <testcase name="TestALotOfAdding" classname="LocalCMCTests" time="0.0"/>
  <testcase name="TestALotOfAdding" classname="LocalCMCTests" time="0.0"/>
  <testcase name="TestALotOfAdding" classname="LocalCMCTests" time="0.001"/>
  <testcase name="TestALotOfAdding" classname="LocalCMCTests" time="0.0"/>
  <testcase name="TestALotOfAdding" classname="LocalCMCTests" time="0.0"/>
  <testcase name="TestALotOfAdding" classname="LocalCMCTests" time="0.001"/>
  <testcase name="TestALotOfAdding" classname="LocalCMCTests" time="0.001"/>
  <testcase name="TestALotOfAdding" classname="LocalCMCTests" time="0.002"/>
  <testcase name="TestALotOfAdding" classname="LocalCMCTests" time="0.002"/>
  <testcase name="TestALotOfAdding" classname="LocalCMCTests" time="0.001"/>
  <testcase name="TestALotOfAdding" classname="LocalCMCTests" time="0.002"/>
  <testcase name="TestALotOfAdding" classname="LocalCMCTests" time="0.0"/>
  <testcase name="TestALotOfAdding" classname="LocalCMCTests" time="0.002"/>
  <testcase name="TestALotOfAdding" classname="LocalCMCTests" time="0.002"/>
  <testcase name="TestALotOfAdding" classname="LocalCMCTests" time="0.0"/>
  <testcase name="TestALotOfAdding" classname="LocalCMCTests" time="0.003"/>
  <testcase name="TestALotOfAdding" classname="LocalCMCTests" time="0.0"/>
  <testcase name="TestALotOfAdding" classname="LocalCMCTests" time="0.003"/>
  <testcase name="TestALotOfAdding" classname="LocalCMCTests" time="0.001"/>
  <testcase name="TestALotOfAdding" classname="LocalCMCTests" time="0.0"/>
  <testcase name="TestALotOfAdding" classname="LocalCMCTests" time="0.003"/>
  <testcase name="TestALotOfAdding" classname="LocalCMCTests" time="0.0"/>
  <testcase name="TestALotOfAdding" classname="LocalCMCTests" time="0.001"/>
  <testcase name="TestALotOfAdding" classname="LocalCMCTests" time="0.0"/>
  <testcase name="TestALotOfAdding" classname="LocalCMCTests" time="0.0"/>
  <testcase name="TestALotOfAdding" classname="LocalCMCTests" time="0.001"/>
  <testcase name="TestALotOfAdding" classname="LocalCMCTests" time="0.0"/>
  <testcase name="TestALotOfAdding" classname="LocalCMCTests" time="0.001"/>
  <testcase name="TestALotOfAdding" classname="LocalCMCTests" time="0.001"/>
  <testcase name="TestALotOfAdding" classname="LocalCMCTests" time="0.0"/>
  <testcase name="TestALotOfAdding" classname="LocalCMCTests" time="0.001"/>
  <testcase name="TestALotOfAdding" classname="LocalCMCTests" time="0.001"/>
  <testcase name="TestALotOfAdding" classname="LocalCMCTests" time="0.001"/>
  <testcase name="TestALotOfAdding" classname="LocalCMCTests" time="0.0"/>
  <testcase name="TestALotOfAdding" classname="LocalCMCTests" time="0.003"/>
  <testcase name="TestALotOfAdding" classname="LocalCMCTests" time="0.001"/>
  <testcase name="TestALotOfAdding" classname="LocalCMCTests" time="0.0"/>
  <testcase name="TestALotOfAdding" classname="LocalCMCTests" time="0.0"/>
  <testcase name="TestALotOfAdding" classname="LocalCMCTests" time="0.0"/>
  <testcase name="TestALotOfAdding" classname="LocalCMCTests" time="0.0"/>
  <testcase name="TestALotOfAdding" classname="LocalCMCTests" time="0.0"/>
  <testcase name="TestALotOfAdding" classname="LocalCMCTests" time="0.001"/>
  <testcase name="TestALotOfAdding" classname="LocalCMCTests" time="0.001"/>
  <testcase name="TestALotOfAdding" classname="LocalCMCTests" time="0.001"/>
  <testcase name="TestALotOfAdding" classname="LocalCMCTests" time="0.001"/>
  <testcase name="TestALotOfAdding" classname="LocalCMCTests" time="0.0"/>
  <testcase name="TestALotOfAdding" classname="LocalCMCTests" time="0.0"/>
  <testcase name="TestALotOfAdding" classname="LocalCMCTests" time="0.001"/>
  <testcase name="TestALotOfAdding" classname="LocalCMCTests" time="0.001"/>
  <testcase name="TestALotOfAdding" classname="LocalCMCTests" time="0.0"/>
  <testcase name="TestALotOfAdding" classname="LocalCMCTests" time="0.001"/>
  <testcase name="TestALotOfAdding" classname="LocalCMCTests" time="0.001"/>
  <testcase name="TestALotOfAdding" classname="LocalCMCTests" time="0.0"/>
  <testcase name="TestALotOfAdding" classname="LocalCMCTests" time="0.0"/>
  <testcase name="TestALotOfAdding" classname="LocalCMCTests" time="0.001"/>
  <testcase name="TestALotOfAdding" classname="LocalCMCTests" time="0.001"/>
  <testcase name="TestALotOfAdding" classname="LocalCMCTests" time="0.0"/>
  <testcase name="TestALotOfAdding" classname="LocalCMCTests" time="0.001"/>
  <testcase name="TestALotOfAdding" classname="LocalCMCTests" time="0.0"/>
  <testcase name="TestALotOfAdding" classname="LocalCMCTests" time="0.001"/>
  <testcase name="TestALotOfAdding" classname="LocalCMCTests" time="0.002"/>
  <testcase name="TestALotOfAdding" classname="LocalCMCTests" time="0.001"/>
  <testcase name="TestALotOfAdding" classname="LocalCMCTests" time="0.001"/>
  <testcase name="TestALotOfAdding" classname="LocalCMCTests" time="0.0"/>
  <testcase name="TestALotOfAdding" classname="LocalCMCTests" time="0.0"/>
  <testcase name="TestALotOfAdding" classname="LocalCMCTests" time="0.0"/>
  <testcase name="TestALotOfAdding" classname="LocalCMCTests" time="0.0"/>
  <testcase name="TestALotOfAdding" classname="LocalCMCTests" time="0.0"/>
  <testcase name="TestALotOfAdding" classname="LocalCMCTests" time="0.002"/>
  <testcase name="TestALotOfAdding" classname="LocalCMCTests" time="0.001"/>
  <testcase name="TestALotOfAdding" classname="LocalCMCTests" time="0.0"/>
  <testcase name="TestALotOfAdding" classname="LocalCMCTests" time="0.0"/>
  <testcase name="TestALotOfAdding" classname="LocalCMCTests" time="0.001"/>
  <testcase name="TestALotOfAdding" classname="LocalCMCTests" time="0.001"/>
  <testcase name="TestALotOfAdding" classname="LocalCMCTests" time="0.001"/>
  <testcase name="TestALotOfAdding" classname="LocalCMCTests" time="0.0"/>
  <testcase name="TestALotOfAdding" classname="LocalCMCTests" time="0.001"/>
  <testcase name="TestALotOfAdding" classname="LocalCMCTests" time="0.001"/>
  <testcase name="TestALotOfAdding" classname="LocalCMCTests" time="0.002"/>
  <testcase name="TestALotOfAdding" classname="LocalCMCTests" time="0.001"/>
  <testcase name="TestALotOfAdding" classname="LocalCMCTests" time="0.001"/>
  <testcase name="TestALotOfAdding" classname="LocalCMCTests" time="0.001"/>
  <testcase name="TestALotOfAdding" classname="LocalCMCTests" time="0.001"/>
  <testcase name="TestALotOfAdding" classname="LocalCMCTests" time="0.0"/>
  <testcase name="TestALotOfAdding" classname="LocalCMCTests" time="0.001"/>
  <testcase name="TestALotOfAdding" classname="LocalCMCTests" time="0.0"/>
  <testcase name="TestALotOfAdding" classname="LocalCMCTests" time="0.0"/>
  <testcase name="TestALotOfAdding" classname="LocalCMCTests" time="0.0"/>
  <testcase name="TestALotOfAdding" classname="LocalCMCTests" time="0.0"/>
  <testcase name="TestALotOfAdding" classname="LocalCMCTests" time="0.0"/>
  <testcase name="TestALotOfAdding" classname="LocalCMCTests" time="0.0"/>
  <testcase name="TestALotOfAdding" classname="LocalCMCTests" time="0.001"/>
  <testcase name="TestALotOfAdding" classname="LocalCMCTests" time="0.0"/>
  <testcase name="TestALotOfAdding" classname="LocalCMCTests" time="0.002"/>
  <testcase name="TestALotOfAdding" classname="LocalCMCTests" time="0.0"/>
  <testcase name="TestALotOfAdding" classname="LocalCMCTests" time="0.0"/>
  <testcase name="TestALotOfAdding" classname="LocalCMCTests" time="0.001"/>
  <testcase name="TestALotOfAdding" classname="LocalCMCTests" time="0.001"/>
  <testcase name="TestALotOfAdding" classname="LocalCMCTests" time="0.0"/>
  <testcase name="TestALotOfAdding" classname="LocalCMCTests" time="0.001"/>
  <testcase name="TestALotOfAdding" classname="LocalCMCTests" time="0.0"/>
  <testcase name="TestALotOfAdding" classname="LocalCMCTests" time="0.001"/>
  <testcase name="TestALotOfAdding" classname="LocalCMCTests" time="0.002"/>
  <testcase name="TestALotOfAdding" classname="LocalCMCTests" time="0.001"/>
  <testcase name="TestALotOfAdding" classname="LocalCMCTests" time="0.0"/>
  <testcase name="TestALotOfAdding" classname="LocalCMCTests" time="0.001"/>
  <testcase name="TestALotOfAdding" classname="LocalCMCTests" time="0.001"/>
  <testcase name="TestALotOfAdding" classname="LocalCMCTests" time="0.0"/>
  <testcase name="TestALotOfAdding" classname="LocalCMCTests" time="0.001"/>
  <testcase name="TestALotOfAdding" classname="LocalCMCTests" time="0.001"/>
  <testcase name="TestALotOfAdding" classname="LocalCMCTests" time="0.0"/>
  <testcase name="TestALotOfAdding" classname="LocalCMCTests" time="0.001"/>
  <testcase name="TestALotOfAdding" classname="LocalCMCTests" time="0.0"/>
  <testcase name="TestALotOfAdding" classname="LocalCMCTests" time="0.001"/>
  <testcase name="TestALotOfAdding" classname="LocalCMCTests" time="0.0"/>
  <testcase name="TestALotOfAdding" classname="LocalCMCTests" time="0.003"/>
  <testcase name="TestALotOfAdding" classname="LocalCMCTests" time="0.0"/>
  <testcase name="TestALotOfAdding" classname="LocalCMCTests" time="0.0"/>
  <testcase name="TestALotOfAdding" classname="LocalCMCTests" time="0.0"/>
  <testcase name="TestALotOfAdding" classname="LocalCMCTests" time="0.001"/>
  <testcase name="TestALotOfAdding" classname="LocalCMCTests" time="0.001"/>
  <testcase name="TestALotOfAdding" classname="LocalCMCTests" time="0.003"/>
  <testcase name="TestALotOfAdding" classname="LocalCMCTests" time="0.001"/>
  <testcase name="TestALotOfAdding" classname="LocalCMCTests" time="0.0"/>
  <testcase name="TestALotOfAdding" classname="LocalCMCTests" time="0.001"/>
  <testcase name="TestALotOfAdding" classname="LocalCMCTests" time="0.0"/>
  <testcase name="TestALotOfAdding" classname="LocalCMCTests" time="0.001"/>
  <testcase name="TestALotOfAdding" classname="LocalCMCTests" time="0.0"/>
  <testcase name="TestALotOfAdding" classname="LocalCMCTests" time="0.001"/>
  <testcase name="TestALotOfAdding" classname="LocalCMCTests" time="0.001"/>
  <testcase name="TestALotOfAdding" classname="LocalCMCTests" time="0.001"/>
  <testcase name="TestALotOfAdding" classname="LocalCMCTests" time="0.001"/>
  <testcase name="TestALotOfAdding" classname="LocalCMCTests" time="0.0"/>
  <testcase name="TestALotOfAdding" classname="LocalCMCTests" time="0.0"/>
  <testcase name="TestALotOfAdding" classname="LocalCMCTests" time="0.0"/>
  <testcase name="TestALotOfAdding" classname="LocalCMCTests" time="0.0"/>
  <testcase name="TestALotOfAdding" classname="LocalCMCTests" time="0.001"/>
  <testcase name="TestALotOfAdding" classname="LocalCMCTests" time="0.001"/>
  <testcase name="TestALotOfAdding" classname="LocalCMCTests" time="0.001"/>
  <testcase name="TestALotOfAdding" classname="LocalCMCTests" time="0.001"/>
  <testcase name="TestALotOfAdding" classname="LocalCMCTests" time="0.001"/>
  <testcase name="TestALotOfAdding" classname="LocalCMCTests" time="0.001"/>
  <testcase name="TestALotOfAdding" classname="LocalCMCTests" time="0.001"/>
  <testcase name="TestALotOfAdding" classname="LocalCMCTests" time="0.001"/>
  <testcase name="TestALotOfAdding" classname="LocalCMCTests" time="0.001"/>
  <testcase name="TestALotOfAdding" classname="LocalCMCTests" time="0.0"/>
  <testcase name="TestALotOfAdding" classname="LocalCMCTests" time="0.0"/>
  <testcase name="TestALotOfAdding" classname="LocalCMCTests" time="0.0"/>
  <testcase name="TestALotOfAdding" classname="LocalCMCTests" time="0.0"/>
  <testcase name="TestALotOfAdding" classname="LocalCMCTests" time="0.0"/>
  <testcase name="TestALotOfAdding" classname="LocalCMCTests" time="0.001"/>
  <testcase name="TestALotOfAdding" classname="LocalCMCTests" time="0.001"/>
  <testcase name="TestALotOfAdding" classname="LocalCMCTests" time="0.001"/>
  <testcase name="TestALotOfAdding" classname="LocalCMCTests" time="0.0"/>
  <testcase name="TestALotOfAdding" classname="LocalCMCTests" time="0.0"/>
  <testcase name="TestALotOfAdding" classname="LocalCMCTests" time="0.001"/>
  <testcase name="TestALotOfAdding" classname="LocalCMCTests" time="0.001"/>
  <testcase name="TestALotOfAdding" classname="LocalCMCTests" time="0.001"/>
  <testcase name="TestALotOfAdding" classname="LocalCMCTests" time="0.0"/>
  <testcase name="TestALotOfAdding" classname="LocalCMCTests" time="0.001"/>
  <testcase name="TestALotOfAdding" classname="LocalCMCTests" time="0.001"/>
  <testcase name="TestALotOfAdding" classname="LocalCMCTests" time="0.0"/>
  <testcase name="TestALotOfAdding" classname="LocalCMCTests" time="0.001"/>
  <testcase name="TestALotOfAdding" classname="LocalCMCTests" time="0.0"/>
  <testcase name="TestALotOfAdding" classname="LocalCMCTests" time="0.001"/>
  <testcase name="TestALotOfAdding" classname="LocalCMCTests" time="0.0"/>
  <testcase name="TestALotOfAdding" classname="LocalCMCTests" time="0.001"/>
  <testcase name="TestALotOfAdding" classname="LocalCMCTests" time="0.001"/>
  <testcase name="TestALotOfAdding" classname="LocalCMCTests" time="0.001"/>
  <testcase name="TestALotOfAdding" classname="LocalCMCTests" time="0.002"/>
  <testcase name="TestALotOfAdding" classname="LocalCMCTests" time="0.0"/>
  <testcase name="TestALotOfAdding" classname="LocalCMCTests" time="0.001"/>
  <testcase name="TestALotOfAdding" classname="LocalCMCTests" time="0.001"/>
  <testcase name="TestALotOfAdding" classname="LocalCMCTests" time="0.0"/>
  <testcase name="TestALotOfAdding" classname="LocalCMCTests" time="0.001"/>
  <testcase name="TestALotOfAdding" classname="LocalCMCTests" time="0.0"/>
  <testcase name="TestALotOfAdding" classname="LocalCMCTests" time="0.001"/>
  <testcase name="TestALotOfAdding" classname="LocalCMCTests" time="0.001"/>
  <testcase name="TestALotOfAdding" classname="LocalCMCTests" time="0.0"/>
  <testcase name="TestALotOfAdding" classname="LocalCMCTests" time="0.0"/>
  <testcase name="TestALotOfAdding" classname="LocalCMCTests" time="0.0"/>
  <testcase name="TestALotOfAdding" classname="LocalCMCTests" time="0.001"/>
  <testcase name="TestALotOfAdding" classname="LocalCMCTests" time="0.0"/>
  <testcase name="TestALotOfAdding" classname="LocalCMCTests" time="0.001"/>
  <testcase name="TestALotOfAdding" classname="LocalCMCTests" time="0.001"/>
  <testcase name="TestALotOfAdding" classname="LocalCMCTests" time="0.001"/>
  <testcase name="TestALotOfAdding" classname="LocalCMCTests" time="0.0"/>
  <testcase name="TestALotOfAdding" classname="LocalCMCTests" time="0.001"/>
  <testcase name="TestALotOfAdding" classname="LocalCMCTests" time="0.0"/>
  <testcase name="TestALotOfAdding" classname="LocalCMCTests" time="0.0"/>
  <testcase name="TestALotOfAdding" classname="LocalCMCTests" time="0.001"/>
  <testcase name="TestALotOfAdding" classname="LocalCMCTests" time="0.0"/>
  <testcase name="TestALotOfAdding" classname="LocalCMCTests" time="0.001"/>
  <testcase name="TestALotOfAdding" classname="LocalCMCTests" time="0.0"/>
  <testcase name="TestALotOfAdding" classname="LocalCMCTests" time="0.001"/>
  <testcase name="TestALotOfAdding" classname="LocalCMCTests" time="0.001"/>
  <testcase name="TestALotOfAdding" classname="LocalCMCTests" time="0.0"/>
  <testcase name="TestALotOfAdding" classname="LocalCMCTests" time="0.0"/>
  <testcase name="TestALotOfAdding" classname="LocalCMCTests" time="0.001"/>
  <testcase name="TestALotOfAdding" classname="LocalCMCTests" time="0.002"/>
  <testcase name="TestALotOfAdding" classname="LocalCMCTests" time="0.001"/>
  <testcase name="TestALotOfAdding" classname="LocalCMCTests" time="0.0"/>
  <testcase name="TestALotOfAdding" classname="LocalCMCTests" time="0.001"/>
  <testcase name="TestALotOfAdding" classname="LocalCMCTests" time="0.0"/>
  <testcase name="TestALotOfAdding" classname="LocalCMCTests" time="0.001"/>
  <testcase name="TestALotOfAdding" classname="LocalCMCTests" time="0.0"/>
  <testcase name="TestALotOfAdding" classname="LocalCMCTests" time="0.0"/>
  <testcase name="TestALotOfAdding" classname="LocalCMCTests" time="0.0"/>
  <testcase name="TestALotOfAdding" classname="LocalCMCTests" time="0.001"/>
  <testcase name="TestALotOfAdding" classname="LocalCMCTests" time="0.001"/>
  <testcase name="TestALotOfAdding" classname="LocalCMCTests" time="0.001"/>
  <testcase name="TestALotOfAdding" classname="LocalCMCTests" time="0.0"/>
  <testcase name="TestALotOfAdding" classname="LocalCMCTests" time="0.002"/>
  <testcase name="TestALotOfAdding" classname="LocalCMCTests" time="0.0"/>
  <testcase name="TestALotOfAdding" classname="LocalCMCTests" time="0.002"/>
  <testcase name="TestALotOfAdding" classname="LocalCMCTests" time="0.001"/>
  <testcase name="TestALotOfAdding" classname="LocalCMCTests" time="0.0"/>
  <testcase name="TestALotOfAdding" classname="LocalCMCTests" time="0.001"/>
  <testcase name="TestALotOfAdding" classname="LocalCMCTests" time="0.002"/>
  <testcase name="TestALotOfAdding" classname="LocalCMCTests" time="0.001"/>
  <testcase name="TestALotOfAdding" classname="LocalCMCTests" time="0.0"/>
  <testcase name="TestALotOfAdding" classname="LocalCMCTests" time="0.0"/>
  <testcase name="TestALotOfAdding" classname="LocalCMCTests" time="0.001"/>
  <testcase name="TestALotOfAdding" classname="LocalCMCTests" time="0.0"/>
  <testcase name="TestALotOfAdding" classname="LocalCMCTests" time="0.0"/>
  <testcase name="TestALotOfAdding" classname="LocalCMCTests" time="0.0"/>
  <testcase name="TestALotOfAdding" classname="LocalCMCTests" time="0.001"/>
  <testcase name="TestALotOfAdding" classname="LocalCMCTests" time="0.0"/>
  <testcase name="TestALotOfAdding" classname="LocalCMCTests" time="0.001"/>
  <testcase name="TestALotOfAdding" classname="LocalCMCTests" time="0.001"/>
  <testcase name="TestALotOfAdding" classname="LocalCMCTests" time="0.0"/>
  <testcase name="TestALotOfAdding" classname="LocalCMCTests" time="0.001"/>
  <testcase name="TestALotOfAdding" classname="LocalCMCTests" time="0.001"/>
  <testcase name="TestALotOfAdding" classname="LocalCMCTests" time="0.001"/>
  <testcase name="TestALotOfAdding" classname="LocalCMCTests" time="0.001"/>
  <testcase name="TestALotOfAdding" classname="LocalCMCTests" time="0.001"/>
  <testcase name="TestALotOfAdding" classname="LocalCMCTests" time="0.0"/>
  <testcase name="TestALotOfAdding" classname="LocalCMCTests" time="0.0"/>
  <testcase name="TestALotOfAdding" classname="LocalCMCTests" time="0.001"/>
  <testcase name="TestALotOfAdding" classname="LocalCMCTests" time="0.0"/>
  <testcase name="TestALotOfAdding" classname="LocalCMCTests" time="0.0"/>
  <testcase name="TestALotOfAdding" classname="LocalCMCTests" time="0.001"/>
  <testcase name="TestALotOfAdding" classname="LocalCMCTests" time="0.0"/>
  <testcase name="TestALotOfAdding" classname="LocalCMCTests" time="0.001"/>
  <testcase name="TestALotOfAdding" classname="LocalCMCTests" time="0.001"/>
  <testcase name="TestALotOfAdding" classname="LocalCMCTests" time="0.0"/>
  <testcase name="TestALotOfAdding" classname="LocalCMCTests" time="0.0"/>
  <testcase name="TestALotOfAdding" classname="LocalCMCTests" time="0.001"/>
  <testcase name="TestALotOfAdding" classname="LocalCMCTests" time="0.0"/>
  <testcase name="TestALotOfAdding" classname="LocalCMCTests" time="0.001"/>
  <testcase name="TestALotOfAdding" classname="LocalCMCTests" time="0.0"/>
  <testcase name="TestALotOfAdding" classname="LocalCMCTests" time="0.0"/>
  <testcase name="TestALotOfAdding" classname="LocalCMCTests" time="0.001"/>
  <testcase name="TestALotOfAdding" classname="LocalCMCTests" time="0.0"/>
  <testcase name="TestALotOfAdding" classname="LocalCMCTests" time="0.0"/>
  <testcase name="TestALotOfAdding" classname="LocalCMCTests" time="0.001"/>
  <testcase name="TestALotOfAdding" classname="LocalCMCTests" time="0.001"/>
  <testcase name="TestALotOfAdding" classname="LocalCMCTests" time="0.0"/>
  <testcase name="TestALotOfAdding" classname="LocalCMCTests" time="0.0"/>
  <testcase name="TestALotOfAdding" classname="LocalCMCTests" time="0.001"/>
  <testcase name="TestALotOfAdding" classname="LocalCMCTests" time="0.002"/>
  <testcase name="TestALotOfAdding" classname="LocalCMCTests" time="0.001"/>
  <testcase name="TestALotOfAdding" classname="LocalCMCTests" time="0.001"/>
  <testcase name="TestALotOfAdding" classname="LocalCMCTests" time="0.0"/>
  <testcase name="TestALotOfAdding" classname="LocalCMCTests" time="0.0"/>
  <testcase name="TestALotOfAdding" classname="LocalCMCTests" time="0.0"/>
  <testcase name="TestALotOfAdding" classname="LocalCMCTests" time="0.0"/>
  <testcase name="TestALotOfAdding" classname="LocalCMCTests" time="0.002"/>
  <testcase name="TestALotOfAdding" classname="LocalCMCTests" time="0.0"/>
  <testcase name="TestALotOfAdding" classname="LocalCMCTests" time="0.001"/>
  <testcase name="TestALotOfAdding" classname="LocalCMCTests" time="0.0"/>
  <testcase name="TestALotOfAdding" classname="LocalCMCTests" time="0.001"/>
  <testcase name="TestALotOfAdding" classname="LocalCMCTests" time="0.001"/>
  <testcase name="TestALotOfAdding" classname="LocalCMCTests" time="0.001"/>
  <testcase name="TestALotOfAdding" classname="LocalCMCTests" time="0.0"/>
  <testcase name="TestALotOfAdding" classname="LocalCMCTests" time="0.0"/>
  <testcase name="TestALotOfAdding" classname="LocalCMCTests" time="0.0"/>
  <testcase name="TestALotOfAdding" classname="LocalCMCTests" time="0.001"/>
  <testcase name="TestALotOfAdding" classname="LocalCMCTests" time="0.001"/>
  <testcase name="TestALotOfAdding" classname="LocalCMCTests" time="0.001"/>
  <testcase name="TestALotOfAdding" classname="LocalCMCTests" time="0.001"/>
  <testcase name="TestALotOfAdding" classname="LocalCMCTests" time="0.002"/>
  <testcase name="TestALotOfAdding" classname="LocalCMCTests" time="0.001"/>
  <testcase name="TestALotOfAdding" classname="LocalCMCTests" time="0.001"/>
  <testcase name="TestALotOfAdding" classname="LocalCMCTests" time="0.0"/>
  <testcase name="TestALotOfAdding" classname="LocalCMCTests" time="0.0"/>
  <testcase name="TestALotOfAdding" classname="LocalCMCTests" time="0.001"/>
  <testcase name="TestALotOfAdding" classname="LocalCMCTests" time="0.001"/>
  <testcase name="TestALotOfAdding" classname="LocalCMCTests" time="0.001"/>
  <testcase name="TestALotOfAdding" classname="LocalCMCTests" time="0.001"/>
  <testcase name="TestALotOfAdding" classname="LocalCMCTests" time="0.002"/>
  <testcase name="TestALotOfAdding" classname="LocalCMCTests" time="0.0"/>
  <testcase name="TestALotOfAdding" classname="LocalCMCTests" time="0.0"/>
  <testcase name="TestALotOfAdding" classname="LocalCMCTests" time="0.0"/>
  <testcase name="TestALotOfAdding" classname="LocalCMCTests" time="0.001"/>
  <testcase name="TestALotOfAdding" classname="LocalCMCTests" time="0.001"/>
  <testcase name="TestALotOfAdding" classname="LocalCMCTests" time="0.001"/>
  <testcase name="TestALotOfAdding" classname="LocalCMCTests" time="0.001"/>
  <testcase name="TestALotOfAdding" classname="LocalCMCTests" time="0.0"/>
  <testcase name="TestALotOfAdding" classname="LocalCMCTests" time="0.001"/>
  <testcase name="TestALotOfAdding" classname="LocalCMCTests" time="0.0"/>
  <testcase name="TestALotOfAdding" classname="LocalCMCTests" time="0.0"/>
  <testcase name="TestALotOfAdding" classname="LocalCMCTests" time="0.001"/>
  <testcase name="TestALotOfAdding" classname="LocalCMCTests" time="0.001"/>
  <testcase name="TestALotOfAdding" classname="LocalCMCTests" time="0.001"/>
  <testcase name="TestALotOfAdding" classname="LocalCMCTests" time="0.001"/>
  <testcase name="TestALotOfAdding" classname="LocalCMCTests" time="0.0"/>
  <testcase name="TestALotOfAdding" classname="LocalCMCTests" time="0.0"/>
  <testcase name="TestALotOfAdding" classname="LocalCMCTests" time="0.001"/>
  <testcase name="TestALotOfAdding" classname="LocalCMCTests" time="0.001"/>
  <testcase name="TestALotOfAdding" classname="LocalCMCTests" time="0.001"/>
  <testcase name="TestALotOfAdding" classname="LocalCMCTests" time="0.001"/>
  <testcase name="TestALotOfAdding" classname="LocalCMCTests" time="0.002"/>
  <testcase name="TestALotOfAdding" classname="LocalCMCTests" time="0.001"/>
  <testcase name="TestALotOfAdding" classname="LocalCMCTests" time="0.0"/>
  <testcase name="TestALotOfAdding" classname="LocalCMCTests" time="0.0"/>
  <testcase name="TestALotOfAdding" classname="LocalCMCTests" time="0.0"/>
  <testcase name="TestALotOfAdding" classname="LocalCMCTests" time="0.0"/>
  <testcase name="TestALotOfAdding" classname="LocalCMCTests" time="0.001"/>
  <testcase name="TestALotOfAdding" classname="LocalCMCTests" time="0.0"/>
  <testcase name="TestALotOfAdding" classname="LocalCMCTests" time="0.001"/>
  <testcase name="TestALotOfAdding" classname="LocalCMCTests" time="0.0"/>
  <testcase name="TestALotOfAdding" classname="LocalCMCTests" time="0.0"/>
  <testcase name="TestALotOfAdding" classname="LocalCMCTests" time="0.0"/>
  <testcase name="TestALotOfAdding" classname="LocalCMCTests" time="0.0"/>
  <testcase name="TestALotOfAdding" classname="LocalCMCTests" time="0.001"/>
  <testcase name="TestALotOfAdding" classname="LocalCMCTests" time="0.001"/>
  <testcase name="TestALotOfAdding" classname="LocalCMCTests" time="0.001"/>
  <testcase name="TestALotOfAdding" classname="LocalCMCTests" time="0.001"/>
  <testcase name="TestALotOfAdding" classname="LocalCMCTests" time="0.0"/>
  <testcase name="TestALotOfAdding" classname="LocalCMCTests" time="0.0"/>
  <testcase name="TestALotOfAdding" classname="LocalCMCTests" time="0.002"/>
  <testcase name="TestALotOfAdding" classname="LocalCMCTests" time="0.001"/>
  <testcase name="TestALotOfAdding" classname="LocalCMCTests" time="0.0"/>
  <testcase name="TestALotOfAdding" classname="LocalCMCTests" time="0.0"/>
  <testcase name="TestALotOfAdding" classname="LocalCMCTests" time="0.002"/>
  <testcase name="TestALotOfAdding" classname="LocalCMCTests" time="0.001"/>
  <testcase name="TestALotOfAdding" classname="LocalCMCTests" time="0.0"/>
  <testcase name="TestALotOfAdding" classname="LocalCMCTests" time="0.0"/>
  <testcase name="TestALotOfAdding" classname="LocalCMCTests" time="0.001"/>
  <testcase name="TestALotOfAdding" classname="LocalCMCTests" time="0.001"/>
  <testcase name="TestALotOfAdding" classname="LocalCMCTests" time="0.0"/>
  <testcase name="TestALotOfAdding" classname="LocalCMCTests" time="0.0"/>
  <testcase name="TestALotOfAdding" classname="LocalCMCTests" time="0.001"/>
  <testcase name="TestALotOfAdding" classname="LocalCMCTests" time="0.001"/>
  <testcase name="TestALotOfAdding" classname="LocalCMCTests" time="0.0"/>
  <testcase name="TestALotOfAdding" classname="LocalCMCTests" time="0.001"/>
  <testcase name="TestALotOfAdding" classname="LocalCMCTests" time="0.001"/>
  <testcase name="TestALotOfAdding" classname="LocalCMCTests" time="0.001"/>
  <testcase name="TestALotOfAdding" classname="LocalCMCTests" time="0.001"/>
  <testcase name="TestALotOfAdding" classname="LocalCMCTests" time="0.0"/>
  <testcase name="TestALotOfAdding" classname="LocalCMCTests" time="0.0"/>
  <testcase name="TestALotOfAdding" classname="LocalCMCTests" time="0.001"/>
  <testcase name="TestALotOfAdding" classname="LocalCMCTests" time="0.001"/>
  <testcase name="TestALotOfAdding" classname="LocalCMCTests" time="0.0"/>
  <testcase name="TestALotOfAdding" classname="LocalCMCTests" time="0.0"/>
  <testcase name="TestALotOfAdding" classname="LocalCMCTests" time="0.002"/>
  <testcase name="TestALotOfAdding" classname="LocalCMCTests" time="0.001"/>
  <testcase name="TestALotOfAdding" classname="LocalCMCTests" time="0.0"/>
  <testcase name="TestALotOfAdding" classname="LocalCMCTests" time="0.001"/>
  <testcase name="TestALotOfAdding" classname="LocalCMCTests" time="0.001"/>
  <testcase name="TestALotOfAdding" classname="LocalCMCTests" time="0.0"/>
  <testcase name="TestALotOfAdding" classname="LocalCMCTests" time="0.002"/>
  <testcase name="TestALotOfAdding" classname="LocalCMCTests" time="0.0"/>
  <testcase name="TestALotOfAdding" classname="LocalCMCTests" time="0.0"/>
  <testcase name="TestALotOfAdding" classname="LocalCMCTests" time="0.0"/>
  <testcase name="TestALotOfAdding" classname="LocalCMCTests" time="0.0"/>
  <testcase name="TestALotOfAdding" classname="LocalCMCTests" time="0.0"/>
  <testcase name="TestALotOfAdding" classname="LocalCMCTests" time="0.0"/>
  <testcase name="TestALotOfAdding" classname="LocalCMCTests" time="0.001"/>
  <testcase name="TestALotOfAdding" classname="LocalCMCTests" time="0.0"/>
  <testcase name="TestALotOfAdding" classname="LocalCMCTests" time="0.001"/>
  <testcase name="TestALotOfAdding" classname="LocalCMCTests" time="0.002"/>
  <testcase name="TestALotOfAdding" classname="LocalCMCTests" time="0.001"/>
  <testcase name="TestALotOfAdding" classname="LocalCMCTests" time="0.0"/>
  <testcase name="TestALotOfAdding" classname="LocalCMCTests" time="0.001"/>
  <testcase name="TestALotOfAdding" classname="LocalCMCTests" time="0.001"/>
  <testcase name="TestALotOfAdding" classname="LocalCMCTests" time="0.002"/>
  <testcase name="TestALotOfAdding" classname="LocalCMCTests" time="0.0"/>
  <testcase name="TestALotOfAdding" classname="LocalCMCTests" time="0.001"/>
  <testcase name="TestALotOfAdding" classname="LocalCMCTests" time="0.001"/>
  <testcase name="TestALotOfAdding" classname="LocalCMCTests" time="0.0"/>
  <testcase name="TestALotOfAdding" classname="LocalCMCTests" time="0.0"/>
  <testcase name="TestALotOfAdding" classname="LocalCMCTests" time="0.0"/>
  <testcase name="TestALotOfAdding" classname="LocalCMCTests" time="0.0"/>
  <testcase name="TestALotOfAdding" classname="LocalCMCTests" time="0.0"/>
  <testcase name="TestALotOfAdding" classname="LocalCMCTests" time="0.0"/>
  <testcase name="TestALotOfAdding" classname="LocalCMCTests" time="0.0"/>
  <testcase name="TestALotOfAdding" classname="LocalCMCTests" time="0.003"/>
  <testcase name="TestALotOfAdding" classname="LocalCMCTests" time="0.001"/>
  <testcase name="TestALotOfAdding" classname="LocalCMCTests" time="0.002"/>
  <testcase name="TestALotOfAdding" classname="LocalCMCTests" time="0.001"/>
  <testcase name="TestALotOfAdding" classname="LocalCMCTests" time="0.001"/>
  <testcase name="TestALotOfAdding" classname="LocalCMCTests" time="0.001"/>
  <testcase name="TestALotOfAdding" classname="LocalCMCTests" time="0.001"/>
  <testcase name="TestALotOfAdding" classname="LocalCMCTests" time="0.001"/>
  <testcase name="TestALotOfAdding" classname="LocalCMCTests" time="0.002"/>
  <testcase name="TestALotOfAdding" classname="LocalCMCTests" time="0.001"/>
  <testcase name="TestALotOfAdding" classname="LocalCMCTests" time="0.0"/>
  <testcase name="TestALotOfAdding" classname="LocalCMCTests" time="0.0"/>
  <testcase name="TestALotOfAdding" classname="LocalCMCTests" time="0.0"/>
  <testcase name="TestALotOfAdding" classname="LocalCMCTests" time="0.0"/>
  <testcase name="TestALotOfAdding" classname="LocalCMCTests" time="0.0"/>
  <testcase name="TestALotOfAdding" classname="LocalCMCTests" time="0.0"/>
  <testcase name="TestALotOfAdding" classname="LocalCMCTests" time="0.0"/>
  <testcase name="TestALotOfAdding" classname="LocalCMCTests" time="0.0"/>
  <testcase name="TestALotOfAdding" classname="LocalCMCTests" time="0.0"/>
  <testcase name="TestALotOfAdding" classname="LocalCMCTests" time="0.001"/>
  <testcase name="TestALotOfAdding" classname="LocalCMCTests" time="0.001"/>
  <testcase name="TestALotOfAdding" classname="LocalCMCTests" time="0.001"/>
  <testcase name="TestALotOfAdding" classname="LocalCMCTests" time="0.001"/>
  <testcase name="TestALotOfAdding" classname="LocalCMCTests" time="0.0"/>
  <testcase name="TestALotOfAdding" classname="LocalCMCTests" time="0.001"/>
  <testcase name="TestALotOfAdding" classname="LocalCMCTests" time="0.001"/>
  <testcase name="TestALotOfAdding" classname="LocalCMCTests" time="0.001"/>
  <testcase name="TestALotOfAdding" classname="LocalCMCTests" time="0.0"/>
  <testcase name="TestALotOfAdding" classname="LocalCMCTests" time="0.001"/>
  <testcase name="TestALotOfAdding" classname="LocalCMCTests" time="0.001"/>
  <testcase name="TestALotOfAdding" classname="LocalCMCTests" time="0.0"/>
  <testcase name="TestALotOfAdding" classname="LocalCMCTests" time="0.0"/>
  <testcase name="TestALotOfAdding" classname="LocalCMCTests" time="0.0"/>
  <testcase name="TestALotOfAdding" classname="LocalCMCTests" time="0.0"/>
  <testcase name="TestALotOfAdding" classname="LocalCMCTests" time="0.0"/>
  <testcase name="TestALotOfAdding" classname="LocalCMCTests" time="0.0"/>
  <testcase name="TestALotOfAdding" classname="LocalCMCTests" time="0.001"/>
  <testcase name="TestALotOfAdding" classname="LocalCMCTests" time="0.001"/>
  <testcase name="TestALotOfAdding" classname="LocalCMCTests" time="0.0"/>
  <testcase name="TestALotOfAdding" classname="LocalCMCTests" time="0.001"/>
  <testcase name="TestALotOfAdding" classname="LocalCMCTests" time="0.001"/>
  <testcase name="TestALotOfAdding" classname="LocalCMCTests" time="0.001"/>
  <testcase name="TestALotOfAdding" classname="LocalCMCTests" time="0.002"/>
  <testcase name="TestALotOfAdding" classname="LocalCMCTests" time="0.0"/>
  <testcase name="TestALotOfAdding" classname="LocalCMCTests" time="0.001"/>
  <testcase name="TestALotOfAdding" classname="LocalCMCTests" time="0.0"/>
  <testcase name="TestALotOfAdding" classname="LocalCMCTests" time="0.001"/>
  <testcase name="TestALotOfAdding" classname="LocalCMCTests" time="0.0"/>
  <testcase name="TestALotOfAdding" classname="LocalCMCTests" time="0.001"/>
  <testcase name="TestALotOfAdding" classname="LocalCMCTests" time="0.001"/>
  <testcase name="TestALotOfAdding" classname="LocalCMCTests" time="0.0"/>
  <testcase name="TestALotOfAdding" classname="LocalCMCTests" time="0.0"/>
  <testcase name="TestALotOfAdding" classname="LocalCMCTests" time="0.0"/>
  <testcase name="TestALotOfAdding" classname="LocalCMCTests" time="0.0"/>
  <testcase name="TestALotOfAdding" classname="LocalCMCTests" time="0.0"/>
  <testcase name="TestALotOfAdding" classname="LocalCMCTests" time="0.0"/>
  <testcase name="TestALotOfAdding" classname="LocalCMCTests" time="0.001"/>
  <testcase name="TestALotOfAdding" classname="LocalCMCTests" time="0.001"/>
  <testcase name="TestALotOfAdding" classname="LocalCMCTests" time="0.001"/>
  <testcase name="TestALotOfAdding" classname="LocalCMCTests" time="0.001"/>
  <testcase name="TestALotOfAdding" classname="LocalCMCTests" time="0.001"/>
  <testcase name="TestALotOfAdding" classname="LocalCMCTests" time="0.001"/>
  <testcase name="TestALotOfAdding" classname="LocalCMCTests" time="0.001"/>
  <testcase name="TestALotOfAdding" classname="LocalCMCTests" time="0.001"/>
  <testcase name="TestALotOfAdding" classname="LocalCMCTests" time="0.0"/>
  <testcase name="TestALotOfAdding" classname="LocalCMCTests" time="0.0"/>
  <testcase name="TestALotOfAdding" classname="LocalCMCTests" time="0.001"/>
  <testcase name="TestALotOfAdding" classname="LocalCMCTests" time="0.0"/>
  <testcase name="TestALotOfAdding" classname="LocalCMCTests" time="0.0"/>
  <testcase name="TestALotOfAdding" classname="LocalCMCTests" time="0.0"/>
  <testcase name="TestALotOfAdding" classname="LocalCMCTests" time="0.0"/>
  <testcase name="TestALotOfAdding" classname="LocalCMCTests" time="0.0"/>
  <testcase name="TestALotOfAdding" classname="LocalCMCTests" time="0.001"/>
  <testcase name="TestALotOfAdding" classname="LocalCMCTests" time="0.0"/>
  <testcase name="TestALotOfAdding" classname="LocalCMCTests" time="0.0"/>
  <testcase name="TestALotOfAdding" classname="LocalCMCTests" time="0.0"/>
  <testcase name="TestALotOfAdding" classname="LocalCMCTests" time="0.0"/>
  <testcase name="TestALotOfAdding" classname="LocalCMCTests" time="0.0"/>
  <testcase name="TestALotOfAdding" classname="LocalCMCTests" time="0.001"/>
  <testcase name="TestALotOfAdding" classname="LocalCMCTests" time="0.001"/>
  <testcase name="TestALotOfAdding" classname="LocalCMCTests" time="0.001"/>
  <testcase name="TestALotOfAdding" classname="LocalCMCTests" time="0.001"/>
  <testcase name="TestALotOfAdding" classname="LocalCMCTests" time="0.001"/>
  <testcase name="TestALotOfAdding" classname="LocalCMCTests" time="0.0"/>
  <testcase name="TestALotOfAdding" classname="LocalCMCTests" time="0.0"/>
  <testcase name="TestALotOfAdding" classname="LocalCMCTests" time="0.0"/>
  <testcase name="TestALotOfAdding" classname="LocalCMCTests" time="0.0"/>
  <testcase name="TestALotOfAdding" classname="LocalCMCTests" time="0.0"/>
  <testcase name="TestALotOfAdding" classname="LocalCMCTests" time="0.001"/>
  <testcase name="TestALotOfAdding" classname="LocalCMCTests" time="0.0"/>
  <testcase name="TestALotOfAdding" classname="LocalCMCTests" time="0.0"/>
  <testcase name="TestALotOfAdding" classname="LocalCMCTests" time="0.001"/>
  <testcase name="TestALotOfAdding" classname="LocalCMCTests" time="0.0"/>
  <testcase name="TestALotOfAdding" classname="LocalCMCTests" time="0.002"/>
  <testcase name="TestALotOfAdding" classname="LocalCMCTests" time="0.002"/>
  <testcase name="TestALotOfAdding" classname="LocalCMCTests" time="0.001"/>
  <testcase name="TestALotOfAdding" classname="LocalCMCTests" time="0.001"/>
  <testcase name="TestALotOfAdding" classname="LocalCMCTests" time="0.001"/>
  <testcase name="TestALotOfAdding" classname="LocalCMCTests" time="0.001"/>
  <testcase name="TestALotOfAdding" classname="LocalCMCTests" time="0.001"/>
  <testcase name="TestALotOfAdding" classname="LocalCMCTests" time="0.0"/>
  <testcase name="TestALotOfAdding" classname="LocalCMCTests" time="0.0"/>
  <testcase name="TestALotOfAdding" classname="LocalCMCTests" time="0.0"/>
  <testcase name="TestALotOfAdding" classname="LocalCMCTests" time="0.0"/>
  <testcase name="TestALotOfAdding" classname="LocalCMCTests" time="0.0"/>
  <testcase name="TestALotOfAdding" classname="LocalCMCTests" time="0.0"/>
  <testcase name="TestALotOfAdding" classname="LocalCMCTests" time="0.0"/>
  <testcase name="TestALotOfAdding" classname="LocalCMCTests" time="0.0"/>
  <testcase name="TestALotOfAdding" classname="LocalCMCTests" time="0.001"/>
  <testcase name="TestALotOfAdding" classname="LocalCMCTests" time="0.001"/>
  <testcase name="TestALotOfAdding" classname="LocalCMCTests" time="0.001"/>
  <testcase name="TestALotOfAdding" classname="LocalCMCTests" time="0.0"/>
  <testcase name="TestALotOfAdding" classname="LocalCMCTests" time="0.0"/>
  <testcase name="TestALotOfAdding" classname="LocalCMCTests" time="0.001"/>
  <testcase name="TestALotOfAdding" classname="LocalCMCTests" time="0.002"/>
  <testcase name="TestALotOfAdding" classname="LocalCMCTests" time="0.001"/>
  <testcase name="TestALotOfAdding" classname="LocalCMCTests" time="0.0"/>
  <testcase name="TestALotOfAdding" classname="LocalCMCTests" time="0.001"/>
  <testcase name="TestALotOfAdding" classname="LocalCMCTests" time="0.0"/>
  <testcase name="TestALotOfAdding" classname="LocalCMCTests" time="0.001"/>
  <testcase name="TestALotOfAdding" classname="LocalCMCTests" time="0.0"/>
  <testcase name="TestALotOfAdding" classname="LocalCMCTests" time="0.001"/>
  <testcase name="TestALotOfAdding" classname="LocalCMCTests" time="0.0"/>
  <testcase name="TestALotOfAdding" classname="LocalCMCTests" time="0.001"/>
  <testcase name="TestALotOfAdding" classname="LocalCMCTests" time="0.002"/>
  <testcase name="TestALotOfAdding" classname="LocalCMCTests" time="0.003"/>
  <testcase name="TestALotOfAdding" classname="LocalCMCTests" time="0.0"/>
  <testcase name="TestALotOfAdding" classname="LocalCMCTests" time="0.001"/>
  <testcase name="TestALotOfAdding" classname="LocalCMCTests" time="0.0"/>
  <testcase name="TestALotOfAdding" classname="LocalCMCTests" time="0.001"/>
  <testcase name="TestALotOfAdding" classname="LocalCMCTests" time="0.001"/>
  <testcase name="TestALotOfAdding" classname="LocalCMCTests" time="0.001"/>
  <testcase name="TestALotOfAdding" classname="LocalCMCTests" time="0.001"/>
  <testcase name="TestALotOfAdding" classname="LocalCMCTests" time="0.001"/>
  <testcase name="TestALotOfAdding" classname="LocalCMCTests" time="0.0"/>
  <testcase name="TestALotOfAdding" classname="LocalCMCTests" time="0.0"/>
  <testcase name="TestALotOfAdding" classname="LocalCMCTests" time="0.0"/>
  <testcase name="TestALotOfAdding" classname="LocalCMCTests" time="0.0"/>
  <testcase name="TestALotOfAdding" classname="LocalCMCTests" time="0.0"/>
  <testcase name="TestALotOfAdding" classname="LocalCMCTests" time="0.0"/>
  <testcase name="TestALotOfAdding" classname="LocalCMCTests" time="0.001"/>
  <testcase name="TestALotOfAdding" classname="LocalCMCTests" time="0.001"/>
  <testcase name="TestALotOfAdding" classname="LocalCMCTests" time="0.001"/>
  <testcase name="TestALotOfAdding" classname="LocalCMCTests" time="0.0"/>
  <testcase name="TestALotOfAdding" classname="LocalCMCTests" time="0.0"/>
  <testcase name="TestALotOfAdding" classname="LocalCMCTests" time="0.001"/>
  <testcase name="TestALotOfAdding" classname="LocalCMCTests" time="0.0"/>
  <testcase name="TestALotOfAdding" classname="LocalCMCTests" time="0.0"/>
  <testcase name="TestALotOfAdding" classname="LocalCMCTests" time="0.001"/>
  <testcase name="TestALotOfAdding" classname="LocalCMCTests" time="0.001"/>
  <testcase name="TestALotOfAdding" classname="LocalCMCTests" time="0.0"/>
  <testcase name="TestALotOfAdding" classname="LocalCMCTests" time="0.001"/>
  <testcase name="TestALotOfAdding" classname="LocalCMCTests" time="0.001"/>
  <testcase name="TestALotOfAdding" classname="LocalCMCTests" time="0.002"/>
  <testcase name="TestALotOfAdding" classname="LocalCMCTests" time="0.001"/>
  <testcase name="TestALotOfAdding" classname="LocalCMCTests" time="0.0"/>
  <testcase name="TestALotOfAdding" classname="LocalCMCTests" time="0.0"/>
  <testcase name="TestALotOfAdding" classname="LocalCMCTests" time="0.001"/>
  <testcase name="TestALotOfAdding" classname="LocalCMCTests" time="0.0"/>
  <testcase name="TestALotOfAdding" classname="LocalCMCTests" time="0.001"/>
  <testcase name="TestALotOfAdding" classname="LocalCMCTests" time="0.0"/>
  <testcase name="TestALotOfAdding" classname="LocalCMCTests" time="0.001"/>
  <testcase name="TestALotOfAdding" classname="LocalCMCTests" time="0.001"/>
  <testcase name="TestALotOfAdding" classname="LocalCMCTests" time="0.0"/>
  <testcase name="TestALotOfAdding" classname="LocalCMCTests" time="0.001"/>
  <testcase name="TestALotOfAdding" classname="LocalCMCTests" time="0.0"/>
  <testcase name="TestALotOfAdding" classname="LocalCMCTests" time="0.001"/>
  <testcase name="TestALotOfAdding" classname="LocalCMCTests" time="0.001"/>
  <testcase name="TestALotOfAdding" classname="LocalCMCTests" time="0.0"/>
  <testcase name="TestALotOfAdding" classname="LocalCMCTests" time="0.0"/>
  <testcase name="TestALotOfAdding" classname="LocalCMCTests" time="0.001"/>
  <testcase name="TestALotOfAdding" classname="LocalCMCTests" time="0.001"/>
  <testcase name="TestALotOfAdding" classname="LocalCMCTests" time="0.0"/>
  <testcase name="TestALotOfAdding" classname="LocalCMCTests" time="0.001"/>
  <testcase name="TestALotOfAdding" classname="LocalCMCTests" time="0.001"/>
  <testcase name="TestALotOfAdding" classname="LocalCMCTests" time="0.001"/>
  <testcase name="TestALotOfAdding" classname="LocalCMCTests" time="0.001"/>
  <testcase name="TestALotOfAdding" classname="LocalCMCTests" time="0.002"/>
  <testcase name="TestALotOfAdding" classname="LocalCMCTests" time="0.001"/>
  <testcase name="TestALotOfAdding" classname="LocalCMCTests" time="0.0"/>
  <testcase name="TestALotOfAdding" classname="LocalCMCTests" time="0.0"/>
  <testcase name="TestALotOfAdding" classname="LocalCMCTests" time="0.0"/>
  <testcase name="TestALotOfAdding" classname="LocalCMCTests" time="0.001"/>
  <testcase name="TestALotOfAdding" classname="LocalCMCTests" time="0.0"/>
  <testcase name="TestALotOfAdding" classname="LocalCMCTests" time="0.001"/>
  <testcase name="TestALotOfAdding" classname="LocalCMCTests" time="0.001"/>
  <testcase name="TestALotOfAdding" classname="LocalCMCTests" time="0.0"/>
  <testcase name="TestALotOfAdding" classname="LocalCMCTests" time="0.001"/>
  <testcase name="TestALotOfAdding" classname="LocalCMCTests" time="0.001"/>
  <testcase name="TestALotOfAdding" classname="LocalCMCTests" time="0.0"/>
  <testcase name="TestALotOfAdding" classname="LocalCMCTests" time="0.001"/>
  <testcase name="TestALotOfAdding" classname="LocalCMCTests" time="0.001"/>
  <testcase name="TestALotOfAdding" classname="LocalCMCTests" time="0.001"/>
  <testcase name="TestALotOfAdding" classname="LocalCMCTests" time="0.001"/>
  <testcase name="TestALotOfAdding" classname="LocalCMCTests" time="0.001"/>
  <testcase name="TestALotOfAdding" classname="LocalCMCTests" time="0.001"/>
  <testcase name="TestALotOfAdding" classname="LocalCMCTests" time="0.001"/>
  <testcase name="TestALotOfAdding" classname="LocalCMCTests" time="0.0"/>
  <testcase name="TestALotOfAdding" classname="LocalCMCTests" time="0.0"/>
  <testcase name="TestALotOfAdding" classname="LocalCMCTests" time="0.0"/>
  <testcase name="TestALotOfAdding" classname="LocalCMCTests" time="0.0"/>
  <testcase name="TestALotOfAdding" classname="LocalCMCTests" time="0.0"/>
  <testcase name="TestALotOfAdding" classname="LocalCMCTests" time="0.0"/>
  <testcase name="TestALotOfAdding" classname="LocalCMCTests" time="0.0"/>
  <testcase name="TestALotOfAdding" classname="LocalCMCTests" time="0.0"/>
  <testcase name="TestALotOfAdding" classname="LocalCMCTests" time="0.0"/>
  <testcase name="TestALotOfAdding" classname="LocalCMCTests" time="0.0"/>
  <testcase name="TestALotOfAdding" classname="LocalCMCTests" time="0.001"/>
  <testcase name="TestALotOfAdding" classname="LocalCMCTests" time="0.0"/>
  <testcase name="TestALotOfAdding" classname="LocalCMCTests" time="0.001"/>
  <testcase name="TestALotOfAdding" classname="LocalCMCTests" time="0.001"/>
  <testcase name="TestALotOfAdding" classname="LocalCMCTests" time="0.002"/>
  <testcase name="TestALotOfAdding" classname="LocalCMCTests" time="0.0"/>
  <testcase name="TestALotOfAdding" classname="LocalCMCTests" time="0.0"/>
  <testcase name="TestALotOfAdding" classname="LocalCMCTests" time="0.0"/>
  <testcase name="TestALotOfAdding" classname="LocalCMCTests" time="0.0"/>
  <testcase name="TestALotOfAdding" classname="LocalCMCTests" time="0.001"/>
  <testcase name="TestALotOfAdding" classname="LocalCMCTests" time="0.001"/>
  <testcase name="TestALotOfAdding" classname="LocalCMCTests" time="0.001"/>
  <testcase name="TestALotOfAdding" classname="LocalCMCTests" time="0.0"/>
  <testcase name="TestALotOfAdding" classname="LocalCMCTests" time="0.001"/>
  <testcase name="TestALotOfAdding" classname="LocalCMCTests" time="0.001"/>
  <testcase name="TestALotOfAdding" classname="LocalCMCTests" time="0.0"/>
  <testcase name="TestALotOfAdding" classname="LocalCMCTests" time="0.001"/>
  <testcase name="TestALotOfAdding" classname="LocalCMCTests" time="0.001"/>
  <testcase name="TestALotOfAdding" classname="LocalCMCTests" time="0.002"/>
  <testcase name="TestALotOfAdding" classname="LocalCMCTests" time="0.001"/>
  <testcase name="TestALotOfAdding" classname="LocalCMCTests" time="0.001"/>
  <testcase name="TestALotOfAdding" classname="LocalCMCTests" time="0.0"/>
  <testcase name="TestALotOfAdding" classname="LocalCMCTests" time="0.0"/>
  <testcase name="TestALotOfAdding" classname="LocalCMCTests" time="0.001"/>
  <testcase name="TestALotOfAdding" classname="LocalCMCTests" time="0.0"/>
  <testcase name="TestALotOfAdding" classname="LocalCMCTests" time="0.0"/>
  <testcase name="TestALotOfAdding" classname="LocalCMCTests" time="0.0"/>
  <testcase name="TestALotOfAdding" classname="LocalCMCTests" time="0.001"/>
  <testcase name="TestALotOfAdding" classname="LocalCMCTests" time="0.001"/>
  <testcase name="TestALotOfAdding" classname="LocalCMCTests" time="0.001"/>
  <testcase name="TestALotOfAdding" classname="LocalCMCTests" time="0.001"/>
  <testcase name="TestALotOfAdding" classname="LocalCMCTests" time="0.0"/>
  <testcase name="TestALotOfAdding" classname="LocalCMCTests" time="0.001"/>
  <testcase name="TestALotOfAdding" classname="LocalCMCTests" time="0.001"/>
  <testcase name="TestALotOfAdding" classname="LocalCMCTests" time="0.0"/>
  <testcase name="TestALotOfAdding" classname="LocalCMCTests" time="0.001"/>
  <testcase name="TestALotOfAdding" classname="LocalCMCTests" time="0.001"/>
  <testcase name="TestALotOfAdding" classname="LocalCMCTests" time="0.0"/>
  <testcase name="TestALotOfAdding" classname="LocalCMCTests" time="0.0"/>
  <testcase name="TestALotOfAdding" classname="LocalCMCTests" time="0.001"/>
  <testcase name="TestALotOfAdding" classname="LocalCMCTests" time="0.0"/>
  <testcase name="TestALotOfAdding" classname="LocalCMCTests" time="0.001"/>
  <testcase name="TestALotOfAdding" classname="LocalCMCTests" time="0.001"/>
  <testcase name="TestALotOfAdding" classname="LocalCMCTests" time="0.0"/>
  <testcase name="TestALotOfAdding" classname="LocalCMCTests" time="0.001"/>
  <testcase name="TestALotOfAdding" classname="LocalCMCTests" time="0.001"/>
  <testcase name="TestALotOfAdding" classname="LocalCMCTests" time="0.0"/>
  <testcase name="TestALotOfAdding" classname="LocalCMCTests" time="0.0"/>
  <testcase name="TestALotOfAdding" classname="LocalCMCTests" time="0.0"/>
  <testcase name="TestALotOfAdding" classname="LocalCMCTests" time="0.0"/>
  <testcase name="TestALotOfAdding" classname="LocalCMCTests" time="0.001"/>
  <testcase name="TestALotOfAdding" classname="LocalCMCTests" time="0.001"/>
  <testcase name="TestALotOfAdding" classname="LocalCMCTests" time="0.002"/>
  <testcase name="TestALotOfAdding" classname="LocalCMCTests" time="0.0"/>
  <testcase name="TestALotOfAdding" classname="LocalCMCTests" time="0.001"/>
  <testcase name="TestALotOfAdding" classname="LocalCMCTests" time="0.0"/>
  <testcase name="TestALotOfAdding" classname="LocalCMCTests" time="0.0"/>
  <testcase name="TestALotOfAdding" classname="LocalCMCTests" time="0.0"/>
  <testcase name="TestALotOfAdding" classname="LocalCMCTests" time="0.0"/>
  <testcase name="TestALotOfAdding" classname="LocalCMCTests" time="0.0"/>
  <testcase name="TestALotOfAdding" classname="LocalCMCTests" time="0.0"/>
  <testcase name="TestALotOfAdding" classname="LocalCMCTests" time="0.001"/>
  <testcase name="TestALotOfAdding" classname="LocalCMCTests" time="0.0"/>
  <testcase name="TestALotOfAdding" classname="LocalCMCTests" time="0.0"/>
  <testcase name="TestALotOfAdding" classname="LocalCMCTests" time="0.001"/>
  <testcase name="TestALotOfAdding" classname="LocalCMCTests" time="0.001"/>
  <testcase name="TestALotOfAdding" classname="LocalCMCTests" time="0.0"/>
  <testcase name="TestALotOfAdding" classname="LocalCMCTests" time="0.002"/>
  <testcase name="TestALotOfAdding" classname="LocalCMCTests" time="0.0"/>
  <testcase name="TestALotOfAdding" classname="LocalCMCTests" time="0.0"/>
  <testcase name="TestALotOfAdding" classname="LocalCMCTests" time="0.001"/>
  <testcase name="TestALotOfAdding" classname="LocalCMCTests" time="0.001"/>
  <testcase name="TestALotOfAdding" classname="LocalCMCTests" time="0.002"/>
  <testcase name="TestALotOfAdding" classname="LocalCMCTests" time="0.0"/>
  <testcase name="TestALotOfAdding" classname="LocalCMCTests" time="0.0"/>
  <testcase name="TestALotOfAdding" classname="LocalCMCTests" time="0.001"/>
  <testcase name="TestALotOfAdding" classname="LocalCMCTests" time="0.0"/>
  <testcase name="TestALotOfAdding" classname="LocalCMCTests" time="0.002"/>
  <testcase name="TestALotOfAdding" classname="LocalCMCTests" time="0.0"/>
  <testcase name="TestALotOfAdding" classname="LocalCMCTests" time="0.001"/>
  <testcase name="TestALotOfAdding" classname="LocalCMCTests" time="0.0"/>
  <testcase name="TestALotOfAdding" classname="LocalCMCTests" time="0.0"/>
  <testcase name="TestALotOfAdding" classname="LocalCMCTests" time="0.002"/>
  <testcase name="TestALotOfAdding" classname="LocalCMCTests" time="0.001"/>
  <testcase name="TestALotOfAdding" classname="LocalCMCTests" time="0.0"/>
  <testcase name="TestALotOfAdding" classname="LocalCMCTests" time="0.003"/>
  <testcase name="TestALotOfAdding" classname="LocalCMCTests" time="0.001"/>
  <testcase name="TestALotOfAdding" classname="LocalCMCTests" time="0.0"/>
  <testcase name="TestALotOfAdding" classname="LocalCMCTests" time="0.001"/>
  <testcase name="TestALotOfAdding" classname="LocalCMCTests" time="0.0"/>
  <testcase name="TestALotOfAdding" classname="LocalCMCTests" time="0.0"/>
  <testcase name="TestALotOfAdding" classname="LocalCMCTests" time="0.001"/>
  <testcase name="TestALotOfAdding" classname="LocalCMCTests" time="0.0"/>
  <testcase name="TestALotOfAdding" classname="LocalCMCTests" time="0.001"/>
  <testcase name="TestALotOfAdding" classname="LocalCMCTests" time="0.0"/>
  <testcase name="TestALotOfAdding" classname="LocalCMCTests" time="0.0"/>
  <testcase name="TestALotOfAdding" classname="LocalCMCTests" time="0.001"/>
  <testcase name="TestALotOfAdding" classname="LocalCMCTests" time="0.0"/>
  <testcase name="TestALotOfAdding" classname="LocalCMCTests" time="0.0"/>
  <testcase name="TestALotOfAdding" classname="LocalCMCTests" time="0.0"/>
  <testcase name="TestALotOfAdding" classname="LocalCMCTests" time="0.001"/>
  <testcase name="TestALotOfAdding" classname="LocalCMCTests" time="0.0"/>
  <testcase name="TestALotOfAdding" classname="LocalCMCTests" time="0.001"/>
  <testcase name="TestALotOfAdding" classname="LocalCMCTests" time="0.0"/>
  <testcase name="TestALotOfAdding" classname="LocalCMCTests" time="0.001"/>
  <testcase name="TestALotOfAdding" classname="LocalCMCTests" time="0.001"/>
  <testcase name="TestALotOfAdding" classname="LocalCMCTests" time="0.001"/>
  <testcase name="TestALotOfAdding" classname="LocalCMCTests" time="0.002"/>
  <testcase name="TestALotOfAdding" classname="LocalCMCTests" time="0.0"/>
  <testcase name="TestALotOfAdding" classname="LocalCMCTests" time="0.002"/>
  <testcase name="TestALotOfAdding" classname="LocalCMCTests" time="0.002"/>
  <testcase name="TestALotOfAdding" classname="LocalCMCTests" time="0.002"/>
  <testcase name="TestALotOfAdding" classname="LocalCMCTests" time="0.0"/>
  <testcase name="TestALotOfAdding" classname="LocalCMCTests" time="0.001"/>
  <testcase name="TestALotOfAdding" classname="LocalCMCTests" time="0.001"/>
  <testcase name="TestALotOfAdding" classname="LocalCMCTests" time="0.001"/>
  <testcase name="TestALotOfAdding" classname="LocalCMCTests" time="0.001"/>
  <testcase name="TestALotOfAdding" classname="LocalCMCTests" time="0.003"/>
  <testcase name="TestALotOfAdding" classname="LocalCMCTests" time="0.002"/>
  <testcase name="TestALotOfAdding" classname="LocalCMCTests" time="0.0"/>
  <testcase name="TestALotOfAdding" classname="LocalCMCTests" time="0.0"/>
  <testcase name="TestALotOfAdding" classname="LocalCMCTests" time="0.0"/>
  <testcase name="TestALotOfAdding" classname="LocalCMCTests" time="0.0"/>
  <testcase name="TestALotOfAdding" classname="LocalCMCTests" time="0.0"/>
  <testcase name="TestALotOfAdding" classname="LocalCMCTests" time="0.001"/>
  <testcase name="TestALotOfAdding" classname="LocalCMCTests" time="0.0"/>
  <testcase name="TestALotOfAdding" classname="LocalCMCTests" time="0.003"/>
  <testcase name="TestALotOfAdding" classname="LocalCMCTests" time="0.0"/>
  <testcase name="TestALotOfAdding" classname="LocalCMCTests" time="0.001"/>
  <testcase name="TestALotOfAdding" classname="LocalCMCTests" time="0.001"/>
  <testcase name="TestALotOfAdding" classname="LocalCMCTests" time="0.001"/>
  <testcase name="TestALotOfAdding" classname="LocalCMCTests" time="0.0"/>
  <testcase name="TestALotOfAdding" classname="LocalCMCTests" time="0.001"/>
  <testcase name="TestALotOfAdding" classname="LocalCMCTests" time="0.001"/>
  <testcase name="TestALotOfAdding" classname="LocalCMCTests" time="0.0"/>
  <testcase name="TestALotOfAdding" classname="LocalCMCTests" time="0.0"/>
  <testcase name="TestALotOfAdding" classname="LocalCMCTests" time="0.001"/>
  <testcase name="TestALotOfAdding" classname="LocalCMCTests" time="0.0"/>
  <testcase name="TestALotOfAdding" classname="LocalCMCTests" time="0.001"/>
  <testcase name="TestALotOfAdding" classname="LocalCMCTests" time="0.003"/>
  <testcase name="TestALotOfAdding" classname="LocalCMCTests" time="0.0"/>
  <testcase name="TestALotOfAdding" classname="LocalCMCTests" time="0.0"/>
  <testcase name="TestALotOfAdding" classname="LocalCMCTests" time="0.0"/>
  <testcase name="TestALotOfAdding" classname="LocalCMCTests" time="0.0"/>
  <testcase name="TestALotOfAdding" classname="LocalCMCTests" time="0.0"/>
  <testcase name="TestALotOfAdding" classname="LocalCMCTests" time="0.001"/>
  <testcase name="TestALotOfAdding" classname="LocalCMCTests" time="0.001"/>
  <testcase name="TestALotOfAdding" classname="LocalCMCTests" time="0.003"/>
  <testcase name="TestALotOfAdding" classname="LocalCMCTests" time="0.002"/>
  <testcase name="TestALotOfAdding" classname="LocalCMCTests" time="0.0"/>
  <testcase name="TestALotOfAdding" classname="LocalCMCTests" time="0.0"/>
  <testcase name="TestALotOfAdding" classname="LocalCMCTests" time="0.0"/>
  <testcase name="TestALotOfAdding" classname="LocalCMCTests" time="0.0"/>
  <testcase name="TestALotOfAdding" classname="LocalCMCTests" time="0.001"/>
  <testcase name="TestALotOfAdding" classname="LocalCMCTests" time="0.001"/>
  <testcase name="TestALotOfAdding" classname="LocalCMCTests" time="0.001"/>
  <testcase name="TestALotOfAdding" classname="LocalCMCTests" time="0.0"/>
  <testcase name="TestALotOfAdding" classname="LocalCMCTests" time="0.001"/>
  <testcase name="TestALotOfAdding" classname="LocalCMCTests" time="0.0"/>
  <testcase name="TestALotOfAdding" classname="LocalCMCTests" time="0.0"/>
  <testcase name="TestALotOfAdding" classname="LocalCMCTests" time="0.001"/>
  <testcase name="TestALotOfAdding" classname="LocalCMCTests" time="0.0"/>
  <testcase name="TestALotOfAdding" classname="LocalCMCTests" time="0.001"/>
  <testcase name="TestALotOfAdding" classname="LocalCMCTests" time="0.001"/>
  <testcase name="TestALotOfAdding" classname="LocalCMCTests" time="0.001"/>
  <testcase name="TestALotOfAdding" classname="LocalCMCTests" time="0.0"/>
  <testcase name="TestALotOfAdding" classname="LocalCMCTests" time="0.0"/>
  <testcase name="TestALotOfAdding" classname="LocalCMCTests" time="0.001"/>
  <testcase name="TestALotOfAdding" classname="LocalCMCTests" time="0.0"/>
  <testcase name="TestALotOfAdding" classname="LocalCMCTests" time="0.0"/>
  <testcase name="TestALotOfAdding" classname="LocalCMCTests" time="0.0"/>
  <testcase name="TestALotOfAdding" classname="LocalCMCTests" time="0.0"/>
  <testcase name="TestALotOfAdding" classname="LocalCMCTests" time="0.002"/>
  <testcase name="TestALotOfAdding" classname="LocalCMCTests" time="0.001"/>
  <testcase name="TestALotOfAdding" classname="LocalCMCTests" time="0.001"/>
  <testcase name="TestALotOfAdding" classname="LocalCMCTests" time="0.001"/>
  <testcase name="TestALotOfAdding" classname="LocalCMCTests" time="0.001"/>
  <testcase name="TestALotOfAdding" classname="LocalCMCTests" time="0.001"/>
  <testcase name="TestALotOfAdding" classname="LocalCMCTests" time="0.001"/>
  <testcase name="TestALotOfAdding" classname="LocalCMCTests" time="0.001"/>
  <testcase name="TestALotOfAdding" classname="LocalCMCTests" time="0.001"/>
  <testcase name="TestALotOfAdding" classname="LocalCMCTests" time="0.0"/>
  <testcase name="TestALotOfAdding" classname="LocalCMCTests" time="0.0"/>
  <testcase name="TestALotOfAdding" classname="LocalCMCTests" time="0.001"/>
  <testcase name="TestALotOfAdding" classname="LocalCMCTests" time="0.0"/>
  <testcase name="TestALotOfAdding" classname="LocalCMCTests" time="0.0"/>
  <testcase name="TestALotOfAdding" classname="LocalCMCTests" time="0.0"/>
  <testcase name="TestALotOfAdding" classname="LocalCMCTests" time="0.0"/>
  <testcase name="TestALotOfAdding" classname="LocalCMCTests" time="0.001"/>
  <testcase name="TestALotOfAdding" classname="LocalCMCTests" time="0.0"/>
  <testcase name="TestALotOfAdding" classname="LocalCMCTests" time="0.0"/>
  <testcase name="TestALotOfAdding" classname="LocalCMCTests" time="0.0"/>
  <testcase name="TestALotOfAdding" classname="LocalCMCTests" time="0.0"/>
  <testcase name="TestALotOfAdding" classname="LocalCMCTests" time="0.001"/>
  <testcase name="TestALotOfAdding" classname="LocalCMCTests" time="0.0"/>
  <testcase name="TestALotOfAdding" classname="LocalCMCTests" time="0.001"/>
  <testcase name="TestALotOfAdding" classname="LocalCMCTests" time="0.0"/>
  <testcase name="TestALotOfAdding" classname="LocalCMCTests" time="0.001"/>
  <testcase name="TestALotOfAdding" classname="LocalCMCTests" time="0.001"/>
  <testcase name="TestALotOfAdding" classname="LocalCMCTests" time="0.001"/>
  <testcase name="TestALotOfAdding" classname="LocalCMCTests" time="0.001"/>
  <testcase name="TestALotOfAdding" classname="LocalCMCTests" time="0.001"/>
  <testcase name="TestALotOfAdding" classname="LocalCMCTests" time="0.002"/>
  <testcase name="TestALotOfAdding" classname="LocalCMCTests" time="0.0"/>
  <testcase name="TestALotOfAdding" classname="LocalCMCTests" time="0.001"/>
  <testcase name="TestALotOfAdding" classname="LocalCMCTests" time="0.001"/>
  <testcase name="TestALotOfAdding" classname="LocalCMCTests" time="0.0"/>
  <testcase name="TestALotOfAdding" classname="LocalCMCTests" time="0.0"/>
  <testcase name="TestALotOfAdding" classname="LocalCMCTests" time="0.0"/>
  <testcase name="TestALotOfAdding" classname="LocalCMCTests" time="0.0"/>
  <testcase name="TestALotOfAdding" classname="LocalCMCTests" time="0.0"/>
  <testcase name="TestALotOfAdding" classname="LocalCMCTests" time="0.002"/>
  <testcase name="TestALotOfAdding" classname="LocalCMCTests" time="0.001"/>
  <testcase name="TestALotOfAdding" classname="LocalCMCTests" time="0.0"/>
  <testcase name="TestALotOfAdding" classname="LocalCMCTests" time="0.001"/>
  <testcase name="TestALotOfAdding" classname="LocalCMCTests" time="0.001"/>
  <testcase name="TestALotOfAdding" classname="LocalCMCTests" time="0.0"/>
  <testcase name="TestALotOfAdding" classname="LocalCMCTests" time="0.001"/>
  <testcase name="TestALotOfAdding" classname="LocalCMCTests" time="0.001"/>
  <testcase name="TestALotOfAdding" classname="LocalCMCTests" time="0.001"/>
  <testcase name="TestALotOfAdding" classname="LocalCMCTests" time="0.001"/>
  <testcase name="TestALotOfAdding" classname="LocalCMCTests" time="0.0"/>
  <testcase name="TestALotOfAdding" classname="LocalCMCTests" time="0.001"/>
  <testcase name="TestALotOfAdding" classname="LocalCMCTests" time="0.0"/>
  <testcase name="TestALotOfAdding" classname="LocalCMCTests" time="0.0"/>
  <testcase name="TestALotOfAdding" classname="LocalCMCTests" time="0.0"/>
  <testcase name="TestALotOfAdding" classname="LocalCMCTests" time="0.0"/>
  <testcase name="TestALotOfAdding" classname="LocalCMCTests" time="0.001"/>
  <testcase name="TestALotOfAdding" classname="LocalCMCTests" time="0.0"/>
  <testcase name="TestALotOfAdding" classname="LocalCMCTests" time="0.001"/>
  <testcase name="TestALotOfAdding" classname="LocalCMCTests" time="0.0"/>
  <testcase name="TestALotOfAdding" classname="LocalCMCTests" time="0.003"/>
  <testcase name="TestALotOfAdding" classname="LocalCMCTests" time="0.001"/>
  <testcase name="TestALotOfAdding" classname="LocalCMCTests" time="0.0"/>
  <testcase name="TestALotOfAdding" classname="LocalCMCTests" time="0.001"/>
  <testcase name="TestALotOfAdding" classname="LocalCMCTests" time="0.0"/>
  <testcase name="TestALotOfAdding" classname="LocalCMCTests" time="0.0"/>
  <testcase name="TestALotOfAdding" classname="LocalCMCTests" time="0.001"/>
  <testcase name="TestALotOfAdding" classname="LocalCMCTests" time="0.0"/>
  <testcase name="TestALotOfAdding" classname="LocalCMCTests" time="0.001"/>
  <testcase name="TestALotOfAdding" classname="LocalCMCTests" time="0.001"/>
  <testcase name="TestALotOfAdding" classname="LocalCMCTests" time="0.001"/>
  <testcase name="TestALotOfAdding" classname="LocalCMCTests" time="0.0"/>
  <testcase name="TestALotOfAdding" classname="LocalCMCTests" time="0.0"/>
  <testcase name="TestALotOfAdding" classname="LocalCMCTests" time="0.001"/>
  <testcase name="TestALotOfAdding" classname="LocalCMCTests" time="0.001"/>
  <testcase name="TestALotOfAdding" classname="LocalCMCTests" time="0.002"/>
  <testcase name="TestALotOfAdding" classname="LocalCMCTests" time="0.001"/>
  <testcase name="TestALotOfAdding" classname="LocalCMCTests" time="0.001"/>
  <testcase name="TestALotOfAdding" classname="LocalCMCTests" time="0.001"/>
  <testcase name="TestALotOfAdding" classname="LocalCMCTests" time="0.001"/>
  <testcase name="TestALotOfAdding" classname="LocalCMCTests" time="0.0"/>
  <testcase name="TestALotOfAdding" classname="LocalCMCTests" time="0.0"/>
  <testcase name="TestALotOfAdding" classname="LocalCMCTests" time="0.001"/>
  <testcase name="TestALotOfAdding" classname="LocalCMCTests" time="0.0"/>
  <testcase name="TestALotOfAdding" classname="LocalCMCTests" time="0.0"/>
  <testcase name="TestALotOfAdding" classname="LocalCMCTests" time="0.0"/>
  <testcase name="TestALotOfAdding" classname="LocalCMCTests" time="0.002"/>
  <testcase name="TestALotOfAdding" classname="LocalCMCTests" time="0.0"/>
  <testcase name="TestALotOfAdding" classname="LocalCMCTests" time="0.002"/>
  <testcase name="TestALotOfAdding" classname="LocalCMCTests" time="0.0"/>
  <testcase name="TestALotOfAdding" classname="LocalCMCTests" time="0.0"/>
  <testcase name="TestALotOfAdding" classname="LocalCMCTests" time="0.0"/>
  <testcase name="TestALotOfAdding" classname="LocalCMCTests" time="0.0"/>
  <testcase name="TestALotOfAdding" classname="LocalCMCTests" time="0.001"/>
  <testcase name="TestALotOfAdding" classname="LocalCMCTests" time="0.0"/>
  <testcase name="TestALotOfAdding" classname="LocalCMCTests" time="0.001"/>
  <testcase name="TestALotOfAdding" classname="LocalCMCTests" time="0.001"/>
  <testcase name="TestALotOfAdding" classname="LocalCMCTests" time="0.0"/>
  <testcase name="TestALotOfAdding" classname="LocalCMCTests" time="0.0"/>
  <testcase name="TestALotOfAdding" classname="LocalCMCTests" time="0.001"/>
  <testcase name="TestALotOfAdding" classname="LocalCMCTests" time="0.001"/>
  <testcase name="TestALotOfAdding" classname="LocalCMCTests" time="0.001"/>
  <testcase name="TestALotOfAdding" classname="LocalCMCTests" time="0.001"/>
  <testcase name="TestALotOfAdding" classname="LocalCMCTests" time="0.001"/>
  <testcase name="TestALotOfAdding" classname="LocalCMCTests" time="0.001"/>
  <testcase name="TestALotOfAdding" classname="LocalCMCTests" time="0.001"/>
  <testcase name="TestALotOfAdding" classname="LocalCMCTests" time="0.0"/>
  <testcase name="TestALotOfAdding" classname="LocalCMCTests" time="0.001"/>
  <testcase name="TestALotOfAdding" classname="LocalCMCTests" time="0.001"/>
  <testcase name="TestALotOfAdding" classname="LocalCMCTests" time="0.001"/>
  <testcase name="TestALotOfAdding" classname="LocalCMCTests" time="0.0"/>
  <testcase name="TestALotOfAdding" classname="LocalCMCTests" time="0.0"/>
  <testcase name="TestALotOfAdding" classname="LocalCMCTests" time="0.001"/>
  <testcase name="TestALotOfAdding" classname="LocalCMCTests" time="0.0"/>
  <testcase name="TestALotOfAdding" classname="LocalCMCTests" time="0.0"/>
  <testcase name="TestALotOfAdding" classname="LocalCMCTests" time="0.001"/>
  <testcase name="TestALotOfAdding" classname="LocalCMCTests" time="0.0"/>
  <testcase name="TestALotOfAdding" classname="LocalCMCTests" time="0.0"/>
  <testcase name="TestALotOfAdding" classname="LocalCMCTests" time="0.001"/>
  <testcase name="TestALotOfAdding" classname="LocalCMCTests" time="0.001"/>
  <testcase name="TestALotOfAdding" classname="LocalCMCTests" time="0.001"/>
  <testcase name="TestALotOfAdding" classname="LocalCMCTests" time="0.0"/>
  <testcase name="TestALotOfAdding" classname="LocalCMCTests" time="0.001"/>
  <testcase name="TestALotOfAdding" classname="LocalCMCTests" time="0.001"/>
  <testcase name="TestALotOfAdding" classname="LocalCMCTests" time="0.001"/>
  <testcase name="TestALotOfAdding" classname="LocalCMCTests" time="0.0"/>
  <testcase name="TestALotOfAdding" classname="LocalCMCTests" time="0.0"/>
  <testcase name="TestALotOfAdding" classname="LocalCMCTests" time="0.001"/>
  <testcase name="TestALotOfAdding" classname="LocalCMCTests" time="0.001"/>
  <testcase name="TestALotOfAdding" classname="LocalCMCTests" time="0.001"/>
  <testcase name="TestALotOfAdding" classname="LocalCMCTests" time="0.0"/>
  <testcase name="TestALotOfAdding" classname="LocalCMCTests" time="0.001"/>
  <testcase name="TestALotOfAdding" classname="LocalCMCTests" time="0.0"/>
  <testcase name="TestALotOfAdding" classname="LocalCMCTests" time="0.0"/>
  <testcase name="TestALotOfAdding" classname="LocalCMCTests" time="0.0"/>
  <testcase name="TestALotOfAdding" classname="LocalCMCTests" time="0.0"/>
  <testcase name="TestALotOfAdding" classname="LocalCMCTests" time="0.001"/>
  <testcase name="TestALotOfAdding" classname="LocalCMCTests" time="0.002"/>
  <testcase name="TestALotOfAdding" classname="LocalCMCTests" time="0.001"/>
  <testcase name="TestALotOfAdding" classname="LocalCMCTests" time="0.0"/>
  <testcase name="TestALotOfAdding" classname="LocalCMCTests" time="0.001"/>
  <testcase name="TestALotOfAdding" classname="LocalCMCTests" time="0.0"/>
  <testcase name="TestALotOfAdding" classname="LocalCMCTests" time="0.0"/>
  <testcase name="TestALotOfAdding" classname="LocalCMCTests" time="0.001"/>
  <testcase name="TestALotOfAdding" classname="LocalCMCTests" time="0.001"/>
  <testcase name="TestALotOfAdding" classname="LocalCMCTests" time="0.0"/>
  <testcase name="TestALotOfAdding" classname="LocalCMCTests" time="0.002"/>
  <testcase name="TestALotOfAdding" classname="LocalCMCTests" time="0.0"/>
  <testcase name="TestALotOfAdding" classname="LocalCMCTests" time="0.001"/>
  <testcase name="TestALotOfAdding" classname="LocalCMCTests" time="0.001"/>
  <testcase name="TestALotOfAdding" classname="LocalCMCTests" time="0.001"/>
  <testcase name="TestALotOfAdding" classname="LocalCMCTests" time="0.001"/>
  <testcase name="TestALotOfAdding" classname="LocalCMCTests" time="0.002"/>
  <testcase name="TestALotOfAdding" classname="LocalCMCTests" time="0.0"/>
  <testcase name="TestALotOfAdding" classname="LocalCMCTests" time="0.002"/>
  <testcase name="TestALotOfAdding" classname="LocalCMCTests" time="0.0"/>
  <testcase name="TestALotOfAdding" classname="LocalCMCTests" time="0.0"/>
  <testcase name="TestALotOfAdding" classname="LocalCMCTests" time="0.0"/>
  <testcase name="TestALotOfAdding" classname="LocalCMCTests" time="0.0"/>
  <testcase name="TestALotOfAdding" classname="LocalCMCTests" time="0.002"/>
  <testcase name="TestALotOfAdding" classname="LocalCMCTests" time="0.001"/>
  <testcase name="TestALotOfAdding" classname="LocalCMCTests" time="0.0"/>
  <testcase name="TestALotOfAdding" classname="LocalCMCTests" time="0.001"/>
  <testcase name="TestALotOfAdding" classname="LocalCMCTests" time="0.001"/>
  <testcase name="TestALotOfAdding" classname="LocalCMCTests" time="0.0"/>
  <testcase name="TestALotOfAdding" classname="LocalCMCTests" time="0.0"/>
  <testcase name="TestALotOfAdding" classname="LocalCMCTests" time="0.0"/>
  <testcase name="TestALotOfAdding" classname="LocalCMCTests" time="0.0"/>
  <testcase name="TestALotOfAdding" classname="LocalCMCTests" time="0.001"/>
  <testcase name="TestALotOfAdding" classname="LocalCMCTests" time="0.001"/>
  <testcase name="TestALotOfAdding" classname="LocalCMCTests" time="0.0"/>
  <testcase name="TestALotOfAdding" classname="LocalCMCTests" time="0.0"/>
  <testcase name="TestALotOfAdding" classname="LocalCMCTests" time="0.001"/>
  <testcase name="TestALotOfAdding" classname="LocalCMCTests" time="0.001"/>
  <testcase name="TestALotOfAdding" classname="LocalCMCTests" time="0.001"/>
  <testcase name="TestALotOfAdding" classname="LocalCMCTests" time="0.0"/>
  <testcase name="TestALotOfAdding" classname="LocalCMCTests" time="0.001"/>
  <testcase name="TestALotOfAdding" classname="LocalCMCTests" time="0.0"/>
  <testcase name="TestALotOfAdding" classname="LocalCMCTests" time="0.001"/>
  <testcase name="TestALotOfAdding" classname="LocalCMCTests" time="0.001"/>
  <testcase name="TestALotOfAdding" classname="LocalCMCTests" time="0.001"/>
  <testcase name="TestALotOfAdding" classname="LocalCMCTests" time="0.0"/>
  <testcase name="TestALotOfAdding" classname="LocalCMCTests" time="0.0"/>
  <testcase name="TestALotOfAdding" classname="LocalCMCTests" time="0.0"/>
  <testcase name="TestALotOfAdding" classname="LocalCMCTests" time="0.001"/>
  <testcase name="TestALotOfAdding" classname="LocalCMCTests" time="0.001"/>
  <testcase name="TestALotOfAdding" classname="LocalCMCTests" time="0.0"/>
  <testcase name="TestALotOfAdding" classname="LocalCMCTests" time="0.001"/>
  <testcase name="TestALotOfAdding" classname="LocalCMCTests" time="0.001"/>
  <testcase name="TestALotOfAdding" classname="LocalCMCTests" time="0.001"/>
  <testcase name="TestALotOfAdding" classname="LocalCMCTests" time="0.0"/>
  <testcase name="TestALotOfAdding" classname="LocalCMCTests" time="0.0"/>
  <testcase name="TestALotOfAdding" classname="LocalCMCTests" time="0.0"/>
  <testcase name="TestALotOfAdding" classname="LocalCMCTests" time="0.0"/>
  <testcase name="TestALotOfAdding" classname="LocalCMCTests" time="0.001"/>
  <testcase name="TestALotOfAdding" classname="LocalCMCTests" time="0.001"/>
  <testcase name="TestALotOfAdding" classname="LocalCMCTests" time="0.001"/>
  <testcase name="TestALotOfAdding" classname="LocalCMCTests" time="0.002"/>
  <testcase name="TestALotOfAdding" classname="LocalCMCTests" time="0.001"/>
  <testcase name="TestALotOfAdding" classname="LocalCMCTests" time="0.002"/>
  <testcase name="TestALotOfAdding" classname="LocalCMCTests" time="0.001"/>
  <testcase name="TestALotOfAdding" classname="LocalCMCTests" time="0.001"/>
  <testcase name="TestALotOfAdding" classname="LocalCMCTests" time="0.001"/>
  <testcase name="TestALotOfAdding" classname="LocalCMCTests" time="0.001"/>
  <testcase name="TestALotOfAdding" classname="LocalCMCTests" time="0.001"/>
  <testcase name="TestALotOfAdding" classname="LocalCMCTests" time="0.0"/>
  <testcase name="TestALotOfAdding" classname="LocalCMCTests" time="0.001"/>
  <testcase name="TestALotOfAdding" classname="LocalCMCTests" time="0.0"/>
  <testcase name="TestALotOfAdding" classname="LocalCMCTests" time="0.001"/>
  <testcase name="TestALotOfAdding" classname="LocalCMCTests" time="0.0"/>
  <testcase name="TestALotOfAdding" classname="LocalCMCTests" time="0.0"/>
  <testcase name="TestALotOfAdding" classname="LocalCMCTests" time="0.0"/>
  <testcase name="TestALotOfAdding" classname="LocalCMCTests" time="0.0"/>
  <testcase name="TestALotOfAdding" classname="LocalCMCTests" time="0.001"/>
  <testcase name="TestALotOfAdding" classname="LocalCMCTests" time="0.0"/>
  <testcase name="TestALotOfAdding" classname="LocalCMCTests" time="0.001"/>
  <testcase name="TestALotOfAdding" classname="LocalCMCTests" time="0.0"/>
  <testcase name="TestALotOfAdding" classname="LocalCMCTests" time="0.001"/>
  <testcase name="TestALotOfAdding" classname="LocalCMCTests" time="0.001"/>
  <testcase name="TestALotOfAdding" classname="LocalCMCTests" time="0.001"/>
  <testcase name="TestALotOfAdding" classname="LocalCMCTests" time="0.0"/>
  <testcase name="TestALotOfAdding" classname="LocalCMCTests" time="0.001"/>
  <testcase name="TestALotOfAdding" classname="LocalCMCTests" time="0.001"/>
  <testcase name="TestALotOfAdding" classname="LocalCMCTests" time="0.001"/>
  <testcase name="TestALotOfAdding" classname="LocalCMCTests" time="0.001"/>
  <testcase name="TestALotOfAdding" classname="LocalCMCTests" time="0.0"/>
  <testcase name="TestALotOfAdding" classname="LocalCMCTests" time="0.0"/>
  <testcase name="TestALotOfAdding" classname="LocalCMCTests" time="0.001"/>
  <testcase name="TestALotOfAdding" classname="LocalCMCTests" time="0.001"/>
  <testcase name="TestALotOfAdding" classname="LocalCMCTests" time="0.0"/>
  <testcase name="TestALotOfAdding" classname="LocalCMCTests" time="0.0"/>
  <testcase name="TestALotOfAdding" classname="LocalCMCTests" time="0.0"/>
  <testcase name="TestALotOfAdding" classname="LocalCMCTests" time="0.0"/>
  <testcase name="TestALotOfAdding" classname="LocalCMCTests" time="0.001"/>
  <testcase name="TestALotOfAdding" classname="LocalCMCTests" time="0.0"/>
  <testcase name="TestALotOfAdding" classname="LocalCMCTests" time="0.001"/>
  <testcase name="TestALotOfAdding" classname="LocalCMCTests" time="0.001"/>
  <testcase name="TestALotOfAdding" classname="LocalCMCTests" time="0.001"/>
  <testcase name="TestALotOfAdding" classname="LocalCMCTests" time="0.0"/>
  <testcase name="TestALotOfAdding" classname="LocalCMCTests" time="0.001"/>
  <testcase name="TestALotOfAdding" classname="LocalCMCTests" time="0.001"/>
  <testcase name="TestALotOfAdding" classname="LocalCMCTests" time="0.0"/>
  <testcase name="TestALotOfAdding" classname="LocalCMCTests" time="0.0"/>
  <testcase name="TestALotOfAdding" classname="LocalCMCTests" time="0.0"/>
  <testcase name="TestALotOfAdding" classname="LocalCMCTests" time="0.001"/>
  <testcase name="TestALotOfAdding" classname="LocalCMCTests" time="0.0"/>
  <testcase name="TestALotOfAdding" classname="LocalCMCTests" time="0.0"/>
  <testcase name="TestALotOfAdding" classname="LocalCMCTests" time="0.0"/>
  <testcase name="TestALotOfAdding" classname="LocalCMCTests" time="0.002"/>
  <testcase name="TestALotOfAdding" classname="LocalCMCTests" time="0.0"/>
  <testcase name="TestALotOfAdding" classname="LocalCMCTests" time="0.002"/>
  <testcase name="TestALotOfAdding" classname="LocalCMCTests" time="0.0"/>
  <testcase name="TestALotOfAdding" classname="LocalCMCTests" time="0.001"/>
  <testcase name="TestALotOfAdding" classname="LocalCMCTests" time="0.001"/>
  <testcase name="TestALotOfAdding" classname="LocalCMCTests" time="0.0"/>
  <testcase name="TestALotOfAdding" classname="LocalCMCTests" time="0.001"/>
  <testcase name="TestALotOfAdding" classname="LocalCMCTests" time="0.0"/>
  <testcase name="TestALotOfAdding" classname="LocalCMCTests" time="0.001"/>
  <testcase name="TestALotOfAdding" classname="LocalCMCTests" time="0.001"/>
  <testcase name="TestALotOfAdding" classname="LocalCMCTests" time="0.001"/>
  <testcase name="TestALotOfAdding" classname="LocalCMCTests" time="0.001"/>
  <testcase name="TestALotOfAdding" classname="LocalCMCTests" time="0.0"/>
  <testcase name="TestALotOfAdding" classname="LocalCMCTests" time="0.001"/>
  <testcase name="TestALotOfAdding" classname="LocalCMCTests" time="0.0"/>
  <testcase name="TestALotOfAdding" classname="LocalCMCTests" time="0.002"/>
  <testcase name="TestALotOfAdding" classname="LocalCMCTests" time="0.0"/>
  <testcase name="TestALotOfAdding" classname="LocalCMCTests" time="0.0"/>
  <testcase name="TestALotOfAdding" classname="LocalCMCTests" time="0.001"/>
  <testcase name="TestALotOfAdding" classname="LocalCMCTests" time="0.0"/>
  <testcase name="TestALotOfAdding" classname="LocalCMCTests" time="0.001"/>
  <testcase name="TestALotOfAdding" classname="LocalCMCTests" time="0.0"/>
  <testcase name="TestALotOfAdding" classname="LocalCMCTests" time="0.001"/>
  <testcase name="TestALotOfAdding" classname="LocalCMCTests" time="0.0"/>
  <testcase name="TestALotOfAdding" classname="LocalCMCTests" time="0.002"/>
  <testcase name="TestALotOfAdding" classname="LocalCMCTests" time="0.001"/>
  <testcase name="TestALotOfAdding" classname="LocalCMCTests" time="0.0"/>
  <testcase name="TestALotOfAdding" classname="LocalCMCTests" time="0.0"/>
  <testcase name="TestALotOfAdding" classname="LocalCMCTests" time="0.0"/>
  <testcase name="TestALotOfAdding" classname="LocalCMCTests" time="0.0"/>
  <testcase name="TestALotOfAdding" classname="LocalCMCTests" time="0.0"/>
  <testcase name="TestALotOfAdding" classname="LocalCMCTests" time="0.001"/>
  <testcase name="TestALotOfAdding" classname="LocalCMCTests" time="0.001"/>
  <testcase name="TestALotOfAdding" classname="LocalCMCTests" time="0.0"/>
  <testcase name="TestALotOfAdding" classname="LocalCMCTests" time="0.002"/>
  <testcase name="TestALotOfAdding" classname="LocalCMCTests" time="0.002"/>
  <testcase name="TestALotOfAdding" classname="LocalCMCTests" time="0.0"/>
  <testcase name="TestALotOfAdding" classname="LocalCMCTests" time="0.0"/>
  <testcase name="TestALotOfAdding" classname="LocalCMCTests" time="0.001"/>
  <testcase name="TestALotOfAdding" classname="LocalCMCTests" time="0.0"/>
  <testcase name="TestALotOfAdding" classname="LocalCMCTests" time="0.0"/>
  <testcase name="TestALotOfAdding" classname="LocalCMCTests" time="0.0"/>
  <testcase name="TestALotOfAdding" classname="LocalCMCTests" time="0.001"/>
  <testcase name="TestALotOfAdding" classname="LocalCMCTests" time="0.001"/>
  <testcase name="TestALotOfAdding" classname="LocalCMCTests" time="0.0"/>
  <testcase name="TestALotOfAdding" classname="LocalCMCTests" time="0.001"/>
  <testcase name="TestALotOfAdding" classname="LocalCMCTests" time="0.001"/>
  <testcase name="TestALotOfAdding" classname="LocalCMCTests" time="0.001"/>
  <testcase name="TestALotOfAdding" classname="LocalCMCTests" time="0.001"/>
  <testcase name="TestALotOfAdding" classname="LocalCMCTests" time="0.001"/>
  <testcase name="TestALotOfAdding" classname="LocalCMCTests" time="0.001"/>
  <testcase name="TestALotOfAdding" classname="LocalCMCTests" time="0.001"/>
  <testcase name="TestALotOfAdding" classname="LocalCMCTests" time="0.001"/>
  <testcase name="TestALotOfAdding" classname="LocalCMCTests" time="0.001"/>
  <testcase name="TestALotOfAdding" classname="LocalCMCTests" time="0.001"/>
  <testcase name="TestALotOfAdding" classname="LocalCMCTests" time="0.0"/>
  <testcase name="TestALotOfAdding" classname="LocalCMCTests" time="0.0"/>
  <testcase name="TestALotOfAdding" classname="LocalCMCTests" time="0.0"/>
  <testcase name="TestALotOfAdding" classname="LocalCMCTests" time="0.001"/>
  <testcase name="TestALotOfAdding" classname="LocalCMCTests" time="0.002"/>
  <testcase name="TestALotOfAdding" classname="LocalCMCTests" time="0.0"/>
  <testcase name="TestALotOfAdding" classname="LocalCMCTests" time="0.0"/>
  <testcase name="TestALotOfAdding" classname="LocalCMCTests" time="0.0"/>
  <testcase name="TestALotOfAdding" classname="LocalCMCTests" time="0.001"/>
  <testcase name="TestALotOfAdding" classname="LocalCMCTests" time="0.001"/>
  <testcase name="TestALotOfAdding" classname="LocalCMCTests" time="0.001"/>
  <testcase name="TestALotOfAdding" classname="LocalCMCTests" time="0.001"/>
  <testcase name="TestALotOfAdding" classname="LocalCMCTests" time="0.001"/>
  <testcase name="TestALotOfAdding" classname="LocalCMCTests" time="0.001"/>
  <testcase name="TestALotOfAdding" classname="LocalCMCTests" time="0.0"/>
  <testcase name="TestALotOfAdding" classname="LocalCMCTests" time="0.0"/>
  <testcase name="TestALotOfAdding" classname="LocalCMCTests" time="0.0"/>
  <testcase name="TestALotOfAdding" classname="LocalCMCTests" time="0.0"/>
  <testcase name="TestALotOfAdding" classname="LocalCMCTests" time="0.0"/>
  <testcase name="TestALotOfAdding" classname="LocalCMCTests" time="0.0"/>
  <testcase name="TestALotOfAdding" classname="LocalCMCTests" time="0.001"/>
  <testcase name="TestALotOfAdding" classname="LocalCMCTests" time="0.0"/>
  <testcase name="TestALotOfAdding" classname="LocalCMCTests" time="0.001"/>
  <testcase name="TestALotOfAdding" classname="LocalCMCTests" time="0.0"/>
  <testcase name="TestALotOfAdding" classname="LocalCMCTests" time="0.001"/>
  <testcase name="TestALotOfAdding" classname="LocalCMCTests" time="0.0"/>
  <testcase name="TestALotOfAdding" classname="LocalCMCTests" time="0.0"/>
  <testcase name="TestALotOfAdding" classname="LocalCMCTests" time="0.001"/>
  <testcase name="TestALotOfAdding" classname="LocalCMCTests" time="0.001"/>
  <testcase name="TestALotOfAdding" classname="LocalCMCTests" time="0.001"/>
  <testcase name="TestALotOfAdding" classname="LocalCMCTests" time="0.0"/>
  <testcase name="TestALotOfAdding" classname="LocalCMCTests" time="0.0"/>
  <testcase name="TestALotOfAdding" classname="LocalCMCTests" time="0.0"/>
  <testcase name="TestALotOfAdding" classname="LocalCMCTests" time="0.002"/>
  <testcase name="TestALotOfAdding" classname="LocalCMCTests" time="0.0"/>
  <testcase name="TestALotOfAdding" classname="LocalCMCTests" time="0.0"/>
  <testcase name="TestALotOfAdding" classname="LocalCMCTests" time="0.001"/>
  <testcase name="TestALotOfAdding" classname="LocalCMCTests" time="0.001"/>
  <testcase name="TestALotOfAdding" classname="LocalCMCTests" time="0.0"/>
  <testcase name="TestALotOfAdding" classname="LocalCMCTests" time="0.0"/>
  <testcase name="TestALotOfAdding" classname="LocalCMCTests" time="0.0"/>
  <testcase name="TestALotOfAdding" classname="LocalCMCTests" time="0.0"/>
  <testcase name="TestALotOfAdding" classname="LocalCMCTests" time="0.002"/>
  <testcase name="TestALotOfAdding" classname="LocalCMCTests" time="0.002"/>
  <testcase name="TestALotOfAdding" classname="LocalCMCTests" time="0.001"/>
  <testcase name="TestALotOfAdding" classname="LocalCMCTests" time="0.001"/>
  <testcase name="TestALotOfAdding" classname="LocalCMCTests" time="0.001"/>
  <testcase name="TestALotOfAdding" classname="LocalCMCTests" time="0.001"/>
  <testcase name="TestALotOfAdding" classname="LocalCMCTests" time="0.001"/>
  <testcase name="TestALotOfAdding" classname="LocalCMCTests" time="0.0"/>
  <testcase name="TestALotOfAdding" classname="LocalCMCTests" time="0.0"/>
  <testcase name="TestALotOfAdding" classname="LocalCMCTests" time="0.001"/>
  <testcase name="TestALotOfAdding" classname="LocalCMCTests" time="0.002"/>
  <testcase name="TestALotOfAdding" classname="LocalCMCTests" time="0.001"/>
  <testcase name="TestALotOfAdding" classname="LocalCMCTests" time="0.0"/>
  <testcase name="TestALotOfAdding" classname="LocalCMCTests" time="0.0"/>
  <testcase name="TestALotOfAdding" classname="LocalCMCTests" time="0.001"/>
  <testcase name="TestALotOfAdding" classname="LocalCMCTests" time="0.001"/>
  <testcase name="TestALotOfAdding" classname="LocalCMCTests" time="0.001"/>
  <testcase name="TestALotOfAdding" classname="LocalCMCTests" time="0.0"/>
  <testcase name="TestALotOfAdding" classname="LocalCMCTests" time="0.0"/>
  <testcase name="TestALotOfAdding" classname="LocalCMCTests" time="0.001"/>
  <testcase name="TestALotOfAdding" classname="LocalCMCTests" time="0.0"/>
  <testcase name="TestALotOfAdding" classname="LocalCMCTests" time="0.001"/>
  <testcase name="TestALotOfAdding" classname="LocalCMCTests" time="0.0"/>
  <testcase name="TestALotOfAdding" classname="LocalCMCTests" time="0.001"/>
  <testcase name="TestALotOfAdding" classname="LocalCMCTests" time="0.001"/>
  <testcase name="TestALotOfAdding" classname="LocalCMCTests" time="0.001"/>
  <testcase name="TestALotOfAdding" classname="LocalCMCTests" time="0.001"/>
  <testcase name="TestALotOfAdding" classname="LocalCMCTests" time="0.0"/>
  <testcase name="TestALotOfAdding" classname="LocalCMCTests" time="0.0"/>
  <testcase name="TestALotOfAdding" classname="LocalCMCTests" time="0.0"/>
  <testcase name="TestALotOfAdding" classname="LocalCMCTests" time="0.001"/>
  <testcase name="TestALotOfAdding" classname="LocalCMCTests" time="0.001"/>
  <testcase name="TestALotOfAdding" classname="LocalCMCTests" time="0.001"/>
  <testcase name="TestALotOfAdding" classname="LocalCMCTests" time="0.002"/>
  <testcase name="TestALotOfAdding" classname="LocalCMCTests" time="0.0"/>
  <testcase name="TestALotOfAdding" classname="LocalCMCTests" time="0.0"/>
  <testcase name="TestALotOfAdding" classname="LocalCMCTests" time="0.001"/>
  <testcase name="TestALotOfAdding" classname="LocalCMCTests" time="0.001"/>
  <testcase name="TestALotOfAdding" classname="LocalCMCTests" time="0.0"/>
  <testcase name="TestALotOfAdding" classname="LocalCMCTests" time="0.001"/>
  <testcase name="TestALotOfAdding" classname="LocalCMCTests" time="0.0"/>
  <testcase name="TestALotOfAdding" classname="LocalCMCTests" time="0.0"/>
  <testcase name="TestALotOfAdding" classname="LocalCMCTests" time="0.001"/>
  <testcase name="TestALotOfAdding" classname="LocalCMCTests" time="0.001"/>
  <testcase name="TestALotOfAdding" classname="LocalCMCTests" time="0.001"/>
  <testcase name="TestALotOfAdding" classname="LocalCMCTests" time="0.0"/>
  <testcase name="TestALotOfAdding" classname="LocalCMCTests" time="0.0"/>
  <testcase name="TestALotOfAdding" classname="LocalCMCTests" time="0.001"/>
  <testcase name="TestALotOfAdding" classname="LocalCMCTests" time="0.001"/>
  <testcase name="TestALotOfAdding" classname="LocalCMCTests" time="0.001"/>
  <testcase name="TestALotOfAdding" classname="LocalCMCTests" time="0.001"/>
  <testcase name="TestALotOfAdding" classname="LocalCMCTests" time="0.0"/>
  <testcase name="TestALotOfAdding" classname="LocalCMCTests" time="0.0"/>
  <testcase name="TestALotOfAdding" classname="LocalCMCTests" time="0.0"/>
  <testcase name="TestALotOfAdding" classname="LocalCMCTests" time="0.0"/>
  <testcase name="TestALotOfAdding" classname="LocalCMCTests" time="0.0"/>
  <testcase name="TestALotOfAdding" classname="LocalCMCTests" time="0.001"/>
  <testcase name="TestALotOfAdding" classname="LocalCMCTests" time="0.0"/>
  <testcase name="TestALotOfAdding" classname="LocalCMCTests" time="0.0"/>
  <testcase name="TestALotOfAdding" classname="LocalCMCTests" time="0.0"/>
  <testcase name="TestALotOfAdding" classname="LocalCMCTests" time="0.0"/>
  <testcase name="TestALotOfAdding" classname="LocalCMCTests" time="0.001"/>
  <testcase name="TestALotOfAdding" classname="LocalCMCTests" time="0.001"/>
  <testcase name="TestALotOfAdding" classname="LocalCMCTests" time="0.002"/>
  <testcase name="TestALotOfAdding" classname="LocalCMCTests" time="0.002"/>
  <testcase name="TestALotOfAdding" classname="LocalCMCTests" time="0.0"/>
  <testcase name="TestALotOfAdding" classname="LocalCMCTests" time="0.0"/>
  <testcase name="TestALotOfAdding" classname="LocalCMCTests" time="0.001"/>
  <testcase name="TestALotOfAdding" classname="LocalCMCTests" time="0.001"/>
  <testcase name="TestALotOfAdding" classname="LocalCMCTests" time="0.0"/>
  <testcase name="TestALotOfAdding" classname="LocalCMCTests" time="0.002"/>
  <testcase name="TestALotOfAdding" classname="LocalCMCTests" time="0.002"/>
  <testcase name="TestALotOfAdding" classname="LocalCMCTests" time="0.0"/>
  <testcase name="TestALotOfAdding" classname="LocalCMCTests" time="0.0"/>
  <testcase name="TestALotOfAdding" classname="LocalCMCTests" time="0.0"/>
  <testcase name="TestALotOfAdding" classname="LocalCMCTests" time="0.001"/>
  <testcase name="TestALotOfAdding" classname="LocalCMCTests" time="0.001"/>
  <testcase name="TestALotOfAdding" classname="LocalCMCTests" time="0.0"/>
  <testcase name="TestALotOfAdding" classname="LocalCMCTests" time="0.0"/>
  <testcase name="TestALotOfAdding" classname="LocalCMCTests" time="0.002"/>
  <testcase name="TestALotOfAdding" classname="LocalCMCTests" time="0.001"/>
  <testcase name="TestALotOfAdding" classname="LocalCMCTests" time="0.001"/>
  <testcase name="TestALotOfAdding" classname="LocalCMCTests" time="0.0"/>
  <testcase name="TestALotOfAdding" classname="LocalCMCTests" time="0.001"/>
  <testcase name="TestALotOfAdding" classname="LocalCMCTests" time="0.001"/>
  <testcase name="TestALotOfAdding" classname="LocalCMCTests" time="0.001"/>
  <testcase name="TestALotOfAdding" classname="LocalCMCTests" time="0.001"/>
  <testcase name="TestALotOfAdding" classname="LocalCMCTests" time="0.001"/>
  <testcase name="TestALotOfAdding" classname="LocalCMCTests" time="0.001"/>
  <testcase name="TestALotOfAdding" classname="LocalCMCTests" time="0.001"/>
  <testcase name="TestALotOfAdding" classname="LocalCMCTests" time="0.0"/>
  <testcase name="TestALotOfAdding" classname="LocalCMCTests" time="0.0"/>
  <testcase name="TestALotOfAdding" classname="LocalCMCTests" time="0.0"/>
  <testcase name="TestALotOfAdding" classname="LocalCMCTests" time="0.0"/>
  <testcase name="TestALotOfAdding" classname="LocalCMCTests" time="0.0"/>
  <testcase name="TestALotOfAdding" classname="LocalCMCTests" time="0.001"/>
  <testcase name="TestALotOfAdding" classname="LocalCMCTests" time="0.001"/>
  <testcase name="TestALotOfAdding" classname="LocalCMCTests" time="0.001"/>
  <testcase name="TestALotOfAdding" classname="LocalCMCTests" time="0.0"/>
  <testcase name="TestALotOfAdding" classname="LocalCMCTests" time="0.001"/>
  <testcase name="TestALotOfAdding" classname="LocalCMCTests" time="0.0"/>
  <testcase name="TestALotOfAdding" classname="LocalCMCTests" time="0.001"/>
  <testcase name="TestALotOfAdding" classname="LocalCMCTests" time="0.001"/>
  <testcase name="TestALotOfAdding" classname="LocalCMCTests" time="0.001"/>
  <testcase name="TestALotOfAdding" classname="LocalCMCTests" time="0.001"/>
  <testcase name="TestALotOfAdding" classname="LocalCMCTests" time="0.0"/>
  <testcase name="TestALotOfAdding" classname="LocalCMCTests" time="0.0"/>
  <testcase name="TestALotOfAdding" classname="LocalCMCTests" time="0.001"/>
  <testcase name="TestALotOfAdding" classname="LocalCMCTests" time="0.001"/>
  <testcase name="TestALotOfAdding" classname="LocalCMCTests" time="0.0"/>
  <testcase name="TestALotOfAdding" classname="LocalCMCTests" time="0.0"/>
  <testcase name="TestALotOfAdding" classname="LocalCMCTests" time="0.0"/>
  <testcase name="TestALotOfAdding" classname="LocalCMCTests" time="0.0"/>
  <testcase name="TestALotOfAdding" classname="LocalCMCTests" time="0.001"/>
  <testcase name="TestALotOfAdding" classname="LocalCMCTests" time="0.001"/>
  <testcase name="TestALotOfAdding" classname="LocalCMCTests" time="0.001"/>
  <testcase name="TestALotOfAdding" classname="LocalCMCTests" time="0.001"/>
  <testcase name="TestALotOfAdding" classname="LocalCMCTests" time="0.001"/>
  <testcase name="TestALotOfAdding" classname="LocalCMCTests" time="0.001"/>
  <testcase name="TestALotOfAdding" classname="LocalCMCTests" time="0.001"/>
  <testcase name="TestALotOfAdding" classname="LocalCMCTests" time="0.001"/>
  <testcase name="TestALotOfAdding" classname="LocalCMCTests" time="0.001"/>
  <testcase name="TestALotOfAdding" classname="LocalCMCTests" time="0.001"/>
  <testcase name="TestALotOfAdding" classname="LocalCMCTests" time="0.0"/>
  <testcase name="TestALotOfAdding" classname="LocalCMCTests" time="0.0"/>
  <testcase name="TestALotOfAdding" classname="LocalCMCTests" time="0.0"/>
  <testcase name="TestALotOfAdding" classname="LocalCMCTests" time="0.0"/>
  <testcase name="TestALotOfAdding" classname="LocalCMCTests" time="0.0"/>
  <testcase name="TestALotOfAdding" classname="LocalCMCTests" time="0.0"/>
  <testcase name="TestALotOfAdding" classname="LocalCMCTests" time="0.001"/>
  <testcase name="TestALotOfAdding" classname="LocalCMCTests" time="0.0"/>
  <testcase name="TestALotOfAdding" classname="LocalCMCTests" time="0.001"/>
  <testcase name="TestALotOfAdding" classname="LocalCMCTests" time="0.0"/>
  <testcase name="TestALotOfAdding" classname="LocalCMCTests" time="0.001"/>
  <testcase name="TestALotOfAdding" classname="LocalCMCTests" time="0.001"/>
  <testcase name="TestALotOfAdding" classname="LocalCMCTests" time="0.001"/>
  <testcase name="TestALotOfAdding" classname="LocalCMCTests" time="0.0"/>
  <testcase name="TestALotOfAdding" classname="LocalCMCTests" time="0.001"/>
  <testcase name="TestALotOfAdding" classname="LocalCMCTests" time="0.001"/>
  <testcase name="TestALotOfAdding" classname="LocalCMCTests" time="0.0"/>
  <testcase name="TestALotOfAdding" classname="LocalCMCTests" time="0.001"/>
  <testcase name="TestALotOfAdding" classname="LocalCMCTests" time="0.0"/>
  <testcase name="TestALotOfAdding" classname="LocalCMCTests" time="0.0"/>
  <testcase name="TestALotOfAdding" classname="LocalCMCTests" time="0.0"/>
  <testcase name="TestALotOfAdding" classname="LocalCMCTests" time="0.001"/>
  <testcase name="TestALotOfAdding" classname="LocalCMCTests" time="0.0"/>
  <testcase name="TestALotOfAdding" classname="LocalCMCTests" time="0.001"/>
  <testcase name="TestALotOfAdding" classname="LocalCMCTests" time="0.002"/>
  <testcase name="TestALotOfAdding" classname="LocalCMCTests" time="0.0"/>
  <testcase name="TestALotOfAdding" classname="LocalCMCTests" time="0.0"/>
  <testcase name="TestALotOfAdding" classname="LocalCMCTests" time="0.0"/>
  <testcase name="TestALotOfAdding" classname="LocalCMCTests" time="0.001"/>
  <testcase name="TestALotOfAdding" classname="LocalCMCTests" time="0.0"/>
  <testcase name="TestALotOfAdding" classname="LocalCMCTests" time="0.001"/>
  <testcase name="TestALotOfAdding" classname="LocalCMCTests" time="0.001"/>
  <testcase name="TestALotOfAdding" classname="LocalCMCTests" time="0.0"/>
  <testcase name="TestALotOfAdding" classname="LocalCMCTests" time="0.001"/>
  <testcase name="TestALotOfAdding" classname="LocalCMCTests" time="0.001"/>
  <testcase name="TestALotOfAdding" classname="LocalCMCTests" time="0.0"/>
  <testcase name="TestALotOfAdding" classname="LocalCMCTests" time="0.0"/>
  <testcase name="TestALotOfAdding" classname="LocalCMCTests" time="0.001"/>
  <testcase name="TestALotOfAdding" classname="LocalCMCTests" time="0.0"/>
  <testcase name="TestALotOfAdding" classname="LocalCMCTests" time="0.001"/>
  <testcase name="TestALotOfAdding" classname="LocalCMCTests" time="0.001"/>
  <testcase name="TestALotOfAdding" classname="LocalCMCTests" time="0.001"/>
  <testcase name="TestALotOfAdding" classname="LocalCMCTests" time="0.003"/>
  <testcase name="TestALotOfAdding" classname="LocalCMCTests" time="0.0"/>
  <testcase name="TestALotOfAdding" classname="LocalCMCTests" time="0.0"/>
  <testcase name="TestALotOfAdding" classname="LocalCMCTests" time="0.0"/>
  <testcase name="TestALotOfAdding" classname="LocalCMCTests" time="0.001"/>
  <testcase name="TestALotOfAdding" classname="LocalCMCTests" time="0.001"/>
  <testcase name="TestALotOfAdding" classname="LocalCMCTests" time="0.001"/>
  <testcase name="TestALotOfAdding" classname="LocalCMCTests" time="0.001"/>
  <testcase name="TestALotOfAdding" classname="LocalCMCTests" time="0.002"/>
  <testcase name="TestALotOfAdding" classname="LocalCMCTests" time="0.002"/>
  <testcase name="TestALotOfAdding" classname="LocalCMCTests" time="0.0"/>
  <testcase name="TestALotOfAdding" classname="LocalCMCTests" time="0.0"/>
  <testcase name="TestALotOfAdding" classname="LocalCMCTests" time="0.0"/>
  <testcase name="TestALotOfAdding" classname="LocalCMCTests" time="0.001"/>
  <testcase name="TestALotOfAdding" classname="LocalCMCTests" time="0.001"/>
  <testcase name="TestALotOfAdding" classname="LocalCMCTests" time="0.001"/>
  <testcase name="TestALotOfAdding" classname="LocalCMCTests" time="0.001"/>
  <testcase name="TestALotOfAdding" classname="LocalCMCTests" time="0.0"/>
  <testcase name="TestALotOfAdding" classname="LocalCMCTests" time="0.001"/>
  <testcase name="TestALotOfAdding" classname="LocalCMCTests" time="0.001"/>
  <testcase name="TestALotOfAdding" classname="LocalCMCTests" time="0.001"/>
  <testcase name="TestALotOfAdding" classname="LocalCMCTests" time="0.0"/>
  <testcase name="TestALotOfAdding" classname="LocalCMCTests" time="0.0"/>
  <testcase name="TestALotOfAdding" classname="LocalCMCTests" time="0.0"/>
  <testcase name="TestALotOfAdding" classname="LocalCMCTests" time="0.001"/>
  <testcase name="TestALotOfAdding" classname="LocalCMCTests" time="0.001"/>
  <testcase name="TestALotOfAdding" classname="LocalCMCTests" time="0.0"/>
  <testcase name="TestALotOfAdding" classname="LocalCMCTests" time="0.001"/>
  <testcase name="TestALotOfAdding" classname="LocalCMCTests" time="0.0"/>
  <testcase name="TestALotOfAdding" classname="LocalCMCTests" time="0.001"/>
  <testcase name="TestALotOfAdding" classname="LocalCMCTests" time="0.001"/>
  <testcase name="TestALotOfAdding" classname="LocalCMCTests" time="0.001"/>
  <testcase name="TestALotOfAdding" classname="LocalCMCTests" time="0.001"/>
  <testcase name="TestALotOfAdding" classname="LocalCMCTests" time="0.001"/>
  <testcase name="TestALotOfAdding" classname="LocalCMCTests" time="0.001"/>
  <testcase name="TestALotOfAdding" classname="LocalCMCTests" time="0.0"/>
  <testcase name="TestALotOfAdding" classname="LocalCMCTests" time="0.001"/>
  <testcase name="TestALotOfAdding" classname="LocalCMCTests" time="0.0"/>
  <testcase name="TestALotOfAdding" classname="LocalCMCTests" time="0.0"/>
  <testcase name="TestALotOfAdding" classname="LocalCMCTests" time="0.0"/>
  <testcase name="TestALotOfAdding" classname="LocalCMCTests" time="0.0"/>
  <testcase name="TestALotOfAdding" classname="LocalCMCTests" time="0.001"/>
  <testcase name="TestALotOfAdding" classname="LocalCMCTests" time="0.001"/>
  <testcase name="TestALotOfAdding" classname="LocalCMCTests" time="0.0"/>
  <testcase name="TestALotOfAdding" classname="LocalCMCTests" time="0.001"/>
  <testcase name="TestALotOfAdding" classname="LocalCMCTests" time="0.001"/>
  <testcase name="TestALotOfAdding" classname="LocalCMCTests" time="0.0"/>
  <testcase name="TestALotOfAdding" classname="LocalCMCTests" time="0.001"/>
  <testcase name="TestALotOfAdding" classname="LocalCMCTests" time="0.001"/>
  <testcase name="TestALotOfAdding" classname="LocalCMCTests" time="0.001"/>
  <testcase name="TestALotOfAdding" classname="LocalCMCTests" time="0.0"/>
  <testcase name="TestALotOfAdding" classname="LocalCMCTests" time="0.001"/>
  <testcase name="TestALotOfAdding" classname="LocalCMCTests" time="0.0"/>
  <testcase name="TestALotOfAdding" classname="LocalCMCTests" time="0.0"/>
  <testcase name="TestALotOfAdding" classname="LocalCMCTests" time="0.0"/>
  <testcase name="TestALotOfAdding" classname="LocalCMCTests" time="0.0"/>
  <testcase name="TestALotOfAdding" classname="LocalCMCTests" time="0.001"/>
  <testcase name="TestALotOfAdding" classname="LocalCMCTests" time="0.001"/>
  <testcase name="TestALotOfAdding" classname="LocalCMCTests" time="0.001"/>
  <testcase name="TestALotOfAdding" classname="LocalCMCTests" time="0.0"/>
  <testcase name="TestALotOfAdding" classname="LocalCMCTests" time="0.001"/>
  <testcase name="TestALotOfAdding" classname="LocalCMCTests" time="0.001"/>
  <testcase name="TestALotOfAdding" classname="LocalCMCTests" time="0.001"/>
  <testcase name="TestALotOfAdding" classname="LocalCMCTests" time="0.0"/>
  <testcase name="TestALotOfAdding" classname="LocalCMCTests" time="0.0"/>
  <testcase name="TestALotOfAdding" classname="LocalCMCTests" time="0.002"/>
  <testcase name="TestALotOfAdding" classname="LocalCMCTests" time="0.0"/>
  <testcase name="TestALotOfAdding" classname="LocalCMCTests" time="0.001"/>
  <testcase name="TestALotOfAdding" classname="LocalCMCTests" time="0.0"/>
  <testcase name="TestALotOfAdding" classname="LocalCMCTests" time="0.001"/>
  <testcase name="TestALotOfAdding" classname="LocalCMCTests" time="0.001"/>
  <testcase name="TestALotOfAdding" classname="LocalCMCTests" time="0.0"/>
  <testcase name="TestALotOfAdding" classname="LocalCMCTests" time="0.0"/>
  <testcase name="TestALotOfAdding" classname="LocalCMCTests" time="0.0"/>
  <testcase name="TestALotOfAdding" classname="LocalCMCTests" time="0.001"/>
  <testcase name="TestALotOfAdding" classname="LocalCMCTests" time="0.002"/>
  <testcase name="TestALotOfAdding" classname="LocalCMCTests" time="0.001"/>
  <testcase name="TestALotOfAdding" classname="LocalCMCTests" time="0.0"/>
  <testcase name="TestALotOfAdding" classname="LocalCMCTests" time="0.001"/>
  <testcase name="TestALotOfAdding" classname="LocalCMCTests" time="0.001"/>
  <testcase name="TestALotOfAdding" classname="LocalCMCTests" time="0.001"/>
  <testcase name="TestALotOfAdding" classname="LocalCMCTests" time="0.001"/>
  <testcase name="TestALotOfAdding" classname="LocalCMCTests" time="0.001"/>
  <testcase name="TestALotOfAdding" classname="LocalCMCTests" time="0.001"/>
  <testcase name="TestALotOfAdding" classname="LocalCMCTests" time="0.001"/>
  <testcase name="TestALotOfAdding" classname="LocalCMCTests" time="0.0"/>
  <testcase name="TestALotOfAdding" classname="LocalCMCTests" time="0.0"/>
  <testcase name="TestALotOfAdding" classname="LocalCMCTests" time="0.0"/>
  <testcase name="TestALotOfAdding" classname="LocalCMCTests" time="0.0"/>
  <testcase name="TestALotOfAdding" classname="LocalCMCTests" time="0.001"/>
  <testcase name="TestALotOfAdding" classname="LocalCMCTests" time="0.001"/>
  <testcase name="TestALotOfAdding" classname="LocalCMCTests" time="0.0"/>
  <testcase name="TestALotOfAdding" classname="LocalCMCTests" time="0.001"/>
  <testcase name="TestALotOfAdding" classname="LocalCMCTests" time="0.0"/>
  <testcase name="TestALotOfAdding" classname="LocalCMCTests" time="0.0"/>
  <testcase name="TestALotOfAdding" classname="LocalCMCTests" time="0.001"/>
  <testcase name="TestALotOfAdding" classname="LocalCMCTests" time="0.001"/>
  <testcase name="TestALotOfAdding" classname="LocalCMCTests" time="0.0"/>
  <testcase name="TestALotOfAdding" classname="LocalCMCTests" time="0.001"/>
  <testcase name="TestALotOfAdding" classname="LocalCMCTests" time="0.001"/>
  <testcase name="TestALotOfAdding" classname="LocalCMCTests" time="0.0"/>
  <testcase name="TestALotOfAdding" classname="LocalCMCTests" time="0.0"/>
  <testcase name="TestALotOfAdding" classname="LocalCMCTests" time="0.0"/>
  <testcase name="TestALotOfAdding" classname="LocalCMCTests" time="0.0"/>
  <testcase name="TestALotOfAdding" classname="LocalCMCTests" time="0.001"/>
  <testcase name="TestALotOfAdding" classname="LocalCMCTests" time="0.001"/>
  <testcase name="TestALotOfAdding" classname="LocalCMCTests" time="0.002"/>
  <testcase name="TestALotOfAdding" classname="LocalCMCTests" time="0.001"/>
  <testcase name="TestALotOfAdding" classname="LocalCMCTests" time="0.001"/>
  <testcase name="TestALotOfAdding" classname="LocalCMCTests" time="0.0"/>
  <testcase name="TestALotOfAdding" classname="LocalCMCTests" time="0.0"/>
  <testcase name="TestALotOfAdding" classname="LocalCMCTests" time="0.001"/>
  <testcase name="TestALotOfAdding" classname="LocalCMCTests" time="0.001"/>
  <testcase name="TestALotOfAdding" classname="LocalCMCTests" time="0.0"/>
  <testcase name="TestALotOfAdding" classname="LocalCMCTests" time="0.001"/>
  <testcase name="TestALotOfAdding" classname="LocalCMCTests" time="0.001"/>
  <testcase name="TestALotOfAdding" classname="LocalCMCTests" time="0.0"/>
  <testcase name="TestALotOfAdding" classname="LocalCMCTests" time="0.0"/>
  <testcase name="TestALotOfAdding" classname="LocalCMCTests" time="0.0"/>
  <testcase name="TestALotOfAdding" classname="LocalCMCTests" time="0.001"/>
  <testcase name="TestALotOfAdding" classname="LocalCMCTests" time="0.0"/>
  <testcase name="TestALotOfAdding" classname="LocalCMCTests" time="0.002"/>
  <testcase name="TestALotOfAdding" classname="LocalCMCTests" time="0.0"/>
  <testcase name="TestALotOfAdding" classname="LocalCMCTests" time="0.001"/>
  <testcase name="TestALotOfAdding" classname="LocalCMCTests" time="0.001"/>
  <testcase name="TestALotOfAdding" classname="LocalCMCTests" time="0.001"/>
  <testcase name="TestALotOfAdding" classname="LocalCMCTests" time="0.002"/>
  <testcase name="TestALotOfAdding" classname="LocalCMCTests" time="0.001"/>
  <testcase name="TestALotOfAdding" classname="LocalCMCTests" time="0.001"/>
  <testcase name="TestALotOfAdding" classname="LocalCMCTests" time="0.001"/>
  <testcase name="TestALotOfAdding" classname="LocalCMCTests" time="0.0"/>
  <testcase name="TestALotOfAdding" classname="LocalCMCTests" time="0.0"/>
  <testcase name="TestALotOfAdding" classname="LocalCMCTests" time="0.0"/>
  <testcase name="TestALotOfAdding" classname="LocalCMCTests" time="0.0"/>
  <testcase name="TestALotOfAdding" classname="LocalCMCTests" time="0.0"/>
  <testcase name="TestALotOfAdding" classname="LocalCMCTests" time="0.0"/>
  <testcase name="TestALotOfAdding" classname="LocalCMCTests" time="0.001"/>
  <testcase name="TestALotOfAdding" classname="LocalCMCTests" time="0.001"/>
  <testcase name="TestALotOfAdding" classname="LocalCMCTests" time="0.002"/>
  <testcase name="TestALotOfAdding" classname="LocalCMCTests" time="0.0"/>
  <testcase name="TestALotOfAdding" classname="LocalCMCTests" time="0.0"/>
  <testcase name="TestALotOfAdding" classname="LocalCMCTests" time="0.0"/>
  <testcase name="TestALotOfAdding" classname="LocalCMCTests" time="0.001"/>
  <testcase name="TestALotOfAdding" classname="LocalCMCTests" time="0.0"/>
  <testcase name="TestALotOfAdding" classname="LocalCMCTests" time="0.001"/>
  <testcase name="TestALotOfAdding" classname="LocalCMCTests" time="0.001"/>
  <testcase name="TestALotOfAdding" classname="LocalCMCTests" time="0.001"/>
  <testcase name="TestALotOfAdding" classname="LocalCMCTests" time="0.0"/>
  <testcase name="TestALotOfAdding" classname="LocalCMCTests" time="0.001"/>
  <testcase name="TestALotOfAdding" classname="LocalCMCTests" time="0.0"/>
  <testcase name="TestALotOfAdding" classname="LocalCMCTests" time="0.0"/>
  <testcase name="TestALotOfAdding" classname="LocalCMCTests" time="0.001"/>
  <testcase name="TestALotOfAdding" classname="LocalCMCTests" time="0.002"/>
  <testcase name="TestALotOfAdding" classname="LocalCMCTests" time="0.002"/>
  <testcase name="TestALotOfAdding" classname="LocalCMCTests" time="0.001"/>
  <testcase name="TestALotOfAdding" classname="LocalCMCTests" time="0.001"/>
  <testcase name="TestALotOfAdding" classname="LocalCMCTests" time="0.002"/>
  <testcase name="TestALotOfAdding" classname="LocalCMCTests" time="0.0"/>
  <testcase name="TestALotOfAdding" classname="LocalCMCTests" time="0.0"/>
  <testcase name="TestALotOfAdding" classname="LocalCMCTests" time="0.001"/>
  <testcase name="TestALotOfAdding" classname="LocalCMCTests" time="0.001"/>
  <testcase name="TestALotOfAdding" classname="LocalCMCTests" time="0.0"/>
  <testcase name="TestALotOfAdding" classname="LocalCMCTests" time="0.001"/>
  <testcase name="TestALotOfAdding" classname="LocalCMCTests" time="0.001"/>
  <testcase name="TestALotOfAdding" classname="LocalCMCTests" time="0.001"/>
  <testcase name="TestALotOfAdding" classname="LocalCMCTests" time="0.002"/>
  <testcase name="TestALotOfAdding" classname="LocalCMCTests" time="0.001"/>
  <testcase name="TestALotOfAdding" classname="LocalCMCTests" time="0.002"/>
  <testcase name="TestALotOfAdding" classname="LocalCMCTests" time="0.0"/>
  <testcase name="TestALotOfAdding" classname="LocalCMCTests" time="0.0"/>
  <testcase name="TestALotOfAdding" classname="LocalCMCTests" time="0.001"/>
  <testcase name="TestALotOfAdding" classname="LocalCMCTests" time="0.002"/>
  <testcase name="TestALotOfAdding" classname="LocalCMCTests" time="0.0"/>
  <testcase name="TestALotOfAdding" classname="LocalCMCTests" time="0.002"/>
  <testcase name="TestALotOfAdding" classname="LocalCMCTests" time="0.0"/>
  <testcase name="TestALotOfAdding" classname="LocalCMCTests" time="0.0"/>
  <testcase name="TestALotOfAdding" classname="LocalCMCTests" time="0.0"/>
  <testcase name="TestALotOfAdding" classname="LocalCMCTests" time="0.001"/>
  <testcase name="TestALotOfAdding" classname="LocalCMCTests" time="0.001"/>
  <testcase name="TestALotOfAdding" classname="LocalCMCTests" time="0.0"/>
  <testcase name="TestALotOfAdding" classname="LocalCMCTests" time="0.0"/>
  <testcase name="TestALotOfAdding" classname="LocalCMCTests" time="0.0"/>
  <testcase name="TestALotOfAdding" classname="LocalCMCTests" time="0.001"/>
  <testcase name="TestALotOfAdding" classname="LocalCMCTests" time="0.001"/>
  <testcase name="TestALotOfAdding" classname="LocalCMCTests" time="0.001"/>
  <testcase name="TestALotOfAdding" classname="LocalCMCTests" time="0.0"/>
  <testcase name="TestALotOfAdding" classname="LocalCMCTests" time="0.003"/>
  <testcase name="TestALotOfAdding" classname="LocalCMCTests" time="0.001"/>
  <testcase name="TestALotOfAdding" classname="LocalCMCTests" time="0.0"/>
  <testcase name="TestALotOfAdding" classname="LocalCMCTests" time="0.001"/>
  <testcase name="TestALotOfAdding" classname="LocalCMCTests" time="0.0"/>
  <testcase name="TestALotOfAdding" classname="LocalCMCTests" time="0.001"/>
  <testcase name="TestALotOfAdding" classname="LocalCMCTests" time="0.001"/>
  <testcase name="TestALotOfAdding" classname="LocalCMCTests" time="0.001"/>
  <testcase name="TestALotOfAdding" classname="LocalCMCTests" time="0.0"/>
  <testcase name="TestALotOfAdding" classname="LocalCMCTests" time="0.0"/>
  <testcase name="TestALotOfAdding" classname="LocalCMCTests" time="0.0"/>
  <testcase name="TestALotOfAdding" classname="LocalCMCTests" time="0.0"/>
  <testcase name="TestALotOfAdding" classname="LocalCMCTests" time="0.0"/>
  <testcase name="TestALotOfAdding" classname="LocalCMCTests" time="0.0"/>
  <testcase name="TestALotOfAdding" classname="LocalCMCTests" time="0.0"/>
  <testcase name="TestALotOfAdding" classname="LocalCMCTests" time="0.001"/>
  <testcase name="TestALotOfAdding" classname="LocalCMCTests" time="0.001"/>
  <testcase name="TestALotOfAdding" classname="LocalCMCTests" time="0.0"/>
  <testcase name="TestALotOfAdding" classname="LocalCMCTests" time="0.0"/>
  <testcase name="TestALotOfAdding" classname="LocalCMCTests" time="0.0"/>
  <testcase name="TestALotOfAdding" classname="LocalCMCTests" time="0.001"/>
  <testcase name="TestALotOfAdding" classname="LocalCMCTests" time="0.001"/>
  <testcase name="TestALotOfAdding" classname="LocalCMCTests" time="0.001"/>
  <testcase name="TestALotOfAdding" classname="LocalCMCTests" time="0.001"/>
  <testcase name="TestALotOfAdding" classname="LocalCMCTests" time="0.0"/>
  <testcase name="TestALotOfAdding" classname="LocalCMCTests" time="0.001"/>
  <testcase name="TestALotOfAdding" classname="LocalCMCTests" time="0.002"/>
  <testcase name="TestALotOfAdding" classname="LocalCMCTests" time="0.001"/>
  <testcase name="TestALotOfAdding" classname="LocalCMCTests" time="0.002"/>
  <testcase name="TestALotOfAdding" classname="LocalCMCTests" time="0.0"/>
  <testcase name="TestALotOfAdding" classname="LocalCMCTests" time="0.001"/>
  <testcase name="TestALotOfAdding" classname="LocalCMCTests" time="0.0"/>
  <testcase name="TestALotOfAdding" classname="LocalCMCTests" time="0.0"/>
  <testcase name="TestALotOfAdding" classname="LocalCMCTests" time="0.0"/>
  <testcase name="TestALotOfAdding" classname="LocalCMCTests" time="0.001"/>
  <testcase name="TestALotOfAdding" classname="LocalCMCTests" time="0.002"/>
  <testcase name="TestALotOfAdding" classname="LocalCMCTests" time="0.0"/>
  <testcase name="TestALotOfAdding" classname="LocalCMCTests" time="0.0"/>
  <testcase name="TestALotOfAdding" classname="LocalCMCTests" time="0.001"/>
  <testcase name="TestALotOfAdding" classname="LocalCMCTests" time="0.0"/>
  <testcase name="TestALotOfAdding" classname="LocalCMCTests" time="0.0"/>
  <testcase name="TestALotOfAdding" classname="LocalCMCTests" time="0.001"/>
  <testcase name="TestALotOfAdding" classname="LocalCMCTests" time="0.0"/>
  <testcase name="TestALotOfAdding" classname="LocalCMCTests" time="0.0"/>
  <testcase name="TestALotOfAdding" classname="LocalCMCTests" time="0.0"/>
  <testcase name="TestALotOfAdding" classname="LocalCMCTests" time="0.001"/>
  <testcase name="TestALotOfAdding" classname="LocalCMCTests" time="0.001"/>
  <testcase name="TestALotOfAdding" classname="LocalCMCTests" time="0.002"/>
  <testcase name="TestALotOfAdding" classname="LocalCMCTests" time="0.0"/>
  <testcase name="TestALotOfAdding" classname="LocalCMCTests" time="0.002"/>
  <testcase name="TestALotOfAdding" classname="LocalCMCTests" time="0.002"/>
  <testcase name="TestALotOfAdding" classname="LocalCMCTests" time="0.0"/>
  <testcase name="TestALotOfAdding" classname="LocalCMCTests" time="0.0"/>
  <testcase name="TestALotOfAdding" classname="LocalCMCTests" time="0.0"/>
  <testcase name="TestALotOfAdding" classname="LocalCMCTests" time="0.001"/>
  <testcase name="TestALotOfAdding" classname="LocalCMCTests" time="0.001"/>
  <testcase name="TestALotOfAdding" classname="LocalCMCTests" time="0.001"/>
  <testcase name="TestALotOfAdding" classname="LocalCMCTests" time="0.001"/>
  <testcase name="TestALotOfAdding" classname="LocalCMCTests" time="0.001"/>
  <testcase name="TestALotOfAdding" classname="LocalCMCTests" time="0.0"/>
  <testcase name="TestALotOfAdding" classname="LocalCMCTests" time="0.0"/>
  <testcase name="TestALotOfAdding" classname="LocalCMCTests" time="0.001"/>
  <testcase name="TestALotOfAdding" classname="LocalCMCTests" time="0.001"/>
  <testcase name="TestALotOfAdding" classname="LocalCMCTests" time="0.0"/>
  <testcase name="TestALotOfAdding" classname="LocalCMCTests" time="0.001"/>
  <testcase name="TestALotOfAdding" classname="LocalCMCTests" time="0.001"/>
  <testcase name="TestALotOfAdding" classname="LocalCMCTests" time="0.0"/>
  <testcase name="TestALotOfAdding" classname="LocalCMCTests" time="0.001"/>
  <testcase name="TestALotOfAdding" classname="LocalCMCTests" time="0.001"/>
  <testcase name="TestALotOfAdding" classname="LocalCMCTests" time="0.001"/>
  <testcase name="TestALotOfAdding" classname="LocalCMCTests" time="0.0"/>
  <testcase name="TestALotOfAdding" classname="LocalCMCTests" time="0.0"/>
  <testcase name="TestALotOfAdding" classname="LocalCMCTests" time="0.0"/>
  <testcase name="TestALotOfAdding" classname="LocalCMCTests" time="0.0"/>
  <testcase name="TestALotOfAdding" classname="LocalCMCTests" time="0.001"/>
  <testcase name="TestALotOfAdding" classname="LocalCMCTests" time="0.0"/>
  <testcase name="TestALotOfAdding" classname="LocalCMCTests" time="0.002"/>
  <testcase name="TestALotOfAdding" classname="LocalCMCTests" time="0.002"/>
  <testcase name="TestALotOfAdding" classname="LocalCMCTests" time="0.001"/>
  <testcase name="TestALotOfAdding" classname="LocalCMCTests" time="0.0"/>
  <testcase name="TestALotOfAdding" classname="LocalCMCTests" time="0.001"/>
  <testcase name="TestALotOfAdding" classname="LocalCMCTests" time="0.001"/>
  <testcase name="TestALotOfAdding" classname="LocalCMCTests" time="0.001"/>
  <testcase name="TestALotOfAdding" classname="LocalCMCTests" time="0.0"/>
  <testcase name="TestALotOfAdding" classname="LocalCMCTests" time="0.0"/>
  <testcase name="TestALotOfAdding" classname="LocalCMCTests" time="0.001"/>
  <testcase name="TestALotOfAdding" classname="LocalCMCTests" time="0.001"/>
  <testcase name="TestALotOfAdding" classname="LocalCMCTests" time="0.0"/>
  <testcase name="TestALotOfAdding" classname="LocalCMCTests" time="0.0"/>
  <testcase name="TestALotOfAdding" classname="LocalCMCTests" time="0.001"/>
  <testcase name="TestALotOfAdding" classname="LocalCMCTests" time="0.0"/>
  <testcase name="TestALotOfAdding" classname="LocalCMCTests" time="0.0"/>
  <testcase name="TestALotOfAdding" classname="LocalCMCTests" time="0.001"/>
  <testcase name="TestALotOfAdding" classname="LocalCMCTests" time="0.001"/>
  <testcase name="TestALotOfAdding" classname="LocalCMCTests" time="0.001"/>
  <testcase name="TestALotOfAdding" classname="LocalCMCTests" time="0.001"/>
  <testcase name="TestALotOfAdding" classname="LocalCMCTests" time="0.0"/>
  <testcase name="TestALotOfAdding" classname="LocalCMCTests" time="0.0"/>
  <testcase name="TestALotOfAdding" classname="LocalCMCTests" time="0.0"/>
  <testcase name="TestALotOfAdding" classname="LocalCMCTests" time="0.0"/>
  <testcase name="TestALotOfAdding" classname="LocalCMCTests" time="0.0"/>
  <testcase name="TestALotOfAdding" classname="LocalCMCTests" time="0.001"/>
  <testcase name="TestALotOfAdding" classname="LocalCMCTests" time="0.001"/>
  <testcase name="TestALotOfAdding" classname="LocalCMCTests" time="0.0"/>
  <testcase name="TestALotOfAdding" classname="LocalCMCTests" time="0.001"/>
  <testcase name="TestALotOfAdding" classname="LocalCMCTests" time="0.0"/>
  <testcase name="TestALotOfAdding" classname="LocalCMCTests" time="0.001"/>
  <testcase name="TestALotOfAdding" classname="LocalCMCTests" time="0.0"/>
  <testcase name="TestALotOfAdding" classname="LocalCMCTests" time="0.002"/>
  <testcase name="TestALotOfAdding" classname="LocalCMCTests" time="0.0"/>
  <testcase name="TestALotOfAdding" classname="LocalCMCTests" time="0.001"/>
  <testcase name="TestALotOfAdding" classname="LocalCMCTests" time="0.0"/>
  <testcase name="TestALotOfAdding" classname="LocalCMCTests" time="0.001"/>
  <testcase name="TestALotOfAdding" classname="LocalCMCTests" time="0.001"/>
  <testcase name="TestALotOfAdding" classname="LocalCMCTests" time="0.0"/>
  <testcase name="TestALotOfAdding" classname="LocalCMCTests" time="0.002"/>
  <testcase name="TestALotOfAdding" classname="LocalCMCTests" time="0.001"/>
  <testcase name="TestALotOfAdding" classname="LocalCMCTests" time="0.001"/>
  <testcase name="TestALotOfAdding" classname="LocalCMCTests" time="0.0"/>
  <testcase name="TestALotOfAdding" classname="LocalCMCTests" time="0.001"/>
  <testcase name="TestALotOfAdding" classname="LocalCMCTests" time="0.001"/>
  <testcase name="TestALotOfAdding" classname="LocalCMCTests" time="0.0"/>
  <testcase name="TestALotOfAdding" classname="LocalCMCTests" time="0.0"/>
  <testcase name="TestALotOfAdding" classname="LocalCMCTests" time="0.001"/>
  <testcase name="TestALotOfAdding" classname="LocalCMCTests" time="0.0"/>
  <testcase name="TestALotOfAdding" classname="LocalCMCTests" time="0.0"/>
  <testcase name="TestALotOfAdding" classname="LocalCMCTests" time="0.001"/>
  <testcase name="TestALotOfAdding" classname="LocalCMCTests" time="0.001"/>
  <testcase name="TestALotOfAdding" classname="LocalCMCTests" time="0.001"/>
  <testcase name="TestALotOfAdding" classname="LocalCMCTests" time="0.002"/>
  <testcase name="TestALotOfAdding" classname="LocalCMCTests" time="0.0"/>
  <testcase name="TestALotOfAdding" classname="LocalCMCTests" time="0.0"/>
  <testcase name="TestALotOfAdding" classname="LocalCMCTests" time="0.0"/>
  <testcase name="TestALotOfAdding" classname="LocalCMCTests" time="0.0"/>
  <testcase name="TestALotOfAdding" classname="LocalCMCTests" time="0.0"/>
  <testcase name="TestALotOfAdding" classname="LocalCMCTests" time="0.001"/>
  <testcase name="TestALotOfAdding" classname="LocalCMCTests" time="0.001"/>
  <testcase name="TestALotOfAdding" classname="LocalCMCTests" time="0.001"/>
  <testcase name="TestALotOfAdding" classname="LocalCMCTests" time="0.001"/>
  <testcase name="TestALotOfAdding" classname="LocalCMCTests" time="0.001"/>
  <testcase name="TestALotOfAdding" classname="LocalCMCTests" time="0.0"/>
  <testcase name="TestALotOfAdding" classname="LocalCMCTests" time="0.001"/>
  <testcase name="TestALotOfAdding" classname="LocalCMCTests" time="0.002"/>
  <testcase name="TestALotOfAdding" classname="LocalCMCTests" time="0.001"/>
  <testcase name="TestALotOfAdding" classname="LocalCMCTests" time="0.0"/>
  <testcase name="TestALotOfAdding" classname="LocalCMCTests" time="0.0"/>
  <testcase name="TestALotOfAdding" classname="LocalCMCTests" time="0.0"/>
  <testcase name="TestALotOfAdding" classname="LocalCMCTests" time="0.0"/>
  <testcase name="TestALotOfAdding" classname="LocalCMCTests" time="0.001"/>
  <testcase name="TestALotOfAdding" classname="LocalCMCTests" time="0.001"/>
  <testcase name="TestALotOfAdding" classname="LocalCMCTests" time="0.0"/>
  <testcase name="TestALotOfAdding" classname="LocalCMCTests" time="0.001"/>
  <testcase name="TestALotOfAdding" classname="LocalCMCTests" time="0.001"/>
  <testcase name="TestALotOfAdding" classname="LocalCMCTests" time="0.0"/>
  <testcase name="TestALotOfAdding" classname="LocalCMCTests" time="0.0"/>
  <testcase name="TestALotOfAdding" classname="LocalCMCTests" time="0.0"/>
  <testcase name="TestALotOfAdding" classname="LocalCMCTests" time="0.0"/>
  <testcase name="TestALotOfAdding" classname="LocalCMCTests" time="0.002"/>
  <testcase name="TestALotOfAdding" classname="LocalCMCTests" time="0.002"/>
  <testcase name="TestALotOfAdding" classname="LocalCMCTests" time="0.002"/>
  <testcase name="TestALotOfAdding" classname="LocalCMCTests" time="0.0"/>
  <testcase name="TestALotOfAdding" classname="LocalCMCTests" time="0.001"/>
  <testcase name="TestALotOfAdding" classname="LocalCMCTests" time="0.0"/>
  <testcase name="TestALotOfAdding" classname="LocalCMCTests" time="0.001"/>
  <testcase name="TestALotOfAdding" classname="LocalCMCTests" time="0.001"/>
  <testcase name="TestALotOfAdding" classname="LocalCMCTests" time="0.0"/>
  <testcase name="TestALotOfAdding" classname="LocalCMCTests" time="0.001"/>
  <testcase name="TestALotOfAdding" classname="LocalCMCTests" time="0.001"/>
  <testcase name="TestALotOfAdding" classname="LocalCMCTests" time="0.0"/>
  <testcase name="TestALotOfAdding" classname="LocalCMCTests" time="0.0"/>
  <testcase name="TestALotOfAdding" classname="LocalCMCTests" time="0.001"/>
  <testcase name="TestALotOfAdding" classname="LocalCMCTests" time="0.0"/>
  <testcase name="TestALotOfAdding" classname="LocalCMCTests" time="0.0"/>
  <testcase name="TestALotOfAdding" classname="LocalCMCTests" time="0.0"/>
  <testcase name="TestALotOfAdding" classname="LocalCMCTests" time="0.001"/>
  <testcase name="TestALotOfAdding" classname="LocalCMCTests" time="0.001"/>
  <testcase name="TestALotOfAdding" classname="LocalCMCTests" time="0.0"/>
  <testcase name="TestALotOfAdding" classname="LocalCMCTests" time="0.0"/>
  <testcase name="TestALotOfAdding" classname="LocalCMCTests" time="0.001"/>
  <testcase name="TestALotOfAdding" classname="LocalCMCTests" time="0.001"/>
  <testcase name="TestALotOfAdding" classname="LocalCMCTests" time="0.001"/>
  <testcase name="TestALotOfAdding" classname="LocalCMCTests" time="0.0"/>
  <testcase name="TestALotOfAdding" classname="LocalCMCTests" time="0.001"/>
  <testcase name="TestALotOfAdding" classname="LocalCMCTests" time="0.001"/>
  <testcase name="TestALotOfAdding" classname="LocalCMCTests" time="0.0"/>
  <testcase name="TestALotOfAdding" classname="LocalCMCTests" time="0.0"/>
  <testcase name="TestALotOfAdding" classname="LocalCMCTests" time="0.001"/>
  <testcase name="TestALotOfAdding" classname="LocalCMCTests" time="0.001"/>
  <testcase name="TestALotOfAdding" classname="LocalCMCTests" time="0.0"/>
  <testcase name="TestALotOfAdding" classname="LocalCMCTests" time="0.0"/>
  <testcase name="TestALotOfAdding" classname="LocalCMCTests" time="0.001"/>
  <testcase name="TestALotOfAdding" classname="LocalCMCTests" time="0.001"/>
  <testcase name="TestALotOfAdding" classname="LocalCMCTests" time="0.0"/>
  <testcase name="TestALotOfAdding" classname="LocalCMCTests" time="0.001"/>
  <testcase name="TestALotOfAdding" classname="LocalCMCTests" time="0.001"/>
  <testcase name="TestALotOfAdding" classname="LocalCMCTests" time="0.001"/>
  <testcase name="TestALotOfAdding" classname="LocalCMCTests" time="0.002"/>
  <testcase name="TestALotOfAdding" classname="LocalCMCTests" time="0.0"/>
  <testcase name="TestALotOfAdding" classname="LocalCMCTests" time="0.001"/>
  <testcase name="TestALotOfAdding" classname="LocalCMCTests" time="0.0"/>
  <testcase name="TestALotOfAdding" classname="LocalCMCTests" time="0.0"/>
  <testcase name="TestALotOfAdding" classname="LocalCMCTests" time="0.0"/>
  <testcase name="TestALotOfAdding" classname="LocalCMCTests" time="0.0"/>
  <testcase name="TestALotOfAdding" classname="LocalCMCTests" time="0.001"/>
  <testcase name="TestALotOfAdding" classname="LocalCMCTests" time="0.0"/>
  <testcase name="TestALotOfAdding" classname="LocalCMCTests" time="0.002"/>
  <testcase name="TestALotOfAdding" classname="LocalCMCTests" time="0.0"/>
  <testcase name="TestALotOfAdding" classname="LocalCMCTests" time="0.001"/>
  <testcase name="TestALotOfAdding" classname="LocalCMCTests" time="0.001"/>
  <testcase name="TestALotOfAdding" classname="LocalCMCTests" time="0.001"/>
  <testcase name="TestALotOfAdding" classname="LocalCMCTests" time="0.001"/>
  <testcase name="TestALotOfAdding" classname="LocalCMCTests" time="0.0"/>
  <testcase name="TestALotOfAdding" classname="LocalCMCTests" time="0.001"/>
  <testcase name="TestALotOfAdding" classname="LocalCMCTests" time="0.001"/>
  <testcase name="TestALotOfAdding" classname="LocalCMCTests" time="0.001"/>
  <testcase name="TestALotOfAdding" classname="LocalCMCTests" time="0.0"/>
  <testcase name="TestALotOfAdding" classname="LocalCMCTests" time="0.001"/>
  <testcase name="TestALotOfAdding" classname="LocalCMCTests" time="0.0"/>
  <testcase name="TestALotOfAdding" classname="LocalCMCTests" time="0.0"/>
  <testcase name="TestALotOfAdding" classname="LocalCMCTests" time="0.0"/>
  <testcase name="TestALotOfAdding" classname="LocalCMCTests" time="0.002"/>
  <testcase name="TestALotOfAdding" classname="LocalCMCTests" time="0.001"/>
  <testcase name="TestALotOfAdding" classname="LocalCMCTests" time="0.001"/>
  <testcase name="TestALotOfAdding" classname="LocalCMCTests" time="0.001"/>
  <testcase name="TestALotOfAdding" classname="LocalCMCTests" time="0.001"/>
  <testcase name="TestALotOfAdding" classname="LocalCMCTests" time="0.001"/>
  <testcase name="TestALotOfAdding" classname="LocalCMCTests" time="0.0"/>
  <testcase name="TestALotOfAdding" classname="LocalCMCTests" time="0.0"/>
  <testcase name="TestALotOfAdding" classname="LocalCMCTests" time="0.001"/>
  <testcase name="TestALotOfAdding" classname="LocalCMCTests" time="0.001"/>
  <testcase name="TestALotOfAdding" classname="LocalCMCTests" time="0.0"/>
  <testcase name="TestALotOfAdding" classname="LocalCMCTests" time="0.0"/>
  <testcase name="TestALotOfAdding" classname="LocalCMCTests" time="0.001"/>
  <testcase name="TestALotOfAdding" classname="LocalCMCTests" time="0.0"/>
  <testcase name="TestALotOfAdding" classname="LocalCMCTests" time="0.001"/>
  <testcase name="TestALotOfAdding" classname="LocalCMCTests" time="0.001"/>
  <testcase name="TestALotOfAdding" classname="LocalCMCTests" time="0.0"/>
  <testcase name="TestALotOfAdding" classname="LocalCMCTests" time="0.0"/>
  <testcase name="TestALotOfAdding" classname="LocalCMCTests" time="0.0"/>
  <testcase name="TestALotOfAdding" classname="LocalCMCTests" time="0.001"/>
  <testcase name="TestALotOfAdding" classname="LocalCMCTests" time="0.001"/>
  <testcase name="TestALotOfAdding" classname="LocalCMCTests" time="0.0"/>
  <testcase name="TestALotOfAdding" classname="LocalCMCTests" time="0.0"/>
  <testcase name="TestALotOfAdding" classname="LocalCMCTests" time="0.001"/>
  <testcase name="TestALotOfAdding" classname="LocalCMCTests" time="0.0"/>
  <testcase name="TestALotOfAdding" classname="LocalCMCTests" time="0.001"/>
  <testcase name="TestALotOfAdding" classname="LocalCMCTests" time="0.001"/>
  <testcase name="TestALotOfAdding" classname="LocalCMCTests" time="0.0"/>
  <testcase name="TestALotOfAdding" classname="LocalCMCTests" time="0.0"/>
  <testcase name="TestALotOfAdding" classname="LocalCMCTests" time="0.0"/>
  <testcase name="TestALotOfAdding" classname="LocalCMCTests" time="0.0"/>
  <testcase name="TestALotOfAdding" classname="LocalCMCTests" time="0.0"/>
  <testcase name="TestALotOfAdding" classname="LocalCMCTests" time="0.001"/>
  <testcase name="TestALotOfAdding" classname="LocalCMCTests" time="0.001"/>
  <testcase name="TestALotOfAdding" classname="LocalCMCTests" time="0.0"/>
  <testcase name="TestALotOfAdding" classname="LocalCMCTests" time="0.001"/>
  <testcase name="TestALotOfAdding" classname="LocalCMCTests" time="0.002"/>
  <testcase name="TestALotOfAdding" classname="LocalCMCTests" time="0.002"/>
  <testcase name="TestALotOfAdding" classname="LocalCMCTests" time="0.001"/>
  <testcase name="TestALotOfAdding" classname="LocalCMCTests" time="0.001"/>
  <testcase name="TestALotOfAdding" classname="LocalCMCTests" time="0.001"/>
  <testcase name="TestALotOfAdding" classname="LocalCMCTests" time="0.001"/>
  <testcase name="TestALotOfAdding" classname="LocalCMCTests" time="0.001"/>
  <testcase name="TestALotOfAdding" classname="LocalCMCTests" time="0.001"/>
  <testcase name="TestALotOfAdding" classname="LocalCMCTests" time="0.0"/>
  <testcase name="TestALotOfAdding" classname="LocalCMCTests" time="0.0"/>
  <testcase name="TestALotOfAdding" classname="LocalCMCTests" time="0.001"/>
  <testcase name="TestALotOfAdding" classname="LocalCMCTests" time="0.0"/>
  <testcase name="TestALotOfAdding" classname="LocalCMCTests" time="0.0"/>
  <testcase name="TestALotOfAdding" classname="LocalCMCTests" time="0.001"/>
  <testcase name="TestALotOfAdding" classname="LocalCMCTests" time="0.001"/>
  <testcase name="TestALotOfAdding" classname="LocalCMCTests" time="0.0"/>
  <testcase name="TestALotOfAdding" classname="LocalCMCTests" time="0.0"/>
  <testcase name="TestALotOfAdding" classname="LocalCMCTests" time="0.001"/>
  <testcase name="TestALotOfAdding" classname="LocalCMCTests" time="0.001"/>
  <testcase name="TestALotOfAdding" classname="LocalCMCTests" time="0.0"/>
  <testcase name="TestALotOfAdding" classname="LocalCMCTests" time="0.001"/>
  <testcase name="TestALotOfAdding" classname="LocalCMCTests" time="0.0"/>
  <testcase name="TestALotOfAdding" classname="LocalCMCTests" time="0.0"/>
  <testcase name="TestALotOfAdding" classname="LocalCMCTests" time="0.001"/>
  <testcase name="TestALotOfAdding" classname="LocalCMCTests" time="0.001"/>
  <testcase name="TestALotOfAdding" classname="LocalCMCTests" time="0.0"/>
  <testcase name="TestALotOfAdding" classname="LocalCMCTests" time="0.001"/>
  <testcase name="TestALotOfAdding" classname="LocalCMCTests" time="0.001"/>
  <testcase name="TestALotOfAdding" classname="LocalCMCTests" time="0.001"/>
  <testcase name="TestALotOfAdding" classname="LocalCMCTests" time="0.001"/>
  <testcase name="TestALotOfAdding" classname="LocalCMCTests" time="0.001"/>
  <testcase name="TestALotOfAdding" classname="LocalCMCTests" time="0.001"/>
  <testcase name="TestALotOfAdding" classname="LocalCMCTests" time="0.0"/>
  <testcase name="TestALotOfAdding" classname="LocalCMCTests" time="0.001"/>
  <testcase name="TestALotOfAdding" classname="LocalCMCTests" time="0.0"/>
  <testcase name="TestALotOfAdding" classname="LocalCMCTests" time="0.0"/>
  <testcase name="TestALotOfAdding" classname="LocalCMCTests" time="0.001"/>
  <testcase name="TestALotOfAdding" classname="LocalCMCTests" time="0.001"/>
  <testcase name="TestALotOfAdding" classname="LocalCMCTests" time="0.001"/>
  <testcase name="TestALotOfAdding" classname="LocalCMCTests" time="0.0"/>
  <testcase name="TestALotOfAdding" classname="LocalCMCTests" time="0.0"/>
  <testcase name="TestALotOfAdding" classname="LocalCMCTests" time="0.001"/>
  <testcase name="TestALotOfAdding" classname="LocalCMCTests" time="0.001"/>
  <testcase name="TestALotOfAdding" classname="LocalCMCTests" time="0.0"/>
  <testcase name="TestALotOfAdding" classname="LocalCMCTests" time="0.001"/>
  <testcase name="TestALotOfAdding" classname="LocalCMCTests" time="0.001"/>
  <testcase name="TestALotOfAdding" classname="LocalCMCTests" time="0.002"/>
  <testcase name="TestALotOfAdding" classname="LocalCMCTests" time="0.001"/>
  <testcase name="TestALotOfAdding" classname="LocalCMCTests" time="0.002"/>
  <testcase name="TestALotOfAdding" classname="LocalCMCTests" time="0.0"/>
  <testcase name="TestALotOfAdding" classname="LocalCMCTests" time="0.0"/>
  <testcase name="TestALotOfAdding" classname="LocalCMCTests" time="0.0"/>
  <testcase name="TestALotOfAdding" classname="LocalCMCTests" time="0.001"/>
  <testcase name="TestALotOfAdding" classname="LocalCMCTests" time="0.0"/>
  <testcase name="TestALotOfAdding" classname="LocalCMCTests" time="0.0"/>
  <testcase name="TestALotOfAdding" classname="LocalCMCTests" time="0.001"/>
  <testcase name="TestALotOfAdding" classname="LocalCMCTests" time="0.001"/>
  <testcase name="TestALotOfAdding" classname="LocalCMCTests" time="0.0"/>
  <testcase name="TestALotOfAdding" classname="LocalCMCTests" time="0.0"/>
  <testcase name="TestALotOfAdding" classname="LocalCMCTests" time="0.001"/>
  <testcase name="TestALotOfAdding" classname="LocalCMCTests" time="0.0"/>
  <testcase name="TestALotOfAdding" classname="LocalCMCTests" time="0.001"/>
  <testcase name="TestALotOfAdding" classname="LocalCMCTests" time="0.0"/>
  <testcase name="TestALotOfAdding" classname="LocalCMCTests" time="0.001"/>
  <testcase name="TestALotOfAdding" classname="LocalCMCTests" time="0.001"/>
  <testcase name="TestALotOfAdding" classname="LocalCMCTests" time="0.0"/>
  <testcase name="TestALotOfAdding" classname="LocalCMCTests" time="0.001"/>
  <testcase name="TestALotOfAdding" classname="LocalCMCTests" time="0.001"/>
  <testcase name="TestALotOfAdding" classname="LocalCMCTests" time="0.0"/>
  <testcase name="TestALotOfAdding" classname="LocalCMCTests" time="0.001"/>
  <testcase name="TestALotOfAdding" classname="LocalCMCTests" time="0.0"/>
  <testcase name="TestALotOfAdding" classname="LocalCMCTests" time="0.001"/>
  <testcase name="TestALotOfAdding" classname="LocalCMCTests" time="0.001"/>
  <testcase name="TestALotOfAdding" classname="LocalCMCTests" time="0.001"/>
  <testcase name="TestALotOfAdding" classname="LocalCMCTests" time="0.0"/>
  <testcase name="TestALotOfAdding" classname="LocalCMCTests" time="0.001"/>
  <testcase name="TestALotOfAdding" classname="LocalCMCTests" time="0.002"/>
  <testcase name="TestALotOfAdding" classname="LocalCMCTests" time="0.001"/>
  <testcase name="TestALotOfAdding" classname="LocalCMCTests" time="0.001"/>
  <testcase name="TestALotOfAdding" classname="LocalCMCTests" time="0.001"/>
  <testcase name="TestALotOfAdding" classname="LocalCMCTests" time="0.001"/>
  <testcase name="TestALotOfAdding" classname="LocalCMCTests" time="0.0"/>
  <testcase name="TestALotOfAdding" classname="LocalCMCTests" time="0.0"/>
  <testcase name="TestALotOfAdding" classname="LocalCMCTests" time="0.0"/>
  <testcase name="TestALotOfAdding" classname="LocalCMCTests" time="0.001"/>
  <testcase name="TestALotOfAdding" classname="LocalCMCTests" time="0.001"/>
  <testcase name="TestALotOfAdding" classname="LocalCMCTests" time="0.0"/>
  <testcase name="TestALotOfAdding" classname="LocalCMCTests" time="0.0"/>
  <testcase name="TestALotOfAdding" classname="LocalCMCTests" time="0.0"/>
  <testcase name="TestALotOfAdding" classname="LocalCMCTests" time="0.001"/>
  <testcase name="TestALotOfAdding" classname="LocalCMCTests" time="0.001"/>
  <testcase name="TestALotOfAdding" classname="LocalCMCTests" time="0.0"/>
  <testcase name="TestALotOfAdding" classname="LocalCMCTests" time="0.0"/>
  <testcase name="TestALotOfAdding" classname="LocalCMCTests" time="0.0"/>
  <testcase name="TestALotOfAdding" classname="LocalCMCTests" time="0.001"/>
  <testcase name="TestALotOfAdding" classname="LocalCMCTests" time="0.0"/>
  <testcase name="TestALotOfAdding" classname="LocalCMCTests" time="0.001"/>
  <testcase name="TestALotOfAdding" classname="LocalCMCTests" time="0.0"/>
  <testcase name="TestALotOfAdding" classname="LocalCMCTests" time="0.0"/>
  <testcase name="TestALotOfAdding" classname="LocalCMCTests" time="0.0"/>
  <testcase name="TestALotOfAdding" classname="LocalCMCTests" time="0.001"/>
  <testcase name="TestALotOfAdding" classname="LocalCMCTests" time="0.0"/>
  <testcase name="TestALotOfAdding" classname="LocalCMCTests" time="0.001"/>
  <testcase name="TestALotOfAdding" classname="LocalCMCTests" time="0.001"/>
  <testcase name="TestALotOfAdding" classname="LocalCMCTests" time="0.001"/>
  <testcase name="TestALotOfAdding" classname="LocalCMCTests" time="0.001"/>
  <testcase name="TestALotOfAdding" classname="LocalCMCTests" time="0.001"/>
  <testcase name="TestALotOfAdding" classname="LocalCMCTests" time="0.0"/>
  <testcase name="TestALotOfAdding" classname="LocalCMCTests" time="0.001"/>
  <testcase name="TestALotOfAdding" classname="LocalCMCTests" time="0.0"/>
  <testcase name="TestALotOfAdding" classname="LocalCMCTests" time="0.001"/>
  <testcase name="TestALotOfAdding" classname="LocalCMCTests" time="0.0"/>
  <testcase name="TestALotOfAdding" classname="LocalCMCTests" time="0.001"/>
  <testcase name="TestALotOfAdding" classname="LocalCMCTests" time="0.001"/>
  <testcase name="TestALotOfAdding" classname="LocalCMCTests" time="0.0"/>
  <testcase name="TestALotOfAdding" classname="LocalCMCTests" time="0.002"/>
  <testcase name="TestALotOfAdding" classname="LocalCMCTests" time="0.0"/>
  <testcase name="TestALotOfAdding" classname="LocalCMCTests" time="0.001"/>
  <testcase name="TestALotOfAdding" classname="LocalCMCTests" time="0.0"/>
  <testcase name="TestALotOfAdding" classname="LocalCMCTests" time="0.001"/>
  <testcase name="TestALotOfAdding" classname="LocalCMCTests" time="0.0"/>
  <testcase name="TestALotOfAdding" classname="LocalCMCTests" time="0.0"/>
  <testcase name="TestALotOfAdding" classname="LocalCMCTests" time="0.0"/>
  <testcase name="TestALotOfAdding" classname="LocalCMCTests" time="0.0"/>
  <testcase name="TestALotOfAdding" classname="LocalCMCTests" time="0.0"/>
  <testcase name="TestALotOfAdding" classname="LocalCMCTests" time="0.0"/>
  <testcase name="TestALotOfAdding" classname="LocalCMCTests" time="0.002"/>
  <testcase name="TestALotOfAdding" classname="LocalCMCTests" time="0.002"/>
  <testcase name="TestALotOfAdding" classname="LocalCMCTests" time="0.002"/>
  <testcase name="TestALotOfAdding" classname="LocalCMCTests" time="0.0"/>
  <testcase name="TestALotOfAdding" classname="LocalCMCTests" time="0.0"/>
  <testcase name="TestALotOfAdding" classname="LocalCMCTests" time="0.002"/>
  <testcase name="TestALotOfAdding" classname="LocalCMCTests" time="0.001"/>
  <testcase name="TestALotOfAdding" classname="LocalCMCTests" time="0.0"/>
  <testcase name="TestALotOfAdding" classname="LocalCMCTests" time="0.001"/>
  <testcase name="TestALotOfAdding" classname="LocalCMCTests" time="0.001"/>
  <testcase name="TestALotOfAdding" classname="LocalCMCTests" time="0.0"/>
  <testcase name="TestALotOfAdding" classname="LocalCMCTests" time="0.001"/>
  <testcase name="TestALotOfAdding" classname="LocalCMCTests" time="0.0"/>
  <testcase name="TestALotOfAdding" classname="LocalCMCTests" time="0.001"/>
  <testcase name="TestALotOfAdding" classname="LocalCMCTests" time="0.0"/>
  <testcase name="TestALotOfAdding" classname="LocalCMCTests" time="0.0"/>
  <testcase name="TestALotOfAdding" classname="LocalCMCTests" time="0.0"/>
  <testcase name="TestALotOfAdding" classname="LocalCMCTests" time="0.001"/>
  <testcase name="TestALotOfAdding" classname="LocalCMCTests" time="0.001"/>
  <testcase name="TestALotOfAdding" classname="LocalCMCTests" time="0.0"/>
  <testcase name="TestALotOfAdding" classname="LocalCMCTests" time="0.001"/>
  <testcase name="TestALotOfAdding" classname="LocalCMCTests" time="0.0"/>
  <testcase name="TestALotOfAdding" classname="LocalCMCTests" time="0.001"/>
  <testcase name="TestALotOfAdding" classname="LocalCMCTests" time="0.001"/>
  <testcase name="TestALotOfAdding" classname="LocalCMCTests" time="0.001"/>
  <testcase name="TestALotOfAdding" classname="LocalCMCTests" time="0.002"/>
  <testcase name="TestALotOfAdding" classname="LocalCMCTests" time="0.0"/>
  <testcase name="TestALotOfAdding" classname="LocalCMCTests" time="0.001"/>
  <testcase name="TestALotOfAdding" classname="LocalCMCTests" time="0.001"/>
  <testcase name="TestALotOfAdding" classname="LocalCMCTests" time="0.001"/>
  <testcase name="TestALotOfAdding" classname="LocalCMCTests" time="0.0"/>
  <testcase name="TestALotOfAdding" classname="LocalCMCTests" time="0.0"/>
  <testcase name="TestALotOfAdding" classname="LocalCMCTests" time="0.001"/>
  <testcase name="TestALotOfAdding" classname="LocalCMCTests" time="0.001"/>
  <testcase name="TestALotOfAdding" classname="LocalCMCTests" time="0.001"/>
  <testcase name="TestALotOfAdding" classname="LocalCMCTests" time="0.0"/>
  <testcase name="TestALotOfAdding" classname="LocalCMCTests" time="0.0"/>
  <testcase name="TestALotOfAdding" classname="LocalCMCTests" time="0.001"/>
  <testcase name="TestALotOfAdding" classname="LocalCMCTests" time="0.0"/>
  <testcase name="TestALotOfAdding" classname="LocalCMCTests" time="0.0"/>
  <testcase name="TestALotOfAdding" classname="LocalCMCTests" time="0.001"/>
  <testcase name="TestALotOfAdding" classname="LocalCMCTests" time="0.0"/>
  <testcase name="TestALotOfAdding" classname="LocalCMCTests" time="0.001"/>
  <testcase name="TestALotOfAdding" classname="LocalCMCTests" time="0.0"/>
  <testcase name="TestALotOfAdding" classname="LocalCMCTests" time="0.001"/>
  <testcase name="TestALotOfAdding" classname="LocalCMCTests" time="0.001"/>
  <testcase name="TestALotOfAdding" classname="LocalCMCTests" time="0.001"/>
  <testcase name="TestALotOfAdding" classname="LocalCMCTests" time="0.0"/>
  <testcase name="TestALotOfAdding" classname="LocalCMCTests" time="0.0"/>
  <testcase name="TestALotOfAdding" classname="LocalCMCTests" time="0.001"/>
  <testcase name="TestALotOfAdding" classname="LocalCMCTests" time="0.0"/>
  <testcase name="TestALotOfAdding" classname="LocalCMCTests" time="0.0"/>
  <testcase name="TestALotOfAdding" classname="LocalCMCTests" time="0.001"/>
  <testcase name="TestALotOfAdding" classname="LocalCMCTests" time="0.0"/>
  <testcase name="TestALotOfAdding" classname="LocalCMCTests" time="0.001"/>
  <testcase name="TestALotOfAdding" classname="LocalCMCTests" time="0.001"/>
  <testcase name="TestALotOfAdding" classname="LocalCMCTests" time="0.0"/>
  <testcase name="TestALotOfAdding" classname="LocalCMCTests" time="0.001"/>
  <testcase name="TestALotOfAdding" classname="LocalCMCTests" time="0.001"/>
  <testcase name="TestALotOfAdding" classname="LocalCMCTests" time="0.001"/>
  <testcase name="TestALotOfAdding" classname="LocalCMCTests" time="0.0"/>
  <testcase name="TestALotOfAdding" classname="LocalCMCTests" time="0.002"/>
  <testcase name="TestALotOfAdding" classname="LocalCMCTests" time="0.001"/>
  <testcase name="TestALotOfAdding" classname="LocalCMCTests" time="0.001"/>
  <testcase name="TestALotOfAdding" classname="LocalCMCTests" time="0.001"/>
  <testcase name="TestALotOfAdding" classname="LocalCMCTests" time="0.001"/>
  <testcase name="TestALotOfAdding" classname="LocalCMCTests" time="0.001"/>
  <testcase name="TestALotOfAdding" classname="LocalCMCTests" time="0.001"/>
  <testcase name="TestALotOfAdding" classname="LocalCMCTests" time="0.0"/>
  <testcase name="TestALotOfAdding" classname="LocalCMCTests" time="0.0"/>
  <testcase name="TestALotOfAdding" classname="LocalCMCTests" time="0.001"/>
  <testcase name="TestALotOfAdding" classname="LocalCMCTests" time="0.0"/>
  <testcase name="TestALotOfAdding" classname="LocalCMCTests" time="0.0"/>
  <testcase name="TestALotOfAdding" classname="LocalCMCTests" time="0.0"/>
  <testcase name="TestALotOfAdding" classname="LocalCMCTests" time="0.0"/>
  <testcase name="TestALotOfAdding" classname="LocalCMCTests" time="0.001"/>
  <testcase name="TestALotOfAdding" classname="LocalCMCTests" time="0.001"/>
  <testcase name="TestALotOfAdding" classname="LocalCMCTests" time="0.0"/>
  <testcase name="TestALotOfAdding" classname="LocalCMCTests" time="0.001"/>
  <testcase name="TestALotOfAdding" classname="LocalCMCTests" time="0.0"/>
  <testcase name="TestALotOfAdding" classname="LocalCMCTests" time="0.0"/>
  <testcase name="TestALotOfAdding" classname="LocalCMCTests" time="0.0"/>
  <testcase name="TestALotOfAdding" classname="LocalCMCTests" time="0.001"/>
  <testcase name="TestALotOfAdding" classname="LocalCMCTests" time="0.001"/>
  <testcase name="TestALotOfAdding" classname="LocalCMCTests" time="0.001"/>
  <testcase name="TestALotOfAdding" classname="LocalCMCTests" time="0.001"/>
  <testcase name="TestALotOfAdding" classname="LocalCMCTests" time="0.001"/>
  <testcase name="TestALotOfAdding" classname="LocalCMCTests" time="0.002"/>
  <testcase name="TestALotOfAdding" classname="LocalCMCTests" time="0.001"/>
  <testcase name="TestALotOfAdding" classname="LocalCMCTests" time="0.0"/>
  <testcase name="TestALotOfAdding" classname="LocalCMCTests" time="0.0"/>
  <testcase name="TestALotOfAdding" classname="LocalCMCTests" time="0.0"/>
  <testcase name="TestALotOfAdding" classname="LocalCMCTests" time="0.001"/>
  <testcase name="TestALotOfAdding" classname="LocalCMCTests" time="0.0"/>
  <testcase name="TestALotOfAdding" classname="LocalCMCTests" time="0.001"/>
  <testcase name="TestALotOfAdding" classname="LocalCMCTests" time="0.0"/>
  <testcase name="TestALotOfAdding" classname="LocalCMCTests" time="0.001"/>
  <testcase name="TestALotOfAdding" classname="LocalCMCTests" time="0.0"/>
  <testcase name="TestALotOfAdding" classname="LocalCMCTests" time="0.0"/>
  <testcase name="TestALotOfAdding" classname="LocalCMCTests" time="0.0"/>
  <testcase name="TestALotOfAdding" classname="LocalCMCTests" time="0.0"/>
  <testcase name="TestALotOfAdding" classname="LocalCMCTests" time="0.001"/>
  <testcase name="TestALotOfAdding" classname="LocalCMCTests" time="0.0"/>
  <testcase name="TestALotOfAdding" classname="LocalCMCTests" time="0.001"/>
  <testcase name="TestALotOfAdding" classname="LocalCMCTests" time="0.001"/>
  <testcase name="TestALotOfAdding" classname="LocalCMCTests" time="0.001"/>
  <testcase name="TestALotOfAdding" classname="LocalCMCTests" time="0.0"/>
  <testcase name="TestALotOfAdding" classname="LocalCMCTests" time="0.0"/>
  <testcase name="TestALotOfAdding" classname="LocalCMCTests" time="0.001"/>
  <testcase name="TestALotOfAdding" classname="LocalCMCTests" time="0.001"/>
  <testcase name="TestALotOfAdding" classname="LocalCMCTests" time="0.0"/>
  <testcase name="TestALotOfAdding" classname="LocalCMCTests" time="0.001"/>
  <testcase name="TestALotOfAdding" classname="LocalCMCTests" time="0.001"/>
  <testcase name="TestALotOfAdding" classname="LocalCMCTests" time="0.0"/>
  <testcase name="TestALotOfAdding" classname="LocalCMCTests" time="0.001"/>
  <testcase name="TestALotOfAdding" classname="LocalCMCTests" time="0.001"/>
  <testcase name="TestALotOfAdding" classname="LocalCMCTests" time="0.001"/>
  <testcase name="TestALotOfAdding" classname="LocalCMCTests" time="0.001"/>
  <testcase name="TestALotOfAdding" classname="LocalCMCTests" time="0.001"/>
  <testcase name="TestALotOfAdding" classname="LocalCMCTests" time="0.001"/>
  <testcase name="TestALotOfAdding" classname="LocalCMCTests" time="0.0"/>
  <testcase name="TestALotOfAdding" classname="LocalCMCTests" time="0.001"/>
  <testcase name="TestALotOfAdding" classname="LocalCMCTests" time="0.002"/>
  <testcase name="TestALotOfAdding" classname="LocalCMCTests" time="0.001"/>
  <testcase name="TestALotOfAdding" classname="LocalCMCTests" time="0.0"/>
  <testcase name="TestALotOfAdding" classname="LocalCMCTests" time="0.0"/>
  <testcase name="TestALotOfAdding" classname="LocalCMCTests" time="0.0"/>
  <testcase name="TestALotOfAdding" classname="LocalCMCTests" time="0.001"/>
  <testcase name="TestALotOfAdding" classname="LocalCMCTests" time="0.0"/>
  <testcase name="TestALotOfAdding" classname="LocalCMCTests" time="0.0"/>
  <testcase name="TestALotOfAdding" classname="LocalCMCTests" time="0.0"/>
  <testcase name="TestALotOfAdding" classname="LocalCMCTests" time="0.0"/>
  <testcase name="TestALotOfAdding" classname="LocalCMCTests" time="0.0"/>
  <testcase name="TestALotOfAdding" classname="LocalCMCTests" time="0.0"/>
  <testcase name="TestALotOfAdding" classname="LocalCMCTests" time="0.0"/>
  <testcase name="TestALotOfAdding" classname="LocalCMCTests" time="0.0"/>
  <testcase name="TestALotOfAdding" classname="LocalCMCTests" time="0.0"/>
  <testcase name="TestALotOfAdding" classname="LocalCMCTests" time="0.0"/>
  <testcase name="TestALotOfAdding" classname="LocalCMCTests" time="0.001"/>
  <testcase name="TestALotOfAdding" classname="LocalCMCTests" time="0.001"/>
  <testcase name="TestALotOfAdding" classname="LocalCMCTests" time="0.001"/>
  <testcase name="TestALotOfAdding" classname="LocalCMCTests" time="0.001"/>
  <testcase name="TestALotOfAdding" classname="LocalCMCTests" time="0.001"/>
  <testcase name="TestALotOfAdding" classname="LocalCMCTests" time="0.001"/>
  <testcase name="TestALotOfAdding" classname="LocalCMCTests" time="0.001"/>
  <testcase name="TestALotOfAdding" classname="LocalCMCTests" time="0.001"/>
  <testcase name="TestALotOfAdding" classname="LocalCMCTests" time="0.0"/>
  <testcase name="TestALotOfAdding" classname="LocalCMCTests" time="0.0"/>
  <testcase name="TestALotOfAdding" classname="LocalCMCTests" time="0.0"/>
  <testcase name="TestALotOfAdding" classname="LocalCMCTests" time="0.0"/>
  <testcase name="TestALotOfAdding" classname="LocalCMCTests" time="0.0"/>
  <testcase name="TestALotOfAdding" classname="LocalCMCTests" time="0.001"/>
  <testcase name="TestALotOfAdding" classname="LocalCMCTests" time="0.0"/>
  <testcase name="TestALotOfAdding" classname="LocalCMCTests" time="0.001"/>
  <testcase name="TestALotOfAdding" classname="LocalCMCTests" time="0.001"/>
  <testcase name="TestALotOfAdding" classname="LocalCMCTests" time="0.001"/>
  <testcase name="TestALotOfAdding" classname="LocalCMCTests" time="0.001"/>
  <testcase name="TestALotOfAdding" classname="LocalCMCTests" time="0.001"/>
  <testcase name="TestALotOfAdding" classname="LocalCMCTests" time="0.0"/>
  <testcase name="TestALotOfAdding" classname="LocalCMCTests" time="0.001"/>
  <testcase name="TestALotOfAdding" classname="LocalCMCTests" time="0.001"/>
  <testcase name="TestALotOfAdding" classname="LocalCMCTests" time="0.001"/>
  <testcase name="TestALotOfAdding" classname="LocalCMCTests" time="0.0"/>
  <testcase name="TestALotOfAdding" classname="LocalCMCTests" time="0.0"/>
  <testcase name="TestALotOfAdding" classname="LocalCMCTests" time="0.001"/>
  <testcase name="TestALotOfAdding" classname="LocalCMCTests" time="0.0"/>
  <testcase name="TestALotOfAdding" classname="LocalCMCTests" time="0.0"/>
  <testcase name="TestALotOfAdding" classname="LocalCMCTests" time="0.0"/>
  <testcase name="TestALotOfAdding" classname="LocalCMCTests" time="0.0"/>
  <testcase name="TestALotOfAdding" classname="LocalCMCTests" time="0.0"/>
  <testcase name="TestALotOfAdding" classname="LocalCMCTests" time="0.001"/>
  <testcase name="TestALotOfAdding" classname="LocalCMCTests" time="0.001"/>
  <testcase name="TestALotOfAdding" classname="LocalCMCTests" time="0.001"/>
  <testcase name="TestALotOfAdding" classname="LocalCMCTests" time="0.002"/>
  <testcase name="TestALotOfAdding" classname="LocalCMCTests" time="0.001"/>
  <testcase name="TestALotOfAdding" classname="LocalCMCTests" time="0.0"/>
  <testcase name="TestALotOfAdding" classname="LocalCMCTests" time="0.001"/>
  <testcase name="TestALotOfAdding" classname="LocalCMCTests" time="0.001"/>
  <testcase name="TestALotOfAdding" classname="LocalCMCTests" time="0.001"/>
  <testcase name="TestALotOfAdding" classname="LocalCMCTests" time="0.001"/>
  <testcase name="TestALotOfAdding" classname="LocalCMCTests" time="0.0"/>
  <testcase name="TestALotOfAdding" classname="LocalCMCTests" time="0.0"/>
  <testcase name="TestALotOfAdding" classname="LocalCMCTests" time="0.0"/>
  <testcase name="TestALotOfAdding" classname="LocalCMCTests" time="0.0"/>
  <testcase name="TestALotOfAdding" classname="LocalCMCTests" time="0.0"/>
  <testcase name="TestALotOfAdding" classname="LocalCMCTests" time="0.0"/>
  <testcase name="TestALotOfAdding" classname="LocalCMCTests" time="0.0"/>
  <testcase name="TestALotOfAdding" classname="LocalCMCTests" time="0.0"/>
  <testcase name="TestALotOfAdding" classname="LocalCMCTests" time="0.0"/>
  <testcase name="TestALotOfAdding" classname="LocalCMCTests" time="0.001"/>
  <testcase name="TestALotOfAdding" classname="LocalCMCTests" time="0.002"/>
  <testcase name="TestALotOfAdding" classname="LocalCMCTests" time="0.001"/>
  <testcase name="TestALotOfAdding" classname="LocalCMCTests" time="0.001"/>
  <testcase name="TestALotOfAdding" classname="LocalCMCTests" time="0.0"/>
  <testcase name="TestALotOfAdding" classname="LocalCMCTests" time="0.0"/>
  <testcase name="TestALotOfAdding" classname="LocalCMCTests" time="0.0"/>
  <testcase name="TestALotOfAdding" classname="LocalCMCTests" time="0.001"/>
  <testcase name="TestALotOfAdding" classname="LocalCMCTests" time="0.001"/>
  <testcase name="TestALotOfAdding" classname="LocalCMCTests" time="0.001"/>
  <testcase name="TestALotOfAdding" classname="LocalCMCTests" time="0.001"/>
  <testcase name="TestALotOfAdding" classname="LocalCMCTests" time="0.001"/>
  <testcase name="TestALotOfAdding" classname="LocalCMCTests" time="0.0"/>
  <testcase name="TestALotOfAdding" classname="LocalCMCTests" time="0.0"/>
  <testcase name="TestALotOfAdding" classname="LocalCMCTests" time="0.0"/>
  <testcase name="TestALotOfAdding" classname="LocalCMCTests" time="0.0"/>
  <testcase name="TestALotOfAdding" classname="LocalCMCTests" time="0.0"/>
  <testcase name="TestALotOfAdding" classname="LocalCMCTests" time="0.0"/>
  <testcase name="TestALotOfAdding" classname="LocalCMCTests" time="0.0"/>
  <testcase name="TestALotOfAdding" classname="LocalCMCTests" time="0.0"/>
  <testcase name="TestALotOfAdding" classname="LocalCMCTests" time="0.001"/>
  <testcase name="TestALotOfAdding" classname="LocalCMCTests" time="0.001"/>
  <testcase name="TestALotOfAdding" classname="LocalCMCTests" time="0.001"/>
  <testcase name="TestALotOfAdding" classname="LocalCMCTests" time="0.001"/>
  <testcase name="TestALotOfAdding" classname="LocalCMCTests" time="0.001"/>
  <testcase name="TestALotOfAdding" classname="LocalCMCTests" time="0.0"/>
  <testcase name="TestALotOfAdding" classname="LocalCMCTests" time="0.0"/>
  <testcase name="TestALotOfAdding" classname="LocalCMCTests" time="0.0"/>
  <testcase name="TestALotOfAdding" classname="LocalCMCTests" time="0.0"/>
  <testcase name="TestALotOfAdding" classname="LocalCMCTests" time="0.0"/>
  <testcase name="TestALotOfAdding" classname="LocalCMCTests" time="0.001"/>
  <testcase name="TestALotOfAdding" classname="LocalCMCTests" time="0.001"/>
  <testcase name="TestALotOfAdding" classname="LocalCMCTests" time="0.001"/>
  <testcase name="TestALotOfAdding" classname="LocalCMCTests" time="0.0"/>
  <testcase name="TestALotOfAdding" classname="LocalCMCTests" time="0.0"/>
  <testcase name="TestALotOfAdding" classname="LocalCMCTests" time="0.001"/>
  <testcase name="TestALotOfAdding" classname="LocalCMCTests" time="0.0"/>
  <testcase name="TestALotOfAdding" classname="LocalCMCTests" time="0.0"/>
  <testcase name="TestALotOfAdding" classname="LocalCMCTests" time="0.001"/>
  <testcase name="TestALotOfAdding" classname="LocalCMCTests" time="0.001"/>
  <testcase name="TestALotOfAdding" classname="LocalCMCTests" time="0.001"/>
  <testcase name="TestALotOfAdding" classname="LocalCMCTests" time="0.001"/>
  <testcase name="TestALotOfAdding" classname="LocalCMCTests" time="0.001"/>
  <testcase name="TestALotOfAdding" classname="LocalCMCTests" time="0.001"/>
  <testcase name="TestALotOfAdding" classname="LocalCMCTests" time="0.001"/>
  <testcase name="TestALotOfAdding" classname="LocalCMCTests" time="0.0"/>
  <testcase name="TestALotOfAdding" classname="LocalCMCTests" time="0.001"/>
  <testcase name="TestALotOfAdding" classname="LocalCMCTests" time="0.001"/>
  <testcase name="TestALotOfAdding" classname="LocalCMCTests" time="0.0"/>
  <testcase name="TestALotOfAdding" classname="LocalCMCTests" time="0.0"/>
  <testcase name="TestALotOfAdding" classname="LocalCMCTests" time="0.001"/>
  <testcase name="TestALotOfAdding" classname="LocalCMCTests" time="0.0"/>
  <testcase name="TestALotOfAdding" classname="LocalCMCTests" time="0.0"/>
  <testcase name="TestALotOfAdding" classname="LocalCMCTests" time="0.001"/>
  <testcase name="TestALotOfAdding" classname="LocalCMCTests" time="0.001"/>
  <testcase name="TestALotOfAdding" classname="LocalCMCTests" time="0.001"/>
  <testcase name="TestALotOfAdding" classname="LocalCMCTests" time="0.001"/>
  <testcase name="TestALotOfAdding" classname="LocalCMCTests" time="0.0"/>
  <testcase name="TestALotOfAdding" classname="LocalCMCTests" time="0.0"/>
  <testcase name="TestALotOfAdding" classname="LocalCMCTests" time="0.0"/>
  <testcase name="TestALotOfAdding" classname="LocalCMCTests" time="0.001"/>
  <testcase name="TestALotOfAdding" classname="LocalCMCTests" time="0.001"/>
  <testcase name="TestALotOfAdding" classname="LocalCMCTests" time="0.001"/>
  <testcase name="TestALotOfAdding" classname="LocalCMCTests" time="0.001"/>
  <testcase name="TestALotOfAdding" classname="LocalCMCTests" time="0.0"/>
  <testcase name="TestALotOfAdding" classname="LocalCMCTests" time="0.001"/>
  <testcase name="TestALotOfAdding" classname="LocalCMCTests" time="0.0"/>
  <testcase name="TestALotOfAdding" classname="LocalCMCTests" time="0.001"/>
  <testcase name="TestALotOfAdding" classname="LocalCMCTests" time="0.0"/>
  <testcase name="TestALotOfAdding" classname="LocalCMCTests" time="0.0"/>
  <testcase name="TestALotOfAdding" classname="LocalCMCTests" time="0.0"/>
  <testcase name="TestALotOfAdding" classname="LocalCMCTests" time="0.0"/>
  <testcase name="TestALotOfAdding" classname="LocalCMCTests" time="0.0"/>
  <testcase name="TestALotOfAdding" classname="LocalCMCTests" time="0.001"/>
  <testcase name="TestALotOfAdding" classname="LocalCMCTests" time="0.0"/>
  <testcase name="TestALotOfAdding" classname="LocalCMCTests" time="0.001"/>
  <testcase name="TestALotOfAdding" classname="LocalCMCTests" time="0.001"/>
  <testcase name="TestALotOfAdding" classname="LocalCMCTests" time="0.001"/>
  <testcase name="TestALotOfAdding" classname="LocalCMCTests" time="0.0"/>
  <testcase name="TestALotOfAdding" classname="LocalCMCTests" time="0.001"/>
  <testcase name="TestALotOfAdding" classname="LocalCMCTests" time="0.001"/>
  <testcase name="TestALotOfAdding" classname="LocalCMCTests" time="0.001"/>
  <testcase name="TestALotOfAdding" classname="LocalCMCTests" time="0.0"/>
  <testcase name="TestALotOfAdding" classname="LocalCMCTests" time="0.0"/>
  <testcase name="TestALotOfAdding" classname="LocalCMCTests" time="0.0"/>
  <testcase name="TestALotOfAdding" classname="LocalCMCTests" time="0.0"/>
  <testcase name="TestALotOfAdding" classname="LocalCMCTests" time="0.0"/>
  <testcase name="TestALotOfAdding" classname="LocalCMCTests" time="0.001"/>
  <testcase name="TestALotOfAdding" classname="LocalCMCTests" time="0.0"/>
  <testcase name="TestALotOfAdding" classname="LocalCMCTests" time="0.0"/>
  <testcase name="TestALotOfAdding" classname="LocalCMCTests" time="0.002"/>
  <testcase name="TestALotOfAdding" classname="LocalCMCTests" time="0.002"/>
  <testcase name="TestALotOfAdding" classname="LocalCMCTests" time="0.0"/>
  <testcase name="TestALotOfAdding" classname="LocalCMCTests" time="0.001"/>
  <testcase name="TestALotOfAdding" classname="LocalCMCTests" time="0.001"/>
  <testcase name="TestALotOfAdding" classname="LocalCMCTests" time="0.001"/>
  <testcase name="TestALotOfAdding" classname="LocalCMCTests" time="0.001"/>
  <testcase name="TestALotOfAdding" classname="LocalCMCTests" time="0.001"/>
  <testcase name="TestALotOfAdding" classname="LocalCMCTests" time="0.001"/>
  <testcase name="TestALotOfAdding" classname="LocalCMCTests" time="0.001"/>
  <testcase name="TestALotOfAdding" classname="LocalCMCTests" time="0.0"/>
  <testcase name="TestALotOfAdding" classname="LocalCMCTests" time="0.0"/>
  <testcase name="TestALotOfAdding" classname="LocalCMCTests" time="0.001"/>
  <testcase name="TestALotOfAdding" classname="LocalCMCTests" time="0.0"/>
  <testcase name="TestALotOfAdding" classname="LocalCMCTests" time="0.0"/>
  <testcase name="TestALotOfAdding" classname="LocalCMCTests" time="0.0"/>
  <testcase name="TestALotOfAdding" classname="LocalCMCTests" time="0.001"/>
  <testcase name="TestALotOfAdding" classname="LocalCMCTests" time="0.001"/>
  <testcase name="TestALotOfAdding" classname="LocalCMCTests" time="0.0"/>
  <testcase name="TestALotOfAdding" classname="LocalCMCTests" time="0.001"/>
  <testcase name="TestALotOfAdding" classname="LocalCMCTests" time="0.0"/>
  <testcase name="TestALotOfAdding" classname="LocalCMCTests" time="0.001"/>
  <testcase name="TestALotOfAdding" classname="LocalCMCTests" time="0.0"/>
  <testcase name="TestALotOfAdding" classname="LocalCMCTests" time="0.0"/>
  <testcase name="TestALotOfAdding" classname="LocalCMCTests" time="0.001"/>
  <testcase name="TestALotOfAdding" classname="LocalCMCTests" time="0.001"/>
  <testcase name="TestALotOfAdding" classname="LocalCMCTests" time="0.001"/>
  <testcase name="TestALotOfAdding" classname="LocalCMCTests" time="0.001"/>
  <testcase name="TestALotOfAdding" classname="LocalCMCTests" time="0.0"/>
  <testcase name="TestALotOfAdding" classname="LocalCMCTests" time="0.001"/>
  <testcase name="TestALotOfAdding" classname="LocalCMCTests" time="0.001"/>
  <testcase name="TestALotOfAdding" classname="LocalCMCTests" time="0.001"/>
  <testcase name="TestALotOfAdding" classname="LocalCMCTests" time="0.001"/>
  <testcase name="TestALotOfAdding" classname="LocalCMCTests" time="0.001"/>
  <testcase name="TestALotOfAdding" classname="LocalCMCTests" time="0.0"/>
  <testcase name="TestALotOfAdding" classname="LocalCMCTests" time="0.001"/>
  <testcase name="TestALotOfAdding" classname="LocalCMCTests" time="0.0"/>
  <testcase name="TestALotOfAdding" classname="LocalCMCTests" time="0.001"/>
  <testcase name="TestALotOfAdding" classname="LocalCMCTests" time="0.001"/>
  <testcase name="TestALotOfAdding" classname="LocalCMCTests" time="0.0"/>
  <testcase name="TestALotOfAdding" classname="LocalCMCTests" time="0.0"/>
  <testcase name="TestALotOfAdding" classname="LocalCMCTests" time="0.0"/>
  <testcase name="TestALotOfAdding" classname="LocalCMCTests" time="0.0"/>
  <testcase name="TestALotOfAdding" classname="LocalCMCTests" time="0.0"/>
  <testcase name="TestALotOfAdding" classname="LocalCMCTests" time="0.002"/>
  <testcase name="TestALotOfAdding" classname="LocalCMCTests" time="0.0"/>
  <testcase name="TestALotOfAdding" classname="LocalCMCTests" time="0.0"/>
  <testcase name="TestALotOfAdding" classname="LocalCMCTests" time="0.001"/>
  <testcase name="TestALotOfAdding" classname="LocalCMCTests" time="0.0"/>
  <testcase name="TestALotOfAdding" classname="LocalCMCTests" time="0.001"/>
  <testcase name="TestALotOfAdding" classname="LocalCMCTests" time="0.001"/>
  <testcase name="TestALotOfAdding" classname="LocalCMCTests" time="0.001"/>
  <testcase name="TestALotOfAdding" classname="LocalCMCTests" time="0.003"/>
  <testcase name="TestALotOfAdding" classname="LocalCMCTests" time="0.002"/>
  <testcase name="TestALotOfAdding" classname="LocalCMCTests" time="0.002"/>
  <testcase name="TestALotOfAdding" classname="LocalCMCTests" time="0.0"/>
  <testcase name="TestALotOfAdding" classname="LocalCMCTests" time="0.0"/>
  <testcase name="TestALotOfAdding" classname="LocalCMCTests" time="0.0"/>
  <testcase name="TestALotOfAdding" classname="LocalCMCTests" time="0.002"/>
  <testcase name="TestALotOfAdding" classname="LocalCMCTests" time="0.001"/>
  <testcase name="TestALotOfAdding" classname="LocalCMCTests" time="0.0"/>
  <testcase name="TestALotOfAdding" classname="LocalCMCTests" time="0.0"/>
  <testcase name="TestALotOfAdding" classname="LocalCMCTests" time="0.003"/>
  <testcase name="TestALotOfAdding" classname="LocalCMCTests" time="0.002"/>
  <testcase name="TestALotOfAdding" classname="LocalCMCTests" time="0.001"/>
  <testcase name="TestALotOfAdding" classname="LocalCMCTests" time="0.0"/>
  <testcase name="TestALotOfAdding" classname="LocalCMCTests" time="0.0"/>
  <testcase name="TestALotOfAdding" classname="LocalCMCTests" time="0.002"/>
  <testcase name="TestALotOfAdding" classname="LocalCMCTests" time="0.0"/>
  <testcase name="TestALotOfAdding" classname="LocalCMCTests" time="0.0"/>
  <testcase name="TestALotOfAdding" classname="LocalCMCTests" time="0.001"/>
  <testcase name="TestALotOfAdding" classname="LocalCMCTests" time="0.0"/>
  <testcase name="TestALotOfAdding" classname="LocalCMCTests" time="0.0"/>
  <testcase name="TestALotOfAdding" classname="LocalCMCTests" time="0.003"/>
  <testcase name="TestALotOfAdding" classname="LocalCMCTests" time="0.001"/>
  <testcase name="TestALotOfAdding" classname="LocalCMCTests" time="0.0"/>
  <testcase name="TestALotOfAdding" classname="LocalCMCTests" time="0.001"/>
  <testcase name="TestALotOfAdding" classname="LocalCMCTests" time="0.0"/>
  <testcase name="TestALotOfAdding" classname="LocalCMCTests" time="0.001"/>
  <testcase name="TestALotOfAdding" classname="LocalCMCTests" time="0.001"/>
  <testcase name="TestALotOfAdding" classname="LocalCMCTests" time="0.0"/>
  <testcase name="TestALotOfAdding" classname="LocalCMCTests" time="0.001"/>
  <testcase name="TestALotOfAdding" classname="LocalCMCTests" time="0.001"/>
  <testcase name="TestALotOfAdding" classname="LocalCMCTests" time="0.0"/>
  <testcase name="TestALotOfAdding" classname="LocalCMCTests" time="0.001"/>
  <testcase name="TestALotOfAdding" classname="LocalCMCTests" time="0.0"/>
  <testcase name="TestALotOfAdding" classname="LocalCMCTests" time="0.001"/>
  <testcase name="TestALotOfAdding" classname="LocalCMCTests" time="0.0"/>
  <testcase name="TestALotOfAdding" classname="LocalCMCTests" time="0.0"/>
  <testcase name="TestALotOfAdding" classname="LocalCMCTests" time="0.001"/>
  <testcase name="TestALotOfAdding" classname="LocalCMCTests" time="0.002"/>
  <testcase name="TestALotOfAdding" classname="LocalCMCTests" time="0.0"/>
  <testcase name="TestALotOfAdding" classname="LocalCMCTests" time="0.0"/>
  <testcase name="TestALotOfAdding" classname="LocalCMCTests" time="0.001"/>
  <testcase name="TestALotOfAdding" classname="LocalCMCTests" time="0.001"/>
  <testcase name="TestALotOfAdding" classname="LocalCMCTests" time="0.001"/>
  <testcase name="TestALotOfAdding" classname="LocalCMCTests" time="0.001"/>
  <testcase name="TestALotOfAdding" classname="LocalCMCTests" time="0.001"/>
  <testcase name="TestALotOfAdding" classname="LocalCMCTests" time="0.0"/>
  <testcase name="TestALotOfAdding" classname="LocalCMCTests" time="0.0"/>
  <testcase name="TestALotOfAdding" classname="LocalCMCTests" time="0.001"/>
  <testcase name="TestALotOfAdding" classname="LocalCMCTests" time="0.001"/>
  <testcase name="TestALotOfAdding" classname="LocalCMCTests" time="0.0"/>
  <testcase name="TestALotOfAdding" classname="LocalCMCTests" time="0.0"/>
  <testcase name="TestALotOfAdding" classname="LocalCMCTests" time="0.001"/>
  <testcase name="TestALotOfAdding" classname="LocalCMCTests" time="0.0"/>
  <testcase name="TestALotOfAdding" classname="LocalCMCTests" time="0.0"/>
  <testcase name="TestALotOfAdding" classname="LocalCMCTests" time="0.0"/>
  <testcase name="TestALotOfAdding" classname="LocalCMCTests" time="0.0"/>
  <testcase name="TestALotOfAdding" classname="LocalCMCTests" time="0.001"/>
  <testcase name="TestALotOfAdding" classname="LocalCMCTests" time="0.001"/>
  <testcase name="TestALotOfAdding" classname="LocalCMCTests" time="0.001"/>
  <testcase name="TestALotOfAdding" classname="LocalCMCTests" time="0.0"/>
  <testcase name="TestALotOfAdding" classname="LocalCMCTests" time="0.001"/>
  <testcase name="TestALotOfAdding" classname="LocalCMCTests" time="0.001"/>
  <testcase name="TestALotOfAdding" classname="LocalCMCTests" time="0.0"/>
  <testcase name="TestALotOfAdding" classname="LocalCMCTests" time="0.0"/>
  <testcase name="TestALotOfAdding" classname="LocalCMCTests" time="0.0"/>
  <testcase name="TestALotOfAdding" classname="LocalCMCTests" time="0.0"/>
  <testcase name="TestALotOfAdding" classname="LocalCMCTests" time="0.0"/>
  <testcase name="TestALotOfAdding" classname="LocalCMCTests" time="0.001"/>
  <testcase name="TestALotOfAdding" classname="LocalCMCTests" time="0.0"/>
  <testcase name="TestALotOfAdding" classname="LocalCMCTests" time="0.001"/>
  <testcase name="TestALotOfAdding" classname="LocalCMCTests" time="0.002"/>
  <testcase name="TestALotOfAdding" classname="LocalCMCTests" time="0.001"/>
  <testcase name="TestALotOfAdding" classname="LocalCMCTests" time="0.0"/>
  <testcase name="TestALotOfAdding" classname="LocalCMCTests" time="0.001"/>
  <testcase name="TestALotOfAdding" classname="LocalCMCTests" time="0.001"/>
  <testcase name="TestALotOfAdding" classname="LocalCMCTests" time="0.001"/>
  <testcase name="TestALotOfAdding" classname="LocalCMCTests" time="0.001"/>
  <testcase name="TestALotOfAdding" classname="LocalCMCTests" time="0.0"/>
  <testcase name="TestALotOfAdding" classname="LocalCMCTests" time="0.001"/>
  <testcase name="TestALotOfAdding" classname="LocalCMCTests" time="0.0"/>
  <testcase name="TestALotOfAdding" classname="LocalCMCTests" time="0.001"/>
  <testcase name="TestALotOfAdding" classname="LocalCMCTests" time="0.0"/>
  <testcase name="TestALotOfAdding" classname="LocalCMCTests" time="0.0"/>
  <testcase name="TestALotOfAdding" classname="LocalCMCTests" time="0.001"/>
  <testcase name="TestALotOfAdding" classname="LocalCMCTests" time="0.0"/>
  <testcase name="TestALotOfAdding" classname="LocalCMCTests" time="0.0"/>
  <testcase name="TestALotOfAdding" classname="LocalCMCTests" time="0.0"/>
  <testcase name="TestALotOfAdding" classname="LocalCMCTests" time="0.0"/>
  <testcase name="TestALotOfAdding" classname="LocalCMCTests" time="0.001"/>
  <testcase name="TestALotOfAdding" classname="LocalCMCTests" time="0.001"/>
  <testcase name="TestALotOfAdding" classname="LocalCMCTests" time="0.001"/>
  <testcase name="TestALotOfAdding" classname="LocalCMCTests" time="0.0"/>
  <testcase name="TestALotOfAdding" classname="LocalCMCTests" time="0.001"/>
  <testcase name="TestALotOfAdding" classname="LocalCMCTests" time="0.0"/>
  <testcase name="TestALotOfAdding" classname="LocalCMCTests" time="0.0"/>
  <testcase name="TestALotOfAdding" classname="LocalCMCTests" time="0.001"/>
  <testcase name="TestALotOfAdding" classname="LocalCMCTests" time="0.001"/>
  <testcase name="TestALotOfAdding" classname="LocalCMCTests" time="0.001"/>
  <testcase name="TestALotOfAdding" classname="LocalCMCTests" time="0.001"/>
  <testcase name="TestALotOfAdding" classname="LocalCMCTests" time="0.0"/>
  <testcase name="TestALotOfAdding" classname="LocalCMCTests" time="0.0"/>
  <testcase name="TestALotOfAdding" classname="LocalCMCTests" time="0.0"/>
  <testcase name="TestALotOfAdding" classname="LocalCMCTests" time="0.0"/>
  <testcase name="TestALotOfAdding" classname="LocalCMCTests" time="0.001"/>
  <testcase name="TestALotOfAdding" classname="LocalCMCTests" time="0.001"/>
  <testcase name="TestALotOfAdding" classname="LocalCMCTests" time="0.0"/>
  <testcase name="TestALotOfAdding" classname="LocalCMCTests" time="0.0"/>
  <testcase name="TestALotOfAdding" classname="LocalCMCTests" time="0.001"/>
  <testcase name="TestALotOfAdding" classname="LocalCMCTests" time="0.001"/>
  <testcase name="TestALotOfAdding" classname="LocalCMCTests" time="0.001"/>
  <testcase name="TestALotOfAdding" classname="LocalCMCTests" time="0.001"/>
  <testcase name="TestALotOfAdding" classname="LocalCMCTests" time="0.0"/>
  <testcase name="TestALotOfAdding" classname="LocalCMCTests" time="0.0"/>
  <testcase name="TestALotOfAdding" classname="LocalCMCTests" time="0.001"/>
  <testcase name="TestALotOfAdding" classname="LocalCMCTests" time="0.0"/>
  <testcase name="TestALotOfAdding" classname="LocalCMCTests" time="0.0"/>
  <testcase name="TestALotOfAdding" classname="LocalCMCTests" time="0.0"/>
  <testcase name="TestALotOfAdding" classname="LocalCMCTests" time="0.001"/>
  <testcase name="TestALotOfAdding" classname="LocalCMCTests" time="0.0"/>
  <testcase name="TestALotOfAdding" classname="LocalCMCTests" time="0.0"/>
  <testcase name="TestALotOfAdding" classname="LocalCMCTests" time="0.001"/>
  <testcase name="TestALotOfAdding" classname="LocalCMCTests" time="0.001"/>
  <testcase name="TestALotOfAdding" classname="LocalCMCTests" time="0.001"/>
  <testcase name="TestALotOfAdding" classname="LocalCMCTests" time="0.001"/>
  <testcase name="TestALotOfAdding" classname="LocalCMCTests" time="0.0"/>
  <testcase name="TestALotOfAdding" classname="LocalCMCTests" time="0.001"/>
  <testcase name="TestALotOfAdding" classname="LocalCMCTests" time="0.001"/>
  <testcase name="TestALotOfAdding" classname="LocalCMCTests" time="0.001"/>
  <testcase name="TestALotOfAdding" classname="LocalCMCTests" time="0.0"/>
  <testcase name="TestALotOfAdding" classname="LocalCMCTests" time="0.001"/>
  <testcase name="TestALotOfAdding" classname="LocalCMCTests" time="0.001"/>
  <testcase name="TestALotOfAdding" classname="LocalCMCTests" time="0.0"/>
  <testcase name="TestALotOfAdding" classname="LocalCMCTests" time="0.0"/>
  <testcase name="TestALotOfAdding" classname="LocalCMCTests" time="0.0"/>
  <testcase name="TestALotOfAdding" classname="LocalCMCTests" time="0.0"/>
  <testcase name="TestALotOfAdding" classname="LocalCMCTests" time="0.0"/>
  <testcase name="TestALotOfAdding" classname="LocalCMCTests" time="0.0"/>
  <testcase name="TestALotOfAdding" classname="LocalCMCTests" time="0.001"/>
  <testcase name="TestALotOfAdding" classname="LocalCMCTests" time="0.0"/>
  <testcase name="TestALotOfAdding" classname="LocalCMCTests" time="0.0"/>
  <testcase name="TestALotOfAdding" classname="LocalCMCTests" time="0.001"/>
  <testcase name="TestALotOfAdding" classname="LocalCMCTests" time="0.001"/>
  <testcase name="TestALotOfAdding" classname="LocalCMCTests" time="0.0"/>
  <testcase name="TestALotOfAdding" classname="LocalCMCTests" time="0.001"/>
  <testcase name="TestALotOfAdding" classname="LocalCMCTests" time="0.001"/>
  <testcase name="TestALotOfAdding" classname="LocalCMCTests" time="0.0"/>
  <testcase name="TestALotOfAdding" classname="LocalCMCTests" time="0.001"/>
  <testcase name="TestALotOfAdding" classname="LocalCMCTests" time="0.0"/>
  <testcase name="TestALotOfAdding" classname="LocalCMCTests" time="0.001"/>
  <testcase name="TestALotOfAdding" classname="LocalCMCTests" time="0.0"/>
  <testcase name="TestALotOfAdding" classname="LocalCMCTests" time="0.001"/>
  <testcase name="TestALotOfAdding" classname="LocalCMCTests" time="0.001"/>
  <testcase name="TestALotOfAdding" classname="LocalCMCTests" time="0.0"/>
  <testcase name="TestALotOfAdding" classname="LocalCMCTests" time="0.002"/>
  <testcase name="TestALotOfAdding" classname="LocalCMCTests" time="0.001"/>
  <testcase name="TestALotOfAdding" classname="LocalCMCTests" time="0.001"/>
  <testcase name="TestALotOfAdding" classname="LocalCMCTests" time="0.0"/>
  <testcase name="TestALotOfAdding" classname="LocalCMCTests" time="0.001"/>
  <testcase name="TestALotOfAdding" classname="LocalCMCTests" time="0.001"/>
  <testcase name="TestALotOfAdding" classname="LocalCMCTests" time="0.0"/>
  <testcase name="TestALotOfAdding" classname="LocalCMCTests" time="0.0"/>
  <testcase name="TestALotOfAdding" classname="LocalCMCTests" time="0.001"/>
  <testcase name="TestALotOfAdding" classname="LocalCMCTests" time="0.001"/>
  <testcase name="TestALotOfAdding" classname="LocalCMCTests" time="0.0"/>
  <testcase name="TestALotOfAdding" classname="LocalCMCTests" time="0.001"/>
  <testcase name="TestALotOfAdding" classname="LocalCMCTests" time="0.0"/>
  <testcase name="TestALotOfAdding" classname="LocalCMCTests" time="0.001"/>
  <testcase name="TestALotOfAdding" classname="LocalCMCTests" time="0.0"/>
  <testcase name="TestALotOfAdding" classname="LocalCMCTests" time="0.0"/>
  <testcase name="TestALotOfAdding" classname="LocalCMCTests" time="0.0"/>
  <testcase name="TestALotOfAdding" classname="LocalCMCTests" time="0.0"/>
  <testcase name="TestALotOfAdding" classname="LocalCMCTests" time="0.001"/>
  <testcase name="TestALotOfAdding" classname="LocalCMCTests" time="0.001"/>
  <testcase name="TestALotOfAdding" classname="LocalCMCTests" time="0.001"/>
  <testcase name="TestALotOfAdding" classname="LocalCMCTests" time="0.0"/>
  <testcase name="TestALotOfAdding" classname="LocalCMCTests" time="0.0"/>
  <testcase name="TestALotOfAdding" classname="LocalCMCTests" time="0.001"/>
  <testcase name="TestALotOfAdding" classname="LocalCMCTests" time="0.001"/>
  <testcase name="TestALotOfAdding" classname="LocalCMCTests" time="0.001"/>
  <testcase name="TestALotOfAdding" classname="LocalCMCTests" time="0.001"/>
  <testcase name="TestALotOfAdding" classname="LocalCMCTests" time="0.0"/>
  <testcase name="TestALotOfAdding" classname="LocalCMCTests" time="0.001"/>
  <testcase name="TestALotOfAdding" classname="LocalCMCTests" time="0.0"/>
  <testcase name="TestALotOfAdding" classname="LocalCMCTests" time="0.0"/>
  <testcase name="TestALotOfAdding" classname="LocalCMCTests" time="0.0"/>
  <testcase name="TestALotOfAdding" classname="LocalCMCTests" time="0.001"/>
  <testcase name="TestALotOfAdding" classname="LocalCMCTests" time="0.0"/>
  <testcase name="TestALotOfAdding" classname="LocalCMCTests" time="0.001"/>
  <testcase name="TestALotOfAdding" classname="LocalCMCTests" time="0.0"/>
  <testcase name="TestALotOfAdding" classname="LocalCMCTests" time="0.001"/>
  <testcase name="TestALotOfAdding" classname="LocalCMCTests" time="0.001"/>
  <testcase name="TestALotOfAdding" classname="LocalCMCTests" time="0.001"/>
  <testcase name="TestALotOfAdding" classname="LocalCMCTests" time="0.001"/>
  <testcase name="TestALotOfAdding" classname="LocalCMCTests" time="0.001"/>
  <testcase name="TestALotOfAdding" classname="LocalCMCTests" time="0.001"/>
  <testcase name="TestALotOfAdding" classname="LocalCMCTests" time="0.0"/>
  <testcase name="TestALotOfAdding" classname="LocalCMCTests" time="0.0"/>
  <testcase name="TestALotOfAdding" classname="LocalCMCTests" time="0.0"/>
  <testcase name="TestALotOfAdding" classname="LocalCMCTests" time="0.0"/>
  <testcase name="TestALotOfAdding" classname="LocalCMCTests" time="0.0"/>
  <testcase name="TestALotOfAdding" classname="LocalCMCTests" time="0.0"/>
  <testcase name="TestALotOfAdding" classname="LocalCMCTests" time="0.0"/>
  <testcase name="TestALotOfAdding" classname="LocalCMCTests" time="0.0"/>
  <testcase name="TestALotOfAdding" classname="LocalCMCTests" time="0.0"/>
  <testcase name="TestALotOfAdding" classname="LocalCMCTests" time="0.0"/>
  <testcase name="TestALotOfAdding" classname="LocalCMCTests" time="0.001"/>
  <testcase name="TestALotOfAdding" classname="LocalCMCTests" time="0.001"/>
  <testcase name="TestALotOfAdding" classname="LocalCMCTests" time="0.001"/>
  <testcase name="TestALotOfAdding" classname="LocalCMCTests" time="0.0"/>
  <testcase name="TestALotOfAdding" classname="LocalCMCTests" time="0.0"/>
  <testcase name="TestALotOfAdding" classname="LocalCMCTests" time="0.001"/>
  <testcase name="TestALotOfAdding" classname="LocalCMCTests" time="0.001"/>
  <testcase name="TestALotOfAdding" classname="LocalCMCTests" time="0.0"/>
  <testcase name="TestALotOfAdding" classname="LocalCMCTests" time="0.001"/>
  <testcase name="TestALotOfAdding" classname="LocalCMCTests" time="0.001"/>
  <testcase name="TestALotOfAdding" classname="LocalCMCTests" time="0.001"/>
  <testcase name="TestALotOfAdding" classname="LocalCMCTests" time="0.0"/>
  <testcase name="TestALotOfAdding" classname="LocalCMCTests" time="0.0"/>
  <testcase name="TestALotOfAdding" classname="LocalCMCTests" time="0.0"/>
  <testcase name="TestALotOfAdding" classname="LocalCMCTests" time="0.0"/>
  <testcase name="TestALotOfAdding" classname="LocalCMCTests" time="0.0"/>
  <testcase name="TestALotOfAdding" classname="LocalCMCTests" time="0.001"/>
  <testcase name="TestALotOfAdding" classname="LocalCMCTests" time="0.001"/>
  <testcase name="TestALotOfAdding" classname="LocalCMCTests" time="0.001"/>
  <testcase name="TestALotOfAdding" classname="LocalCMCTests" time="0.001"/>
  <testcase name="TestALotOfAdding" classname="LocalCMCTests" time="0.0"/>
  <testcase name="TestALotOfAdding" classname="LocalCMCTests" time="0.001"/>
  <testcase name="TestALotOfAdding" classname="LocalCMCTests" time="0.001"/>
  <testcase name="TestALotOfAdding" classname="LocalCMCTests" time="0.001"/>
  <testcase name="TestALotOfAdding" classname="LocalCMCTests" time="0.0"/>
  <testcase name="TestALotOfAdding" classname="LocalCMCTests" time="0.0"/>
  <testcase name="TestALotOfAdding" classname="LocalCMCTests" time="0.001"/>
  <testcase name="TestALotOfAdding" classname="LocalCMCTests" time="0.001"/>
  <testcase name="TestALotOfAdding" classname="LocalCMCTests" time="0.0"/>
  <testcase name="TestALotOfAdding" classname="LocalCMCTests" time="0.0"/>
  <testcase name="TestALotOfAdding" classname="LocalCMCTests" time="0.0"/>
  <testcase name="TestALotOfAdding" classname="LocalCMCTests" time="0.0"/>
  <testcase name="TestALotOfAdding" classname="LocalCMCTests" time="0.0"/>
  <testcase name="TestALotOfAdding" classname="LocalCMCTests" time="0.0"/>
  <testcase name="TestALotOfAdding" classname="LocalCMCTests" time="0.001"/>
  <testcase name="TestALotOfAdding" classname="LocalCMCTests" time="0.001"/>
  <testcase name="TestALotOfAdding" classname="LocalCMCTests" time="0.001"/>
  <testcase name="TestALotOfAdding" classname="LocalCMCTests" time="0.0"/>
  <testcase name="TestALotOfAdding" classname="LocalCMCTests" time="0.001"/>
  <testcase name="TestALotOfAdding" classname="LocalCMCTests" time="0.001"/>
  <testcase name="TestALotOfAdding" classname="LocalCMCTests" time="0.001"/>
  <testcase name="TestALotOfAdding" classname="LocalCMCTests" time="0.001"/>
  <testcase name="TestALotOfAdding" classname="LocalCMCTests" time="0.0"/>
  <testcase name="TestALotOfAdding" classname="LocalCMCTests" time="0.0"/>
  <testcase name="TestALotOfAdding" classname="LocalCMCTests" time="0.0"/>
  <testcase name="TestALotOfAdding" classname="LocalCMCTests" time="0.0"/>
  <testcase name="TestALotOfAdding" classname="LocalCMCTests" time="0.0"/>
  <testcase name="TestALotOfAdding" classname="LocalCMCTests" time="0.0"/>
  <testcase name="TestALotOfAdding" classname="LocalCMCTests" time="0.0"/>
  <testcase name="TestALotOfAdding" classname="LocalCMCTests" time="0.001"/>
  <testcase name="TestALotOfAdding" classname="LocalCMCTests" time="0.0"/>
  <testcase name="TestALotOfAdding" classname="LocalCMCTests" time="0.001"/>
  <testcase name="TestALotOfAdding" classname="LocalCMCTests" time="0.002"/>
  <testcase name="TestALotOfAdding" classname="LocalCMCTests" time="0.001"/>
  <testcase name="TestALotOfAdding" classname="LocalCMCTests" time="0.001"/>
  <testcase name="TestALotOfAdding" classname="LocalCMCTests" time="0.0"/>
  <testcase name="TestALotOfAdding" classname="LocalCMCTests" time="0.001"/>
  <testcase name="TestALotOfAdding" classname="LocalCMCTests" time="0.0"/>
  <testcase name="TestALotOfAdding" classname="LocalCMCTests" time="0.0"/>
  <testcase name="TestALotOfAdding" classname="LocalCMCTests" time="0.0"/>
  <testcase name="TestALotOfAdding" classname="LocalCMCTests" time="0.001"/>
  <testcase name="TestALotOfAdding" classname="LocalCMCTests" time="0.0"/>
  <testcase name="TestALotOfAdding" classname="LocalCMCTests" time="0.0"/>
  <testcase name="TestALotOfAdding" classname="LocalCMCTests" time="0.001"/>
  <testcase name="TestALotOfAdding" classname="LocalCMCTests" time="0.0"/>
  <testcase name="TestALotOfAdding" classname="LocalCMCTests" time="0.0"/>
  <testcase name="TestALotOfAdding" classname="LocalCMCTests" time="0.0"/>
  <testcase name="TestALotOfAdding" classname="LocalCMCTests" time="0.001"/>
  <testcase name="TestALotOfAdding" classname="LocalCMCTests" time="0.0"/>
  <testcase name="TestALotOfAdding" classname="LocalCMCTests" time="0.001"/>
  <testcase name="TestALotOfAdding" classname="LocalCMCTests" time="0.0"/>
  <testcase name="TestALotOfAdding" classname="LocalCMCTests" time="0.0"/>
  <testcase name="TestALotOfAdding" classname="LocalCMCTests" time="0.0"/>
  <testcase name="TestALotOfAdding" classname="LocalCMCTests" time="0.001"/>
  <testcase name="TestALotOfAdding" classname="LocalCMCTests" time="0.002"/>
  <testcase name="TestALotOfAdding" classname="LocalCMCTests" time="0.0"/>
  <testcase name="TestALotOfAdding" classname="LocalCMCTests" time="0.0"/>
  <testcase name="TestALotOfAdding" classname="LocalCMCTests" time="0.0"/>
  <testcase name="TestALotOfAdding" classname="LocalCMCTests" time="0.002"/>
  <testcase name="TestALotOfAdding" classname="LocalCMCTests" time="0.001"/>
  <testcase name="TestALotOfAdding" classname="LocalCMCTests" time="0.001"/>
  <testcase name="TestALotOfAdding" classname="LocalCMCTests" time="0.001"/>
  <testcase name="TestALotOfAdding" classname="LocalCMCTests" time="0.0"/>
  <testcase name="TestALotOfAdding" classname="LocalCMCTests" time="0.001"/>
  <testcase name="TestALotOfAdding" classname="LocalCMCTests" time="0.001"/>
  <testcase name="TestALotOfAdding" classname="LocalCMCTests" time="0.0"/>
  <testcase name="TestALotOfAdding" classname="LocalCMCTests" time="0.001"/>
  <testcase name="TestALotOfAdding" classname="LocalCMCTests" time="0.0"/>
  <testcase name="TestALotOfAdding" classname="LocalCMCTests" time="0.001"/>
  <testcase name="TestALotOfAdding" classname="LocalCMCTests" time="0.001"/>
  <testcase name="TestALotOfAdding" classname="LocalCMCTests" time="0.001"/>
  <testcase name="TestALotOfAdding" classname="LocalCMCTests" time="0.001"/>
  <testcase name="TestALotOfAdding" classname="LocalCMCTests" time="0.001"/>
  <testcase name="TestALotOfAdding" classname="LocalCMCTests" time="0.0"/>
  <testcase name="TestALotOfAdding" classname="LocalCMCTests" time="0.0"/>
  <testcase name="TestALotOfAdding" classname="LocalCMCTests" time="0.0"/>
  <testcase name="TestALotOfAdding" classname="LocalCMCTests" time="0.0"/>
  <testcase name="TestALotOfAdding" classname="LocalCMCTests" time="0.001"/>
  <testcase name="TestALotOfAdding" classname="LocalCMCTests" time="0.0"/>
  <testcase name="TestALotOfAdding" classname="LocalCMCTests" time="0.0"/>
  <testcase name="TestALotOfAdding" classname="LocalCMCTests" time="0.001"/>
  <testcase name="TestALotOfAdding" classname="LocalCMCTests" time="0.001"/>
  <testcase name="TestALotOfAdding" classname="LocalCMCTests" time="0.001"/>
  <testcase name="TestALotOfAdding" classname="LocalCMCTests" time="0.001"/>
  <testcase name="TestALotOfAdding" classname="LocalCMCTests" time="0.0"/>
  <testcase name="TestALotOfAdding" classname="LocalCMCTests" time="0.001"/>
  <testcase name="TestALotOfAdding" classname="LocalCMCTests" time="0.0"/>
  <testcase name="TestALotOfAdding" classname="LocalCMCTests" time="0.0"/>
  <testcase name="TestALotOfAdding" classname="LocalCMCTests" time="0.001"/>
  <testcase name="TestALotOfAdding" classname="LocalCMCTests" time="0.0"/>
  <testcase name="TestALotOfAdding" classname="LocalCMCTests" time="0.0"/>
  <testcase name="TestALotOfAdding" classname="LocalCMCTests" time="0.001"/>
  <testcase name="TestALotOfAdding" classname="LocalCMCTests" time="0.001"/>
  <testcase name="TestALotOfAdding" classname="LocalCMCTests" time="0.0"/>
  <testcase name="TestALotOfAdding" classname="LocalCMCTests" time="0.0"/>
  <testcase name="TestALotOfAdding" classname="LocalCMCTests" time="0.0"/>
  <testcase name="TestALotOfAdding" classname="LocalCMCTests" time="0.001"/>
  <testcase name="TestALotOfAdding" classname="LocalCMCTests" time="0.001"/>
  <testcase name="TestALotOfAdding" classname="LocalCMCTests" time="0.001"/>
  <testcase name="TestALotOfAdding" classname="LocalCMCTests" time="0.002"/>
  <testcase name="TestALotOfAdding" classname="LocalCMCTests" time="0.0"/>
  <testcase name="TestALotOfAdding" classname="LocalCMCTests" time="0.001"/>
  <testcase name="TestALotOfAdding" classname="LocalCMCTests" time="0.0"/>
  <testcase name="TestALotOfAdding" classname="LocalCMCTests" time="0.0"/>
  <testcase name="TestALotOfAdding" classname="LocalCMCTests" time="0.0"/>
  <testcase name="TestALotOfAdding" classname="LocalCMCTests" time="0.001"/>
  <testcase name="TestALotOfAdding" classname="LocalCMCTests" time="0.0"/>
  <testcase name="TestALotOfAdding" classname="LocalCMCTests" time="0.0"/>
  <testcase name="TestALotOfAdding" classname="LocalCMCTests" time="0.001"/>
  <testcase name="TestALotOfAdding" classname="LocalCMCTests" time="0.001"/>
  <testcase name="TestALotOfAdding" classname="LocalCMCTests" time="0.001"/>
  <testcase name="TestALotOfAdding" classname="LocalCMCTests" time="0.0"/>
  <testcase name="TestALotOfAdding" classname="LocalCMCTests" time="0.0"/>
  <testcase name="TestALotOfAdding" classname="LocalCMCTests" time="0.0"/>
  <testcase name="TestALotOfAdding" classname="LocalCMCTests" time="0.001"/>
  <testcase name="TestALotOfAdding" classname="LocalCMCTests" time="0.001"/>
  <testcase name="TestALotOfAdding" classname="LocalCMCTests" time="0.0"/>
  <testcase name="TestALotOfAdding" classname="LocalCMCTests" time="0.001"/>
  <testcase name="TestALotOfAdding" classname="LocalCMCTests" time="0.001"/>
  <testcase name="TestALotOfAdding" classname="LocalCMCTests" time="0.0"/>
  <testcase name="TestALotOfAdding" classname="LocalCMCTests" time="0.001"/>
  <testcase name="TestALotOfAdding" classname="LocalCMCTests" time="0.0"/>
  <testcase name="TestALotOfAdding" classname="LocalCMCTests" time="0.0"/>
  <testcase name="TestALotOfAdding" classname="LocalCMCTests" time="0.001"/>
  <testcase name="TestALotOfAdding" classname="LocalCMCTests" time="0.0"/>
  <testcase name="TestALotOfAdding" classname="LocalCMCTests" time="0.0"/>
  <testcase name="TestALotOfAdding" classname="LocalCMCTests" time="0.001"/>
  <testcase name="TestALotOfAdding" classname="LocalCMCTests" time="0.0"/>
  <testcase name="TestALotOfAdding" classname="LocalCMCTests" time="0.0"/>
  <testcase name="TestALotOfAdding" classname="LocalCMCTests" time="0.001"/>
  <testcase name="TestALotOfAdding" classname="LocalCMCTests" time="0.002"/>
  <testcase name="TestALotOfAdding" classname="LocalCMCTests" time="0.001"/>
  <testcase name="TestALotOfAdding" classname="LocalCMCTests" time="0.0"/>
  <testcase name="TestALotOfAdding" classname="LocalCMCTests" time="0.001"/>
  <testcase name="TestALotOfAdding" classname="LocalCMCTests" time="0.001"/>
  <testcase name="TestALotOfAdding" classname="LocalCMCTests" time="0.001"/>
  <testcase name="TestALotOfAdding" classname="LocalCMCTests" time="0.001"/>
  <testcase name="TestALotOfAdding" classname="LocalCMCTests" time="0.0"/>
  <testcase name="TestALotOfAdding" classname="LocalCMCTests" time="0.001"/>
  <testcase name="TestALotOfAdding" classname="LocalCMCTests" time="0.002"/>
  <testcase name="TestALotOfAdding" classname="LocalCMCTests" time="0.0"/>
  <testcase name="TestALotOfAdding" classname="LocalCMCTests" time="0.0"/>
  <testcase name="TestALotOfAdding" classname="LocalCMCTests" time="0.0"/>
  <testcase name="TestALotOfAdding" classname="LocalCMCTests" time="0.0"/>
  <testcase name="TestALotOfAdding" classname="LocalCMCTests" time="0.001"/>
  <testcase name="TestALotOfAdding" classname="LocalCMCTests" time="0.0"/>
  <testcase name="TestALotOfAdding" classname="LocalCMCTests" time="0.001"/>
  <testcase name="TestALotOfAdding" classname="LocalCMCTests" time="0.001"/>
  <testcase name="TestALotOfAdding" classname="LocalCMCTests" time="0.001"/>
  <testcase name="TestALotOfAdding" classname="LocalCMCTests" time="0.0"/>
  <testcase name="TestALotOfAdding" classname="LocalCMCTests" time="0.001"/>
  <testcase name="TestALotOfAdding" classname="LocalCMCTests" time="0.001"/>
  <testcase name="TestALotOfAdding" classname="LocalCMCTests" time="0.001"/>
  <testcase name="TestALotOfAdding" classname="LocalCMCTests" time="0.0"/>
  <testcase name="TestALotOfAdding" classname="LocalCMCTests" time="0.001"/>
  <testcase name="TestALotOfAdding" classname="LocalCMCTests" time="0.0"/>
  <testcase name="TestALotOfAdding" classname="LocalCMCTests" time="0.0"/>
  <testcase name="TestALotOfAdding" classname="LocalCMCTests" time="0.0"/>
  <testcase name="TestALotOfAdding" classname="LocalCMCTests" time="0.0"/>
  <testcase name="TestALotOfAdding" classname="LocalCMCTests" time="0.0"/>
  <testcase name="TestALotOfAdding" classname="LocalCMCTests" time="0.001"/>
  <testcase name="TestALotOfAdding" classname="LocalCMCTests" time="0.002"/>
  <testcase name="TestALotOfAdding" classname="LocalCMCTests" time="0.0"/>
  <testcase name="TestALotOfAdding" classname="LocalCMCTests" time="0.001"/>
  <testcase name="TestALotOfAdding" classname="LocalCMCTests" time="0.0"/>
  <testcase name="TestALotOfAdding" classname="LocalCMCTests" time="0.001"/>
  <testcase name="TestALotOfAdding" classname="LocalCMCTests" time="0.001"/>
  <testcase name="TestALotOfAdding" classname="LocalCMCTests" time="0.001"/>
  <testcase name="TestALotOfAdding" classname="LocalCMCTests" time="0.001"/>
  <testcase name="TestALotOfAdding" classname="LocalCMCTests" time="0.001"/>
  <testcase name="TestALotOfAdding" classname="LocalCMCTests" time="0.0"/>
  <testcase name="TestALotOfAdding" classname="LocalCMCTests" time="0.001"/>
  <testcase name="TestALotOfAdding" classname="LocalCMCTests" time="0.0"/>
  <testcase name="TestALotOfAdding" classname="LocalCMCTests" time="0.0"/>
  <testcase name="TestALotOfAdding" classname="LocalCMCTests" time="0.0"/>
  <testcase name="TestALotOfAdding" classname="LocalCMCTests" time="0.0"/>
  <testcase name="TestALotOfAdding" classname="LocalCMCTests" time="0.0"/>
  <testcase name="TestALotOfAdding" classname="LocalCMCTests" time="0.026"/>
  <testcase name="TestALotOfAdding" classname="LocalCMCTests" time="0.0"/>
  <testcase name="TestALotOfAdding" classname="LocalCMCTests" time="0.001"/>
  <testcase name="TestALotOfAdding" classname="LocalCMCTests" time="0.001"/>
  <testcase name="TestALotOfAdding" classname="LocalCMCTests" time="0.001"/>
  <testcase name="TestALotOfAdding" classname="LocalCMCTests" time="0.0"/>
  <testcase name="TestALotOfAdding" classname="LocalCMCTests" time="0.001"/>
  <testcase name="TestALotOfAdding" classname="LocalCMCTests" time="0.0"/>
  <testcase name="TestALotOfAdding" classname="LocalCMCTests" time="0.0"/>
  <testcase name="TestALotOfAdding" classname="LocalCMCTests" time="0.001"/>
  <testcase name="TestALotOfAdding" classname="LocalCMCTests" time="0.0"/>
  <testcase name="TestALotOfAdding" classname="LocalCMCTests" time="0.001"/>
  <testcase name="TestALotOfAdding" classname="LocalCMCTests" time="0.0"/>
  <testcase name="TestALotOfAdding" classname="LocalCMCTests" time="0.001"/>
  <testcase name="TestALotOfAdding" classname="LocalCMCTests" time="0.001"/>
  <testcase name="TestALotOfAdding" classname="LocalCMCTests" time="0.001"/>
  <testcase name="TestALotOfAdding" classname="LocalCMCTests" time="0.001"/>
  <testcase name="TestALotOfAdding" classname="LocalCMCTests" time="0.0"/>
  <testcase name="TestALotOfAdding" classname="LocalCMCTests" time="0.0"/>
  <testcase name="TestALotOfAdding" classname="LocalCMCTests" time="0.001"/>
  <testcase name="TestALotOfAdding" classname="LocalCMCTests" time="0.001"/>
  <testcase name="TestALotOfAdding" classname="LocalCMCTests" time="0.001"/>
  <testcase name="TestALotOfAdding" classname="LocalCMCTests" time="0.001"/>
  <testcase name="TestALotOfAdding" classname="LocalCMCTests" time="0.001"/>
  <testcase name="TestALotOfAdding" classname="LocalCMCTests" time="0.001"/>
  <testcase name="TestALotOfAdding" classname="LocalCMCTests" time="0.0"/>
  <testcase name="TestALotOfAdding" classname="LocalCMCTests" time="0.0"/>
  <testcase name="TestALotOfAdding" classname="LocalCMCTests" time="0.0"/>
  <testcase name="TestALotOfAdding" classname="LocalCMCTests" time="0.0"/>
  <testcase name="TestALotOfAdding" classname="LocalCMCTests" time="0.0"/>
  <testcase name="TestALotOfAdding" classname="LocalCMCTests" time="0.001"/>
  <testcase name="TestALotOfAdding" classname="LocalCMCTests" time="0.001"/>
  <testcase name="TestALotOfAdding" classname="LocalCMCTests" time="0.0"/>
  <testcase name="TestALotOfAdding" classname="LocalCMCTests" time="0.0"/>
  <testcase name="TestALotOfAdding" classname="LocalCMCTests" time="0.002"/>
  <testcase name="TestALotOfAdding" classname="LocalCMCTests" time="0.002"/>
  <testcase name="TestALotOfAdding" classname="LocalCMCTests" time="0.001"/>
  <testcase name="TestALotOfAdding" classname="LocalCMCTests" time="0.001"/>
  <testcase name="TestALotOfAdding" classname="LocalCMCTests" time="0.0"/>
  <testcase name="TestALotOfAdding" classname="LocalCMCTests" time="0.001"/>
  <testcase name="TestALotOfAdding" classname="LocalCMCTests" time="0.001"/>
  <testcase name="TestALotOfAdding" classname="LocalCMCTests" time="0.0"/>
  <testcase name="TestALotOfAdding" classname="LocalCMCTests" time="0.001"/>
  <testcase name="TestALotOfAdding" classname="LocalCMCTests" time="0.001"/>
  <testcase name="TestALotOfAdding" classname="LocalCMCTests" time="0.0"/>
  <testcase name="TestALotOfAdding" classname="LocalCMCTests" time="0.001"/>
  <testcase name="TestALotOfAdding" classname="LocalCMCTests" time="0.0"/>
  <testcase name="TestALotOfAdding" classname="LocalCMCTests" time="0.0"/>
  <testcase name="TestALotOfAdding" classname="LocalCMCTests" time="0.0"/>
  <testcase name="TestALotOfAdding" classname="LocalCMCTests" time="0.0"/>
  <testcase name="TestALotOfAdding" classname="LocalCMCTests" time="0.001"/>
  <testcase name="TestALotOfAdding" classname="LocalCMCTests" time="0.001"/>
  <testcase name="TestALotOfAdding" classname="LocalCMCTests" time="0.001"/>
  <testcase name="TestALotOfAdding" classname="LocalCMCTests" time="0.001"/>
  <testcase name="TestALotOfAdding" classname="LocalCMCTests" time="0.0"/>
  <testcase name="TestALotOfAdding" classname="LocalCMCTests" time="0.001"/>
  <testcase name="TestALotOfAdding" classname="LocalCMCTests" time="0.0"/>
  <testcase name="TestALotOfAdding" classname="LocalCMCTests" time="0.002"/>
  <testcase name="TestALotOfAdding" classname="LocalCMCTests" time="0.0"/>
  <testcase name="TestALotOfAdding" classname="LocalCMCTests" time="0.0"/>
  <testcase name="TestALotOfAdding" classname="LocalCMCTests" time="0.0"/>
  <testcase name="TestALotOfAdding" classname="LocalCMCTests" time="0.0"/>
  <testcase name="TestALotOfAdding" classname="LocalCMCTests" time="0.001"/>
  <testcase name="TestALotOfAdding" classname="LocalCMCTests" time="0.001"/>
  <testcase name="TestALotOfAdding" classname="LocalCMCTests" time="0.001"/>
  <testcase name="TestALotOfAdding" classname="LocalCMCTests" time="0.002"/>
  <testcase name="TestALotOfAdding" classname="LocalCMCTests" time="0.0"/>
  <testcase name="TestALotOfAdding" classname="LocalCMCTests" time="0.001"/>
  <testcase name="TestALotOfAdding" classname="LocalCMCTests" time="0.0"/>
  <testcase name="TestALotOfAdding" classname="LocalCMCTests" time="0.001"/>
  <testcase name="TestALotOfAdding" classname="LocalCMCTests" time="0.001"/>
  <testcase name="TestALotOfAdding" classname="LocalCMCTests" time="0.002"/>
  <testcase name="TestALotOfAdding" classname="LocalCMCTests" time="0.0"/>
  <testcase name="TestALotOfAdding" classname="LocalCMCTests" time="0.001"/>
  <testcase name="TestALotOfAdding" classname="LocalCMCTests" time="0.0"/>
  <testcase name="TestALotOfAdding" classname="LocalCMCTests" time="0.0"/>
  <testcase name="TestALotOfAdding" classname="LocalCMCTests" time="0.0"/>
  <testcase name="TestALotOfAdding" classname="LocalCMCTests" time="0.001"/>
  <testcase name="TestALotOfAdding" classname="LocalCMCTests" time="0.0"/>
  <testcase name="TestALotOfAdding" classname="LocalCMCTests" time="0.002"/>
  <testcase name="TestALotOfAdding" classname="LocalCMCTests" time="0.001"/>
  <testcase name="TestALotOfAdding" classname="LocalCMCTests" time="0.001"/>
  <testcase name="TestALotOfAdding" classname="LocalCMCTests" time="0.002"/>
  <testcase name="TestALotOfAdding" classname="LocalCMCTests" time="0.001"/>
  <testcase name="TestALotOfAdding" classname="LocalCMCTests" time="0.001"/>
  <testcase name="TestALotOfAdding" classname="LocalCMCTests" time="0.001"/>
  <testcase name="TestALotOfAdding" classname="LocalCMCTests" time="0.0"/>
  <testcase name="TestALotOfAdding" classname="LocalCMCTests" time="0.001"/>
  <testcase name="TestALotOfAdding" classname="LocalCMCTests" time="0.001"/>
  <testcase name="TestALotOfAdding" classname="LocalCMCTests" time="0.0"/>
  <testcase name="TestALotOfAdding" classname="LocalCMCTests" time="0.0"/>
  <testcase name="TestALotOfAdding" classname="LocalCMCTests" time="0.0"/>
  <testcase name="TestALotOfAdding" classname="LocalCMCTests" time="0.0"/>
  <testcase name="TestALotOfAdding" classname="LocalCMCTests" time="0.0"/>
  <testcase name="TestALotOfAdding" classname="LocalCMCTests" time="0.0"/>
  <testcase name="TestALotOfAdding" classname="LocalCMCTests" time="0.0"/>
  <testcase name="TestALotOfAdding" classname="LocalCMCTests" time="0.0"/>
  <testcase name="TestALotOfAdding" classname="LocalCMCTests" time="0.001"/>
  <testcase name="TestALotOfAdding" classname="LocalCMCTests" time="0.0"/>
  <testcase name="TestALotOfAdding" classname="LocalCMCTests" time="0.001"/>
  <testcase name="TestALotOfAdding" classname="LocalCMCTests" time="0.0"/>
  <testcase name="TestALotOfAdding" classname="LocalCMCTests" time="0.001"/>
  <testcase name="TestALotOfAdding" classname="LocalCMCTests" time="0.0"/>
  <testcase name="TestALotOfAdding" classname="LocalCMCTests" time="0.001"/>
  <testcase name="TestALotOfAdding" classname="LocalCMCTests" time="0.001"/>
  <testcase name="TestALotOfAdding" classname="LocalCMCTests" time="0.002"/>
  <testcase name="TestALotOfAdding" classname="LocalCMCTests" time="0.001"/>
  <testcase name="TestALotOfAdding" classname="LocalCMCTests" time="0.0"/>
  <testcase name="TestALotOfAdding" classname="LocalCMCTests" time="0.0"/>
  <testcase name="TestALotOfAdding" classname="LocalCMCTests" time="0.001"/>
  <testcase name="TestALotOfAdding" classname="LocalCMCTests" time="0.0"/>
  <testcase name="TestALotOfAdding" classname="LocalCMCTests" time="0.001"/>
  <testcase name="TestALotOfAdding" classname="LocalCMCTests" time="0.0"/>
  <testcase name="TestALotOfAdding" classname="LocalCMCTests" time="0.0"/>
  <testcase name="TestALotOfAdding" classname="LocalCMCTests" time="0.001"/>
  <testcase name="TestALotOfAdding" classname="LocalCMCTests" time="0.0"/>
  <testcase name="TestALotOfAdding" classname="LocalCMCTests" time="0.0"/>
  <testcase name="TestALotOfAdding" classname="LocalCMCTests" time="0.0"/>
  <testcase name="TestALotOfAdding" classname="LocalCMCTests" time="0.001"/>
  <testcase name="TestALotOfAdding" classname="LocalCMCTests" time="0.001"/>
  <testcase name="TestALotOfAdding" classname="LocalCMCTests" time="0.0"/>
  <testcase name="TestALotOfAdding" classname="LocalCMCTests" time="0.001"/>
  <testcase name="TestALotOfAdding" classname="LocalCMCTests" time="0.001"/>
  <testcase name="TestALotOfAdding" classname="LocalCMCTests" time="0.0"/>
  <testcase name="TestALotOfAdding" classname="LocalCMCTests" time="0.001"/>
  <testcase name="TestALotOfAdding" classname="LocalCMCTests" time="0.0"/>
  <testcase name="TestALotOfAdding" classname="LocalCMCTests" time="0.0"/>
  <testcase name="TestALotOfAdding" classname="LocalCMCTests" time="0.002"/>
  <testcase name="TestALotOfAdding" classname="LocalCMCTests" time="0.001"/>
  <testcase name="TestALotOfAdding" classname="LocalCMCTests" time="0.002"/>
  <testcase name="TestALotOfAdding" classname="LocalCMCTests" time="0.001"/>
  <testcase name="TestALotOfAdding" classname="LocalCMCTests" time="0.0"/>
  <testcase name="TestALotOfAdding" classname="LocalCMCTests" time="0.0"/>
  <testcase name="TestALotOfAdding" classname="LocalCMCTests" time="0.001"/>
  <testcase name="TestALotOfAdding" classname="LocalCMCTests" time="0.001"/>
  <testcase name="TestALotOfAdding" classname="LocalCMCTests" time="0.0"/>
  <testcase name="TestALotOfAdding" classname="LocalCMCTests" time="0.0"/>
  <testcase name="TestALotOfAdding" classname="LocalCMCTests" time="0.0"/>
  <testcase name="TestALotOfAdding" classname="LocalCMCTests" time="0.001"/>
  <testcase name="TestALotOfAdding" classname="LocalCMCTests" time="0.001"/>
  <testcase name="TestALotOfAdding" classname="LocalCMCTests" time="0.002"/>
  <testcase name="TestALotOfAdding" classname="LocalCMCTests" time="0.0"/>
  <testcase name="TestALotOfAdding" classname="LocalCMCTests" time="0.0"/>
  <testcase name="TestALotOfAdding" classname="LocalCMCTests" time="0.0"/>
  <testcase name="TestALotOfAdding" classname="LocalCMCTests" time="0.0"/>
  <testcase name="TestALotOfAdding" classname="LocalCMCTests" time="0.0"/>
  <testcase name="TestALotOfAdding" classname="LocalCMCTests" time="0.001"/>
  <testcase name="TestALotOfAdding" classname="LocalCMCTests" time="0.001"/>
  <testcase name="TestALotOfAdding" classname="LocalCMCTests" time="0.002"/>
  <testcase name="TestALotOfAdding" classname="LocalCMCTests" time="0.0"/>
  <testcase name="TestALotOfAdding" classname="LocalCMCTests" time="0.0"/>
  <testcase name="TestALotOfAdding" classname="LocalCMCTests" time="0.001"/>
  <testcase name="TestALotOfAdding" classname="LocalCMCTests" time="0.0"/>
  <testcase name="TestALotOfAdding" classname="LocalCMCTests" time="0.0"/>
  <testcase name="TestALotOfAdding" classname="LocalCMCTests" time="0.001"/>
  <testcase name="TestALotOfAdding" classname="LocalCMCTests" time="0.0"/>
  <testcase name="TestALotOfAdding" classname="LocalCMCTests" time="0.0"/>
  <testcase name="TestALotOfAdding" classname="LocalCMCTests" time="0.0"/>
  <testcase name="TestALotOfAdding" classname="LocalCMCTests" time="0.0"/>
  <testcase name="TestALotOfAdding" classname="LocalCMCTests" time="0.0"/>
  <testcase name="TestALotOfAdding" classname="LocalCMCTests" time="0.001"/>
  <testcase name="TestALotOfAdding" classname="LocalCMCTests" time="0.002"/>
  <testcase name="TestALotOfAdding" classname="LocalCMCTests" time="0.002"/>
  <testcase name="TestALotOfAdding" classname="LocalCMCTests" time="0.002"/>
  <testcase name="TestALotOfAdding" classname="LocalCMCTests" time="0.0"/>
  <testcase name="TestALotOfAdding" classname="LocalCMCTests" time="0.0"/>
  <testcase name="TestALotOfAdding" classname="LocalCMCTests" time="0.0"/>
  <testcase name="TestALotOfAdding" classname="LocalCMCTests" time="0.002"/>
  <testcase name="TestALotOfAdding" classname="LocalCMCTests" time="0.001"/>
  <testcase name="TestALotOfAdding" classname="LocalCMCTests" time="0.001"/>
  <testcase name="TestALotOfAdding" classname="LocalCMCTests" time="0.001"/>
  <testcase name="TestALotOfAdding" classname="LocalCMCTests" time="0.0"/>
  <testcase name="TestALotOfAdding" classname="LocalCMCTests" time="0.001"/>
  <testcase name="TestALotOfAdding" classname="LocalCMCTests" time="0.002"/>
  <testcase name="TestALotOfAdding" classname="LocalCMCTests" time="0.0"/>
  <testcase name="TestALotOfAdding" classname="LocalCMCTests" time="0.001"/>
  <testcase name="TestALotOfAdding" classname="LocalCMCTests" time="0.001"/>
  <testcase name="TestALotOfAdding" classname="LocalCMCTests" time="0.001"/>
  <testcase name="TestALotOfAdding" classname="LocalCMCTests" time="0.001"/>
  <testcase name="TestALotOfAdding" classname="LocalCMCTests" time="0.001"/>
  <testcase name="TestALotOfAdding" classname="LocalCMCTests" time="0.001"/>
  <testcase name="TestALotOfAdding" classname="LocalCMCTests" time="0.0"/>
  <testcase name="TestALotOfAdding" classname="LocalCMCTests" time="0.001"/>
  <testcase name="TestALotOfAdding" classname="LocalCMCTests" time="0.0"/>
  <testcase name="TestALotOfAdding" classname="LocalCMCTests" time="0.001"/>
  <testcase name="TestALotOfAdding" classname="LocalCMCTests" time="0.0"/>
  <testcase name="TestALotOfAdding" classname="LocalCMCTests" time="0.0"/>
  <testcase name="TestALotOfAdding" classname="LocalCMCTests" time="0.0"/>
  <testcase name="TestALotOfAdding" classname="LocalCMCTests" time="0.001"/>
  <testcase name="TestALotOfAdding" classname="LocalCMCTests" time="0.001"/>
  <testcase name="TestALotOfAdding" classname="LocalCMCTests" time="0.0"/>
  <testcase name="TestALotOfAdding" classname="LocalCMCTests" time="0.002"/>
  <testcase name="TestALotOfAdding" classname="LocalCMCTests" time="0.001"/>
  <testcase name="TestALotOfAdding" classname="LocalCMCTests" time="0.001"/>
  <testcase name="TestALotOfAdding" classname="LocalCMCTests" time="0.001"/>
  <testcase name="TestALotOfAdding" classname="LocalCMCTests" time="0.001"/>
  <testcase name="TestALotOfAdding" classname="LocalCMCTests" time="0.0"/>
  <testcase name="TestALotOfAdding" classname="LocalCMCTests" time="0.0"/>
  <testcase name="TestALotOfAdding" classname="LocalCMCTests" time="0.0"/>
  <testcase name="TestALotOfAdding" classname="LocalCMCTests" time="0.0"/>
  <testcase name="TestALotOfAdding" classname="LocalCMCTests" time="0.001"/>
  <testcase name="TestALotOfAdding" classname="LocalCMCTests" time="0.001"/>
  <testcase name="TestALotOfAdding" classname="LocalCMCTests" time="0.001"/>
  <testcase name="TestALotOfAdding" classname="LocalCMCTests" time="0.0"/>
  <testcase name="TestALotOfAdding" classname="LocalCMCTests" time="0.0"/>
  <testcase name="TestALotOfAdding" classname="LocalCMCTests" time="0.001"/>
  <testcase name="TestALotOfAdding" classname="LocalCMCTests" time="0.001"/>
  <testcase name="TestALotOfAdding" classname="LocalCMCTests" time="0.0"/>
  <testcase name="TestALotOfAdding" classname="LocalCMCTests" time="0.001"/>
  <testcase name="TestALotOfAdding" classname="LocalCMCTests" time="0.003"/>
  <testcase name="TestALotOfAdding" classname="LocalCMCTests" time="0.0"/>
  <testcase name="TestALotOfAdding" classname="LocalCMCTests" time="0.001"/>
  <testcase name="TestALotOfAdding" classname="LocalCMCTests" time="0.0"/>
  <testcase name="TestALotOfAdding" classname="LocalCMCTests" time="0.0"/>
  <testcase name="TestALotOfAdding" classname="LocalCMCTests" time="0.0"/>
  <testcase name="TestALotOfAdding" classname="LocalCMCTests" time="0.0"/>
  <testcase name="TestALotOfAdding" classname="LocalCMCTests" time="0.0"/>
  <testcase name="TestALotOfAdding" classname="LocalCMCTests" time="0.0"/>
  <testcase name="TestALotOfAdding" classname="LocalCMCTests" time="0.0"/>
  <testcase name="TestALotOfAdding" classname="LocalCMCTests" time="0.0"/>
  <testcase name="TestALotOfAdding" classname="LocalCMCTests" time="0.001"/>
  <testcase name="TestALotOfAdding" classname="LocalCMCTests" time="0.002"/>
  <testcase name="TestALotOfAdding" classname="LocalCMCTests" time="0.002"/>
  <testcase name="TestALotOfAdding" classname="LocalCMCTests" time="0.003"/>
  <testcase name="TestALotOfAdding" classname="LocalCMCTests" time="0.0"/>
  <testcase name="TestALotOfAdding" classname="LocalCMCTests" time="0.0"/>
  <testcase name="TestALotOfAdding" classname="LocalCMCTests" time="0.0"/>
  <testcase name="TestALotOfAdding" classname="LocalCMCTests" time="0.0"/>
  <testcase name="TestALotOfAdding" classname="LocalCMCTests" time="0.001"/>
  <testcase name="TestALotOfAdding" classname="LocalCMCTests" time="0.001"/>
  <testcase name="TestALotOfAdding" classname="LocalCMCTests" time="0.001"/>
  <testcase name="TestALotOfAdding" classname="LocalCMCTests" time="0.001"/>
  <testcase name="TestALotOfAdding" classname="LocalCMCTests" time="0.0"/>
  <testcase name="TestALotOfAdding" classname="LocalCMCTests" time="0.001"/>
  <testcase name="TestALotOfAdding" classname="LocalCMCTests" time="0.001"/>
  <testcase name="TestALotOfAdding" classname="LocalCMCTests" time="0.0"/>
  <testcase name="TestALotOfAdding" classname="LocalCMCTests" time="0.001"/>
  <testcase name="TestALotOfAdding" classname="LocalCMCTests" time="0.001"/>
  <testcase name="TestALotOfAdding" classname="LocalCMCTests" time="0.001"/>
  <testcase name="TestALotOfAdding" classname="LocalCMCTests" time="0.001"/>
  <testcase name="TestALotOfAdding" classname="LocalCMCTests" time="0.0"/>
  <testcase name="TestALotOfAdding" classname="LocalCMCTests" time="0.0"/>
  <testcase name="TestALotOfAdding" classname="LocalCMCTests" time="0.0"/>
  <testcase name="TestALotOfAdding" classname="LocalCMCTests" time="0.001"/>
  <testcase name="TestALotOfAdding" classname="LocalCMCTests" time="0.001"/>
  <testcase name="TestALotOfAdding" classname="LocalCMCTests" time="0.0"/>
  <testcase name="TestALotOfAdding" classname="LocalCMCTests" time="0.001"/>
  <testcase name="TestALotOfAdding" classname="LocalCMCTests" time="0.002"/>
  <testcase name="TestALotOfAdding" classname="LocalCMCTests" time="0.0"/>
  <testcase name="TestALotOfAdding" classname="LocalCMCTests" time="0.0"/>
  <testcase name="TestALotOfAdding" classname="LocalCMCTests" time="0.0"/>
  <testcase name="TestALotOfAdding" classname="LocalCMCTests" time="0.0"/>
  <testcase name="TestALotOfAdding" classname="LocalCMCTests" time="0.001"/>
  <testcase name="TestALotOfAdding" classname="LocalCMCTests" time="0.0"/>
  <testcase name="TestALotOfAdding" classname="LocalCMCTests" time="0.001"/>
  <testcase name="TestALotOfAdding" classname="LocalCMCTests" time="0.001"/>
  <testcase name="TestALotOfAdding" classname="LocalCMCTests" time="0.001"/>
  <testcase name="TestALotOfAdding" classname="LocalCMCTests" time="0.001"/>
  <testcase name="TestALotOfAdding" classname="LocalCMCTests" time="0.001"/>
  <testcase name="TestALotOfAdding" classname="LocalCMCTests" time="0.001"/>
  <testcase name="TestALotOfAdding" classname="LocalCMCTests" time="0.0"/>
  <testcase name="TestALotOfAdding" classname="LocalCMCTests" time="0.001"/>
  <testcase name="TestALotOfAdding" classname="LocalCMCTests" time="0.0"/>
  <testcase name="TestALotOfAdding" classname="LocalCMCTests" time="0.001"/>
  <testcase name="TestALotOfAdding" classname="LocalCMCTests" time="0.0"/>
  <testcase name="TestALotOfAdding" classname="LocalCMCTests" time="0.0"/>
  <testcase name="TestALotOfAdding" classname="LocalCMCTests" time="0.001"/>
  <testcase name="TestALotOfAdding" classname="LocalCMCTests" time="0.0"/>
  <testcase name="TestALotOfAdding" classname="LocalCMCTests" time="0.001"/>
  <testcase name="TestALotOfAdding" classname="LocalCMCTests" time="0.001"/>
  <testcase name="TestALotOfAdding" classname="LocalCMCTests" time="0.001"/>
  <testcase name="TestALotOfAdding" classname="LocalCMCTests" time="0.001"/>
  <testcase name="TestALotOfAdding" classname="LocalCMCTests" time="0.001"/>
  <testcase name="TestALotOfAdding" classname="LocalCMCTests" time="0.0"/>
  <testcase name="TestALotOfAdding" classname="LocalCMCTests" time="0.001"/>
  <testcase name="TestALotOfAdding" classname="LocalCMCTests" time="0.0"/>
  <testcase name="TestALotOfAdding" classname="LocalCMCTests" time="0.001"/>
  <testcase name="TestALotOfAdding" classname="LocalCMCTests" time="0.001"/>
  <testcase name="TestALotOfAdding" classname="LocalCMCTests" time="0.0"/>
  <testcase name="TestALotOfAdding" classname="LocalCMCTests" time="0.001"/>
  <testcase name="TestALotOfAdding" classname="LocalCMCTests" time="0.0"/>
  <testcase name="TestALotOfAdding" classname="LocalCMCTests" time="0.0"/>
  <testcase name="TestALotOfAdding" classname="LocalCMCTests" time="0.0"/>
  <testcase name="TestALotOfAdding" classname="LocalCMCTests" time="0.0"/>
  <testcase name="TestALotOfAdding" classname="LocalCMCTests" time="0.0"/>
  <testcase name="TestALotOfAdding" classname="LocalCMCTests" time="0.001"/>
  <testcase name="TestALotOfAdding" classname="LocalCMCTests" time="0.0"/>
  <testcase name="TestALotOfAdding" classname="LocalCMCTests" time="0.001"/>
  <testcase name="TestALotOfAdding" classname="LocalCMCTests" time="0.001"/>
  <testcase name="TestALotOfAdding" classname="LocalCMCTests" time="0.001"/>
  <testcase name="TestALotOfAdding" classname="LocalCMCTests" time="0.001"/>
  <testcase name="TestALotOfAdding" classname="LocalCMCTests" time="0.001"/>
  <testcase name="TestALotOfAdding" classname="LocalCMCTests" time="0.001"/>
  <testcase name="TestALotOfAdding" classname="LocalCMCTests" time="0.002"/>
  <testcase name="TestALotOfAdding" classname="LocalCMCTests" time="0.001"/>
  <testcase name="TestALotOfAdding" classname="LocalCMCTests" time="0.002"/>
  <testcase name="TestALotOfAdding" classname="LocalCMCTests" time="0.003"/>
  <testcase name="TestALotOfAdding" classname="LocalCMCTests" time="0.001"/>
  <testcase name="TestALotOfAdding" classname="LocalCMCTests" time="0.002"/>
  <testcase name="TestALotOfAdding" classname="LocalCMCTests" time="0.0"/>
  <testcase name="TestALotOfAdding" classname="LocalCMCTests" time="0.0"/>
  <testcase name="TestALotOfAdding" classname="LocalCMCTests" time="0.002"/>
  <testcase name="TestALotOfAdding" classname="LocalCMCTests" time="0.002"/>
  <testcase name="TestALotOfAdding" classname="LocalCMCTests" time="0.002"/>
  <testcase name="TestALotOfAdding" classname="LocalCMCTests" time="0.0"/>
  <testcase name="TestALotOfAdding" classname="LocalCMCTests" time="0.0"/>
  <testcase name="TestALotOfAdding" classname="LocalCMCTests" time="0.0"/>
  <testcase name="TestALotOfAdding" classname="LocalCMCTests" time="0.0"/>
  <testcase name="TestALotOfAdding" classname="LocalCMCTests" time="0.0"/>
  <testcase name="TestALotOfAdding" classname="LocalCMCTests" time="0.0"/>
  <testcase name="TestALotOfAdding" classname="LocalCMCTests" time="0.0"/>
  <testcase name="TestALotOfAdding" classname="LocalCMCTests" time="0.001"/>
  <testcase name="TestALotOfAdding" classname="LocalCMCTests" time="0.001"/>
  <testcase name="TestALotOfAdding" classname="LocalCMCTests" time="0.001"/>
  <testcase name="TestALotOfAdding" classname="LocalCMCTests" time="0.001"/>
  <testcase name="TestALotOfAdding" classname="LocalCMCTests" time="0.001"/>
  <testcase name="TestALotOfAdding" classname="LocalCMCTests" time="0.0"/>
  <testcase name="TestALotOfAdding" classname="LocalCMCTests" time="0.001"/>
  <testcase name="TestALotOfAdding" classname="LocalCMCTests" time="0.001"/>
  <testcase name="TestALotOfAdding" classname="LocalCMCTests" time="0.001"/>
  <testcase name="TestALotOfAdding" classname="LocalCMCTests" time="0.0"/>
  <testcase name="TestALotOfAdding" classname="LocalCMCTests" time="0.0"/>
  <testcase name="TestALotOfAdding" classname="LocalCMCTests" time="0.0"/>
  <testcase name="TestALotOfAdding" classname="LocalCMCTests" time="0.0"/>
  <testcase name="TestALotOfAdding" classname="LocalCMCTests" time="0.001"/>
  <testcase name="TestALotOfAdding" classname="LocalCMCTests" time="0.0"/>
  <testcase name="TestALotOfAdding" classname="LocalCMCTests" time="0.0"/>
  <testcase name="TestALotOfAdding" classname="LocalCMCTests" time="0.0"/>
  <testcase name="TestALotOfAdding" classname="LocalCMCTests" time="0.0"/>
  <testcase name="TestALotOfAdding" classname="LocalCMCTests" time="0.001"/>
  <testcase name="TestALotOfAdding" classname="LocalCMCTests" time="0.001"/>
  <testcase name="TestALotOfAdding" classname="LocalCMCTests" time="0.0"/>
  <testcase name="TestALotOfAdding" classname="LocalCMCTests" time="0.001"/>
  <testcase name="TestALotOfAdding" classname="LocalCMCTests" time="0.001"/>
  <testcase name="TestALotOfAdding" classname="LocalCMCTests" time="0.001"/>
  <testcase name="TestALotOfAdding" classname="LocalCMCTests" time="0.001"/>
  <testcase name="TestALotOfAdding" classname="LocalCMCTests" time="0.001"/>
  <testcase name="TestALotOfAdding" classname="LocalCMCTests" time="0.0"/>
  <testcase name="TestALotOfAdding" classname="LocalCMCTests" time="0.0"/>
  <testcase name="TestALotOfAdding" classname="LocalCMCTests" time="0.001"/>
  <testcase name="TestALotOfAdding" classname="LocalCMCTests" time="0.0"/>
  <testcase name="TestALotOfAdding" classname="LocalCMCTests" time="0.0"/>
  <testcase name="TestALotOfAdding" classname="LocalCMCTests" time="0.0"/>
  <testcase name="TestALotOfAdding" classname="LocalCMCTests" time="0.0"/>
  <testcase name="TestALotOfAdding" classname="LocalCMCTests" time="0.0"/>
  <testcase name="TestALotOfAdding" classname="LocalCMCTests" time="0.0"/>
  <testcase name="TestALotOfAdding" classname="LocalCMCTests" time="0.001"/>
  <testcase name="TestALotOfAdding" classname="LocalCMCTests" time="0.002"/>
  <testcase name="TestALotOfAdding" classname="LocalCMCTests" time="0.001"/>
  <testcase name="TestALotOfAdding" classname="LocalCMCTests" time="0.0"/>
  <testcase name="TestALotOfAdding" classname="LocalCMCTests" time="0.0"/>
  <testcase name="TestALotOfAdding" classname="LocalCMCTests" time="0.0"/>
  <testcase name="TestALotOfAdding" classname="LocalCMCTests" time="0.0"/>
  <testcase name="TestALotOfAdding" classname="LocalCMCTests" time="0.001"/>
  <testcase name="TestALotOfAdding" classname="LocalCMCTests" time="0.001"/>
  <testcase name="TestALotOfAdding" classname="LocalCMCTests" time="0.001"/>
  <testcase name="TestALotOfAdding" classname="LocalCMCTests" time="0.001"/>
  <testcase name="TestALotOfAdding" classname="LocalCMCTests" time="0.001"/>
  <testcase name="TestALotOfAdding" classname="LocalCMCTests" time="0.0"/>
  <testcase name="TestALotOfAdding" classname="LocalCMCTests" time="0.0"/>
  <testcase name="TestALotOfAdding" classname="LocalCMCTests" time="0.0"/>
  <testcase name="TestALotOfAdding" classname="LocalCMCTests" time="0.0"/>
  <testcase name="TestALotOfAdding" classname="LocalCMCTests" time="0.001"/>
  <testcase name="TestALotOfAdding" classname="LocalCMCTests" time="0.001"/>
  <testcase name="TestALotOfAdding" classname="LocalCMCTests" time="0.001"/>
  <testcase name="TestALotOfAdding" classname="LocalCMCTests" time="0.001"/>
  <testcase name="TestALotOfAdding" classname="LocalCMCTests" time="0.002"/>
  <testcase name="TestALotOfAdding" classname="LocalCMCTests" time="0.0"/>
  <testcase name="TestALotOfAdding" classname="LocalCMCTests" time="0.0"/>
  <testcase name="TestALotOfAdding" classname="LocalCMCTests" time="0.0"/>
  <testcase name="TestALotOfAdding" classname="LocalCMCTests" time="0.0"/>
  <testcase name="TestALotOfAdding" classname="LocalCMCTests" time="0.0"/>
  <testcase name="TestALotOfAdding" classname="LocalCMCTests" time="0.0"/>
  <testcase name="TestALotOfAdding" classname="LocalCMCTests" time="0.0"/>
  <testcase name="TestALotOfAdding" classname="LocalCMCTests" time="0.0"/>
  <testcase name="TestALotOfAdding" classname="LocalCMCTests" time="0.001"/>
  <testcase name="TestALotOfAdding" classname="LocalCMCTests" time="0.001"/>
  <testcase name="TestALotOfAdding" classname="LocalCMCTests" time="0.001"/>
  <testcase name="TestALotOfAdding" classname="LocalCMCTests" time="0.001"/>
  <testcase name="TestALotOfAdding" classname="LocalCMCTests" time="0.0"/>
  <testcase name="TestALotOfAdding" classname="LocalCMCTests" time="0.001"/>
  <testcase name="TestALotOfAdding" classname="LocalCMCTests" time="0.0"/>
  <testcase name="TestALotOfAdding" classname="LocalCMCTests" time="0.001"/>
  <testcase name="TestALotOfAdding" classname="LocalCMCTests" time="0.001"/>
  <testcase name="TestALotOfAdding" classname="LocalCMCTests" time="0.0"/>
  <testcase name="TestALotOfAdding" classname="LocalCMCTests" time="0.001"/>
  <testcase name="TestALotOfAdding" classname="LocalCMCTests" time="0.002"/>
  <testcase name="TestALotOfAdding" classname="LocalCMCTests" time="0.0"/>
  <testcase name="TestALotOfAdding" classname="LocalCMCTests" time="0.0"/>
  <testcase name="TestALotOfAdding" classname="LocalCMCTests" time="0.0"/>
  <testcase name="TestALotOfAdding" classname="LocalCMCTests" time="0.002"/>
  <testcase name="TestALotOfAdding" classname="LocalCMCTests" time="0.0"/>
  <testcase name="TestALotOfAdding" classname="LocalCMCTests" time="0.0"/>
  <testcase name="TestALotOfAdding" classname="LocalCMCTests" time="0.0"/>
  <testcase name="TestALotOfAdding" classname="LocalCMCTests" time="0.001"/>
  <testcase name="TestALotOfAdding" classname="LocalCMCTests" time="0.001"/>
  <testcase name="TestALotOfAdding" classname="LocalCMCTests" time="0.0"/>
  <testcase name="TestALotOfAdding" classname="LocalCMCTests" time="0.0"/>
  <testcase name="TestALotOfAdding" classname="LocalCMCTests" time="0.002"/>
  <testcase name="TestALotOfAdding" classname="LocalCMCTests" time="0.001"/>
  <testcase name="TestALotOfAdding" classname="LocalCMCTests" time="0.001"/>
  <testcase name="TestALotOfAdding" classname="LocalCMCTests" time="0.001"/>
  <testcase name="TestALotOfAdding" classname="LocalCMCTests" time="0.001"/>
  <testcase name="TestALotOfAdding" classname="LocalCMCTests" time="0.0"/>
  <testcase name="TestALotOfAdding" classname="LocalCMCTests" time="0.001"/>
  <testcase name="TestALotOfAdding" classname="LocalCMCTests" time="0.0"/>
  <testcase name="TestALotOfAdding" classname="LocalCMCTests" time="0.0"/>
  <testcase name="TestALotOfAdding" classname="LocalCMCTests" time="0.0"/>
  <testcase name="TestALotOfAdding" classname="LocalCMCTests" time="0.0"/>
  <testcase name="TestALotOfAdding" classname="LocalCMCTests" time="0.001"/>
  <testcase name="TestALotOfAdding" classname="LocalCMCTests" time="0.001"/>
  <testcase name="TestALotOfAdding" classname="LocalCMCTests" time="0.001"/>
  <testcase name="TestALotOfAdding" classname="LocalCMCTests" time="0.0"/>
  <testcase name="TestALotOfAdding" classname="LocalCMCTests" time="0.001"/>
  <testcase name="TestALotOfAdding" classname="LocalCMCTests" time="0.001"/>
  <testcase name="TestALotOfAdding" classname="LocalCMCTests" time="0.0"/>
  <testcase name="TestALotOfAdding" classname="LocalCMCTests" time="0.001"/>
  <testcase name="TestALotOfAdding" classname="LocalCMCTests" time="0.001"/>
  <testcase name="TestALotOfAdding" classname="LocalCMCTests" time="0.001"/>
  <testcase name="TestALotOfAdding" classname="LocalCMCTests" time="0.0"/>
  <testcase name="TestALotOfAdding" classname="LocalCMCTests" time="0.0"/>
  <testcase name="TestALotOfAdding" classname="LocalCMCTests" time="0.001"/>
  <testcase name="TestALotOfAdding" classname="LocalCMCTests" time="0.0"/>
  <testcase name="TestALotOfAdding" classname="LocalCMCTests" time="0.0"/>
  <testcase name="TestALotOfAdding" classname="LocalCMCTests" time="0.0"/>
  <testcase name="TestALotOfAdding" classname="LocalCMCTests" time="0.001"/>
  <testcase name="TestALotOfAdding" classname="LocalCMCTests" time="0.001"/>
  <testcase name="TestALotOfAdding" classname="LocalCMCTests" time="0.001"/>
  <testcase name="TestALotOfAdding" classname="LocalCMCTests" time="0.001"/>
  <testcase name="TestALotOfAdding" classname="LocalCMCTests" time="0.002"/>
  <testcase name="TestALotOfAdding" classname="LocalCMCTests" time="0.0"/>
  <testcase name="TestALotOfAdding" classname="LocalCMCTests" time="0.0"/>
  <testcase name="TestALotOfAdding" classname="LocalCMCTests" time="0.0"/>
  <testcase name="TestALotOfAdding" classname="LocalCMCTests" time="0.001"/>
  <testcase name="TestALotOfAdding" classname="LocalCMCTests" time="0.001"/>
  <testcase name="TestALotOfAdding" classname="LocalCMCTests" time="0.0"/>
  <testcase name="TestALotOfAdding" classname="LocalCMCTests" time="0.001"/>
  <testcase name="TestALotOfAdding" classname="LocalCMCTests" time="0.0"/>
  <testcase name="TestALotOfAdding" classname="LocalCMCTests" time="0.0"/>
  <testcase name="TestALotOfAdding" classname="LocalCMCTests" time="0.0"/>
  <testcase name="TestALotOfAdding" classname="LocalCMCTests" time="0.0"/>
  <testcase name="TestALotOfAdding" classname="LocalCMCTests" time="0.001"/>
  <testcase name="TestALotOfAdding" classname="LocalCMCTests" time="0.0"/>
  <testcase name="TestALotOfAdding" classname="LocalCMCTests" time="0.001"/>
  <testcase name="TestALotOfAdding" classname="LocalCMCTests" time="0.001"/>
  <testcase name="TestALotOfAdding" classname="LocalCMCTests" time="0.001"/>
  <testcase name="TestALotOfAdding" classname="LocalCMCTests" time="0.0"/>
  <testcase name="TestALotOfAdding" classname="LocalCMCTests" time="0.001"/>
  <testcase name="TestALotOfAdding" classname="LocalCMCTests" time="0.0"/>
  <testcase name="TestALotOfAdding" classname="LocalCMCTests" time="0.001"/>
  <testcase name="TestALotOfAdding" classname="LocalCMCTests" time="0.0"/>
  <testcase name="TestALotOfAdding" classname="LocalCMCTests" time="0.001"/>
  <testcase name="TestALotOfAdding" classname="LocalCMCTests" time="0.0"/>
  <testcase name="TestALotOfAdding" classname="LocalCMCTests" time="0.001"/>
  <testcase name="TestALotOfAdding" classname="LocalCMCTests" time="0.0"/>
  <testcase name="TestALotOfAdding" classname="LocalCMCTests" time="0.0"/>
  <testcase name="TestALotOfAdding" classname="LocalCMCTests" time="0.0"/>
  <testcase name="TestALotOfAdding" classname="LocalCMCTests" time="0.002"/>
  <testcase name="TestALotOfAdding" classname="LocalCMCTests" time="0.0"/>
  <testcase name="TestALotOfAdding" classname="LocalCMCTests" time="0.0"/>
  <testcase name="TestALotOfAdding" classname="LocalCMCTests" time="0.0"/>
  <testcase name="TestALotOfAdding" classname="LocalCMCTests" time="0.001"/>
  <testcase name="TestALotOfAdding" classname="LocalCMCTests" time="0.0"/>
  <testcase name="TestALotOfAdding" classname="LocalCMCTests" time="0.001"/>
  <testcase name="TestALotOfAdding" classname="LocalCMCTests" time="0.0"/>
  <testcase name="TestALotOfAdding" classname="LocalCMCTests" time="0.001"/>
  <testcase name="TestALotOfAdding" classname="LocalCMCTests" time="0.001"/>
  <testcase name="TestALotOfAdding" classname="LocalCMCTests" time="0.001"/>
  <testcase name="TestALotOfAdding" classname="LocalCMCTests" time="0.0"/>
  <testcase name="TestALotOfAdding" classname="LocalCMCTests" time="0.0"/>
  <testcase name="TestALotOfAdding" classname="LocalCMCTests" time="0.0"/>
  <testcase name="TestALotOfAdding" classname="LocalCMCTests" time="0.001"/>
  <testcase name="TestALotOfAdding" classname="LocalCMCTests" time="0.001"/>
  <testcase name="TestALotOfAdding" classname="LocalCMCTests" time="0.001"/>
  <testcase name="TestALotOfAdding" classname="LocalCMCTests" time="0.002"/>
  <testcase name="TestALotOfAdding" classname="LocalCMCTests" time="0.001"/>
  <testcase name="TestALotOfAdding" classname="LocalCMCTests" time="0.001"/>
  <testcase name="TestALotOfAdding" classname="LocalCMCTests" time="0.001"/>
  <testcase name="TestALotOfAdding" classname="LocalCMCTests" time="0.001"/>
  <testcase name="TestALotOfAdding" classname="LocalCMCTests" time="0.001"/>
  <testcase name="TestALotOfAdding" classname="LocalCMCTests" time="0.0"/>
  <testcase name="TestALotOfAdding" classname="LocalCMCTests" time="0.0"/>
  <testcase name="TestALotOfAdding" classname="LocalCMCTests" time="0.001"/>
  <testcase name="TestALotOfAdding" classname="LocalCMCTests" time="0.0"/>
  <testcase name="TestALotOfAdding" classname="LocalCMCTests" time="0.0"/>
  <testcase name="TestALotOfAdding" classname="LocalCMCTests" time="0.001"/>
  <testcase name="TestALotOfAdding" classname="LocalCMCTests" time="0.0"/>
  <testcase name="TestALotOfAdding" classname="LocalCMCTests" time="0.0"/>
  <testcase name="TestALotOfAdding" classname="LocalCMCTests" time="0.001"/>
  <testcase name="TestALotOfAdding" classname="LocalCMCTests" time="0.001"/>
  <testcase name="TestALotOfAdding" classname="LocalCMCTests" time="0.001"/>
  <testcase name="TestALotOfAdding" classname="LocalCMCTests" time="0.0"/>
  <testcase name="TestALotOfAdding" classname="LocalCMCTests" time="0.0"/>
  <testcase name="TestALotOfAdding" classname="LocalCMCTests" time="0.001"/>
  <testcase name="TestALotOfAdding" classname="LocalCMCTests" time="0.001"/>
  <testcase name="TestALotOfAdding" classname="LocalCMCTests" time="0.0"/>
  <testcase name="TestALotOfAdding" classname="LocalCMCTests" time="0.001"/>
  <testcase name="TestALotOfAdding" classname="LocalCMCTests" time="0.001"/>
  <testcase name="TestALotOfAdding" classname="LocalCMCTests" time="0.001"/>
  <testcase name="TestALotOfAdding" classname="LocalCMCTests" time="0.0"/>
  <testcase name="TestALotOfAdding" classname="LocalCMCTests" time="0.0"/>
  <testcase name="TestALotOfAdding" classname="LocalCMCTests" time="0.0"/>
  <testcase name="TestALotOfAdding" classname="LocalCMCTests" time="0.0"/>
  <testcase name="TestALotOfAdding" classname="LocalCMCTests" time="0.0"/>
  <testcase name="TestALotOfAdding" classname="LocalCMCTests" time="0.001"/>
  <testcase name="TestALotOfAdding" classname="LocalCMCTests" time="0.001"/>
  <testcase name="TestALotOfAdding" classname="LocalCMCTests" time="0.0"/>
  <testcase name="TestALotOfAdding" classname="LocalCMCTests" time="0.001"/>
  <testcase name="TestALotOfAdding" classname="LocalCMCTests" time="0.001"/>
  <testcase name="TestALotOfAdding" classname="LocalCMCTests" time="0.001"/>
  <testcase name="TestALotOfAdding" classname="LocalCMCTests" time="0.0"/>
  <testcase name="TestALotOfAdding" classname="LocalCMCTests" time="0.001"/>
  <testcase name="TestALotOfAdding" classname="LocalCMCTests" time="0.0"/>
  <testcase name="TestALotOfAdding" classname="LocalCMCTests" time="0.001"/>
  <testcase name="TestALotOfAdding" classname="LocalCMCTests" time="0.0"/>
  <testcase name="TestALotOfAdding" classname="LocalCMCTests" time="0.0"/>
  <testcase name="TestALotOfAdding" classname="LocalCMCTests" time="0.001"/>
  <testcase name="TestALotOfAdding" classname="LocalCMCTests" time="0.0"/>
  <testcase name="TestALotOfAdding" classname="LocalCMCTests" time="0.0"/>
  <testcase name="TestALotOfAdding" classname="LocalCMCTests" time="0.0"/>
  <testcase name="TestALotOfAdding" classname="LocalCMCTests" time="0.0"/>
  <testcase name="TestALotOfAdding" classname="LocalCMCTests" time="0.0"/>
  <testcase name="TestALotOfAdding" classname="LocalCMCTests" time="0.0"/>
  <testcase name="TestALotOfAdding" classname="LocalCMCTests" time="0.001"/>
  <testcase name="TestALotOfAdding" classname="LocalCMCTests" time="0.001"/>
  <testcase name="TestALotOfAdding" classname="LocalCMCTests" time="0.0"/>
  <testcase name="TestALotOfAdding" classname="LocalCMCTests" time="0.0"/>
  <testcase name="TestALotOfAdding" classname="LocalCMCTests" time="0.0"/>
  <testcase name="TestALotOfAdding" classname="LocalCMCTests" time="0.001"/>
  <testcase name="TestALotOfAdding" classname="LocalCMCTests" time="0.002"/>
  <testcase name="TestALotOfAdding" classname="LocalCMCTests" time="0.001"/>
  <testcase name="TestALotOfAdding" classname="LocalCMCTests" time="0.001"/>
  <testcase name="TestALotOfAdding" classname="LocalCMCTests" time="0.001"/>
  <testcase name="TestALotOfAdding" classname="LocalCMCTests" time="0.0"/>
  <testcase name="TestALotOfAdding" classname="LocalCMCTests" time="0.001"/>
  <testcase name="TestALotOfAdding" classname="LocalCMCTests" time="0.001"/>
  <testcase name="TestALotOfAdding" classname="LocalCMCTests" time="0.0"/>
  <testcase name="TestALotOfAdding" classname="LocalCMCTests" time="0.0"/>
  <testcase name="TestALotOfAdding" classname="LocalCMCTests" time="0.0"/>
  <testcase name="TestALotOfAdding" classname="LocalCMCTests" time="0.0"/>
  <testcase name="TestALotOfAdding" classname="LocalCMCTests" time="0.001"/>
  <testcase name="TestALotOfAdding" classname="LocalCMCTests" time="0.001"/>
  <testcase name="TestALotOfAdding" classname="LocalCMCTests" time="0.001"/>
  <testcase name="TestALotOfAdding" classname="LocalCMCTests" time="0.0"/>
  <testcase name="TestALotOfAdding" classname="LocalCMCTests" time="0.001"/>
  <testcase name="TestALotOfAdding" classname="LocalCMCTests" time="0.0"/>
  <testcase name="TestALotOfAdding" classname="LocalCMCTests" time="0.0"/>
  <testcase name="TestALotOfAdding" classname="LocalCMCTests" time="0.0"/>
  <testcase name="TestALotOfAdding" classname="LocalCMCTests" time="0.0"/>
  <testcase name="TestALotOfAdding" classname="LocalCMCTests" time="0.001"/>
  <testcase name="TestALotOfAdding" classname="LocalCMCTests" time="0.001"/>
  <testcase name="TestALotOfAdding" classname="LocalCMCTests" time="0.0"/>
  <testcase name="TestALotOfAdding" classname="LocalCMCTests" time="0.0"/>
  <testcase name="TestALotOfAdding" classname="LocalCMCTests" time="0.0"/>
  <testcase name="TestALotOfAdding" classname="LocalCMCTests" time="0.0"/>
  <testcase name="TestALotOfAdding" classname="LocalCMCTests" time="0.002"/>
  <testcase name="TestALotOfAdding" classname="LocalCMCTests" time="0.001"/>
  <testcase name="TestALotOfAdding" classname="LocalCMCTests" time="0.0"/>
  <testcase name="TestALotOfAdding" classname="LocalCMCTests" time="0.001"/>
  <testcase name="TestALotOfAdding" classname="LocalCMCTests" time="0.0"/>
  <testcase name="TestALotOfAdding" classname="LocalCMCTests" time="0.001"/>
  <testcase name="TestALotOfAdding" classname="LocalCMCTests" time="0.002"/>
  <testcase name="TestALotOfAdding" classname="LocalCMCTests" time="0.001"/>
  <testcase name="TestALotOfAdding" classname="LocalCMCTests" time="0.001"/>
  <testcase name="TestALotOfAdding" classname="LocalCMCTests" time="0.0"/>
  <testcase name="TestALotOfAdding" classname="LocalCMCTests" time="0.0"/>
  <testcase name="TestALotOfAdding" classname="LocalCMCTests" time="0.0"/>
  <testcase name="TestALotOfAdding" classname="LocalCMCTests" time="0.0"/>
  <testcase name="TestALotOfAdding" classname="LocalCMCTests" time="0.0"/>
  <testcase name="TestALotOfAdding" classname="LocalCMCTests" time="0.0"/>
  <testcase name="TestALotOfAdding" classname="LocalCMCTests" time="0.001"/>
  <testcase name="TestALotOfAdding" classname="LocalCMCTests" time="0.002"/>
  <testcase name="TestALotOfAdding" classname="LocalCMCTests" time="0.001"/>
  <testcase name="TestALotOfAdding" classname="LocalCMCTests" time="0.001"/>
  <testcase name="TestALotOfAdding" classname="LocalCMCTests" time="0.001"/>
  <testcase name="TestALotOfAdding" classname="LocalCMCTests" time="0.0"/>
  <testcase name="TestALotOfAdding" classname="LocalCMCTests" time="0.001"/>
  <testcase name="TestALotOfAdding" classname="LocalCMCTests" time="0.001"/>
  <testcase name="TestALotOfAdding" classname="LocalCMCTests" time="0.0"/>
  <testcase name="TestALotOfAdding" classname="LocalCMCTests" time="0.001"/>
  <testcase name="TestALotOfAdding" classname="LocalCMCTests" time="0.0"/>
  <testcase name="TestALotOfAdding" classname="LocalCMCTests" time="0.001"/>
  <testcase name="TestALotOfAdding" classname="LocalCMCTests" time="0.0"/>
  <testcase name="TestALotOfAdding" classname="LocalCMCTests" time="0.0"/>
  <testcase name="TestALotOfAdding" classname="LocalCMCTests" time="0.0"/>
  <testcase name="TestALotOfAdding" classname="LocalCMCTests" time="0.0"/>
  <testcase name="TestALotOfAdding" classname="LocalCMCTests" time="0.0"/>
  <testcase name="TestALotOfAdding" classname="LocalCMCTests" time="0.0"/>
  <testcase name="TestALotOfAdding" classname="LocalCMCTests" time="0.0"/>
  <testcase name="TestALotOfAdding" classname="LocalCMCTests" time="0.001"/>
  <testcase name="TestALotOfAdding" classname="LocalCMCTests" time="0.001"/>
  <testcase name="TestALotOfAdding" classname="LocalCMCTests" time="0.001"/>
  <testcase name="TestALotOfAdding" classname="LocalCMCTests" time="0.001"/>
  <testcase name="TestALotOfAdding" classname="LocalCMCTests" time="0.001"/>
  <testcase name="TestALotOfAdding" classname="LocalCMCTests" time="0.001"/>
  <testcase name="TestALotOfAdding" classname="LocalCMCTests" time="0.0"/>
  <testcase name="TestALotOfAdding" classname="LocalCMCTests" time="0.0"/>
  <testcase name="TestALotOfAdding" classname="LocalCMCTests" time="0.001"/>
  <testcase name="TestALotOfAdding" classname="LocalCMCTests" time="0.001"/>
  <testcase name="TestALotOfAdding" classname="LocalCMCTests" time="0.0"/>
  <testcase name="TestALotOfAdding" classname="LocalCMCTests" time="0.0"/>
  <testcase name="TestALotOfAdding" classname="LocalCMCTests" time="0.0"/>
  <testcase name="TestALotOfAdding" classname="LocalCMCTests" time="0.0"/>
  <testcase name="TestALotOfAdding" classname="LocalCMCTests" time="0.0"/>
  <testcase name="TestALotOfAdding" classname="LocalCMCTests" time="0.001"/>
  <testcase name="TestALotOfAdding" classname="LocalCMCTests" time="0.001"/>
  <testcase name="TestALotOfAdding" classname="LocalCMCTests" time="0.0"/>
  <testcase name="TestALotOfAdding" classname="LocalCMCTests" time="0.001"/>
  <testcase name="TestALotOfAdding" classname="LocalCMCTests" time="0.0"/>
  <testcase name="TestALotOfAdding" classname="LocalCMCTests" time="0.001"/>
  <testcase name="TestALotOfAdding" classname="LocalCMCTests" time="0.001"/>
  <testcase name="TestALotOfAdding" classname="LocalCMCTests" time="0.001"/>
  <testcase name="TestALotOfAdding" classname="LocalCMCTests" time="0.0"/>
  <testcase name="TestALotOfAdding" classname="LocalCMCTests" time="0.0"/>
  <testcase name="TestALotOfAdding" classname="LocalCMCTests" time="0.0"/>
  <testcase name="TestALotOfAdding" classname="LocalCMCTests" time="0.0"/>
  <testcase name="TestALotOfAdding" classname="LocalCMCTests" time="0.0"/>
  <testcase name="TestALotOfAdding" classname="LocalCMCTests" time="0.001"/>
  <testcase name="TestALotOfAdding" classname="LocalCMCTests" time="0.001"/>
  <testcase name="TestALotOfAdding" classname="LocalCMCTests" time="0.001"/>
  <testcase name="TestALotOfAdding" classname="LocalCMCTests" time="0.001"/>
  <testcase name="TestALotOfAdding" classname="LocalCMCTests" time="0.001"/>
  <testcase name="TestALotOfAdding" classname="LocalCMCTests" time="0.002"/>
  <testcase name="TestALotOfAdding" classname="LocalCMCTests" time="0.001"/>
  <testcase name="TestALotOfAdding" classname="LocalCMCTests" time="0.0"/>
  <testcase name="TestALotOfAdding" classname="LocalCMCTests" time="0.0"/>
  <testcase name="TestALotOfAdding" classname="LocalCMCTests" time="0.0"/>
  <testcase name="TestALotOfAdding" classname="LocalCMCTests" time="0.0"/>
  <testcase name="TestALotOfAdding" classname="LocalCMCTests" time="0.001"/>
  <testcase name="TestALotOfAdding" classname="LocalCMCTests" time="0.002"/>
  <testcase name="TestALotOfAdding" classname="LocalCMCTests" time="0.001"/>
  <testcase name="TestALotOfAdding" classname="LocalCMCTests" time="0.0"/>
  <testcase name="TestALotOfAdding" classname="LocalCMCTests" time="0.0"/>
  <testcase name="TestALotOfAdding" classname="LocalCMCTests" time="0.0"/>
  <testcase name="TestALotOfAdding" classname="LocalCMCTests" time="0.0"/>
  <testcase name="TestALotOfAdding" classname="LocalCMCTests" time="0.0"/>
  <testcase name="TestALotOfAdding" classname="LocalCMCTests" time="0.001"/>
  <testcase name="TestALotOfAdding" classname="LocalCMCTests" time="0.001"/>
  <testcase name="TestALotOfAdding" classname="LocalCMCTests" time="0.001"/>
  <testcase name="TestALotOfAdding" classname="LocalCMCTests" time="0.0"/>
  <testcase name="TestALotOfAdding" classname="LocalCMCTests" time="0.001"/>
  <testcase name="TestALotOfAdding" classname="LocalCMCTests" time="0.001"/>
  <testcase name="TestALotOfAdding" classname="LocalCMCTests" time="0.001"/>
  <testcase name="TestALotOfAdding" classname="LocalCMCTests" time="0.0"/>
  <testcase name="TestALotOfAdding" classname="LocalCMCTests" time="0.001"/>
  <testcase name="TestALotOfAdding" classname="LocalCMCTests" time="0.001"/>
  <testcase name="TestALotOfAdding" classname="LocalCMCTests" time="0.001"/>
  <testcase name="TestALotOfAdding" classname="LocalCMCTests" time="0.0"/>
  <testcase name="TestALotOfAdding" classname="LocalCMCTests" time="0.0"/>
  <testcase name="TestALotOfAdding" classname="LocalCMCTests" time="0.0"/>
  <testcase name="TestALotOfAdding" classname="LocalCMCTests" time="0.0"/>
  <testcase name="TestALotOfAdding" classname="LocalCMCTests" time="0.0"/>
  <testcase name="TestALotOfAdding" classname="LocalCMCTests" time="0.0"/>
  <testcase name="TestALotOfAdding" classname="LocalCMCTests" time="0.0"/>
  <testcase name="TestALotOfAdding" classname="LocalCMCTests" time="0.0"/>
  <testcase name="TestALotOfAdding" classname="LocalCMCTests" time="0.001"/>
  <testcase name="TestALotOfAdding" classname="LocalCMCTests" time="0.001"/>
  <testcase name="TestALotOfAdding" classname="LocalCMCTests" time="0.001"/>
  <testcase name="TestALotOfAdding" classname="LocalCMCTests" time="0.001"/>
  <testcase name="TestALotOfAdding" classname="LocalCMCTests" time="0.0"/>
  <testcase name="TestALotOfAdding" classname="LocalCMCTests" time="0.0"/>
  <testcase name="TestALotOfAdding" classname="LocalCMCTests" time="0.001"/>
  <testcase name="TestALotOfAdding" classname="LocalCMCTests" time="0.001"/>
  <testcase name="TestALotOfAdding" classname="LocalCMCTests" time="0.001"/>
  <testcase name="TestALotOfAdding" classname="LocalCMCTests" time="0.001"/>
  <testcase name="TestALotOfAdding" classname="LocalCMCTests" time="0.0"/>
  <testcase name="TestALotOfAdding" classname="LocalCMCTests" time="0.0"/>
  <testcase name="TestALotOfAdding" classname="LocalCMCTests" time="0.0"/>
  <testcase name="TestALotOfAdding" classname="LocalCMCTests" time="0.0"/>
  <testcase name="TestALotOfAdding" classname="LocalCMCTests" time="0.0"/>
  <testcase name="TestALotOfAdding" classname="LocalCMCTests" time="0.0"/>
  <testcase name="TestALotOfAdding" classname="LocalCMCTests" time="0.0"/>
  <testcase name="TestALotOfAdding" classname="LocalCMCTests" time="0.0"/>
  <testcase name="TestALotOfAdding" classname="LocalCMCTests" time="0.0"/>
  <testcase name="TestALotOfAdding" classname="LocalCMCTests" time="0.0"/>
  <testcase name="TestALotOfAdding" classname="LocalCMCTests" time="0.001"/>
  <testcase name="TestALotOfAdding" classname="LocalCMCTests" time="0.001"/>
  <testcase name="TestALotOfAdding" classname="LocalCMCTests" time="0.001"/>
  <testcase name="TestALotOfAdding" classname="LocalCMCTests" time="0.0"/>
  <testcase name="TestALotOfAdding" classname="LocalCMCTests" time="0.001"/>
  <testcase name="TestALotOfAdding" classname="LocalCMCTests" time="0.001"/>
  <testcase name="TestALotOfAdding" classname="LocalCMCTests" time="0.001"/>
  <testcase name="TestALotOfAdding" classname="LocalCMCTests" time="0.001"/>
  <testcase name="TestALotOfAdding" classname="LocalCMCTests" time="0.0"/>
  <testcase name="TestALotOfAdding" classname="LocalCMCTests" time="0.001"/>
  <testcase name="TestALotOfAdding" classname="LocalCMCTests" time="0.0"/>
  <testcase name="TestALotOfAdding" classname="LocalCMCTests" time="0.0"/>
  <testcase name="TestALotOfAdding" classname="LocalCMCTests" time="0.0"/>
  <testcase name="TestALotOfAdding" classname="LocalCMCTests" time="0.0"/>
  <testcase name="TestALotOfAdding" classname="LocalCMCTests" time="0.0"/>
  <testcase name="TestALotOfAdding" classname="LocalCMCTests" time="0.0"/>
  <testcase name="TestALotOfAdding" classname="LocalCMCTests" time="0.0"/>
  <testcase name="TestALotOfAdding" classname="LocalCMCTests" time="0.001"/>
  <testcase name="TestALotOfAdding" classname="LocalCMCTests" time="0.0"/>
  <testcase name="TestALotOfAdding" classname="LocalCMCTests" time="0.001"/>
  <testcase name="TestALotOfAdding" classname="LocalCMCTests" time="0.001"/>
  <testcase name="TestALotOfAdding" classname="LocalCMCTests" time="0.001"/>
  <testcase name="TestALotOfAdding" classname="LocalCMCTests" time="0.0"/>
  <testcase name="TestALotOfAdding" classname="LocalCMCTests" time="0.001"/>
  <testcase name="TestALotOfAdding" classname="LocalCMCTests" time="0.001"/>
  <testcase name="TestALotOfAdding" classname="LocalCMCTests" time="0.001"/>
  <testcase name="TestALotOfAdding" classname="LocalCMCTests" time="0.001"/>
  <testcase name="TestALotOfAdding" classname="LocalCMCTests" time="0.001"/>
  <testcase name="TestALotOfAdding" classname="LocalCMCTests" time="0.0"/>
  <testcase name="TestALotOfAdding" classname="LocalCMCTests" time="0.001"/>
  <testcase name="TestALotOfAdding" classname="LocalCMCTests" time="0.0"/>
  <testcase name="TestALotOfAdding" classname="LocalCMCTests" time="0.0"/>
  <testcase name="TestALotOfAdding" classname="LocalCMCTests" time="0.0"/>
  <testcase name="TestALotOfAdding" classname="LocalCMCTests" time="0.0"/>
  <testcase name="TestALotOfAdding" classname="LocalCMCTests" time="0.0"/>
  <testcase name="TestALotOfAdding" classname="LocalCMCTests" time="0.001"/>
  <testcase name="TestALotOfAdding" classname="LocalCMCTests" time="0.001"/>
  <testcase name="TestALotOfAdding" classname="LocalCMCTests" time="0.001"/>
  <testcase name="TestALotOfAdding" classname="LocalCMCTests" time="0.001"/>
  <testcase name="TestALotOfAdding" classname="LocalCMCTests" time="0.0"/>
  <testcase name="TestALotOfAdding" classname="LocalCMCTests" time="0.001"/>
  <testcase name="TestALotOfAdding" classname="LocalCMCTests" time="0.0"/>
  <testcase name="TestALotOfAdding" classname="LocalCMCTests" time="0.027"/>
  <testcase name="TestALotOfAdding" classname="LocalCMCTests" time="0.001"/>
  <testcase name="TestALotOfAdding" classname="LocalCMCTests" time="0.001"/>
  <testcase name="TestALotOfAdding" classname="LocalCMCTests" time="0.001"/>
  <testcase name="TestALotOfAdding" classname="LocalCMCTests" time="0.0"/>
  <testcase name="TestALotOfAdding" classname="LocalCMCTests" time="0.001"/>
  <testcase name="TestALotOfAdding" classname="LocalCMCTests" time="0.0"/>
  <testcase name="TestALotOfAdding" classname="LocalCMCTests" time="0.0"/>
  <testcase name="TestALotOfAdding" classname="LocalCMCTests" time="0.0"/>
  <testcase name="TestALotOfAdding" classname="LocalCMCTests" time="0.0"/>
  <testcase name="TestALotOfAdding" classname="LocalCMCTests" time="0.001"/>
  <testcase name="TestALotOfAdding" classname="LocalCMCTests" time="0.001"/>
  <testcase name="TestALotOfAdding" classname="LocalCMCTests" time="0.001"/>
  <testcase name="TestALotOfAdding" classname="LocalCMCTests" time="0.001"/>
  <testcase name="TestALotOfAdding" classname="LocalCMCTests" time="0.0"/>
  <testcase name="TestALotOfAdding" classname="LocalCMCTests" time="0.0"/>
  <testcase name="TestALotOfAdding" classname="LocalCMCTests" time="0.001"/>
  <testcase name="TestALotOfAdding" classname="LocalCMCTests" time="0.0"/>
  <testcase name="TestALotOfAdding" classname="LocalCMCTests" time="0.0"/>
  <testcase name="TestALotOfAdding" classname="LocalCMCTests" time="0.001"/>
  <testcase name="TestALotOfAdding" classname="LocalCMCTests" time="0.0"/>
  <testcase name="TestALotOfAdding" classname="LocalCMCTests" time="0.001"/>
  <testcase name="TestALotOfAdding" classname="LocalCMCTests" time="0.001"/>
  <testcase name="TestALotOfAdding" classname="LocalCMCTests" time="0.0"/>
  <testcase name="TestALotOfAdding" classname="LocalCMCTests" time="0.0"/>
  <testcase name="TestALotOfAdding" classname="LocalCMCTests" time="0.0"/>
  <testcase name="TestALotOfAdding" classname="LocalCMCTests" time="0.0"/>
  <testcase name="TestALotOfAdding" classname="LocalCMCTests" time="0.001"/>
  <testcase name="TestALotOfAdding" classname="LocalCMCTests" time="0.001"/>
  <testcase name="TestALotOfAdding" classname="LocalCMCTests" time="0.001"/>
  <testcase name="TestALotOfAdding" classname="LocalCMCTests" time="0.0"/>
  <testcase name="TestALotOfAdding" classname="LocalCMCTests" time="0.001"/>
  <testcase name="TestALotOfAdding" classname="LocalCMCTests" time="0.001"/>
  <testcase name="TestALotOfAdding" classname="LocalCMCTests" time="0.0"/>
  <testcase name="TestALotOfAdding" classname="LocalCMCTests" time="0.0"/>
  <testcase name="TestALotOfAdding" classname="LocalCMCTests" time="0.0"/>
  <testcase name="TestALotOfAdding" classname="LocalCMCTests" time="0.001"/>
  <testcase name="TestALotOfAdding" classname="LocalCMCTests" time="0.001"/>
  <testcase name="TestALotOfAdding" classname="LocalCMCTests" time="0.002"/>
  <testcase name="TestALotOfAdding" classname="LocalCMCTests" time="0.0"/>
  <testcase name="TestALotOfAdding" classname="LocalCMCTests" time="0.0"/>
  <testcase name="TestALotOfAdding" classname="LocalCMCTests" time="0.001"/>
  <testcase name="TestALotOfAdding" classname="LocalCMCTests" time="0.0"/>
  <testcase name="TestALotOfAdding" classname="LocalCMCTests" time="0.0"/>
  <testcase name="TestALotOfAdding" classname="LocalCMCTests" time="0.001"/>
  <testcase name="TestALotOfAdding" classname="LocalCMCTests" time="0.0"/>
  <testcase name="TestALotOfAdding" classname="LocalCMCTests" time="0.001"/>
  <testcase name="TestALotOfAdding" classname="LocalCMCTests" time="0.001"/>
  <testcase name="TestALotOfAdding" classname="LocalCMCTests" time="0.001"/>
  <testcase name="TestALotOfAdding" classname="LocalCMCTests" time="0.0"/>
  <testcase name="TestALotOfAdding" classname="LocalCMCTests" time="0.001"/>
  <testcase name="TestALotOfAdding" classname="LocalCMCTests" time="0.0"/>
  <testcase name="TestALotOfAdding" classname="LocalCMCTests" time="0.0"/>
  <testcase name="TestALotOfAdding" classname="LocalCMCTests" time="0.0"/>
  <testcase name="TestALotOfAdding" classname="LocalCMCTests" time="0.0"/>
  <testcase name="TestALotOfAdding" classname="LocalCMCTests" time="0.0"/>
  <testcase name="TestALotOfAdding" classname="LocalCMCTests" time="0.001"/>
  <testcase name="TestALotOfAdding" classname="LocalCMCTests" time="0.0"/>
  <testcase name="TestALotOfAdding" classname="LocalCMCTests" time="0.001"/>
  <testcase name="TestALotOfAdding" classname="LocalCMCTests" time="0.0"/>
  <testcase name="TestALotOfAdding" classname="LocalCMCTests" time="0.001"/>
  <testcase name="TestALotOfAdding" classname="LocalCMCTests" time="0.002"/>
  <testcase name="TestALotOfAdding" classname="LocalCMCTests" time="0.001"/>
  <testcase name="TestALotOfAdding" classname="LocalCMCTests" time="0.0"/>
  <testcase name="TestALotOfAdding" classname="LocalCMCTests" time="0.001"/>
  <testcase name="TestALotOfAdding" classname="LocalCMCTests" time="0.001"/>
  <testcase name="TestALotOfAdding" classname="LocalCMCTests" time="0.0"/>
  <testcase name="TestALotOfAdding" classname="LocalCMCTests" time="0.001"/>
  <testcase name="TestALotOfAdding" classname="LocalCMCTests" time="0.001"/>
  <testcase name="TestALotOfAdding" classname="LocalCMCTests" time="0.001"/>
  <testcase name="TestALotOfAdding" classname="LocalCMCTests" time="0.001"/>
  <testcase name="TestALotOfAdding" classname="LocalCMCTests" time="0.0"/>
  <testcase name="TestALotOfAdding" classname="LocalCMCTests" time="0.0"/>
  <testcase name="TestALotOfAdding" classname="LocalCMCTests" time="0.002"/>
  <testcase name="TestALotOfAdding" classname="LocalCMCTests" time="0.0"/>
  <testcase name="TestALotOfAdding" classname="LocalCMCTests" time="0.0"/>
  <testcase name="TestALotOfAdding" classname="LocalCMCTests" time="0.0"/>
  <testcase name="TestALotOfAdding" classname="LocalCMCTests" time="0.0"/>
  <testcase name="TestALotOfAdding" classname="LocalCMCTests" time="0.0"/>
  <testcase name="TestALotOfAdding" classname="LocalCMCTests" time="0.0"/>
  <testcase name="TestALotOfAdding" classname="LocalCMCTests" time="0.0"/>
  <testcase name="TestALotOfAdding" classname="LocalCMCTests" time="0.001"/>
  <testcase name="TestALotOfAdding" classname="LocalCMCTests" time="0.001"/>
  <testcase name="TestALotOfAdding" classname="LocalCMCTests" time="0.001"/>
  <testcase name="TestALotOfAdding" classname="LocalCMCTests" time="0.001"/>
  <testcase name="TestALotOfAdding" classname="LocalCMCTests" time="0.0"/>
  <testcase name="TestALotOfAdding" classname="LocalCMCTests" time="0.001"/>
  <testcase name="TestALotOfAdding" classname="LocalCMCTests" time="0.0"/>
  <testcase name="TestALotOfAdding" classname="LocalCMCTests" time="0.001"/>
  <testcase name="TestALotOfAdding" classname="LocalCMCTests" time="0.001"/>
  <testcase name="TestALotOfAdding" classname="LocalCMCTests" time="0.001"/>
  <testcase name="TestALotOfAdding" classname="LocalCMCTests" time="0.0"/>
  <testcase name="TestALotOfAdding" classname="LocalCMCTests" time="0.0"/>
  <testcase name="TestALotOfAdding" classname="LocalCMCTests" time="0.0"/>
  <testcase name="TestALotOfAdding" classname="LocalCMCTests" time="0.001"/>
  <testcase name="TestALotOfAdding" classname="LocalCMCTests" time="0.0"/>
  <testcase name="TestALotOfAdding" classname="LocalCMCTests" time="0.0"/>
  <testcase name="TestALotOfAdding" classname="LocalCMCTests" time="0.0"/>
  <testcase name="TestALotOfAdding" classname="LocalCMCTests" time="0.001"/>
  <testcase name="TestALotOfAdding" classname="LocalCMCTests" time="0.001"/>
  <testcase name="TestALotOfAdding" classname="LocalCMCTests" time="0.002"/>
  <testcase name="TestALotOfAdding" classname="LocalCMCTests" time="0.0"/>
  <testcase name="TestALotOfAdding" classname="LocalCMCTests" time="0.001"/>
  <testcase name="TestALotOfAdding" classname="LocalCMCTests" time="0.001"/>
  <testcase name="TestALotOfAdding" classname="LocalCMCTests" time="0.0"/>
  <testcase name="TestALotOfAdding" classname="LocalCMCTests" time="0.001"/>
  <testcase name="TestALotOfAdding" classname="LocalCMCTests" time="0.0"/>
  <testcase name="TestALotOfAdding" classname="LocalCMCTests" time="0.001"/>
  <testcase name="TestALotOfAdding" classname="LocalCMCTests" time="0.001"/>
  <testcase name="TestALotOfAdding" classname="LocalCMCTests" time="0.001"/>
  <testcase name="TestALotOfAdding" classname="LocalCMCTests" time="0.0"/>
  <testcase name="TestALotOfAdding" classname="LocalCMCTests" time="0.0"/>
  <testcase name="TestALotOfAdding" classname="LocalCMCTests" time="0.0"/>
  <testcase name="TestALotOfAdding" classname="LocalCMCTests" time="0.0"/>
  <testcase name="TestALotOfAdding" classname="LocalCMCTests" time="0.001"/>
  <testcase name="TestALotOfAdding" classname="LocalCMCTests" time="0.0"/>
  <testcase name="TestALotOfAdding" classname="LocalCMCTests" time="0.001"/>
  <testcase name="TestALotOfAdding" classname="LocalCMCTests" time="0.001"/>
  <testcase name="TestALotOfAdding" classname="LocalCMCTests" time="0.001"/>
  <testcase name="TestALotOfAdding" classname="LocalCMCTests" time="0.001"/>
  <testcase name="TestALotOfAdding" classname="LocalCMCTests" time="0.001"/>
  <testcase name="TestALotOfAdding" classname="LocalCMCTests" time="0.001"/>
  <testcase name="TestALotOfAdding" classname="LocalCMCTests" time="0.0"/>
  <testcase name="TestALotOfAdding" classname="LocalCMCTests" time="0.0"/>
  <testcase name="TestALotOfAdding" classname="LocalCMCTests" time="0.001"/>
  <testcase name="TestALotOfAdding" classname="LocalCMCTests" time="0.001"/>
  <testcase name="TestALotOfAdding" classname="LocalCMCTests" time="0.001"/>
  <testcase name="TestALotOfAdding" classname="LocalCMCTests" time="0.0"/>
  <testcase name="TestALotOfAdding" classname="LocalCMCTests" time="0.0"/>
  <testcase name="TestALotOfAdding" classname="LocalCMCTests" time="0.0"/>
  <testcase name="TestALotOfAdding" classname="LocalCMCTests" time="0.0"/>
  <testcase name="TestALotOfAdding" classname="LocalCMCTests" time="0.0"/>
  <testcase name="TestALotOfAdding" classname="LocalCMCTests" time="0.0"/>
  <testcase name="TestALotOfAdding" classname="LocalCMCTests" time="0.001"/>
  <testcase name="TestALotOfAdding" classname="LocalCMCTests" time="0.0"/>
  <testcase name="TestALotOfAdding" classname="LocalCMCTests" time="0.0"/>
  <testcase name="TestALotOfAdding" classname="LocalCMCTests" time="0.0"/>
  <testcase name="TestALotOfAdding" classname="LocalCMCTests" time="0.001"/>
  <testcase name="TestALotOfAdding" classname="LocalCMCTests" time="0.001"/>
  <testcase name="TestALotOfAdding" classname="LocalCMCTests" time="0.0"/>
  <testcase name="TestALotOfAdding" classname="LocalCMCTests" time="0.001"/>
  <testcase name="TestALotOfAdding" classname="LocalCMCTests" time="0.001"/>
  <testcase name="TestALotOfAdding" classname="LocalCMCTests" time="0.0"/>
  <testcase name="TestALotOfAdding" classname="LocalCMCTests" time="0.0"/>
  <testcase name="TestALotOfAdding" classname="LocalCMCTests" time="0.001"/>
  <testcase name="TestALotOfAdding" classname="LocalCMCTests" time="0.001"/>
  <testcase name="TestALotOfAdding" classname="LocalCMCTests" time="0.001"/>
  <testcase name="TestALotOfAdding" classname="LocalCMCTests" time="0.001"/>
  <testcase name="TestALotOfAdding" classname="LocalCMCTests" time="0.001"/>
  <testcase name="TestALotOfAdding" classname="LocalCMCTests" time="0.0"/>
  <testcase name="TestALotOfAdding" classname="LocalCMCTests" time="0.0"/>
  <testcase name="TestALotOfAdding" classname="LocalCMCTests" time="0.001"/>
  <testcase name="TestALotOfAdding" classname="LocalCMCTests" time="0.0"/>
  <testcase name="TestALotOfAdding" classname="LocalCMCTests" time="0.0"/>
  <testcase name="TestALotOfAdding" classname="LocalCMCTests" time="0.0"/>
  <testcase name="TestALotOfAdding" classname="LocalCMCTests" time="0.0"/>
  <testcase name="TestALotOfAdding" classname="LocalCMCTests" time="0.0"/>
  <testcase name="TestALotOfAdding" classname="LocalCMCTests" time="0.001"/>
  <testcase name="TestALotOfAdding" classname="LocalCMCTests" time="0.001"/>
  <testcase name="TestALotOfAdding" classname="LocalCMCTests" time="0.0"/>
  <testcase name="TestALotOfAdding" classname="LocalCMCTests" time="0.001"/>
  <testcase name="TestALotOfAdding" classname="LocalCMCTests" time="0.0"/>
  <testcase name="TestALotOfAdding" classname="LocalCMCTests" time="0.001"/>
  <testcase name="TestALotOfAdding" classname="LocalCMCTests" time="0.001"/>
  <testcase name="TestALotOfAdding" classname="LocalCMCTests" time="0.001"/>
  <testcase name="TestALotOfAdding" classname="LocalCMCTests" time="0.001"/>
  <testcase name="TestALotOfAdding" classname="LocalCMCTests" time="0.0"/>
  <testcase name="TestALotOfAdding" classname="LocalCMCTests" time="0.0"/>
  <testcase name="TestALotOfAdding" classname="LocalCMCTests" time="0.001"/>
  <testcase name="TestALotOfAdding" classname="LocalCMCTests" time="0.0"/>
  <testcase name="TestALotOfAdding" classname="LocalCMCTests" time="0.001"/>
  <testcase name="TestALotOfAdding" classname="LocalCMCTests" time="0.0"/>
  <testcase name="TestALotOfAdding" classname="LocalCMCTests" time="0.0"/>
  <testcase name="TestALotOfAdding" classname="LocalCMCTests" time="0.0"/>
  <testcase name="TestALotOfAdding" classname="LocalCMCTests" time="0.0"/>
  <testcase name="TestALotOfAdding" classname="LocalCMCTests" time="0.0"/>
  <testcase name="TestALotOfAdding" classname="LocalCMCTests" time="0.0"/>
  <testcase name="TestALotOfAdding" classname="LocalCMCTests" time="0.0"/>
  <testcase name="TestALotOfAdding" classname="LocalCMCTests" time="0.001"/>
  <testcase name="TestALotOfAdding" classname="LocalCMCTests" time="0.001"/>
  <testcase name="TestALotOfAdding" classname="LocalCMCTests" time="0.002"/>
  <testcase name="TestALotOfAdding" classname="LocalCMCTests" time="0.001"/>
  <testcase name="TestALotOfAdding" classname="LocalCMCTests" time="0.001"/>
  <testcase name="TestALotOfAdding" classname="LocalCMCTests" time="0.001"/>
  <testcase name="TestALotOfAdding" classname="LocalCMCTests" time="0.0"/>
  <testcase name="TestALotOfAdding" classname="LocalCMCTests" time="0.0"/>
  <testcase name="TestALotOfAdding" classname="LocalCMCTests" time="0.001"/>
  <testcase name="TestALotOfAdding" classname="LocalCMCTests" time="0.0"/>
  <testcase name="TestALotOfAdding" classname="LocalCMCTests" time="0.001"/>
  <testcase name="TestALotOfAdding" classname="LocalCMCTests" time="0.0"/>
  <testcase name="TestALotOfAdding" classname="LocalCMCTests" time="0.0"/>
  <testcase name="TestALotOfAdding" classname="LocalCMCTests" time="0.001"/>
  <testcase name="TestALotOfAdding" classname="LocalCMCTests" time="0.0"/>
  <testcase name="TestALotOfAdding" classname="LocalCMCTests" time="0.0"/>
  <testcase name="TestALotOfAdding" classname="LocalCMCTests" time="0.0"/>
  <testcase name="TestALotOfAdding" classname="LocalCMCTests" time="0.001"/>
  <testcase name="TestALotOfAdding" classname="LocalCMCTests" time="0.001"/>
  <testcase name="TestALotOfAdding" classname="LocalCMCTests" time="0.001"/>
  <testcase name="TestALotOfAdding" classname="LocalCMCTests" time="0.0"/>
  <testcase name="TestALotOfAdding" classname="LocalCMCTests" time="0.001"/>
  <testcase name="TestALotOfAdding" classname="LocalCMCTests" time="0.001"/>
  <testcase name="TestALotOfAdding" classname="LocalCMCTests" time="0.001"/>
  <testcase name="TestALotOfAdding" classname="LocalCMCTests" time="0.001"/>
  <testcase name="TestALotOfAdding" classname="LocalCMCTests" time="0.0"/>
  <testcase name="TestALotOfAdding" classname="LocalCMCTests" time="0.001"/>
  <testcase name="TestALotOfAdding" classname="LocalCMCTests" time="0.0"/>
  <testcase name="TestALotOfAdding" classname="LocalCMCTests" time="0.0"/>
  <testcase name="TestALotOfAdding" classname="LocalCMCTests" time="0.0"/>
  <testcase name="TestALotOfAdding" classname="LocalCMCTests" time="0.0"/>
  <testcase name="TestALotOfAdding" classname="LocalCMCTests" time="0.0"/>
  <testcase name="TestALotOfAdding" classname="LocalCMCTests" time="0.001"/>
  <testcase name="TestALotOfAdding" classname="LocalCMCTests" time="0.0"/>
  <testcase name="TestALotOfAdding" classname="LocalCMCTests" time="0.0"/>
  <testcase name="TestALotOfAdding" classname="LocalCMCTests" time="0.001"/>
  <testcase name="TestALotOfAdding" classname="LocalCMCTests" time="0.0"/>
  <testcase name="TestALotOfAdding" classname="LocalCMCTests" time="0.001"/>
  <testcase name="TestALotOfAdding" classname="LocalCMCTests" time="0.001"/>
  <testcase name="TestALotOfAdding" classname="LocalCMCTests" time="0.0"/>
  <testcase name="TestALotOfAdding" classname="LocalCMCTests" time="0.001"/>
  <testcase name="TestALotOfAdding" classname="LocalCMCTests" time="0.0"/>
  <testcase name="TestALotOfAdding" classname="LocalCMCTests" time="0.001"/>
  <testcase name="TestALotOfAdding" classname="LocalCMCTests" time="0.0"/>
  <testcase name="TestALotOfAdding" classname="LocalCMCTests" time="0.0"/>
  <testcase name="TestALotOfAdding" classname="LocalCMCTests" time="0.0"/>
  <testcase name="TestALotOfAdding" classname="LocalCMCTests" time="0.001"/>
  <testcase name="TestALotOfAdding" classname="LocalCMCTests" time="0.0"/>
  <testcase name="TestALotOfAdding" classname="LocalCMCTests" time="0.0"/>
  <testcase name="TestALotOfAdding" classname="LocalCMCTests" time="0.001"/>
  <testcase name="TestALotOfAdding" classname="LocalCMCTests" time="0.001"/>
  <testcase name="TestALotOfAdding" classname="LocalCMCTests" time="0.001"/>
  <testcase name="TestALotOfAdding" classname="LocalCMCTests" time="0.0"/>
  <testcase name="TestALotOfAdding" classname="LocalCMCTests" time="0.001"/>
  <testcase name="TestALotOfAdding" classname="LocalCMCTests" time="0.001"/>
  <testcase name="TestALotOfAdding" classname="LocalCMCTests" time="0.002"/>
  <testcase name="TestALotOfAdding" classname="LocalCMCTests" time="0.002"/>
  <testcase name="TestALotOfAdding" classname="LocalCMCTests" time="0.001"/>
  <testcase name="TestALotOfAdding" classname="LocalCMCTests" time="0.001"/>
  <testcase name="TestALotOfAdding" classname="LocalCMCTests" time="0.001"/>
  <testcase name="TestALotOfAdding" classname="LocalCMCTests" time="0.0"/>
  <testcase name="TestALotOfAdding" classname="LocalCMCTests" time="0.001"/>
  <testcase name="TestALotOfAdding" classname="LocalCMCTests" time="0.0"/>
  <testcase name="TestALotOfAdding" classname="LocalCMCTests" time="0.0"/>
  <testcase name="TestALotOfAdding" classname="LocalCMCTests" time="0.0"/>
  <testcase name="TestALotOfAdding" classname="LocalCMCTests" time="0.0"/>
  <testcase name="TestALotOfAdding" classname="LocalCMCTests" time="0.0"/>
  <testcase name="TestALotOfAdding" classname="LocalCMCTests" time="0.001"/>
  <testcase name="TestALotOfAdding" classname="LocalCMCTests" time="0.001"/>
  <testcase name="TestALotOfAdding" classname="LocalCMCTests" time="0.001"/>
  <testcase name="TestALotOfAdding" classname="LocalCMCTests" time="0.001"/>
  <testcase name="TestALotOfAdding" classname="LocalCMCTests" time="0.001"/>
  <testcase name="TestALotOfAdding" classname="LocalCMCTests" time="0.001"/>
  <testcase name="TestALotOfAdding" classname="LocalCMCTests" time="0.001"/>
  <testcase name="TestALotOfAdding" classname="LocalCMCTests" time="0.001"/>
  <testcase name="TestALotOfAdding" classname="LocalCMCTests" time="0.001"/>
  <testcase name="TestALotOfAdding" classname="LocalCMCTests" time="0.001"/>
  <testcase name="TestALotOfAdding" classname="LocalCMCTests" time="0.0"/>
  <testcase name="TestALotOfAdding" classname="LocalCMCTests" time="0.0"/>
  <testcase name="TestALotOfAdding" classname="LocalCMCTests" time="0.0"/>
  <testcase name="TestALotOfAdding" classname="LocalCMCTests" time="0.0"/>
  <testcase name="TestALotOfAdding" classname="LocalCMCTests" time="0.0"/>
  <testcase name="TestALotOfAdding" classname="LocalCMCTests" time="0.0"/>
  <testcase name="TestALotOfAdding" classname="LocalCMCTests" time="0.001"/>
  <testcase name="TestALotOfAdding" classname="LocalCMCTests" time="0.001"/>
  <testcase name="TestALotOfAdding" classname="LocalCMCTests" time="0.001"/>
  <testcase name="TestALotOfAdding" classname="LocalCMCTests" time="0.001"/>
  <testcase name="TestALotOfAdding" classname="LocalCMCTests" time="0.0"/>
  <testcase name="TestALotOfAdding" classname="LocalCMCTests" time="0.0"/>
  <testcase name="TestALotOfAdding" classname="LocalCMCTests" time="0.002"/>
  <testcase name="TestALotOfAdding" classname="LocalCMCTests" time="0.001"/>
  <testcase name="TestALotOfAdding" classname="LocalCMCTests" time="0.0"/>
  <testcase name="TestALotOfAdding" classname="LocalCMCTests" time="0.001"/>
  <testcase name="TestALotOfAdding" classname="LocalCMCTests" time="0.003"/>
  <testcase name="TestALotOfAdding" classname="LocalCMCTests" time="0.003"/>
  <testcase name="TestALotOfAdding" classname="LocalCMCTests" time="0.002"/>
  <testcase name="TestALotOfAdding" classname="LocalCMCTests" time="0.003"/>
  <testcase name="TestALotOfAdding" classname="LocalCMCTests" time="0.002"/>
  <testcase name="TestALotOfAdding" classname="LocalCMCTests" time="0.003"/>
  <testcase name="TestALotOfAdding" classname="LocalCMCTests" time="0.002"/>
  <testcase name="TestALotOfAdding" classname="LocalCMCTests" time="0.0"/>
  <testcase name="TestALotOfAdding" classname="LocalCMCTests" time="0.002"/>
  <testcase name="TestALotOfAdding" classname="LocalCMCTests" time="0.001"/>
  <testcase name="TestALotOfAdding" classname="LocalCMCTests" time="0.0"/>
  <testcase name="TestALotOfAdding" classname="LocalCMCTests" time="0.0"/>
  <testcase name="TestALotOfAdding" classname="LocalCMCTests" time="0.0"/>
  <testcase name="TestALotOfAdding" classname="LocalCMCTests" time="0.0"/>
  <testcase name="TestALotOfAdding" classname="LocalCMCTests" time="0.0"/>
  <testcase name="TestALotOfAdding" classname="LocalCMCTests" time="0.0"/>
  <testcase name="TestALotOfAdding" classname="LocalCMCTests" time="0.0"/>
  <testcase name="TestALotOfAdding" classname="LocalCMCTests" time="0.0"/>
  <testcase name="TestALotOfAdding" classname="LocalCMCTests" time="0.0"/>
  <testcase name="TestALotOfAdding" classname="LocalCMCTests" time="0.001"/>
  <testcase name="TestALotOfAdding" classname="LocalCMCTests" time="0.001"/>
  <testcase name="TestALotOfAdding" classname="LocalCMCTests" time="0.001"/>
  <testcase name="TestALotOfAdding" classname="LocalCMCTests" time="0.0"/>
  <testcase name="TestALotOfAdding" classname="LocalCMCTests" time="0.001"/>
  <testcase name="TestALotOfAdding" classname="LocalCMCTests" time="0.001"/>
  <testcase name="TestALotOfAdding" classname="LocalCMCTests" time="0.001"/>
  <testcase name="TestALotOfAdding" classname="LocalCMCTests" time="0.0"/>
  <testcase name="TestALotOfAdding" classname="LocalCMCTests" time="0.0"/>
  <testcase name="TestALotOfAdding" classname="LocalCMCTests" time="0.0"/>
  <testcase name="TestALotOfAdding" classname="LocalCMCTests" time="0.0"/>
  <testcase name="TestALotOfAdding" classname="LocalCMCTests" time="0.0"/>
  <testcase name="TestALotOfAdding" classname="LocalCMCTests" time="0.0"/>
  <testcase name="TestALotOfAdding" classname="LocalCMCTests" time="0.001"/>
  <testcase name="TestALotOfAdding" classname="LocalCMCTests" time="0.001"/>
  <testcase name="TestALotOfAdding" classname="LocalCMCTests" time="0.001"/>
  <testcase name="TestALotOfAdding" classname="LocalCMCTests" time="0.001"/>
  <testcase name="TestALotOfAdding" classname="LocalCMCTests" time="0.0"/>
  <testcase name="TestALotOfAdding" classname="LocalCMCTests" time="0.0"/>
  <testcase name="TestALotOfAdding" classname="LocalCMCTests" time="0.001"/>
  <testcase name="TestALotOfAdding" classname="LocalCMCTests" time="0.001"/>
  <testcase name="TestALotOfAdding" classname="LocalCMCTests" time="0.001"/>
  <testcase name="TestALotOfAdding" classname="LocalCMCTests" time="0.0"/>
  <testcase name="TestALotOfAdding" classname="LocalCMCTests" time="0.001"/>
  <testcase name="TestALotOfAdding" classname="LocalCMCTests" time="0.001"/>
  <testcase name="TestALotOfAdding" classname="LocalCMCTests" time="0.0"/>
  <testcase name="TestALotOfAdding" classname="LocalCMCTests" time="0.001"/>
  <testcase name="TestALotOfAdding" classname="LocalCMCTests" time="0.0"/>
  <testcase name="TestALotOfAdding" classname="LocalCMCTests" time="0.0"/>
  <testcase name="TestALotOfAdding" classname="LocalCMCTests" time="0.0"/>
  <testcase name="TestALotOfAdding" classname="LocalCMCTests" time="0.0"/>
  <testcase name="TestALotOfAdding" classname="LocalCMCTests" time="0.001"/>
  <testcase name="TestALotOfAdding" classname="LocalCMCTests" time="0.001"/>
  <testcase name="TestALotOfAdding" classname="LocalCMCTests" time="0.001"/>
  <testcase name="TestALotOfAdding" classname="LocalCMCTests" time="0.001"/>
  <testcase name="TestALotOfAdding" classname="LocalCMCTests" time="0.001"/>
  <testcase name="TestALotOfAdding" classname="LocalCMCTests" time="0.001"/>
  <testcase name="TestALotOfAdding" classname="LocalCMCTests" time="0.001"/>
  <testcase name="TestALotOfAdding" classname="LocalCMCTests" time="0.0"/>
  <testcase name="TestALotOfAdding" classname="LocalCMCTests" time="0.0"/>
  <testcase name="TestALotOfAdding" classname="LocalCMCTests" time="0.001"/>
  <testcase name="TestALotOfAdding" classname="LocalCMCTests" time="0.001"/>
  <testcase name="TestALotOfAdding" classname="LocalCMCTests" time="0.002"/>
  <testcase name="TestALotOfAdding" classname="LocalCMCTests" time="0.001"/>
  <testcase name="TestALotOfAdding" classname="LocalCMCTests" time="0.0"/>
  <testcase name="TestALotOfAdding" classname="LocalCMCTests" time="0.0"/>
  <testcase name="TestALotOfAdding" classname="LocalCMCTests" time="0.001"/>
  <testcase name="TestALotOfAdding" classname="LocalCMCTests" time="0.0"/>
  <testcase name="TestALotOfAdding" classname="LocalCMCTests" time="0.0"/>
  <testcase name="TestALotOfAdding" classname="LocalCMCTests" time="0.0"/>
  <testcase name="TestALotOfAdding" classname="LocalCMCTests" time="0.0"/>
  <testcase name="TestALotOfAdding" classname="LocalCMCTests" time="0.001"/>
  <testcase name="TestALotOfAdding" classname="LocalCMCTests" time="0.0"/>
  <testcase name="TestALotOfAdding" classname="LocalCMCTests" time="0.002"/>
  <testcase name="TestALotOfAdding" classname="LocalCMCTests" time="0.0"/>
  <testcase name="TestALotOfAdding" classname="LocalCMCTests" time="0.001"/>
  <testcase name="TestALotOfAdding" classname="LocalCMCTests" time="0.001"/>
  <testcase name="TestALotOfAdding" classname="LocalCMCTests" time="0.0"/>
  <testcase name="TestALotOfAdding" classname="LocalCMCTests" time="0.001"/>
  <testcase name="TestALotOfAdding" classname="LocalCMCTests" time="0.001"/>
  <testcase name="TestALotOfAdding" classname="LocalCMCTests" time="0.0"/>
  <testcase name="TestALotOfAdding" classname="LocalCMCTests" time="0.001"/>
  <testcase name="TestALotOfAdding" classname="LocalCMCTests" time="0.0"/>
  <testcase name="TestALotOfAdding" classname="LocalCMCTests" time="0.001"/>
  <testcase name="TestALotOfAdding" classname="LocalCMCTests" time="0.0"/>
  <testcase name="TestALotOfAdding" classname="LocalCMCTests" time="0.0"/>
  <testcase name="TestALotOfAdding" classname="LocalCMCTests" time="0.0"/>
  <testcase name="TestALotOfAdding" classname="LocalCMCTests" time="0.001"/>
  <testcase name="TestALotOfAdding" classname="LocalCMCTests" time="0.001"/>
  <testcase name="TestALotOfAdding" classname="LocalCMCTests" time="0.001"/>
  <testcase name="TestALotOfAdding" classname="LocalCMCTests" time="0.001"/>
  <testcase name="TestALotOfAdding" classname="LocalCMCTests" time="0.001"/>
  <testcase name="TestALotOfAdding" classname="LocalCMCTests" time="0.002"/>
  <testcase name="TestALotOfAdding" classname="LocalCMCTests" time="0.0"/>
  <testcase name="TestALotOfAdding" classname="LocalCMCTests" time="0.001"/>
  <testcase name="TestALotOfAdding" classname="LocalCMCTests" time="0.0"/>
  <testcase name="TestALotOfAdding" classname="LocalCMCTests" time="0.0"/>
  <testcase name="TestALotOfAdding" classname="LocalCMCTests" time="0.0"/>
  <testcase name="TestALotOfAdding" classname="LocalCMCTests" time="0.0"/>
  <testcase name="TestALotOfAdding" classname="LocalCMCTests" time="0.0"/>
  <testcase name="TestALotOfAdding" classname="LocalCMCTests" time="0.0"/>
  <testcase name="TestALotOfAdding" classname="LocalCMCTests" time="0.002"/>
  <testcase name="TestALotOfAdding" classname="LocalCMCTests" time="0.0"/>
  <testcase name="TestALotOfAdding" classname="LocalCMCTests" time="0.001"/>
  <testcase name="TestALotOfAdding" classname="LocalCMCTests" time="0.002"/>
  <testcase name="TestALotOfAdding" classname="LocalCMCTests" time="0.0"/>
  <testcase name="TestALotOfAdding" classname="LocalCMCTests" time="0.001"/>
  <testcase name="TestALotOfAdding" classname="LocalCMCTests" time="0.001"/>
  <testcase name="TestALotOfAdding" classname="LocalCMCTests" time="0.001"/>
  <testcase name="TestALotOfAdding" classname="LocalCMCTests" time="0.001"/>
  <testcase name="TestALotOfAdding" classname="LocalCMCTests" time="0.001"/>
  <testcase name="TestALotOfAdding" classname="LocalCMCTests" time="0.001"/>
  <testcase name="TestALotOfAdding" classname="LocalCMCTests" time="0.001"/>
  <testcase name="TestALotOfAdding" classname="LocalCMCTests" time="0.001"/>
  <testcase name="TestALotOfAdding" classname="LocalCMCTests" time="0.0"/>
  <testcase name="TestALotOfAdding" classname="LocalCMCTests" time="0.0"/>
  <testcase name="TestALotOfAdding" classname="LocalCMCTests" time="0.0"/>
  <testcase name="TestALotOfAdding" classname="LocalCMCTests" time="0.0"/>
  <testcase name="TestALotOfAdding" classname="LocalCMCTests" time="0.0"/>
  <testcase name="TestALotOfAdding" classname="LocalCMCTests" time="0.001"/>
  <testcase name="TestALotOfAdding" classname="LocalCMCTests" time="0.001"/>
  <testcase name="TestALotOfAdding" classname="LocalCMCTests" time="0.0"/>
  <testcase name="TestALotOfAdding" classname="LocalCMCTests" time="0.001"/>
  <testcase name="TestALotOfAdding" classname="LocalCMCTests" time="0.001"/>
  <testcase name="TestALotOfAdding" classname="LocalCMCTests" time="0.0"/>
  <testcase name="TestALotOfAdding" classname="LocalCMCTests" time="0.001"/>
  <testcase name="TestALotOfAdding" classname="LocalCMCTests" time="0.001"/>
  <testcase name="TestALotOfAdding" classname="LocalCMCTests" time="0.001"/>
  <testcase name="TestALotOfAdding" classname="LocalCMCTests" time="0.0"/>
  <testcase name="TestALotOfAdding" classname="LocalCMCTests" time="0.001"/>
  <testcase name="TestALotOfAdding" classname="LocalCMCTests" time="0.0"/>
  <testcase name="TestALotOfAdding" classname="LocalCMCTests" time="0.0"/>
  <testcase name="TestALotOfAdding" classname="LocalCMCTests" time="0.001"/>
  <testcase name="TestALotOfAdding" classname="LocalCMCTests" time="0.0"/>
  <testcase name="TestALotOfAdding" classname="LocalCMCTests" time="0.001"/>
  <testcase name="TestALotOfAdding" classname="LocalCMCTests" time="0.0"/>
  <testcase name="TestALotOfAdding" classname="LocalCMCTests" time="0.001"/>
  <testcase name="TestALotOfAdding" classname="LocalCMCTests" time="0.0"/>
  <testcase name="TestALotOfAdding" classname="LocalCMCTests" time="0.001"/>
  <testcase name="TestALotOfAdding" classname="LocalCMCTests" time="0.0"/>
  <testcase name="TestALotOfAdding" classname="LocalCMCTests" time="0.001"/>
  <testcase name="TestALotOfAdding" classname="LocalCMCTests" time="0.0"/>
  <testcase name="TestALotOfAdding" classname="LocalCMCTests" time="0.001"/>
  <testcase name="TestALotOfAdding" classname="LocalCMCTests" time="0.0"/>
  <testcase name="TestALotOfAdding" classname="LocalCMCTests" time="0.0"/>
  <testcase name="TestALotOfAdding" classname="LocalCMCTests" time="0.001"/>
  <testcase name="TestALotOfAdding" classname="LocalCMCTests" time="0.0"/>
  <testcase name="TestALotOfAdding" classname="LocalCMCTests" time="0.001"/>
  <testcase name="TestALotOfAdding" classname="LocalCMCTests" time="0.001"/>
  <testcase name="TestALotOfAdding" classname="LocalCMCTests" time="0.001"/>
  <testcase name="TestALotOfAdding" classname="LocalCMCTests" time="0.0"/>
  <testcase name="TestALotOfAdding" classname="LocalCMCTests" time="0.001"/>
  <testcase name="TestALotOfAdding" classname="LocalCMCTests" time="0.001"/>
  <testcase name="TestALotOfAdding" classname="LocalCMCTests" time="0.001"/>
  <testcase name="TestALotOfAdding" classname="LocalCMCTests" time="0.001"/>
  <testcase name="TestALotOfAdding" classname="LocalCMCTests" time="0.001"/>
  <testcase name="TestALotOfAdding" classname="LocalCMCTests" time="0.0"/>
  <testcase name="TestALotOfAdding" classname="LocalCMCTests" time="0.001"/>
  <testcase name="TestALotOfAdding" classname="LocalCMCTests" time="0.0"/>
  <testcase name="TestALotOfAdding" classname="LocalCMCTests" time="0.001"/>
  <testcase name="TestALotOfAdding" classname="LocalCMCTests" time="0.0"/>
  <testcase name="TestALotOfAdding" classname="LocalCMCTests" time="0.0"/>
  <testcase name="TestALotOfAdding" classname="LocalCMCTests" time="0.001"/>
  <testcase name="TestALotOfAdding" classname="LocalCMCTests" time="0.0"/>
  <testcase name="TestALotOfAdding" classname="LocalCMCTests" time="0.001"/>
  <testcase name="TestALotOfAdding" classname="LocalCMCTests" time="0.0"/>
  <testcase name="TestALotOfAdding" classname="LocalCMCTests" time="0.002"/>
  <testcase name="TestALotOfAdding" classname="LocalCMCTests" time="0.001"/>
  <testcase name="TestALotOfAdding" classname="LocalCMCTests" time="0.001"/>
  <testcase name="TestALotOfAdding" classname="LocalCMCTests" time="0.001"/>
  <testcase name="TestALotOfAdding" classname="LocalCMCTests" time="0.001"/>
  <testcase name="TestALotOfAdding" classname="LocalCMCTests" time="0.0"/>
  <testcase name="TestALotOfAdding" classname="LocalCMCTests" time="0.001"/>
  <testcase name="TestALotOfAdding" classname="LocalCMCTests" time="0.0"/>
  <testcase name="TestALotOfAdding" classname="LocalCMCTests" time="0.001"/>
  <testcase name="TestALotOfAdding" classname="LocalCMCTests" time="0.0"/>
  <testcase name="TestALotOfAdding" classname="LocalCMCTests" time="0.0"/>
  <testcase name="TestALotOfAdding" classname="LocalCMCTests" time="0.0"/>
  <testcase name="TestALotOfAdding" classname="LocalCMCTests" time="0.0"/>
  <testcase name="TestALotOfAdding" classname="LocalCMCTests" time="0.0"/>
  <testcase name="TestALotOfAdding" classname="LocalCMCTests" time="0.0"/>
  <testcase name="TestALotOfAdding" classname="LocalCMCTests" time="0.0"/>
  <testcase name="TestALotOfAdding" classname="LocalCMCTests" time="0.0"/>
  <testcase name="TestALotOfAdding" classname="LocalCMCTests" time="0.0"/>
  <testcase name="TestALotOfAdding" classname="LocalCMCTests" time="0.001"/>
  <testcase name="TestALotOfAdding" classname="LocalCMCTests" time="0.002"/>
  <testcase name="TestALotOfAdding" classname="LocalCMCTests" time="0.004"/>
  <testcase name="TestALotOfAdding" classname="LocalCMCTests" time="0.0"/>
  <testcase name="TestALotOfAdding" classname="LocalCMCTests" time="0.001"/>
  <testcase name="TestALotOfAdding" classname="LocalCMCTests" time="0.001"/>
  <testcase name="TestALotOfAdding" classname="LocalCMCTests" time="0.001"/>
  <testcase name="TestALotOfAdding" classname="LocalCMCTests" time="0.0"/>
  <testcase name="TestALotOfAdding" classname="LocalCMCTests" time="0.001"/>
  <testcase name="TestALotOfAdding" classname="LocalCMCTests" time="0.0"/>
  <testcase name="TestALotOfAdding" classname="LocalCMCTests" time="0.001"/>
  <testcase name="TestALotOfAdding" classname="LocalCMCTests" time="0.001"/>
  <testcase name="TestALotOfAdding" classname="LocalCMCTests" time="0.001"/>
  <testcase name="TestALotOfAdding" classname="LocalCMCTests" time="0.0"/>
  <testcase name="TestALotOfAdding" classname="LocalCMCTests" time="0.0"/>
  <testcase name="TestALotOfAdding" classname="LocalCMCTests" time="0.001"/>
  <testcase name="TestALotOfAdding" classname="LocalCMCTests" time="0.0"/>
  <testcase name="TestALotOfAdding" classname="LocalCMCTests" time="0.0"/>
  <testcase name="TestALotOfAdding" classname="LocalCMCTests" time="0.001"/>
  <testcase name="TestALotOfAdding" classname="LocalCMCTests" time="0.001"/>
  <testcase name="TestALotOfAdding" classname="LocalCMCTests" time="0.001"/>
  <testcase name="TestALotOfAdding" classname="LocalCMCTests" time="0.0"/>
  <testcase name="TestALotOfAdding" classname="LocalCMCTests" time="0.001"/>
  <testcase name="TestALotOfAdding" classname="LocalCMCTests" time="0.0"/>
  <testcase name="TestALotOfAdding" classname="LocalCMCTests" time="0.0"/>
  <testcase name="TestALotOfAdding" classname="LocalCMCTests" time="0.001"/>
  <testcase name="TestALotOfAdding" classname="LocalCMCTests" time="0.0"/>
  <testcase name="TestALotOfAdding" classname="LocalCMCTests" time="0.001"/>
  <testcase name="TestALotOfAdding" classname="LocalCMCTests" time="0.001"/>
  <testcase name="TestALotOfAdding" classname="LocalCMCTests" time="0.001"/>
  <testcase name="TestALotOfAdding" classname="LocalCMCTests" time="0.001"/>
  <testcase name="TestALotOfAdding" classname="LocalCMCTests" time="0.0"/>
  <testcase name="TestALotOfAdding" classname="LocalCMCTests" time="0.001"/>
  <testcase name="TestALotOfAdding" classname="LocalCMCTests" time="0.001"/>
  <testcase name="TestALotOfAdding" classname="LocalCMCTests" time="0.001"/>
  <testcase name="TestALotOfAdding" classname="LocalCMCTests" time="0.001"/>
  <testcase name="TestALotOfAdding" classname="LocalCMCTests" time="0.0"/>
  <testcase name="TestALotOfAdding" classname="LocalCMCTests" time="0.001"/>
  <testcase name="TestALotOfAdding" classname="LocalCMCTests" time="0.0"/>
  <testcase name="TestALotOfAdding" classname="LocalCMCTests" time="0.001"/>
  <testcase name="TestALotOfAdding" classname="LocalCMCTests" time="0.0"/>
  <testcase name="TestALotOfAdding" classname="LocalCMCTests" time="0.001"/>
  <testcase name="TestALotOfAdding" classname="LocalCMCTests" time="0.001"/>
  <testcase name="TestALotOfAdding" classname="LocalCMCTests" time="0.001"/>
  <testcase name="TestALotOfAdding" classname="LocalCMCTests" time="0.0"/>
  <testcase name="TestALotOfAdding" classname="LocalCMCTests" time="0.0"/>
  <testcase name="TestALotOfAdding" classname="LocalCMCTests" time="0.001"/>
  <testcase name="TestALotOfAdding" classname="LocalCMCTests" time="0.001"/>
  <testcase name="TestALotOfAdding" classname="LocalCMCTests" time="0.001"/>
  <testcase name="TestALotOfAdding" classname="LocalCMCTests" time="0.002"/>
  <testcase name="TestALotOfAdding" classname="LocalCMCTests" time="0.001"/>
  <testcase name="TestALotOfAdding" classname="LocalCMCTests" time="0.0"/>
  <testcase name="TestALotOfAdding" classname="LocalCMCTests" time="0.0"/>
  <testcase name="TestALotOfAdding" classname="LocalCMCTests" time="0.0"/>
  <testcase name="TestALotOfAdding" classname="LocalCMCTests" time="0.001"/>
  <testcase name="TestALotOfAdding" classname="LocalCMCTests" time="0.001"/>
  <testcase name="TestALotOfAdding" classname="LocalCMCTests" time="0.0"/>
  <testcase name="TestALotOfAdding" classname="LocalCMCTests" time="0.001"/>
  <testcase name="TestALotOfAdding" classname="LocalCMCTests" time="0.001"/>
  <testcase name="TestALotOfAdding" classname="LocalCMCTests" time="0.0"/>
  <testcase name="TestALotOfAdding" classname="LocalCMCTests" time="0.0"/>
  <testcase name="TestALotOfAdding" classname="LocalCMCTests" time="0.0"/>
  <testcase name="TestALotOfAdding" classname="LocalCMCTests" time="0.0"/>
  <testcase name="TestALotOfAdding" classname="LocalCMCTests" time="0.0"/>
  <testcase name="TestALotOfAdding" classname="LocalCMCTests" time="0.001"/>
  <testcase name="TestALotOfAdding" classname="LocalCMCTests" time="0.001"/>
  <testcase name="TestALotOfAdding" classname="LocalCMCTests" time="0.001"/>
  <testcase name="TestALotOfAdding" classname="LocalCMCTests" time="0.001"/>
  <testcase name="TestALotOfAdding" classname="LocalCMCTests" time="0.001"/>
  <testcase name="TestALotOfAdding" classname="LocalCMCTests" time="0.002"/>
  <testcase name="TestALotOfAdding" classname="LocalCMCTests" time="0.0"/>
  <testcase name="TestALotOfAdding" classname="LocalCMCTests" time="0.001"/>
  <testcase name="TestALotOfAdding" classname="LocalCMCTests" time="0.001"/>
  <testcase name="TestALotOfAdding" classname="LocalCMCTests" time="0.0"/>
  <testcase name="TestALotOfAdding" classname="LocalCMCTests" time="0.0"/>
  <testcase name="TestALotOfAdding" classname="LocalCMCTests" time="0.0"/>
  <testcase name="TestALotOfAdding" classname="LocalCMCTests" time="0.0"/>
  <testcase name="TestALotOfAdding" classname="LocalCMCTests" time="0.001"/>
  <testcase name="TestALotOfAdding" classname="LocalCMCTests" time="0.0"/>
  <testcase name="TestALotOfAdding" classname="LocalCMCTests" time="0.0"/>
  <testcase name="TestALotOfAdding" classname="LocalCMCTests" time="0.0"/>
  <testcase name="TestALotOfAdding" classname="LocalCMCTests" time="0.001"/>
  <testcase name="TestALotOfAdding" classname="LocalCMCTests" time="0.001"/>
  <testcase name="TestALotOfAdding" classname="LocalCMCTests" time="0.001"/>
  <testcase name="TestALotOfAdding" classname="LocalCMCTests" time="0.001"/>
  <testcase name="TestALotOfAdding" classname="LocalCMCTests" time="0.0"/>
  <testcase name="TestALotOfAdding" classname="LocalCMCTests" time="0.001"/>
  <testcase name="TestALotOfAdding" classname="LocalCMCTests" time="0.001"/>
  <testcase name="TestALotOfAdding" classname="LocalCMCTests" time="0.002"/>
  <testcase name="TestALotOfAdding" classname="LocalCMCTests" time="0.0"/>
  <testcase name="TestALotOfAdding" classname="LocalCMCTests" time="0.0"/>
  <testcase name="TestALotOfAdding" classname="LocalCMCTests" time="0.0"/>
  <testcase name="TestALotOfAdding" classname="LocalCMCTests" time="0.0"/>
  <testcase name="TestALotOfAdding" classname="LocalCMCTests" time="0.0"/>
  <testcase name="TestALotOfAdding" classname="LocalCMCTests" time="0.0"/>
  <testcase name="TestALotOfAdding" classname="LocalCMCTests" time="0.001"/>
  <testcase name="TestALotOfAdding" classname="LocalCMCTests" time="0.001"/>
  <testcase name="TestALotOfAdding" classname="LocalCMCTests" time="0.0"/>
  <testcase name="TestALotOfAdding" classname="LocalCMCTests" time="0.001"/>
  <testcase name="TestALotOfAdding" classname="LocalCMCTests" time="0.001"/>
  <testcase name="TestALotOfAdding" classname="LocalCMCTests" time="0.001"/>
  <testcase name="TestALotOfAdding" classname="LocalCMCTests" time="0.001"/>
  <testcase name="TestALotOfAdding" classname="LocalCMCTests" time="0.0"/>
  <testcase name="TestALotOfAdding" classname="LocalCMCTests" time="0.0"/>
  <testcase name="TestALotOfAdding" classname="LocalCMCTests" time="0.001"/>
  <testcase name="TestALotOfAdding" classname="LocalCMCTests" time="0.001"/>
  <testcase name="TestALotOfAdding" classname="LocalCMCTests" time="0.0"/>
  <testcase name="TestALotOfAdding" classname="LocalCMCTests" time="0.001"/>
  <testcase name="TestALotOfAdding" classname="LocalCMCTests" time="0.0"/>
  <testcase name="TestALotOfAdding" classname="LocalCMCTests" time="0.0"/>
  <testcase name="TestALotOfAdding" classname="LocalCMCTests" time="0.0"/>
  <testcase name="TestALotOfAdding" classname="LocalCMCTests" time="0.0"/>
  <testcase name="TestALotOfAdding" classname="LocalCMCTests" time="0.0"/>
  <testcase name="TestALotOfAdding" classname="LocalCMCTests" time="0.0"/>
  <testcase name="TestALotOfAdding" classname="LocalCMCTests" time="0.001"/>
  <testcase name="TestALotOfAdding" classname="LocalCMCTests" time="0.001"/>
  <testcase name="TestALotOfAdding" classname="LocalCMCTests" time="0.0"/>
  <testcase name="TestALotOfAdding" classname="LocalCMCTests" time="0.001"/>
  <testcase name="TestALotOfAdding" classname="LocalCMCTests" time="0.0"/>
  <testcase name="TestALotOfAdding" classname="LocalCMCTests" time="0.001"/>
  <testcase name="TestALotOfAdding" classname="LocalCMCTests" time="0.001"/>
  <testcase name="TestALotOfAdding" classname="LocalCMCTests" time="0.0"/>
  <testcase name="TestALotOfAdding" classname="LocalCMCTests" time="0.001"/>
  <testcase name="TestALotOfAdding" classname="LocalCMCTests" time="0.001"/>
  <testcase name="TestALotOfAdding" classname="LocalCMCTests" time="0.001"/>
  <testcase name="TestALotOfAdding" classname="LocalCMCTests" time="0.002"/>
  <testcase name="TestALotOfAdding" classname="LocalCMCTests" time="0.003"/>
  <testcase name="TestALotOfAdding" classname="LocalCMCTests" time="0.0"/>
  <testcase name="TestALotOfAdding" classname="LocalCMCTests" time="0.0"/>
  <testcase name="TestALotOfAdding" classname="LocalCMCTests" time="0.001"/>
  <testcase name="TestALotOfAdding" classname="LocalCMCTests" time="0.0"/>
  <testcase name="TestALotOfAdding" classname="LocalCMCTests" time="0.001"/>
  <testcase name="TestALotOfAdding" classname="LocalCMCTests" time="0.001"/>
  <testcase name="TestALotOfAdding" classname="LocalCMCTests" time="0.0"/>
  <testcase name="TestALotOfAdding" classname="LocalCMCTests" time="0.001"/>
  <testcase name="TestALotOfAdding" classname="LocalCMCTests" time="0.001"/>
  <testcase name="TestALotOfAdding" classname="LocalCMCTests" time="0.0"/>
  <testcase name="TestALotOfAdding" classname="LocalCMCTests" time="0.001"/>
  <testcase name="TestALotOfAdding" classname="LocalCMCTests" time="0.0"/>
  <testcase name="TestALotOfAdding" classname="LocalCMCTests" time="0.001"/>
  <testcase name="TestALotOfAdding" classname="LocalCMCTests" time="0.001"/>
  <testcase name="TestALotOfAdding" classname="LocalCMCTests" time="0.001"/>
  <testcase name="TestALotOfAdding" classname="LocalCMCTests" time="0.001"/>
  <testcase name="TestALotOfAdding" classname="LocalCMCTests" time="0.0"/>
  <testcase name="TestALotOfAdding" classname="LocalCMCTests" time="0.0"/>
  <testcase name="TestALotOfAdding" classname="LocalCMCTests" time="0.0"/>
  <testcase name="TestALotOfAdding" classname="LocalCMCTests" time="0.0"/>
  <testcase name="TestALotOfAdding" classname="LocalCMCTests" time="0.001"/>
  <testcase name="TestALotOfAdding" classname="LocalCMCTests" time="0.001"/>
  <testcase name="TestALotOfAdding" classname="LocalCMCTests" time="0.001"/>
  <testcase name="TestALotOfAdding" classname="LocalCMCTests" time="0.001"/>
  <testcase name="TestALotOfAdding" classname="LocalCMCTests" time="0.0"/>
  <testcase name="TestALotOfAdding" classname="LocalCMCTests" time="0.001"/>
  <testcase name="TestALotOfAdding" classname="LocalCMCTests" time="0.001"/>
  <testcase name="TestALotOfAdding" classname="LocalCMCTests" time="0.001"/>
  <testcase name="TestALotOfAdding" classname="LocalCMCTests" time="0.001"/>
  <testcase name="TestALotOfAdding" classname="LocalCMCTests" time="0.0"/>
  <testcase name="TestALotOfAdding" classname="LocalCMCTests" time="0.001"/>
  <testcase name="TestALotOfAdding" classname="LocalCMCTests" time="0.001"/>
  <testcase name="TestALotOfAdding" classname="LocalCMCTests" time="0.0"/>
  <testcase name="TestALotOfAdding" classname="LocalCMCTests" time="0.001"/>
  <testcase name="TestALotOfAdding" classname="LocalCMCTests" time="0.0"/>
  <testcase name="TestALotOfAdding" classname="LocalCMCTests" time="0.0"/>
  <testcase name="TestALotOfAdding" classname="LocalCMCTests" time="0.0"/>
  <testcase name="TestALotOfAdding" classname="LocalCMCTests" time="0.001"/>
  <testcase name="TestALotOfAdding" classname="LocalCMCTests" time="0.001"/>
  <testcase name="TestALotOfAdding" classname="LocalCMCTests" time="0.001"/>
  <testcase name="TestALotOfAdding" classname="LocalCMCTests" time="0.0"/>
  <testcase name="TestALotOfAdding" classname="LocalCMCTests" time="0.001"/>
  <testcase name="TestALotOfAdding" classname="LocalCMCTests" time="0.001"/>
  <testcase name="TestALotOfAdding" classname="LocalCMCTests" time="0.001"/>
  <testcase name="TestALotOfAdding" classname="LocalCMCTests" time="0.0"/>
  <testcase name="TestALotOfAdding" classname="LocalCMCTests" time="0.001"/>
  <testcase name="TestALotOfAdding" classname="LocalCMCTests" time="0.001"/>
  <testcase name="TestALotOfAdding" classname="LocalCMCTests" time="0.001"/>
  <testcase name="TestALotOfAdding" classname="LocalCMCTests" time="0.001"/>
  <testcase name="TestALotOfAdding" classname="LocalCMCTests" time="0.0"/>
  <testcase name="TestALotOfAdding" classname="LocalCMCTests" time="0.0"/>
  <testcase name="TestALotOfAdding" classname="LocalCMCTests" time="0.0"/>
  <testcase name="TestALotOfAdding" classname="LocalCMCTests" time="0.001"/>
  <testcase name="TestALotOfAdding" classname="LocalCMCTests" time="0.0"/>
  <testcase name="TestALotOfAdding" classname="LocalCMCTests" time="0.001"/>
  <testcase name="TestALotOfAdding" classname="LocalCMCTests" time="0.0"/>
  <testcase name="TestALotOfAdding" classname="LocalCMCTests" time="0.001"/>
  <testcase name="TestALotOfAdding" classname="LocalCMCTests" time="0.001"/>
  <testcase name="TestALotOfAdding" classname="LocalCMCTests" time="0.0"/>
  <testcase name="TestALotOfAdding" classname="LocalCMCTests" time="0.001"/>
  <testcase name="TestALotOfAdding" classname="LocalCMCTests" time="0.0"/>
  <testcase name="TestALotOfAdding" classname="LocalCMCTests" time="0.001"/>
  <testcase name="TestALotOfAdding" classname="LocalCMCTests" time="0.0"/>
  <testcase name="TestALotOfAdding" classname="LocalCMCTests" time="0.001"/>
  <testcase name="TestALotOfAdding" classname="LocalCMCTests" time="0.001"/>
  <testcase name="TestALotOfAdding" classname="LocalCMCTests" time="0.0"/>
  <testcase name="TestALotOfAdding" classname="LocalCMCTests" time="0.0"/>
  <testcase name="TestALotOfAdding" classname="LocalCMCTests" time="0.0"/>
  <testcase name="TestALotOfAdding" classname="LocalCMCTests" time="0.0"/>
  <testcase name="TestALotOfAdding" classname="LocalCMCTests" time="0.0"/>
  <testcase name="TestALotOfAdding" classname="LocalCMCTests" time="0.001"/>
  <testcase name="TestALotOfAdding" classname="LocalCMCTests" time="0.002"/>
  <testcase name="TestALotOfAdding" classname="LocalCMCTests" time="0.001"/>
  <testcase name="TestALotOfAdding" classname="LocalCMCTests" time="0.0"/>
  <testcase name="TestALotOfAdding" classname="LocalCMCTests" time="0.0"/>
  <testcase name="TestALotOfAdding" classname="LocalCMCTests" time="0.0"/>
  <testcase name="TestALotOfAdding" classname="LocalCMCTests" time="0.0"/>
  <testcase name="TestALotOfAdding" classname="LocalCMCTests" time="0.001"/>
  <testcase name="TestALotOfAdding" classname="LocalCMCTests" time="0.001"/>
  <testcase name="TestALotOfAdding" classname="LocalCMCTests" time="0.001"/>
  <testcase name="TestALotOfAdding" classname="LocalCMCTests" time="0.002"/>
  <testcase name="TestALotOfAdding" classname="LocalCMCTests" time="0.001"/>
  <testcase name="TestALotOfAdding" classname="LocalCMCTests" time="0.0"/>
  <testcase name="TestALotOfAdding" classname="LocalCMCTests" time="0.0"/>
  <testcase name="TestALotOfAdding" classname="LocalCMCTests" time="0.0"/>
  <testcase name="TestALotOfAdding" classname="LocalCMCTests" time="0.001"/>
  <testcase name="TestALotOfAdding" classname="LocalCMCTests" time="0.002"/>
  <testcase name="TestALotOfAdding" classname="LocalCMCTests" time="0.001"/>
  <testcase name="TestALotOfAdding" classname="LocalCMCTests" time="0.001"/>
  <testcase name="TestALotOfAdding" classname="LocalCMCTests" time="0.0"/>
  <testcase name="TestALotOfAdding" classname="LocalCMCTests" time="0.001"/>
  <testcase name="TestALotOfAdding" classname="LocalCMCTests" time="0.0"/>
  <testcase name="TestALotOfAdding" classname="LocalCMCTests" time="0.0"/>
  <testcase name="TestALotOfAdding" classname="LocalCMCTests" time="0.001"/>
  <testcase name="TestALotOfAdding" classname="LocalCMCTests" time="0.0"/>
  <testcase name="TestALotOfAdding" classname="LocalCMCTests" time="0.001"/>
  <testcase name="TestALotOfAdding" classname="LocalCMCTests" time="0.001"/>
  <testcase name="TestALotOfAdding" classname="LocalCMCTests" time="0.001"/>
  <testcase name="TestALotOfAdding" classname="LocalCMCTests" time="0.0"/>
  <testcase name="TestALotOfAdding" classname="LocalCMCTests" time="0.0"/>
  <testcase name="TestALotOfAdding" classname="LocalCMCTests" time="0.001"/>
  <testcase name="TestALotOfAdding" classname="LocalCMCTests" time="0.001"/>
  <testcase name="TestALotOfAdding" classname="LocalCMCTests" time="0.0"/>
  <testcase name="TestALotOfAdding" classname="LocalCMCTests" time="0.001"/>
  <testcase name="TestALotOfAdding" classname="LocalCMCTests" time="0.001"/>
  <testcase name="TestALotOfAdding" classname="LocalCMCTests" time="0.001"/>
  <testcase name="TestALotOfAdding" classname="LocalCMCTests" time="0.0"/>
  <testcase name="TestALotOfAdding" classname="LocalCMCTests" time="0.0"/>
  <testcase name="TestALotOfAdding" classname="LocalCMCTests" time="0.001"/>
  <testcase name="TestALotOfAdding" classname="LocalCMCTests" time="0.0"/>
  <testcase name="TestALotOfAdding" classname="LocalCMCTests" time="0.001"/>
  <testcase name="TestALotOfAdding" classname="LocalCMCTests" time="0.001"/>
  <testcase name="TestALotOfAdding" classname="LocalCMCTests" time="0.0"/>
  <testcase name="TestALotOfAdding" classname="LocalCMCTests" time="0.002"/>
  <testcase name="TestALotOfAdding" classname="LocalCMCTests" time="0.0"/>
  <testcase name="TestALotOfAdding" classname="LocalCMCTests" time="0.0"/>
  <testcase name="TestALotOfAdding" classname="LocalCMCTests" time="0.0"/>
  <testcase name="TestALotOfAdding" classname="LocalCMCTests" time="0.0"/>
  <testcase name="TestALotOfAdding" classname="LocalCMCTests" time="0.001"/>
  <testcase name="TestALotOfAdding" classname="LocalCMCTests" time="0.001"/>
  <testcase name="TestALotOfAdding" classname="LocalCMCTests" time="0.001"/>
  <testcase name="TestALotOfAdding" classname="LocalCMCTests" time="0.001"/>
  <testcase name="TestALotOfAdding" classname="LocalCMCTests" time="0.001"/>
  <testcase name="TestALotOfAdding" classname="LocalCMCTests" time="0.0"/>
  <testcase name="TestALotOfAdding" classname="LocalCMCTests" time="0.0"/>
  <testcase name="TestALotOfAdding" classname="LocalCMCTests" time="0.0"/>
  <testcase name="TestALotOfAdding" classname="LocalCMCTests" time="0.0"/>
  <testcase name="TestALotOfAdding" classname="LocalCMCTests" time="0.0"/>
  <testcase name="TestALotOfAdding" classname="LocalCMCTests" time="0.0"/>
  <testcase name="TestALotOfAdding" classname="LocalCMCTests" time="0.001"/>
  <testcase name="TestALotOfAdding" classname="LocalCMCTests" time="0.0"/>
  <testcase name="TestALotOfAdding" classname="LocalCMCTests" time="0.001"/>
  <testcase name="TestALotOfAdding" classname="LocalCMCTests" time="0.001"/>
  <testcase name="TestALotOfAdding" classname="LocalCMCTests" time="0.001"/>
  <testcase name="TestALotOfAdding" classname="LocalCMCTests" time="0.002"/>
  <testcase name="TestALotOfAdding" classname="LocalCMCTests" time="0.001"/>
  <testcase name="TestALotOfAdding" classname="LocalCMCTests" time="0.001"/>
  <testcase name="TestALotOfAdding" classname="LocalCMCTests" time="0.001"/>
  <testcase name="TestALotOfAdding" classname="LocalCMCTests" time="0.001"/>
  <testcase name="TestALotOfAdding" classname="LocalCMCTests" time="0.001"/>
  <testcase name="TestALotOfAdding" classname="LocalCMCTests" time="0.001"/>
  <testcase name="TestALotOfAdding" classname="LocalCMCTests" time="0.0"/>
  <testcase name="TestALotOfAdding" classname="LocalCMCTests" time="0.001"/>
  <testcase name="TestALotOfAdding" classname="LocalCMCTests" time="0.001"/>
  <testcase name="TestALotOfAdding" classname="LocalCMCTests" time="0.001"/>
  <testcase name="TestALotOfAdding" classname="LocalCMCTests" time="0.0"/>
  <testcase name="TestALotOfAdding" classname="LocalCMCTests" time="0.0"/>
  <testcase name="TestALotOfAdding" classname="LocalCMCTests" time="0.0"/>
  <testcase name="TestALotOfAdding" classname="LocalCMCTests" time="0.0"/>
  <testcase name="TestALotOfAdding" classname="LocalCMCTests" time="0.001"/>
  <testcase name="TestALotOfAdding" classname="LocalCMCTests" time="0.001"/>
  <testcase name="TestALotOfAdding" classname="LocalCMCTests" time="0.001"/>
  <testcase name="TestALotOfAdding" classname="LocalCMCTests" time="0.0"/>
  <testcase name="TestALotOfAdding" classname="LocalCMCTests" time="0.001"/>
  <testcase name="TestALotOfAdding" classname="LocalCMCTests" time="0.0"/>
  <testcase name="TestALotOfAdding" classname="LocalCMCTests" time="0.0"/>
  <testcase name="TestALotOfAdding" classname="LocalCMCTests" time="0.0"/>
  <testcase name="TestALotOfAdding" classname="LocalCMCTests" time="0.0"/>
  <testcase name="TestALotOfAdding" classname="LocalCMCTests" time="0.0"/>
  <testcase name="TestALotOfAdding" classname="LocalCMCTests" time="0.001"/>
  <testcase name="TestALotOfAdding" classname="LocalCMCTests" time="0.001"/>
  <testcase name="TestALotOfAdding" classname="LocalCMCTests" time="0.0"/>
  <testcase name="TestALotOfAdding" classname="LocalCMCTests" time="0.001"/>
  <testcase name="TestALotOfAdding" classname="LocalCMCTests" time="0.001"/>
  <testcase name="TestALotOfAdding" classname="LocalCMCTests" time="0.001"/>
  <testcase name="TestALotOfAdding" classname="LocalCMCTests" time="0.0"/>
  <testcase name="TestALotOfAdding" classname="LocalCMCTests" time="0.0"/>
  <testcase name="TestALotOfAdding" classname="LocalCMCTests" time="0.001"/>
  <testcase name="TestALotOfAdding" classname="LocalCMCTests" time="0.001"/>
  <testcase name="TestALotOfAdding" classname="LocalCMCTests" time="0.002"/>
  <testcase name="TestALotOfAdding" classname="LocalCMCTests" time="0.001"/>
  <testcase name="TestALotOfAdding" classname="LocalCMCTests" time="0.0"/>
  <testcase name="TestALotOfAdding" classname="LocalCMCTests" time="0.001"/>
  <testcase name="TestALotOfAdding" classname="LocalCMCTests" time="0.0"/>
  <testcase name="TestALotOfAdding" classname="LocalCMCTests" time="0.001"/>
  <testcase name="TestALotOfAdding" classname="LocalCMCTests" time="0.001"/>
  <testcase name="TestALotOfAdding" classname="LocalCMCTests" time="0.0"/>
  <testcase name="TestALotOfAdding" classname="LocalCMCTests" time="0.0"/>
  <testcase name="TestALotOfAdding" classname="LocalCMCTests" time="0.0"/>
  <testcase name="TestALotOfAdding" classname="LocalCMCTests" time="0.0"/>
  <testcase name="TestALotOfAdding" classname="LocalCMCTests" time="0.001"/>
  <testcase name="TestALotOfAdding" classname="LocalCMCTests" time="0.001"/>
  <testcase name="TestALotOfAdding" classname="LocalCMCTests" time="0.001"/>
  <testcase name="TestALotOfAdding" classname="LocalCMCTests" time="0.001"/>
  <testcase name="TestALotOfAdding" classname="LocalCMCTests" time="0.001"/>
  <testcase name="TestALotOfAdding" classname="LocalCMCTests" time="0.001"/>
  <testcase name="TestALotOfAdding" classname="LocalCMCTests" time="0.0"/>
  <testcase name="TestALotOfAdding" classname="LocalCMCTests" time="0.001"/>
  <testcase name="TestALotOfAdding" classname="LocalCMCTests" time="0.0"/>
  <testcase name="TestALotOfAdding" classname="LocalCMCTests" time="0.001"/>
  <testcase name="TestALotOfAdding" classname="LocalCMCTests" time="0.0"/>
  <testcase name="TestALotOfAdding" classname="LocalCMCTests" time="0.0"/>
  <testcase name="TestALotOfAdding" classname="LocalCMCTests" time="0.001"/>
  <testcase name="TestALotOfAdding" classname="LocalCMCTests" time="0.0"/>
  <testcase name="TestALotOfAdding" classname="LocalCMCTests" time="0.001"/>
  <testcase name="TestALotOfAdding" classname="LocalCMCTests" time="0.0"/>
  <testcase name="TestALotOfAdding" classname="LocalCMCTests" time="0.001"/>
  <testcase name="TestALotOfAdding" classname="LocalCMCTests" time="0.001"/>
  <testcase name="TestALotOfAdding" classname="LocalCMCTests" time="0.0"/>
  <testcase name="TestALotOfAdding" classname="LocalCMCTests" time="0.0"/>
  <testcase name="TestALotOfAdding" classname="LocalCMCTests" time="0.0"/>
  <testcase name="TestALotOfAdding" classname="LocalCMCTests" time="0.0"/>
  <testcase name="TestALotOfAdding" classname="LocalCMCTests" time="0.001"/>
  <testcase name="TestALotOfAdding" classname="LocalCMCTests" time="0.0"/>
  <testcase name="TestALotOfAdding" classname="LocalCMCTests" time="0.0"/>
  <testcase name="TestALotOfAdding" classname="LocalCMCTests" time="0.001"/>
  <testcase name="TestALotOfAdding" classname="LocalCMCTests" time="0.001"/>
  <testcase name="TestALotOfAdding" classname="LocalCMCTests" time="0.001"/>
  <testcase name="TestALotOfAdding" classname="LocalCMCTests" time="0.001"/>
  <testcase name="TestALotOfAdding" classname="LocalCMCTests" time="0.0"/>
  <testcase name="TestALotOfAdding" classname="LocalCMCTests" time="0.002"/>
  <testcase name="TestALotOfAdding" classname="LocalCMCTests" time="0.0"/>
  <testcase name="TestALotOfAdding" classname="LocalCMCTests" time="0.0"/>
  <testcase name="TestALotOfAdding" classname="LocalCMCTests" time="0.0"/>
  <testcase name="TestALotOfAdding" classname="LocalCMCTests" time="0.001"/>
  <testcase name="TestALotOfAdding" classname="LocalCMCTests" time="0.001"/>
  <testcase name="TestALotOfAdding" classname="LocalCMCTests" time="0.002"/>
  <testcase name="TestALotOfAdding" classname="LocalCMCTests" time="0.002"/>
  <testcase name="TestALotOfAdding" classname="LocalCMCTests" time="0.0"/>
  <testcase name="TestALotOfAdding" classname="LocalCMCTests" time="0.001"/>
  <testcase name="TestALotOfAdding" classname="LocalCMCTests" time="0.0"/>
  <testcase name="TestALotOfAdding" classname="LocalCMCTests" time="0.001"/>
  <testcase name="TestALotOfAdding" classname="LocalCMCTests" time="0.001"/>
  <testcase name="TestALotOfAdding" classname="LocalCMCTests" time="0.0"/>
  <testcase name="TestALotOfAdding" classname="LocalCMCTests" time="0.001"/>
  <testcase name="TestALotOfAdding" classname="LocalCMCTests" time="0.001"/>
  <testcase name="TestALotOfAdding" classname="LocalCMCTests" time="0.001"/>
  <testcase name="TestALotOfAdding" classname="LocalCMCTests" time="0.0"/>
  <testcase name="TestALotOfAdding" classname="LocalCMCTests" time="0.0"/>
  <testcase name="TestALotOfAdding" classname="LocalCMCTests" time="0.0"/>
  <testcase name="TestALotOfAdding" classname="LocalCMCTests" time="0.001"/>
  <testcase name="TestALotOfAdding" classname="LocalCMCTests" time="0.001"/>
  <testcase name="TestALotOfAdding" classname="LocalCMCTests" time="0.001"/>
  <testcase name="TestALotOfAdding" classname="LocalCMCTests" time="0.001"/>
  <testcase name="TestALotOfAdding" classname="LocalCMCTests" time="0.001"/>
  <testcase name="TestALotOfAdding" classname="LocalCMCTests" time="0.001"/>
  <testcase name="TestALotOfAdding" classname="LocalCMCTests" time="0.001"/>
  <testcase name="TestALotOfAdding" classname="LocalCMCTests" time="0.001"/>
  <testcase name="TestALotOfAdding" classname="LocalCMCTests" time="0.0"/>
  <testcase name="TestALotOfAdding" classname="LocalCMCTests" time="0.0"/>
  <testcase name="TestALotOfAdding" classname="LocalCMCTests" time="0.0"/>
  <testcase name="TestALotOfAdding" classname="LocalCMCTests" time="0.0"/>
  <testcase name="TestALotOfAdding" classname="LocalCMCTests" time="0.0"/>
  <testcase name="TestALotOfAdding" classname="LocalCMCTests" time="0.0"/>
  <testcase name="TestALotOfAdding" classname="LocalCMCTests" time="0.002"/>
  <testcase name="TestALotOfAdding" classname="LocalCMCTests" time="0.002"/>
  <testcase name="TestALotOfAdding" classname="LocalCMCTests" time="0.001"/>
  <testcase name="TestALotOfAdding" classname="LocalCMCTests" time="0.001"/>
  <testcase name="TestALotOfAdding" classname="LocalCMCTests" time="0.001"/>
  <testcase name="TestALotOfAdding" classname="LocalCMCTests" time="0.001"/>
  <testcase name="TestALotOfAdding" classname="LocalCMCTests" time="0.001"/>
  <testcase name="TestALotOfAdding" classname="LocalCMCTests" time="0.001"/>
  <testcase name="TestALotOfAdding" classname="LocalCMCTests" time="0.001"/>
  <testcase name="TestALotOfAdding" classname="LocalCMCTests" time="0.0"/>
  <testcase name="TestALotOfAdding" classname="LocalCMCTests" time="0.0"/>
  <testcase name="TestALotOfAdding" classname="LocalCMCTests" time="0.0"/>
  <testcase name="TestALotOfAdding" classname="LocalCMCTests" time="0.0"/>
  <testcase name="TestALotOfAdding" classname="LocalCMCTests" time="0.0"/>
  <testcase name="TestALotOfAdding" classname="LocalCMCTests" time="0.0"/>
  <testcase name="TestALotOfAdding" classname="LocalCMCTests" time="0.001"/>
  <testcase name="TestALotOfAdding" classname="LocalCMCTests" time="0.0"/>
  <testcase name="TestALotOfAdding" classname="LocalCMCTests" time="0.0"/>
  <testcase name="TestALotOfAdding" classname="LocalCMCTests" time="0.001"/>
  <testcase name="TestALotOfAdding" classname="LocalCMCTests" time="0.001"/>
  <testcase name="TestALotOfAdding" classname="LocalCMCTests" time="0.0"/>
  <testcase name="TestALotOfAdding" classname="LocalCMCTests" time="0.001"/>
  <testcase name="TestALotOfAdding" classname="LocalCMCTests" time="0.001"/>
  <testcase name="TestALotOfAdding" classname="LocalCMCTests" time="0.0"/>
  <testcase name="TestALotOfAdding" classname="LocalCMCTests" time="0.0"/>
  <testcase name="TestALotOfAdding" classname="LocalCMCTests" time="0.001"/>
  <testcase name="TestALotOfAdding" classname="LocalCMCTests" time="0.001"/>
  <testcase name="TestALotOfAdding" classname="LocalCMCTests" time="0.0"/>
  <testcase name="TestALotOfAdding" classname="LocalCMCTests" time="0.001"/>
  <testcase name="TestALotOfAdding" classname="LocalCMCTests" time="0.001"/>
  <testcase name="TestALotOfAdding" classname="LocalCMCTests" time="0.001"/>
  <testcase name="TestALotOfAdding" classname="LocalCMCTests" time="0.001"/>
  <testcase name="TestALotOfAdding" classname="LocalCMCTests" time="0.0"/>
  <testcase name="TestALotOfAdding" classname="LocalCMCTests" time="0.0"/>
  <testcase name="TestALotOfAdding" classname="LocalCMCTests" time="0.0"/>
  <testcase name="TestALotOfAdding" classname="LocalCMCTests" time="0.001"/>
  <testcase name="TestALotOfAdding" classname="LocalCMCTests" time="0.001"/>
  <testcase name="TestALotOfAdding" classname="LocalCMCTests" time="0.0"/>
  <testcase name="TestALotOfAdding" classname="LocalCMCTests" time="0.0"/>
  <testcase name="TestALotOfAdding" classname="LocalCMCTests" time="0.001"/>
  <testcase name="TestALotOfAdding" classname="LocalCMCTests" time="0.0"/>
  <testcase name="TestALotOfAdding" classname="LocalCMCTests" time="0.001"/>
  <testcase name="TestALotOfAdding" classname="LocalCMCTests" time="0.001"/>
  <testcase name="TestALotOfAdding" classname="LocalCMCTests" time="0.001"/>
  <testcase name="TestALotOfAdding" classname="LocalCMCTests" time="0.001"/>
  <testcase name="TestALotOfAdding" classname="LocalCMCTests" time="0.0"/>
  <testcase name="TestALotOfAdding" classname="LocalCMCTests" time="0.001"/>
  <testcase name="TestALotOfAdding" classname="LocalCMCTests" time="0.0"/>
  <testcase name="TestALotOfAdding" classname="LocalCMCTests" time="0.0"/>
  <testcase name="TestALotOfAdding" classname="LocalCMCTests" time="0.0"/>
  <testcase name="TestALotOfAdding" classname="LocalCMCTests" time="0.0"/>
  <testcase name="TestALotOfAdding" classname="LocalCMCTests" time="0.0"/>
  <testcase name="TestALotOfAdding" classname="LocalCMCTests" time="0.001"/>
  <testcase name="TestALotOfAdding" classname="LocalCMCTests" time="0.0"/>
  <testcase name="TestALotOfAdding" classname="LocalCMCTests" time="0.001"/>
  <testcase name="TestALotOfAdding" classname="LocalCMCTests" time="0.002"/>
  <testcase name="TestALotOfAdding" classname="LocalCMCTests" time="0.0"/>
  <testcase name="TestALotOfAdding" classname="LocalCMCTests" time="0.001"/>
  <testcase name="TestALotOfAdding" classname="LocalCMCTests" time="0.001"/>
  <testcase name="TestALotOfAdding" classname="LocalCMCTests" time="0.0"/>
  <testcase name="TestALotOfAdding" classname="LocalCMCTests" time="0.001"/>
  <testcase name="TestALotOfAdding" classname="LocalCMCTests" time="0.001"/>
  <testcase name="TestALotOfAdding" classname="LocalCMCTests" time="0.001"/>
  <testcase name="TestALotOfAdding" classname="LocalCMCTests" time="0.002"/>
  <testcase name="TestALotOfAdding" classname="LocalCMCTests" time="0.0"/>
  <testcase name="TestALotOfAdding" classname="LocalCMCTests" time="0.001"/>
  <testcase name="TestALotOfAdding" classname="LocalCMCTests" time="0.0"/>
  <testcase name="TestALotOfAdding" classname="LocalCMCTests" time="0.0"/>
  <testcase name="TestALotOfAdding" classname="LocalCMCTests" time="0.0"/>
  <testcase name="TestALotOfAdding" classname="LocalCMCTests" time="0.0"/>
  <testcase name="TestALotOfAdding" classname="LocalCMCTests" time="0.0"/>
  <testcase name="TestALotOfAdding" classname="LocalCMCTests" time="0.001"/>
  <testcase name="TestALotOfAdding" classname="LocalCMCTests" time="0.001"/>
  <testcase name="TestALotOfAdding" classname="LocalCMCTests" time="0.001"/>
  <testcase name="TestALotOfAdding" classname="LocalCMCTests" time="0.001"/>
  <testcase name="TestALotOfAdding" classname="LocalCMCTests" time="0.0"/>
  <testcase name="TestALotOfAdding" classname="LocalCMCTests" time="0.001"/>
  <testcase name="TestALotOfAdding" classname="LocalCMCTests" time="0.0"/>
  <testcase name="TestALotOfAdding" classname="LocalCMCTests" time="0.0"/>
  <testcase name="TestALotOfAdding" classname="LocalCMCTests" time="0.001"/>
  <testcase name="TestALotOfAdding" classname="LocalCMCTests" time="0.0"/>
  <testcase name="TestALotOfAdding" classname="LocalCMCTests" time="0.0"/>
  <testcase name="TestALotOfAdding" classname="LocalCMCTests" time="0.001"/>
  <testcase name="TestALotOfAdding" classname="LocalCMCTests" time="0.001"/>
  <testcase name="TestALotOfAdding" classname="LocalCMCTests" time="0.001"/>
  <testcase name="TestALotOfAdding" classname="LocalCMCTests" time="0.001"/>
  <testcase name="TestALotOfAdding" classname="LocalCMCTests" time="0.001"/>
  <testcase name="TestALotOfAdding" classname="LocalCMCTests" time="0.001"/>
  <testcase name="TestALotOfAdding" classname="LocalCMCTests" time="0.001"/>
  <testcase name="TestALotOfAdding" classname="LocalCMCTests" time="0.001"/>
  <testcase name="TestALotOfAdding" classname="LocalCMCTests" time="0.001"/>
  <testcase name="TestALotOfAdding" classname="LocalCMCTests" time="0.0"/>
  <testcase name="TestALotOfAdding" classname="LocalCMCTests" time="0.0"/>
  <testcase name="TestALotOfAdding" classname="LocalCMCTests" time="0.0"/>
  <testcase name="TestALotOfAdding" classname="LocalCMCTests" time="0.001"/>
  <testcase name="TestALotOfAdding" classname="LocalCMCTests" time="0.0"/>
  <testcase name="TestALotOfAdding" classname="LocalCMCTests" time="0.0"/>
  <testcase name="TestALotOfAdding" classname="LocalCMCTests" time="0.002"/>
  <testcase name="TestALotOfAdding" classname="LocalCMCTests" time="0.002"/>
  <testcase name="TestALotOfAdding" classname="LocalCMCTests" time="0.002"/>
  <testcase name="TestALotOfAdding" classname="LocalCMCTests" time="0.002"/>
  <testcase name="TestALotOfAdding" classname="LocalCMCTests" time="0.002"/>
  <testcase name="TestALotOfAdding" classname="LocalCMCTests" time="0.003"/>
  <testcase name="TestALotOfAdding" classname="LocalCMCTests" time="0.0"/>
  <testcase name="TestALotOfAdding" classname="LocalCMCTests" time="0.002"/>
  <testcase name="TestALotOfAdding" classname="LocalCMCTests" time="0.0"/>
  <testcase name="TestALotOfAdding" classname="LocalCMCTests" time="0.0"/>
  <testcase name="TestALotOfAdding" classname="LocalCMCTests" time="0.0"/>
  <testcase name="TestALotOfAdding" classname="LocalCMCTests" time="0.0"/>
  <testcase name="TestALotOfAdding" classname="LocalCMCTests" time="0.0"/>
  <testcase name="TestALotOfAdding" classname="LocalCMCTests" time="0.0"/>
  <testcase name="TestALotOfAdding" classname="LocalCMCTests" time="0.0"/>
  <testcase name="TestALotOfAdding" classname="LocalCMCTests" time="0.0"/>
  <testcase name="TestALotOfAdding" classname="LocalCMCTests" time="0.001"/>
  <testcase name="TestALotOfAdding" classname="LocalCMCTests" time="0.0"/>
  <testcase name="TestALotOfAdding" classname="LocalCMCTests" time="0.003"/>
  <testcase name="TestALotOfAdding" classname="LocalCMCTests" time="0.0"/>
  <testcase name="TestALotOfAdding" classname="LocalCMCTests" time="0.001"/>
  <testcase name="TestALotOfAdding" classname="LocalCMCTests" time="0.001"/>
  <testcase name="TestALotOfAdding" classname="LocalCMCTests" time="0.001"/>
  <testcase name="TestALotOfAdding" classname="LocalCMCTests" time="0.001"/>
  <testcase name="TestALotOfAdding" classname="LocalCMCTests" time="0.001"/>
  <testcase name="TestALotOfAdding" classname="LocalCMCTests" time="0.001"/>
  <testcase name="TestALotOfAdding" classname="LocalCMCTests" time="0.001"/>
  <testcase name="TestALotOfAdding" classname="LocalCMCTests" time="0.001"/>
  <testcase name="TestALotOfAdding" classname="LocalCMCTests" time="0.0"/>
  <testcase name="TestALotOfAdding" classname="LocalCMCTests" time="0.0"/>
  <testcase name="TestALotOfAdding" classname="LocalCMCTests" time="0.0"/>
  <testcase name="TestALotOfAdding" classname="LocalCMCTests" time="0.001"/>
  <testcase name="TestALotOfAdding" classname="LocalCMCTests" time="0.001"/>
  <testcase name="TestALotOfAdding" classname="LocalCMCTests" time="0.001"/>
  <testcase name="TestALotOfAdding" classname="LocalCMCTests" time="0.001"/>
  <testcase name="TestALotOfAdding" classname="LocalCMCTests" time="0.0"/>
  <testcase name="TestALotOfAdding" classname="LocalCMCTests" time="0.0"/>
  <testcase name="TestALotOfAdding" classname="LocalCMCTests" time="0.0"/>
  <testcase name="TestALotOfAdding" classname="LocalCMCTests" time="0.0"/>
  <testcase name="TestALotOfAdding" classname="LocalCMCTests" time="0.001"/>
  <testcase name="TestALotOfAdding" classname="LocalCMCTests" time="0.0"/>
  <testcase name="TestALotOfAdding" classname="LocalCMCTests" time="0.0"/>
  <testcase name="TestALotOfAdding" classname="LocalCMCTests" time="0.001"/>
  <testcase name="TestALotOfAdding" classname="LocalCMCTests" time="0.001"/>
  <testcase name="TestALotOfAdding" classname="LocalCMCTests" time="0.001"/>
  <testcase name="TestALotOfAdding" classname="LocalCMCTests" time="0.001"/>
  <testcase name="TestALotOfAdding" classname="LocalCMCTests" time="0.002"/>
  <testcase name="TestALotOfAdding" classname="LocalCMCTests" time="0.001"/>
  <testcase name="TestALotOfAdding" classname="LocalCMCTests" time="0.001"/>
  <testcase name="TestALotOfAdding" classname="LocalCMCTests" time="0.0"/>
  <testcase name="TestALotOfAdding" classname="LocalCMCTests" time="0.001"/>
  <testcase name="TestALotOfAdding" classname="LocalCMCTests" time="0.0"/>
  <testcase name="TestALotOfAdding" classname="LocalCMCTests" time="0.001"/>
  <testcase name="TestALotOfAdding" classname="LocalCMCTests" time="0.001"/>
  <testcase name="TestALotOfAdding" classname="LocalCMCTests" time="0.001"/>
  <testcase name="TestALotOfAdding" classname="LocalCMCTests" time="0.0"/>
  <testcase name="TestALotOfAdding" classname="LocalCMCTests" time="0.001"/>
  <testcase name="TestALotOfAdding" classname="LocalCMCTests" time="0.0"/>
  <testcase name="TestALotOfAdding" classname="LocalCMCTests" time="0.0"/>
  <testcase name="TestALotOfAdding" classname="LocalCMCTests" time="0.0"/>
  <testcase name="TestALotOfAdding" classname="LocalCMCTests" time="0.0"/>
  <testcase name="TestALotOfAdding" classname="LocalCMCTests" time="0.002"/>
  <testcase name="TestALotOfAdding" classname="LocalCMCTests" time="0.001"/>
  <testcase name="TestALotOfAdding" classname="LocalCMCTests" time="0.0"/>
  <testcase name="TestALotOfAdding" classname="LocalCMCTests" time="0.001"/>
  <testcase name="TestALotOfAdding" classname="LocalCMCTests" time="0.002"/>
  <testcase name="TestALotOfAdding" classname="LocalCMCTests" time="0.0"/>
  <testcase name="TestALotOfAdding" classname="LocalCMCTests" time="0.001"/>
  <testcase name="TestALotOfAdding" classname="LocalCMCTests" time="0.0"/>
  <testcase name="TestALotOfAdding" classname="LocalCMCTests" time="0.0"/>
  <testcase name="TestALotOfAdding" classname="LocalCMCTests" time="0.0"/>
  <testcase name="TestALotOfAdding" classname="LocalCMCTests" time="0.001"/>
  <testcase name="TestALotOfAdding" classname="LocalCMCTests" time="0.001"/>
  <testcase name="TestALotOfAdding" classname="LocalCMCTests" time="0.001"/>
  <testcase name="TestALotOfAdding" classname="LocalCMCTests" time="0.0"/>
  <testcase name="TestALotOfAdding" classname="LocalCMCTests" time="0.001"/>
  <testcase name="TestALotOfAdding" classname="LocalCMCTests" time="0.0"/>
  <testcase name="TestALotOfAdding" classname="LocalCMCTests" time="0.001"/>
  <testcase name="TestALotOfAdding" classname="LocalCMCTests" time="0.001"/>
  <testcase name="TestALotOfAdding" classname="LocalCMCTests" time="0.001"/>
  <testcase name="TestALotOfAdding" classname="LocalCMCTests" time="0.001"/>
  <testcase name="TestALotOfAdding" classname="LocalCMCTests" time="0.0"/>
  <testcase name="TestALotOfAdding" classname="LocalCMCTests" time="0.001"/>
  <testcase name="TestALotOfAdding" classname="LocalCMCTests" time="0.001"/>
  <testcase name="TestALotOfAdding" classname="LocalCMCTests" time="0.0"/>
  <testcase name="TestALotOfAdding" classname="LocalCMCTests" time="0.001"/>
  <testcase name="TestALotOfAdding" classname="LocalCMCTests" time="0.0"/>
  <testcase name="TestALotOfAdding" classname="LocalCMCTests" time="0.0"/>
  <testcase name="TestALotOfAdding" classname="LocalCMCTests" time="0.0"/>
  <testcase name="TestALotOfAdding" classname="LocalCMCTests" time="0.0"/>
  <testcase name="TestALotOfAdding" classname="LocalCMCTests" time="0.001"/>
  <testcase name="TestALotOfAdding" classname="LocalCMCTests" time="0.001"/>
  <testcase name="TestALotOfAdding" classname="LocalCMCTests" time="0.0"/>
  <testcase name="TestALotOfAdding" classname="LocalCMCTests" time="0.002"/>
  <testcase name="TestALotOfAdding" classname="LocalCMCTests" time="0.001"/>
  <testcase name="TestALotOfAdding" classname="LocalCMCTests" time="0.0"/>
  <testcase name="TestALotOfAdding" classname="LocalCMCTests" time="0.001"/>
  <testcase name="TestALotOfAdding" classname="LocalCMCTests" time="0.001"/>
  <testcase name="TestALotOfAdding" classname="LocalCMCTests" time="0.001"/>
  <testcase name="TestALotOfAdding" classname="LocalCMCTests" time="0.0"/>
  <testcase name="TestALotOfAdding" classname="LocalCMCTests" time="0.001"/>
  <testcase name="TestALotOfAdding" classname="LocalCMCTests" time="0.001"/>
  <testcase name="TestALotOfAdding" classname="LocalCMCTests" time="0.001"/>
  <testcase name="TestALotOfAdding" classname="LocalCMCTests" time="0.0"/>
  <testcase name="TestALotOfAdding" classname="LocalCMCTests" time="0.0"/>
  <testcase name="TestALotOfAdding" classname="LocalCMCTests" time="0.001"/>
  <testcase name="TestALotOfAdding" classname="LocalCMCTests" time="0.001"/>
  <testcase name="TestALotOfAdding" classname="LocalCMCTests" time="0.0"/>
  <testcase name="TestALotOfAdding" classname="LocalCMCTests" time="0.0"/>
  <testcase name="TestALotOfAdding" classname="LocalCMCTests" time="0.0"/>
  <testcase name="TestALotOfAdding" classname="LocalCMCTests" time="0.0"/>
  <testcase name="TestALotOfAdding" classname="LocalCMCTests" time="0.001"/>
  <testcase name="TestALotOfAdding" classname="LocalCMCTests" time="0.001"/>
  <testcase name="TestALotOfAdding" classname="LocalCMCTests" time="0.001"/>
  <testcase name="TestALotOfAdding" classname="LocalCMCTests" time="0.001"/>
  <testcase name="TestALotOfAdding" classname="LocalCMCTests" time="0.0"/>
  <testcase name="TestALotOfAdding" classname="LocalCMCTests" time="0.0"/>
  <testcase name="TestALotOfAdding" classname="LocalCMCTests" time="0.001"/>
  <testcase name="TestALotOfAdding" classname="LocalCMCTests" time="0.001"/>
  <testcase name="TestALotOfAdding" classname="LocalCMCTests" time="0.001"/>
  <testcase name="TestALotOfAdding" classname="LocalCMCTests" time="0.0"/>
  <testcase name="TestALotOfAdding" classname="LocalCMCTests" time="0.0"/>
  <testcase name="TestALotOfAdding" classname="LocalCMCTests" time="0.0"/>
  <testcase name="TestALotOfAdding" classname="LocalCMCTests" time="0.0"/>
  <testcase name="TestALotOfAdding" classname="LocalCMCTests" time="0.0"/>
  <testcase name="TestALotOfAdding" classname="LocalCMCTests" time="0.001"/>
  <testcase name="TestALotOfAdding" classname="LocalCMCTests" time="0.0"/>
  <testcase name="TestALotOfAdding" classname="LocalCMCTests" time="0.002"/>
  <testcase name="TestALotOfAdding" classname="LocalCMCTests" time="0.001"/>
  <testcase name="TestALotOfAdding" classname="LocalCMCTests" time="0.0"/>
  <testcase name="TestALotOfAdding" classname="LocalCMCTests" time="0.0"/>
  <testcase name="TestALotOfAdding" classname="LocalCMCTests" time="0.002"/>
  <testcase name="TestALotOfAdding" classname="LocalCMCTests" time="0.002"/>
  <testcase name="TestALotOfAdding" classname="LocalCMCTests" time="0.0"/>
  <testcase name="TestALotOfAdding" classname="LocalCMCTests" time="0.0"/>
  <testcase name="TestALotOfAdding" classname="LocalCMCTests" time="0.0"/>
  <testcase name="TestALotOfAdding" classname="LocalCMCTests" time="0.0"/>
  <testcase name="TestALotOfAdding" classname="LocalCMCTests" time="0.0"/>
  <testcase name="TestALotOfAdding" classname="LocalCMCTests" time="0.001"/>
  <testcase name="TestALotOfAdding" classname="LocalCMCTests" time="0.001"/>
  <testcase name="TestALotOfAdding" classname="LocalCMCTests" time="0.001"/>
  <testcase name="TestALotOfAdding" classname="LocalCMCTests" time="0.0"/>
  <testcase name="TestALotOfAdding" classname="LocalCMCTests" time="0.0"/>
  <testcase name="TestALotOfAdding" classname="LocalCMCTests" time="0.001"/>
  <testcase name="TestALotOfAdding" classname="LocalCMCTests" time="0.0"/>
  <testcase name="TestALotOfAdding" classname="LocalCMCTests" time="0.0"/>
  <testcase name="TestALotOfAdding" classname="LocalCMCTests" time="0.0"/>
  <testcase name="TestALotOfAdding" classname="LocalCMCTests" time="0.001"/>
  <testcase name="TestALotOfAdding" classname="LocalCMCTests" time="0.0"/>
  <testcase name="TestALotOfAdding" classname="LocalCMCTests" time="0.001"/>
  <testcase name="TestALotOfAdding" classname="LocalCMCTests" time="0.001"/>
  <testcase name="TestALotOfAdding" classname="LocalCMCTests" time="0.001"/>
  <testcase name="TestALotOfAdding" classname="LocalCMCTests" time="0.001"/>
  <testcase name="TestALotOfAdding" classname="LocalCMCTests" time="0.001"/>
  <testcase name="TestALotOfAdding" classname="LocalCMCTests" time="0.002"/>
  <testcase name="TestALotOfAdding" classname="LocalCMCTests" time="0.001"/>
  <testcase name="TestALotOfAdding" classname="LocalCMCTests" time="0.001"/>
  <testcase name="TestALotOfAdding" classname="LocalCMCTests" time="0.002"/>
  <testcase name="TestALotOfAdding" classname="LocalCMCTests" time="0.003"/>
  <testcase name="TestALotOfAdding" classname="LocalCMCTests" time="0.001"/>
  <testcase name="TestALotOfAdding" classname="LocalCMCTests" time="0.0"/>
  <testcase name="TestALotOfAdding" classname="LocalCMCTests" time="0.0"/>
  <testcase name="TestALotOfAdding" classname="LocalCMCTests" time="0.001"/>
  <testcase name="TestALotOfAdding" classname="LocalCMCTests" time="0.0"/>
  <testcase name="TestALotOfAdding" classname="LocalCMCTests" time="0.001"/>
  <testcase name="TestALotOfAdding" classname="LocalCMCTests" time="0.001"/>
  <testcase name="TestALotOfAdding" classname="LocalCMCTests" time="0.002"/>
  <testcase name="TestALotOfAdding" classname="LocalCMCTests" time="0.001"/>
  <testcase name="TestALotOfAdding" classname="LocalCMCTests" time="0.001"/>
  <testcase name="TestALotOfAdding" classname="LocalCMCTests" time="0.001"/>
  <testcase name="TestALotOfAdding" classname="LocalCMCTests" time="0.001"/>
  <testcase name="TestALotOfAdding" classname="LocalCMCTests" time="0.001"/>
  <testcase name="TestALotOfAdding" classname="LocalCMCTests" time="0.001"/>
  <testcase name="TestALotOfAdding" classname="LocalCMCTests" time="0.001"/>
  <testcase name="TestALotOfAdding" classname="LocalCMCTests" time="0.001"/>
  <testcase name="TestALotOfAdding" classname="LocalCMCTests" time="0.0"/>
  <testcase name="TestALotOfAdding" classname="LocalCMCTests" time="0.0"/>
  <testcase name="TestALotOfAdding" classname="LocalCMCTests" time="0.0"/>
  <testcase name="TestALotOfAdding" classname="LocalCMCTests" time="0.0"/>
  <testcase name="TestALotOfAdding" classname="LocalCMCTests" time="0.0"/>
  <testcase name="TestALotOfAdding" classname="LocalCMCTests" time="0.0"/>
  <testcase name="TestALotOfAdding" classname="LocalCMCTests" time="0.0"/>
  <testcase name="TestALotOfAdding" classname="LocalCMCTests" time="0.0"/>
  <testcase name="TestALotOfAdding" classname="LocalCMCTests" time="0.0"/>
  <testcase name="TestALotOfAdding" classname="LocalCMCTests" time="0.0"/>
  <testcase name="TestALotOfAdding" classname="LocalCMCTests" time="0.001"/>
  <testcase name="TestALotOfAdding" classname="LocalCMCTests" time="0.001"/>
  <testcase name="TestALotOfAdding" classname="LocalCMCTests" time="0.001"/>
  <testcase name="TestALotOfAdding" classname="LocalCMCTests" time="0.0"/>
  <testcase name="TestALotOfAdding" classname="LocalCMCTests" time="0.001"/>
  <testcase name="TestALotOfAdding" classname="LocalCMCTests" time="0.0"/>
  <testcase name="TestALotOfAdding" classname="LocalCMCTests" time="0.001"/>
  <testcase name="TestALotOfAdding" classname="LocalCMCTests" time="0.001"/>
  <testcase name="TestALotOfAdding" classname="LocalCMCTests" time="0.001"/>
  <testcase name="TestALotOfAdding" classname="LocalCMCTests" time="0.0"/>
  <testcase name="TestALotOfAdding" classname="LocalCMCTests" time="0.001"/>
  <testcase name="TestALotOfAdding" classname="LocalCMCTests" time="0.001"/>
  <testcase name="TestALotOfAdding" classname="LocalCMCTests" time="0.0"/>
  <testcase name="TestALotOfAdding" classname="LocalCMCTests" time="0.0"/>
  <testcase name="TestALotOfAdding" classname="LocalCMCTests" time="0.0"/>
  <testcase name="TestALotOfAdding" classname="LocalCMCTests" time="0.001"/>
  <testcase name="TestALotOfAdding" classname="LocalCMCTests" time="0.0"/>
  <testcase name="TestALotOfAdding" classname="LocalCMCTests" time="0.001"/>
  <testcase name="TestALotOfAdding" classname="LocalCMCTests" time="0.001"/>
  <testcase name="TestALotOfAdding" classname="LocalCMCTests" time="0.0"/>
  <testcase name="TestALotOfAdding" classname="LocalCMCTests" time="0.001"/>
  <testcase name="TestALotOfAdding" classname="LocalCMCTests" time="0.001"/>
  <testcase name="TestALotOfAdding" classname="LocalCMCTests" time="0.001"/>
  <testcase name="TestALotOfAdding" classname="LocalCMCTests" time="0.0"/>
  <testcase name="TestALotOfAdding" classname="LocalCMCTests" time="0.001"/>
  <testcase name="TestALotOfAdding" classname="LocalCMCTests" time="0.001"/>
  <testcase name="TestALotOfAdding" classname="LocalCMCTests" time="0.0"/>
  <testcase name="TestALotOfAdding" classname="LocalCMCTests" time="0.001"/>
  <testcase name="TestALotOfAdding" classname="LocalCMCTests" time="0.001"/>
  <testcase name="TestALotOfAdding" classname="LocalCMCTests" time="0.001"/>
  <testcase name="TestALotOfAdding" classname="LocalCMCTests" time="0.001"/>
  <testcase name="TestALotOfAdding" classname="LocalCMCTests" time="0.0"/>
  <testcase name="TestALotOfAdding" classname="LocalCMCTests" time="0.002"/>
  <testcase name="TestALotOfAdding" classname="LocalCMCTests" time="0.002"/>
  <testcase name="TestALotOfAdding" classname="LocalCMCTests" time="0.0"/>
  <testcase name="TestALotOfAdding" classname="LocalCMCTests" time="0.0"/>
  <testcase name="TestALotOfAdding" classname="LocalCMCTests" time="0.001"/>
  <testcase name="TestALotOfAdding" classname="LocalCMCTests" time="0.001"/>
  <testcase name="TestALotOfAdding" classname="LocalCMCTests" time="0.001"/>
  <testcase name="TestALotOfAdding" classname="LocalCMCTests" time="0.0"/>
  <testcase name="TestALotOfAdding" classname="LocalCMCTests" time="0.001"/>
  <testcase name="TestALotOfAdding" classname="LocalCMCTests" time="0.0"/>
  <testcase name="TestALotOfAdding" classname="LocalCMCTests" time="0.0"/>
  <testcase name="TestALotOfAdding" classname="LocalCMCTests" time="0.0"/>
  <testcase name="TestALotOfAdding" classname="LocalCMCTests" time="0.001"/>
  <testcase name="TestALotOfAdding" classname="LocalCMCTests" time="0.001"/>
  <testcase name="TestALotOfAdding" classname="LocalCMCTests" time="0.001"/>
  <testcase name="TestALotOfAdding" classname="LocalCMCTests" time="0.001"/>
  <testcase name="TestALotOfAdding" classname="LocalCMCTests" time="0.001"/>
  <testcase name="TestALotOfAdding" classname="LocalCMCTests" time="0.0"/>
  <testcase name="TestALotOfAdding" classname="LocalCMCTests" time="0.0"/>
  <testcase name="TestALotOfAdding" classname="LocalCMCTests" time="0.0"/>
  <testcase name="TestALotOfAdding" classname="LocalCMCTests" time="0.001"/>
  <testcase name="TestALotOfAdding" classname="LocalCMCTests" time="0.001"/>
  <testcase name="TestALotOfAdding" classname="LocalCMCTests" time="0.0"/>
  <testcase name="TestALotOfAdding" classname="LocalCMCTests" time="0.0"/>
  <testcase name="TestALotOfAdding" classname="LocalCMCTests" time="0.001"/>
  <testcase name="TestALotOfAdding" classname="LocalCMCTests" time="0.001"/>
  <testcase name="TestALotOfAdding" classname="LocalCMCTests" time="0.001"/>
  <testcase name="TestALotOfAdding" classname="LocalCMCTests" time="0.001"/>
  <testcase name="TestALotOfAdding" classname="LocalCMCTests" time="0.0"/>
  <testcase name="TestALotOfAdding" classname="LocalCMCTests" time="0.001"/>
  <testcase name="TestALotOfAdding" classname="LocalCMCTests" time="0.001"/>
  <testcase name="TestALotOfAdding" classname="LocalCMCTests" time="0.001"/>
  <testcase name="TestALotOfAdding" classname="LocalCMCTests" time="0.001"/>
  <testcase name="TestALotOfAdding" classname="LocalCMCTests" time="0.0"/>
  <testcase name="TestALotOfAdding" classname="LocalCMCTests" time="0.001"/>
  <testcase name="TestALotOfAdding" classname="LocalCMCTests" time="0.001"/>
  <testcase name="TestALotOfAdding" classname="LocalCMCTests" time="0.0"/>
  <testcase name="TestALotOfAdding" classname="LocalCMCTests" time="0.0"/>
  <testcase name="TestALotOfAdding" classname="LocalCMCTests" time="0.0"/>
  <testcase name="TestALotOfAdding" classname="LocalCMCTests" time="0.0"/>
  <testcase name="TestALotOfAdding" classname="LocalCMCTests" time="0.0"/>
  <testcase name="TestALotOfAdding" classname="LocalCMCTests" time="0.0"/>
  <testcase name="TestALotOfAdding" classname="LocalCMCTests" time="0.002"/>
  <testcase name="TestALotOfAdding" classname="LocalCMCTests" time="0.002"/>
  <testcase name="TestALotOfAdding" classname="LocalCMCTests" time="0.001"/>
  <testcase name="TestALotOfAdding" classname="LocalCMCTests" time="0.001"/>
  <testcase name="TestALotOfAdding" classname="LocalCMCTests" time="0.001"/>
  <testcase name="TestALotOfAdding" classname="LocalCMCTests" time="0.0"/>
  <testcase name="TestALotOfAdding" classname="LocalCMCTests" time="0.001"/>
  <testcase name="TestALotOfAdding" classname="LocalCMCTests" time="0.001"/>
  <testcase name="TestALotOfAdding" classname="LocalCMCTests" time="0.001"/>
  <testcase name="TestALotOfAdding" classname="LocalCMCTests" time="0.0"/>
  <testcase name="TestALotOfAdding" classname="LocalCMCTests" time="0.0"/>
  <testcase name="TestALotOfAdding" classname="LocalCMCTests" time="0.0"/>
  <testcase name="TestALotOfAdding" classname="LocalCMCTests" time="0.0"/>
  <testcase name="TestALotOfAdding" classname="LocalCMCTests" time="0.0"/>
  <testcase name="TestALotOfAdding" classname="LocalCMCTests" time="0.001"/>
  <testcase name="TestALotOfAdding" classname="LocalCMCTests" time="0.0"/>
  <testcase name="TestALotOfAdding" classname="LocalCMCTests" time="0.0"/>
  <testcase name="TestALotOfAdding" classname="LocalCMCTests" time="0.001"/>
  <testcase name="TestALotOfAdding" classname="LocalCMCTests" time="0.0"/>
  <testcase name="TestALotOfAdding" classname="LocalCMCTests" time="0.003"/>
  <testcase name="TestALotOfAdding" classname="LocalCMCTests" time="0.0"/>
  <testcase name="TestALotOfAdding" classname="LocalCMCTests" time="0.001"/>
  <testcase name="TestALotOfAdding" classname="LocalCMCTests" time="0.0"/>
  <testcase name="TestALotOfAdding" classname="LocalCMCTests" time="0.001"/>
  <testcase name="TestALotOfAdding" classname="LocalCMCTests" time="0.0"/>
  <testcase name="TestALotOfAdding" classname="LocalCMCTests" time="0.001"/>
  <testcase name="TestALotOfAdding" classname="LocalCMCTests" time="0.0"/>
  <testcase name="TestALotOfAdding" classname="LocalCMCTests" time="0.001"/>
  <testcase name="TestALotOfAdding" classname="LocalCMCTests" time="0.001"/>
  <testcase name="TestALotOfAdding" classname="LocalCMCTests" time="0.001"/>
  <testcase name="TestALotOfAdding" classname="LocalCMCTests" time="0.0"/>
  <testcase name="TestALotOfAdding" classname="LocalCMCTests" time="0.0"/>
  <testcase name="TestALotOfAdding" classname="LocalCMCTests" time="0.0"/>
  <testcase name="TestALotOfAdding" classname="LocalCMCTests" time="0.0"/>
  <testcase name="TestALotOfAdding" classname="LocalCMCTests" time="0.0"/>
  <testcase name="TestALotOfAdding" classname="LocalCMCTests" time="0.001"/>
  <testcase name="TestALotOfAdding" classname="LocalCMCTests" time="0.001"/>
  <testcase name="TestALotOfAdding" classname="LocalCMCTests" time="0.001"/>
  <testcase name="TestALotOfAdding" classname="LocalCMCTests" time="0.001"/>
  <testcase name="TestALotOfAdding" classname="LocalCMCTests" time="0.001"/>
  <testcase name="TestALotOfAdding" classname="LocalCMCTests" time="0.001"/>
  <testcase name="TestALotOfAdding" classname="LocalCMCTests" time="0.0"/>
  <testcase name="TestALotOfAdding" classname="LocalCMCTests" time="0.0"/>
  <testcase name="TestALotOfAdding" classname="LocalCMCTests" time="0.0"/>
  <testcase name="TestALotOfAdding" classname="LocalCMCTests" time="0.0"/>
  <testcase name="TestALotOfAdding" classname="LocalCMCTests" time="0.001"/>
  <testcase name="TestALotOfAdding" classname="LocalCMCTests" time="0.0"/>
  <testcase name="TestALotOfAdding" classname="LocalCMCTests" time="0.001"/>
  <testcase name="TestALotOfAdding" classname="LocalCMCTests" time="0.002"/>
  <testcase name="TestALotOfAdding" classname="LocalCMCTests" time="0.001"/>
  <testcase name="TestALotOfAdding" classname="LocalCMCTests" time="0.002"/>
  <testcase name="TestALotOfAdding" classname="LocalCMCTests" time="0.0"/>
  <testcase name="TestALotOfAdding" classname="LocalCMCTests" time="0.001"/>
  <testcase name="TestALotOfAdding" classname="LocalCMCTests" time="0.0"/>
  <testcase name="TestALotOfAdding" classname="LocalCMCTests" time="0.001"/>
  <testcase name="TestALotOfAdding" classname="LocalCMCTests" time="0.0"/>
  <testcase name="TestALotOfAdding" classname="LocalCMCTests" time="0.001"/>
  <testcase name="TestALotOfAdding" classname="LocalCMCTests" time="0.001"/>
  <testcase name="TestALotOfAdding" classname="LocalCMCTests" time="0.001"/>
  <testcase name="TestALotOfAdding" classname="LocalCMCTests" time="0.0"/>
  <testcase name="TestALotOfAdding" classname="LocalCMCTests" time="0.0"/>
  <testcase name="TestALotOfAdding" classname="LocalCMCTests" time="0.001"/>
  <testcase name="TestALotOfAdding" classname="LocalCMCTests" time="0.0"/>
  <testcase name="TestALotOfAdding" classname="LocalCMCTests" time="0.001"/>
  <testcase name="TestALotOfAdding" classname="LocalCMCTests" time="0.0"/>
  <testcase name="TestALotOfAdding" classname="LocalCMCTests" time="0.001"/>
  <testcase name="TestALotOfAdding" classname="LocalCMCTests" time="0.001"/>
  <testcase name="TestALotOfAdding" classname="LocalCMCTests" time="0.0"/>
  <testcase name="TestALotOfAdding" classname="LocalCMCTests" time="0.001"/>
  <testcase name="TestALotOfAdding" classname="LocalCMCTests" time="0.001"/>
  <testcase name="TestALotOfAdding" classname="LocalCMCTests" time="0.001"/>
  <testcase name="TestALotOfAdding" classname="LocalCMCTests" time="0.0"/>
  <testcase name="TestALotOfAdding" classname="LocalCMCTests" time="0.001"/>
  <testcase name="TestALotOfAdding" classname="LocalCMCTests" time="0.0"/>
  <testcase name="TestALotOfAdding" classname="LocalCMCTests" time="0.002"/>
  <testcase name="TestALotOfAdding" classname="LocalCMCTests" time="0.0"/>
  <testcase name="TestALotOfAdding" classname="LocalCMCTests" time="0.0"/>
  <testcase name="TestALotOfAdding" classname="LocalCMCTests" time="0.001"/>
  <testcase name="TestALotOfAdding" classname="LocalCMCTests" time="0.001"/>
  <testcase name="TestALotOfAdding" classname="LocalCMCTests" time="0.001"/>
  <testcase name="TestALotOfAdding" classname="LocalCMCTests" time="0.001"/>
  <testcase name="TestALotOfAdding" classname="LocalCMCTests" time="0.001"/>
  <testcase name="TestALotOfAdding" classname="LocalCMCTests" time="0.001"/>
  <testcase name="TestALotOfAdding" classname="LocalCMCTests" time="0.001"/>
  <testcase name="TestALotOfAdding" classname="LocalCMCTests" time="0.0"/>
  <testcase name="TestALotOfAdding" classname="LocalCMCTests" time="0.0"/>
  <testcase name="TestALotOfAdding" classname="LocalCMCTests" time="0.0"/>
  <testcase name="TestALotOfAdding" classname="LocalCMCTests" time="0.0"/>
  <testcase name="TestALotOfAdding" classname="LocalCMCTests" time="0.0"/>
  <testcase name="TestALotOfAdding" classname="LocalCMCTests" time="0.001"/>
  <testcase name="TestALotOfAdding" classname="LocalCMCTests" time="0.001"/>
  <testcase name="TestALotOfAdding" classname="LocalCMCTests" time="0.001"/>
  <testcase name="TestALotOfAdding" classname="LocalCMCTests" time="0.0"/>
  <testcase name="TestALotOfAdding" classname="LocalCMCTests" time="0.0"/>
  <testcase name="TestALotOfAdding" classname="LocalCMCTests" time="0.001"/>
  <testcase name="TestALotOfAdding" classname="LocalCMCTests" time="0.001"/>
  <testcase name="TestALotOfAdding" classname="LocalCMCTests" time="0.001"/>
  <testcase name="TestALotOfAdding" classname="LocalCMCTests" time="0.001"/>
  <testcase name="TestALotOfAdding" classname="LocalCMCTests" time="0.0"/>
  <testcase name="TestALotOfAdding" classname="LocalCMCTests" time="0.001"/>
  <testcase name="TestALotOfAdding" classname="LocalCMCTests" time="0.001"/>
  <testcase name="TestALotOfAdding" classname="LocalCMCTests" time="0.0"/>
  <testcase name="TestALotOfAdding" classname="LocalCMCTests" time="0.0"/>
  <testcase name="TestALotOfAdding" classname="LocalCMCTests" time="0.0"/>
  <testcase name="TestALotOfAdding" classname="LocalCMCTests" time="0.0"/>
  <testcase name="TestALotOfAdding" classname="LocalCMCTests" time="0.001"/>
  <testcase name="TestALotOfAdding" classname="LocalCMCTests" time="0.0"/>
  <testcase name="TestALotOfAdding" classname="LocalCMCTests" time="0.001"/>
  <testcase name="TestALotOfAdding" classname="LocalCMCTests" time="0.002"/>
  <testcase name="TestALotOfAdding" classname="LocalCMCTests" time="0.0"/>
  <testcase name="TestALotOfAdding" classname="LocalCMCTests" time="0.001"/>
  <testcase name="TestALotOfAdding" classname="LocalCMCTests" time="0.001"/>
  <testcase name="TestALotOfAdding" classname="LocalCMCTests" time="0.0"/>
  <testcase name="TestALotOfAdding" classname="LocalCMCTests" time="0.001"/>
  <testcase name="TestALotOfAdding" classname="LocalCMCTests" time="0.0"/>
  <testcase name="TestALotOfAdding" classname="LocalCMCTests" time="0.001"/>
  <testcase name="TestALotOfAdding" classname="LocalCMCTests" time="0.0"/>
  <testcase name="TestALotOfAdding" classname="LocalCMCTests" time="0.001"/>
  <testcase name="TestALotOfAdding" classname="LocalCMCTests" time="0.001"/>
  <testcase name="TestALotOfAdding" classname="LocalCMCTests" time="0.0"/>
  <testcase name="TestALotOfAdding" classname="LocalCMCTests" time="0.0"/>
  <testcase name="TestALotOfAdding" classname="LocalCMCTests" time="0.0"/>
  <testcase name="TestALotOfAdding" classname="LocalCMCTests" time="0.0"/>
  <testcase name="TestALotOfAdding" classname="LocalCMCTests" time="0.0"/>
  <testcase name="TestALotOfAdding" classname="LocalCMCTests" time="0.001"/>
  <testcase name="TestALotOfAdding" classname="LocalCMCTests" time="0.001"/>
  <testcase name="TestALotOfAdding" classname="LocalCMCTests" time="0.002"/>
  <testcase name="TestALotOfAdding" classname="LocalCMCTests" time="0.002"/>
  <testcase name="TestALotOfAdding" classname="LocalCMCTests" time="0.0"/>
  <testcase name="TestALotOfAdding" classname="LocalCMCTests" time="0.001"/>
  <testcase name="TestALotOfAdding" classname="LocalCMCTests" time="0.001"/>
  <testcase name="TestALotOfAdding" classname="LocalCMCTests" time="0.001"/>
  <testcase name="TestALotOfAdding" classname="LocalCMCTests" time="0.001"/>
  <testcase name="TestALotOfAdding" classname="LocalCMCTests" time="0.0"/>
  <testcase name="TestALotOfAdding" classname="LocalCMCTests" time="0.001"/>
  <testcase name="TestALotOfAdding" classname="LocalCMCTests" time="0.001"/>
  <testcase name="TestALotOfAdding" classname="LocalCMCTests" time="0.0"/>
  <testcase name="TestALotOfAdding" classname="LocalCMCTests" time="0.001"/>
  <testcase name="TestALotOfAdding" classname="LocalCMCTests" time="0.0"/>
  <testcase name="TestALotOfAdding" classname="LocalCMCTests" time="0.001"/>
  <testcase name="TestALotOfAdding" classname="LocalCMCTests" time="0.001"/>
  <testcase name="TestALotOfAdding" classname="LocalCMCTests" time="0.0"/>
  <testcase name="TestALotOfAdding" classname="LocalCMCTests" time="0.001"/>
  <testcase name="TestALotOfAdding" classname="LocalCMCTests" time="0.0"/>
  <testcase name="TestALotOfAdding" classname="LocalCMCTests" time="0.001"/>
  <testcase name="TestALotOfAdding" classname="LocalCMCTests" time="0.001"/>
  <testcase name="TestALotOfAdding" classname="LocalCMCTests" time="0.001"/>
  <testcase name="TestALotOfAdding" classname="LocalCMCTests" time="0.0"/>
  <testcase name="TestALotOfAdding" classname="LocalCMCTests" time="0.001"/>
  <testcase name="TestALotOfAdding" classname="LocalCMCTests" time="0.0"/>
  <testcase name="TestALotOfAdding" classname="LocalCMCTests" time="0.0"/>
  <testcase name="TestALotOfAdding" classname="LocalCMCTests" time="0.0"/>
  <testcase name="TestALotOfAdding" classname="LocalCMCTests" time="0.001"/>
  <testcase name="TestALotOfAdding" classname="LocalCMCTests" time="0.001"/>
  <testcase name="TestALotOfAdding" classname="LocalCMCTests" time="0.0"/>
  <testcase name="TestALotOfAdding" classname="LocalCMCTests" time="0.002"/>
  <testcase name="TestALotOfAdding" classname="LocalCMCTests" time="0.002"/>
  <testcase name="TestALotOfAdding" classname="LocalCMCTests" time="0.001"/>
  <testcase name="TestALotOfAdding" classname="LocalCMCTests" time="0.001"/>
  <testcase name="TestALotOfAdding" classname="LocalCMCTests" time="0.001"/>
  <testcase name="TestALotOfAdding" classname="LocalCMCTests" time="0.001"/>
  <testcase name="TestALotOfAdding" classname="LocalCMCTests" time="0.001"/>
  <testcase name="TestALotOfAdding" classname="LocalCMCTests" time="0.0"/>
  <testcase name="TestALotOfAdding" classname="LocalCMCTests" time="0.001"/>
  <testcase name="TestALotOfAdding" classname="LocalCMCTests" time="0.001"/>
  <testcase name="TestALotOfAdding" classname="LocalCMCTests" time="0.002"/>
  <testcase name="TestALotOfAdding" classname="LocalCMCTests" time="0.0"/>
  <testcase name="TestALotOfAdding" classname="LocalCMCTests" time="0.0"/>
  <testcase name="TestALotOfAdding" classname="LocalCMCTests" time="0.0"/>
  <testcase name="TestALotOfAdding" classname="LocalCMCTests" time="0.0"/>
  <testcase name="TestALotOfAdding" classname="LocalCMCTests" time="0.0"/>
  <testcase name="TestALotOfAdding" classname="LocalCMCTests" time="0.0"/>
  <testcase name="TestALotOfAdding" classname="LocalCMCTests" time="0.0"/>
  <testcase name="TestALotOfAdding" classname="LocalCMCTests" time="0.001"/>
  <testcase name="TestALotOfAdding" classname="LocalCMCTests" time="0.001"/>
  <testcase name="TestALotOfAdding" classname="LocalCMCTests" time="0.001"/>
  <testcase name="TestALotOfAdding" classname="LocalCMCTests" time="0.001"/>
  <testcase name="TestALotOfAdding" classname="LocalCMCTests" time="0.001"/>
  <testcase name="TestALotOfAdding" classname="LocalCMCTests" time="0.0"/>
  <testcase name="TestALotOfAdding" classname="LocalCMCTests" time="0.001"/>
  <testcase name="TestALotOfAdding" classname="LocalCMCTests" time="0.001"/>
  <testcase name="TestALotOfAdding" classname="LocalCMCTests" time="0.001"/>
  <testcase name="TestALotOfAdding" classname="LocalCMCTests" time="0.001"/>
  <testcase name="TestALotOfAdding" classname="LocalCMCTests" time="0.001"/>
  <testcase name="TestALotOfAdding" classname="LocalCMCTests" time="0.0"/>
  <testcase name="TestALotOfAdding" classname="LocalCMCTests" time="0.0"/>
  <testcase name="TestALotOfAdding" classname="LocalCMCTests" time="0.0"/>
  <testcase name="TestALotOfAdding" classname="LocalCMCTests" time="0.0"/>
  <testcase name="TestALotOfAdding" classname="LocalCMCTests" time="0.0"/>
  <testcase name="TestALotOfAdding" classname="LocalCMCTests" time="0.0"/>
  <testcase name="TestALotOfAdding" classname="LocalCMCTests" time="0.001"/>
  <testcase name="TestALotOfAdding" classname="LocalCMCTests" time="0.001"/>
  <testcase name="TestALotOfAdding" classname="LocalCMCTests" time="0.0"/>
  <testcase name="TestALotOfAdding" classname="LocalCMCTests" time="0.001"/>
  <testcase name="TestALotOfAdding" classname="LocalCMCTests" time="0.0"/>
  <testcase name="TestALotOfAdding" classname="LocalCMCTests" time="0.001"/>
  <testcase name="TestALotOfAdding" classname="LocalCMCTests" time="0.001"/>
  <testcase name="TestALotOfAdding" classname="LocalCMCTests" time="0.001"/>
  <testcase name="TestALotOfAdding" classname="LocalCMCTests" time="0.001"/>
  <testcase name="TestALotOfAdding" classname="LocalCMCTests" time="0.001"/>
  <testcase name="TestALotOfAdding" classname="LocalCMCTests" time="0.0"/>
  <testcase name="TestALotOfAdding" classname="LocalCMCTests" time="0.001"/>
  <testcase name="TestALotOfAdding" classname="LocalCMCTests" time="0.0"/>
  <testcase name="TestALotOfAdding" classname="LocalCMCTests" time="0.0"/>
  <testcase name="TestALotOfAdding" classname="LocalCMCTests" time="0.0"/>
  <testcase name="TestALotOfAdding" classname="LocalCMCTests" time="0.0"/>
  <testcase name="TestALotOfAdding" classname="LocalCMCTests" time="0.0"/>
  <testcase name="TestALotOfAdding" classname="LocalCMCTests" time="0.001"/>
  <testcase name="TestALotOfAdding" classname="LocalCMCTests" time="0.001"/>
  <testcase name="TestALotOfAdding" classname="LocalCMCTests" time="0.0"/>
  <testcase name="TestALotOfAdding" classname="LocalCMCTests" time="0.001"/>
  <testcase name="TestALotOfAdding" classname="LocalCMCTests" time="0.001"/>
  <testcase name="TestALotOfAdding" classname="LocalCMCTests" time="0.001"/>
  <testcase name="TestALotOfAdding" classname="LocalCMCTests" time="0.001"/>
  <testcase name="TestALotOfAdding" classname="LocalCMCTests" time="0.001"/>
  <testcase name="TestALotOfAdding" classname="LocalCMCTests" time="0.001"/>
  <testcase name="TestALotOfAdding" classname="LocalCMCTests" time="0.0"/>
  <testcase name="TestALotOfAdding" classname="LocalCMCTests" time="0.0"/>
  <testcase name="TestALotOfAdding" classname="LocalCMCTests" time="0.001"/>
  <testcase name="TestALotOfAdding" classname="LocalCMCTests" time="0.0"/>
  <testcase name="TestALotOfAdding" classname="LocalCMCTests" time="0.001"/>
  <testcase name="TestALotOfAdding" classname="LocalCMCTests" time="0.0"/>
  <testcase name="TestALotOfAdding" classname="LocalCMCTests" time="0.0"/>
  <testcase name="TestALotOfAdding" classname="LocalCMCTests" time="0.0"/>
  <testcase name="TestALotOfAdding" classname="LocalCMCTests" time="0.0"/>
  <testcase name="TestALotOfAdding" classname="LocalCMCTests" time="0.001"/>
  <testcase name="TestALotOfAdding" classname="LocalCMCTests" time="0.001"/>
  <testcase name="TestALotOfAdding" classname="LocalCMCTests" time="0.001"/>
  <testcase name="TestALotOfAdding" classname="LocalCMCTests" time="0.001"/>
  <testcase name="TestALotOfAdding" classname="LocalCMCTests" time="0.001"/>
  <testcase name="TestALotOfAdding" classname="LocalCMCTests" time="0.0"/>
  <testcase name="TestALotOfAdding" classname="LocalCMCTests" time="0.0"/>
  <testcase name="TestALotOfAdding" classname="LocalCMCTests" time="0.0"/>
  <testcase name="TestALotOfAdding" classname="LocalCMCTests" time="0.0"/>
  <testcase name="TestALotOfAdding" classname="LocalCMCTests" time="0.001"/>
  <testcase name="TestALotOfAdding" classname="LocalCMCTests" time="0.0"/>
  <testcase name="TestALotOfAdding" classname="LocalCMCTests" time="0.0"/>
  <testcase name="TestALotOfAdding" classname="LocalCMCTests" time="0.0"/>
  <testcase name="TestALotOfAdding" classname="LocalCMCTests" time="0.001"/>
  <testcase name="TestALotOfAdding" classname="LocalCMCTests" time="0.003"/>
  <testcase name="TestALotOfAdding" classname="LocalCMCTests" time="0.002"/>
  <testcase name="TestALotOfAdding" classname="LocalCMCTests" time="0.0"/>
  <testcase name="TestALotOfAdding" classname="LocalCMCTests" time="0.001"/>
  <testcase name="TestALotOfAdding" classname="LocalCMCTests" time="0.001"/>
  <testcase name="TestALotOfAdding" classname="LocalCMCTests" time="0.0"/>
  <testcase name="TestALotOfAdding" classname="LocalCMCTests" time="0.001"/>
  <testcase name="TestALotOfAdding" classname="LocalCMCTests" time="0.0"/>
  <testcase name="TestALotOfAdding" classname="LocalCMCTests" time="0.0"/>
  <testcase name="TestALotOfAdding" classname="LocalCMCTests" time="0.001"/>
  <testcase name="TestALotOfAdding" classname="LocalCMCTests" time="0.002"/>
  <testcase name="TestALotOfAdding" classname="LocalCMCTests" time="0.0"/>
  <testcase name="TestALotOfAdding" classname="LocalCMCTests" time="0.0"/>
  <testcase name="TestALotOfAdding" classname="LocalCMCTests" time="0.001"/>
  <testcase name="TestALotOfAdding" classname="LocalCMCTests" time="0.001"/>
  <testcase name="TestALotOfAdding" classname="LocalCMCTests" time="0.0"/>
  <testcase name="TestALotOfAdding" classname="LocalCMCTests" time="0.0"/>
  <testcase name="TestALotOfAdding" classname="LocalCMCTests" time="0.001"/>
  <testcase name="TestALotOfAdding" classname="LocalCMCTests" time="0.0"/>
  <testcase name="TestALotOfAdding" classname="LocalCMCTests" time="0.001"/>
  <testcase name="TestALotOfAdding" classname="LocalCMCTests" time="0.001"/>
  <testcase name="TestALotOfAdding" classname="LocalCMCTests" time="0.001"/>
  <testcase name="TestALotOfAdding" classname="LocalCMCTests" time="0.0"/>
  <testcase name="TestALotOfAdding" classname="LocalCMCTests" time="0.001"/>
  <testcase name="TestALotOfAdding" classname="LocalCMCTests" time="0.001"/>
  <testcase name="TestALotOfAdding" classname="LocalCMCTests" time="0.001"/>
  <testcase name="TestALotOfAdding" classname="LocalCMCTests" time="0.001"/>
  <testcase name="TestALotOfAdding" classname="LocalCMCTests" time="0.001"/>
  <testcase name="TestALotOfAdding" classname="LocalCMCTests" time="0.0"/>
  <testcase name="TestALotOfAdding" classname="LocalCMCTests" time="0.001"/>
  <testcase name="TestALotOfAdding" classname="LocalCMCTests" time="0.0"/>
  <testcase name="TestALotOfAdding" classname="LocalCMCTests" time="0.0"/>
  <testcase name="TestALotOfAdding" classname="LocalCMCTests" time="0.001"/>
  <testcase name="TestALotOfAdding" classname="LocalCMCTests" time="0.001"/>
  <testcase name="TestALotOfAdding" classname="LocalCMCTests" time="0.001"/>
  <testcase name="TestALotOfAdding" classname="LocalCMCTests" time="0.0"/>
  <testcase name="TestALotOfAdding" classname="LocalCMCTests" time="0.0"/>
  <testcase name="TestALotOfAdding" classname="LocalCMCTests" time="0.001"/>
  <testcase name="TestALotOfAdding" classname="LocalCMCTests" time="0.0"/>
  <testcase name="TestALotOfAdding" classname="LocalCMCTests" time="0.0"/>
  <testcase name="TestALotOfAdding" classname="LocalCMCTests" time="0.001"/>
  <testcase name="TestALotOfAdding" classname="LocalCMCTests" time="0.001"/>
  <testcase name="TestALotOfAdding" classname="LocalCMCTests" time="0.0"/>
  <testcase name="TestALotOfAdding" classname="LocalCMCTests" time="0.0"/>
  <testcase name="TestALotOfAdding" classname="LocalCMCTests" time="0.0"/>
  <testcase name="TestALotOfAdding" classname="LocalCMCTests" time="0.001"/>
  <testcase name="TestALotOfAdding" classname="LocalCMCTests" time="0.002"/>
  <testcase name="TestALotOfAdding" classname="LocalCMCTests" time="0.0"/>
  <testcase name="TestALotOfAdding" classname="LocalCMCTests" time="0.001"/>
  <testcase name="TestALotOfAdding" classname="LocalCMCTests" time="0.0"/>
  <testcase name="TestALotOfAdding" classname="LocalCMCTests" time="0.002"/>
  <testcase name="TestALotOfAdding" classname="LocalCMCTests" time="0.0"/>
  <testcase name="TestALotOfAdding" classname="LocalCMCTests" time="0.0"/>
  <testcase name="TestALotOfAdding" classname="LocalCMCTests" time="0.0"/>
  <testcase name="TestALotOfAdding" classname="LocalCMCTests" time="0.001"/>
  <testcase name="TestALotOfAdding" classname="LocalCMCTests" time="0.001"/>
  <testcase name="TestALotOfAdding" classname="LocalCMCTests" time="0.0"/>
  <testcase name="TestALotOfAdding" classname="LocalCMCTests" time="0.001"/>
  <testcase name="TestALotOfAdding" classname="LocalCMCTests" time="0.002"/>
  <testcase name="TestALotOfAdding" classname="LocalCMCTests" time="0.002"/>
  <testcase name="TestALotOfAdding" classname="LocalCMCTests" time="0.0"/>
  <testcase name="TestALotOfAdding" classname="LocalCMCTests" time="0.0"/>
  <testcase name="TestALotOfAdding" classname="LocalCMCTests" time="0.0"/>
  <testcase name="TestALotOfAdding" classname="LocalCMCTests" time="0.0"/>
  <testcase name="TestALotOfAdding" classname="LocalCMCTests" time="0.001"/>
  <testcase name="TestALotOfAdding" classname="LocalCMCTests" time="0.001"/>
  <testcase name="TestALotOfAdding" classname="LocalCMCTests" time="0.001"/>
  <testcase name="TestALotOfAdding" classname="LocalCMCTests" time="0.002"/>
  <testcase name="TestALotOfAdding" classname="LocalCMCTests" time="0.001"/>
  <testcase name="TestALotOfAdding" classname="LocalCMCTests" time="0.001"/>
  <testcase name="TestALotOfAdding" classname="LocalCMCTests" time="0.0"/>
  <testcase name="TestALotOfAdding" classname="LocalCMCTests" time="0.0"/>
  <testcase name="TestALotOfAdding" classname="LocalCMCTests" time="0.0"/>
  <testcase name="TestALotOfAdding" classname="LocalCMCTests" time="0.0"/>
  <testcase name="TestALotOfAdding" classname="LocalCMCTests" time="0.001"/>
  <testcase name="TestALotOfAdding" classname="LocalCMCTests" time="0.001"/>
  <testcase name="TestALotOfAdding" classname="LocalCMCTests" time="0.001"/>
  <testcase name="TestALotOfAdding" classname="LocalCMCTests" time="0.0"/>
  <testcase name="TestALotOfAdding" classname="LocalCMCTests" time="0.001"/>
  <testcase name="TestALotOfAdding" classname="LocalCMCTests" time="0.002"/>
  <testcase name="TestALotOfAdding" classname="LocalCMCTests" time="0.0"/>
  <testcase name="TestALotOfAdding" classname="LocalCMCTests" time="0.001"/>
  <testcase name="TestALotOfAdding" classname="LocalCMCTests" time="0.001"/>
  <testcase name="TestALotOfAdding" classname="LocalCMCTests" time="0.001"/>
  <testcase name="TestALotOfAdding" classname="LocalCMCTests" time="0.0"/>
  <testcase name="TestALotOfAdding" classname="LocalCMCTests" time="0.0"/>
  <testcase name="TestALotOfAdding" classname="LocalCMCTests" time="0.001"/>
  <testcase name="TestALotOfAdding" classname="LocalCMCTests" time="0.0"/>
  <testcase name="TestALotOfAdding" classname="LocalCMCTests" time="0.0"/>
  <testcase name="TestALotOfAdding" classname="LocalCMCTests" time="0.001"/>
  <testcase name="TestALotOfAdding" classname="LocalCMCTests" time="0.0"/>
  <testcase name="TestALotOfAdding" classname="LocalCMCTests" time="0.001"/>
  <testcase name="TestALotOfAdding" classname="LocalCMCTests" time="0.0"/>
  <testcase name="TestALotOfAdding" classname="LocalCMCTests" time="0.0"/>
  <testcase name="TestALotOfAdding" classname="LocalCMCTests" time="0.0"/>
  <testcase name="TestALotOfAdding" classname="LocalCMCTests" time="0.001"/>
  <testcase name="TestALotOfAdding" classname="LocalCMCTests" time="0.001"/>
  <testcase name="TestALotOfAdding" classname="LocalCMCTests" time="0.002"/>
  <testcase name="TestALotOfAdding" classname="LocalCMCTests" time="0.0"/>
  <testcase name="TestALotOfAdding" classname="LocalCMCTests" time="0.002"/>
  <testcase name="TestALotOfAdding" classname="LocalCMCTests" time="0.0"/>
  <testcase name="TestALotOfAdding" classname="LocalCMCTests" time="0.001"/>
  <testcase name="TestALotOfAdding" classname="LocalCMCTests" time="0.0"/>
  <testcase name="TestALotOfAdding" classname="LocalCMCTests" time="0.0"/>
  <testcase name="TestALotOfAdding" classname="LocalCMCTests" time="0.0"/>
  <testcase name="TestALotOfAdding" classname="LocalCMCTests" time="0.001"/>
  <testcase name="TestALotOfAdding" classname="LocalCMCTests" time="0.0"/>
  <testcase name="TestALotOfAdding" classname="LocalCMCTests" time="0.001"/>
  <testcase name="TestALotOfAdding" classname="LocalCMCTests" time="0.001"/>
  <testcase name="TestALotOfAdding" classname="LocalCMCTests" time="0.001"/>
  <testcase name="TestALotOfAdding" classname="LocalCMCTests" time="0.0"/>
  <testcase name="TestALotOfAdding" classname="LocalCMCTests" time="0.0"/>
  <testcase name="TestALotOfAdding" classname="LocalCMCTests" time="0.0"/>
  <testcase name="TestALotOfAdding" classname="LocalCMCTests" time="0.001"/>
  <testcase name="TestALotOfAdding" classname="LocalCMCTests" time="0.001"/>
  <testcase name="TestALotOfAdding" classname="LocalCMCTests" time="0.001"/>
  <testcase name="TestALotOfAdding" classname="LocalCMCTests" time="0.0"/>
  <testcase name="TestALotOfAdding" classname="LocalCMCTests" time="0.001"/>
  <testcase name="TestALotOfAdding" classname="LocalCMCTests" time="0.0"/>
  <testcase name="TestALotOfAdding" classname="LocalCMCTests" time="0.0"/>
  <testcase name="TestALotOfAdding" classname="LocalCMCTests" time="0.001"/>
  <testcase name="TestALotOfAdding" classname="LocalCMCTests" time="0.001"/>
  <testcase name="TestALotOfAdding" classname="LocalCMCTests" time="0.001"/>
  <testcase name="TestALotOfAdding" classname="LocalCMCTests" time="0.0"/>
  <testcase name="TestALotOfAdding" classname="LocalCMCTests" time="0.0"/>
  <testcase name="TestALotOfAdding" classname="LocalCMCTests" time="0.002"/>
  <testcase name="TestALotOfAdding" classname="LocalCMCTests" time="0.0"/>
  <testcase name="TestALotOfAdding" classname="LocalCMCTests" time="0.0"/>
  <testcase name="TestALotOfAdding" classname="LocalCMCTests" time="0.001"/>
  <testcase name="TestALotOfAdding" classname="LocalCMCTests" time="0.002"/>
  <testcase name="TestALotOfAdding" classname="LocalCMCTests" time="0.0"/>
  <testcase name="TestALotOfAdding" classname="LocalCMCTests" time="0.002"/>
  <testcase name="TestALotOfAdding" classname="LocalCMCTests" time="0.001"/>
  <testcase name="TestALotOfAdding" classname="LocalCMCTests" time="0.001"/>
  <testcase name="TestALotOfAdding" classname="LocalCMCTests" time="0.0"/>
  <testcase name="TestALotOfAdding" classname="LocalCMCTests" time="0.001"/>
  <testcase name="TestALotOfAdding" classname="LocalCMCTests" time="0.0"/>
  <testcase name="TestALotOfAdding" classname="LocalCMCTests" time="0.0"/>
  <testcase name="TestALotOfAdding" classname="LocalCMCTests" time="0.0"/>
  <testcase name="TestALotOfAdding" classname="LocalCMCTests" time="0.0"/>
  <testcase name="TestALotOfAdding" classname="LocalCMCTests" time="0.001"/>
  <testcase name="TestALotOfAdding" classname="LocalCMCTests" time="0.0"/>
  <testcase name="TestALotOfAdding" classname="LocalCMCTests" time="0.001"/>
  <testcase name="TestALotOfAdding" classname="LocalCMCTests" time="0.001"/>
  <testcase name="TestALotOfAdding" classname="LocalCMCTests" time="0.001"/>
  <testcase name="TestALotOfAdding" classname="LocalCMCTests" time="0.001"/>
  <testcase name="TestALotOfAdding" classname="LocalCMCTests" time="0.001"/>
  <testcase name="TestALotOfAdding" classname="LocalCMCTests" time="0.001"/>
  <testcase name="TestALotOfAdding" classname="LocalCMCTests" time="0.0"/>
  <testcase name="TestALotOfAdding" classname="LocalCMCTests" time="0.002"/>
  <testcase name="TestALotOfAdding" classname="LocalCMCTests" time="0.001"/>
  <testcase name="TestALotOfAdding" classname="LocalCMCTests" time="0.0"/>
  <testcase name="TestALotOfAdding" classname="LocalCMCTests" time="0.0"/>
  <testcase name="TestALotOfAdding" classname="LocalCMCTests" time="0.0"/>
  <testcase name="TestALotOfAdding" classname="LocalCMCTests" time="0.0"/>
  <testcase name="TestALotOfAdding" classname="LocalCMCTests" time="0.001"/>
  <testcase name="TestALotOfAdding" classname="LocalCMCTests" time="0.0"/>
  <testcase name="TestALotOfAdding" classname="LocalCMCTests" time="0.0"/>
  <testcase name="TestALotOfAdding" classname="LocalCMCTests" time="0.001"/>
  <testcase name="TestALotOfAdding" classname="LocalCMCTests" time="0.0"/>
  <testcase name="TestALotOfAdding" classname="LocalCMCTests" time="0.001"/>
  <testcase name="TestALotOfAdding" classname="LocalCMCTests" time="0.001"/>
  <testcase name="TestALotOfAdding" classname="LocalCMCTests" time="0.0"/>
  <testcase name="TestALotOfAdding" classname="LocalCMCTests" time="0.0"/>
  <testcase name="TestALotOfAdding" classname="LocalCMCTests" time="0.001"/>
  <testcase name="TestALotOfAdding" classname="LocalCMCTests" time="0.001"/>
  <testcase name="TestALotOfAdding" classname="LocalCMCTests" time="0.0"/>
  <testcase name="TestALotOfAdding" classname="LocalCMCTests" time="0.001"/>
  <testcase name="TestALotOfAdding" classname="LocalCMCTests" time="0.0"/>
  <testcase name="TestALotOfAdding" classname="LocalCMCTests" time="0.0"/>
  <testcase name="TestALotOfAdding" classname="LocalCMCTests" time="0.0"/>
  <testcase name="TestALotOfAdding" classname="LocalCMCTests" time="0.0"/>
  <testcase name="TestALotOfAdding" classname="LocalCMCTests" time="0.0"/>
  <testcase name="TestALotOfAdding" classname="LocalCMCTests" time="0.0"/>
  <testcase name="TestALotOfAdding" classname="LocalCMCTests" time="0.0"/>
  <testcase name="TestALotOfAdding" classname="LocalCMCTests" time="0.002"/>
  <testcase name="TestALotOfAdding" classname="LocalCMCTests" time="0.002"/>
  <testcase name="TestALotOfAdding" classname="LocalCMCTests" time="0.002"/>
  <testcase name="TestALotOfAdding" classname="LocalCMCTests" time="0.0"/>
  <testcase name="TestALotOfAdding" classname="LocalCMCTests" time="0.0"/>
  <testcase name="TestALotOfAdding" classname="LocalCMCTests" time="0.001"/>
  <testcase name="TestALotOfAdding" classname="LocalCMCTests" time="0.001"/>
  <testcase name="TestALotOfAdding" classname="LocalCMCTests" time="0.0"/>
  <testcase name="TestALotOfAdding" classname="LocalCMCTests" time="0.001"/>
  <testcase name="TestALotOfAdding" classname="LocalCMCTests" time="0.0"/>
  <testcase name="TestALotOfAdding" classname="LocalCMCTests" time="0.001"/>
  <testcase name="TestALotOfAdding" classname="LocalCMCTests" time="0.001"/>
  <testcase name="TestALotOfAdding" classname="LocalCMCTests" time="0.0"/>
  <testcase name="TestALotOfAdding" classname="LocalCMCTests" time="0.001"/>
  <testcase name="TestALotOfAdding" classname="LocalCMCTests" time="0.0"/>
  <testcase name="TestALotOfAdding" classname="LocalCMCTests" time="0.0"/>
  <testcase name="TestALotOfAdding" classname="LocalCMCTests" time="0.001"/>
  <testcase name="TestALotOfAdding" classname="LocalCMCTests" time="0.001"/>
  <testcase name="TestALotOfAdding" classname="LocalCMCTests" time="0.0"/>
  <testcase name="TestALotOfAdding" classname="LocalCMCTests" time="0.001"/>
  <testcase name="TestALotOfAdding" classname="LocalCMCTests" time="0.004"/>
  <testcase name="TestALotOfAdding" classname="LocalCMCTests" time="0.001"/>
  <testcase name="TestALotOfAdding" classname="LocalCMCTests" time="0.006"/>
  <testcase name="TestALotOfAdding" classname="LocalCMCTests" time="0.004"/>
  <testcase name="TestALotOfAdding" classname="LocalCMCTests" time="0.005"/>
  <testcase name="TestALotOfAdding" classname="LocalCMCTests" time="0.005"/>
  <testcase name="TestALotOfAdding" classname="LocalCMCTests" time="0.0"/>
  <testcase name="TestALotOfAdding" classname="LocalCMCTests" time="0.005"/>
  <testcase name="TestALotOfAdding" classname="LocalCMCTests" time="0.0"/>
  <testcase name="TestALotOfAdding" classname="LocalCMCTests" time="0.005"/>
  <testcase name="TestALotOfAdding" classname="LocalCMCTests" time="0.0"/>
  <testcase name="TestALotOfAdding" classname="LocalCMCTests" time="0.0"/>
  <testcase name="TestALotOfAdding" classname="LocalCMCTests" time="0.0"/>
  <testcase name="TestALotOfAdding" classname="LocalCMCTests" time="0.0"/>
  <testcase name="TestALotOfAdding" classname="LocalCMCTests" time="0.001"/>
  <testcase name="TestALotOfAdding" classname="LocalCMCTests" time="0.006"/>
  <testcase name="TestALotOfAdding" classname="LocalCMCTests" time="0.001"/>
  <testcase name="TestALotOfAdding" classname="LocalCMCTests" time="0.0"/>
  <testcase name="TestALotOfAdding" classname="LocalCMCTests" time="0.001"/>
  <testcase name="TestALotOfAdding" classname="LocalCMCTests" time="0.001"/>
  <testcase name="TestALotOfAdding" classname="LocalCMCTests" time="0.0"/>
  <testcase name="TestALotOfAdding" classname="LocalCMCTests" time="0.0"/>
  <testcase name="TestALotOfAdding" classname="LocalCMCTests" time="0.005"/>
  <testcase name="TestALotOfAdding" classname="LocalCMCTests" time="0.0"/>
  <testcase name="TestALotOfAdding" classname="LocalCMCTests" time="0.0"/>
  <testcase name="TestALotOfAdding" classname="LocalCMCTests" time="0.0"/>
  <testcase name="TestALotOfAdding" classname="LocalCMCTests" time="0.0"/>
  <testcase name="TestALotOfAdding" classname="LocalCMCTests" time="0.0"/>
  <testcase name="TestALotOfAdding" classname="LocalCMCTests" time="0.0"/>
  <testcase name="TestALotOfAdding" classname="LocalCMCTests" time="0.001"/>
  <testcase name="TestALotOfAdding" classname="LocalCMCTests" time="0.002"/>
  <testcase name="TestALotOfAdding" classname="LocalCMCTests" time="0.0"/>
  <testcase name="TestALotOfAdding" classname="LocalCMCTests" time="0.0"/>
  <testcase name="TestALotOfAdding" classname="LocalCMCTests" time="0.002"/>
  <testcase name="TestALotOfAdding" classname="LocalCMCTests" time="0.002"/>
  <testcase name="TestALotOfAdding" classname="LocalCMCTests" time="0.0"/>
  <testcase name="TestALotOfAdding" classname="LocalCMCTests" time="0.0"/>
  <testcase name="TestALotOfAdding" classname="LocalCMCTests" time="0.001"/>
  <testcase name="TestALotOfAdding" classname="LocalCMCTests" time="0.0"/>
  <testcase name="TestALotOfAdding" classname="LocalCMCTests" time="0.0"/>
  <testcase name="TestALotOfAdding" classname="LocalCMCTests" time="0.001"/>
  <testcase name="TestALotOfAdding" classname="LocalCMCTests" time="0.001"/>
  <testcase name="TestALotOfAdding" classname="LocalCMCTests" time="0.0"/>
  <testcase name="TestALotOfAdding" classname="LocalCMCTests" time="0.006"/>
  <testcase name="TestALotOfAdding" classname="LocalCMCTests" time="0.001"/>
  <testcase name="TestALotOfAdding" classname="LocalCMCTests" time="0.002"/>
  <testcase name="TestALotOfAdding" classname="LocalCMCTests" time="0.001"/>
  <testcase name="TestALotOfAdding" classname="LocalCMCTests" time="0.001"/>
  <testcase name="TestALotOfAdding" classname="LocalCMCTests" time="0.001"/>
  <testcase name="TestALotOfAdding" classname="LocalCMCTests" time="0.001"/>
  <testcase name="TestALotOfAdding" classname="LocalCMCTests" time="0.001"/>
  <testcase name="TestALotOfAdding" classname="LocalCMCTests" time="0.001"/>
  <testcase name="TestALotOfAdding" classname="LocalCMCTests" time="0.0"/>
  <testcase name="TestALotOfAdding" classname="LocalCMCTests" time="0.0"/>
  <testcase name="TestALotOfAdding" classname="LocalCMCTests" time="0.0"/>
  <testcase name="TestALotOfAdding" classname="LocalCMCTests" time="0.0"/>
  <testcase name="TestALotOfAdding" classname="LocalCMCTests" time="0.0"/>
  <testcase name="TestALotOfAdding" classname="LocalCMCTests" time="0.0"/>
  <testcase name="TestALotOfAdding" classname="LocalCMCTests" time="0.001"/>
  <testcase name="TestALotOfAdding" classname="LocalCMCTests" time="0.001"/>
  <testcase name="TestALotOfAdding" classname="LocalCMCTests" time="0.001"/>
  <testcase name="TestALotOfAdding" classname="LocalCMCTests" time="0.0"/>
  <testcase name="TestALotOfAdding" classname="LocalCMCTests" time="0.001"/>
  <testcase name="TestALotOfAdding" classname="LocalCMCTests" time="0.0"/>
  <testcase name="TestALotOfAdding" classname="LocalCMCTests" time="0.001"/>
  <testcase name="TestALotOfAdding" classname="LocalCMCTests" time="0.001"/>
  <testcase name="TestALotOfAdding" classname="LocalCMCTests" time="0.0"/>
  <testcase name="TestALotOfAdding" classname="LocalCMCTests" time="0.001"/>
  <testcase name="TestALotOfAdding" classname="LocalCMCTests" time="0.0"/>
  <testcase name="TestALotOfAdding" classname="LocalCMCTests" time="0.001"/>
  <testcase name="TestALotOfAdding" classname="LocalCMCTests" time="0.0"/>
  <testcase name="TestALotOfAdding" classname="LocalCMCTests" time="0.0"/>
  <testcase name="TestALotOfAdding" classname="LocalCMCTests" time="0.001"/>
  <testcase name="TestALotOfAdding" classname="LocalCMCTests" time="0.0"/>
  <testcase name="TestALotOfAdding" classname="LocalCMCTests" time="0.001"/>
  <testcase name="TestALotOfAdding" classname="LocalCMCTests" time="0.0"/>
  <testcase name="TestALotOfAdding" classname="LocalCMCTests" time="0.001"/>
  <testcase name="TestALotOfAdding" classname="LocalCMCTests" time="0.0"/>
  <testcase name="TestALotOfAdding" classname="LocalCMCTests" time="0.003"/>
  <testcase name="TestALotOfAdding" classname="LocalCMCTests" time="0.001"/>
  <testcase name="TestALotOfAdding" classname="LocalCMCTests" time="0.0"/>
  <testcase name="TestALotOfAdding" classname="LocalCMCTests" time="0.0"/>
  <testcase name="TestALotOfAdding" classname="LocalCMCTests" time="0.0"/>
  <testcase name="TestALotOfAdding" classname="LocalCMCTests" time="0.001"/>
  <testcase name="TestALotOfAdding" classname="LocalCMCTests" time="0.0"/>
  <testcase name="TestALotOfAdding" classname="LocalCMCTests" time="0.0"/>
  <testcase name="TestALotOfAdding" classname="LocalCMCTests" time="0.0"/>
  <testcase name="TestALotOfAdding" classname="LocalCMCTests" time="0.001"/>
  <testcase name="TestALotOfAdding" classname="LocalCMCTests" time="0.002"/>
  <testcase name="TestALotOfAdding" classname="LocalCMCTests" time="0.001"/>
  <testcase name="TestALotOfAdding" classname="LocalCMCTests" time="0.001"/>
  <testcase name="TestALotOfAdding" classname="LocalCMCTests" time="0.001"/>
  <testcase name="TestALotOfAdding" classname="LocalCMCTests" time="0.001"/>
  <testcase name="TestALotOfAdding" classname="LocalCMCTests" time="0.0"/>
  <testcase name="TestALotOfAdding" classname="LocalCMCTests" time="0.001"/>
  <testcase name="TestALotOfAdding" classname="LocalCMCTests" time="0.0"/>
  <testcase name="TestALotOfAdding" classname="LocalCMCTests" time="0.002"/>
  <testcase name="TestALotOfAdding" classname="LocalCMCTests" time="0.0"/>
  <testcase name="TestALotOfAdding" classname="LocalCMCTests" time="0.001"/>
  <testcase name="TestALotOfAdding" classname="LocalCMCTests" time="0.0"/>
  <testcase name="TestALotOfAdding" classname="LocalCMCTests" time="0.0"/>
  <testcase name="TestALotOfAdding" classname="LocalCMCTests" time="0.0"/>
  <testcase name="TestALotOfAdding" classname="LocalCMCTests" time="0.001"/>
  <testcase name="TestALotOfAdding" classname="LocalCMCTests" time="0.0"/>
  <testcase name="TestALotOfAdding" classname="LocalCMCTests" time="0.001"/>
  <testcase name="TestALotOfAdding" classname="LocalCMCTests" time="0.0"/>
  <testcase name="TestALotOfAdding" classname="LocalCMCTests" time="0.001"/>
  <testcase name="TestALotOfAdding" classname="LocalCMCTests" time="0.001"/>
  <testcase name="TestALotOfAdding" classname="LocalCMCTests" time="0.001"/>
  <testcase name="TestALotOfAdding" classname="LocalCMCTests" time="0.001"/>
  <testcase name="TestALotOfAdding" classname="LocalCMCTests" time="0.001"/>
  <testcase name="TestALotOfAdding" classname="LocalCMCTests" time="0.001"/>
  <testcase name="TestALotOfAdding" classname="LocalCMCTests" time="0.001"/>
  <testcase name="TestALotOfAdding" classname="LocalCMCTests" time="0.001"/>
  <testcase name="TestALotOfAdding" classname="LocalCMCTests" time="0.0"/>
  <testcase name="TestALotOfAdding" classname="LocalCMCTests" time="0.001"/>
  <testcase name="TestALotOfAdding" classname="LocalCMCTests" time="0.001"/>
  <testcase name="TestALotOfAdding" classname="LocalCMCTests" time="0.0"/>
  <testcase name="TestALotOfAdding" classname="LocalCMCTests" time="0.001"/>
  <testcase name="TestALotOfAdding" classname="LocalCMCTests" time="0.0"/>
  <testcase name="TestALotOfAdding" classname="LocalCMCTests" time="0.0"/>
  <testcase name="TestALotOfAdding" classname="LocalCMCTests" time="0.0"/>
  <testcase name="TestALotOfAdding" classname="LocalCMCTests" time="0.001"/>
  <testcase name="TestALotOfAdding" classname="LocalCMCTests" time="0.0"/>
  <testcase name="TestALotOfAdding" classname="LocalCMCTests" time="0.001"/>
  <testcase name="TestALotOfAdding" classname="LocalCMCTests" time="0.001"/>
  <testcase name="TestALotOfAdding" classname="LocalCMCTests" time="0.0"/>
  <testcase name="TestALotOfAdding" classname="LocalCMCTests" time="0.0"/>
  <testcase name="TestALotOfAdding" classname="LocalCMCTests" time="0.001"/>
  <testcase name="TestALotOfAdding" classname="LocalCMCTests" time="0.0"/>
  <testcase name="TestALotOfAdding" classname="LocalCMCTests" time="0.001"/>
  <testcase name="TestALotOfAdding" classname="LocalCMCTests" time="0.001"/>
  <testcase name="TestALotOfAdding" classname="LocalCMCTests" time="0.001"/>
  <testcase name="TestALotOfAdding" classname="LocalCMCTests" time="0.001"/>
  <testcase name="TestALotOfAdding" classname="LocalCMCTests" time="0.0"/>
  <testcase name="TestALotOfAdding" classname="LocalCMCTests" time="0.001"/>
  <testcase name="TestALotOfAdding" classname="LocalCMCTests" time="0.001"/>
  <testcase name="TestALotOfAdding" classname="LocalCMCTests" time="0.001"/>
  <testcase name="TestALotOfAdding" classname="LocalCMCTests" time="0.001"/>
  <testcase name="TestALotOfAdding" classname="LocalCMCTests" time="0.001"/>
  <testcase name="TestALotOfAdding" classname="LocalCMCTests" time="0.0"/>
  <testcase name="TestALotOfAdding" classname="LocalCMCTests" time="0.001"/>
  <testcase name="TestALotOfAdding" classname="LocalCMCTests" time="0.0"/>
  <testcase name="TestALotOfAdding" classname="LocalCMCTests" time="0.001"/>
  <testcase name="TestALotOfAdding" classname="LocalCMCTests" time="0.001"/>
  <testcase name="TestALotOfAdding" classname="LocalCMCTests" time="0.001"/>
  <testcase name="TestALotOfAdding" classname="LocalCMCTests" time="0.0"/>
  <testcase name="TestALotOfAdding" classname="LocalCMCTests" time="0.0"/>
  <testcase name="TestALotOfAdding" classname="LocalCMCTests" time="0.0"/>
  <testcase name="TestALotOfAdding" classname="LocalCMCTests" time="0.0"/>
  <testcase name="TestALotOfAdding" classname="LocalCMCTests" time="0.001"/>
  <testcase name="TestALotOfAdding" classname="LocalCMCTests" time="0.0"/>
  <testcase name="TestALotOfAdding" classname="LocalCMCTests" time="0.0"/>
  <testcase name="TestALotOfAdding" classname="LocalCMCTests" time="0.001"/>
  <testcase name="TestALotOfAdding" classname="LocalCMCTests" time="0.001"/>
  <testcase name="TestALotOfAdding" classname="LocalCMCTests" time="0.003"/>
  <testcase name="TestALotOfAdding" classname="LocalCMCTests" time="0.001"/>
  <testcase name="TestALotOfAdding" classname="LocalCMCTests" time="0.0"/>
  <testcase name="TestALotOfAdding" classname="LocalCMCTests" time="0.0"/>
  <testcase name="TestALotOfAdding" classname="LocalCMCTests" time="0.001"/>
  <testcase name="TestALotOfAdding" classname="LocalCMCTests" time="0.0"/>
  <testcase name="TestALotOfAdding" classname="LocalCMCTests" time="0.0"/>
  <testcase name="TestALotOfAdding" classname="LocalCMCTests" time="0.001"/>
  <testcase name="TestALotOfAdding" classname="LocalCMCTests" time="0.001"/>
  <testcase name="TestALotOfAdding" classname="LocalCMCTests" time="0.001"/>
  <testcase name="TestALotOfAdding" classname="LocalCMCTests" time="0.001"/>
  <testcase name="TestALotOfAdding" classname="LocalCMCTests" time="0.0"/>
  <testcase name="TestALotOfAdding" classname="LocalCMCTests" time="0.0"/>
  <testcase name="TestALotOfAdding" classname="LocalCMCTests" time="0.0"/>
  <testcase name="TestALotOfAdding" classname="LocalCMCTests" time="0.001"/>
  <testcase name="TestALotOfAdding" classname="LocalCMCTests" time="0.0"/>
  <testcase name="TestALotOfAdding" classname="LocalCMCTests" time="0.001"/>
  <testcase name="TestALotOfAdding" classname="LocalCMCTests" time="0.0"/>
  <testcase name="TestALotOfAdding" classname="LocalCMCTests" time="0.001"/>
  <testcase name="TestALotOfAdding" classname="LocalCMCTests" time="0.0"/>
  <testcase name="TestALotOfAdding" classname="LocalCMCTests" time="0.001"/>
  <testcase name="TestALotOfAdding" classname="LocalCMCTests" time="0.0"/>
  <testcase name="TestALotOfAdding" classname="LocalCMCTests" time="0.001"/>
  <testcase name="TestALotOfAdding" classname="LocalCMCTests" time="0.001"/>
  <testcase name="TestALotOfAdding" classname="LocalCMCTests" time="0.001"/>
  <testcase name="TestALotOfAdding" classname="LocalCMCTests" time="0.001"/>
  <testcase name="TestALotOfAdding" classname="LocalCMCTests" time="0.001"/>
  <testcase name="TestALotOfAdding" classname="LocalCMCTests" time="0.001"/>
  <testcase name="TestALotOfAdding" classname="LocalCMCTests" time="0.0"/>
  <testcase name="TestALotOfAdding" classname="LocalCMCTests" time="0.0"/>
  <testcase name="TestALotOfAdding" classname="LocalCMCTests" time="0.001"/>
  <testcase name="TestALotOfAdding" classname="LocalCMCTests" time="0.003"/>
  <testcase name="TestALotOfAdding" classname="LocalCMCTests" time="0.001"/>
  <testcase name="TestALotOfAdding" classname="LocalCMCTests" time="0.003"/>
  <testcase name="TestALotOfAdding" classname="LocalCMCTests" time="0.0"/>
  <testcase name="TestALotOfAdding" classname="LocalCMCTests" time="0.0"/>
  <testcase name="TestALotOfAdding" classname="LocalCMCTests" time="0.0"/>
  <testcase name="TestALotOfAdding" classname="LocalCMCTests" time="0.003"/>
  <testcase name="TestALotOfAdding" classname="LocalCMCTests" time="0.003"/>
  <testcase name="TestALotOfAdding" classname="LocalCMCTests" time="0.003"/>
  <testcase name="TestALotOfAdding" classname="LocalCMCTests" time="0.0"/>
  <testcase name="TestALotOfAdding" classname="LocalCMCTests" time="0.003"/>
  <testcase name="TestALotOfAdding" classname="LocalCMCTests" time="0.001"/>
  <testcase name="TestALotOfAdding" classname="LocalCMCTests" time="0.003"/>
  <testcase name="TestALotOfAdding" classname="LocalCMCTests" time="0.0"/>
  <testcase name="TestALotOfAdding" classname="LocalCMCTests" time="0.004"/>
  <testcase name="TestALotOfAdding" classname="LocalCMCTests" time="0.0"/>
  <testcase name="TestALotOfAdding" classname="LocalCMCTests" time="0.004"/>
  <testcase name="TestALotOfAdding" classname="LocalCMCTests" time="0.0"/>
  <testcase name="TestALotOfAdding" classname="LocalCMCTests" time="0.0"/>
  <testcase name="TestALotOfAdding" classname="LocalCMCTests" time="0.0"/>
  <testcase name="TestALotOfAdding" classname="LocalCMCTests" time="0.0"/>
  <testcase name="TestALotOfAdding" classname="LocalCMCTests" time="0.001"/>
  <testcase name="TestALotOfAdding" classname="LocalCMCTests" time="0.0"/>
  <testcase name="TestALotOfAdding" classname="LocalCMCTests" time="0.001"/>
  <testcase name="TestALotOfAdding" classname="LocalCMCTests" time="0.0"/>
  <testcase name="TestALotOfAdding" classname="LocalCMCTests" time="0.001"/>
  <testcase name="TestALotOfAdding" classname="LocalCMCTests" time="0.0"/>
  <testcase name="TestALotOfAdding" classname="LocalCMCTests" time="0.002"/>
  <testcase name="TestALotOfAdding" classname="LocalCMCTests" time="0.001"/>
  <testcase name="TestALotOfAdding" classname="LocalCMCTests" time="0.001"/>
  <testcase name="TestALotOfAdding" classname="LocalCMCTests" time="0.001"/>
  <testcase name="TestALotOfAdding" classname="LocalCMCTests" time="0.001"/>
  <testcase name="TestALotOfAdding" classname="LocalCMCTests" time="0.001"/>
  <testcase name="TestALotOfAdding" classname="LocalCMCTests" time="0.001"/>
  <testcase name="TestALotOfAdding" classname="LocalCMCTests" time="0.0"/>
  <testcase name="TestALotOfAdding" classname="LocalCMCTests" time="0.005"/>
  <testcase name="TestALotOfAdding" classname="LocalCMCTests" time="0.001"/>
  <testcase name="TestALotOfAdding" classname="LocalCMCTests" time="0.0"/>
  <testcase name="TestALotOfAdding" classname="LocalCMCTests" time="0.0"/>
  <testcase name="TestALotOfAdding" classname="LocalCMCTests" time="0.0"/>
  <testcase name="TestALotOfAdding" classname="LocalCMCTests" time="0.0"/>
  <testcase name="TestALotOfAdding" classname="LocalCMCTests" time="0.001"/>
  <testcase name="TestALotOfAdding" classname="LocalCMCTests" time="0.001"/>
  <testcase name="TestALotOfAdding" classname="LocalCMCTests" time="0.001"/>
  <testcase name="TestALotOfAdding" classname="LocalCMCTests" time="0.003"/>
  <testcase name="TestALotOfAdding" classname="LocalCMCTests" time="0.001"/>
  <testcase name="TestALotOfAdding" classname="LocalCMCTests" time="0.001"/>
  <testcase name="TestALotOfAdding" classname="LocalCMCTests" time="0.001"/>
  <testcase name="TestALotOfAdding" classname="LocalCMCTests" time="0.0"/>
  <testcase name="TestALotOfAdding" classname="LocalCMCTests" time="0.0"/>
  <testcase name="TestALotOfAdding" classname="LocalCMCTests" time="0.0"/>
  <testcase name="TestALotOfAdding" classname="LocalCMCTests" time="0.0"/>
  <testcase name="TestALotOfAdding" classname="LocalCMCTests" time="0.0"/>
  <testcase name="TestALotOfAdding" classname="LocalCMCTests" time="0.0"/>
  <testcase name="TestALotOfAdding" classname="LocalCMCTests" time="0.0"/>
  <testcase name="TestALotOfAdding" classname="LocalCMCTests" time="0.0"/>
  <testcase name="TestALotOfAdding" classname="LocalCMCTests" time="0.001"/>
  <testcase name="TestALotOfAdding" classname="LocalCMCTests" time="0.0"/>
  <testcase name="TestALotOfAdding" classname="LocalCMCTests" time="0.002"/>
  <testcase name="TestALotOfAdding" classname="LocalCMCTests" time="0.0"/>
  <testcase name="TestALotOfAdding" classname="LocalCMCTests" time="0.002"/>
  <testcase name="TestALotOfAdding" classname="LocalCMCTests" time="0.001"/>
  <testcase name="TestALotOfAdding" classname="LocalCMCTests" time="0.001"/>
  <testcase name="TestALotOfAdding" classname="LocalCMCTests" time="0.001"/>
  <testcase name="TestALotOfAdding" classname="LocalCMCTests" time="0.0"/>
  <testcase name="TestALotOfAdding" classname="LocalCMCTests" time="0.001"/>
  <testcase name="TestALotOfAdding" classname="LocalCMCTests" time="0.001"/>
  <testcase name="TestALotOfAdding" classname="LocalCMCTests" time="0.0"/>
  <testcase name="TestALotOfAdding" classname="LocalCMCTests" time="0.001"/>
  <testcase name="TestALotOfAdding" classname="LocalCMCTests" time="0.0"/>
  <testcase name="TestALotOfAdding" classname="LocalCMCTests" time="0.001"/>
  <testcase name="TestALotOfAdding" classname="LocalCMCTests" time="0.0"/>
  <testcase name="TestALotOfAdding" classname="LocalCMCTests" time="0.001"/>
  <testcase name="TestALotOfAdding" classname="LocalCMCTests" time="0.0"/>
  <testcase name="TestALotOfAdding" classname="LocalCMCTests" time="0.0"/>
  <testcase name="TestALotOfAdding" classname="LocalCMCTests" time="0.0"/>
  <testcase name="TestALotOfAdding" classname="LocalCMCTests" time="0.0"/>
  <testcase name="TestALotOfAdding" classname="LocalCMCTests" time="0.001"/>
  <testcase name="TestALotOfAdding" classname="LocalCMCTests" time="0.001"/>
  <testcase name="TestALotOfAdding" classname="LocalCMCTests" time="0.0"/>
  <testcase name="TestALotOfAdding" classname="LocalCMCTests" time="0.001"/>
  <testcase name="TestALotOfAdding" classname="LocalCMCTests" time="0.0"/>
  <testcase name="TestALotOfAdding" classname="LocalCMCTests" time="0.0"/>
  <testcase name="TestALotOfAdding" classname="LocalCMCTests" time="0.0"/>
  <testcase name="TestALotOfAdding" classname="LocalCMCTests" time="0.001"/>
  <testcase name="TestALotOfAdding" classname="LocalCMCTests" time="0.0"/>
  <testcase name="TestALotOfAdding" classname="LocalCMCTests" time="0.001"/>
  <testcase name="TestALotOfAdding" classname="LocalCMCTests" time="0.002"/>
  <testcase name="TestALotOfAdding" classname="LocalCMCTests" time="0.0"/>
  <testcase name="TestALotOfAdding" classname="LocalCMCTests" time="0.002"/>
  <testcase name="TestALotOfAdding" classname="LocalCMCTests" time="0.0"/>
  <testcase name="TestALotOfAdding" classname="LocalCMCTests" time="0.0"/>
  <testcase name="TestALotOfAdding" classname="LocalCMCTests" time="0.0"/>
  <testcase name="TestALotOfAdding" classname="LocalCMCTests" time="0.002"/>
  <testcase name="TestALotOfAdding" classname="LocalCMCTests" time="0.0"/>
  <testcase name="TestALotOfAdding" classname="LocalCMCTests" time="0.0"/>
  <testcase name="TestALotOfAdding" classname="LocalCMCTests" time="0.0"/>
  <testcase name="TestALotOfAdding" classname="LocalCMCTests" time="0.0"/>
  <testcase name="TestALotOfAdding" classname="LocalCMCTests" time="0.001"/>
  <testcase name="TestALotOfAdding" classname="LocalCMCTests" time="0.001"/>
  <testcase name="TestALotOfAdding" classname="LocalCMCTests" time="0.002"/>
  <testcase name="TestALotOfAdding" classname="LocalCMCTests" time="0.001"/>
  <testcase name="TestALotOfAdding" classname="LocalCMCTests" time="0.001"/>
  <testcase name="TestALotOfAdding" classname="LocalCMCTests" time="0.001"/>
  <testcase name="TestALotOfAdding" classname="LocalCMCTests" time="0.0"/>
  <testcase name="TestALotOfAdding" classname="LocalCMCTests" time="0.001"/>
  <testcase name="TestALotOfAdding" classname="LocalCMCTests" time="0.001"/>
  <testcase name="TestALotOfAdding" classname="LocalCMCTests" time="0.001"/>
  <testcase name="TestALotOfAdding" classname="LocalCMCTests" time="0.003"/>
  <testcase name="TestALotOfAdding" classname="LocalCMCTests" time="0.0"/>
  <testcase name="TestALotOfAdding" classname="LocalCMCTests" time="0.0"/>
  <testcase name="TestALotOfAdding" classname="LocalCMCTests" time="0.0"/>
  <testcase name="TestALotOfAdding" classname="LocalCMCTests" time="0.0"/>
  <testcase name="TestALotOfAdding" classname="LocalCMCTests" time="0.002"/>
  <testcase name="TestALotOfAdding" classname="LocalCMCTests" time="0.0"/>
  <testcase name="TestALotOfAdding" classname="LocalCMCTests" time="0.0"/>
  <testcase name="TestALotOfAdding" classname="LocalCMCTests" time="0.001"/>
  <testcase name="TestALotOfAdding" classname="LocalCMCTests" time="0.0"/>
  <testcase name="TestALotOfAdding" classname="LocalCMCTests" time="0.0"/>
  <testcase name="TestALotOfAdding" classname="LocalCMCTests" time="0.002"/>
  <testcase name="TestALotOfAdding" classname="LocalCMCTests" time="0.002"/>
  <testcase name="TestALotOfAdding" classname="LocalCMCTests" time="0.0"/>
  <testcase name="TestALotOfAdding" classname="LocalCMCTests" time="0.001"/>
  <testcase name="TestALotOfAdding" classname="LocalCMCTests" time="0.0"/>
  <testcase name="TestALotOfAdding" classname="LocalCMCTests" time="0.001"/>
  <testcase name="TestALotOfAdding" classname="LocalCMCTests" time="0.001"/>
  <testcase name="TestALotOfAdding" classname="LocalCMCTests" time="0.001"/>
  <testcase name="TestALotOfAdding" classname="LocalCMCTests" time="0.001"/>
  <testcase name="TestALotOfAdding" classname="LocalCMCTests" time="0.0"/>
  <testcase name="TestALotOfAdding" classname="LocalCMCTests" time="0.001"/>
  <testcase name="TestALotOfAdding" classname="LocalCMCTests" time="0.0"/>
  <testcase name="TestALotOfAdding" classname="LocalCMCTests" time="0.0"/>
  <testcase name="TestALotOfAdding" classname="LocalCMCTests" time="0.001"/>
  <testcase name="TestALotOfAdding" classname="LocalCMCTests" time="0.001"/>
  <testcase name="TestALotOfAdding" classname="LocalCMCTests" time="0.001"/>
  <testcase name="TestALotOfAdding" classname="LocalCMCTests" time="0.001"/>
  <testcase name="TestALotOfAdding" classname="LocalCMCTests" time="0.002"/>
  <testcase name="TestALotOfAdding" classname="LocalCMCTests" time="0.001"/>
  <testcase name="TestALotOfAdding" classname="LocalCMCTests" time="0.001"/>
  <testcase name="TestALotOfAdding" classname="LocalCMCTests" time="0.0"/>
  <testcase name="TestALotOfAdding" classname="LocalCMCTests" time="0.0"/>
  <testcase name="TestALotOfAdding" classname="LocalCMCTests" time="0.0"/>
  <testcase name="TestALotOfAdding" classname="LocalCMCTests" time="0.0"/>
  <testcase name="TestALotOfAdding" classname="LocalCMCTests" time="0.0"/>
  <testcase name="TestALotOfAdding" classname="LocalCMCTests" time="0.0"/>
  <testcase name="TestALotOfAdding" classname="LocalCMCTests" time="0.001"/>
  <testcase name="TestALotOfAdding" classname="LocalCMCTests" time="0.0"/>
  <testcase name="TestALotOfAdding" classname="LocalCMCTests" time="0.001"/>
  <testcase name="TestALotOfAdding" classname="LocalCMCTests" time="0.002"/>
  <testcase name="TestALotOfAdding" classname="LocalCMCTests" time="0.002"/>
  <testcase name="TestALotOfAdding" classname="LocalCMCTests" time="0.001"/>
  <testcase name="TestALotOfAdding" classname="LocalCMCTests" time="0.001"/>
  <testcase name="TestALotOfAdding" classname="LocalCMCTests" time="0.0"/>
  <testcase name="TestALotOfAdding" classname="LocalCMCTests" time="0.001"/>
  <testcase name="TestALotOfAdding" classname="LocalCMCTests" time="0.001"/>
  <testcase name="TestALotOfAdding" classname="LocalCMCTests" time="0.0"/>
  <testcase name="TestALotOfAdding" classname="LocalCMCTests" time="0.001"/>
  <testcase name="TestALotOfAdding" classname="LocalCMCTests" time="0.0"/>
  <testcase name="TestALotOfAdding" classname="LocalCMCTests" time="0.0"/>
  <testcase name="TestALotOfAdding" classname="LocalCMCTests" time="0.001"/>
  <testcase name="TestALotOfAdding" classname="LocalCMCTests" time="0.0"/>
  <testcase name="TestALotOfAdding" classname="LocalCMCTests" time="0.0"/>
  <testcase name="TestALotOfAdding" classname="LocalCMCTests" time="0.002"/>
  <testcase name="TestALotOfAdding" classname="LocalCMCTests" time="0.002"/>
  <testcase name="TestALotOfAdding" classname="LocalCMCTests" time="0.0"/>
  <testcase name="TestALotOfAdding" classname="LocalCMCTests" time="0.0"/>
  <testcase name="TestALotOfAdding" classname="LocalCMCTests" time="0.001"/>
  <testcase name="TestALotOfAdding" classname="LocalCMCTests" time="0.001"/>
  <testcase name="TestALotOfAdding" classname="LocalCMCTests" time="0.0"/>
  <testcase name="TestALotOfAdding" classname="LocalCMCTests" time="0.001"/>
  <testcase name="TestALotOfAdding" classname="LocalCMCTests" time="0.0"/>
  <testcase name="TestALotOfAdding" classname="LocalCMCTests" time="0.0"/>
  <testcase name="TestALotOfAdding" classname="LocalCMCTests" time="0.0"/>
  <testcase name="TestALotOfAdding" classname="LocalCMCTests" time="0.0"/>
  <testcase name="TestALotOfAdding" classname="LocalCMCTests" time="0.0"/>
  <testcase name="TestALotOfAdding" classname="LocalCMCTests" time="0.001"/>
  <testcase name="TestALotOfAdding" classname="LocalCMCTests" time="0.0"/>
  <testcase name="TestALotOfAdding" classname="LocalCMCTests" time="0.001"/>
  <testcase name="TestALotOfAdding" classname="LocalCMCTests" time="0.001"/>
  <testcase name="TestALotOfAdding" classname="LocalCMCTests" time="0.001"/>
  <testcase name="TestALotOfAdding" classname="LocalCMCTests" time="0.0"/>
  <testcase name="TestALotOfAdding" classname="LocalCMCTests" time="0.001"/>
  <testcase name="TestALotOfAdding" classname="LocalCMCTests" time="0.001"/>
  <testcase name="TestALotOfAdding" classname="LocalCMCTests" time="0.001"/>
  <testcase name="TestALotOfAdding" classname="LocalCMCTests" time="0.001"/>
  <testcase name="TestALotOfAdding" classname="LocalCMCTests" time="0.001"/>
  <testcase name="TestALotOfAdding" classname="LocalCMCTests" time="0.0"/>
  <testcase name="TestALotOfAdding" classname="LocalCMCTests" time="0.001"/>
  <testcase name="TestALotOfAdding" classname="LocalCMCTests" time="0.0"/>
  <testcase name="TestALotOfAdding" classname="LocalCMCTests" time="0.0"/>
  <testcase name="TestALotOfAdding" classname="LocalCMCTests" time="0.0"/>
  <testcase name="TestALotOfAdding" classname="LocalCMCTests" time="0.001"/>
  <testcase name="TestALotOfAdding" classname="LocalCMCTests" time="0.0"/>
  <testcase name="TestALotOfAdding" classname="LocalCMCTests" time="0.0"/>
  <testcase name="TestALotOfAdding" classname="LocalCMCTests" time="0.001"/>
  <testcase name="TestALotOfAdding" classname="LocalCMCTests" time="0.001"/>
  <testcase name="TestALotOfAdding" classname="LocalCMCTests" time="0.001"/>
  <testcase name="TestALotOfAdding" classname="LocalCMCTests" time="0.002"/>
  <testcase name="TestALotOfAdding" classname="LocalCMCTests" time="0.001"/>
  <testcase name="TestALotOfAdding" classname="LocalCMCTests" time="0.0"/>
  <testcase name="TestALotOfAdding" classname="LocalCMCTests" time="0.0"/>
  <testcase name="TestALotOfAdding" classname="LocalCMCTests" time="0.0"/>
  <testcase name="TestALotOfAdding" classname="LocalCMCTests" time="0.001"/>
  <testcase name="TestALotOfAdding" classname="LocalCMCTests" time="0.0"/>
  <testcase name="TestALotOfAdding" classname="LocalCMCTests" time="0.001"/>
  <testcase name="TestALotOfAdding" classname="LocalCMCTests" time="0.0"/>
  <testcase name="TestALotOfAdding" classname="LocalCMCTests" time="0.001"/>
  <testcase name="TestALotOfAdding" classname="LocalCMCTests" time="0.0"/>
  <testcase name="TestALotOfAdding" classname="LocalCMCTests" time="0.001"/>
  <testcase name="TestALotOfAdding" classname="LocalCMCTests" time="0.001"/>
  <testcase name="TestALotOfAdding" classname="LocalCMCTests" time="0.001"/>
  <testcase name="TestALotOfAdding" classname="LocalCMCTests" time="0.001"/>
  <testcase name="TestALotOfAdding" classname="LocalCMCTests" time="0.001"/>
  <testcase name="TestALotOfAdding" classname="LocalCMCTests" time="0.001"/>
  <testcase name="TestALotOfAdding" classname="LocalCMCTests" time="0.0"/>
  <testcase name="TestALotOfAdding" classname="LocalCMCTests" time="0.0"/>
  <testcase name="TestALotOfAdding" classname="LocalCMCTests" time="0.0"/>
  <testcase name="TestALotOfAdding" classname="LocalCMCTests" time="0.0"/>
  <testcase name="TestALotOfAdding" classname="LocalCMCTests" time="0.0"/>
  <testcase name="TestALotOfAdding" classname="LocalCMCTests" time="0.0"/>
  <testcase name="TestALotOfAdding" classname="LocalCMCTests" time="0.001"/>
  <testcase name="TestALotOfAdding" classname="LocalCMCTests" time="0.001"/>
  <testcase name="TestALotOfAdding" classname="LocalCMCTests" time="0.002"/>
  <testcase name="TestALotOfAdding" classname="LocalCMCTests" time="0.0"/>
  <testcase name="TestALotOfAdding" classname="LocalCMCTests" time="0.001"/>
  <testcase name="TestALotOfAdding" classname="LocalCMCTests" time="0.0"/>
  <testcase name="TestALotOfAdding" classname="LocalCMCTests" time="0.001"/>
  <testcase name="TestALotOfAdding" classname="LocalCMCTests" time="0.001"/>
  <testcase name="TestALotOfAdding" classname="LocalCMCTests" time="0.001"/>
  <testcase name="TestALotOfAdding" classname="LocalCMCTests" time="0.001"/>
  <testcase name="TestALotOfAdding" classname="LocalCMCTests" time="0.001"/>
  <testcase name="TestALotOfAdding" classname="LocalCMCTests" time="0.0"/>
  <testcase name="TestALotOfAdding" classname="LocalCMCTests" time="0.001"/>
  <testcase name="TestALotOfAdding" classname="LocalCMCTests" time="0.001"/>
  <testcase name="TestALotOfAdding" classname="LocalCMCTests" time="0.0"/>
  <testcase name="TestALotOfAdding" classname="LocalCMCTests" time="0.0"/>
  <testcase name="TestALotOfAdding" classname="LocalCMCTests" time="0.0"/>
  <testcase name="TestALotOfAdding" classname="LocalCMCTests" time="0.0"/>
  <testcase name="TestALotOfAdding" classname="LocalCMCTests" time="0.0"/>
  <testcase name="TestALotOfAdding" classname="LocalCMCTests" time="0.001"/>
  <testcase name="TestALotOfAdding" classname="LocalCMCTests" time="0.001"/>
  <testcase name="TestALotOfAdding" classname="LocalCMCTests" time="0.0"/>
  <testcase name="TestALotOfAdding" classname="LocalCMCTests" time="0.0"/>
  <testcase name="TestALotOfAdding" classname="LocalCMCTests" time="0.001"/>
  <testcase name="TestALotOfAdding" classname="LocalCMCTests" time="0.001"/>
  <testcase name="TestALotOfAdding" classname="LocalCMCTests" time="0.001"/>
  <testcase name="TestALotOfAdding" classname="LocalCMCTests" time="0.0"/>
  <testcase name="TestALotOfAdding" classname="LocalCMCTests" time="0.0"/>
  <testcase name="TestALotOfAdding" classname="LocalCMCTests" time="0.001"/>
  <testcase name="TestALotOfAdding" classname="LocalCMCTests" time="0.001"/>
  <testcase name="TestALotOfAdding" classname="LocalCMCTests" time="0.0"/>
  <testcase name="TestALotOfAdding" classname="LocalCMCTests" time="0.001"/>
  <testcase name="TestALotOfAdding" classname="LocalCMCTests" time="0.001"/>
  <testcase name="TestALotOfAdding" classname="LocalCMCTests" time="0.001"/>
  <testcase name="TestALotOfAdding" classname="LocalCMCTests" time="0.001"/>
  <testcase name="TestALotOfAdding" classname="LocalCMCTests" time="0.0"/>
  <testcase name="TestALotOfAdding" classname="LocalCMCTests" time="0.0"/>
  <testcase name="TestALotOfAdding" classname="LocalCMCTests" time="0.0"/>
  <testcase name="TestALotOfAdding" classname="LocalCMCTests" time="0.0"/>
  <testcase name="TestALotOfAdding" classname="LocalCMCTests" time="0.002"/>
  <testcase name="TestALotOfAdding" classname="LocalCMCTests" time="0.0"/>
  <testcase name="TestALotOfAdding" classname="LocalCMCTests" time="0.0"/>
  <testcase name="TestALotOfAdding" classname="LocalCMCTests" time="0.001"/>
  <testcase name="TestALotOfAdding" classname="LocalCMCTests" time="0.001"/>
  <testcase name="TestALotOfAdding" classname="LocalCMCTests" time="0.001"/>
  <testcase name="TestALotOfAdding" classname="LocalCMCTests" time="0.0"/>
  <testcase name="TestALotOfAdding" classname="LocalCMCTests" time="0.0"/>
  <testcase name="TestALotOfAdding" classname="LocalCMCTests" time="0.0"/>
  <testcase name="TestALotOfAdding" classname="LocalCMCTests" time="0.0"/>
  <testcase name="TestALotOfAdding" classname="LocalCMCTests" time="0.0"/>
  <testcase name="TestALotOfAdding" classname="LocalCMCTests" time="0.0"/>
  <testcase name="TestALotOfAdding" classname="LocalCMCTests" time="0.001"/>
  <testcase name="TestALotOfAdding" classname="LocalCMCTests" time="0.002"/>
  <testcase name="TestALotOfAdding" classname="LocalCMCTests" time="0.0"/>
  <testcase name="TestALotOfAdding" classname="LocalCMCTests" time="0.001"/>
  <testcase name="TestALotOfAdding" classname="LocalCMCTests" time="0.001"/>
  <testcase name="TestALotOfAdding" classname="LocalCMCTests" time="0.001"/>
  <testcase name="TestALotOfAdding" classname="LocalCMCTests" time="0.001"/>
  <testcase name="TestALotOfAdding" classname="LocalCMCTests" time="0.001"/>
  <testcase name="TestALotOfAdding" classname="LocalCMCTests" time="0.0"/>
  <testcase name="TestALotOfAdding" classname="LocalCMCTests" time="0.002"/>
  <testcase name="TestALotOfAdding" classname="LocalCMCTests" time="0.0"/>
  <testcase name="TestALotOfAdding" classname="LocalCMCTests" time="0.001"/>
  <testcase name="TestALotOfAdding" classname="LocalCMCTests" time="0.0"/>
  <testcase name="TestALotOfAdding" classname="LocalCMCTests" time="0.001"/>
  <testcase name="TestALotOfAdding" classname="LocalCMCTests" time="0.0"/>
  <testcase name="TestALotOfAdding" classname="LocalCMCTests" time="0.0"/>
  <testcase name="TestALotOfAdding" classname="LocalCMCTests" time="0.0"/>
  <testcase name="TestALotOfAdding" classname="LocalCMCTests" time="0.0"/>
  <testcase name="TestALotOfAdding" classname="LocalCMCTests" time="0.002"/>
  <testcase name="TestALotOfAdding" classname="LocalCMCTests" time="0.0"/>
  <testcase name="TestALotOfAdding" classname="LocalCMCTests" time="0.001"/>
  <testcase name="TestALotOfAdding" classname="LocalCMCTests" time="0.001"/>
  <testcase name="TestALotOfAdding" classname="LocalCMCTests" time="0.001"/>
  <testcase name="TestALotOfAdding" classname="LocalCMCTests" time="0.001"/>
  <testcase name="TestALotOfAdding" classname="LocalCMCTests" time="0.001"/>
  <testcase name="TestALotOfAdding" classname="LocalCMCTests" time="0.001"/>
  <testcase name="TestALotOfAdding" classname="LocalCMCTests" time="0.001"/>
  <testcase name="TestALotOfAdding" classname="LocalCMCTests" time="0.001"/>
  <testcase name="TestALotOfAdding" classname="LocalCMCTests" time="0.0"/>
  <testcase name="TestALotOfAdding" classname="LocalCMCTests" time="0.0"/>
  <testcase name="TestALotOfAdding" classname="LocalCMCTests" time="0.0"/>
  <testcase name="TestALotOfAdding" classname="LocalCMCTests" time="0.0"/>
  <testcase name="TestALotOfAdding" classname="LocalCMCTests" time="0.001"/>
  <testcase name="TestALotOfAdding" classname="LocalCMCTests" time="0.001"/>
  <testcase name="TestALotOfAdding" classname="LocalCMCTests" time="0.0"/>
  <testcase name="TestALotOfAdding" classname="LocalCMCTests" time="0.001"/>
  <testcase name="TestALotOfAdding" classname="LocalCMCTests" time="0.001"/>
  <testcase name="TestALotOfAdding" classname="LocalCMCTests" time="0.001"/>
  <testcase name="TestALotOfAdding" classname="LocalCMCTests" time="0.001"/>
  <testcase name="TestALotOfAdding" classname="LocalCMCTests" time="0.001"/>
  <testcase name="TestALotOfAdding" classname="LocalCMCTests" time="0.002"/>
  <testcase name="TestALotOfAdding" classname="LocalCMCTests" time="0.0"/>
  <testcase name="TestALotOfAdding" classname="LocalCMCTests" time="0.0"/>
  <testcase name="TestALotOfAdding" classname="LocalCMCTests" time="0.0"/>
  <testcase name="TestALotOfAdding" classname="LocalCMCTests" time="0.0"/>
  <testcase name="TestALotOfAdding" classname="LocalCMCTests" time="0.0"/>
  <testcase name="TestALotOfAdding" classname="LocalCMCTests" time="0.001"/>
  <testcase name="TestALotOfAdding" classname="LocalCMCTests" time="0.001"/>
  <testcase name="TestALotOfAdding" classname="LocalCMCTests" time="0.001"/>
  <testcase name="TestALotOfAdding" classname="LocalCMCTests" time="0.001"/>
  <testcase name="TestALotOfAdding" classname="LocalCMCTests" time="0.0"/>
  <testcase name="TestALotOfAdding" classname="LocalCMCTests" time="0.0"/>
  <testcase name="TestALotOfAdding" classname="LocalCMCTests" time="0.0"/>
  <testcase name="TestALotOfAdding" classname="LocalCMCTests" time="0.001"/>
  <testcase name="TestALotOfAdding" classname="LocalCMCTests" time="0.001"/>
  <testcase name="TestALotOfAdding" classname="LocalCMCTests" time="0.001"/>
  <testcase name="TestALotOfAdding" classname="LocalCMCTests" time="0.0"/>
  <testcase name="TestALotOfAdding" classname="LocalCMCTests" time="0.0"/>
  <testcase name="TestALotOfAdding" classname="LocalCMCTests" time="0.0"/>
  <testcase name="TestALotOfAdding" classname="LocalCMCTests" time="0.001"/>
  <testcase name="TestALotOfAdding" classname="LocalCMCTests" time="0.0"/>
  <testcase name="TestALotOfAdding" classname="LocalCMCTests" time="0.001"/>
  <testcase name="TestALotOfAdding" classname="LocalCMCTests" time="0.0"/>
  <testcase name="TestALotOfAdding" classname="LocalCMCTests" time="0.001"/>
  <testcase name="TestALotOfAdding" classname="LocalCMCTests" time="0.001"/>
  <testcase name="TestALotOfAdding" classname="LocalCMCTests" time="0.001"/>
  <testcase name="TestALotOfAdding" classname="LocalCMCTests" time="0.001"/>
  <testcase name="TestALotOfAdding" classname="LocalCMCTests" time="0.002"/>
  <testcase name="TestALotOfAdding" classname="LocalCMCTests" time="0.0"/>
  <testcase name="TestALotOfAdding" classname="LocalCMCTests" time="0.001"/>
  <testcase name="TestALotOfAdding" classname="LocalCMCTests" time="0.002"/>
  <testcase name="TestALotOfAdding" classname="LocalCMCTests" time="0.0"/>
  <testcase name="TestALotOfAdding" classname="LocalCMCTests" time="0.0"/>
  <testcase name="TestALotOfAdding" classname="LocalCMCTests" time="0.001"/>
  <testcase name="TestALotOfAdding" classname="LocalCMCTests" time="0.001"/>
  <testcase name="TestALotOfAdding" classname="LocalCMCTests" time="0.0"/>
  <testcase name="TestALotOfAdding" classname="LocalCMCTests" time="0.001"/>
  <testcase name="TestALotOfAdding" classname="LocalCMCTests" time="0.001"/>
  <testcase name="TestALotOfAdding" classname="LocalCMCTests" time="0.001"/>
  <testcase name="TestALotOfAdding" classname="LocalCMCTests" time="0.001"/>
  <testcase name="TestALotOfAdding" classname="LocalCMCTests" time="0.0"/>
  <testcase name="TestALotOfAdding" classname="LocalCMCTests" time="0.0"/>
  <testcase name="TestALotOfAdding" classname="LocalCMCTests" time="0.0"/>
  <testcase name="TestALotOfAdding" classname="LocalCMCTests" time="0.001"/>
  <testcase name="TestALotOfAdding" classname="LocalCMCTests" time="0.001"/>
  <testcase name="TestALotOfAdding" classname="LocalCMCTests" time="0.0"/>
  <testcase name="TestALotOfAdding" classname="LocalCMCTests" time="0.001"/>
  <testcase name="TestALotOfAdding" classname="LocalCMCTests" time="0.001"/>
  <testcase name="TestALotOfAdding" classname="LocalCMCTests" time="0.0"/>
  <testcase name="TestALotOfAdding" classname="LocalCMCTests" time="0.001"/>
  <testcase name="TestALotOfAdding" classname="LocalCMCTests" time="0.001"/>
  <testcase name="TestALotOfAdding" classname="LocalCMCTests" time="0.0"/>
  <testcase name="TestALotOfAdding" classname="LocalCMCTests" time="0.001"/>
  <testcase name="TestALotOfAdding" classname="LocalCMCTests" time="0.0"/>
  <testcase name="TestALotOfAdding" classname="LocalCMCTests" time="0.0"/>
  <testcase name="TestALotOfAdding" classname="LocalCMCTests" time="0.0"/>
  <testcase name="TestALotOfAdding" classname="LocalCMCTests" time="0.0"/>
  <testcase name="TestALotOfAdding" classname="LocalCMCTests" time="0.0"/>
  <testcase name="TestALotOfAdding" classname="LocalCMCTests" time="0.0"/>
  <testcase name="TestALotOfAdding" classname="LocalCMCTests" time="0.002"/>
  <testcase name="TestALotOfAdding" classname="LocalCMCTests" time="0.002"/>
  <testcase name="TestALotOfAdding" classname="LocalCMCTests" time="0.0"/>
  <testcase name="TestALotOfAdding" classname="LocalCMCTests" time="0.0"/>
  <testcase name="TestALotOfAdding" classname="LocalCMCTests" time="0.001"/>
  <testcase name="TestALotOfAdding" classname="LocalCMCTests" time="0.001"/>
  <testcase name="TestALotOfAdding" classname="LocalCMCTests" time="0.001"/>
  <testcase name="TestALotOfAdding" classname="LocalCMCTests" time="0.0"/>
  <testcase name="TestALotOfAdding" classname="LocalCMCTests" time="0.001"/>
  <testcase name="TestALotOfAdding" classname="LocalCMCTests" time="0.001"/>
  <testcase name="TestALotOfAdding" classname="LocalCMCTests" time="0.001"/>
  <testcase name="TestALotOfAdding" classname="LocalCMCTests" time="0.001"/>
  <testcase name="TestALotOfAdding" classname="LocalCMCTests" time="0.0"/>
  <testcase name="TestALotOfAdding" classname="LocalCMCTests" time="0.0"/>
  <testcase name="TestALotOfAdding" classname="LocalCMCTests" time="0.001"/>
  <testcase name="TestALotOfAdding" classname="LocalCMCTests" time="0.001"/>
  <testcase name="TestALotOfAdding" classname="LocalCMCTests" time="0.001"/>
  <testcase name="TestALotOfAdding" classname="LocalCMCTests" time="0.001"/>
  <testcase name="TestALotOfAdding" classname="LocalCMCTests" time="0.001"/>
  <testcase name="TestALotOfAdding" classname="LocalCMCTests" time="0.003"/>
  <testcase name="TestALotOfAdding" classname="LocalCMCTests" time="0.0"/>
  <testcase name="TestALotOfAdding" classname="LocalCMCTests" time="0.001"/>
  <testcase name="TestALotOfAdding" classname="LocalCMCTests" time="0.0"/>
  <testcase name="TestALotOfAdding" classname="LocalCMCTests" time="0.0"/>
  <testcase name="TestALotOfAdding" classname="LocalCMCTests" time="0.001"/>
  <testcase name="TestALotOfAdding" classname="LocalCMCTests" time="0.001"/>
  <testcase name="TestALotOfAdding" classname="LocalCMCTests" time="0.0"/>
  <testcase name="TestALotOfAdding" classname="LocalCMCTests" time="0.0"/>
  <testcase name="TestALotOfAdding" classname="LocalCMCTests" time="0.0"/>
  <testcase name="TestALotOfAdding" classname="LocalCMCTests" time="0.0"/>
  <testcase name="TestALotOfAdding" classname="LocalCMCTests" time="0.0"/>
  <testcase name="TestALotOfAdding" classname="LocalCMCTests" time="0.001"/>
  <testcase name="TestALotOfAdding" classname="LocalCMCTests" time="0.001"/>
  <testcase name="TestALotOfAdding" classname="LocalCMCTests" time="0.001"/>
  <testcase name="TestALotOfAdding" classname="LocalCMCTests" time="0.001"/>
  <testcase name="TestALotOfAdding" classname="LocalCMCTests" time="0.0"/>
  <testcase name="TestALotOfAdding" classname="LocalCMCTests" time="0.0"/>
  <testcase name="TestALotOfAdding" classname="LocalCMCTests" time="0.001"/>
  <testcase name="TestALotOfAdding" classname="LocalCMCTests" time="0.002"/>
  <testcase name="TestALotOfAdding" classname="LocalCMCTests" time="0.001"/>
  <testcase name="TestALotOfAdding" classname="LocalCMCTests" time="0.001"/>
  <testcase name="TestALotOfAdding" classname="LocalCMCTests" time="0.001"/>
  <testcase name="TestALotOfAdding" classname="LocalCMCTests" time="0.0"/>
  <testcase name="TestALotOfAdding" classname="LocalCMCTests" time="0.0"/>
  <testcase name="TestALotOfAdding" classname="LocalCMCTests" time="0.0"/>
  <testcase name="TestALotOfAdding" classname="LocalCMCTests" time="0.0"/>
  <testcase name="TestALotOfAdding" classname="LocalCMCTests" time="0.0"/>
  <testcase name="TestALotOfAdding" classname="LocalCMCTests" time="0.001"/>
  <testcase name="TestALotOfAdding" classname="LocalCMCTests" time="0.001"/>
  <testcase name="TestALotOfAdding" classname="LocalCMCTests" time="0.001"/>
  <testcase name="TestALotOfAdding" classname="LocalCMCTests" time="0.0"/>
  <testcase name="TestALotOfAdding" classname="LocalCMCTests" time="0.001"/>
  <testcase name="TestALotOfAdding" classname="LocalCMCTests" time="0.001"/>
  <testcase name="TestALotOfAdding" classname="LocalCMCTests" time="0.001"/>
  <testcase name="TestALotOfAdding" classname="LocalCMCTests" time="0.001"/>
  <testcase name="TestALotOfAdding" classname="LocalCMCTests" time="0.0"/>
  <testcase name="TestALotOfAdding" classname="LocalCMCTests" time="0.0"/>
  <testcase name="TestALotOfAdding" classname="LocalCMCTests" time="0.0"/>
  <testcase name="TestALotOfAdding" classname="LocalCMCTests" time="0.0"/>
  <testcase name="TestALotOfAdding" classname="LocalCMCTests" time="0.001"/>
  <testcase name="TestALotOfAdding" classname="LocalCMCTests" time="0.0"/>
  <testcase name="TestALotOfAdding" classname="LocalCMCTests" time="0.0"/>
  <testcase name="TestALotOfAdding" classname="LocalCMCTests" time="0.0"/>
  <testcase name="TestALotOfAdding" classname="LocalCMCTests" time="0.0"/>
  <testcase name="TestALotOfAdding" classname="LocalCMCTests" time="0.001"/>
  <testcase name="TestALotOfAdding" classname="LocalCMCTests" time="0.001"/>
  <testcase name="TestALotOfAdding" classname="LocalCMCTests" time="0.001"/>
  <testcase name="TestALotOfAdding" classname="LocalCMCTests" time="0.001"/>
  <testcase name="TestALotOfAdding" classname="LocalCMCTests" time="0.001"/>
  <testcase name="TestALotOfAdding" classname="LocalCMCTests" time="0.0"/>
  <testcase name="TestALotOfAdding" classname="LocalCMCTests" time="0.0"/>
  <testcase name="TestALotOfAdding" classname="LocalCMCTests" time="0.001"/>
  <testcase name="TestALotOfAdding" classname="LocalCMCTests" time="0.0"/>
  <testcase name="TestALotOfAdding" classname="LocalCMCTests" time="0.001"/>
  <testcase name="TestALotOfAdding" classname="LocalCMCTests" time="0.002"/>
  <testcase name="TestALotOfAdding" classname="LocalCMCTests" time="0.001"/>
  <testcase name="TestALotOfAdding" classname="LocalCMCTests" time="0.0"/>
  <testcase name="TestALotOfAdding" classname="LocalCMCTests" time="0.0"/>
  <testcase name="TestALotOfAdding" classname="LocalCMCTests" time="0.0"/>
  <testcase name="TestALotOfAdding" classname="LocalCMCTests" time="0.001"/>
  <testcase name="TestALotOfAdding" classname="LocalCMCTests" time="0.0"/>
  <testcase name="TestALotOfAdding" classname="LocalCMCTests" time="0.0"/>
  <testcase name="TestALotOfAdding" classname="LocalCMCTests" time="0.001"/>
  <testcase name="TestALotOfAdding" classname="LocalCMCTests" time="0.001"/>
  <testcase name="TestALotOfAdding" classname="LocalCMCTests" time="0.001"/>
  <testcase name="TestALotOfAdding" classname="LocalCMCTests" time="0.0"/>
  <testcase name="TestALotOfAdding" classname="LocalCMCTests" time="0.001"/>
  <testcase name="TestALotOfAdding" classname="LocalCMCTests" time="0.001"/>
  <testcase name="TestALotOfAdding" classname="LocalCMCTests" time="0.001"/>
  <testcase name="TestALotOfAdding" classname="LocalCMCTests" time="0.0"/>
  <testcase name="TestALotOfAdding" classname="LocalCMCTests" time="0.001"/>
  <testcase name="TestALotOfAdding" classname="LocalCMCTests" time="0.0"/>
  <testcase name="TestALotOfAdding" classname="LocalCMCTests" time="0.0"/>
  <testcase name="TestALotOfAdding" classname="LocalCMCTests" time="0.0"/>
  <testcase name="TestALotOfAdding" classname="LocalCMCTests" time="0.0"/>
  <testcase name="TestALotOfAdding" classname="LocalCMCTests" time="0.0"/>
  <testcase name="TestALotOfAdding" classname="LocalCMCTests" time="0.0"/>
  <testcase name="TestALotOfAdding" classname="LocalCMCTests" time="0.001"/>
  <testcase name="TestALotOfAdding" classname="LocalCMCTests" time="0.001"/>
  <testcase name="TestALotOfAdding" classname="LocalCMCTests" time="0.001"/>
  <testcase name="TestALotOfAdding" classname="LocalCMCTests" time="0.001"/>
  <testcase name="TestALotOfAdding" classname="LocalCMCTests" time="0.0"/>
  <testcase name="TestALotOfAdding" classname="LocalCMCTests" time="0.001"/>
  <testcase name="TestALotOfAdding" classname="LocalCMCTests" time="0.001"/>
  <testcase name="TestALotOfAdding" classname="LocalCMCTests" time="0.001"/>
  <testcase name="TestALotOfAdding" classname="LocalCMCTests" time="0.0"/>
  <testcase name="TestALotOfAdding" classname="LocalCMCTests" time="0.001"/>
  <testcase name="TestALotOfAdding" classname="LocalCMCTests" time="0.001"/>
  <testcase name="TestALotOfAdding" classname="LocalCMCTests" time="0.0"/>
  <testcase name="TestALotOfAdding" classname="LocalCMCTests" time="0.0"/>
  <testcase name="TestALotOfAdding" classname="LocalCMCTests" time="0.0"/>
  <testcase name="TestALotOfAdding" classname="LocalCMCTests" time="0.0"/>
  <testcase name="TestALotOfAdding" classname="LocalCMCTests" time="0.0"/>
  <testcase name="TestALotOfAdding" classname="LocalCMCTests" time="0.001"/>
  <testcase name="TestALotOfAdding" classname="LocalCMCTests" time="0.002"/>
  <testcase name="TestALotOfAdding" classname="LocalCMCTests" time="0.001"/>
  <testcase name="TestALotOfAdding" classname="LocalCMCTests" time="0.001"/>
  <testcase name="TestALotOfAdding" classname="LocalCMCTests" time="0.0"/>
  <testcase name="TestALotOfAdding" classname="LocalCMCTests" time="0.001"/>
  <testcase name="TestALotOfAdding" classname="LocalCMCTests" time="0.0"/>
  <testcase name="TestALotOfAdding" classname="LocalCMCTests" time="0.002"/>
  <testcase name="TestALotOfAdding" classname="LocalCMCTests" time="0.001"/>
  <testcase name="TestALotOfAdding" classname="LocalCMCTests" time="0.001"/>
  <testcase name="TestALotOfAdding" classname="LocalCMCTests" time="0.001"/>
  <testcase name="TestALotOfAdding" classname="LocalCMCTests" time="0.0"/>
  <testcase name="TestALotOfAdding" classname="LocalCMCTests" time="0.0"/>
  <testcase name="TestALotOfAdding" classname="LocalCMCTests" time="0.0"/>
  <testcase name="TestALotOfAdding" classname="LocalCMCTests" time="0.0"/>
  <testcase name="TestALotOfAdding" classname="LocalCMCTests" time="0.0"/>
  <testcase name="TestALotOfAdding" classname="LocalCMCTests" time="0.0"/>
  <testcase name="TestALotOfAdding" classname="LocalCMCTests" time="0.0"/>
  <testcase name="TestALotOfAdding" classname="LocalCMCTests" time="0.001"/>
  <testcase name="TestALotOfAdding" classname="LocalCMCTests" time="0.001"/>
  <testcase name="TestALotOfAdding" classname="LocalCMCTests" time="0.001"/>
  <testcase name="TestALotOfAdding" classname="LocalCMCTests" time="0.002"/>
  <testcase name="TestALotOfAdding" classname="LocalCMCTests" time="0.001"/>
  <testcase name="TestALotOfAdding" classname="LocalCMCTests" time="0.001"/>
  <testcase name="TestALotOfAdding" classname="LocalCMCTests" time="0.001"/>
  <testcase name="TestALotOfAdding" classname="LocalCMCTests" time="0.001"/>
  <testcase name="TestALotOfAdding" classname="LocalCMCTests" time="0.001"/>
  <testcase name="TestALotOfAdding" classname="LocalCMCTests" time="0.001"/>
  <testcase name="TestALotOfAdding" classname="LocalCMCTests" time="0.0"/>
  <testcase name="TestALotOfAdding" classname="LocalCMCTests" time="0.002"/>
  <testcase name="TestALotOfAdding" classname="LocalCMCTests" time="0.001"/>
  <testcase name="TestALotOfAdding" classname="LocalCMCTests" time="0.001"/>
  <testcase name="TestALotOfAdding" classname="LocalCMCTests" time="0.0"/>
  <testcase name="TestALotOfAdding" classname="LocalCMCTests" time="0.002"/>
  <testcase name="TestALotOfAdding" classname="LocalCMCTests" time="0.0"/>
  <testcase name="TestALotOfAdding" classname="LocalCMCTests" time="0.001"/>
  <testcase name="TestALotOfAdding" classname="LocalCMCTests" time="0.003"/>
  <testcase name="TestALotOfAdding" classname="LocalCMCTests" time="0.001"/>
  <testcase name="TestALotOfAdding" classname="LocalCMCTests" time="0.002"/>
  <testcase name="TestALotOfAdding" classname="LocalCMCTests" time="0.0"/>
  <testcase name="TestALotOfAdding" classname="LocalCMCTests" time="0.0"/>
  <testcase name="TestALotOfAdding" classname="LocalCMCTests" time="0.001"/>
  <testcase name="TestALotOfAdding" classname="LocalCMCTests" time="0.0"/>
  <testcase name="TestALotOfAdding" classname="LocalCMCTests" time="0.0"/>
  <testcase name="TestALotOfAdding" classname="LocalCMCTests" time="0.001"/>
  <testcase name="TestALotOfAdding" classname="LocalCMCTests" time="0.0"/>
  <testcase name="TestALotOfAdding" classname="LocalCMCTests" time="0.0"/>
  <testcase name="TestALotOfAdding" classname="LocalCMCTests" time="0.0"/>
  <testcase name="TestALotOfAdding" classname="LocalCMCTests" time="0.0"/>
  <testcase name="TestALotOfAdding" classname="LocalCMCTests" time="0.001"/>
  <testcase name="TestALotOfAdding" classname="LocalCMCTests" time="0.001"/>
  <testcase name="TestALotOfAdding" classname="LocalCMCTests" time="0.001"/>
  <testcase name="TestALotOfAdding" classname="LocalCMCTests" time="0.0"/>
  <testcase name="TestALotOfAdding" classname="LocalCMCTests" time="0.001"/>
  <testcase name="TestALotOfAdding" classname="LocalCMCTests" time="0.001"/>
  <testcase name="TestALotOfAdding" classname="LocalCMCTests" time="0.001"/>
  <testcase name="TestALotOfAdding" classname="LocalCMCTests" time="0.0"/>
  <testcase name="TestALotOfAdding" classname="LocalCMCTests" time="0.001"/>
  <testcase name="TestALotOfAdding" classname="LocalCMCTests" time="0.0"/>
  <testcase name="TestALotOfAdding" classname="LocalCMCTests" time="0.0"/>
  <testcase name="TestALotOfAdding" classname="LocalCMCTests" time="0.0"/>
  <testcase name="TestALotOfAdding" classname="LocalCMCTests" time="0.0"/>
  <testcase name="TestALotOfAdding" classname="LocalCMCTests" time="0.001"/>
  <testcase name="TestALotOfAdding" classname="LocalCMCTests" time="0.001"/>
  <testcase name="TestALotOfAdding" classname="LocalCMCTests" time="0.0"/>
  <testcase name="TestALotOfAdding" classname="LocalCMCTests" time="0.001"/>
  <testcase name="TestALotOfAdding" classname="LocalCMCTests" time="0.0"/>
  <testcase name="TestALotOfAdding" classname="LocalCMCTests" time="0.001"/>
  <testcase name="TestALotOfAdding" classname="LocalCMCTests" time="0.001"/>
  <testcase name="TestALotOfAdding" classname="LocalCMCTests" time="0.001"/>
  <testcase name="TestALotOfAdding" classname="LocalCMCTests" time="0.001"/>
  <testcase name="TestALotOfAdding" classname="LocalCMCTests" time="0.0"/>
  <testcase name="TestALotOfAdding" classname="LocalCMCTests" time="0.0"/>
  <testcase name="TestALotOfAdding" classname="LocalCMCTests" time="0.002"/>
  <testcase name="TestALotOfAdding" classname="LocalCMCTests" time="0.0"/>
  <testcase name="TestALotOfAdding" classname="LocalCMCTests" time="0.001"/>
  <testcase name="TestALotOfAdding" classname="LocalCMCTests" time="0.001"/>
  <testcase name="TestALotOfAdding" classname="LocalCMCTests" time="0.0"/>
  <testcase name="TestALotOfAdding" classname="LocalCMCTests" time="0.001"/>
  <testcase name="TestALotOfAdding" classname="LocalCMCTests" time="0.001"/>
  <testcase name="TestALotOfAdding" classname="LocalCMCTests" time="0.001"/>
  <testcase name="TestALotOfAdding" classname="LocalCMCTests" time="0.0"/>
  <testcase name="TestALotOfAdding" classname="LocalCMCTests" time="0.001"/>
  <testcase name="TestALotOfAdding" classname="LocalCMCTests" time="0.001"/>
  <testcase name="TestALotOfAdding" classname="LocalCMCTests" time="0.0"/>
  <testcase name="TestALotOfAdding" classname="LocalCMCTests" time="0.001"/>
  <testcase name="TestALotOfAdding" classname="LocalCMCTests" time="0.001"/>
  <testcase name="TestALotOfAdding" classname="LocalCMCTests" time="0.0"/>
  <testcase name="TestALotOfAdding" classname="LocalCMCTests" time="0.001"/>
  <testcase name="TestALotOfAdding" classname="LocalCMCTests" time="0.0"/>
  <testcase name="TestALotOfAdding" classname="LocalCMCTests" time="0.0"/>
  <testcase name="TestALotOfAdding" classname="LocalCMCTests" time="0.0"/>
  <testcase name="TestALotOfAdding" classname="LocalCMCTests" time="0.001"/>
  <testcase name="TestALotOfAdding" classname="LocalCMCTests" time="0.001"/>
  <testcase name="TestALotOfAdding" classname="LocalCMCTests" time="0.0"/>
  <testcase name="TestALotOfAdding" classname="LocalCMCTests" time="0.0"/>
  <testcase name="TestALotOfAdding" classname="LocalCMCTests" time="0.0"/>
  <testcase name="TestALotOfAdding" classname="LocalCMCTests" time="0.0"/>
  <testcase name="TestALotOfAdding" classname="LocalCMCTests" time="0.001"/>
  <testcase name="TestALotOfAdding" classname="LocalCMCTests" time="0.001"/>
  <testcase name="TestALotOfAdding" classname="LocalCMCTests" time="0.002"/>
  <testcase name="TestALotOfAdding" classname="LocalCMCTests" time="0.0"/>
  <testcase name="TestALotOfAdding" classname="LocalCMCTests" time="0.0"/>
  <testcase name="TestALotOfAdding" classname="LocalCMCTests" time="0.001"/>
  <testcase name="TestALotOfAdding" classname="LocalCMCTests" time="0.001"/>
  <testcase name="TestALotOfAdding" classname="LocalCMCTests" time="0.001"/>
  <testcase name="TestALotOfAdding" classname="LocalCMCTests" time="0.001"/>
  <testcase name="TestALotOfAdding" classname="LocalCMCTests" time="0.001"/>
  <testcase name="TestALotOfAdding" classname="LocalCMCTests" time="0.001"/>
  <testcase name="TestALotOfAdding" classname="LocalCMCTests" time="0.001"/>
  <testcase name="TestALotOfAdding" classname="LocalCMCTests" time="0.0"/>
  <testcase name="TestALotOfAdding" classname="LocalCMCTests" time="0.0"/>
  <testcase name="TestALotOfAdding" classname="LocalCMCTests" time="0.0"/>
  <testcase name="TestALotOfAdding" classname="LocalCMCTests" time="0.001"/>
  <testcase name="TestALotOfAdding" classname="LocalCMCTests" time="0.001"/>
  <testcase name="TestALotOfAdding" classname="LocalCMCTests" time="0.001"/>
  <testcase name="TestALotOfAdding" classname="LocalCMCTests" time="0.003"/>
  <testcase name="TestALotOfAdding" classname="LocalCMCTests" time="0.001"/>
  <testcase name="TestALotOfAdding" classname="LocalCMCTests" time="0.0"/>
  <testcase name="TestALotOfAdding" classname="LocalCMCTests" time="0.001"/>
  <testcase name="TestALotOfAdding" classname="LocalCMCTests" time="0.001"/>
  <testcase name="TestALotOfAdding" classname="LocalCMCTests" time="0.0"/>
  <testcase name="TestALotOfAdding" classname="LocalCMCTests" time="0.001"/>
  <testcase name="TestALotOfAdding" classname="LocalCMCTests" time="0.001"/>
  <testcase name="TestALotOfAdding" classname="LocalCMCTests" time="0.0"/>
  <testcase name="TestALotOfAdding" classname="LocalCMCTests" time="0.001"/>
  <testcase name="TestALotOfAdding" classname="LocalCMCTests" time="0.0"/>
  <testcase name="TestALotOfAdding" classname="LocalCMCTests" time="0.0"/>
  <testcase name="TestALotOfAdding" classname="LocalCMCTests" time="0.0"/>
  <testcase name="TestALotOfAdding" classname="LocalCMCTests" time="0.0"/>
  <testcase name="TestALotOfAdding" classname="LocalCMCTests" time="0.001"/>
  <testcase name="TestALotOfAdding" classname="LocalCMCTests" time="0.0"/>
  <testcase name="TestALotOfAdding" classname="LocalCMCTests" time="0.0"/>
  <testcase name="TestALotOfAdding" classname="LocalCMCTests" time="0.001"/>
  <testcase name="TestALotOfAdding" classname="LocalCMCTests" time="0.001"/>
  <testcase name="TestALotOfAdding" classname="LocalCMCTests" time="0.0"/>
  <testcase name="TestALotOfAdding" classname="LocalCMCTests" time="0.001"/>
  <testcase name="TestALotOfAdding" classname="LocalCMCTests" time="0.0"/>
  <testcase name="TestALotOfAdding" classname="LocalCMCTests" time="0.001"/>
  <testcase name="TestALotOfAdding" classname="LocalCMCTests" time="0.0"/>
  <testcase name="TestALotOfAdding" classname="LocalCMCTests" time="0.001"/>
  <testcase name="TestALotOfAdding" classname="LocalCMCTests" time="0.001"/>
  <testcase name="TestALotOfAdding" classname="LocalCMCTests" time="0.001"/>
  <testcase name="TestALotOfAdding" classname="LocalCMCTests" time="0.001"/>
  <testcase name="TestALotOfAdding" classname="LocalCMCTests" time="0.0"/>
  <testcase name="TestALotOfAdding" classname="LocalCMCTests" time="0.0"/>
  <testcase name="TestALotOfAdding" classname="LocalCMCTests" time="0.001"/>
  <testcase name="TestALotOfAdding" classname="LocalCMCTests" time="0.0"/>
  <testcase name="TestALotOfAdding" classname="LocalCMCTests" time="0.001"/>
  <testcase name="TestALotOfAdding" classname="LocalCMCTests" time="0.001"/>
  <testcase name="TestALotOfAdding" classname="LocalCMCTests" time="0.0"/>
  <testcase name="TestALotOfAdding" classname="LocalCMCTests" time="0.001"/>
  <testcase name="TestALotOfAdding" classname="LocalCMCTests" time="0.0"/>
  <testcase name="TestALotOfAdding" classname="LocalCMCTests" time="0.001"/>
  <testcase name="TestALotOfAdding" classname="LocalCMCTests" time="0.0"/>
  <testcase name="TestALotOfAdding" classname="LocalCMCTests" time="0.001"/>
  <testcase name="TestALotOfAdding" classname="LocalCMCTests" time="0.001"/>
  <testcase name="TestALotOfAdding" classname="LocalCMCTests" time="0.0"/>
  <testcase name="TestALotOfAdding" classname="LocalCMCTests" time="0.0"/>
  <testcase name="TestALotOfAdding" classname="LocalCMCTests" time="0.0"/>
  <testcase name="TestALotOfAdding" classname="LocalCMCTests" time="0.0"/>
  <testcase name="TestALotOfAdding" classname="LocalCMCTests" time="0.0"/>
  <testcase name="TestALotOfAdding" classname="LocalCMCTests" time="0.0"/>
  <testcase name="TestALotOfAdding" classname="LocalCMCTests" time="0.002"/>
  <testcase name="TestALotOfAdding" classname="LocalCMCTests" time="0.001"/>
  <testcase name="TestALotOfAdding" classname="LocalCMCTests" time="0.002"/>
  <testcase name="TestALotOfAdding" classname="LocalCMCTests" time="0.0"/>
  <testcase name="TestALotOfAdding" classname="LocalCMCTests" time="0.0"/>
  <testcase name="TestALotOfAdding" classname="LocalCMCTests" time="0.0"/>
  <testcase name="TestALotOfAdding" classname="LocalCMCTests" time="0.001"/>
  <testcase name="TestALotOfAdding" classname="LocalCMCTests" time="0.001"/>
  <testcase name="TestALotOfAdding" classname="LocalCMCTests" time="0.001"/>
  <testcase name="TestALotOfAdding" classname="LocalCMCTests" time="0.0"/>
  <testcase name="TestALotOfAdding" classname="LocalCMCTests" time="0.001"/>
  <testcase name="TestALotOfAdding" classname="LocalCMCTests" time="0.0"/>
  <testcase name="TestALotOfAdding" classname="LocalCMCTests" time="0.0"/>
  <testcase name="TestALotOfAdding" classname="LocalCMCTests" time="0.001"/>
  <testcase name="TestALotOfAdding" classname="LocalCMCTests" time="0.001"/>
  <testcase name="TestALotOfAdding" classname="LocalCMCTests" time="0.001"/>
  <testcase name="TestALotOfAdding" classname="LocalCMCTests" time="0.0"/>
  <testcase name="TestALotOfAdding" classname="LocalCMCTests" time="0.0"/>
  <testcase name="TestALotOfAdding" classname="LocalCMCTests" time="0.001"/>
  <testcase name="TestALotOfAdding" classname="LocalCMCTests" time="0.001"/>
  <testcase name="TestALotOfAdding" classname="LocalCMCTests" time="0.001"/>
  <testcase name="TestALotOfAdding" classname="LocalCMCTests" time="0.003"/>
  <testcase name="TestALotOfAdding" classname="LocalCMCTests" time="0.001"/>
  <testcase name="TestALotOfAdding" classname="LocalCMCTests" time="0.0"/>
  <testcase name="TestALotOfAdding" classname="LocalCMCTests" time="0.0"/>
  <testcase name="TestALotOfAdding" classname="LocalCMCTests" time="0.0"/>
  <testcase name="TestALotOfAdding" classname="LocalCMCTests" time="0.0"/>
  <testcase name="TestALotOfAdding" classname="LocalCMCTests" time="0.0"/>
  <testcase name="TestALotOfAdding" classname="LocalCMCTests" time="0.001"/>
  <testcase name="TestALotOfAdding" classname="LocalCMCTests" time="0.001"/>
  <testcase name="TestALotOfAdding" classname="LocalCMCTests" time="0.001"/>
  <testcase name="TestALotOfAdding" classname="LocalCMCTests" time="0.0"/>
  <testcase name="TestALotOfAdding" classname="LocalCMCTests" time="0.001"/>
  <testcase name="TestALotOfAdding" classname="LocalCMCTests" time="0.0"/>
  <testcase name="TestALotOfAdding" classname="LocalCMCTests" time="0.002"/>
  <testcase name="TestALotOfAdding" classname="LocalCMCTests" time="0.002"/>
  <testcase name="TestALotOfAdding" classname="LocalCMCTests" time="0.001"/>
  <testcase name="TestALotOfAdding" classname="LocalCMCTests" time="0.0"/>
  <testcase name="TestALotOfAdding" classname="LocalCMCTests" time="0.001"/>
  <testcase name="TestALotOfAdding" classname="LocalCMCTests" time="0.0"/>
  <testcase name="TestALotOfAdding" classname="LocalCMCTests" time="0.001"/>
  <testcase name="TestALotOfAdding" classname="LocalCMCTests" time="0.0"/>
  <testcase name="TestALotOfAdding" classname="LocalCMCTests" time="0.001"/>
  <testcase name="TestALotOfAdding" classname="LocalCMCTests" time="0.001"/>
  <testcase name="TestALotOfAdding" classname="LocalCMCTests" time="0.001"/>
  <testcase name="TestALotOfAdding" classname="LocalCMCTests" time="0.0"/>
  <testcase name="TestALotOfAdding" classname="LocalCMCTests" time="0.001"/>
  <testcase name="TestALotOfAdding" classname="LocalCMCTests" time="0.001"/>
  <testcase name="TestALotOfAdding" classname="LocalCMCTests" time="0.001"/>
  <testcase name="TestALotOfAdding" classname="LocalCMCTests" time="0.001"/>
  <testcase name="TestALotOfAdding" classname="LocalCMCTests" time="0.0"/>
  <testcase name="TestALotOfAdding" classname="LocalCMCTests" time="0.0"/>
  <testcase name="TestALotOfAdding" classname="LocalCMCTests" time="0.001"/>
  <testcase name="TestALotOfAdding" classname="LocalCMCTests" time="0.0"/>
  <testcase name="TestALotOfAdding" classname="LocalCMCTests" time="0.0"/>
  <testcase name="TestALotOfAdding" classname="LocalCMCTests" time="0.001"/>
  <testcase name="TestALotOfAdding" classname="LocalCMCTests" time="0.001"/>
  <testcase name="TestALotOfAdding" classname="LocalCMCTests" time="0.001"/>
  <testcase name="TestALotOfAdding" classname="LocalCMCTests" time="0.001"/>
  <testcase name="TestALotOfAdding" classname="LocalCMCTests" time="0.0"/>
  <testcase name="TestALotOfAdding" classname="LocalCMCTests" time="0.001"/>
  <testcase name="TestALotOfAdding" classname="LocalCMCTests" time="0.0"/>
  <testcase name="TestALotOfAdding" classname="LocalCMCTests" time="0.0"/>
  <testcase name="TestALotOfAdding" classname="LocalCMCTests" time="0.001"/>
  <testcase name="TestALotOfAdding" classname="LocalCMCTests" time="0.001"/>
  <testcase name="TestALotOfAdding" classname="LocalCMCTests" time="0.001"/>
  <testcase name="TestALotOfAdding" classname="LocalCMCTests" time="0.0"/>
  <testcase name="TestALotOfAdding" classname="LocalCMCTests" time="0.001"/>
  <testcase name="TestALotOfAdding" classname="LocalCMCTests" time="0.001"/>
  <testcase name="TestALotOfAdding" classname="LocalCMCTests" time="0.0"/>
  <testcase name="TestALotOfAdding" classname="LocalCMCTests" time="0.0"/>
  <testcase name="TestALotOfAdding" classname="LocalCMCTests" time="0.001"/>
  <testcase name="TestALotOfAdding" classname="LocalCMCTests" time="0.001"/>
  <testcase name="TestALotOfAdding" classname="LocalCMCTests" time="0.001"/>
  <testcase name="TestALotOfAdding" classname="LocalCMCTests" time="0.003"/>
  <testcase name="TestALotOfAdding" classname="LocalCMCTests" time="0.001"/>
  <testcase name="TestALotOfAdding" classname="LocalCMCTests" time="0.0"/>
  <testcase name="TestALotOfAdding" classname="LocalCMCTests" time="0.001"/>
  <testcase name="TestALotOfAdding" classname="LocalCMCTests" time="0.001"/>
  <testcase name="TestALotOfAdding" classname="LocalCMCTests" time="0.001"/>
  <testcase name="TestALotOfAdding" classname="LocalCMCTests" time="0.001"/>
  <testcase name="TestALotOfAdding" classname="LocalCMCTests" time="0.0"/>
  <testcase name="TestALotOfAdding" classname="LocalCMCTests" time="0.001"/>
  <testcase name="TestALotOfAdding" classname="LocalCMCTests" time="0.0"/>
  <testcase name="TestALotOfAdding" classname="LocalCMCTests" time="0.001"/>
  <testcase name="TestALotOfAdding" classname="LocalCMCTests" time="0.0"/>
  <testcase name="TestALotOfAdding" classname="LocalCMCTests" time="0.001"/>
  <testcase name="TestALotOfAdding" classname="LocalCMCTests" time="0.001"/>
  <testcase name="TestALotOfAdding" classname="LocalCMCTests" time="0.0"/>
  <testcase name="TestALotOfAdding" classname="LocalCMCTests" time="0.001"/>
  <testcase name="TestALotOfAdding" classname="LocalCMCTests" time="0.001"/>
  <testcase name="TestALotOfAdding" classname="LocalCMCTests" time="0.001"/>
  <testcase name="TestALotOfAdding" classname="LocalCMCTests" time="0.0"/>
  <testcase name="TestALotOfAdding" classname="LocalCMCTests" time="0.001"/>
  <testcase name="TestALotOfAdding" classname="LocalCMCTests" time="0.0"/>
  <testcase name="TestALotOfAdding" classname="LocalCMCTests" time="0.001"/>
  <testcase name="TestALotOfAdding" classname="LocalCMCTests" time="0.0"/>
  <testcase name="TestALotOfAdding" classname="LocalCMCTests" time="0.0"/>
  <testcase name="TestALotOfAdding" classname="LocalCMCTests" time="0.0"/>
  <testcase name="TestALotOfAdding" classname="LocalCMCTests" time="0.001"/>
  <testcase name="TestALotOfAdding" classname="LocalCMCTests" time="0.001"/>
  <testcase name="TestALotOfAdding" classname="LocalCMCTests" time="0.002"/>
  <testcase name="TestALotOfAdding" classname="LocalCMCTests" time="0.0"/>
  <testcase name="TestALotOfAdding" classname="LocalCMCTests" time="0.001"/>
  <testcase name="TestALotOfAdding" classname="LocalCMCTests" time="0.002"/>
  <testcase name="TestALotOfAdding" classname="LocalCMCTests" time="0.0"/>
  <testcase name="TestALotOfAdding" classname="LocalCMCTests" time="0.0"/>
  <testcase name="TestALotOfAdding" classname="LocalCMCTests" time="0.0"/>
  <testcase name="TestALotOfAdding" classname="LocalCMCTests" time="0.001"/>
  <testcase name="TestALotOfAdding" classname="LocalCMCTests" time="0.001"/>
  <testcase name="TestALotOfAdding" classname="LocalCMCTests" time="0.001"/>
  <testcase name="TestALotOfAdding" classname="LocalCMCTests" time="0.001"/>
  <testcase name="TestALotOfAdding" classname="LocalCMCTests" time="0.001"/>
  <testcase name="TestALotOfAdding" classname="LocalCMCTests" time="0.001"/>
  <testcase name="TestALotOfAdding" classname="LocalCMCTests" time="0.0"/>
  <testcase name="TestALotOfAdding" classname="LocalCMCTests" time="0.004"/>
  <testcase name="TestALotOfAdding" classname="LocalCMCTests" time="0.0"/>
  <testcase name="TestALotOfAdding" classname="LocalCMCTests" time="0.0"/>
  <testcase name="TestALotOfAdding" classname="LocalCMCTests" time="0.0"/>
  <testcase name="TestALotOfAdding" classname="LocalCMCTests" time="0.001"/>
  <testcase name="TestALotOfAdding" classname="LocalCMCTests" time="0.0"/>
  <testcase name="TestALotOfAdding" classname="LocalCMCTests" time="0.001"/>
  <testcase name="TestALotOfAdding" classname="LocalCMCTests" time="0.001"/>
  <testcase name="TestALotOfAdding" classname="LocalCMCTests" time="0.001"/>
  <testcase name="TestALotOfAdding" classname="LocalCMCTests" time="0.0"/>
  <testcase name="TestALotOfAdding" classname="LocalCMCTests" time="0.001"/>
  <testcase name="TestALotOfAdding" classname="LocalCMCTests" time="0.0"/>
  <testcase name="TestALotOfAdding" classname="LocalCMCTests" time="0.0"/>
  <testcase name="TestALotOfAdding" classname="LocalCMCTests" time="0.001"/>
  <testcase name="TestALotOfAdding" classname="LocalCMCTests" time="0.002"/>
  <testcase name="TestALotOfAdding" classname="LocalCMCTests" time="0.001"/>
  <testcase name="TestALotOfAdding" classname="LocalCMCTests" time="0.0"/>
  <testcase name="TestALotOfAdding" classname="LocalCMCTests" time="0.001"/>
  <testcase name="TestALotOfAdding" classname="LocalCMCTests" time="0.001"/>
  <testcase name="TestALotOfAdding" classname="LocalCMCTests" time="0.001"/>
  <testcase name="TestALotOfAdding" classname="LocalCMCTests" time="0.0"/>
  <testcase name="TestALotOfAdding" classname="LocalCMCTests" time="0.001"/>
  <testcase name="TestALotOfAdding" classname="LocalCMCTests" time="0.0"/>
  <testcase name="TestALotOfAdding" classname="LocalCMCTests" time="0.0"/>
  <testcase name="TestALotOfAdding" classname="LocalCMCTests" time="0.0"/>
  <testcase name="TestALotOfAdding" classname="LocalCMCTests" time="0.002"/>
  <testcase name="TestALotOfAdding" classname="LocalCMCTests" time="0.001"/>
  <testcase name="TestALotOfAdding" classname="LocalCMCTests" time="0.001"/>
  <testcase name="TestALotOfAdding" classname="LocalCMCTests" time="0.002"/>
  <testcase name="TestALotOfAdding" classname="LocalCMCTests" time="0.0"/>
  <testcase name="TestALotOfAdding" classname="LocalCMCTests" time="0.001"/>
  <testcase name="TestALotOfAdding" classname="LocalCMCTests" time="0.0"/>
  <testcase name="TestALotOfAdding" classname="LocalCMCTests" time="0.0"/>
  <testcase name="TestALotOfAdding" classname="LocalCMCTests" time="0.001"/>
  <testcase name="TestALotOfAdding" classname="LocalCMCTests" time="0.001"/>
  <testcase name="TestALotOfAdding" classname="LocalCMCTests" time="0.0"/>
  <testcase name="TestALotOfAdding" classname="LocalCMCTests" time="0.001"/>
  <testcase name="TestALotOfAdding" classname="LocalCMCTests" time="0.002"/>
  <testcase name="TestALotOfAdding" classname="LocalCMCTests" time="0.0"/>
  <testcase name="TestALotOfAdding" classname="LocalCMCTests" time="0.002"/>
  <testcase name="TestALotOfAdding" classname="LocalCMCTests" time="0.0"/>
  <testcase name="TestALotOfAdding" classname="LocalCMCTests" time="0.0"/>
  <testcase name="TestALotOfAdding" classname="LocalCMCTests" time="0.0"/>
  <testcase name="TestALotOfAdding" classname="LocalCMCTests" time="0.001"/>
  <testcase name="TestALotOfAdding" classname="LocalCMCTests" time="0.0"/>
  <testcase name="TestALotOfAdding" classname="LocalCMCTests" time="0.001"/>
  <testcase name="TestALotOfAdding" classname="LocalCMCTests" time="0.001"/>
  <testcase name="TestALotOfAdding" classname="LocalCMCTests" time="0.0"/>
  <testcase name="TestALotOfAdding" classname="LocalCMCTests" time="0.001"/>
  <testcase name="TestALotOfAdding" classname="LocalCMCTests" time="0.001"/>
  <testcase name="TestALotOfAdding" classname="LocalCMCTests" time="0.0"/>
  <testcase name="TestALotOfAdding" classname="LocalCMCTests" time="0.001"/>
  <testcase name="TestALotOfAdding" classname="LocalCMCTests" time="0.001"/>
  <testcase name="TestALotOfAdding" classname="LocalCMCTests" time="0.001"/>
  <testcase name="TestALotOfAdding" classname="LocalCMCTests" time="0.0"/>
  <testcase name="TestALotOfAdding" classname="LocalCMCTests" time="0.001"/>
  <testcase name="TestALotOfAdding" classname="LocalCMCTests" time="0.0"/>
  <testcase name="TestALotOfAdding" classname="LocalCMCTests" time="0.0"/>
  <testcase name="TestALotOfAdding" classname="LocalCMCTests" time="0.0"/>
  <testcase name="TestALotOfAdding" classname="LocalCMCTests" time="0.0"/>
  <testcase name="TestALotOfAdding" classname="LocalCMCTests" time="0.001"/>
  <testcase name="TestALotOfAdding" classname="LocalCMCTests" time="0.0"/>
  <testcase name="TestALotOfAdding" classname="LocalCMCTests" time="0.002"/>
  <testcase name="TestALotOfAdding" classname="LocalCMCTests" time="0.001"/>
  <testcase name="TestALotOfAdding" classname="LocalCMCTests" time="0.0"/>
  <testcase name="TestALotOfAdding" classname="LocalCMCTests" time="0.0"/>
  <testcase name="TestALotOfAdding" classname="LocalCMCTests" time="0.001"/>
  <testcase name="TestALotOfAdding" classname="LocalCMCTests" time="0.001"/>
  <testcase name="TestALotOfAdding" classname="LocalCMCTests" time="0.001"/>
  <testcase name="TestALotOfAdding" classname="LocalCMCTests" time="0.001"/>
  <testcase name="TestALotOfAdding" classname="LocalCMCTests" time="0.001"/>
  <testcase name="TestALotOfAdding" classname="LocalCMCTests" time="0.0"/>
  <testcase name="TestALotOfAdding" classname="LocalCMCTests" time="0.0"/>
  <testcase name="TestALotOfAdding" classname="LocalCMCTests" time="0.0"/>
  <testcase name="TestALotOfAdding" classname="LocalCMCTests" time="0.001"/>
  <testcase name="TestALotOfAdding" classname="LocalCMCTests" time="0.002"/>
  <testcase name="TestALotOfAdding" classname="LocalCMCTests" time="0.001"/>
  <testcase name="TestALotOfAdding" classname="LocalCMCTests" time="0.001"/>
  <testcase name="TestALotOfAdding" classname="LocalCMCTests" time="0.001"/>
  <testcase name="TestALotOfAdding" classname="LocalCMCTests" time="0.0"/>
  <testcase name="TestALotOfAdding" classname="LocalCMCTests" time="0.0"/>
  <testcase name="TestALotOfAdding" classname="LocalCMCTests" time="0.002"/>
  <testcase name="TestALotOfAdding" classname="LocalCMCTests" time="0.0"/>
  <testcase name="TestALotOfAdding" classname="LocalCMCTests" time="0.0"/>
  <testcase name="TestALotOfAdding" classname="LocalCMCTests" time="0.0"/>
  <testcase name="TestALotOfAdding" classname="LocalCMCTests" time="0.0"/>
  <testcase name="TestALotOfAdding" classname="LocalCMCTests" time="0.001"/>
  <testcase name="TestALotOfAdding" classname="LocalCMCTests" time="0.001"/>
  <testcase name="TestALotOfAdding" classname="LocalCMCTests" time="0.0"/>
  <testcase name="TestALotOfAdding" classname="LocalCMCTests" time="0.001"/>
  <testcase name="TestALotOfAdding" classname="LocalCMCTests" time="0.001"/>
  <testcase name="TestALotOfAdding" classname="LocalCMCTests" time="0.001"/>
  <testcase name="TestALotOfAdding" classname="LocalCMCTests" time="0.001"/>
  <testcase name="TestALotOfAdding" classname="LocalCMCTests" time="0.001"/>
  <testcase name="TestALotOfAdding" classname="LocalCMCTests" time="0.001"/>
  <testcase name="TestALotOfAdding" classname="LocalCMCTests" time="0.001"/>
  <testcase name="TestALotOfAdding" classname="LocalCMCTests" time="0.0"/>
  <testcase name="TestALotOfAdding" classname="LocalCMCTests" time="0.0"/>
  <testcase name="TestALotOfAdding" classname="LocalCMCTests" time="0.0"/>
  <testcase name="TestALotOfAdding" classname="LocalCMCTests" time="0.0"/>
  <testcase name="TestALotOfAdding" classname="LocalCMCTests" time="0.0"/>
  <testcase name="TestALotOfAdding" classname="LocalCMCTests" time="0.001"/>
  <testcase name="TestALotOfAdding" classname="LocalCMCTests" time="0.0"/>
  <testcase name="TestALotOfAdding" classname="LocalCMCTests" time="0.001"/>
  <testcase name="TestALotOfAdding" classname="LocalCMCTests" time="0.003"/>
  <testcase name="TestALotOfAdding" classname="LocalCMCTests" time="0.0"/>
  <testcase name="TestALotOfAdding" classname="LocalCMCTests" time="0.002"/>
  <testcase name="TestALotOfAdding" classname="LocalCMCTests" time="0.001"/>
  <testcase name="TestALotOfAdding" classname="LocalCMCTests" time="0.0"/>
  <testcase name="TestALotOfAdding" classname="LocalCMCTests" time="0.001"/>
  <testcase name="TestALotOfAdding" classname="LocalCMCTests" time="0.0"/>
  <testcase name="TestALotOfAdding" classname="LocalCMCTests" time="0.001"/>
  <testcase name="TestALotOfAdding" classname="LocalCMCTests" time="0.001"/>
  <testcase name="TestALotOfAdding" classname="LocalCMCTests" time="0.0"/>
  <testcase name="TestALotOfAdding" classname="LocalCMCTests" time="0.001"/>
  <testcase name="TestALotOfAdding" classname="LocalCMCTests" time="0.001"/>
  <testcase name="TestALotOfAdding" classname="LocalCMCTests" time="0.0"/>
  <testcase name="TestALotOfAdding" classname="LocalCMCTests" time="0.001"/>
  <testcase name="TestALotOfAdding" classname="LocalCMCTests" time="0.0"/>
  <testcase name="TestALotOfAdding" classname="LocalCMCTests" time="0.0"/>
  <testcase name="TestALotOfAdding" classname="LocalCMCTests" time="0.001"/>
  <testcase name="TestALotOfAdding" classname="LocalCMCTests" time="0.0"/>
  <testcase name="TestALotOfAdding" classname="LocalCMCTests" time="0.001"/>
  <testcase name="TestALotOfAdding" classname="LocalCMCTests" time="0.0"/>
  <testcase name="TestALotOfAdding" classname="LocalCMCTests" time="0.0"/>
  <testcase name="TestALotOfAdding" classname="LocalCMCTests" time="0.0"/>
  <testcase name="TestALotOfAdding" classname="LocalCMCTests" time="0.001"/>
  <testcase name="TestALotOfAdding" classname="LocalCMCTests" time="0.0"/>
  <testcase name="TestALotOfAdding" classname="LocalCMCTests" time="0.001"/>
  <testcase name="TestALotOfAdding" classname="LocalCMCTests" time="0.001"/>
  <testcase name="TestALotOfAdding" classname="LocalCMCTests" time="0.001"/>
  <testcase name="TestALotOfAdding" classname="LocalCMCTests" time="0.001"/>
  <testcase name="TestALotOfAdding" classname="LocalCMCTests" time="0.0"/>
  <testcase name="TestALotOfAdding" classname="LocalCMCTests" time="0.0"/>
  <testcase name="TestALotOfAdding" classname="LocalCMCTests" time="0.001"/>
  <testcase name="TestALotOfAdding" classname="LocalCMCTests" time="0.0"/>
  <testcase name="TestALotOfAdding" classname="LocalCMCTests" time="0.001"/>
  <testcase name="TestALotOfAdding" classname="LocalCMCTests" time="0.001"/>
  <testcase name="TestALotOfAdding" classname="LocalCMCTests" time="0.001"/>
  <testcase name="TestALotOfAdding" classname="LocalCMCTests" time="0.001"/>
  <testcase name="TestALotOfAdding" classname="LocalCMCTests" time="0.0"/>
  <testcase name="TestALotOfAdding" classname="LocalCMCTests" time="0.001"/>
  <testcase name="TestALotOfAdding" classname="LocalCMCTests" time="0.0"/>
  <testcase name="TestALotOfAdding" classname="LocalCMCTests" time="0.001"/>
  <testcase name="TestALotOfAdding" classname="LocalCMCTests" time="0.002"/>
  <testcase name="TestALotOfAdding" classname="LocalCMCTests" time="0.0"/>
  <testcase name="TestALotOfAdding" classname="LocalCMCTests" time="0.002"/>
  <testcase name="TestALotOfAdding" classname="LocalCMCTests" time="0.0"/>
  <testcase name="TestALotOfAdding" classname="LocalCMCTests" time="0.0"/>
  <testcase name="TestALotOfAdding" classname="LocalCMCTests" time="0.001"/>
  <testcase name="TestALotOfAdding" classname="LocalCMCTests" time="0.0"/>
  <testcase name="TestALotOfAdding" classname="LocalCMCTests" time="0.001"/>
  <testcase name="TestALotOfAdding" classname="LocalCMCTests" time="0.0"/>
  <testcase name="TestALotOfAdding" classname="LocalCMCTests" time="0.001"/>
  <testcase name="TestALotOfAdding" classname="LocalCMCTests" time="0.001"/>
  <testcase name="TestALotOfAdding" classname="LocalCMCTests" time="0.001"/>
  <testcase name="TestALotOfAdding" classname="LocalCMCTests" time="0.001"/>
  <testcase name="TestALotOfAdding" classname="LocalCMCTests" time="0.0"/>
  <testcase name="TestALotOfAdding" classname="LocalCMCTests" time="0.0"/>
  <testcase name="TestALotOfAdding" classname="LocalCMCTests" time="0.0"/>
  <testcase name="TestALotOfAdding" classname="LocalCMCTests" time="0.0"/>
  <testcase name="TestALotOfAdding" classname="LocalCMCTests" time="0.001"/>
  <testcase name="TestALotOfAdding" classname="LocalCMCTests" time="0.001"/>
  <testcase name="TestALotOfAdding" classname="LocalCMCTests" time="0.0"/>
  <testcase name="TestALotOfAdding" classname="LocalCMCTests" time="0.001"/>
  <testcase name="TestALotOfAdding" classname="LocalCMCTests" time="0.001"/>
  <testcase name="TestALotOfAdding" classname="LocalCMCTests" time="0.001"/>
  <testcase name="TestALotOfAdding" classname="LocalCMCTests" time="0.001"/>
  <testcase name="TestALotOfAdding" classname="LocalCMCTests" time="0.0"/>
  <testcase name="TestALotOfAdding" classname="LocalCMCTests" time="0.0"/>
  <testcase name="TestALotOfAdding" classname="LocalCMCTests" time="0.001"/>
  <testcase name="TestALotOfAdding" classname="LocalCMCTests" time="0.001"/>
  <testcase name="TestALotOfAdding" classname="LocalCMCTests" time="0.0"/>
  <testcase name="TestALotOfAdding" classname="LocalCMCTests" time="0.001"/>
  <testcase name="TestALotOfAdding" classname="LocalCMCTests" time="0.001"/>
  <testcase name="TestALotOfAdding" classname="LocalCMCTests" time="0.001"/>
  <testcase name="TestALotOfAdding" classname="LocalCMCTests" time="0.001"/>
  <testcase name="TestALotOfAdding" classname="LocalCMCTests" time="0.0"/>
  <testcase name="TestALotOfAdding" classname="LocalCMCTests" time="0.0"/>
  <testcase name="TestALotOfAdding" classname="LocalCMCTests" time="0.001"/>
  <testcase name="TestALotOfAdding" classname="LocalCMCTests" time="0.0"/>
  <testcase name="TestALotOfAdding" classname="LocalCMCTests" time="0.0"/>
  <testcase name="TestALotOfAdding" classname="LocalCMCTests" time="0.001"/>
  <testcase name="TestALotOfAdding" classname="LocalCMCTests" time="0.002"/>
  <testcase name="TestALotOfAdding" classname="LocalCMCTests" time="0.0"/>
  <testcase name="TestALotOfAdding" classname="LocalCMCTests" time="0.001"/>
  <testcase name="TestALotOfAdding" classname="LocalCMCTests" time="0.001"/>
  <testcase name="TestALotOfAdding" classname="LocalCMCTests" time="0.002"/>
  <testcase name="TestALotOfAdding" classname="LocalCMCTests" time="0.0"/>
  <testcase name="TestALotOfAdding" classname="LocalCMCTests" time="0.001"/>
  <testcase name="TestALotOfAdding" classname="LocalCMCTests" time="0.001"/>
  <testcase name="TestALotOfAdding" classname="LocalCMCTests" time="0.001"/>
  <testcase name="TestALotOfAdding" classname="LocalCMCTests" time="0.001"/>
  <testcase name="TestALotOfAdding" classname="LocalCMCTests" time="0.001"/>
  <testcase name="TestALotOfAdding" classname="LocalCMCTests" time="0.001"/>
  <testcase name="TestALotOfAdding" classname="LocalCMCTests" time="0.0"/>
  <testcase name="TestALotOfAdding" classname="LocalCMCTests" time="0.0"/>
  <testcase name="TestALotOfAdding" classname="LocalCMCTests" time="0.0"/>
  <testcase name="TestALotOfAdding" classname="LocalCMCTests" time="0.0"/>
  <testcase name="TestALotOfAdding" classname="LocalCMCTests" time="0.0"/>
  <testcase name="TestALotOfAdding" classname="LocalCMCTests" time="0.0"/>
  <testcase name="TestALotOfAdding" classname="LocalCMCTests" time="0.001"/>
  <testcase name="TestALotOfAdding" classname="LocalCMCTests" time="0.0"/>
  <testcase name="TestALotOfAdding" classname="LocalCMCTests" time="0.001"/>
  <testcase name="TestALotOfAdding" classname="LocalCMCTests" time="0.001"/>
  <testcase name="TestALotOfAdding" classname="LocalCMCTests" time="0.001"/>
  <testcase name="TestALotOfAdding" classname="LocalCMCTests" time="0.0"/>
  <testcase name="TestALotOfAdding" classname="LocalCMCTests" time="0.001"/>
  <testcase name="TestALotOfAdding" classname="LocalCMCTests" time="0.0"/>
  <testcase name="TestALotOfAdding" classname="LocalCMCTests" time="0.001"/>
  <testcase name="TestALotOfAdding" classname="LocalCMCTests" time="0.001"/>
  <testcase name="TestALotOfAdding" classname="LocalCMCTests" time="0.0"/>
  <testcase name="TestALotOfAdding" classname="LocalCMCTests" time="0.001"/>
  <testcase name="TestALotOfAdding" classname="LocalCMCTests" time="0.001"/>
  <testcase name="TestALotOfAdding" classname="LocalCMCTests" time="0.001"/>
  <testcase name="TestALotOfAdding" classname="LocalCMCTests" time="0.0"/>
  <testcase name="TestALotOfAdding" classname="LocalCMCTests" time="0.001"/>
  <testcase name="TestALotOfAdding" classname="LocalCMCTests" time="0.001"/>
  <testcase name="TestALotOfAdding" classname="LocalCMCTests" time="0.001"/>
  <testcase name="TestALotOfAdding" classname="LocalCMCTests" time="0.002"/>
  <testcase name="TestALotOfAdding" classname="LocalCMCTests" time="0.001"/>
  <testcase name="TestALotOfAdding" classname="LocalCMCTests" time="0.001"/>
  <testcase name="TestALotOfAdding" classname="LocalCMCTests" time="0.001"/>
  <testcase name="TestALotOfAdding" classname="LocalCMCTests" time="0.001"/>
  <testcase name="TestALotOfAdding" classname="LocalCMCTests" time="0.0"/>
  <testcase name="TestALotOfAdding" classname="LocalCMCTests" time="0.0"/>
  <testcase name="TestALotOfAdding" classname="LocalCMCTests" time="0.0"/>
  <testcase name="TestALotOfAdding" classname="LocalCMCTests" time="0.0"/>
  <testcase name="TestALotOfAdding" classname="LocalCMCTests" time="0.0"/>
  <testcase name="TestALotOfAdding" classname="LocalCMCTests" time="0.0"/>
  <testcase name="TestALotOfAdding" classname="LocalCMCTests" time="0.0"/>
  <testcase name="TestALotOfAdding" classname="LocalCMCTests" time="0.001"/>
  <testcase name="TestALotOfAdding" classname="LocalCMCTests" time="0.001"/>
  <testcase name="TestALotOfAdding" classname="LocalCMCTests" time="0.0"/>
  <testcase name="TestALotOfAdding" classname="LocalCMCTests" time="0.001"/>
  <testcase name="TestALotOfAdding" classname="LocalCMCTests" time="0.001"/>
  <testcase name="TestALotOfAdding" classname="LocalCMCTests" time="0.001"/>
  <testcase name="TestALotOfAdding" classname="LocalCMCTests" time="0.001"/>
  <testcase name="TestALotOfAdding" classname="LocalCMCTests" time="0.0"/>
  <testcase name="TestALotOfAdding" classname="LocalCMCTests" time="0.0"/>
  <testcase name="TestALotOfAdding" classname="LocalCMCTests" time="0.0"/>
  <testcase name="TestALotOfAdding" classname="LocalCMCTests" time="0.0"/>
  <testcase name="TestALotOfAdding" classname="LocalCMCTests" time="0.0"/>
  <testcase name="TestALotOfAdding" classname="LocalCMCTests" time="0.001"/>
  <testcase name="TestALotOfAdding" classname="LocalCMCTests" time="0.001"/>
  <testcase name="TestALotOfAdding" classname="LocalCMCTests" time="0.001"/>
  <testcase name="TestALotOfAdding" classname="LocalCMCTests" time="0.001"/>
  <testcase name="TestALotOfAdding" classname="LocalCMCTests" time="0.002"/>
  <testcase name="TestALotOfAdding" classname="LocalCMCTests" time="0.002"/>
  <testcase name="TestALotOfAdding" classname="LocalCMCTests" time="0.0"/>
  <testcase name="TestALotOfAdding" classname="LocalCMCTests" time="0.001"/>
  <testcase name="TestALotOfAdding" classname="LocalCMCTests" time="0.001"/>
  <testcase name="TestALotOfAdding" classname="LocalCMCTests" time="0.0"/>
  <testcase name="TestALotOfAdding" classname="LocalCMCTests" time="0.001"/>
  <testcase name="TestALotOfAdding" classname="LocalCMCTests" time="0.0"/>
  <testcase name="TestALotOfAdding" classname="LocalCMCTests" time="0.001"/>
  <testcase name="TestALotOfAdding" classname="LocalCMCTests" time="0.001"/>
  <testcase name="TestALotOfAdding" classname="LocalCMCTests" time="0.0"/>
  <testcase name="TestALotOfAdding" classname="LocalCMCTests" time="0.001"/>
  <testcase name="TestALotOfAdding" classname="LocalCMCTests" time="0.0"/>
  <testcase name="TestALotOfAdding" classname="LocalCMCTests" time="0.0"/>
  <testcase name="TestALotOfAdding" classname="LocalCMCTests" time="0.0"/>
  <testcase name="TestALotOfAdding" classname="LocalCMCTests" time="0.0"/>
  <testcase name="TestALotOfAdding" classname="LocalCMCTests" time="0.001"/>
  <testcase name="TestALotOfAdding" classname="LocalCMCTests" time="0.002"/>
  <testcase name="TestALotOfAdding" classname="LocalCMCTests" time="0.001"/>
  <testcase name="TestALotOfAdding" classname="LocalCMCTests" time="0.001"/>
  <testcase name="TestALotOfAdding" classname="LocalCMCTests" time="0.001"/>
  <testcase name="TestALotOfAdding" classname="LocalCMCTests" time="0.0"/>
  <testcase name="TestALotOfAdding" classname="LocalCMCTests" time="0.0"/>
  <testcase name="TestALotOfAdding" classname="LocalCMCTests" time="0.0"/>
  <testcase name="TestALotOfAdding" classname="LocalCMCTests" time="0.001"/>
  <testcase name="TestALotOfAdding" classname="LocalCMCTests" time="0.001"/>
  <testcase name="TestALotOfAdding" classname="LocalCMCTests" time="0.001"/>
  <testcase name="TestALotOfAdding" classname="LocalCMCTests" time="0.0"/>
  <testcase name="TestALotOfAdding" classname="LocalCMCTests" time="0.001"/>
  <testcase name="TestALotOfAdding" classname="LocalCMCTests" time="0.001"/>
  <testcase name="TestALotOfAdding" classname="LocalCMCTests" time="0.001"/>
  <testcase name="TestALotOfAdding" classname="LocalCMCTests" time="0.0"/>
  <testcase name="TestALotOfAdding" classname="LocalCMCTests" time="0.001"/>
  <testcase name="TestALotOfAdding" classname="LocalCMCTests" time="0.001"/>
  <testcase name="TestALotOfAdding" classname="LocalCMCTests" time="0.002"/>
  <testcase name="TestALotOfAdding" classname="LocalCMCTests" time="0.001"/>
  <testcase name="TestALotOfAdding" classname="LocalCMCTests" time="0.001"/>
  <testcase name="TestALotOfAdding" classname="LocalCMCTests" time="0.001"/>
  <testcase name="TestALotOfAdding" classname="LocalCMCTests" time="0.0"/>
  <testcase name="TestALotOfAdding" classname="LocalCMCTests" time="0.0"/>
  <testcase name="TestALotOfAdding" classname="LocalCMCTests" time="0.0"/>
  <testcase name="TestALotOfAdding" classname="LocalCMCTests" time="0.0"/>
  <testcase name="TestALotOfAdding" classname="LocalCMCTests" time="0.0"/>
  <testcase name="TestALotOfAdding" classname="LocalCMCTests" time="0.0"/>
  <testcase name="TestALotOfAdding" classname="LocalCMCTests" time="0.0"/>
  <testcase name="TestALotOfAdding" classname="LocalCMCTests" time="0.0"/>
  <testcase name="TestALotOfAdding" classname="LocalCMCTests" time="0.002"/>
  <testcase name="TestALotOfAdding" classname="LocalCMCTests" time="0.001"/>
  <testcase name="TestALotOfAdding" classname="LocalCMCTests" time="0.002"/>
  <testcase name="TestALotOfAdding" classname="LocalCMCTests" time="0.0"/>
  <testcase name="TestALotOfAdding" classname="LocalCMCTests" time="0.0"/>
  <testcase name="TestALotOfAdding" classname="LocalCMCTests" time="0.001"/>
  <testcase name="TestALotOfAdding" classname="LocalCMCTests" time="0.0"/>
  <testcase name="TestALotOfAdding" classname="LocalCMCTests" time="0.001"/>
  <testcase name="TestALotOfAdding" classname="LocalCMCTests" time="0.0"/>
  <testcase name="TestALotOfAdding" classname="LocalCMCTests" time="0.001"/>
  <testcase name="TestALotOfAdding" classname="LocalCMCTests" time="0.0"/>
  <testcase name="TestALotOfAdding" classname="LocalCMCTests" time="0.001"/>
  <testcase name="TestALotOfAdding" classname="LocalCMCTests" time="0.001"/>
  <testcase name="TestALotOfAdding" classname="LocalCMCTests" time="0.0"/>
  <testcase name="TestALotOfAdding" classname="LocalCMCTests" time="0.0"/>
  <testcase name="TestALotOfAdding" classname="LocalCMCTests" time="0.001"/>
  <testcase name="TestALotOfAdding" classname="LocalCMCTests" time="0.001"/>
  <testcase name="TestALotOfAdding" classname="LocalCMCTests" time="0.0"/>
  <testcase name="TestALotOfAdding" classname="LocalCMCTests" time="0.001"/>
  <testcase name="TestALotOfAdding" classname="LocalCMCTests" time="0.001"/>
  <testcase name="TestALotOfAdding" classname="LocalCMCTests" time="0.0"/>
  <testcase name="TestALotOfAdding" classname="LocalCMCTests" time="0.001"/>
  <testcase name="TestALotOfAdding" classname="LocalCMCTests" time="0.001"/>
  <testcase name="TestALotOfAdding" classname="LocalCMCTests" time="0.0"/>
  <testcase name="TestALotOfAdding" classname="LocalCMCTests" time="0.001"/>
  <testcase name="TestALotOfAdding" classname="LocalCMCTests" time="0.0"/>
  <testcase name="TestALotOfAdding" classname="LocalCMCTests" time="0.001"/>
  <testcase name="TestALotOfAdding" classname="LocalCMCTests" time="0.0"/>
  <testcase name="TestALotOfAdding" classname="LocalCMCTests" time="0.001"/>
  <testcase name="TestALotOfAdding" classname="LocalCMCTests" time="0.001"/>
  <testcase name="TestALotOfAdding" classname="LocalCMCTests" time="0.0"/>
  <testcase name="TestALotOfAdding" classname="LocalCMCTests" time="0.001"/>
  <testcase name="TestALotOfAdding" classname="LocalCMCTests" time="0.0"/>
  <testcase name="TestALotOfAdding" classname="LocalCMCTests" time="0.001"/>
  <testcase name="TestALotOfAdding" classname="LocalCMCTests" time="0.001"/>
  <testcase name="TestALotOfAdding" classname="LocalCMCTests" time="0.0"/>
  <testcase name="TestALotOfAdding" classname="LocalCMCTests" time="0.001"/>
  <testcase name="TestALotOfAdding" classname="LocalCMCTests" time="0.001"/>
  <testcase name="TestALotOfAdding" classname="LocalCMCTests" time="0.0"/>
  <testcase name="TestALotOfAdding" classname="LocalCMCTests" time="0.0"/>
  <testcase name="TestALotOfAdding" classname="LocalCMCTests" time="0.001"/>
  <testcase name="TestALotOfAdding" classname="LocalCMCTests" time="0.001"/>
  <testcase name="TestALotOfAdding" classname="LocalCMCTests" time="0.001"/>
  <testcase name="TestALotOfAdding" classname="LocalCMCTests" time="0.0"/>
  <testcase name="TestALotOfAdding" classname="LocalCMCTests" time="0.0"/>
  <testcase name="TestALotOfAdding" classname="LocalCMCTests" time="0.0"/>
  <testcase name="TestALotOfAdding" classname="LocalCMCTests" time="0.0"/>
  <testcase name="TestALotOfAdding" classname="LocalCMCTests" time="0.0"/>
  <testcase name="TestALotOfAdding" classname="LocalCMCTests" time="0.0"/>
  <testcase name="TestALotOfAdding" classname="LocalCMCTests" time="0.002"/>
  <testcase name="TestALotOfAdding" classname="LocalCMCTests" time="0.001"/>
  <testcase name="TestALotOfAdding" classname="LocalCMCTests" time="0.001"/>
  <testcase name="TestALotOfAdding" classname="LocalCMCTests" time="0.002"/>
  <testcase name="TestALotOfAdding" classname="LocalCMCTests" time="0.0"/>
  <testcase name="TestALotOfAdding" classname="LocalCMCTests" time="0.001"/>
  <testcase name="TestALotOfAdding" classname="LocalCMCTests" time="0.0"/>
  <testcase name="TestALotOfAdding" classname="LocalCMCTests" time="0.0"/>
  <testcase name="TestALotOfAdding" classname="LocalCMCTests" time="0.0"/>
  <testcase name="TestALotOfAdding" classname="LocalCMCTests" time="0.001"/>
  <testcase name="TestALotOfAdding" classname="LocalCMCTests" time="0.0"/>
  <testcase name="TestALotOfAdding" classname="LocalCMCTests" time="0.001"/>
  <testcase name="TestALotOfAdding" classname="LocalCMCTests" time="0.001"/>
  <testcase name="TestALotOfAdding" classname="LocalCMCTests" time="0.0"/>
  <testcase name="TestALotOfAdding" classname="LocalCMCTests" time="0.001"/>
  <testcase name="TestALotOfAdding" classname="LocalCMCTests" time="0.0"/>
  <testcase name="TestALotOfAdding" classname="LocalCMCTests" time="0.0"/>
  <testcase name="TestALotOfAdding" classname="LocalCMCTests" time="0.001"/>
  <testcase name="TestALotOfAdding" classname="LocalCMCTests" time="0.001"/>
  <testcase name="TestALotOfAdding" classname="LocalCMCTests" time="0.001"/>
  <testcase name="TestALotOfAdding" classname="LocalCMCTests" time="0.001"/>
  <testcase name="TestALotOfAdding" classname="LocalCMCTests" time="0.001"/>
  <testcase name="TestALotOfAdding" classname="LocalCMCTests" time="0.0"/>
  <testcase name="TestALotOfAdding" classname="LocalCMCTests" time="0.001"/>
  <testcase name="TestALotOfAdding" classname="LocalCMCTests" time="0.0"/>
  <testcase name="TestALotOfAdding" classname="LocalCMCTests" time="0.0"/>
  <testcase name="TestALotOfAdding" classname="LocalCMCTests" time="0.0"/>
  <testcase name="TestALotOfAdding" classname="LocalCMCTests" time="0.0"/>
  <testcase name="TestALotOfAdding" classname="LocalCMCTests" time="0.002"/>
  <testcase name="TestALotOfAdding" classname="LocalCMCTests" time="0.0"/>
  <testcase name="TestALotOfAdding" classname="LocalCMCTests" time="0.001"/>
  <testcase name="TestALotOfAdding" classname="LocalCMCTests" time="0.0"/>
  <testcase name="TestALotOfAdding" classname="LocalCMCTests" time="0.001"/>
  <testcase name="TestALotOfAdding" classname="LocalCMCTests" time="0.002"/>
  <testcase name="TestALotOfAdding" classname="LocalCMCTests" time="0.0"/>
  <testcase name="TestALotOfAdding" classname="LocalCMCTests" time="0.001"/>
  <testcase name="TestALotOfAdding" classname="LocalCMCTests" time="0.001"/>
  <testcase name="TestALotOfAdding" classname="LocalCMCTests" time="0.0"/>
  <testcase name="TestALotOfAdding" classname="LocalCMCTests" time="0.001"/>
  <testcase name="TestALotOfAdding" classname="LocalCMCTests" time="0.001"/>
  <testcase name="TestALotOfAdding" classname="LocalCMCTests" time="0.0"/>
  <testcase name="TestALotOfAdding" classname="LocalCMCTests" time="0.001"/>
  <testcase name="TestALotOfAdding" classname="LocalCMCTests" time="0.001"/>
  <testcase name="TestALotOfAdding" classname="LocalCMCTests" time="0.0"/>
  <testcase name="TestALotOfAdding" classname="LocalCMCTests" time="0.001"/>
  <testcase name="TestALotOfAdding" classname="LocalCMCTests" time="0.0"/>
  <testcase name="TestALotOfAdding" classname="LocalCMCTests" time="0.001"/>
  <testcase name="TestALotOfAdding" classname="LocalCMCTests" time="0.0"/>
  <testcase name="TestALotOfAdding" classname="LocalCMCTests" time="0.0"/>
  <testcase name="TestALotOfAdding" classname="LocalCMCTests" time="0.0"/>
  <testcase name="TestALotOfAdding" classname="LocalCMCTests" time="0.001"/>
  <testcase name="TestALotOfAdding" classname="LocalCMCTests" time="0.001"/>
  <testcase name="TestALotOfAdding" classname="LocalCMCTests" time="0.001"/>
  <testcase name="TestALotOfAdding" classname="LocalCMCTests" time="0.0"/>
  <testcase name="TestALotOfAdding" classname="LocalCMCTests" time="0.0"/>
  <testcase name="TestALotOfAdding" classname="LocalCMCTests" time="0.0"/>
  <testcase name="TestALotOfAdding" classname="LocalCMCTests" time="0.001"/>
  <testcase name="TestALotOfAdding" classname="LocalCMCTests" time="0.001"/>
  <testcase name="TestALotOfAdding" classname="LocalCMCTests" time="0.001"/>
  <testcase name="TestALotOfAdding" classname="LocalCMCTests" time="0.001"/>
  <testcase name="TestALotOfAdding" classname="LocalCMCTests" time="0.0"/>
  <testcase name="TestALotOfAdding" classname="LocalCMCTests" time="0.001"/>
  <testcase name="TestALotOfAdding" classname="LocalCMCTests" time="0.0"/>
  <testcase name="TestALotOfAdding" classname="LocalCMCTests" time="0.001"/>
  <testcase name="TestALotOfAdding" classname="LocalCMCTests" time="0.001"/>
  <testcase name="TestALotOfAdding" classname="LocalCMCTests" time="0.001"/>
  <testcase name="TestALotOfAdding" classname="LocalCMCTests" time="0.0"/>
  <testcase name="TestALotOfAdding" classname="LocalCMCTests" time="0.001"/>
  <testcase name="TestALotOfAdding" classname="LocalCMCTests" time="0.0"/>
  <testcase name="TestALotOfAdding" classname="LocalCMCTests" time="0.001"/>
  <testcase name="TestALotOfAdding" classname="LocalCMCTests" time="0.001"/>
  <testcase name="TestALotOfAdding" classname="LocalCMCTests" time="0.001"/>
  <testcase name="TestALotOfAdding" classname="LocalCMCTests" time="0.0"/>
  <testcase name="TestALotOfAdding" classname="LocalCMCTests" time="0.0"/>
  <testcase name="TestALotOfAdding" classname="LocalCMCTests" time="0.001"/>
  <testcase name="TestALotOfAdding" classname="LocalCMCTests" time="0.0"/>
  <testcase name="TestALotOfAdding" classname="LocalCMCTests" time="0.0"/>
  <testcase name="TestALotOfAdding" classname="LocalCMCTests" time="0.0"/>
  <testcase name="TestALotOfAdding" classname="LocalCMCTests" time="0.0"/>
  <testcase name="TestALotOfAdding" classname="LocalCMCTests" time="0.0"/>
  <testcase name="TestALotOfAdding" classname="LocalCMCTests" time="0.002"/>
  <testcase name="TestALotOfAdding" classname="LocalCMCTests" time="0.002"/>
  <testcase name="TestALotOfAdding" classname="LocalCMCTests" time="0.002"/>
  <testcase name="TestALotOfAdding" classname="LocalCMCTests" time="0.0"/>
  <testcase name="TestALotOfAdding" classname="LocalCMCTests" time="0.0"/>
  <testcase name="TestALotOfAdding" classname="LocalCMCTests" time="0.001"/>
  <testcase name="TestALotOfAdding" classname="LocalCMCTests" time="0.0"/>
  <testcase name="TestALotOfAdding" classname="LocalCMCTests" time="0.0"/>
  <testcase name="TestALotOfAdding" classname="LocalCMCTests" time="0.0"/>
  <testcase name="TestALotOfAdding" classname="LocalCMCTests" time="0.001"/>
  <testcase name="TestALotOfAdding" classname="LocalCMCTests" time="0.0"/>
  <testcase name="TestALotOfAdding" classname="LocalCMCTests" time="0.001"/>
  <testcase name="TestALotOfAdding" classname="LocalCMCTests" time="0.001"/>
  <testcase name="TestALotOfAdding" classname="LocalCMCTests" time="0.001"/>
  <testcase name="TestALotOfAdding" classname="LocalCMCTests" time="0.0"/>
  <testcase name="TestALotOfAdding" classname="LocalCMCTests" time="0.001"/>
  <testcase name="TestALotOfAdding" classname="LocalCMCTests" time="0.001"/>
  <testcase name="TestALotOfAdding" classname="LocalCMCTests" time="0.0"/>
  <testcase name="TestALotOfAdding" classname="LocalCMCTests" time="0.001"/>
  <testcase name="TestALotOfAdding" classname="LocalCMCTests" time="0.002"/>
  <testcase name="TestALotOfAdding" classname="LocalCMCTests" time="0.002"/>
  <testcase name="TestALotOfAdding" classname="LocalCMCTests" time="0.002"/>
  <testcase name="TestALotOfAdding" classname="LocalCMCTests" time="0.0"/>
  <testcase name="TestALotOfAdding" classname="LocalCMCTests" time="0.0"/>
  <testcase name="TestALotOfAdding" classname="LocalCMCTests" time="0.0"/>
  <testcase name="TestALotOfAdding" classname="LocalCMCTests" time="0.0"/>
  <testcase name="TestALotOfAdding" classname="LocalCMCTests" time="0.0"/>
  <testcase name="TestALotOfAdding" classname="LocalCMCTests" time="0.001"/>
  <testcase name="TestALotOfAdding" classname="LocalCMCTests" time="0.002"/>
  <testcase name="TestALotOfAdding" classname="LocalCMCTests" time="0.002"/>
  <testcase name="TestALotOfAdding" classname="LocalCMCTests" time="0.001"/>
  <testcase name="TestALotOfAdding" classname="LocalCMCTests" time="0.003"/>
  <testcase name="TestALotOfAdding" classname="LocalCMCTests" time="0.003"/>
  <testcase name="TestALotOfAdding" classname="LocalCMCTests" time="0.001"/>
  <testcase name="TestALotOfAdding" classname="LocalCMCTests" time="0.0"/>
  <testcase name="TestALotOfAdding" classname="LocalCMCTests" time="0.001"/>
  <testcase name="TestALotOfAdding" classname="LocalCMCTests" time="0.0"/>
  <testcase name="TestALotOfAdding" classname="LocalCMCTests" time="0.001"/>
  <testcase name="TestALotOfAdding" classname="LocalCMCTests" time="0.001"/>
  <testcase name="TestALotOfAdding" classname="LocalCMCTests" time="0.001"/>
  <testcase name="TestALotOfAdding" classname="LocalCMCTests" time="0.003"/>
  <testcase name="TestALotOfAdding" classname="LocalCMCTests" time="0.001"/>
  <testcase name="TestALotOfAdding" classname="LocalCMCTests" time="0.0"/>
  <testcase name="TestALotOfAdding" classname="LocalCMCTests" time="0.0"/>
  <testcase name="TestALotOfAdding" classname="LocalCMCTests" time="0.001"/>
  <testcase name="TestALotOfAdding" classname="LocalCMCTests" time="0.0"/>
  <testcase name="TestALotOfAdding" classname="LocalCMCTests" time="0.0"/>
  <testcase name="TestALotOfAdding" classname="LocalCMCTests" time="0.0"/>
  <testcase name="TestALotOfAdding" classname="LocalCMCTests" time="0.0"/>
  <testcase name="TestALotOfAdding" classname="LocalCMCTests" time="0.0"/>
  <testcase name="TestALotOfAdding" classname="LocalCMCTests" time="0.0"/>
  <testcase name="TestALotOfAdding" classname="LocalCMCTests" time="0.001"/>
  <testcase name="TestALotOfAdding" classname="LocalCMCTests" time="0.001"/>
  <testcase name="TestALotOfAdding" classname="LocalCMCTests" time="0.001"/>
  <testcase name="TestALotOfAdding" classname="LocalCMCTests" time="0.001"/>
  <testcase name="TestALotOfAdding" classname="LocalCMCTests" time="0.001"/>
  <testcase name="TestALotOfAdding" classname="LocalCMCTests" time="0.001"/>
  <testcase name="TestALotOfAdding" classname="LocalCMCTests" time="0.0"/>
  <testcase name="TestALotOfAdding" classname="LocalCMCTests" time="0.0"/>
  <testcase name="TestALotOfAdding" classname="LocalCMCTests" time="0.0"/>
  <testcase name="TestALotOfAdding" classname="LocalCMCTests" time="0.001"/>
  <testcase name="TestALotOfAdding" classname="LocalCMCTests" time="0.001"/>
  <testcase name="TestALotOfAdding" classname="LocalCMCTests" time="0.001"/>
  <testcase name="TestALotOfAdding" classname="LocalCMCTests" time="0.0"/>
  <testcase name="TestALotOfAdding" classname="LocalCMCTests" time="0.0"/>
  <testcase name="TestALotOfAdding" classname="LocalCMCTests" time="0.0"/>
  <testcase name="TestALotOfAdding" classname="LocalCMCTests" time="0.0"/>
  <testcase name="TestALotOfAdding" classname="LocalCMCTests" time="0.001"/>
  <testcase name="TestALotOfAdding" classname="LocalCMCTests" time="0.001"/>
  <testcase name="TestALotOfAdding" classname="LocalCMCTests" time="0.002"/>
  <testcase name="TestALotOfAdding" classname="LocalCMCTests" time="0.0"/>
  <testcase name="TestALotOfAdding" classname="LocalCMCTests" time="0.0"/>
  <testcase name="TestALotOfAdding" classname="LocalCMCTests" time="0.0"/>
  <testcase name="TestALotOfAdding" classname="LocalCMCTests" time="0.001"/>
  <testcase name="TestALotOfAdding" classname="LocalCMCTests" time="0.001"/>
  <testcase name="TestALotOfAdding" classname="LocalCMCTests" time="0.0"/>
  <testcase name="TestALotOfAdding" classname="LocalCMCTests" time="0.001"/>
  <testcase name="TestALotOfAdding" classname="LocalCMCTests" time="0.0"/>
  <testcase name="TestALotOfAdding" classname="LocalCMCTests" time="0.001"/>
  <testcase name="TestALotOfAdding" classname="LocalCMCTests" time="0.001"/>
  <testcase name="TestALotOfAdding" classname="LocalCMCTests" time="0.0"/>
  <testcase name="TestALotOfAdding" classname="LocalCMCTests" time="0.0"/>
  <testcase name="TestALotOfAdding" classname="LocalCMCTests" time="0.0"/>
  <testcase name="TestALotOfAdding" classname="LocalCMCTests" time="0.001"/>
  <testcase name="TestALotOfAdding" classname="LocalCMCTests" time="0.0"/>
  <testcase name="TestALotOfAdding" classname="LocalCMCTests" time="0.0"/>
  <testcase name="TestALotOfAdding" classname="LocalCMCTests" time="0.001"/>
  <testcase name="TestALotOfAdding" classname="LocalCMCTests" time="0.001"/>
  <testcase name="TestALotOfAdding" classname="LocalCMCTests" time="0.0"/>
  <testcase name="TestALotOfAdding" classname="LocalCMCTests" time="0.002"/>
  <testcase name="TestALotOfAdding" classname="LocalCMCTests" time="0.0"/>
  <testcase name="TestALotOfAdding" classname="LocalCMCTests" time="0.001"/>
  <testcase name="TestALotOfAdding" classname="LocalCMCTests" time="0.0"/>
  <testcase name="TestALotOfAdding" classname="LocalCMCTests" time="0.0"/>
  <testcase name="TestALotOfAdding" classname="LocalCMCTests" time="0.001"/>
  <testcase name="TestALotOfAdding" classname="LocalCMCTests" time="0.0"/>
  <testcase name="TestALotOfAdding" classname="LocalCMCTests" time="0.001"/>
  <testcase name="TestALotOfAdding" classname="LocalCMCTests" time="0.001"/>
  <testcase name="TestALotOfAdding" classname="LocalCMCTests" time="0.001"/>
  <testcase name="TestALotOfAdding" classname="LocalCMCTests" time="0.0"/>
  <testcase name="TestALotOfAdding" classname="LocalCMCTests" time="0.001"/>
  <testcase name="TestALotOfAdding" classname="LocalCMCTests" time="0.002"/>
  <testcase name="TestALotOfAdding" classname="LocalCMCTests" time="0.001"/>
  <testcase name="TestALotOfAdding" classname="LocalCMCTests" time="0.001"/>
  <testcase name="TestALotOfAdding" classname="LocalCMCTests" time="0.001"/>
  <testcase name="TestALotOfAdding" classname="LocalCMCTests" time="0.002"/>
  <testcase name="TestALotOfAdding" classname="LocalCMCTests" time="0.0"/>
  <testcase name="TestALotOfAdding" classname="LocalCMCTests" time="0.0"/>
  <testcase name="TestALotOfAdding" classname="LocalCMCTests" time="0.0"/>
  <testcase name="TestALotOfAdding" classname="LocalCMCTests" time="0.0"/>
  <testcase name="TestALotOfAdding" classname="LocalCMCTests" time="0.0"/>
  <testcase name="TestALotOfAdding" classname="LocalCMCTests" time="0.0"/>
  <testcase name="TestALotOfAdding" classname="LocalCMCTests" time="0.0"/>
  <testcase name="TestALotOfAdding" classname="LocalCMCTests" time="0.001"/>
  <testcase name="TestALotOfAdding" classname="LocalCMCTests" time="0.002"/>
  <testcase name="TestALotOfAdding" classname="LocalCMCTests" time="0.002"/>
  <testcase name="TestALotOfAdding" classname="LocalCMCTests" time="0.002"/>
  <testcase name="TestALotOfAdding" classname="LocalCMCTests" time="0.001"/>
  <testcase name="TestALotOfAdding" classname="LocalCMCTests" time="0.001"/>
  <testcase name="TestALotOfAdding" classname="LocalCMCTests" time="0.001"/>
  <testcase name="TestALotOfAdding" classname="LocalCMCTests" time="0.0"/>
  <testcase name="TestALotOfAdding" classname="LocalCMCTests" time="0.001"/>
  <testcase name="TestALotOfAdding" classname="LocalCMCTests" time="0.001"/>
  <testcase name="TestALotOfAdding" classname="LocalCMCTests" time="0.0"/>
  <testcase name="TestALotOfAdding" classname="LocalCMCTests" time="0.001"/>
  <testcase name="TestALotOfAdding" classname="LocalCMCTests" time="0.0"/>
  <testcase name="TestALotOfAdding" classname="LocalCMCTests" time="0.0"/>
  <testcase name="TestALotOfAdding" classname="LocalCMCTests" time="0.0"/>
  <testcase name="TestALotOfAdding" classname="LocalCMCTests" time="0.0"/>
  <testcase name="TestALotOfAdding" classname="LocalCMCTests" time="0.0"/>
  <testcase name="TestALotOfAdding" classname="LocalCMCTests" time="0.0"/>
  <testcase name="TestALotOfAdding" classname="LocalCMCTests" time="0.0"/>
  <testcase name="TestALotOfAdding" classname="LocalCMCTests" time="0.002"/>
  <testcase name="TestALotOfAdding" classname="LocalCMCTests" time="0.001"/>
  <testcase name="TestALotOfAdding" classname="LocalCMCTests" time="0.0"/>
  <testcase name="TestALotOfAdding" classname="LocalCMCTests" time="0.0"/>
  <testcase name="TestALotOfAdding" classname="LocalCMCTests" time="0.001"/>
  <testcase name="TestALotOfAdding" classname="LocalCMCTests" time="0.001"/>
  <testcase name="TestALotOfAdding" classname="LocalCMCTests" time="0.001"/>
  <testcase name="TestALotOfAdding" classname="LocalCMCTests" time="0.0"/>
  <testcase name="TestALotOfAdding" classname="LocalCMCTests" time="0.001"/>
  <testcase name="TestALotOfAdding" classname="LocalCMCTests" time="0.001"/>
  <testcase name="TestALotOfAdding" classname="LocalCMCTests" time="0.0"/>
  <testcase name="TestALotOfAdding" classname="LocalCMCTests" time="0.001"/>
  <testcase name="TestALotOfAdding" classname="LocalCMCTests" time="0.0"/>
  <testcase name="TestALotOfAdding" classname="LocalCMCTests" time="0.001"/>
  <testcase name="TestALotOfAdding" classname="LocalCMCTests" time="0.0"/>
  <testcase name="TestALotOfAdding" classname="LocalCMCTests" time="0.0"/>
  <testcase name="TestALotOfAdding" classname="LocalCMCTests" time="0.0"/>
  <testcase name="TestALotOfAdding" classname="LocalCMCTests" time="0.0"/>
  <testcase name="TestALotOfAdding" classname="LocalCMCTests" time="0.0"/>
  <testcase name="TestALotOfAdding" classname="LocalCMCTests" time="0.001"/>
  <testcase name="TestALotOfAdding" classname="LocalCMCTests" time="0.001"/>
  <testcase name="TestALotOfAdding" classname="LocalCMCTests" time="0.0"/>
  <testcase name="TestALotOfAdding" classname="LocalCMCTests" time="0.0"/>
  <testcase name="TestALotOfAdding" classname="LocalCMCTests" time="0.001"/>
  <testcase name="TestALotOfAdding" classname="LocalCMCTests" time="0.001"/>
  <testcase name="TestALotOfAdding" classname="LocalCMCTests" time="0.001"/>
  <testcase name="TestALotOfAdding" classname="LocalCMCTests" time="0.0"/>
  <testcase name="TestALotOfAdding" classname="LocalCMCTests" time="0.001"/>
  <testcase name="TestALotOfAdding" classname="LocalCMCTests" time="0.001"/>
  <testcase name="TestALotOfAdding" classname="LocalCMCTests" time="0.0"/>
  <testcase name="TestALotOfAdding" classname="LocalCMCTests" time="0.0"/>
  <testcase name="TestALotOfAdding" classname="LocalCMCTests" time="0.001"/>
  <testcase name="TestALotOfAdding" classname="LocalCMCTests" time="0.001"/>
  <testcase name="TestALotOfAdding" classname="LocalCMCTests" time="0.0"/>
  <testcase name="TestALotOfAdding" classname="LocalCMCTests" time="0.001"/>
  <testcase name="TestALotOfAdding" classname="LocalCMCTests" time="0.001"/>
  <testcase name="TestALotOfAdding" classname="LocalCMCTests" time="0.0"/>
  <testcase name="TestALotOfAdding" classname="LocalCMCTests" time="0.0"/>
  <testcase name="TestALotOfAdding" classname="LocalCMCTests" time="0.0"/>
  <testcase name="TestALotOfAdding" classname="LocalCMCTests" time="0.001"/>
  <testcase name="TestALotOfAdding" classname="LocalCMCTests" time="0.001"/>
  <testcase name="TestALotOfAdding" classname="LocalCMCTests" time="0.001"/>
  <testcase name="TestALotOfAdding" classname="LocalCMCTests" time="0.0"/>
  <testcase name="TestALotOfAdding" classname="LocalCMCTests" time="0.0"/>
  <testcase name="TestALotOfAdding" classname="LocalCMCTests" time="0.002"/>
  <testcase name="TestALotOfAdding" classname="LocalCMCTests" time="0.001"/>
  <testcase name="TestALotOfAdding" classname="LocalCMCTests" time="0.0"/>
  <testcase name="TestALotOfAdding" classname="LocalCMCTests" time="0.0"/>
  <testcase name="TestALotOfAdding" classname="LocalCMCTests" time="0.001"/>
  <testcase name="TestALotOfAdding" classname="LocalCMCTests" time="0.001"/>
  <testcase name="TestALotOfAdding" classname="LocalCMCTests" time="0.001"/>
  <testcase name="TestALotOfAdding" classname="LocalCMCTests" time="0.001"/>
  <testcase name="TestALotOfAdding" classname="LocalCMCTests" time="0.0"/>
  <testcase name="TestALotOfAdding" classname="LocalCMCTests" time="0.0"/>
  <testcase name="TestALotOfAdding" classname="LocalCMCTests" time="0.001"/>
  <testcase name="TestALotOfAdding" classname="LocalCMCTests" time="0.001"/>
  <testcase name="TestALotOfAdding" classname="LocalCMCTests" time="0.002"/>
  <testcase name="TestALotOfAdding" classname="LocalCMCTests" time="0.001"/>
  <testcase name="TestALotOfAdding" classname="LocalCMCTests" time="0.0"/>
  <testcase name="TestALotOfAdding" classname="LocalCMCTests" time="0.0"/>
  <testcase name="TestALotOfAdding" classname="LocalCMCTests" time="0.0"/>
  <testcase name="TestALotOfAdding" classname="LocalCMCTests" time="0.0"/>
  <testcase name="TestALotOfAdding" classname="LocalCMCTests" time="0.0"/>
  <testcase name="TestALotOfAdding" classname="LocalCMCTests" time="0.0"/>
  <testcase name="TestALotOfAdding" classname="LocalCMCTests" time="0.0"/>
  <testcase name="TestALotOfAdding" classname="LocalCMCTests" time="0.0"/>
  <testcase name="TestALotOfAdding" classname="LocalCMCTests" time="0.001"/>
  <testcase name="TestALotOfAdding" classname="LocalCMCTests" time="0.0"/>
  <testcase name="TestALotOfAdding" classname="LocalCMCTests" time="0.001"/>
  <testcase name="TestALotOfAdding" classname="LocalCMCTests" time="0.001"/>
  <testcase name="TestALotOfAdding" classname="LocalCMCTests" time="0.001"/>
  <testcase name="TestALotOfAdding" classname="LocalCMCTests" time="0.001"/>
  <testcase name="TestALotOfAdding" classname="LocalCMCTests" time="0.0"/>
  <testcase name="TestALotOfAdding" classname="LocalCMCTests" time="0.0"/>
  <testcase name="TestALotOfAdding" classname="LocalCMCTests" time="0.0"/>
  <testcase name="TestALotOfAdding" classname="LocalCMCTests" time="0.001"/>
  <testcase name="TestALotOfAdding" classname="LocalCMCTests" time="0.001"/>
  <testcase name="TestALotOfAdding" classname="LocalCMCTests" time="0.0"/>
  <testcase name="TestALotOfAdding" classname="LocalCMCTests" time="0.0"/>
  <testcase name="TestALotOfAdding" classname="LocalCMCTests" time="0.0"/>
  <testcase name="TestALotOfAdding" classname="LocalCMCTests" time="0.001"/>
  <testcase name="TestALotOfAdding" classname="LocalCMCTests" time="0.0"/>
  <testcase name="TestALotOfAdding" classname="LocalCMCTests" time="0.001"/>
  <testcase name="TestALotOfAdding" classname="LocalCMCTests" time="0.002"/>
  <testcase name="TestALotOfAdding" classname="LocalCMCTests" time="0.002"/>
  <testcase name="TestALotOfAdding" classname="LocalCMCTests" time="0.001"/>
  <testcase name="TestALotOfAdding" classname="LocalCMCTests" time="0.0"/>
  <testcase name="TestALotOfAdding" classname="LocalCMCTests" time="0.001"/>
  <testcase name="TestALotOfAdding" classname="LocalCMCTests" time="0.001"/>
  <testcase name="TestALotOfAdding" classname="LocalCMCTests" time="0.0"/>
  <testcase name="TestALotOfAdding" classname="LocalCMCTests" time="0.002"/>
  <testcase name="TestALotOfAdding" classname="LocalCMCTests" time="0.001"/>
  <testcase name="TestALotOfAdding" classname="LocalCMCTests" time="0.001"/>
  <testcase name="TestALotOfAdding" classname="LocalCMCTests" time="0.0"/>
  <testcase name="TestALotOfAdding" classname="LocalCMCTests" time="0.0"/>
  <testcase name="TestALotOfAdding" classname="LocalCMCTests" time="0.001"/>
  <testcase name="TestALotOfAdding" classname="LocalCMCTests" time="0.0"/>
  <testcase name="TestALotOfAdding" classname="LocalCMCTests" time="0.0"/>
  <testcase name="TestALotOfAdding" classname="LocalCMCTests" time="0.0"/>
  <testcase name="TestALotOfAdding" classname="LocalCMCTests" time="0.0"/>
  <testcase name="TestALotOfAdding" classname="LocalCMCTests" time="0.001"/>
  <testcase name="TestALotOfAdding" classname="LocalCMCTests" time="0.001"/>
  <testcase name="TestALotOfAdding" classname="LocalCMCTests" time="0.001"/>
  <testcase name="TestALotOfAdding" classname="LocalCMCTests" time="0.0"/>
  <testcase name="TestALotOfAdding" classname="LocalCMCTests" time="0.002"/>
  <testcase name="TestALotOfAdding" classname="LocalCMCTests" time="0.0"/>
  <testcase name="TestALotOfAdding" classname="LocalCMCTests" time="0.0"/>
  <testcase name="TestALotOfAdding" classname="LocalCMCTests" time="0.0"/>
  <testcase name="TestALotOfAdding" classname="LocalCMCTests" time="0.0"/>
  <testcase name="TestALotOfAdding" classname="LocalCMCTests" time="0.0"/>
  <testcase name="TestALotOfAdding" classname="LocalCMCTests" time="0.001"/>
  <testcase name="TestALotOfAdding" classname="LocalCMCTests" time="0.0"/>
  <testcase name="TestALotOfAdding" classname="LocalCMCTests" time="0.001"/>
  <testcase name="TestALotOfAdding" classname="LocalCMCTests" time="0.001"/>
  <testcase name="TestALotOfAdding" classname="LocalCMCTests" time="0.0"/>
  <testcase name="TestALotOfAdding" classname="LocalCMCTests" time="0.001"/>
  <testcase name="TestALotOfAdding" classname="LocalCMCTests" time="0.001"/>
  <testcase name="TestALotOfAdding" classname="LocalCMCTests" time="0.0"/>
  <testcase name="TestALotOfAdding" classname="LocalCMCTests" time="0.001"/>
  <testcase name="TestALotOfAdding" classname="LocalCMCTests" time="0.0"/>
  <testcase name="TestALotOfAdding" classname="LocalCMCTests" time="0.001"/>
  <testcase name="TestALotOfAdding" classname="LocalCMCTests" time="0.0"/>
  <testcase name="TestALotOfAdding" classname="LocalCMCTests" time="0.0"/>
  <testcase name="TestALotOfAdding" classname="LocalCMCTests" time="0.001"/>
  <testcase name="TestALotOfAdding" classname="LocalCMCTests" time="0.001"/>
  <testcase name="TestALotOfAdding" classname="LocalCMCTests" time="0.001"/>
  <testcase name="TestALotOfAdding" classname="LocalCMCTests" time="0.0"/>
  <testcase name="TestALotOfAdding" classname="LocalCMCTests" time="0.0"/>
  <testcase name="TestALotOfAdding" classname="LocalCMCTests" time="0.0"/>
  <testcase name="TestALotOfAdding" classname="LocalCMCTests" time="0.002"/>
  <testcase name="TestALotOfAdding" classname="LocalCMCTests" time="0.002"/>
  <testcase name="TestALotOfAdding" classname="LocalCMCTests" time="0.002"/>
  <testcase name="TestALotOfAdding" classname="LocalCMCTests" time="0.0"/>
  <testcase name="TestALotOfAdding" classname="LocalCMCTests" time="0.002"/>
  <testcase name="TestALotOfAdding" classname="LocalCMCTests" time="0.0"/>
  <testcase name="TestALotOfAdding" classname="LocalCMCTests" time="0.0"/>
  <testcase name="TestALotOfAdding" classname="LocalCMCTests" time="0.001"/>
  <testcase name="TestALotOfAdding" classname="LocalCMCTests" time="0.0"/>
  <testcase name="TestALotOfAdding" classname="LocalCMCTests" time="0.001"/>
  <testcase name="TestALotOfAdding" classname="LocalCMCTests" time="0.001"/>
  <testcase name="TestALotOfAdding" classname="LocalCMCTests" time="0.001"/>
  <testcase name="TestALotOfAdding" classname="LocalCMCTests" time="0.002"/>
  <testcase name="TestALotOfAdding" classname="LocalCMCTests" time="0.0"/>
  <testcase name="TestALotOfAdding" classname="LocalCMCTests" time="0.0"/>
  <testcase name="TestALotOfAdding" classname="LocalCMCTests" time="0.0"/>
  <testcase name="TestALotOfAdding" classname="LocalCMCTests" time="0.001"/>
  <testcase name="TestALotOfAdding" classname="LocalCMCTests" time="0.0"/>
  <testcase name="TestALotOfAdding" classname="LocalCMCTests" time="0.001"/>
  <testcase name="TestALotOfAdding" classname="LocalCMCTests" time="0.001"/>
  <testcase name="TestALotOfAdding" classname="LocalCMCTests" time="0.001"/>
  <testcase name="TestALotOfAdding" classname="LocalCMCTests" time="0.001"/>
  <testcase name="TestALotOfAdding" classname="LocalCMCTests" time="0.001"/>
  <testcase name="TestALotOfAdding" classname="LocalCMCTests" time="0.001"/>
  <testcase name="TestALotOfAdding" classname="LocalCMCTests" time="0.001"/>
  <testcase name="TestALotOfAdding" classname="LocalCMCTests" time="0.001"/>
  <testcase name="TestALotOfAdding" classname="LocalCMCTests" time="0.001"/>
  <testcase name="TestALotOfAdding" classname="LocalCMCTests" time="0.0"/>
  <testcase name="TestALotOfAdding" classname="LocalCMCTests" time="0.0"/>
  <testcase name="TestALotOfAdding" classname="LocalCMCTests" time="0.0"/>
  <testcase name="TestALotOfAdding" classname="LocalCMCTests" time="0.0"/>
  <testcase name="TestALotOfAdding" classname="LocalCMCTests" time="0.0"/>
  <testcase name="TestALotOfAdding" classname="LocalCMCTests" time="0.0"/>
  <testcase name="TestALotOfAdding" classname="LocalCMCTests" time="0.001"/>
  <testcase name="TestALotOfAdding" classname="LocalCMCTests" time="0.0"/>
  <testcase name="TestALotOfAdding" classname="LocalCMCTests" time="0.0"/>
  <testcase name="TestALotOfAdding" classname="LocalCMCTests" time="0.0"/>
  <testcase name="TestALotOfAdding" classname="LocalCMCTests" time="0.0"/>
  <testcase name="TestALotOfAdding" classname="LocalCMCTests" time="0.001"/>
  <testcase name="TestALotOfAdding" classname="LocalCMCTests" time="0.0"/>
  <testcase name="TestALotOfAdding" classname="LocalCMCTests" time="0.001"/>
  <testcase name="TestALotOfAdding" classname="LocalCMCTests" time="0.001"/>
  <testcase name="TestALotOfAdding" classname="LocalCMCTests" time="0.001"/>
  <testcase name="TestALotOfAdding" classname="LocalCMCTests" time="0.0"/>
  <testcase name="TestALotOfAdding" classname="LocalCMCTests" time="0.0"/>
  <testcase name="TestALotOfAdding" classname="LocalCMCTests" time="0.001"/>
  <testcase name="TestALotOfAdding" classname="LocalCMCTests" time="0.0"/>
  <testcase name="TestALotOfAdding" classname="LocalCMCTests" time="0.001"/>
  <testcase name="TestALotOfAdding" classname="LocalCMCTests" time="0.001"/>
  <testcase name="TestALotOfAdding" classname="LocalCMCTests" time="0.001"/>
  <testcase name="TestALotOfAdding" classname="LocalCMCTests" time="0.0"/>
  <testcase name="TestALotOfAdding" classname="LocalCMCTests" time="0.0"/>
  <testcase name="TestALotOfAdding" classname="LocalCMCTests" time="0.0"/>
  <testcase name="TestALotOfAdding" classname="LocalCMCTests" time="0.0"/>
  <testcase name="TestALotOfAdding" classname="LocalCMCTests" time="0.001"/>
  <testcase name="TestALotOfAdding" classname="LocalCMCTests" time="0.002"/>
  <testcase name="TestALotOfAdding" classname="LocalCMCTests" time="0.001"/>
  <testcase name="TestALotOfAdding" classname="LocalCMCTests" time="0.0"/>
  <testcase name="TestALotOfAdding" classname="LocalCMCTests" time="0.001"/>
  <testcase name="TestALotOfAdding" classname="LocalCMCTests" time="0.0"/>
  <testcase name="TestALotOfAdding" classname="LocalCMCTests" time="0.0"/>
  <testcase name="TestALotOfAdding" classname="LocalCMCTests" time="0.001"/>
  <testcase name="TestALotOfAdding" classname="LocalCMCTests" time="0.0"/>
  <testcase name="TestALotOfAdding" classname="LocalCMCTests" time="0.0"/>
  <testcase name="TestALotOfAdding" classname="LocalCMCTests" time="0.0"/>
  <testcase name="TestALotOfAdding" classname="LocalCMCTests" time="0.001"/>
  <testcase name="TestALotOfAdding" classname="LocalCMCTests" time="0.001"/>
  <testcase name="TestALotOfAdding" classname="LocalCMCTests" time="0.0"/>
  <testcase name="TestALotOfAdding" classname="LocalCMCTests" time="0.0"/>
  <testcase name="TestALotOfAdding" classname="LocalCMCTests" time="0.002"/>
  <testcase name="TestALotOfAdding" classname="LocalCMCTests" time="0.001"/>
  <testcase name="TestALotOfAdding" classname="LocalCMCTests" time="0.001"/>
  <testcase name="TestALotOfAdding" classname="LocalCMCTests" time="0.0"/>
  <testcase name="TestALotOfAdding" classname="LocalCMCTests" time="0.0"/>
  <testcase name="TestALotOfAdding" classname="LocalCMCTests" time="0.001"/>
  <testcase name="TestALotOfAdding" classname="LocalCMCTests" time="0.001"/>
  <testcase name="TestALotOfAdding" classname="LocalCMCTests" time="0.002"/>
  <testcase name="TestALotOfAdding" classname="LocalCMCTests" time="0.001"/>
  <testcase name="TestALotOfAdding" classname="LocalCMCTests" time="0.001"/>
  <testcase name="TestALotOfAdding" classname="LocalCMCTests" time="0.001"/>
  <testcase name="TestALotOfAdding" classname="LocalCMCTests" time="0.0"/>
  <testcase name="TestALotOfAdding" classname="LocalCMCTests" time="0.0"/>
  <testcase name="TestALotOfAdding" classname="LocalCMCTests" time="0.0"/>
  <testcase name="TestALotOfAdding" classname="LocalCMCTests" time="0.0"/>
  <testcase name="TestALotOfAdding" classname="LocalCMCTests" time="0.0"/>
  <testcase name="TestALotOfAdding" classname="LocalCMCTests" time="0.0"/>
  <testcase name="TestALotOfAdding" classname="LocalCMCTests" time="0.0"/>
  <testcase name="TestALotOfAdding" classname="LocalCMCTests" time="0.001"/>
  <testcase name="TestALotOfAdding" classname="LocalCMCTests" time="0.002"/>
  <testcase name="TestALotOfAdding" classname="LocalCMCTests" time="0.0"/>
  <testcase name="TestALotOfAdding" classname="LocalCMCTests" time="0.0"/>
  <testcase name="TestALotOfAdding" classname="LocalCMCTests" time="0.0"/>
  <testcase name="TestALotOfAdding" classname="LocalCMCTests" time="0.001"/>
  <testcase name="TestALotOfAdding" classname="LocalCMCTests" time="0.001"/>
  <testcase name="TestALotOfAdding" classname="LocalCMCTests" time="0.0"/>
  <testcase name="TestALotOfAdding" classname="LocalCMCTests" time="0.001"/>
  <testcase name="TestALotOfAdding" classname="LocalCMCTests" time="0.001"/>
  <testcase name="TestALotOfAdding" classname="LocalCMCTests" time="0.002"/>
  <testcase name="TestALotOfAdding" classname="LocalCMCTests" time="0.0"/>
  <testcase name="TestALotOfAdding" classname="LocalCMCTests" time="0.0"/>
  <testcase name="TestALotOfAdding" classname="LocalCMCTests" time="0.0"/>
  <testcase name="TestALotOfAdding" classname="LocalCMCTests" time="0.0"/>
  <testcase name="TestALotOfAdding" classname="LocalCMCTests" time="0.001"/>
  <testcase name="TestALotOfAdding" classname="LocalCMCTests" time="0.001"/>
  <testcase name="TestALotOfAdding" classname="LocalCMCTests" time="0.0"/>
  <testcase name="TestALotOfAdding" classname="LocalCMCTests" time="0.002"/>
  <testcase name="TestALotOfAdding" classname="LocalCMCTests" time="0.0"/>
  <testcase name="TestALotOfAdding" classname="LocalCMCTests" time="0.003"/>
  <testcase name="TestALotOfAdding" classname="LocalCMCTests" time="0.001"/>
  <testcase name="TestALotOfAdding" classname="LocalCMCTests" time="0.0"/>
  <testcase name="TestALotOfAdding" classname="LocalCMCTests" time="0.0"/>
  <testcase name="TestALotOfAdding" classname="LocalCMCTests" time="0.0"/>
  <testcase name="TestALotOfAdding" classname="LocalCMCTests" time="0.001"/>
  <testcase name="TestALotOfAdding" classname="LocalCMCTests" time="0.0"/>
  <testcase name="TestALotOfAdding" classname="LocalCMCTests" time="0.001"/>
  <testcase name="TestALotOfAdding" classname="LocalCMCTests" time="0.0"/>
  <testcase name="TestALotOfAdding" classname="LocalCMCTests" time="0.001"/>
  <testcase name="TestALotOfAdding" classname="LocalCMCTests" time="0.001"/>
  <testcase name="TestALotOfAdding" classname="LocalCMCTests" time="0.001"/>
  <testcase name="TestALotOfAdding" classname="LocalCMCTests" time="0.001"/>
  <testcase name="TestALotOfAdding" classname="LocalCMCTests" time="0.0"/>
  <testcase name="TestALotOfAdding" classname="LocalCMCTests" time="0.001"/>
  <testcase name="TestALotOfAdding" classname="LocalCMCTests" time="0.001"/>
  <testcase name="TestALotOfAdding" classname="LocalCMCTests" time="0.001"/>
  <testcase name="TestALotOfAdding" classname="LocalCMCTests" time="0.0"/>
  <testcase name="TestALotOfAdding" classname="LocalCMCTests" time="0.0"/>
  <testcase name="TestALotOfAdding" classname="LocalCMCTests" time="0.0"/>
  <testcase name="TestALotOfAdding" classname="LocalCMCTests" time="0.0"/>
  <testcase name="TestALotOfAdding" classname="LocalCMCTests" time="0.0"/>
  <testcase name="TestALotOfAdding" classname="LocalCMCTests" time="0.0"/>
  <testcase name="TestALotOfAdding" classname="LocalCMCTests" time="0.001"/>
  <testcase name="TestALotOfAdding" classname="LocalCMCTests" time="0.002"/>
  <testcase name="TestALotOfAdding" classname="LocalCMCTests" time="0.0"/>
  <testcase name="TestALotOfAdding" classname="LocalCMCTests" time="0.003"/>
  <testcase name="TestALotOfAdding" classname="LocalCMCTests" time="0.002"/>
  <testcase name="TestALotOfAdding" classname="LocalCMCTests" time="0.0"/>
  <testcase name="TestALotOfAdding" classname="LocalCMCTests" time="0.0"/>
  <testcase name="TestALotOfAdding" classname="LocalCMCTests" time="0.0"/>
  <testcase name="TestALotOfAdding" classname="LocalCMCTests" time="0.001"/>
  <testcase name="TestALotOfAdding" classname="LocalCMCTests" time="0.001"/>
  <testcase name="TestALotOfAdding" classname="LocalCMCTests" time="0.0"/>
  <testcase name="TestALotOfAdding" classname="LocalCMCTests" time="0.001"/>
  <testcase name="TestALotOfAdding" classname="LocalCMCTests" time="0.001"/>
  <testcase name="TestALotOfAdding" classname="LocalCMCTests" time="0.0"/>
  <testcase name="TestALotOfAdding" classname="LocalCMCTests" time="0.002"/>
  <testcase name="TestALotOfAdding" classname="LocalCMCTests" time="0.001"/>
  <testcase name="TestALotOfAdding" classname="LocalCMCTests" time="0.0"/>
  <testcase name="TestALotOfAdding" classname="LocalCMCTests" time="0.0"/>
  <testcase name="TestALotOfAdding" classname="LocalCMCTests" time="0.0"/>
  <testcase name="TestALotOfAdding" classname="LocalCMCTests" time="0.001"/>
  <testcase name="TestALotOfAdding" classname="LocalCMCTests" time="0.001"/>
  <testcase name="TestALotOfAdding" classname="LocalCMCTests" time="0.0"/>
  <testcase name="TestALotOfAdding" classname="LocalCMCTests" time="0.001"/>
  <testcase name="TestALotOfAdding" classname="LocalCMCTests" time="0.001"/>
  <testcase name="TestALotOfAdding" classname="LocalCMCTests" time="0.0"/>
  <testcase name="TestALotOfAdding" classname="LocalCMCTests" time="0.0"/>
  <testcase name="TestALotOfAdding" classname="LocalCMCTests" time="0.002"/>
  <testcase name="TestALotOfAdding" classname="LocalCMCTests" time="0.0"/>
  <testcase name="TestALotOfAdding" classname="LocalCMCTests" time="0.0"/>
  <testcase name="TestALotOfAdding" classname="LocalCMCTests" time="0.001"/>
  <testcase name="TestALotOfAdding" classname="LocalCMCTests" time="0.001"/>
  <testcase name="TestALotOfAdding" classname="LocalCMCTests" time="0.001"/>
  <testcase name="TestALotOfAdding" classname="LocalCMCTests" time="0.0"/>
  <testcase name="TestALotOfAdding" classname="LocalCMCTests" time="0.0"/>
  <testcase name="TestALotOfAdding" classname="LocalCMCTests" time="0.0"/>
  <testcase name="TestALotOfAdding" classname="LocalCMCTests" time="0.0"/>
  <testcase name="TestALotOfAdding" classname="LocalCMCTests" time="0.001"/>
  <testcase name="TestALotOfAdding" classname="LocalCMCTests" time="0.001"/>
  <testcase name="TestALotOfAdding" classname="LocalCMCTests" time="0.001"/>
  <testcase name="TestALotOfAdding" classname="LocalCMCTests" time="0.001"/>
  <testcase name="TestALotOfAdding" classname="LocalCMCTests" time="0.0"/>
  <testcase name="TestALotOfAdding" classname="LocalCMCTests" time="0.001"/>
  <testcase name="TestALotOfAdding" classname="LocalCMCTests" time="0.0"/>
  <testcase name="TestALotOfAdding" classname="LocalCMCTests" time="0.0"/>
  <testcase name="TestALotOfAdding" classname="LocalCMCTests" time="0.0"/>
  <testcase name="TestALotOfAdding" classname="LocalCMCTests" time="0.0"/>
  <testcase name="TestALotOfAdding" classname="LocalCMCTests" time="0.001"/>
  <testcase name="TestALotOfAdding" classname="LocalCMCTests" time="0.001"/>
  <testcase name="TestALotOfAdding" classname="LocalCMCTests" time="0.002"/>
  <testcase name="TestALotOfAdding" classname="LocalCMCTests" time="0.001"/>
  <testcase name="TestALotOfAdding" classname="LocalCMCTests" time="0.002"/>
  <testcase name="TestALotOfAdding" classname="LocalCMCTests" time="0.0"/>
  <testcase name="TestALotOfAdding" classname="LocalCMCTests" time="0.0"/>
  <testcase name="TestALotOfAdding" classname="LocalCMCTests" time="0.0"/>
  <testcase name="TestALotOfAdding" classname="LocalCMCTests" time="0.001"/>
  <testcase name="TestALotOfAdding" classname="LocalCMCTests" time="0.001"/>
  <testcase name="TestALotOfAdding" classname="LocalCMCTests" time="0.0"/>
  <testcase name="TestALotOfAdding" classname="LocalCMCTests" time="0.001"/>
  <testcase name="TestALotOfAdding" classname="LocalCMCTests" time="0.001"/>
  <testcase name="TestALotOfAdding" classname="LocalCMCTests" time="0.001"/>
  <testcase name="TestALotOfAdding" classname="LocalCMCTests" time="0.0"/>
  <testcase name="TestALotOfAdding" classname="LocalCMCTests" time="0.0"/>
  <testcase name="TestALotOfAdding" classname="LocalCMCTests" time="0.0"/>
  <testcase name="TestALotOfAdding" classname="LocalCMCTests" time="0.0"/>
  <testcase name="TestALotOfAdding" classname="LocalCMCTests" time="0.0"/>
  <testcase name="TestALotOfAdding" classname="LocalCMCTests" time="0.001"/>
  <testcase name="TestALotOfAdding" classname="LocalCMCTests" time="0.0"/>
  <testcase name="TestALotOfAdding" classname="LocalCMCTests" time="0.001"/>
  <testcase name="TestALotOfAdding" classname="LocalCMCTests" time="0.0"/>
  <testcase name="TestALotOfAdding" classname="LocalCMCTests" time="0.001"/>
  <testcase name="TestALotOfAdding" classname="LocalCMCTests" time="0.002"/>
  <testcase name="TestALotOfAdding" classname="LocalCMCTests" time="0.001"/>
  <testcase name="TestALotOfAdding" classname="LocalCMCTests" time="0.001"/>
  <testcase name="TestALotOfAdding" classname="LocalCMCTests" time="0.0"/>
  <testcase name="TestALotOfAdding" classname="LocalCMCTests" time="0.001"/>
  <testcase name="TestALotOfAdding" classname="LocalCMCTests" time="0.001"/>
  <testcase name="TestALotOfAdding" classname="LocalCMCTests" time="0.0"/>
  <testcase name="TestALotOfAdding" classname="LocalCMCTests" time="0.0"/>
  <testcase name="TestALotOfAdding" classname="LocalCMCTests" time="0.001"/>
  <testcase name="TestALotOfAdding" classname="LocalCMCTests" time="0.0"/>
  <testcase name="TestALotOfAdding" classname="LocalCMCTests" time="0.0"/>
  <testcase name="TestALotOfAdding" classname="LocalCMCTests" time="0.001"/>
  <testcase name="TestALotOfAdding" classname="LocalCMCTests" time="0.0"/>
  <testcase name="TestALotOfAdding" classname="LocalCMCTests" time="0.001"/>
  <testcase name="TestALotOfAdding" classname="LocalCMCTests" time="0.001"/>
  <testcase name="TestALotOfAdding" classname="LocalCMCTests" time="0.001"/>
  <testcase name="TestALotOfAdding" classname="LocalCMCTests" time="0.003"/>
  <testcase name="TestALotOfAdding" classname="LocalCMCTests" time="0.0"/>
  <testcase name="TestALotOfAdding" classname="LocalCMCTests" time="0.001"/>
  <testcase name="TestALotOfAdding" classname="LocalCMCTests" time="0.001"/>
  <testcase name="TestALotOfAdding" classname="LocalCMCTests" time="0.002"/>
  <testcase name="TestALotOfAdding" classname="LocalCMCTests" time="0.001"/>
  <testcase name="TestALotOfAdding" classname="LocalCMCTests" time="0.0"/>
  <testcase name="TestALotOfAdding" classname="LocalCMCTests" time="0.001"/>
  <testcase name="TestALotOfAdding" classname="LocalCMCTests" time="0.002"/>
  <testcase name="TestALotOfAdding" classname="LocalCMCTests" time="0.0"/>
  <testcase name="TestALotOfAdding" classname="LocalCMCTests" time="0.0"/>
  <testcase name="TestALotOfAdding" classname="LocalCMCTests" time="0.0"/>
  <testcase name="TestALotOfAdding" classname="LocalCMCTests" time="0.0"/>
  <testcase name="TestALotOfAdding" classname="LocalCMCTests" time="0.0"/>
  <testcase name="TestALotOfAdding" classname="LocalCMCTests" time="0.0"/>
  <testcase name="TestALotOfAdding" classname="LocalCMCTests" time="0.001"/>
  <testcase name="TestALotOfAdding" classname="LocalCMCTests" time="0.001"/>
  <testcase name="TestALotOfAdding" classname="LocalCMCTests" time="0.0"/>
  <testcase name="TestALotOfAdding" classname="LocalCMCTests" time="0.0"/>
  <testcase name="TestALotOfAdding" classname="LocalCMCTests" time="0.001"/>
  <testcase name="TestALotOfAdding" classname="LocalCMCTests" time="0.001"/>
  <testcase name="TestALotOfAdding" classname="LocalCMCTests" time="0.001"/>
  <testcase name="TestALotOfAdding" classname="LocalCMCTests" time="0.001"/>
  <testcase name="TestALotOfAdding" classname="LocalCMCTests" time="0.0"/>
  <testcase name="TestALotOfAdding" classname="LocalCMCTests" time="0.001"/>
  <testcase name="TestALotOfAdding" classname="LocalCMCTests" time="0.0"/>
  <testcase name="TestALotOfAdding" classname="LocalCMCTests" time="0.001"/>
  <testcase name="TestALotOfAdding" classname="LocalCMCTests" time="0.0"/>
  <testcase name="TestALotOfAdding" classname="LocalCMCTests" time="0.0"/>
  <testcase name="TestALotOfAdding" classname="LocalCMCTests" time="0.001"/>
  <testcase name="TestALotOfAdding" classname="LocalCMCTests" time="0.0"/>
  <testcase name="TestALotOfAdding" classname="LocalCMCTests" time="0.002"/>
  <testcase name="TestALotOfAdding" classname="LocalCMCTests" time="0.001"/>
  <testcase name="TestALotOfAdding" classname="LocalCMCTests" time="0.001"/>
  <testcase name="TestALotOfAdding" classname="LocalCMCTests" time="0.001"/>
  <testcase name="TestALotOfAdding" classname="LocalCMCTests" time="0.0"/>
  <testcase name="TestALotOfAdding" classname="LocalCMCTests" time="0.0"/>
  <testcase name="TestALotOfAdding" classname="LocalCMCTests" time="0.0"/>
  <testcase name="TestALotOfAdding" classname="LocalCMCTests" time="0.0"/>
  <testcase name="TestALotOfAdding" classname="LocalCMCTests" time="0.0"/>
  <testcase name="TestALotOfAdding" classname="LocalCMCTests" time="0.001"/>
  <testcase name="TestALotOfAdding" classname="LocalCMCTests" time="0.0"/>
  <testcase name="TestALotOfAdding" classname="LocalCMCTests" time="0.001"/>
  <testcase name="TestALotOfAdding" classname="LocalCMCTests" time="0.001"/>
  <testcase name="TestALotOfAdding" classname="LocalCMCTests" time="0.001"/>
  <testcase name="TestALotOfAdding" classname="LocalCMCTests" time="0.001"/>
  <testcase name="TestALotOfAdding" classname="LocalCMCTests" time="0.0"/>
  <testcase name="TestALotOfAdding" classname="LocalCMCTests" time="0.001"/>
  <testcase name="TestALotOfAdding" classname="LocalCMCTests" time="0.001"/>
  <testcase name="TestALotOfAdding" classname="LocalCMCTests" time="0.001"/>
  <testcase name="TestALotOfAdding" classname="LocalCMCTests" time="0.001"/>
  <testcase name="TestALotOfAdding" classname="LocalCMCTests" time="0.0"/>
  <testcase name="TestALotOfAdding" classname="LocalCMCTests" time="0.0"/>
  <testcase name="TestALotOfAdding" classname="LocalCMCTests" time="0.0"/>
  <testcase name="TestALotOfAdding" classname="LocalCMCTests" time="0.001"/>
  <testcase name="TestALotOfAdding" classname="LocalCMCTests" time="0.001"/>
  <testcase name="TestALotOfAdding" classname="LocalCMCTests" time="0.0"/>
  <testcase name="TestALotOfAdding" classname="LocalCMCTests" time="0.0"/>
  <testcase name="TestALotOfAdding" classname="LocalCMCTests" time="0.001"/>
  <testcase name="TestALotOfAdding" classname="LocalCMCTests" time="0.001"/>
  <testcase name="TestALotOfAdding" classname="LocalCMCTests" time="0.0"/>
  <testcase name="TestALotOfAdding" classname="LocalCMCTests" time="0.0"/>
  <testcase name="TestALotOfAdding" classname="LocalCMCTests" time="0.002"/>
  <testcase name="TestALotOfAdding" classname="LocalCMCTests" time="0.002"/>
  <testcase name="TestALotOfAdding" classname="LocalCMCTests" time="0.001"/>
  <testcase name="TestALotOfAdding" classname="LocalCMCTests" time="0.0"/>
  <testcase name="TestALotOfAdding" classname="LocalCMCTests" time="0.0"/>
  <testcase name="TestALotOfAdding" classname="LocalCMCTests" time="0.0"/>
  <testcase name="TestALotOfAdding" classname="LocalCMCTests" time="0.001"/>
  <testcase name="TestALotOfAdding" classname="LocalCMCTests" time="0.0"/>
  <testcase name="TestALotOfAdding" classname="LocalCMCTests" time="0.001"/>
  <testcase name="TestALotOfAdding" classname="LocalCMCTests" time="0.001"/>
  <testcase name="TestALotOfAdding" classname="LocalCMCTests" time="0.001"/>
  <testcase name="TestALotOfAdding" classname="LocalCMCTests" time="0.001"/>
  <testcase name="TestALotOfAdding" classname="LocalCMCTests" time="0.0"/>
  <testcase name="TestALotOfAdding" classname="LocalCMCTests" time="0.001"/>
  <testcase name="TestALotOfAdding" classname="LocalCMCTests" time="0.001"/>
  <testcase name="TestALotOfAdding" classname="LocalCMCTests" time="0.001"/>
  <testcase name="TestALotOfAdding" classname="LocalCMCTests" time="0.001"/>
  <testcase name="TestALotOfAdding" classname="LocalCMCTests" time="0.001"/>
  <testcase name="TestALotOfAdding" classname="LocalCMCTests" time="0.002"/>
  <testcase name="TestALotOfAdding" classname="LocalCMCTests" time="0.0"/>
  <testcase name="TestALotOfAdding" classname="LocalCMCTests" time="0.002"/>
  <testcase name="TestALotOfAdding" classname="LocalCMCTests" time="0.001"/>
  <testcase name="TestALotOfAdding" classname="LocalCMCTests" time="0.0"/>
  <testcase name="TestALotOfAdding" classname="LocalCMCTests" time="0.0"/>
  <testcase name="TestALotOfAdding" classname="LocalCMCTests" time="0.0"/>
  <testcase name="TestALotOfAdding" classname="LocalCMCTests" time="0.0"/>
  <testcase name="TestALotOfAdding" classname="LocalCMCTests" time="0.001"/>
  <testcase name="TestALotOfAdding" classname="LocalCMCTests" time="0.001"/>
  <testcase name="TestALotOfAdding" classname="LocalCMCTests" time="0.001"/>
  <testcase name="TestALotOfAdding" classname="LocalCMCTests" time="0.0"/>
  <testcase name="TestALotOfAdding" classname="LocalCMCTests" time="0.001"/>
  <testcase name="TestALotOfAdding" classname="LocalCMCTests" time="0.001"/>
  <testcase name="TestALotOfAdding" classname="LocalCMCTests" time="0.001"/>
  <testcase name="TestALotOfAdding" classname="LocalCMCTests" time="0.0"/>
  <testcase name="TestALotOfAdding" classname="LocalCMCTests" time="0.001"/>
  <testcase name="TestALotOfAdding" classname="LocalCMCTests" time="0.001"/>
  <testcase name="TestALotOfAdding" classname="LocalCMCTests" time="0.001"/>
  <testcase name="TestALotOfAdding" classname="LocalCMCTests" time="0.001"/>
  <testcase name="TestALotOfAdding" classname="LocalCMCTests" time="0.0"/>
  <testcase name="TestALotOfAdding" classname="LocalCMCTests" time="0.0"/>
  <testcase name="TestALotOfAdding" classname="LocalCMCTests" time="0.0"/>
  <testcase name="TestALotOfAdding" classname="LocalCMCTests" time="0.001"/>
  <testcase name="TestALotOfAdding" classname="LocalCMCTests" time="0.0"/>
  <testcase name="TestALotOfAdding" classname="LocalCMCTests" time="0.0"/>
  <testcase name="TestALotOfAdding" classname="LocalCMCTests" time="0.001"/>
  <testcase name="TestALotOfAdding" classname="LocalCMCTests" time="0.002"/>
  <testcase name="TestALotOfAdding" classname="LocalCMCTests" time="0.001"/>
  <testcase name="TestALotOfAdding" classname="LocalCMCTests" time="0.001"/>
  <testcase name="TestALotOfAdding" classname="LocalCMCTests" time="0.001"/>
  <testcase name="TestALotOfAdding" classname="LocalCMCTests" time="0.001"/>
  <testcase name="TestALotOfAdding" classname="LocalCMCTests" time="0.0"/>
  <testcase name="TestALotOfAdding" classname="LocalCMCTests" time="0.001"/>
  <testcase name="TestALotOfAdding" classname="LocalCMCTests" time="0.001"/>
  <testcase name="TestALotOfAdding" classname="LocalCMCTests" time="0.0"/>
  <testcase name="TestALotOfAdding" classname="LocalCMCTests" time="0.0"/>
  <testcase name="TestALotOfAdding" classname="LocalCMCTests" time="0.0"/>
  <testcase name="TestALotOfAdding" classname="LocalCMCTests" time="0.0"/>
  <testcase name="TestALotOfAdding" classname="LocalCMCTests" time="0.0"/>
  <testcase name="TestALotOfAdding" classname="LocalCMCTests" time="0.0"/>
  <testcase name="TestALotOfAdding" classname="LocalCMCTests" time="0.001"/>
  <testcase name="TestALotOfAdding" classname="LocalCMCTests" time="0.0"/>
  <testcase name="TestALotOfAdding" classname="LocalCMCTests" time="0.001"/>
  <testcase name="TestALotOfAdding" classname="LocalCMCTests" time="0.001"/>
  <testcase name="TestALotOfAdding" classname="LocalCMCTests" time="0.001"/>
  <testcase name="TestALotOfAdding" classname="LocalCMCTests" time="0.001"/>
  <testcase name="TestALotOfAdding" classname="LocalCMCTests" time="0.001"/>
  <testcase name="TestALotOfAdding" classname="LocalCMCTests" time="0.0"/>
  <testcase name="TestALotOfAdding" classname="LocalCMCTests" time="0.001"/>
  <testcase name="TestALotOfAdding" classname="LocalCMCTests" time="0.0"/>
  <testcase name="TestALotOfAdding" classname="LocalCMCTests" time="0.0"/>
  <testcase name="TestALotOfAdding" classname="LocalCMCTests" time="0.0"/>
  <testcase name="TestALotOfAdding" classname="LocalCMCTests" time="0.002"/>
  <testcase name="TestALotOfAdding" classname="LocalCMCTests" time="0.002"/>
  <testcase name="TestALotOfAdding" classname="LocalCMCTests" time="0.0"/>
  <testcase name="TestALotOfAdding" classname="LocalCMCTests" time="0.0"/>
  <testcase name="TestALotOfAdding" classname="LocalCMCTests" time="0.001"/>
  <testcase name="TestALotOfAdding" classname="LocalCMCTests" time="0.001"/>
  <testcase name="TestALotOfAdding" classname="LocalCMCTests" time="0.001"/>
  <testcase name="TestALotOfAdding" classname="LocalCMCTests" time="0.001"/>
  <testcase name="TestALotOfAdding" classname="LocalCMCTests" time="0.0"/>
  <testcase name="TestALotOfAdding" classname="LocalCMCTests" time="0.001"/>
  <testcase name="TestALotOfAdding" classname="LocalCMCTests" time="0.002"/>
  <testcase name="TestALotOfAdding" classname="LocalCMCTests" time="0.001"/>
  <testcase name="TestALotOfAdding" classname="LocalCMCTests" time="0.0"/>
  <testcase name="TestALotOfAdding" classname="LocalCMCTests" time="0.0"/>
  <testcase name="TestALotOfAdding" classname="LocalCMCTests" time="0.0"/>
  <testcase name="TestALotOfAdding" classname="LocalCMCTests" time="0.0"/>
  <testcase name="TestALotOfAdding" classname="LocalCMCTests" time="0.0"/>
  <testcase name="TestALotOfAdding" classname="LocalCMCTests" time="0.0"/>
  <testcase name="TestALotOfAdding" classname="LocalCMCTests" time="0.001"/>
  <testcase name="TestALotOfAdding" classname="LocalCMCTests" time="0.0"/>
  <testcase name="TestALotOfAdding" classname="LocalCMCTests" time="0.001"/>
  <testcase name="TestALotOfAdding" classname="LocalCMCTests" time="0.001"/>
  <testcase name="TestALotOfAdding" classname="LocalCMCTests" time="0.002"/>
  <testcase name="TestALotOfAdding" classname="LocalCMCTests" time="0.001"/>
  <testcase name="TestALotOfAdding" classname="LocalCMCTests" time="0.001"/>
  <testcase name="TestALotOfAdding" classname="LocalCMCTests" time="0.0"/>
  <testcase name="TestALotOfAdding" classname="LocalCMCTests" time="0.001"/>
  <testcase name="TestALotOfAdding" classname="LocalCMCTests" time="0.001"/>
  <testcase name="TestALotOfAdding" classname="LocalCMCTests" time="0.001"/>
  <testcase name="TestALotOfAdding" classname="LocalCMCTests" time="0.0"/>
  <testcase name="TestALotOfAdding" classname="LocalCMCTests" time="0.001"/>
  <testcase name="TestALotOfAdding" classname="LocalCMCTests" time="0.0"/>
  <testcase name="TestALotOfAdding" classname="LocalCMCTests" time="0.0"/>
  <testcase name="TestALotOfAdding" classname="LocalCMCTests" time="0.0"/>
  <testcase name="TestALotOfAdding" classname="LocalCMCTests" time="0.001"/>
  <testcase name="TestALotOfAdding" classname="LocalCMCTests" time="0.002"/>
  <testcase name="TestALotOfAdding" classname="LocalCMCTests" time="0.001"/>
  <testcase name="TestALotOfAdding" classname="LocalCMCTests" time="0.001"/>
  <testcase name="TestALotOfAdding" classname="LocalCMCTests" time="0.0"/>
  <testcase name="TestALotOfAdding" classname="LocalCMCTests" time="0.001"/>
  <testcase name="TestALotOfAdding" classname="LocalCMCTests" time="0.001"/>
  <testcase name="TestALotOfAdding" classname="LocalCMCTests" time="0.001"/>
  <testcase name="TestALotOfAdding" classname="LocalCMCTests" time="0.0"/>
  <testcase name="TestALotOfAdding" classname="LocalCMCTests" time="0.0"/>
  <testcase name="TestALotOfAdding" classname="LocalCMCTests" time="0.0"/>
  <testcase name="TestALotOfAdding" classname="LocalCMCTests" time="0.0"/>
  <testcase name="TestALotOfAdding" classname="LocalCMCTests" time="0.0"/>
  <testcase name="TestALotOfAdding" classname="LocalCMCTests" time="0.0"/>
  <testcase name="TestALotOfAdding" classname="LocalCMCTests" time="0.001"/>
  <testcase name="TestALotOfAdding" classname="LocalCMCTests" time="0.001"/>
  <testcase name="TestALotOfAdding" classname="LocalCMCTests" time="0.0"/>
  <testcase name="TestALotOfAdding" classname="LocalCMCTests" time="0.001"/>
  <testcase name="TestALotOfAdding" classname="LocalCMCTests" time="0.001"/>
  <testcase name="TestALotOfAdding" classname="LocalCMCTests" time="0.001"/>
  <testcase name="TestALotOfAdding" classname="LocalCMCTests" time="0.0"/>
  <testcase name="TestALotOfAdding" classname="LocalCMCTests" time="0.0"/>
  <testcase name="TestALotOfAdding" classname="LocalCMCTests" time="0.001"/>
  <testcase name="TestALotOfAdding" classname="LocalCMCTests" time="0.001"/>
  <testcase name="TestALotOfAdding" classname="LocalCMCTests" time="0.001"/>
  <testcase name="TestALotOfAdding" classname="LocalCMCTests" time="0.001"/>
  <testcase name="TestALotOfAdding" classname="LocalCMCTests" time="0.0"/>
  <testcase name="TestALotOfAdding" classname="LocalCMCTests" time="0.001"/>
  <testcase name="TestALotOfAdding" classname="LocalCMCTests" time="0.0"/>
  <testcase name="TestALotOfAdding" classname="LocalCMCTests" time="0.0"/>
  <testcase name="TestALotOfAdding" classname="LocalCMCTests" time="0.0"/>
  <testcase name="TestALotOfAdding" classname="LocalCMCTests" time="0.001"/>
  <testcase name="TestALotOfAdding" classname="LocalCMCTests" time="0.0"/>
  <testcase name="TestALotOfAdding" classname="LocalCMCTests" time="0.001"/>
  <testcase name="TestALotOfAdding" classname="LocalCMCTests" time="0.002"/>
  <testcase name="TestALotOfAdding" classname="LocalCMCTests" time="0.0"/>
  <testcase name="TestALotOfAdding" classname="LocalCMCTests" time="0.002"/>
  <testcase name="TestALotOfAdding" classname="LocalCMCTests" time="0.002"/>
  <testcase name="TestALotOfAdding" classname="LocalCMCTests" time="0.0"/>
  <testcase name="TestALotOfAdding" classname="LocalCMCTests" time="0.0"/>
  <testcase name="TestALotOfAdding" classname="LocalCMCTests" time="0.0"/>
  <testcase name="TestALotOfAdding" classname="LocalCMCTests" time="0.001"/>
  <testcase name="TestALotOfAdding" classname="LocalCMCTests" time="0.0"/>
  <testcase name="TestALotOfAdding" classname="LocalCMCTests" time="0.0"/>
  <testcase name="TestALotOfAdding" classname="LocalCMCTests" time="0.001"/>
  <testcase name="TestALotOfAdding" classname="LocalCMCTests" time="0.002"/>
  <testcase name="TestALotOfAdding" classname="LocalCMCTests" time="0.001"/>
  <testcase name="TestALotOfAdding" classname="LocalCMCTests" time="0.001"/>
  <testcase name="TestALotOfAdding" classname="LocalCMCTests" time="0.002"/>
  <testcase name="TestALotOfAdding" classname="LocalCMCTests" time="0.002"/>
  <testcase name="TestALotOfAdding" classname="LocalCMCTests" time="0.001"/>
  <testcase name="TestALotOfAdding" classname="LocalCMCTests" time="0.001"/>
  <testcase name="TestALotOfAdding" classname="LocalCMCTests" time="0.001"/>
  <testcase name="TestALotOfAdding" classname="LocalCMCTests" time="0.0"/>
  <testcase name="TestALotOfAdding" classname="LocalCMCTests" time="0.0"/>
  <testcase name="TestALotOfAdding" classname="LocalCMCTests" time="0.0"/>
  <testcase name="TestALotOfAdding" classname="LocalCMCTests" time="0.0"/>
  <testcase name="TestALotOfAdding" classname="LocalCMCTests" time="0.0"/>
  <testcase name="TestALotOfAdding" classname="LocalCMCTests" time="0.0"/>
  <testcase name="TestALotOfAdding" classname="LocalCMCTests" time="0.0"/>
  <testcase name="TestALotOfAdding" classname="LocalCMCTests" time="0.001"/>
  <testcase name="TestALotOfAdding" classname="LocalCMCTests" time="0.001"/>
  <testcase name="TestALotOfAdding" classname="LocalCMCTests" time="0.001"/>
  <testcase name="TestALotOfAdding" classname="LocalCMCTests" time="0.001"/>
  <testcase name="TestALotOfAdding" classname="LocalCMCTests" time="0.0"/>
  <testcase name="TestALotOfAdding" classname="LocalCMCTests" time="0.001"/>
  <testcase name="TestALotOfAdding" classname="LocalCMCTests" time="0.002"/>
  <testcase name="TestALotOfAdding" classname="LocalCMCTests" time="0.002"/>
  <testcase name="TestALotOfAdding" classname="LocalCMCTests" time="0.0"/>
  <testcase name="TestALotOfAdding" classname="LocalCMCTests" time="0.0"/>
  <testcase name="TestALotOfAdding" classname="LocalCMCTests" time="0.001"/>
  <testcase name="TestALotOfAdding" classname="LocalCMCTests" time="0.0"/>
  <testcase name="TestALotOfAdding" classname="LocalCMCTests" time="0.0"/>
  <testcase name="TestALotOfAdding" classname="LocalCMCTests" time="0.0"/>
  <testcase name="TestALotOfAdding" classname="LocalCMCTests" time="0.001"/>
  <testcase name="TestALotOfAdding" classname="LocalCMCTests" time="0.001"/>
  <testcase name="TestALotOfAdding" classname="LocalCMCTests" time="0.001"/>
  <testcase name="TestALotOfAdding" classname="LocalCMCTests" time="0.001"/>
  <testcase name="TestALotOfAdding" classname="LocalCMCTests" time="0.0"/>
  <testcase name="TestALotOfAdding" classname="LocalCMCTests" time="0.002"/>
  <testcase name="TestALotOfAdding" classname="LocalCMCTests" time="0.002"/>
  <testcase name="TestALotOfAdding" classname="LocalCMCTests" time="0.0"/>
  <testcase name="TestALotOfAdding" classname="LocalCMCTests" time="0.0"/>
  <testcase name="TestALotOfAdding" classname="LocalCMCTests" time="0.0"/>
  <testcase name="TestALotOfAdding" classname="LocalCMCTests" time="0.001"/>
  <testcase name="TestALotOfAdding" classname="LocalCMCTests" time="0.001"/>
  <testcase name="TestALotOfAdding" classname="LocalCMCTests" time="0.001"/>
  <testcase name="TestALotOfAdding" classname="LocalCMCTests" time="0.001"/>
  <testcase name="TestALotOfAdding" classname="LocalCMCTests" time="0.0"/>
  <testcase name="TestALotOfAdding" classname="LocalCMCTests" time="0.0"/>
  <testcase name="TestALotOfAdding" classname="LocalCMCTests" time="0.0"/>
  <testcase name="TestALotOfAdding" classname="LocalCMCTests" time="0.0"/>
  <testcase name="TestALotOfAdding" classname="LocalCMCTests" time="0.0"/>
  <testcase name="TestALotOfAdding" classname="LocalCMCTests" time="0.001"/>
  <testcase name="TestALotOfAdding" classname="LocalCMCTests" time="0.001"/>
  <testcase name="TestALotOfAdding" classname="LocalCMCTests" time="0.0"/>
  <testcase name="TestALotOfAdding" classname="LocalCMCTests" time="0.001"/>
  <testcase name="TestALotOfAdding" classname="LocalCMCTests" time="0.001"/>
  <testcase name="TestALotOfAdding" classname="LocalCMCTests" time="0.001"/>
  <testcase name="TestALotOfAdding" classname="LocalCMCTests" time="0.0"/>
  <testcase name="TestALotOfAdding" classname="LocalCMCTests" time="0.001"/>
  <testcase name="TestALotOfAdding" classname="LocalCMCTests" time="0.001"/>
  <testcase name="TestALotOfAdding" classname="LocalCMCTests" time="0.001"/>
  <testcase name="TestALotOfAdding" classname="LocalCMCTests" time="0.0"/>
  <testcase name="TestALotOfAdding" classname="LocalCMCTests" time="0.0"/>
  <testcase name="TestALotOfAdding" classname="LocalCMCTests" time="0.0"/>
  <testcase name="TestALotOfAdding" classname="LocalCMCTests" time="0.0"/>
  <testcase name="TestALotOfAdding" classname="LocalCMCTests" time="0.001"/>
  <testcase name="TestALotOfAdding" classname="LocalCMCTests" time="0.001"/>
  <testcase name="TestALotOfAdding" classname="LocalCMCTests" time="0.001"/>
  <testcase name="TestALotOfAdding" classname="LocalCMCTests" time="0.001"/>
  <testcase name="TestALotOfAdding" classname="LocalCMCTests" time="0.001"/>
  <testcase name="TestALotOfAdding" classname="LocalCMCTests" time="0.0"/>
  <testcase name="TestALotOfAdding" classname="LocalCMCTests" time="0.002"/>
  <testcase name="TestALotOfAdding" classname="LocalCMCTests" time="0.001"/>
  <testcase name="TestALotOfAdding" classname="LocalCMCTests" time="0.0"/>
  <testcase name="TestALotOfAdding" classname="LocalCMCTests" time="0.0"/>
  <testcase name="TestALotOfAdding" classname="LocalCMCTests" time="0.0"/>
  <testcase name="TestALotOfAdding" classname="LocalCMCTests" time="0.0"/>
  <testcase name="TestALotOfAdding" classname="LocalCMCTests" time="0.0"/>
  <testcase name="TestALotOfAdding" classname="LocalCMCTests" time="0.0"/>
  <testcase name="TestALotOfAdding" classname="LocalCMCTests" time="0.0"/>
  <testcase name="TestALotOfAdding" classname="LocalCMCTests" time="0.0"/>
  <testcase name="TestALotOfAdding" classname="LocalCMCTests" time="0.001"/>
  <testcase name="TestALotOfAdding" classname="LocalCMCTests" time="0.002"/>
  <testcase name="TestALotOfAdding" classname="LocalCMCTests" time="0.0"/>
  <testcase name="TestALotOfAdding" classname="LocalCMCTests" time="0.001"/>
  <testcase name="TestALotOfAdding" classname="LocalCMCTests" time="0.002"/>
  <testcase name="TestALotOfAdding" classname="LocalCMCTests" time="0.0"/>
  <testcase name="TestALotOfAdding" classname="LocalCMCTests" time="0.001"/>
  <testcase name="TestALotOfAdding" classname="LocalCMCTests" time="0.001"/>
  <testcase name="TestALotOfAdding" classname="LocalCMCTests" time="0.0"/>
  <testcase name="TestALotOfAdding" classname="LocalCMCTests" time="0.001"/>
  <testcase name="TestALotOfAdding" classname="LocalCMCTests" time="0.001"/>
  <testcase name="TestALotOfAdding" classname="LocalCMCTests" time="0.0"/>
  <testcase name="TestALotOfAdding" classname="LocalCMCTests" time="0.0"/>
  <testcase name="TestALotOfAdding" classname="LocalCMCTests" time="0.001"/>
  <testcase name="TestALotOfAdding" classname="LocalCMCTests" time="0.0"/>
  <testcase name="TestALotOfAdding" classname="LocalCMCTests" time="0.0"/>
  <testcase name="TestALotOfAdding" classname="LocalCMCTests" time="0.002"/>
  <testcase name="TestALotOfAdding" classname="LocalCMCTests" time="0.0"/>
  <testcase name="TestALotOfAdding" classname="LocalCMCTests" time="0.001"/>
  <testcase name="TestALotOfAdding" classname="LocalCMCTests" time="0.001"/>
  <testcase name="TestALotOfAdding" classname="LocalCMCTests" time="0.0"/>
  <testcase name="TestALotOfAdding" classname="LocalCMCTests" time="0.001"/>
  <testcase name="TestALotOfAdding" classname="LocalCMCTests" time="0.001"/>
  <testcase name="TestALotOfAdding" classname="LocalCMCTests" time="0.001"/>
  <testcase name="TestALotOfAdding" classname="LocalCMCTests" time="0.001"/>
  <testcase name="TestALotOfAdding" classname="LocalCMCTests" time="0.001"/>
  <testcase name="TestALotOfAdding" classname="LocalCMCTests" time="0.0"/>
  <testcase name="TestALotOfAdding" classname="LocalCMCTests" time="0.001"/>
  <testcase name="TestALotOfAdding" classname="LocalCMCTests" time="0.0"/>
  <testcase name="TestALotOfAdding" classname="LocalCMCTests" time="0.0"/>
  <testcase name="TestALotOfAdding" classname="LocalCMCTests" time="0.001"/>
  <testcase name="TestALotOfAdding" classname="LocalCMCTests" time="0.001"/>
  <testcase name="TestALotOfAdding" classname="LocalCMCTests" time="0.001"/>
  <testcase name="TestALotOfAdding" classname="LocalCMCTests" time="0.001"/>
  <testcase name="TestALotOfAdding" classname="LocalCMCTests" time="0.001"/>
  <testcase name="TestALotOfAdding" classname="LocalCMCTests" time="0.001"/>
  <testcase name="TestALotOfAdding" classname="LocalCMCTests" time="0.002"/>
  <testcase name="TestALotOfAdding" classname="LocalCMCTests" time="0.001"/>
  <testcase name="TestALotOfAdding" classname="LocalCMCTests" time="0.001"/>
  <testcase name="TestALotOfAdding" classname="LocalCMCTests" time="0.001"/>
  <testcase name="TestALotOfAdding" classname="LocalCMCTests" time="0.0"/>
  <testcase name="TestALotOfAdding" classname="LocalCMCTests" time="0.0"/>
  <testcase name="TestALotOfAdding" classname="LocalCMCTests" time="0.001"/>
  <testcase name="TestALotOfAdding" classname="LocalCMCTests" time="0.001"/>
  <testcase name="TestALotOfAdding" classname="LocalCMCTests" time="0.001"/>
  <testcase name="TestALotOfAdding" classname="LocalCMCTests" time="0.002"/>
  <testcase name="TestALotOfAdding" classname="LocalCMCTests" time="0.0"/>
  <testcase name="TestALotOfAdding" classname="LocalCMCTests" time="0.0"/>
  <testcase name="TestALotOfAdding" classname="LocalCMCTests" time="0.001"/>
  <testcase name="TestALotOfAdding" classname="LocalCMCTests" time="0.003"/>
  <testcase name="TestALotOfAdding" classname="LocalCMCTests" time="0.001"/>
  <testcase name="TestALotOfAdding" classname="LocalCMCTests" time="0.001"/>
  <testcase name="TestALotOfAdding" classname="LocalCMCTests" time="0.001"/>
  <testcase name="TestALotOfAdding" classname="LocalCMCTests" time="0.0"/>
  <testcase name="TestALotOfAdding" classname="LocalCMCTests" time="0.001"/>
  <testcase name="TestALotOfAdding" classname="LocalCMCTests" time="0.0"/>
  <testcase name="TestALotOfAdding" classname="LocalCMCTests" time="0.0"/>
  <testcase name="TestALotOfAdding" classname="LocalCMCTests" time="0.001"/>
  <testcase name="TestALotOfAdding" classname="LocalCMCTests" time="0.001"/>
  <testcase name="TestALotOfAdding" classname="LocalCMCTests" time="0.0"/>
  <testcase name="TestALotOfAdding" classname="LocalCMCTests" time="0.002"/>
  <testcase name="TestALotOfAdding" classname="LocalCMCTests" time="0.001"/>
  <testcase name="TestALotOfAdding" classname="LocalCMCTests" time="0.0"/>
  <testcase name="TestALotOfAdding" classname="LocalCMCTests" time="0.0"/>
  <testcase name="TestALotOfAdding" classname="LocalCMCTests" time="0.0"/>
  <testcase name="TestALotOfAdding" classname="LocalCMCTests" time="0.0"/>
  <testcase name="TestALotOfAdding" classname="LocalCMCTests" time="0.001"/>
  <testcase name="TestALotOfAdding" classname="LocalCMCTests" time="0.001"/>
  <testcase name="TestALotOfAdding" classname="LocalCMCTests" time="0.001"/>
  <testcase name="TestALotOfAdding" classname="LocalCMCTests" time="0.0"/>
  <testcase name="TestALotOfAdding" classname="LocalCMCTests" time="0.001"/>
  <testcase name="TestALotOfAdding" classname="LocalCMCTests" time="0.001"/>
  <testcase name="TestALotOfAdding" classname="LocalCMCTests" time="0.0"/>
  <testcase name="TestALotOfAdding" classname="LocalCMCTests" time="0.002"/>
  <testcase name="TestALotOfAdding" classname="LocalCMCTests" time="0.001"/>
  <testcase name="TestALotOfAdding" classname="LocalCMCTests" time="0.0"/>
  <testcase name="TestALotOfAdding" classname="LocalCMCTests" time="0.001"/>
  <testcase name="TestALotOfAdding" classname="LocalCMCTests" time="0.001"/>
  <testcase name="TestALotOfAdding" classname="LocalCMCTests" time="0.001"/>
  <testcase name="TestALotOfAdding" classname="LocalCMCTests" time="0.0"/>
  <testcase name="TestALotOfAdding" classname="LocalCMCTests" time="0.001"/>
  <testcase name="TestALotOfAdding" classname="LocalCMCTests" time="0.001"/>
  <testcase name="TestALotOfAdding" classname="LocalCMCTests" time="0.001"/>
  <testcase name="TestALotOfAdding" classname="LocalCMCTests" time="0.0"/>
  <testcase name="TestALotOfAdding" classname="LocalCMCTests" time="0.0"/>
  <testcase name="TestALotOfAdding" classname="LocalCMCTests" time="0.0"/>
  <testcase name="TestALotOfAdding" classname="LocalCMCTests" time="0.0"/>
  <testcase name="TestALotOfAdding" classname="LocalCMCTests" time="0.0"/>
  <testcase name="TestALotOfAdding" classname="LocalCMCTests" time="0.001"/>
  <testcase name="TestALotOfAdding" classname="LocalCMCTests" time="0.001"/>
  <testcase name="TestALotOfAdding" classname="LocalCMCTests" time="0.001"/>
  <testcase name="TestALotOfAdding" classname="LocalCMCTests" time="0.001"/>
  <testcase name="TestALotOfAdding" classname="LocalCMCTests" time="0.001"/>
  <testcase name="TestALotOfAdding" classname="LocalCMCTests" time="0.0"/>
  <testcase name="TestALotOfAdding" classname="LocalCMCTests" time="0.001"/>
  <testcase name="TestALotOfAdding" classname="LocalCMCTests" time="0.001"/>
  <testcase name="TestALotOfAdding" classname="LocalCMCTests" time="0.002"/>
  <testcase name="TestALotOfAdding" classname="LocalCMCTests" time="0.001"/>
  <testcase name="TestALotOfAdding" classname="LocalCMCTests" time="0.0"/>
  <testcase name="TestALotOfAdding" classname="LocalCMCTests" time="0.001"/>
  <testcase name="TestALotOfAdding" classname="LocalCMCTests" time="0.0"/>
  <testcase name="TestALotOfAdding" classname="LocalCMCTests" time="0.0"/>
  <testcase name="TestALotOfAdding" classname="LocalCMCTests" time="0.001"/>
  <testcase name="TestALotOfAdding" classname="LocalCMCTests" time="0.001"/>
  <testcase name="TestALotOfAdding" classname="LocalCMCTests" time="0.001"/>
  <testcase name="TestALotOfAdding" classname="LocalCMCTests" time="0.0"/>
  <testcase name="TestALotOfAdding" classname="LocalCMCTests" time="0.001"/>
  <testcase name="TestALotOfAdding" classname="LocalCMCTests" time="0.0"/>
  <testcase name="TestALotOfAdding" classname="LocalCMCTests" time="0.001"/>
  <testcase name="TestALotOfAdding" classname="LocalCMCTests" time="0.001"/>
  <testcase name="TestALotOfAdding" classname="LocalCMCTests" time="0.001"/>
  <testcase name="TestALotOfAdding" classname="LocalCMCTests" time="0.001"/>
  <testcase name="TestALotOfAdding" classname="LocalCMCTests" time="0.0"/>
  <testcase name="TestALotOfAdding" classname="LocalCMCTests" time="0.0"/>
  <testcase name="TestALotOfAdding" classname="LocalCMCTests" time="0.0"/>
  <testcase name="TestALotOfAdding" classname="LocalCMCTests" time="0.0"/>
  <testcase name="TestALotOfAdding" classname="LocalCMCTests" time="0.0"/>
  <testcase name="TestALotOfAdding" classname="LocalCMCTests" time="0.0"/>
  <testcase name="TestALotOfAdding" classname="LocalCMCTests" time="0.0"/>
  <testcase name="TestALotOfAdding" classname="LocalCMCTests" time="0.002"/>
  <testcase name="TestALotOfAdding" classname="LocalCMCTests" time="0.001"/>
  <testcase name="TestALotOfAdding" classname="LocalCMCTests" time="0.001"/>
  <testcase name="TestALotOfAdding" classname="LocalCMCTests" time="0.001"/>
  <testcase name="TestALotOfAdding" classname="LocalCMCTests" time="0.001"/>
  <testcase name="TestALotOfAdding" classname="LocalCMCTests" time="0.0"/>
  <testcase name="TestALotOfAdding" classname="LocalCMCTests" time="0.0"/>
  <testcase name="TestALotOfAdding" classname="LocalCMCTests" time="0.001"/>
  <testcase name="TestALotOfAdding" classname="LocalCMCTests" time="0.001"/>
  <testcase name="TestALotOfAdding" classname="LocalCMCTests" time="0.0"/>
  <testcase name="TestALotOfAdding" classname="LocalCMCTests" time="0.0"/>
  <testcase name="TestALotOfAdding" classname="LocalCMCTests" time="0.0"/>
  <testcase name="TestALotOfAdding" classname="LocalCMCTests" time="0.001"/>
  <testcase name="TestALotOfAdding" classname="LocalCMCTests" time="0.0"/>
  <testcase name="TestALotOfAdding" classname="LocalCMCTests" time="0.0"/>
  <testcase name="TestALotOfAdding" classname="LocalCMCTests" time="0.002"/>
  <testcase name="TestALotOfAdding" classname="LocalCMCTests" time="0.002"/>
  <testcase name="TestALotOfAdding" classname="LocalCMCTests" time="0.0"/>
  <testcase name="TestALotOfAdding" classname="LocalCMCTests" time="0.001"/>
  <testcase name="TestALotOfAdding" classname="LocalCMCTests" time="0.0"/>
  <testcase name="TestALotOfAdding" classname="LocalCMCTests" time="0.001"/>
  <testcase name="TestALotOfAdding" classname="LocalCMCTests" time="0.001"/>
  <testcase name="TestALotOfAdding" classname="LocalCMCTests" time="0.0"/>
  <testcase name="TestALotOfAdding" classname="LocalCMCTests" time="0.0"/>
  <testcase name="TestALotOfAdding" classname="LocalCMCTests" time="0.001"/>
  <testcase name="TestALotOfAdding" classname="LocalCMCTests" time="0.0"/>
  <testcase name="TestALotOfAdding" classname="LocalCMCTests" time="0.0"/>
  <testcase name="TestALotOfAdding" classname="LocalCMCTests" time="0.001"/>
  <testcase name="TestALotOfAdding" classname="LocalCMCTests" time="0.001"/>
  <testcase name="TestALotOfAdding" classname="LocalCMCTests" time="0.0"/>
  <testcase name="TestALotOfAdding" classname="LocalCMCTests" time="0.0"/>
  <testcase name="TestALotOfAdding" classname="LocalCMCTests" time="0.002"/>
  <testcase name="TestALotOfAdding" classname="LocalCMCTests" time="0.001"/>
  <testcase name="TestALotOfAdding" classname="LocalCMCTests" time="0.0"/>
  <testcase name="TestALotOfAdding" classname="LocalCMCTests" time="0.001"/>
  <testcase name="TestALotOfAdding" classname="LocalCMCTests" time="0.001"/>
  <testcase name="TestALotOfAdding" classname="LocalCMCTests" time="0.001"/>
  <testcase name="TestALotOfAdding" classname="LocalCMCTests" time="0.001"/>
  <testcase name="TestALotOfAdding" classname="LocalCMCTests" time="0.002"/>
  <testcase name="TestALotOfAdding" classname="LocalCMCTests" time="0.0"/>
  <testcase name="TestALotOfAdding" classname="LocalCMCTests" time="0.0"/>
  <testcase name="TestALotOfAdding" classname="LocalCMCTests" time="0.0"/>
  <testcase name="TestALotOfAdding" classname="LocalCMCTests" time="0.0"/>
  <testcase name="TestALotOfAdding" classname="LocalCMCTests" time="0.0"/>
  <testcase name="TestALotOfAdding" classname="LocalCMCTests" time="0.001"/>
  <testcase name="TestALotOfAdding" classname="LocalCMCTests" time="0.001"/>
  <testcase name="TestALotOfAdding" classname="LocalCMCTests" time="0.001"/>
  <testcase name="TestALotOfAdding" classname="LocalCMCTests" time="0.001"/>
  <testcase name="TestALotOfAdding" classname="LocalCMCTests" time="0.001"/>
  <testcase name="TestALotOfAdding" classname="LocalCMCTests" time="0.0"/>
  <testcase name="TestALotOfAdding" classname="LocalCMCTests" time="0.001"/>
  <testcase name="TestALotOfAdding" classname="LocalCMCTests" time="0.001"/>
  <testcase name="TestALotOfAdding" classname="LocalCMCTests" time="0.001"/>
  <testcase name="TestALotOfAdding" classname="LocalCMCTests" time="0.001"/>
  <testcase name="TestALotOfAdding" classname="LocalCMCTests" time="0.001"/>
  <testcase name="TestALotOfAdding" classname="LocalCMCTests" time="0.0"/>
  <testcase name="TestALotOfAdding" classname="LocalCMCTests" time="0.0"/>
  <testcase name="TestALotOfAdding" classname="LocalCMCTests" time="0.001"/>
  <testcase name="TestALotOfAdding" classname="LocalCMCTests" time="0.0"/>
  <testcase name="TestALotOfAdding" classname="LocalCMCTests" time="0.001"/>
  <testcase name="TestALotOfAdding" classname="LocalCMCTests" time="0.001"/>
  <testcase name="TestALotOfAdding" classname="LocalCMCTests" time="0.0"/>
  <testcase name="TestALotOfAdding" classname="LocalCMCTests" time="0.0"/>
  <testcase name="TestALotOfAdding" classname="LocalCMCTests" time="0.001"/>
  <testcase name="TestALotOfAdding" classname="LocalCMCTests" time="0.001"/>
  <testcase name="TestALotOfAdding" classname="LocalCMCTests" time="0.001"/>
  <testcase name="TestALotOfAdding" classname="LocalCMCTests" time="0.001"/>
  <testcase name="TestALotOfAdding" classname="LocalCMCTests" time="0.0"/>
  <testcase name="TestALotOfAdding" classname="LocalCMCTests" time="0.0"/>
  <testcase name="TestALotOfAdding" classname="LocalCMCTests" time="0.001"/>
  <testcase name="TestALotOfAdding" classname="LocalCMCTests" time="0.0"/>
  <testcase name="TestALotOfAdding" classname="LocalCMCTests" time="0.001"/>
  <testcase name="TestALotOfAdding" classname="LocalCMCTests" time="0.0"/>
  <testcase name="TestALotOfAdding" classname="LocalCMCTests" time="0.002"/>
  <testcase name="TestALotOfAdding" classname="LocalCMCTests" time="0.0"/>
  <testcase name="TestALotOfAdding" classname="LocalCMCTests" time="0.0"/>
  <testcase name="TestALotOfAdding" classname="LocalCMCTests" time="0.0"/>
  <testcase name="TestALotOfAdding" classname="LocalCMCTests" time="0.0"/>
  <testcase name="TestALotOfAdding" classname="LocalCMCTests" time="0.001"/>
  <testcase name="TestALotOfAdding" classname="LocalCMCTests" time="0.001"/>
  <testcase name="TestALotOfAdding" classname="LocalCMCTests" time="0.001"/>
  <testcase name="TestALotOfAdding" classname="LocalCMCTests" time="0.0"/>
  <testcase name="TestALotOfAdding" classname="LocalCMCTests" time="0.0"/>
  <testcase name="TestALotOfAdding" classname="LocalCMCTests" time="0.001"/>
  <testcase name="TestALotOfAdding" classname="LocalCMCTests" time="0.001"/>
  <testcase name="TestALotOfAdding" classname="LocalCMCTests" time="0.0"/>
  <testcase name="TestALotOfAdding" classname="LocalCMCTests" time="0.001"/>
  <testcase name="TestALotOfAdding" classname="LocalCMCTests" time="0.0"/>
  <testcase name="TestALotOfAdding" classname="LocalCMCTests" time="0.0"/>
  <testcase name="TestALotOfAdding" classname="LocalCMCTests" time="0.001"/>
  <testcase name="TestALotOfAdding" classname="LocalCMCTests" time="0.001"/>
  <testcase name="TestALotOfAdding" classname="LocalCMCTests" time="0.002"/>
  <testcase name="TestALotOfAdding" classname="LocalCMCTests" time="0.001"/>
  <testcase name="TestALotOfAdding" classname="LocalCMCTests" time="0.0"/>
  <testcase name="TestALotOfAdding" classname="LocalCMCTests" time="0.001"/>
  <testcase name="TestALotOfAdding" classname="LocalCMCTests" time="0.0"/>
  <testcase name="TestALotOfAdding" classname="LocalCMCTests" time="0.001"/>
  <testcase name="TestALotOfAdding" classname="LocalCMCTests" time="0.0"/>
  <testcase name="TestALotOfAdding" classname="LocalCMCTests" time="0.0"/>
  <testcase name="TestALotOfAdding" classname="LocalCMCTests" time="0.0"/>
  <testcase name="TestALotOfAdding" classname="LocalCMCTests" time="0.001"/>
  <testcase name="TestALotOfAdding" classname="LocalCMCTests" time="0.0"/>
  <testcase name="TestALotOfAdding" classname="LocalCMCTests" time="0.001"/>
  <testcase name="TestALotOfAdding" classname="LocalCMCTests" time="0.001"/>
  <testcase name="TestALotOfAdding" classname="LocalCMCTests" time="0.001"/>
  <testcase name="TestALotOfAdding" classname="LocalCMCTests" time="0.003"/>
  <testcase name="TestALotOfAdding" classname="LocalCMCTests" time="0.0"/>
  <testcase name="TestALotOfAdding" classname="LocalCMCTests" time="0.0"/>
  <testcase name="TestALotOfAdding" classname="LocalCMCTests" time="0.0"/>
  <testcase name="TestALotOfAdding" classname="LocalCMCTests" time="0.001"/>
  <testcase name="TestALotOfAdding" classname="LocalCMCTests" time="0.001"/>
  <testcase name="TestALotOfAdding" classname="LocalCMCTests" time="0.001"/>
  <testcase name="TestALotOfAdding" classname="LocalCMCTests" time="0.001"/>
  <testcase name="TestALotOfAdding" classname="LocalCMCTests" time="0.0"/>
  <testcase name="TestALotOfAdding" classname="LocalCMCTests" time="0.0"/>
  <testcase name="TestALotOfAdding" classname="LocalCMCTests" time="0.001"/>
  <testcase name="TestALotOfAdding" classname="LocalCMCTests" time="0.0"/>
  <testcase name="TestALotOfAdding" classname="LocalCMCTests" time="0.0"/>
  <testcase name="TestALotOfAdding" classname="LocalCMCTests" time="0.0"/>
  <testcase name="TestALotOfAdding" classname="LocalCMCTests" time="0.001"/>
  <testcase name="TestALotOfAdding" classname="LocalCMCTests" time="0.001"/>
  <testcase name="TestALotOfAdding" classname="LocalCMCTests" time="0.001"/>
  <testcase name="TestALotOfAdding" classname="LocalCMCTests" time="0.001"/>
  <testcase name="TestALotOfAdding" classname="LocalCMCTests" time="0.001"/>
  <testcase name="TestALotOfAdding" classname="LocalCMCTests" time="0.002"/>
  <testcase name="TestALotOfAdding" classname="LocalCMCTests" time="0.001"/>
  <testcase name="TestALotOfAdding" classname="LocalCMCTests" time="0.001"/>
  <testcase name="TestALotOfAdding" classname="LocalCMCTests" time="0.001"/>
  <testcase name="TestALotOfAdding" classname="LocalCMCTests" time="0.0"/>
  <testcase name="TestALotOfAdding" classname="LocalCMCTests" time="0.002"/>
  <testcase name="TestALotOfAdding" classname="LocalCMCTests" time="0.001"/>
  <testcase name="TestALotOfAdding" classname="LocalCMCTests" time="0.0"/>
  <testcase name="TestALotOfAdding" classname="LocalCMCTests" time="0.0"/>
  <testcase name="TestALotOfAdding" classname="LocalCMCTests" time="0.0"/>
  <testcase name="TestALotOfAdding" classname="LocalCMCTests" time="0.001"/>
  <testcase name="TestALotOfAdding" classname="LocalCMCTests" time="0.0"/>
  <testcase name="TestALotOfAdding" classname="LocalCMCTests" time="0.0"/>
  <testcase name="TestALotOfAdding" classname="LocalCMCTests" time="0.0"/>
  <testcase name="TestALotOfAdding" classname="LocalCMCTests" time="0.0"/>
  <testcase name="TestALotOfAdding" classname="LocalCMCTests" time="0.001"/>
  <testcase name="TestALotOfAdding" classname="LocalCMCTests" time="0.001"/>
  <testcase name="TestALotOfAdding" classname="LocalCMCTests" time="0.001"/>
  <testcase name="TestALotOfAdding" classname="LocalCMCTests" time="0.001"/>
  <testcase name="TestALotOfAdding" classname="LocalCMCTests" time="0.0"/>
  <testcase name="TestALotOfAdding" classname="LocalCMCTests" time="0.0"/>
  <testcase name="TestALotOfAdding" classname="LocalCMCTests" time="0.001"/>
  <testcase name="TestALotOfAdding" classname="LocalCMCTests" time="0.0"/>
  <testcase name="TestALotOfAdding" classname="LocalCMCTests" time="0.0"/>
  <testcase name="TestALotOfAdding" classname="LocalCMCTests" time="0.0"/>
  <testcase name="TestALotOfAdding" classname="LocalCMCTests" time="0.001"/>
  <testcase name="TestALotOfAdding" classname="LocalCMCTests" time="0.002"/>
  <testcase name="TestALotOfAdding" classname="LocalCMCTests" time="0.001"/>
  <testcase name="TestALotOfAdding" classname="LocalCMCTests" time="0.001"/>
  <testcase name="TestALotOfAdding" classname="LocalCMCTests" time="0.0"/>
  <testcase name="TestALotOfAdding" classname="LocalCMCTests" time="0.0"/>
  <testcase name="TestALotOfAdding" classname="LocalCMCTests" time="0.001"/>
  <testcase name="TestALotOfAdding" classname="LocalCMCTests" time="0.001"/>
  <testcase name="TestALotOfAdding" classname="LocalCMCTests" time="0.001"/>
  <testcase name="TestALotOfAdding" classname="LocalCMCTests" time="0.002"/>
  <testcase name="TestALotOfAdding" classname="LocalCMCTests" time="0.0"/>
  <testcase name="TestALotOfAdding" classname="LocalCMCTests" time="0.0"/>
  <testcase name="TestALotOfAdding" classname="LocalCMCTests" time="0.0"/>
  <testcase name="TestALotOfAdding" classname="LocalCMCTests" time="0.0"/>
  <testcase name="TestALotOfAdding" classname="LocalCMCTests" time="0.001"/>
  <testcase name="TestALotOfAdding" classname="LocalCMCTests" time="0.001"/>
  <testcase name="TestALotOfAdding" classname="LocalCMCTests" time="0.001"/>
  <testcase name="TestALotOfAdding" classname="LocalCMCTests" time="0.001"/>
  <testcase name="TestALotOfAdding" classname="LocalCMCTests" time="0.0"/>
  <testcase name="TestALotOfAdding" classname="LocalCMCTests" time="0.0"/>
  <testcase name="TestALotOfAdding" classname="LocalCMCTests" time="0.0"/>
  <testcase name="TestALotOfAdding" classname="LocalCMCTests" time="0.001"/>
  <testcase name="TestALotOfAdding" classname="LocalCMCTests" time="0.001"/>
  <testcase name="TestALotOfAdding" classname="LocalCMCTests" time="0.001"/>
  <testcase name="TestALotOfAdding" classname="LocalCMCTests" time="0.0"/>
  <testcase name="TestALotOfAdding" classname="LocalCMCTests" time="0.0"/>
  <testcase name="TestALotOfAdding" classname="LocalCMCTests" time="0.002"/>
  <testcase name="TestALotOfAdding" classname="LocalCMCTests" time="0.001"/>
  <testcase name="TestALotOfAdding" classname="LocalCMCTests" time="0.0"/>
  <testcase name="TestALotOfAdding" classname="LocalCMCTests" time="0.001"/>
  <testcase name="TestALotOfAdding" classname="LocalCMCTests" time="0.001"/>
  <testcase name="TestALotOfAdding" classname="LocalCMCTests" time="0.002"/>
  <testcase name="TestALotOfAdding" classname="LocalCMCTests" time="0.001"/>
  <testcase name="TestALotOfAdding" classname="LocalCMCTests" time="0.001"/>
  <testcase name="TestALotOfAdding" classname="LocalCMCTests" time="0.0"/>
  <testcase name="TestALotOfAdding" classname="LocalCMCTests" time="0.0"/>
  <testcase name="TestALotOfAdding" classname="LocalCMCTests" time="0.0"/>
  <testcase name="TestALotOfAdding" classname="LocalCMCTests" time="0.0"/>
  <testcase name="TestALotOfAdding" classname="LocalCMCTests" time="0.001"/>
  <testcase name="TestALotOfAdding" classname="LocalCMCTests" time="0.0"/>
  <testcase name="TestALotOfAdding" classname="LocalCMCTests" time="0.0"/>
  <testcase name="TestALotOfAdding" classname="LocalCMCTests" time="0.001"/>
  <testcase name="TestALotOfAdding" classname="LocalCMCTests" time="0.001"/>
  <testcase name="TestALotOfAdding" classname="LocalCMCTests" time="0.0"/>
  <testcase name="TestALotOfAdding" classname="LocalCMCTests" time="0.001"/>
  <testcase name="TestALotOfAdding" classname="LocalCMCTests" time="0.0"/>
  <testcase name="TestALotOfAdding" classname="LocalCMCTests" time="0.001"/>
  <testcase name="TestALotOfAdding" classname="LocalCMCTests" time="0.001"/>
  <testcase name="TestALotOfAdding" classname="LocalCMCTests" time="0.0"/>
  <testcase name="TestALotOfAdding" classname="LocalCMCTests" time="0.0"/>
  <testcase name="TestALotOfAdding" classname="LocalCMCTests" time="0.001"/>
  <testcase name="TestALotOfAdding" classname="LocalCMCTests" time="0.0"/>
  <testcase name="TestALotOfAdding" classname="LocalCMCTests" time="0.0"/>
  <testcase name="TestALotOfAdding" classname="LocalCMCTests" time="0.002"/>
  <testcase name="TestALotOfAdding" classname="LocalCMCTests" time="0.002"/>
  <testcase name="TestALotOfAdding" classname="LocalCMCTests" time="0.0"/>
  <testcase name="TestALotOfAdding" classname="LocalCMCTests" time="0.001"/>
  <testcase name="TestALotOfAdding" classname="LocalCMCTests" time="0.0"/>
  <testcase name="TestALotOfAdding" classname="LocalCMCTests" time="0.0"/>
  <testcase name="TestALotOfAdding" classname="LocalCMCTests" time="0.0"/>
  <testcase name="TestALotOfAdding" classname="LocalCMCTests" time="0.002"/>
  <testcase name="TestALotOfAdding" classname="LocalCMCTests" time="0.001"/>
  <testcase name="TestALotOfAdding" classname="LocalCMCTests" time="0.0"/>
  <testcase name="TestALotOfAdding" classname="LocalCMCTests" time="0.0"/>
  <testcase name="TestALotOfAdding" classname="LocalCMCTests" time="0.001"/>
  <testcase name="TestALotOfAdding" classname="LocalCMCTests" time="0.0"/>
  <testcase name="TestALotOfAdding" classname="LocalCMCTests" time="0.001"/>
  <testcase name="TestALotOfAdding" classname="LocalCMCTests" time="0.0"/>
  <testcase name="TestALotOfAdding" classname="LocalCMCTests" time="0.001"/>
  <testcase name="TestALotOfAdding" classname="LocalCMCTests" time="0.001"/>
  <testcase name="TestALotOfAdding" classname="LocalCMCTests" time="0.001"/>
  <testcase name="TestALotOfAdding" classname="LocalCMCTests" time="0.001"/>
  <testcase name="TestALotOfAdding" classname="LocalCMCTests" time="0.002"/>
  <testcase name="TestALotOfAdding" classname="LocalCMCTests" time="0.002"/>
  <testcase name="TestALotOfAdding" classname="LocalCMCTests" time="0.001"/>
  <testcase name="TestALotOfAdding" classname="LocalCMCTests" time="0.0"/>
  <testcase name="TestALotOfAdding" classname="LocalCMCTests" time="0.001"/>
  <testcase name="TestALotOfAdding" classname="LocalCMCTests" time="0.0"/>
  <testcase name="TestALotOfAdding" classname="LocalCMCTests" time="0.0"/>
  <testcase name="TestALotOfAdding" classname="LocalCMCTests" time="0.0"/>
  <testcase name="TestALotOfAdding" classname="LocalCMCTests" time="0.0"/>
  <testcase name="TestALotOfAdding" classname="LocalCMCTests" time="0.0"/>
  <testcase name="TestALotOfAdding" classname="LocalCMCTests" time="0.0"/>
  <testcase name="TestALotOfAdding" classname="LocalCMCTests" time="0.0"/>
  <testcase name="TestALotOfAdding" classname="LocalCMCTests" time="0.001"/>
  <testcase name="TestALotOfAdding" classname="LocalCMCTests" time="0.0"/>
  <testcase name="TestALotOfAdding" classname="LocalCMCTests" time="0.0"/>
  <testcase name="TestALotOfAdding" classname="LocalCMCTests" time="0.001"/>
  <testcase name="TestALotOfAdding" classname="LocalCMCTests" time="0.001"/>
  <testcase name="TestALotOfAdding" classname="LocalCMCTests" time="0.001"/>
  <testcase name="TestALotOfAdding" classname="LocalCMCTests" time="0.001"/>
  <testcase name="TestALotOfAdding" classname="LocalCMCTests" time="0.0"/>
  <testcase name="TestALotOfAdding" classname="LocalCMCTests" time="0.001"/>
  <testcase name="TestALotOfAdding" classname="LocalCMCTests" time="0.0"/>
  <testcase name="TestALotOfAdding" classname="LocalCMCTests" time="0.001"/>
  <testcase name="TestALotOfAdding" classname="LocalCMCTests" time="0.0"/>
  <testcase name="TestALotOfAdding" classname="LocalCMCTests" time="0.001"/>
  <testcase name="TestALotOfAdding" classname="LocalCMCTests" time="0.001"/>
  <testcase name="TestALotOfAdding" classname="LocalCMCTests" time="0.003"/>
  <testcase name="TestALotOfAdding" classname="LocalCMCTests" time="0.003"/>
  <testcase name="TestALotOfAdding" classname="LocalCMCTests" time="0.001"/>
  <testcase name="TestALotOfAdding" classname="LocalCMCTests" time="0.0"/>
  <testcase name="TestALotOfAdding" classname="LocalCMCTests" time="0.001"/>
  <testcase name="TestALotOfAdding" classname="LocalCMCTests" time="0.001"/>
  <testcase name="TestALotOfAdding" classname="LocalCMCTests" time="0.001"/>
  <testcase name="TestALotOfAdding" classname="LocalCMCTests" time="0.002"/>
  <testcase name="TestALotOfAdding" classname="LocalCMCTests" time="0.0"/>
  <testcase name="TestALotOfAdding" classname="LocalCMCTests" time="0.0"/>
  <testcase name="TestALotOfAdding" classname="LocalCMCTests" time="0.0"/>
  <testcase name="TestALotOfAdding" classname="LocalCMCTests" time="0.0"/>
  <testcase name="TestALotOfAdding" classname="LocalCMCTests" time="0.0"/>
  <testcase name="TestALotOfAdding" classname="LocalCMCTests" time="0.001"/>
  <testcase name="TestALotOfAdding" classname="LocalCMCTests" time="0.001"/>
  <testcase name="TestALotOfAdding" classname="LocalCMCTests" time="0.001"/>
  <testcase name="TestALotOfAdding" classname="LocalCMCTests" time="0.001"/>
  <testcase name="TestALotOfAdding" classname="LocalCMCTests" time="0.002"/>
  <testcase name="TestALotOfAdding" classname="LocalCMCTests" time="0.001"/>
  <testcase name="TestALotOfAdding" classname="LocalCMCTests" time="0.001"/>
  <testcase name="TestALotOfAdding" classname="LocalCMCTests" time="0.0"/>
  <testcase name="TestALotOfAdding" classname="LocalCMCTests" time="0.0"/>
  <testcase name="TestALotOfAdding" classname="LocalCMCTests" time="0.0"/>
  <testcase name="TestALotOfAdding" classname="LocalCMCTests" time="0.0"/>
  <testcase name="TestALotOfAdding" classname="LocalCMCTests" time="0.001"/>
  <testcase name="TestALotOfAdding" classname="LocalCMCTests" time="0.0"/>
  <testcase name="TestALotOfAdding" classname="LocalCMCTests" time="0.001"/>
  <testcase name="TestALotOfAdding" classname="LocalCMCTests" time="0.001"/>
  <testcase name="TestALotOfAdding" classname="LocalCMCTests" time="0.0"/>
  <testcase name="TestALotOfAdding" classname="LocalCMCTests" time="0.0"/>
  <testcase name="TestALotOfAdding" classname="LocalCMCTests" time="0.001"/>
  <testcase name="TestALotOfAdding" classname="LocalCMCTests" time="0.001"/>
  <testcase name="TestALotOfAdding" classname="LocalCMCTests" time="0.0"/>
  <testcase name="TestALotOfAdding" classname="LocalCMCTests" time="0.001"/>
  <testcase name="TestALotOfAdding" classname="LocalCMCTests" time="0.0"/>
  <testcase name="TestALotOfAdding" classname="LocalCMCTests" time="0.001"/>
  <testcase name="TestALotOfAdding" classname="LocalCMCTests" time="0.001"/>
  <testcase name="TestALotOfAdding" classname="LocalCMCTests" time="0.0"/>
  <testcase name="TestALotOfAdding" classname="LocalCMCTests" time="0.001"/>
  <testcase name="TestALotOfAdding" classname="LocalCMCTests" time="0.001"/>
  <testcase name="TestALotOfAdding" classname="LocalCMCTests" time="0.001"/>
  <testcase name="TestALotOfAdding" classname="LocalCMCTests" time="0.0"/>
  <testcase name="TestALotOfAdding" classname="LocalCMCTests" time="0.001"/>
  <testcase name="TestALotOfAdding" classname="LocalCMCTests" time="0.0"/>
  <testcase name="TestALotOfAdding" classname="LocalCMCTests" time="0.0"/>
  <testcase name="TestALotOfAdding" classname="LocalCMCTests" time="0.0"/>
  <testcase name="TestALotOfAdding" classname="LocalCMCTests" time="0.0"/>
  <testcase name="TestALotOfAdding" classname="LocalCMCTests" time="0.0"/>
  <testcase name="TestALotOfAdding" classname="LocalCMCTests" time="0.001"/>
  <testcase name="TestALotOfAdding" classname="LocalCMCTests" time="0.0"/>
  <testcase name="TestALotOfAdding" classname="LocalCMCTests" time="0.001"/>
  <testcase name="TestALotOfAdding" classname="LocalCMCTests" time="0.001"/>
  <testcase name="TestALotOfAdding" classname="LocalCMCTests" time="0.0"/>
  <testcase name="TestALotOfAdding" classname="LocalCMCTests" time="0.002"/>
  <testcase name="TestALotOfAdding" classname="LocalCMCTests" time="0.0"/>
  <testcase name="TestALotOfAdding" classname="LocalCMCTests" time="0.0"/>
  <testcase name="TestALotOfAdding" classname="LocalCMCTests" time="0.0"/>
  <testcase name="TestALotOfAdding" classname="LocalCMCTests" time="0.0"/>
  <testcase name="TestALotOfAdding" classname="LocalCMCTests" time="0.001"/>
  <testcase name="TestALotOfAdding" classname="LocalCMCTests" time="0.0"/>
  <testcase name="TestALotOfAdding" classname="LocalCMCTests" time="0.001"/>
  <testcase name="TestALotOfAdding" classname="LocalCMCTests" time="0.001"/>
  <testcase name="TestALotOfAdding" classname="LocalCMCTests" time="0.002"/>
  <testcase name="TestALotOfAdding" classname="LocalCMCTests" time="0.0"/>
  <testcase name="TestALotOfAdding" classname="LocalCMCTests" time="0.001"/>
  <testcase name="TestALotOfAdding" classname="LocalCMCTests" time="0.001"/>
  <testcase name="TestALotOfAdding" classname="LocalCMCTests" time="0.0"/>
  <testcase name="TestALotOfAdding" classname="LocalCMCTests" time="0.001"/>
  <testcase name="TestALotOfAdding" classname="LocalCMCTests" time="0.001"/>
  <testcase name="TestALotOfAdding" classname="LocalCMCTests" time="0.001"/>
  <testcase name="TestALotOfAdding" classname="LocalCMCTests" time="0.0"/>
  <testcase name="TestALotOfAdding" classname="LocalCMCTests" time="0.0"/>
  <testcase name="TestALotOfAdding" classname="LocalCMCTests" time="0.0"/>
  <testcase name="TestALotOfAdding" classname="LocalCMCTests" time="0.0"/>
  <testcase name="TestALotOfAdding" classname="LocalCMCTests" time="0.0"/>
  <testcase name="TestALotOfAdding" classname="LocalCMCTests" time="0.002"/>
  <testcase name="TestALotOfAdding" classname="LocalCMCTests" time="0.002"/>
  <testcase name="TestALotOfAdding" classname="LocalCMCTests" time="0.0"/>
  <testcase name="TestALotOfAdding" classname="LocalCMCTests" time="0.001"/>
  <testcase name="TestALotOfAdding" classname="LocalCMCTests" time="0.0"/>
  <testcase name="TestALotOfAdding" classname="LocalCMCTests" time="0.001"/>
  <testcase name="TestALotOfAdding" classname="LocalCMCTests" time="0.001"/>
  <testcase name="TestALotOfAdding" classname="LocalCMCTests" time="0.0"/>
  <testcase name="TestALotOfAdding" classname="LocalCMCTests" time="0.001"/>
  <testcase name="TestALotOfAdding" classname="LocalCMCTests" time="0.001"/>
  <testcase name="TestALotOfAdding" classname="LocalCMCTests" time="0.003"/>
  <testcase name="TestALotOfAdding" classname="LocalCMCTests" time="0.0"/>
  <testcase name="TestALotOfAdding" classname="LocalCMCTests" time="0.001"/>
  <testcase name="TestALotOfAdding" classname="LocalCMCTests" time="0.0"/>
  <testcase name="TestALotOfAdding" classname="LocalCMCTests" time="0.001"/>
  <testcase name="TestALotOfAdding" classname="LocalCMCTests" time="0.0"/>
  <testcase name="TestALotOfAdding" classname="LocalCMCTests" time="0.0"/>
  <testcase name="TestALotOfAdding" classname="LocalCMCTests" time="0.0"/>
  <testcase name="TestALotOfAdding" classname="LocalCMCTests" time="0.0"/>
  <testcase name="TestALotOfAdding" classname="LocalCMCTests" time="0.001"/>
  <testcase name="TestALotOfAdding" classname="LocalCMCTests" time="0.001"/>
  <testcase name="TestALotOfAdding" classname="LocalCMCTests" time="0.001"/>
  <testcase name="TestALotOfAdding" classname="LocalCMCTests" time="0.001"/>
  <testcase name="TestALotOfAdding" classname="LocalCMCTests" time="0.001"/>
  <testcase name="TestALotOfAdding" classname="LocalCMCTests" time="0.0"/>
  <testcase name="TestALotOfAdding" classname="LocalCMCTests" time="0.0"/>
  <testcase name="TestALotOfAdding" classname="LocalCMCTests" time="0.001"/>
  <testcase name="TestALotOfAdding" classname="LocalCMCTests" time="0.0"/>
  <testcase name="TestALotOfAdding" classname="LocalCMCTests" time="0.001"/>
  <testcase name="TestALotOfAdding" classname="LocalCMCTests" time="0.0"/>
  <testcase name="TestALotOfAdding" classname="LocalCMCTests" time="0.0"/>
  <testcase name="TestALotOfAdding" classname="LocalCMCTests" time="0.0"/>
  <testcase name="TestALotOfAdding" classname="LocalCMCTests" time="0.001"/>
  <testcase name="TestALotOfAdding" classname="LocalCMCTests" time="0.0"/>
  <testcase name="TestALotOfAdding" classname="LocalCMCTests" time="0.002"/>
  <testcase name="TestALotOfAdding" classname="LocalCMCTests" time="0.002"/>
  <testcase name="TestALotOfAdding" classname="LocalCMCTests" time="0.0"/>
  <testcase name="TestALotOfAdding" classname="LocalCMCTests" time="0.001"/>
  <testcase name="TestALotOfAdding" classname="LocalCMCTests" time="0.001"/>
  <testcase name="TestALotOfAdding" classname="LocalCMCTests" time="0.0"/>
  <testcase name="TestALotOfAdding" classname="LocalCMCTests" time="0.001"/>
  <testcase name="TestALotOfAdding" classname="LocalCMCTests" time="0.0"/>
  <testcase name="TestALotOfAdding" classname="LocalCMCTests" time="0.001"/>
  <testcase name="TestALotOfAdding" classname="LocalCMCTests" time="0.001"/>
  <testcase name="TestALotOfAdding" classname="LocalCMCTests" time="0.0"/>
  <testcase name="TestALotOfAdding" classname="LocalCMCTests" time="0.001"/>
  <testcase name="TestALotOfAdding" classname="LocalCMCTests" time="0.0"/>
  <testcase name="TestALotOfAdding" classname="LocalCMCTests" time="0.001"/>
  <testcase name="TestALotOfAdding" classname="LocalCMCTests" time="0.0"/>
  <testcase name="TestALotOfAdding" classname="LocalCMCTests" time="0.001"/>
  <testcase name="TestALotOfAdding" classname="LocalCMCTests" time="0.002"/>
  <testcase name="TestALotOfAdding" classname="LocalCMCTests" time="0.001"/>
  <testcase name="TestALotOfAdding" classname="LocalCMCTests" time="0.001"/>
  <testcase name="TestALotOfAdding" classname="LocalCMCTests" time="0.0"/>
  <testcase name="TestALotOfAdding" classname="LocalCMCTests" time="0.001"/>
  <testcase name="TestALotOfAdding" classname="LocalCMCTests" time="0.0"/>
  <testcase name="TestALotOfAdding" classname="LocalCMCTests" time="0.0"/>
  <testcase name="TestALotOfAdding" classname="LocalCMCTests" time="0.0"/>
  <testcase name="TestALotOfAdding" classname="LocalCMCTests" time="0.0"/>
  <testcase name="TestALotOfAdding" classname="LocalCMCTests" time="0.001"/>
  <testcase name="TestALotOfAdding" classname="LocalCMCTests" time="0.001"/>
  <testcase name="TestALotOfAdding" classname="LocalCMCTests" time="0.001"/>
  <testcase name="TestALotOfAdding" classname="LocalCMCTests" time="0.0"/>
  <testcase name="TestALotOfAdding" classname="LocalCMCTests" time="0.0"/>
  <testcase name="TestALotOfAdding" classname="LocalCMCTests" time="0.0"/>
  <testcase name="TestALotOfAdding" classname="LocalCMCTests" time="0.0"/>
  <testcase name="TestALotOfAdding" classname="LocalCMCTests" time="0.001"/>
  <testcase name="TestALotOfAdding" classname="LocalCMCTests" time="0.001"/>
  <testcase name="TestALotOfAdding" classname="LocalCMCTests" time="0.001"/>
  <testcase name="TestALotOfAdding" classname="LocalCMCTests" time="0.0"/>
  <testcase name="TestALotOfAdding" classname="LocalCMCTests" time="0.0"/>
  <testcase name="TestALotOfAdding" classname="LocalCMCTests" time="0.001"/>
  <testcase name="TestALotOfAdding" classname="LocalCMCTests" time="0.0"/>
  <testcase name="TestALotOfAdding" classname="LocalCMCTests" time="0.0"/>
  <testcase name="TestALotOfAdding" classname="LocalCMCTests" time="0.001"/>
  <testcase name="TestALotOfAdding" classname="LocalCMCTests" time="0.001"/>
  <testcase name="TestALotOfAdding" classname="LocalCMCTests" time="0.002"/>
  <testcase name="TestALotOfAdding" classname="LocalCMCTests" time="0.0"/>
  <testcase name="TestALotOfAdding" classname="LocalCMCTests" time="0.001"/>
  <testcase name="TestALotOfAdding" classname="LocalCMCTests" time="0.0"/>
  <testcase name="TestALotOfAdding" classname="LocalCMCTests" time="0.0"/>
  <testcase name="TestALotOfAdding" classname="LocalCMCTests" time="0.001"/>
  <testcase name="TestALotOfAdding" classname="LocalCMCTests" time="0.0"/>
  <testcase name="TestALotOfAdding" classname="LocalCMCTests" time="0.001"/>
  <testcase name="TestALotOfAdding" classname="LocalCMCTests" time="0.0"/>
  <testcase name="TestALotOfAdding" classname="LocalCMCTests" time="0.001"/>
  <testcase name="TestALotOfAdding" classname="LocalCMCTests" time="0.0"/>
  <testcase name="TestALotOfAdding" classname="LocalCMCTests" time="0.0"/>
  <testcase name="TestALotOfAdding" classname="LocalCMCTests" time="0.001"/>
  <testcase name="TestALotOfAdding" classname="LocalCMCTests" time="0.0"/>
  <testcase name="TestALotOfAdding" classname="LocalCMCTests" time="0.0"/>
  <testcase name="TestALotOfAdding" classname="LocalCMCTests" time="0.001"/>
  <testcase name="TestALotOfAdding" classname="LocalCMCTests" time="0.001"/>
  <testcase name="TestALotOfAdding" classname="LocalCMCTests" time="0.001"/>
  <testcase name="TestALotOfAdding" classname="LocalCMCTests" time="0.0"/>
  <testcase name="TestALotOfAdding" classname="LocalCMCTests" time="0.001"/>
  <testcase name="TestALotOfAdding" classname="LocalCMCTests" time="0.001"/>
  <testcase name="TestALotOfAdding" classname="LocalCMCTests" time="0.0"/>
  <testcase name="TestALotOfAdding" classname="LocalCMCTests" time="0.001"/>
  <testcase name="TestALotOfAdding" classname="LocalCMCTests" time="0.001"/>
  <testcase name="TestALotOfAdding" classname="LocalCMCTests" time="0.001"/>
  <testcase name="TestALotOfAdding" classname="LocalCMCTests" time="0.001"/>
  <testcase name="TestALotOfAdding" classname="LocalCMCTests" time="0.001"/>
  <testcase name="TestALotOfAdding" classname="LocalCMCTests" time="0.003"/>
  <testcase name="TestALotOfAdding" classname="LocalCMCTests" time="0.0"/>
  <testcase name="TestALotOfAdding" classname="LocalCMCTests" time="0.0"/>
  <testcase name="TestALotOfAdding" classname="LocalCMCTests" time="0.0"/>
  <testcase name="TestALotOfAdding" classname="LocalCMCTests" time="0.001"/>
  <testcase name="TestALotOfAdding" classname="LocalCMCTests" time="0.0"/>
  <testcase name="TestALotOfAdding" classname="LocalCMCTests" time="0.0"/>
  <testcase name="TestALotOfAdding" classname="LocalCMCTests" time="0.001"/>
  <testcase name="TestALotOfAdding" classname="LocalCMCTests" time="0.001"/>
  <testcase name="TestALotOfAdding" classname="LocalCMCTests" time="0.001"/>
  <testcase name="TestALotOfAdding" classname="LocalCMCTests" time="0.001"/>
  <testcase name="TestALotOfAdding" classname="LocalCMCTests" time="0.001"/>
  <testcase name="TestALotOfAdding" classname="LocalCMCTests" time="0.001"/>
  <testcase name="TestALotOfAdding" classname="LocalCMCTests" time="0.001"/>
  <testcase name="TestALotOfAdding" classname="LocalCMCTests" time="0.0"/>
  <testcase name="TestALotOfAdding" classname="LocalCMCTests" time="0.001"/>
  <testcase name="TestALotOfAdding" classname="LocalCMCTests" time="0.0"/>
  <testcase name="TestALotOfAdding" classname="LocalCMCTests" time="0.0"/>
  <testcase name="TestALotOfAdding" classname="LocalCMCTests" time="0.0"/>
  <testcase name="TestALotOfAdding" classname="LocalCMCTests" time="0.001"/>
  <testcase name="TestALotOfAdding" classname="LocalCMCTests" time="0.0"/>
  <testcase name="TestALotOfAdding" classname="LocalCMCTests" time="0.001"/>
  <testcase name="TestALotOfAdding" classname="LocalCMCTests" time="0.001"/>
  <testcase name="TestALotOfAdding" classname="LocalCMCTests" time="0.001"/>
  <testcase name="TestALotOfAdding" classname="LocalCMCTests" time="0.0"/>
  <testcase name="TestALotOfAdding" classname="LocalCMCTests" time="0.0"/>
  <testcase name="TestALotOfAdding" classname="LocalCMCTests" time="0.0"/>
  <testcase name="TestALotOfAdding" classname="LocalCMCTests" time="0.001"/>
  <testcase name="TestALotOfAdding" classname="LocalCMCTests" time="0.002"/>
  <testcase name="TestALotOfAdding" classname="LocalCMCTests" time="0.001"/>
  <testcase name="TestALotOfAdding" classname="LocalCMCTests" time="0.001"/>
  <testcase name="TestALotOfAdding" classname="LocalCMCTests" time="0.0"/>
  <testcase name="TestALotOfAdding" classname="LocalCMCTests" time="0.001"/>
  <testcase name="TestALotOfAdding" classname="LocalCMCTests" time="0.001"/>
  <testcase name="TestALotOfAdding" classname="LocalCMCTests" time="0.0"/>
  <testcase name="TestALotOfAdding" classname="LocalCMCTests" time="0.0"/>
  <testcase name="TestALotOfAdding" classname="LocalCMCTests" time="0.001"/>
  <testcase name="TestALotOfAdding" classname="LocalCMCTests" time="0.0"/>
  <testcase name="TestALotOfAdding" classname="LocalCMCTests" time="0.001"/>
  <testcase name="TestALotOfAdding" classname="LocalCMCTests" time="0.0"/>
  <testcase name="TestALotOfAdding" classname="LocalCMCTests" time="0.001"/>
  <testcase name="TestALotOfAdding" classname="LocalCMCTests" time="0.001"/>
  <testcase name="TestALotOfAdding" classname="LocalCMCTests" time="0.001"/>
  <testcase name="TestALotOfAdding" classname="LocalCMCTests" time="0.001"/>
  <testcase name="TestALotOfAdding" classname="LocalCMCTests" time="0.001"/>
  <testcase name="TestALotOfAdding" classname="LocalCMCTests" time="0.001"/>
  <testcase name="TestALotOfAdding" classname="LocalCMCTests" time="0.0"/>
  <testcase name="TestALotOfAdding" classname="LocalCMCTests" time="0.0"/>
  <testcase name="TestALotOfAdding" classname="LocalCMCTests" time="0.0"/>
  <testcase name="TestALotOfAdding" classname="LocalCMCTests" time="0.001"/>
  <testcase name="TestALotOfAdding" classname="LocalCMCTests" time="0.0"/>
  <testcase name="TestALotOfAdding" classname="LocalCMCTests" time="0.0"/>
  <testcase name="TestALotOfAdding" classname="LocalCMCTests" time="0.001"/>
  <testcase name="TestALotOfAdding" classname="LocalCMCTests" time="0.001"/>
  <testcase name="TestALotOfAdding" classname="LocalCMCTests" time="0.001"/>
  <testcase name="TestALotOfAdding" classname="LocalCMCTests" time="0.0"/>
  <testcase name="TestALotOfAdding" classname="LocalCMCTests" time="0.002"/>
  <testcase name="TestALotOfAdding" classname="LocalCMCTests" time="0.001"/>
  <testcase name="TestALotOfAdding" classname="LocalCMCTests" time="0.001"/>
  <testcase name="TestALotOfAdding" classname="LocalCMCTests" time="0.0"/>
  <testcase name="TestALotOfAdding" classname="LocalCMCTests" time="0.001"/>
  <testcase name="TestALotOfAdding" classname="LocalCMCTests" time="0.001"/>
  <testcase name="TestALotOfAdding" classname="LocalCMCTests" time="0.001"/>
  <testcase name="TestALotOfAdding" classname="LocalCMCTests" time="0.0"/>
  <testcase name="TestALotOfAdding" classname="LocalCMCTests" time="0.001"/>
  <testcase name="TestALotOfAdding" classname="LocalCMCTests" time="0.001"/>
  <testcase name="TestALotOfAdding" classname="LocalCMCTests" time="0.0"/>
  <testcase name="TestALotOfAdding" classname="LocalCMCTests" time="0.0"/>
  <testcase name="TestALotOfAdding" classname="LocalCMCTests" time="0.0"/>
  <testcase name="TestALotOfAdding" classname="LocalCMCTests" time="0.0"/>
  <testcase name="TestALotOfAdding" classname="LocalCMCTests" time="0.0"/>
  <testcase name="TestALotOfAdding" classname="LocalCMCTests" time="0.0"/>
  <testcase name="TestALotOfAdding" classname="LocalCMCTests" time="0.0"/>
  <testcase name="TestALotOfAdding" classname="LocalCMCTests" time="0.0"/>
  <testcase name="TestALotOfAdding" classname="LocalCMCTests" time="0.0"/>
  <testcase name="TestALotOfAdding" classname="LocalCMCTests" time="0.002"/>
  <testcase name="TestALotOfAdding" classname="LocalCMCTests" time="0.001"/>
  <testcase name="TestALotOfAdding" classname="LocalCMCTests" time="0.0"/>
  <testcase name="TestALotOfAdding" classname="LocalCMCTests" time="0.001"/>
  <testcase name="TestALotOfAdding" classname="LocalCMCTests" time="0.0"/>
  <testcase name="TestALotOfAdding" classname="LocalCMCTests" time="0.001"/>
  <testcase name="TestALotOfAdding" classname="LocalCMCTests" time="0.001"/>
  <testcase name="TestALotOfAdding" classname="LocalCMCTests" time="0.001"/>
  <testcase name="TestALotOfAdding" classname="LocalCMCTests" time="0.0"/>
  <testcase name="TestALotOfAdding" classname="LocalCMCTests" time="0.001"/>
  <testcase name="TestALotOfAdding" classname="LocalCMCTests" time="0.0"/>
  <testcase name="TestALotOfAdding" classname="LocalCMCTests" time="0.0"/>
  <testcase name="TestALotOfAdding" classname="LocalCMCTests" time="0.001"/>
  <testcase name="TestALotOfAdding" classname="LocalCMCTests" time="0.001"/>
  <testcase name="TestALotOfAdding" classname="LocalCMCTests" time="0.0"/>
  <testcase name="TestALotOfAdding" classname="LocalCMCTests" time="0.001"/>
  <testcase name="TestALotOfAdding" classname="LocalCMCTests" time="0.001"/>
  <testcase name="TestALotOfAdding" classname="LocalCMCTests" time="0.001"/>
  <testcase name="TestALotOfAdding" classname="LocalCMCTests" time="0.002"/>
  <testcase name="TestALotOfAdding" classname="LocalCMCTests" time="0.001"/>
  <testcase name="TestALotOfAdding" classname="LocalCMCTests" time="0.0"/>
  <testcase name="TestALotOfAdding" classname="LocalCMCTests" time="0.001"/>
  <testcase name="TestALotOfAdding" classname="LocalCMCTests" time="0.0"/>
  <testcase name="TestALotOfAdding" classname="LocalCMCTests" time="0.0"/>
  <testcase name="TestALotOfAdding" classname="LocalCMCTests" time="0.0"/>
  <testcase name="TestALotOfAdding" classname="LocalCMCTests" time="0.0"/>
  <testcase name="TestALotOfAdding" classname="LocalCMCTests" time="0.001"/>
  <testcase name="TestALotOfAdding" classname="LocalCMCTests" time="0.0"/>
  <testcase name="TestALotOfAdding" classname="LocalCMCTests" time="0.0"/>
  <testcase name="TestALotOfAdding" classname="LocalCMCTests" time="0.001"/>
  <testcase name="TestALotOfAdding" classname="LocalCMCTests" time="0.0"/>
  <testcase name="TestALotOfAdding" classname="LocalCMCTests" time="0.002"/>
  <testcase name="TestALotOfAdding" classname="LocalCMCTests" time="0.002"/>
  <testcase name="TestALotOfAdding" classname="LocalCMCTests" time="0.001"/>
  <testcase name="TestALotOfAdding" classname="LocalCMCTests" time="0.001"/>
  <testcase name="TestALotOfAdding" classname="LocalCMCTests" time="0.001"/>
  <testcase name="TestALotOfAdding" classname="LocalCMCTests" time="0.001"/>
  <testcase name="TestALotOfAdding" classname="LocalCMCTests" time="0.001"/>
  <testcase name="TestALotOfAdding" classname="LocalCMCTests" time="0.001"/>
  <testcase name="TestALotOfAdding" classname="LocalCMCTests" time="0.001"/>
  <testcase name="TestALotOfAdding" classname="LocalCMCTests" time="0.0"/>
  <testcase name="TestALotOfAdding" classname="LocalCMCTests" time="0.001"/>
  <testcase name="TestALotOfAdding" classname="LocalCMCTests" time="0.0"/>
  <testcase name="TestALotOfAdding" classname="LocalCMCTests" time="0.0"/>
  <testcase name="TestALotOfAdding" classname="LocalCMCTests" time="0.0"/>
  <testcase name="TestALotOfAdding" classname="LocalCMCTests" time="0.0"/>
  <testcase name="TestALotOfAdding" classname="LocalCMCTests" time="0.001"/>
  <testcase name="TestALotOfAdding" classname="LocalCMCTests" time="0.001"/>
  <testcase name="TestALotOfAdding" classname="LocalCMCTests" time="0.0"/>
  <testcase name="TestALotOfAdding" classname="LocalCMCTests" time="0.001"/>
  <testcase name="TestALotOfAdding" classname="LocalCMCTests" time="0.0"/>
  <testcase name="TestALotOfAdding" classname="LocalCMCTests" time="0.0"/>
  <testcase name="TestALotOfAdding" classname="LocalCMCTests" time="0.001"/>
  <testcase name="TestALotOfAdding" classname="LocalCMCTests" time="0.001"/>
  <testcase name="TestALotOfAdding" classname="LocalCMCTests" time="0.001"/>
  <testcase name="TestALotOfAdding" classname="LocalCMCTests" time="0.001"/>
  <testcase name="TestALotOfAdding" classname="LocalCMCTests" time="0.001"/>
  <testcase name="TestALotOfAdding" classname="LocalCMCTests" time="0.0"/>
  <testcase name="TestALotOfAdding" classname="LocalCMCTests" time="0.001"/>
  <testcase name="TestALotOfAdding" classname="LocalCMCTests" time="0.0"/>
  <testcase name="TestALotOfAdding" classname="LocalCMCTests" time="0.001"/>
  <testcase name="TestALotOfAdding" classname="LocalCMCTests" time="0.001"/>
  <testcase name="TestALotOfAdding" classname="LocalCMCTests" time="0.002"/>
  <testcase name="TestALotOfAdding" classname="LocalCMCTests" time="0.0"/>
  <testcase name="TestALotOfAdding" classname="LocalCMCTests" time="0.001"/>
  <testcase name="TestALotOfAdding" classname="LocalCMCTests" time="0.0"/>
  <testcase name="TestALotOfAdding" classname="LocalCMCTests" time="0.0"/>
  <testcase name="TestALotOfAdding" classname="LocalCMCTests" time="0.001"/>
  <testcase name="TestALotOfAdding" classname="LocalCMCTests" time="0.0"/>
  <testcase name="TestALotOfAdding" classname="LocalCMCTests" time="0.001"/>
  <testcase name="TestALotOfAdding" classname="LocalCMCTests" time="0.001"/>
  <testcase name="TestALotOfAdding" classname="LocalCMCTests" time="0.0"/>
  <testcase name="TestALotOfAdding" classname="LocalCMCTests" time="0.0"/>
  <testcase name="TestALotOfAdding" classname="LocalCMCTests" time="0.0"/>
  <testcase name="TestALotOfAdding" classname="LocalCMCTests" time="0.001"/>
  <testcase name="TestALotOfAdding" classname="LocalCMCTests" time="0.0"/>
  <testcase name="TestALotOfAdding" classname="LocalCMCTests" time="0.0"/>
  <testcase name="TestALotOfAdding" classname="LocalCMCTests" time="0.001"/>
  <testcase name="TestALotOfAdding" classname="LocalCMCTests" time="0.0"/>
  <testcase name="TestALotOfAdding" classname="LocalCMCTests" time="0.0"/>
  <testcase name="TestALotOfAdding" classname="LocalCMCTests" time="0.0"/>
  <testcase name="TestALotOfAdding" classname="LocalCMCTests" time="0.0"/>
  <testcase name="TestALotOfAdding" classname="LocalCMCTests" time="0.001"/>
  <testcase name="TestALotOfAdding" classname="LocalCMCTests" time="0.001"/>
  <testcase name="TestALotOfAdding" classname="LocalCMCTests" time="0.001"/>
  <testcase name="TestALotOfAdding" classname="LocalCMCTests" time="0.001"/>
  <testcase name="TestALotOfAdding" classname="LocalCMCTests" time="0.001"/>
  <testcase name="TestALotOfAdding" classname="LocalCMCTests" time="0.001"/>
  <testcase name="TestALotOfAdding" classname="LocalCMCTests" time="0.001"/>
  <testcase name="TestALotOfAdding" classname="LocalCMCTests" time="0.0"/>
  <testcase name="TestALotOfAdding" classname="LocalCMCTests" time="0.0"/>
  <testcase name="TestALotOfAdding" classname="LocalCMCTests" time="0.0"/>
  <testcase name="TestALotOfAdding" classname="LocalCMCTests" time="0.0"/>
  <testcase name="TestALotOfAdding" classname="LocalCMCTests" time="0.0"/>
  <testcase name="TestALotOfAdding" classname="LocalCMCTests" time="0.001"/>
  <testcase name="TestALotOfAdding" classname="LocalCMCTests" time="0.001"/>
  <testcase name="TestALotOfAdding" classname="LocalCMCTests" time="0.001"/>
  <testcase name="TestALotOfAdding" classname="LocalCMCTests" time="0.003"/>
  <testcase name="TestALotOfAdding" classname="LocalCMCTests" time="0.0"/>
  <testcase name="TestALotOfAdding" classname="LocalCMCTests" time="0.003"/>
  <testcase name="TestALotOfAdding" classname="LocalCMCTests" time="0.0"/>
  <testcase name="TestALotOfAdding" classname="LocalCMCTests" time="0.0"/>
  <testcase name="TestALotOfAdding" classname="LocalCMCTests" time="0.0"/>
  <testcase name="TestALotOfAdding" classname="LocalCMCTests" time="0.0"/>
  <testcase name="TestALotOfAdding" classname="LocalCMCTests" time="0.001"/>
  <testcase name="TestALotOfAdding" classname="LocalCMCTests" time="0.0"/>
  <testcase name="TestALotOfAdding" classname="LocalCMCTests" time="0.001"/>
  <testcase name="TestALotOfAdding" classname="LocalCMCTests" time="0.002"/>
  <testcase name="TestALotOfAdding" classname="LocalCMCTests" time="0.002"/>
  <testcase name="TestALotOfAdding" classname="LocalCMCTests" time="0.002"/>
  <testcase name="TestALotOfAdding" classname="LocalCMCTests" time="0.002"/>
  <testcase name="TestALotOfAdding" classname="LocalCMCTests" time="0.002"/>
  <testcase name="TestALotOfAdding" classname="LocalCMCTests" time="0.0"/>
  <testcase name="TestALotOfAdding" classname="LocalCMCTests" time="0.0"/>
  <testcase name="TestALotOfAdding" classname="LocalCMCTests" time="0.002"/>
  <testcase name="TestALotOfAdding" classname="LocalCMCTests" time="0.0"/>
  <testcase name="TestALotOfAdding" classname="LocalCMCTests" time="0.002"/>
  <testcase name="TestALotOfAdding" classname="LocalCMCTests" time="0.0"/>
  <testcase name="TestALotOfAdding" classname="LocalCMCTests" time="0.0"/>
  <testcase name="TestALotOfAdding" classname="LocalCMCTests" time="0.0"/>
  <testcase name="TestALotOfAdding" classname="LocalCMCTests" time="0.003"/>
  <testcase name="TestALotOfAdding" classname="LocalCMCTests" time="0.0"/>
  <testcase name="TestALotOfAdding" classname="LocalCMCTests" time="0.001"/>
  <testcase name="TestALotOfAdding" classname="LocalCMCTests" time="0.003"/>
  <testcase name="TestALotOfAdding" classname="LocalCMCTests" time="0.003"/>
  <testcase name="TestALotOfAdding" classname="LocalCMCTests" time="0.0"/>
  <testcase name="TestALotOfAdding" classname="LocalCMCTests" time="0.0"/>
  <testcase name="TestALotOfAdding" classname="LocalCMCTests" time="0.0"/>
  <testcase name="TestALotOfAdding" classname="LocalCMCTests" time="0.001"/>
  <testcase name="TestALotOfAdding" classname="LocalCMCTests" time="0.0"/>
  <testcase name="TestALotOfAdding" classname="LocalCMCTests" time="0.001"/>
  <testcase name="TestALotOfAdding" classname="LocalCMCTests" time="0.001"/>
  <testcase name="TestALotOfAdding" classname="LocalCMCTests" time="0.001"/>
  <testcase name="TestALotOfAdding" classname="LocalCMCTests" time="0.001"/>
  <testcase name="TestALotOfAdding" classname="LocalCMCTests" time="0.001"/>
  <testcase name="TestALotOfAdding" classname="LocalCMCTests" time="0.0"/>
  <testcase name="TestALotOfAdding" classname="LocalCMCTests" time="0.0"/>
  <testcase name="TestALotOfAdding" classname="LocalCMCTests" time="0.0"/>
  <testcase name="TestALotOfAdding" classname="LocalCMCTests" time="0.0"/>
  <testcase name="TestALotOfAdding" classname="LocalCMCTests" time="0.001"/>
  <testcase name="TestALotOfAdding" classname="LocalCMCTests" time="0.001"/>
  <testcase name="TestALotOfAdding" classname="LocalCMCTests" time="0.001"/>
  <testcase name="TestALotOfAdding" classname="LocalCMCTests" time="0.0"/>
  <testcase name="TestALotOfAdding" classname="LocalCMCTests" time="0.001"/>
  <testcase name="TestALotOfAdding" classname="LocalCMCTests" time="0.0"/>
  <testcase name="TestALotOfAdding" classname="LocalCMCTests" time="0.0"/>
  <testcase name="TestALotOfAdding" classname="LocalCMCTests" time="0.0"/>
  <testcase name="TestALotOfAdding" classname="LocalCMCTests" time="0.001"/>
  <testcase name="TestALotOfAdding" classname="LocalCMCTests" time="0.001"/>
  <testcase name="TestALotOfAdding" classname="LocalCMCTests" time="0.001"/>
  <testcase name="TestALotOfAdding" classname="LocalCMCTests" time="0.001"/>
  <testcase name="TestALotOfAdding" classname="LocalCMCTests" time="0.0"/>
  <testcase name="TestALotOfAdding" classname="LocalCMCTests" time="0.002"/>
  <testcase name="TestALotOfAdding" classname="LocalCMCTests" time="0.002"/>
  <testcase name="TestALotOfAdding" classname="LocalCMCTests" time="0.001"/>
  <testcase name="TestALotOfAdding" classname="LocalCMCTests" time="0.002"/>
  <testcase name="TestALotOfAdding" classname="LocalCMCTests" time="0.001"/>
  <testcase name="TestALotOfAdding" classname="LocalCMCTests" time="0.0"/>
  <testcase name="TestALotOfAdding" classname="LocalCMCTests" time="0.001"/>
  <testcase name="TestALotOfAdding" classname="LocalCMCTests" time="0.001"/>
  <testcase name="TestALotOfAdding" classname="LocalCMCTests" time="0.001"/>
  <testcase name="TestALotOfAdding" classname="LocalCMCTests" time="0.0"/>
  <testcase name="TestALotOfAdding" classname="LocalCMCTests" time="0.0"/>
  <testcase name="TestALotOfAdding" classname="LocalCMCTests" time="0.001"/>
  <testcase name="TestALotOfAdding" classname="LocalCMCTests" time="0.0"/>
  <testcase name="TestALotOfAdding" classname="LocalCMCTests" time="0.0"/>
  <testcase name="TestALotOfAdding" classname="LocalCMCTests" time="0.0"/>
  <testcase name="TestALotOfAdding" classname="LocalCMCTests" time="0.001"/>
  <testcase name="TestALotOfAdding" classname="LocalCMCTests" time="0.0"/>
  <testcase name="TestALotOfAdding" classname="LocalCMCTests" time="0.0"/>
  <testcase name="TestALotOfAdding" classname="LocalCMCTests" time="0.001"/>
  <testcase name="TestALotOfAdding" classname="LocalCMCTests" time="0.001"/>
  <testcase name="TestALotOfAdding" classname="LocalCMCTests" time="0.001"/>
  <testcase name="TestALotOfAdding" classname="LocalCMCTests" time="0.0"/>
  <testcase name="TestALotOfAdding" classname="LocalCMCTests" time="0.001"/>
  <testcase name="TestALotOfAdding" classname="LocalCMCTests" time="0.001"/>
  <testcase name="TestALotOfAdding" classname="LocalCMCTests" time="0.001"/>
  <testcase name="TestALotOfAdding" classname="LocalCMCTests" time="0.001"/>
  <testcase name="TestALotOfAdding" classname="LocalCMCTests" time="0.001"/>
  <testcase name="TestALotOfAdding" classname="LocalCMCTests" time="0.001"/>
  <testcase name="TestALotOfAdding" classname="LocalCMCTests" time="0.001"/>
  <testcase name="TestALotOfAdding" classname="LocalCMCTests" time="0.0"/>
  <testcase name="TestALotOfAdding" classname="LocalCMCTests" time="0.0"/>
  <testcase name="TestALotOfAdding" classname="LocalCMCTests" time="0.0"/>
  <testcase name="TestALotOfAdding" classname="LocalCMCTests" time="0.0"/>
  <testcase name="TestALotOfAdding" classname="LocalCMCTests" time="0.0"/>
  <testcase name="TestALotOfAdding" classname="LocalCMCTests" time="0.0"/>
  <testcase name="TestALotOfAdding" classname="LocalCMCTests" time="0.001"/>
  <testcase name="TestALotOfAdding" classname="LocalCMCTests" time="0.001"/>
  <testcase name="TestALotOfAdding" classname="LocalCMCTests" time="0.001"/>
  <testcase name="TestALotOfAdding" classname="LocalCMCTests" time="0.001"/>
  <testcase name="TestALotOfAdding" classname="LocalCMCTests" time="0.0"/>
  <testcase name="TestALotOfAdding" classname="LocalCMCTests" time="0.0"/>
  <testcase name="TestALotOfAdding" classname="LocalCMCTests" time="0.001"/>
  <testcase name="TestALotOfAdding" classname="LocalCMCTests" time="0.001"/>
  <testcase name="TestALotOfAdding" classname="LocalCMCTests" time="0.0"/>
  <testcase name="TestALotOfAdding" classname="LocalCMCTests" time="0.0"/>
  <testcase name="TestALotOfAdding" classname="LocalCMCTests" time="0.001"/>
  <testcase name="TestALotOfAdding" classname="LocalCMCTests" time="0.001"/>
  <testcase name="TestALotOfAdding" classname="LocalCMCTests" time="0.001"/>
  <testcase name="TestALotOfAdding" classname="LocalCMCTests" time="0.001"/>
  <testcase name="TestALotOfAdding" classname="LocalCMCTests" time="0.0"/>
  <testcase name="TestALotOfAdding" classname="LocalCMCTests" time="0.0"/>
  <testcase name="TestALotOfAdding" classname="LocalCMCTests" time="0.001"/>
  <testcase name="TestALotOfAdding" classname="LocalCMCTests" time="0.0"/>
  <testcase name="TestALotOfAdding" classname="LocalCMCTests" time="0.001"/>
  <testcase name="TestALotOfAdding" classname="LocalCMCTests" time="0.001"/>
  <testcase name="TestALotOfAdding" classname="LocalCMCTests" time="0.001"/>
  <testcase name="TestALotOfAdding" classname="LocalCMCTests" time="0.0"/>
  <testcase name="TestALotOfAdding" classname="LocalCMCTests" time="0.001"/>
  <testcase name="TestALotOfAdding" classname="LocalCMCTests" time="0.0"/>
  <testcase name="TestALotOfAdding" classname="LocalCMCTests" time="0.001"/>
  <testcase name="TestALotOfAdding" classname="LocalCMCTests" time="0.0"/>
  <testcase name="TestALotOfAdding" classname="LocalCMCTests" time="0.0"/>
  <testcase name="TestALotOfAdding" classname="LocalCMCTests" time="0.0"/>
  <testcase name="TestALotOfAdding" classname="LocalCMCTests" time="0.0"/>
  <testcase name="TestALotOfAdding" classname="LocalCMCTests" time="0.0"/>
  <testcase name="TestALotOfAdding" classname="LocalCMCTests" time="0.0"/>
  <testcase name="TestALotOfAdding" classname="LocalCMCTests" time="0.002"/>
  <testcase name="TestALotOfAdding" classname="LocalCMCTests" time="0.001"/>
  <testcase name="TestALotOfAdding" classname="LocalCMCTests" time="0.002"/>
  <testcase name="TestALotOfAdding" classname="LocalCMCTests" time="0.0"/>
  <testcase name="TestALotOfAdding" classname="LocalCMCTests" time="0.0"/>
  <testcase name="TestALotOfAdding" classname="LocalCMCTests" time="0.0"/>
  <testcase name="TestALotOfAdding" classname="LocalCMCTests" time="0.002"/>
  <testcase name="TestALotOfAdding" classname="LocalCMCTests" time="0.001"/>
  <testcase name="TestALotOfAdding" classname="LocalCMCTests" time="0.001"/>
  <testcase name="TestALotOfAdding" classname="LocalCMCTests" time="0.0"/>
  <testcase name="TestALotOfAdding" classname="LocalCMCTests" time="0.001"/>
  <testcase name="TestALotOfAdding" classname="LocalCMCTests" time="0.001"/>
  <testcase name="TestALotOfAdding" classname="LocalCMCTests" time="0.001"/>
  <testcase name="TestALotOfAdding" classname="LocalCMCTests" time="0.001"/>
  <testcase name="TestALotOfAdding" classname="LocalCMCTests" time="0.0"/>
  <testcase name="TestALotOfAdding" classname="LocalCMCTests" time="0.0"/>
  <testcase name="TestALotOfAdding" classname="LocalCMCTests" time="0.0"/>
  <testcase name="TestALotOfAdding" classname="LocalCMCTests" time="0.001"/>
  <testcase name="TestALotOfAdding" classname="LocalCMCTests" time="0.0"/>
  <testcase name="TestALotOfAdding" classname="LocalCMCTests" time="0.001"/>
  <testcase name="TestALotOfAdding" classname="LocalCMCTests" time="0.001"/>
  <testcase name="TestALotOfAdding" classname="LocalCMCTests" time="0.0"/>
  <testcase name="TestALotOfAdding" classname="LocalCMCTests" time="0.001"/>
  <testcase name="TestALotOfAdding" classname="LocalCMCTests" time="0.001"/>
  <testcase name="TestALotOfAdding" classname="LocalCMCTests" time="0.0"/>
  <testcase name="TestALotOfAdding" classname="LocalCMCTests" time="0.0"/>
  <testcase name="TestALotOfAdding" classname="LocalCMCTests" time="0.001"/>
  <testcase name="TestALotOfAdding" classname="LocalCMCTests" time="0.001"/>
  <testcase name="TestALotOfAdding" classname="LocalCMCTests" time="0.001"/>
  <testcase name="TestALotOfAdding" classname="LocalCMCTests" time="0.0"/>
  <testcase name="TestALotOfAdding" classname="LocalCMCTests" time="0.001"/>
  <testcase name="TestALotOfAdding" classname="LocalCMCTests" time="0.0"/>
  <testcase name="TestALotOfAdding" classname="LocalCMCTests" time="0.0"/>
  <testcase name="TestALotOfAdding" classname="LocalCMCTests" time="0.001"/>
  <testcase name="TestALotOfAdding" classname="LocalCMCTests" time="0.001"/>
  <testcase name="TestALotOfAdding" classname="LocalCMCTests" time="0.002"/>
  <testcase name="TestALotOfAdding" classname="LocalCMCTests" time="0.001"/>
  <testcase name="TestALotOfAdding" classname="LocalCMCTests" time="0.001"/>
  <testcase name="TestALotOfAdding" classname="LocalCMCTests" time="0.001"/>
  <testcase name="TestALotOfAdding" classname="LocalCMCTests" time="0.001"/>
  <testcase name="TestALotOfAdding" classname="LocalCMCTests" time="0.0"/>
  <testcase name="TestALotOfAdding" classname="LocalCMCTests" time="0.0"/>
  <testcase name="TestALotOfAdding" classname="LocalCMCTests" time="0.0"/>
  <testcase name="TestALotOfAdding" classname="LocalCMCTests" time="0.001"/>
  <testcase name="TestALotOfAdding" classname="LocalCMCTests" time="0.0"/>
  <testcase name="TestALotOfAdding" classname="LocalCMCTests" time="0.0"/>
  <testcase name="TestALotOfAdding" classname="LocalCMCTests" time="0.001"/>
  <testcase name="TestALotOfAdding" classname="LocalCMCTests" time="0.0"/>
  <testcase name="TestALotOfAdding" classname="LocalCMCTests" time="0.001"/>
  <testcase name="TestALotOfAdding" classname="LocalCMCTests" time="0.0"/>
  <testcase name="TestALotOfAdding" classname="LocalCMCTests" time="0.001"/>
  <testcase name="TestALotOfAdding" classname="LocalCMCTests" time="0.0"/>
  <testcase name="TestALotOfAdding" classname="LocalCMCTests" time="0.001"/>
  <testcase name="TestALotOfAdding" classname="LocalCMCTests" time="0.0"/>
  <testcase name="TestALotOfAdding" classname="LocalCMCTests" time="0.0"/>
  <testcase name="TestALotOfAdding" classname="LocalCMCTests" time="0.001"/>
  <testcase name="TestALotOfAdding" classname="LocalCMCTests" time="0.001"/>
  <testcase name="TestALotOfAdding" classname="LocalCMCTests" time="0.001"/>
  <testcase name="TestALotOfAdding" classname="LocalCMCTests" time="0.0"/>
  <testcase name="TestALotOfAdding" classname="LocalCMCTests" time="0.0"/>
  <testcase name="TestALotOfAdding" classname="LocalCMCTests" time="0.0"/>
  <testcase name="TestALotOfAdding" classname="LocalCMCTests" time="0.0"/>
  <testcase name="TestALotOfAdding" classname="LocalCMCTests" time="0.001"/>
  <testcase name="TestALotOfAdding" classname="LocalCMCTests" time="0.002"/>
  <testcase name="TestALotOfAdding" classname="LocalCMCTests" time="0.002"/>
  <testcase name="TestALotOfAdding" classname="LocalCMCTests" time="0.001"/>
  <testcase name="TestALotOfAdding" classname="LocalCMCTests" time="0.0"/>
  <testcase name="TestALotOfAdding" classname="LocalCMCTests" time="0.001"/>
  <testcase name="TestALotOfAdding" classname="LocalCMCTests" time="0.001"/>
  <testcase name="TestALotOfAdding" classname="LocalCMCTests" time="0.001"/>
  <testcase name="TestALotOfAdding" classname="LocalCMCTests" time="0.001"/>
  <testcase name="TestALotOfAdding" classname="LocalCMCTests" time="0.0"/>
  <testcase name="TestALotOfAdding" classname="LocalCMCTests" time="0.001"/>
  <testcase name="TestALotOfAdding" classname="LocalCMCTests" time="0.002"/>
  <testcase name="TestALotOfAdding" classname="LocalCMCTests" time="0.0"/>
  <testcase name="TestALotOfAdding" classname="LocalCMCTests" time="0.001"/>
  <testcase name="TestALotOfAdding" classname="LocalCMCTests" time="0.0"/>
  <testcase name="TestALotOfAdding" classname="LocalCMCTests" time="0.0"/>
  <testcase name="TestALotOfAdding" classname="LocalCMCTests" time="0.0"/>
  <testcase name="TestALotOfAdding" classname="LocalCMCTests" time="0.0"/>
  <testcase name="TestALotOfAdding" classname="LocalCMCTests" time="0.0"/>
  <testcase name="TestALotOfAdding" classname="LocalCMCTests" time="0.0"/>
  <testcase name="TestALotOfAdding" classname="LocalCMCTests" time="0.0"/>
  <testcase name="TestALotOfAdding" classname="LocalCMCTests" time="0.001"/>
  <testcase name="TestALotOfAdding" classname="LocalCMCTests" time="0.001"/>
  <testcase name="TestALotOfAdding" classname="LocalCMCTests" time="0.0"/>
  <testcase name="TestALotOfAdding" classname="LocalCMCTests" time="0.0"/>
  <testcase name="TestALotOfAdding" classname="LocalCMCTests" time="0.001"/>
  <testcase name="TestALotOfAdding" classname="LocalCMCTests" time="0.0"/>
  <testcase name="TestALotOfAdding" classname="LocalCMCTests" time="0.0"/>
  <testcase name="TestALotOfAdding" classname="LocalCMCTests" time="0.001"/>
  <testcase name="TestALotOfAdding" classname="LocalCMCTests" time="0.001"/>
  <testcase name="TestALotOfAdding" classname="LocalCMCTests" time="0.001"/>
  <testcase name="TestALotOfAdding" classname="LocalCMCTests" time="0.001"/>
  <testcase name="TestALotOfAdding" classname="LocalCMCTests" time="0.001"/>
  <testcase name="TestALotOfAdding" classname="LocalCMCTests" time="0.0"/>
  <testcase name="TestALotOfAdding" classname="LocalCMCTests" time="0.001"/>
  <testcase name="TestALotOfAdding" classname="LocalCMCTests" time="0.0"/>
  <testcase name="TestALotOfAdding" classname="LocalCMCTests" time="0.001"/>
  <testcase name="TestALotOfAdding" classname="LocalCMCTests" time="0.001"/>
  <testcase name="TestALotOfAdding" classname="LocalCMCTests" time="0.001"/>
  <testcase name="TestALotOfAdding" classname="LocalCMCTests" time="0.001"/>
  <testcase name="TestALotOfAdding" classname="LocalCMCTests" time="0.001"/>
  <testcase name="TestALotOfAdding" classname="LocalCMCTests" time="0.0"/>
  <testcase name="TestALotOfAdding" classname="LocalCMCTests" time="0.001"/>
  <testcase name="TestALotOfAdding" classname="LocalCMCTests" time="0.0"/>
  <testcase name="TestALotOfAdding" classname="LocalCMCTests" time="0.0"/>
  <testcase name="TestALotOfAdding" classname="LocalCMCTests" time="0.0"/>
  <testcase name="TestALotOfAdding" classname="LocalCMCTests" time="0.001"/>
  <testcase name="TestALotOfAdding" classname="LocalCMCTests" time="0.0"/>
  <testcase name="TestALotOfAdding" classname="LocalCMCTests" time="0.0"/>
  <testcase name="TestALotOfAdding" classname="LocalCMCTests" time="0.0"/>
  <testcase name="TestALotOfAdding" classname="LocalCMCTests" time="0.001"/>
  <testcase name="TestALotOfAdding" classname="LocalCMCTests" time="0.001"/>
  <testcase name="TestALotOfAdding" classname="LocalCMCTests" time="0.002"/>
  <testcase name="TestALotOfAdding" classname="LocalCMCTests" time="0.001"/>
  <testcase name="TestALotOfAdding" classname="LocalCMCTests" time="0.0"/>
  <testcase name="TestALotOfAdding" classname="LocalCMCTests" time="0.001"/>
  <testcase name="TestALotOfAdding" classname="LocalCMCTests" time="0.0"/>
  <testcase name="TestALotOfAdding" classname="LocalCMCTests" time="0.0"/>
  <testcase name="TestALotOfAdding" classname="LocalCMCTests" time="0.001"/>
  <testcase name="TestALotOfAdding" classname="LocalCMCTests" time="0.001"/>
  <testcase name="TestALotOfAdding" classname="LocalCMCTests" time="0.0"/>
  <testcase name="TestALotOfAdding" classname="LocalCMCTests" time="0.001"/>
  <testcase name="TestALotOfAdding" classname="LocalCMCTests" time="0.0"/>
  <testcase name="TestALotOfAdding" classname="LocalCMCTests" time="0.0"/>
  <testcase name="TestALotOfAdding" classname="LocalCMCTests" time="0.001"/>
  <testcase name="TestALotOfAdding" classname="LocalCMCTests" time="0.0"/>
  <testcase name="TestALotOfAdding" classname="LocalCMCTests" time="0.0"/>
  <testcase name="TestALotOfAdding" classname="LocalCMCTests" time="0.001"/>
  <testcase name="TestALotOfAdding" classname="LocalCMCTests" time="0.0"/>
  <testcase name="TestALotOfAdding" classname="LocalCMCTests" time="0.001"/>
  <testcase name="TestALotOfAdding" classname="LocalCMCTests" time="0.002"/>
  <testcase name="TestALotOfAdding" classname="LocalCMCTests" time="0.002"/>
  <testcase name="TestALotOfAdding" classname="LocalCMCTests" time="0.0"/>
  <testcase name="TestALotOfAdding" classname="LocalCMCTests" time="0.001"/>
  <testcase name="TestALotOfAdding" classname="LocalCMCTests" time="0.001"/>
  <testcase name="TestALotOfAdding" classname="LocalCMCTests" time="0.001"/>
  <testcase name="TestALotOfAdding" classname="LocalCMCTests" time="0.001"/>
  <testcase name="TestALotOfAdding" classname="LocalCMCTests" time="0.0"/>
  <testcase name="TestALotOfAdding" classname="LocalCMCTests" time="0.001"/>
  <testcase name="TestALotOfAdding" classname="LocalCMCTests" time="0.0"/>
  <testcase name="TestALotOfAdding" classname="LocalCMCTests" time="0.0"/>
  <testcase name="TestALotOfAdding" classname="LocalCMCTests" time="0.0"/>
  <testcase name="TestALotOfAdding" classname="LocalCMCTests" time="0.0"/>
  <testcase name="TestALotOfAdding" classname="LocalCMCTests" time="0.001"/>
  <testcase name="TestALotOfAdding" classname="LocalCMCTests" time="0.0"/>
  <testcase name="TestALotOfAdding" classname="LocalCMCTests" time="0.001"/>
  <testcase name="TestALotOfAdding" classname="LocalCMCTests" time="0.001"/>
  <testcase name="TestALotOfAdding" classname="LocalCMCTests" time="0.001"/>
  <testcase name="TestALotOfAdding" classname="LocalCMCTests" time="0.001"/>
  <testcase name="TestALotOfAdding" classname="LocalCMCTests" time="0.001"/>
  <testcase name="TestALotOfAdding" classname="LocalCMCTests" time="0.0"/>
  <testcase name="TestALotOfAdding" classname="LocalCMCTests" time="0.0"/>
  <testcase name="TestALotOfAdding" classname="LocalCMCTests" time="0.0"/>
  <testcase name="TestALotOfAdding" classname="LocalCMCTests" time="0.0"/>
  <testcase name="TestALotOfAdding" classname="LocalCMCTests" time="0.0"/>
  <testcase name="TestALotOfAdding" classname="LocalCMCTests" time="0.0"/>
  <testcase name="TestALotOfAdding" classname="LocalCMCTests" time="0.001"/>
  <testcase name="TestALotOfAdding" classname="LocalCMCTests" time="0.001"/>
  <testcase name="TestALotOfAdding" classname="LocalCMCTests" time="0.0"/>
  <testcase name="TestALotOfAdding" classname="LocalCMCTests" time="0.001"/>
  <testcase name="TestALotOfAdding" classname="LocalCMCTests" time="0.001"/>
  <testcase name="TestALotOfAdding" classname="LocalCMCTests" time="0.001"/>
  <testcase name="TestALotOfAdding" classname="LocalCMCTests" time="0.001"/>
  <testcase name="TestALotOfAdding" classname="LocalCMCTests" time="0.001"/>
  <testcase name="TestALotOfAdding" classname="LocalCMCTests" time="0.0"/>
  <testcase name="TestALotOfAdding" classname="LocalCMCTests" time="0.001"/>
  <testcase name="TestALotOfAdding" classname="LocalCMCTests" time="0.001"/>
  <testcase name="TestALotOfAdding" classname="LocalCMCTests" time="0.001"/>
  <testcase name="TestALotOfAdding" classname="LocalCMCTests" time="0.001"/>
  <testcase name="TestALotOfAdding" classname="LocalCMCTests" time="0.0"/>
  <testcase name="TestALotOfAdding" classname="LocalCMCTests" time="0.0"/>
  <testcase name="TestALotOfAdding" classname="LocalCMCTests" time="0.003"/>
  <testcase name="TestALotOfAdding" classname="LocalCMCTests" time="0.0"/>
  <testcase name="TestALotOfAdding" classname="LocalCMCTests" time="0.0"/>
  <testcase name="TestALotOfAdding" classname="LocalCMCTests" time="0.001"/>
  <testcase name="TestALotOfAdding" classname="LocalCMCTests" time="0.001"/>
  <testcase name="TestALotOfAdding" classname="LocalCMCTests" time="0.0"/>
  <testcase name="TestALotOfAdding" classname="LocalCMCTests" time="0.001"/>
  <testcase name="TestALotOfAdding" classname="LocalCMCTests" time="0.001"/>
  <testcase name="TestALotOfAdding" classname="LocalCMCTests" time="0.001"/>
  <testcase name="TestALotOfAdding" classname="LocalCMCTests" time="0.0"/>
  <testcase name="TestALotOfAdding" classname="LocalCMCTests" time="0.001"/>
  <testcase name="TestALotOfAdding" classname="LocalCMCTests" time="0.001"/>
  <testcase name="TestALotOfAdding" classname="LocalCMCTests" time="0.0"/>
  <testcase name="TestALotOfAdding" classname="LocalCMCTests" time="0.0"/>
  <testcase name="TestALotOfAdding" classname="LocalCMCTests" time="0.0"/>
  <testcase name="TestALotOfAdding" classname="LocalCMCTests" time="0.0"/>
  <testcase name="TestALotOfAdding" classname="LocalCMCTests" time="0.0"/>
  <testcase name="TestALotOfAdding" classname="LocalCMCTests" time="0.001"/>
  <testcase name="TestALotOfAdding" classname="LocalCMCTests" time="0.001"/>
  <testcase name="TestALotOfAdding" classname="LocalCMCTests" time="0.0"/>
  <testcase name="TestALotOfAdding" classname="LocalCMCTests" time="0.0"/>
  <testcase name="TestALotOfAdding" classname="LocalCMCTests" time="0.001"/>
  <testcase name="TestALotOfAdding" classname="LocalCMCTests" time="0.001"/>
  <testcase name="TestALotOfAdding" classname="LocalCMCTests" time="0.0"/>
  <testcase name="TestALotOfAdding" classname="LocalCMCTests" time="0.001"/>
  <testcase name="TestALotOfAdding" classname="LocalCMCTests" time="0.001"/>
  <testcase name="TestALotOfAdding" classname="LocalCMCTests" time="0.001"/>
  <testcase name="TestALotOfAdding" classname="LocalCMCTests" time="0.0"/>
  <testcase name="TestALotOfAdding" classname="LocalCMCTests" time="0.001"/>
  <testcase name="TestALotOfAdding" classname="LocalCMCTests" time="0.001"/>
  <testcase name="TestALotOfAdding" classname="LocalCMCTests" time="0.0"/>
  <testcase name="TestALotOfAdding" classname="LocalCMCTests" time="0.0"/>
  <testcase name="TestALotOfAdding" classname="LocalCMCTests" time="0.0"/>
  <testcase name="TestALotOfAdding" classname="LocalCMCTests" time="0.0"/>
  <testcase name="TestALotOfAdding" classname="LocalCMCTests" time="0.0"/>
  <testcase name="TestALotOfAdding" classname="LocalCMCTests" time="0.0"/>
  <testcase name="TestALotOfAdding" classname="LocalCMCTests" time="0.003"/>
  <testcase name="TestALotOfAdding" classname="LocalCMCTests" time="0.001"/>
  <testcase name="TestALotOfAdding" classname="LocalCMCTests" time="0.001"/>
  <testcase name="TestALotOfAdding" classname="LocalCMCTests" time="0.0"/>
  <testcase name="TestALotOfAdding" classname="LocalCMCTests" time="0.0"/>
  <testcase name="TestALotOfAdding" classname="LocalCMCTests" time="0.0"/>
  <testcase name="TestALotOfAdding" classname="LocalCMCTests" time="0.001"/>
  <testcase name="TestALotOfAdding" classname="LocalCMCTests" time="0.0"/>
  <testcase name="TestALotOfAdding" classname="LocalCMCTests" time="0.001"/>
  <testcase name="TestALotOfAdding" classname="LocalCMCTests" time="0.001"/>
  <testcase name="TestALotOfAdding" classname="LocalCMCTests" time="0.0"/>
  <testcase name="TestALotOfAdding" classname="LocalCMCTests" time="0.001"/>
  <testcase name="TestALotOfAdding" classname="LocalCMCTests" time="0.0"/>
  <testcase name="TestALotOfAdding" classname="LocalCMCTests" time="0.001"/>
  <testcase name="TestALotOfAdding" classname="LocalCMCTests" time="0.0"/>
  <testcase name="TestALotOfAdding" classname="LocalCMCTests" time="0.001"/>
  <testcase name="TestALotOfAdding" classname="LocalCMCTests" time="0.0"/>
  <testcase name="TestALotOfAdding" classname="LocalCMCTests" time="0.0"/>
  <testcase name="TestALotOfAdding" classname="LocalCMCTests" time="0.0"/>
  <testcase name="TestALotOfAdding" classname="LocalCMCTests" time="0.001"/>
  <testcase name="TestALotOfAdding" classname="LocalCMCTests" time="0.001"/>
  <testcase name="TestALotOfAdding" classname="LocalCMCTests" time="0.001"/>
  <testcase name="TestALotOfAdding" classname="LocalCMCTests" time="0.0"/>
  <testcase name="TestALotOfAdding" classname="LocalCMCTests" time="0.001"/>
  <testcase name="TestALotOfAdding" classname="LocalCMCTests" time="0.001"/>
  <testcase name="TestALotOfAdding" classname="LocalCMCTests" time="0.001"/>
  <testcase name="TestALotOfAdding" classname="LocalCMCTests" time="0.001"/>
  <testcase name="TestALotOfAdding" classname="LocalCMCTests" time="0.0"/>
  <testcase name="TestALotOfAdding" classname="LocalCMCTests" time="0.0"/>
  <testcase name="TestALotOfAdding" classname="LocalCMCTests" time="0.001"/>
  <testcase name="TestALotOfAdding" classname="LocalCMCTests" time="0.002"/>
  <testcase name="TestALotOfAdding" classname="LocalCMCTests" time="0.0"/>
  <testcase name="TestALotOfAdding" classname="LocalCMCTests" time="0.0"/>
  <testcase name="TestALotOfAdding" classname="LocalCMCTests" time="0.0"/>
  <testcase name="TestALotOfAdding" classname="LocalCMCTests" time="0.001"/>
  <testcase name="TestALotOfAdding" classname="LocalCMCTests" time="0.001"/>
  <testcase name="TestALotOfAdding" classname="LocalCMCTests" time="0.001"/>
  <testcase name="TestALotOfAdding" classname="LocalCMCTests" time="0.0"/>
  <testcase name="TestALotOfAdding" classname="LocalCMCTests" time="0.001"/>
  <testcase name="TestALotOfAdding" classname="LocalCMCTests" time="0.002"/>
  <testcase name="TestALotOfAdding" classname="LocalCMCTests" time="0.001"/>
  <testcase name="TestALotOfAdding" classname="LocalCMCTests" time="0.0"/>
  <testcase name="TestALotOfAdding" classname="LocalCMCTests" time="0.0"/>
  <testcase name="TestALotOfAdding" classname="LocalCMCTests" time="0.001"/>
  <testcase name="TestALotOfAdding" classname="LocalCMCTests" time="0.0"/>
  <testcase name="TestALotOfAdding" classname="LocalCMCTests" time="0.0"/>
  <testcase name="TestALotOfAdding" classname="LocalCMCTests" time="0.001"/>
  <testcase name="TestALotOfAdding" classname="LocalCMCTests" time="0.0"/>
  <testcase name="TestALotOfAdding" classname="LocalCMCTests" time="0.0"/>
  <testcase name="TestALotOfAdding" classname="LocalCMCTests" time="0.001"/>
  <testcase name="TestALotOfAdding" classname="LocalCMCTests" time="0.0"/>
  <testcase name="TestALotOfAdding" classname="LocalCMCTests" time="0.002"/>
  <testcase name="TestALotOfAdding" classname="LocalCMCTests" time="0.001"/>
  <testcase name="TestALotOfAdding" classname="LocalCMCTests" time="0.0"/>
  <testcase name="TestALotOfAdding" classname="LocalCMCTests" time="0.001"/>
  <testcase name="TestALotOfAdding" classname="LocalCMCTests" time="0.0"/>
  <testcase name="TestALotOfAdding" classname="LocalCMCTests" time="0.001"/>
  <testcase name="TestALotOfAdding" classname="LocalCMCTests" time="0.001"/>
  <testcase name="TestALotOfAdding" classname="LocalCMCTests" time="0.0"/>
  <testcase name="TestALotOfAdding" classname="LocalCMCTests" time="0.001"/>
  <testcase name="TestALotOfAdding" classname="LocalCMCTests" time="0.0"/>
  <testcase name="TestALotOfAdding" classname="LocalCMCTests" time="0.001"/>
  <testcase name="TestALotOfAdding" classname="LocalCMCTests" time="0.001"/>
  <testcase name="TestALotOfAdding" classname="LocalCMCTests" time="0.0"/>
  <testcase name="TestALotOfAdding" classname="LocalCMCTests" time="0.0"/>
  <testcase name="TestALotOfAdding" classname="LocalCMCTests" time="0.001"/>
  <testcase name="TestALotOfAdding" classname="LocalCMCTests" time="0.0"/>
  <testcase name="TestALotOfAdding" classname="LocalCMCTests" time="0.0"/>
  <testcase name="TestALotOfAdding" classname="LocalCMCTests" time="0.001"/>
  <testcase name="TestALotOfAdding" classname="LocalCMCTests" time="0.001"/>
  <testcase name="TestALotOfAdding" classname="LocalCMCTests" time="0.0"/>
  <testcase name="TestALotOfAdding" classname="LocalCMCTests" time="0.001"/>
  <testcase name="TestALotOfAdding" classname="LocalCMCTests" time="0.001"/>
  <testcase name="TestALotOfAdding" classname="LocalCMCTests" time="0.0"/>
  <testcase name="TestALotOfAdding" classname="LocalCMCTests" time="0.001"/>
  <testcase name="TestALotOfAdding" classname="LocalCMCTests" time="0.0"/>
  <testcase name="TestALotOfAdding" classname="LocalCMCTests" time="0.0"/>
  <testcase name="TestALotOfAdding" classname="LocalCMCTests" time="0.0"/>
  <testcase name="TestALotOfAdding" classname="LocalCMCTests" time="0.0"/>
  <testcase name="TestALotOfAdding" classname="LocalCMCTests" time="0.0"/>
  <testcase name="TestALotOfAdding" classname="LocalCMCTests" time="0.001"/>
  <testcase name="TestALotOfAdding" classname="LocalCMCTests" time="0.001"/>
  <testcase name="TestALotOfAdding" classname="LocalCMCTests" time="0.003"/>
  <testcase name="TestALotOfAdding" classname="LocalCMCTests" time="0.0"/>
  <testcase name="TestALotOfAdding" classname="LocalCMCTests" time="0.002"/>
  <testcase name="TestALotOfAdding" classname="LocalCMCTests" time="0.0"/>
  <testcase name="TestALotOfAdding" classname="LocalCMCTests" time="0.001"/>
  <testcase name="TestALotOfAdding" classname="LocalCMCTests" time="0.001"/>
  <testcase name="TestALotOfAdding" classname="LocalCMCTests" time="0.001"/>
  <testcase name="TestALotOfAdding" classname="LocalCMCTests" time="0.001"/>
  <testcase name="TestALotOfAdding" classname="LocalCMCTests" time="0.002"/>
  <testcase name="TestALotOfAdding" classname="LocalCMCTests" time="0.001"/>
  <testcase name="TestALotOfAdding" classname="LocalCMCTests" time="0.001"/>
  <testcase name="TestALotOfAdding" classname="LocalCMCTests" time="0.0"/>
  <testcase name="TestALotOfAdding" classname="LocalCMCTests" time="0.0"/>
  <testcase name="TestALotOfAdding" classname="LocalCMCTests" time="0.0"/>
  <testcase name="TestALotOfAdding" classname="LocalCMCTests" time="0.0"/>
  <testcase name="TestALotOfAdding" classname="LocalCMCTests" time="0.0"/>
  <testcase name="TestALotOfAdding" classname="LocalCMCTests" time="0.001"/>
  <testcase name="TestALotOfAdding" classname="LocalCMCTests" time="0.0"/>
  <testcase name="TestALotOfAdding" classname="LocalCMCTests" time="0.001"/>
  <testcase name="TestALotOfAdding" classname="LocalCMCTests" time="0.001"/>
  <testcase name="TestALotOfAdding" classname="LocalCMCTests" time="0.001"/>
  <testcase name="TestALotOfAdding" classname="LocalCMCTests" time="0.0"/>
  <testcase name="TestALotOfAdding" classname="LocalCMCTests" time="0.001"/>
  <testcase name="TestALotOfAdding" classname="LocalCMCTests" time="0.0"/>
  <testcase name="TestALotOfAdding" classname="LocalCMCTests" time="0.001"/>
  <testcase name="TestALotOfAdding" classname="LocalCMCTests" time="0.001"/>
  <testcase name="TestALotOfAdding" classname="LocalCMCTests" time="0.001"/>
  <testcase name="TestALotOfAdding" classname="LocalCMCTests" time="0.0"/>
  <testcase name="TestALotOfAdding" classname="LocalCMCTests" time="0.0"/>
  <testcase name="TestALotOfAdding" classname="LocalCMCTests" time="0.0"/>
  <testcase name="TestALotOfAdding" classname="LocalCMCTests" time="0.0"/>
  <testcase name="TestALotOfAdding" classname="LocalCMCTests" time="0.001"/>
  <testcase name="TestALotOfAdding" classname="LocalCMCTests" time="0.001"/>
  <testcase name="TestALotOfAdding" classname="LocalCMCTests" time="0.001"/>
  <testcase name="TestALotOfAdding" classname="LocalCMCTests" time="0.002"/>
  <testcase name="TestALotOfAdding" classname="LocalCMCTests" time="0.001"/>
  <testcase name="TestALotOfAdding" classname="LocalCMCTests" time="0.001"/>
  <testcase name="TestALotOfAdding" classname="LocalCMCTests" time="0.0"/>
  <testcase name="TestALotOfAdding" classname="LocalCMCTests" time="0.001"/>
  <testcase name="TestALotOfAdding" classname="LocalCMCTests" time="0.001"/>
  <testcase name="TestALotOfAdding" classname="LocalCMCTests" time="0.0"/>
  <testcase name="TestALotOfAdding" classname="LocalCMCTests" time="0.001"/>
  <testcase name="TestALotOfAdding" classname="LocalCMCTests" time="0.0"/>
  <testcase name="TestALotOfAdding" classname="LocalCMCTests" time="0.001"/>
  <testcase name="TestALotOfAdding" classname="LocalCMCTests" time="0.0"/>
  <testcase name="TestALotOfAdding" classname="LocalCMCTests" time="0.001"/>
  <testcase name="TestALotOfAdding" classname="LocalCMCTests" time="0.001"/>
  <testcase name="TestALotOfAdding" classname="LocalCMCTests" time="0.0"/>
  <testcase name="TestALotOfAdding" classname="LocalCMCTests" time="0.001"/>
  <testcase name="TestALotOfAdding" classname="LocalCMCTests" time="0.001"/>
  <testcase name="TestALotOfAdding" classname="LocalCMCTests" time="0.001"/>
  <testcase name="TestALotOfAdding" classname="LocalCMCTests" time="0.001"/>
  <testcase name="TestALotOfAdding" classname="LocalCMCTests" time="0.0"/>
  <testcase name="TestALotOfAdding" classname="LocalCMCTests" time="0.001"/>
  <testcase name="TestALotOfAdding" classname="LocalCMCTests" time="0.001"/>
  <testcase name="TestALotOfAdding" classname="LocalCMCTests" time="0.0"/>
  <testcase name="TestALotOfAdding" classname="LocalCMCTests" time="0.0"/>
  <testcase name="TestALotOfAdding" classname="LocalCMCTests" time="0.001"/>
  <testcase name="TestALotOfAdding" classname="LocalCMCTests" time="0.0"/>
  <testcase name="TestALotOfAdding" classname="LocalCMCTests" time="0.0"/>
  <testcase name="TestALotOfAdding" classname="LocalCMCTests" time="0.0"/>
  <testcase name="TestALotOfAdding" classname="LocalCMCTests" time="0.001"/>
  <testcase name="TestALotOfAdding" classname="LocalCMCTests" time="0.0"/>
  <testcase name="TestALotOfAdding" classname="LocalCMCTests" time="0.001"/>
  <testcase name="TestALotOfAdding" classname="LocalCMCTests" time="0.001"/>
  <testcase name="TestALotOfAdding" classname="LocalCMCTests" time="0.0"/>
  <testcase name="TestALotOfAdding" classname="LocalCMCTests" time="0.0"/>
  <testcase name="TestALotOfAdding" classname="LocalCMCTests" time="0.001"/>
  <testcase name="TestALotOfAdding" classname="LocalCMCTests" time="0.001"/>
  <testcase name="TestALotOfAdding" classname="LocalCMCTests" time="0.001"/>
  <testcase name="TestALotOfAdding" classname="LocalCMCTests" time="0.001"/>
  <testcase name="TestALotOfAdding" classname="LocalCMCTests" time="0.0"/>
  <testcase name="TestALotOfAdding" classname="LocalCMCTests" time="0.0"/>
  <testcase name="TestALotOfAdding" classname="LocalCMCTests" time="0.0"/>
  <testcase name="TestALotOfAdding" classname="LocalCMCTests" time="0.001"/>
  <testcase name="TestALotOfAdding" classname="LocalCMCTests" time="0.001"/>
  <testcase name="TestALotOfAdding" classname="LocalCMCTests" time="0.001"/>
  <testcase name="TestALotOfAdding" classname="LocalCMCTests" time="0.0"/>
  <testcase name="TestALotOfAdding" classname="LocalCMCTests" time="0.001"/>
  <testcase name="TestALotOfAdding" classname="LocalCMCTests" time="0.0"/>
  <testcase name="TestALotOfAdding" classname="LocalCMCTests" time="0.001"/>
  <testcase name="TestALotOfAdding" classname="LocalCMCTests" time="0.001"/>
  <testcase name="TestALotOfAdding" classname="LocalCMCTests" time="0.002"/>
  <testcase name="TestALotOfAdding" classname="LocalCMCTests" time="0.001"/>
  <testcase name="TestALotOfAdding" classname="LocalCMCTests" time="0.001"/>
  <testcase name="TestALotOfAdding" classname="LocalCMCTests" time="0.001"/>
  <testcase name="TestALotOfAdding" classname="LocalCMCTests" time="0.0"/>
  <testcase name="TestALotOfAdding" classname="LocalCMCTests" time="0.0"/>
  <testcase name="TestALotOfAdding" classname="LocalCMCTests" time="0.001"/>
  <testcase name="TestALotOfAdding" classname="LocalCMCTests" time="0.001"/>
  <testcase name="TestALotOfAdding" classname="LocalCMCTests" time="0.0"/>
  <testcase name="TestALotOfAdding" classname="LocalCMCTests" time="0.0"/>
  <testcase name="TestALotOfAdding" classname="LocalCMCTests" time="0.0"/>
  <testcase name="TestALotOfAdding" classname="LocalCMCTests" time="0.0"/>
  <testcase name="TestALotOfAdding" classname="LocalCMCTests" time="0.0"/>
  <testcase name="TestALotOfAdding" classname="LocalCMCTests" time="0.0"/>
  <testcase name="TestALotOfAdding" classname="LocalCMCTests" time="0.002"/>
  <testcase name="TestALotOfAdding" classname="LocalCMCTests" time="0.0"/>
  <testcase name="TestALotOfAdding" classname="LocalCMCTests" time="0.001"/>
  <testcase name="TestALotOfAdding" classname="LocalCMCTests" time="0.001"/>
  <testcase name="TestALotOfAdding" classname="LocalCMCTests" time="0.001"/>
  <testcase name="TestALotOfAdding" classname="LocalCMCTests" time="0.001"/>
  <testcase name="TestALotOfAdding" classname="LocalCMCTests" time="0.001"/>
  <testcase name="TestALotOfAdding" classname="LocalCMCTests" time="0.001"/>
  <testcase name="TestALotOfAdding" classname="LocalCMCTests" time="0.0"/>
  <testcase name="TestALotOfAdding" classname="LocalCMCTests" time="0.001"/>
  <testcase name="TestALotOfAdding" classname="LocalCMCTests" time="0.001"/>
  <testcase name="TestALotOfAdding" classname="LocalCMCTests" time="0.0"/>
  <testcase name="TestALotOfAdding" classname="LocalCMCTests" time="0.0"/>
  <testcase name="TestALotOfAdding" classname="LocalCMCTests" time="0.0"/>
  <testcase name="TestALotOfAdding" classname="LocalCMCTests" time="0.0"/>
  <testcase name="TestALotOfAdding" classname="LocalCMCTests" time="0.0"/>
  <testcase name="TestALotOfAdding" classname="LocalCMCTests" time="0.0"/>
  <testcase name="TestALotOfAdding" classname="LocalCMCTests" time="0.001"/>
  <testcase name="TestALotOfAdding" classname="LocalCMCTests" time="0.0"/>
  <testcase name="TestALotOfAdding" classname="LocalCMCTests" time="0.001"/>
  <testcase name="TestALotOfAdding" classname="LocalCMCTests" time="0.001"/>
  <testcase name="TestALotOfAdding" classname="LocalCMCTests" time="0.0"/>
  <testcase name="TestALotOfAdding" classname="LocalCMCTests" time="0.001"/>
  <testcase name="TestALotOfAdding" classname="LocalCMCTests" time="0.001"/>
  <testcase name="TestALotOfAdding" classname="LocalCMCTests" time="0.001"/>
  <testcase name="TestALotOfAdding" classname="LocalCMCTests" time="0.001"/>
  <testcase name="TestALotOfAdding" classname="LocalCMCTests" time="0.001"/>
  <testcase name="TestALotOfAdding" classname="LocalCMCTests" time="0.001"/>
  <testcase name="TestALotOfAdding" classname="LocalCMCTests" time="0.0"/>
  <testcase name="TestALotOfAdding" classname="LocalCMCTests" time="0.0"/>
  <testcase name="TestALotOfAdding" classname="LocalCMCTests" time="0.001"/>
  <testcase name="TestALotOfAdding" classname="LocalCMCTests" time="0.0"/>
  <testcase name="TestALotOfAdding" classname="LocalCMCTests" time="0.0"/>
  <testcase name="TestALotOfAdding" classname="LocalCMCTests" time="0.0"/>
  <testcase name="TestALotOfAdding" classname="LocalCMCTests" time="0.0"/>
  <testcase name="TestALotOfAdding" classname="LocalCMCTests" time="0.001"/>
  <testcase name="TestALotOfAdding" classname="LocalCMCTests" time="0.0"/>
  <testcase name="TestALotOfAdding" classname="LocalCMCTests" time="0.003"/>
  <testcase name="TestALotOfAdding" classname="LocalCMCTests" time="0.002"/>
  <testcase name="TestALotOfAdding" classname="LocalCMCTests" time="0.0"/>
  <testcase name="TestALotOfAdding" classname="LocalCMCTests" time="0.0"/>
  <testcase name="TestALotOfAdding" classname="LocalCMCTests" time="0.0"/>
  <testcase name="TestALotOfAdding" classname="LocalCMCTests" time="0.001"/>
  <testcase name="TestALotOfAdding" classname="LocalCMCTests" time="0.001"/>
  <testcase name="TestALotOfAdding" classname="LocalCMCTests" time="0.001"/>
  <testcase name="TestALotOfAdding" classname="LocalCMCTests" time="0.001"/>
  <testcase name="TestALotOfAdding" classname="LocalCMCTests" time="0.0"/>
  <testcase name="TestALotOfAdding" classname="LocalCMCTests" time="0.0"/>
  <testcase name="TestALotOfAdding" classname="LocalCMCTests" time="0.0"/>
  <testcase name="TestALotOfAdding" classname="LocalCMCTests" time="0.001"/>
  <testcase name="TestALotOfAdding" classname="LocalCMCTests" time="0.0"/>
  <testcase name="TestALotOfAdding" classname="LocalCMCTests" time="0.001"/>
  <testcase name="TestALotOfAdding" classname="LocalCMCTests" time="0.001"/>
  <testcase name="TestALotOfAdding" classname="LocalCMCTests" time="0.0"/>
  <testcase name="TestALotOfAdding" classname="LocalCMCTests" time="0.001"/>
  <testcase name="TestALotOfAdding" classname="LocalCMCTests" time="0.0"/>
  <testcase name="TestALotOfAdding" classname="LocalCMCTests" time="0.001"/>
  <testcase name="TestALotOfAdding" classname="LocalCMCTests" time="0.001"/>
  <testcase name="TestALotOfAdding" classname="LocalCMCTests" time="0.0"/>
  <testcase name="TestALotOfAdding" classname="LocalCMCTests" time="0.001"/>
  <testcase name="TestALotOfAdding" classname="LocalCMCTests" time="0.0"/>
  <testcase name="TestALotOfAdding" classname="LocalCMCTests" time="0.0"/>
  <testcase name="TestALotOfAdding" classname="LocalCMCTests" time="0.001"/>
  <testcase name="TestALotOfAdding" classname="LocalCMCTests" time="0.002"/>
  <testcase name="TestALotOfAdding" classname="LocalCMCTests" time="0.0"/>
  <testcase name="TestALotOfAdding" classname="LocalCMCTests" time="0.001"/>
  <testcase name="TestALotOfAdding" classname="LocalCMCTests" time="0.0"/>
  <testcase name="TestALotOfAdding" classname="LocalCMCTests" time="0.001"/>
  <testcase name="TestALotOfAdding" classname="LocalCMCTests" time="0.001"/>
  <testcase name="TestALotOfAdding" classname="LocalCMCTests" time="0.0"/>
  <testcase name="TestALotOfAdding" classname="LocalCMCTests" time="0.001"/>
  <testcase name="TestALotOfAdding" classname="LocalCMCTests" time="0.001"/>
  <testcase name="TestALotOfAdding" classname="LocalCMCTests" time="0.001"/>
  <testcase name="TestALotOfAdding" classname="LocalCMCTests" time="0.001"/>
  <testcase name="TestALotOfAdding" classname="LocalCMCTests" time="0.0"/>
  <testcase name="TestALotOfAdding" classname="LocalCMCTests" time="0.001"/>
  <testcase name="TestALotOfAdding" classname="LocalCMCTests" time="0.001"/>
  <testcase name="TestALotOfAdding" classname="LocalCMCTests" time="0.0"/>
  <testcase name="TestALotOfAdding" classname="LocalCMCTests" time="0.001"/>
  <testcase name="TestALotOfAdding" classname="LocalCMCTests" time="0.001"/>
  <testcase name="TestALotOfAdding" classname="LocalCMCTests" time="0.0"/>
  <testcase name="TestALotOfAdding" classname="LocalCMCTests" time="0.0"/>
  <testcase name="TestALotOfAdding" classname="LocalCMCTests" time="0.0"/>
  <testcase name="TestALotOfAdding" classname="LocalCMCTests" time="0.001"/>
  <testcase name="TestALotOfAdding" classname="LocalCMCTests" time="0.001"/>
  <testcase name="TestALotOfAdding" classname="LocalCMCTests" time="0.001"/>
  <testcase name="TestALotOfAdding" classname="LocalCMCTests" time="0.001"/>
  <testcase name="TestALotOfAdding" classname="LocalCMCTests" time="0.001"/>
  <testcase name="TestALotOfAdding" classname="LocalCMCTests" time="0.001"/>
  <testcase name="TestALotOfAdding" classname="LocalCMCTests" time="0.001"/>
  <testcase name="TestALotOfAdding" classname="LocalCMCTests" time="0.001"/>
  <testcase name="TestALotOfAdding" classname="LocalCMCTests" time="0.002"/>
  <testcase name="TestALotOfAdding" classname="LocalCMCTests" time="0.001"/>
  <system-out><![CDATA[]]></system-out>
  <system-err><![CDATA[]]></system-err>
</testsuite>
