<?xml version="1.0" encoding="UTF-8"?>
<testsuite name="LocalCMCTests" tests="30000" skipped="0" failures="0" errors="0" timestamp="2025-03-28T03:33:11" hostname="bcd074670162.ant.amazon.com" time="2.272">
  <properties/>
  <testcase name="TestALotOfAdding" classname="LocalCMCTests" time="0.0"/>
  <testcase name="TestALotOfAdding" classname="LocalCMCTests" time="0.0"/>
  <testcase name="TestALotOfAdding" classname="LocalCMCTests" time="0.0"/>
  <testcase name="TestALotOfAdding" classname="LocalCMCTests" time="0.0"/>
  <testcase name="TestALotOfAdding" classname="LocalCMCTests" time="0.0"/>
  <testcase name="TestALotOfAdding" classname="LocalCMCTests" time="0.001"/>
  <testcase name="TestALotOfAdding" classname="LocalCMCTests" time="0.001"/>
  <testcase name="TestALotOfAdding" classname="LocalCMCTests" time="0.003"/>
  <testcase name="TestALotOfAdding" classname="LocalCMCTests" time="0.004"/>
  <testcase name="TestALotOfAdding" classname="LocalCMCTests" time="0.003"/>
  <testcase name="TestALotOfAdding" classname="LocalCMCTests" time="0.003"/>
  <testcase name="TestALotOfAdding" classname="LocalCMCTests" time="0.0"/>
  <testcase name="TestALotOfAdding" classname="LocalCMCTests" time="0.0"/>
  <testcase name="TestALotOfAdding" classname="LocalCMCTests" time="0.001"/>
  <testcase name="TestALotOfAdding" classname="LocalCMCTests" time="0.0"/>
  <testcase name="TestALotOfAdding" classname="LocalCMCTests" time="0.001"/>
  <testcase name="TestALotOfAdding" classname="LocalCMCTests" time="0.001"/>
  <testcase name="TestALotOfAdding" classname="LocalCMCTests" time="0.0"/>
  <testcase name="TestALotOfAdding" classname="LocalCMCTests" time="0.001"/>
  <testcase name="TestALotOfAdding" classname="LocalCMCTests" time="0.004"/>
  <testcase name="TestALotOfAdding" classname="LocalCMCTests" time="0.0"/>
  <testcase name="TestALotOfAdding" classname="LocalCMCTests" time="0.0"/>
  <testcase name="TestALotOfAdding" classname="LocalCMCTests" time="0.001"/>
  <testcase name="TestALotOfAdding" classname="LocalCMCTests" time="0.001"/>
  <testcase name="TestALotOfAdding" classname="LocalCMCTests" time="0.001"/>
  <testcase name="TestALotOfAdding" classname="LocalCMCTests" time="0.001"/>
  <testcase name="TestALotOfAdding" classname="LocalCMCTests" time="0.001"/>
  <testcase name="TestALotOfAdding" classname="LocalCMCTests" time="0.001"/>
  <testcase name="TestALotOfAdding" classname="LocalCMCTests" time="0.0"/>
  <testcase name="TestALotOfAdding" classname="LocalCMCTests" time="0.0"/>
  <testcase name="TestALotOfAdding" classname="LocalCMCTests" time="0.001"/>
  <testcase name="TestALotOfAdding" classname="LocalCMCTests" time="0.001"/>
  <testcase name="TestALotOfAdding" classname="LocalCMCTests" time="0.001"/>
  <testcase name="TestALotOfAdding" classname="LocalCMCTests" time="0.001"/>
  <testcase name="TestALotOfAdding" classname="LocalCMCTests" time="0.0"/>
  <testcase name="TestALotOfAdding" classname="LocalCMCTests" time="0.001"/>
  <testcase name="TestALotOfAdding" classname="LocalCMCTests" time="0.001"/>
  <testcase name="TestALotOfAdding" classname="LocalCMCTests" time="0.001"/>
  <testcase name="TestALotOfAdding" classname="LocalCMCTests" time="0.001"/>
  <testcase name="TestALotOfAdding" classname="LocalCMCTests" time="0.001"/>
  <testcase name="TestALotOfAdding" classname="LocalCMCTests" time="0.002"/>
  <testcase name="TestALotOfAdding" classname="LocalCMCTests" time="0.001"/>
  <testcase name="TestALotOfAdding" classname="LocalCMCTests" time="0.0"/>
  <testcase name="TestALotOfAdding" classname="LocalCMCTests" time="0.0"/>
  <testcase name="TestALotOfAdding" classname="LocalCMCTests" time="0.001"/>
  <testcase name="TestALotOfAdding" classname="LocalCMCTests" time="0.0"/>
  <testcase name="TestALotOfAdding" classname="LocalCMCTests" time="0.0"/>
  <testcase name="TestALotOfAdding" classname="LocalCMCTests" time="0.0"/>
  <testcase name="TestALotOfAdding" classname="LocalCMCTests" time="0.001"/>
  <testcase name="TestALotOfAdding" classname="LocalCMCTests" time="0.001"/>
  <testcase name="TestALotOfAdding" classname="LocalCMCTests" time="0.002"/>
  <testcase name="TestALotOfAdding" classname="LocalCMCTests" time="0.001"/>
  <testcase name="TestALotOfAdding" classname="LocalCMCTests" time="0.001"/>
  <testcase name="TestALotOfAdding" classname="LocalCMCTests" time="0.001"/>
  <testcase name="TestALotOfAdding" classname="LocalCMCTests" time="0.001"/>
  <testcase name="TestALotOfAdding" classname="LocalCMCTests" time="0.0"/>
  <testcase name="TestALotOfAdding" classname="LocalCMCTests" time="0.001"/>
  <testcase name="TestALotOfAdding" classname="LocalCMCTests" time="0.0"/>
  <testcase name="TestALotOfAdding" classname="LocalCMCTests" time="0.001"/>
  <testcase name="TestALotOfAdding" classname="LocalCMCTests" time="0.0"/>
  <testcase name="TestALotOfAdding" classname="LocalCMCTests" time="0.0"/>
  <testcase name="TestALotOfAdding" classname="LocalCMCTests" time="0.0"/>
  <testcase name="TestALotOfAdding" classname="LocalCMCTests" time="0.0"/>
  <testcase name="TestALotOfAdding" classname="LocalCMCTests" time="0.0"/>
  <testcase name="TestALotOfAdding" classname="LocalCMCTests" time="0.001"/>
  <testcase name="TestALotOfAdding" classname="LocalCMCTests" time="0.0"/>
  <testcase name="TestALotOfAdding" classname="LocalCMCTests" time="0.0"/>
  <testcase name="TestALotOfAdding" classname="LocalCMCTests" time="0.0"/>
  <testcase name="TestALotOfAdding" classname="LocalCMCTests" time="0.003"/>
  <testcase name="TestALotOfAdding" classname="LocalCMCTests" time="0.001"/>
  <testcase name="TestALotOfAdding" classname="LocalCMCTests" time="0.001"/>
  <testcase name="TestALotOfAdding" classname="LocalCMCTests" time="0.0"/>
  <testcase name="TestALotOfAdding" classname="LocalCMCTests" time="0.0"/>
  <testcase name="TestALotOfAdding" classname="LocalCMCTests" time="0.0"/>
  <testcase name="TestALotOfAdding" classname="LocalCMCTests" time="0.0"/>
  <testcase name="TestALotOfAdding" classname="LocalCMCTests" time="0.0"/>
  <testcase name="TestALotOfAdding" classname="LocalCMCTests" time="0.001"/>
  <testcase name="TestALotOfAdding" classname="LocalCMCTests" time="0.0"/>
  <testcase name="TestALotOfAdding" classname="LocalCMCTests" time="0.001"/>
  <testcase name="TestALotOfAdding" classname="LocalCMCTests" time="0.0"/>
  <testcase name="TestALotOfAdding" classname="LocalCMCTests" time="0.002"/>
  <testcase name="TestALotOfAdding" classname="LocalCMCTests" time="0.0"/>
  <testcase name="TestALotOfAdding" classname="LocalCMCTests" time="0.002"/>
  <testcase name="TestALotOfAdding" classname="LocalCMCTests" time="0.0"/>
  <testcase name="TestALotOfAdding" classname="LocalCMCTests" time="0.0"/>
  <testcase name="TestALotOfAdding" classname="LocalCMCTests" time="0.003"/>
  <testcase name="TestALotOfAdding" classname="LocalCMCTests" time="0.0"/>
  <testcase name="TestALotOfAdding" classname="LocalCMCTests" time="0.0"/>
  <testcase name="TestALotOfAdding" classname="LocalCMCTests" time="0.0"/>
  <testcase name="TestALotOfAdding" classname="LocalCMCTests" time="0.0"/>
  <testcase name="TestALotOfAdding" classname="LocalCMCTests" time="0.001"/>
  <testcase name="TestALotOfAdding" classname="LocalCMCTests" time="0.0"/>
  <testcase name="TestALotOfAdding" classname="LocalCMCTests" time="0.0"/>
  <testcase name="TestALotOfAdding" classname="LocalCMCTests" time="0.004"/>
  <testcase name="TestALotOfAdding" classname="LocalCMCTests" time="0.0"/>
  <testcase name="TestALotOfAdding" classname="LocalCMCTests" time="0.0"/>
  <testcase name="TestALotOfAdding" classname="LocalCMCTests" time="0.0"/>
  <testcase name="TestALotOfAdding" classname="LocalCMCTests" time="0.002"/>
  <testcase name="TestALotOfAdding" classname="LocalCMCTests" time="0.0"/>
  <testcase name="TestALotOfAdding" classname="LocalCMCTests" time="0.002"/>
  <testcase name="TestALotOfAdding" classname="LocalCMCTests" time="0.003"/>
  <testcase name="TestALotOfAdding" classname="LocalCMCTests" time="0.004"/>
  <testcase name="TestALotOfAdding" classname="LocalCMCTests" time="0.004"/>
  <testcase name="TestALotOfAdding" classname="LocalCMCTests" time="0.004"/>
  <testcase name="TestALotOfAdding" classname="LocalCMCTests" time="0.004"/>
  <testcase name="TestALotOfAdding" classname="LocalCMCTests" time="0.0"/>
  <testcase name="TestALotOfAdding" classname="LocalCMCTests" time="0.001"/>
  <testcase name="TestALotOfAdding" classname="LocalCMCTests" time="0.0"/>
  <testcase name="TestALotOfAdding" classname="LocalCMCTests" time="0.001"/>
  <testcase name="TestALotOfAdding" classname="LocalCMCTests" time="0.0"/>
  <testcase name="TestALotOfAdding" classname="LocalCMCTests" time="0.0"/>
  <testcase name="TestALotOfAdding" classname="LocalCMCTests" time="0.001"/>
  <testcase name="TestALotOfAdding" classname="LocalCMCTests" time="0.0"/>
  <testcase name="TestALotOfAdding" classname="LocalCMCTests" time="0.002"/>
  <testcase name="TestALotOfAdding" classname="LocalCMCTests" time="0.001"/>
  <testcase name="TestALotOfAdding" classname="LocalCMCTests" time="0.001"/>
  <testcase name="TestALotOfAdding" classname="LocalCMCTests" time="0.0"/>
  <testcase name="TestALotOfAdding" classname="LocalCMCTests" time="0.001"/>
  <testcase name="TestALotOfAdding" classname="LocalCMCTests" time="0.001"/>
  <testcase name="TestALotOfAdding" classname="LocalCMCTests" time="0.005"/>
  <testcase name="TestALotOfAdding" classname="LocalCMCTests" time="0.0"/>
  <testcase name="TestALotOfAdding" classname="LocalCMCTests" time="0.001"/>
  <testcase name="TestALotOfAdding" classname="LocalCMCTests" time="0.0"/>
  <testcase name="TestALotOfAdding" classname="LocalCMCTests" time="0.0"/>
  <testcase name="TestALotOfAdding" classname="LocalCMCTests" time="0.0"/>
  <testcase name="TestALotOfAdding" classname="LocalCMCTests" time="0.002"/>
  <testcase name="TestALotOfAdding" classname="LocalCMCTests" time="0.0"/>
  <testcase name="TestALotOfAdding" classname="LocalCMCTests" time="0.001"/>
  <testcase name="TestALotOfAdding" classname="LocalCMCTests" time="0.0"/>
  <testcase name="TestALotOfAdding" classname="LocalCMCTests" time="0.0"/>
  <testcase name="TestALotOfAdding" classname="LocalCMCTests" time="0.002"/>
  <testcase name="TestALotOfAdding" classname="LocalCMCTests" time="0.001"/>
  <testcase name="TestALotOfAdding" classname="LocalCMCTests" time="0.0"/>
  <testcase name="TestALotOfAdding" classname="LocalCMCTests" time="0.0"/>
  <testcase name="TestALotOfAdding" classname="LocalCMCTests" time="0.001"/>
  <testcase name="TestALotOfAdding" classname="LocalCMCTests" time="0.001"/>
  <testcase name="TestALotOfAdding" classname="LocalCMCTests" time="0.001"/>
  <testcase name="TestALotOfAdding" classname="LocalCMCTests" time="0.0"/>
  <testcase name="TestALotOfAdding" classname="LocalCMCTests" time="0.001"/>
  <testcase name="TestALotOfAdding" classname="LocalCMCTests" time="0.0"/>
  <testcase name="TestALotOfAdding" classname="LocalCMCTests" time="0.001"/>
  <testcase name="TestALotOfAdding" classname="LocalCMCTests" time="0.0"/>
  <testcase name="TestALotOfAdding" classname="LocalCMCTests" time="0.001"/>
  <testcase name="TestALotOfAdding" classname="LocalCMCTests" time="0.001"/>
  <testcase name="TestALotOfAdding" classname="LocalCMCTests" time="0.001"/>
  <testcase name="TestALotOfAdding" classname="LocalCMCTests" time="0.001"/>
  <testcase name="TestALotOfAdding" classname="LocalCMCTests" time="0.0"/>
  <testcase name="TestALotOfAdding" classname="LocalCMCTests" time="0.001"/>
  <testcase name="TestALotOfAdding" classname="LocalCMCTests" time="0.001"/>
  <testcase name="TestALotOfAdding" classname="LocalCMCTests" time="0.001"/>
  <testcase name="TestALotOfAdding" classname="LocalCMCTests" time="0.001"/>
  <testcase name="TestALotOfAdding" classname="LocalCMCTests" time="0.0"/>
  <testcase name="TestALotOfAdding" classname="LocalCMCTests" time="0.0"/>
  <testcase name="TestALotOfAdding" classname="LocalCMCTests" time="0.0"/>
  <testcase name="TestALotOfAdding" classname="LocalCMCTests" time="0.0"/>
  <testcase name="TestALotOfAdding" classname="LocalCMCTests" time="0.0"/>
  <testcase name="TestALotOfAdding" classname="LocalCMCTests" time="0.0"/>
  <testcase name="TestALotOfAdding" classname="LocalCMCTests" time="0.0"/>
  <testcase name="TestALotOfAdding" classname="LocalCMCTests" time="0.001"/>
  <testcase name="TestALotOfAdding" classname="LocalCMCTests" time="0.002"/>
  <testcase name="TestALotOfAdding" classname="LocalCMCTests" time="0.001"/>
  <testcase name="TestALotOfAdding" classname="LocalCMCTests" time="0.001"/>
  <testcase name="TestALotOfAdding" classname="LocalCMCTests" time="0.017"/>
  <testcase name="TestALotOfAdding" classname="LocalCMCTests" time="0.017"/>
  <testcase name="TestALotOfAdding" classname="LocalCMCTests" time="0.017"/>
  <testcase name="TestALotOfAdding" classname="LocalCMCTests" time="0.017"/>
  <testcase name="TestALotOfAdding" classname="LocalCMCTests" time="0.017"/>
  <testcase name="TestALotOfAdding" classname="LocalCMCTests" time="0.017"/>
  <testcase name="TestALotOfAdding" classname="LocalCMCTests" time="0.017"/>
  <testcase name="TestALotOfAdding" classname="LocalCMCTests" time="0.0"/>
  <testcase name="TestALotOfAdding" classname="LocalCMCTests" time="0.0"/>
  <testcase name="TestALotOfAdding" classname="LocalCMCTests" time="0.0"/>
  <testcase name="TestALotOfAdding" classname="LocalCMCTests" time="0.0"/>
  <testcase name="TestALotOfAdding" classname="LocalCMCTests" time="0.0"/>
  <testcase name="TestALotOfAdding" classname="LocalCMCTests" time="0.0"/>
  <testcase name="TestALotOfAdding" classname="LocalCMCTests" time="0.0"/>
  <testcase name="TestALotOfAdding" classname="LocalCMCTests" time="0.0"/>
  <testcase name="TestALotOfAdding" classname="LocalCMCTests" time="0.0"/>
  <testcase name="TestALotOfAdding" classname="LocalCMCTests" time="0.0"/>
  <testcase name="TestALotOfAdding" classname="LocalCMCTests" time="0.001"/>
  <testcase name="TestALotOfAdding" classname="LocalCMCTests" time="0.001"/>
  <testcase name="TestALotOfAdding" classname="LocalCMCTests" time="0.001"/>
  <testcase name="TestALotOfAdding" classname="LocalCMCTests" time="0.0"/>
  <testcase name="TestALotOfAdding" classname="LocalCMCTests" time="0.001"/>
  <testcase name="TestALotOfAdding" classname="LocalCMCTests" time="0.001"/>
  <testcase name="TestALotOfAdding" classname="LocalCMCTests" time="0.001"/>
  <testcase name="TestALotOfAdding" classname="LocalCMCTests" time="0.0"/>
  <testcase name="TestALotOfAdding" classname="LocalCMCTests" time="0.0"/>
  <testcase name="TestALotOfAdding" classname="LocalCMCTests" time="0.0"/>
  <testcase name="TestALotOfAdding" classname="LocalCMCTests" time="0.0"/>
  <testcase name="TestALotOfAdding" classname="LocalCMCTests" time="0.001"/>
  <testcase name="TestALotOfAdding" classname="LocalCMCTests" time="0.0"/>
  <testcase name="TestALotOfAdding" classname="LocalCMCTests" time="0.001"/>
  <testcase name="TestALotOfAdding" classname="LocalCMCTests" time="0.0"/>
  <testcase name="TestALotOfAdding" classname="LocalCMCTests" time="0.001"/>
  <testcase name="TestALotOfAdding" classname="LocalCMCTests" time="0.0"/>
  <testcase name="TestALotOfAdding" classname="LocalCMCTests" time="0.001"/>
  <testcase name="TestALotOfAdding" classname="LocalCMCTests" time="0.0"/>
  <testcase name="TestALotOfAdding" classname="LocalCMCTests" time="0.001"/>
  <testcase name="TestALotOfAdding" classname="LocalCMCTests" time="0.001"/>
  <testcase name="TestALotOfAdding" classname="LocalCMCTests" time="0.001"/>
  <testcase name="TestALotOfAdding" classname="LocalCMCTests" time="0.0"/>
  <testcase name="TestALotOfAdding" classname="LocalCMCTests" time="0.001"/>
  <testcase name="TestALotOfAdding" classname="LocalCMCTests" time="0.001"/>
  <testcase name="TestALotOfAdding" classname="LocalCMCTests" time="0.001"/>
  <testcase name="TestALotOfAdding" classname="LocalCMCTests" time="0.0"/>
  <testcase name="TestALotOfAdding" classname="LocalCMCTests" time="0.001"/>
  <testcase name="TestALotOfAdding" classname="LocalCMCTests" time="0.001"/>
  <testcase name="TestALotOfAdding" classname="LocalCMCTests" time="0.002"/>
  <testcase name="TestALotOfAdding" classname="LocalCMCTests" time="0.0"/>
  <testcase name="TestALotOfAdding" classname="LocalCMCTests" time="0.001"/>
  <testcase name="TestALotOfAdding" classname="LocalCMCTests" time="0.002"/>
  <testcase name="TestALotOfAdding" classname="LocalCMCTests" time="0.001"/>
  <testcase name="TestALotOfAdding" classname="LocalCMCTests" time="0.001"/>
  <testcase name="TestALotOfAdding" classname="LocalCMCTests" time="0.001"/>
  <testcase name="TestALotOfAdding" classname="LocalCMCTests" time="0.0"/>
  <testcase name="TestALotOfAdding" classname="LocalCMCTests" time="0.002"/>
  <testcase name="TestALotOfAdding" classname="LocalCMCTests" time="0.001"/>
  <testcase name="TestALotOfAdding" classname="LocalCMCTests" time="0.0"/>
  <testcase name="TestALotOfAdding" classname="LocalCMCTests" time="0.001"/>
  <testcase name="TestALotOfAdding" classname="LocalCMCTests" time="0.001"/>
  <testcase name="TestALotOfAdding" classname="LocalCMCTests" time="0.001"/>
  <testcase name="TestALotOfAdding" classname="LocalCMCTests" time="0.001"/>
  <testcase name="TestALotOfAdding" classname="LocalCMCTests" time="0.001"/>
  <testcase name="TestALotOfAdding" classname="LocalCMCTests" time="0.0"/>
  <testcase name="TestALotOfAdding" classname="LocalCMCTests" time="0.002"/>
  <testcase name="TestALotOfAdding" classname="LocalCMCTests" time="0.0"/>
  <testcase name="TestALotOfAdding" classname="LocalCMCTests" time="0.001"/>
  <testcase name="TestALotOfAdding" classname="LocalCMCTests" time="0.0"/>
  <testcase name="TestALotOfAdding" classname="LocalCMCTests" time="0.0"/>
  <testcase name="TestALotOfAdding" classname="LocalCMCTests" time="0.0"/>
  <testcase name="TestALotOfAdding" classname="LocalCMCTests" time="0.0"/>
  <testcase name="TestALotOfAdding" classname="LocalCMCTests" time="0.001"/>
  <testcase name="TestALotOfAdding" classname="LocalCMCTests" time="0.0"/>
  <testcase name="TestALotOfAdding" classname="LocalCMCTests" time="0.0"/>
  <testcase name="TestALotOfAdding" classname="LocalCMCTests" time="0.0"/>
  <testcase name="TestALotOfAdding" classname="LocalCMCTests" time="0.001"/>
  <testcase name="TestALotOfAdding" classname="LocalCMCTests" time="0.001"/>
  <testcase name="TestALotOfAdding" classname="LocalCMCTests" time="0.001"/>
  <testcase name="TestALotOfAdding" classname="LocalCMCTests" time="0.001"/>
  <testcase name="TestALotOfAdding" classname="LocalCMCTests" time="0.0"/>
  <testcase name="TestALotOfAdding" classname="LocalCMCTests" time="0.0"/>
  <testcase name="TestALotOfAdding" classname="LocalCMCTests" time="0.0"/>
  <testcase name="TestALotOfAdding" classname="LocalCMCTests" time="0.001"/>
  <testcase name="TestALotOfAdding" classname="LocalCMCTests" time="0.001"/>
  <testcase name="TestALotOfAdding" classname="LocalCMCTests" time="0.002"/>
  <testcase name="TestALotOfAdding" classname="LocalCMCTests" time="0.001"/>
  <testcase name="TestALotOfAdding" classname="LocalCMCTests" time="0.0"/>
  <testcase name="TestALotOfAdding" classname="LocalCMCTests" time="0.001"/>
  <testcase name="TestALotOfAdding" classname="LocalCMCTests" time="0.001"/>
  <testcase name="TestALotOfAdding" classname="LocalCMCTests" time="0.001"/>
  <testcase name="TestALotOfAdding" classname="LocalCMCTests" time="0.003"/>
  <testcase name="TestALotOfAdding" classname="LocalCMCTests" time="0.003"/>
  <testcase name="TestALotOfAdding" classname="LocalCMCTests" time="0.0"/>
  <testcase name="TestALotOfAdding" classname="LocalCMCTests" time="0.0"/>
  <testcase name="TestALotOfAdding" classname="LocalCMCTests" time="0.0"/>
  <testcase name="TestALotOfAdding" classname="LocalCMCTests" time="0.001"/>
  <testcase name="TestALotOfAdding" classname="LocalCMCTests" time="0.0"/>
  <testcase name="TestALotOfAdding" classname="LocalCMCTests" time="0.001"/>
  <testcase name="TestALotOfAdding" classname="LocalCMCTests" time="0.001"/>
  <testcase name="TestALotOfAdding" classname="LocalCMCTests" time="0.001"/>
  <testcase name="TestALotOfAdding" classname="LocalCMCTests" time="0.001"/>
  <testcase name="TestALotOfAdding" classname="LocalCMCTests" time="0.0"/>
  <testcase name="TestALotOfAdding" classname="LocalCMCTests" time="0.0"/>
  <testcase name="TestALotOfAdding" classname="LocalCMCTests" time="0.002"/>
  <testcase name="TestALotOfAdding" classname="LocalCMCTests" time="0.002"/>
  <testcase name="TestALotOfAdding" classname="LocalCMCTests" time="0.0"/>
  <testcase name="TestALotOfAdding" classname="LocalCMCTests" time="0.001"/>
  <testcase name="TestALotOfAdding" classname="LocalCMCTests" time="0.001"/>
  <testcase name="TestALotOfAdding" classname="LocalCMCTests" time="0.001"/>
  <testcase name="TestALotOfAdding" classname="LocalCMCTests" time="0.0"/>
  <testcase name="TestALotOfAdding" classname="LocalCMCTests" time="0.0"/>
  <testcase name="TestALotOfAdding" classname="LocalCMCTests" time="0.002"/>
  <testcase name="TestALotOfAdding" classname="LocalCMCTests" time="0.002"/>
  <testcase name="TestALotOfAdding" classname="LocalCMCTests" time="0.002"/>
  <testcase name="TestALotOfAdding" classname="LocalCMCTests" time="0.0"/>
  <testcase name="TestALotOfAdding" classname="LocalCMCTests" time="0.0"/>
  <testcase name="TestALotOfAdding" classname="LocalCMCTests" time="0.0"/>
  <testcase name="TestALotOfAdding" classname="LocalCMCTests" time="0.002"/>
  <testcase name="TestALotOfAdding" classname="LocalCMCTests" time="0.001"/>
  <testcase name="TestALotOfAdding" classname="LocalCMCTests" time="0.002"/>
  <testcase name="TestALotOfAdding" classname="LocalCMCTests" time="0.001"/>
  <testcase name="TestALotOfAdding" classname="LocalCMCTests" time="0.001"/>
  <testcase name="TestALotOfAdding" classname="LocalCMCTests" time="0.0"/>
  <testcase name="TestALotOfAdding" classname="LocalCMCTests" time="0.0"/>
  <testcase name="TestALotOfAdding" classname="LocalCMCTests" time="0.002"/>
  <testcase name="TestALotOfAdding" classname="LocalCMCTests" time="0.0"/>
  <testcase name="TestALotOfAdding" classname="LocalCMCTests" time="0.001"/>
  <testcase name="TestALotOfAdding" classname="LocalCMCTests" time="0.0"/>
  <testcase name="TestALotOfAdding" classname="LocalCMCTests" time="0.0"/>
  <testcase name="TestALotOfAdding" classname="LocalCMCTests" time="0.001"/>
  <testcase name="TestALotOfAdding" classname="LocalCMCTests" time="0.001"/>
  <testcase name="TestALotOfAdding" classname="LocalCMCTests" time="0.003"/>
  <testcase name="TestALotOfAdding" classname="LocalCMCTests" time="0.003"/>
  <testcase name="TestALotOfAdding" classname="LocalCMCTests" time="0.002"/>
  <testcase name="TestALotOfAdding" classname="LocalCMCTests" time="0.003"/>
  <testcase name="TestALotOfAdding" classname="LocalCMCTests" time="0.004"/>
  <testcase name="TestALotOfAdding" classname="LocalCMCTests" time="0.0"/>
  <testcase name="TestALotOfAdding" classname="LocalCMCTests" time="0.0"/>
  <testcase name="TestALotOfAdding" classname="LocalCMCTests" time="0.0"/>
  <testcase name="TestALotOfAdding" classname="LocalCMCTests" time="0.0"/>
  <testcase name="TestALotOfAdding" classname="LocalCMCTests" time="0.004"/>
  <testcase name="TestALotOfAdding" classname="LocalCMCTests" time="0.0"/>
  <testcase name="TestALotOfAdding" classname="LocalCMCTests" time="0.004"/>
  <testcase name="TestALotOfAdding" classname="LocalCMCTests" time="0.0"/>
  <testcase name="TestALotOfAdding" classname="LocalCMCTests" time="0.001"/>
  <testcase name="TestALotOfAdding" classname="LocalCMCTests" time="0.001"/>
  <testcase name="TestALotOfAdding" classname="LocalCMCTests" time="0.001"/>
  <testcase name="TestALotOfAdding" classname="LocalCMCTests" time="0.001"/>
  <testcase name="TestALotOfAdding" classname="LocalCMCTests" time="0.002"/>
  <testcase name="TestALotOfAdding" classname="LocalCMCTests" time="0.003"/>
  <testcase name="TestALotOfAdding" classname="LocalCMCTests" time="0.0"/>
  <testcase name="TestALotOfAdding" classname="LocalCMCTests" time="0.004"/>
  <testcase name="TestALotOfAdding" classname="LocalCMCTests" time="0.0"/>
  <testcase name="TestALotOfAdding" classname="LocalCMCTests" time="0.0"/>
  <testcase name="TestALotOfAdding" classname="LocalCMCTests" time="0.0"/>
  <testcase name="TestALotOfAdding" classname="LocalCMCTests" time="0.001"/>
  <testcase name="TestALotOfAdding" classname="LocalCMCTests" time="0.001"/>
  <testcase name="TestALotOfAdding" classname="LocalCMCTests" time="0.001"/>
  <testcase name="TestALotOfAdding" classname="LocalCMCTests" time="0.001"/>
  <testcase name="TestALotOfAdding" classname="LocalCMCTests" time="0.0"/>
  <testcase name="TestALotOfAdding" classname="LocalCMCTests" time="0.001"/>
  <testcase name="TestALotOfAdding" classname="LocalCMCTests" time="0.001"/>
  <testcase name="TestALotOfAdding" classname="LocalCMCTests" time="0.001"/>
  <testcase name="TestALotOfAdding" classname="LocalCMCTests" time="0.001"/>
  <testcase name="TestALotOfAdding" classname="LocalCMCTests" time="0.001"/>
  <testcase name="TestALotOfAdding" classname="LocalCMCTests" time="0.001"/>
  <testcase name="TestALotOfAdding" classname="LocalCMCTests" time="0.0"/>
  <testcase name="TestALotOfAdding" classname="LocalCMCTests" time="0.0"/>
  <testcase name="TestALotOfAdding" classname="LocalCMCTests" time="0.0"/>
  <testcase name="TestALotOfAdding" classname="LocalCMCTests" time="0.0"/>
  <testcase name="TestALotOfAdding" classname="LocalCMCTests" time="0.0"/>
  <testcase name="TestALotOfAdding" classname="LocalCMCTests" time="0.0"/>
  <testcase name="TestALotOfAdding" classname="LocalCMCTests" time="0.0"/>
  <testcase name="TestALotOfAdding" classname="LocalCMCTests" time="0.0"/>
  <testcase name="TestALotOfAdding" classname="LocalCMCTests" time="0.001"/>
  <testcase name="TestALotOfAdding" classname="LocalCMCTests" time="0.0"/>
  <testcase name="TestALotOfAdding" classname="LocalCMCTests" time="0.001"/>
  <testcase name="TestALotOfAdding" classname="LocalCMCTests" time="0.0"/>
  <testcase name="TestALotOfAdding" classname="LocalCMCTests" time="0.0"/>
  <testcase name="TestALotOfAdding" classname="LocalCMCTests" time="0.0"/>
  <testcase name="TestALotOfAdding" classname="LocalCMCTests" time="0.001"/>
  <testcase name="TestALotOfAdding" classname="LocalCMCTests" time="0.001"/>
  <testcase name="TestALotOfAdding" classname="LocalCMCTests" time="0.001"/>
  <testcase name="TestALotOfAdding" classname="LocalCMCTests" time="0.001"/>
  <testcase name="TestALotOfAdding" classname="LocalCMCTests" time="0.0"/>
  <testcase name="TestALotOfAdding" classname="LocalCMCTests" time="0.001"/>
  <testcase name="TestALotOfAdding" classname="LocalCMCTests" time="0.001"/>
  <testcase name="TestALotOfAdding" classname="LocalCMCTests" time="0.0"/>
  <testcase name="TestALotOfAdding" classname="LocalCMCTests" time="0.001"/>
  <testcase name="TestALotOfAdding" classname="LocalCMCTests" time="0.001"/>
  <testcase name="TestALotOfAdding" classname="LocalCMCTests" time="0.0"/>
  <testcase name="TestALotOfAdding" classname="LocalCMCTests" time="0.0"/>
  <testcase name="TestALotOfAdding" classname="LocalCMCTests" time="0.0"/>
  <testcase name="TestALotOfAdding" classname="LocalCMCTests" time="0.0"/>
  <testcase name="TestALotOfAdding" classname="LocalCMCTests" time="0.0"/>
  <testcase name="TestALotOfAdding" classname="LocalCMCTests" time="0.0"/>
  <testcase name="TestALotOfAdding" classname="LocalCMCTests" time="0.0"/>
  <testcase name="TestALotOfAdding" classname="LocalCMCTests" time="0.0"/>
  <testcase name="TestALotOfAdding" classname="LocalCMCTests" time="0.001"/>
  <testcase name="TestALotOfAdding" classname="LocalCMCTests" time="0.001"/>
  <testcase name="TestALotOfAdding" classname="LocalCMCTests" time="0.0"/>
  <testcase name="TestALotOfAdding" classname="LocalCMCTests" time="0.001"/>
  <testcase name="TestALotOfAdding" classname="LocalCMCTests" time="0.0"/>
  <testcase name="TestALotOfAdding" classname="LocalCMCTests" time="0.0"/>
  <testcase name="TestALotOfAdding" classname="LocalCMCTests" time="0.0"/>
  <testcase name="TestALotOfAdding" classname="LocalCMCTests" time="0.003"/>
  <testcase name="TestALotOfAdding" classname="LocalCMCTests" time="0.003"/>
  <testcase name="TestALotOfAdding" classname="LocalCMCTests" time="0.0"/>
  <testcase name="TestALotOfAdding" classname="LocalCMCTests" time="0.0"/>
  <testcase name="TestALotOfAdding" classname="LocalCMCTests" time="0.0"/>
  <testcase name="TestALotOfAdding" classname="LocalCMCTests" time="0.0"/>
  <testcase name="TestALotOfAdding" classname="LocalCMCTests" time="0.0"/>
  <testcase name="TestALotOfAdding" classname="LocalCMCTests" time="0.0"/>
  <testcase name="TestALotOfAdding" classname="LocalCMCTests" time="0.0"/>
  <testcase name="TestALotOfAdding" classname="LocalCMCTests" time="0.0"/>
  <testcase name="TestALotOfAdding" classname="LocalCMCTests" time="0.001"/>
  <testcase name="TestALotOfAdding" classname="LocalCMCTests" time="0.001"/>
  <testcase name="TestALotOfAdding" classname="LocalCMCTests" time="0.002"/>
  <testcase name="TestALotOfAdding" classname="LocalCMCTests" time="0.0"/>
  <testcase name="TestALotOfAdding" classname="LocalCMCTests" time="0.0"/>
  <testcase name="TestALotOfAdding" classname="LocalCMCTests" time="0.002"/>
  <testcase name="TestALotOfAdding" classname="LocalCMCTests" time="0.0"/>
  <testcase name="TestALotOfAdding" classname="LocalCMCTests" time="0.001"/>
  <testcase name="TestALotOfAdding" classname="LocalCMCTests" time="0.0"/>
  <testcase name="TestALotOfAdding" classname="LocalCMCTests" time="0.001"/>
  <testcase name="TestALotOfAdding" classname="LocalCMCTests" time="0.004"/>
  <testcase name="TestALotOfAdding" classname="LocalCMCTests" time="0.002"/>
  <testcase name="TestALotOfAdding" classname="LocalCMCTests" time="0.0"/>
  <testcase name="TestALotOfAdding" classname="LocalCMCTests" time="0.003"/>
  <testcase name="TestALotOfAdding" classname="LocalCMCTests" time="0.0"/>
  <testcase name="TestALotOfAdding" classname="LocalCMCTests" time="0.0"/>
  <testcase name="TestALotOfAdding" classname="LocalCMCTests" time="0.003"/>
  <testcase name="TestALotOfAdding" classname="LocalCMCTests" time="0.004"/>
  <testcase name="TestALotOfAdding" classname="LocalCMCTests" time="0.0"/>
  <testcase name="TestALotOfAdding" classname="LocalCMCTests" time="0.004"/>
  <testcase name="TestALotOfAdding" classname="LocalCMCTests" time="0.0"/>
  <testcase name="TestALotOfAdding" classname="LocalCMCTests" time="0.004"/>
  <testcase name="TestALotOfAdding" classname="LocalCMCTests" time="0.0"/>
  <testcase name="TestALotOfAdding" classname="LocalCMCTests" time="0.0"/>
  <testcase name="TestALotOfAdding" classname="LocalCMCTests" time="0.0"/>
  <testcase name="TestALotOfAdding" classname="LocalCMCTests" time="0.003"/>
  <testcase name="TestALotOfAdding" classname="LocalCMCTests" time="0.0"/>
  <testcase name="TestALotOfAdding" classname="LocalCMCTests" time="0.001"/>
  <testcase name="TestALotOfAdding" classname="LocalCMCTests" time="0.006"/>
  <testcase name="TestALotOfAdding" classname="LocalCMCTests" time="0.002"/>
  <testcase name="TestALotOfAdding" classname="LocalCMCTests" time="0.001"/>
  <testcase name="TestALotOfAdding" classname="LocalCMCTests" time="0.002"/>
  <testcase name="TestALotOfAdding" classname="LocalCMCTests" time="0.0"/>
  <testcase name="TestALotOfAdding" classname="LocalCMCTests" time="0.0"/>
  <testcase name="TestALotOfAdding" classname="LocalCMCTests" time="0.002"/>
  <testcase name="TestALotOfAdding" classname="LocalCMCTests" time="0.002"/>
  <testcase name="TestALotOfAdding" classname="LocalCMCTests" time="0.0"/>
  <testcase name="TestALotOfAdding" classname="LocalCMCTests" time="0.0"/>
  <testcase name="TestALotOfAdding" classname="LocalCMCTests" time="0.001"/>
  <testcase name="TestALotOfAdding" classname="LocalCMCTests" time="0.001"/>
  <testcase name="TestALotOfAdding" classname="LocalCMCTests" time="0.001"/>
  <testcase name="TestALotOfAdding" classname="LocalCMCTests" time="0.0"/>
  <testcase name="TestALotOfAdding" classname="LocalCMCTests" time="0.0"/>
  <testcase name="TestALotOfAdding" classname="LocalCMCTests" time="0.0"/>
  <testcase name="TestALotOfAdding" classname="LocalCMCTests" time="0.0"/>
  <testcase name="TestALotOfAdding" classname="LocalCMCTests" time="0.0"/>
  <testcase name="TestALotOfAdding" classname="LocalCMCTests" time="0.001"/>
  <testcase name="TestALotOfAdding" classname="LocalCMCTests" time="0.001"/>
  <testcase name="TestALotOfAdding" classname="LocalCMCTests" time="0.001"/>
  <testcase name="TestALotOfAdding" classname="LocalCMCTests" time="0.0"/>
  <testcase name="TestALotOfAdding" classname="LocalCMCTests" time="0.0"/>
  <testcase name="TestALotOfAdding" classname="LocalCMCTests" time="0.0"/>
  <testcase name="TestALotOfAdding" classname="LocalCMCTests" time="0.001"/>
  <testcase name="TestALotOfAdding" classname="LocalCMCTests" time="0.0"/>
  <testcase name="TestALotOfAdding" classname="LocalCMCTests" time="0.0"/>
  <testcase name="TestALotOfAdding" classname="LocalCMCTests" time="0.001"/>
  <testcase name="TestALotOfAdding" classname="LocalCMCTests" time="0.0"/>
  <testcase name="TestALotOfAdding" classname="LocalCMCTests" time="0.001"/>
  <testcase name="TestALotOfAdding" classname="LocalCMCTests" time="0.0"/>
  <testcase name="TestALotOfAdding" classname="LocalCMCTests" time="0.0"/>
  <testcase name="TestALotOfAdding" classname="LocalCMCTests" time="0.0"/>
  <testcase name="TestALotOfAdding" classname="LocalCMCTests" time="0.001"/>
  <testcase name="TestALotOfAdding" classname="LocalCMCTests" time="0.002"/>
  <testcase name="TestALotOfAdding" classname="LocalCMCTests" time="0.002"/>
  <testcase name="TestALotOfAdding" classname="LocalCMCTests" time="0.002"/>
  <testcase name="TestALotOfAdding" classname="LocalCMCTests" time="0.0"/>
  <testcase name="TestALotOfAdding" classname="LocalCMCTests" time="0.0"/>
  <testcase name="TestALotOfAdding" classname="LocalCMCTests" time="0.002"/>
  <testcase name="TestALotOfAdding" classname="LocalCMCTests" time="0.0"/>
  <testcase name="TestALotOfAdding" classname="LocalCMCTests" time="0.0"/>
  <testcase name="TestALotOfAdding" classname="LocalCMCTests" time="0.0"/>
  <testcase name="TestALotOfAdding" classname="LocalCMCTests" time="0.0"/>
  <testcase name="TestALotOfAdding" classname="LocalCMCTests" time="0.0"/>
  <testcase name="TestALotOfAdding" classname="LocalCMCTests" time="0.0"/>
  <testcase name="TestALotOfAdding" classname="LocalCMCTests" time="0.0"/>
  <testcase name="TestALotOfAdding" classname="LocalCMCTests" time="0.0"/>
  <testcase name="TestALotOfAdding" classname="LocalCMCTests" time="0.001"/>
  <testcase name="TestALotOfAdding" classname="LocalCMCTests" time="0.002"/>
  <testcase name="TestALotOfAdding" classname="LocalCMCTests" time="0.002"/>
  <testcase name="TestALotOfAdding" classname="LocalCMCTests" time="0.002"/>
  <testcase name="TestALotOfAdding" classname="LocalCMCTests" time="0.0"/>
  <testcase name="TestALotOfAdding" classname="LocalCMCTests" time="0.002"/>
  <testcase name="TestALotOfAdding" classname="LocalCMCTests" time="0.0"/>
  <testcase name="TestALotOfAdding" classname="LocalCMCTests" time="0.001"/>
  <testcase name="TestALotOfAdding" classname="LocalCMCTests" time="0.001"/>
  <testcase name="TestALotOfAdding" classname="LocalCMCTests" time="0.001"/>
  <testcase name="TestALotOfAdding" classname="LocalCMCTests" time="0.001"/>
  <testcase name="TestALotOfAdding" classname="LocalCMCTests" time="0.001"/>
  <testcase name="TestALotOfAdding" classname="LocalCMCTests" time="0.0"/>
  <testcase name="TestALotOfAdding" classname="LocalCMCTests" time="0.001"/>
  <testcase name="TestALotOfAdding" classname="LocalCMCTests" time="0.0"/>
  <testcase name="TestALotOfAdding" classname="LocalCMCTests" time="0.0"/>
  <testcase name="TestALotOfAdding" classname="LocalCMCTests" time="0.0"/>
  <testcase name="TestALotOfAdding" classname="LocalCMCTests" time="0.0"/>
  <testcase name="TestALotOfAdding" classname="LocalCMCTests" time="0.001"/>
  <testcase name="TestALotOfAdding" classname="LocalCMCTests" time="0.001"/>
  <testcase name="TestALotOfAdding" classname="LocalCMCTests" time="0.001"/>
  <testcase name="TestALotOfAdding" classname="LocalCMCTests" time="0.001"/>
  <testcase name="TestALotOfAdding" classname="LocalCMCTests" time="0.001"/>
  <testcase name="TestALotOfAdding" classname="LocalCMCTests" time="0.001"/>
  <testcase name="TestALotOfAdding" classname="LocalCMCTests" time="0.001"/>
  <testcase name="TestALotOfAdding" classname="LocalCMCTests" time="0.001"/>
  <testcase name="TestALotOfAdding" classname="LocalCMCTests" time="0.0"/>
  <testcase name="TestALotOfAdding" classname="LocalCMCTests" time="0.0"/>
  <testcase name="TestALotOfAdding" classname="LocalCMCTests" time="0.001"/>
  <testcase name="TestALotOfAdding" classname="LocalCMCTests" time="0.0"/>
  <testcase name="TestALotOfAdding" classname="LocalCMCTests" time="0.0"/>
  <testcase name="TestALotOfAdding" classname="LocalCMCTests" time="0.0"/>
  <testcase name="TestALotOfAdding" classname="LocalCMCTests" time="0.0"/>
  <testcase name="TestALotOfAdding" classname="LocalCMCTests" time="0.0"/>
  <testcase name="TestALotOfAdding" classname="LocalCMCTests" time="0.0"/>
  <testcase name="TestALotOfAdding" classname="LocalCMCTests" time="0.001"/>
  <testcase name="TestALotOfAdding" classname="LocalCMCTests" time="0.001"/>
  <testcase name="TestALotOfAdding" classname="LocalCMCTests" time="0.001"/>
  <testcase name="TestALotOfAdding" classname="LocalCMCTests" time="0.001"/>
  <testcase name="TestALotOfAdding" classname="LocalCMCTests" time="0.001"/>
  <testcase name="TestALotOfAdding" classname="LocalCMCTests" time="0.001"/>
  <testcase name="TestALotOfAdding" classname="LocalCMCTests" time="0.001"/>
  <testcase name="TestALotOfAdding" classname="LocalCMCTests" time="0.0"/>
  <testcase name="TestALotOfAdding" classname="LocalCMCTests" time="0.001"/>
  <testcase name="TestALotOfAdding" classname="LocalCMCTests" time="0.0"/>
  <testcase name="TestALotOfAdding" classname="LocalCMCTests" time="0.0"/>
  <testcase name="TestALotOfAdding" classname="LocalCMCTests" time="0.001"/>
  <testcase name="TestALotOfAdding" classname="LocalCMCTests" time="0.001"/>
  <testcase name="TestALotOfAdding" classname="LocalCMCTests" time="0.002"/>
  <testcase name="TestALotOfAdding" classname="LocalCMCTests" time="0.0"/>
  <testcase name="TestALotOfAdding" classname="LocalCMCTests" time="0.001"/>
  <testcase name="TestALotOfAdding" classname="LocalCMCTests" time="0.0"/>
  <testcase name="TestALotOfAdding" classname="LocalCMCTests" time="0.001"/>
  <testcase name="TestALotOfAdding" classname="LocalCMCTests" time="0.0"/>
  <testcase name="TestALotOfAdding" classname="LocalCMCTests" time="0.001"/>
  <testcase name="TestALotOfAdding" classname="LocalCMCTests" time="0.0"/>
  <testcase name="TestALotOfAdding" classname="LocalCMCTests" time="0.0"/>
  <testcase name="TestALotOfAdding" classname="LocalCMCTests" time="0.0"/>
  <testcase name="TestALotOfAdding" classname="LocalCMCTests" time="0.001"/>
  <testcase name="TestALotOfAdding" classname="LocalCMCTests" time="0.001"/>
  <testcase name="TestALotOfAdding" classname="LocalCMCTests" time="0.002"/>
  <testcase name="TestALotOfAdding" classname="LocalCMCTests" time="0.002"/>
  <testcase name="TestALotOfAdding" classname="LocalCMCTests" time="0.002"/>
  <testcase name="TestALotOfAdding" classname="LocalCMCTests" time="0.0"/>
  <testcase name="TestALotOfAdding" classname="LocalCMCTests" time="0.004"/>
  <testcase name="TestALotOfAdding" classname="LocalCMCTests" time="0.0"/>
  <testcase name="TestALotOfAdding" classname="LocalCMCTests" time="0.001"/>
  <testcase name="TestALotOfAdding" classname="LocalCMCTests" time="0.001"/>
  <testcase name="TestALotOfAdding" classname="LocalCMCTests" time="0.0"/>
  <testcase name="TestALotOfAdding" classname="LocalCMCTests" time="0.001"/>
  <testcase name="TestALotOfAdding" classname="LocalCMCTests" time="0.002"/>
  <testcase name="TestALotOfAdding" classname="LocalCMCTests" time="0.002"/>
  <testcase name="TestALotOfAdding" classname="LocalCMCTests" time="0.0"/>
  <testcase name="TestALotOfAdding" classname="LocalCMCTests" time="0.001"/>
  <testcase name="TestALotOfAdding" classname="LocalCMCTests" time="0.001"/>
  <testcase name="TestALotOfAdding" classname="LocalCMCTests" time="0.001"/>
  <testcase name="TestALotOfAdding" classname="LocalCMCTests" time="0.001"/>
  <testcase name="TestALotOfAdding" classname="LocalCMCTests" time="0.0"/>
  <testcase name="TestALotOfAdding" classname="LocalCMCTests" time="0.001"/>
  <testcase name="TestALotOfAdding" classname="LocalCMCTests" time="0.001"/>
  <testcase name="TestALotOfAdding" classname="LocalCMCTests" time="0.001"/>
  <testcase name="TestALotOfAdding" classname="LocalCMCTests" time="0.002"/>
  <testcase name="TestALotOfAdding" classname="LocalCMCTests" time="0.001"/>
  <testcase name="TestALotOfAdding" classname="LocalCMCTests" time="0.001"/>
  <testcase name="TestALotOfAdding" classname="LocalCMCTests" time="0.001"/>
  <testcase name="TestALotOfAdding" classname="LocalCMCTests" time="0.001"/>
  <testcase name="TestALotOfAdding" classname="LocalCMCTests" time="0.001"/>
  <testcase name="TestALotOfAdding" classname="LocalCMCTests" time="0.0"/>
  <testcase name="TestALotOfAdding" classname="LocalCMCTests" time="0.001"/>
  <testcase name="TestALotOfAdding" classname="LocalCMCTests" time="0.0"/>
  <testcase name="TestALotOfAdding" classname="LocalCMCTests" time="0.001"/>
  <testcase name="TestALotOfAdding" classname="LocalCMCTests" time="0.001"/>
  <testcase name="TestALotOfAdding" classname="LocalCMCTests" time="0.001"/>
  <testcase name="TestALotOfAdding" classname="LocalCMCTests" time="0.0"/>
  <testcase name="TestALotOfAdding" classname="LocalCMCTests" time="0.001"/>
  <testcase name="TestALotOfAdding" classname="LocalCMCTests" time="0.001"/>
  <testcase name="TestALotOfAdding" classname="LocalCMCTests" time="0.001"/>
  <testcase name="TestALotOfAdding" classname="LocalCMCTests" time="0.0"/>
  <testcase name="TestALotOfAdding" classname="LocalCMCTests" time="0.002"/>
  <testcase name="TestALotOfAdding" classname="LocalCMCTests" time="0.001"/>
  <testcase name="TestALotOfAdding" classname="LocalCMCTests" time="0.001"/>
  <testcase name="TestALotOfAdding" classname="LocalCMCTests" time="0.0"/>
  <testcase name="TestALotOfAdding" classname="LocalCMCTests" time="0.001"/>
  <testcase name="TestALotOfAdding" classname="LocalCMCTests" time="0.0"/>
  <testcase name="TestALotOfAdding" classname="LocalCMCTests" time="0.0"/>
  <testcase name="TestALotOfAdding" classname="LocalCMCTests" time="0.001"/>
  <testcase name="TestALotOfAdding" classname="LocalCMCTests" time="0.001"/>
  <testcase name="TestALotOfAdding" classname="LocalCMCTests" time="0.001"/>
  <testcase name="TestALotOfAdding" classname="LocalCMCTests" time="0.001"/>
  <testcase name="TestALotOfAdding" classname="LocalCMCTests" time="0.0"/>
  <testcase name="TestALotOfAdding" classname="LocalCMCTests" time="0.0"/>
  <testcase name="TestALotOfAdding" classname="LocalCMCTests" time="0.001"/>
  <testcase name="TestALotOfAdding" classname="LocalCMCTests" time="0.001"/>
  <testcase name="TestALotOfAdding" classname="LocalCMCTests" time="0.0"/>
  <testcase name="TestALotOfAdding" classname="LocalCMCTests" time="0.001"/>
  <testcase name="TestALotOfAdding" classname="LocalCMCTests" time="0.0"/>
  <testcase name="TestALotOfAdding" classname="LocalCMCTests" time="0.001"/>
  <testcase name="TestALotOfAdding" classname="LocalCMCTests" time="0.0"/>
  <testcase name="TestALotOfAdding" classname="LocalCMCTests" time="0.0"/>
  <testcase name="TestALotOfAdding" classname="LocalCMCTests" time="0.001"/>
  <testcase name="TestALotOfAdding" classname="LocalCMCTests" time="0.001"/>
  <testcase name="TestALotOfAdding" classname="LocalCMCTests" time="0.001"/>
  <testcase name="TestALotOfAdding" classname="LocalCMCTests" time="0.001"/>
  <testcase name="TestALotOfAdding" classname="LocalCMCTests" time="0.001"/>
  <testcase name="TestALotOfAdding" classname="LocalCMCTests" time="0.001"/>
  <testcase name="TestALotOfAdding" classname="LocalCMCTests" time="0.002"/>
  <testcase name="TestALotOfAdding" classname="LocalCMCTests" time="0.001"/>
  <testcase name="TestALotOfAdding" classname="LocalCMCTests" time="0.0"/>
  <testcase name="TestALotOfAdding" classname="LocalCMCTests" time="0.001"/>
  <testcase name="TestALotOfAdding" classname="LocalCMCTests" time="0.0"/>
  <testcase name="TestALotOfAdding" classname="LocalCMCTests" time="0.001"/>
  <testcase name="TestALotOfAdding" classname="LocalCMCTests" time="0.001"/>
  <testcase name="TestALotOfAdding" classname="LocalCMCTests" time="0.001"/>
  <testcase name="TestALotOfAdding" classname="LocalCMCTests" time="0.001"/>
  <testcase name="TestALotOfAdding" classname="LocalCMCTests" time="0.001"/>
  <testcase name="TestALotOfAdding" classname="LocalCMCTests" time="0.001"/>
  <testcase name="TestALotOfAdding" classname="LocalCMCTests" time="0.0"/>
  <testcase name="TestALotOfAdding" classname="LocalCMCTests" time="0.0"/>
  <testcase name="TestALotOfAdding" classname="LocalCMCTests" time="0.0"/>
  <testcase name="TestALotOfAdding" classname="LocalCMCTests" time="0.0"/>
  <testcase name="TestALotOfAdding" classname="LocalCMCTests" time="0.0"/>
  <testcase name="TestALotOfAdding" classname="LocalCMCTests" time="0.001"/>
  <testcase name="TestALotOfAdding" classname="LocalCMCTests" time="0.002"/>
  <testcase name="TestALotOfAdding" classname="LocalCMCTests" time="0.002"/>
  <testcase name="TestALotOfAdding" classname="LocalCMCTests" time="0.002"/>
  <testcase name="TestALotOfAdding" classname="LocalCMCTests" time="0.0"/>
  <testcase name="TestALotOfAdding" classname="LocalCMCTests" time="0.001"/>
  <testcase name="TestALotOfAdding" classname="LocalCMCTests" time="0.002"/>
  <testcase name="TestALotOfAdding" classname="LocalCMCTests" time="0.0"/>
  <testcase name="TestALotOfAdding" classname="LocalCMCTests" time="0.001"/>
  <testcase name="TestALotOfAdding" classname="LocalCMCTests" time="0.001"/>
  <testcase name="TestALotOfAdding" classname="LocalCMCTests" time="0.001"/>
  <testcase name="TestALotOfAdding" classname="LocalCMCTests" time="0.0"/>
  <testcase name="TestALotOfAdding" classname="LocalCMCTests" time="0.001"/>
  <testcase name="TestALotOfAdding" classname="LocalCMCTests" time="0.0"/>
  <testcase name="TestALotOfAdding" classname="LocalCMCTests" time="0.001"/>
  <testcase name="TestALotOfAdding" classname="LocalCMCTests" time="0.001"/>
  <testcase name="TestALotOfAdding" classname="LocalCMCTests" time="0.001"/>
  <testcase name="TestALotOfAdding" classname="LocalCMCTests" time="0.0"/>
  <testcase name="TestALotOfAdding" classname="LocalCMCTests" time="0.002"/>
  <testcase name="TestALotOfAdding" classname="LocalCMCTests" time="0.0"/>
  <testcase name="TestALotOfAdding" classname="LocalCMCTests" time="0.001"/>
  <testcase name="TestALotOfAdding" classname="LocalCMCTests" time="0.0"/>
  <testcase name="TestALotOfAdding" classname="LocalCMCTests" time="0.001"/>
  <testcase name="TestALotOfAdding" classname="LocalCMCTests" time="0.002"/>
  <testcase name="TestALotOfAdding" classname="LocalCMCTests" time="0.002"/>
  <testcase name="TestALotOfAdding" classname="LocalCMCTests" time="0.0"/>
  <testcase name="TestALotOfAdding" classname="LocalCMCTests" time="0.001"/>
  <testcase name="TestALotOfAdding" classname="LocalCMCTests" time="0.001"/>
  <testcase name="TestALotOfAdding" classname="LocalCMCTests" time="0.0"/>
  <testcase name="TestALotOfAdding" classname="LocalCMCTests" time="0.002"/>
  <testcase name="TestALotOfAdding" classname="LocalCMCTests" time="0.001"/>
  <testcase name="TestALotOfAdding" classname="LocalCMCTests" time="0.0"/>
  <testcase name="TestALotOfAdding" classname="LocalCMCTests" time="0.0"/>
  <testcase name="TestALotOfAdding" classname="LocalCMCTests" time="0.001"/>
  <testcase name="TestALotOfAdding" classname="LocalCMCTests" time="0.001"/>
  <testcase name="TestALotOfAdding" classname="LocalCMCTests" time="0.001"/>
  <testcase name="TestALotOfAdding" classname="LocalCMCTests" time="0.0"/>
  <testcase name="TestALotOfAdding" classname="LocalCMCTests" time="0.0"/>
  <testcase name="TestALotOfAdding" classname="LocalCMCTests" time="0.0"/>
  <testcase name="TestALotOfAdding" classname="LocalCMCTests" time="0.001"/>
  <testcase name="TestALotOfAdding" classname="LocalCMCTests" time="0.001"/>
  <testcase name="TestALotOfAdding" classname="LocalCMCTests" time="0.001"/>
  <testcase name="TestALotOfAdding" classname="LocalCMCTests" time="0.001"/>
  <testcase name="TestALotOfAdding" classname="LocalCMCTests" time="0.0"/>
  <testcase name="TestALotOfAdding" classname="LocalCMCTests" time="0.001"/>
  <testcase name="TestALotOfAdding" classname="LocalCMCTests" time="0.002"/>
  <testcase name="TestALotOfAdding" classname="LocalCMCTests" time="0.001"/>
  <testcase name="TestALotOfAdding" classname="LocalCMCTests" time="0.001"/>
  <testcase name="TestALotOfAdding" classname="LocalCMCTests" time="0.001"/>
  <testcase name="TestALotOfAdding" classname="LocalCMCTests" time="0.0"/>
  <testcase name="TestALotOfAdding" classname="LocalCMCTests" time="0.001"/>
  <testcase name="TestALotOfAdding" classname="LocalCMCTests" time="0.0"/>
  <testcase name="TestALotOfAdding" classname="LocalCMCTests" time="0.0"/>
  <testcase name="TestALotOfAdding" classname="LocalCMCTests" time="0.0"/>
  <testcase name="TestALotOfAdding" classname="LocalCMCTests" time="0.001"/>
  <testcase name="TestALotOfAdding" classname="LocalCMCTests" time="0.001"/>
  <testcase name="TestALotOfAdding" classname="LocalCMCTests" time="0.0"/>
  <testcase name="TestALotOfAdding" classname="LocalCMCTests" time="0.001"/>
  <testcase name="TestALotOfAdding" classname="LocalCMCTests" time="0.0"/>
  <testcase name="TestALotOfAdding" classname="LocalCMCTests" time="0.001"/>
  <testcase name="TestALotOfAdding" classname="LocalCMCTests" time="0.001"/>
  <testcase name="TestALotOfAdding" classname="LocalCMCTests" time="0.001"/>
  <testcase name="TestALotOfAdding" classname="LocalCMCTests" time="0.001"/>
  <testcase name="TestALotOfAdding" classname="LocalCMCTests" time="0.0"/>
  <testcase name="TestALotOfAdding" classname="LocalCMCTests" time="0.0"/>
  <testcase name="TestALotOfAdding" classname="LocalCMCTests" time="0.001"/>
  <testcase name="TestALotOfAdding" classname="LocalCMCTests" time="0.002"/>
  <testcase name="TestALotOfAdding" classname="LocalCMCTests" time="0.002"/>
  <testcase name="TestALotOfAdding" classname="LocalCMCTests" time="0.001"/>
  <testcase name="TestALotOfAdding" classname="LocalCMCTests" time="0.0"/>
  <testcase name="TestALotOfAdding" classname="LocalCMCTests" time="0.001"/>
  <testcase name="TestALotOfAdding" classname="LocalCMCTests" time="0.001"/>
  <testcase name="TestALotOfAdding" classname="LocalCMCTests" time="0.001"/>
  <testcase name="TestALotOfAdding" classname="LocalCMCTests" time="0.001"/>
  <testcase name="TestALotOfAdding" classname="LocalCMCTests" time="0.001"/>
  <testcase name="TestALotOfAdding" classname="LocalCMCTests" time="0.0"/>
  <testcase name="TestALotOfAdding" classname="LocalCMCTests" time="0.002"/>
  <testcase name="TestALotOfAdding" classname="LocalCMCTests" time="0.001"/>
  <testcase name="TestALotOfAdding" classname="LocalCMCTests" time="0.001"/>
  <testcase name="TestALotOfAdding" classname="LocalCMCTests" time="0.001"/>
  <testcase name="TestALotOfAdding" classname="LocalCMCTests" time="0.001"/>
  <testcase name="TestALotOfAdding" classname="LocalCMCTests" time="0.0"/>
  <testcase name="TestALotOfAdding" classname="LocalCMCTests" time="0.001"/>
  <testcase name="TestALotOfAdding" classname="LocalCMCTests" time="0.001"/>
  <testcase name="TestALotOfAdding" classname="LocalCMCTests" time="0.001"/>
  <testcase name="TestALotOfAdding" classname="LocalCMCTests" time="0.002"/>
  <testcase name="TestALotOfAdding" classname="LocalCMCTests" time="0.001"/>
  <testcase name="TestALotOfAdding" classname="LocalCMCTests" time="0.0"/>
  <testcase name="TestALotOfAdding" classname="LocalCMCTests" time="0.0"/>
  <testcase name="TestALotOfAdding" classname="LocalCMCTests" time="0.0"/>
  <testcase name="TestALotOfAdding" classname="LocalCMCTests" time="0.0"/>
  <testcase name="TestALotOfAdding" classname="LocalCMCTests" time="0.0"/>
  <testcase name="TestALotOfAdding" classname="LocalCMCTests" time="0.0"/>
  <testcase name="TestALotOfAdding" classname="LocalCMCTests" time="0.001"/>
  <testcase name="TestALotOfAdding" classname="LocalCMCTests" time="0.001"/>
  <testcase name="TestALotOfAdding" classname="LocalCMCTests" time="0.0"/>
  <testcase name="TestALotOfAdding" classname="LocalCMCTests" time="0.001"/>
  <testcase name="TestALotOfAdding" classname="LocalCMCTests" time="0.0"/>
  <testcase name="TestALotOfAdding" classname="LocalCMCTests" time="0.001"/>
  <testcase name="TestALotOfAdding" classname="LocalCMCTests" time="0.0"/>
  <testcase name="TestALotOfAdding" classname="LocalCMCTests" time="0.001"/>
  <testcase name="TestALotOfAdding" classname="LocalCMCTests" time="0.001"/>
  <testcase name="TestALotOfAdding" classname="LocalCMCTests" time="0.001"/>
  <testcase name="TestALotOfAdding" classname="LocalCMCTests" time="0.001"/>
  <testcase name="TestALotOfAdding" classname="LocalCMCTests" time="0.0"/>
  <testcase name="TestALotOfAdding" classname="LocalCMCTests" time="0.001"/>
  <testcase name="TestALotOfAdding" classname="LocalCMCTests" time="0.0"/>
  <testcase name="TestALotOfAdding" classname="LocalCMCTests" time="0.001"/>
  <testcase name="TestALotOfAdding" classname="LocalCMCTests" time="0.001"/>
  <testcase name="TestALotOfAdding" classname="LocalCMCTests" time="0.002"/>
  <testcase name="TestALotOfAdding" classname="LocalCMCTests" time="0.0"/>
  <testcase name="TestALotOfAdding" classname="LocalCMCTests" time="0.0"/>
  <testcase name="TestALotOfAdding" classname="LocalCMCTests" time="0.001"/>
  <testcase name="TestALotOfAdding" classname="LocalCMCTests" time="0.0"/>
  <testcase name="TestALotOfAdding" classname="LocalCMCTests" time="0.001"/>
  <testcase name="TestALotOfAdding" classname="LocalCMCTests" time="0.0"/>
  <testcase name="TestALotOfAdding" classname="LocalCMCTests" time="0.001"/>
  <testcase name="TestALotOfAdding" classname="LocalCMCTests" time="0.0"/>
  <testcase name="TestALotOfAdding" classname="LocalCMCTests" time="0.002"/>
  <testcase name="TestALotOfAdding" classname="LocalCMCTests" time="0.003"/>
  <testcase name="TestALotOfAdding" classname="LocalCMCTests" time="0.002"/>
  <testcase name="TestALotOfAdding" classname="LocalCMCTests" time="0.0"/>
  <testcase name="TestALotOfAdding" classname="LocalCMCTests" time="0.001"/>
  <testcase name="TestALotOfAdding" classname="LocalCMCTests" time="0.0"/>
  <testcase name="TestALotOfAdding" classname="LocalCMCTests" time="0.0"/>
  <testcase name="TestALotOfAdding" classname="LocalCMCTests" time="0.001"/>
  <testcase name="TestALotOfAdding" classname="LocalCMCTests" time="0.0"/>
  <testcase name="TestALotOfAdding" classname="LocalCMCTests" time="0.001"/>
  <testcase name="TestALotOfAdding" classname="LocalCMCTests" time="0.0"/>
  <testcase name="TestALotOfAdding" classname="LocalCMCTests" time="0.001"/>
  <testcase name="TestALotOfAdding" classname="LocalCMCTests" time="0.001"/>
  <testcase name="TestALotOfAdding" classname="LocalCMCTests" time="0.0"/>
  <testcase name="TestALotOfAdding" classname="LocalCMCTests" time="0.0"/>
  <testcase name="TestALotOfAdding" classname="LocalCMCTests" time="0.0"/>
  <testcase name="TestALotOfAdding" classname="LocalCMCTests" time="0.001"/>
  <testcase name="TestALotOfAdding" classname="LocalCMCTests" time="0.001"/>
  <testcase name="TestALotOfAdding" classname="LocalCMCTests" time="0.0"/>
  <testcase name="TestALotOfAdding" classname="LocalCMCTests" time="0.0"/>
  <testcase name="TestALotOfAdding" classname="LocalCMCTests" time="0.0"/>
  <testcase name="TestALotOfAdding" classname="LocalCMCTests" time="0.001"/>
  <testcase name="TestALotOfAdding" classname="LocalCMCTests" time="0.002"/>
  <testcase name="TestALotOfAdding" classname="LocalCMCTests" time="0.001"/>
  <testcase name="TestALotOfAdding" classname="LocalCMCTests" time="0.001"/>
  <testcase name="TestALotOfAdding" classname="LocalCMCTests" time="0.001"/>
  <testcase name="TestALotOfAdding" classname="LocalCMCTests" time="0.002"/>
  <testcase name="TestALotOfAdding" classname="LocalCMCTests" time="0.001"/>
  <testcase name="TestALotOfAdding" classname="LocalCMCTests" time="0.001"/>
  <testcase name="TestALotOfAdding" classname="LocalCMCTests" time="0.001"/>
  <testcase name="TestALotOfAdding" classname="LocalCMCTests" time="0.001"/>
  <testcase name="TestALotOfAdding" classname="LocalCMCTests" time="0.0"/>
  <testcase name="TestALotOfAdding" classname="LocalCMCTests" time="0.001"/>
  <testcase name="TestALotOfAdding" classname="LocalCMCTests" time="0.001"/>
  <testcase name="TestALotOfAdding" classname="LocalCMCTests" time="0.002"/>
  <testcase name="TestALotOfAdding" classname="LocalCMCTests" time="0.001"/>
  <testcase name="TestALotOfAdding" classname="LocalCMCTests" time="0.001"/>
  <testcase name="TestALotOfAdding" classname="LocalCMCTests" time="0.0"/>
  <testcase name="TestALotOfAdding" classname="LocalCMCTests" time="0.001"/>
  <testcase name="TestALotOfAdding" classname="LocalCMCTests" time="0.0"/>
  <testcase name="TestALotOfAdding" classname="LocalCMCTests" time="0.0"/>
  <testcase name="TestALotOfAdding" classname="LocalCMCTests" time="0.001"/>
  <testcase name="TestALotOfAdding" classname="LocalCMCTests" time="0.0"/>
  <testcase name="TestALotOfAdding" classname="LocalCMCTests" time="0.0"/>
  <testcase name="TestALotOfAdding" classname="LocalCMCTests" time="0.001"/>
  <testcase name="TestALotOfAdding" classname="LocalCMCTests" time="0.001"/>
  <testcase name="TestALotOfAdding" classname="LocalCMCTests" time="0.0"/>
  <testcase name="TestALotOfAdding" classname="LocalCMCTests" time="0.0"/>
  <testcase name="TestALotOfAdding" classname="LocalCMCTests" time="0.001"/>
  <testcase name="TestALotOfAdding" classname="LocalCMCTests" time="0.0"/>
  <testcase name="TestALotOfAdding" classname="LocalCMCTests" time="0.001"/>
  <testcase name="TestALotOfAdding" classname="LocalCMCTests" time="0.0"/>
  <testcase name="TestALotOfAdding" classname="LocalCMCTests" time="0.0"/>
  <testcase name="TestALotOfAdding" classname="LocalCMCTests" time="0.001"/>
  <testcase name="TestALotOfAdding" classname="LocalCMCTests" time="0.0"/>
  <testcase name="TestALotOfAdding" classname="LocalCMCTests" time="0.0"/>
  <testcase name="TestALotOfAdding" classname="LocalCMCTests" time="0.0"/>
  <testcase name="TestALotOfAdding" classname="LocalCMCTests" time="0.001"/>
  <testcase name="TestALotOfAdding" classname="LocalCMCTests" time="0.002"/>
  <testcase name="TestALotOfAdding" classname="LocalCMCTests" time="0.002"/>
  <testcase name="TestALotOfAdding" classname="LocalCMCTests" time="0.001"/>
  <testcase name="TestALotOfAdding" classname="LocalCMCTests" time="0.001"/>
  <testcase name="TestALotOfAdding" classname="LocalCMCTests" time="0.002"/>
  <testcase name="TestALotOfAdding" classname="LocalCMCTests" time="0.0"/>
  <testcase name="TestALotOfAdding" classname="LocalCMCTests" time="0.001"/>
  <testcase name="TestALotOfAdding" classname="LocalCMCTests" time="0.0"/>
  <testcase name="TestALotOfAdding" classname="LocalCMCTests" time="0.0"/>
  <testcase name="TestALotOfAdding" classname="LocalCMCTests" time="0.001"/>
  <testcase name="TestALotOfAdding" classname="LocalCMCTests" time="0.001"/>
  <testcase name="TestALotOfAdding" classname="LocalCMCTests" time="0.001"/>
  <testcase name="TestALotOfAdding" classname="LocalCMCTests" time="0.0"/>
  <testcase name="TestALotOfAdding" classname="LocalCMCTests" time="0.0"/>
  <testcase name="TestALotOfAdding" classname="LocalCMCTests" time="0.0"/>
  <testcase name="TestALotOfAdding" classname="LocalCMCTests" time="0.001"/>
  <testcase name="TestALotOfAdding" classname="LocalCMCTests" time="0.001"/>
  <testcase name="TestALotOfAdding" classname="LocalCMCTests" time="0.001"/>
  <testcase name="TestALotOfAdding" classname="LocalCMCTests" time="0.0"/>
  <testcase name="TestALotOfAdding" classname="LocalCMCTests" time="0.001"/>
  <testcase name="TestALotOfAdding" classname="LocalCMCTests" time="0.0"/>
  <testcase name="TestALotOfAdding" classname="LocalCMCTests" time="0.001"/>
  <testcase name="TestALotOfAdding" classname="LocalCMCTests" time="0.0"/>
  <testcase name="TestALotOfAdding" classname="LocalCMCTests" time="0.001"/>
  <testcase name="TestALotOfAdding" classname="LocalCMCTests" time="0.0"/>
  <testcase name="TestALotOfAdding" classname="LocalCMCTests" time="0.002"/>
  <testcase name="TestALotOfAdding" classname="LocalCMCTests" time="0.001"/>
  <testcase name="TestALotOfAdding" classname="LocalCMCTests" time="0.0"/>
  <testcase name="TestALotOfAdding" classname="LocalCMCTests" time="0.0"/>
  <testcase name="TestALotOfAdding" classname="LocalCMCTests" time="0.0"/>
  <testcase name="TestALotOfAdding" classname="LocalCMCTests" time="0.0"/>
  <testcase name="TestALotOfAdding" classname="LocalCMCTests" time="0.001"/>
  <testcase name="TestALotOfAdding" classname="LocalCMCTests" time="0.002"/>
  <testcase name="TestALotOfAdding" classname="LocalCMCTests" time="0.001"/>
  <testcase name="TestALotOfAdding" classname="LocalCMCTests" time="0.001"/>
  <testcase name="TestALotOfAdding" classname="LocalCMCTests" time="0.0"/>
  <testcase name="TestALotOfAdding" classname="LocalCMCTests" time="0.001"/>
  <testcase name="TestALotOfAdding" classname="LocalCMCTests" time="0.0"/>
  <testcase name="TestALotOfAdding" classname="LocalCMCTests" time="0.0"/>
  <testcase name="TestALotOfAdding" classname="LocalCMCTests" time="0.0"/>
  <testcase name="TestALotOfAdding" classname="LocalCMCTests" time="0.001"/>
  <testcase name="TestALotOfAdding" classname="LocalCMCTests" time="0.002"/>
  <testcase name="TestALotOfAdding" classname="LocalCMCTests" time="0.0"/>
  <testcase name="TestALotOfAdding" classname="LocalCMCTests" time="0.002"/>
  <testcase name="TestALotOfAdding" classname="LocalCMCTests" time="0.001"/>
  <testcase name="TestALotOfAdding" classname="LocalCMCTests" time="0.0"/>
  <testcase name="TestALotOfAdding" classname="LocalCMCTests" time="0.001"/>
  <testcase name="TestALotOfAdding" classname="LocalCMCTests" time="0.001"/>
  <testcase name="TestALotOfAdding" classname="LocalCMCTests" time="0.0"/>
  <testcase name="TestALotOfAdding" classname="LocalCMCTests" time="0.001"/>
  <testcase name="TestALotOfAdding" classname="LocalCMCTests" time="0.0"/>
  <testcase name="TestALotOfAdding" classname="LocalCMCTests" time="0.001"/>
  <testcase name="TestALotOfAdding" classname="LocalCMCTests" time="0.0"/>
  <testcase name="TestALotOfAdding" classname="LocalCMCTests" time="0.001"/>
  <testcase name="TestALotOfAdding" classname="LocalCMCTests" time="0.002"/>
  <testcase name="TestALotOfAdding" classname="LocalCMCTests" time="0.0"/>
  <testcase name="TestALotOfAdding" classname="LocalCMCTests" time="0.0"/>
  <testcase name="TestALotOfAdding" classname="LocalCMCTests" time="0.001"/>
  <testcase name="TestALotOfAdding" classname="LocalCMCTests" time="0.001"/>
  <testcase name="TestALotOfAdding" classname="LocalCMCTests" time="0.001"/>
  <testcase name="TestALotOfAdding" classname="LocalCMCTests" time="0.001"/>
  <testcase name="TestALotOfAdding" classname="LocalCMCTests" time="0.0"/>
  <testcase name="TestALotOfAdding" classname="LocalCMCTests" time="0.0"/>
  <testcase name="TestALotOfAdding" classname="LocalCMCTests" time="0.001"/>
  <testcase name="TestALotOfAdding" classname="LocalCMCTests" time="0.002"/>
  <testcase name="TestALotOfAdding" classname="LocalCMCTests" time="0.0"/>
  <testcase name="TestALotOfAdding" classname="LocalCMCTests" time="0.0"/>
  <testcase name="TestALotOfAdding" classname="LocalCMCTests" time="0.001"/>
  <testcase name="TestALotOfAdding" classname="LocalCMCTests" time="0.001"/>
  <testcase name="TestALotOfAdding" classname="LocalCMCTests" time="0.001"/>
  <testcase name="TestALotOfAdding" classname="LocalCMCTests" time="0.002"/>
  <testcase name="TestALotOfAdding" classname="LocalCMCTests" time="0.002"/>
  <testcase name="TestALotOfAdding" classname="LocalCMCTests" time="0.001"/>
  <testcase name="TestALotOfAdding" classname="LocalCMCTests" time="0.001"/>
  <testcase name="TestALotOfAdding" classname="LocalCMCTests" time="0.001"/>
  <testcase name="TestALotOfAdding" classname="LocalCMCTests" time="0.0"/>
  <testcase name="TestALotOfAdding" classname="LocalCMCTests" time="0.001"/>
  <testcase name="TestALotOfAdding" classname="LocalCMCTests" time="0.0"/>
  <testcase name="TestALotOfAdding" classname="LocalCMCTests" time="0.0"/>
  <testcase name="TestALotOfAdding" classname="LocalCMCTests" time="0.001"/>
  <testcase name="TestALotOfAdding" classname="LocalCMCTests" time="0.001"/>
  <testcase name="TestALotOfAdding" classname="LocalCMCTests" time="0.0"/>
  <testcase name="TestALotOfAdding" classname="LocalCMCTests" time="0.0"/>
  <testcase name="TestALotOfAdding" classname="LocalCMCTests" time="0.0"/>
  <testcase name="TestALotOfAdding" classname="LocalCMCTests" time="0.001"/>
  <testcase name="TestALotOfAdding" classname="LocalCMCTests" time="0.001"/>
  <testcase name="TestALotOfAdding" classname="LocalCMCTests" time="0.002"/>
  <testcase name="TestALotOfAdding" classname="LocalCMCTests" time="0.0"/>
  <testcase name="TestALotOfAdding" classname="LocalCMCTests" time="0.0"/>
  <testcase name="TestALotOfAdding" classname="LocalCMCTests" time="0.0"/>
  <testcase name="TestALotOfAdding" classname="LocalCMCTests" time="0.0"/>
  <testcase name="TestALotOfAdding" classname="LocalCMCTests" time="0.001"/>
  <testcase name="TestALotOfAdding" classname="LocalCMCTests" time="0.001"/>
  <testcase name="TestALotOfAdding" classname="LocalCMCTests" time="0.0"/>
  <testcase name="TestALotOfAdding" classname="LocalCMCTests" time="0.001"/>
  <testcase name="TestALotOfAdding" classname="LocalCMCTests" time="0.001"/>
  <testcase name="TestALotOfAdding" classname="LocalCMCTests" time="0.0"/>
  <testcase name="TestALotOfAdding" classname="LocalCMCTests" time="0.001"/>
  <testcase name="TestALotOfAdding" classname="LocalCMCTests" time="0.0"/>
  <testcase name="TestALotOfAdding" classname="LocalCMCTests" time="0.0"/>
  <testcase name="TestALotOfAdding" classname="LocalCMCTests" time="0.001"/>
  <testcase name="TestALotOfAdding" classname="LocalCMCTests" time="0.001"/>
  <testcase name="TestALotOfAdding" classname="LocalCMCTests" time="0.001"/>
  <testcase name="TestALotOfAdding" classname="LocalCMCTests" time="0.002"/>
  <testcase name="TestALotOfAdding" classname="LocalCMCTests" time="0.002"/>
  <testcase name="TestALotOfAdding" classname="LocalCMCTests" time="0.0"/>
  <testcase name="TestALotOfAdding" classname="LocalCMCTests" time="0.0"/>
  <testcase name="TestALotOfAdding" classname="LocalCMCTests" time="0.0"/>
  <testcase name="TestALotOfAdding" classname="LocalCMCTests" time="0.001"/>
  <testcase name="TestALotOfAdding" classname="LocalCMCTests" time="0.0"/>
  <testcase name="TestALotOfAdding" classname="LocalCMCTests" time="0.001"/>
  <testcase name="TestALotOfAdding" classname="LocalCMCTests" time="0.001"/>
  <testcase name="TestALotOfAdding" classname="LocalCMCTests" time="0.001"/>
  <testcase name="TestALotOfAdding" classname="LocalCMCTests" time="0.001"/>
  <testcase name="TestALotOfAdding" classname="LocalCMCTests" time="0.0"/>
  <testcase name="TestALotOfAdding" classname="LocalCMCTests" time="0.0"/>
  <testcase name="TestALotOfAdding" classname="LocalCMCTests" time="0.001"/>
  <testcase name="TestALotOfAdding" classname="LocalCMCTests" time="0.001"/>
  <testcase name="TestALotOfAdding" classname="LocalCMCTests" time="0.001"/>
  <testcase name="TestALotOfAdding" classname="LocalCMCTests" time="0.0"/>
  <testcase name="TestALotOfAdding" classname="LocalCMCTests" time="0.0"/>
  <testcase name="TestALotOfAdding" classname="LocalCMCTests" time="0.001"/>
  <testcase name="TestALotOfAdding" classname="LocalCMCTests" time="0.0"/>
  <testcase name="TestALotOfAdding" classname="LocalCMCTests" time="0.001"/>
  <testcase name="TestALotOfAdding" classname="LocalCMCTests" time="0.001"/>
  <testcase name="TestALotOfAdding" classname="LocalCMCTests" time="0.001"/>
  <testcase name="TestALotOfAdding" classname="LocalCMCTests" time="0.0"/>
  <testcase name="TestALotOfAdding" classname="LocalCMCTests" time="0.0"/>
  <testcase name="TestALotOfAdding" classname="LocalCMCTests" time="0.0"/>
  <testcase name="TestALotOfAdding" classname="LocalCMCTests" time="0.001"/>
  <testcase name="TestALotOfAdding" classname="LocalCMCTests" time="0.001"/>
  <testcase name="TestALotOfAdding" classname="LocalCMCTests" time="0.002"/>
  <testcase name="TestALotOfAdding" classname="LocalCMCTests" time="0.0"/>
  <testcase name="TestALotOfAdding" classname="LocalCMCTests" time="0.001"/>
  <testcase name="TestALotOfAdding" classname="LocalCMCTests" time="0.0"/>
  <testcase name="TestALotOfAdding" classname="LocalCMCTests" time="0.001"/>
  <testcase name="TestALotOfAdding" classname="LocalCMCTests" time="0.001"/>
  <testcase name="TestALotOfAdding" classname="LocalCMCTests" time="0.0"/>
  <testcase name="TestALotOfAdding" classname="LocalCMCTests" time="0.0"/>
  <testcase name="TestALotOfAdding" classname="LocalCMCTests" time="0.001"/>
  <testcase name="TestALotOfAdding" classname="LocalCMCTests" time="0.0"/>
  <testcase name="TestALotOfAdding" classname="LocalCMCTests" time="0.001"/>
  <testcase name="TestALotOfAdding" classname="LocalCMCTests" time="0.0"/>
  <testcase name="TestALotOfAdding" classname="LocalCMCTests" time="0.001"/>
  <testcase name="TestALotOfAdding" classname="LocalCMCTests" time="0.0"/>
  <testcase name="TestALotOfAdding" classname="LocalCMCTests" time="0.001"/>
  <testcase name="TestALotOfAdding" classname="LocalCMCTests" time="0.0"/>
  <testcase name="TestALotOfAdding" classname="LocalCMCTests" time="0.001"/>
  <testcase name="TestALotOfAdding" classname="LocalCMCTests" time="0.001"/>
  <testcase name="TestALotOfAdding" classname="LocalCMCTests" time="0.001"/>
  <testcase name="TestALotOfAdding" classname="LocalCMCTests" time="0.002"/>
  <testcase name="TestALotOfAdding" classname="LocalCMCTests" time="0.0"/>
  <testcase name="TestALotOfAdding" classname="LocalCMCTests" time="0.0"/>
  <testcase name="TestALotOfAdding" classname="LocalCMCTests" time="0.0"/>
  <testcase name="TestALotOfAdding" classname="LocalCMCTests" time="0.001"/>
  <testcase name="TestALotOfAdding" classname="LocalCMCTests" time="0.004"/>
  <testcase name="TestALotOfAdding" classname="LocalCMCTests" time="0.001"/>
  <testcase name="TestALotOfAdding" classname="LocalCMCTests" time="0.001"/>
  <testcase name="TestALotOfAdding" classname="LocalCMCTests" time="0.001"/>
  <testcase name="TestALotOfAdding" classname="LocalCMCTests" time="0.001"/>
  <testcase name="TestALotOfAdding" classname="LocalCMCTests" time="0.002"/>
  <testcase name="TestALotOfAdding" classname="LocalCMCTests" time="0.001"/>
  <testcase name="TestALotOfAdding" classname="LocalCMCTests" time="0.001"/>
  <testcase name="TestALotOfAdding" classname="LocalCMCTests" time="0.001"/>
  <testcase name="TestALotOfAdding" classname="LocalCMCTests" time="0.0"/>
  <testcase name="TestALotOfAdding" classname="LocalCMCTests" time="0.0"/>
  <testcase name="TestALotOfAdding" classname="LocalCMCTests" time="0.003"/>
  <testcase name="TestALotOfAdding" classname="LocalCMCTests" time="0.003"/>
  <testcase name="TestALotOfAdding" classname="LocalCMCTests" time="0.003"/>
  <testcase name="TestALotOfAdding" classname="LocalCMCTests" time="0.003"/>
  <testcase name="TestALotOfAdding" classname="LocalCMCTests" time="0.0"/>
  <testcase name="TestALotOfAdding" classname="LocalCMCTests" time="0.003"/>
  <testcase name="TestALotOfAdding" classname="LocalCMCTests" time="0.004"/>
  <testcase name="TestALotOfAdding" classname="LocalCMCTests" time="0.004"/>
  <testcase name="TestALotOfAdding" classname="LocalCMCTests" time="0.001"/>
  <testcase name="TestALotOfAdding" classname="LocalCMCTests" time="0.005"/>
  <testcase name="TestALotOfAdding" classname="LocalCMCTests" time="0.0"/>
  <testcase name="TestALotOfAdding" classname="LocalCMCTests" time="0.0"/>
  <testcase name="TestALotOfAdding" classname="LocalCMCTests" time="0.0"/>
  <testcase name="TestALotOfAdding" classname="LocalCMCTests" time="0.0"/>
  <testcase name="TestALotOfAdding" classname="LocalCMCTests" time="0.0"/>
  <testcase name="TestALotOfAdding" classname="LocalCMCTests" time="0.001"/>
  <testcase name="TestALotOfAdding" classname="LocalCMCTests" time="0.0"/>
  <testcase name="TestALotOfAdding" classname="LocalCMCTests" time="0.001"/>
  <testcase name="TestALotOfAdding" classname="LocalCMCTests" time="0.0"/>
  <testcase name="TestALotOfAdding" classname="LocalCMCTests" time="0.001"/>
  <testcase name="TestALotOfAdding" classname="LocalCMCTests" time="0.0"/>
  <testcase name="TestALotOfAdding" classname="LocalCMCTests" time="0.002"/>
  <testcase name="TestALotOfAdding" classname="LocalCMCTests" time="0.002"/>
  <testcase name="TestALotOfAdding" classname="LocalCMCTests" time="0.0"/>
  <testcase name="TestALotOfAdding" classname="LocalCMCTests" time="0.001"/>
  <testcase name="TestALotOfAdding" classname="LocalCMCTests" time="0.001"/>
  <testcase name="TestALotOfAdding" classname="LocalCMCTests" time="0.001"/>
  <testcase name="TestALotOfAdding" classname="LocalCMCTests" time="0.001"/>
  <testcase name="TestALotOfAdding" classname="LocalCMCTests" time="0.005"/>
  <testcase name="TestALotOfAdding" classname="LocalCMCTests" time="0.001"/>
  <testcase name="TestALotOfAdding" classname="LocalCMCTests" time="0.0"/>
  <testcase name="TestALotOfAdding" classname="LocalCMCTests" time="0.0"/>
  <testcase name="TestALotOfAdding" classname="LocalCMCTests" time="0.0"/>
  <testcase name="TestALotOfAdding" classname="LocalCMCTests" time="0.0"/>
  <testcase name="TestALotOfAdding" classname="LocalCMCTests" time="0.0"/>
  <testcase name="TestALotOfAdding" classname="LocalCMCTests" time="0.001"/>
  <testcase name="TestALotOfAdding" classname="LocalCMCTests" time="0.001"/>
  <testcase name="TestALotOfAdding" classname="LocalCMCTests" time="0.001"/>
  <testcase name="TestALotOfAdding" classname="LocalCMCTests" time="0.001"/>
  <testcase name="TestALotOfAdding" classname="LocalCMCTests" time="0.001"/>
  <testcase name="TestALotOfAdding" classname="LocalCMCTests" time="0.001"/>
  <testcase name="TestALotOfAdding" classname="LocalCMCTests" time="0.001"/>
  <testcase name="TestALotOfAdding" classname="LocalCMCTests" time="0.0"/>
  <testcase name="TestALotOfAdding" classname="LocalCMCTests" time="0.001"/>
  <testcase name="TestALotOfAdding" classname="LocalCMCTests" time="0.0"/>
  <testcase name="TestALotOfAdding" classname="LocalCMCTests" time="0.0"/>
  <testcase name="TestALotOfAdding" classname="LocalCMCTests" time="0.0"/>
  <testcase name="TestALotOfAdding" classname="LocalCMCTests" time="0.001"/>
  <testcase name="TestALotOfAdding" classname="LocalCMCTests" time="0.001"/>
  <testcase name="TestALotOfAdding" classname="LocalCMCTests" time="0.001"/>
  <testcase name="TestALotOfAdding" classname="LocalCMCTests" time="0.002"/>
  <testcase name="TestALotOfAdding" classname="LocalCMCTests" time="0.0"/>
  <testcase name="TestALotOfAdding" classname="LocalCMCTests" time="0.0"/>
  <testcase name="TestALotOfAdding" classname="LocalCMCTests" time="0.001"/>
  <testcase name="TestALotOfAdding" classname="LocalCMCTests" time="0.001"/>
  <testcase name="TestALotOfAdding" classname="LocalCMCTests" time="0.001"/>
  <testcase name="TestALotOfAdding" classname="LocalCMCTests" time="0.001"/>
  <testcase name="TestALotOfAdding" classname="LocalCMCTests" time="0.001"/>
  <testcase name="TestALotOfAdding" classname="LocalCMCTests" time="0.002"/>
  <testcase name="TestALotOfAdding" classname="LocalCMCTests" time="0.0"/>
  <testcase name="TestALotOfAdding" classname="LocalCMCTests" time="0.001"/>
  <testcase name="TestALotOfAdding" classname="LocalCMCTests" time="0.001"/>
  <testcase name="TestALotOfAdding" classname="LocalCMCTests" time="0.001"/>
  <testcase name="TestALotOfAdding" classname="LocalCMCTests" time="0.0"/>
  <testcase name="TestALotOfAdding" classname="LocalCMCTests" time="0.0"/>
  <testcase name="TestALotOfAdding" classname="LocalCMCTests" time="0.0"/>
  <testcase name="TestALotOfAdding" classname="LocalCMCTests" time="0.001"/>
  <testcase name="TestALotOfAdding" classname="LocalCMCTests" time="0.001"/>
  <testcase name="TestALotOfAdding" classname="LocalCMCTests" time="0.0"/>
  <testcase name="TestALotOfAdding" classname="LocalCMCTests" time="0.0"/>
  <testcase name="TestALotOfAdding" classname="LocalCMCTests" time="0.001"/>
  <testcase name="TestALotOfAdding" classname="LocalCMCTests" time="0.001"/>
  <testcase name="TestALotOfAdding" classname="LocalCMCTests" time="0.001"/>
  <testcase name="TestALotOfAdding" classname="LocalCMCTests" time="0.0"/>
  <testcase name="TestALotOfAdding" classname="LocalCMCTests" time="0.0"/>
  <testcase name="TestALotOfAdding" classname="LocalCMCTests" time="0.001"/>
  <testcase name="TestALotOfAdding" classname="LocalCMCTests" time="0.002"/>
  <testcase name="TestALotOfAdding" classname="LocalCMCTests" time="0.001"/>
  <testcase name="TestALotOfAdding" classname="LocalCMCTests" time="0.0"/>
  <testcase name="TestALotOfAdding" classname="LocalCMCTests" time="0.001"/>
  <testcase name="TestALotOfAdding" classname="LocalCMCTests" time="0.001"/>
  <testcase name="TestALotOfAdding" classname="LocalCMCTests" time="0.0"/>
  <testcase name="TestALotOfAdding" classname="LocalCMCTests" time="0.0"/>
  <testcase name="TestALotOfAdding" classname="LocalCMCTests" time="0.001"/>
  <testcase name="TestALotOfAdding" classname="LocalCMCTests" time="0.001"/>
  <testcase name="TestALotOfAdding" classname="LocalCMCTests" time="0.002"/>
  <testcase name="TestALotOfAdding" classname="LocalCMCTests" time="0.0"/>
  <testcase name="TestALotOfAdding" classname="LocalCMCTests" time="0.0"/>
  <testcase name="TestALotOfAdding" classname="LocalCMCTests" time="0.0"/>
  <testcase name="TestALotOfAdding" classname="LocalCMCTests" time="0.001"/>
  <testcase name="TestALotOfAdding" classname="LocalCMCTests" time="0.001"/>
  <testcase name="TestALotOfAdding" classname="LocalCMCTests" time="0.001"/>
  <testcase name="TestALotOfAdding" classname="LocalCMCTests" time="0.001"/>
  <testcase name="TestALotOfAdding" classname="LocalCMCTests" time="0.001"/>
  <testcase name="TestALotOfAdding" classname="LocalCMCTests" time="0.001"/>
  <testcase name="TestALotOfAdding" classname="LocalCMCTests" time="0.0"/>
  <testcase name="TestALotOfAdding" classname="LocalCMCTests" time="0.0"/>
  <testcase name="TestALotOfAdding" classname="LocalCMCTests" time="0.001"/>
  <testcase name="TestALotOfAdding" classname="LocalCMCTests" time="0.0"/>
  <testcase name="TestALotOfAdding" classname="LocalCMCTests" time="0.002"/>
  <testcase name="TestALotOfAdding" classname="LocalCMCTests" time="0.002"/>
  <testcase name="TestALotOfAdding" classname="LocalCMCTests" time="0.0"/>
  <testcase name="TestALotOfAdding" classname="LocalCMCTests" time="0.001"/>
  <testcase name="TestALotOfAdding" classname="LocalCMCTests" time="0.0"/>
  <testcase name="TestALotOfAdding" classname="LocalCMCTests" time="0.0"/>
  <testcase name="TestALotOfAdding" classname="LocalCMCTests" time="0.0"/>
  <testcase name="TestALotOfAdding" classname="LocalCMCTests" time="0.0"/>
  <testcase name="TestALotOfAdding" classname="LocalCMCTests" time="0.001"/>
  <testcase name="TestALotOfAdding" classname="LocalCMCTests" time="0.001"/>
  <testcase name="TestALotOfAdding" classname="LocalCMCTests" time="0.001"/>
  <testcase name="TestALotOfAdding" classname="LocalCMCTests" time="0.0"/>
  <testcase name="TestALotOfAdding" classname="LocalCMCTests" time="0.001"/>
  <testcase name="TestALotOfAdding" classname="LocalCMCTests" time="0.001"/>
  <testcase name="TestALotOfAdding" classname="LocalCMCTests" time="0.001"/>
  <testcase name="TestALotOfAdding" classname="LocalCMCTests" time="0.001"/>
  <testcase name="TestALotOfAdding" classname="LocalCMCTests" time="0.001"/>
  <testcase name="TestALotOfAdding" classname="LocalCMCTests" time="0.0"/>
  <testcase name="TestALotOfAdding" classname="LocalCMCTests" time="0.0"/>
  <testcase name="TestALotOfAdding" classname="LocalCMCTests" time="0.0"/>
  <testcase name="TestALotOfAdding" classname="LocalCMCTests" time="0.0"/>
  <testcase name="TestALotOfAdding" classname="LocalCMCTests" time="0.0"/>
  <testcase name="TestALotOfAdding" classname="LocalCMCTests" time="0.001"/>
  <testcase name="TestALotOfAdding" classname="LocalCMCTests" time="0.001"/>
  <testcase name="TestALotOfAdding" classname="LocalCMCTests" time="0.001"/>
  <testcase name="TestALotOfAdding" classname="LocalCMCTests" time="0.001"/>
  <testcase name="TestALotOfAdding" classname="LocalCMCTests" time="0.001"/>
  <testcase name="TestALotOfAdding" classname="LocalCMCTests" time="0.002"/>
  <testcase name="TestALotOfAdding" classname="LocalCMCTests" time="0.0"/>
  <testcase name="TestALotOfAdding" classname="LocalCMCTests" time="0.0"/>
  <testcase name="TestALotOfAdding" classname="LocalCMCTests" time="0.0"/>
  <testcase name="TestALotOfAdding" classname="LocalCMCTests" time="0.001"/>
  <testcase name="TestALotOfAdding" classname="LocalCMCTests" time="0.0"/>
  <testcase name="TestALotOfAdding" classname="LocalCMCTests" time="0.001"/>
  <testcase name="TestALotOfAdding" classname="LocalCMCTests" time="0.0"/>
  <testcase name="TestALotOfAdding" classname="LocalCMCTests" time="0.0"/>
  <testcase name="TestALotOfAdding" classname="LocalCMCTests" time="0.0"/>
  <testcase name="TestALotOfAdding" classname="LocalCMCTests" time="0.0"/>
  <testcase name="TestALotOfAdding" classname="LocalCMCTests" time="0.0"/>
  <testcase name="TestALotOfAdding" classname="LocalCMCTests" time="0.001"/>
  <testcase name="TestALotOfAdding" classname="LocalCMCTests" time="0.001"/>
  <testcase name="TestALotOfAdding" classname="LocalCMCTests" time="0.001"/>
  <testcase name="TestALotOfAdding" classname="LocalCMCTests" time="0.001"/>
  <testcase name="TestALotOfAdding" classname="LocalCMCTests" time="0.0"/>
  <testcase name="TestALotOfAdding" classname="LocalCMCTests" time="0.001"/>
  <testcase name="TestALotOfAdding" classname="LocalCMCTests" time="0.0"/>
  <testcase name="TestALotOfAdding" classname="LocalCMCTests" time="0.0"/>
  <testcase name="TestALotOfAdding" classname="LocalCMCTests" time="0.0"/>
  <testcase name="TestALotOfAdding" classname="LocalCMCTests" time="0.0"/>
  <testcase name="TestALotOfAdding" classname="LocalCMCTests" time="0.0"/>
  <testcase name="TestALotOfAdding" classname="LocalCMCTests" time="0.001"/>
  <testcase name="TestALotOfAdding" classname="LocalCMCTests" time="0.002"/>
  <testcase name="TestALotOfAdding" classname="LocalCMCTests" time="0.002"/>
  <testcase name="TestALotOfAdding" classname="LocalCMCTests" time="0.001"/>
  <testcase name="TestALotOfAdding" classname="LocalCMCTests" time="0.001"/>
  <testcase name="TestALotOfAdding" classname="LocalCMCTests" time="0.001"/>
  <testcase name="TestALotOfAdding" classname="LocalCMCTests" time="0.001"/>
  <testcase name="TestALotOfAdding" classname="LocalCMCTests" time="0.0"/>
  <testcase name="TestALotOfAdding" classname="LocalCMCTests" time="0.0"/>
  <testcase name="TestALotOfAdding" classname="LocalCMCTests" time="0.001"/>
  <testcase name="TestALotOfAdding" classname="LocalCMCTests" time="0.002"/>
  <testcase name="TestALotOfAdding" classname="LocalCMCTests" time="0.001"/>
  <testcase name="TestALotOfAdding" classname="LocalCMCTests" time="0.0"/>
  <testcase name="TestALotOfAdding" classname="LocalCMCTests" time="0.0"/>
  <testcase name="TestALotOfAdding" classname="LocalCMCTests" time="0.003"/>
  <testcase name="TestALotOfAdding" classname="LocalCMCTests" time="0.001"/>
  <testcase name="TestALotOfAdding" classname="LocalCMCTests" time="0.0"/>
  <testcase name="TestALotOfAdding" classname="LocalCMCTests" time="0.001"/>
  <testcase name="TestALotOfAdding" classname="LocalCMCTests" time="0.0"/>
  <testcase name="TestALotOfAdding" classname="LocalCMCTests" time="0.001"/>
  <testcase name="TestALotOfAdding" classname="LocalCMCTests" time="0.001"/>
  <testcase name="TestALotOfAdding" classname="LocalCMCTests" time="0.0"/>
  <testcase name="TestALotOfAdding" classname="LocalCMCTests" time="0.001"/>
  <testcase name="TestALotOfAdding" classname="LocalCMCTests" time="0.0"/>
  <testcase name="TestALotOfAdding" classname="LocalCMCTests" time="0.001"/>
  <testcase name="TestALotOfAdding" classname="LocalCMCTests" time="0.0"/>
  <testcase name="TestALotOfAdding" classname="LocalCMCTests" time="0.001"/>
  <testcase name="TestALotOfAdding" classname="LocalCMCTests" time="0.002"/>
  <testcase name="TestALotOfAdding" classname="LocalCMCTests" time="0.001"/>
  <testcase name="TestALotOfAdding" classname="LocalCMCTests" time="0.002"/>
  <testcase name="TestALotOfAdding" classname="LocalCMCTests" time="0.001"/>
  <testcase name="TestALotOfAdding" classname="LocalCMCTests" time="0.001"/>
  <testcase name="TestALotOfAdding" classname="LocalCMCTests" time="0.001"/>
  <testcase name="TestALotOfAdding" classname="LocalCMCTests" time="0.0"/>
  <testcase name="TestALotOfAdding" classname="LocalCMCTests" time="0.001"/>
  <testcase name="TestALotOfAdding" classname="LocalCMCTests" time="0.0"/>
  <testcase name="TestALotOfAdding" classname="LocalCMCTests" time="0.001"/>
  <testcase name="TestALotOfAdding" classname="LocalCMCTests" time="0.0"/>
  <testcase name="TestALotOfAdding" classname="LocalCMCTests" time="0.0"/>
  <testcase name="TestALotOfAdding" classname="LocalCMCTests" time="0.0"/>
  <testcase name="TestALotOfAdding" classname="LocalCMCTests" time="0.001"/>
  <testcase name="TestALotOfAdding" classname="LocalCMCTests" time="0.001"/>
  <testcase name="TestALotOfAdding" classname="LocalCMCTests" time="0.001"/>
  <testcase name="TestALotOfAdding" classname="LocalCMCTests" time="0.0"/>
  <testcase name="TestALotOfAdding" classname="LocalCMCTests" time="0.001"/>
  <testcase name="TestALotOfAdding" classname="LocalCMCTests" time="0.0"/>
  <testcase name="TestALotOfAdding" classname="LocalCMCTests" time="0.001"/>
  <testcase name="TestALotOfAdding" classname="LocalCMCTests" time="0.001"/>
  <testcase name="TestALotOfAdding" classname="LocalCMCTests" time="0.001"/>
  <testcase name="TestALotOfAdding" classname="LocalCMCTests" time="0.003"/>
  <testcase name="TestALotOfAdding" classname="LocalCMCTests" time="0.002"/>
  <testcase name="TestALotOfAdding" classname="LocalCMCTests" time="0.0"/>
  <testcase name="TestALotOfAdding" classname="LocalCMCTests" time="0.002"/>
  <testcase name="TestALotOfAdding" classname="LocalCMCTests" time="0.001"/>
  <testcase name="TestALotOfAdding" classname="LocalCMCTests" time="0.0"/>
  <testcase name="TestALotOfAdding" classname="LocalCMCTests" time="0.001"/>
  <testcase name="TestALotOfAdding" classname="LocalCMCTests" time="0.001"/>
  <testcase name="TestALotOfAdding" classname="LocalCMCTests" time="0.0"/>
  <testcase name="TestALotOfAdding" classname="LocalCMCTests" time="0.002"/>
  <testcase name="TestALotOfAdding" classname="LocalCMCTests" time="0.001"/>
  <testcase name="TestALotOfAdding" classname="LocalCMCTests" time="0.0"/>
  <testcase name="TestALotOfAdding" classname="LocalCMCTests" time="0.001"/>
  <testcase name="TestALotOfAdding" classname="LocalCMCTests" time="0.001"/>
  <testcase name="TestALotOfAdding" classname="LocalCMCTests" time="0.0"/>
  <testcase name="TestALotOfAdding" classname="LocalCMCTests" time="0.002"/>
  <testcase name="TestALotOfAdding" classname="LocalCMCTests" time="0.001"/>
  <testcase name="TestALotOfAdding" classname="LocalCMCTests" time="0.001"/>
  <testcase name="TestALotOfAdding" classname="LocalCMCTests" time="0.0"/>
  <testcase name="TestALotOfAdding" classname="LocalCMCTests" time="0.001"/>
  <testcase name="TestALotOfAdding" classname="LocalCMCTests" time="0.0"/>
  <testcase name="TestALotOfAdding" classname="LocalCMCTests" time="0.001"/>
  <testcase name="TestALotOfAdding" classname="LocalCMCTests" time="0.001"/>
  <testcase name="TestALotOfAdding" classname="LocalCMCTests" time="0.0"/>
  <testcase name="TestALotOfAdding" classname="LocalCMCTests" time="0.0"/>
  <testcase name="TestALotOfAdding" classname="LocalCMCTests" time="0.001"/>
  <testcase name="TestALotOfAdding" classname="LocalCMCTests" time="0.0"/>
  <testcase name="TestALotOfAdding" classname="LocalCMCTests" time="0.001"/>
  <testcase name="TestALotOfAdding" classname="LocalCMCTests" time="0.001"/>
  <testcase name="TestALotOfAdding" classname="LocalCMCTests" time="0.001"/>
  <testcase name="TestALotOfAdding" classname="LocalCMCTests" time="0.001"/>
  <testcase name="TestALotOfAdding" classname="LocalCMCTests" time="0.0"/>
  <testcase name="TestALotOfAdding" classname="LocalCMCTests" time="0.0"/>
  <testcase name="TestALotOfAdding" classname="LocalCMCTests" time="0.001"/>
  <testcase name="TestALotOfAdding" classname="LocalCMCTests" time="0.001"/>
  <testcase name="TestALotOfAdding" classname="LocalCMCTests" time="0.0"/>
  <testcase name="TestALotOfAdding" classname="LocalCMCTests" time="0.001"/>
  <testcase name="TestALotOfAdding" classname="LocalCMCTests" time="0.001"/>
  <testcase name="TestALotOfAdding" classname="LocalCMCTests" time="0.001"/>
  <testcase name="TestALotOfAdding" classname="LocalCMCTests" time="0.003"/>
  <testcase name="TestALotOfAdding" classname="LocalCMCTests" time="0.0"/>
  <testcase name="TestALotOfAdding" classname="LocalCMCTests" time="0.0"/>
  <testcase name="TestALotOfAdding" classname="LocalCMCTests" time="0.001"/>
  <testcase name="TestALotOfAdding" classname="LocalCMCTests" time="0.001"/>
  <testcase name="TestALotOfAdding" classname="LocalCMCTests" time="0.001"/>
  <testcase name="TestALotOfAdding" classname="LocalCMCTests" time="0.001"/>
  <testcase name="TestALotOfAdding" classname="LocalCMCTests" time="0.0"/>
  <testcase name="TestALotOfAdding" classname="LocalCMCTests" time="0.0"/>
  <testcase name="TestALotOfAdding" classname="LocalCMCTests" time="0.001"/>
  <testcase name="TestALotOfAdding" classname="LocalCMCTests" time="0.001"/>
  <testcase name="TestALotOfAdding" classname="LocalCMCTests" time="0.001"/>
  <testcase name="TestALotOfAdding" classname="LocalCMCTests" time="0.001"/>
  <testcase name="TestALotOfAdding" classname="LocalCMCTests" time="0.0"/>
  <testcase name="TestALotOfAdding" classname="LocalCMCTests" time="0.001"/>
  <testcase name="TestALotOfAdding" classname="LocalCMCTests" time="0.0"/>
  <testcase name="TestALotOfAdding" classname="LocalCMCTests" time="0.001"/>
  <testcase name="TestALotOfAdding" classname="LocalCMCTests" time="0.001"/>
  <testcase name="TestALotOfAdding" classname="LocalCMCTests" time="0.001"/>
  <testcase name="TestALotOfAdding" classname="LocalCMCTests" time="0.0"/>
  <testcase name="TestALotOfAdding" classname="LocalCMCTests" time="0.001"/>
  <testcase name="TestALotOfAdding" classname="LocalCMCTests" time="0.001"/>
  <testcase name="TestALotOfAdding" classname="LocalCMCTests" time="0.0"/>
  <testcase name="TestALotOfAdding" classname="LocalCMCTests" time="0.001"/>
  <testcase name="TestALotOfAdding" classname="LocalCMCTests" time="0.001"/>
  <testcase name="TestALotOfAdding" classname="LocalCMCTests" time="0.001"/>
  <testcase name="TestALotOfAdding" classname="LocalCMCTests" time="0.002"/>
  <testcase name="TestALotOfAdding" classname="LocalCMCTests" time="0.003"/>
  <testcase name="TestALotOfAdding" classname="LocalCMCTests" time="0.0"/>
  <testcase name="TestALotOfAdding" classname="LocalCMCTests" time="0.001"/>
  <testcase name="TestALotOfAdding" classname="LocalCMCTests" time="0.0"/>
  <testcase name="TestALotOfAdding" classname="LocalCMCTests" time="0.001"/>
  <testcase name="TestALotOfAdding" classname="LocalCMCTests" time="0.001"/>
  <testcase name="TestALotOfAdding" classname="LocalCMCTests" time="0.001"/>
  <testcase name="TestALotOfAdding" classname="LocalCMCTests" time="0.001"/>
  <testcase name="TestALotOfAdding" classname="LocalCMCTests" time="0.001"/>
  <testcase name="TestALotOfAdding" classname="LocalCMCTests" time="0.0"/>
  <testcase name="TestALotOfAdding" classname="LocalCMCTests" time="0.002"/>
  <testcase name="TestALotOfAdding" classname="LocalCMCTests" time="0.0"/>
  <testcase name="TestALotOfAdding" classname="LocalCMCTests" time="0.0"/>
  <testcase name="TestALotOfAdding" classname="LocalCMCTests" time="0.0"/>
  <testcase name="TestALotOfAdding" classname="LocalCMCTests" time="0.001"/>
  <testcase name="TestALotOfAdding" classname="LocalCMCTests" time="0.001"/>
  <testcase name="TestALotOfAdding" classname="LocalCMCTests" time="0.0"/>
  <testcase name="TestALotOfAdding" classname="LocalCMCTests" time="0.001"/>
  <testcase name="TestALotOfAdding" classname="LocalCMCTests" time="0.001"/>
  <testcase name="TestALotOfAdding" classname="LocalCMCTests" time="0.0"/>
  <testcase name="TestALotOfAdding" classname="LocalCMCTests" time="0.0"/>
  <testcase name="TestALotOfAdding" classname="LocalCMCTests" time="0.0"/>
  <testcase name="TestALotOfAdding" classname="LocalCMCTests" time="0.0"/>
  <testcase name="TestALotOfAdding" classname="LocalCMCTests" time="0.0"/>
  <testcase name="TestALotOfAdding" classname="LocalCMCTests" time="0.001"/>
  <testcase name="TestALotOfAdding" classname="LocalCMCTests" time="0.0"/>
  <testcase name="TestALotOfAdding" classname="LocalCMCTests" time="0.0"/>
  <testcase name="TestALotOfAdding" classname="LocalCMCTests" time="0.001"/>
  <testcase name="TestALotOfAdding" classname="LocalCMCTests" time="0.002"/>
  <testcase name="TestALotOfAdding" classname="LocalCMCTests" time="0.0"/>
  <testcase name="TestALotOfAdding" classname="LocalCMCTests" time="0.002"/>
  <testcase name="TestALotOfAdding" classname="LocalCMCTests" time="0.0"/>
  <testcase name="TestALotOfAdding" classname="LocalCMCTests" time="0.0"/>
  <testcase name="TestALotOfAdding" classname="LocalCMCTests" time="0.0"/>
  <testcase name="TestALotOfAdding" classname="LocalCMCTests" time="0.002"/>
  <testcase name="TestALotOfAdding" classname="LocalCMCTests" time="0.003"/>
  <testcase name="TestALotOfAdding" classname="LocalCMCTests" time="0.002"/>
  <testcase name="TestALotOfAdding" classname="LocalCMCTests" time="0.0"/>
  <testcase name="TestALotOfAdding" classname="LocalCMCTests" time="0.002"/>
  <testcase name="TestALotOfAdding" classname="LocalCMCTests" time="0.0"/>
  <testcase name="TestALotOfAdding" classname="LocalCMCTests" time="0.0"/>
  <testcase name="TestALotOfAdding" classname="LocalCMCTests" time="0.002"/>
  <testcase name="TestALotOfAdding" classname="LocalCMCTests" time="0.0"/>
  <testcase name="TestALotOfAdding" classname="LocalCMCTests" time="0.002"/>
  <testcase name="TestALotOfAdding" classname="LocalCMCTests" time="0.0"/>
  <testcase name="TestALotOfAdding" classname="LocalCMCTests" time="0.0"/>
  <testcase name="TestALotOfAdding" classname="LocalCMCTests" time="0.002"/>
  <testcase name="TestALotOfAdding" classname="LocalCMCTests" time="0.0"/>
  <testcase name="TestALotOfAdding" classname="LocalCMCTests" time="0.001"/>
  <testcase name="TestALotOfAdding" classname="LocalCMCTests" time="0.001"/>
  <testcase name="TestALotOfAdding" classname="LocalCMCTests" time="0.002"/>
  <testcase name="TestALotOfAdding" classname="LocalCMCTests" time="0.001"/>
  <testcase name="TestALotOfAdding" classname="LocalCMCTests" time="0.0"/>
  <testcase name="TestALotOfAdding" classname="LocalCMCTests" time="0.001"/>
  <testcase name="TestALotOfAdding" classname="LocalCMCTests" time="0.001"/>
  <testcase name="TestALotOfAdding" classname="LocalCMCTests" time="0.001"/>
  <testcase name="TestALotOfAdding" classname="LocalCMCTests" time="0.001"/>
  <testcase name="TestALotOfAdding" classname="LocalCMCTests" time="0.003"/>
  <testcase name="TestALotOfAdding" classname="LocalCMCTests" time="0.0"/>
  <testcase name="TestALotOfAdding" classname="LocalCMCTests" time="0.0"/>
  <testcase name="TestALotOfAdding" classname="LocalCMCTests" time="0.0"/>
  <testcase name="TestALotOfAdding" classname="LocalCMCTests" time="0.0"/>
  <testcase name="TestALotOfAdding" classname="LocalCMCTests" time="0.001"/>
  <testcase name="TestALotOfAdding" classname="LocalCMCTests" time="0.0"/>
  <testcase name="TestALotOfAdding" classname="LocalCMCTests" time="0.002"/>
  <testcase name="TestALotOfAdding" classname="LocalCMCTests" time="0.001"/>
  <testcase name="TestALotOfAdding" classname="LocalCMCTests" time="0.001"/>
  <testcase name="TestALotOfAdding" classname="LocalCMCTests" time="0.001"/>
  <testcase name="TestALotOfAdding" classname="LocalCMCTests" time="0.0"/>
  <testcase name="TestALotOfAdding" classname="LocalCMCTests" time="0.001"/>
  <testcase name="TestALotOfAdding" classname="LocalCMCTests" time="0.001"/>
  <testcase name="TestALotOfAdding" classname="LocalCMCTests" time="0.001"/>
  <testcase name="TestALotOfAdding" classname="LocalCMCTests" time="0.0"/>
  <testcase name="TestALotOfAdding" classname="LocalCMCTests" time="0.0"/>
  <testcase name="TestALotOfAdding" classname="LocalCMCTests" time="0.001"/>
  <testcase name="TestALotOfAdding" classname="LocalCMCTests" time="0.001"/>
  <testcase name="TestALotOfAdding" classname="LocalCMCTests" time="0.001"/>
  <testcase name="TestALotOfAdding" classname="LocalCMCTests" time="0.001"/>
  <testcase name="TestALotOfAdding" classname="LocalCMCTests" time="0.001"/>
  <testcase name="TestALotOfAdding" classname="LocalCMCTests" time="0.001"/>
  <testcase name="TestALotOfAdding" classname="LocalCMCTests" time="0.0"/>
  <testcase name="TestALotOfAdding" classname="LocalCMCTests" time="0.001"/>
  <testcase name="TestALotOfAdding" classname="LocalCMCTests" time="0.0"/>
  <testcase name="TestALotOfAdding" classname="LocalCMCTests" time="0.001"/>
  <testcase name="TestALotOfAdding" classname="LocalCMCTests" time="0.001"/>
  <testcase name="TestALotOfAdding" classname="LocalCMCTests" time="0.001"/>
  <testcase name="TestALotOfAdding" classname="LocalCMCTests" time="0.0"/>
  <testcase name="TestALotOfAdding" classname="LocalCMCTests" time="0.0"/>
  <testcase name="TestALotOfAdding" classname="LocalCMCTests" time="0.001"/>
  <testcase name="TestALotOfAdding" classname="LocalCMCTests" time="0.0"/>
  <testcase name="TestALotOfAdding" classname="LocalCMCTests" time="0.0"/>
  <testcase name="TestALotOfAdding" classname="LocalCMCTests" time="0.001"/>
  <testcase name="TestALotOfAdding" classname="LocalCMCTests" time="0.001"/>
  <testcase name="TestALotOfAdding" classname="LocalCMCTests" time="0.001"/>
  <testcase name="TestALotOfAdding" classname="LocalCMCTests" time="0.001"/>
  <testcase name="TestALotOfAdding" classname="LocalCMCTests" time="0.001"/>
  <testcase name="TestALotOfAdding" classname="LocalCMCTests" time="0.001"/>
  <testcase name="TestALotOfAdding" classname="LocalCMCTests" time="0.001"/>
  <testcase name="TestALotOfAdding" classname="LocalCMCTests" time="0.002"/>
  <testcase name="TestALotOfAdding" classname="LocalCMCTests" time="0.001"/>
  <testcase name="TestALotOfAdding" classname="LocalCMCTests" time="0.0"/>
  <testcase name="TestALotOfAdding" classname="LocalCMCTests" time="0.0"/>
  <testcase name="TestALotOfAdding" classname="LocalCMCTests" time="0.0"/>
  <testcase name="TestALotOfAdding" classname="LocalCMCTests" time="0.0"/>
  <testcase name="TestALotOfAdding" classname="LocalCMCTests" time="0.0"/>
  <testcase name="TestALotOfAdding" classname="LocalCMCTests" time="0.0"/>
  <testcase name="TestALotOfAdding" classname="LocalCMCTests" time="0.0"/>
  <testcase name="TestALotOfAdding" classname="LocalCMCTests" time="0.0"/>
  <testcase name="TestALotOfAdding" classname="LocalCMCTests" time="0.001"/>
  <testcase name="TestALotOfAdding" classname="LocalCMCTests" time="0.002"/>
  <testcase name="TestALotOfAdding" classname="LocalCMCTests" time="0.001"/>
  <testcase name="TestALotOfAdding" classname="LocalCMCTests" time="0.0"/>
  <testcase name="TestALotOfAdding" classname="LocalCMCTests" time="0.001"/>
  <testcase name="TestALotOfAdding" classname="LocalCMCTests" time="0.001"/>
  <testcase name="TestALotOfAdding" classname="LocalCMCTests" time="0.0"/>
  <testcase name="TestALotOfAdding" classname="LocalCMCTests" time="0.001"/>
  <testcase name="TestALotOfAdding" classname="LocalCMCTests" time="0.0"/>
  <testcase name="TestALotOfAdding" classname="LocalCMCTests" time="0.0"/>
  <testcase name="TestALotOfAdding" classname="LocalCMCTests" time="0.0"/>
  <testcase name="TestALotOfAdding" classname="LocalCMCTests" time="0.001"/>
  <testcase name="TestALotOfAdding" classname="LocalCMCTests" time="0.001"/>
  <testcase name="TestALotOfAdding" classname="LocalCMCTests" time="0.0"/>
  <testcase name="TestALotOfAdding" classname="LocalCMCTests" time="0.0"/>
  <testcase name="TestALotOfAdding" classname="LocalCMCTests" time="0.001"/>
  <testcase name="TestALotOfAdding" classname="LocalCMCTests" time="0.0"/>
  <testcase name="TestALotOfAdding" classname="LocalCMCTests" time="0.001"/>
  <testcase name="TestALotOfAdding" classname="LocalCMCTests" time="0.001"/>
  <testcase name="TestALotOfAdding" classname="LocalCMCTests" time="0.0"/>
  <testcase name="TestALotOfAdding" classname="LocalCMCTests" time="0.0"/>
  <testcase name="TestALotOfAdding" classname="LocalCMCTests" time="0.0"/>
  <testcase name="TestALotOfAdding" classname="LocalCMCTests" time="0.001"/>
  <testcase name="TestALotOfAdding" classname="LocalCMCTests" time="0.001"/>
  <testcase name="TestALotOfAdding" classname="LocalCMCTests" time="0.001"/>
  <testcase name="TestALotOfAdding" classname="LocalCMCTests" time="0.001"/>
  <testcase name="TestALotOfAdding" classname="LocalCMCTests" time="0.0"/>
  <testcase name="TestALotOfAdding" classname="LocalCMCTests" time="0.001"/>
  <testcase name="TestALotOfAdding" classname="LocalCMCTests" time="0.0"/>
  <testcase name="TestALotOfAdding" classname="LocalCMCTests" time="0.001"/>
  <testcase name="TestALotOfAdding" classname="LocalCMCTests" time="0.0"/>
  <testcase name="TestALotOfAdding" classname="LocalCMCTests" time="0.002"/>
  <testcase name="TestALotOfAdding" classname="LocalCMCTests" time="0.001"/>
  <testcase name="TestALotOfAdding" classname="LocalCMCTests" time="0.0"/>
  <testcase name="TestALotOfAdding" classname="LocalCMCTests" time="0.0"/>
  <testcase name="TestALotOfAdding" classname="LocalCMCTests" time="0.001"/>
  <testcase name="TestALotOfAdding" classname="LocalCMCTests" time="0.002"/>
  <testcase name="TestALotOfAdding" classname="LocalCMCTests" time="0.001"/>
  <testcase name="TestALotOfAdding" classname="LocalCMCTests" time="0.001"/>
  <testcase name="TestALotOfAdding" classname="LocalCMCTests" time="0.001"/>
  <testcase name="TestALotOfAdding" classname="LocalCMCTests" time="0.001"/>
  <testcase name="TestALotOfAdding" classname="LocalCMCTests" time="0.0"/>
  <testcase name="TestALotOfAdding" classname="LocalCMCTests" time="0.001"/>
  <testcase name="TestALotOfAdding" classname="LocalCMCTests" time="0.001"/>
  <testcase name="TestALotOfAdding" classname="LocalCMCTests" time="0.0"/>
  <testcase name="TestALotOfAdding" classname="LocalCMCTests" time="0.0"/>
  <testcase name="TestALotOfAdding" classname="LocalCMCTests" time="0.001"/>
  <testcase name="TestALotOfAdding" classname="LocalCMCTests" time="0.001"/>
  <testcase name="TestALotOfAdding" classname="LocalCMCTests" time="0.0"/>
  <testcase name="TestALotOfAdding" classname="LocalCMCTests" time="0.001"/>
  <testcase name="TestALotOfAdding" classname="LocalCMCTests" time="0.0"/>
  <testcase name="TestALotOfAdding" classname="LocalCMCTests" time="0.0"/>
  <testcase name="TestALotOfAdding" classname="LocalCMCTests" time="0.001"/>
  <testcase name="TestALotOfAdding" classname="LocalCMCTests" time="0.0"/>
  <testcase name="TestALotOfAdding" classname="LocalCMCTests" time="0.001"/>
  <testcase name="TestALotOfAdding" classname="LocalCMCTests" time="0.001"/>
  <testcase name="TestALotOfAdding" classname="LocalCMCTests" time="0.0"/>
  <testcase name="TestALotOfAdding" classname="LocalCMCTests" time="0.001"/>
  <testcase name="TestALotOfAdding" classname="LocalCMCTests" time="0.0"/>
  <testcase name="TestALotOfAdding" classname="LocalCMCTests" time="0.001"/>
  <testcase name="TestALotOfAdding" classname="LocalCMCTests" time="0.001"/>
  <testcase name="TestALotOfAdding" classname="LocalCMCTests" time="0.002"/>
  <testcase name="TestALotOfAdding" classname="LocalCMCTests" time="0.001"/>
  <testcase name="TestALotOfAdding" classname="LocalCMCTests" time="0.0"/>
  <testcase name="TestALotOfAdding" classname="LocalCMCTests" time="0.001"/>
  <testcase name="TestALotOfAdding" classname="LocalCMCTests" time="0.001"/>
  <testcase name="TestALotOfAdding" classname="LocalCMCTests" time="0.0"/>
  <testcase name="TestALotOfAdding" classname="LocalCMCTests" time="0.001"/>
  <testcase name="TestALotOfAdding" classname="LocalCMCTests" time="0.0"/>
  <testcase name="TestALotOfAdding" classname="LocalCMCTests" time="0.001"/>
  <testcase name="TestALotOfAdding" classname="LocalCMCTests" time="0.0"/>
  <testcase name="TestALotOfAdding" classname="LocalCMCTests" time="0.0"/>
  <testcase name="TestALotOfAdding" classname="LocalCMCTests" time="0.001"/>
  <testcase name="TestALotOfAdding" classname="LocalCMCTests" time="0.0"/>
  <testcase name="TestALotOfAdding" classname="LocalCMCTests" time="0.001"/>
  <testcase name="TestALotOfAdding" classname="LocalCMCTests" time="0.002"/>
  <testcase name="TestALotOfAdding" classname="LocalCMCTests" time="0.0"/>
  <testcase name="TestALotOfAdding" classname="LocalCMCTests" time="0.001"/>
  <testcase name="TestALotOfAdding" classname="LocalCMCTests" time="0.001"/>
  <testcase name="TestALotOfAdding" classname="LocalCMCTests" time="0.001"/>
  <testcase name="TestALotOfAdding" classname="LocalCMCTests" time="0.0"/>
  <testcase name="TestALotOfAdding" classname="LocalCMCTests" time="0.001"/>
  <testcase name="TestALotOfAdding" classname="LocalCMCTests" time="0.0"/>
  <testcase name="TestALotOfAdding" classname="LocalCMCTests" time="0.002"/>
  <testcase name="TestALotOfAdding" classname="LocalCMCTests" time="0.0"/>
  <testcase name="TestALotOfAdding" classname="LocalCMCTests" time="0.0"/>
  <testcase name="TestALotOfAdding" classname="LocalCMCTests" time="0.001"/>
  <testcase name="TestALotOfAdding" classname="LocalCMCTests" time="0.0"/>
  <testcase name="TestALotOfAdding" classname="LocalCMCTests" time="0.003"/>
  <testcase name="TestALotOfAdding" classname="LocalCMCTests" time="0.0"/>
  <testcase name="TestALotOfAdding" classname="LocalCMCTests" time="0.001"/>
  <testcase name="TestALotOfAdding" classname="LocalCMCTests" time="0.0"/>
  <testcase name="TestALotOfAdding" classname="LocalCMCTests" time="0.001"/>
  <testcase name="TestALotOfAdding" classname="LocalCMCTests" time="0.001"/>
  <testcase name="TestALotOfAdding" classname="LocalCMCTests" time="0.001"/>
  <testcase name="TestALotOfAdding" classname="LocalCMCTests" time="0.002"/>
  <testcase name="TestALotOfAdding" classname="LocalCMCTests" time="0.0"/>
  <testcase name="TestALotOfAdding" classname="LocalCMCTests" time="0.001"/>
  <testcase name="TestALotOfAdding" classname="LocalCMCTests" time="0.0"/>
  <testcase name="TestALotOfAdding" classname="LocalCMCTests" time="0.0"/>
  <testcase name="TestALotOfAdding" classname="LocalCMCTests" time="0.0"/>
  <testcase name="TestALotOfAdding" classname="LocalCMCTests" time="0.0"/>
  <testcase name="TestALotOfAdding" classname="LocalCMCTests" time="0.001"/>
  <testcase name="TestALotOfAdding" classname="LocalCMCTests" time="0.0"/>
  <testcase name="TestALotOfAdding" classname="LocalCMCTests" time="0.001"/>
  <testcase name="TestALotOfAdding" classname="LocalCMCTests" time="0.001"/>
  <testcase name="TestALotOfAdding" classname="LocalCMCTests" time="0.0"/>
  <testcase name="TestALotOfAdding" classname="LocalCMCTests" time="0.0"/>
  <testcase name="TestALotOfAdding" classname="LocalCMCTests" time="0.0"/>
  <testcase name="TestALotOfAdding" classname="LocalCMCTests" time="0.001"/>
  <testcase name="TestALotOfAdding" classname="LocalCMCTests" time="0.001"/>
  <testcase name="TestALotOfAdding" classname="LocalCMCTests" time="0.001"/>
  <testcase name="TestALotOfAdding" classname="LocalCMCTests" time="0.0"/>
  <testcase name="TestALotOfAdding" classname="LocalCMCTests" time="0.002"/>
  <testcase name="TestALotOfAdding" classname="LocalCMCTests" time="0.001"/>
  <testcase name="TestALotOfAdding" classname="LocalCMCTests" time="0.002"/>
  <testcase name="TestALotOfAdding" classname="LocalCMCTests" time="0.0"/>
  <testcase name="TestALotOfAdding" classname="LocalCMCTests" time="0.0"/>
  <testcase name="TestALotOfAdding" classname="LocalCMCTests" time="0.0"/>
  <testcase name="TestALotOfAdding" classname="LocalCMCTests" time="0.0"/>
  <testcase name="TestALotOfAdding" classname="LocalCMCTests" time="0.001"/>
  <testcase name="TestALotOfAdding" classname="LocalCMCTests" time="0.001"/>
  <testcase name="TestALotOfAdding" classname="LocalCMCTests" time="0.001"/>
  <testcase name="TestALotOfAdding" classname="LocalCMCTests" time="0.001"/>
  <testcase name="TestALotOfAdding" classname="LocalCMCTests" time="0.0"/>
  <testcase name="TestALotOfAdding" classname="LocalCMCTests" time="0.0"/>
  <testcase name="TestALotOfAdding" classname="LocalCMCTests" time="0.001"/>
  <testcase name="TestALotOfAdding" classname="LocalCMCTests" time="0.0"/>
  <testcase name="TestALotOfAdding" classname="LocalCMCTests" time="0.001"/>
  <testcase name="TestALotOfAdding" classname="LocalCMCTests" time="0.001"/>
  <testcase name="TestALotOfAdding" classname="LocalCMCTests" time="0.001"/>
  <testcase name="TestALotOfAdding" classname="LocalCMCTests" time="0.001"/>
  <testcase name="TestALotOfAdding" classname="LocalCMCTests" time="0.0"/>
  <testcase name="TestALotOfAdding" classname="LocalCMCTests" time="0.001"/>
  <testcase name="TestALotOfAdding" classname="LocalCMCTests" time="0.001"/>
  <testcase name="TestALotOfAdding" classname="LocalCMCTests" time="0.001"/>
  <testcase name="TestALotOfAdding" classname="LocalCMCTests" time="0.0"/>
  <testcase name="TestALotOfAdding" classname="LocalCMCTests" time="0.0"/>
  <testcase name="TestALotOfAdding" classname="LocalCMCTests" time="0.001"/>
  <testcase name="TestALotOfAdding" classname="LocalCMCTests" time="0.0"/>
  <testcase name="TestALotOfAdding" classname="LocalCMCTests" time="0.001"/>
  <testcase name="TestALotOfAdding" classname="LocalCMCTests" time="0.0"/>
  <testcase name="TestALotOfAdding" classname="LocalCMCTests" time="0.0"/>
  <testcase name="TestALotOfAdding" classname="LocalCMCTests" time="0.001"/>
  <testcase name="TestALotOfAdding" classname="LocalCMCTests" time="0.001"/>
  <testcase name="TestALotOfAdding" classname="LocalCMCTests" time="0.002"/>
  <testcase name="TestALotOfAdding" classname="LocalCMCTests" time="0.001"/>
  <testcase name="TestALotOfAdding" classname="LocalCMCTests" time="0.002"/>
  <testcase name="TestALotOfAdding" classname="LocalCMCTests" time="0.001"/>
  <testcase name="TestALotOfAdding" classname="LocalCMCTests" time="0.001"/>
  <testcase name="TestALotOfAdding" classname="LocalCMCTests" time="0.0"/>
  <testcase name="TestALotOfAdding" classname="LocalCMCTests" time="0.001"/>
  <testcase name="TestALotOfAdding" classname="LocalCMCTests" time="0.001"/>
  <testcase name="TestALotOfAdding" classname="LocalCMCTests" time="0.0"/>
  <testcase name="TestALotOfAdding" classname="LocalCMCTests" time="0.0"/>
  <testcase name="TestALotOfAdding" classname="LocalCMCTests" time="0.001"/>
  <testcase name="TestALotOfAdding" classname="LocalCMCTests" time="0.001"/>
  <testcase name="TestALotOfAdding" classname="LocalCMCTests" time="0.001"/>
  <testcase name="TestALotOfAdding" classname="LocalCMCTests" time="0.001"/>
  <testcase name="TestALotOfAdding" classname="LocalCMCTests" time="0.0"/>
  <testcase name="TestALotOfAdding" classname="LocalCMCTests" time="0.0"/>
  <testcase name="TestALotOfAdding" classname="LocalCMCTests" time="0.0"/>
  <testcase name="TestALotOfAdding" classname="LocalCMCTests" time="0.0"/>
  <testcase name="TestALotOfAdding" classname="LocalCMCTests" time="0.0"/>
  <testcase name="TestALotOfAdding" classname="LocalCMCTests" time="0.0"/>
  <testcase name="TestALotOfAdding" classname="LocalCMCTests" time="0.0"/>
  <testcase name="TestALotOfAdding" classname="LocalCMCTests" time="0.0"/>
  <testcase name="TestALotOfAdding" classname="LocalCMCTests" time="0.001"/>
  <testcase name="TestALotOfAdding" classname="LocalCMCTests" time="0.0"/>
  <testcase name="TestALotOfAdding" classname="LocalCMCTests" time="0.002"/>
  <testcase name="TestALotOfAdding" classname="LocalCMCTests" time="0.001"/>
  <testcase name="TestALotOfAdding" classname="LocalCMCTests" time="0.0"/>
  <testcase name="TestALotOfAdding" classname="LocalCMCTests" time="0.001"/>
  <testcase name="TestALotOfAdding" classname="LocalCMCTests" time="0.0"/>
  <testcase name="TestALotOfAdding" classname="LocalCMCTests" time="0.001"/>
  <testcase name="TestALotOfAdding" classname="LocalCMCTests" time="0.001"/>
  <testcase name="TestALotOfAdding" classname="LocalCMCTests" time="0.001"/>
  <testcase name="TestALotOfAdding" classname="LocalCMCTests" time="0.001"/>
  <testcase name="TestALotOfAdding" classname="LocalCMCTests" time="0.0"/>
  <testcase name="TestALotOfAdding" classname="LocalCMCTests" time="0.0"/>
  <testcase name="TestALotOfAdding" classname="LocalCMCTests" time="0.001"/>
  <testcase name="TestALotOfAdding" classname="LocalCMCTests" time="0.001"/>
  <testcase name="TestALotOfAdding" classname="LocalCMCTests" time="0.0"/>
  <testcase name="TestALotOfAdding" classname="LocalCMCTests" time="0.001"/>
  <testcase name="TestALotOfAdding" classname="LocalCMCTests" time="0.0"/>
  <testcase name="TestALotOfAdding" classname="LocalCMCTests" time="0.001"/>
  <testcase name="TestALotOfAdding" classname="LocalCMCTests" time="0.0"/>
  <testcase name="TestALotOfAdding" classname="LocalCMCTests" time="0.0"/>
  <testcase name="TestALotOfAdding" classname="LocalCMCTests" time="0.0"/>
  <testcase name="TestALotOfAdding" classname="LocalCMCTests" time="0.001"/>
  <testcase name="TestALotOfAdding" classname="LocalCMCTests" time="0.002"/>
  <testcase name="TestALotOfAdding" classname="LocalCMCTests" time="0.001"/>
  <testcase name="TestALotOfAdding" classname="LocalCMCTests" time="0.0"/>
  <testcase name="TestALotOfAdding" classname="LocalCMCTests" time="0.002"/>
  <testcase name="TestALotOfAdding" classname="LocalCMCTests" time="0.001"/>
  <testcase name="TestALotOfAdding" classname="LocalCMCTests" time="0.001"/>
  <testcase name="TestALotOfAdding" classname="LocalCMCTests" time="0.0"/>
  <testcase name="TestALotOfAdding" classname="LocalCMCTests" time="0.001"/>
  <testcase name="TestALotOfAdding" classname="LocalCMCTests" time="0.002"/>
  <testcase name="TestALotOfAdding" classname="LocalCMCTests" time="0.0"/>
  <testcase name="TestALotOfAdding" classname="LocalCMCTests" time="0.001"/>
  <testcase name="TestALotOfAdding" classname="LocalCMCTests" time="0.002"/>
  <testcase name="TestALotOfAdding" classname="LocalCMCTests" time="0.001"/>
  <testcase name="TestALotOfAdding" classname="LocalCMCTests" time="0.001"/>
  <testcase name="TestALotOfAdding" classname="LocalCMCTests" time="0.0"/>
  <testcase name="TestALotOfAdding" classname="LocalCMCTests" time="0.0"/>
  <testcase name="TestALotOfAdding" classname="LocalCMCTests" time="0.0"/>
  <testcase name="TestALotOfAdding" classname="LocalCMCTests" time="0.0"/>
  <testcase name="TestALotOfAdding" classname="LocalCMCTests" time="0.0"/>
  <testcase name="TestALotOfAdding" classname="LocalCMCTests" time="0.001"/>
  <testcase name="TestALotOfAdding" classname="LocalCMCTests" time="0.001"/>
  <testcase name="TestALotOfAdding" classname="LocalCMCTests" time="0.0"/>
  <testcase name="TestALotOfAdding" classname="LocalCMCTests" time="0.001"/>
  <testcase name="TestALotOfAdding" classname="LocalCMCTests" time="0.0"/>
  <testcase name="TestALotOfAdding" classname="LocalCMCTests" time="0.001"/>
  <testcase name="TestALotOfAdding" classname="LocalCMCTests" time="0.002"/>
  <testcase name="TestALotOfAdding" classname="LocalCMCTests" time="0.0"/>
  <testcase name="TestALotOfAdding" classname="LocalCMCTests" time="0.0"/>
  <testcase name="TestALotOfAdding" classname="LocalCMCTests" time="0.0"/>
  <testcase name="TestALotOfAdding" classname="LocalCMCTests" time="0.0"/>
  <testcase name="TestALotOfAdding" classname="LocalCMCTests" time="0.0"/>
  <testcase name="TestALotOfAdding" classname="LocalCMCTests" time="0.001"/>
  <testcase name="TestALotOfAdding" classname="LocalCMCTests" time="0.002"/>
  <testcase name="TestALotOfAdding" classname="LocalCMCTests" time="0.002"/>
  <testcase name="TestALotOfAdding" classname="LocalCMCTests" time="0.001"/>
  <testcase name="TestALotOfAdding" classname="LocalCMCTests" time="0.001"/>
  <testcase name="TestALotOfAdding" classname="LocalCMCTests" time="0.001"/>
  <testcase name="TestALotOfAdding" classname="LocalCMCTests" time="0.002"/>
  <testcase name="TestALotOfAdding" classname="LocalCMCTests" time="0.0"/>
  <testcase name="TestALotOfAdding" classname="LocalCMCTests" time="0.001"/>
  <testcase name="TestALotOfAdding" classname="LocalCMCTests" time="0.0"/>
  <testcase name="TestALotOfAdding" classname="LocalCMCTests" time="0.001"/>
  <testcase name="TestALotOfAdding" classname="LocalCMCTests" time="0.001"/>
  <testcase name="TestALotOfAdding" classname="LocalCMCTests" time="0.0"/>
  <testcase name="TestALotOfAdding" classname="LocalCMCTests" time="0.0"/>
  <testcase name="TestALotOfAdding" classname="LocalCMCTests" time="0.0"/>
  <testcase name="TestALotOfAdding" classname="LocalCMCTests" time="0.0"/>
  <testcase name="TestALotOfAdding" classname="LocalCMCTests" time="0.001"/>
  <testcase name="TestALotOfAdding" classname="LocalCMCTests" time="0.001"/>
  <testcase name="TestALotOfAdding" classname="LocalCMCTests" time="0.001"/>
  <testcase name="TestALotOfAdding" classname="LocalCMCTests" time="0.001"/>
  <testcase name="TestALotOfAdding" classname="LocalCMCTests" time="0.0"/>
  <testcase name="TestALotOfAdding" classname="LocalCMCTests" time="0.001"/>
  <testcase name="TestALotOfAdding" classname="LocalCMCTests" time="0.0"/>
  <testcase name="TestALotOfAdding" classname="LocalCMCTests" time="0.001"/>
  <testcase name="TestALotOfAdding" classname="LocalCMCTests" time="0.001"/>
  <testcase name="TestALotOfAdding" classname="LocalCMCTests" time="0.001"/>
  <testcase name="TestALotOfAdding" classname="LocalCMCTests" time="0.0"/>
  <testcase name="TestALotOfAdding" classname="LocalCMCTests" time="0.001"/>
  <testcase name="TestALotOfAdding" classname="LocalCMCTests" time="0.001"/>
  <testcase name="TestALotOfAdding" classname="LocalCMCTests" time="0.0"/>
  <testcase name="TestALotOfAdding" classname="LocalCMCTests" time="0.0"/>
  <testcase name="TestALotOfAdding" classname="LocalCMCTests" time="0.001"/>
  <testcase name="TestALotOfAdding" classname="LocalCMCTests" time="0.0"/>
  <testcase name="TestALotOfAdding" classname="LocalCMCTests" time="0.001"/>
  <testcase name="TestALotOfAdding" classname="LocalCMCTests" time="0.001"/>
  <testcase name="TestALotOfAdding" classname="LocalCMCTests" time="0.001"/>
  <testcase name="TestALotOfAdding" classname="LocalCMCTests" time="0.0"/>
  <testcase name="TestALotOfAdding" classname="LocalCMCTests" time="0.001"/>
  <testcase name="TestALotOfAdding" classname="LocalCMCTests" time="0.001"/>
  <testcase name="TestALotOfAdding" classname="LocalCMCTests" time="0.0"/>
  <testcase name="TestALotOfAdding" classname="LocalCMCTests" time="0.001"/>
  <testcase name="TestALotOfAdding" classname="LocalCMCTests" time="0.001"/>
  <testcase name="TestALotOfAdding" classname="LocalCMCTests" time="0.001"/>
  <testcase name="TestALotOfAdding" classname="LocalCMCTests" time="0.0"/>
  <testcase name="TestALotOfAdding" classname="LocalCMCTests" time="0.0"/>
  <testcase name="TestALotOfAdding" classname="LocalCMCTests" time="0.0"/>
  <testcase name="TestALotOfAdding" classname="LocalCMCTests" time="0.001"/>
  <testcase name="TestALotOfAdding" classname="LocalCMCTests" time="0.001"/>
  <testcase name="TestALotOfAdding" classname="LocalCMCTests" time="0.001"/>
  <testcase name="TestALotOfAdding" classname="LocalCMCTests" time="0.001"/>
  <testcase name="TestALotOfAdding" classname="LocalCMCTests" time="0.001"/>
  <testcase name="TestALotOfAdding" classname="LocalCMCTests" time="0.0"/>
  <testcase name="TestALotOfAdding" classname="LocalCMCTests" time="0.002"/>
  <testcase name="TestALotOfAdding" classname="LocalCMCTests" time="0.0"/>
  <testcase name="TestALotOfAdding" classname="LocalCMCTests" time="0.0"/>
  <testcase name="TestALotOfAdding" classname="LocalCMCTests" time="0.0"/>
  <testcase name="TestALotOfAdding" classname="LocalCMCTests" time="0.001"/>
  <testcase name="TestALotOfAdding" classname="LocalCMCTests" time="0.001"/>
  <testcase name="TestALotOfAdding" classname="LocalCMCTests" time="0.001"/>
  <testcase name="TestALotOfAdding" classname="LocalCMCTests" time="0.0"/>
  <testcase name="TestALotOfAdding" classname="LocalCMCTests" time="0.0"/>
  <testcase name="TestALotOfAdding" classname="LocalCMCTests" time="0.0"/>
  <testcase name="TestALotOfAdding" classname="LocalCMCTests" time="0.001"/>
  <testcase name="TestALotOfAdding" classname="LocalCMCTests" time="0.0"/>
  <testcase name="TestALotOfAdding" classname="LocalCMCTests" time="0.0"/>
  <testcase name="TestALotOfAdding" classname="LocalCMCTests" time="0.001"/>
  <testcase name="TestALotOfAdding" classname="LocalCMCTests" time="0.0"/>
  <testcase name="TestALotOfAdding" classname="LocalCMCTests" time="0.001"/>
  <testcase name="TestALotOfAdding" classname="LocalCMCTests" time="0.002"/>
  <testcase name="TestALotOfAdding" classname="LocalCMCTests" time="0.001"/>
  <testcase name="TestALotOfAdding" classname="LocalCMCTests" time="0.0"/>
  <testcase name="TestALotOfAdding" classname="LocalCMCTests" time="0.0"/>
  <testcase name="TestALotOfAdding" classname="LocalCMCTests" time="0.0"/>
  <testcase name="TestALotOfAdding" classname="LocalCMCTests" time="0.0"/>
  <testcase name="TestALotOfAdding" classname="LocalCMCTests" time="0.001"/>
  <testcase name="TestALotOfAdding" classname="LocalCMCTests" time="0.001"/>
  <testcase name="TestALotOfAdding" classname="LocalCMCTests" time="0.0"/>
  <testcase name="TestALotOfAdding" classname="LocalCMCTests" time="0.001"/>
  <testcase name="TestALotOfAdding" classname="LocalCMCTests" time="0.001"/>
  <testcase name="TestALotOfAdding" classname="LocalCMCTests" time="0.002"/>
  <testcase name="TestALotOfAdding" classname="LocalCMCTests" time="0.001"/>
  <testcase name="TestALotOfAdding" classname="LocalCMCTests" time="0.0"/>
  <testcase name="TestALotOfAdding" classname="LocalCMCTests" time="0.001"/>
  <testcase name="TestALotOfAdding" classname="LocalCMCTests" time="0.001"/>
  <testcase name="TestALotOfAdding" classname="LocalCMCTests" time="0.001"/>
  <testcase name="TestALotOfAdding" classname="LocalCMCTests" time="0.0"/>
  <testcase name="TestALotOfAdding" classname="LocalCMCTests" time="0.001"/>
  <testcase name="TestALotOfAdding" classname="LocalCMCTests" time="0.001"/>
  <testcase name="TestALotOfAdding" classname="LocalCMCTests" time="0.0"/>
  <testcase name="TestALotOfAdding" classname="LocalCMCTests" time="0.001"/>
  <testcase name="TestALotOfAdding" classname="LocalCMCTests" time="0.0"/>
  <testcase name="TestALotOfAdding" classname="LocalCMCTests" time="0.0"/>
  <testcase name="TestALotOfAdding" classname="LocalCMCTests" time="0.0"/>
  <testcase name="TestALotOfAdding" classname="LocalCMCTests" time="0.0"/>
  <testcase name="TestALotOfAdding" classname="LocalCMCTests" time="0.0"/>
  <testcase name="TestALotOfAdding" classname="LocalCMCTests" time="0.0"/>
  <testcase name="TestALotOfAdding" classname="LocalCMCTests" time="0.0"/>
  <testcase name="TestALotOfAdding" classname="LocalCMCTests" time="0.001"/>
  <testcase name="TestALotOfAdding" classname="LocalCMCTests" time="0.001"/>
  <testcase name="TestALotOfAdding" classname="LocalCMCTests" time="0.001"/>
  <testcase name="TestALotOfAdding" classname="LocalCMCTests" time="0.0"/>
  <testcase name="TestALotOfAdding" classname="LocalCMCTests" time="0.002"/>
  <testcase name="TestALotOfAdding" classname="LocalCMCTests" time="0.001"/>
  <testcase name="TestALotOfAdding" classname="LocalCMCTests" time="0.001"/>
  <testcase name="TestALotOfAdding" classname="LocalCMCTests" time="0.002"/>
  <testcase name="TestALotOfAdding" classname="LocalCMCTests" time="0.0"/>
  <testcase name="TestALotOfAdding" classname="LocalCMCTests" time="0.001"/>
  <testcase name="TestALotOfAdding" classname="LocalCMCTests" time="0.001"/>
  <testcase name="TestALotOfAdding" classname="LocalCMCTests" time="0.0"/>
  <testcase name="TestALotOfAdding" classname="LocalCMCTests" time="0.0"/>
  <testcase name="TestALotOfAdding" classname="LocalCMCTests" time="0.0"/>
  <testcase name="TestALotOfAdding" classname="LocalCMCTests" time="0.0"/>
  <testcase name="TestALotOfAdding" classname="LocalCMCTests" time="0.001"/>
  <testcase name="TestALotOfAdding" classname="LocalCMCTests" time="0.001"/>
  <testcase name="TestALotOfAdding" classname="LocalCMCTests" time="0.003"/>
  <testcase name="TestALotOfAdding" classname="LocalCMCTests" time="0.001"/>
  <testcase name="TestALotOfAdding" classname="LocalCMCTests" time="0.003"/>
  <testcase name="TestALotOfAdding" classname="LocalCMCTests" time="0.0"/>
  <testcase name="TestALotOfAdding" classname="LocalCMCTests" time="0.002"/>
  <testcase name="TestALotOfAdding" classname="LocalCMCTests" time="0.002"/>
  <testcase name="TestALotOfAdding" classname="LocalCMCTests" time="0.0"/>
  <testcase name="TestALotOfAdding" classname="LocalCMCTests" time="0.001"/>
  <testcase name="TestALotOfAdding" classname="LocalCMCTests" time="0.0"/>
  <testcase name="TestALotOfAdding" classname="LocalCMCTests" time="0.001"/>
  <testcase name="TestALotOfAdding" classname="LocalCMCTests" time="0.0"/>
  <testcase name="TestALotOfAdding" classname="LocalCMCTests" time="0.001"/>
  <testcase name="TestALotOfAdding" classname="LocalCMCTests" time="0.0"/>
  <testcase name="TestALotOfAdding" classname="LocalCMCTests" time="0.002"/>
  <testcase name="TestALotOfAdding" classname="LocalCMCTests" time="0.001"/>
  <testcase name="TestALotOfAdding" classname="LocalCMCTests" time="0.001"/>
  <testcase name="TestALotOfAdding" classname="LocalCMCTests" time="0.001"/>
  <testcase name="TestALotOfAdding" classname="LocalCMCTests" time="0.001"/>
  <testcase name="TestALotOfAdding" classname="LocalCMCTests" time="0.001"/>
  <testcase name="TestALotOfAdding" classname="LocalCMCTests" time="0.003"/>
  <testcase name="TestALotOfAdding" classname="LocalCMCTests" time="0.001"/>
  <testcase name="TestALotOfAdding" classname="LocalCMCTests" time="0.001"/>
  <testcase name="TestALotOfAdding" classname="LocalCMCTests" time="0.0"/>
  <testcase name="TestALotOfAdding" classname="LocalCMCTests" time="0.0"/>
  <testcase name="TestALotOfAdding" classname="LocalCMCTests" time="0.0"/>
  <testcase name="TestALotOfAdding" classname="LocalCMCTests" time="0.0"/>
  <testcase name="TestALotOfAdding" classname="LocalCMCTests" time="0.0"/>
  <testcase name="TestALotOfAdding" classname="LocalCMCTests" time="0.002"/>
  <testcase name="TestALotOfAdding" classname="LocalCMCTests" time="0.002"/>
  <testcase name="TestALotOfAdding" classname="LocalCMCTests" time="0.002"/>
  <testcase name="TestALotOfAdding" classname="LocalCMCTests" time="0.0"/>
  <testcase name="TestALotOfAdding" classname="LocalCMCTests" time="0.002"/>
  <testcase name="TestALotOfAdding" classname="LocalCMCTests" time="0.0"/>
  <testcase name="TestALotOfAdding" classname="LocalCMCTests" time="0.002"/>
  <testcase name="TestALotOfAdding" classname="LocalCMCTests" time="0.0"/>
  <testcase name="TestALotOfAdding" classname="LocalCMCTests" time="0.001"/>
  <testcase name="TestALotOfAdding" classname="LocalCMCTests" time="0.0"/>
  <testcase name="TestALotOfAdding" classname="LocalCMCTests" time="0.0"/>
  <testcase name="TestALotOfAdding" classname="LocalCMCTests" time="0.003"/>
  <testcase name="TestALotOfAdding" classname="LocalCMCTests" time="0.004"/>
  <testcase name="TestALotOfAdding" classname="LocalCMCTests" time="0.0"/>
  <testcase name="TestALotOfAdding" classname="LocalCMCTests" time="0.0"/>
  <testcase name="TestALotOfAdding" classname="LocalCMCTests" time="0.0"/>
  <testcase name="TestALotOfAdding" classname="LocalCMCTests" time="0.0"/>
  <testcase name="TestALotOfAdding" classname="LocalCMCTests" time="0.001"/>
  <testcase name="TestALotOfAdding" classname="LocalCMCTests" time="0.001"/>
  <testcase name="TestALotOfAdding" classname="LocalCMCTests" time="0.001"/>
  <testcase name="TestALotOfAdding" classname="LocalCMCTests" time="0.002"/>
  <testcase name="TestALotOfAdding" classname="LocalCMCTests" time="0.002"/>
  <testcase name="TestALotOfAdding" classname="LocalCMCTests" time="0.002"/>
  <testcase name="TestALotOfAdding" classname="LocalCMCTests" time="0.002"/>
  <testcase name="TestALotOfAdding" classname="LocalCMCTests" time="0.0"/>
  <testcase name="TestALotOfAdding" classname="LocalCMCTests" time="0.0"/>
  <testcase name="TestALotOfAdding" classname="LocalCMCTests" time="0.001"/>
  <testcase name="TestALotOfAdding" classname="LocalCMCTests" time="0.001"/>
  <testcase name="TestALotOfAdding" classname="LocalCMCTests" time="0.001"/>
  <testcase name="TestALotOfAdding" classname="LocalCMCTests" time="0.005"/>
  <testcase name="TestALotOfAdding" classname="LocalCMCTests" time="0.003"/>
  <testcase name="TestALotOfAdding" classname="LocalCMCTests" time="0.001"/>
  <testcase name="TestALotOfAdding" classname="LocalCMCTests" time="0.001"/>
  <testcase name="TestALotOfAdding" classname="LocalCMCTests" time="0.0"/>
  <testcase name="TestALotOfAdding" classname="LocalCMCTests" time="0.0"/>
  <testcase name="TestALotOfAdding" classname="LocalCMCTests" time="0.0"/>
  <testcase name="TestALotOfAdding" classname="LocalCMCTests" time="0.0"/>
  <testcase name="TestALotOfAdding" classname="LocalCMCTests" time="0.001"/>
  <testcase name="TestALotOfAdding" classname="LocalCMCTests" time="0.001"/>
  <testcase name="TestALotOfAdding" classname="LocalCMCTests" time="0.004"/>
  <testcase name="TestALotOfAdding" classname="LocalCMCTests" time="0.002"/>
  <testcase name="TestALotOfAdding" classname="LocalCMCTests" time="0.0"/>
  <testcase name="TestALotOfAdding" classname="LocalCMCTests" time="0.0"/>
  <testcase name="TestALotOfAdding" classname="LocalCMCTests" time="0.0"/>
  <testcase name="TestALotOfAdding" classname="LocalCMCTests" time="0.0"/>
  <testcase name="TestALotOfAdding" classname="LocalCMCTests" time="0.001"/>
  <testcase name="TestALotOfAdding" classname="LocalCMCTests" time="0.001"/>
  <testcase name="TestALotOfAdding" classname="LocalCMCTests" time="0.001"/>
  <testcase name="TestALotOfAdding" classname="LocalCMCTests" time="0.002"/>
  <testcase name="TestALotOfAdding" classname="LocalCMCTests" time="0.0"/>
  <testcase name="TestALotOfAdding" classname="LocalCMCTests" time="0.001"/>
  <testcase name="TestALotOfAdding" classname="LocalCMCTests" time="0.001"/>
  <testcase name="TestALotOfAdding" classname="LocalCMCTests" time="0.001"/>
  <testcase name="TestALotOfAdding" classname="LocalCMCTests" time="0.0"/>
  <testcase name="TestALotOfAdding" classname="LocalCMCTests" time="0.001"/>
  <testcase name="TestALotOfAdding" classname="LocalCMCTests" time="0.0"/>
  <testcase name="TestALotOfAdding" classname="LocalCMCTests" time="0.001"/>
  <testcase name="TestALotOfAdding" classname="LocalCMCTests" time="0.001"/>
  <testcase name="TestALotOfAdding" classname="LocalCMCTests" time="0.0"/>
  <testcase name="TestALotOfAdding" classname="LocalCMCTests" time="0.0"/>
  <testcase name="TestALotOfAdding" classname="LocalCMCTests" time="0.002"/>
  <testcase name="TestALotOfAdding" classname="LocalCMCTests" time="0.001"/>
  <testcase name="TestALotOfAdding" classname="LocalCMCTests" time="0.003"/>
  <testcase name="TestALotOfAdding" classname="LocalCMCTests" time="0.001"/>
  <testcase name="TestALotOfAdding" classname="LocalCMCTests" time="0.003"/>
  <testcase name="TestALotOfAdding" classname="LocalCMCTests" time="0.0"/>
  <testcase name="TestALotOfAdding" classname="LocalCMCTests" time="0.0"/>
  <testcase name="TestALotOfAdding" classname="LocalCMCTests" time="0.0"/>
  <testcase name="TestALotOfAdding" classname="LocalCMCTests" time="0.001"/>
  <testcase name="TestALotOfAdding" classname="LocalCMCTests" time="0.0"/>
  <testcase name="TestALotOfAdding" classname="LocalCMCTests" time="0.001"/>
  <testcase name="TestALotOfAdding" classname="LocalCMCTests" time="0.0"/>
  <testcase name="TestALotOfAdding" classname="LocalCMCTests" time="0.001"/>
  <testcase name="TestALotOfAdding" classname="LocalCMCTests" time="0.001"/>
  <testcase name="TestALotOfAdding" classname="LocalCMCTests" time="0.0"/>
  <testcase name="TestALotOfAdding" classname="LocalCMCTests" time="0.001"/>
  <testcase name="TestALotOfAdding" classname="LocalCMCTests" time="0.001"/>
  <testcase name="TestALotOfAdding" classname="LocalCMCTests" time="0.001"/>
  <testcase name="TestALotOfAdding" classname="LocalCMCTests" time="0.0"/>
  <testcase name="TestALotOfAdding" classname="LocalCMCTests" time="0.001"/>
  <testcase name="TestALotOfAdding" classname="LocalCMCTests" time="0.0"/>
  <testcase name="TestALotOfAdding" classname="LocalCMCTests" time="0.001"/>
  <testcase name="TestALotOfAdding" classname="LocalCMCTests" time="0.001"/>
  <testcase name="TestALotOfAdding" classname="LocalCMCTests" time="0.001"/>
  <testcase name="TestALotOfAdding" classname="LocalCMCTests" time="0.001"/>
  <testcase name="TestALotOfAdding" classname="LocalCMCTests" time="0.0"/>
  <testcase name="TestALotOfAdding" classname="LocalCMCTests" time="0.001"/>
  <testcase name="TestALotOfAdding" classname="LocalCMCTests" time="0.001"/>
  <testcase name="TestALotOfAdding" classname="LocalCMCTests" time="0.001"/>
  <testcase name="TestALotOfAdding" classname="LocalCMCTests" time="0.001"/>
  <testcase name="TestALotOfAdding" classname="LocalCMCTests" time="0.001"/>
  <testcase name="TestALotOfAdding" classname="LocalCMCTests" time="0.002"/>
  <testcase name="TestALotOfAdding" classname="LocalCMCTests" time="0.002"/>
  <testcase name="TestALotOfAdding" classname="LocalCMCTests" time="0.001"/>
  <testcase name="TestALotOfAdding" classname="LocalCMCTests" time="0.0"/>
  <testcase name="TestALotOfAdding" classname="LocalCMCTests" time="0.0"/>
  <testcase name="TestALotOfAdding" classname="LocalCMCTests" time="0.0"/>
  <testcase name="TestALotOfAdding" classname="LocalCMCTests" time="0.0"/>
  <testcase name="TestALotOfAdding" classname="LocalCMCTests" time="0.0"/>
  <testcase name="TestALotOfAdding" classname="LocalCMCTests" time="0.002"/>
  <testcase name="TestALotOfAdding" classname="LocalCMCTests" time="0.002"/>
  <testcase name="TestALotOfAdding" classname="LocalCMCTests" time="0.001"/>
  <testcase name="TestALotOfAdding" classname="LocalCMCTests" time="0.001"/>
  <testcase name="TestALotOfAdding" classname="LocalCMCTests" time="0.001"/>
  <testcase name="TestALotOfAdding" classname="LocalCMCTests" time="0.001"/>
  <testcase name="TestALotOfAdding" classname="LocalCMCTests" time="0.0"/>
  <testcase name="TestALotOfAdding" classname="LocalCMCTests" time="0.001"/>
  <testcase name="TestALotOfAdding" classname="LocalCMCTests" time="0.001"/>
  <testcase name="TestALotOfAdding" classname="LocalCMCTests" time="0.0"/>
  <testcase name="TestALotOfAdding" classname="LocalCMCTests" time="0.001"/>
  <testcase name="TestALotOfAdding" classname="LocalCMCTests" time="0.0"/>
  <testcase name="TestALotOfAdding" classname="LocalCMCTests" time="0.001"/>
  <testcase name="TestALotOfAdding" classname="LocalCMCTests" time="0.0"/>
  <testcase name="TestALotOfAdding" classname="LocalCMCTests" time="0.0"/>
  <testcase name="TestALotOfAdding" classname="LocalCMCTests" time="0.0"/>
  <testcase name="TestALotOfAdding" classname="LocalCMCTests" time="0.001"/>
  <testcase name="TestALotOfAdding" classname="LocalCMCTests" time="0.001"/>
  <testcase name="TestALotOfAdding" classname="LocalCMCTests" time="0.001"/>
  <testcase name="TestALotOfAdding" classname="LocalCMCTests" time="0.0"/>
  <testcase name="TestALotOfAdding" classname="LocalCMCTests" time="0.001"/>
  <testcase name="TestALotOfAdding" classname="LocalCMCTests" time="0.001"/>
  <testcase name="TestALotOfAdding" classname="LocalCMCTests" time="0.0"/>
  <testcase name="TestALotOfAdding" classname="LocalCMCTests" time="0.0"/>
  <testcase name="TestALotOfAdding" classname="LocalCMCTests" time="0.001"/>
  <testcase name="TestALotOfAdding" classname="LocalCMCTests" time="0.001"/>
  <testcase name="TestALotOfAdding" classname="LocalCMCTests" time="0.0"/>
  <testcase name="TestALotOfAdding" classname="LocalCMCTests" time="0.001"/>
  <testcase name="TestALotOfAdding" classname="LocalCMCTests" time="0.002"/>
  <testcase name="TestALotOfAdding" classname="LocalCMCTests" time="0.001"/>
  <testcase name="TestALotOfAdding" classname="LocalCMCTests" time="0.001"/>
  <testcase name="TestALotOfAdding" classname="LocalCMCTests" time="0.001"/>
  <testcase name="TestALotOfAdding" classname="LocalCMCTests" time="0.001"/>
  <testcase name="TestALotOfAdding" classname="LocalCMCTests" time="0.0"/>
  <testcase name="TestALotOfAdding" classname="LocalCMCTests" time="0.001"/>
  <testcase name="TestALotOfAdding" classname="LocalCMCTests" time="0.001"/>
  <testcase name="TestALotOfAdding" classname="LocalCMCTests" time="0.0"/>
  <testcase name="TestALotOfAdding" classname="LocalCMCTests" time="0.002"/>
  <testcase name="TestALotOfAdding" classname="LocalCMCTests" time="0.001"/>
  <testcase name="TestALotOfAdding" classname="LocalCMCTests" time="0.0"/>
  <testcase name="TestALotOfAdding" classname="LocalCMCTests" time="0.0"/>
  <testcase name="TestALotOfAdding" classname="LocalCMCTests" time="0.001"/>
  <testcase name="TestALotOfAdding" classname="LocalCMCTests" time="0.0"/>
  <testcase name="TestALotOfAdding" classname="LocalCMCTests" time="0.0"/>
  <testcase name="TestALotOfAdding" classname="LocalCMCTests" time="0.001"/>
  <testcase name="TestALotOfAdding" classname="LocalCMCTests" time="0.001"/>
  <testcase name="TestALotOfAdding" classname="LocalCMCTests" time="0.0"/>
  <testcase name="TestALotOfAdding" classname="LocalCMCTests" time="0.001"/>
  <testcase name="TestALotOfAdding" classname="LocalCMCTests" time="0.001"/>
  <testcase name="TestALotOfAdding" classname="LocalCMCTests" time="0.001"/>
  <testcase name="TestALotOfAdding" classname="LocalCMCTests" time="0.0"/>
  <testcase name="TestALotOfAdding" classname="LocalCMCTests" time="0.001"/>
  <testcase name="TestALotOfAdding" classname="LocalCMCTests" time="0.0"/>
  <testcase name="TestALotOfAdding" classname="LocalCMCTests" time="0.001"/>
  <testcase name="TestALotOfAdding" classname="LocalCMCTests" time="0.0"/>
  <testcase name="TestALotOfAdding" classname="LocalCMCTests" time="0.002"/>
  <testcase name="TestALotOfAdding" classname="LocalCMCTests" time="0.001"/>
  <testcase name="TestALotOfAdding" classname="LocalCMCTests" time="0.002"/>
  <testcase name="TestALotOfAdding" classname="LocalCMCTests" time="0.002"/>
  <testcase name="TestALotOfAdding" classname="LocalCMCTests" time="0.0"/>
  <testcase name="TestALotOfAdding" classname="LocalCMCTests" time="0.0"/>
  <testcase name="TestALotOfAdding" classname="LocalCMCTests" time="0.0"/>
  <testcase name="TestALotOfAdding" classname="LocalCMCTests" time="0.001"/>
  <testcase name="TestALotOfAdding" classname="LocalCMCTests" time="0.0"/>
  <testcase name="TestALotOfAdding" classname="LocalCMCTests" time="0.001"/>
  <testcase name="TestALotOfAdding" classname="LocalCMCTests" time="0.0"/>
  <testcase name="TestALotOfAdding" classname="LocalCMCTests" time="0.001"/>
  <testcase name="TestALotOfAdding" classname="LocalCMCTests" time="0.001"/>
  <testcase name="TestALotOfAdding" classname="LocalCMCTests" time="0.0"/>
  <testcase name="TestALotOfAdding" classname="LocalCMCTests" time="0.001"/>
  <testcase name="TestALotOfAdding" classname="LocalCMCTests" time="0.001"/>
  <testcase name="TestALotOfAdding" classname="LocalCMCTests" time="0.0"/>
  <testcase name="TestALotOfAdding" classname="LocalCMCTests" time="0.001"/>
  <testcase name="TestALotOfAdding" classname="LocalCMCTests" time="0.001"/>
  <testcase name="TestALotOfAdding" classname="LocalCMCTests" time="0.001"/>
  <testcase name="TestALotOfAdding" classname="LocalCMCTests" time="0.0"/>
  <testcase name="TestALotOfAdding" classname="LocalCMCTests" time="0.0"/>
  <testcase name="TestALotOfAdding" classname="LocalCMCTests" time="0.0"/>
  <testcase name="TestALotOfAdding" classname="LocalCMCTests" time="0.001"/>
  <testcase name="TestALotOfAdding" classname="LocalCMCTests" time="0.001"/>
  <testcase name="TestALotOfAdding" classname="LocalCMCTests" time="0.001"/>
  <testcase name="TestALotOfAdding" classname="LocalCMCTests" time="0.001"/>
  <testcase name="TestALotOfAdding" classname="LocalCMCTests" time="0.0"/>
  <testcase name="TestALotOfAdding" classname="LocalCMCTests" time="0.001"/>
  <testcase name="TestALotOfAdding" classname="LocalCMCTests" time="0.001"/>
  <testcase name="TestALotOfAdding" classname="LocalCMCTests" time="0.0"/>
  <testcase name="TestALotOfAdding" classname="LocalCMCTests" time="0.001"/>
  <testcase name="TestALotOfAdding" classname="LocalCMCTests" time="0.001"/>
  <testcase name="TestALotOfAdding" classname="LocalCMCTests" time="0.002"/>
  <testcase name="TestALotOfAdding" classname="LocalCMCTests" time="0.0"/>
  <testcase name="TestALotOfAdding" classname="LocalCMCTests" time="0.002"/>
  <testcase name="TestALotOfAdding" classname="LocalCMCTests" time="0.0"/>
  <testcase name="TestALotOfAdding" classname="LocalCMCTests" time="0.0"/>
  <testcase name="TestALotOfAdding" classname="LocalCMCTests" time="0.001"/>
  <testcase name="TestALotOfAdding" classname="LocalCMCTests" time="0.0"/>
  <testcase name="TestALotOfAdding" classname="LocalCMCTests" time="0.0"/>
  <testcase name="TestALotOfAdding" classname="LocalCMCTests" time="0.0"/>
  <testcase name="TestALotOfAdding" classname="LocalCMCTests" time="0.002"/>
  <testcase name="TestALotOfAdding" classname="LocalCMCTests" time="0.001"/>
  <testcase name="TestALotOfAdding" classname="LocalCMCTests" time="0.001"/>
  <testcase name="TestALotOfAdding" classname="LocalCMCTests" time="0.002"/>
  <testcase name="TestALotOfAdding" classname="LocalCMCTests" time="0.001"/>
  <testcase name="TestALotOfAdding" classname="LocalCMCTests" time="0.001"/>
  <testcase name="TestALotOfAdding" classname="LocalCMCTests" time="0.001"/>
  <testcase name="TestALotOfAdding" classname="LocalCMCTests" time="0.001"/>
  <testcase name="TestALotOfAdding" classname="LocalCMCTests" time="0.0"/>
  <testcase name="TestALotOfAdding" classname="LocalCMCTests" time="0.0"/>
  <testcase name="TestALotOfAdding" classname="LocalCMCTests" time="0.001"/>
  <testcase name="TestALotOfAdding" classname="LocalCMCTests" time="0.0"/>
  <testcase name="TestALotOfAdding" classname="LocalCMCTests" time="0.0"/>
  <testcase name="TestALotOfAdding" classname="LocalCMCTests" time="0.001"/>
  <testcase name="TestALotOfAdding" classname="LocalCMCTests" time="0.0"/>
  <testcase name="TestALotOfAdding" classname="LocalCMCTests" time="0.0"/>
  <testcase name="TestALotOfAdding" classname="LocalCMCTests" time="0.0"/>
  <testcase name="TestALotOfAdding" classname="LocalCMCTests" time="0.001"/>
  <testcase name="TestALotOfAdding" classname="LocalCMCTests" time="0.0"/>
  <testcase name="TestALotOfAdding" classname="LocalCMCTests" time="0.001"/>
  <testcase name="TestALotOfAdding" classname="LocalCMCTests" time="0.001"/>
  <testcase name="TestALotOfAdding" classname="LocalCMCTests" time="0.001"/>
  <testcase name="TestALotOfAdding" classname="LocalCMCTests" time="0.001"/>
  <testcase name="TestALotOfAdding" classname="LocalCMCTests" time="0.001"/>
  <testcase name="TestALotOfAdding" classname="LocalCMCTests" time="0.001"/>
  <testcase name="TestALotOfAdding" classname="LocalCMCTests" time="0.0"/>
  <testcase name="TestALotOfAdding" classname="LocalCMCTests" time="0.001"/>
  <testcase name="TestALotOfAdding" classname="LocalCMCTests" time="0.0"/>
  <testcase name="TestALotOfAdding" classname="LocalCMCTests" time="0.001"/>
  <testcase name="TestALotOfAdding" classname="LocalCMCTests" time="0.0"/>
  <testcase name="TestALotOfAdding" classname="LocalCMCTests" time="0.001"/>
  <testcase name="TestALotOfAdding" classname="LocalCMCTests" time="0.001"/>
  <testcase name="TestALotOfAdding" classname="LocalCMCTests" time="0.001"/>
  <testcase name="TestALotOfAdding" classname="LocalCMCTests" time="0.0"/>
  <testcase name="TestALotOfAdding" classname="LocalCMCTests" time="0.001"/>
  <testcase name="TestALotOfAdding" classname="LocalCMCTests" time="0.001"/>
  <testcase name="TestALotOfAdding" classname="LocalCMCTests" time="0.001"/>
  <testcase name="TestALotOfAdding" classname="LocalCMCTests" time="0.001"/>
  <testcase name="TestALotOfAdding" classname="LocalCMCTests" time="0.001"/>
  <testcase name="TestALotOfAdding" classname="LocalCMCTests" time="0.0"/>
  <testcase name="TestALotOfAdding" classname="LocalCMCTests" time="0.0"/>
  <testcase name="TestALotOfAdding" classname="LocalCMCTests" time="0.0"/>
  <testcase name="TestALotOfAdding" classname="LocalCMCTests" time="0.0"/>
  <testcase name="TestALotOfAdding" classname="LocalCMCTests" time="0.001"/>
  <testcase name="TestALotOfAdding" classname="LocalCMCTests" time="0.001"/>
  <testcase name="TestALotOfAdding" classname="LocalCMCTests" time="0.001"/>
  <testcase name="TestALotOfAdding" classname="LocalCMCTests" time="0.0"/>
  <testcase name="TestALotOfAdding" classname="LocalCMCTests" time="0.0"/>
  <testcase name="TestALotOfAdding" classname="LocalCMCTests" time="0.001"/>
  <testcase name="TestALotOfAdding" classname="LocalCMCTests" time="0.001"/>
  <testcase name="TestALotOfAdding" classname="LocalCMCTests" time="0.0"/>
  <testcase name="TestALotOfAdding" classname="LocalCMCTests" time="0.0"/>
  <testcase name="TestALotOfAdding" classname="LocalCMCTests" time="0.001"/>
  <testcase name="TestALotOfAdding" classname="LocalCMCTests" time="0.0"/>
  <testcase name="TestALotOfAdding" classname="LocalCMCTests" time="0.001"/>
  <testcase name="TestALotOfAdding" classname="LocalCMCTests" time="0.001"/>
  <testcase name="TestALotOfAdding" classname="LocalCMCTests" time="0.0"/>
  <testcase name="TestALotOfAdding" classname="LocalCMCTests" time="0.002"/>
  <testcase name="TestALotOfAdding" classname="LocalCMCTests" time="0.001"/>
  <testcase name="TestALotOfAdding" classname="LocalCMCTests" time="0.0"/>
  <testcase name="TestALotOfAdding" classname="LocalCMCTests" time="0.001"/>
  <testcase name="TestALotOfAdding" classname="LocalCMCTests" time="0.001"/>
  <testcase name="TestALotOfAdding" classname="LocalCMCTests" time="0.001"/>
  <testcase name="TestALotOfAdding" classname="LocalCMCTests" time="0.0"/>
  <testcase name="TestALotOfAdding" classname="LocalCMCTests" time="0.001"/>
  <testcase name="TestALotOfAdding" classname="LocalCMCTests" time="0.001"/>
  <testcase name="TestALotOfAdding" classname="LocalCMCTests" time="0.002"/>
  <testcase name="TestALotOfAdding" classname="LocalCMCTests" time="0.0"/>
  <testcase name="TestALotOfAdding" classname="LocalCMCTests" time="0.001"/>
  <testcase name="TestALotOfAdding" classname="LocalCMCTests" time="0.001"/>
  <testcase name="TestALotOfAdding" classname="LocalCMCTests" time="0.001"/>
  <testcase name="TestALotOfAdding" classname="LocalCMCTests" time="0.001"/>
  <testcase name="TestALotOfAdding" classname="LocalCMCTests" time="0.0"/>
  <testcase name="TestALotOfAdding" classname="LocalCMCTests" time="0.0"/>
  <testcase name="TestALotOfAdding" classname="LocalCMCTests" time="0.001"/>
  <testcase name="TestALotOfAdding" classname="LocalCMCTests" time="0.0"/>
  <testcase name="TestALotOfAdding" classname="LocalCMCTests" time="0.001"/>
  <testcase name="TestALotOfAdding" classname="LocalCMCTests" time="0.001"/>
  <testcase name="TestALotOfAdding" classname="LocalCMCTests" time="0.0"/>
  <testcase name="TestALotOfAdding" classname="LocalCMCTests" time="0.001"/>
  <testcase name="TestALotOfAdding" classname="LocalCMCTests" time="0.001"/>
  <testcase name="TestALotOfAdding" classname="LocalCMCTests" time="0.001"/>
  <testcase name="TestALotOfAdding" classname="LocalCMCTests" time="0.002"/>
  <testcase name="TestALotOfAdding" classname="LocalCMCTests" time="0.001"/>
  <testcase name="TestALotOfAdding" classname="LocalCMCTests" time="0.001"/>
  <testcase name="TestALotOfAdding" classname="LocalCMCTests" time="0.001"/>
  <testcase name="TestALotOfAdding" classname="LocalCMCTests" time="0.0"/>
  <testcase name="TestALotOfAdding" classname="LocalCMCTests" time="0.0"/>
  <testcase name="TestALotOfAdding" classname="LocalCMCTests" time="0.0"/>
  <testcase name="TestALotOfAdding" classname="LocalCMCTests" time="0.0"/>
  <testcase name="TestALotOfAdding" classname="LocalCMCTests" time="0.0"/>
  <testcase name="TestALotOfAdding" classname="LocalCMCTests" time="0.0"/>
  <testcase name="TestALotOfAdding" classname="LocalCMCTests" time="0.0"/>
  <testcase name="TestALotOfAdding" classname="LocalCMCTests" time="0.001"/>
  <testcase name="TestALotOfAdding" classname="LocalCMCTests" time="0.001"/>
  <testcase name="TestALotOfAdding" classname="LocalCMCTests" time="0.001"/>
  <testcase name="TestALotOfAdding" classname="LocalCMCTests" time="0.001"/>
  <testcase name="TestALotOfAdding" classname="LocalCMCTests" time="0.0"/>
  <testcase name="TestALotOfAdding" classname="LocalCMCTests" time="0.001"/>
  <testcase name="TestALotOfAdding" classname="LocalCMCTests" time="0.0"/>
  <testcase name="TestALotOfAdding" classname="LocalCMCTests" time="0.0"/>
  <testcase name="TestALotOfAdding" classname="LocalCMCTests" time="0.001"/>
  <testcase name="TestALotOfAdding" classname="LocalCMCTests" time="0.001"/>
  <testcase name="TestALotOfAdding" classname="LocalCMCTests" time="0.002"/>
  <testcase name="TestALotOfAdding" classname="LocalCMCTests" time="0.0"/>
  <testcase name="TestALotOfAdding" classname="LocalCMCTests" time="0.001"/>
  <testcase name="TestALotOfAdding" classname="LocalCMCTests" time="0.0"/>
  <testcase name="TestALotOfAdding" classname="LocalCMCTests" time="0.001"/>
  <testcase name="TestALotOfAdding" classname="LocalCMCTests" time="0.001"/>
  <testcase name="TestALotOfAdding" classname="LocalCMCTests" time="0.001"/>
  <testcase name="TestALotOfAdding" classname="LocalCMCTests" time="0.002"/>
  <testcase name="TestALotOfAdding" classname="LocalCMCTests" time="0.001"/>
  <testcase name="TestALotOfAdding" classname="LocalCMCTests" time="0.0"/>
  <testcase name="TestALotOfAdding" classname="LocalCMCTests" time="0.001"/>
  <testcase name="TestALotOfAdding" classname="LocalCMCTests" time="0.001"/>
  <testcase name="TestALotOfAdding" classname="LocalCMCTests" time="0.0"/>
  <testcase name="TestALotOfAdding" classname="LocalCMCTests" time="0.0"/>
  <testcase name="TestALotOfAdding" classname="LocalCMCTests" time="0.001"/>
  <testcase name="TestALotOfAdding" classname="LocalCMCTests" time="0.0"/>
  <testcase name="TestALotOfAdding" classname="LocalCMCTests" time="0.0"/>
  <testcase name="TestALotOfAdding" classname="LocalCMCTests" time="0.0"/>
  <testcase name="TestALotOfAdding" classname="LocalCMCTests" time="0.0"/>
  <testcase name="TestALotOfAdding" classname="LocalCMCTests" time="0.001"/>
  <testcase name="TestALotOfAdding" classname="LocalCMCTests" time="0.001"/>
  <testcase name="TestALotOfAdding" classname="LocalCMCTests" time="0.0"/>
  <testcase name="TestALotOfAdding" classname="LocalCMCTests" time="0.001"/>
  <testcase name="TestALotOfAdding" classname="LocalCMCTests" time="0.002"/>
  <testcase name="TestALotOfAdding" classname="LocalCMCTests" time="0.001"/>
  <testcase name="TestALotOfAdding" classname="LocalCMCTests" time="0.002"/>
  <testcase name="TestALotOfAdding" classname="LocalCMCTests" time="0.0"/>
  <testcase name="TestALotOfAdding" classname="LocalCMCTests" time="0.001"/>
  <testcase name="TestALotOfAdding" classname="LocalCMCTests" time="0.001"/>
  <testcase name="TestALotOfAdding" classname="LocalCMCTests" time="0.0"/>
  <testcase name="TestALotOfAdding" classname="LocalCMCTests" time="0.001"/>
  <testcase name="TestALotOfAdding" classname="LocalCMCTests" time="0.0"/>
  <testcase name="TestALotOfAdding" classname="LocalCMCTests" time="0.0"/>
  <testcase name="TestALotOfAdding" classname="LocalCMCTests" time="0.001"/>
  <testcase name="TestALotOfAdding" classname="LocalCMCTests" time="0.001"/>
  <testcase name="TestALotOfAdding" classname="LocalCMCTests" time="0.001"/>
  <testcase name="TestALotOfAdding" classname="LocalCMCTests" time="0.001"/>
  <testcase name="TestALotOfAdding" classname="LocalCMCTests" time="0.001"/>
  <testcase name="TestALotOfAdding" classname="LocalCMCTests" time="0.001"/>
  <testcase name="TestALotOfAdding" classname="LocalCMCTests" time="0.0"/>
  <testcase name="TestALotOfAdding" classname="LocalCMCTests" time="0.0"/>
  <testcase name="TestALotOfAdding" classname="LocalCMCTests" time="0.0"/>
  <testcase name="TestALotOfAdding" classname="LocalCMCTests" time="0.0"/>
  <testcase name="TestALotOfAdding" classname="LocalCMCTests" time="0.001"/>
  <testcase name="TestALotOfAdding" classname="LocalCMCTests" time="0.001"/>
  <testcase name="TestALotOfAdding" classname="LocalCMCTests" time="0.0"/>
  <testcase name="TestALotOfAdding" classname="LocalCMCTests" time="0.001"/>
  <testcase name="TestALotOfAdding" classname="LocalCMCTests" time="0.0"/>
  <testcase name="TestALotOfAdding" classname="LocalCMCTests" time="0.002"/>
  <testcase name="TestALotOfAdding" classname="LocalCMCTests" time="0.001"/>
  <testcase name="TestALotOfAdding" classname="LocalCMCTests" time="0.001"/>
  <testcase name="TestALotOfAdding" classname="LocalCMCTests" time="0.001"/>
  <testcase name="TestALotOfAdding" classname="LocalCMCTests" time="0.0"/>
  <testcase name="TestALotOfAdding" classname="LocalCMCTests" time="0.001"/>
  <testcase name="TestALotOfAdding" classname="LocalCMCTests" time="0.0"/>
  <testcase name="TestALotOfAdding" classname="LocalCMCTests" time="0.001"/>
  <testcase name="TestALotOfAdding" classname="LocalCMCTests" time="0.0"/>
  <testcase name="TestALotOfAdding" classname="LocalCMCTests" time="0.0"/>
  <testcase name="TestALotOfAdding" classname="LocalCMCTests" time="0.001"/>
  <testcase name="TestALotOfAdding" classname="LocalCMCTests" time="0.0"/>
  <testcase name="TestALotOfAdding" classname="LocalCMCTests" time="0.001"/>
  <testcase name="TestALotOfAdding" classname="LocalCMCTests" time="0.002"/>
  <testcase name="TestALotOfAdding" classname="LocalCMCTests" time="0.002"/>
  <testcase name="TestALotOfAdding" classname="LocalCMCTests" time="0.0"/>
  <testcase name="TestALotOfAdding" classname="LocalCMCTests" time="0.002"/>
  <testcase name="TestALotOfAdding" classname="LocalCMCTests" time="0.0"/>
  <testcase name="TestALotOfAdding" classname="LocalCMCTests" time="0.0"/>
  <testcase name="TestALotOfAdding" classname="LocalCMCTests" time="0.0"/>
  <testcase name="TestALotOfAdding" classname="LocalCMCTests" time="0.0"/>
  <testcase name="TestALotOfAdding" classname="LocalCMCTests" time="0.0"/>
  <testcase name="TestALotOfAdding" classname="LocalCMCTests" time="0.001"/>
  <testcase name="TestALotOfAdding" classname="LocalCMCTests" time="0.0"/>
  <testcase name="TestALotOfAdding" classname="LocalCMCTests" time="0.0"/>
  <testcase name="TestALotOfAdding" classname="LocalCMCTests" time="0.002"/>
  <testcase name="TestALotOfAdding" classname="LocalCMCTests" time="0.001"/>
  <testcase name="TestALotOfAdding" classname="LocalCMCTests" time="0.002"/>
  <testcase name="TestALotOfAdding" classname="LocalCMCTests" time="0.0"/>
  <testcase name="TestALotOfAdding" classname="LocalCMCTests" time="0.0"/>
  <testcase name="TestALotOfAdding" classname="LocalCMCTests" time="0.002"/>
  <testcase name="TestALotOfAdding" classname="LocalCMCTests" time="0.0"/>
  <testcase name="TestALotOfAdding" classname="LocalCMCTests" time="0.002"/>
  <testcase name="TestALotOfAdding" classname="LocalCMCTests" time="0.002"/>
  <testcase name="TestALotOfAdding" classname="LocalCMCTests" time="0.001"/>
  <testcase name="TestALotOfAdding" classname="LocalCMCTests" time="0.001"/>
  <testcase name="TestALotOfAdding" classname="LocalCMCTests" time="0.0"/>
  <testcase name="TestALotOfAdding" classname="LocalCMCTests" time="0.001"/>
  <testcase name="TestALotOfAdding" classname="LocalCMCTests" time="0.001"/>
  <testcase name="TestALotOfAdding" classname="LocalCMCTests" time="0.002"/>
  <testcase name="TestALotOfAdding" classname="LocalCMCTests" time="0.001"/>
  <testcase name="TestALotOfAdding" classname="LocalCMCTests" time="0.0"/>
  <testcase name="TestALotOfAdding" classname="LocalCMCTests" time="0.001"/>
  <testcase name="TestALotOfAdding" classname="LocalCMCTests" time="0.001"/>
  <testcase name="TestALotOfAdding" classname="LocalCMCTests" time="0.0"/>
  <testcase name="TestALotOfAdding" classname="LocalCMCTests" time="0.0"/>
  <testcase name="TestALotOfAdding" classname="LocalCMCTests" time="0.0"/>
  <testcase name="TestALotOfAdding" classname="LocalCMCTests" time="0.0"/>
  <testcase name="TestALotOfAdding" classname="LocalCMCTests" time="0.001"/>
  <testcase name="TestALotOfAdding" classname="LocalCMCTests" time="0.001"/>
  <testcase name="TestALotOfAdding" classname="LocalCMCTests" time="0.002"/>
  <testcase name="TestALotOfAdding" classname="LocalCMCTests" time="0.001"/>
  <testcase name="TestALotOfAdding" classname="LocalCMCTests" time="0.001"/>
  <testcase name="TestALotOfAdding" classname="LocalCMCTests" time="0.0"/>
  <testcase name="TestALotOfAdding" classname="LocalCMCTests" time="0.001"/>
  <testcase name="TestALotOfAdding" classname="LocalCMCTests" time="0.001"/>
  <testcase name="TestALotOfAdding" classname="LocalCMCTests" time="0.0"/>
  <testcase name="TestALotOfAdding" classname="LocalCMCTests" time="0.001"/>
  <testcase name="TestALotOfAdding" classname="LocalCMCTests" time="0.001"/>
  <testcase name="TestALotOfAdding" classname="LocalCMCTests" time="0.001"/>
  <testcase name="TestALotOfAdding" classname="LocalCMCTests" time="0.0"/>
  <testcase name="TestALotOfAdding" classname="LocalCMCTests" time="0.0"/>
  <testcase name="TestALotOfAdding" classname="LocalCMCTests" time="0.0"/>
  <testcase name="TestALotOfAdding" classname="LocalCMCTests" time="0.0"/>
  <testcase name="TestALotOfAdding" classname="LocalCMCTests" time="0.0"/>
  <testcase name="TestALotOfAdding" classname="LocalCMCTests" time="0.001"/>
  <testcase name="TestALotOfAdding" classname="LocalCMCTests" time="0.0"/>
  <testcase name="TestALotOfAdding" classname="LocalCMCTests" time="0.0"/>
  <testcase name="TestALotOfAdding" classname="LocalCMCTests" time="0.001"/>
  <testcase name="TestALotOfAdding" classname="LocalCMCTests" time="0.001"/>
  <testcase name="TestALotOfAdding" classname="LocalCMCTests" time="0.001"/>
  <testcase name="TestALotOfAdding" classname="LocalCMCTests" time="0.0"/>
  <testcase name="TestALotOfAdding" classname="LocalCMCTests" time="0.0"/>
  <testcase name="TestALotOfAdding" classname="LocalCMCTests" time="0.001"/>
  <testcase name="TestALotOfAdding" classname="LocalCMCTests" time="0.003"/>
  <testcase name="TestALotOfAdding" classname="LocalCMCTests" time="0.001"/>
  <testcase name="TestALotOfAdding" classname="LocalCMCTests" time="0.0"/>
  <testcase name="TestALotOfAdding" classname="LocalCMCTests" time="0.0"/>
  <testcase name="TestALotOfAdding" classname="LocalCMCTests" time="0.0"/>
  <testcase name="TestALotOfAdding" classname="LocalCMCTests" time="0.001"/>
  <testcase name="TestALotOfAdding" classname="LocalCMCTests" time="0.001"/>
  <testcase name="TestALotOfAdding" classname="LocalCMCTests" time="0.0"/>
  <testcase name="TestALotOfAdding" classname="LocalCMCTests" time="0.002"/>
  <testcase name="TestALotOfAdding" classname="LocalCMCTests" time="0.0"/>
  <testcase name="TestALotOfAdding" classname="LocalCMCTests" time="0.002"/>
  <testcase name="TestALotOfAdding" classname="LocalCMCTests" time="0.002"/>
  <testcase name="TestALotOfAdding" classname="LocalCMCTests" time="0.0"/>
  <testcase name="TestALotOfAdding" classname="LocalCMCTests" time="0.0"/>
  <testcase name="TestALotOfAdding" classname="LocalCMCTests" time="0.0"/>
  <testcase name="TestALotOfAdding" classname="LocalCMCTests" time="0.002"/>
  <testcase name="TestALotOfAdding" classname="LocalCMCTests" time="0.002"/>
  <testcase name="TestALotOfAdding" classname="LocalCMCTests" time="0.002"/>
  <testcase name="TestALotOfAdding" classname="LocalCMCTests" time="0.002"/>
  <testcase name="TestALotOfAdding" classname="LocalCMCTests" time="0.0"/>
  <testcase name="TestALotOfAdding" classname="LocalCMCTests" time="0.0"/>
  <testcase name="TestALotOfAdding" classname="LocalCMCTests" time="0.0"/>
  <testcase name="TestALotOfAdding" classname="LocalCMCTests" time="0.0"/>
  <testcase name="TestALotOfAdding" classname="LocalCMCTests" time="0.001"/>
  <testcase name="TestALotOfAdding" classname="LocalCMCTests" time="0.0"/>
  <testcase name="TestALotOfAdding" classname="LocalCMCTests" time="0.002"/>
  <testcase name="TestALotOfAdding" classname="LocalCMCTests" time="0.001"/>
  <testcase name="TestALotOfAdding" classname="LocalCMCTests" time="0.002"/>
  <testcase name="TestALotOfAdding" classname="LocalCMCTests" time="0.002"/>
  <testcase name="TestALotOfAdding" classname="LocalCMCTests" time="0.0"/>
  <testcase name="TestALotOfAdding" classname="LocalCMCTests" time="0.002"/>
  <testcase name="TestALotOfAdding" classname="LocalCMCTests" time="0.0"/>
  <testcase name="TestALotOfAdding" classname="LocalCMCTests" time="0.001"/>
  <testcase name="TestALotOfAdding" classname="LocalCMCTests" time="0.003"/>
  <testcase name="TestALotOfAdding" classname="LocalCMCTests" time="0.001"/>
  <testcase name="TestALotOfAdding" classname="LocalCMCTests" time="0.0"/>
  <testcase name="TestALotOfAdding" classname="LocalCMCTests" time="0.001"/>
  <testcase name="TestALotOfAdding" classname="LocalCMCTests" time="0.002"/>
  <testcase name="TestALotOfAdding" classname="LocalCMCTests" time="0.001"/>
  <testcase name="TestALotOfAdding" classname="LocalCMCTests" time="0.001"/>
  <testcase name="TestALotOfAdding" classname="LocalCMCTests" time="0.0"/>
  <testcase name="TestALotOfAdding" classname="LocalCMCTests" time="0.001"/>
  <testcase name="TestALotOfAdding" classname="LocalCMCTests" time="0.001"/>
  <testcase name="TestALotOfAdding" classname="LocalCMCTests" time="0.001"/>
  <testcase name="TestALotOfAdding" classname="LocalCMCTests" time="0.0"/>
  <testcase name="TestALotOfAdding" classname="LocalCMCTests" time="0.0"/>
  <testcase name="TestALotOfAdding" classname="LocalCMCTests" time="0.0"/>
  <testcase name="TestALotOfAdding" classname="LocalCMCTests" time="0.001"/>
  <testcase name="TestALotOfAdding" classname="LocalCMCTests" time="0.001"/>
  <testcase name="TestALotOfAdding" classname="LocalCMCTests" time="0.0"/>
  <testcase name="TestALotOfAdding" classname="LocalCMCTests" time="0.002"/>
  <testcase name="TestALotOfAdding" classname="LocalCMCTests" time="0.001"/>
  <testcase name="TestALotOfAdding" classname="LocalCMCTests" time="0.001"/>
  <testcase name="TestALotOfAdding" classname="LocalCMCTests" time="0.001"/>
  <testcase name="TestALotOfAdding" classname="LocalCMCTests" time="0.001"/>
  <testcase name="TestALotOfAdding" classname="LocalCMCTests" time="0.001"/>
  <testcase name="TestALotOfAdding" classname="LocalCMCTests" time="0.0"/>
  <testcase name="TestALotOfAdding" classname="LocalCMCTests" time="0.001"/>
  <testcase name="TestALotOfAdding" classname="LocalCMCTests" time="0.001"/>
  <testcase name="TestALotOfAdding" classname="LocalCMCTests" time="0.0"/>
  <testcase name="TestALotOfAdding" classname="LocalCMCTests" time="0.0"/>
  <testcase name="TestALotOfAdding" classname="LocalCMCTests" time="0.0"/>
  <testcase name="TestALotOfAdding" classname="LocalCMCTests" time="0.0"/>
  <testcase name="TestALotOfAdding" classname="LocalCMCTests" time="0.0"/>
  <testcase name="TestALotOfAdding" classname="LocalCMCTests" time="0.002"/>
  <testcase name="TestALotOfAdding" classname="LocalCMCTests" time="0.001"/>
  <testcase name="TestALotOfAdding" classname="LocalCMCTests" time="0.001"/>
  <testcase name="TestALotOfAdding" classname="LocalCMCTests" time="0.001"/>
  <testcase name="TestALotOfAdding" classname="LocalCMCTests" time="0.001"/>
  <testcase name="TestALotOfAdding" classname="LocalCMCTests" time="0.001"/>
  <testcase name="TestALotOfAdding" classname="LocalCMCTests" time="0.001"/>
  <testcase name="TestALotOfAdding" classname="LocalCMCTests" time="0.001"/>
  <testcase name="TestALotOfAdding" classname="LocalCMCTests" time="0.002"/>
  <testcase name="TestALotOfAdding" classname="LocalCMCTests" time="0.0"/>
  <testcase name="TestALotOfAdding" classname="LocalCMCTests" time="0.0"/>
  <testcase name="TestALotOfAdding" classname="LocalCMCTests" time="0.0"/>
  <testcase name="TestALotOfAdding" classname="LocalCMCTests" time="0.0"/>
  <testcase name="TestALotOfAdding" classname="LocalCMCTests" time="0.0"/>
  <testcase name="TestALotOfAdding" classname="LocalCMCTests" time="0.0"/>
  <testcase name="TestALotOfAdding" classname="LocalCMCTests" time="0.0"/>
  <testcase name="TestALotOfAdding" classname="LocalCMCTests" time="0.001"/>
  <testcase name="TestALotOfAdding" classname="LocalCMCTests" time="0.0"/>
  <testcase name="TestALotOfAdding" classname="LocalCMCTests" time="0.002"/>
  <testcase name="TestALotOfAdding" classname="LocalCMCTests" time="0.001"/>
  <testcase name="TestALotOfAdding" classname="LocalCMCTests" time="0.001"/>
  <testcase name="TestALotOfAdding" classname="LocalCMCTests" time="0.001"/>
  <testcase name="TestALotOfAdding" classname="LocalCMCTests" time="0.001"/>
  <testcase name="TestALotOfAdding" classname="LocalCMCTests" time="0.001"/>
  <testcase name="TestALotOfAdding" classname="LocalCMCTests" time="0.001"/>
  <testcase name="TestALotOfAdding" classname="LocalCMCTests" time="0.0"/>
  <testcase name="TestALotOfAdding" classname="LocalCMCTests" time="0.001"/>
  <testcase name="TestALotOfAdding" classname="LocalCMCTests" time="0.0"/>
  <testcase name="TestALotOfAdding" classname="LocalCMCTests" time="0.0"/>
  <testcase name="TestALotOfAdding" classname="LocalCMCTests" time="0.0"/>
  <testcase name="TestALotOfAdding" classname="LocalCMCTests" time="0.001"/>
  <testcase name="TestALotOfAdding" classname="LocalCMCTests" time="0.002"/>
  <testcase name="TestALotOfAdding" classname="LocalCMCTests" time="0.001"/>
  <testcase name="TestALotOfAdding" classname="LocalCMCTests" time="0.0"/>
  <testcase name="TestALotOfAdding" classname="LocalCMCTests" time="0.0"/>
  <testcase name="TestALotOfAdding" classname="LocalCMCTests" time="0.001"/>
  <testcase name="TestALotOfAdding" classname="LocalCMCTests" time="0.001"/>
  <testcase name="TestALotOfAdding" classname="LocalCMCTests" time="0.001"/>
  <testcase name="TestALotOfAdding" classname="LocalCMCTests" time="0.001"/>
  <testcase name="TestALotOfAdding" classname="LocalCMCTests" time="0.001"/>
  <testcase name="TestALotOfAdding" classname="LocalCMCTests" time="0.0"/>
  <testcase name="TestALotOfAdding" classname="LocalCMCTests" time="0.001"/>
  <testcase name="TestALotOfAdding" classname="LocalCMCTests" time="0.002"/>
  <testcase name="TestALotOfAdding" classname="LocalCMCTests" time="0.002"/>
  <testcase name="TestALotOfAdding" classname="LocalCMCTests" time="0.0"/>
  <testcase name="TestALotOfAdding" classname="LocalCMCTests" time="0.0"/>
  <testcase name="TestALotOfAdding" classname="LocalCMCTests" time="0.001"/>
  <testcase name="TestALotOfAdding" classname="LocalCMCTests" time="0.0"/>
  <testcase name="TestALotOfAdding" classname="LocalCMCTests" time="0.001"/>
  <testcase name="TestALotOfAdding" classname="LocalCMCTests" time="0.001"/>
  <testcase name="TestALotOfAdding" classname="LocalCMCTests" time="0.001"/>
  <testcase name="TestALotOfAdding" classname="LocalCMCTests" time="0.001"/>
  <testcase name="TestALotOfAdding" classname="LocalCMCTests" time="0.001"/>
  <testcase name="TestALotOfAdding" classname="LocalCMCTests" time="0.0"/>
  <testcase name="TestALotOfAdding" classname="LocalCMCTests" time="0.001"/>
  <testcase name="TestALotOfAdding" classname="LocalCMCTests" time="0.002"/>
  <testcase name="TestALotOfAdding" classname="LocalCMCTests" time="0.0"/>
  <testcase name="TestALotOfAdding" classname="LocalCMCTests" time="0.001"/>
  <testcase name="TestALotOfAdding" classname="LocalCMCTests" time="0.001"/>
  <testcase name="TestALotOfAdding" classname="LocalCMCTests" time="0.0"/>
  <testcase name="TestALotOfAdding" classname="LocalCMCTests" time="0.0"/>
  <testcase name="TestALotOfAdding" classname="LocalCMCTests" time="0.0"/>
  <testcase name="TestALotOfAdding" classname="LocalCMCTests" time="0.001"/>
  <testcase name="TestALotOfAdding" classname="LocalCMCTests" time="0.001"/>
  <testcase name="TestALotOfAdding" classname="LocalCMCTests" time="0.001"/>
  <testcase name="TestALotOfAdding" classname="LocalCMCTests" time="0.0"/>
  <testcase name="TestALotOfAdding" classname="LocalCMCTests" time="0.0"/>
  <testcase name="TestALotOfAdding" classname="LocalCMCTests" time="0.0"/>
  <testcase name="TestALotOfAdding" classname="LocalCMCTests" time="0.0"/>
  <testcase name="TestALotOfAdding" classname="LocalCMCTests" time="0.0"/>
  <testcase name="TestALotOfAdding" classname="LocalCMCTests" time="0.001"/>
  <testcase name="TestALotOfAdding" classname="LocalCMCTests" time="0.001"/>
  <testcase name="TestALotOfAdding" classname="LocalCMCTests" time="0.001"/>
  <testcase name="TestALotOfAdding" classname="LocalCMCTests" time="0.002"/>
  <testcase name="TestALotOfAdding" classname="LocalCMCTests" time="0.0"/>
  <testcase name="TestALotOfAdding" classname="LocalCMCTests" time="0.001"/>
  <testcase name="TestALotOfAdding" classname="LocalCMCTests" time="0.0"/>
  <testcase name="TestALotOfAdding" classname="LocalCMCTests" time="0.001"/>
  <testcase name="TestALotOfAdding" classname="LocalCMCTests" time="0.001"/>
  <testcase name="TestALotOfAdding" classname="LocalCMCTests" time="0.002"/>
  <testcase name="TestALotOfAdding" classname="LocalCMCTests" time="0.001"/>
  <testcase name="TestALotOfAdding" classname="LocalCMCTests" time="0.0"/>
  <testcase name="TestALotOfAdding" classname="LocalCMCTests" time="0.0"/>
  <testcase name="TestALotOfAdding" classname="LocalCMCTests" time="0.0"/>
  <testcase name="TestALotOfAdding" classname="LocalCMCTests" time="0.0"/>
  <testcase name="TestALotOfAdding" classname="LocalCMCTests" time="0.001"/>
  <testcase name="TestALotOfAdding" classname="LocalCMCTests" time="0.001"/>
  <testcase name="TestALotOfAdding" classname="LocalCMCTests" time="0.001"/>
  <testcase name="TestALotOfAdding" classname="LocalCMCTests" time="0.0"/>
  <testcase name="TestALotOfAdding" classname="LocalCMCTests" time="0.001"/>
  <testcase name="TestALotOfAdding" classname="LocalCMCTests" time="0.001"/>
  <testcase name="TestALotOfAdding" classname="LocalCMCTests" time="0.001"/>
  <testcase name="TestALotOfAdding" classname="LocalCMCTests" time="0.001"/>
  <testcase name="TestALotOfAdding" classname="LocalCMCTests" time="0.0"/>
  <testcase name="TestALotOfAdding" classname="LocalCMCTests" time="0.0"/>
  <testcase name="TestALotOfAdding" classname="LocalCMCTests" time="0.0"/>
  <testcase name="TestALotOfAdding" classname="LocalCMCTests" time="0.0"/>
  <testcase name="TestALotOfAdding" classname="LocalCMCTests" time="0.0"/>
  <testcase name="TestALotOfAdding" classname="LocalCMCTests" time="0.001"/>
  <testcase name="TestALotOfAdding" classname="LocalCMCTests" time="0.002"/>
  <testcase name="TestALotOfAdding" classname="LocalCMCTests" time="0.0"/>
  <testcase name="TestALotOfAdding" classname="LocalCMCTests" time="0.002"/>
  <testcase name="TestALotOfAdding" classname="LocalCMCTests" time="0.0"/>
  <testcase name="TestALotOfAdding" classname="LocalCMCTests" time="0.0"/>
  <testcase name="TestALotOfAdding" classname="LocalCMCTests" time="0.001"/>
  <testcase name="TestALotOfAdding" classname="LocalCMCTests" time="0.001"/>
  <testcase name="TestALotOfAdding" classname="LocalCMCTests" time="0.001"/>
  <testcase name="TestALotOfAdding" classname="LocalCMCTests" time="0.002"/>
  <testcase name="TestALotOfAdding" classname="LocalCMCTests" time="0.002"/>
  <testcase name="TestALotOfAdding" classname="LocalCMCTests" time="0.0"/>
  <testcase name="TestALotOfAdding" classname="LocalCMCTests" time="0.001"/>
  <testcase name="TestALotOfAdding" classname="LocalCMCTests" time="0.0"/>
  <testcase name="TestALotOfAdding" classname="LocalCMCTests" time="0.002"/>
  <testcase name="TestALotOfAdding" classname="LocalCMCTests" time="0.001"/>
  <testcase name="TestALotOfAdding" classname="LocalCMCTests" time="0.001"/>
  <testcase name="TestALotOfAdding" classname="LocalCMCTests" time="0.001"/>
  <testcase name="TestALotOfAdding" classname="LocalCMCTests" time="0.0"/>
  <testcase name="TestALotOfAdding" classname="LocalCMCTests" time="0.001"/>
  <testcase name="TestALotOfAdding" classname="LocalCMCTests" time="0.0"/>
  <testcase name="TestALotOfAdding" classname="LocalCMCTests" time="0.001"/>
  <testcase name="TestALotOfAdding" classname="LocalCMCTests" time="0.0"/>
  <testcase name="TestALotOfAdding" classname="LocalCMCTests" time="0.001"/>
  <testcase name="TestALotOfAdding" classname="LocalCMCTests" time="0.0"/>
  <testcase name="TestALotOfAdding" classname="LocalCMCTests" time="0.0"/>
  <testcase name="TestALotOfAdding" classname="LocalCMCTests" time="0.0"/>
  <testcase name="TestALotOfAdding" classname="LocalCMCTests" time="0.001"/>
  <testcase name="TestALotOfAdding" classname="LocalCMCTests" time="0.001"/>
  <testcase name="TestALotOfAdding" classname="LocalCMCTests" time="0.0"/>
  <testcase name="TestALotOfAdding" classname="LocalCMCTests" time="0.001"/>
  <testcase name="TestALotOfAdding" classname="LocalCMCTests" time="0.0"/>
  <testcase name="TestALotOfAdding" classname="LocalCMCTests" time="0.001"/>
  <testcase name="TestALotOfAdding" classname="LocalCMCTests" time="0.0"/>
  <testcase name="TestALotOfAdding" classname="LocalCMCTests" time="0.001"/>
  <testcase name="TestALotOfAdding" classname="LocalCMCTests" time="0.001"/>
  <testcase name="TestALotOfAdding" classname="LocalCMCTests" time="0.001"/>
  <testcase name="TestALotOfAdding" classname="LocalCMCTests" time="0.001"/>
  <testcase name="TestALotOfAdding" classname="LocalCMCTests" time="0.001"/>
  <testcase name="TestALotOfAdding" classname="LocalCMCTests" time="0.0"/>
  <testcase name="TestALotOfAdding" classname="LocalCMCTests" time="0.0"/>
  <testcase name="TestALotOfAdding" classname="LocalCMCTests" time="0.0"/>
  <testcase name="TestALotOfAdding" classname="LocalCMCTests" time="0.002"/>
  <testcase name="TestALotOfAdding" classname="LocalCMCTests" time="0.001"/>
  <testcase name="TestALotOfAdding" classname="LocalCMCTests" time="0.001"/>
  <testcase name="TestALotOfAdding" classname="LocalCMCTests" time="0.0"/>
  <testcase name="TestALotOfAdding" classname="LocalCMCTests" time="0.0"/>
  <testcase name="TestALotOfAdding" classname="LocalCMCTests" time="0.001"/>
  <testcase name="TestALotOfAdding" classname="LocalCMCTests" time="0.001"/>
  <testcase name="TestALotOfAdding" classname="LocalCMCTests" time="0.001"/>
  <testcase name="TestALotOfAdding" classname="LocalCMCTests" time="0.0"/>
  <testcase name="TestALotOfAdding" classname="LocalCMCTests" time="0.001"/>
  <testcase name="TestALotOfAdding" classname="LocalCMCTests" time="0.0"/>
  <testcase name="TestALotOfAdding" classname="LocalCMCTests" time="0.0"/>
  <testcase name="TestALotOfAdding" classname="LocalCMCTests" time="0.001"/>
  <testcase name="TestALotOfAdding" classname="LocalCMCTests" time="0.0"/>
  <testcase name="TestALotOfAdding" classname="LocalCMCTests" time="0.001"/>
  <testcase name="TestALotOfAdding" classname="LocalCMCTests" time="0.002"/>
  <testcase name="TestALotOfAdding" classname="LocalCMCTests" time="0.003"/>
  <testcase name="TestALotOfAdding" classname="LocalCMCTests" time="0.0"/>
  <testcase name="TestALotOfAdding" classname="LocalCMCTests" time="0.0"/>
  <testcase name="TestALotOfAdding" classname="LocalCMCTests" time="0.0"/>
  <testcase name="TestALotOfAdding" classname="LocalCMCTests" time="0.0"/>
  <testcase name="TestALotOfAdding" classname="LocalCMCTests" time="0.003"/>
  <testcase name="TestALotOfAdding" classname="LocalCMCTests" time="0.003"/>
  <testcase name="TestALotOfAdding" classname="LocalCMCTests" time="0.003"/>
  <testcase name="TestALotOfAdding" classname="LocalCMCTests" time="0.0"/>
  <testcase name="TestALotOfAdding" classname="LocalCMCTests" time="0.001"/>
  <testcase name="TestALotOfAdding" classname="LocalCMCTests" time="0.001"/>
  <testcase name="TestALotOfAdding" classname="LocalCMCTests" time="0.001"/>
  <testcase name="TestALotOfAdding" classname="LocalCMCTests" time="0.001"/>
  <testcase name="TestALotOfAdding" classname="LocalCMCTests" time="0.001"/>
  <testcase name="TestALotOfAdding" classname="LocalCMCTests" time="0.0"/>
  <testcase name="TestALotOfAdding" classname="LocalCMCTests" time="0.0"/>
  <testcase name="TestALotOfAdding" classname="LocalCMCTests" time="0.003"/>
  <testcase name="TestALotOfAdding" classname="LocalCMCTests" time="0.0"/>
  <testcase name="TestALotOfAdding" classname="LocalCMCTests" time="0.0"/>
  <testcase name="TestALotOfAdding" classname="LocalCMCTests" time="0.0"/>
  <testcase name="TestALotOfAdding" classname="LocalCMCTests" time="0.0"/>
  <testcase name="TestALotOfAdding" classname="LocalCMCTests" time="0.001"/>
  <testcase name="TestALotOfAdding" classname="LocalCMCTests" time="0.001"/>
  <testcase name="TestALotOfAdding" classname="LocalCMCTests" time="0.001"/>
  <testcase name="TestALotOfAdding" classname="LocalCMCTests" time="0.001"/>
  <testcase name="TestALotOfAdding" classname="LocalCMCTests" time="0.0"/>
  <testcase name="TestALotOfAdding" classname="LocalCMCTests" time="0.0"/>
  <testcase name="TestALotOfAdding" classname="LocalCMCTests" time="0.0"/>
  <testcase name="TestALotOfAdding" classname="LocalCMCTests" time="0.001"/>
  <testcase name="TestALotOfAdding" classname="LocalCMCTests" time="0.001"/>
  <testcase name="TestALotOfAdding" classname="LocalCMCTests" time="0.001"/>
  <testcase name="TestALotOfAdding" classname="LocalCMCTests" time="0.0"/>
  <testcase name="TestALotOfAdding" classname="LocalCMCTests" time="0.001"/>
  <testcase name="TestALotOfAdding" classname="LocalCMCTests" time="0.001"/>
  <testcase name="TestALotOfAdding" classname="LocalCMCTests" time="0.001"/>
  <testcase name="TestALotOfAdding" classname="LocalCMCTests" time="0.001"/>
  <testcase name="TestALotOfAdding" classname="LocalCMCTests" time="0.001"/>
  <testcase name="TestALotOfAdding" classname="LocalCMCTests" time="0.002"/>
  <testcase name="TestALotOfAdding" classname="LocalCMCTests" time="0.0"/>
  <testcase name="TestALotOfAdding" classname="LocalCMCTests" time="0.0"/>
  <testcase name="TestALotOfAdding" classname="LocalCMCTests" time="0.001"/>
  <testcase name="TestALotOfAdding" classname="LocalCMCTests" time="0.002"/>
  <testcase name="TestALotOfAdding" classname="LocalCMCTests" time="0.001"/>
  <testcase name="TestALotOfAdding" classname="LocalCMCTests" time="0.0"/>
  <testcase name="TestALotOfAdding" classname="LocalCMCTests" time="0.0"/>
  <testcase name="TestALotOfAdding" classname="LocalCMCTests" time="0.0"/>
  <testcase name="TestALotOfAdding" classname="LocalCMCTests" time="0.001"/>
  <testcase name="TestALotOfAdding" classname="LocalCMCTests" time="0.001"/>
  <testcase name="TestALotOfAdding" classname="LocalCMCTests" time="0.001"/>
  <testcase name="TestALotOfAdding" classname="LocalCMCTests" time="0.001"/>
  <testcase name="TestALotOfAdding" classname="LocalCMCTests" time="0.001"/>
  <testcase name="TestALotOfAdding" classname="LocalCMCTests" time="0.0"/>
  <testcase name="TestALotOfAdding" classname="LocalCMCTests" time="0.001"/>
  <testcase name="TestALotOfAdding" classname="LocalCMCTests" time="0.001"/>
  <testcase name="TestALotOfAdding" classname="LocalCMCTests" time="0.0"/>
  <testcase name="TestALotOfAdding" classname="LocalCMCTests" time="0.0"/>
  <testcase name="TestALotOfAdding" classname="LocalCMCTests" time="0.001"/>
  <testcase name="TestALotOfAdding" classname="LocalCMCTests" time="0.0"/>
  <testcase name="TestALotOfAdding" classname="LocalCMCTests" time="0.001"/>
  <testcase name="TestALotOfAdding" classname="LocalCMCTests" time="0.001"/>
  <testcase name="TestALotOfAdding" classname="LocalCMCTests" time="0.001"/>
  <testcase name="TestALotOfAdding" classname="LocalCMCTests" time="0.0"/>
  <testcase name="TestALotOfAdding" classname="LocalCMCTests" time="0.0"/>
  <testcase name="TestALotOfAdding" classname="LocalCMCTests" time="0.0"/>
  <testcase name="TestALotOfAdding" classname="LocalCMCTests" time="0.001"/>
  <testcase name="TestALotOfAdding" classname="LocalCMCTests" time="0.001"/>
  <testcase name="TestALotOfAdding" classname="LocalCMCTests" time="0.001"/>
  <testcase name="TestALotOfAdding" classname="LocalCMCTests" time="0.0"/>
  <testcase name="TestALotOfAdding" classname="LocalCMCTests" time="0.002"/>
  <testcase name="TestALotOfAdding" classname="LocalCMCTests" time="0.0"/>
  <testcase name="TestALotOfAdding" classname="LocalCMCTests" time="0.002"/>
  <testcase name="TestALotOfAdding" classname="LocalCMCTests" time="0.0"/>
  <testcase name="TestALotOfAdding" classname="LocalCMCTests" time="0.0"/>
  <testcase name="TestALotOfAdding" classname="LocalCMCTests" time="0.001"/>
  <testcase name="TestALotOfAdding" classname="LocalCMCTests" time="0.001"/>
  <testcase name="TestALotOfAdding" classname="LocalCMCTests" time="0.001"/>
  <testcase name="TestALotOfAdding" classname="LocalCMCTests" time="0.0"/>
  <testcase name="TestALotOfAdding" classname="LocalCMCTests" time="0.001"/>
  <testcase name="TestALotOfAdding" classname="LocalCMCTests" time="0.001"/>
  <testcase name="TestALotOfAdding" classname="LocalCMCTests" time="0.001"/>
  <testcase name="TestALotOfAdding" classname="LocalCMCTests" time="0.0"/>
  <testcase name="TestALotOfAdding" classname="LocalCMCTests" time="0.001"/>
  <testcase name="TestALotOfAdding" classname="LocalCMCTests" time="0.001"/>
  <testcase name="TestALotOfAdding" classname="LocalCMCTests" time="0.001"/>
  <testcase name="TestALotOfAdding" classname="LocalCMCTests" time="0.0"/>
  <testcase name="TestALotOfAdding" classname="LocalCMCTests" time="0.0"/>
  <testcase name="TestALotOfAdding" classname="LocalCMCTests" time="0.0"/>
  <testcase name="TestALotOfAdding" classname="LocalCMCTests" time="0.001"/>
  <testcase name="TestALotOfAdding" classname="LocalCMCTests" time="0.001"/>
  <testcase name="TestALotOfAdding" classname="LocalCMCTests" time="0.001"/>
  <testcase name="TestALotOfAdding" classname="LocalCMCTests" time="0.001"/>
  <testcase name="TestALotOfAdding" classname="LocalCMCTests" time="0.001"/>
  <testcase name="TestALotOfAdding" classname="LocalCMCTests" time="0.001"/>
  <testcase name="TestALotOfAdding" classname="LocalCMCTests" time="0.001"/>
  <testcase name="TestALotOfAdding" classname="LocalCMCTests" time="0.001"/>
  <testcase name="TestALotOfAdding" classname="LocalCMCTests" time="0.0"/>
  <testcase name="TestALotOfAdding" classname="LocalCMCTests" time="0.001"/>
  <testcase name="TestALotOfAdding" classname="LocalCMCTests" time="0.0"/>
  <testcase name="TestALotOfAdding" classname="LocalCMCTests" time="0.0"/>
  <testcase name="TestALotOfAdding" classname="LocalCMCTests" time="0.0"/>
  <testcase name="TestALotOfAdding" classname="LocalCMCTests" time="0.0"/>
  <testcase name="TestALotOfAdding" classname="LocalCMCTests" time="0.0"/>
  <testcase name="TestALotOfAdding" classname="LocalCMCTests" time="0.001"/>
  <testcase name="TestALotOfAdding" classname="LocalCMCTests" time="0.001"/>
  <testcase name="TestALotOfAdding" classname="LocalCMCTests" time="0.001"/>
  <testcase name="TestALotOfAdding" classname="LocalCMCTests" time="0.0"/>
  <testcase name="TestALotOfAdding" classname="LocalCMCTests" time="0.001"/>
  <testcase name="TestALotOfAdding" classname="LocalCMCTests" time="0.0"/>
  <testcase name="TestALotOfAdding" classname="LocalCMCTests" time="0.001"/>
  <testcase name="TestALotOfAdding" classname="LocalCMCTests" time="0.001"/>
  <testcase name="TestALotOfAdding" classname="LocalCMCTests" time="0.0"/>
  <testcase name="TestALotOfAdding" classname="LocalCMCTests" time="0.0"/>
  <testcase name="TestALotOfAdding" classname="LocalCMCTests" time="0.0"/>
  <testcase name="TestALotOfAdding" classname="LocalCMCTests" time="0.0"/>
  <testcase name="TestALotOfAdding" classname="LocalCMCTests" time="0.0"/>
  <testcase name="TestALotOfAdding" classname="LocalCMCTests" time="0.001"/>
  <testcase name="TestALotOfAdding" classname="LocalCMCTests" time="0.0"/>
  <testcase name="TestALotOfAdding" classname="LocalCMCTests" time="0.0"/>
  <testcase name="TestALotOfAdding" classname="LocalCMCTests" time="0.001"/>
  <testcase name="TestALotOfAdding" classname="LocalCMCTests" time="0.001"/>
  <testcase name="TestALotOfAdding" classname="LocalCMCTests" time="0.0"/>
  <testcase name="TestALotOfAdding" classname="LocalCMCTests" time="0.001"/>
  <testcase name="TestALotOfAdding" classname="LocalCMCTests" time="0.002"/>
  <testcase name="TestALotOfAdding" classname="LocalCMCTests" time="0.001"/>
  <testcase name="TestALotOfAdding" classname="LocalCMCTests" time="0.002"/>
  <testcase name="TestALotOfAdding" classname="LocalCMCTests" time="0.0"/>
  <testcase name="TestALotOfAdding" classname="LocalCMCTests" time="0.0"/>
  <testcase name="TestALotOfAdding" classname="LocalCMCTests" time="0.001"/>
  <testcase name="TestALotOfAdding" classname="LocalCMCTests" time="0.001"/>
  <testcase name="TestALotOfAdding" classname="LocalCMCTests" time="0.0"/>
  <testcase name="TestALotOfAdding" classname="LocalCMCTests" time="0.0"/>
  <testcase name="TestALotOfAdding" classname="LocalCMCTests" time="0.0"/>
  <testcase name="TestALotOfAdding" classname="LocalCMCTests" time="0.0"/>
  <testcase name="TestALotOfAdding" classname="LocalCMCTests" time="0.0"/>
  <testcase name="TestALotOfAdding" classname="LocalCMCTests" time="0.001"/>
  <testcase name="TestALotOfAdding" classname="LocalCMCTests" time="0.0"/>
  <testcase name="TestALotOfAdding" classname="LocalCMCTests" time="0.001"/>
  <testcase name="TestALotOfAdding" classname="LocalCMCTests" time="0.001"/>
  <testcase name="TestALotOfAdding" classname="LocalCMCTests" time="0.002"/>
  <testcase name="TestALotOfAdding" classname="LocalCMCTests" time="0.001"/>
  <testcase name="TestALotOfAdding" classname="LocalCMCTests" time="0.0"/>
  <testcase name="TestALotOfAdding" classname="LocalCMCTests" time="0.001"/>
  <testcase name="TestALotOfAdding" classname="LocalCMCTests" time="0.0"/>
  <testcase name="TestALotOfAdding" classname="LocalCMCTests" time="0.0"/>
  <testcase name="TestALotOfAdding" classname="LocalCMCTests" time="0.0"/>
  <testcase name="TestALotOfAdding" classname="LocalCMCTests" time="0.002"/>
  <testcase name="TestALotOfAdding" classname="LocalCMCTests" time="0.001"/>
  <testcase name="TestALotOfAdding" classname="LocalCMCTests" time="0.001"/>
  <testcase name="TestALotOfAdding" classname="LocalCMCTests" time="0.001"/>
  <testcase name="TestALotOfAdding" classname="LocalCMCTests" time="0.001"/>
  <testcase name="TestALotOfAdding" classname="LocalCMCTests" time="0.0"/>
  <testcase name="TestALotOfAdding" classname="LocalCMCTests" time="0.001"/>
  <testcase name="TestALotOfAdding" classname="LocalCMCTests" time="0.001"/>
  <testcase name="TestALotOfAdding" classname="LocalCMCTests" time="0.001"/>
  <testcase name="TestALotOfAdding" classname="LocalCMCTests" time="0.0"/>
  <testcase name="TestALotOfAdding" classname="LocalCMCTests" time="0.0"/>
  <testcase name="TestALotOfAdding" classname="LocalCMCTests" time="0.0"/>
  <testcase name="TestALotOfAdding" classname="LocalCMCTests" time="0.001"/>
  <testcase name="TestALotOfAdding" classname="LocalCMCTests" time="0.001"/>
  <testcase name="TestALotOfAdding" classname="LocalCMCTests" time="0.0"/>
  <testcase name="TestALotOfAdding" classname="LocalCMCTests" time="0.001"/>
  <testcase name="TestALotOfAdding" classname="LocalCMCTests" time="0.001"/>
  <testcase name="TestALotOfAdding" classname="LocalCMCTests" time="0.001"/>
  <testcase name="TestALotOfAdding" classname="LocalCMCTests" time="0.0"/>
  <testcase name="TestALotOfAdding" classname="LocalCMCTests" time="0.002"/>
  <testcase name="TestALotOfAdding" classname="LocalCMCTests" time="0.0"/>
  <testcase name="TestALotOfAdding" classname="LocalCMCTests" time="0.001"/>
  <testcase name="TestALotOfAdding" classname="LocalCMCTests" time="0.0"/>
  <testcase name="TestALotOfAdding" classname="LocalCMCTests" time="0.0"/>
  <testcase name="TestALotOfAdding" classname="LocalCMCTests" time="0.0"/>
  <testcase name="TestALotOfAdding" classname="LocalCMCTests" time="0.0"/>
  <testcase name="TestALotOfAdding" classname="LocalCMCTests" time="0.001"/>
  <testcase name="TestALotOfAdding" classname="LocalCMCTests" time="0.001"/>
  <testcase name="TestALotOfAdding" classname="LocalCMCTests" time="0.0"/>
  <testcase name="TestALotOfAdding" classname="LocalCMCTests" time="0.001"/>
  <testcase name="TestALotOfAdding" classname="LocalCMCTests" time="0.0"/>
  <testcase name="TestALotOfAdding" classname="LocalCMCTests" time="0.001"/>
  <testcase name="TestALotOfAdding" classname="LocalCMCTests" time="0.001"/>
  <testcase name="TestALotOfAdding" classname="LocalCMCTests" time="0.001"/>
  <testcase name="TestALotOfAdding" classname="LocalCMCTests" time="0.0"/>
  <testcase name="TestALotOfAdding" classname="LocalCMCTests" time="0.0"/>
  <testcase name="TestALotOfAdding" classname="LocalCMCTests" time="0.001"/>
  <testcase name="TestALotOfAdding" classname="LocalCMCTests" time="0.001"/>
  <testcase name="TestALotOfAdding" classname="LocalCMCTests" time="0.001"/>
  <testcase name="TestALotOfAdding" classname="LocalCMCTests" time="0.0"/>
  <testcase name="TestALotOfAdding" classname="LocalCMCTests" time="0.0"/>
  <testcase name="TestALotOfAdding" classname="LocalCMCTests" time="0.0"/>
  <testcase name="TestALotOfAdding" classname="LocalCMCTests" time="0.0"/>
  <testcase name="TestALotOfAdding" classname="LocalCMCTests" time="0.001"/>
  <testcase name="TestALotOfAdding" classname="LocalCMCTests" time="0.0"/>
  <testcase name="TestALotOfAdding" classname="LocalCMCTests" time="0.001"/>
  <testcase name="TestALotOfAdding" classname="LocalCMCTests" time="0.001"/>
  <testcase name="TestALotOfAdding" classname="LocalCMCTests" time="0.001"/>
  <testcase name="TestALotOfAdding" classname="LocalCMCTests" time="0.0"/>
  <testcase name="TestALotOfAdding" classname="LocalCMCTests" time="0.001"/>
  <testcase name="TestALotOfAdding" classname="LocalCMCTests" time="0.0"/>
  <testcase name="TestALotOfAdding" classname="LocalCMCTests" time="0.001"/>
  <testcase name="TestALotOfAdding" classname="LocalCMCTests" time="0.001"/>
  <testcase name="TestALotOfAdding" classname="LocalCMCTests" time="0.0"/>
  <testcase name="TestALotOfAdding" classname="LocalCMCTests" time="0.001"/>
  <testcase name="TestALotOfAdding" classname="LocalCMCTests" time="0.0"/>
  <testcase name="TestALotOfAdding" classname="LocalCMCTests" time="0.0"/>
  <testcase name="TestALotOfAdding" classname="LocalCMCTests" time="0.001"/>
  <testcase name="TestALotOfAdding" classname="LocalCMCTests" time="0.0"/>
  <testcase name="TestALotOfAdding" classname="LocalCMCTests" time="0.0"/>
  <testcase name="TestALotOfAdding" classname="LocalCMCTests" time="0.0"/>
  <testcase name="TestALotOfAdding" classname="LocalCMCTests" time="0.001"/>
  <testcase name="TestALotOfAdding" classname="LocalCMCTests" time="0.001"/>
  <testcase name="TestALotOfAdding" classname="LocalCMCTests" time="0.001"/>
  <testcase name="TestALotOfAdding" classname="LocalCMCTests" time="0.001"/>
  <testcase name="TestALotOfAdding" classname="LocalCMCTests" time="0.0"/>
  <testcase name="TestALotOfAdding" classname="LocalCMCTests" time="0.0"/>
  <testcase name="TestALotOfAdding" classname="LocalCMCTests" time="0.002"/>
  <testcase name="TestALotOfAdding" classname="LocalCMCTests" time="0.001"/>
  <testcase name="TestALotOfAdding" classname="LocalCMCTests" time="0.001"/>
  <testcase name="TestALotOfAdding" classname="LocalCMCTests" time="0.001"/>
  <testcase name="TestALotOfAdding" classname="LocalCMCTests" time="0.0"/>
  <testcase name="TestALotOfAdding" classname="LocalCMCTests" time="0.001"/>
  <testcase name="TestALotOfAdding" classname="LocalCMCTests" time="0.001"/>
  <testcase name="TestALotOfAdding" classname="LocalCMCTests" time="0.001"/>
  <testcase name="TestALotOfAdding" classname="LocalCMCTests" time="0.001"/>
  <testcase name="TestALotOfAdding" classname="LocalCMCTests" time="0.0"/>
  <testcase name="TestALotOfAdding" classname="LocalCMCTests" time="0.001"/>
  <testcase name="TestALotOfAdding" classname="LocalCMCTests" time="0.001"/>
  <testcase name="TestALotOfAdding" classname="LocalCMCTests" time="0.0"/>
  <testcase name="TestALotOfAdding" classname="LocalCMCTests" time="0.0"/>
  <testcase name="TestALotOfAdding" classname="LocalCMCTests" time="0.001"/>
  <testcase name="TestALotOfAdding" classname="LocalCMCTests" time="0.001"/>
  <testcase name="TestALotOfAdding" classname="LocalCMCTests" time="0.0"/>
  <testcase name="TestALotOfAdding" classname="LocalCMCTests" time="0.0"/>
  <testcase name="TestALotOfAdding" classname="LocalCMCTests" time="0.0"/>
  <testcase name="TestALotOfAdding" classname="LocalCMCTests" time="0.001"/>
  <testcase name="TestALotOfAdding" classname="LocalCMCTests" time="0.001"/>
  <testcase name="TestALotOfAdding" classname="LocalCMCTests" time="0.001"/>
  <testcase name="TestALotOfAdding" classname="LocalCMCTests" time="0.001"/>
  <testcase name="TestALotOfAdding" classname="LocalCMCTests" time="0.0"/>
  <testcase name="TestALotOfAdding" classname="LocalCMCTests" time="0.001"/>
  <testcase name="TestALotOfAdding" classname="LocalCMCTests" time="0.002"/>
  <testcase name="TestALotOfAdding" classname="LocalCMCTests" time="0.002"/>
  <testcase name="TestALotOfAdding" classname="LocalCMCTests" time="0.0"/>
  <testcase name="TestALotOfAdding" classname="LocalCMCTests" time="0.001"/>
  <testcase name="TestALotOfAdding" classname="LocalCMCTests" time="0.0"/>
  <testcase name="TestALotOfAdding" classname="LocalCMCTests" time="0.0"/>
  <testcase name="TestALotOfAdding" classname="LocalCMCTests" time="0.0"/>
  <testcase name="TestALotOfAdding" classname="LocalCMCTests" time="0.0"/>
  <testcase name="TestALotOfAdding" classname="LocalCMCTests" time="0.001"/>
  <testcase name="TestALotOfAdding" classname="LocalCMCTests" time="0.0"/>
  <testcase name="TestALotOfAdding" classname="LocalCMCTests" time="0.0"/>
  <testcase name="TestALotOfAdding" classname="LocalCMCTests" time="0.0"/>
  <testcase name="TestALotOfAdding" classname="LocalCMCTests" time="0.001"/>
  <testcase name="TestALotOfAdding" classname="LocalCMCTests" time="0.001"/>
  <testcase name="TestALotOfAdding" classname="LocalCMCTests" time="0.001"/>
  <testcase name="TestALotOfAdding" classname="LocalCMCTests" time="0.001"/>
  <testcase name="TestALotOfAdding" classname="LocalCMCTests" time="0.001"/>
  <testcase name="TestALotOfAdding" classname="LocalCMCTests" time="0.0"/>
  <testcase name="TestALotOfAdding" classname="LocalCMCTests" time="0.001"/>
  <testcase name="TestALotOfAdding" classname="LocalCMCTests" time="0.001"/>
  <testcase name="TestALotOfAdding" classname="LocalCMCTests" time="0.0"/>
  <testcase name="TestALotOfAdding" classname="LocalCMCTests" time="0.0"/>
  <testcase name="TestALotOfAdding" classname="LocalCMCTests" time="0.0"/>
  <testcase name="TestALotOfAdding" classname="LocalCMCTests" time="0.001"/>
  <testcase name="TestALotOfAdding" classname="LocalCMCTests" time="0.0"/>
  <testcase name="TestALotOfAdding" classname="LocalCMCTests" time="0.001"/>
  <testcase name="TestALotOfAdding" classname="LocalCMCTests" time="0.001"/>
  <testcase name="TestALotOfAdding" classname="LocalCMCTests" time="0.001"/>
  <testcase name="TestALotOfAdding" classname="LocalCMCTests" time="0.001"/>
  <testcase name="TestALotOfAdding" classname="LocalCMCTests" time="0.0"/>
  <testcase name="TestALotOfAdding" classname="LocalCMCTests" time="0.001"/>
  <testcase name="TestALotOfAdding" classname="LocalCMCTests" time="0.001"/>
  <testcase name="TestALotOfAdding" classname="LocalCMCTests" time="0.0"/>
  <testcase name="TestALotOfAdding" classname="LocalCMCTests" time="0.0"/>
  <testcase name="TestALotOfAdding" classname="LocalCMCTests" time="0.001"/>
  <testcase name="TestALotOfAdding" classname="LocalCMCTests" time="0.001"/>
  <testcase name="TestALotOfAdding" classname="LocalCMCTests" time="0.001"/>
  <testcase name="TestALotOfAdding" classname="LocalCMCTests" time="0.001"/>
  <testcase name="TestALotOfAdding" classname="LocalCMCTests" time="0.001"/>
  <testcase name="TestALotOfAdding" classname="LocalCMCTests" time="0.001"/>
  <testcase name="TestALotOfAdding" classname="LocalCMCTests" time="0.002"/>
  <testcase name="TestALotOfAdding" classname="LocalCMCTests" time="0.0"/>
  <testcase name="TestALotOfAdding" classname="LocalCMCTests" time="0.001"/>
  <testcase name="TestALotOfAdding" classname="LocalCMCTests" time="0.0"/>
  <testcase name="TestALotOfAdding" classname="LocalCMCTests" time="0.0"/>
  <testcase name="TestALotOfAdding" classname="LocalCMCTests" time="0.0"/>
  <testcase name="TestALotOfAdding" classname="LocalCMCTests" time="0.001"/>
  <testcase name="TestALotOfAdding" classname="LocalCMCTests" time="0.0"/>
  <testcase name="TestALotOfAdding" classname="LocalCMCTests" time="0.0"/>
  <testcase name="TestALotOfAdding" classname="LocalCMCTests" time="0.001"/>
  <testcase name="TestALotOfAdding" classname="LocalCMCTests" time="0.001"/>
  <testcase name="TestALotOfAdding" classname="LocalCMCTests" time="0.0"/>
  <testcase name="TestALotOfAdding" classname="LocalCMCTests" time="0.001"/>
  <testcase name="TestALotOfAdding" classname="LocalCMCTests" time="0.0"/>
  <testcase name="TestALotOfAdding" classname="LocalCMCTests" time="0.001"/>
  <testcase name="TestALotOfAdding" classname="LocalCMCTests" time="0.001"/>
  <testcase name="TestALotOfAdding" classname="LocalCMCTests" time="0.0"/>
  <testcase name="TestALotOfAdding" classname="LocalCMCTests" time="0.0"/>
  <testcase name="TestALotOfAdding" classname="LocalCMCTests" time="0.0"/>
  <testcase name="TestALotOfAdding" classname="LocalCMCTests" time="0.0"/>
  <testcase name="TestALotOfAdding" classname="LocalCMCTests" time="0.001"/>
  <testcase name="TestALotOfAdding" classname="LocalCMCTests" time="0.001"/>
  <testcase name="TestALotOfAdding" classname="LocalCMCTests" time="0.0"/>
  <testcase name="TestALotOfAdding" classname="LocalCMCTests" time="0.002"/>
  <testcase name="TestALotOfAdding" classname="LocalCMCTests" time="0.001"/>
  <testcase name="TestALotOfAdding" classname="LocalCMCTests" time="0.001"/>
  <testcase name="TestALotOfAdding" classname="LocalCMCTests" time="0.001"/>
  <testcase name="TestALotOfAdding" classname="LocalCMCTests" time="0.001"/>
  <testcase name="TestALotOfAdding" classname="LocalCMCTests" time="0.001"/>
  <testcase name="TestALotOfAdding" classname="LocalCMCTests" time="0.001"/>
  <testcase name="TestALotOfAdding" classname="LocalCMCTests" time="0.001"/>
  <testcase name="TestALotOfAdding" classname="LocalCMCTests" time="0.0"/>
  <testcase name="TestALotOfAdding" classname="LocalCMCTests" time="0.0"/>
  <testcase name="TestALotOfAdding" classname="LocalCMCTests" time="0.002"/>
  <testcase name="TestALotOfAdding" classname="LocalCMCTests" time="0.0"/>
  <testcase name="TestALotOfAdding" classname="LocalCMCTests" time="0.0"/>
  <testcase name="TestALotOfAdding" classname="LocalCMCTests" time="0.0"/>
  <testcase name="TestALotOfAdding" classname="LocalCMCTests" time="0.001"/>
  <testcase name="TestALotOfAdding" classname="LocalCMCTests" time="0.001"/>
  <testcase name="TestALotOfAdding" classname="LocalCMCTests" time="0.001"/>
  <testcase name="TestALotOfAdding" classname="LocalCMCTests" time="0.001"/>
  <testcase name="TestALotOfAdding" classname="LocalCMCTests" time="0.001"/>
  <testcase name="TestALotOfAdding" classname="LocalCMCTests" time="0.001"/>
  <testcase name="TestALotOfAdding" classname="LocalCMCTests" time="0.0"/>
  <testcase name="TestALotOfAdding" classname="LocalCMCTests" time="0.0"/>
  <testcase name="TestALotOfAdding" classname="LocalCMCTests" time="0.001"/>
  <testcase name="TestALotOfAdding" classname="LocalCMCTests" time="0.0"/>
  <testcase name="TestALotOfAdding" classname="LocalCMCTests" time="0.0"/>
  <testcase name="TestALotOfAdding" classname="LocalCMCTests" time="0.0"/>
  <testcase name="TestALotOfAdding" classname="LocalCMCTests" time="0.0"/>
  <testcase name="TestALotOfAdding" classname="LocalCMCTests" time="0.0"/>
  <testcase name="TestALotOfAdding" classname="LocalCMCTests" time="0.0"/>
  <testcase name="TestALotOfAdding" classname="LocalCMCTests" time="0.002"/>
  <testcase name="TestALotOfAdding" classname="LocalCMCTests" time="0.001"/>
  <testcase name="TestALotOfAdding" classname="LocalCMCTests" time="0.002"/>
  <testcase name="TestALotOfAdding" classname="LocalCMCTests" time="0.0"/>
  <testcase name="TestALotOfAdding" classname="LocalCMCTests" time="0.024"/>
  <testcase name="TestALotOfAdding" classname="LocalCMCTests" time="0.0"/>
  <testcase name="TestALotOfAdding" classname="LocalCMCTests" time="0.0"/>
  <testcase name="TestALotOfAdding" classname="LocalCMCTests" time="0.001"/>
  <testcase name="TestALotOfAdding" classname="LocalCMCTests" time="0.0"/>
  <testcase name="TestALotOfAdding" classname="LocalCMCTests" time="0.001"/>
  <testcase name="TestALotOfAdding" classname="LocalCMCTests" time="0.001"/>
  <testcase name="TestALotOfAdding" classname="LocalCMCTests" time="0.001"/>
  <testcase name="TestALotOfAdding" classname="LocalCMCTests" time="0.001"/>
  <testcase name="TestALotOfAdding" classname="LocalCMCTests" time="0.0"/>
  <testcase name="TestALotOfAdding" classname="LocalCMCTests" time="0.0"/>
  <testcase name="TestALotOfAdding" classname="LocalCMCTests" time="0.0"/>
  <testcase name="TestALotOfAdding" classname="LocalCMCTests" time="0.0"/>
  <testcase name="TestALotOfAdding" classname="LocalCMCTests" time="0.001"/>
  <testcase name="TestALotOfAdding" classname="LocalCMCTests" time="0.001"/>
  <testcase name="TestALotOfAdding" classname="LocalCMCTests" time="0.001"/>
  <testcase name="TestALotOfAdding" classname="LocalCMCTests" time="0.0"/>
  <testcase name="TestALotOfAdding" classname="LocalCMCTests" time="0.001"/>
  <testcase name="TestALotOfAdding" classname="LocalCMCTests" time="0.001"/>
  <testcase name="TestALotOfAdding" classname="LocalCMCTests" time="0.001"/>
  <testcase name="TestALotOfAdding" classname="LocalCMCTests" time="0.002"/>
  <testcase name="TestALotOfAdding" classname="LocalCMCTests" time="0.0"/>
  <testcase name="TestALotOfAdding" classname="LocalCMCTests" time="0.001"/>
  <testcase name="TestALotOfAdding" classname="LocalCMCTests" time="0.0"/>
  <testcase name="TestALotOfAdding" classname="LocalCMCTests" time="0.0"/>
  <testcase name="TestALotOfAdding" classname="LocalCMCTests" time="0.0"/>
  <testcase name="TestALotOfAdding" classname="LocalCMCTests" time="0.001"/>
  <testcase name="TestALotOfAdding" classname="LocalCMCTests" time="0.001"/>
  <testcase name="TestALotOfAdding" classname="LocalCMCTests" time="0.0"/>
  <testcase name="TestALotOfAdding" classname="LocalCMCTests" time="0.001"/>
  <testcase name="TestALotOfAdding" classname="LocalCMCTests" time="0.001"/>
  <testcase name="TestALotOfAdding" classname="LocalCMCTests" time="0.001"/>
  <testcase name="TestALotOfAdding" classname="LocalCMCTests" time="0.001"/>
  <testcase name="TestALotOfAdding" classname="LocalCMCTests" time="0.001"/>
  <testcase name="TestALotOfAdding" classname="LocalCMCTests" time="0.001"/>
  <testcase name="TestALotOfAdding" classname="LocalCMCTests" time="0.0"/>
  <testcase name="TestALotOfAdding" classname="LocalCMCTests" time="0.001"/>
  <testcase name="TestALotOfAdding" classname="LocalCMCTests" time="0.0"/>
  <testcase name="TestALotOfAdding" classname="LocalCMCTests" time="0.0"/>
  <testcase name="TestALotOfAdding" classname="LocalCMCTests" time="0.0"/>
  <testcase name="TestALotOfAdding" classname="LocalCMCTests" time="0.0"/>
  <testcase name="TestALotOfAdding" classname="LocalCMCTests" time="0.0"/>
  <testcase name="TestALotOfAdding" classname="LocalCMCTests" time="0.0"/>
  <testcase name="TestALotOfAdding" classname="LocalCMCTests" time="0.001"/>
  <testcase name="TestALotOfAdding" classname="LocalCMCTests" time="0.001"/>
  <testcase name="TestALotOfAdding" classname="LocalCMCTests" time="0.001"/>
  <testcase name="TestALotOfAdding" classname="LocalCMCTests" time="0.001"/>
  <testcase name="TestALotOfAdding" classname="LocalCMCTests" time="0.002"/>
  <testcase name="TestALotOfAdding" classname="LocalCMCTests" time="0.001"/>
  <testcase name="TestALotOfAdding" classname="LocalCMCTests" time="0.0"/>
  <testcase name="TestALotOfAdding" classname="LocalCMCTests" time="0.0"/>
  <testcase name="TestALotOfAdding" classname="LocalCMCTests" time="0.001"/>
  <testcase name="TestALotOfAdding" classname="LocalCMCTests" time="0.0"/>
  <testcase name="TestALotOfAdding" classname="LocalCMCTests" time="0.0"/>
  <testcase name="TestALotOfAdding" classname="LocalCMCTests" time="0.0"/>
  <testcase name="TestALotOfAdding" classname="LocalCMCTests" time="0.0"/>
  <testcase name="TestALotOfAdding" classname="LocalCMCTests" time="0.0"/>
  <testcase name="TestALotOfAdding" classname="LocalCMCTests" time="0.001"/>
  <testcase name="TestALotOfAdding" classname="LocalCMCTests" time="0.001"/>
  <testcase name="TestALotOfAdding" classname="LocalCMCTests" time="0.001"/>
  <testcase name="TestALotOfAdding" classname="LocalCMCTests" time="0.001"/>
  <testcase name="TestALotOfAdding" classname="LocalCMCTests" time="0.001"/>
  <testcase name="TestALotOfAdding" classname="LocalCMCTests" time="0.001"/>
  <testcase name="TestALotOfAdding" classname="LocalCMCTests" time="0.0"/>
  <testcase name="TestALotOfAdding" classname="LocalCMCTests" time="0.0"/>
  <testcase name="TestALotOfAdding" classname="LocalCMCTests" time="0.001"/>
  <testcase name="TestALotOfAdding" classname="LocalCMCTests" time="0.0"/>
  <testcase name="TestALotOfAdding" classname="LocalCMCTests" time="0.0"/>
  <testcase name="TestALotOfAdding" classname="LocalCMCTests" time="0.0"/>
  <testcase name="TestALotOfAdding" classname="LocalCMCTests" time="0.002"/>
  <testcase name="TestALotOfAdding" classname="LocalCMCTests" time="0.0"/>
  <testcase name="TestALotOfAdding" classname="LocalCMCTests" time="0.002"/>
  <testcase name="TestALotOfAdding" classname="LocalCMCTests" time="0.001"/>
  <testcase name="TestALotOfAdding" classname="LocalCMCTests" time="0.0"/>
  <testcase name="TestALotOfAdding" classname="LocalCMCTests" time="0.001"/>
  <testcase name="TestALotOfAdding" classname="LocalCMCTests" time="0.003"/>
  <testcase name="TestALotOfAdding" classname="LocalCMCTests" time="0.002"/>
  <testcase name="TestALotOfAdding" classname="LocalCMCTests" time="0.004"/>
  <testcase name="TestALotOfAdding" classname="LocalCMCTests" time="0.003"/>
  <testcase name="TestALotOfAdding" classname="LocalCMCTests" time="0.0"/>
  <testcase name="TestALotOfAdding" classname="LocalCMCTests" time="0.0"/>
  <testcase name="TestALotOfAdding" classname="LocalCMCTests" time="0.0"/>
  <testcase name="TestALotOfAdding" classname="LocalCMCTests" time="0.002"/>
  <testcase name="TestALotOfAdding" classname="LocalCMCTests" time="0.0"/>
  <testcase name="TestALotOfAdding" classname="LocalCMCTests" time="0.001"/>
  <testcase name="TestALotOfAdding" classname="LocalCMCTests" time="0.0"/>
  <testcase name="TestALotOfAdding" classname="LocalCMCTests" time="0.001"/>
  <testcase name="TestALotOfAdding" classname="LocalCMCTests" time="0.0"/>
  <testcase name="TestALotOfAdding" classname="LocalCMCTests" time="0.002"/>
  <testcase name="TestALotOfAdding" classname="LocalCMCTests" time="0.0"/>
  <testcase name="TestALotOfAdding" classname="LocalCMCTests" time="0.002"/>
  <testcase name="TestALotOfAdding" classname="LocalCMCTests" time="0.001"/>
  <testcase name="TestALotOfAdding" classname="LocalCMCTests" time="0.0"/>
  <testcase name="TestALotOfAdding" classname="LocalCMCTests" time="0.0"/>
  <testcase name="TestALotOfAdding" classname="LocalCMCTests" time="0.001"/>
  <testcase name="TestALotOfAdding" classname="LocalCMCTests" time="0.0"/>
  <testcase name="TestALotOfAdding" classname="LocalCMCTests" time="0.001"/>
  <testcase name="TestALotOfAdding" classname="LocalCMCTests" time="0.001"/>
  <testcase name="TestALotOfAdding" classname="LocalCMCTests" time="0.001"/>
  <testcase name="TestALotOfAdding" classname="LocalCMCTests" time="0.001"/>
  <testcase name="TestALotOfAdding" classname="LocalCMCTests" time="0.0"/>
  <testcase name="TestALotOfAdding" classname="LocalCMCTests" time="0.0"/>
  <testcase name="TestALotOfAdding" classname="LocalCMCTests" time="0.001"/>
  <testcase name="TestALotOfAdding" classname="LocalCMCTests" time="0.001"/>
  <testcase name="TestALotOfAdding" classname="LocalCMCTests" time="0.0"/>
  <testcase name="TestALotOfAdding" classname="LocalCMCTests" time="0.001"/>
  <testcase name="TestALotOfAdding" classname="LocalCMCTests" time="0.001"/>
  <testcase name="TestALotOfAdding" classname="LocalCMCTests" time="0.001"/>
  <testcase name="TestALotOfAdding" classname="LocalCMCTests" time="0.0"/>
  <testcase name="TestALotOfAdding" classname="LocalCMCTests" time="0.0"/>
  <testcase name="TestALotOfAdding" classname="LocalCMCTests" time="0.001"/>
  <testcase name="TestALotOfAdding" classname="LocalCMCTests" time="0.0"/>
  <testcase name="TestALotOfAdding" classname="LocalCMCTests" time="0.002"/>
  <testcase name="TestALotOfAdding" classname="LocalCMCTests" time="0.002"/>
  <testcase name="TestALotOfAdding" classname="LocalCMCTests" time="0.002"/>
  <testcase name="TestALotOfAdding" classname="LocalCMCTests" time="0.003"/>
  <testcase name="TestALotOfAdding" classname="LocalCMCTests" time="0.0"/>
  <testcase name="TestALotOfAdding" classname="LocalCMCTests" time="0.003"/>
  <testcase name="TestALotOfAdding" classname="LocalCMCTests" time="0.0"/>
  <testcase name="TestALotOfAdding" classname="LocalCMCTests" time="0.0"/>
  <testcase name="TestALotOfAdding" classname="LocalCMCTests" time="0.001"/>
  <testcase name="TestALotOfAdding" classname="LocalCMCTests" time="0.0"/>
  <testcase name="TestALotOfAdding" classname="LocalCMCTests" time="0.0"/>
  <testcase name="TestALotOfAdding" classname="LocalCMCTests" time="0.0"/>
  <testcase name="TestALotOfAdding" classname="LocalCMCTests" time="0.0"/>
  <testcase name="TestALotOfAdding" classname="LocalCMCTests" time="0.001"/>
  <testcase name="TestALotOfAdding" classname="LocalCMCTests" time="0.001"/>
  <testcase name="TestALotOfAdding" classname="LocalCMCTests" time="0.0"/>
  <testcase name="TestALotOfAdding" classname="LocalCMCTests" time="0.0"/>
  <testcase name="TestALotOfAdding" classname="LocalCMCTests" time="0.001"/>
  <testcase name="TestALotOfAdding" classname="LocalCMCTests" time="0.001"/>
  <testcase name="TestALotOfAdding" classname="LocalCMCTests" time="0.0"/>
  <testcase name="TestALotOfAdding" classname="LocalCMCTests" time="0.001"/>
  <testcase name="TestALotOfAdding" classname="LocalCMCTests" time="0.001"/>
  <testcase name="TestALotOfAdding" classname="LocalCMCTests" time="0.001"/>
  <testcase name="TestALotOfAdding" classname="LocalCMCTests" time="0.001"/>
  <testcase name="TestALotOfAdding" classname="LocalCMCTests" time="0.0"/>
  <testcase name="TestALotOfAdding" classname="LocalCMCTests" time="0.0"/>
  <testcase name="TestALotOfAdding" classname="LocalCMCTests" time="0.001"/>
  <testcase name="TestALotOfAdding" classname="LocalCMCTests" time="0.0"/>
  <testcase name="TestALotOfAdding" classname="LocalCMCTests" time="0.0"/>
  <testcase name="TestALotOfAdding" classname="LocalCMCTests" time="0.001"/>
  <testcase name="TestALotOfAdding" classname="LocalCMCTests" time="0.0"/>
  <testcase name="TestALotOfAdding" classname="LocalCMCTests" time="0.0"/>
  <testcase name="TestALotOfAdding" classname="LocalCMCTests" time="0.0"/>
  <testcase name="TestALotOfAdding" classname="LocalCMCTests" time="0.0"/>
  <testcase name="TestALotOfAdding" classname="LocalCMCTests" time="0.001"/>
  <testcase name="TestALotOfAdding" classname="LocalCMCTests" time="0.0"/>
  <testcase name="TestALotOfAdding" classname="LocalCMCTests" time="0.001"/>
  <testcase name="TestALotOfAdding" classname="LocalCMCTests" time="0.0"/>
  <testcase name="TestALotOfAdding" classname="LocalCMCTests" time="0.001"/>
  <testcase name="TestALotOfAdding" classname="LocalCMCTests" time="0.001"/>
  <testcase name="TestALotOfAdding" classname="LocalCMCTests" time="0.001"/>
  <testcase name="TestALotOfAdding" classname="LocalCMCTests" time="0.001"/>
  <testcase name="TestALotOfAdding" classname="LocalCMCTests" time="0.001"/>
  <testcase name="TestALotOfAdding" classname="LocalCMCTests" time="0.0"/>
  <testcase name="TestALotOfAdding" classname="LocalCMCTests" time="0.001"/>
  <testcase name="TestALotOfAdding" classname="LocalCMCTests" time="0.0"/>
  <testcase name="TestALotOfAdding" classname="LocalCMCTests" time="0.0"/>
  <testcase name="TestALotOfAdding" classname="LocalCMCTests" time="0.003"/>
  <testcase name="TestALotOfAdding" classname="LocalCMCTests" time="0.0"/>
  <testcase name="TestALotOfAdding" classname="LocalCMCTests" time="0.0"/>
  <testcase name="TestALotOfAdding" classname="LocalCMCTests" time="0.001"/>
  <testcase name="TestALotOfAdding" classname="LocalCMCTests" time="0.001"/>
  <testcase name="TestALotOfAdding" classname="LocalCMCTests" time="0.001"/>
  <testcase name="TestALotOfAdding" classname="LocalCMCTests" time="0.001"/>
  <testcase name="TestALotOfAdding" classname="LocalCMCTests" time="0.001"/>
  <testcase name="TestALotOfAdding" classname="LocalCMCTests" time="0.0"/>
  <testcase name="TestALotOfAdding" classname="LocalCMCTests" time="0.0"/>
  <testcase name="TestALotOfAdding" classname="LocalCMCTests" time="0.0"/>
  <testcase name="TestALotOfAdding" classname="LocalCMCTests" time="0.0"/>
  <testcase name="TestALotOfAdding" classname="LocalCMCTests" time="0.0"/>
  <testcase name="TestALotOfAdding" classname="LocalCMCTests" time="0.001"/>
  <testcase name="TestALotOfAdding" classname="LocalCMCTests" time="0.002"/>
  <testcase name="TestALotOfAdding" classname="LocalCMCTests" time="0.002"/>
  <testcase name="TestALotOfAdding" classname="LocalCMCTests" time="0.002"/>
  <testcase name="TestALotOfAdding" classname="LocalCMCTests" time="0.002"/>
  <testcase name="TestALotOfAdding" classname="LocalCMCTests" time="0.0"/>
  <testcase name="TestALotOfAdding" classname="LocalCMCTests" time="0.0"/>
  <testcase name="TestALotOfAdding" classname="LocalCMCTests" time="0.0"/>
  <testcase name="TestALotOfAdding" classname="LocalCMCTests" time="0.0"/>
  <testcase name="TestALotOfAdding" classname="LocalCMCTests" time="0.002"/>
  <testcase name="TestALotOfAdding" classname="LocalCMCTests" time="0.0"/>
  <testcase name="TestALotOfAdding" classname="LocalCMCTests" time="0.0"/>
  <testcase name="TestALotOfAdding" classname="LocalCMCTests" time="0.002"/>
  <testcase name="TestALotOfAdding" classname="LocalCMCTests" time="0.0"/>
  <testcase name="TestALotOfAdding" classname="LocalCMCTests" time="0.002"/>
  <testcase name="TestALotOfAdding" classname="LocalCMCTests" time="0.002"/>
  <testcase name="TestALotOfAdding" classname="LocalCMCTests" time="0.0"/>
  <testcase name="TestALotOfAdding" classname="LocalCMCTests" time="0.0"/>
  <testcase name="TestALotOfAdding" classname="LocalCMCTests" time="0.002"/>
  <testcase name="TestALotOfAdding" classname="LocalCMCTests" time="0.001"/>
  <testcase name="TestALotOfAdding" classname="LocalCMCTests" time="0.0"/>
  <testcase name="TestALotOfAdding" classname="LocalCMCTests" time="0.001"/>
  <testcase name="TestALotOfAdding" classname="LocalCMCTests" time="0.001"/>
  <testcase name="TestALotOfAdding" classname="LocalCMCTests" time="0.001"/>
  <testcase name="TestALotOfAdding" classname="LocalCMCTests" time="0.0"/>
  <testcase name="TestALotOfAdding" classname="LocalCMCTests" time="0.001"/>
  <testcase name="TestALotOfAdding" classname="LocalCMCTests" time="0.0"/>
  <testcase name="TestALotOfAdding" classname="LocalCMCTests" time="0.001"/>
  <testcase name="TestALotOfAdding" classname="LocalCMCTests" time="0.001"/>
  <testcase name="TestALotOfAdding" classname="LocalCMCTests" time="0.001"/>
  <testcase name="TestALotOfAdding" classname="LocalCMCTests" time="0.0"/>
  <testcase name="TestALotOfAdding" classname="LocalCMCTests" time="0.001"/>
  <testcase name="TestALotOfAdding" classname="LocalCMCTests" time="0.001"/>
  <testcase name="TestALotOfAdding" classname="LocalCMCTests" time="0.001"/>
  <testcase name="TestALotOfAdding" classname="LocalCMCTests" time="0.0"/>
  <testcase name="TestALotOfAdding" classname="LocalCMCTests" time="0.001"/>
  <testcase name="TestALotOfAdding" classname="LocalCMCTests" time="0.0"/>
  <testcase name="TestALotOfAdding" classname="LocalCMCTests" time="0.001"/>
  <testcase name="TestALotOfAdding" classname="LocalCMCTests" time="0.001"/>
  <testcase name="TestALotOfAdding" classname="LocalCMCTests" time="0.001"/>
  <testcase name="TestALotOfAdding" classname="LocalCMCTests" time="0.0"/>
  <testcase name="TestALotOfAdding" classname="LocalCMCTests" time="0.0"/>
  <testcase name="TestALotOfAdding" classname="LocalCMCTests" time="0.0"/>
  <testcase name="TestALotOfAdding" classname="LocalCMCTests" time="0.001"/>
  <testcase name="TestALotOfAdding" classname="LocalCMCTests" time="0.0"/>
  <testcase name="TestALotOfAdding" classname="LocalCMCTests" time="0.001"/>
  <testcase name="TestALotOfAdding" classname="LocalCMCTests" time="0.001"/>
  <testcase name="TestALotOfAdding" classname="LocalCMCTests" time="0.001"/>
  <testcase name="TestALotOfAdding" classname="LocalCMCTests" time="0.001"/>
  <testcase name="TestALotOfAdding" classname="LocalCMCTests" time="0.0"/>
  <testcase name="TestALotOfAdding" classname="LocalCMCTests" time="0.001"/>
  <testcase name="TestALotOfAdding" classname="LocalCMCTests" time="0.001"/>
  <testcase name="TestALotOfAdding" classname="LocalCMCTests" time="0.0"/>
  <testcase name="TestALotOfAdding" classname="LocalCMCTests" time="0.0"/>
  <testcase name="TestALotOfAdding" classname="LocalCMCTests" time="0.0"/>
  <testcase name="TestALotOfAdding" classname="LocalCMCTests" time="0.0"/>
  <testcase name="TestALotOfAdding" classname="LocalCMCTests" time="0.001"/>
  <testcase name="TestALotOfAdding" classname="LocalCMCTests" time="0.001"/>
  <testcase name="TestALotOfAdding" classname="LocalCMCTests" time="0.002"/>
  <testcase name="TestALotOfAdding" classname="LocalCMCTests" time="0.002"/>
  <testcase name="TestALotOfAdding" classname="LocalCMCTests" time="0.002"/>
  <testcase name="TestALotOfAdding" classname="LocalCMCTests" time="0.0"/>
  <testcase name="TestALotOfAdding" classname="LocalCMCTests" time="0.002"/>
  <testcase name="TestALotOfAdding" classname="LocalCMCTests" time="0.0"/>
  <testcase name="TestALotOfAdding" classname="LocalCMCTests" time="0.0"/>
  <testcase name="TestALotOfAdding" classname="LocalCMCTests" time="0.0"/>
  <testcase name="TestALotOfAdding" classname="LocalCMCTests" time="0.0"/>
  <testcase name="TestALotOfAdding" classname="LocalCMCTests" time="0.001"/>
  <testcase name="TestALotOfAdding" classname="LocalCMCTests" time="0.001"/>
  <testcase name="TestALotOfAdding" classname="LocalCMCTests" time="0.001"/>
  <testcase name="TestALotOfAdding" classname="LocalCMCTests" time="0.0"/>
  <testcase name="TestALotOfAdding" classname="LocalCMCTests" time="0.0"/>
  <testcase name="TestALotOfAdding" classname="LocalCMCTests" time="0.0"/>
  <testcase name="TestALotOfAdding" classname="LocalCMCTests" time="0.0"/>
  <testcase name="TestALotOfAdding" classname="LocalCMCTests" time="0.001"/>
  <testcase name="TestALotOfAdding" classname="LocalCMCTests" time="0.001"/>
  <testcase name="TestALotOfAdding" classname="LocalCMCTests" time="0.001"/>
  <testcase name="TestALotOfAdding" classname="LocalCMCTests" time="0.001"/>
  <testcase name="TestALotOfAdding" classname="LocalCMCTests" time="0.001"/>
  <testcase name="TestALotOfAdding" classname="LocalCMCTests" time="0.001"/>
  <testcase name="TestALotOfAdding" classname="LocalCMCTests" time="0.001"/>
  <testcase name="TestALotOfAdding" classname="LocalCMCTests" time="0.0"/>
  <testcase name="TestALotOfAdding" classname="LocalCMCTests" time="0.002"/>
  <testcase name="TestALotOfAdding" classname="LocalCMCTests" time="0.001"/>
  <testcase name="TestALotOfAdding" classname="LocalCMCTests" time="0.001"/>
  <testcase name="TestALotOfAdding" classname="LocalCMCTests" time="0.0"/>
  <testcase name="TestALotOfAdding" classname="LocalCMCTests" time="0.0"/>
  <testcase name="TestALotOfAdding" classname="LocalCMCTests" time="0.0"/>
  <testcase name="TestALotOfAdding" classname="LocalCMCTests" time="0.0"/>
  <testcase name="TestALotOfAdding" classname="LocalCMCTests" time="0.0"/>
  <testcase name="TestALotOfAdding" classname="LocalCMCTests" time="0.0"/>
  <testcase name="TestALotOfAdding" classname="LocalCMCTests" time="0.0"/>
  <testcase name="TestALotOfAdding" classname="LocalCMCTests" time="0.001"/>
  <testcase name="TestALotOfAdding" classname="LocalCMCTests" time="0.001"/>
  <testcase name="TestALotOfAdding" classname="LocalCMCTests" time="0.001"/>
  <testcase name="TestALotOfAdding" classname="LocalCMCTests" time="0.0"/>
  <testcase name="TestALotOfAdding" classname="LocalCMCTests" time="0.0"/>
  <testcase name="TestALotOfAdding" classname="LocalCMCTests" time="0.001"/>
  <testcase name="TestALotOfAdding" classname="LocalCMCTests" time="0.001"/>
  <testcase name="TestALotOfAdding" classname="LocalCMCTests" time="0.001"/>
  <testcase name="TestALotOfAdding" classname="LocalCMCTests" time="0.0"/>
  <testcase name="TestALotOfAdding" classname="LocalCMCTests" time="0.001"/>
  <testcase name="TestALotOfAdding" classname="LocalCMCTests" time="0.0"/>
  <testcase name="TestALotOfAdding" classname="LocalCMCTests" time="0.0"/>
  <testcase name="TestALotOfAdding" classname="LocalCMCTests" time="0.0"/>
  <testcase name="TestALotOfAdding" classname="LocalCMCTests" time="0.001"/>
  <testcase name="TestALotOfAdding" classname="LocalCMCTests" time="0.0"/>
  <testcase name="TestALotOfAdding" classname="LocalCMCTests" time="0.001"/>
  <testcase name="TestALotOfAdding" classname="LocalCMCTests" time="0.0"/>
  <testcase name="TestALotOfAdding" classname="LocalCMCTests" time="0.001"/>
  <testcase name="TestALotOfAdding" classname="LocalCMCTests" time="0.001"/>
  <testcase name="TestALotOfAdding" classname="LocalCMCTests" time="0.001"/>
  <testcase name="TestALotOfAdding" classname="LocalCMCTests" time="0.001"/>
  <testcase name="TestALotOfAdding" classname="LocalCMCTests" time="0.001"/>
  <testcase name="TestALotOfAdding" classname="LocalCMCTests" time="0.001"/>
  <testcase name="TestALotOfAdding" classname="LocalCMCTests" time="0.0"/>
  <testcase name="TestALotOfAdding" classname="LocalCMCTests" time="0.002"/>
  <testcase name="TestALotOfAdding" classname="LocalCMCTests" time="0.001"/>
  <testcase name="TestALotOfAdding" classname="LocalCMCTests" time="0.0"/>
  <testcase name="TestALotOfAdding" classname="LocalCMCTests" time="0.0"/>
  <testcase name="TestALotOfAdding" classname="LocalCMCTests" time="0.001"/>
  <testcase name="TestALotOfAdding" classname="LocalCMCTests" time="0.002"/>
  <testcase name="TestALotOfAdding" classname="LocalCMCTests" time="0.0"/>
  <testcase name="TestALotOfAdding" classname="LocalCMCTests" time="0.0"/>
  <testcase name="TestALotOfAdding" classname="LocalCMCTests" time="0.001"/>
  <testcase name="TestALotOfAdding" classname="LocalCMCTests" time="0.0"/>
  <testcase name="TestALotOfAdding" classname="LocalCMCTests" time="0.001"/>
  <testcase name="TestALotOfAdding" classname="LocalCMCTests" time="0.0"/>
  <testcase name="TestALotOfAdding" classname="LocalCMCTests" time="0.001"/>
  <testcase name="TestALotOfAdding" classname="LocalCMCTests" time="0.0"/>
  <testcase name="TestALotOfAdding" classname="LocalCMCTests" time="0.0"/>
  <testcase name="TestALotOfAdding" classname="LocalCMCTests" time="0.001"/>
  <testcase name="TestALotOfAdding" classname="LocalCMCTests" time="0.001"/>
  <testcase name="TestALotOfAdding" classname="LocalCMCTests" time="0.001"/>
  <testcase name="TestALotOfAdding" classname="LocalCMCTests" time="0.001"/>
  <testcase name="TestALotOfAdding" classname="LocalCMCTests" time="0.001"/>
  <testcase name="TestALotOfAdding" classname="LocalCMCTests" time="0.002"/>
  <testcase name="TestALotOfAdding" classname="LocalCMCTests" time="0.002"/>
  <testcase name="TestALotOfAdding" classname="LocalCMCTests" time="0.002"/>
  <testcase name="TestALotOfAdding" classname="LocalCMCTests" time="0.004"/>
  <testcase name="TestALotOfAdding" classname="LocalCMCTests" time="0.004"/>
  <testcase name="TestALotOfAdding" classname="LocalCMCTests" time="0.002"/>
  <testcase name="TestALotOfAdding" classname="LocalCMCTests" time="0.001"/>
  <testcase name="TestALotOfAdding" classname="LocalCMCTests" time="0.0"/>
  <testcase name="TestALotOfAdding" classname="LocalCMCTests" time="0.0"/>
  <testcase name="TestALotOfAdding" classname="LocalCMCTests" time="0.001"/>
  <testcase name="TestALotOfAdding" classname="LocalCMCTests" time="0.0"/>
  <testcase name="TestALotOfAdding" classname="LocalCMCTests" time="0.003"/>
  <testcase name="TestALotOfAdding" classname="LocalCMCTests" time="0.003"/>
  <testcase name="TestALotOfAdding" classname="LocalCMCTests" time="0.003"/>
  <testcase name="TestALotOfAdding" classname="LocalCMCTests" time="0.0"/>
  <testcase name="TestALotOfAdding" classname="LocalCMCTests" time="0.003"/>
  <testcase name="TestALotOfAdding" classname="LocalCMCTests" time="0.001"/>
  <testcase name="TestALotOfAdding" classname="LocalCMCTests" time="0.0"/>
  <testcase name="TestALotOfAdding" classname="LocalCMCTests" time="0.0"/>
  <testcase name="TestALotOfAdding" classname="LocalCMCTests" time="0.0"/>
  <testcase name="TestALotOfAdding" classname="LocalCMCTests" time="0.001"/>
  <testcase name="TestALotOfAdding" classname="LocalCMCTests" time="0.005"/>
  <testcase name="TestALotOfAdding" classname="LocalCMCTests" time="0.005"/>
  <testcase name="TestALotOfAdding" classname="LocalCMCTests" time="0.0"/>
  <testcase name="TestALotOfAdding" classname="LocalCMCTests" time="0.002"/>
  <testcase name="TestALotOfAdding" classname="LocalCMCTests" time="0.0"/>
  <testcase name="TestALotOfAdding" classname="LocalCMCTests" time="0.001"/>
  <testcase name="TestALotOfAdding" classname="LocalCMCTests" time="0.001"/>
  <testcase name="TestALotOfAdding" classname="LocalCMCTests" time="0.001"/>
  <testcase name="TestALotOfAdding" classname="LocalCMCTests" time="0.0"/>
  <testcase name="TestALotOfAdding" classname="LocalCMCTests" time="0.001"/>
  <testcase name="TestALotOfAdding" classname="LocalCMCTests" time="0.0"/>
  <testcase name="TestALotOfAdding" classname="LocalCMCTests" time="0.0"/>
  <testcase name="TestALotOfAdding" classname="LocalCMCTests" time="0.002"/>
  <testcase name="TestALotOfAdding" classname="LocalCMCTests" time="0.001"/>
  <testcase name="TestALotOfAdding" classname="LocalCMCTests" time="0.001"/>
  <testcase name="TestALotOfAdding" classname="LocalCMCTests" time="0.001"/>
  <testcase name="TestALotOfAdding" classname="LocalCMCTests" time="0.001"/>
  <testcase name="TestALotOfAdding" classname="LocalCMCTests" time="0.0"/>
  <testcase name="TestALotOfAdding" classname="LocalCMCTests" time="0.0"/>
  <testcase name="TestALotOfAdding" classname="LocalCMCTests" time="0.0"/>
  <testcase name="TestALotOfAdding" classname="LocalCMCTests" time="0.0"/>
  <testcase name="TestALotOfAdding" classname="LocalCMCTests" time="0.0"/>
  <testcase name="TestALotOfAdding" classname="LocalCMCTests" time="0.001"/>
  <testcase name="TestALotOfAdding" classname="LocalCMCTests" time="0.002"/>
  <testcase name="TestALotOfAdding" classname="LocalCMCTests" time="0.001"/>
  <testcase name="TestALotOfAdding" classname="LocalCMCTests" time="0.001"/>
  <testcase name="TestALotOfAdding" classname="LocalCMCTests" time="0.0"/>
  <testcase name="TestALotOfAdding" classname="LocalCMCTests" time="0.001"/>
  <testcase name="TestALotOfAdding" classname="LocalCMCTests" time="0.002"/>
  <testcase name="TestALotOfAdding" classname="LocalCMCTests" time="0.001"/>
  <testcase name="TestALotOfAdding" classname="LocalCMCTests" time="0.001"/>
  <testcase name="TestALotOfAdding" classname="LocalCMCTests" time="0.001"/>
  <testcase name="TestALotOfAdding" classname="LocalCMCTests" time="0.0"/>
  <testcase name="TestALotOfAdding" classname="LocalCMCTests" time="0.0"/>
  <testcase name="TestALotOfAdding" classname="LocalCMCTests" time="0.001"/>
  <testcase name="TestALotOfAdding" classname="LocalCMCTests" time="0.0"/>
  <testcase name="TestALotOfAdding" classname="LocalCMCTests" time="0.0"/>
  <testcase name="TestALotOfAdding" classname="LocalCMCTests" time="0.002"/>
  <testcase name="TestALotOfAdding" classname="LocalCMCTests" time="0.002"/>
  <testcase name="TestALotOfAdding" classname="LocalCMCTests" time="0.002"/>
  <testcase name="TestALotOfAdding" classname="LocalCMCTests" time="0.0"/>
  <testcase name="TestALotOfAdding" classname="LocalCMCTests" time="0.0"/>
  <testcase name="TestALotOfAdding" classname="LocalCMCTests" time="0.001"/>
  <testcase name="TestALotOfAdding" classname="LocalCMCTests" time="0.0"/>
  <testcase name="TestALotOfAdding" classname="LocalCMCTests" time="0.0"/>
  <testcase name="TestALotOfAdding" classname="LocalCMCTests" time="0.0"/>
  <testcase name="TestALotOfAdding" classname="LocalCMCTests" time="0.001"/>
  <testcase name="TestALotOfAdding" classname="LocalCMCTests" time="0.001"/>
  <testcase name="TestALotOfAdding" classname="LocalCMCTests" time="0.001"/>
  <testcase name="TestALotOfAdding" classname="LocalCMCTests" time="0.0"/>
  <testcase name="TestALotOfAdding" classname="LocalCMCTests" time="0.0"/>
  <testcase name="TestALotOfAdding" classname="LocalCMCTests" time="0.001"/>
  <testcase name="TestALotOfAdding" classname="LocalCMCTests" time="0.002"/>
  <testcase name="TestALotOfAdding" classname="LocalCMCTests" time="0.002"/>
  <testcase name="TestALotOfAdding" classname="LocalCMCTests" time="0.001"/>
  <testcase name="TestALotOfAdding" classname="LocalCMCTests" time="0.002"/>
  <testcase name="TestALotOfAdding" classname="LocalCMCTests" time="0.0"/>
  <testcase name="TestALotOfAdding" classname="LocalCMCTests" time="0.001"/>
  <testcase name="TestALotOfAdding" classname="LocalCMCTests" time="0.001"/>
  <testcase name="TestALotOfAdding" classname="LocalCMCTests" time="0.0"/>
  <testcase name="TestALotOfAdding" classname="LocalCMCTests" time="0.002"/>
  <testcase name="TestALotOfAdding" classname="LocalCMCTests" time="0.002"/>
  <testcase name="TestALotOfAdding" classname="LocalCMCTests" time="0.0"/>
  <testcase name="TestALotOfAdding" classname="LocalCMCTests" time="0.001"/>
  <testcase name="TestALotOfAdding" classname="LocalCMCTests" time="0.001"/>
  <testcase name="TestALotOfAdding" classname="LocalCMCTests" time="0.0"/>
  <testcase name="TestALotOfAdding" classname="LocalCMCTests" time="0.001"/>
  <testcase name="TestALotOfAdding" classname="LocalCMCTests" time="0.001"/>
  <testcase name="TestALotOfAdding" classname="LocalCMCTests" time="0.001"/>
  <testcase name="TestALotOfAdding" classname="LocalCMCTests" time="0.001"/>
  <testcase name="TestALotOfAdding" classname="LocalCMCTests" time="0.001"/>
  <testcase name="TestALotOfAdding" classname="LocalCMCTests" time="0.0"/>
  <testcase name="TestALotOfAdding" classname="LocalCMCTests" time="0.001"/>
  <testcase name="TestALotOfAdding" classname="LocalCMCTests" time="0.001"/>
  <testcase name="TestALotOfAdding" classname="LocalCMCTests" time="0.001"/>
  <testcase name="TestALotOfAdding" classname="LocalCMCTests" time="0.003"/>
  <testcase name="TestALotOfAdding" classname="LocalCMCTests" time="0.0"/>
  <testcase name="TestALotOfAdding" classname="LocalCMCTests" time="0.0"/>
  <testcase name="TestALotOfAdding" classname="LocalCMCTests" time="0.001"/>
  <testcase name="TestALotOfAdding" classname="LocalCMCTests" time="0.001"/>
  <testcase name="TestALotOfAdding" classname="LocalCMCTests" time="0.001"/>
  <testcase name="TestALotOfAdding" classname="LocalCMCTests" time="0.001"/>
  <testcase name="TestALotOfAdding" classname="LocalCMCTests" time="0.001"/>
  <testcase name="TestALotOfAdding" classname="LocalCMCTests" time="0.001"/>
  <testcase name="TestALotOfAdding" classname="LocalCMCTests" time="0.001"/>
  <testcase name="TestALotOfAdding" classname="LocalCMCTests" time="0.002"/>
  <testcase name="TestALotOfAdding" classname="LocalCMCTests" time="0.001"/>
  <testcase name="TestALotOfAdding" classname="LocalCMCTests" time="0.001"/>
  <testcase name="TestALotOfAdding" classname="LocalCMCTests" time="0.001"/>
  <testcase name="TestALotOfAdding" classname="LocalCMCTests" time="0.0"/>
  <testcase name="TestALotOfAdding" classname="LocalCMCTests" time="0.001"/>
  <testcase name="TestALotOfAdding" classname="LocalCMCTests" time="0.0"/>
  <testcase name="TestALotOfAdding" classname="LocalCMCTests" time="0.0"/>
  <testcase name="TestALotOfAdding" classname="LocalCMCTests" time="0.0"/>
  <testcase name="TestALotOfAdding" classname="LocalCMCTests" time="0.0"/>
  <testcase name="TestALotOfAdding" classname="LocalCMCTests" time="0.001"/>
  <testcase name="TestALotOfAdding" classname="LocalCMCTests" time="0.0"/>
  <testcase name="TestALotOfAdding" classname="LocalCMCTests" time="0.001"/>
  <testcase name="TestALotOfAdding" classname="LocalCMCTests" time="0.001"/>
  <testcase name="TestALotOfAdding" classname="LocalCMCTests" time="0.0"/>
  <testcase name="TestALotOfAdding" classname="LocalCMCTests" time="0.001"/>
  <testcase name="TestALotOfAdding" classname="LocalCMCTests" time="0.001"/>
  <testcase name="TestALotOfAdding" classname="LocalCMCTests" time="0.001"/>
  <testcase name="TestALotOfAdding" classname="LocalCMCTests" time="0.001"/>
  <testcase name="TestALotOfAdding" classname="LocalCMCTests" time="0.001"/>
  <testcase name="TestALotOfAdding" classname="LocalCMCTests" time="0.0"/>
  <testcase name="TestALotOfAdding" classname="LocalCMCTests" time="0.001"/>
  <testcase name="TestALotOfAdding" classname="LocalCMCTests" time="0.001"/>
  <testcase name="TestALotOfAdding" classname="LocalCMCTests" time="0.0"/>
  <testcase name="TestALotOfAdding" classname="LocalCMCTests" time="0.0"/>
  <testcase name="TestALotOfAdding" classname="LocalCMCTests" time="0.0"/>
  <testcase name="TestALotOfAdding" classname="LocalCMCTests" time="0.0"/>
  <testcase name="TestALotOfAdding" classname="LocalCMCTests" time="0.0"/>
  <testcase name="TestALotOfAdding" classname="LocalCMCTests" time="0.001"/>
  <testcase name="TestALotOfAdding" classname="LocalCMCTests" time="0.002"/>
  <testcase name="TestALotOfAdding" classname="LocalCMCTests" time="0.002"/>
  <testcase name="TestALotOfAdding" classname="LocalCMCTests" time="0.0"/>
  <testcase name="TestALotOfAdding" classname="LocalCMCTests" time="0.002"/>
  <testcase name="TestALotOfAdding" classname="LocalCMCTests" time="0.0"/>
  <testcase name="TestALotOfAdding" classname="LocalCMCTests" time="0.001"/>
  <testcase name="TestALotOfAdding" classname="LocalCMCTests" time="0.001"/>
  <testcase name="TestALotOfAdding" classname="LocalCMCTests" time="0.001"/>
  <testcase name="TestALotOfAdding" classname="LocalCMCTests" time="0.001"/>
  <testcase name="TestALotOfAdding" classname="LocalCMCTests" time="0.0"/>
  <testcase name="TestALotOfAdding" classname="LocalCMCTests" time="0.0"/>
  <testcase name="TestALotOfAdding" classname="LocalCMCTests" time="0.0"/>
  <testcase name="TestALotOfAdding" classname="LocalCMCTests" time="0.0"/>
  <testcase name="TestALotOfAdding" classname="LocalCMCTests" time="0.0"/>
  <testcase name="TestALotOfAdding" classname="LocalCMCTests" time="0.001"/>
  <testcase name="TestALotOfAdding" classname="LocalCMCTests" time="0.001"/>
  <testcase name="TestALotOfAdding" classname="LocalCMCTests" time="0.001"/>
  <testcase name="TestALotOfAdding" classname="LocalCMCTests" time="0.001"/>
  <testcase name="TestALotOfAdding" classname="LocalCMCTests" time="0.001"/>
  <testcase name="TestALotOfAdding" classname="LocalCMCTests" time="0.0"/>
  <testcase name="TestALotOfAdding" classname="LocalCMCTests" time="0.001"/>
  <testcase name="TestALotOfAdding" classname="LocalCMCTests" time="0.0"/>
  <testcase name="TestALotOfAdding" classname="LocalCMCTests" time="0.001"/>
  <testcase name="TestALotOfAdding" classname="LocalCMCTests" time="0.002"/>
  <testcase name="TestALotOfAdding" classname="LocalCMCTests" time="0.0"/>
  <testcase name="TestALotOfAdding" classname="LocalCMCTests" time="0.001"/>
  <testcase name="TestALotOfAdding" classname="LocalCMCTests" time="0.0"/>
  <testcase name="TestALotOfAdding" classname="LocalCMCTests" time="0.001"/>
  <testcase name="TestALotOfAdding" classname="LocalCMCTests" time="0.0"/>
  <testcase name="TestALotOfAdding" classname="LocalCMCTests" time="0.001"/>
  <testcase name="TestALotOfAdding" classname="LocalCMCTests" time="0.001"/>
  <testcase name="TestALotOfAdding" classname="LocalCMCTests" time="0.001"/>
  <testcase name="TestALotOfAdding" classname="LocalCMCTests" time="0.001"/>
  <testcase name="TestALotOfAdding" classname="LocalCMCTests" time="0.001"/>
  <testcase name="TestALotOfAdding" classname="LocalCMCTests" time="0.0"/>
  <testcase name="TestALotOfAdding" classname="LocalCMCTests" time="0.001"/>
  <testcase name="TestALotOfAdding" classname="LocalCMCTests" time="0.002"/>
  <testcase name="TestALotOfAdding" classname="LocalCMCTests" time="0.001"/>
  <testcase name="TestALotOfAdding" classname="LocalCMCTests" time="0.001"/>
  <testcase name="TestALotOfAdding" classname="LocalCMCTests" time="0.001"/>
  <testcase name="TestALotOfAdding" classname="LocalCMCTests" time="0.0"/>
  <testcase name="TestALotOfAdding" classname="LocalCMCTests" time="0.0"/>
  <testcase name="TestALotOfAdding" classname="LocalCMCTests" time="0.0"/>
  <testcase name="TestALotOfAdding" classname="LocalCMCTests" time="0.0"/>
  <testcase name="TestALotOfAdding" classname="LocalCMCTests" time="0.0"/>
  <testcase name="TestALotOfAdding" classname="LocalCMCTests" time="0.001"/>
  <testcase name="TestALotOfAdding" classname="LocalCMCTests" time="0.001"/>
  <testcase name="TestALotOfAdding" classname="LocalCMCTests" time="0.0"/>
  <testcase name="TestALotOfAdding" classname="LocalCMCTests" time="0.0"/>
  <testcase name="TestALotOfAdding" classname="LocalCMCTests" time="0.001"/>
  <testcase name="TestALotOfAdding" classname="LocalCMCTests" time="0.001"/>
  <testcase name="TestALotOfAdding" classname="LocalCMCTests" time="0.001"/>
  <testcase name="TestALotOfAdding" classname="LocalCMCTests" time="0.002"/>
  <testcase name="TestALotOfAdding" classname="LocalCMCTests" time="0.002"/>
  <testcase name="TestALotOfAdding" classname="LocalCMCTests" time="0.001"/>
  <testcase name="TestALotOfAdding" classname="LocalCMCTests" time="0.001"/>
  <testcase name="TestALotOfAdding" classname="LocalCMCTests" time="0.0"/>
  <testcase name="TestALotOfAdding" classname="LocalCMCTests" time="0.002"/>
  <testcase name="TestALotOfAdding" classname="LocalCMCTests" time="0.001"/>
  <testcase name="TestALotOfAdding" classname="LocalCMCTests" time="0.0"/>
  <testcase name="TestALotOfAdding" classname="LocalCMCTests" time="0.001"/>
  <testcase name="TestALotOfAdding" classname="LocalCMCTests" time="0.002"/>
  <testcase name="TestALotOfAdding" classname="LocalCMCTests" time="0.001"/>
  <testcase name="TestALotOfAdding" classname="LocalCMCTests" time="0.0"/>
  <testcase name="TestALotOfAdding" classname="LocalCMCTests" time="0.0"/>
  <testcase name="TestALotOfAdding" classname="LocalCMCTests" time="0.001"/>
  <testcase name="TestALotOfAdding" classname="LocalCMCTests" time="0.001"/>
  <testcase name="TestALotOfAdding" classname="LocalCMCTests" time="0.001"/>
  <testcase name="TestALotOfAdding" classname="LocalCMCTests" time="0.001"/>
  <testcase name="TestALotOfAdding" classname="LocalCMCTests" time="0.003"/>
  <testcase name="TestALotOfAdding" classname="LocalCMCTests" time="0.0"/>
  <testcase name="TestALotOfAdding" classname="LocalCMCTests" time="0.0"/>
  <testcase name="TestALotOfAdding" classname="LocalCMCTests" time="0.0"/>
  <testcase name="TestALotOfAdding" classname="LocalCMCTests" time="0.0"/>
  <testcase name="TestALotOfAdding" classname="LocalCMCTests" time="0.001"/>
  <testcase name="TestALotOfAdding" classname="LocalCMCTests" time="0.0"/>
  <testcase name="TestALotOfAdding" classname="LocalCMCTests" time="0.001"/>
  <testcase name="TestALotOfAdding" classname="LocalCMCTests" time="0.0"/>
  <testcase name="TestALotOfAdding" classname="LocalCMCTests" time="0.001"/>
  <testcase name="TestALotOfAdding" classname="LocalCMCTests" time="0.0"/>
  <testcase name="TestALotOfAdding" classname="LocalCMCTests" time="0.0"/>
  <testcase name="TestALotOfAdding" classname="LocalCMCTests" time="0.001"/>
  <testcase name="TestALotOfAdding" classname="LocalCMCTests" time="0.0"/>
  <testcase name="TestALotOfAdding" classname="LocalCMCTests" time="0.001"/>
  <testcase name="TestALotOfAdding" classname="LocalCMCTests" time="0.001"/>
  <testcase name="TestALotOfAdding" classname="LocalCMCTests" time="0.001"/>
  <testcase name="TestALotOfAdding" classname="LocalCMCTests" time="0.001"/>
  <testcase name="TestALotOfAdding" classname="LocalCMCTests" time="0.001"/>
  <testcase name="TestALotOfAdding" classname="LocalCMCTests" time="0.0"/>
  <testcase name="TestALotOfAdding" classname="LocalCMCTests" time="0.0"/>
  <testcase name="TestALotOfAdding" classname="LocalCMCTests" time="0.0"/>
  <testcase name="TestALotOfAdding" classname="LocalCMCTests" time="0.001"/>
  <testcase name="TestALotOfAdding" classname="LocalCMCTests" time="0.0"/>
  <testcase name="TestALotOfAdding" classname="LocalCMCTests" time="0.003"/>
  <testcase name="TestALotOfAdding" classname="LocalCMCTests" time="0.001"/>
  <testcase name="TestALotOfAdding" classname="LocalCMCTests" time="0.0"/>
  <testcase name="TestALotOfAdding" classname="LocalCMCTests" time="0.0"/>
  <testcase name="TestALotOfAdding" classname="LocalCMCTests" time="0.003"/>
  <testcase name="TestALotOfAdding" classname="LocalCMCTests" time="0.002"/>
  <testcase name="TestALotOfAdding" classname="LocalCMCTests" time="0.0"/>
  <testcase name="TestALotOfAdding" classname="LocalCMCTests" time="0.0"/>
  <testcase name="TestALotOfAdding" classname="LocalCMCTests" time="0.001"/>
  <testcase name="TestALotOfAdding" classname="LocalCMCTests" time="0.0"/>
  <testcase name="TestALotOfAdding" classname="LocalCMCTests" time="0.002"/>
  <testcase name="TestALotOfAdding" classname="LocalCMCTests" time="0.0"/>
  <testcase name="TestALotOfAdding" classname="LocalCMCTests" time="0.002"/>
  <testcase name="TestALotOfAdding" classname="LocalCMCTests" time="0.001"/>
  <testcase name="TestALotOfAdding" classname="LocalCMCTests" time="0.001"/>
  <testcase name="TestALotOfAdding" classname="LocalCMCTests" time="0.0"/>
  <testcase name="TestALotOfAdding" classname="LocalCMCTests" time="0.001"/>
  <testcase name="TestALotOfAdding" classname="LocalCMCTests" time="0.001"/>
  <testcase name="TestALotOfAdding" classname="LocalCMCTests" time="0.0"/>
  <testcase name="TestALotOfAdding" classname="LocalCMCTests" time="0.0"/>
  <testcase name="TestALotOfAdding" classname="LocalCMCTests" time="0.0"/>
  <testcase name="TestALotOfAdding" classname="LocalCMCTests" time="0.0"/>
  <testcase name="TestALotOfAdding" classname="LocalCMCTests" time="0.002"/>
  <testcase name="TestALotOfAdding" classname="LocalCMCTests" time="0.002"/>
  <testcase name="TestALotOfAdding" classname="LocalCMCTests" time="0.0"/>
  <testcase name="TestALotOfAdding" classname="LocalCMCTests" time="0.001"/>
  <testcase name="TestALotOfAdding" classname="LocalCMCTests" time="0.001"/>
  <testcase name="TestALotOfAdding" classname="LocalCMCTests" time="0.0"/>
  <testcase name="TestALotOfAdding" classname="LocalCMCTests" time="0.001"/>
  <testcase name="TestALotOfAdding" classname="LocalCMCTests" time="0.0"/>
  <testcase name="TestALotOfAdding" classname="LocalCMCTests" time="0.001"/>
  <testcase name="TestALotOfAdding" classname="LocalCMCTests" time="0.002"/>
  <testcase name="TestALotOfAdding" classname="LocalCMCTests" time="0.002"/>
  <testcase name="TestALotOfAdding" classname="LocalCMCTests" time="0.0"/>
  <testcase name="TestALotOfAdding" classname="LocalCMCTests" time="0.0"/>
  <testcase name="TestALotOfAdding" classname="LocalCMCTests" time="0.0"/>
  <testcase name="TestALotOfAdding" classname="LocalCMCTests" time="0.0"/>
  <testcase name="TestALotOfAdding" classname="LocalCMCTests" time="0.001"/>
  <testcase name="TestALotOfAdding" classname="LocalCMCTests" time="0.0"/>
  <testcase name="TestALotOfAdding" classname="LocalCMCTests" time="0.0"/>
  <testcase name="TestALotOfAdding" classname="LocalCMCTests" time="0.001"/>
  <testcase name="TestALotOfAdding" classname="LocalCMCTests" time="0.0"/>
  <testcase name="TestALotOfAdding" classname="LocalCMCTests" time="0.0"/>
  <testcase name="TestALotOfAdding" classname="LocalCMCTests" time="0.0"/>
  <testcase name="TestALotOfAdding" classname="LocalCMCTests" time="0.001"/>
  <testcase name="TestALotOfAdding" classname="LocalCMCTests" time="0.001"/>
  <testcase name="TestALotOfAdding" classname="LocalCMCTests" time="0.001"/>
  <testcase name="TestALotOfAdding" classname="LocalCMCTests" time="0.001"/>
  <testcase name="TestALotOfAdding" classname="LocalCMCTests" time="0.0"/>
  <testcase name="TestALotOfAdding" classname="LocalCMCTests" time="0.0"/>
  <testcase name="TestALotOfAdding" classname="LocalCMCTests" time="0.001"/>
  <testcase name="TestALotOfAdding" classname="LocalCMCTests" time="0.0"/>
  <testcase name="TestALotOfAdding" classname="LocalCMCTests" time="0.001"/>
  <testcase name="TestALotOfAdding" classname="LocalCMCTests" time="0.001"/>
  <testcase name="TestALotOfAdding" classname="LocalCMCTests" time="0.0"/>
  <testcase name="TestALotOfAdding" classname="LocalCMCTests" time="0.002"/>
  <testcase name="TestALotOfAdding" classname="LocalCMCTests" time="0.001"/>
  <testcase name="TestALotOfAdding" classname="LocalCMCTests" time="0.0"/>
  <testcase name="TestALotOfAdding" classname="LocalCMCTests" time="0.002"/>
  <testcase name="TestALotOfAdding" classname="LocalCMCTests" time="0.001"/>
  <testcase name="TestALotOfAdding" classname="LocalCMCTests" time="0.001"/>
  <testcase name="TestALotOfAdding" classname="LocalCMCTests" time="0.0"/>
  <testcase name="TestALotOfAdding" classname="LocalCMCTests" time="0.0"/>
  <testcase name="TestALotOfAdding" classname="LocalCMCTests" time="0.001"/>
  <testcase name="TestALotOfAdding" classname="LocalCMCTests" time="0.001"/>
  <testcase name="TestALotOfAdding" classname="LocalCMCTests" time="0.001"/>
  <testcase name="TestALotOfAdding" classname="LocalCMCTests" time="0.001"/>
  <testcase name="TestALotOfAdding" classname="LocalCMCTests" time="0.0"/>
  <testcase name="TestALotOfAdding" classname="LocalCMCTests" time="0.0"/>
  <testcase name="TestALotOfAdding" classname="LocalCMCTests" time="0.0"/>
  <testcase name="TestALotOfAdding" classname="LocalCMCTests" time="0.001"/>
  <testcase name="TestALotOfAdding" classname="LocalCMCTests" time="0.0"/>
  <testcase name="TestALotOfAdding" classname="LocalCMCTests" time="0.001"/>
  <testcase name="TestALotOfAdding" classname="LocalCMCTests" time="0.002"/>
  <testcase name="TestALotOfAdding" classname="LocalCMCTests" time="0.001"/>
  <testcase name="TestALotOfAdding" classname="LocalCMCTests" time="0.0"/>
  <testcase name="TestALotOfAdding" classname="LocalCMCTests" time="0.0"/>
  <testcase name="TestALotOfAdding" classname="LocalCMCTests" time="0.0"/>
  <testcase name="TestALotOfAdding" classname="LocalCMCTests" time="0.0"/>
  <testcase name="TestALotOfAdding" classname="LocalCMCTests" time="0.001"/>
  <testcase name="TestALotOfAdding" classname="LocalCMCTests" time="0.001"/>
  <testcase name="TestALotOfAdding" classname="LocalCMCTests" time="0.001"/>
  <testcase name="TestALotOfAdding" classname="LocalCMCTests" time="0.001"/>
  <testcase name="TestALotOfAdding" classname="LocalCMCTests" time="0.0"/>
  <testcase name="TestALotOfAdding" classname="LocalCMCTests" time="0.0"/>
  <testcase name="TestALotOfAdding" classname="LocalCMCTests" time="0.001"/>
  <testcase name="TestALotOfAdding" classname="LocalCMCTests" time="0.001"/>
  <testcase name="TestALotOfAdding" classname="LocalCMCTests" time="0.001"/>
  <testcase name="TestALotOfAdding" classname="LocalCMCTests" time="0.0"/>
  <testcase name="TestALotOfAdding" classname="LocalCMCTests" time="0.001"/>
  <testcase name="TestALotOfAdding" classname="LocalCMCTests" time="0.003"/>
  <testcase name="TestALotOfAdding" classname="LocalCMCTests" time="0.003"/>
  <testcase name="TestALotOfAdding" classname="LocalCMCTests" time="0.001"/>
  <testcase name="TestALotOfAdding" classname="LocalCMCTests" time="0.001"/>
  <testcase name="TestALotOfAdding" classname="LocalCMCTests" time="0.001"/>
  <testcase name="TestALotOfAdding" classname="LocalCMCTests" time="0.0"/>
  <testcase name="TestALotOfAdding" classname="LocalCMCTests" time="0.0"/>
  <testcase name="TestALotOfAdding" classname="LocalCMCTests" time="0.0"/>
  <testcase name="TestALotOfAdding" classname="LocalCMCTests" time="0.0"/>
  <testcase name="TestALotOfAdding" classname="LocalCMCTests" time="0.001"/>
  <testcase name="TestALotOfAdding" classname="LocalCMCTests" time="0.001"/>
  <testcase name="TestALotOfAdding" classname="LocalCMCTests" time="0.001"/>
  <testcase name="TestALotOfAdding" classname="LocalCMCTests" time="0.001"/>
  <testcase name="TestALotOfAdding" classname="LocalCMCTests" time="0.0"/>
  <testcase name="TestALotOfAdding" classname="LocalCMCTests" time="0.001"/>
  <testcase name="TestALotOfAdding" classname="LocalCMCTests" time="0.0"/>
  <testcase name="TestALotOfAdding" classname="LocalCMCTests" time="0.001"/>
  <testcase name="TestALotOfAdding" classname="LocalCMCTests" time="0.0"/>
  <testcase name="TestALotOfAdding" classname="LocalCMCTests" time="0.0"/>
  <testcase name="TestALotOfAdding" classname="LocalCMCTests" time="0.0"/>
  <testcase name="TestALotOfAdding" classname="LocalCMCTests" time="0.0"/>
  <testcase name="TestALotOfAdding" classname="LocalCMCTests" time="0.001"/>
  <testcase name="TestALotOfAdding" classname="LocalCMCTests" time="0.001"/>
  <testcase name="TestALotOfAdding" classname="LocalCMCTests" time="0.0"/>
  <testcase name="TestALotOfAdding" classname="LocalCMCTests" time="0.001"/>
  <testcase name="TestALotOfAdding" classname="LocalCMCTests" time="0.001"/>
  <testcase name="TestALotOfAdding" classname="LocalCMCTests" time="0.001"/>
  <testcase name="TestALotOfAdding" classname="LocalCMCTests" time="0.001"/>
  <testcase name="TestALotOfAdding" classname="LocalCMCTests" time="0.0"/>
  <testcase name="TestALotOfAdding" classname="LocalCMCTests" time="0.001"/>
  <testcase name="TestALotOfAdding" classname="LocalCMCTests" time="0.001"/>
  <testcase name="TestALotOfAdding" classname="LocalCMCTests" time="0.001"/>
  <testcase name="TestALotOfAdding" classname="LocalCMCTests" time="0.0"/>
  <testcase name="TestALotOfAdding" classname="LocalCMCTests" time="0.0"/>
  <testcase name="TestALotOfAdding" classname="LocalCMCTests" time="0.0"/>
  <testcase name="TestALotOfAdding" classname="LocalCMCTests" time="0.001"/>
  <testcase name="TestALotOfAdding" classname="LocalCMCTests" time="0.0"/>
  <testcase name="TestALotOfAdding" classname="LocalCMCTests" time="0.0"/>
  <testcase name="TestALotOfAdding" classname="LocalCMCTests" time="0.001"/>
  <testcase name="TestALotOfAdding" classname="LocalCMCTests" time="0.003"/>
  <testcase name="TestALotOfAdding" classname="LocalCMCTests" time="0.001"/>
  <testcase name="TestALotOfAdding" classname="LocalCMCTests" time="0.0"/>
  <testcase name="TestALotOfAdding" classname="LocalCMCTests" time="0.001"/>
  <testcase name="TestALotOfAdding" classname="LocalCMCTests" time="0.0"/>
  <testcase name="TestALotOfAdding" classname="LocalCMCTests" time="0.001"/>
  <testcase name="TestALotOfAdding" classname="LocalCMCTests" time="0.0"/>
  <testcase name="TestALotOfAdding" classname="LocalCMCTests" time="0.001"/>
  <testcase name="TestALotOfAdding" classname="LocalCMCTests" time="0.001"/>
  <testcase name="TestALotOfAdding" classname="LocalCMCTests" time="0.001"/>
  <testcase name="TestALotOfAdding" classname="LocalCMCTests" time="0.001"/>
  <testcase name="TestALotOfAdding" classname="LocalCMCTests" time="0.0"/>
  <testcase name="TestALotOfAdding" classname="LocalCMCTests" time="0.001"/>
  <testcase name="TestALotOfAdding" classname="LocalCMCTests" time="0.001"/>
  <testcase name="TestALotOfAdding" classname="LocalCMCTests" time="0.001"/>
  <testcase name="TestALotOfAdding" classname="LocalCMCTests" time="0.0"/>
  <testcase name="TestALotOfAdding" classname="LocalCMCTests" time="0.001"/>
  <testcase name="TestALotOfAdding" classname="LocalCMCTests" time="0.001"/>
  <testcase name="TestALotOfAdding" classname="LocalCMCTests" time="0.0"/>
  <testcase name="TestALotOfAdding" classname="LocalCMCTests" time="0.001"/>
  <testcase name="TestALotOfAdding" classname="LocalCMCTests" time="0.0"/>
  <testcase name="TestALotOfAdding" classname="LocalCMCTests" time="0.002"/>
  <testcase name="TestALotOfAdding" classname="LocalCMCTests" time="0.002"/>
  <testcase name="TestALotOfAdding" classname="LocalCMCTests" time="0.002"/>
  <testcase name="TestALotOfAdding" classname="LocalCMCTests" time="0.0"/>
  <testcase name="TestALotOfAdding" classname="LocalCMCTests" time="0.002"/>
  <testcase name="TestALotOfAdding" classname="LocalCMCTests" time="0.0"/>
  <testcase name="TestALotOfAdding" classname="LocalCMCTests" time="0.0"/>
  <testcase name="TestALotOfAdding" classname="LocalCMCTests" time="0.001"/>
  <testcase name="TestALotOfAdding" classname="LocalCMCTests" time="0.001"/>
  <testcase name="TestALotOfAdding" classname="LocalCMCTests" time="0.001"/>
  <testcase name="TestALotOfAdding" classname="LocalCMCTests" time="0.001"/>
  <testcase name="TestALotOfAdding" classname="LocalCMCTests" time="0.0"/>
  <testcase name="TestALotOfAdding" classname="LocalCMCTests" time="0.001"/>
  <testcase name="TestALotOfAdding" classname="LocalCMCTests" time="0.0"/>
  <testcase name="TestALotOfAdding" classname="LocalCMCTests" time="0.0"/>
  <testcase name="TestALotOfAdding" classname="LocalCMCTests" time="0.0"/>
  <testcase name="TestALotOfAdding" classname="LocalCMCTests" time="0.0"/>
  <testcase name="TestALotOfAdding" classname="LocalCMCTests" time="0.001"/>
  <testcase name="TestALotOfAdding" classname="LocalCMCTests" time="0.0"/>
  <testcase name="TestALotOfAdding" classname="LocalCMCTests" time="0.001"/>
  <testcase name="TestALotOfAdding" classname="LocalCMCTests" time="0.0"/>
  <testcase name="TestALotOfAdding" classname="LocalCMCTests" time="0.001"/>
  <testcase name="TestALotOfAdding" classname="LocalCMCTests" time="0.0"/>
  <testcase name="TestALotOfAdding" classname="LocalCMCTests" time="0.0"/>
  <testcase name="TestALotOfAdding" classname="LocalCMCTests" time="0.001"/>
  <testcase name="TestALotOfAdding" classname="LocalCMCTests" time="0.001"/>
  <testcase name="TestALotOfAdding" classname="LocalCMCTests" time="0.001"/>
  <testcase name="TestALotOfAdding" classname="LocalCMCTests" time="0.001"/>
  <testcase name="TestALotOfAdding" classname="LocalCMCTests" time="0.001"/>
  <testcase name="TestALotOfAdding" classname="LocalCMCTests" time="0.002"/>
  <testcase name="TestALotOfAdding" classname="LocalCMCTests" time="0.001"/>
  <testcase name="TestALotOfAdding" classname="LocalCMCTests" time="0.0"/>
  <testcase name="TestALotOfAdding" classname="LocalCMCTests" time="0.002"/>
  <testcase name="TestALotOfAdding" classname="LocalCMCTests" time="0.002"/>
  <testcase name="TestALotOfAdding" classname="LocalCMCTests" time="0.001"/>
  <testcase name="TestALotOfAdding" classname="LocalCMCTests" time="0.0"/>
  <testcase name="TestALotOfAdding" classname="LocalCMCTests" time="0.001"/>
  <testcase name="TestALotOfAdding" classname="LocalCMCTests" time="0.001"/>
  <testcase name="TestALotOfAdding" classname="LocalCMCTests" time="0.0"/>
  <testcase name="TestALotOfAdding" classname="LocalCMCTests" time="0.002"/>
  <testcase name="TestALotOfAdding" classname="LocalCMCTests" time="0.001"/>
  <testcase name="TestALotOfAdding" classname="LocalCMCTests" time="0.0"/>
  <testcase name="TestALotOfAdding" classname="LocalCMCTests" time="0.001"/>
  <testcase name="TestALotOfAdding" classname="LocalCMCTests" time="0.001"/>
  <testcase name="TestALotOfAdding" classname="LocalCMCTests" time="0.0"/>
  <testcase name="TestALotOfAdding" classname="LocalCMCTests" time="0.001"/>
  <testcase name="TestALotOfAdding" classname="LocalCMCTests" time="0.001"/>
  <testcase name="TestALotOfAdding" classname="LocalCMCTests" time="0.001"/>
  <testcase name="TestALotOfAdding" classname="LocalCMCTests" time="0.001"/>
  <testcase name="TestALotOfAdding" classname="LocalCMCTests" time="0.0"/>
  <testcase name="TestALotOfAdding" classname="LocalCMCTests" time="0.001"/>
  <testcase name="TestALotOfAdding" classname="LocalCMCTests" time="0.0"/>
  <testcase name="TestALotOfAdding" classname="LocalCMCTests" time="0.0"/>
  <testcase name="TestALotOfAdding" classname="LocalCMCTests" time="0.0"/>
  <testcase name="TestALotOfAdding" classname="LocalCMCTests" time="0.001"/>
  <testcase name="TestALotOfAdding" classname="LocalCMCTests" time="0.0"/>
  <testcase name="TestALotOfAdding" classname="LocalCMCTests" time="0.001"/>
  <testcase name="TestALotOfAdding" classname="LocalCMCTests" time="0.001"/>
  <testcase name="TestALotOfAdding" classname="LocalCMCTests" time="0.001"/>
  <testcase name="TestALotOfAdding" classname="LocalCMCTests" time="0.001"/>
  <testcase name="TestALotOfAdding" classname="LocalCMCTests" time="0.0"/>
  <testcase name="TestALotOfAdding" classname="LocalCMCTests" time="0.001"/>
  <testcase name="TestALotOfAdding" classname="LocalCMCTests" time="0.001"/>
  <testcase name="TestALotOfAdding" classname="LocalCMCTests" time="0.001"/>
  <testcase name="TestALotOfAdding" classname="LocalCMCTests" time="0.001"/>
  <testcase name="TestALotOfAdding" classname="LocalCMCTests" time="0.0"/>
  <testcase name="TestALotOfAdding" classname="LocalCMCTests" time="0.002"/>
  <testcase name="TestALotOfAdding" classname="LocalCMCTests" time="0.0"/>
  <testcase name="TestALotOfAdding" classname="LocalCMCTests" time="0.0"/>
  <testcase name="TestALotOfAdding" classname="LocalCMCTests" time="0.001"/>
  <testcase name="TestALotOfAdding" classname="LocalCMCTests" time="0.001"/>
  <testcase name="TestALotOfAdding" classname="LocalCMCTests" time="0.002"/>
  <testcase name="TestALotOfAdding" classname="LocalCMCTests" time="0.001"/>
  <testcase name="TestALotOfAdding" classname="LocalCMCTests" time="0.0"/>
  <testcase name="TestALotOfAdding" classname="LocalCMCTests" time="0.001"/>
  <testcase name="TestALotOfAdding" classname="LocalCMCTests" time="0.0"/>
  <testcase name="TestALotOfAdding" classname="LocalCMCTests" time="0.0"/>
  <testcase name="TestALotOfAdding" classname="LocalCMCTests" time="0.001"/>
  <testcase name="TestALotOfAdding" classname="LocalCMCTests" time="0.001"/>
  <testcase name="TestALotOfAdding" classname="LocalCMCTests" time="0.0"/>
  <testcase name="TestALotOfAdding" classname="LocalCMCTests" time="0.0"/>
  <testcase name="TestALotOfAdding" classname="LocalCMCTests" time="0.0"/>
  <testcase name="TestALotOfAdding" classname="LocalCMCTests" time="0.001"/>
  <testcase name="TestALotOfAdding" classname="LocalCMCTests" time="0.001"/>
  <testcase name="TestALotOfAdding" classname="LocalCMCTests" time="0.001"/>
  <testcase name="TestALotOfAdding" classname="LocalCMCTests" time="0.001"/>
  <testcase name="TestALotOfAdding" classname="LocalCMCTests" time="0.001"/>
  <testcase name="TestALotOfAdding" classname="LocalCMCTests" time="0.001"/>
  <testcase name="TestALotOfAdding" classname="LocalCMCTests" time="0.001"/>
  <testcase name="TestALotOfAdding" classname="LocalCMCTests" time="0.0"/>
  <testcase name="TestALotOfAdding" classname="LocalCMCTests" time="0.001"/>
  <testcase name="TestALotOfAdding" classname="LocalCMCTests" time="0.0"/>
  <testcase name="TestALotOfAdding" classname="LocalCMCTests" time="0.002"/>
  <testcase name="TestALotOfAdding" classname="LocalCMCTests" time="0.001"/>
  <testcase name="TestALotOfAdding" classname="LocalCMCTests" time="0.0"/>
  <testcase name="TestALotOfAdding" classname="LocalCMCTests" time="0.0"/>
  <testcase name="TestALotOfAdding" classname="LocalCMCTests" time="0.0"/>
  <testcase name="TestALotOfAdding" classname="LocalCMCTests" time="0.0"/>
  <testcase name="TestALotOfAdding" classname="LocalCMCTests" time="0.0"/>
  <testcase name="TestALotOfAdding" classname="LocalCMCTests" time="0.001"/>
  <testcase name="TestALotOfAdding" classname="LocalCMCTests" time="0.002"/>
  <testcase name="TestALotOfAdding" classname="LocalCMCTests" time="0.002"/>
  <testcase name="TestALotOfAdding" classname="LocalCMCTests" time="0.001"/>
  <testcase name="TestALotOfAdding" classname="LocalCMCTests" time="0.0"/>
  <testcase name="TestALotOfAdding" classname="LocalCMCTests" time="0.001"/>
  <testcase name="TestALotOfAdding" classname="LocalCMCTests" time="0.001"/>
  <testcase name="TestALotOfAdding" classname="LocalCMCTests" time="0.001"/>
  <testcase name="TestALotOfAdding" classname="LocalCMCTests" time="0.001"/>
  <testcase name="TestALotOfAdding" classname="LocalCMCTests" time="0.001"/>
  <testcase name="TestALotOfAdding" classname="LocalCMCTests" time="0.0"/>
  <testcase name="TestALotOfAdding" classname="LocalCMCTests" time="0.0"/>
  <testcase name="TestALotOfAdding" classname="LocalCMCTests" time="0.0"/>
  <testcase name="TestALotOfAdding" classname="LocalCMCTests" time="0.001"/>
  <testcase name="TestALotOfAdding" classname="LocalCMCTests" time="0.0"/>
  <testcase name="TestALotOfAdding" classname="LocalCMCTests" time="0.0"/>
  <testcase name="TestALotOfAdding" classname="LocalCMCTests" time="0.001"/>
  <testcase name="TestALotOfAdding" classname="LocalCMCTests" time="0.0"/>
  <testcase name="TestALotOfAdding" classname="LocalCMCTests" time="0.001"/>
  <testcase name="TestALotOfAdding" classname="LocalCMCTests" time="0.001"/>
  <testcase name="TestALotOfAdding" classname="LocalCMCTests" time="0.001"/>
  <testcase name="TestALotOfAdding" classname="LocalCMCTests" time="0.001"/>
  <testcase name="TestALotOfAdding" classname="LocalCMCTests" time="0.0"/>
  <testcase name="TestALotOfAdding" classname="LocalCMCTests" time="0.001"/>
  <testcase name="TestALotOfAdding" classname="LocalCMCTests" time="0.0"/>
  <testcase name="TestALotOfAdding" classname="LocalCMCTests" time="0.0"/>
  <testcase name="TestALotOfAdding" classname="LocalCMCTests" time="0.001"/>
  <testcase name="TestALotOfAdding" classname="LocalCMCTests" time="0.0"/>
  <testcase name="TestALotOfAdding" classname="LocalCMCTests" time="0.0"/>
  <testcase name="TestALotOfAdding" classname="LocalCMCTests" time="0.0"/>
  <testcase name="TestALotOfAdding" classname="LocalCMCTests" time="0.0"/>
  <testcase name="TestALotOfAdding" classname="LocalCMCTests" time="0.0"/>
  <testcase name="TestALotOfAdding" classname="LocalCMCTests" time="0.0"/>
  <testcase name="TestALotOfAdding" classname="LocalCMCTests" time="0.001"/>
  <testcase name="TestALotOfAdding" classname="LocalCMCTests" time="0.001"/>
  <testcase name="TestALotOfAdding" classname="LocalCMCTests" time="0.0"/>
  <testcase name="TestALotOfAdding" classname="LocalCMCTests" time="0.001"/>
  <testcase name="TestALotOfAdding" classname="LocalCMCTests" time="0.002"/>
  <testcase name="TestALotOfAdding" classname="LocalCMCTests" time="0.001"/>
  <testcase name="TestALotOfAdding" classname="LocalCMCTests" time="0.0"/>
  <testcase name="TestALotOfAdding" classname="LocalCMCTests" time="0.0"/>
  <testcase name="TestALotOfAdding" classname="LocalCMCTests" time="0.001"/>
  <testcase name="TestALotOfAdding" classname="LocalCMCTests" time="0.0"/>
  <testcase name="TestALotOfAdding" classname="LocalCMCTests" time="0.001"/>
  <testcase name="TestALotOfAdding" classname="LocalCMCTests" time="0.001"/>
  <testcase name="TestALotOfAdding" classname="LocalCMCTests" time="0.0"/>
  <testcase name="TestALotOfAdding" classname="LocalCMCTests" time="0.0"/>
  <testcase name="TestALotOfAdding" classname="LocalCMCTests" time="0.001"/>
  <testcase name="TestALotOfAdding" classname="LocalCMCTests" time="0.002"/>
  <testcase name="TestALotOfAdding" classname="LocalCMCTests" time="0.0"/>
  <testcase name="TestALotOfAdding" classname="LocalCMCTests" time="0.001"/>
  <testcase name="TestALotOfAdding" classname="LocalCMCTests" time="0.001"/>
  <testcase name="TestALotOfAdding" classname="LocalCMCTests" time="0.0"/>
  <testcase name="TestALotOfAdding" classname="LocalCMCTests" time="0.001"/>
  <testcase name="TestALotOfAdding" classname="LocalCMCTests" time="0.0"/>
  <testcase name="TestALotOfAdding" classname="LocalCMCTests" time="0.001"/>
  <testcase name="TestALotOfAdding" classname="LocalCMCTests" time="0.001"/>
  <testcase name="TestALotOfAdding" classname="LocalCMCTests" time="0.001"/>
  <testcase name="TestALotOfAdding" classname="LocalCMCTests" time="0.0"/>
  <testcase name="TestALotOfAdding" classname="LocalCMCTests" time="0.001"/>
  <testcase name="TestALotOfAdding" classname="LocalCMCTests" time="0.002"/>
  <testcase name="TestALotOfAdding" classname="LocalCMCTests" time="0.0"/>
  <testcase name="TestALotOfAdding" classname="LocalCMCTests" time="0.001"/>
  <testcase name="TestALotOfAdding" classname="LocalCMCTests" time="0.002"/>
  <testcase name="TestALotOfAdding" classname="LocalCMCTests" time="0.001"/>
  <testcase name="TestALotOfAdding" classname="LocalCMCTests" time="0.0"/>
  <testcase name="TestALotOfAdding" classname="LocalCMCTests" time="0.0"/>
  <testcase name="TestALotOfAdding" classname="LocalCMCTests" time="0.0"/>
  <testcase name="TestALotOfAdding" classname="LocalCMCTests" time="0.001"/>
  <testcase name="TestALotOfAdding" classname="LocalCMCTests" time="0.001"/>
  <testcase name="TestALotOfAdding" classname="LocalCMCTests" time="0.002"/>
  <testcase name="TestALotOfAdding" classname="LocalCMCTests" time="0.002"/>
  <testcase name="TestALotOfAdding" classname="LocalCMCTests" time="0.001"/>
  <testcase name="TestALotOfAdding" classname="LocalCMCTests" time="0.001"/>
  <testcase name="TestALotOfAdding" classname="LocalCMCTests" time="0.001"/>
  <testcase name="TestALotOfAdding" classname="LocalCMCTests" time="0.0"/>
  <testcase name="TestALotOfAdding" classname="LocalCMCTests" time="0.001"/>
  <testcase name="TestALotOfAdding" classname="LocalCMCTests" time="0.002"/>
  <testcase name="TestALotOfAdding" classname="LocalCMCTests" time="0.0"/>
  <testcase name="TestALotOfAdding" classname="LocalCMCTests" time="0.001"/>
  <testcase name="TestALotOfAdding" classname="LocalCMCTests" time="0.0"/>
  <testcase name="TestALotOfAdding" classname="LocalCMCTests" time="0.0"/>
  <testcase name="TestALotOfAdding" classname="LocalCMCTests" time="0.0"/>
  <testcase name="TestALotOfAdding" classname="LocalCMCTests" time="0.0"/>
  <testcase name="TestALotOfAdding" classname="LocalCMCTests" time="0.0"/>
  <testcase name="TestALotOfAdding" classname="LocalCMCTests" time="0.0"/>
  <testcase name="TestALotOfAdding" classname="LocalCMCTests" time="0.0"/>
  <testcase name="TestALotOfAdding" classname="LocalCMCTests" time="0.001"/>
  <testcase name="TestALotOfAdding" classname="LocalCMCTests" time="0.001"/>
  <testcase name="TestALotOfAdding" classname="LocalCMCTests" time="0.001"/>
  <testcase name="TestALotOfAdding" classname="LocalCMCTests" time="0.001"/>
  <testcase name="TestALotOfAdding" classname="LocalCMCTests" time="0.0"/>
  <testcase name="TestALotOfAdding" classname="LocalCMCTests" time="0.001"/>
  <testcase name="TestALotOfAdding" classname="LocalCMCTests" time="0.001"/>
  <testcase name="TestALotOfAdding" classname="LocalCMCTests" time="0.0"/>
  <testcase name="TestALotOfAdding" classname="LocalCMCTests" time="0.0"/>
  <testcase name="TestALotOfAdding" classname="LocalCMCTests" time="0.0"/>
  <testcase name="TestALotOfAdding" classname="LocalCMCTests" time="0.0"/>
  <testcase name="TestALotOfAdding" classname="LocalCMCTests" time="0.0"/>
  <testcase name="TestALotOfAdding" classname="LocalCMCTests" time="0.001"/>
  <testcase name="TestALotOfAdding" classname="LocalCMCTests" time="0.0"/>
  <testcase name="TestALotOfAdding" classname="LocalCMCTests" time="0.001"/>
  <testcase name="TestALotOfAdding" classname="LocalCMCTests" time="0.002"/>
  <testcase name="TestALotOfAdding" classname="LocalCMCTests" time="0.001"/>
  <testcase name="TestALotOfAdding" classname="LocalCMCTests" time="0.001"/>
  <testcase name="TestALotOfAdding" classname="LocalCMCTests" time="0.001"/>
  <testcase name="TestALotOfAdding" classname="LocalCMCTests" time="0.002"/>
  <testcase name="TestALotOfAdding" classname="LocalCMCTests" time="0.001"/>
  <testcase name="TestALotOfAdding" classname="LocalCMCTests" time="0.0"/>
  <testcase name="TestALotOfAdding" classname="LocalCMCTests" time="0.0"/>
  <testcase name="TestALotOfAdding" classname="LocalCMCTests" time="0.0"/>
  <testcase name="TestALotOfAdding" classname="LocalCMCTests" time="0.0"/>
  <testcase name="TestALotOfAdding" classname="LocalCMCTests" time="0.0"/>
  <testcase name="TestALotOfAdding" classname="LocalCMCTests" time="0.0"/>
  <testcase name="TestALotOfAdding" classname="LocalCMCTests" time="0.001"/>
  <testcase name="TestALotOfAdding" classname="LocalCMCTests" time="0.001"/>
  <testcase name="TestALotOfAdding" classname="LocalCMCTests" time="0.0"/>
  <testcase name="TestALotOfAdding" classname="LocalCMCTests" time="0.001"/>
  <testcase name="TestALotOfAdding" classname="LocalCMCTests" time="0.001"/>
  <testcase name="TestALotOfAdding" classname="LocalCMCTests" time="0.001"/>
  <testcase name="TestALotOfAdding" classname="LocalCMCTests" time="0.001"/>
  <testcase name="TestALotOfAdding" classname="LocalCMCTests" time="0.001"/>
  <testcase name="TestALotOfAdding" classname="LocalCMCTests" time="0.002"/>
  <testcase name="TestALotOfAdding" classname="LocalCMCTests" time="0.0"/>
  <testcase name="TestALotOfAdding" classname="LocalCMCTests" time="0.0"/>
  <testcase name="TestALotOfAdding" classname="LocalCMCTests" time="0.0"/>
  <testcase name="TestALotOfAdding" classname="LocalCMCTests" time="0.001"/>
  <testcase name="TestALotOfAdding" classname="LocalCMCTests" time="0.001"/>
  <testcase name="TestALotOfAdding" classname="LocalCMCTests" time="0.001"/>
  <testcase name="TestALotOfAdding" classname="LocalCMCTests" time="0.001"/>
  <testcase name="TestALotOfAdding" classname="LocalCMCTests" time="0.003"/>
  <testcase name="TestALotOfAdding" classname="LocalCMCTests" time="0.0"/>
  <testcase name="TestALotOfAdding" classname="LocalCMCTests" time="0.001"/>
  <testcase name="TestALotOfAdding" classname="LocalCMCTests" time="0.001"/>
  <testcase name="TestALotOfAdding" classname="LocalCMCTests" time="0.001"/>
  <testcase name="TestALotOfAdding" classname="LocalCMCTests" time="0.001"/>
  <testcase name="TestALotOfAdding" classname="LocalCMCTests" time="0.001"/>
  <testcase name="TestALotOfAdding" classname="LocalCMCTests" time="0.0"/>
  <testcase name="TestALotOfAdding" classname="LocalCMCTests" time="0.001"/>
  <testcase name="TestALotOfAdding" classname="LocalCMCTests" time="0.0"/>
  <testcase name="TestALotOfAdding" classname="LocalCMCTests" time="0.0"/>
  <testcase name="TestALotOfAdding" classname="LocalCMCTests" time="0.0"/>
  <testcase name="TestALotOfAdding" classname="LocalCMCTests" time="0.001"/>
  <testcase name="TestALotOfAdding" classname="LocalCMCTests" time="0.001"/>
  <testcase name="TestALotOfAdding" classname="LocalCMCTests" time="0.001"/>
  <testcase name="TestALotOfAdding" classname="LocalCMCTests" time="0.001"/>
  <testcase name="TestALotOfAdding" classname="LocalCMCTests" time="0.001"/>
  <testcase name="TestALotOfAdding" classname="LocalCMCTests" time="0.002"/>
  <testcase name="TestALotOfAdding" classname="LocalCMCTests" time="0.001"/>
  <testcase name="TestALotOfAdding" classname="LocalCMCTests" time="0.0"/>
  <testcase name="TestALotOfAdding" classname="LocalCMCTests" time="0.0"/>
  <testcase name="TestALotOfAdding" classname="LocalCMCTests" time="0.001"/>
  <testcase name="TestALotOfAdding" classname="LocalCMCTests" time="0.0"/>
  <testcase name="TestALotOfAdding" classname="LocalCMCTests" time="0.001"/>
  <testcase name="TestALotOfAdding" classname="LocalCMCTests" time="0.0"/>
  <testcase name="TestALotOfAdding" classname="LocalCMCTests" time="0.003"/>
  <testcase name="TestALotOfAdding" classname="LocalCMCTests" time="0.001"/>
  <testcase name="TestALotOfAdding" classname="LocalCMCTests" time="0.0"/>
  <testcase name="TestALotOfAdding" classname="LocalCMCTests" time="0.001"/>
  <testcase name="TestALotOfAdding" classname="LocalCMCTests" time="0.001"/>
  <testcase name="TestALotOfAdding" classname="LocalCMCTests" time="0.001"/>
  <testcase name="TestALotOfAdding" classname="LocalCMCTests" time="0.001"/>
  <testcase name="TestALotOfAdding" classname="LocalCMCTests" time="0.0"/>
  <testcase name="TestALotOfAdding" classname="LocalCMCTests" time="0.0"/>
  <testcase name="TestALotOfAdding" classname="LocalCMCTests" time="0.001"/>
  <testcase name="TestALotOfAdding" classname="LocalCMCTests" time="0.001"/>
  <testcase name="TestALotOfAdding" classname="LocalCMCTests" time="0.001"/>
  <testcase name="TestALotOfAdding" classname="LocalCMCTests" time="0.0"/>
  <testcase name="TestALotOfAdding" classname="LocalCMCTests" time="0.002"/>
  <testcase name="TestALotOfAdding" classname="LocalCMCTests" time="0.002"/>
  <testcase name="TestALotOfAdding" classname="LocalCMCTests" time="0.002"/>
  <testcase name="TestALotOfAdding" classname="LocalCMCTests" time="0.002"/>
  <testcase name="TestALotOfAdding" classname="LocalCMCTests" time="0.0"/>
  <testcase name="TestALotOfAdding" classname="LocalCMCTests" time="0.002"/>
  <testcase name="TestALotOfAdding" classname="LocalCMCTests" time="0.002"/>
  <testcase name="TestALotOfAdding" classname="LocalCMCTests" time="0.001"/>
  <testcase name="TestALotOfAdding" classname="LocalCMCTests" time="0.001"/>
  <testcase name="TestALotOfAdding" classname="LocalCMCTests" time="0.003"/>
  <testcase name="TestALotOfAdding" classname="LocalCMCTests" time="0.0"/>
  <testcase name="TestALotOfAdding" classname="LocalCMCTests" time="0.003"/>
  <testcase name="TestALotOfAdding" classname="LocalCMCTests" time="0.0"/>
  <testcase name="TestALotOfAdding" classname="LocalCMCTests" time="0.0"/>
  <testcase name="TestALotOfAdding" classname="LocalCMCTests" time="0.003"/>
  <testcase name="TestALotOfAdding" classname="LocalCMCTests" time="0.0"/>
  <testcase name="TestALotOfAdding" classname="LocalCMCTests" time="0.004"/>
  <testcase name="TestALotOfAdding" classname="LocalCMCTests" time="0.0"/>
  <testcase name="TestALotOfAdding" classname="LocalCMCTests" time="0.001"/>
  <testcase name="TestALotOfAdding" classname="LocalCMCTests" time="0.001"/>
  <testcase name="TestALotOfAdding" classname="LocalCMCTests" time="0.002"/>
  <testcase name="TestALotOfAdding" classname="LocalCMCTests" time="0.002"/>
  <testcase name="TestALotOfAdding" classname="LocalCMCTests" time="0.0"/>
  <testcase name="TestALotOfAdding" classname="LocalCMCTests" time="0.001"/>
  <testcase name="TestALotOfAdding" classname="LocalCMCTests" time="0.0"/>
  <testcase name="TestALotOfAdding" classname="LocalCMCTests" time="0.001"/>
  <testcase name="TestALotOfAdding" classname="LocalCMCTests" time="0.001"/>
  <testcase name="TestALotOfAdding" classname="LocalCMCTests" time="0.001"/>
  <testcase name="TestALotOfAdding" classname="LocalCMCTests" time="0.0"/>
  <testcase name="TestALotOfAdding" classname="LocalCMCTests" time="0.001"/>
  <testcase name="TestALotOfAdding" classname="LocalCMCTests" time="0.0"/>
  <testcase name="TestALotOfAdding" classname="LocalCMCTests" time="0.0"/>
  <testcase name="TestALotOfAdding" classname="LocalCMCTests" time="0.0"/>
  <testcase name="TestALotOfAdding" classname="LocalCMCTests" time="0.001"/>
  <testcase name="TestALotOfAdding" classname="LocalCMCTests" time="0.003"/>
  <testcase name="TestALotOfAdding" classname="LocalCMCTests" time="0.001"/>
  <testcase name="TestALotOfAdding" classname="LocalCMCTests" time="0.001"/>
  <testcase name="TestALotOfAdding" classname="LocalCMCTests" time="0.0"/>
  <testcase name="TestALotOfAdding" classname="LocalCMCTests" time="0.001"/>
  <testcase name="TestALotOfAdding" classname="LocalCMCTests" time="0.001"/>
  <testcase name="TestALotOfAdding" classname="LocalCMCTests" time="0.001"/>
  <testcase name="TestALotOfAdding" classname="LocalCMCTests" time="0.001"/>
  <testcase name="TestALotOfAdding" classname="LocalCMCTests" time="0.0"/>
  <testcase name="TestALotOfAdding" classname="LocalCMCTests" time="0.001"/>
  <testcase name="TestALotOfAdding" classname="LocalCMCTests" time="0.0"/>
  <testcase name="TestALotOfAdding" classname="LocalCMCTests" time="0.001"/>
  <testcase name="TestALotOfAdding" classname="LocalCMCTests" time="0.002"/>
  <testcase name="TestALotOfAdding" classname="LocalCMCTests" time="0.001"/>
  <testcase name="TestALotOfAdding" classname="LocalCMCTests" time="0.001"/>
  <testcase name="TestALotOfAdding" classname="LocalCMCTests" time="0.0"/>
  <testcase name="TestALotOfAdding" classname="LocalCMCTests" time="0.0"/>
  <testcase name="TestALotOfAdding" classname="LocalCMCTests" time="0.0"/>
  <testcase name="TestALotOfAdding" classname="LocalCMCTests" time="0.0"/>
  <testcase name="TestALotOfAdding" classname="LocalCMCTests" time="0.001"/>
  <testcase name="TestALotOfAdding" classname="LocalCMCTests" time="0.001"/>
  <testcase name="TestALotOfAdding" classname="LocalCMCTests" time="0.001"/>
  <testcase name="TestALotOfAdding" classname="LocalCMCTests" time="0.001"/>
  <testcase name="TestALotOfAdding" classname="LocalCMCTests" time="0.001"/>
  <testcase name="TestALotOfAdding" classname="LocalCMCTests" time="0.001"/>
  <testcase name="TestALotOfAdding" classname="LocalCMCTests" time="0.0"/>
  <testcase name="TestALotOfAdding" classname="LocalCMCTests" time="0.0"/>
  <testcase name="TestALotOfAdding" classname="LocalCMCTests" time="0.001"/>
  <testcase name="TestALotOfAdding" classname="LocalCMCTests" time="0.001"/>
  <testcase name="TestALotOfAdding" classname="LocalCMCTests" time="0.001"/>
  <testcase name="TestALotOfAdding" classname="LocalCMCTests" time="0.001"/>
  <testcase name="TestALotOfAdding" classname="LocalCMCTests" time="0.001"/>
  <testcase name="TestALotOfAdding" classname="LocalCMCTests" time="0.0"/>
  <testcase name="TestALotOfAdding" classname="LocalCMCTests" time="0.001"/>
  <testcase name="TestALotOfAdding" classname="LocalCMCTests" time="0.001"/>
  <testcase name="TestALotOfAdding" classname="LocalCMCTests" time="0.001"/>
  <testcase name="TestALotOfAdding" classname="LocalCMCTests" time="0.001"/>
  <testcase name="TestALotOfAdding" classname="LocalCMCTests" time="0.0"/>
  <testcase name="TestALotOfAdding" classname="LocalCMCTests" time="0.0"/>
  <testcase name="TestALotOfAdding" classname="LocalCMCTests" time="0.0"/>
  <testcase name="TestALotOfAdding" classname="LocalCMCTests" time="0.0"/>
  <testcase name="TestALotOfAdding" classname="LocalCMCTests" time="0.001"/>
  <testcase name="TestALotOfAdding" classname="LocalCMCTests" time="0.001"/>
  <testcase name="TestALotOfAdding" classname="LocalCMCTests" time="0.001"/>
  <testcase name="TestALotOfAdding" classname="LocalCMCTests" time="0.002"/>
  <testcase name="TestALotOfAdding" classname="LocalCMCTests" time="0.0"/>
  <testcase name="TestALotOfAdding" classname="LocalCMCTests" time="0.001"/>
  <testcase name="TestALotOfAdding" classname="LocalCMCTests" time="0.0"/>
  <testcase name="TestALotOfAdding" classname="LocalCMCTests" time="0.0"/>
  <testcase name="TestALotOfAdding" classname="LocalCMCTests" time="0.001"/>
  <testcase name="TestALotOfAdding" classname="LocalCMCTests" time="0.001"/>
  <testcase name="TestALotOfAdding" classname="LocalCMCTests" time="0.001"/>
  <testcase name="TestALotOfAdding" classname="LocalCMCTests" time="0.0"/>
  <testcase name="TestALotOfAdding" classname="LocalCMCTests" time="0.0"/>
  <testcase name="TestALotOfAdding" classname="LocalCMCTests" time="0.001"/>
  <testcase name="TestALotOfAdding" classname="LocalCMCTests" time="0.001"/>
  <testcase name="TestALotOfAdding" classname="LocalCMCTests" time="0.0"/>
  <testcase name="TestALotOfAdding" classname="LocalCMCTests" time="0.0"/>
  <testcase name="TestALotOfAdding" classname="LocalCMCTests" time="0.001"/>
  <testcase name="TestALotOfAdding" classname="LocalCMCTests" time="0.0"/>
  <testcase name="TestALotOfAdding" classname="LocalCMCTests" time="0.001"/>
  <testcase name="TestALotOfAdding" classname="LocalCMCTests" time="0.001"/>
  <testcase name="TestALotOfAdding" classname="LocalCMCTests" time="0.001"/>
  <testcase name="TestALotOfAdding" classname="LocalCMCTests" time="0.001"/>
  <testcase name="TestALotOfAdding" classname="LocalCMCTests" time="0.002"/>
  <testcase name="TestALotOfAdding" classname="LocalCMCTests" time="0.0"/>
  <testcase name="TestALotOfAdding" classname="LocalCMCTests" time="0.0"/>
  <testcase name="TestALotOfAdding" classname="LocalCMCTests" time="0.001"/>
  <testcase name="TestALotOfAdding" classname="LocalCMCTests" time="0.001"/>
  <testcase name="TestALotOfAdding" classname="LocalCMCTests" time="0.001"/>
  <testcase name="TestALotOfAdding" classname="LocalCMCTests" time="0.0"/>
  <testcase name="TestALotOfAdding" classname="LocalCMCTests" time="0.002"/>
  <testcase name="TestALotOfAdding" classname="LocalCMCTests" time="0.001"/>
  <testcase name="TestALotOfAdding" classname="LocalCMCTests" time="0.0"/>
  <testcase name="TestALotOfAdding" classname="LocalCMCTests" time="0.001"/>
  <testcase name="TestALotOfAdding" classname="LocalCMCTests" time="0.001"/>
  <testcase name="TestALotOfAdding" classname="LocalCMCTests" time="0.001"/>
  <testcase name="TestALotOfAdding" classname="LocalCMCTests" time="0.002"/>
  <testcase name="TestALotOfAdding" classname="LocalCMCTests" time="0.001"/>
  <testcase name="TestALotOfAdding" classname="LocalCMCTests" time="0.001"/>
  <testcase name="TestALotOfAdding" classname="LocalCMCTests" time="0.001"/>
  <testcase name="TestALotOfAdding" classname="LocalCMCTests" time="0.001"/>
  <testcase name="TestALotOfAdding" classname="LocalCMCTests" time="0.001"/>
  <testcase name="TestALotOfAdding" classname="LocalCMCTests" time="0.001"/>
  <testcase name="TestALotOfAdding" classname="LocalCMCTests" time="0.0"/>
  <testcase name="TestALotOfAdding" classname="LocalCMCTests" time="0.0"/>
  <testcase name="TestALotOfAdding" classname="LocalCMCTests" time="0.001"/>
  <testcase name="TestALotOfAdding" classname="LocalCMCTests" time="0.0"/>
  <testcase name="TestALotOfAdding" classname="LocalCMCTests" time="0.0"/>
  <testcase name="TestALotOfAdding" classname="LocalCMCTests" time="0.0"/>
  <testcase name="TestALotOfAdding" classname="LocalCMCTests" time="0.001"/>
  <testcase name="TestALotOfAdding" classname="LocalCMCTests" time="0.001"/>
  <testcase name="TestALotOfAdding" classname="LocalCMCTests" time="0.0"/>
  <testcase name="TestALotOfAdding" classname="LocalCMCTests" time="0.0"/>
  <testcase name="TestALotOfAdding" classname="LocalCMCTests" time="0.0"/>
  <testcase name="TestALotOfAdding" classname="LocalCMCTests" time="0.001"/>
  <testcase name="TestALotOfAdding" classname="LocalCMCTests" time="0.001"/>
  <testcase name="TestALotOfAdding" classname="LocalCMCTests" time="0.0"/>
  <testcase name="TestALotOfAdding" classname="LocalCMCTests" time="0.0"/>
  <testcase name="TestALotOfAdding" classname="LocalCMCTests" time="0.001"/>
  <testcase name="TestALotOfAdding" classname="LocalCMCTests" time="0.0"/>
  <testcase name="TestALotOfAdding" classname="LocalCMCTests" time="0.001"/>
  <testcase name="TestALotOfAdding" classname="LocalCMCTests" time="0.001"/>
  <testcase name="TestALotOfAdding" classname="LocalCMCTests" time="0.001"/>
  <testcase name="TestALotOfAdding" classname="LocalCMCTests" time="0.0"/>
  <testcase name="TestALotOfAdding" classname="LocalCMCTests" time="0.0"/>
  <testcase name="TestALotOfAdding" classname="LocalCMCTests" time="0.001"/>
  <testcase name="TestALotOfAdding" classname="LocalCMCTests" time="0.001"/>
  <testcase name="TestALotOfAdding" classname="LocalCMCTests" time="0.0"/>
  <testcase name="TestALotOfAdding" classname="LocalCMCTests" time="0.001"/>
  <testcase name="TestALotOfAdding" classname="LocalCMCTests" time="0.001"/>
  <testcase name="TestALotOfAdding" classname="LocalCMCTests" time="0.001"/>
  <testcase name="TestALotOfAdding" classname="LocalCMCTests" time="0.001"/>
  <testcase name="TestALotOfAdding" classname="LocalCMCTests" time="0.001"/>
  <testcase name="TestALotOfAdding" classname="LocalCMCTests" time="0.001"/>
  <testcase name="TestALotOfAdding" classname="LocalCMCTests" time="0.001"/>
  <testcase name="TestALotOfAdding" classname="LocalCMCTests" time="0.0"/>
  <testcase name="TestALotOfAdding" classname="LocalCMCTests" time="0.001"/>
  <testcase name="TestALotOfAdding" classname="LocalCMCTests" time="0.001"/>
  <testcase name="TestALotOfAdding" classname="LocalCMCTests" time="0.0"/>
  <testcase name="TestALotOfAdding" classname="LocalCMCTests" time="0.0"/>
  <testcase name="TestALotOfAdding" classname="LocalCMCTests" time="0.001"/>
  <testcase name="TestALotOfAdding" classname="LocalCMCTests" time="0.0"/>
  <testcase name="TestALotOfAdding" classname="LocalCMCTests" time="0.0"/>
  <testcase name="TestALotOfAdding" classname="LocalCMCTests" time="0.0"/>
  <testcase name="TestALotOfAdding" classname="LocalCMCTests" time="0.0"/>
  <testcase name="TestALotOfAdding" classname="LocalCMCTests" time="0.001"/>
  <testcase name="TestALotOfAdding" classname="LocalCMCTests" time="0.002"/>
  <testcase name="TestALotOfAdding" classname="LocalCMCTests" time="0.002"/>
  <testcase name="TestALotOfAdding" classname="LocalCMCTests" time="0.001"/>
  <testcase name="TestALotOfAdding" classname="LocalCMCTests" time="0.0"/>
  <testcase name="TestALotOfAdding" classname="LocalCMCTests" time="0.001"/>
  <testcase name="TestALotOfAdding" classname="LocalCMCTests" time="0.001"/>
  <testcase name="TestALotOfAdding" classname="LocalCMCTests" time="0.001"/>
  <testcase name="TestALotOfAdding" classname="LocalCMCTests" time="0.001"/>
  <testcase name="TestALotOfAdding" classname="LocalCMCTests" time="0.001"/>
  <testcase name="TestALotOfAdding" classname="LocalCMCTests" time="0.001"/>
  <testcase name="TestALotOfAdding" classname="LocalCMCTests" time="0.0"/>
  <testcase name="TestALotOfAdding" classname="LocalCMCTests" time="0.0"/>
  <testcase name="TestALotOfAdding" classname="LocalCMCTests" time="0.0"/>
  <testcase name="TestALotOfAdding" classname="LocalCMCTests" time="0.0"/>
  <testcase name="TestALotOfAdding" classname="LocalCMCTests" time="0.0"/>
  <testcase name="TestALotOfAdding" classname="LocalCMCTests" time="0.0"/>
  <testcase name="TestALotOfAdding" classname="LocalCMCTests" time="0.001"/>
  <testcase name="TestALotOfAdding" classname="LocalCMCTests" time="0.001"/>
  <testcase name="TestALotOfAdding" classname="LocalCMCTests" time="0.0"/>
  <testcase name="TestALotOfAdding" classname="LocalCMCTests" time="0.001"/>
  <testcase name="TestALotOfAdding" classname="LocalCMCTests" time="0.002"/>
  <testcase name="TestALotOfAdding" classname="LocalCMCTests" time="0.001"/>
  <testcase name="TestALotOfAdding" classname="LocalCMCTests" time="0.0"/>
  <testcase name="TestALotOfAdding" classname="LocalCMCTests" time="0.001"/>
  <testcase name="TestALotOfAdding" classname="LocalCMCTests" time="0.001"/>
  <testcase name="TestALotOfAdding" classname="LocalCMCTests" time="0.0"/>
  <testcase name="TestALotOfAdding" classname="LocalCMCTests" time="0.0"/>
  <testcase name="TestALotOfAdding" classname="LocalCMCTests" time="0.001"/>
  <testcase name="TestALotOfAdding" classname="LocalCMCTests" time="0.001"/>
  <testcase name="TestALotOfAdding" classname="LocalCMCTests" time="0.0"/>
  <testcase name="TestALotOfAdding" classname="LocalCMCTests" time="0.0"/>
  <testcase name="TestALotOfAdding" classname="LocalCMCTests" time="0.001"/>
  <testcase name="TestALotOfAdding" classname="LocalCMCTests" time="0.001"/>
  <testcase name="TestALotOfAdding" classname="LocalCMCTests" time="0.0"/>
  <testcase name="TestALotOfAdding" classname="LocalCMCTests" time="0.001"/>
  <testcase name="TestALotOfAdding" classname="LocalCMCTests" time="0.001"/>
  <testcase name="TestALotOfAdding" classname="LocalCMCTests" time="0.0"/>
  <testcase name="TestALotOfAdding" classname="LocalCMCTests" time="0.001"/>
  <testcase name="TestALotOfAdding" classname="LocalCMCTests" time="0.002"/>
  <testcase name="TestALotOfAdding" classname="LocalCMCTests" time="0.001"/>
  <testcase name="TestALotOfAdding" classname="LocalCMCTests" time="0.001"/>
  <testcase name="TestALotOfAdding" classname="LocalCMCTests" time="0.0"/>
  <testcase name="TestALotOfAdding" classname="LocalCMCTests" time="0.001"/>
  <testcase name="TestALotOfAdding" classname="LocalCMCTests" time="0.0"/>
  <testcase name="TestALotOfAdding" classname="LocalCMCTests" time="0.001"/>
  <testcase name="TestALotOfAdding" classname="LocalCMCTests" time="0.001"/>
  <testcase name="TestALotOfAdding" classname="LocalCMCTests" time="0.0"/>
  <testcase name="TestALotOfAdding" classname="LocalCMCTests" time="0.001"/>
  <testcase name="TestALotOfAdding" classname="LocalCMCTests" time="0.001"/>
  <testcase name="TestALotOfAdding" classname="LocalCMCTests" time="0.001"/>
  <testcase name="TestALotOfAdding" classname="LocalCMCTests" time="0.001"/>
  <testcase name="TestALotOfAdding" classname="LocalCMCTests" time="0.0"/>
  <testcase name="TestALotOfAdding" classname="LocalCMCTests" time="0.0"/>
  <testcase name="TestALotOfAdding" classname="LocalCMCTests" time="0.0"/>
  <testcase name="TestALotOfAdding" classname="LocalCMCTests" time="0.001"/>
  <testcase name="TestALotOfAdding" classname="LocalCMCTests" time="0.0"/>
  <testcase name="TestALotOfAdding" classname="LocalCMCTests" time="0.002"/>
  <testcase name="TestALotOfAdding" classname="LocalCMCTests" time="0.002"/>
  <testcase name="TestALotOfAdding" classname="LocalCMCTests" time="0.0"/>
  <testcase name="TestALotOfAdding" classname="LocalCMCTests" time="0.002"/>
  <testcase name="TestALotOfAdding" classname="LocalCMCTests" time="0.001"/>
  <testcase name="TestALotOfAdding" classname="LocalCMCTests" time="0.001"/>
  <testcase name="TestALotOfAdding" classname="LocalCMCTests" time="0.001"/>
  <testcase name="TestALotOfAdding" classname="LocalCMCTests" time="0.001"/>
  <testcase name="TestALotOfAdding" classname="LocalCMCTests" time="0.0"/>
  <testcase name="TestALotOfAdding" classname="LocalCMCTests" time="0.001"/>
  <testcase name="TestALotOfAdding" classname="LocalCMCTests" time="0.001"/>
  <testcase name="TestALotOfAdding" classname="LocalCMCTests" time="0.0"/>
  <testcase name="TestALotOfAdding" classname="LocalCMCTests" time="0.0"/>
  <testcase name="TestALotOfAdding" classname="LocalCMCTests" time="0.001"/>
  <testcase name="TestALotOfAdding" classname="LocalCMCTests" time="0.001"/>
  <testcase name="TestALotOfAdding" classname="LocalCMCTests" time="0.0"/>
  <testcase name="TestALotOfAdding" classname="LocalCMCTests" time="0.001"/>
  <testcase name="TestALotOfAdding" classname="LocalCMCTests" time="0.0"/>
  <testcase name="TestALotOfAdding" classname="LocalCMCTests" time="0.0"/>
  <testcase name="TestALotOfAdding" classname="LocalCMCTests" time="0.001"/>
  <testcase name="TestALotOfAdding" classname="LocalCMCTests" time="0.001"/>
  <testcase name="TestALotOfAdding" classname="LocalCMCTests" time="0.001"/>
  <testcase name="TestALotOfAdding" classname="LocalCMCTests" time="0.001"/>
  <testcase name="TestALotOfAdding" classname="LocalCMCTests" time="0.0"/>
  <testcase name="TestALotOfAdding" classname="LocalCMCTests" time="0.001"/>
  <testcase name="TestALotOfAdding" classname="LocalCMCTests" time="0.0"/>
  <testcase name="TestALotOfAdding" classname="LocalCMCTests" time="0.002"/>
  <testcase name="TestALotOfAdding" classname="LocalCMCTests" time="0.001"/>
  <testcase name="TestALotOfAdding" classname="LocalCMCTests" time="0.001"/>
  <testcase name="TestALotOfAdding" classname="LocalCMCTests" time="0.002"/>
  <testcase name="TestALotOfAdding" classname="LocalCMCTests" time="0.001"/>
  <testcase name="TestALotOfAdding" classname="LocalCMCTests" time="0.001"/>
  <testcase name="TestALotOfAdding" classname="LocalCMCTests" time="0.001"/>
  <testcase name="TestALotOfAdding" classname="LocalCMCTests" time="0.0"/>
  <testcase name="TestALotOfAdding" classname="LocalCMCTests" time="0.0"/>
  <testcase name="TestALotOfAdding" classname="LocalCMCTests" time="0.001"/>
  <testcase name="TestALotOfAdding" classname="LocalCMCTests" time="0.0"/>
  <testcase name="TestALotOfAdding" classname="LocalCMCTests" time="0.0"/>
  <testcase name="TestALotOfAdding" classname="LocalCMCTests" time="0.0"/>
  <testcase name="TestALotOfAdding" classname="LocalCMCTests" time="0.0"/>
  <testcase name="TestALotOfAdding" classname="LocalCMCTests" time="0.0"/>
  <testcase name="TestALotOfAdding" classname="LocalCMCTests" time="0.001"/>
  <testcase name="TestALotOfAdding" classname="LocalCMCTests" time="0.001"/>
  <testcase name="TestALotOfAdding" classname="LocalCMCTests" time="0.001"/>
  <testcase name="TestALotOfAdding" classname="LocalCMCTests" time="0.001"/>
  <testcase name="TestALotOfAdding" classname="LocalCMCTests" time="0.0"/>
  <testcase name="TestALotOfAdding" classname="LocalCMCTests" time="0.0"/>
  <testcase name="TestALotOfAdding" classname="LocalCMCTests" time="0.0"/>
  <testcase name="TestALotOfAdding" classname="LocalCMCTests" time="0.0"/>
  <testcase name="TestALotOfAdding" classname="LocalCMCTests" time="0.001"/>
  <testcase name="TestALotOfAdding" classname="LocalCMCTests" time="0.003"/>
  <testcase name="TestALotOfAdding" classname="LocalCMCTests" time="0.004"/>
  <testcase name="TestALotOfAdding" classname="LocalCMCTests" time="0.0"/>
  <testcase name="TestALotOfAdding" classname="LocalCMCTests" time="0.004"/>
  <testcase name="TestALotOfAdding" classname="LocalCMCTests" time="0.003"/>
  <testcase name="TestALotOfAdding" classname="LocalCMCTests" time="0.001"/>
  <testcase name="TestALotOfAdding" classname="LocalCMCTests" time="0.0"/>
  <testcase name="TestALotOfAdding" classname="LocalCMCTests" time="0.0"/>
  <testcase name="TestALotOfAdding" classname="LocalCMCTests" time="0.0"/>
  <testcase name="TestALotOfAdding" classname="LocalCMCTests" time="0.0"/>
  <testcase name="TestALotOfAdding" classname="LocalCMCTests" time="0.003"/>
  <testcase name="TestALotOfAdding" classname="LocalCMCTests" time="0.0"/>
  <testcase name="TestALotOfAdding" classname="LocalCMCTests" time="0.007"/>
  <testcase name="TestALotOfAdding" classname="LocalCMCTests" time="0.007"/>
  <testcase name="TestALotOfAdding" classname="LocalCMCTests" time="0.0"/>
  <testcase name="TestALotOfAdding" classname="LocalCMCTests" time="0.0"/>
  <testcase name="TestALotOfAdding" classname="LocalCMCTests" time="0.007"/>
  <testcase name="TestALotOfAdding" classname="LocalCMCTests" time="0.001"/>
  <testcase name="TestALotOfAdding" classname="LocalCMCTests" time="0.005"/>
  <testcase name="TestALotOfAdding" classname="LocalCMCTests" time="0.004"/>
  <testcase name="TestALotOfAdding" classname="LocalCMCTests" time="0.0"/>
  <testcase name="TestALotOfAdding" classname="LocalCMCTests" time="0.004"/>
  <testcase name="TestALotOfAdding" classname="LocalCMCTests" time="0.001"/>
  <testcase name="TestALotOfAdding" classname="LocalCMCTests" time="0.005"/>
  <testcase name="TestALotOfAdding" classname="LocalCMCTests" time="0.001"/>
  <testcase name="TestALotOfAdding" classname="LocalCMCTests" time="0.001"/>
  <testcase name="TestALotOfAdding" classname="LocalCMCTests" time="0.0"/>
  <testcase name="TestALotOfAdding" classname="LocalCMCTests" time="0.008"/>
  <testcase name="TestALotOfAdding" classname="LocalCMCTests" time="0.002"/>
  <testcase name="TestALotOfAdding" classname="LocalCMCTests" time="0.0"/>
  <testcase name="TestALotOfAdding" classname="LocalCMCTests" time="0.003"/>
  <testcase name="TestALotOfAdding" classname="LocalCMCTests" time="0.003"/>
  <testcase name="TestALotOfAdding" classname="LocalCMCTests" time="0.0"/>
  <testcase name="TestALotOfAdding" classname="LocalCMCTests" time="0.0"/>
  <testcase name="TestALotOfAdding" classname="LocalCMCTests" time="0.001"/>
  <testcase name="TestALotOfAdding" classname="LocalCMCTests" time="0.0"/>
  <testcase name="TestALotOfAdding" classname="LocalCMCTests" time="0.0"/>
  <testcase name="TestALotOfAdding" classname="LocalCMCTests" time="0.005"/>
  <testcase name="TestALotOfAdding" classname="LocalCMCTests" time="0.001"/>
  <testcase name="TestALotOfAdding" classname="LocalCMCTests" time="0.0"/>
  <testcase name="TestALotOfAdding" classname="LocalCMCTests" time="0.009"/>
  <testcase name="TestALotOfAdding" classname="LocalCMCTests" time="0.0"/>
  <testcase name="TestALotOfAdding" classname="LocalCMCTests" time="0.009"/>
  <testcase name="TestALotOfAdding" classname="LocalCMCTests" time="0.0"/>
  <testcase name="TestALotOfAdding" classname="LocalCMCTests" time="0.009"/>
  <testcase name="TestALotOfAdding" classname="LocalCMCTests" time="0.0"/>
  <testcase name="TestALotOfAdding" classname="LocalCMCTests" time="0.001"/>
  <testcase name="TestALotOfAdding" classname="LocalCMCTests" time="0.0"/>
  <testcase name="TestALotOfAdding" classname="LocalCMCTests" time="0.0"/>
  <testcase name="TestALotOfAdding" classname="LocalCMCTests" time="0.0"/>
  <testcase name="TestALotOfAdding" classname="LocalCMCTests" time="0.001"/>
  <testcase name="TestALotOfAdding" classname="LocalCMCTests" time="0.0"/>
  <testcase name="TestALotOfAdding" classname="LocalCMCTests" time="0.0"/>
  <testcase name="TestALotOfAdding" classname="LocalCMCTests" time="0.0"/>
  <testcase name="TestALotOfAdding" classname="LocalCMCTests" time="0.0"/>
  <testcase name="TestALotOfAdding" classname="LocalCMCTests" time="0.012"/>
  <testcase name="TestALotOfAdding" classname="LocalCMCTests" time="0.013"/>
  <testcase name="TestALotOfAdding" classname="LocalCMCTests" time="0.0"/>
  <testcase name="TestALotOfAdding" classname="LocalCMCTests" time="0.0"/>
  <testcase name="TestALotOfAdding" classname="LocalCMCTests" time="0.021"/>
  <testcase name="TestALotOfAdding" classname="LocalCMCTests" time="0.0"/>
  <testcase name="TestALotOfAdding" classname="LocalCMCTests" time="0.001"/>
  <testcase name="TestALotOfAdding" classname="LocalCMCTests" time="0.001"/>
  <testcase name="TestALotOfAdding" classname="LocalCMCTests" time="0.012"/>
  <testcase name="TestALotOfAdding" classname="LocalCMCTests" time="0.001"/>
  <testcase name="TestALotOfAdding" classname="LocalCMCTests" time="0.004"/>
  <testcase name="TestALotOfAdding" classname="LocalCMCTests" time="0.011"/>
  <testcase name="TestALotOfAdding" classname="LocalCMCTests" time="0.0"/>
  <testcase name="TestALotOfAdding" classname="LocalCMCTests" time="0.0"/>
  <testcase name="TestALotOfAdding" classname="LocalCMCTests" time="0.011"/>
  <testcase name="TestALotOfAdding" classname="LocalCMCTests" time="0.0"/>
  <testcase name="TestALotOfAdding" classname="LocalCMCTests" time="0.004"/>
  <testcase name="TestALotOfAdding" classname="LocalCMCTests" time="0.0"/>
  <testcase name="TestALotOfAdding" classname="LocalCMCTests" time="0.004"/>
  <testcase name="TestALotOfAdding" classname="LocalCMCTests" time="0.0"/>
  <testcase name="TestALotOfAdding" classname="LocalCMCTests" time="0.002"/>
  <testcase name="TestALotOfAdding" classname="LocalCMCTests" time="0.002"/>
  <testcase name="TestALotOfAdding" classname="LocalCMCTests" time="0.002"/>
  <testcase name="TestALotOfAdding" classname="LocalCMCTests" time="0.002"/>
  <testcase name="TestALotOfAdding" classname="LocalCMCTests" time="0.0"/>
  <testcase name="TestALotOfAdding" classname="LocalCMCTests" time="0.0"/>
  <testcase name="TestALotOfAdding" classname="LocalCMCTests" time="0.001"/>
  <testcase name="TestALotOfAdding" classname="LocalCMCTests" time="0.0"/>
  <testcase name="TestALotOfAdding" classname="LocalCMCTests" time="0.0"/>
  <testcase name="TestALotOfAdding" classname="LocalCMCTests" time="0.001"/>
  <testcase name="TestALotOfAdding" classname="LocalCMCTests" time="0.0"/>
  <testcase name="TestALotOfAdding" classname="LocalCMCTests" time="0.002"/>
  <testcase name="TestALotOfAdding" classname="LocalCMCTests" time="0.001"/>
  <testcase name="TestALotOfAdding" classname="LocalCMCTests" time="0.002"/>
  <testcase name="TestALotOfAdding" classname="LocalCMCTests" time="0.001"/>
  <testcase name="TestALotOfAdding" classname="LocalCMCTests" time="0.001"/>
  <testcase name="TestALotOfAdding" classname="LocalCMCTests" time="0.0"/>
  <testcase name="TestALotOfAdding" classname="LocalCMCTests" time="0.001"/>
  <testcase name="TestALotOfAdding" classname="LocalCMCTests" time="0.001"/>
  <testcase name="TestALotOfAdding" classname="LocalCMCTests" time="0.0"/>
  <testcase name="TestALotOfAdding" classname="LocalCMCTests" time="0.001"/>
  <testcase name="TestALotOfAdding" classname="LocalCMCTests" time="0.0"/>
  <testcase name="TestALotOfAdding" classname="LocalCMCTests" time="0.0"/>
  <testcase name="TestALotOfAdding" classname="LocalCMCTests" time="0.0"/>
  <testcase name="TestALotOfAdding" classname="LocalCMCTests" time="0.001"/>
  <testcase name="TestALotOfAdding" classname="LocalCMCTests" time="0.0"/>
  <testcase name="TestALotOfAdding" classname="LocalCMCTests" time="0.0"/>
  <testcase name="TestALotOfAdding" classname="LocalCMCTests" time="0.0"/>
  <testcase name="TestALotOfAdding" classname="LocalCMCTests" time="0.0"/>
  <testcase name="TestALotOfAdding" classname="LocalCMCTests" time="0.002"/>
  <testcase name="TestALotOfAdding" classname="LocalCMCTests" time="0.002"/>
  <testcase name="TestALotOfAdding" classname="LocalCMCTests" time="0.0"/>
  <testcase name="TestALotOfAdding" classname="LocalCMCTests" time="0.002"/>
  <testcase name="TestALotOfAdding" classname="LocalCMCTests" time="0.0"/>
  <testcase name="TestALotOfAdding" classname="LocalCMCTests" time="0.0"/>
  <testcase name="TestALotOfAdding" classname="LocalCMCTests" time="0.002"/>
  <testcase name="TestALotOfAdding" classname="LocalCMCTests" time="0.0"/>
  <testcase name="TestALotOfAdding" classname="LocalCMCTests" time="0.001"/>
  <testcase name="TestALotOfAdding" classname="LocalCMCTests" time="0.0"/>
  <testcase name="TestALotOfAdding" classname="LocalCMCTests" time="0.0"/>
  <testcase name="TestALotOfAdding" classname="LocalCMCTests" time="0.0"/>
  <testcase name="TestALotOfAdding" classname="LocalCMCTests" time="0.0"/>
  <testcase name="TestALotOfAdding" classname="LocalCMCTests" time="0.002"/>
  <testcase name="TestALotOfAdding" classname="LocalCMCTests" time="0.003"/>
  <testcase name="TestALotOfAdding" classname="LocalCMCTests" time="0.004"/>
  <testcase name="TestALotOfAdding" classname="LocalCMCTests" time="0.003"/>
  <testcase name="TestALotOfAdding" classname="LocalCMCTests" time="0.0"/>
  <testcase name="TestALotOfAdding" classname="LocalCMCTests" time="0.0"/>
  <testcase name="TestALotOfAdding" classname="LocalCMCTests" time="0.003"/>
  <testcase name="TestALotOfAdding" classname="LocalCMCTests" time="0.0"/>
  <testcase name="TestALotOfAdding" classname="LocalCMCTests" time="0.0"/>
  <testcase name="TestALotOfAdding" classname="LocalCMCTests" time="0.001"/>
  <testcase name="TestALotOfAdding" classname="LocalCMCTests" time="0.0"/>
  <testcase name="TestALotOfAdding" classname="LocalCMCTests" time="0.001"/>
  <testcase name="TestALotOfAdding" classname="LocalCMCTests" time="0.0"/>
  <testcase name="TestALotOfAdding" classname="LocalCMCTests" time="0.0"/>
  <testcase name="TestALotOfAdding" classname="LocalCMCTests" time="0.001"/>
  <testcase name="TestALotOfAdding" classname="LocalCMCTests" time="0.001"/>
  <testcase name="TestALotOfAdding" classname="LocalCMCTests" time="0.0"/>
  <testcase name="TestALotOfAdding" classname="LocalCMCTests" time="0.0"/>
  <testcase name="TestALotOfAdding" classname="LocalCMCTests" time="0.001"/>
  <testcase name="TestALotOfAdding" classname="LocalCMCTests" time="0.001"/>
  <testcase name="TestALotOfAdding" classname="LocalCMCTests" time="0.0"/>
  <testcase name="TestALotOfAdding" classname="LocalCMCTests" time="0.002"/>
  <testcase name="TestALotOfAdding" classname="LocalCMCTests" time="0.0"/>
  <testcase name="TestALotOfAdding" classname="LocalCMCTests" time="0.001"/>
  <testcase name="TestALotOfAdding" classname="LocalCMCTests" time="0.001"/>
  <testcase name="TestALotOfAdding" classname="LocalCMCTests" time="0.002"/>
  <testcase name="TestALotOfAdding" classname="LocalCMCTests" time="0.002"/>
  <testcase name="TestALotOfAdding" classname="LocalCMCTests" time="0.002"/>
  <testcase name="TestALotOfAdding" classname="LocalCMCTests" time="0.0"/>
  <testcase name="TestALotOfAdding" classname="LocalCMCTests" time="0.0"/>
  <testcase name="TestALotOfAdding" classname="LocalCMCTests" time="0.002"/>
  <testcase name="TestALotOfAdding" classname="LocalCMCTests" time="0.002"/>
  <testcase name="TestALotOfAdding" classname="LocalCMCTests" time="0.0"/>
  <testcase name="TestALotOfAdding" classname="LocalCMCTests" time="0.001"/>
  <testcase name="TestALotOfAdding" classname="LocalCMCTests" time="0.003"/>
  <testcase name="TestALotOfAdding" classname="LocalCMCTests" time="0.001"/>
  <testcase name="TestALotOfAdding" classname="LocalCMCTests" time="0.001"/>
  <testcase name="TestALotOfAdding" classname="LocalCMCTests" time="0.001"/>
  <testcase name="TestALotOfAdding" classname="LocalCMCTests" time="0.002"/>
  <testcase name="TestALotOfAdding" classname="LocalCMCTests" time="0.0"/>
  <testcase name="TestALotOfAdding" classname="LocalCMCTests" time="0.0"/>
  <testcase name="TestALotOfAdding" classname="LocalCMCTests" time="0.0"/>
  <testcase name="TestALotOfAdding" classname="LocalCMCTests" time="0.002"/>
  <testcase name="TestALotOfAdding" classname="LocalCMCTests" time="0.004"/>
  <testcase name="TestALotOfAdding" classname="LocalCMCTests" time="0.001"/>
  <testcase name="TestALotOfAdding" classname="LocalCMCTests" time="0.0"/>
  <testcase name="TestALotOfAdding" classname="LocalCMCTests" time="0.001"/>
  <testcase name="TestALotOfAdding" classname="LocalCMCTests" time="0.0"/>
  <testcase name="TestALotOfAdding" classname="LocalCMCTests" time="0.0"/>
  <testcase name="TestALotOfAdding" classname="LocalCMCTests" time="0.0"/>
  <testcase name="TestALotOfAdding" classname="LocalCMCTests" time="0.001"/>
  <testcase name="TestALotOfAdding" classname="LocalCMCTests" time="0.0"/>
  <testcase name="TestALotOfAdding" classname="LocalCMCTests" time="0.001"/>
  <testcase name="TestALotOfAdding" classname="LocalCMCTests" time="0.002"/>
  <testcase name="TestALotOfAdding" classname="LocalCMCTests" time="0.002"/>
  <testcase name="TestALotOfAdding" classname="LocalCMCTests" time="0.004"/>
  <testcase name="TestALotOfAdding" classname="LocalCMCTests" time="0.0"/>
  <testcase name="TestALotOfAdding" classname="LocalCMCTests" time="0.0"/>
  <testcase name="TestALotOfAdding" classname="LocalCMCTests" time="0.0"/>
  <testcase name="TestALotOfAdding" classname="LocalCMCTests" time="0.001"/>
  <testcase name="TestALotOfAdding" classname="LocalCMCTests" time="0.001"/>
  <testcase name="TestALotOfAdding" classname="LocalCMCTests" time="0.003"/>
  <testcase name="TestALotOfAdding" classname="LocalCMCTests" time="0.001"/>
  <testcase name="TestALotOfAdding" classname="LocalCMCTests" time="0.0"/>
  <testcase name="TestALotOfAdding" classname="LocalCMCTests" time="0.002"/>
  <testcase name="TestALotOfAdding" classname="LocalCMCTests" time="0.0"/>
  <testcase name="TestALotOfAdding" classname="LocalCMCTests" time="0.0"/>
  <testcase name="TestALotOfAdding" classname="LocalCMCTests" time="0.002"/>
  <testcase name="TestALotOfAdding" classname="LocalCMCTests" time="0.0"/>
  <testcase name="TestALotOfAdding" classname="LocalCMCTests" time="0.001"/>
  <testcase name="TestALotOfAdding" classname="LocalCMCTests" time="0.001"/>
  <testcase name="TestALotOfAdding" classname="LocalCMCTests" time="0.003"/>
  <testcase name="TestALotOfAdding" classname="LocalCMCTests" time="0.001"/>
  <testcase name="TestALotOfAdding" classname="LocalCMCTests" time="0.001"/>
  <testcase name="TestALotOfAdding" classname="LocalCMCTests" time="0.0"/>
  <testcase name="TestALotOfAdding" classname="LocalCMCTests" time="0.0"/>
  <testcase name="TestALotOfAdding" classname="LocalCMCTests" time="0.001"/>
  <testcase name="TestALotOfAdding" classname="LocalCMCTests" time="0.001"/>
  <testcase name="TestALotOfAdding" classname="LocalCMCTests" time="0.001"/>
  <testcase name="TestALotOfAdding" classname="LocalCMCTests" time="0.002"/>
  <testcase name="TestALotOfAdding" classname="LocalCMCTests" time="0.0"/>
  <testcase name="TestALotOfAdding" classname="LocalCMCTests" time="0.001"/>
  <testcase name="TestALotOfAdding" classname="LocalCMCTests" time="0.0"/>
  <testcase name="TestALotOfAdding" classname="LocalCMCTests" time="0.0"/>
  <testcase name="TestALotOfAdding" classname="LocalCMCTests" time="0.002"/>
  <testcase name="TestALotOfAdding" classname="LocalCMCTests" time="0.002"/>
  <testcase name="TestALotOfAdding" classname="LocalCMCTests" time="0.002"/>
  <testcase name="TestALotOfAdding" classname="LocalCMCTests" time="0.0"/>
  <testcase name="TestALotOfAdding" classname="LocalCMCTests" time="0.001"/>
  <testcase name="TestALotOfAdding" classname="LocalCMCTests" time="0.001"/>
  <testcase name="TestALotOfAdding" classname="LocalCMCTests" time="0.001"/>
  <testcase name="TestALotOfAdding" classname="LocalCMCTests" time="0.001"/>
  <testcase name="TestALotOfAdding" classname="LocalCMCTests" time="0.001"/>
  <testcase name="TestALotOfAdding" classname="LocalCMCTests" time="0.001"/>
  <testcase name="TestALotOfAdding" classname="LocalCMCTests" time="0.002"/>
  <testcase name="TestALotOfAdding" classname="LocalCMCTests" time="0.0"/>
  <testcase name="TestALotOfAdding" classname="LocalCMCTests" time="0.0"/>
  <testcase name="TestALotOfAdding" classname="LocalCMCTests" time="0.0"/>
  <testcase name="TestALotOfAdding" classname="LocalCMCTests" time="0.0"/>
  <testcase name="TestALotOfAdding" classname="LocalCMCTests" time="0.001"/>
  <testcase name="TestALotOfAdding" classname="LocalCMCTests" time="0.001"/>
  <testcase name="TestALotOfAdding" classname="LocalCMCTests" time="0.001"/>
  <testcase name="TestALotOfAdding" classname="LocalCMCTests" time="0.001"/>
  <testcase name="TestALotOfAdding" classname="LocalCMCTests" time="0.001"/>
  <testcase name="TestALotOfAdding" classname="LocalCMCTests" time="0.001"/>
  <testcase name="TestALotOfAdding" classname="LocalCMCTests" time="0.001"/>
  <testcase name="TestALotOfAdding" classname="LocalCMCTests" time="0.0"/>
  <testcase name="TestALotOfAdding" classname="LocalCMCTests" time="0.0"/>
  <testcase name="TestALotOfAdding" classname="LocalCMCTests" time="0.0"/>
  <testcase name="TestALotOfAdding" classname="LocalCMCTests" time="0.0"/>
  <testcase name="TestALotOfAdding" classname="LocalCMCTests" time="0.0"/>
  <testcase name="TestALotOfAdding" classname="LocalCMCTests" time="0.0"/>
  <testcase name="TestALotOfAdding" classname="LocalCMCTests" time="0.001"/>
  <testcase name="TestALotOfAdding" classname="LocalCMCTests" time="0.0"/>
  <testcase name="TestALotOfAdding" classname="LocalCMCTests" time="0.001"/>
  <testcase name="TestALotOfAdding" classname="LocalCMCTests" time="0.001"/>
  <testcase name="TestALotOfAdding" classname="LocalCMCTests" time="0.001"/>
  <testcase name="TestALotOfAdding" classname="LocalCMCTests" time="0.001"/>
  <testcase name="TestALotOfAdding" classname="LocalCMCTests" time="0.001"/>
  <testcase name="TestALotOfAdding" classname="LocalCMCTests" time="0.001"/>
  <testcase name="TestALotOfAdding" classname="LocalCMCTests" time="0.001"/>
  <testcase name="TestALotOfAdding" classname="LocalCMCTests" time="0.001"/>
  <testcase name="TestALotOfAdding" classname="LocalCMCTests" time="0.001"/>
  <testcase name="TestALotOfAdding" classname="LocalCMCTests" time="0.0"/>
  <testcase name="TestALotOfAdding" classname="LocalCMCTests" time="0.0"/>
  <testcase name="TestALotOfAdding" classname="LocalCMCTests" time="0.001"/>
  <testcase name="TestALotOfAdding" classname="LocalCMCTests" time="0.0"/>
  <testcase name="TestALotOfAdding" classname="LocalCMCTests" time="0.0"/>
  <testcase name="TestALotOfAdding" classname="LocalCMCTests" time="0.0"/>
  <testcase name="TestALotOfAdding" classname="LocalCMCTests" time="0.0"/>
  <testcase name="TestALotOfAdding" classname="LocalCMCTests" time="0.0"/>
  <testcase name="TestALotOfAdding" classname="LocalCMCTests" time="0.0"/>
  <testcase name="TestALotOfAdding" classname="LocalCMCTests" time="0.001"/>
  <testcase name="TestALotOfAdding" classname="LocalCMCTests" time="0.001"/>
  <testcase name="TestALotOfAdding" classname="LocalCMCTests" time="0.001"/>
  <testcase name="TestALotOfAdding" classname="LocalCMCTests" time="0.001"/>
  <testcase name="TestALotOfAdding" classname="LocalCMCTests" time="0.002"/>
  <testcase name="TestALotOfAdding" classname="LocalCMCTests" time="0.0"/>
  <testcase name="TestALotOfAdding" classname="LocalCMCTests" time="0.0"/>
  <testcase name="TestALotOfAdding" classname="LocalCMCTests" time="0.0"/>
  <testcase name="TestALotOfAdding" classname="LocalCMCTests" time="0.001"/>
  <testcase name="TestALotOfAdding" classname="LocalCMCTests" time="0.001"/>
  <testcase name="TestALotOfAdding" classname="LocalCMCTests" time="0.001"/>
  <testcase name="TestALotOfAdding" classname="LocalCMCTests" time="0.001"/>
  <testcase name="TestALotOfAdding" classname="LocalCMCTests" time="0.0"/>
  <testcase name="TestALotOfAdding" classname="LocalCMCTests" time="0.0"/>
  <testcase name="TestALotOfAdding" classname="LocalCMCTests" time="0.0"/>
  <testcase name="TestALotOfAdding" classname="LocalCMCTests" time="0.0"/>
  <testcase name="TestALotOfAdding" classname="LocalCMCTests" time="0.0"/>
  <testcase name="TestALotOfAdding" classname="LocalCMCTests" time="0.001"/>
  <testcase name="TestALotOfAdding" classname="LocalCMCTests" time="0.001"/>
  <testcase name="TestALotOfAdding" classname="LocalCMCTests" time="0.002"/>
  <testcase name="TestALotOfAdding" classname="LocalCMCTests" time="0.001"/>
  <testcase name="TestALotOfAdding" classname="LocalCMCTests" time="0.001"/>
  <testcase name="TestALotOfAdding" classname="LocalCMCTests" time="0.0"/>
  <testcase name="TestALotOfAdding" classname="LocalCMCTests" time="0.001"/>
  <testcase name="TestALotOfAdding" classname="LocalCMCTests" time="0.001"/>
  <testcase name="TestALotOfAdding" classname="LocalCMCTests" time="0.0"/>
  <testcase name="TestALotOfAdding" classname="LocalCMCTests" time="0.001"/>
  <testcase name="TestALotOfAdding" classname="LocalCMCTests" time="0.001"/>
  <testcase name="TestALotOfAdding" classname="LocalCMCTests" time="0.0"/>
  <testcase name="TestALotOfAdding" classname="LocalCMCTests" time="0.0"/>
  <testcase name="TestALotOfAdding" classname="LocalCMCTests" time="0.0"/>
  <testcase name="TestALotOfAdding" classname="LocalCMCTests" time="0.0"/>
  <testcase name="TestALotOfAdding" classname="LocalCMCTests" time="0.001"/>
  <testcase name="TestALotOfAdding" classname="LocalCMCTests" time="0.001"/>
  <testcase name="TestALotOfAdding" classname="LocalCMCTests" time="0.001"/>
  <testcase name="TestALotOfAdding" classname="LocalCMCTests" time="0.0"/>
  <testcase name="TestALotOfAdding" classname="LocalCMCTests" time="0.0"/>
  <testcase name="TestALotOfAdding" classname="LocalCMCTests" time="0.0"/>
  <testcase name="TestALotOfAdding" classname="LocalCMCTests" time="0.0"/>
  <testcase name="TestALotOfAdding" classname="LocalCMCTests" time="0.001"/>
  <testcase name="TestALotOfAdding" classname="LocalCMCTests" time="0.001"/>
  <testcase name="TestALotOfAdding" classname="LocalCMCTests" time="0.002"/>
  <testcase name="TestALotOfAdding" classname="LocalCMCTests" time="0.001"/>
  <testcase name="TestALotOfAdding" classname="LocalCMCTests" time="0.0"/>
  <testcase name="TestALotOfAdding" classname="LocalCMCTests" time="0.002"/>
  <testcase name="TestALotOfAdding" classname="LocalCMCTests" time="0.001"/>
  <testcase name="TestALotOfAdding" classname="LocalCMCTests" time="0.001"/>
  <testcase name="TestALotOfAdding" classname="LocalCMCTests" time="0.001"/>
  <testcase name="TestALotOfAdding" classname="LocalCMCTests" time="0.002"/>
  <testcase name="TestALotOfAdding" classname="LocalCMCTests" time="0.0"/>
  <testcase name="TestALotOfAdding" classname="LocalCMCTests" time="0.001"/>
  <testcase name="TestALotOfAdding" classname="LocalCMCTests" time="0.002"/>
  <testcase name="TestALotOfAdding" classname="LocalCMCTests" time="0.001"/>
  <testcase name="TestALotOfAdding" classname="LocalCMCTests" time="0.001"/>
  <testcase name="TestALotOfAdding" classname="LocalCMCTests" time="0.0"/>
  <testcase name="TestALotOfAdding" classname="LocalCMCTests" time="0.0"/>
  <testcase name="TestALotOfAdding" classname="LocalCMCTests" time="0.001"/>
  <testcase name="TestALotOfAdding" classname="LocalCMCTests" time="0.0"/>
  <testcase name="TestALotOfAdding" classname="LocalCMCTests" time="0.0"/>
  <testcase name="TestALotOfAdding" classname="LocalCMCTests" time="0.0"/>
  <testcase name="TestALotOfAdding" classname="LocalCMCTests" time="0.0"/>
  <testcase name="TestALotOfAdding" classname="LocalCMCTests" time="0.001"/>
  <testcase name="TestALotOfAdding" classname="LocalCMCTests" time="0.001"/>
  <testcase name="TestALotOfAdding" classname="LocalCMCTests" time="0.001"/>
  <testcase name="TestALotOfAdding" classname="LocalCMCTests" time="0.001"/>
  <testcase name="TestALotOfAdding" classname="LocalCMCTests" time="0.001"/>
  <testcase name="TestALotOfAdding" classname="LocalCMCTests" time="0.001"/>
  <testcase name="TestALotOfAdding" classname="LocalCMCTests" time="0.001"/>
  <testcase name="TestALotOfAdding" classname="LocalCMCTests" time="0.001"/>
  <testcase name="TestALotOfAdding" classname="LocalCMCTests" time="0.0"/>
  <testcase name="TestALotOfAdding" classname="LocalCMCTests" time="0.001"/>
  <testcase name="TestALotOfAdding" classname="LocalCMCTests" time="0.0"/>
  <testcase name="TestALotOfAdding" classname="LocalCMCTests" time="0.0"/>
  <testcase name="TestALotOfAdding" classname="LocalCMCTests" time="0.0"/>
  <testcase name="TestALotOfAdding" classname="LocalCMCTests" time="0.0"/>
  <testcase name="TestALotOfAdding" classname="LocalCMCTests" time="0.0"/>
  <testcase name="TestALotOfAdding" classname="LocalCMCTests" time="0.001"/>
  <testcase name="TestALotOfAdding" classname="LocalCMCTests" time="0.001"/>
  <testcase name="TestALotOfAdding" classname="LocalCMCTests" time="0.001"/>
  <testcase name="TestALotOfAdding" classname="LocalCMCTests" time="0.0"/>
  <testcase name="TestALotOfAdding" classname="LocalCMCTests" time="0.0"/>
  <testcase name="TestALotOfAdding" classname="LocalCMCTests" time="0.0"/>
  <testcase name="TestALotOfAdding" classname="LocalCMCTests" time="0.0"/>
  <testcase name="TestALotOfAdding" classname="LocalCMCTests" time="0.001"/>
  <testcase name="TestALotOfAdding" classname="LocalCMCTests" time="0.0"/>
  <testcase name="TestALotOfAdding" classname="LocalCMCTests" time="0.0"/>
  <testcase name="TestALotOfAdding" classname="LocalCMCTests" time="0.001"/>
  <testcase name="TestALotOfAdding" classname="LocalCMCTests" time="0.002"/>
  <testcase name="TestALotOfAdding" classname="LocalCMCTests" time="0.001"/>
  <testcase name="TestALotOfAdding" classname="LocalCMCTests" time="0.001"/>
  <testcase name="TestALotOfAdding" classname="LocalCMCTests" time="0.002"/>
  <testcase name="TestALotOfAdding" classname="LocalCMCTests" time="0.001"/>
  <testcase name="TestALotOfAdding" classname="LocalCMCTests" time="0.001"/>
  <testcase name="TestALotOfAdding" classname="LocalCMCTests" time="0.0"/>
  <testcase name="TestALotOfAdding" classname="LocalCMCTests" time="0.0"/>
  <testcase name="TestALotOfAdding" classname="LocalCMCTests" time="0.0"/>
  <testcase name="TestALotOfAdding" classname="LocalCMCTests" time="0.001"/>
  <testcase name="TestALotOfAdding" classname="LocalCMCTests" time="0.0"/>
  <testcase name="TestALotOfAdding" classname="LocalCMCTests" time="0.001"/>
  <testcase name="TestALotOfAdding" classname="LocalCMCTests" time="0.0"/>
  <testcase name="TestALotOfAdding" classname="LocalCMCTests" time="0.001"/>
  <testcase name="TestALotOfAdding" classname="LocalCMCTests" time="0.0"/>
  <testcase name="TestALotOfAdding" classname="LocalCMCTests" time="0.001"/>
  <testcase name="TestALotOfAdding" classname="LocalCMCTests" time="0.001"/>
  <testcase name="TestALotOfAdding" classname="LocalCMCTests" time="0.0"/>
  <testcase name="TestALotOfAdding" classname="LocalCMCTests" time="0.001"/>
  <testcase name="TestALotOfAdding" classname="LocalCMCTests" time="0.001"/>
  <testcase name="TestALotOfAdding" classname="LocalCMCTests" time="0.0"/>
  <testcase name="TestALotOfAdding" classname="LocalCMCTests" time="0.002"/>
  <testcase name="TestALotOfAdding" classname="LocalCMCTests" time="0.0"/>
  <testcase name="TestALotOfAdding" classname="LocalCMCTests" time="0.0"/>
  <testcase name="TestALotOfAdding" classname="LocalCMCTests" time="0.0"/>
  <testcase name="TestALotOfAdding" classname="LocalCMCTests" time="0.001"/>
  <testcase name="TestALotOfAdding" classname="LocalCMCTests" time="0.001"/>
  <testcase name="TestALotOfAdding" classname="LocalCMCTests" time="0.0"/>
  <testcase name="TestALotOfAdding" classname="LocalCMCTests" time="0.002"/>
  <testcase name="TestALotOfAdding" classname="LocalCMCTests" time="0.001"/>
  <testcase name="TestALotOfAdding" classname="LocalCMCTests" time="0.0"/>
  <testcase name="TestALotOfAdding" classname="LocalCMCTests" time="0.001"/>
  <testcase name="TestALotOfAdding" classname="LocalCMCTests" time="0.001"/>
  <testcase name="TestALotOfAdding" classname="LocalCMCTests" time="0.001"/>
  <testcase name="TestALotOfAdding" classname="LocalCMCTests" time="0.001"/>
  <testcase name="TestALotOfAdding" classname="LocalCMCTests" time="0.001"/>
  <testcase name="TestALotOfAdding" classname="LocalCMCTests" time="0.0"/>
  <testcase name="TestALotOfAdding" classname="LocalCMCTests" time="0.0"/>
  <testcase name="TestALotOfAdding" classname="LocalCMCTests" time="0.0"/>
  <testcase name="TestALotOfAdding" classname="LocalCMCTests" time="0.0"/>
  <testcase name="TestALotOfAdding" classname="LocalCMCTests" time="0.0"/>
  <testcase name="TestALotOfAdding" classname="LocalCMCTests" time="0.0"/>
  <testcase name="TestALotOfAdding" classname="LocalCMCTests" time="0.0"/>
  <testcase name="TestALotOfAdding" classname="LocalCMCTests" time="0.002"/>
  <testcase name="TestALotOfAdding" classname="LocalCMCTests" time="0.002"/>
  <testcase name="TestALotOfAdding" classname="LocalCMCTests" time="0.001"/>
  <testcase name="TestALotOfAdding" classname="LocalCMCTests" time="0.001"/>
  <testcase name="TestALotOfAdding" classname="LocalCMCTests" time="0.001"/>
  <testcase name="TestALotOfAdding" classname="LocalCMCTests" time="0.0"/>
  <testcase name="TestALotOfAdding" classname="LocalCMCTests" time="0.001"/>
  <testcase name="TestALotOfAdding" classname="LocalCMCTests" time="0.0"/>
  <testcase name="TestALotOfAdding" classname="LocalCMCTests" time="0.001"/>
  <testcase name="TestALotOfAdding" classname="LocalCMCTests" time="0.0"/>
  <testcase name="TestALotOfAdding" classname="LocalCMCTests" time="0.001"/>
  <testcase name="TestALotOfAdding" classname="LocalCMCTests" time="0.0"/>
  <testcase name="TestALotOfAdding" classname="LocalCMCTests" time="0.002"/>
  <testcase name="TestALotOfAdding" classname="LocalCMCTests" time="0.001"/>
  <testcase name="TestALotOfAdding" classname="LocalCMCTests" time="0.0"/>
  <testcase name="TestALotOfAdding" classname="LocalCMCTests" time="0.001"/>
  <testcase name="TestALotOfAdding" classname="LocalCMCTests" time="0.001"/>
  <testcase name="TestALotOfAdding" classname="LocalCMCTests" time="0.0"/>
  <testcase name="TestALotOfAdding" classname="LocalCMCTests" time="0.001"/>
  <testcase name="TestALotOfAdding" classname="LocalCMCTests" time="0.0"/>
  <testcase name="TestALotOfAdding" classname="LocalCMCTests" time="0.001"/>
  <testcase name="TestALotOfAdding" classname="LocalCMCTests" time="0.0"/>
  <testcase name="TestALotOfAdding" classname="LocalCMCTests" time="0.001"/>
  <testcase name="TestALotOfAdding" classname="LocalCMCTests" time="0.001"/>
  <testcase name="TestALotOfAdding" classname="LocalCMCTests" time="0.0"/>
  <testcase name="TestALotOfAdding" classname="LocalCMCTests" time="0.0"/>
  <testcase name="TestALotOfAdding" classname="LocalCMCTests" time="0.001"/>
  <testcase name="TestALotOfAdding" classname="LocalCMCTests" time="0.001"/>
  <testcase name="TestALotOfAdding" classname="LocalCMCTests" time="0.0"/>
  <testcase name="TestALotOfAdding" classname="LocalCMCTests" time="0.001"/>
  <testcase name="TestALotOfAdding" classname="LocalCMCTests" time="0.001"/>
  <testcase name="TestALotOfAdding" classname="LocalCMCTests" time="0.002"/>
  <testcase name="TestALotOfAdding" classname="LocalCMCTests" time="0.001"/>
  <testcase name="TestALotOfAdding" classname="LocalCMCTests" time="0.0"/>
  <testcase name="TestALotOfAdding" classname="LocalCMCTests" time="0.001"/>
  <testcase name="TestALotOfAdding" classname="LocalCMCTests" time="0.001"/>
  <testcase name="TestALotOfAdding" classname="LocalCMCTests" time="0.001"/>
  <testcase name="TestALotOfAdding" classname="LocalCMCTests" time="0.0"/>
  <testcase name="TestALotOfAdding" classname="LocalCMCTests" time="0.0"/>
  <testcase name="TestALotOfAdding" classname="LocalCMCTests" time="0.0"/>
  <testcase name="TestALotOfAdding" classname="LocalCMCTests" time="0.0"/>
  <testcase name="TestALotOfAdding" classname="LocalCMCTests" time="0.001"/>
  <testcase name="TestALotOfAdding" classname="LocalCMCTests" time="0.001"/>
  <testcase name="TestALotOfAdding" classname="LocalCMCTests" time="0.001"/>
  <testcase name="TestALotOfAdding" classname="LocalCMCTests" time="0.001"/>
  <testcase name="TestALotOfAdding" classname="LocalCMCTests" time="0.0"/>
  <testcase name="TestALotOfAdding" classname="LocalCMCTests" time="0.001"/>
  <testcase name="TestALotOfAdding" classname="LocalCMCTests" time="0.001"/>
  <testcase name="TestALotOfAdding" classname="LocalCMCTests" time="0.0"/>
  <testcase name="TestALotOfAdding" classname="LocalCMCTests" time="0.0"/>
  <testcase name="TestALotOfAdding" classname="LocalCMCTests" time="0.0"/>
  <testcase name="TestALotOfAdding" classname="LocalCMCTests" time="0.0"/>
  <testcase name="TestALotOfAdding" classname="LocalCMCTests" time="0.0"/>
  <testcase name="TestALotOfAdding" classname="LocalCMCTests" time="0.001"/>
  <testcase name="TestALotOfAdding" classname="LocalCMCTests" time="0.0"/>
  <testcase name="TestALotOfAdding" classname="LocalCMCTests" time="0.001"/>
  <testcase name="TestALotOfAdding" classname="LocalCMCTests" time="0.001"/>
  <testcase name="TestALotOfAdding" classname="LocalCMCTests" time="0.0"/>
  <testcase name="TestALotOfAdding" classname="LocalCMCTests" time="0.001"/>
  <testcase name="TestALotOfAdding" classname="LocalCMCTests" time="0.001"/>
  <testcase name="TestALotOfAdding" classname="LocalCMCTests" time="0.001"/>
  <testcase name="TestALotOfAdding" classname="LocalCMCTests" time="0.0"/>
  <testcase name="TestALotOfAdding" classname="LocalCMCTests" time="0.001"/>
  <testcase name="TestALotOfAdding" classname="LocalCMCTests" time="0.001"/>
  <testcase name="TestALotOfAdding" classname="LocalCMCTests" time="0.0"/>
  <testcase name="TestALotOfAdding" classname="LocalCMCTests" time="0.001"/>
  <testcase name="TestALotOfAdding" classname="LocalCMCTests" time="0.0"/>
  <testcase name="TestALotOfAdding" classname="LocalCMCTests" time="0.0"/>
  <testcase name="TestALotOfAdding" classname="LocalCMCTests" time="0.0"/>
  <testcase name="TestALotOfAdding" classname="LocalCMCTests" time="0.001"/>
  <testcase name="TestALotOfAdding" classname="LocalCMCTests" time="0.001"/>
  <testcase name="TestALotOfAdding" classname="LocalCMCTests" time="0.0"/>
  <testcase name="TestALotOfAdding" classname="LocalCMCTests" time="0.0"/>
  <testcase name="TestALotOfAdding" classname="LocalCMCTests" time="0.001"/>
  <testcase name="TestALotOfAdding" classname="LocalCMCTests" time="0.001"/>
  <testcase name="TestALotOfAdding" classname="LocalCMCTests" time="0.001"/>
  <testcase name="TestALotOfAdding" classname="LocalCMCTests" time="0.001"/>
  <testcase name="TestALotOfAdding" classname="LocalCMCTests" time="0.001"/>
  <testcase name="TestALotOfAdding" classname="LocalCMCTests" time="0.001"/>
  <testcase name="TestALotOfAdding" classname="LocalCMCTests" time="0.001"/>
  <testcase name="TestALotOfAdding" classname="LocalCMCTests" time="0.0"/>
  <testcase name="TestALotOfAdding" classname="LocalCMCTests" time="0.0"/>
  <testcase name="TestALotOfAdding" classname="LocalCMCTests" time="0.0"/>
  <testcase name="TestALotOfAdding" classname="LocalCMCTests" time="0.0"/>
  <testcase name="TestALotOfAdding" classname="LocalCMCTests" time="0.002"/>
  <testcase name="TestALotOfAdding" classname="LocalCMCTests" time="0.002"/>
  <testcase name="TestALotOfAdding" classname="LocalCMCTests" time="0.0"/>
  <testcase name="TestALotOfAdding" classname="LocalCMCTests" time="0.002"/>
  <testcase name="TestALotOfAdding" classname="LocalCMCTests" time="0.0"/>
  <testcase name="TestALotOfAdding" classname="LocalCMCTests" time="0.0"/>
  <testcase name="TestALotOfAdding" classname="LocalCMCTests" time="0.001"/>
  <testcase name="TestALotOfAdding" classname="LocalCMCTests" time="0.003"/>
  <testcase name="TestALotOfAdding" classname="LocalCMCTests" time="0.003"/>
  <testcase name="TestALotOfAdding" classname="LocalCMCTests" time="0.003"/>
  <testcase name="TestALotOfAdding" classname="LocalCMCTests" time="0.004"/>
  <testcase name="TestALotOfAdding" classname="LocalCMCTests" time="0.0"/>
  <testcase name="TestALotOfAdding" classname="LocalCMCTests" time="0.0"/>
  <testcase name="TestALotOfAdding" classname="LocalCMCTests" time="0.001"/>
  <testcase name="TestALotOfAdding" classname="LocalCMCTests" time="0.003"/>
  <testcase name="TestALotOfAdding" classname="LocalCMCTests" time="0.0"/>
  <testcase name="TestALotOfAdding" classname="LocalCMCTests" time="0.001"/>
  <testcase name="TestALotOfAdding" classname="LocalCMCTests" time="0.001"/>
  <testcase name="TestALotOfAdding" classname="LocalCMCTests" time="0.0"/>
  <testcase name="TestALotOfAdding" classname="LocalCMCTests" time="0.001"/>
  <testcase name="TestALotOfAdding" classname="LocalCMCTests" time="0.001"/>
  <testcase name="TestALotOfAdding" classname="LocalCMCTests" time="0.001"/>
  <testcase name="TestALotOfAdding" classname="LocalCMCTests" time="0.0"/>
  <testcase name="TestALotOfAdding" classname="LocalCMCTests" time="0.0"/>
  <testcase name="TestALotOfAdding" classname="LocalCMCTests" time="0.001"/>
  <testcase name="TestALotOfAdding" classname="LocalCMCTests" time="0.001"/>
  <testcase name="TestALotOfAdding" classname="LocalCMCTests" time="0.0"/>
  <testcase name="TestALotOfAdding" classname="LocalCMCTests" time="0.0"/>
  <testcase name="TestALotOfAdding" classname="LocalCMCTests" time="0.001"/>
  <testcase name="TestALotOfAdding" classname="LocalCMCTests" time="0.001"/>
  <testcase name="TestALotOfAdding" classname="LocalCMCTests" time="0.001"/>
  <testcase name="TestALotOfAdding" classname="LocalCMCTests" time="0.0"/>
  <testcase name="TestALotOfAdding" classname="LocalCMCTests" time="0.002"/>
  <testcase name="TestALotOfAdding" classname="LocalCMCTests" time="0.001"/>
  <testcase name="TestALotOfAdding" classname="LocalCMCTests" time="0.0"/>
  <testcase name="TestALotOfAdding" classname="LocalCMCTests" time="0.001"/>
  <testcase name="TestALotOfAdding" classname="LocalCMCTests" time="0.001"/>
  <testcase name="TestALotOfAdding" classname="LocalCMCTests" time="0.001"/>
  <testcase name="TestALotOfAdding" classname="LocalCMCTests" time="0.001"/>
  <testcase name="TestALotOfAdding" classname="LocalCMCTests" time="0.0"/>
  <testcase name="TestALotOfAdding" classname="LocalCMCTests" time="0.0"/>
  <testcase name="TestALotOfAdding" classname="LocalCMCTests" time="0.0"/>
  <testcase name="TestALotOfAdding" classname="LocalCMCTests" time="0.0"/>
  <testcase name="TestALotOfAdding" classname="LocalCMCTests" time="0.0"/>
  <testcase name="TestALotOfAdding" classname="LocalCMCTests" time="0.0"/>
  <testcase name="TestALotOfAdding" classname="LocalCMCTests" time="0.0"/>
  <testcase name="TestALotOfAdding" classname="LocalCMCTests" time="0.002"/>
  <testcase name="TestALotOfAdding" classname="LocalCMCTests" time="0.001"/>
  <testcase name="TestALotOfAdding" classname="LocalCMCTests" time="0.0"/>
  <testcase name="TestALotOfAdding" classname="LocalCMCTests" time="0.002"/>
  <testcase name="TestALotOfAdding" classname="LocalCMCTests" time="0.0"/>
  <testcase name="TestALotOfAdding" classname="LocalCMCTests" time="0.0"/>
  <testcase name="TestALotOfAdding" classname="LocalCMCTests" time="0.001"/>
  <testcase name="TestALotOfAdding" classname="LocalCMCTests" time="0.001"/>
  <testcase name="TestALotOfAdding" classname="LocalCMCTests" time="0.001"/>
  <testcase name="TestALotOfAdding" classname="LocalCMCTests" time="0.001"/>
  <testcase name="TestALotOfAdding" classname="LocalCMCTests" time="0.002"/>
  <testcase name="TestALotOfAdding" classname="LocalCMCTests" time="0.0"/>
  <testcase name="TestALotOfAdding" classname="LocalCMCTests" time="0.0"/>
  <testcase name="TestALotOfAdding" classname="LocalCMCTests" time="0.0"/>
  <testcase name="TestALotOfAdding" classname="LocalCMCTests" time="0.0"/>
  <testcase name="TestALotOfAdding" classname="LocalCMCTests" time="0.0"/>
  <testcase name="TestALotOfAdding" classname="LocalCMCTests" time="0.001"/>
  <testcase name="TestALotOfAdding" classname="LocalCMCTests" time="0.002"/>
  <testcase name="TestALotOfAdding" classname="LocalCMCTests" time="0.001"/>
  <testcase name="TestALotOfAdding" classname="LocalCMCTests" time="0.0"/>
  <testcase name="TestALotOfAdding" classname="LocalCMCTests" time="0.0"/>
  <testcase name="TestALotOfAdding" classname="LocalCMCTests" time="0.0"/>
  <testcase name="TestALotOfAdding" classname="LocalCMCTests" time="0.0"/>
  <testcase name="TestALotOfAdding" classname="LocalCMCTests" time="0.001"/>
  <testcase name="TestALotOfAdding" classname="LocalCMCTests" time="0.001"/>
  <testcase name="TestALotOfAdding" classname="LocalCMCTests" time="0.0"/>
  <testcase name="TestALotOfAdding" classname="LocalCMCTests" time="0.001"/>
  <testcase name="TestALotOfAdding" classname="LocalCMCTests" time="0.001"/>
  <testcase name="TestALotOfAdding" classname="LocalCMCTests" time="0.0"/>
  <testcase name="TestALotOfAdding" classname="LocalCMCTests" time="0.0"/>
  <testcase name="TestALotOfAdding" classname="LocalCMCTests" time="0.001"/>
  <testcase name="TestALotOfAdding" classname="LocalCMCTests" time="0.001"/>
  <testcase name="TestALotOfAdding" classname="LocalCMCTests" time="0.001"/>
  <testcase name="TestALotOfAdding" classname="LocalCMCTests" time="0.002"/>
  <testcase name="TestALotOfAdding" classname="LocalCMCTests" time="0.001"/>
  <testcase name="TestALotOfAdding" classname="LocalCMCTests" time="0.0"/>
  <testcase name="TestALotOfAdding" classname="LocalCMCTests" time="0.001"/>
  <testcase name="TestALotOfAdding" classname="LocalCMCTests" time="0.002"/>
  <testcase name="TestALotOfAdding" classname="LocalCMCTests" time="0.001"/>
  <testcase name="TestALotOfAdding" classname="LocalCMCTests" time="0.0"/>
  <testcase name="TestALotOfAdding" classname="LocalCMCTests" time="0.0"/>
  <testcase name="TestALotOfAdding" classname="LocalCMCTests" time="0.001"/>
  <testcase name="TestALotOfAdding" classname="LocalCMCTests" time="0.0"/>
  <testcase name="TestALotOfAdding" classname="LocalCMCTests" time="0.0"/>
  <testcase name="TestALotOfAdding" classname="LocalCMCTests" time="0.0"/>
  <testcase name="TestALotOfAdding" classname="LocalCMCTests" time="0.0"/>
  <testcase name="TestALotOfAdding" classname="LocalCMCTests" time="0.001"/>
  <testcase name="TestALotOfAdding" classname="LocalCMCTests" time="0.001"/>
  <testcase name="TestALotOfAdding" classname="LocalCMCTests" time="0.001"/>
  <testcase name="TestALotOfAdding" classname="LocalCMCTests" time="0.0"/>
  <testcase name="TestALotOfAdding" classname="LocalCMCTests" time="0.001"/>
  <testcase name="TestALotOfAdding" classname="LocalCMCTests" time="0.001"/>
  <testcase name="TestALotOfAdding" classname="LocalCMCTests" time="0.001"/>
  <testcase name="TestALotOfAdding" classname="LocalCMCTests" time="0.001"/>
  <testcase name="TestALotOfAdding" classname="LocalCMCTests" time="0.0"/>
  <testcase name="TestALotOfAdding" classname="LocalCMCTests" time="0.001"/>
  <testcase name="TestALotOfAdding" classname="LocalCMCTests" time="0.0"/>
  <testcase name="TestALotOfAdding" classname="LocalCMCTests" time="0.0"/>
  <testcase name="TestALotOfAdding" classname="LocalCMCTests" time="0.001"/>
  <testcase name="TestALotOfAdding" classname="LocalCMCTests" time="0.0"/>
  <testcase name="TestALotOfAdding" classname="LocalCMCTests" time="0.001"/>
  <testcase name="TestALotOfAdding" classname="LocalCMCTests" time="0.001"/>
  <testcase name="TestALotOfAdding" classname="LocalCMCTests" time="0.0"/>
  <testcase name="TestALotOfAdding" classname="LocalCMCTests" time="0.001"/>
  <testcase name="TestALotOfAdding" classname="LocalCMCTests" time="0.001"/>
  <testcase name="TestALotOfAdding" classname="LocalCMCTests" time="0.001"/>
  <testcase name="TestALotOfAdding" classname="LocalCMCTests" time="0.0"/>
  <testcase name="TestALotOfAdding" classname="LocalCMCTests" time="0.0"/>
  <testcase name="TestALotOfAdding" classname="LocalCMCTests" time="0.0"/>
  <testcase name="TestALotOfAdding" classname="LocalCMCTests" time="0.0"/>
  <testcase name="TestALotOfAdding" classname="LocalCMCTests" time="0.0"/>
  <testcase name="TestALotOfAdding" classname="LocalCMCTests" time="0.002"/>
  <testcase name="TestALotOfAdding" classname="LocalCMCTests" time="0.0"/>
  <testcase name="TestALotOfAdding" classname="LocalCMCTests" time="0.001"/>
  <testcase name="TestALotOfAdding" classname="LocalCMCTests" time="0.001"/>
  <testcase name="TestALotOfAdding" classname="LocalCMCTests" time="0.002"/>
  <testcase name="TestALotOfAdding" classname="LocalCMCTests" time="0.0"/>
  <testcase name="TestALotOfAdding" classname="LocalCMCTests" time="0.001"/>
  <testcase name="TestALotOfAdding" classname="LocalCMCTests" time="0.0"/>
  <testcase name="TestALotOfAdding" classname="LocalCMCTests" time="0.0"/>
  <testcase name="TestALotOfAdding" classname="LocalCMCTests" time="0.0"/>
  <testcase name="TestALotOfAdding" classname="LocalCMCTests" time="0.0"/>
  <testcase name="TestALotOfAdding" classname="LocalCMCTests" time="0.001"/>
  <testcase name="TestALotOfAdding" classname="LocalCMCTests" time="0.001"/>
  <testcase name="TestALotOfAdding" classname="LocalCMCTests" time="0.002"/>
  <testcase name="TestALotOfAdding" classname="LocalCMCTests" time="0.0"/>
  <testcase name="TestALotOfAdding" classname="LocalCMCTests" time="0.0"/>
  <testcase name="TestALotOfAdding" classname="LocalCMCTests" time="0.0"/>
  <testcase name="TestALotOfAdding" classname="LocalCMCTests" time="0.0"/>
  <testcase name="TestALotOfAdding" classname="LocalCMCTests" time="0.001"/>
  <testcase name="TestALotOfAdding" classname="LocalCMCTests" time="0.001"/>
  <testcase name="TestALotOfAdding" classname="LocalCMCTests" time="0.001"/>
  <testcase name="TestALotOfAdding" classname="LocalCMCTests" time="0.0"/>
  <testcase name="TestALotOfAdding" classname="LocalCMCTests" time="0.021"/>
  <testcase name="TestALotOfAdding" classname="LocalCMCTests" time="0.002"/>
  <testcase name="TestALotOfAdding" classname="LocalCMCTests" time="0.001"/>
  <testcase name="TestALotOfAdding" classname="LocalCMCTests" time="0.0"/>
  <testcase name="TestALotOfAdding" classname="LocalCMCTests" time="0.001"/>
  <testcase name="TestALotOfAdding" classname="LocalCMCTests" time="0.001"/>
  <testcase name="TestALotOfAdding" classname="LocalCMCTests" time="0.0"/>
  <testcase name="TestALotOfAdding" classname="LocalCMCTests" time="0.001"/>
  <testcase name="TestALotOfAdding" classname="LocalCMCTests" time="0.004"/>
  <testcase name="TestALotOfAdding" classname="LocalCMCTests" time="0.0"/>
  <testcase name="TestALotOfAdding" classname="LocalCMCTests" time="0.0"/>
  <testcase name="TestALotOfAdding" classname="LocalCMCTests" time="0.0"/>
  <testcase name="TestALotOfAdding" classname="LocalCMCTests" time="0.001"/>
  <testcase name="TestALotOfAdding" classname="LocalCMCTests" time="0.0"/>
  <testcase name="TestALotOfAdding" classname="LocalCMCTests" time="0.0"/>
  <testcase name="TestALotOfAdding" classname="LocalCMCTests" time="0.001"/>
  <testcase name="TestALotOfAdding" classname="LocalCMCTests" time="0.001"/>
  <testcase name="TestALotOfAdding" classname="LocalCMCTests" time="0.001"/>
  <testcase name="TestALotOfAdding" classname="LocalCMCTests" time="0.001"/>
  <testcase name="TestALotOfAdding" classname="LocalCMCTests" time="0.001"/>
  <testcase name="TestALotOfAdding" classname="LocalCMCTests" time="0.001"/>
  <testcase name="TestALotOfAdding" classname="LocalCMCTests" time="0.0"/>
  <testcase name="TestALotOfAdding" classname="LocalCMCTests" time="0.001"/>
  <testcase name="TestALotOfAdding" classname="LocalCMCTests" time="0.0"/>
  <testcase name="TestALotOfAdding" classname="LocalCMCTests" time="0.001"/>
  <testcase name="TestALotOfAdding" classname="LocalCMCTests" time="0.001"/>
  <testcase name="TestALotOfAdding" classname="LocalCMCTests" time="0.001"/>
  <testcase name="TestALotOfAdding" classname="LocalCMCTests" time="0.0"/>
  <testcase name="TestALotOfAdding" classname="LocalCMCTests" time="0.0"/>
  <testcase name="TestALotOfAdding" classname="LocalCMCTests" time="0.0"/>
  <testcase name="TestALotOfAdding" classname="LocalCMCTests" time="0.001"/>
  <testcase name="TestALotOfAdding" classname="LocalCMCTests" time="0.002"/>
  <testcase name="TestALotOfAdding" classname="LocalCMCTests" time="0.001"/>
  <testcase name="TestALotOfAdding" classname="LocalCMCTests" time="0.001"/>
  <testcase name="TestALotOfAdding" classname="LocalCMCTests" time="0.0"/>
  <testcase name="TestALotOfAdding" classname="LocalCMCTests" time="0.001"/>
  <testcase name="TestALotOfAdding" classname="LocalCMCTests" time="0.0"/>
  <testcase name="TestALotOfAdding" classname="LocalCMCTests" time="0.001"/>
  <testcase name="TestALotOfAdding" classname="LocalCMCTests" time="0.001"/>
  <testcase name="TestALotOfAdding" classname="LocalCMCTests" time="0.0"/>
  <testcase name="TestALotOfAdding" classname="LocalCMCTests" time="0.0"/>
  <testcase name="TestALotOfAdding" classname="LocalCMCTests" time="0.001"/>
  <testcase name="TestALotOfAdding" classname="LocalCMCTests" time="0.0"/>
  <testcase name="TestALotOfAdding" classname="LocalCMCTests" time="0.0"/>
  <testcase name="TestALotOfAdding" classname="LocalCMCTests" time="0.0"/>
  <testcase name="TestALotOfAdding" classname="LocalCMCTests" time="0.0"/>
  <testcase name="TestALotOfAdding" classname="LocalCMCTests" time="0.001"/>
  <testcase name="TestALotOfAdding" classname="LocalCMCTests" time="0.001"/>
  <testcase name="TestALotOfAdding" classname="LocalCMCTests" time="0.001"/>
  <testcase name="TestALotOfAdding" classname="LocalCMCTests" time="0.001"/>
  <testcase name="TestALotOfAdding" classname="LocalCMCTests" time="0.0"/>
  <testcase name="TestALotOfAdding" classname="LocalCMCTests" time="0.001"/>
  <testcase name="TestALotOfAdding" classname="LocalCMCTests" time="0.001"/>
  <testcase name="TestALotOfAdding" classname="LocalCMCTests" time="0.001"/>
  <testcase name="TestALotOfAdding" classname="LocalCMCTests" time="0.0"/>
  <testcase name="TestALotOfAdding" classname="LocalCMCTests" time="0.001"/>
  <testcase name="TestALotOfAdding" classname="LocalCMCTests" time="0.001"/>
  <testcase name="TestALotOfAdding" classname="LocalCMCTests" time="0.001"/>
  <testcase name="TestALotOfAdding" classname="LocalCMCTests" time="0.002"/>
  <testcase name="TestALotOfAdding" classname="LocalCMCTests" time="0.0"/>
  <testcase name="TestALotOfAdding" classname="LocalCMCTests" time="0.0"/>
  <testcase name="TestALotOfAdding" classname="LocalCMCTests" time="0.0"/>
  <testcase name="TestALotOfAdding" classname="LocalCMCTests" time="0.0"/>
  <testcase name="TestALotOfAdding" classname="LocalCMCTests" time="0.001"/>
  <testcase name="TestALotOfAdding" classname="LocalCMCTests" time="0.001"/>
  <testcase name="TestALotOfAdding" classname="LocalCMCTests" time="0.001"/>
  <testcase name="TestALotOfAdding" classname="LocalCMCTests" time="0.001"/>
  <testcase name="TestALotOfAdding" classname="LocalCMCTests" time="0.0"/>
  <testcase name="TestALotOfAdding" classname="LocalCMCTests" time="0.0"/>
  <testcase name="TestALotOfAdding" classname="LocalCMCTests" time="0.001"/>
  <testcase name="TestALotOfAdding" classname="LocalCMCTests" time="0.001"/>
  <testcase name="TestALotOfAdding" classname="LocalCMCTests" time="0.001"/>
  <testcase name="TestALotOfAdding" classname="LocalCMCTests" time="0.001"/>
  <testcase name="TestALotOfAdding" classname="LocalCMCTests" time="0.0"/>
  <testcase name="TestALotOfAdding" classname="LocalCMCTests" time="0.0"/>
  <testcase name="TestALotOfAdding" classname="LocalCMCTests" time="0.0"/>
  <testcase name="TestALotOfAdding" classname="LocalCMCTests" time="0.001"/>
  <testcase name="TestALotOfAdding" classname="LocalCMCTests" time="0.001"/>
  <testcase name="TestALotOfAdding" classname="LocalCMCTests" time="0.0"/>
  <testcase name="TestALotOfAdding" classname="LocalCMCTests" time="0.0"/>
  <testcase name="TestALotOfAdding" classname="LocalCMCTests" time="0.002"/>
  <testcase name="TestALotOfAdding" classname="LocalCMCTests" time="0.0"/>
  <testcase name="TestALotOfAdding" classname="LocalCMCTests" time="0.001"/>
  <testcase name="TestALotOfAdding" classname="LocalCMCTests" time="0.002"/>
  <testcase name="TestALotOfAdding" classname="LocalCMCTests" time="0.0"/>
  <testcase name="TestALotOfAdding" classname="LocalCMCTests" time="0.001"/>
  <testcase name="TestALotOfAdding" classname="LocalCMCTests" time="0.001"/>
  <testcase name="TestALotOfAdding" classname="LocalCMCTests" time="0.001"/>
  <testcase name="TestALotOfAdding" classname="LocalCMCTests" time="0.001"/>
  <testcase name="TestALotOfAdding" classname="LocalCMCTests" time="0.0"/>
  <testcase name="TestALotOfAdding" classname="LocalCMCTests" time="0.0"/>
  <testcase name="TestALotOfAdding" classname="LocalCMCTests" time="0.0"/>
  <testcase name="TestALotOfAdding" classname="LocalCMCTests" time="0.001"/>
  <testcase name="TestALotOfAdding" classname="LocalCMCTests" time="0.001"/>
  <testcase name="TestALotOfAdding" classname="LocalCMCTests" time="0.0"/>
  <testcase name="TestALotOfAdding" classname="LocalCMCTests" time="0.001"/>
  <testcase name="TestALotOfAdding" classname="LocalCMCTests" time="0.001"/>
  <testcase name="TestALotOfAdding" classname="LocalCMCTests" time="0.001"/>
  <testcase name="TestALotOfAdding" classname="LocalCMCTests" time="0.0"/>
  <testcase name="TestALotOfAdding" classname="LocalCMCTests" time="0.0"/>
  <testcase name="TestALotOfAdding" classname="LocalCMCTests" time="0.001"/>
  <testcase name="TestALotOfAdding" classname="LocalCMCTests" time="0.001"/>
  <testcase name="TestALotOfAdding" classname="LocalCMCTests" time="0.0"/>
  <testcase name="TestALotOfAdding" classname="LocalCMCTests" time="0.001"/>
  <testcase name="TestALotOfAdding" classname="LocalCMCTests" time="0.001"/>
  <testcase name="TestALotOfAdding" classname="LocalCMCTests" time="0.002"/>
  <testcase name="TestALotOfAdding" classname="LocalCMCTests" time="0.002"/>
  <testcase name="TestALotOfAdding" classname="LocalCMCTests" time="0.0"/>
  <testcase name="TestALotOfAdding" classname="LocalCMCTests" time="0.001"/>
  <testcase name="TestALotOfAdding" classname="LocalCMCTests" time="0.001"/>
  <testcase name="TestALotOfAdding" classname="LocalCMCTests" time="0.001"/>
  <testcase name="TestALotOfAdding" classname="LocalCMCTests" time="0.001"/>
  <testcase name="TestALotOfAdding" classname="LocalCMCTests" time="0.0"/>
  <testcase name="TestALotOfAdding" classname="LocalCMCTests" time="0.001"/>
  <testcase name="TestALotOfAdding" classname="LocalCMCTests" time="0.0"/>
  <testcase name="TestALotOfAdding" classname="LocalCMCTests" time="0.0"/>
  <testcase name="TestALotOfAdding" classname="LocalCMCTests" time="0.0"/>
  <testcase name="TestALotOfAdding" classname="LocalCMCTests" time="0.001"/>
  <testcase name="TestALotOfAdding" classname="LocalCMCTests" time="0.0"/>
  <testcase name="TestALotOfAdding" classname="LocalCMCTests" time="0.0"/>
  <testcase name="TestALotOfAdding" classname="LocalCMCTests" time="0.001"/>
  <testcase name="TestALotOfAdding" classname="LocalCMCTests" time="0.0"/>
  <testcase name="TestALotOfAdding" classname="LocalCMCTests" time="0.001"/>
  <testcase name="TestALotOfAdding" classname="LocalCMCTests" time="0.001"/>
  <testcase name="TestALotOfAdding" classname="LocalCMCTests" time="0.001"/>
  <testcase name="TestALotOfAdding" classname="LocalCMCTests" time="0.001"/>
  <testcase name="TestALotOfAdding" classname="LocalCMCTests" time="0.001"/>
  <testcase name="TestALotOfAdding" classname="LocalCMCTests" time="0.001"/>
  <testcase name="TestALotOfAdding" classname="LocalCMCTests" time="0.0"/>
  <testcase name="TestALotOfAdding" classname="LocalCMCTests" time="0.0"/>
  <testcase name="TestALotOfAdding" classname="LocalCMCTests" time="0.0"/>
  <testcase name="TestALotOfAdding" classname="LocalCMCTests" time="0.001"/>
  <testcase name="TestALotOfAdding" classname="LocalCMCTests" time="0.001"/>
  <testcase name="TestALotOfAdding" classname="LocalCMCTests" time="0.002"/>
  <testcase name="TestALotOfAdding" classname="LocalCMCTests" time="0.001"/>
  <testcase name="TestALotOfAdding" classname="LocalCMCTests" time="0.001"/>
  <testcase name="TestALotOfAdding" classname="LocalCMCTests" time="0.001"/>
  <testcase name="TestALotOfAdding" classname="LocalCMCTests" time="0.003"/>
  <testcase name="TestALotOfAdding" classname="LocalCMCTests" time="0.0"/>
  <testcase name="TestALotOfAdding" classname="LocalCMCTests" time="0.0"/>
  <testcase name="TestALotOfAdding" classname="LocalCMCTests" time="0.001"/>
  <testcase name="TestALotOfAdding" classname="LocalCMCTests" time="0.001"/>
  <testcase name="TestALotOfAdding" classname="LocalCMCTests" time="0.001"/>
  <testcase name="TestALotOfAdding" classname="LocalCMCTests" time="0.001"/>
  <testcase name="TestALotOfAdding" classname="LocalCMCTests" time="0.0"/>
  <testcase name="TestALotOfAdding" classname="LocalCMCTests" time="0.001"/>
  <testcase name="TestALotOfAdding" classname="LocalCMCTests" time="0.001"/>
  <testcase name="TestALotOfAdding" classname="LocalCMCTests" time="0.0"/>
  <testcase name="TestALotOfAdding" classname="LocalCMCTests" time="0.001"/>
  <testcase name="TestALotOfAdding" classname="LocalCMCTests" time="0.001"/>
  <testcase name="TestALotOfAdding" classname="LocalCMCTests" time="0.001"/>
  <testcase name="TestALotOfAdding" classname="LocalCMCTests" time="0.0"/>
  <testcase name="TestALotOfAdding" classname="LocalCMCTests" time="0.0"/>
  <testcase name="TestALotOfAdding" classname="LocalCMCTests" time="0.0"/>
  <testcase name="TestALotOfAdding" classname="LocalCMCTests" time="0.0"/>
  <testcase name="TestALotOfAdding" classname="LocalCMCTests" time="0.001"/>
  <testcase name="TestALotOfAdding" classname="LocalCMCTests" time="0.0"/>
  <testcase name="TestALotOfAdding" classname="LocalCMCTests" time="0.001"/>
  <testcase name="TestALotOfAdding" classname="LocalCMCTests" time="0.002"/>
  <testcase name="TestALotOfAdding" classname="LocalCMCTests" time="0.002"/>
  <testcase name="TestALotOfAdding" classname="LocalCMCTests" time="0.0"/>
  <testcase name="TestALotOfAdding" classname="LocalCMCTests" time="0.0"/>
  <testcase name="TestALotOfAdding" classname="LocalCMCTests" time="0.001"/>
  <testcase name="TestALotOfAdding" classname="LocalCMCTests" time="0.001"/>
  <testcase name="TestALotOfAdding" classname="LocalCMCTests" time="0.001"/>
  <testcase name="TestALotOfAdding" classname="LocalCMCTests" time="0.001"/>
  <testcase name="TestALotOfAdding" classname="LocalCMCTests" time="0.0"/>
  <testcase name="TestALotOfAdding" classname="LocalCMCTests" time="0.001"/>
  <testcase name="TestALotOfAdding" classname="LocalCMCTests" time="0.0"/>
  <testcase name="TestALotOfAdding" classname="LocalCMCTests" time="0.0"/>
  <testcase name="TestALotOfAdding" classname="LocalCMCTests" time="0.0"/>
  <testcase name="TestALotOfAdding" classname="LocalCMCTests" time="0.001"/>
  <testcase name="TestALotOfAdding" classname="LocalCMCTests" time="0.001"/>
  <testcase name="TestALotOfAdding" classname="LocalCMCTests" time="0.001"/>
  <testcase name="TestALotOfAdding" classname="LocalCMCTests" time="0.001"/>
  <testcase name="TestALotOfAdding" classname="LocalCMCTests" time="0.0"/>
  <testcase name="TestALotOfAdding" classname="LocalCMCTests" time="0.0"/>
  <testcase name="TestALotOfAdding" classname="LocalCMCTests" time="0.002"/>
  <testcase name="TestALotOfAdding" classname="LocalCMCTests" time="0.001"/>
  <testcase name="TestALotOfAdding" classname="LocalCMCTests" time="0.001"/>
  <testcase name="TestALotOfAdding" classname="LocalCMCTests" time="0.001"/>
  <testcase name="TestALotOfAdding" classname="LocalCMCTests" time="0.002"/>
  <testcase name="TestALotOfAdding" classname="LocalCMCTests" time="0.001"/>
  <testcase name="TestALotOfAdding" classname="LocalCMCTests" time="0.0"/>
  <testcase name="TestALotOfAdding" classname="LocalCMCTests" time="0.0"/>
  <testcase name="TestALotOfAdding" classname="LocalCMCTests" time="0.0"/>
  <testcase name="TestALotOfAdding" classname="LocalCMCTests" time="0.0"/>
  <testcase name="TestALotOfAdding" classname="LocalCMCTests" time="0.0"/>
  <testcase name="TestALotOfAdding" classname="LocalCMCTests" time="0.0"/>
  <testcase name="TestALotOfAdding" classname="LocalCMCTests" time="0.001"/>
  <testcase name="TestALotOfAdding" classname="LocalCMCTests" time="0.001"/>
  <testcase name="TestALotOfAdding" classname="LocalCMCTests" time="0.001"/>
  <testcase name="TestALotOfAdding" classname="LocalCMCTests" time="0.0"/>
  <testcase name="TestALotOfAdding" classname="LocalCMCTests" time="0.001"/>
  <testcase name="TestALotOfAdding" classname="LocalCMCTests" time="0.001"/>
  <testcase name="TestALotOfAdding" classname="LocalCMCTests" time="0.001"/>
  <testcase name="TestALotOfAdding" classname="LocalCMCTests" time="0.001"/>
  <testcase name="TestALotOfAdding" classname="LocalCMCTests" time="0.001"/>
  <testcase name="TestALotOfAdding" classname="LocalCMCTests" time="0.001"/>
  <testcase name="TestALotOfAdding" classname="LocalCMCTests" time="0.0"/>
  <testcase name="TestALotOfAdding" classname="LocalCMCTests" time="0.001"/>
  <testcase name="TestALotOfAdding" classname="LocalCMCTests" time="0.0"/>
  <testcase name="TestALotOfAdding" classname="LocalCMCTests" time="0.001"/>
  <testcase name="TestALotOfAdding" classname="LocalCMCTests" time="0.001"/>
  <testcase name="TestALotOfAdding" classname="LocalCMCTests" time="0.001"/>
  <testcase name="TestALotOfAdding" classname="LocalCMCTests" time="0.001"/>
  <testcase name="TestALotOfAdding" classname="LocalCMCTests" time="0.0"/>
  <testcase name="TestALotOfAdding" classname="LocalCMCTests" time="0.001"/>
  <testcase name="TestALotOfAdding" classname="LocalCMCTests" time="0.0"/>
  <testcase name="TestALotOfAdding" classname="LocalCMCTests" time="0.0"/>
  <testcase name="TestALotOfAdding" classname="LocalCMCTests" time="0.001"/>
  <testcase name="TestALotOfAdding" classname="LocalCMCTests" time="0.0"/>
  <testcase name="TestALotOfAdding" classname="LocalCMCTests" time="0.002"/>
  <testcase name="TestALotOfAdding" classname="LocalCMCTests" time="0.0"/>
  <testcase name="TestALotOfAdding" classname="LocalCMCTests" time="0.0"/>
  <testcase name="TestALotOfAdding" classname="LocalCMCTests" time="0.002"/>
  <testcase name="TestALotOfAdding" classname="LocalCMCTests" time="0.0"/>
  <testcase name="TestALotOfAdding" classname="LocalCMCTests" time="0.001"/>
  <testcase name="TestALotOfAdding" classname="LocalCMCTests" time="0.001"/>
  <testcase name="TestALotOfAdding" classname="LocalCMCTests" time="0.001"/>
  <testcase name="TestALotOfAdding" classname="LocalCMCTests" time="0.001"/>
  <testcase name="TestALotOfAdding" classname="LocalCMCTests" time="0.001"/>
  <testcase name="TestALotOfAdding" classname="LocalCMCTests" time="0.002"/>
  <testcase name="TestALotOfAdding" classname="LocalCMCTests" time="0.0"/>
  <testcase name="TestALotOfAdding" classname="LocalCMCTests" time="0.0"/>
  <testcase name="TestALotOfAdding" classname="LocalCMCTests" time="0.002"/>
  <testcase name="TestALotOfAdding" classname="LocalCMCTests" time="0.0"/>
  <testcase name="TestALotOfAdding" classname="LocalCMCTests" time="0.001"/>
  <testcase name="TestALotOfAdding" classname="LocalCMCTests" time="0.001"/>
  <testcase name="TestALotOfAdding" classname="LocalCMCTests" time="0.001"/>
  <testcase name="TestALotOfAdding" classname="LocalCMCTests" time="0.001"/>
  <testcase name="TestALotOfAdding" classname="LocalCMCTests" time="0.001"/>
  <testcase name="TestALotOfAdding" classname="LocalCMCTests" time="0.003"/>
  <testcase name="TestALotOfAdding" classname="LocalCMCTests" time="0.001"/>
  <testcase name="TestALotOfAdding" classname="LocalCMCTests" time="0.001"/>
  <testcase name="TestALotOfAdding" classname="LocalCMCTests" time="0.0"/>
  <testcase name="TestALotOfAdding" classname="LocalCMCTests" time="0.0"/>
  <testcase name="TestALotOfAdding" classname="LocalCMCTests" time="0.0"/>
  <testcase name="TestALotOfAdding" classname="LocalCMCTests" time="0.001"/>
  <testcase name="TestALotOfAdding" classname="LocalCMCTests" time="0.001"/>
  <testcase name="TestALotOfAdding" classname="LocalCMCTests" time="0.001"/>
  <testcase name="TestALotOfAdding" classname="LocalCMCTests" time="0.002"/>
  <testcase name="TestALotOfAdding" classname="LocalCMCTests" time="0.0"/>
  <testcase name="TestALotOfAdding" classname="LocalCMCTests" time="0.001"/>
  <testcase name="TestALotOfAdding" classname="LocalCMCTests" time="0.0"/>
  <testcase name="TestALotOfAdding" classname="LocalCMCTests" time="0.001"/>
  <testcase name="TestALotOfAdding" classname="LocalCMCTests" time="0.001"/>
  <testcase name="TestALotOfAdding" classname="LocalCMCTests" time="0.001"/>
  <testcase name="TestALotOfAdding" classname="LocalCMCTests" time="0.001"/>
  <testcase name="TestALotOfAdding" classname="LocalCMCTests" time="0.001"/>
  <testcase name="TestALotOfAdding" classname="LocalCMCTests" time="0.001"/>
  <testcase name="TestALotOfAdding" classname="LocalCMCTests" time="0.001"/>
  <testcase name="TestALotOfAdding" classname="LocalCMCTests" time="0.0"/>
  <testcase name="TestALotOfAdding" classname="LocalCMCTests" time="0.001"/>
  <testcase name="TestALotOfAdding" classname="LocalCMCTests" time="0.001"/>
  <testcase name="TestALotOfAdding" classname="LocalCMCTests" time="0.001"/>
  <testcase name="TestALotOfAdding" classname="LocalCMCTests" time="0.001"/>
  <testcase name="TestALotOfAdding" classname="LocalCMCTests" time="0.0"/>
  <testcase name="TestALotOfAdding" classname="LocalCMCTests" time="0.0"/>
  <testcase name="TestALotOfAdding" classname="LocalCMCTests" time="0.001"/>
  <testcase name="TestALotOfAdding" classname="LocalCMCTests" time="0.0"/>
  <testcase name="TestALotOfAdding" classname="LocalCMCTests" time="0.001"/>
  <testcase name="TestALotOfAdding" classname="LocalCMCTests" time="0.001"/>
  <testcase name="TestALotOfAdding" classname="LocalCMCTests" time="0.0"/>
  <testcase name="TestALotOfAdding" classname="LocalCMCTests" time="0.001"/>
  <testcase name="TestALotOfAdding" classname="LocalCMCTests" time="0.001"/>
  <testcase name="TestALotOfAdding" classname="LocalCMCTests" time="0.001"/>
  <testcase name="TestALotOfAdding" classname="LocalCMCTests" time="0.001"/>
  <testcase name="TestALotOfAdding" classname="LocalCMCTests" time="0.001"/>
  <testcase name="TestALotOfAdding" classname="LocalCMCTests" time="0.001"/>
  <testcase name="TestALotOfAdding" classname="LocalCMCTests" time="0.001"/>
  <testcase name="TestALotOfAdding" classname="LocalCMCTests" time="0.001"/>
  <testcase name="TestALotOfAdding" classname="LocalCMCTests" time="0.0"/>
  <testcase name="TestALotOfAdding" classname="LocalCMCTests" time="0.001"/>
  <testcase name="TestALotOfAdding" classname="LocalCMCTests" time="0.0"/>
  <testcase name="TestALotOfAdding" classname="LocalCMCTests" time="0.0"/>
  <testcase name="TestALotOfAdding" classname="LocalCMCTests" time="0.0"/>
  <testcase name="TestALotOfAdding" classname="LocalCMCTests" time="0.0"/>
  <testcase name="TestALotOfAdding" classname="LocalCMCTests" time="0.002"/>
  <testcase name="TestALotOfAdding" classname="LocalCMCTests" time="0.001"/>
  <testcase name="TestALotOfAdding" classname="LocalCMCTests" time="0.001"/>
  <testcase name="TestALotOfAdding" classname="LocalCMCTests" time="0.001"/>
  <testcase name="TestALotOfAdding" classname="LocalCMCTests" time="0.001"/>
  <testcase name="TestALotOfAdding" classname="LocalCMCTests" time="0.001"/>
  <testcase name="TestALotOfAdding" classname="LocalCMCTests" time="0.001"/>
  <testcase name="TestALotOfAdding" classname="LocalCMCTests" time="0.001"/>
  <testcase name="TestALotOfAdding" classname="LocalCMCTests" time="0.001"/>
  <testcase name="TestALotOfAdding" classname="LocalCMCTests" time="0.001"/>
  <testcase name="TestALotOfAdding" classname="LocalCMCTests" time="0.0"/>
  <testcase name="TestALotOfAdding" classname="LocalCMCTests" time="0.0"/>
  <testcase name="TestALotOfAdding" classname="LocalCMCTests" time="0.0"/>
  <testcase name="TestALotOfAdding" classname="LocalCMCTests" time="0.0"/>
  <testcase name="TestALotOfAdding" classname="LocalCMCTests" time="0.0"/>
  <testcase name="TestALotOfAdding" classname="LocalCMCTests" time="0.0"/>
  <testcase name="TestALotOfAdding" classname="LocalCMCTests" time="0.0"/>
  <testcase name="TestALotOfAdding" classname="LocalCMCTests" time="0.002"/>
  <testcase name="TestALotOfAdding" classname="LocalCMCTests" time="0.001"/>
  <testcase name="TestALotOfAdding" classname="LocalCMCTests" time="0.001"/>
  <testcase name="TestALotOfAdding" classname="LocalCMCTests" time="0.001"/>
  <testcase name="TestALotOfAdding" classname="LocalCMCTests" time="0.0"/>
  <testcase name="TestALotOfAdding" classname="LocalCMCTests" time="0.001"/>
  <testcase name="TestALotOfAdding" classname="LocalCMCTests" time="0.001"/>
  <testcase name="TestALotOfAdding" classname="LocalCMCTests" time="0.001"/>
  <testcase name="TestALotOfAdding" classname="LocalCMCTests" time="0.0"/>
  <testcase name="TestALotOfAdding" classname="LocalCMCTests" time="0.001"/>
  <testcase name="TestALotOfAdding" classname="LocalCMCTests" time="0.0"/>
  <testcase name="TestALotOfAdding" classname="LocalCMCTests" time="0.001"/>
  <testcase name="TestALotOfAdding" classname="LocalCMCTests" time="0.001"/>
  <testcase name="TestALotOfAdding" classname="LocalCMCTests" time="0.0"/>
  <testcase name="TestALotOfAdding" classname="LocalCMCTests" time="0.0"/>
  <testcase name="TestALotOfAdding" classname="LocalCMCTests" time="0.0"/>
  <testcase name="TestALotOfAdding" classname="LocalCMCTests" time="0.001"/>
  <testcase name="TestALotOfAdding" classname="LocalCMCTests" time="0.001"/>
  <testcase name="TestALotOfAdding" classname="LocalCMCTests" time="0.001"/>
  <testcase name="TestALotOfAdding" classname="LocalCMCTests" time="0.001"/>
  <testcase name="TestALotOfAdding" classname="LocalCMCTests" time="0.001"/>
  <testcase name="TestALotOfAdding" classname="LocalCMCTests" time="0.001"/>
  <testcase name="TestALotOfAdding" classname="LocalCMCTests" time="0.001"/>
  <testcase name="TestALotOfAdding" classname="LocalCMCTests" time="0.0"/>
  <testcase name="TestALotOfAdding" classname="LocalCMCTests" time="0.001"/>
  <testcase name="TestALotOfAdding" classname="LocalCMCTests" time="0.0"/>
  <testcase name="TestALotOfAdding" classname="LocalCMCTests" time="0.0"/>
  <testcase name="TestALotOfAdding" classname="LocalCMCTests" time="0.0"/>
  <testcase name="TestALotOfAdding" classname="LocalCMCTests" time="0.0"/>
  <testcase name="TestALotOfAdding" classname="LocalCMCTests" time="0.0"/>
  <testcase name="TestALotOfAdding" classname="LocalCMCTests" time="0.001"/>
  <testcase name="TestALotOfAdding" classname="LocalCMCTests" time="0.001"/>
  <testcase name="TestALotOfAdding" classname="LocalCMCTests" time="0.001"/>
  <testcase name="TestALotOfAdding" classname="LocalCMCTests" time="0.002"/>
  <testcase name="TestALotOfAdding" classname="LocalCMCTests" time="0.0"/>
  <testcase name="TestALotOfAdding" classname="LocalCMCTests" time="0.0"/>
  <testcase name="TestALotOfAdding" classname="LocalCMCTests" time="0.0"/>
  <testcase name="TestALotOfAdding" classname="LocalCMCTests" time="0.0"/>
  <testcase name="TestALotOfAdding" classname="LocalCMCTests" time="0.001"/>
  <testcase name="TestALotOfAdding" classname="LocalCMCTests" time="0.0"/>
  <testcase name="TestALotOfAdding" classname="LocalCMCTests" time="0.0"/>
  <testcase name="TestALotOfAdding" classname="LocalCMCTests" time="0.0"/>
  <testcase name="TestALotOfAdding" classname="LocalCMCTests" time="0.002"/>
  <testcase name="TestALotOfAdding" classname="LocalCMCTests" time="0.002"/>
  <testcase name="TestALotOfAdding" classname="LocalCMCTests" time="0.003"/>
  <testcase name="TestALotOfAdding" classname="LocalCMCTests" time="0.002"/>
  <testcase name="TestALotOfAdding" classname="LocalCMCTests" time="0.0"/>
  <testcase name="TestALotOfAdding" classname="LocalCMCTests" time="0.002"/>
  <testcase name="TestALotOfAdding" classname="LocalCMCTests" time="0.0"/>
  <testcase name="TestALotOfAdding" classname="LocalCMCTests" time="0.0"/>
  <testcase name="TestALotOfAdding" classname="LocalCMCTests" time="0.001"/>
  <testcase name="TestALotOfAdding" classname="LocalCMCTests" time="0.0"/>
  <testcase name="TestALotOfAdding" classname="LocalCMCTests" time="0.0"/>
  <testcase name="TestALotOfAdding" classname="LocalCMCTests" time="0.001"/>
  <testcase name="TestALotOfAdding" classname="LocalCMCTests" time="0.001"/>
  <testcase name="TestALotOfAdding" classname="LocalCMCTests" time="0.002"/>
  <testcase name="TestALotOfAdding" classname="LocalCMCTests" time="0.002"/>
  <testcase name="TestALotOfAdding" classname="LocalCMCTests" time="0.002"/>
  <testcase name="TestALotOfAdding" classname="LocalCMCTests" time="0.0"/>
  <testcase name="TestALotOfAdding" classname="LocalCMCTests" time="0.001"/>
  <testcase name="TestALotOfAdding" classname="LocalCMCTests" time="0.001"/>
  <testcase name="TestALotOfAdding" classname="LocalCMCTests" time="0.001"/>
  <testcase name="TestALotOfAdding" classname="LocalCMCTests" time="0.0"/>
  <testcase name="TestALotOfAdding" classname="LocalCMCTests" time="0.001"/>
  <testcase name="TestALotOfAdding" classname="LocalCMCTests" time="0.001"/>
  <testcase name="TestALotOfAdding" classname="LocalCMCTests" time="0.0"/>
  <testcase name="TestALotOfAdding" classname="LocalCMCTests" time="0.0"/>
  <testcase name="TestALotOfAdding" classname="LocalCMCTests" time="0.0"/>
  <testcase name="TestALotOfAdding" classname="LocalCMCTests" time="0.001"/>
  <testcase name="TestALotOfAdding" classname="LocalCMCTests" time="0.0"/>
  <testcase name="TestALotOfAdding" classname="LocalCMCTests" time="0.001"/>
  <testcase name="TestALotOfAdding" classname="LocalCMCTests" time="0.001"/>
  <testcase name="TestALotOfAdding" classname="LocalCMCTests" time="0.0"/>
  <testcase name="TestALotOfAdding" classname="LocalCMCTests" time="0.001"/>
  <testcase name="TestALotOfAdding" classname="LocalCMCTests" time="0.0"/>
  <testcase name="TestALotOfAdding" classname="LocalCMCTests" time="0.001"/>
  <testcase name="TestALotOfAdding" classname="LocalCMCTests" time="0.001"/>
  <testcase name="TestALotOfAdding" classname="LocalCMCTests" time="0.001"/>
  <testcase name="TestALotOfAdding" classname="LocalCMCTests" time="0.0"/>
  <testcase name="TestALotOfAdding" classname="LocalCMCTests" time="0.001"/>
  <testcase name="TestALotOfAdding" classname="LocalCMCTests" time="0.0"/>
  <testcase name="TestALotOfAdding" classname="LocalCMCTests" time="0.0"/>
  <testcase name="TestALotOfAdding" classname="LocalCMCTests" time="0.001"/>
  <testcase name="TestALotOfAdding" classname="LocalCMCTests" time="0.0"/>
  <testcase name="TestALotOfAdding" classname="LocalCMCTests" time="0.001"/>
  <testcase name="TestALotOfAdding" classname="LocalCMCTests" time="0.001"/>
  <testcase name="TestALotOfAdding" classname="LocalCMCTests" time="0.001"/>
  <testcase name="TestALotOfAdding" classname="LocalCMCTests" time="0.001"/>
  <testcase name="TestALotOfAdding" classname="LocalCMCTests" time="0.001"/>
  <testcase name="TestALotOfAdding" classname="LocalCMCTests" time="0.0"/>
  <testcase name="TestALotOfAdding" classname="LocalCMCTests" time="0.0"/>
  <testcase name="TestALotOfAdding" classname="LocalCMCTests" time="0.001"/>
  <testcase name="TestALotOfAdding" classname="LocalCMCTests" time="0.0"/>
  <testcase name="TestALotOfAdding" classname="LocalCMCTests" time="0.001"/>
  <testcase name="TestALotOfAdding" classname="LocalCMCTests" time="0.0"/>
  <testcase name="TestALotOfAdding" classname="LocalCMCTests" time="0.0"/>
  <testcase name="TestALotOfAdding" classname="LocalCMCTests" time="0.001"/>
  <testcase name="TestALotOfAdding" classname="LocalCMCTests" time="0.001"/>
  <testcase name="TestALotOfAdding" classname="LocalCMCTests" time="0.001"/>
  <testcase name="TestALotOfAdding" classname="LocalCMCTests" time="0.001"/>
  <testcase name="TestALotOfAdding" classname="LocalCMCTests" time="0.001"/>
  <testcase name="TestALotOfAdding" classname="LocalCMCTests" time="0.002"/>
  <testcase name="TestALotOfAdding" classname="LocalCMCTests" time="0.0"/>
  <testcase name="TestALotOfAdding" classname="LocalCMCTests" time="0.0"/>
  <testcase name="TestALotOfAdding" classname="LocalCMCTests" time="0.001"/>
  <testcase name="TestALotOfAdding" classname="LocalCMCTests" time="0.0"/>
  <testcase name="TestALotOfAdding" classname="LocalCMCTests" time="0.0"/>
  <testcase name="TestALotOfAdding" classname="LocalCMCTests" time="0.001"/>
  <testcase name="TestALotOfAdding" classname="LocalCMCTests" time="0.001"/>
  <testcase name="TestALotOfAdding" classname="LocalCMCTests" time="0.0"/>
  <testcase name="TestALotOfAdding" classname="LocalCMCTests" time="0.0"/>
  <testcase name="TestALotOfAdding" classname="LocalCMCTests" time="0.0"/>
  <testcase name="TestALotOfAdding" classname="LocalCMCTests" time="0.0"/>
  <testcase name="TestALotOfAdding" classname="LocalCMCTests" time="0.0"/>
  <testcase name="TestALotOfAdding" classname="LocalCMCTests" time="0.001"/>
  <testcase name="TestALotOfAdding" classname="LocalCMCTests" time="0.002"/>
  <testcase name="TestALotOfAdding" classname="LocalCMCTests" time="0.001"/>
  <testcase name="TestALotOfAdding" classname="LocalCMCTests" time="0.001"/>
  <testcase name="TestALotOfAdding" classname="LocalCMCTests" time="0.001"/>
  <testcase name="TestALotOfAdding" classname="LocalCMCTests" time="0.001"/>
  <testcase name="TestALotOfAdding" classname="LocalCMCTests" time="0.0"/>
  <testcase name="TestALotOfAdding" classname="LocalCMCTests" time="0.001"/>
  <testcase name="TestALotOfAdding" classname="LocalCMCTests" time="0.002"/>
  <testcase name="TestALotOfAdding" classname="LocalCMCTests" time="0.0"/>
  <testcase name="TestALotOfAdding" classname="LocalCMCTests" time="0.0"/>
  <testcase name="TestALotOfAdding" classname="LocalCMCTests" time="0.0"/>
  <testcase name="TestALotOfAdding" classname="LocalCMCTests" time="0.001"/>
  <testcase name="TestALotOfAdding" classname="LocalCMCTests" time="0.0"/>
  <testcase name="TestALotOfAdding" classname="LocalCMCTests" time="0.0"/>
  <testcase name="TestALotOfAdding" classname="LocalCMCTests" time="0.002"/>
  <testcase name="TestALotOfAdding" classname="LocalCMCTests" time="0.0"/>
  <testcase name="TestALotOfAdding" classname="LocalCMCTests" time="0.001"/>
  <testcase name="TestALotOfAdding" classname="LocalCMCTests" time="0.0"/>
  <testcase name="TestALotOfAdding" classname="LocalCMCTests" time="0.001"/>
  <testcase name="TestALotOfAdding" classname="LocalCMCTests" time="0.001"/>
  <testcase name="TestALotOfAdding" classname="LocalCMCTests" time="0.0"/>
  <testcase name="TestALotOfAdding" classname="LocalCMCTests" time="0.001"/>
  <testcase name="TestALotOfAdding" classname="LocalCMCTests" time="0.002"/>
  <testcase name="TestALotOfAdding" classname="LocalCMCTests" time="0.001"/>
  <testcase name="TestALotOfAdding" classname="LocalCMCTests" time="0.001"/>
  <testcase name="TestALotOfAdding" classname="LocalCMCTests" time="0.0"/>
  <testcase name="TestALotOfAdding" classname="LocalCMCTests" time="0.001"/>
  <testcase name="TestALotOfAdding" classname="LocalCMCTests" time="0.0"/>
  <testcase name="TestALotOfAdding" classname="LocalCMCTests" time="0.001"/>
  <testcase name="TestALotOfAdding" classname="LocalCMCTests" time="0.001"/>
  <testcase name="TestALotOfAdding" classname="LocalCMCTests" time="0.002"/>
  <testcase name="TestALotOfAdding" classname="LocalCMCTests" time="0.0"/>
  <testcase name="TestALotOfAdding" classname="LocalCMCTests" time="0.002"/>
  <testcase name="TestALotOfAdding" classname="LocalCMCTests" time="0.0"/>
  <testcase name="TestALotOfAdding" classname="LocalCMCTests" time="0.002"/>
  <testcase name="TestALotOfAdding" classname="LocalCMCTests" time="0.002"/>
  <testcase name="TestALotOfAdding" classname="LocalCMCTests" time="0.001"/>
  <testcase name="TestALotOfAdding" classname="LocalCMCTests" time="0.001"/>
  <testcase name="TestALotOfAdding" classname="LocalCMCTests" time="0.001"/>
  <testcase name="TestALotOfAdding" classname="LocalCMCTests" time="0.0"/>
  <testcase name="TestALotOfAdding" classname="LocalCMCTests" time="0.001"/>
  <testcase name="TestALotOfAdding" classname="LocalCMCTests" time="0.0"/>
  <testcase name="TestALotOfAdding" classname="LocalCMCTests" time="0.0"/>
  <testcase name="TestALotOfAdding" classname="LocalCMCTests" time="0.001"/>
  <testcase name="TestALotOfAdding" classname="LocalCMCTests" time="0.001"/>
  <testcase name="TestALotOfAdding" classname="LocalCMCTests" time="0.003"/>
  <testcase name="TestALotOfAdding" classname="LocalCMCTests" time="0.001"/>
  <testcase name="TestALotOfAdding" classname="LocalCMCTests" time="0.001"/>
  <testcase name="TestALotOfAdding" classname="LocalCMCTests" time="0.0"/>
  <testcase name="TestALotOfAdding" classname="LocalCMCTests" time="0.001"/>
  <testcase name="TestALotOfAdding" classname="LocalCMCTests" time="0.001"/>
  <testcase name="TestALotOfAdding" classname="LocalCMCTests" time="0.002"/>
  <testcase name="TestALotOfAdding" classname="LocalCMCTests" time="0.002"/>
  <testcase name="TestALotOfAdding" classname="LocalCMCTests" time="0.001"/>
  <testcase name="TestALotOfAdding" classname="LocalCMCTests" time="0.0"/>
  <testcase name="TestALotOfAdding" classname="LocalCMCTests" time="0.0"/>
  <testcase name="TestALotOfAdding" classname="LocalCMCTests" time="0.0"/>
  <testcase name="TestALotOfAdding" classname="LocalCMCTests" time="0.003"/>
  <testcase name="TestALotOfAdding" classname="LocalCMCTests" time="0.001"/>
  <testcase name="TestALotOfAdding" classname="LocalCMCTests" time="0.0"/>
  <testcase name="TestALotOfAdding" classname="LocalCMCTests" time="0.001"/>
  <testcase name="TestALotOfAdding" classname="LocalCMCTests" time="0.001"/>
  <testcase name="TestALotOfAdding" classname="LocalCMCTests" time="0.0"/>
  <testcase name="TestALotOfAdding" classname="LocalCMCTests" time="0.001"/>
  <testcase name="TestALotOfAdding" classname="LocalCMCTests" time="0.0"/>
  <testcase name="TestALotOfAdding" classname="LocalCMCTests" time="0.001"/>
  <testcase name="TestALotOfAdding" classname="LocalCMCTests" time="0.001"/>
  <testcase name="TestALotOfAdding" classname="LocalCMCTests" time="0.0"/>
  <testcase name="TestALotOfAdding" classname="LocalCMCTests" time="0.001"/>
  <testcase name="TestALotOfAdding" classname="LocalCMCTests" time="0.0"/>
  <testcase name="TestALotOfAdding" classname="LocalCMCTests" time="0.001"/>
  <testcase name="TestALotOfAdding" classname="LocalCMCTests" time="0.001"/>
  <testcase name="TestALotOfAdding" classname="LocalCMCTests" time="0.001"/>
  <testcase name="TestALotOfAdding" classname="LocalCMCTests" time="0.001"/>
  <testcase name="TestALotOfAdding" classname="LocalCMCTests" time="0.0"/>
  <testcase name="TestALotOfAdding" classname="LocalCMCTests" time="0.001"/>
  <testcase name="TestALotOfAdding" classname="LocalCMCTests" time="0.001"/>
  <testcase name="TestALotOfAdding" classname="LocalCMCTests" time="0.0"/>
  <testcase name="TestALotOfAdding" classname="LocalCMCTests" time="0.001"/>
  <testcase name="TestALotOfAdding" classname="LocalCMCTests" time="0.001"/>
  <testcase name="TestALotOfAdding" classname="LocalCMCTests" time="0.0"/>
  <testcase name="TestALotOfAdding" classname="LocalCMCTests" time="0.001"/>
  <testcase name="TestALotOfAdding" classname="LocalCMCTests" time="0.001"/>
  <testcase name="TestALotOfAdding" classname="LocalCMCTests" time="0.001"/>
  <testcase name="TestALotOfAdding" classname="LocalCMCTests" time="0.001"/>
  <testcase name="TestALotOfAdding" classname="LocalCMCTests" time="0.0"/>
  <testcase name="TestALotOfAdding" classname="LocalCMCTests" time="0.0"/>
  <testcase name="TestALotOfAdding" classname="LocalCMCTests" time="0.0"/>
  <testcase name="TestALotOfAdding" classname="LocalCMCTests" time="0.0"/>
  <testcase name="TestALotOfAdding" classname="LocalCMCTests" time="0.002"/>
  <testcase name="TestALotOfAdding" classname="LocalCMCTests" time="0.002"/>
  <testcase name="TestALotOfAdding" classname="LocalCMCTests" time="0.0"/>
  <testcase name="TestALotOfAdding" classname="LocalCMCTests" time="0.001"/>
  <testcase name="TestALotOfAdding" classname="LocalCMCTests" time="0.0"/>
  <testcase name="TestALotOfAdding" classname="LocalCMCTests" time="0.001"/>
  <testcase name="TestALotOfAdding" classname="LocalCMCTests" time="0.0"/>
  <testcase name="TestALotOfAdding" classname="LocalCMCTests" time="0.001"/>
  <testcase name="TestALotOfAdding" classname="LocalCMCTests" time="0.001"/>
  <testcase name="TestALotOfAdding" classname="LocalCMCTests" time="0.001"/>
  <testcase name="TestALotOfAdding" classname="LocalCMCTests" time="0.001"/>
  <testcase name="TestALotOfAdding" classname="LocalCMCTests" time="0.0"/>
  <testcase name="TestALotOfAdding" classname="LocalCMCTests" time="0.002"/>
  <testcase name="TestALotOfAdding" classname="LocalCMCTests" time="0.001"/>
  <testcase name="TestALotOfAdding" classname="LocalCMCTests" time="0.002"/>
  <testcase name="TestALotOfAdding" classname="LocalCMCTests" time="0.001"/>
  <testcase name="TestALotOfAdding" classname="LocalCMCTests" time="0.001"/>
  <testcase name="TestALotOfAdding" classname="LocalCMCTests" time="0.001"/>
  <testcase name="TestALotOfAdding" classname="LocalCMCTests" time="0.001"/>
  <testcase name="TestALotOfAdding" classname="LocalCMCTests" time="0.0"/>
  <testcase name="TestALotOfAdding" classname="LocalCMCTests" time="0.0"/>
  <testcase name="TestALotOfAdding" classname="LocalCMCTests" time="0.0"/>
  <testcase name="TestALotOfAdding" classname="LocalCMCTests" time="0.0"/>
  <testcase name="TestALotOfAdding" classname="LocalCMCTests" time="0.0"/>
  <testcase name="TestALotOfAdding" classname="LocalCMCTests" time="0.001"/>
  <testcase name="TestALotOfAdding" classname="LocalCMCTests" time="0.001"/>
  <testcase name="TestALotOfAdding" classname="LocalCMCTests" time="0.002"/>
  <testcase name="TestALotOfAdding" classname="LocalCMCTests" time="0.001"/>
  <testcase name="TestALotOfAdding" classname="LocalCMCTests" time="0.001"/>
  <testcase name="TestALotOfAdding" classname="LocalCMCTests" time="0.001"/>
  <testcase name="TestALotOfAdding" classname="LocalCMCTests" time="0.0"/>
  <testcase name="TestALotOfAdding" classname="LocalCMCTests" time="0.001"/>
  <testcase name="TestALotOfAdding" classname="LocalCMCTests" time="0.001"/>
  <testcase name="TestALotOfAdding" classname="LocalCMCTests" time="0.001"/>
  <testcase name="TestALotOfAdding" classname="LocalCMCTests" time="0.0"/>
  <testcase name="TestALotOfAdding" classname="LocalCMCTests" time="0.0"/>
  <testcase name="TestALotOfAdding" classname="LocalCMCTests" time="0.0"/>
  <testcase name="TestALotOfAdding" classname="LocalCMCTests" time="0.0"/>
  <testcase name="TestALotOfAdding" classname="LocalCMCTests" time="0.0"/>
  <testcase name="TestALotOfAdding" classname="LocalCMCTests" time="0.0"/>
  <testcase name="TestALotOfAdding" classname="LocalCMCTests" time="0.001"/>
  <testcase name="TestALotOfAdding" classname="LocalCMCTests" time="0.001"/>
  <testcase name="TestALotOfAdding" classname="LocalCMCTests" time="0.0"/>
  <testcase name="TestALotOfAdding" classname="LocalCMCTests" time="0.001"/>
  <testcase name="TestALotOfAdding" classname="LocalCMCTests" time="0.002"/>
  <testcase name="TestALotOfAdding" classname="LocalCMCTests" time="0.001"/>
  <testcase name="TestALotOfAdding" classname="LocalCMCTests" time="0.001"/>
  <testcase name="TestALotOfAdding" classname="LocalCMCTests" time="0.001"/>
  <testcase name="TestALotOfAdding" classname="LocalCMCTests" time="0.001"/>
  <testcase name="TestALotOfAdding" classname="LocalCMCTests" time="0.001"/>
  <testcase name="TestALotOfAdding" classname="LocalCMCTests" time="0.0"/>
  <testcase name="TestALotOfAdding" classname="LocalCMCTests" time="0.0"/>
  <testcase name="TestALotOfAdding" classname="LocalCMCTests" time="0.001"/>
  <testcase name="TestALotOfAdding" classname="LocalCMCTests" time="0.003"/>
  <testcase name="TestALotOfAdding" classname="LocalCMCTests" time="0.003"/>
  <testcase name="TestALotOfAdding" classname="LocalCMCTests" time="0.002"/>
  <testcase name="TestALotOfAdding" classname="LocalCMCTests" time="0.003"/>
  <testcase name="TestALotOfAdding" classname="LocalCMCTests" time="0.0"/>
  <testcase name="TestALotOfAdding" classname="LocalCMCTests" time="0.0"/>
  <testcase name="TestALotOfAdding" classname="LocalCMCTests" time="0.001"/>
  <testcase name="TestALotOfAdding" classname="LocalCMCTests" time="0.0"/>
  <testcase name="TestALotOfAdding" classname="LocalCMCTests" time="0.0"/>
  <testcase name="TestALotOfAdding" classname="LocalCMCTests" time="0.0"/>
  <testcase name="TestALotOfAdding" classname="LocalCMCTests" time="0.0"/>
  <testcase name="TestALotOfAdding" classname="LocalCMCTests" time="0.001"/>
  <testcase name="TestALotOfAdding" classname="LocalCMCTests" time="0.003"/>
  <testcase name="TestALotOfAdding" classname="LocalCMCTests" time="0.0"/>
  <testcase name="TestALotOfAdding" classname="LocalCMCTests" time="0.0"/>
  <testcase name="TestALotOfAdding" classname="LocalCMCTests" time="0.0"/>
  <testcase name="TestALotOfAdding" classname="LocalCMCTests" time="0.0"/>
  <testcase name="TestALotOfAdding" classname="LocalCMCTests" time="0.0"/>
  <testcase name="TestALotOfAdding" classname="LocalCMCTests" time="0.0"/>
  <testcase name="TestALotOfAdding" classname="LocalCMCTests" time="0.0"/>
  <testcase name="TestALotOfAdding" classname="LocalCMCTests" time="0.0"/>
  <testcase name="TestALotOfAdding" classname="LocalCMCTests" time="0.001"/>
  <testcase name="TestALotOfAdding" classname="LocalCMCTests" time="0.001"/>
  <testcase name="TestALotOfAdding" classname="LocalCMCTests" time="0.001"/>
  <testcase name="TestALotOfAdding" classname="LocalCMCTests" time="0.001"/>
  <testcase name="TestALotOfAdding" classname="LocalCMCTests" time="0.001"/>
  <testcase name="TestALotOfAdding" classname="LocalCMCTests" time="0.001"/>
  <testcase name="TestALotOfAdding" classname="LocalCMCTests" time="0.001"/>
  <testcase name="TestALotOfAdding" classname="LocalCMCTests" time="0.0"/>
  <testcase name="TestALotOfAdding" classname="LocalCMCTests" time="0.001"/>
  <testcase name="TestALotOfAdding" classname="LocalCMCTests" time="0.001"/>
  <testcase name="TestALotOfAdding" classname="LocalCMCTests" time="0.0"/>
  <testcase name="TestALotOfAdding" classname="LocalCMCTests" time="0.0"/>
  <testcase name="TestALotOfAdding" classname="LocalCMCTests" time="0.0"/>
  <testcase name="TestALotOfAdding" classname="LocalCMCTests" time="0.001"/>
  <testcase name="TestALotOfAdding" classname="LocalCMCTests" time="0.001"/>
  <testcase name="TestALotOfAdding" classname="LocalCMCTests" time="0.0"/>
  <testcase name="TestALotOfAdding" classname="LocalCMCTests" time="0.001"/>
  <testcase name="TestALotOfAdding" classname="LocalCMCTests" time="0.001"/>
  <testcase name="TestALotOfAdding" classname="LocalCMCTests" time="0.001"/>
  <testcase name="TestALotOfAdding" classname="LocalCMCTests" time="0.0"/>
  <testcase name="TestALotOfAdding" classname="LocalCMCTests" time="0.0"/>
  <testcase name="TestALotOfAdding" classname="LocalCMCTests" time="0.001"/>
  <testcase name="TestALotOfAdding" classname="LocalCMCTests" time="0.002"/>
  <testcase name="TestALotOfAdding" classname="LocalCMCTests" time="0.001"/>
  <testcase name="TestALotOfAdding" classname="LocalCMCTests" time="0.0"/>
  <testcase name="TestALotOfAdding" classname="LocalCMCTests" time="0.0"/>
  <testcase name="TestALotOfAdding" classname="LocalCMCTests" time="0.0"/>
  <testcase name="TestALotOfAdding" classname="LocalCMCTests" time="0.0"/>
  <testcase name="TestALotOfAdding" classname="LocalCMCTests" time="0.001"/>
  <testcase name="TestALotOfAdding" classname="LocalCMCTests" time="0.001"/>
  <testcase name="TestALotOfAdding" classname="LocalCMCTests" time="0.001"/>
  <testcase name="TestALotOfAdding" classname="LocalCMCTests" time="0.0"/>
  <testcase name="TestALotOfAdding" classname="LocalCMCTests" time="0.002"/>
  <testcase name="TestALotOfAdding" classname="LocalCMCTests" time="0.002"/>
  <testcase name="TestALotOfAdding" classname="LocalCMCTests" time="0.001"/>
  <testcase name="TestALotOfAdding" classname="LocalCMCTests" time="0.0"/>
  <testcase name="TestALotOfAdding" classname="LocalCMCTests" time="0.001"/>
  <testcase name="TestALotOfAdding" classname="LocalCMCTests" time="0.001"/>
  <testcase name="TestALotOfAdding" classname="LocalCMCTests" time="0.0"/>
  <testcase name="TestALotOfAdding" classname="LocalCMCTests" time="0.001"/>
  <testcase name="TestALotOfAdding" classname="LocalCMCTests" time="0.002"/>
  <testcase name="TestALotOfAdding" classname="LocalCMCTests" time="0.0"/>
  <testcase name="TestALotOfAdding" classname="LocalCMCTests" time="0.001"/>
  <testcase name="TestALotOfAdding" classname="LocalCMCTests" time="0.001"/>
  <testcase name="TestALotOfAdding" classname="LocalCMCTests" time="0.001"/>
  <testcase name="TestALotOfAdding" classname="LocalCMCTests" time="0.001"/>
  <testcase name="TestALotOfAdding" classname="LocalCMCTests" time="0.0"/>
  <testcase name="TestALotOfAdding" classname="LocalCMCTests" time="0.001"/>
  <testcase name="TestALotOfAdding" classname="LocalCMCTests" time="0.0"/>
  <testcase name="TestALotOfAdding" classname="LocalCMCTests" time="0.0"/>
  <testcase name="TestALotOfAdding" classname="LocalCMCTests" time="0.0"/>
  <testcase name="TestALotOfAdding" classname="LocalCMCTests" time="0.0"/>
  <testcase name="TestALotOfAdding" classname="LocalCMCTests" time="0.0"/>
  <testcase name="TestALotOfAdding" classname="LocalCMCTests" time="0.002"/>
  <testcase name="TestALotOfAdding" classname="LocalCMCTests" time="0.0"/>
  <testcase name="TestALotOfAdding" classname="LocalCMCTests" time="0.001"/>
  <testcase name="TestALotOfAdding" classname="LocalCMCTests" time="0.001"/>
  <testcase name="TestALotOfAdding" classname="LocalCMCTests" time="0.0"/>
  <testcase name="TestALotOfAdding" classname="LocalCMCTests" time="0.001"/>
  <testcase name="TestALotOfAdding" classname="LocalCMCTests" time="0.001"/>
  <testcase name="TestALotOfAdding" classname="LocalCMCTests" time="0.001"/>
  <testcase name="TestALotOfAdding" classname="LocalCMCTests" time="0.0"/>
  <testcase name="TestALotOfAdding" classname="LocalCMCTests" time="0.0"/>
  <testcase name="TestALotOfAdding" classname="LocalCMCTests" time="0.001"/>
  <testcase name="TestALotOfAdding" classname="LocalCMCTests" time="0.0"/>
  <testcase name="TestALotOfAdding" classname="LocalCMCTests" time="0.002"/>
  <testcase name="TestALotOfAdding" classname="LocalCMCTests" time="0.0"/>
  <testcase name="TestALotOfAdding" classname="LocalCMCTests" time="0.0"/>
  <testcase name="TestALotOfAdding" classname="LocalCMCTests" time="0.001"/>
  <testcase name="TestALotOfAdding" classname="LocalCMCTests" time="0.001"/>
  <testcase name="TestALotOfAdding" classname="LocalCMCTests" time="0.001"/>
  <testcase name="TestALotOfAdding" classname="LocalCMCTests" time="0.001"/>
  <testcase name="TestALotOfAdding" classname="LocalCMCTests" time="0.001"/>
  <testcase name="TestALotOfAdding" classname="LocalCMCTests" time="0.002"/>
  <testcase name="TestALotOfAdding" classname="LocalCMCTests" time="0.001"/>
  <testcase name="TestALotOfAdding" classname="LocalCMCTests" time="0.001"/>
  <testcase name="TestALotOfAdding" classname="LocalCMCTests" time="0.0"/>
  <testcase name="TestALotOfAdding" classname="LocalCMCTests" time="0.0"/>
  <testcase name="TestALotOfAdding" classname="LocalCMCTests" time="0.0"/>
  <testcase name="TestALotOfAdding" classname="LocalCMCTests" time="0.0"/>
  <testcase name="TestALotOfAdding" classname="LocalCMCTests" time="0.001"/>
  <testcase name="TestALotOfAdding" classname="LocalCMCTests" time="0.0"/>
  <testcase name="TestALotOfAdding" classname="LocalCMCTests" time="0.001"/>
  <testcase name="TestALotOfAdding" classname="LocalCMCTests" time="0.001"/>
  <testcase name="TestALotOfAdding" classname="LocalCMCTests" time="0.0"/>
  <testcase name="TestALotOfAdding" classname="LocalCMCTests" time="0.0"/>
  <testcase name="TestALotOfAdding" classname="LocalCMCTests" time="0.0"/>
  <testcase name="TestALotOfAdding" classname="LocalCMCTests" time="0.001"/>
  <testcase name="TestALotOfAdding" classname="LocalCMCTests" time="0.0"/>
  <testcase name="TestALotOfAdding" classname="LocalCMCTests" time="0.0"/>
  <testcase name="TestALotOfAdding" classname="LocalCMCTests" time="0.001"/>
  <testcase name="TestALotOfAdding" classname="LocalCMCTests" time="0.0"/>
  <testcase name="TestALotOfAdding" classname="LocalCMCTests" time="0.0"/>
  <testcase name="TestALotOfAdding" classname="LocalCMCTests" time="0.001"/>
  <testcase name="TestALotOfAdding" classname="LocalCMCTests" time="0.002"/>
  <testcase name="TestALotOfAdding" classname="LocalCMCTests" time="0.0"/>
  <testcase name="TestALotOfAdding" classname="LocalCMCTests" time="0.002"/>
  <testcase name="TestALotOfAdding" classname="LocalCMCTests" time="0.001"/>
  <testcase name="TestALotOfAdding" classname="LocalCMCTests" time="0.0"/>
  <testcase name="TestALotOfAdding" classname="LocalCMCTests" time="0.0"/>
  <testcase name="TestALotOfAdding" classname="LocalCMCTests" time="0.0"/>
  <testcase name="TestALotOfAdding" classname="LocalCMCTests" time="0.002"/>
  <testcase name="TestALotOfAdding" classname="LocalCMCTests" time="0.0"/>
  <testcase name="TestALotOfAdding" classname="LocalCMCTests" time="0.0"/>
  <testcase name="TestALotOfAdding" classname="LocalCMCTests" time="0.003"/>
  <testcase name="TestALotOfAdding" classname="LocalCMCTests" time="0.0"/>
  <testcase name="TestALotOfAdding" classname="LocalCMCTests" time="0.001"/>
  <testcase name="TestALotOfAdding" classname="LocalCMCTests" time="0.0"/>
  <testcase name="TestALotOfAdding" classname="LocalCMCTests" time="0.002"/>
  <testcase name="TestALotOfAdding" classname="LocalCMCTests" time="0.003"/>
  <testcase name="TestALotOfAdding" classname="LocalCMCTests" time="0.001"/>
  <testcase name="TestALotOfAdding" classname="LocalCMCTests" time="0.002"/>
  <testcase name="TestALotOfAdding" classname="LocalCMCTests" time="0.0"/>
  <testcase name="TestALotOfAdding" classname="LocalCMCTests" time="0.0"/>
  <testcase name="TestALotOfAdding" classname="LocalCMCTests" time="0.002"/>
  <testcase name="TestALotOfAdding" classname="LocalCMCTests" time="0.001"/>
  <testcase name="TestALotOfAdding" classname="LocalCMCTests" time="0.001"/>
  <testcase name="TestALotOfAdding" classname="LocalCMCTests" time="0.002"/>
  <testcase name="TestALotOfAdding" classname="LocalCMCTests" time="0.001"/>
  <testcase name="TestALotOfAdding" classname="LocalCMCTests" time="0.001"/>
  <testcase name="TestALotOfAdding" classname="LocalCMCTests" time="0.001"/>
  <testcase name="TestALotOfAdding" classname="LocalCMCTests" time="0.001"/>
  <testcase name="TestALotOfAdding" classname="LocalCMCTests" time="0.001"/>
  <testcase name="TestALotOfAdding" classname="LocalCMCTests" time="0.002"/>
  <testcase name="TestALotOfAdding" classname="LocalCMCTests" time="0.0"/>
  <testcase name="TestALotOfAdding" classname="LocalCMCTests" time="0.0"/>
  <testcase name="TestALotOfAdding" classname="LocalCMCTests" time="0.0"/>
  <testcase name="TestALotOfAdding" classname="LocalCMCTests" time="0.0"/>
  <testcase name="TestALotOfAdding" classname="LocalCMCTests" time="0.001"/>
  <testcase name="TestALotOfAdding" classname="LocalCMCTests" time="0.0"/>
  <testcase name="TestALotOfAdding" classname="LocalCMCTests" time="0.0"/>
  <testcase name="TestALotOfAdding" classname="LocalCMCTests" time="0.001"/>
  <testcase name="TestALotOfAdding" classname="LocalCMCTests" time="0.001"/>
  <testcase name="TestALotOfAdding" classname="LocalCMCTests" time="0.001"/>
  <testcase name="TestALotOfAdding" classname="LocalCMCTests" time="0.001"/>
  <testcase name="TestALotOfAdding" classname="LocalCMCTests" time="0.001"/>
  <testcase name="TestALotOfAdding" classname="LocalCMCTests" time="0.002"/>
  <testcase name="TestALotOfAdding" classname="LocalCMCTests" time="0.0"/>
  <testcase name="TestALotOfAdding" classname="LocalCMCTests" time="0.001"/>
  <testcase name="TestALotOfAdding" classname="LocalCMCTests" time="0.001"/>
  <testcase name="TestALotOfAdding" classname="LocalCMCTests" time="0.0"/>
  <testcase name="TestALotOfAdding" classname="LocalCMCTests" time="0.0"/>
  <testcase name="TestALotOfAdding" classname="LocalCMCTests" time="0.0"/>
  <testcase name="TestALotOfAdding" classname="LocalCMCTests" time="0.001"/>
  <testcase name="TestALotOfAdding" classname="LocalCMCTests" time="0.001"/>
  <testcase name="TestALotOfAdding" classname="LocalCMCTests" time="0.0"/>
  <testcase name="TestALotOfAdding" classname="LocalCMCTests" time="0.0"/>
  <testcase name="TestALotOfAdding" classname="LocalCMCTests" time="0.001"/>
  <testcase name="TestALotOfAdding" classname="LocalCMCTests" time="0.0"/>
  <testcase name="TestALotOfAdding" classname="LocalCMCTests" time="0.001"/>
  <testcase name="TestALotOfAdding" classname="LocalCMCTests" time="0.001"/>
  <testcase name="TestALotOfAdding" classname="LocalCMCTests" time="0.001"/>
  <testcase name="TestALotOfAdding" classname="LocalCMCTests" time="0.001"/>
  <testcase name="TestALotOfAdding" classname="LocalCMCTests" time="0.001"/>
  <testcase name="TestALotOfAdding" classname="LocalCMCTests" time="0.0"/>
  <testcase name="TestALotOfAdding" classname="LocalCMCTests" time="0.0"/>
  <testcase name="TestALotOfAdding" classname="LocalCMCTests" time="0.0"/>
  <testcase name="TestALotOfAdding" classname="LocalCMCTests" time="0.0"/>
  <testcase name="TestALotOfAdding" classname="LocalCMCTests" time="0.0"/>
  <testcase name="TestALotOfAdding" classname="LocalCMCTests" time="0.0"/>
  <testcase name="TestALotOfAdding" classname="LocalCMCTests" time="0.001"/>
  <testcase name="TestALotOfAdding" classname="LocalCMCTests" time="0.002"/>
  <testcase name="TestALotOfAdding" classname="LocalCMCTests" time="0.002"/>
  <testcase name="TestALotOfAdding" classname="LocalCMCTests" time="0.001"/>
  <testcase name="TestALotOfAdding" classname="LocalCMCTests" time="0.0"/>
  <testcase name="TestALotOfAdding" classname="LocalCMCTests" time="0.001"/>
  <testcase name="TestALotOfAdding" classname="LocalCMCTests" time="0.001"/>
  <testcase name="TestALotOfAdding" classname="LocalCMCTests" time="0.001"/>
  <testcase name="TestALotOfAdding" classname="LocalCMCTests" time="0.001"/>
  <testcase name="TestALotOfAdding" classname="LocalCMCTests" time="0.002"/>
  <testcase name="TestALotOfAdding" classname="LocalCMCTests" time="0.001"/>
  <testcase name="TestALotOfAdding" classname="LocalCMCTests" time="0.001"/>
  <testcase name="TestALotOfAdding" classname="LocalCMCTests" time="0.0"/>
  <testcase name="TestALotOfAdding" classname="LocalCMCTests" time="0.001"/>
  <testcase name="TestALotOfAdding" classname="LocalCMCTests" time="0.0"/>
  <testcase name="TestALotOfAdding" classname="LocalCMCTests" time="0.0"/>
  <testcase name="TestALotOfAdding" classname="LocalCMCTests" time="0.001"/>
  <testcase name="TestALotOfAdding" classname="LocalCMCTests" time="0.001"/>
  <testcase name="TestALotOfAdding" classname="LocalCMCTests" time="0.001"/>
  <testcase name="TestALotOfAdding" classname="LocalCMCTests" time="0.001"/>
  <testcase name="TestALotOfAdding" classname="LocalCMCTests" time="0.001"/>
  <testcase name="TestALotOfAdding" classname="LocalCMCTests" time="0.001"/>
  <testcase name="TestALotOfAdding" classname="LocalCMCTests" time="0.001"/>
  <testcase name="TestALotOfAdding" classname="LocalCMCTests" time="0.001"/>
  <testcase name="TestALotOfAdding" classname="LocalCMCTests" time="0.001"/>
  <testcase name="TestALotOfAdding" classname="LocalCMCTests" time="0.001"/>
  <testcase name="TestALotOfAdding" classname="LocalCMCTests" time="0.0"/>
  <testcase name="TestALotOfAdding" classname="LocalCMCTests" time="0.0"/>
  <testcase name="TestALotOfAdding" classname="LocalCMCTests" time="0.0"/>
  <testcase name="TestALotOfAdding" classname="LocalCMCTests" time="0.0"/>
  <testcase name="TestALotOfAdding" classname="LocalCMCTests" time="0.0"/>
  <testcase name="TestALotOfAdding" classname="LocalCMCTests" time="0.0"/>
  <testcase name="TestALotOfAdding" classname="LocalCMCTests" time="0.001"/>
  <testcase name="TestALotOfAdding" classname="LocalCMCTests" time="0.0"/>
  <testcase name="TestALotOfAdding" classname="LocalCMCTests" time="0.001"/>
  <testcase name="TestALotOfAdding" classname="LocalCMCTests" time="0.0"/>
  <testcase name="TestALotOfAdding" classname="LocalCMCTests" time="0.001"/>
  <testcase name="TestALotOfAdding" classname="LocalCMCTests" time="0.0"/>
  <testcase name="TestALotOfAdding" classname="LocalCMCTests" time="0.0"/>
  <testcase name="TestALotOfAdding" classname="LocalCMCTests" time="0.001"/>
  <testcase name="TestALotOfAdding" classname="LocalCMCTests" time="0.002"/>
  <testcase name="TestALotOfAdding" classname="LocalCMCTests" time="0.001"/>
  <testcase name="TestALotOfAdding" classname="LocalCMCTests" time="0.002"/>
  <testcase name="TestALotOfAdding" classname="LocalCMCTests" time="0.0"/>
  <testcase name="TestALotOfAdding" classname="LocalCMCTests" time="0.001"/>
  <testcase name="TestALotOfAdding" classname="LocalCMCTests" time="0.002"/>
  <testcase name="TestALotOfAdding" classname="LocalCMCTests" time="0.0"/>
  <testcase name="TestALotOfAdding" classname="LocalCMCTests" time="0.0"/>
  <testcase name="TestALotOfAdding" classname="LocalCMCTests" time="0.001"/>
  <testcase name="TestALotOfAdding" classname="LocalCMCTests" time="0.0"/>
  <testcase name="TestALotOfAdding" classname="LocalCMCTests" time="0.002"/>
  <testcase name="TestALotOfAdding" classname="LocalCMCTests" time="0.001"/>
  <testcase name="TestALotOfAdding" classname="LocalCMCTests" time="0.0"/>
  <testcase name="TestALotOfAdding" classname="LocalCMCTests" time="0.0"/>
  <testcase name="TestALotOfAdding" classname="LocalCMCTests" time="0.001"/>
  <testcase name="TestALotOfAdding" classname="LocalCMCTests" time="0.001"/>
  <testcase name="TestALotOfAdding" classname="LocalCMCTests" time="0.001"/>
  <testcase name="TestALotOfAdding" classname="LocalCMCTests" time="0.0"/>
  <testcase name="TestALotOfAdding" classname="LocalCMCTests" time="0.0"/>
  <testcase name="TestALotOfAdding" classname="LocalCMCTests" time="0.001"/>
  <testcase name="TestALotOfAdding" classname="LocalCMCTests" time="0.0"/>
  <testcase name="TestALotOfAdding" classname="LocalCMCTests" time="0.0"/>
  <testcase name="TestALotOfAdding" classname="LocalCMCTests" time="0.001"/>
  <testcase name="TestALotOfAdding" classname="LocalCMCTests" time="0.001"/>
  <testcase name="TestALotOfAdding" classname="LocalCMCTests" time="0.0"/>
  <testcase name="TestALotOfAdding" classname="LocalCMCTests" time="0.001"/>
  <testcase name="TestALotOfAdding" classname="LocalCMCTests" time="0.001"/>
  <testcase name="TestALotOfAdding" classname="LocalCMCTests" time="0.0"/>
  <testcase name="TestALotOfAdding" classname="LocalCMCTests" time="0.001"/>
  <testcase name="TestALotOfAdding" classname="LocalCMCTests" time="0.0"/>
  <testcase name="TestALotOfAdding" classname="LocalCMCTests" time="0.001"/>
  <testcase name="TestALotOfAdding" classname="LocalCMCTests" time="0.001"/>
  <testcase name="TestALotOfAdding" classname="LocalCMCTests" time="0.001"/>
  <testcase name="TestALotOfAdding" classname="LocalCMCTests" time="0.001"/>
  <testcase name="TestALotOfAdding" classname="LocalCMCTests" time="0.002"/>
  <testcase name="TestALotOfAdding" classname="LocalCMCTests" time="0.0"/>
  <testcase name="TestALotOfAdding" classname="LocalCMCTests" time="0.0"/>
  <testcase name="TestALotOfAdding" classname="LocalCMCTests" time="0.0"/>
  <testcase name="TestALotOfAdding" classname="LocalCMCTests" time="0.001"/>
  <testcase name="TestALotOfAdding" classname="LocalCMCTests" time="0.001"/>
  <testcase name="TestALotOfAdding" classname="LocalCMCTests" time="0.0"/>
  <testcase name="TestALotOfAdding" classname="LocalCMCTests" time="0.002"/>
  <testcase name="TestALotOfAdding" classname="LocalCMCTests" time="0.001"/>
  <testcase name="TestALotOfAdding" classname="LocalCMCTests" time="0.002"/>
  <testcase name="TestALotOfAdding" classname="LocalCMCTests" time="0.0"/>
  <testcase name="TestALotOfAdding" classname="LocalCMCTests" time="0.003"/>
  <testcase name="TestALotOfAdding" classname="LocalCMCTests" time="0.0"/>
  <testcase name="TestALotOfAdding" classname="LocalCMCTests" time="0.0"/>
  <testcase name="TestALotOfAdding" classname="LocalCMCTests" time="0.001"/>
  <testcase name="TestALotOfAdding" classname="LocalCMCTests" time="0.002"/>
  <testcase name="TestALotOfAdding" classname="LocalCMCTests" time="0.0"/>
  <testcase name="TestALotOfAdding" classname="LocalCMCTests" time="0.001"/>
  <testcase name="TestALotOfAdding" classname="LocalCMCTests" time="0.001"/>
  <testcase name="TestALotOfAdding" classname="LocalCMCTests" time="0.001"/>
  <testcase name="TestALotOfAdding" classname="LocalCMCTests" time="0.001"/>
  <testcase name="TestALotOfAdding" classname="LocalCMCTests" time="0.001"/>
  <testcase name="TestALotOfAdding" classname="LocalCMCTests" time="0.001"/>
  <testcase name="TestALotOfAdding" classname="LocalCMCTests" time="0.0"/>
  <testcase name="TestALotOfAdding" classname="LocalCMCTests" time="0.001"/>
  <testcase name="TestALotOfAdding" classname="LocalCMCTests" time="0.0"/>
  <testcase name="TestALotOfAdding" classname="LocalCMCTests" time="0.0"/>
  <testcase name="TestALotOfAdding" classname="LocalCMCTests" time="0.0"/>
  <testcase name="TestALotOfAdding" classname="LocalCMCTests" time="0.001"/>
  <testcase name="TestALotOfAdding" classname="LocalCMCTests" time="0.0"/>
  <testcase name="TestALotOfAdding" classname="LocalCMCTests" time="0.0"/>
  <testcase name="TestALotOfAdding" classname="LocalCMCTests" time="0.001"/>
  <testcase name="TestALotOfAdding" classname="LocalCMCTests" time="0.001"/>
  <testcase name="TestALotOfAdding" classname="LocalCMCTests" time="0.0"/>
  <testcase name="TestALotOfAdding" classname="LocalCMCTests" time="0.0"/>
  <testcase name="TestALotOfAdding" classname="LocalCMCTests" time="0.0"/>
  <testcase name="TestALotOfAdding" classname="LocalCMCTests" time="0.0"/>
  <testcase name="TestALotOfAdding" classname="LocalCMCTests" time="0.002"/>
  <testcase name="TestALotOfAdding" classname="LocalCMCTests" time="0.001"/>
  <testcase name="TestALotOfAdding" classname="LocalCMCTests" time="0.001"/>
  <testcase name="TestALotOfAdding" classname="LocalCMCTests" time="0.001"/>
  <testcase name="TestALotOfAdding" classname="LocalCMCTests" time="0.0"/>
  <testcase name="TestALotOfAdding" classname="LocalCMCTests" time="0.002"/>
  <testcase name="TestALotOfAdding" classname="LocalCMCTests" time="0.001"/>
  <testcase name="TestALotOfAdding" classname="LocalCMCTests" time="0.0"/>
  <testcase name="TestALotOfAdding" classname="LocalCMCTests" time="0.0"/>
  <testcase name="TestALotOfAdding" classname="LocalCMCTests" time="0.0"/>
  <testcase name="TestALotOfAdding" classname="LocalCMCTests" time="0.0"/>
  <testcase name="TestALotOfAdding" classname="LocalCMCTests" time="0.001"/>
  <testcase name="TestALotOfAdding" classname="LocalCMCTests" time="0.001"/>
  <testcase name="TestALotOfAdding" classname="LocalCMCTests" time="0.002"/>
  <testcase name="TestALotOfAdding" classname="LocalCMCTests" time="0.002"/>
  <testcase name="TestALotOfAdding" classname="LocalCMCTests" time="0.001"/>
  <testcase name="TestALotOfAdding" classname="LocalCMCTests" time="0.0"/>
  <testcase name="TestALotOfAdding" classname="LocalCMCTests" time="0.0"/>
  <testcase name="TestALotOfAdding" classname="LocalCMCTests" time="0.001"/>
  <testcase name="TestALotOfAdding" classname="LocalCMCTests" time="0.001"/>
  <testcase name="TestALotOfAdding" classname="LocalCMCTests" time="0.001"/>
  <testcase name="TestALotOfAdding" classname="LocalCMCTests" time="0.001"/>
  <testcase name="TestALotOfAdding" classname="LocalCMCTests" time="0.002"/>
  <testcase name="TestALotOfAdding" classname="LocalCMCTests" time="0.001"/>
  <testcase name="TestALotOfAdding" classname="LocalCMCTests" time="0.001"/>
  <testcase name="TestALotOfAdding" classname="LocalCMCTests" time="0.0"/>
  <testcase name="TestALotOfAdding" classname="LocalCMCTests" time="0.0"/>
  <testcase name="TestALotOfAdding" classname="LocalCMCTests" time="0.001"/>
  <testcase name="TestALotOfAdding" classname="LocalCMCTests" time="0.0"/>
  <testcase name="TestALotOfAdding" classname="LocalCMCTests" time="0.001"/>
  <testcase name="TestALotOfAdding" classname="LocalCMCTests" time="0.0"/>
  <testcase name="TestALotOfAdding" classname="LocalCMCTests" time="0.001"/>
  <testcase name="TestALotOfAdding" classname="LocalCMCTests" time="0.0"/>
  <testcase name="TestALotOfAdding" classname="LocalCMCTests" time="0.001"/>
  <testcase name="TestALotOfAdding" classname="LocalCMCTests" time="0.002"/>
  <testcase name="TestALotOfAdding" classname="LocalCMCTests" time="0.003"/>
  <testcase name="TestALotOfAdding" classname="LocalCMCTests" time="0.002"/>
  <testcase name="TestALotOfAdding" classname="LocalCMCTests" time="0.0"/>
  <testcase name="TestALotOfAdding" classname="LocalCMCTests" time="0.0"/>
  <testcase name="TestALotOfAdding" classname="LocalCMCTests" time="0.001"/>
  <testcase name="TestALotOfAdding" classname="LocalCMCTests" time="0.001"/>
  <testcase name="TestALotOfAdding" classname="LocalCMCTests" time="0.001"/>
  <testcase name="TestALotOfAdding" classname="LocalCMCTests" time="0.002"/>
  <testcase name="TestALotOfAdding" classname="LocalCMCTests" time="0.001"/>
  <testcase name="TestALotOfAdding" classname="LocalCMCTests" time="0.001"/>
  <testcase name="TestALotOfAdding" classname="LocalCMCTests" time="0.0"/>
  <testcase name="TestALotOfAdding" classname="LocalCMCTests" time="0.001"/>
  <testcase name="TestALotOfAdding" classname="LocalCMCTests" time="0.001"/>
  <testcase name="TestALotOfAdding" classname="LocalCMCTests" time="0.001"/>
  <testcase name="TestALotOfAdding" classname="LocalCMCTests" time="0.001"/>
  <testcase name="TestALotOfAdding" classname="LocalCMCTests" time="0.001"/>
  <testcase name="TestALotOfAdding" classname="LocalCMCTests" time="0.0"/>
  <testcase name="TestALotOfAdding" classname="LocalCMCTests" time="0.0"/>
  <testcase name="TestALotOfAdding" classname="LocalCMCTests" time="0.001"/>
  <testcase name="TestALotOfAdding" classname="LocalCMCTests" time="0.0"/>
  <testcase name="TestALotOfAdding" classname="LocalCMCTests" time="0.001"/>
  <testcase name="TestALotOfAdding" classname="LocalCMCTests" time="0.001"/>
  <testcase name="TestALotOfAdding" classname="LocalCMCTests" time="0.001"/>
  <testcase name="TestALotOfAdding" classname="LocalCMCTests" time="0.001"/>
  <testcase name="TestALotOfAdding" classname="LocalCMCTests" time="0.0"/>
  <testcase name="TestALotOfAdding" classname="LocalCMCTests" time="0.001"/>
  <testcase name="TestALotOfAdding" classname="LocalCMCTests" time="0.001"/>
  <testcase name="TestALotOfAdding" classname="LocalCMCTests" time="0.001"/>
  <testcase name="TestALotOfAdding" classname="LocalCMCTests" time="0.001"/>
  <testcase name="TestALotOfAdding" classname="LocalCMCTests" time="0.0"/>
  <testcase name="TestALotOfAdding" classname="LocalCMCTests" time="0.001"/>
  <testcase name="TestALotOfAdding" classname="LocalCMCTests" time="0.0"/>
  <testcase name="TestALotOfAdding" classname="LocalCMCTests" time="0.0"/>
  <testcase name="TestALotOfAdding" classname="LocalCMCTests" time="0.001"/>
  <testcase name="TestALotOfAdding" classname="LocalCMCTests" time="0.0"/>
  <testcase name="TestALotOfAdding" classname="LocalCMCTests" time="0.0"/>
  <testcase name="TestALotOfAdding" classname="LocalCMCTests" time="0.001"/>
  <testcase name="TestALotOfAdding" classname="LocalCMCTests" time="0.0"/>
  <testcase name="TestALotOfAdding" classname="LocalCMCTests" time="0.001"/>
  <testcase name="TestALotOfAdding" classname="LocalCMCTests" time="0.001"/>
  <testcase name="TestALotOfAdding" classname="LocalCMCTests" time="0.002"/>
  <testcase name="TestALotOfAdding" classname="LocalCMCTests" time="0.001"/>
  <testcase name="TestALotOfAdding" classname="LocalCMCTests" time="0.001"/>
  <testcase name="TestALotOfAdding" classname="LocalCMCTests" time="0.001"/>
  <testcase name="TestALotOfAdding" classname="LocalCMCTests" time="0.001"/>
  <testcase name="TestALotOfAdding" classname="LocalCMCTests" time="0.001"/>
  <testcase name="TestALotOfAdding" classname="LocalCMCTests" time="0.0"/>
  <testcase name="TestALotOfAdding" classname="LocalCMCTests" time="0.001"/>
  <testcase name="TestALotOfAdding" classname="LocalCMCTests" time="0.001"/>
  <testcase name="TestALotOfAdding" classname="LocalCMCTests" time="0.0"/>
  <testcase name="TestALotOfAdding" classname="LocalCMCTests" time="0.0"/>
  <testcase name="TestALotOfAdding" classname="LocalCMCTests" time="0.001"/>
  <testcase name="TestALotOfAdding" classname="LocalCMCTests" time="0.0"/>
  <testcase name="TestALotOfAdding" classname="LocalCMCTests" time="0.0"/>
  <testcase name="TestALotOfAdding" classname="LocalCMCTests" time="0.001"/>
  <testcase name="TestALotOfAdding" classname="LocalCMCTests" time="0.001"/>
  <testcase name="TestALotOfAdding" classname="LocalCMCTests" time="0.0"/>
  <testcase name="TestALotOfAdding" classname="LocalCMCTests" time="0.001"/>
  <testcase name="TestALotOfAdding" classname="LocalCMCTests" time="0.001"/>
  <testcase name="TestALotOfAdding" classname="LocalCMCTests" time="0.001"/>
  <testcase name="TestALotOfAdding" classname="LocalCMCTests" time="0.0"/>
  <testcase name="TestALotOfAdding" classname="LocalCMCTests" time="0.001"/>
  <testcase name="TestALotOfAdding" classname="LocalCMCTests" time="0.001"/>
  <testcase name="TestALotOfAdding" classname="LocalCMCTests" time="0.001"/>
  <testcase name="TestALotOfAdding" classname="LocalCMCTests" time="0.0"/>
  <testcase name="TestALotOfAdding" classname="LocalCMCTests" time="0.0"/>
  <testcase name="TestALotOfAdding" classname="LocalCMCTests" time="0.0"/>
  <testcase name="TestALotOfAdding" classname="LocalCMCTests" time="0.001"/>
  <testcase name="TestALotOfAdding" classname="LocalCMCTests" time="0.0"/>
  <testcase name="TestALotOfAdding" classname="LocalCMCTests" time="0.001"/>
  <testcase name="TestALotOfAdding" classname="LocalCMCTests" time="0.001"/>
  <testcase name="TestALotOfAdding" classname="LocalCMCTests" time="0.001"/>
  <testcase name="TestALotOfAdding" classname="LocalCMCTests" time="0.0"/>
  <testcase name="TestALotOfAdding" classname="LocalCMCTests" time="0.001"/>
  <testcase name="TestALotOfAdding" classname="LocalCMCTests" time="0.002"/>
  <testcase name="TestALotOfAdding" classname="LocalCMCTests" time="0.001"/>
  <testcase name="TestALotOfAdding" classname="LocalCMCTests" time="0.0"/>
  <testcase name="TestALotOfAdding" classname="LocalCMCTests" time="0.001"/>
  <testcase name="TestALotOfAdding" classname="LocalCMCTests" time="0.0"/>
  <testcase name="TestALotOfAdding" classname="LocalCMCTests" time="0.001"/>
  <testcase name="TestALotOfAdding" classname="LocalCMCTests" time="0.001"/>
  <testcase name="TestALotOfAdding" classname="LocalCMCTests" time="0.0"/>
  <testcase name="TestALotOfAdding" classname="LocalCMCTests" time="0.0"/>
  <testcase name="TestALotOfAdding" classname="LocalCMCTests" time="0.0"/>
  <testcase name="TestALotOfAdding" classname="LocalCMCTests" time="0.001"/>
  <testcase name="TestALotOfAdding" classname="LocalCMCTests" time="0.001"/>
  <testcase name="TestALotOfAdding" classname="LocalCMCTests" time="0.001"/>
  <testcase name="TestALotOfAdding" classname="LocalCMCTests" time="0.001"/>
  <testcase name="TestALotOfAdding" classname="LocalCMCTests" time="0.001"/>
  <testcase name="TestALotOfAdding" classname="LocalCMCTests" time="0.001"/>
  <testcase name="TestALotOfAdding" classname="LocalCMCTests" time="0.002"/>
  <testcase name="TestALotOfAdding" classname="LocalCMCTests" time="0.001"/>
  <testcase name="TestALotOfAdding" classname="LocalCMCTests" time="0.001"/>
  <testcase name="TestALotOfAdding" classname="LocalCMCTests" time="0.0"/>
  <testcase name="TestALotOfAdding" classname="LocalCMCTests" time="0.0"/>
  <testcase name="TestALotOfAdding" classname="LocalCMCTests" time="0.0"/>
  <testcase name="TestALotOfAdding" classname="LocalCMCTests" time="0.0"/>
  <testcase name="TestALotOfAdding" classname="LocalCMCTests" time="0.0"/>
  <testcase name="TestALotOfAdding" classname="LocalCMCTests" time="0.0"/>
  <testcase name="TestALotOfAdding" classname="LocalCMCTests" time="0.001"/>
  <testcase name="TestALotOfAdding" classname="LocalCMCTests" time="0.0"/>
  <testcase name="TestALotOfAdding" classname="LocalCMCTests" time="0.001"/>
  <testcase name="TestALotOfAdding" classname="LocalCMCTests" time="0.001"/>
  <testcase name="TestALotOfAdding" classname="LocalCMCTests" time="0.001"/>
  <testcase name="TestALotOfAdding" classname="LocalCMCTests" time="0.001"/>
  <testcase name="TestALotOfAdding" classname="LocalCMCTests" time="0.002"/>
  <testcase name="TestALotOfAdding" classname="LocalCMCTests" time="0.0"/>
  <testcase name="TestALotOfAdding" classname="LocalCMCTests" time="0.001"/>
  <testcase name="TestALotOfAdding" classname="LocalCMCTests" time="0.0"/>
  <testcase name="TestALotOfAdding" classname="LocalCMCTests" time="0.0"/>
  <testcase name="TestALotOfAdding" classname="LocalCMCTests" time="0.0"/>
  <testcase name="TestALotOfAdding" classname="LocalCMCTests" time="0.0"/>
  <testcase name="TestALotOfAdding" classname="LocalCMCTests" time="0.0"/>
  <testcase name="TestALotOfAdding" classname="LocalCMCTests" time="0.0"/>
  <testcase name="TestALotOfAdding" classname="LocalCMCTests" time="0.001"/>
  <testcase name="TestALotOfAdding" classname="LocalCMCTests" time="0.001"/>
  <testcase name="TestALotOfAdding" classname="LocalCMCTests" time="0.0"/>
  <testcase name="TestALotOfAdding" classname="LocalCMCTests" time="0.002"/>
  <testcase name="TestALotOfAdding" classname="LocalCMCTests" time="0.002"/>
  <testcase name="TestALotOfAdding" classname="LocalCMCTests" time="0.0"/>
  <testcase name="TestALotOfAdding" classname="LocalCMCTests" time="0.0"/>
  <testcase name="TestALotOfAdding" classname="LocalCMCTests" time="0.001"/>
  <testcase name="TestALotOfAdding" classname="LocalCMCTests" time="0.0"/>
  <testcase name="TestALotOfAdding" classname="LocalCMCTests" time="0.001"/>
  <testcase name="TestALotOfAdding" classname="LocalCMCTests" time="0.001"/>
  <testcase name="TestALotOfAdding" classname="LocalCMCTests" time="0.001"/>
  <testcase name="TestALotOfAdding" classname="LocalCMCTests" time="0.001"/>
  <testcase name="TestALotOfAdding" classname="LocalCMCTests" time="0.001"/>
  <testcase name="TestALotOfAdding" classname="LocalCMCTests" time="0.0"/>
  <testcase name="TestALotOfAdding" classname="LocalCMCTests" time="0.002"/>
  <testcase name="TestALotOfAdding" classname="LocalCMCTests" time="0.001"/>
  <testcase name="TestALotOfAdding" classname="LocalCMCTests" time="0.001"/>
  <testcase name="TestALotOfAdding" classname="LocalCMCTests" time="0.001"/>
  <testcase name="TestALotOfAdding" classname="LocalCMCTests" time="0.001"/>
  <testcase name="TestALotOfAdding" classname="LocalCMCTests" time="0.001"/>
  <testcase name="TestALotOfAdding" classname="LocalCMCTests" time="0.0"/>
  <testcase name="TestALotOfAdding" classname="LocalCMCTests" time="0.0"/>
  <testcase name="TestALotOfAdding" classname="LocalCMCTests" time="0.0"/>
  <testcase name="TestALotOfAdding" classname="LocalCMCTests" time="0.0"/>
  <testcase name="TestALotOfAdding" classname="LocalCMCTests" time="0.0"/>
  <testcase name="TestALotOfAdding" classname="LocalCMCTests" time="0.0"/>
  <testcase name="TestALotOfAdding" classname="LocalCMCTests" time="0.002"/>
  <testcase name="TestALotOfAdding" classname="LocalCMCTests" time="0.002"/>
  <testcase name="TestALotOfAdding" classname="LocalCMCTests" time="0.001"/>
  <testcase name="TestALotOfAdding" classname="LocalCMCTests" time="0.0"/>
  <testcase name="TestALotOfAdding" classname="LocalCMCTests" time="0.001"/>
  <testcase name="TestALotOfAdding" classname="LocalCMCTests" time="0.001"/>
  <testcase name="TestALotOfAdding" classname="LocalCMCTests" time="0.001"/>
  <testcase name="TestALotOfAdding" classname="LocalCMCTests" time="0.001"/>
  <testcase name="TestALotOfAdding" classname="LocalCMCTests" time="0.002"/>
  <testcase name="TestALotOfAdding" classname="LocalCMCTests" time="0.002"/>
  <testcase name="TestALotOfAdding" classname="LocalCMCTests" time="0.001"/>
  <testcase name="TestALotOfAdding" classname="LocalCMCTests" time="0.0"/>
  <testcase name="TestALotOfAdding" classname="LocalCMCTests" time="0.0"/>
  <testcase name="TestALotOfAdding" classname="LocalCMCTests" time="0.0"/>
  <testcase name="TestALotOfAdding" classname="LocalCMCTests" time="0.001"/>
  <testcase name="TestALotOfAdding" classname="LocalCMCTests" time="0.001"/>
  <testcase name="TestALotOfAdding" classname="LocalCMCTests" time="0.0"/>
  <testcase name="TestALotOfAdding" classname="LocalCMCTests" time="0.001"/>
  <testcase name="TestALotOfAdding" classname="LocalCMCTests" time="0.0"/>
  <testcase name="TestALotOfAdding" classname="LocalCMCTests" time="0.001"/>
  <testcase name="TestALotOfAdding" classname="LocalCMCTests" time="0.001"/>
  <testcase name="TestALotOfAdding" classname="LocalCMCTests" time="0.0"/>
  <testcase name="TestALotOfAdding" classname="LocalCMCTests" time="0.001"/>
  <testcase name="TestALotOfAdding" classname="LocalCMCTests" time="0.001"/>
  <testcase name="TestALotOfAdding" classname="LocalCMCTests" time="0.001"/>
  <testcase name="TestALotOfAdding" classname="LocalCMCTests" time="0.0"/>
  <testcase name="TestALotOfAdding" classname="LocalCMCTests" time="0.0"/>
  <testcase name="TestALotOfAdding" classname="LocalCMCTests" time="0.002"/>
  <testcase name="TestALotOfAdding" classname="LocalCMCTests" time="0.001"/>
  <testcase name="TestALotOfAdding" classname="LocalCMCTests" time="0.001"/>
  <testcase name="TestALotOfAdding" classname="LocalCMCTests" time="0.001"/>
  <testcase name="TestALotOfAdding" classname="LocalCMCTests" time="0.001"/>
  <testcase name="TestALotOfAdding" classname="LocalCMCTests" time="0.001"/>
  <testcase name="TestALotOfAdding" classname="LocalCMCTests" time="0.0"/>
  <testcase name="TestALotOfAdding" classname="LocalCMCTests" time="0.0"/>
  <testcase name="TestALotOfAdding" classname="LocalCMCTests" time="0.001"/>
  <testcase name="TestALotOfAdding" classname="LocalCMCTests" time="0.0"/>
  <testcase name="TestALotOfAdding" classname="LocalCMCTests" time="0.0"/>
  <testcase name="TestALotOfAdding" classname="LocalCMCTests" time="0.0"/>
  <testcase name="TestALotOfAdding" classname="LocalCMCTests" time="0.001"/>
  <testcase name="TestALotOfAdding" classname="LocalCMCTests" time="0.001"/>
  <testcase name="TestALotOfAdding" classname="LocalCMCTests" time="0.001"/>
  <testcase name="TestALotOfAdding" classname="LocalCMCTests" time="0.0"/>
  <testcase name="TestALotOfAdding" classname="LocalCMCTests" time="0.001"/>
  <testcase name="TestALotOfAdding" classname="LocalCMCTests" time="0.001"/>
  <testcase name="TestALotOfAdding" classname="LocalCMCTests" time="0.0"/>
  <testcase name="TestALotOfAdding" classname="LocalCMCTests" time="0.003"/>
  <testcase name="TestALotOfAdding" classname="LocalCMCTests" time="0.002"/>
  <testcase name="TestALotOfAdding" classname="LocalCMCTests" time="0.0"/>
  <testcase name="TestALotOfAdding" classname="LocalCMCTests" time="0.0"/>
  <testcase name="TestALotOfAdding" classname="LocalCMCTests" time="0.0"/>
  <testcase name="TestALotOfAdding" classname="LocalCMCTests" time="0.0"/>
  <testcase name="TestALotOfAdding" classname="LocalCMCTests" time="0.002"/>
  <testcase name="TestALotOfAdding" classname="LocalCMCTests" time="0.001"/>
  <testcase name="TestALotOfAdding" classname="LocalCMCTests" time="0.0"/>
  <testcase name="TestALotOfAdding" classname="LocalCMCTests" time="0.001"/>
  <testcase name="TestALotOfAdding" classname="LocalCMCTests" time="0.0"/>
  <testcase name="TestALotOfAdding" classname="LocalCMCTests" time="0.0"/>
  <testcase name="TestALotOfAdding" classname="LocalCMCTests" time="0.0"/>
  <testcase name="TestALotOfAdding" classname="LocalCMCTests" time="0.0"/>
  <testcase name="TestALotOfAdding" classname="LocalCMCTests" time="0.001"/>
  <testcase name="TestALotOfAdding" classname="LocalCMCTests" time="0.001"/>
  <testcase name="TestALotOfAdding" classname="LocalCMCTests" time="0.001"/>
  <testcase name="TestALotOfAdding" classname="LocalCMCTests" time="0.001"/>
  <testcase name="TestALotOfAdding" classname="LocalCMCTests" time="0.0"/>
  <testcase name="TestALotOfAdding" classname="LocalCMCTests" time="0.0"/>
  <testcase name="TestALotOfAdding" classname="LocalCMCTests" time="0.0"/>
  <testcase name="TestALotOfAdding" classname="LocalCMCTests" time="0.001"/>
  <testcase name="TestALotOfAdding" classname="LocalCMCTests" time="0.0"/>
  <testcase name="TestALotOfAdding" classname="LocalCMCTests" time="0.002"/>
  <testcase name="TestALotOfAdding" classname="LocalCMCTests" time="0.002"/>
  <testcase name="TestALotOfAdding" classname="LocalCMCTests" time="0.002"/>
  <testcase name="TestALotOfAdding" classname="LocalCMCTests" time="0.002"/>
  <testcase name="TestALotOfAdding" classname="LocalCMCTests" time="0.0"/>
  <testcase name="TestALotOfAdding" classname="LocalCMCTests" time="0.0"/>
  <testcase name="TestALotOfAdding" classname="LocalCMCTests" time="0.0"/>
  <testcase name="TestALotOfAdding" classname="LocalCMCTests" time="0.001"/>
  <testcase name="TestALotOfAdding" classname="LocalCMCTests" time="0.0"/>
  <testcase name="TestALotOfAdding" classname="LocalCMCTests" time="0.002"/>
  <testcase name="TestALotOfAdding" classname="LocalCMCTests" time="0.003"/>
  <testcase name="TestALotOfAdding" classname="LocalCMCTests" time="0.003"/>
  <testcase name="TestALotOfAdding" classname="LocalCMCTests" time="0.0"/>
  <testcase name="TestALotOfAdding" classname="LocalCMCTests" time="0.001"/>
  <testcase name="TestALotOfAdding" classname="LocalCMCTests" time="0.002"/>
  <testcase name="TestALotOfAdding" classname="LocalCMCTests" time="0.001"/>
  <testcase name="TestALotOfAdding" classname="LocalCMCTests" time="0.0"/>
  <testcase name="TestALotOfAdding" classname="LocalCMCTests" time="0.001"/>
  <testcase name="TestALotOfAdding" classname="LocalCMCTests" time="0.001"/>
  <testcase name="TestALotOfAdding" classname="LocalCMCTests" time="0.001"/>
  <testcase name="TestALotOfAdding" classname="LocalCMCTests" time="0.0"/>
  <testcase name="TestALotOfAdding" classname="LocalCMCTests" time="0.0"/>
  <testcase name="TestALotOfAdding" classname="LocalCMCTests" time="0.0"/>
  <testcase name="TestALotOfAdding" classname="LocalCMCTests" time="0.0"/>
  <testcase name="TestALotOfAdding" classname="LocalCMCTests" time="0.0"/>
  <testcase name="TestALotOfAdding" classname="LocalCMCTests" time="0.001"/>
  <testcase name="TestALotOfAdding" classname="LocalCMCTests" time="0.001"/>
  <testcase name="TestALotOfAdding" classname="LocalCMCTests" time="0.001"/>
  <testcase name="TestALotOfAdding" classname="LocalCMCTests" time="0.001"/>
  <testcase name="TestALotOfAdding" classname="LocalCMCTests" time="0.0"/>
  <testcase name="TestALotOfAdding" classname="LocalCMCTests" time="0.001"/>
  <testcase name="TestALotOfAdding" classname="LocalCMCTests" time="0.001"/>
  <testcase name="TestALotOfAdding" classname="LocalCMCTests" time="0.001"/>
  <testcase name="TestALotOfAdding" classname="LocalCMCTests" time="0.002"/>
  <testcase name="TestALotOfAdding" classname="LocalCMCTests" time="0.0"/>
  <testcase name="TestALotOfAdding" classname="LocalCMCTests" time="0.001"/>
  <testcase name="TestALotOfAdding" classname="LocalCMCTests" time="0.002"/>
  <testcase name="TestALotOfAdding" classname="LocalCMCTests" time="0.002"/>
  <testcase name="TestALotOfAdding" classname="LocalCMCTests" time="0.001"/>
  <testcase name="TestALotOfAdding" classname="LocalCMCTests" time="0.0"/>
  <testcase name="TestALotOfAdding" classname="LocalCMCTests" time="0.001"/>
  <testcase name="TestALotOfAdding" classname="LocalCMCTests" time="0.001"/>
  <testcase name="TestALotOfAdding" classname="LocalCMCTests" time="0.001"/>
  <testcase name="TestALotOfAdding" classname="LocalCMCTests" time="0.001"/>
  <testcase name="TestALotOfAdding" classname="LocalCMCTests" time="0.0"/>
  <testcase name="TestALotOfAdding" classname="LocalCMCTests" time="0.001"/>
  <testcase name="TestALotOfAdding" classname="LocalCMCTests" time="0.0"/>
  <testcase name="TestALotOfAdding" classname="LocalCMCTests" time="0.0"/>
  <testcase name="TestALotOfAdding" classname="LocalCMCTests" time="0.002"/>
  <testcase name="TestALotOfAdding" classname="LocalCMCTests" time="0.0"/>
  <testcase name="TestALotOfAdding" classname="LocalCMCTests" time="0.0"/>
  <testcase name="TestALotOfAdding" classname="LocalCMCTests" time="0.002"/>
  <testcase name="TestALotOfAdding" classname="LocalCMCTests" time="0.001"/>
  <testcase name="TestALotOfAdding" classname="LocalCMCTests" time="0.0"/>
  <testcase name="TestALotOfAdding" classname="LocalCMCTests" time="0.001"/>
  <testcase name="TestALotOfAdding" classname="LocalCMCTests" time="0.0"/>
  <testcase name="TestALotOfAdding" classname="LocalCMCTests" time="0.001"/>
  <testcase name="TestALotOfAdding" classname="LocalCMCTests" time="0.001"/>
  <testcase name="TestALotOfAdding" classname="LocalCMCTests" time="0.002"/>
  <testcase name="TestALotOfAdding" classname="LocalCMCTests" time="0.002"/>
  <testcase name="TestALotOfAdding" classname="LocalCMCTests" time="0.0"/>
  <testcase name="TestALotOfAdding" classname="LocalCMCTests" time="0.002"/>
  <testcase name="TestALotOfAdding" classname="LocalCMCTests" time="0.001"/>
  <testcase name="TestALotOfAdding" classname="LocalCMCTests" time="0.0"/>
  <testcase name="TestALotOfAdding" classname="LocalCMCTests" time="0.001"/>
  <testcase name="TestALotOfAdding" classname="LocalCMCTests" time="0.001"/>
  <testcase name="TestALotOfAdding" classname="LocalCMCTests" time="0.001"/>
  <testcase name="TestALotOfAdding" classname="LocalCMCTests" time="0.0"/>
  <testcase name="TestALotOfAdding" classname="LocalCMCTests" time="0.001"/>
  <testcase name="TestALotOfAdding" classname="LocalCMCTests" time="0.0"/>
  <testcase name="TestALotOfAdding" classname="LocalCMCTests" time="0.001"/>
  <testcase name="TestALotOfAdding" classname="LocalCMCTests" time="0.001"/>
  <testcase name="TestALotOfAdding" classname="LocalCMCTests" time="0.0"/>
  <testcase name="TestALotOfAdding" classname="LocalCMCTests" time="0.0"/>
  <testcase name="TestALotOfAdding" classname="LocalCMCTests" time="0.001"/>
  <testcase name="TestALotOfAdding" classname="LocalCMCTests" time="0.001"/>
  <testcase name="TestALotOfAdding" classname="LocalCMCTests" time="0.001"/>
  <testcase name="TestALotOfAdding" classname="LocalCMCTests" time="0.001"/>
  <testcase name="TestALotOfAdding" classname="LocalCMCTests" time="0.0"/>
  <testcase name="TestALotOfAdding" classname="LocalCMCTests" time="0.001"/>
  <testcase name="TestALotOfAdding" classname="LocalCMCTests" time="0.002"/>
  <testcase name="TestALotOfAdding" classname="LocalCMCTests" time="0.002"/>
  <testcase name="TestALotOfAdding" classname="LocalCMCTests" time="0.0"/>
  <testcase name="TestALotOfAdding" classname="LocalCMCTests" time="0.0"/>
  <testcase name="TestALotOfAdding" classname="LocalCMCTests" time="0.0"/>
  <testcase name="TestALotOfAdding" classname="LocalCMCTests" time="0.001"/>
  <testcase name="TestALotOfAdding" classname="LocalCMCTests" time="0.002"/>
  <testcase name="TestALotOfAdding" classname="LocalCMCTests" time="0.001"/>
  <testcase name="TestALotOfAdding" classname="LocalCMCTests" time="0.001"/>
  <testcase name="TestALotOfAdding" classname="LocalCMCTests" time="0.001"/>
  <testcase name="TestALotOfAdding" classname="LocalCMCTests" time="0.001"/>
  <testcase name="TestALotOfAdding" classname="LocalCMCTests" time="0.0"/>
  <testcase name="TestALotOfAdding" classname="LocalCMCTests" time="0.001"/>
  <testcase name="TestALotOfAdding" classname="LocalCMCTests" time="0.001"/>
  <testcase name="TestALotOfAdding" classname="LocalCMCTests" time="0.0"/>
  <testcase name="TestALotOfAdding" classname="LocalCMCTests" time="0.001"/>
  <testcase name="TestALotOfAdding" classname="LocalCMCTests" time="0.0"/>
  <testcase name="TestALotOfAdding" classname="LocalCMCTests" time="0.0"/>
  <testcase name="TestALotOfAdding" classname="LocalCMCTests" time="0.0"/>
  <testcase name="TestALotOfAdding" classname="LocalCMCTests" time="0.0"/>
  <testcase name="TestALotOfAdding" classname="LocalCMCTests" time="0.0"/>
  <testcase name="TestALotOfAdding" classname="LocalCMCTests" time="0.0"/>
  <testcase name="TestALotOfAdding" classname="LocalCMCTests" time="0.0"/>
  <testcase name="TestALotOfAdding" classname="LocalCMCTests" time="0.0"/>
  <testcase name="TestALotOfAdding" classname="LocalCMCTests" time="0.001"/>
  <testcase name="TestALotOfAdding" classname="LocalCMCTests" time="0.001"/>
  <testcase name="TestALotOfAdding" classname="LocalCMCTests" time="0.0"/>
  <testcase name="TestALotOfAdding" classname="LocalCMCTests" time="0.001"/>
  <testcase name="TestALotOfAdding" classname="LocalCMCTests" time="0.001"/>
  <testcase name="TestALotOfAdding" classname="LocalCMCTests" time="0.001"/>
  <testcase name="TestALotOfAdding" classname="LocalCMCTests" time="0.001"/>
  <testcase name="TestALotOfAdding" classname="LocalCMCTests" time="0.001"/>
  <testcase name="TestALotOfAdding" classname="LocalCMCTests" time="0.001"/>
  <testcase name="TestALotOfAdding" classname="LocalCMCTests" time="0.002"/>
  <testcase name="TestALotOfAdding" classname="LocalCMCTests" time="0.0"/>
  <testcase name="TestALotOfAdding" classname="LocalCMCTests" time="0.0"/>
  <testcase name="TestALotOfAdding" classname="LocalCMCTests" time="0.0"/>
  <testcase name="TestALotOfAdding" classname="LocalCMCTests" time="0.003"/>
  <testcase name="TestALotOfAdding" classname="LocalCMCTests" time="0.003"/>
  <testcase name="TestALotOfAdding" classname="LocalCMCTests" time="0.0"/>
  <testcase name="TestALotOfAdding" classname="LocalCMCTests" time="0.0"/>
  <testcase name="TestALotOfAdding" classname="LocalCMCTests" time="0.001"/>
  <testcase name="TestALotOfAdding" classname="LocalCMCTests" time="0.001"/>
  <testcase name="TestALotOfAdding" classname="LocalCMCTests" time="0.0"/>
  <testcase name="TestALotOfAdding" classname="LocalCMCTests" time="0.001"/>
  <testcase name="TestALotOfAdding" classname="LocalCMCTests" time="0.004"/>
  <testcase name="TestALotOfAdding" classname="LocalCMCTests" time="0.003"/>
  <testcase name="TestALotOfAdding" classname="LocalCMCTests" time="0.003"/>
  <testcase name="TestALotOfAdding" classname="LocalCMCTests" time="0.0"/>
  <testcase name="TestALotOfAdding" classname="LocalCMCTests" time="0.0"/>
  <testcase name="TestALotOfAdding" classname="LocalCMCTests" time="0.0"/>
  <testcase name="TestALotOfAdding" classname="LocalCMCTests" time="0.001"/>
  <testcase name="TestALotOfAdding" classname="LocalCMCTests" time="0.001"/>
  <testcase name="TestALotOfAdding" classname="LocalCMCTests" time="0.001"/>
  <testcase name="TestALotOfAdding" classname="LocalCMCTests" time="0.001"/>
  <testcase name="TestALotOfAdding" classname="LocalCMCTests" time="0.004"/>
  <testcase name="TestALotOfAdding" classname="LocalCMCTests" time="0.0"/>
  <testcase name="TestALotOfAdding" classname="LocalCMCTests" time="0.0"/>
  <testcase name="TestALotOfAdding" classname="LocalCMCTests" time="0.001"/>
  <testcase name="TestALotOfAdding" classname="LocalCMCTests" time="0.0"/>
  <testcase name="TestALotOfAdding" classname="LocalCMCTests" time="0.0"/>
  <testcase name="TestALotOfAdding" classname="LocalCMCTests" time="0.0"/>
  <testcase name="TestALotOfAdding" classname="LocalCMCTests" time="0.0"/>
  <testcase name="TestALotOfAdding" classname="LocalCMCTests" time="0.0"/>
  <testcase name="TestALotOfAdding" classname="LocalCMCTests" time="0.001"/>
  <testcase name="TestALotOfAdding" classname="LocalCMCTests" time="0.001"/>
  <testcase name="TestALotOfAdding" classname="LocalCMCTests" time="0.001"/>
  <testcase name="TestALotOfAdding" classname="LocalCMCTests" time="0.001"/>
  <testcase name="TestALotOfAdding" classname="LocalCMCTests" time="0.0"/>
  <testcase name="TestALotOfAdding" classname="LocalCMCTests" time="0.0"/>
  <testcase name="TestALotOfAdding" classname="LocalCMCTests" time="0.001"/>
  <testcase name="TestALotOfAdding" classname="LocalCMCTests" time="0.0"/>
  <testcase name="TestALotOfAdding" classname="LocalCMCTests" time="0.001"/>
  <testcase name="TestALotOfAdding" classname="LocalCMCTests" time="0.001"/>
  <testcase name="TestALotOfAdding" classname="LocalCMCTests" time="0.0"/>
  <testcase name="TestALotOfAdding" classname="LocalCMCTests" time="0.0"/>
  <testcase name="TestALotOfAdding" classname="LocalCMCTests" time="0.002"/>
  <testcase name="TestALotOfAdding" classname="LocalCMCTests" time="0.002"/>
  <testcase name="TestALotOfAdding" classname="LocalCMCTests" time="0.0"/>
  <testcase name="TestALotOfAdding" classname="LocalCMCTests" time="0.0"/>
  <testcase name="TestALotOfAdding" classname="LocalCMCTests" time="0.0"/>
  <testcase name="TestALotOfAdding" classname="LocalCMCTests" time="0.001"/>
  <testcase name="TestALotOfAdding" classname="LocalCMCTests" time="0.001"/>
  <testcase name="TestALotOfAdding" classname="LocalCMCTests" time="0.0"/>
  <testcase name="TestALotOfAdding" classname="LocalCMCTests" time="0.001"/>
  <testcase name="TestALotOfAdding" classname="LocalCMCTests" time="0.001"/>
  <testcase name="TestALotOfAdding" classname="LocalCMCTests" time="0.001"/>
  <testcase name="TestALotOfAdding" classname="LocalCMCTests" time="0.002"/>
  <testcase name="TestALotOfAdding" classname="LocalCMCTests" time="0.0"/>
  <testcase name="TestALotOfAdding" classname="LocalCMCTests" time="0.0"/>
  <testcase name="TestALotOfAdding" classname="LocalCMCTests" time="0.0"/>
  <testcase name="TestALotOfAdding" classname="LocalCMCTests" time="0.0"/>
  <testcase name="TestALotOfAdding" classname="LocalCMCTests" time="0.0"/>
  <testcase name="TestALotOfAdding" classname="LocalCMCTests" time="0.001"/>
  <testcase name="TestALotOfAdding" classname="LocalCMCTests" time="0.001"/>
  <testcase name="TestALotOfAdding" classname="LocalCMCTests" time="0.0"/>
  <testcase name="TestALotOfAdding" classname="LocalCMCTests" time="0.0"/>
  <testcase name="TestALotOfAdding" classname="LocalCMCTests" time="0.001"/>
  <testcase name="TestALotOfAdding" classname="LocalCMCTests" time="0.0"/>
  <testcase name="TestALotOfAdding" classname="LocalCMCTests" time="0.0"/>
  <testcase name="TestALotOfAdding" classname="LocalCMCTests" time="0.001"/>
  <testcase name="TestALotOfAdding" classname="LocalCMCTests" time="0.001"/>
  <testcase name="TestALotOfAdding" classname="LocalCMCTests" time="0.0"/>
  <testcase name="TestALotOfAdding" classname="LocalCMCTests" time="0.001"/>
  <testcase name="TestALotOfAdding" classname="LocalCMCTests" time="0.001"/>
  <testcase name="TestALotOfAdding" classname="LocalCMCTests" time="0.001"/>
  <testcase name="TestALotOfAdding" classname="LocalCMCTests" time="0.001"/>
  <testcase name="TestALotOfAdding" classname="LocalCMCTests" time="0.0"/>
  <testcase name="TestALotOfAdding" classname="LocalCMCTests" time="0.0"/>
  <testcase name="TestALotOfAdding" classname="LocalCMCTests" time="0.001"/>
  <testcase name="TestALotOfAdding" classname="LocalCMCTests" time="0.0"/>
  <testcase name="TestALotOfAdding" classname="LocalCMCTests" time="0.001"/>
  <testcase name="TestALotOfAdding" classname="LocalCMCTests" time="0.001"/>
  <testcase name="TestALotOfAdding" classname="LocalCMCTests" time="0.0"/>
  <testcase name="TestALotOfAdding" classname="LocalCMCTests" time="0.001"/>
  <testcase name="TestALotOfAdding" classname="LocalCMCTests" time="0.001"/>
  <testcase name="TestALotOfAdding" classname="LocalCMCTests" time="0.0"/>
  <testcase name="TestALotOfAdding" classname="LocalCMCTests" time="0.002"/>
  <testcase name="TestALotOfAdding" classname="LocalCMCTests" time="0.001"/>
  <testcase name="TestALotOfAdding" classname="LocalCMCTests" time="0.0"/>
  <testcase name="TestALotOfAdding" classname="LocalCMCTests" time="0.003"/>
  <testcase name="TestALotOfAdding" classname="LocalCMCTests" time="0.0"/>
  <testcase name="TestALotOfAdding" classname="LocalCMCTests" time="0.002"/>
  <testcase name="TestALotOfAdding" classname="LocalCMCTests" time="0.0"/>
  <testcase name="TestALotOfAdding" classname="LocalCMCTests" time="0.0"/>
  <testcase name="TestALotOfAdding" classname="LocalCMCTests" time="0.001"/>
  <testcase name="TestALotOfAdding" classname="LocalCMCTests" time="0.0"/>
  <testcase name="TestALotOfAdding" classname="LocalCMCTests" time="0.001"/>
  <testcase name="TestALotOfAdding" classname="LocalCMCTests" time="0.001"/>
  <testcase name="TestALotOfAdding" classname="LocalCMCTests" time="0.001"/>
  <testcase name="TestALotOfAdding" classname="LocalCMCTests" time="0.0"/>
  <testcase name="TestALotOfAdding" classname="LocalCMCTests" time="0.001"/>
  <testcase name="TestALotOfAdding" classname="LocalCMCTests" time="0.0"/>
  <testcase name="TestALotOfAdding" classname="LocalCMCTests" time="0.001"/>
  <testcase name="TestALotOfAdding" classname="LocalCMCTests" time="0.0"/>
  <testcase name="TestALotOfAdding" classname="LocalCMCTests" time="0.0"/>
  <testcase name="TestALotOfAdding" classname="LocalCMCTests" time="0.001"/>
  <testcase name="TestALotOfAdding" classname="LocalCMCTests" time="0.0"/>
  <testcase name="TestALotOfAdding" classname="LocalCMCTests" time="0.001"/>
  <testcase name="TestALotOfAdding" classname="LocalCMCTests" time="0.0"/>
  <testcase name="TestALotOfAdding" classname="LocalCMCTests" time="0.002"/>
  <testcase name="TestALotOfAdding" classname="LocalCMCTests" time="0.002"/>
  <testcase name="TestALotOfAdding" classname="LocalCMCTests" time="0.002"/>
  <testcase name="TestALotOfAdding" classname="LocalCMCTests" time="0.0"/>
  <testcase name="TestALotOfAdding" classname="LocalCMCTests" time="0.0"/>
  <testcase name="TestALotOfAdding" classname="LocalCMCTests" time="0.002"/>
  <testcase name="TestALotOfAdding" classname="LocalCMCTests" time="0.0"/>
  <testcase name="TestALotOfAdding" classname="LocalCMCTests" time="0.0"/>
  <testcase name="TestALotOfAdding" classname="LocalCMCTests" time="0.002"/>
  <testcase name="TestALotOfAdding" classname="LocalCMCTests" time="0.002"/>
  <testcase name="TestALotOfAdding" classname="LocalCMCTests" time="0.0"/>
  <testcase name="TestALotOfAdding" classname="LocalCMCTests" time="0.002"/>
  <testcase name="TestALotOfAdding" classname="LocalCMCTests" time="0.002"/>
  <testcase name="TestALotOfAdding" classname="LocalCMCTests" time="0.002"/>
  <testcase name="TestALotOfAdding" classname="LocalCMCTests" time="0.0"/>
  <testcase name="TestALotOfAdding" classname="LocalCMCTests" time="0.0"/>
  <testcase name="TestALotOfAdding" classname="LocalCMCTests" time="0.001"/>
  <testcase name="TestALotOfAdding" classname="LocalCMCTests" time="0.001"/>
  <testcase name="TestALotOfAdding" classname="LocalCMCTests" time="0.0"/>
  <testcase name="TestALotOfAdding" classname="LocalCMCTests" time="0.001"/>
  <testcase name="TestALotOfAdding" classname="LocalCMCTests" time="0.002"/>
  <testcase name="TestALotOfAdding" classname="LocalCMCTests" time="0.001"/>
  <testcase name="TestALotOfAdding" classname="LocalCMCTests" time="0.002"/>
  <testcase name="TestALotOfAdding" classname="LocalCMCTests" time="0.001"/>
  <testcase name="TestALotOfAdding" classname="LocalCMCTests" time="0.001"/>
  <testcase name="TestALotOfAdding" classname="LocalCMCTests" time="0.0"/>
  <testcase name="TestALotOfAdding" classname="LocalCMCTests" time="0.001"/>
  <testcase name="TestALotOfAdding" classname="LocalCMCTests" time="0.0"/>
  <testcase name="TestALotOfAdding" classname="LocalCMCTests" time="0.0"/>
  <testcase name="TestALotOfAdding" classname="LocalCMCTests" time="0.0"/>
  <testcase name="TestALotOfAdding" classname="LocalCMCTests" time="0.001"/>
  <testcase name="TestALotOfAdding" classname="LocalCMCTests" time="0.0"/>
  <testcase name="TestALotOfAdding" classname="LocalCMCTests" time="0.0"/>
  <testcase name="TestALotOfAdding" classname="LocalCMCTests" time="0.001"/>
  <testcase name="TestALotOfAdding" classname="LocalCMCTests" time="0.0"/>
  <testcase name="TestALotOfAdding" classname="LocalCMCTests" time="0.0"/>
  <testcase name="TestALotOfAdding" classname="LocalCMCTests" time="0.001"/>
  <testcase name="TestALotOfAdding" classname="LocalCMCTests" time="0.0"/>
  <testcase name="TestALotOfAdding" classname="LocalCMCTests" time="0.0"/>
  <testcase name="TestALotOfAdding" classname="LocalCMCTests" time="0.001"/>
  <testcase name="TestALotOfAdding" classname="LocalCMCTests" time="0.001"/>
  <testcase name="TestALotOfAdding" classname="LocalCMCTests" time="0.001"/>
  <testcase name="TestALotOfAdding" classname="LocalCMCTests" time="0.0"/>
  <testcase name="TestALotOfAdding" classname="LocalCMCTests" time="0.001"/>
  <testcase name="TestALotOfAdding" classname="LocalCMCTests" time="0.001"/>
  <testcase name="TestALotOfAdding" classname="LocalCMCTests" time="0.001"/>
  <testcase name="TestALotOfAdding" classname="LocalCMCTests" time="0.002"/>
  <testcase name="TestALotOfAdding" classname="LocalCMCTests" time="0.0"/>
  <testcase name="TestALotOfAdding" classname="LocalCMCTests" time="0.001"/>
  <testcase name="TestALotOfAdding" classname="LocalCMCTests" time="0.0"/>
  <testcase name="TestALotOfAdding" classname="LocalCMCTests" time="0.0"/>
  <testcase name="TestALotOfAdding" classname="LocalCMCTests" time="0.0"/>
  <testcase name="TestALotOfAdding" classname="LocalCMCTests" time="0.001"/>
  <testcase name="TestALotOfAdding" classname="LocalCMCTests" time="0.002"/>
  <testcase name="TestALotOfAdding" classname="LocalCMCTests" time="0.001"/>
  <testcase name="TestALotOfAdding" classname="LocalCMCTests" time="0.001"/>
  <testcase name="TestALotOfAdding" classname="LocalCMCTests" time="0.0"/>
  <testcase name="TestALotOfAdding" classname="LocalCMCTests" time="0.001"/>
  <testcase name="TestALotOfAdding" classname="LocalCMCTests" time="0.001"/>
  <testcase name="TestALotOfAdding" classname="LocalCMCTests" time="0.001"/>
  <testcase name="TestALotOfAdding" classname="LocalCMCTests" time="0.0"/>
  <testcase name="TestALotOfAdding" classname="LocalCMCTests" time="0.001"/>
  <testcase name="TestALotOfAdding" classname="LocalCMCTests" time="0.0"/>
  <testcase name="TestALotOfAdding" classname="LocalCMCTests" time="0.001"/>
  <testcase name="TestALotOfAdding" classname="LocalCMCTests" time="0.001"/>
  <testcase name="TestALotOfAdding" classname="LocalCMCTests" time="0.003"/>
  <testcase name="TestALotOfAdding" classname="LocalCMCTests" time="0.0"/>
  <testcase name="TestALotOfAdding" classname="LocalCMCTests" time="0.0"/>
  <testcase name="TestALotOfAdding" classname="LocalCMCTests" time="0.0"/>
  <testcase name="TestALotOfAdding" classname="LocalCMCTests" time="0.0"/>
  <testcase name="TestALotOfAdding" classname="LocalCMCTests" time="0.001"/>
  <testcase name="TestALotOfAdding" classname="LocalCMCTests" time="0.001"/>
  <testcase name="TestALotOfAdding" classname="LocalCMCTests" time="0.001"/>
  <testcase name="TestALotOfAdding" classname="LocalCMCTests" time="0.001"/>
  <testcase name="TestALotOfAdding" classname="LocalCMCTests" time="0.001"/>
  <testcase name="TestALotOfAdding" classname="LocalCMCTests" time="0.002"/>
  <testcase name="TestALotOfAdding" classname="LocalCMCTests" time="0.002"/>
  <testcase name="TestALotOfAdding" classname="LocalCMCTests" time="0.002"/>
  <testcase name="TestALotOfAdding" classname="LocalCMCTests" time="0.001"/>
  <testcase name="TestALotOfAdding" classname="LocalCMCTests" time="0.0"/>
  <testcase name="TestALotOfAdding" classname="LocalCMCTests" time="0.0"/>
  <testcase name="TestALotOfAdding" classname="LocalCMCTests" time="0.0"/>
  <testcase name="TestALotOfAdding" classname="LocalCMCTests" time="0.0"/>
  <testcase name="TestALotOfAdding" classname="LocalCMCTests" time="0.0"/>
  <testcase name="TestALotOfAdding" classname="LocalCMCTests" time="0.0"/>
  <testcase name="TestALotOfAdding" classname="LocalCMCTests" time="0.0"/>
  <testcase name="TestALotOfAdding" classname="LocalCMCTests" time="0.0"/>
  <testcase name="TestALotOfAdding" classname="LocalCMCTests" time="0.0"/>
  <testcase name="TestALotOfAdding" classname="LocalCMCTests" time="0.001"/>
  <testcase name="TestALotOfAdding" classname="LocalCMCTests" time="0.001"/>
  <testcase name="TestALotOfAdding" classname="LocalCMCTests" time="0.001"/>
  <testcase name="TestALotOfAdding" classname="LocalCMCTests" time="0.001"/>
  <testcase name="TestALotOfAdding" classname="LocalCMCTests" time="0.0"/>
  <testcase name="TestALotOfAdding" classname="LocalCMCTests" time="0.001"/>
  <testcase name="TestALotOfAdding" classname="LocalCMCTests" time="0.0"/>
  <testcase name="TestALotOfAdding" classname="LocalCMCTests" time="0.0"/>
  <testcase name="TestALotOfAdding" classname="LocalCMCTests" time="0.001"/>
  <testcase name="TestALotOfAdding" classname="LocalCMCTests" time="0.0"/>
  <testcase name="TestALotOfAdding" classname="LocalCMCTests" time="0.0"/>
  <testcase name="TestALotOfAdding" classname="LocalCMCTests" time="0.0"/>
  <testcase name="TestALotOfAdding" classname="LocalCMCTests" time="0.001"/>
  <testcase name="TestALotOfAdding" classname="LocalCMCTests" time="0.001"/>
  <testcase name="TestALotOfAdding" classname="LocalCMCTests" time="0.001"/>
  <testcase name="TestALotOfAdding" classname="LocalCMCTests" time="0.0"/>
  <testcase name="TestALotOfAdding" classname="LocalCMCTests" time="0.0"/>
  <testcase name="TestALotOfAdding" classname="LocalCMCTests" time="0.001"/>
  <testcase name="TestALotOfAdding" classname="LocalCMCTests" time="0.0"/>
  <testcase name="TestALotOfAdding" classname="LocalCMCTests" time="0.0"/>
  <testcase name="TestALotOfAdding" classname="LocalCMCTests" time="0.001"/>
  <testcase name="TestALotOfAdding" classname="LocalCMCTests" time="0.0"/>
  <testcase name="TestALotOfAdding" classname="LocalCMCTests" time="0.001"/>
  <testcase name="TestALotOfAdding" classname="LocalCMCTests" time="0.001"/>
  <testcase name="TestALotOfAdding" classname="LocalCMCTests" time="0.0"/>
  <testcase name="TestALotOfAdding" classname="LocalCMCTests" time="0.0"/>
  <testcase name="TestALotOfAdding" classname="LocalCMCTests" time="0.0"/>
  <testcase name="TestALotOfAdding" classname="LocalCMCTests" time="0.001"/>
  <testcase name="TestALotOfAdding" classname="LocalCMCTests" time="0.002"/>
  <testcase name="TestALotOfAdding" classname="LocalCMCTests" time="0.0"/>
  <testcase name="TestALotOfAdding" classname="LocalCMCTests" time="0.002"/>
  <testcase name="TestALotOfAdding" classname="LocalCMCTests" time="0.0"/>
  <testcase name="TestALotOfAdding" classname="LocalCMCTests" time="0.002"/>
  <testcase name="TestALotOfAdding" classname="LocalCMCTests" time="0.001"/>
  <testcase name="TestALotOfAdding" classname="LocalCMCTests" time="0.002"/>
  <testcase name="TestALotOfAdding" classname="LocalCMCTests" time="0.001"/>
  <testcase name="TestALotOfAdding" classname="LocalCMCTests" time="0.001"/>
  <testcase name="TestALotOfAdding" classname="LocalCMCTests" time="0.0"/>
  <testcase name="TestALotOfAdding" classname="LocalCMCTests" time="0.0"/>
  <testcase name="TestALotOfAdding" classname="LocalCMCTests" time="0.0"/>
  <testcase name="TestALotOfAdding" classname="LocalCMCTests" time="0.001"/>
  <testcase name="TestALotOfAdding" classname="LocalCMCTests" time="0.001"/>
  <testcase name="TestALotOfAdding" classname="LocalCMCTests" time="0.001"/>
  <testcase name="TestALotOfAdding" classname="LocalCMCTests" time="0.001"/>
  <testcase name="TestALotOfAdding" classname="LocalCMCTests" time="0.0"/>
  <testcase name="TestALotOfAdding" classname="LocalCMCTests" time="0.001"/>
  <testcase name="TestALotOfAdding" classname="LocalCMCTests" time="0.0"/>
  <testcase name="TestALotOfAdding" classname="LocalCMCTests" time="0.002"/>
  <testcase name="TestALotOfAdding" classname="LocalCMCTests" time="0.001"/>
  <testcase name="TestALotOfAdding" classname="LocalCMCTests" time="0.002"/>
  <testcase name="TestALotOfAdding" classname="LocalCMCTests" time="0.002"/>
  <testcase name="TestALotOfAdding" classname="LocalCMCTests" time="0.0"/>
  <testcase name="TestALotOfAdding" classname="LocalCMCTests" time="0.0"/>
  <testcase name="TestALotOfAdding" classname="LocalCMCTests" time="0.0"/>
  <testcase name="TestALotOfAdding" classname="LocalCMCTests" time="0.0"/>
  <testcase name="TestALotOfAdding" classname="LocalCMCTests" time="0.0"/>
  <testcase name="TestALotOfAdding" classname="LocalCMCTests" time="0.0"/>
  <testcase name="TestALotOfAdding" classname="LocalCMCTests" time="0.001"/>
  <testcase name="TestALotOfAdding" classname="LocalCMCTests" time="0.002"/>
  <testcase name="TestALotOfAdding" classname="LocalCMCTests" time="0.001"/>
  <testcase name="TestALotOfAdding" classname="LocalCMCTests" time="0.0"/>
  <testcase name="TestALotOfAdding" classname="LocalCMCTests" time="0.001"/>
  <testcase name="TestALotOfAdding" classname="LocalCMCTests" time="0.0"/>
  <testcase name="TestALotOfAdding" classname="LocalCMCTests" time="0.0"/>
  <testcase name="TestALotOfAdding" classname="LocalCMCTests" time="0.001"/>
  <testcase name="TestALotOfAdding" classname="LocalCMCTests" time="0.001"/>
  <testcase name="TestALotOfAdding" classname="LocalCMCTests" time="0.001"/>
  <testcase name="TestALotOfAdding" classname="LocalCMCTests" time="0.001"/>
  <testcase name="TestALotOfAdding" classname="LocalCMCTests" time="0.0"/>
  <testcase name="TestALotOfAdding" classname="LocalCMCTests" time="0.001"/>
  <testcase name="TestALotOfAdding" classname="LocalCMCTests" time="0.001"/>
  <testcase name="TestALotOfAdding" classname="LocalCMCTests" time="0.001"/>
  <testcase name="TestALotOfAdding" classname="LocalCMCTests" time="0.001"/>
  <testcase name="TestALotOfAdding" classname="LocalCMCTests" time="0.001"/>
  <testcase name="TestALotOfAdding" classname="LocalCMCTests" time="0.001"/>
  <testcase name="TestALotOfAdding" classname="LocalCMCTests" time="0.001"/>
  <testcase name="TestALotOfAdding" classname="LocalCMCTests" time="0.001"/>
  <testcase name="TestALotOfAdding" classname="LocalCMCTests" time="0.0"/>
  <testcase name="TestALotOfAdding" classname="LocalCMCTests" time="0.0"/>
  <testcase name="TestALotOfAdding" classname="LocalCMCTests" time="0.0"/>
  <testcase name="TestALotOfAdding" classname="LocalCMCTests" time="0.0"/>
  <testcase name="TestALotOfAdding" classname="LocalCMCTests" time="0.0"/>
  <testcase name="TestALotOfAdding" classname="LocalCMCTests" time="0.001"/>
  <testcase name="TestALotOfAdding" classname="LocalCMCTests" time="0.001"/>
  <testcase name="TestALotOfAdding" classname="LocalCMCTests" time="0.002"/>
  <testcase name="TestALotOfAdding" classname="LocalCMCTests" time="0.001"/>
  <testcase name="TestALotOfAdding" classname="LocalCMCTests" time="0.001"/>
  <testcase name="TestALotOfAdding" classname="LocalCMCTests" time="0.0"/>
  <testcase name="TestALotOfAdding" classname="LocalCMCTests" time="0.001"/>
  <testcase name="TestALotOfAdding" classname="LocalCMCTests" time="0.001"/>
  <testcase name="TestALotOfAdding" classname="LocalCMCTests" time="0.001"/>
  <testcase name="TestALotOfAdding" classname="LocalCMCTests" time="0.001"/>
  <testcase name="TestALotOfAdding" classname="LocalCMCTests" time="0.001"/>
  <testcase name="TestALotOfAdding" classname="LocalCMCTests" time="0.001"/>
  <testcase name="TestALotOfAdding" classname="LocalCMCTests" time="0.0"/>
  <testcase name="TestALotOfAdding" classname="LocalCMCTests" time="0.0"/>
  <testcase name="TestALotOfAdding" classname="LocalCMCTests" time="0.0"/>
  <testcase name="TestALotOfAdding" classname="LocalCMCTests" time="0.0"/>
  <testcase name="TestALotOfAdding" classname="LocalCMCTests" time="0.0"/>
  <testcase name="TestALotOfAdding" classname="LocalCMCTests" time="0.001"/>
  <testcase name="TestALotOfAdding" classname="LocalCMCTests" time="0.001"/>
  <testcase name="TestALotOfAdding" classname="LocalCMCTests" time="0.002"/>
  <testcase name="TestALotOfAdding" classname="LocalCMCTests" time="0.001"/>
  <testcase name="TestALotOfAdding" classname="LocalCMCTests" time="0.0"/>
  <testcase name="TestALotOfAdding" classname="LocalCMCTests" time="0.0"/>
  <testcase name="TestALotOfAdding" classname="LocalCMCTests" time="0.0"/>
  <testcase name="TestALotOfAdding" classname="LocalCMCTests" time="0.001"/>
  <testcase name="TestALotOfAdding" classname="LocalCMCTests" time="0.0"/>
  <testcase name="TestALotOfAdding" classname="LocalCMCTests" time="0.001"/>
  <testcase name="TestALotOfAdding" classname="LocalCMCTests" time="0.001"/>
  <testcase name="TestALotOfAdding" classname="LocalCMCTests" time="0.001"/>
  <testcase name="TestALotOfAdding" classname="LocalCMCTests" time="0.001"/>
  <testcase name="TestALotOfAdding" classname="LocalCMCTests" time="0.002"/>
  <testcase name="TestALotOfAdding" classname="LocalCMCTests" time="0.0"/>
  <testcase name="TestALotOfAdding" classname="LocalCMCTests" time="0.0"/>
  <testcase name="TestALotOfAdding" classname="LocalCMCTests" time="0.001"/>
  <testcase name="TestALotOfAdding" classname="LocalCMCTests" time="0.001"/>
  <testcase name="TestALotOfAdding" classname="LocalCMCTests" time="0.001"/>
  <testcase name="TestALotOfAdding" classname="LocalCMCTests" time="0.001"/>
  <testcase name="TestALotOfAdding" classname="LocalCMCTests" time="0.001"/>
  <testcase name="TestALotOfAdding" classname="LocalCMCTests" time="0.0"/>
  <testcase name="TestALotOfAdding" classname="LocalCMCTests" time="0.0"/>
  <testcase name="TestALotOfAdding" classname="LocalCMCTests" time="0.0"/>
  <testcase name="TestALotOfAdding" classname="LocalCMCTests" time="0.0"/>
  <testcase name="TestALotOfAdding" classname="LocalCMCTests" time="0.0"/>
  <testcase name="TestALotOfAdding" classname="LocalCMCTests" time="0.002"/>
  <testcase name="TestALotOfAdding" classname="LocalCMCTests" time="0.001"/>
  <testcase name="TestALotOfAdding" classname="LocalCMCTests" time="0.001"/>
  <testcase name="TestALotOfAdding" classname="LocalCMCTests" time="0.0"/>
  <testcase name="TestALotOfAdding" classname="LocalCMCTests" time="0.003"/>
  <testcase name="TestALotOfAdding" classname="LocalCMCTests" time="0.0"/>
  <testcase name="TestALotOfAdding" classname="LocalCMCTests" time="0.002"/>
  <testcase name="TestALotOfAdding" classname="LocalCMCTests" time="0.001"/>
  <testcase name="TestALotOfAdding" classname="LocalCMCTests" time="0.0"/>
  <testcase name="TestALotOfAdding" classname="LocalCMCTests" time="0.0"/>
  <testcase name="TestALotOfAdding" classname="LocalCMCTests" time="0.001"/>
  <testcase name="TestALotOfAdding" classname="LocalCMCTests" time="0.001"/>
  <testcase name="TestALotOfAdding" classname="LocalCMCTests" time="0.001"/>
  <testcase name="TestALotOfAdding" classname="LocalCMCTests" time="0.0"/>
  <testcase name="TestALotOfAdding" classname="LocalCMCTests" time="0.001"/>
  <testcase name="TestALotOfAdding" classname="LocalCMCTests" time="0.001"/>
  <testcase name="TestALotOfAdding" classname="LocalCMCTests" time="0.001"/>
  <testcase name="TestALotOfAdding" classname="LocalCMCTests" time="0.001"/>
  <testcase name="TestALotOfAdding" classname="LocalCMCTests" time="0.0"/>
  <testcase name="TestALotOfAdding" classname="LocalCMCTests" time="0.001"/>
  <testcase name="TestALotOfAdding" classname="LocalCMCTests" time="0.001"/>
  <testcase name="TestALotOfAdding" classname="LocalCMCTests" time="0.001"/>
  <testcase name="TestALotOfAdding" classname="LocalCMCTests" time="0.001"/>
  <testcase name="TestALotOfAdding" classname="LocalCMCTests" time="0.001"/>
  <testcase name="TestALotOfAdding" classname="LocalCMCTests" time="0.0"/>
  <testcase name="TestALotOfAdding" classname="LocalCMCTests" time="0.0"/>
  <testcase name="TestALotOfAdding" classname="LocalCMCTests" time="0.0"/>
  <testcase name="TestALotOfAdding" classname="LocalCMCTests" time="0.0"/>
  <testcase name="TestALotOfAdding" classname="LocalCMCTests" time="0.001"/>
  <testcase name="TestALotOfAdding" classname="LocalCMCTests" time="0.001"/>
  <testcase name="TestALotOfAdding" classname="LocalCMCTests" time="0.001"/>
  <testcase name="TestALotOfAdding" classname="LocalCMCTests" time="0.002"/>
  <testcase name="TestALotOfAdding" classname="LocalCMCTests" time="0.001"/>
  <testcase name="TestALotOfAdding" classname="LocalCMCTests" time="0.0"/>
  <testcase name="TestALotOfAdding" classname="LocalCMCTests" time="0.0"/>
  <testcase name="TestALotOfAdding" classname="LocalCMCTests" time="0.0"/>
  <testcase name="TestALotOfAdding" classname="LocalCMCTests" time="0.001"/>
  <testcase name="TestALotOfAdding" classname="LocalCMCTests" time="0.0"/>
  <testcase name="TestALotOfAdding" classname="LocalCMCTests" time="0.001"/>
  <testcase name="TestALotOfAdding" classname="LocalCMCTests" time="0.0"/>
  <testcase name="TestALotOfAdding" classname="LocalCMCTests" time="0.0"/>
  <testcase name="TestALotOfAdding" classname="LocalCMCTests" time="0.001"/>
  <testcase name="TestALotOfAdding" classname="LocalCMCTests" time="0.0"/>
  <testcase name="TestALotOfAdding" classname="LocalCMCTests" time="0.001"/>
  <testcase name="TestALotOfAdding" classname="LocalCMCTests" time="0.001"/>
  <testcase name="TestALotOfAdding" classname="LocalCMCTests" time="0.001"/>
  <testcase name="TestALotOfAdding" classname="LocalCMCTests" time="0.003"/>
  <testcase name="TestALotOfAdding" classname="LocalCMCTests" time="0.001"/>
  <testcase name="TestALotOfAdding" classname="LocalCMCTests" time="0.0"/>
  <testcase name="TestALotOfAdding" classname="LocalCMCTests" time="0.0"/>
  <testcase name="TestALotOfAdding" classname="LocalCMCTests" time="0.0"/>
  <testcase name="TestALotOfAdding" classname="LocalCMCTests" time="0.0"/>
  <testcase name="TestALotOfAdding" classname="LocalCMCTests" time="0.001"/>
  <testcase name="TestALotOfAdding" classname="LocalCMCTests" time="0.002"/>
  <testcase name="TestALotOfAdding" classname="LocalCMCTests" time="0.0"/>
  <testcase name="TestALotOfAdding" classname="LocalCMCTests" time="0.001"/>
  <testcase name="TestALotOfAdding" classname="LocalCMCTests" time="0.0"/>
  <testcase name="TestALotOfAdding" classname="LocalCMCTests" time="0.0"/>
  <testcase name="TestALotOfAdding" classname="LocalCMCTests" time="0.0"/>
  <testcase name="TestALotOfAdding" classname="LocalCMCTests" time="0.002"/>
  <testcase name="TestALotOfAdding" classname="LocalCMCTests" time="0.001"/>
  <testcase name="TestALotOfAdding" classname="LocalCMCTests" time="0.0"/>
  <testcase name="TestALotOfAdding" classname="LocalCMCTests" time="0.001"/>
  <testcase name="TestALotOfAdding" classname="LocalCMCTests" time="0.001"/>
  <testcase name="TestALotOfAdding" classname="LocalCMCTests" time="0.0"/>
  <testcase name="TestALotOfAdding" classname="LocalCMCTests" time="0.001"/>
  <testcase name="TestALotOfAdding" classname="LocalCMCTests" time="0.0"/>
  <testcase name="TestALotOfAdding" classname="LocalCMCTests" time="0.001"/>
  <testcase name="TestALotOfAdding" classname="LocalCMCTests" time="0.002"/>
  <testcase name="TestALotOfAdding" classname="LocalCMCTests" time="0.0"/>
  <testcase name="TestALotOfAdding" classname="LocalCMCTests" time="0.001"/>
  <testcase name="TestALotOfAdding" classname="LocalCMCTests" time="0.001"/>
  <testcase name="TestALotOfAdding" classname="LocalCMCTests" time="0.001"/>
  <testcase name="TestALotOfAdding" classname="LocalCMCTests" time="0.001"/>
  <testcase name="TestALotOfAdding" classname="LocalCMCTests" time="0.001"/>
  <testcase name="TestALotOfAdding" classname="LocalCMCTests" time="0.0"/>
  <testcase name="TestALotOfAdding" classname="LocalCMCTests" time="0.001"/>
  <testcase name="TestALotOfAdding" classname="LocalCMCTests" time="0.001"/>
  <testcase name="TestALotOfAdding" classname="LocalCMCTests" time="0.001"/>
  <testcase name="TestALotOfAdding" classname="LocalCMCTests" time="0.0"/>
  <testcase name="TestALotOfAdding" classname="LocalCMCTests" time="0.0"/>
  <testcase name="TestALotOfAdding" classname="LocalCMCTests" time="0.0"/>
  <testcase name="TestALotOfAdding" classname="LocalCMCTests" time="0.001"/>
  <testcase name="TestALotOfAdding" classname="LocalCMCTests" time="0.0"/>
  <testcase name="TestALotOfAdding" classname="LocalCMCTests" time="0.0"/>
  <testcase name="TestALotOfAdding" classname="LocalCMCTests" time="0.0"/>
  <testcase name="TestALotOfAdding" classname="LocalCMCTests" time="0.003"/>
  <testcase name="TestALotOfAdding" classname="LocalCMCTests" time="0.001"/>
  <testcase name="TestALotOfAdding" classname="LocalCMCTests" time="0.003"/>
  <testcase name="TestALotOfAdding" classname="LocalCMCTests" time="0.0"/>
  <testcase name="TestALotOfAdding" classname="LocalCMCTests" time="0.001"/>
  <testcase name="TestALotOfAdding" classname="LocalCMCTests" time="0.001"/>
  <testcase name="TestALotOfAdding" classname="LocalCMCTests" time="0.001"/>
  <testcase name="TestALotOfAdding" classname="LocalCMCTests" time="0.001"/>
  <testcase name="TestALotOfAdding" classname="LocalCMCTests" time="0.001"/>
  <testcase name="TestALotOfAdding" classname="LocalCMCTests" time="0.001"/>
  <testcase name="TestALotOfAdding" classname="LocalCMCTests" time="0.0"/>
  <testcase name="TestALotOfAdding" classname="LocalCMCTests" time="0.0"/>
  <testcase name="TestALotOfAdding" classname="LocalCMCTests" time="0.0"/>
  <testcase name="TestALotOfAdding" classname="LocalCMCTests" time="0.0"/>
  <testcase name="TestALotOfAdding" classname="LocalCMCTests" time="0.0"/>
  <testcase name="TestALotOfAdding" classname="LocalCMCTests" time="0.0"/>
  <testcase name="TestALotOfAdding" classname="LocalCMCTests" time="0.0"/>
  <testcase name="TestALotOfAdding" classname="LocalCMCTests" time="0.001"/>
  <testcase name="TestALotOfAdding" classname="LocalCMCTests" time="0.001"/>
  <testcase name="TestALotOfAdding" classname="LocalCMCTests" time="0.0"/>
  <testcase name="TestALotOfAdding" classname="LocalCMCTests" time="0.001"/>
  <testcase name="TestALotOfAdding" classname="LocalCMCTests" time="0.001"/>
  <testcase name="TestALotOfAdding" classname="LocalCMCTests" time="0.001"/>
  <testcase name="TestALotOfAdding" classname="LocalCMCTests" time="0.001"/>
  <testcase name="TestALotOfAdding" classname="LocalCMCTests" time="0.002"/>
  <testcase name="TestALotOfAdding" classname="LocalCMCTests" time="0.0"/>
  <testcase name="TestALotOfAdding" classname="LocalCMCTests" time="0.0"/>
  <testcase name="TestALotOfAdding" classname="LocalCMCTests" time="0.0"/>
  <testcase name="TestALotOfAdding" classname="LocalCMCTests" time="0.001"/>
  <testcase name="TestALotOfAdding" classname="LocalCMCTests" time="0.001"/>
  <testcase name="TestALotOfAdding" classname="LocalCMCTests" time="0.0"/>
  <testcase name="TestALotOfAdding" classname="LocalCMCTests" time="0.002"/>
  <testcase name="TestALotOfAdding" classname="LocalCMCTests" time="0.001"/>
  <testcase name="TestALotOfAdding" classname="LocalCMCTests" time="0.001"/>
  <testcase name="TestALotOfAdding" classname="LocalCMCTests" time="0.001"/>
  <testcase name="TestALotOfAdding" classname="LocalCMCTests" time="0.0"/>
  <testcase name="TestALotOfAdding" classname="LocalCMCTests" time="0.001"/>
  <testcase name="TestALotOfAdding" classname="LocalCMCTests" time="0.0"/>
  <testcase name="TestALotOfAdding" classname="LocalCMCTests" time="0.001"/>
  <testcase name="TestALotOfAdding" classname="LocalCMCTests" time="0.001"/>
  <testcase name="TestALotOfAdding" classname="LocalCMCTests" time="0.001"/>
  <testcase name="TestALotOfAdding" classname="LocalCMCTests" time="0.001"/>
  <testcase name="TestALotOfAdding" classname="LocalCMCTests" time="0.0"/>
  <testcase name="TestALotOfAdding" classname="LocalCMCTests" time="0.0"/>
  <testcase name="TestALotOfAdding" classname="LocalCMCTests" time="0.0"/>
  <testcase name="TestALotOfAdding" classname="LocalCMCTests" time="0.001"/>
  <testcase name="TestALotOfAdding" classname="LocalCMCTests" time="0.0"/>
  <testcase name="TestALotOfAdding" classname="LocalCMCTests" time="0.0"/>
  <testcase name="TestALotOfAdding" classname="LocalCMCTests" time="0.0"/>
  <testcase name="TestALotOfAdding" classname="LocalCMCTests" time="0.001"/>
  <testcase name="TestALotOfAdding" classname="LocalCMCTests" time="0.001"/>
  <testcase name="TestALotOfAdding" classname="LocalCMCTests" time="0.001"/>
  <testcase name="TestALotOfAdding" classname="LocalCMCTests" time="0.001"/>
  <testcase name="TestALotOfAdding" classname="LocalCMCTests" time="0.0"/>
  <testcase name="TestALotOfAdding" classname="LocalCMCTests" time="0.001"/>
  <testcase name="TestALotOfAdding" classname="LocalCMCTests" time="0.0"/>
  <testcase name="TestALotOfAdding" classname="LocalCMCTests" time="0.0"/>
  <testcase name="TestALotOfAdding" classname="LocalCMCTests" time="0.001"/>
  <testcase name="TestALotOfAdding" classname="LocalCMCTests" time="0.001"/>
  <testcase name="TestALotOfAdding" classname="LocalCMCTests" time="0.001"/>
  <testcase name="TestALotOfAdding" classname="LocalCMCTests" time="0.001"/>
  <testcase name="TestALotOfAdding" classname="LocalCMCTests" time="0.0"/>
  <testcase name="TestALotOfAdding" classname="LocalCMCTests" time="0.0"/>
  <testcase name="TestALotOfAdding" classname="LocalCMCTests" time="0.001"/>
  <testcase name="TestALotOfAdding" classname="LocalCMCTests" time="0.0"/>
  <testcase name="TestALotOfAdding" classname="LocalCMCTests" time="0.001"/>
  <testcase name="TestALotOfAdding" classname="LocalCMCTests" time="0.001"/>
  <testcase name="TestALotOfAdding" classname="LocalCMCTests" time="0.001"/>
  <testcase name="TestALotOfAdding" classname="LocalCMCTests" time="0.0"/>
  <testcase name="TestALotOfAdding" classname="LocalCMCTests" time="0.0"/>
  <testcase name="TestALotOfAdding" classname="LocalCMCTests" time="0.0"/>
  <testcase name="TestALotOfAdding" classname="LocalCMCTests" time="0.001"/>
  <testcase name="TestALotOfAdding" classname="LocalCMCTests" time="0.0"/>
  <testcase name="TestALotOfAdding" classname="LocalCMCTests" time="0.001"/>
  <testcase name="TestALotOfAdding" classname="LocalCMCTests" time="0.001"/>
  <testcase name="TestALotOfAdding" classname="LocalCMCTests" time="0.001"/>
  <testcase name="TestALotOfAdding" classname="LocalCMCTests" time="0.001"/>
  <testcase name="TestALotOfAdding" classname="LocalCMCTests" time="0.0"/>
  <testcase name="TestALotOfAdding" classname="LocalCMCTests" time="0.001"/>
  <testcase name="TestALotOfAdding" classname="LocalCMCTests" time="0.001"/>
  <testcase name="TestALotOfAdding" classname="LocalCMCTests" time="0.0"/>
  <testcase name="TestALotOfAdding" classname="LocalCMCTests" time="0.001"/>
  <testcase name="TestALotOfAdding" classname="LocalCMCTests" time="0.001"/>
  <testcase name="TestALotOfAdding" classname="LocalCMCTests" time="0.0"/>
  <testcase name="TestALotOfAdding" classname="LocalCMCTests" time="0.001"/>
  <testcase name="TestALotOfAdding" classname="LocalCMCTests" time="0.001"/>
  <testcase name="TestALotOfAdding" classname="LocalCMCTests" time="0.001"/>
  <testcase name="TestALotOfAdding" classname="LocalCMCTests" time="0.0"/>
  <testcase name="TestALotOfAdding" classname="LocalCMCTests" time="0.001"/>
  <testcase name="TestALotOfAdding" classname="LocalCMCTests" time="0.0"/>
  <testcase name="TestALotOfAdding" classname="LocalCMCTests" time="0.001"/>
  <testcase name="TestALotOfAdding" classname="LocalCMCTests" time="0.001"/>
  <testcase name="TestALotOfAdding" classname="LocalCMCTests" time="0.0"/>
  <testcase name="TestALotOfAdding" classname="LocalCMCTests" time="0.0"/>
  <testcase name="TestALotOfAdding" classname="LocalCMCTests" time="0.0"/>
  <testcase name="TestALotOfAdding" classname="LocalCMCTests" time="0.0"/>
  <testcase name="TestALotOfAdding" classname="LocalCMCTests" time="0.001"/>
  <testcase name="TestALotOfAdding" classname="LocalCMCTests" time="0.001"/>
  <testcase name="TestALotOfAdding" classname="LocalCMCTests" time="0.0"/>
  <testcase name="TestALotOfAdding" classname="LocalCMCTests" time="0.002"/>
  <testcase name="TestALotOfAdding" classname="LocalCMCTests" time="0.0"/>
  <testcase name="TestALotOfAdding" classname="LocalCMCTests" time="0.001"/>
  <testcase name="TestALotOfAdding" classname="LocalCMCTests" time="0.0"/>
  <testcase name="TestALotOfAdding" classname="LocalCMCTests" time="0.001"/>
  <testcase name="TestALotOfAdding" classname="LocalCMCTests" time="0.001"/>
  <testcase name="TestALotOfAdding" classname="LocalCMCTests" time="0.0"/>
  <testcase name="TestALotOfAdding" classname="LocalCMCTests" time="0.001"/>
  <testcase name="TestALotOfAdding" classname="LocalCMCTests" time="0.001"/>
  <testcase name="TestALotOfAdding" classname="LocalCMCTests" time="0.001"/>
  <testcase name="TestALotOfAdding" classname="LocalCMCTests" time="0.0"/>
  <testcase name="TestALotOfAdding" classname="LocalCMCTests" time="0.0"/>
  <testcase name="TestALotOfAdding" classname="LocalCMCTests" time="0.001"/>
  <testcase name="TestALotOfAdding" classname="LocalCMCTests" time="0.0"/>
  <testcase name="TestALotOfAdding" classname="LocalCMCTests" time="0.001"/>
  <testcase name="TestALotOfAdding" classname="LocalCMCTests" time="0.002"/>
  <testcase name="TestALotOfAdding" classname="LocalCMCTests" time="0.0"/>
  <testcase name="TestALotOfAdding" classname="LocalCMCTests" time="0.0"/>
  <testcase name="TestALotOfAdding" classname="LocalCMCTests" time="0.001"/>
  <testcase name="TestALotOfAdding" classname="LocalCMCTests" time="0.001"/>
  <testcase name="TestALotOfAdding" classname="LocalCMCTests" time="0.0"/>
  <testcase name="TestALotOfAdding" classname="LocalCMCTests" time="0.001"/>
  <testcase name="TestALotOfAdding" classname="LocalCMCTests" time="0.001"/>
  <testcase name="TestALotOfAdding" classname="LocalCMCTests" time="0.0"/>
  <testcase name="TestALotOfAdding" classname="LocalCMCTests" time="0.001"/>
  <testcase name="TestALotOfAdding" classname="LocalCMCTests" time="0.001"/>
  <testcase name="TestALotOfAdding" classname="LocalCMCTests" time="0.0"/>
  <testcase name="TestALotOfAdding" classname="LocalCMCTests" time="0.0"/>
  <testcase name="TestALotOfAdding" classname="LocalCMCTests" time="0.0"/>
  <testcase name="TestALotOfAdding" classname="LocalCMCTests" time="0.001"/>
  <testcase name="TestALotOfAdding" classname="LocalCMCTests" time="0.0"/>
  <testcase name="TestALotOfAdding" classname="LocalCMCTests" time="0.0"/>
  <testcase name="TestALotOfAdding" classname="LocalCMCTests" time="0.0"/>
  <testcase name="TestALotOfAdding" classname="LocalCMCTests" time="0.002"/>
  <testcase name="TestALotOfAdding" classname="LocalCMCTests" time="0.001"/>
  <testcase name="TestALotOfAdding" classname="LocalCMCTests" time="0.0"/>
  <testcase name="TestALotOfAdding" classname="LocalCMCTests" time="0.0"/>
  <testcase name="TestALotOfAdding" classname="LocalCMCTests" time="0.0"/>
  <testcase name="TestALotOfAdding" classname="LocalCMCTests" time="0.001"/>
  <testcase name="TestALotOfAdding" classname="LocalCMCTests" time="0.001"/>
  <testcase name="TestALotOfAdding" classname="LocalCMCTests" time="0.0"/>
  <testcase name="TestALotOfAdding" classname="LocalCMCTests" time="0.001"/>
  <testcase name="TestALotOfAdding" classname="LocalCMCTests" time="0.001"/>
  <testcase name="TestALotOfAdding" classname="LocalCMCTests" time="0.0"/>
  <testcase name="TestALotOfAdding" classname="LocalCMCTests" time="0.0"/>
  <testcase name="TestALotOfAdding" classname="LocalCMCTests" time="0.0"/>
  <testcase name="TestALotOfAdding" classname="LocalCMCTests" time="0.001"/>
  <testcase name="TestALotOfAdding" classname="LocalCMCTests" time="0.001"/>
  <testcase name="TestALotOfAdding" classname="LocalCMCTests" time="0.0"/>
  <testcase name="TestALotOfAdding" classname="LocalCMCTests" time="0.0"/>
  <testcase name="TestALotOfAdding" classname="LocalCMCTests" time="0.001"/>
  <testcase name="TestALotOfAdding" classname="LocalCMCTests" time="0.0"/>
  <testcase name="TestALotOfAdding" classname="LocalCMCTests" time="0.001"/>
  <testcase name="TestALotOfAdding" classname="LocalCMCTests" time="0.001"/>
  <testcase name="TestALotOfAdding" classname="LocalCMCTests" time="0.001"/>
  <testcase name="TestALotOfAdding" classname="LocalCMCTests" time="0.0"/>
  <testcase name="TestALotOfAdding" classname="LocalCMCTests" time="0.001"/>
  <testcase name="TestALotOfAdding" classname="LocalCMCTests" time="0.002"/>
  <testcase name="TestALotOfAdding" classname="LocalCMCTests" time="0.0"/>
  <testcase name="TestALotOfAdding" classname="LocalCMCTests" time="0.001"/>
  <testcase name="TestALotOfAdding" classname="LocalCMCTests" time="0.001"/>
  <testcase name="TestALotOfAdding" classname="LocalCMCTests" time="0.001"/>
  <testcase name="TestALotOfAdding" classname="LocalCMCTests" time="0.0"/>
  <testcase name="TestALotOfAdding" classname="LocalCMCTests" time="0.001"/>
  <testcase name="TestALotOfAdding" classname="LocalCMCTests" time="0.001"/>
  <testcase name="TestALotOfAdding" classname="LocalCMCTests" time="0.0"/>
  <testcase name="TestALotOfAdding" classname="LocalCMCTests" time="0.002"/>
  <testcase name="TestALotOfAdding" classname="LocalCMCTests" time="0.0"/>
  <testcase name="TestALotOfAdding" classname="LocalCMCTests" time="0.001"/>
  <testcase name="TestALotOfAdding" classname="LocalCMCTests" time="0.0"/>
  <testcase name="TestALotOfAdding" classname="LocalCMCTests" time="0.001"/>
  <testcase name="TestALotOfAdding" classname="LocalCMCTests" time="0.0"/>
  <testcase name="TestALotOfAdding" classname="LocalCMCTests" time="0.0"/>
  <testcase name="TestALotOfAdding" classname="LocalCMCTests" time="0.0"/>
  <testcase name="TestALotOfAdding" classname="LocalCMCTests" time="0.0"/>
  <testcase name="TestALotOfAdding" classname="LocalCMCTests" time="0.001"/>
  <testcase name="TestALotOfAdding" classname="LocalCMCTests" time="0.001"/>
  <testcase name="TestALotOfAdding" classname="LocalCMCTests" time="0.002"/>
  <testcase name="TestALotOfAdding" classname="LocalCMCTests" time="0.0"/>
  <testcase name="TestALotOfAdding" classname="LocalCMCTests" time="0.001"/>
  <testcase name="TestALotOfAdding" classname="LocalCMCTests" time="0.0"/>
  <testcase name="TestALotOfAdding" classname="LocalCMCTests" time="0.0"/>
  <testcase name="TestALotOfAdding" classname="LocalCMCTests" time="0.001"/>
  <testcase name="TestALotOfAdding" classname="LocalCMCTests" time="0.0"/>
  <testcase name="TestALotOfAdding" classname="LocalCMCTests" time="0.002"/>
  <testcase name="TestALotOfAdding" classname="LocalCMCTests" time="0.001"/>
  <testcase name="TestALotOfAdding" classname="LocalCMCTests" time="0.002"/>
  <testcase name="TestALotOfAdding" classname="LocalCMCTests" time="0.0"/>
  <testcase name="TestALotOfAdding" classname="LocalCMCTests" time="0.001"/>
  <testcase name="TestALotOfAdding" classname="LocalCMCTests" time="0.001"/>
  <testcase name="TestALotOfAdding" classname="LocalCMCTests" time="0.001"/>
  <testcase name="TestALotOfAdding" classname="LocalCMCTests" time="0.0"/>
  <testcase name="TestALotOfAdding" classname="LocalCMCTests" time="0.003"/>
  <testcase name="TestALotOfAdding" classname="LocalCMCTests" time="0.0"/>
  <testcase name="TestALotOfAdding" classname="LocalCMCTests" time="0.001"/>
  <testcase name="TestALotOfAdding" classname="LocalCMCTests" time="0.001"/>
  <testcase name="TestALotOfAdding" classname="LocalCMCTests" time="0.0"/>
  <testcase name="TestALotOfAdding" classname="LocalCMCTests" time="0.0"/>
  <testcase name="TestALotOfAdding" classname="LocalCMCTests" time="0.0"/>
  <testcase name="TestALotOfAdding" classname="LocalCMCTests" time="0.001"/>
  <testcase name="TestALotOfAdding" classname="LocalCMCTests" time="0.0"/>
  <testcase name="TestALotOfAdding" classname="LocalCMCTests" time="0.0"/>
  <testcase name="TestALotOfAdding" classname="LocalCMCTests" time="0.002"/>
  <testcase name="TestALotOfAdding" classname="LocalCMCTests" time="0.001"/>
  <testcase name="TestALotOfAdding" classname="LocalCMCTests" time="0.001"/>
  <testcase name="TestALotOfAdding" classname="LocalCMCTests" time="0.001"/>
  <testcase name="TestALotOfAdding" classname="LocalCMCTests" time="0.001"/>
  <testcase name="TestALotOfAdding" classname="LocalCMCTests" time="0.001"/>
  <testcase name="TestALotOfAdding" classname="LocalCMCTests" time="0.001"/>
  <testcase name="TestALotOfAdding" classname="LocalCMCTests" time="0.0"/>
  <testcase name="TestALotOfAdding" classname="LocalCMCTests" time="0.0"/>
  <testcase name="TestALotOfAdding" classname="LocalCMCTests" time="0.0"/>
  <testcase name="TestALotOfAdding" classname="LocalCMCTests" time="0.0"/>
  <testcase name="TestALotOfAdding" classname="LocalCMCTests" time="0.0"/>
  <testcase name="TestALotOfAdding" classname="LocalCMCTests" time="0.0"/>
  <testcase name="TestALotOfAdding" classname="LocalCMCTests" time="0.001"/>
  <testcase name="TestALotOfAdding" classname="LocalCMCTests" time="0.0"/>
  <testcase name="TestALotOfAdding" classname="LocalCMCTests" time="0.001"/>
  <testcase name="TestALotOfAdding" classname="LocalCMCTests" time="0.001"/>
  <testcase name="TestALotOfAdding" classname="LocalCMCTests" time="0.001"/>
  <testcase name="TestALotOfAdding" classname="LocalCMCTests" time="0.0"/>
  <testcase name="TestALotOfAdding" classname="LocalCMCTests" time="0.0"/>
  <testcase name="TestALotOfAdding" classname="LocalCMCTests" time="0.001"/>
  <testcase name="TestALotOfAdding" classname="LocalCMCTests" time="0.002"/>
  <testcase name="TestALotOfAdding" classname="LocalCMCTests" time="0.002"/>
  <testcase name="TestALotOfAdding" classname="LocalCMCTests" time="0.0"/>
  <testcase name="TestALotOfAdding" classname="LocalCMCTests" time="0.001"/>
  <testcase name="TestALotOfAdding" classname="LocalCMCTests" time="0.0"/>
  <testcase name="TestALotOfAdding" classname="LocalCMCTests" time="0.001"/>
  <testcase name="TestALotOfAdding" classname="LocalCMCTests" time="0.0"/>
  <testcase name="TestALotOfAdding" classname="LocalCMCTests" time="0.001"/>
  <testcase name="TestALotOfAdding" classname="LocalCMCTests" time="0.001"/>
  <testcase name="TestALotOfAdding" classname="LocalCMCTests" time="0.002"/>
  <testcase name="TestALotOfAdding" classname="LocalCMCTests" time="0.0"/>
  <testcase name="TestALotOfAdding" classname="LocalCMCTests" time="0.002"/>
  <testcase name="TestALotOfAdding" classname="LocalCMCTests" time="0.0"/>
  <testcase name="TestALotOfAdding" classname="LocalCMCTests" time="0.001"/>
  <testcase name="TestALotOfAdding" classname="LocalCMCTests" time="0.0"/>
  <testcase name="TestALotOfAdding" classname="LocalCMCTests" time="0.001"/>
  <testcase name="TestALotOfAdding" classname="LocalCMCTests" time="0.002"/>
  <testcase name="TestALotOfAdding" classname="LocalCMCTests" time="0.0"/>
  <testcase name="TestALotOfAdding" classname="LocalCMCTests" time="0.003"/>
  <testcase name="TestALotOfAdding" classname="LocalCMCTests" time="0.0"/>
  <testcase name="TestALotOfAdding" classname="LocalCMCTests" time="0.002"/>
  <testcase name="TestALotOfAdding" classname="LocalCMCTests" time="0.0"/>
  <testcase name="TestALotOfAdding" classname="LocalCMCTests" time="0.004"/>
  <testcase name="TestALotOfAdding" classname="LocalCMCTests" time="0.004"/>
  <testcase name="TestALotOfAdding" classname="LocalCMCTests" time="0.004"/>
  <testcase name="TestALotOfAdding" classname="LocalCMCTests" time="0.001"/>
  <testcase name="TestALotOfAdding" classname="LocalCMCTests" time="0.0"/>
  <testcase name="TestALotOfAdding" classname="LocalCMCTests" time="0.003"/>
  <testcase name="TestALotOfAdding" classname="LocalCMCTests" time="0.001"/>
  <testcase name="TestALotOfAdding" classname="LocalCMCTests" time="0.0"/>
  <testcase name="TestALotOfAdding" classname="LocalCMCTests" time="0.001"/>
  <testcase name="TestALotOfAdding" classname="LocalCMCTests" time="0.0"/>
  <testcase name="TestALotOfAdding" classname="LocalCMCTests" time="0.0"/>
  <testcase name="TestALotOfAdding" classname="LocalCMCTests" time="0.0"/>
  <testcase name="TestALotOfAdding" classname="LocalCMCTests" time="0.001"/>
  <testcase name="TestALotOfAdding" classname="LocalCMCTests" time="0.001"/>
  <testcase name="TestALotOfAdding" classname="LocalCMCTests" time="0.003"/>
  <testcase name="TestALotOfAdding" classname="LocalCMCTests" time="0.0"/>
  <testcase name="TestALotOfAdding" classname="LocalCMCTests" time="0.0"/>
  <testcase name="TestALotOfAdding" classname="LocalCMCTests" time="0.0"/>
  <testcase name="TestALotOfAdding" classname="LocalCMCTests" time="0.001"/>
  <testcase name="TestALotOfAdding" classname="LocalCMCTests" time="0.0"/>
  <testcase name="TestALotOfAdding" classname="LocalCMCTests" time="0.001"/>
  <testcase name="TestALotOfAdding" classname="LocalCMCTests" time="0.001"/>
  <testcase name="TestALotOfAdding" classname="LocalCMCTests" time="0.001"/>
  <testcase name="TestALotOfAdding" classname="LocalCMCTests" time="0.001"/>
  <testcase name="TestALotOfAdding" classname="LocalCMCTests" time="0.0"/>
  <testcase name="TestALotOfAdding" classname="LocalCMCTests" time="0.0"/>
  <testcase name="TestALotOfAdding" classname="LocalCMCTests" time="0.0"/>
  <testcase name="TestALotOfAdding" classname="LocalCMCTests" time="0.0"/>
  <testcase name="TestALotOfAdding" classname="LocalCMCTests" time="0.0"/>
  <testcase name="TestALotOfAdding" classname="LocalCMCTests" time="0.001"/>
  <testcase name="TestALotOfAdding" classname="LocalCMCTests" time="0.001"/>
  <testcase name="TestALotOfAdding" classname="LocalCMCTests" time="0.001"/>
  <testcase name="TestALotOfAdding" classname="LocalCMCTests" time="0.001"/>
  <testcase name="TestALotOfAdding" classname="LocalCMCTests" time="0.001"/>
  <testcase name="TestALotOfAdding" classname="LocalCMCTests" time="0.001"/>
  <testcase name="TestALotOfAdding" classname="LocalCMCTests" time="0.001"/>
  <testcase name="TestALotOfAdding" classname="LocalCMCTests" time="0.0"/>
  <testcase name="TestALotOfAdding" classname="LocalCMCTests" time="0.001"/>
  <testcase name="TestALotOfAdding" classname="LocalCMCTests" time="0.002"/>
  <testcase name="TestALotOfAdding" classname="LocalCMCTests" time="0.001"/>
  <testcase name="TestALotOfAdding" classname="LocalCMCTests" time="0.0"/>
  <testcase name="TestALotOfAdding" classname="LocalCMCTests" time="0.0"/>
  <testcase name="TestALotOfAdding" classname="LocalCMCTests" time="0.0"/>
  <testcase name="TestALotOfAdding" classname="LocalCMCTests" time="0.0"/>
  <testcase name="TestALotOfAdding" classname="LocalCMCTests" time="0.0"/>
  <testcase name="TestALotOfAdding" classname="LocalCMCTests" time="0.001"/>
  <testcase name="TestALotOfAdding" classname="LocalCMCTests" time="0.001"/>
  <testcase name="TestALotOfAdding" classname="LocalCMCTests" time="0.0"/>
  <testcase name="TestALotOfAdding" classname="LocalCMCTests" time="0.002"/>
  <testcase name="TestALotOfAdding" classname="LocalCMCTests" time="0.003"/>
  <testcase name="TestALotOfAdding" classname="LocalCMCTests" time="0.0"/>
  <testcase name="TestALotOfAdding" classname="LocalCMCTests" time="0.0"/>
  <testcase name="TestALotOfAdding" classname="LocalCMCTests" time="0.0"/>
  <testcase name="TestALotOfAdding" classname="LocalCMCTests" time="0.001"/>
  <testcase name="TestALotOfAdding" classname="LocalCMCTests" time="0.0"/>
  <testcase name="TestALotOfAdding" classname="LocalCMCTests" time="0.001"/>
  <testcase name="TestALotOfAdding" classname="LocalCMCTests" time="0.001"/>
  <testcase name="TestALotOfAdding" classname="LocalCMCTests" time="0.001"/>
  <testcase name="TestALotOfAdding" classname="LocalCMCTests" time="0.0"/>
  <testcase name="TestALotOfAdding" classname="LocalCMCTests" time="0.0"/>
  <testcase name="TestALotOfAdding" classname="LocalCMCTests" time="0.001"/>
  <testcase name="TestALotOfAdding" classname="LocalCMCTests" time="0.0"/>
  <testcase name="TestALotOfAdding" classname="LocalCMCTests" time="0.001"/>
  <testcase name="TestALotOfAdding" classname="LocalCMCTests" time="0.0"/>
  <testcase name="TestALotOfAdding" classname="LocalCMCTests" time="0.0"/>
  <testcase name="TestALotOfAdding" classname="LocalCMCTests" time="0.0"/>
  <testcase name="TestALotOfAdding" classname="LocalCMCTests" time="0.001"/>
  <testcase name="TestALotOfAdding" classname="LocalCMCTests" time="0.001"/>
  <testcase name="TestALotOfAdding" classname="LocalCMCTests" time="0.0"/>
  <testcase name="TestALotOfAdding" classname="LocalCMCTests" time="0.001"/>
  <testcase name="TestALotOfAdding" classname="LocalCMCTests" time="0.001"/>
  <testcase name="TestALotOfAdding" classname="LocalCMCTests" time="0.0"/>
  <testcase name="TestALotOfAdding" classname="LocalCMCTests" time="0.0"/>
  <testcase name="TestALotOfAdding" classname="LocalCMCTests" time="0.002"/>
  <testcase name="TestALotOfAdding" classname="LocalCMCTests" time="0.001"/>
  <testcase name="TestALotOfAdding" classname="LocalCMCTests" time="0.0"/>
  <testcase name="TestALotOfAdding" classname="LocalCMCTests" time="0.001"/>
  <testcase name="TestALotOfAdding" classname="LocalCMCTests" time="0.001"/>
  <testcase name="TestALotOfAdding" classname="LocalCMCTests" time="0.001"/>
  <testcase name="TestALotOfAdding" classname="LocalCMCTests" time="0.001"/>
  <testcase name="TestALotOfAdding" classname="LocalCMCTests" time="0.0"/>
  <testcase name="TestALotOfAdding" classname="LocalCMCTests" time="0.0"/>
  <testcase name="TestALotOfAdding" classname="LocalCMCTests" time="0.001"/>
  <testcase name="TestALotOfAdding" classname="LocalCMCTests" time="0.001"/>
  <testcase name="TestALotOfAdding" classname="LocalCMCTests" time="0.004"/>
  <testcase name="TestALotOfAdding" classname="LocalCMCTests" time="0.001"/>
  <testcase name="TestALotOfAdding" classname="LocalCMCTests" time="0.0"/>
  <testcase name="TestALotOfAdding" classname="LocalCMCTests" time="0.0"/>
  <testcase name="TestALotOfAdding" classname="LocalCMCTests" time="0.0"/>
  <testcase name="TestALotOfAdding" classname="LocalCMCTests" time="0.0"/>
  <testcase name="TestALotOfAdding" classname="LocalCMCTests" time="0.001"/>
  <testcase name="TestALotOfAdding" classname="LocalCMCTests" time="0.001"/>
  <testcase name="TestALotOfAdding" classname="LocalCMCTests" time="0.0"/>
  <testcase name="TestALotOfAdding" classname="LocalCMCTests" time="0.001"/>
  <testcase name="TestALotOfAdding" classname="LocalCMCTests" time="0.001"/>
  <testcase name="TestALotOfAdding" classname="LocalCMCTests" time="0.001"/>
  <testcase name="TestALotOfAdding" classname="LocalCMCTests" time="0.001"/>
  <testcase name="TestALotOfAdding" classname="LocalCMCTests" time="0.001"/>
  <testcase name="TestALotOfAdding" classname="LocalCMCTests" time="0.001"/>
  <testcase name="TestALotOfAdding" classname="LocalCMCTests" time="0.001"/>
  <testcase name="TestALotOfAdding" classname="LocalCMCTests" time="0.0"/>
  <testcase name="TestALotOfAdding" classname="LocalCMCTests" time="0.0"/>
  <testcase name="TestALotOfAdding" classname="LocalCMCTests" time="0.0"/>
  <testcase name="TestALotOfAdding" classname="LocalCMCTests" time="0.001"/>
  <testcase name="TestALotOfAdding" classname="LocalCMCTests" time="0.0"/>
  <testcase name="TestALotOfAdding" classname="LocalCMCTests" time="0.001"/>
  <testcase name="TestALotOfAdding" classname="LocalCMCTests" time="0.001"/>
  <testcase name="TestALotOfAdding" classname="LocalCMCTests" time="0.0"/>
  <testcase name="TestALotOfAdding" classname="LocalCMCTests" time="0.001"/>
  <testcase name="TestALotOfAdding" classname="LocalCMCTests" time="0.001"/>
  <testcase name="TestALotOfAdding" classname="LocalCMCTests" time="0.001"/>
  <testcase name="TestALotOfAdding" classname="LocalCMCTests" time="0.001"/>
  <testcase name="TestALotOfAdding" classname="LocalCMCTests" time="0.001"/>
  <testcase name="TestALotOfAdding" classname="LocalCMCTests" time="0.001"/>
  <testcase name="TestALotOfAdding" classname="LocalCMCTests" time="0.0"/>
  <testcase name="TestALotOfAdding" classname="LocalCMCTests" time="0.001"/>
  <testcase name="TestALotOfAdding" classname="LocalCMCTests" time="0.0"/>
  <testcase name="TestALotOfAdding" classname="LocalCMCTests" time="0.001"/>
  <testcase name="TestALotOfAdding" classname="LocalCMCTests" time="0.0"/>
  <testcase name="TestALotOfAdding" classname="LocalCMCTests" time="0.001"/>
  <testcase name="TestALotOfAdding" classname="LocalCMCTests" time="0.001"/>
  <testcase name="TestALotOfAdding" classname="LocalCMCTests" time="0.0"/>
  <testcase name="TestALotOfAdding" classname="LocalCMCTests" time="0.0"/>
  <testcase name="TestALotOfAdding" classname="LocalCMCTests" time="0.001"/>
  <testcase name="TestALotOfAdding" classname="LocalCMCTests" time="0.001"/>
  <testcase name="TestALotOfAdding" classname="LocalCMCTests" time="0.001"/>
  <testcase name="TestALotOfAdding" classname="LocalCMCTests" time="0.0"/>
  <testcase name="TestALotOfAdding" classname="LocalCMCTests" time="0.001"/>
  <testcase name="TestALotOfAdding" classname="LocalCMCTests" time="0.001"/>
  <testcase name="TestALotOfAdding" classname="LocalCMCTests" time="0.0"/>
  <testcase name="TestALotOfAdding" classname="LocalCMCTests" time="0.0"/>
  <testcase name="TestALotOfAdding" classname="LocalCMCTests" time="0.001"/>
  <testcase name="TestALotOfAdding" classname="LocalCMCTests" time="0.0"/>
  <testcase name="TestALotOfAdding" classname="LocalCMCTests" time="0.0"/>
  <testcase name="TestALotOfAdding" classname="LocalCMCTests" time="0.001"/>
  <testcase name="TestALotOfAdding" classname="LocalCMCTests" time="0.001"/>
  <testcase name="TestALotOfAdding" classname="LocalCMCTests" time="0.002"/>
  <testcase name="TestALotOfAdding" classname="LocalCMCTests" time="0.0"/>
  <testcase name="TestALotOfAdding" classname="LocalCMCTests" time="0.001"/>
  <testcase name="TestALotOfAdding" classname="LocalCMCTests" time="0.0"/>
  <testcase name="TestALotOfAdding" classname="LocalCMCTests" time="0.001"/>
  <testcase name="TestALotOfAdding" classname="LocalCMCTests" time="0.0"/>
  <testcase name="TestALotOfAdding" classname="LocalCMCTests" time="0.001"/>
  <testcase name="TestALotOfAdding" classname="LocalCMCTests" time="0.001"/>
  <testcase name="TestALotOfAdding" classname="LocalCMCTests" time="0.001"/>
  <testcase name="TestALotOfAdding" classname="LocalCMCTests" time="0.0"/>
  <testcase name="TestALotOfAdding" classname="LocalCMCTests" time="0.0"/>
  <testcase name="TestALotOfAdding" classname="LocalCMCTests" time="0.001"/>
  <testcase name="TestALotOfAdding" classname="LocalCMCTests" time="0.0"/>
  <testcase name="TestALotOfAdding" classname="LocalCMCTests" time="0.001"/>
  <testcase name="TestALotOfAdding" classname="LocalCMCTests" time="0.0"/>
  <testcase name="TestALotOfAdding" classname="LocalCMCTests" time="0.0"/>
  <testcase name="TestALotOfAdding" classname="LocalCMCTests" time="0.001"/>
  <testcase name="TestALotOfAdding" classname="LocalCMCTests" time="0.002"/>
  <testcase name="TestALotOfAdding" classname="LocalCMCTests" time="0.002"/>
  <testcase name="TestALotOfAdding" classname="LocalCMCTests" time="0.001"/>
  <testcase name="TestALotOfAdding" classname="LocalCMCTests" time="0.001"/>
  <testcase name="TestALotOfAdding" classname="LocalCMCTests" time="0.001"/>
  <testcase name="TestALotOfAdding" classname="LocalCMCTests" time="0.001"/>
  <testcase name="TestALotOfAdding" classname="LocalCMCTests" time="0.001"/>
  <testcase name="TestALotOfAdding" classname="LocalCMCTests" time="0.001"/>
  <testcase name="TestALotOfAdding" classname="LocalCMCTests" time="0.001"/>
  <testcase name="TestALotOfAdding" classname="LocalCMCTests" time="0.0"/>
  <testcase name="TestALotOfAdding" classname="LocalCMCTests" time="0.001"/>
  <testcase name="TestALotOfAdding" classname="LocalCMCTests" time="0.0"/>
  <testcase name="TestALotOfAdding" classname="LocalCMCTests" time="0.0"/>
  <testcase name="TestALotOfAdding" classname="LocalCMCTests" time="0.0"/>
  <testcase name="TestALotOfAdding" classname="LocalCMCTests" time="0.0"/>
  <testcase name="TestALotOfAdding" classname="LocalCMCTests" time="0.0"/>
  <testcase name="TestALotOfAdding" classname="LocalCMCTests" time="0.0"/>
  <testcase name="TestALotOfAdding" classname="LocalCMCTests" time="0.0"/>
  <testcase name="TestALotOfAdding" classname="LocalCMCTests" time="0.001"/>
  <testcase name="TestALotOfAdding" classname="LocalCMCTests" time="0.001"/>
  <testcase name="TestALotOfAdding" classname="LocalCMCTests" time="0.001"/>
  <testcase name="TestALotOfAdding" classname="LocalCMCTests" time="0.001"/>
  <testcase name="TestALotOfAdding" classname="LocalCMCTests" time="0.001"/>
  <testcase name="TestALotOfAdding" classname="LocalCMCTests" time="0.001"/>
  <testcase name="TestALotOfAdding" classname="LocalCMCTests" time="0.0"/>
  <testcase name="TestALotOfAdding" classname="LocalCMCTests" time="0.001"/>
  <testcase name="TestALotOfAdding" classname="LocalCMCTests" time="0.001"/>
  <testcase name="TestALotOfAdding" classname="LocalCMCTests" time="0.001"/>
  <testcase name="TestALotOfAdding" classname="LocalCMCTests" time="0.001"/>
  <testcase name="TestALotOfAdding" classname="LocalCMCTests" time="0.0"/>
  <testcase name="TestALotOfAdding" classname="LocalCMCTests" time="0.0"/>
  <testcase name="TestALotOfAdding" classname="LocalCMCTests" time="0.0"/>
  <testcase name="TestALotOfAdding" classname="LocalCMCTests" time="0.0"/>
  <testcase name="TestALotOfAdding" classname="LocalCMCTests" time="0.0"/>
  <testcase name="TestALotOfAdding" classname="LocalCMCTests" time="0.001"/>
  <testcase name="TestALotOfAdding" classname="LocalCMCTests" time="0.001"/>
  <testcase name="TestALotOfAdding" classname="LocalCMCTests" time="0.001"/>
  <testcase name="TestALotOfAdding" classname="LocalCMCTests" time="0.0"/>
  <testcase name="TestALotOfAdding" classname="LocalCMCTests" time="0.001"/>
  <testcase name="TestALotOfAdding" classname="LocalCMCTests" time="0.0"/>
  <testcase name="TestALotOfAdding" classname="LocalCMCTests" time="0.001"/>
  <testcase name="TestALotOfAdding" classname="LocalCMCTests" time="0.001"/>
  <testcase name="TestALotOfAdding" classname="LocalCMCTests" time="0.001"/>
  <testcase name="TestALotOfAdding" classname="LocalCMCTests" time="0.0"/>
  <testcase name="TestALotOfAdding" classname="LocalCMCTests" time="0.001"/>
  <testcase name="TestALotOfAdding" classname="LocalCMCTests" time="0.0"/>
  <testcase name="TestALotOfAdding" classname="LocalCMCTests" time="0.0"/>
  <testcase name="TestALotOfAdding" classname="LocalCMCTests" time="0.0"/>
  <testcase name="TestALotOfAdding" classname="LocalCMCTests" time="0.001"/>
  <testcase name="TestALotOfAdding" classname="LocalCMCTests" time="0.001"/>
  <testcase name="TestALotOfAdding" classname="LocalCMCTests" time="0.001"/>
  <testcase name="TestALotOfAdding" classname="LocalCMCTests" time="0.0"/>
  <testcase name="TestALotOfAdding" classname="LocalCMCTests" time="0.001"/>
  <testcase name="TestALotOfAdding" classname="LocalCMCTests" time="0.001"/>
  <testcase name="TestALotOfAdding" classname="LocalCMCTests" time="0.0"/>
  <testcase name="TestALotOfAdding" classname="LocalCMCTests" time="0.001"/>
  <testcase name="TestALotOfAdding" classname="LocalCMCTests" time="0.001"/>
  <testcase name="TestALotOfAdding" classname="LocalCMCTests" time="0.001"/>
  <testcase name="TestALotOfAdding" classname="LocalCMCTests" time="0.002"/>
  <testcase name="TestALotOfAdding" classname="LocalCMCTests" time="0.001"/>
  <testcase name="TestALotOfAdding" classname="LocalCMCTests" time="0.0"/>
  <testcase name="TestALotOfAdding" classname="LocalCMCTests" time="0.0"/>
  <testcase name="TestALotOfAdding" classname="LocalCMCTests" time="0.0"/>
  <testcase name="TestALotOfAdding" classname="LocalCMCTests" time="0.0"/>
  <testcase name="TestALotOfAdding" classname="LocalCMCTests" time="0.001"/>
  <testcase name="TestALotOfAdding" classname="LocalCMCTests" time="0.001"/>
  <testcase name="TestALotOfAdding" classname="LocalCMCTests" time="0.001"/>
  <testcase name="TestALotOfAdding" classname="LocalCMCTests" time="0.0"/>
  <testcase name="TestALotOfAdding" classname="LocalCMCTests" time="0.001"/>
  <testcase name="TestALotOfAdding" classname="LocalCMCTests" time="0.0"/>
  <testcase name="TestALotOfAdding" classname="LocalCMCTests" time="0.001"/>
  <testcase name="TestALotOfAdding" classname="LocalCMCTests" time="0.001"/>
  <testcase name="TestALotOfAdding" classname="LocalCMCTests" time="0.0"/>
  <testcase name="TestALotOfAdding" classname="LocalCMCTests" time="0.0"/>
  <testcase name="TestALotOfAdding" classname="LocalCMCTests" time="0.0"/>
  <testcase name="TestALotOfAdding" classname="LocalCMCTests" time="0.0"/>
  <testcase name="TestALotOfAdding" classname="LocalCMCTests" time="0.0"/>
  <testcase name="TestALotOfAdding" classname="LocalCMCTests" time="0.0"/>
  <testcase name="TestALotOfAdding" classname="LocalCMCTests" time="0.0"/>
  <testcase name="TestALotOfAdding" classname="LocalCMCTests" time="0.002"/>
  <testcase name="TestALotOfAdding" classname="LocalCMCTests" time="0.0"/>
  <testcase name="TestALotOfAdding" classname="LocalCMCTests" time="0.001"/>
  <testcase name="TestALotOfAdding" classname="LocalCMCTests" time="0.002"/>
  <testcase name="TestALotOfAdding" classname="LocalCMCTests" time="0.001"/>
  <testcase name="TestALotOfAdding" classname="LocalCMCTests" time="0.001"/>
  <testcase name="TestALotOfAdding" classname="LocalCMCTests" time="0.001"/>
  <testcase name="TestALotOfAdding" classname="LocalCMCTests" time="0.001"/>
  <testcase name="TestALotOfAdding" classname="LocalCMCTests" time="0.001"/>
  <testcase name="TestALotOfAdding" classname="LocalCMCTests" time="0.0"/>
  <testcase name="TestALotOfAdding" classname="LocalCMCTests" time="0.0"/>
  <testcase name="TestALotOfAdding" classname="LocalCMCTests" time="0.001"/>
  <testcase name="TestALotOfAdding" classname="LocalCMCTests" time="0.001"/>
  <testcase name="TestALotOfAdding" classname="LocalCMCTests" time="0.001"/>
  <testcase name="TestALotOfAdding" classname="LocalCMCTests" time="0.001"/>
  <testcase name="TestALotOfAdding" classname="LocalCMCTests" time="0.0"/>
  <testcase name="TestALotOfAdding" classname="LocalCMCTests" time="0.0"/>
  <testcase name="TestALotOfAdding" classname="LocalCMCTests" time="0.0"/>
  <testcase name="TestALotOfAdding" classname="LocalCMCTests" time="0.001"/>
  <testcase name="TestALotOfAdding" classname="LocalCMCTests" time="0.002"/>
  <testcase name="TestALotOfAdding" classname="LocalCMCTests" time="0.0"/>
  <testcase name="TestALotOfAdding" classname="LocalCMCTests" time="0.0"/>
  <testcase name="TestALotOfAdding" classname="LocalCMCTests" time="0.001"/>
  <testcase name="TestALotOfAdding" classname="LocalCMCTests" time="0.001"/>
  <testcase name="TestALotOfAdding" classname="LocalCMCTests" time="0.002"/>
  <testcase name="TestALotOfAdding" classname="LocalCMCTests" time="0.001"/>
  <testcase name="TestALotOfAdding" classname="LocalCMCTests" time="0.003"/>
  <testcase name="TestALotOfAdding" classname="LocalCMCTests" time="0.0"/>
  <testcase name="TestALotOfAdding" classname="LocalCMCTests" time="0.001"/>
  <testcase name="TestALotOfAdding" classname="LocalCMCTests" time="0.001"/>
  <testcase name="TestALotOfAdding" classname="LocalCMCTests" time="0.0"/>
  <testcase name="TestALotOfAdding" classname="LocalCMCTests" time="0.001"/>
  <testcase name="TestALotOfAdding" classname="LocalCMCTests" time="0.001"/>
  <testcase name="TestALotOfAdding" classname="LocalCMCTests" time="0.0"/>
  <testcase name="TestALotOfAdding" classname="LocalCMCTests" time="0.0"/>
  <testcase name="TestALotOfAdding" classname="LocalCMCTests" time="0.0"/>
  <testcase name="TestALotOfAdding" classname="LocalCMCTests" time="0.001"/>
  <testcase name="TestALotOfAdding" classname="LocalCMCTests" time="0.001"/>
  <testcase name="TestALotOfAdding" classname="LocalCMCTests" time="0.001"/>
  <testcase name="TestALotOfAdding" classname="LocalCMCTests" time="0.0"/>
  <testcase name="TestALotOfAdding" classname="LocalCMCTests" time="0.001"/>
  <testcase name="TestALotOfAdding" classname="LocalCMCTests" time="0.0"/>
  <testcase name="TestALotOfAdding" classname="LocalCMCTests" time="0.001"/>
  <testcase name="TestALotOfAdding" classname="LocalCMCTests" time="0.0"/>
  <testcase name="TestALotOfAdding" classname="LocalCMCTests" time="0.0"/>
  <testcase name="TestALotOfAdding" classname="LocalCMCTests" time="0.001"/>
  <testcase name="TestALotOfAdding" classname="LocalCMCTests" time="0.001"/>
  <testcase name="TestALotOfAdding" classname="LocalCMCTests" time="0.001"/>
  <testcase name="TestALotOfAdding" classname="LocalCMCTests" time="0.0"/>
  <testcase name="TestALotOfAdding" classname="LocalCMCTests" time="0.001"/>
  <testcase name="TestALotOfAdding" classname="LocalCMCTests" time="0.001"/>
  <testcase name="TestALotOfAdding" classname="LocalCMCTests" time="0.0"/>
  <testcase name="TestALotOfAdding" classname="LocalCMCTests" time="0.003"/>
  <testcase name="TestALotOfAdding" classname="LocalCMCTests" time="0.001"/>
  <testcase name="TestALotOfAdding" classname="LocalCMCTests" time="0.0"/>
  <testcase name="TestALotOfAdding" classname="LocalCMCTests" time="0.001"/>
  <testcase name="TestALotOfAdding" classname="LocalCMCTests" time="0.001"/>
  <testcase name="TestALotOfAdding" classname="LocalCMCTests" time="0.0"/>
  <testcase name="TestALotOfAdding" classname="LocalCMCTests" time="0.001"/>
  <testcase name="TestALotOfAdding" classname="LocalCMCTests" time="0.001"/>
  <testcase name="TestALotOfAdding" classname="LocalCMCTests" time="0.001"/>
  <testcase name="TestALotOfAdding" classname="LocalCMCTests" time="0.0"/>
  <testcase name="TestALotOfAdding" classname="LocalCMCTests" time="0.001"/>
  <testcase name="TestALotOfAdding" classname="LocalCMCTests" time="0.0"/>
  <testcase name="TestALotOfAdding" classname="LocalCMCTests" time="0.001"/>
  <testcase name="TestALotOfAdding" classname="LocalCMCTests" time="0.002"/>
  <testcase name="TestALotOfAdding" classname="LocalCMCTests" time="0.0"/>
  <testcase name="TestALotOfAdding" classname="LocalCMCTests" time="0.001"/>
  <testcase name="TestALotOfAdding" classname="LocalCMCTests" time="0.001"/>
  <testcase name="TestALotOfAdding" classname="LocalCMCTests" time="0.001"/>
  <testcase name="TestALotOfAdding" classname="LocalCMCTests" time="0.001"/>
  <testcase name="TestALotOfAdding" classname="LocalCMCTests" time="0.002"/>
  <testcase name="TestALotOfAdding" classname="LocalCMCTests" time="0.001"/>
  <testcase name="TestALotOfAdding" classname="LocalCMCTests" time="0.0"/>
  <testcase name="TestALotOfAdding" classname="LocalCMCTests" time="0.001"/>
  <testcase name="TestALotOfAdding" classname="LocalCMCTests" time="0.0"/>
  <testcase name="TestALotOfAdding" classname="LocalCMCTests" time="0.0"/>
  <testcase name="TestALotOfAdding" classname="LocalCMCTests" time="0.0"/>
  <testcase name="TestALotOfAdding" classname="LocalCMCTests" time="0.0"/>
  <testcase name="TestALotOfAdding" classname="LocalCMCTests" time="0.0"/>
  <testcase name="TestALotOfAdding" classname="LocalCMCTests" time="0.001"/>
  <testcase name="TestALotOfAdding" classname="LocalCMCTests" time="0.001"/>
  <testcase name="TestALotOfAdding" classname="LocalCMCTests" time="0.001"/>
  <testcase name="TestALotOfAdding" classname="LocalCMCTests" time="0.0"/>
  <testcase name="TestALotOfAdding" classname="LocalCMCTests" time="0.001"/>
  <testcase name="TestALotOfAdding" classname="LocalCMCTests" time="0.0"/>
  <testcase name="TestALotOfAdding" classname="LocalCMCTests" time="0.0"/>
  <testcase name="TestALotOfAdding" classname="LocalCMCTests" time="0.0"/>
  <testcase name="TestALotOfAdding" classname="LocalCMCTests" time="0.001"/>
  <testcase name="TestALotOfAdding" classname="LocalCMCTests" time="0.001"/>
  <testcase name="TestALotOfAdding" classname="LocalCMCTests" time="0.001"/>
  <testcase name="TestALotOfAdding" classname="LocalCMCTests" time="0.001"/>
  <testcase name="TestALotOfAdding" classname="LocalCMCTests" time="0.0"/>
  <testcase name="TestALotOfAdding" classname="LocalCMCTests" time="0.001"/>
  <testcase name="TestALotOfAdding" classname="LocalCMCTests" time="0.001"/>
  <testcase name="TestALotOfAdding" classname="LocalCMCTests" time="0.002"/>
  <testcase name="TestALotOfAdding" classname="LocalCMCTests" time="0.001"/>
  <testcase name="TestALotOfAdding" classname="LocalCMCTests" time="0.001"/>
  <testcase name="TestALotOfAdding" classname="LocalCMCTests" time="0.001"/>
  <testcase name="TestALotOfAdding" classname="LocalCMCTests" time="0.003"/>
  <testcase name="TestALotOfAdding" classname="LocalCMCTests" time="0.001"/>
  <testcase name="TestALotOfAdding" classname="LocalCMCTests" time="0.0"/>
  <testcase name="TestALotOfAdding" classname="LocalCMCTests" time="0.0"/>
  <testcase name="TestALotOfAdding" classname="LocalCMCTests" time="0.0"/>
  <testcase name="TestALotOfAdding" classname="LocalCMCTests" time="0.0"/>
  <testcase name="TestALotOfAdding" classname="LocalCMCTests" time="0.0"/>
  <testcase name="TestALotOfAdding" classname="LocalCMCTests" time="0.0"/>
  <testcase name="TestALotOfAdding" classname="LocalCMCTests" time="0.0"/>
  <testcase name="TestALotOfAdding" classname="LocalCMCTests" time="0.002"/>
  <testcase name="TestALotOfAdding" classname="LocalCMCTests" time="0.001"/>
  <testcase name="TestALotOfAdding" classname="LocalCMCTests" time="0.0"/>
  <testcase name="TestALotOfAdding" classname="LocalCMCTests" time="0.001"/>
  <testcase name="TestALotOfAdding" classname="LocalCMCTests" time="0.001"/>
  <testcase name="TestALotOfAdding" classname="LocalCMCTests" time="0.001"/>
  <testcase name="TestALotOfAdding" classname="LocalCMCTests" time="0.001"/>
  <testcase name="TestALotOfAdding" classname="LocalCMCTests" time="0.0"/>
  <testcase name="TestALotOfAdding" classname="LocalCMCTests" time="0.0"/>
  <testcase name="TestALotOfAdding" classname="LocalCMCTests" time="0.0"/>
  <testcase name="TestALotOfAdding" classname="LocalCMCTests" time="0.0"/>
  <testcase name="TestALotOfAdding" classname="LocalCMCTests" time="0.001"/>
  <testcase name="TestALotOfAdding" classname="LocalCMCTests" time="0.0"/>
  <testcase name="TestALotOfAdding" classname="LocalCMCTests" time="0.0"/>
  <testcase name="TestALotOfAdding" classname="LocalCMCTests" time="0.001"/>
  <testcase name="TestALotOfAdding" classname="LocalCMCTests" time="0.001"/>
  <testcase name="TestALotOfAdding" classname="LocalCMCTests" time="0.001"/>
  <testcase name="TestALotOfAdding" classname="LocalCMCTests" time="0.001"/>
  <testcase name="TestALotOfAdding" classname="LocalCMCTests" time="0.001"/>
  <testcase name="TestALotOfAdding" classname="LocalCMCTests" time="0.001"/>
  <testcase name="TestALotOfAdding" classname="LocalCMCTests" time="0.001"/>
  <testcase name="TestALotOfAdding" classname="LocalCMCTests" time="0.0"/>
  <testcase name="TestALotOfAdding" classname="LocalCMCTests" time="0.001"/>
  <testcase name="TestALotOfAdding" classname="LocalCMCTests" time="0.001"/>
  <testcase name="TestALotOfAdding" classname="LocalCMCTests" time="0.0"/>
  <testcase name="TestALotOfAdding" classname="LocalCMCTests" time="0.0"/>
  <testcase name="TestALotOfAdding" classname="LocalCMCTests" time="0.001"/>
  <testcase name="TestALotOfAdding" classname="LocalCMCTests" time="0.0"/>
  <testcase name="TestALotOfAdding" classname="LocalCMCTests" time="0.001"/>
  <testcase name="TestALotOfAdding" classname="LocalCMCTests" time="0.001"/>
  <testcase name="TestALotOfAdding" classname="LocalCMCTests" time="0.001"/>
  <testcase name="TestALotOfAdding" classname="LocalCMCTests" time="0.0"/>
  <testcase name="TestALotOfAdding" classname="LocalCMCTests" time="0.001"/>
  <testcase name="TestALotOfAdding" classname="LocalCMCTests" time="0.0"/>
  <testcase name="TestALotOfAdding" classname="LocalCMCTests" time="0.001"/>
  <testcase name="TestALotOfAdding" classname="LocalCMCTests" time="0.001"/>
  <testcase name="TestALotOfAdding" classname="LocalCMCTests" time="0.001"/>
  <testcase name="TestALotOfAdding" classname="LocalCMCTests" time="0.0"/>
  <testcase name="TestALotOfAdding" classname="LocalCMCTests" time="0.0"/>
  <testcase name="TestALotOfAdding" classname="LocalCMCTests" time="0.0"/>
  <testcase name="TestALotOfAdding" classname="LocalCMCTests" time="0.0"/>
  <testcase name="TestALotOfAdding" classname="LocalCMCTests" time="0.0"/>
  <testcase name="TestALotOfAdding" classname="LocalCMCTests" time="0.001"/>
  <testcase name="TestALotOfAdding" classname="LocalCMCTests" time="0.0"/>
  <testcase name="TestALotOfAdding" classname="LocalCMCTests" time="0.0"/>
  <testcase name="TestALotOfAdding" classname="LocalCMCTests" time="0.0"/>
  <testcase name="TestALotOfAdding" classname="LocalCMCTests" time="0.001"/>
  <testcase name="TestALotOfAdding" classname="LocalCMCTests" time="0.0"/>
  <testcase name="TestALotOfAdding" classname="LocalCMCTests" time="0.001"/>
  <testcase name="TestALotOfAdding" classname="LocalCMCTests" time="0.002"/>
  <testcase name="TestALotOfAdding" classname="LocalCMCTests" time="0.002"/>
  <testcase name="TestALotOfAdding" classname="LocalCMCTests" time="0.0"/>
  <testcase name="TestALotOfAdding" classname="LocalCMCTests" time="0.0"/>
  <testcase name="TestALotOfAdding" classname="LocalCMCTests" time="0.002"/>
  <testcase name="TestALotOfAdding" classname="LocalCMCTests" time="0.0"/>
  <testcase name="TestALotOfAdding" classname="LocalCMCTests" time="0.002"/>
  <testcase name="TestALotOfAdding" classname="LocalCMCTests" time="0.0"/>
  <testcase name="TestALotOfAdding" classname="LocalCMCTests" time="0.002"/>
  <testcase name="TestALotOfAdding" classname="LocalCMCTests" time="0.001"/>
  <testcase name="TestALotOfAdding" classname="LocalCMCTests" time="0.0"/>
  <testcase name="TestALotOfAdding" classname="LocalCMCTests" time="0.0"/>
  <testcase name="TestALotOfAdding" classname="LocalCMCTests" time="0.002"/>
  <testcase name="TestALotOfAdding" classname="LocalCMCTests" time="0.002"/>
  <testcase name="TestALotOfAdding" classname="LocalCMCTests" time="0.0"/>
  <testcase name="TestALotOfAdding" classname="LocalCMCTests" time="0.001"/>
  <testcase name="TestALotOfAdding" classname="LocalCMCTests" time="0.002"/>
  <testcase name="TestALotOfAdding" classname="LocalCMCTests" time="0.001"/>
  <testcase name="TestALotOfAdding" classname="LocalCMCTests" time="0.001"/>
  <testcase name="TestALotOfAdding" classname="LocalCMCTests" time="0.001"/>
  <testcase name="TestALotOfAdding" classname="LocalCMCTests" time="0.001"/>
  <testcase name="TestALotOfAdding" classname="LocalCMCTests" time="0.0"/>
  <testcase name="TestALotOfAdding" classname="LocalCMCTests" time="0.0"/>
  <testcase name="TestALotOfAdding" classname="LocalCMCTests" time="0.001"/>
  <testcase name="TestALotOfAdding" classname="LocalCMCTests" time="0.001"/>
  <testcase name="TestALotOfAdding" classname="LocalCMCTests" time="0.001"/>
  <testcase name="TestALotOfAdding" classname="LocalCMCTests" time="0.001"/>
  <testcase name="TestALotOfAdding" classname="LocalCMCTests" time="0.001"/>
  <testcase name="TestALotOfAdding" classname="LocalCMCTests" time="0.001"/>
  <testcase name="TestALotOfAdding" classname="LocalCMCTests" time="0.0"/>
  <testcase name="TestALotOfAdding" classname="LocalCMCTests" time="0.0"/>
  <testcase name="TestALotOfAdding" classname="LocalCMCTests" time="0.004"/>
  <testcase name="TestALotOfAdding" classname="LocalCMCTests" time="0.0"/>
  <testcase name="TestALotOfAdding" classname="LocalCMCTests" time="0.004"/>
  <testcase name="TestALotOfAdding" classname="LocalCMCTests" time="0.005"/>
  <testcase name="TestALotOfAdding" classname="LocalCMCTests" time="0.0"/>
  <testcase name="TestALotOfAdding" classname="LocalCMCTests" time="0.004"/>
  <testcase name="TestALotOfAdding" classname="LocalCMCTests" time="0.003"/>
  <testcase name="TestALotOfAdding" classname="LocalCMCTests" time="0.0"/>
  <testcase name="TestALotOfAdding" classname="LocalCMCTests" time="0.003"/>
  <testcase name="TestALotOfAdding" classname="LocalCMCTests" time="0.0"/>
  <testcase name="TestALotOfAdding" classname="LocalCMCTests" time="0.003"/>
  <testcase name="TestALotOfAdding" classname="LocalCMCTests" time="0.0"/>
  <testcase name="TestALotOfAdding" classname="LocalCMCTests" time="0.003"/>
  <testcase name="TestALotOfAdding" classname="LocalCMCTests" time="0.004"/>
  <testcase name="TestALotOfAdding" classname="LocalCMCTests" time="0.004"/>
  <testcase name="TestALotOfAdding" classname="LocalCMCTests" time="0.001"/>
  <testcase name="TestALotOfAdding" classname="LocalCMCTests" time="0.001"/>
  <testcase name="TestALotOfAdding" classname="LocalCMCTests" time="0.0"/>
  <testcase name="TestALotOfAdding" classname="LocalCMCTests" time="0.001"/>
  <testcase name="TestALotOfAdding" classname="LocalCMCTests" time="0.001"/>
  <testcase name="TestALotOfAdding" classname="LocalCMCTests" time="0.001"/>
  <testcase name="TestALotOfAdding" classname="LocalCMCTests" time="0.001"/>
  <testcase name="TestALotOfAdding" classname="LocalCMCTests" time="0.0"/>
  <testcase name="TestALotOfAdding" classname="LocalCMCTests" time="0.001"/>
  <testcase name="TestALotOfAdding" classname="LocalCMCTests" time="0.0"/>
  <testcase name="TestALotOfAdding" classname="LocalCMCTests" time="0.002"/>
  <testcase name="TestALotOfAdding" classname="LocalCMCTests" time="0.001"/>
  <testcase name="TestALotOfAdding" classname="LocalCMCTests" time="0.0"/>
  <testcase name="TestALotOfAdding" classname="LocalCMCTests" time="0.001"/>
  <testcase name="TestALotOfAdding" classname="LocalCMCTests" time="0.001"/>
  <testcase name="TestALotOfAdding" classname="LocalCMCTests" time="0.001"/>
  <testcase name="TestALotOfAdding" classname="LocalCMCTests" time="0.001"/>
  <testcase name="TestALotOfAdding" classname="LocalCMCTests" time="0.001"/>
  <testcase name="TestALotOfAdding" classname="LocalCMCTests" time="0.0"/>
  <testcase name="TestALotOfAdding" classname="LocalCMCTests" time="0.0"/>
  <testcase name="TestALotOfAdding" classname="LocalCMCTests" time="0.0"/>
  <testcase name="TestALotOfAdding" classname="LocalCMCTests" time="0.0"/>
  <testcase name="TestALotOfAdding" classname="LocalCMCTests" time="0.0"/>
  <testcase name="TestALotOfAdding" classname="LocalCMCTests" time="0.001"/>
  <testcase name="TestALotOfAdding" classname="LocalCMCTests" time="0.002"/>
  <testcase name="TestALotOfAdding" classname="LocalCMCTests" time="0.002"/>
  <testcase name="TestALotOfAdding" classname="LocalCMCTests" time="0.001"/>
  <testcase name="TestALotOfAdding" classname="LocalCMCTests" time="0.001"/>
  <testcase name="TestALotOfAdding" classname="LocalCMCTests" time="0.0"/>
  <testcase name="TestALotOfAdding" classname="LocalCMCTests" time="0.0"/>
  <testcase name="TestALotOfAdding" classname="LocalCMCTests" time="0.0"/>
  <testcase name="TestALotOfAdding" classname="LocalCMCTests" time="0.001"/>
  <testcase name="TestALotOfAdding" classname="LocalCMCTests" time="0.0"/>
  <testcase name="TestALotOfAdding" classname="LocalCMCTests" time="0.001"/>
  <testcase name="TestALotOfAdding" classname="LocalCMCTests" time="0.001"/>
  <testcase name="TestALotOfAdding" classname="LocalCMCTests" time="0.0"/>
  <testcase name="TestALotOfAdding" classname="LocalCMCTests" time="0.001"/>
  <testcase name="TestALotOfAdding" classname="LocalCMCTests" time="0.001"/>
  <testcase name="TestALotOfAdding" classname="LocalCMCTests" time="0.001"/>
  <testcase name="TestALotOfAdding" classname="LocalCMCTests" time="0.001"/>
  <testcase name="TestALotOfAdding" classname="LocalCMCTests" time="0.001"/>
  <testcase name="TestALotOfAdding" classname="LocalCMCTests" time="0.0"/>
  <testcase name="TestALotOfAdding" classname="LocalCMCTests" time="0.003"/>
  <testcase name="TestALotOfAdding" classname="LocalCMCTests" time="0.001"/>
  <testcase name="TestALotOfAdding" classname="LocalCMCTests" time="0.0"/>
  <testcase name="TestALotOfAdding" classname="LocalCMCTests" time="0.001"/>
  <testcase name="TestALotOfAdding" classname="LocalCMCTests" time="0.0"/>
  <testcase name="TestALotOfAdding" classname="LocalCMCTests" time="0.0"/>
  <testcase name="TestALotOfAdding" classname="LocalCMCTests" time="0.001"/>
  <testcase name="TestALotOfAdding" classname="LocalCMCTests" time="0.001"/>
  <testcase name="TestALotOfAdding" classname="LocalCMCTests" time="0.001"/>
  <testcase name="TestALotOfAdding" classname="LocalCMCTests" time="0.0"/>
  <testcase name="TestALotOfAdding" classname="LocalCMCTests" time="0.0"/>
  <testcase name="TestALotOfAdding" classname="LocalCMCTests" time="0.001"/>
  <testcase name="TestALotOfAdding" classname="LocalCMCTests" time="0.001"/>
  <testcase name="TestALotOfAdding" classname="LocalCMCTests" time="0.001"/>
  <testcase name="TestALotOfAdding" classname="LocalCMCTests" time="0.001"/>
  <testcase name="TestALotOfAdding" classname="LocalCMCTests" time="0.0"/>
  <testcase name="TestALotOfAdding" classname="LocalCMCTests" time="0.001"/>
  <testcase name="TestALotOfAdding" classname="LocalCMCTests" time="0.001"/>
  <testcase name="TestALotOfAdding" classname="LocalCMCTests" time="0.001"/>
  <testcase name="TestALotOfAdding" classname="LocalCMCTests" time="0.0"/>
  <testcase name="TestALotOfAdding" classname="LocalCMCTests" time="0.0"/>
  <testcase name="TestALotOfAdding" classname="LocalCMCTests" time="0.0"/>
  <testcase name="TestALotOfAdding" classname="LocalCMCTests" time="0.0"/>
  <testcase name="TestALotOfAdding" classname="LocalCMCTests" time="0.0"/>
  <testcase name="TestALotOfAdding" classname="LocalCMCTests" time="0.0"/>
  <testcase name="TestALotOfAdding" classname="LocalCMCTests" time="0.002"/>
  <testcase name="TestALotOfAdding" classname="LocalCMCTests" time="0.002"/>
  <testcase name="TestALotOfAdding" classname="LocalCMCTests" time="0.0"/>
  <testcase name="TestALotOfAdding" classname="LocalCMCTests" time="0.0"/>
  <testcase name="TestALotOfAdding" classname="LocalCMCTests" time="0.002"/>
  <testcase name="TestALotOfAdding" classname="LocalCMCTests" time="0.0"/>
  <testcase name="TestALotOfAdding" classname="LocalCMCTests" time="0.0"/>
  <testcase name="TestALotOfAdding" classname="LocalCMCTests" time="0.0"/>
  <testcase name="TestALotOfAdding" classname="LocalCMCTests" time="0.0"/>
  <testcase name="TestALotOfAdding" classname="LocalCMCTests" time="0.001"/>
  <testcase name="TestALotOfAdding" classname="LocalCMCTests" time="0.0"/>
  <testcase name="TestALotOfAdding" classname="LocalCMCTests" time="0.001"/>
  <testcase name="TestALotOfAdding" classname="LocalCMCTests" time="0.001"/>
  <testcase name="TestALotOfAdding" classname="LocalCMCTests" time="0.001"/>
  <testcase name="TestALotOfAdding" classname="LocalCMCTests" time="0.001"/>
  <testcase name="TestALotOfAdding" classname="LocalCMCTests" time="0.001"/>
  <testcase name="TestALotOfAdding" classname="LocalCMCTests" time="0.001"/>
  <testcase name="TestALotOfAdding" classname="LocalCMCTests" time="0.0"/>
  <testcase name="TestALotOfAdding" classname="LocalCMCTests" time="0.001"/>
  <testcase name="TestALotOfAdding" classname="LocalCMCTests" time="0.002"/>
  <testcase name="TestALotOfAdding" classname="LocalCMCTests" time="0.001"/>
  <testcase name="TestALotOfAdding" classname="LocalCMCTests" time="0.0"/>
  <testcase name="TestALotOfAdding" classname="LocalCMCTests" time="0.001"/>
  <testcase name="TestALotOfAdding" classname="LocalCMCTests" time="0.001"/>
  <testcase name="TestALotOfAdding" classname="LocalCMCTests" time="0.0"/>
  <testcase name="TestALotOfAdding" classname="LocalCMCTests" time="0.0"/>
  <testcase name="TestALotOfAdding" classname="LocalCMCTests" time="0.0"/>
  <testcase name="TestALotOfAdding" classname="LocalCMCTests" time="0.001"/>
  <testcase name="TestALotOfAdding" classname="LocalCMCTests" time="0.0"/>
  <testcase name="TestALotOfAdding" classname="LocalCMCTests" time="0.0"/>
  <testcase name="TestALotOfAdding" classname="LocalCMCTests" time="0.001"/>
  <testcase name="TestALotOfAdding" classname="LocalCMCTests" time="0.001"/>
  <testcase name="TestALotOfAdding" classname="LocalCMCTests" time="0.001"/>
  <testcase name="TestALotOfAdding" classname="LocalCMCTests" time="0.002"/>
  <testcase name="TestALotOfAdding" classname="LocalCMCTests" time="0.0"/>
  <testcase name="TestALotOfAdding" classname="LocalCMCTests" time="0.003"/>
  <testcase name="TestALotOfAdding" classname="LocalCMCTests" time="0.001"/>
  <testcase name="TestALotOfAdding" classname="LocalCMCTests" time="0.0"/>
  <testcase name="TestALotOfAdding" classname="LocalCMCTests" time="0.0"/>
  <testcase name="TestALotOfAdding" classname="LocalCMCTests" time="0.001"/>
  <testcase name="TestALotOfAdding" classname="LocalCMCTests" time="0.0"/>
  <testcase name="TestALotOfAdding" classname="LocalCMCTests" time="0.0"/>
  <testcase name="TestALotOfAdding" classname="LocalCMCTests" time="0.001"/>
  <testcase name="TestALotOfAdding" classname="LocalCMCTests" time="0.0"/>
  <testcase name="TestALotOfAdding" classname="LocalCMCTests" time="0.002"/>
  <testcase name="TestALotOfAdding" classname="LocalCMCTests" time="0.002"/>
  <testcase name="TestALotOfAdding" classname="LocalCMCTests" time="0.0"/>
  <testcase name="TestALotOfAdding" classname="LocalCMCTests" time="0.0"/>
  <testcase name="TestALotOfAdding" classname="LocalCMCTests" time="0.0"/>
  <testcase name="TestALotOfAdding" classname="LocalCMCTests" time="0.0"/>
  <testcase name="TestALotOfAdding" classname="LocalCMCTests" time="0.001"/>
  <testcase name="TestALotOfAdding" classname="LocalCMCTests" time="0.0"/>
  <testcase name="TestALotOfAdding" classname="LocalCMCTests" time="0.001"/>
  <testcase name="TestALotOfAdding" classname="LocalCMCTests" time="0.001"/>
  <testcase name="TestALotOfAdding" classname="LocalCMCTests" time="0.001"/>
  <testcase name="TestALotOfAdding" classname="LocalCMCTests" time="0.0"/>
  <testcase name="TestALotOfAdding" classname="LocalCMCTests" time="0.001"/>
  <testcase name="TestALotOfAdding" classname="LocalCMCTests" time="0.0"/>
  <testcase name="TestALotOfAdding" classname="LocalCMCTests" time="0.001"/>
  <testcase name="TestALotOfAdding" classname="LocalCMCTests" time="0.0"/>
  <testcase name="TestALotOfAdding" classname="LocalCMCTests" time="0.002"/>
  <testcase name="TestALotOfAdding" classname="LocalCMCTests" time="0.0"/>
  <testcase name="TestALotOfAdding" classname="LocalCMCTests" time="0.003"/>
  <testcase name="TestALotOfAdding" classname="LocalCMCTests" time="0.001"/>
  <testcase name="TestALotOfAdding" classname="LocalCMCTests" time="0.001"/>
  <testcase name="TestALotOfAdding" classname="LocalCMCTests" time="0.0"/>
  <testcase name="TestALotOfAdding" classname="LocalCMCTests" time="0.0"/>
  <testcase name="TestALotOfAdding" classname="LocalCMCTests" time="0.001"/>
  <testcase name="TestALotOfAdding" classname="LocalCMCTests" time="0.0"/>
  <testcase name="TestALotOfAdding" classname="LocalCMCTests" time="0.0"/>
  <testcase name="TestALotOfAdding" classname="LocalCMCTests" time="0.0"/>
  <testcase name="TestALotOfAdding" classname="LocalCMCTests" time="0.0"/>
  <testcase name="TestALotOfAdding" classname="LocalCMCTests" time="0.001"/>
  <testcase name="TestALotOfAdding" classname="LocalCMCTests" time="0.0"/>
  <testcase name="TestALotOfAdding" classname="LocalCMCTests" time="0.002"/>
  <testcase name="TestALotOfAdding" classname="LocalCMCTests" time="0.002"/>
  <testcase name="TestALotOfAdding" classname="LocalCMCTests" time="0.0"/>
  <testcase name="TestALotOfAdding" classname="LocalCMCTests" time="0.0"/>
  <testcase name="TestALotOfAdding" classname="LocalCMCTests" time="0.001"/>
  <testcase name="TestALotOfAdding" classname="LocalCMCTests" time="0.002"/>
  <testcase name="TestALotOfAdding" classname="LocalCMCTests" time="0.0"/>
  <testcase name="TestALotOfAdding" classname="LocalCMCTests" time="0.001"/>
  <testcase name="TestALotOfAdding" classname="LocalCMCTests" time="0.0"/>
  <testcase name="TestALotOfAdding" classname="LocalCMCTests" time="0.001"/>
  <testcase name="TestALotOfAdding" classname="LocalCMCTests" time="0.001"/>
  <testcase name="TestALotOfAdding" classname="LocalCMCTests" time="0.0"/>
  <testcase name="TestALotOfAdding" classname="LocalCMCTests" time="0.001"/>
  <testcase name="TestALotOfAdding" classname="LocalCMCTests" time="0.002"/>
  <testcase name="TestALotOfAdding" classname="LocalCMCTests" time="0.0"/>
  <testcase name="TestALotOfAdding" classname="LocalCMCTests" time="0.001"/>
  <testcase name="TestALotOfAdding" classname="LocalCMCTests" time="0.001"/>
  <testcase name="TestALotOfAdding" classname="LocalCMCTests" time="0.002"/>
  <testcase name="TestALotOfAdding" classname="LocalCMCTests" time="0.0"/>
  <testcase name="TestALotOfAdding" classname="LocalCMCTests" time="0.0"/>
  <testcase name="TestALotOfAdding" classname="LocalCMCTests" time="0.001"/>
  <testcase name="TestALotOfAdding" classname="LocalCMCTests" time="0.001"/>
  <testcase name="TestALotOfAdding" classname="LocalCMCTests" time="0.002"/>
  <testcase name="TestALotOfAdding" classname="LocalCMCTests" time="0.0"/>
  <testcase name="TestALotOfAdding" classname="LocalCMCTests" time="0.001"/>
  <testcase name="TestALotOfAdding" classname="LocalCMCTests" time="0.001"/>
  <testcase name="TestALotOfAdding" classname="LocalCMCTests" time="0.001"/>
  <testcase name="TestALotOfAdding" classname="LocalCMCTests" time="0.001"/>
  <testcase name="TestALotOfAdding" classname="LocalCMCTests" time="0.001"/>
  <testcase name="TestALotOfAdding" classname="LocalCMCTests" time="0.001"/>
  <testcase name="TestALotOfAdding" classname="LocalCMCTests" time="0.001"/>
  <testcase name="TestALotOfAdding" classname="LocalCMCTests" time="0.001"/>
  <testcase name="TestALotOfAdding" classname="LocalCMCTests" time="0.001"/>
  <testcase name="TestALotOfAdding" classname="LocalCMCTests" time="0.0"/>
  <testcase name="TestALotOfAdding" classname="LocalCMCTests" time="0.0"/>
  <testcase name="TestALotOfAdding" classname="LocalCMCTests" time="0.001"/>
  <testcase name="TestALotOfAdding" classname="LocalCMCTests" time="0.0"/>
  <testcase name="TestALotOfAdding" classname="LocalCMCTests" time="0.001"/>
  <testcase name="TestALotOfAdding" classname="LocalCMCTests" time="0.001"/>
  <testcase name="TestALotOfAdding" classname="LocalCMCTests" time="0.001"/>
  <testcase name="TestALotOfAdding" classname="LocalCMCTests" time="0.001"/>
  <testcase name="TestALotOfAdding" classname="LocalCMCTests" time="0.001"/>
  <testcase name="TestALotOfAdding" classname="LocalCMCTests" time="0.001"/>
  <testcase name="TestALotOfAdding" classname="LocalCMCTests" time="0.0"/>
  <testcase name="TestALotOfAdding" classname="LocalCMCTests" time="0.001"/>
  <testcase name="TestALotOfAdding" classname="LocalCMCTests" time="0.001"/>
  <testcase name="TestALotOfAdding" classname="LocalCMCTests" time="0.001"/>
  <testcase name="TestALotOfAdding" classname="LocalCMCTests" time="0.0"/>
  <testcase name="TestALotOfAdding" classname="LocalCMCTests" time="0.001"/>
  <testcase name="TestALotOfAdding" classname="LocalCMCTests" time="0.0"/>
  <testcase name="TestALotOfAdding" classname="LocalCMCTests" time="0.001"/>
  <testcase name="TestALotOfAdding" classname="LocalCMCTests" time="0.001"/>
  <testcase name="TestALotOfAdding" classname="LocalCMCTests" time="0.0"/>
  <testcase name="TestALotOfAdding" classname="LocalCMCTests" time="0.001"/>
  <testcase name="TestALotOfAdding" classname="LocalCMCTests" time="0.001"/>
  <testcase name="TestALotOfAdding" classname="LocalCMCTests" time="0.0"/>
  <testcase name="TestALotOfAdding" classname="LocalCMCTests" time="0.001"/>
  <testcase name="TestALotOfAdding" classname="LocalCMCTests" time="0.0"/>
  <testcase name="TestALotOfAdding" classname="LocalCMCTests" time="0.001"/>
  <testcase name="TestALotOfAdding" classname="LocalCMCTests" time="0.001"/>
  <testcase name="TestALotOfAdding" classname="LocalCMCTests" time="0.0"/>
  <testcase name="TestALotOfAdding" classname="LocalCMCTests" time="0.001"/>
  <testcase name="TestALotOfAdding" classname="LocalCMCTests" time="0.001"/>
  <testcase name="TestALotOfAdding" classname="LocalCMCTests" time="0.0"/>
  <testcase name="TestALotOfAdding" classname="LocalCMCTests" time="0.002"/>
  <testcase name="TestALotOfAdding" classname="LocalCMCTests" time="0.002"/>
  <testcase name="TestALotOfAdding" classname="LocalCMCTests" time="0.001"/>
  <testcase name="TestALotOfAdding" classname="LocalCMCTests" time="0.002"/>
  <testcase name="TestALotOfAdding" classname="LocalCMCTests" time="0.002"/>
  <testcase name="TestALotOfAdding" classname="LocalCMCTests" time="0.002"/>
  <testcase name="TestALotOfAdding" classname="LocalCMCTests" time="0.002"/>
  <testcase name="TestALotOfAdding" classname="LocalCMCTests" time="0.003"/>
  <testcase name="TestALotOfAdding" classname="LocalCMCTests" time="0.0"/>
  <testcase name="TestALotOfAdding" classname="LocalCMCTests" time="0.001"/>
  <testcase name="TestALotOfAdding" classname="LocalCMCTests" time="0.001"/>
  <testcase name="TestALotOfAdding" classname="LocalCMCTests" time="0.0"/>
  <testcase name="TestALotOfAdding" classname="LocalCMCTests" time="0.0"/>
  <testcase name="TestALotOfAdding" classname="LocalCMCTests" time="0.0"/>
  <testcase name="TestALotOfAdding" classname="LocalCMCTests" time="0.0"/>
  <testcase name="TestALotOfAdding" classname="LocalCMCTests" time="0.001"/>
  <testcase name="TestALotOfAdding" classname="LocalCMCTests" time="0.001"/>
  <testcase name="TestALotOfAdding" classname="LocalCMCTests" time="0.002"/>
  <testcase name="TestALotOfAdding" classname="LocalCMCTests" time="0.001"/>
  <testcase name="TestALotOfAdding" classname="LocalCMCTests" time="0.001"/>
  <testcase name="TestALotOfAdding" classname="LocalCMCTests" time="0.0"/>
  <testcase name="TestALotOfAdding" classname="LocalCMCTests" time="0.001"/>
  <testcase name="TestALotOfAdding" classname="LocalCMCTests" time="0.0"/>
  <testcase name="TestALotOfAdding" classname="LocalCMCTests" time="0.001"/>
  <testcase name="TestALotOfAdding" classname="LocalCMCTests" time="0.001"/>
  <testcase name="TestALotOfAdding" classname="LocalCMCTests" time="0.001"/>
  <testcase name="TestALotOfAdding" classname="LocalCMCTests" time="0.003"/>
  <testcase name="TestALotOfAdding" classname="LocalCMCTests" time="0.0"/>
  <testcase name="TestALotOfAdding" classname="LocalCMCTests" time="0.0"/>
  <testcase name="TestALotOfAdding" classname="LocalCMCTests" time="0.0"/>
  <testcase name="TestALotOfAdding" classname="LocalCMCTests" time="0.0"/>
  <testcase name="TestALotOfAdding" classname="LocalCMCTests" time="0.001"/>
  <testcase name="TestALotOfAdding" classname="LocalCMCTests" time="0.001"/>
  <testcase name="TestALotOfAdding" classname="LocalCMCTests" time="0.001"/>
  <testcase name="TestALotOfAdding" classname="LocalCMCTests" time="0.001"/>
  <testcase name="TestALotOfAdding" classname="LocalCMCTests" time="0.0"/>
  <testcase name="TestALotOfAdding" classname="LocalCMCTests" time="0.001"/>
  <testcase name="TestALotOfAdding" classname="LocalCMCTests" time="0.0"/>
  <testcase name="TestALotOfAdding" classname="LocalCMCTests" time="0.0"/>
  <testcase name="TestALotOfAdding" classname="LocalCMCTests" time="0.001"/>
  <testcase name="TestALotOfAdding" classname="LocalCMCTests" time="0.001"/>
  <testcase name="TestALotOfAdding" classname="LocalCMCTests" time="0.001"/>
  <testcase name="TestALotOfAdding" classname="LocalCMCTests" time="0.001"/>
  <testcase name="TestALotOfAdding" classname="LocalCMCTests" time="0.001"/>
  <testcase name="TestALotOfAdding" classname="LocalCMCTests" time="0.001"/>
  <testcase name="TestALotOfAdding" classname="LocalCMCTests" time="0.001"/>
  <testcase name="TestALotOfAdding" classname="LocalCMCTests" time="0.001"/>
  <testcase name="TestALotOfAdding" classname="LocalCMCTests" time="0.001"/>
  <testcase name="TestALotOfAdding" classname="LocalCMCTests" time="0.0"/>
  <testcase name="TestALotOfAdding" classname="LocalCMCTests" time="0.001"/>
  <testcase name="TestALotOfAdding" classname="LocalCMCTests" time="0.001"/>
  <testcase name="TestALotOfAdding" classname="LocalCMCTests" time="0.001"/>
  <testcase name="TestALotOfAdding" classname="LocalCMCTests" time="0.002"/>
  <testcase name="TestALotOfAdding" classname="LocalCMCTests" time="0.0"/>
  <testcase name="TestALotOfAdding" classname="LocalCMCTests" time="0.0"/>
  <testcase name="TestALotOfAdding" classname="LocalCMCTests" time="0.0"/>
  <testcase name="TestALotOfAdding" classname="LocalCMCTests" time="0.001"/>
  <testcase name="TestALotOfAdding" classname="LocalCMCTests" time="0.001"/>
  <testcase name="TestALotOfAdding" classname="LocalCMCTests" time="0.002"/>
  <testcase name="TestALotOfAdding" classname="LocalCMCTests" time="0.001"/>
  <testcase name="TestALotOfAdding" classname="LocalCMCTests" time="0.001"/>
  <testcase name="TestALotOfAdding" classname="LocalCMCTests" time="0.0"/>
  <testcase name="TestALotOfAdding" classname="LocalCMCTests" time="0.001"/>
  <testcase name="TestALotOfAdding" classname="LocalCMCTests" time="0.001"/>
  <testcase name="TestALotOfAdding" classname="LocalCMCTests" time="0.001"/>
  <testcase name="TestALotOfAdding" classname="LocalCMCTests" time="0.001"/>
  <testcase name="TestALotOfAdding" classname="LocalCMCTests" time="0.0"/>
  <testcase name="TestALotOfAdding" classname="LocalCMCTests" time="0.0"/>
  <testcase name="TestALotOfAdding" classname="LocalCMCTests" time="0.0"/>
  <testcase name="TestALotOfAdding" classname="LocalCMCTests" time="0.0"/>
  <testcase name="TestALotOfAdding" classname="LocalCMCTests" time="0.0"/>
  <testcase name="TestALotOfAdding" classname="LocalCMCTests" time="0.0"/>
  <testcase name="TestALotOfAdding" classname="LocalCMCTests" time="0.0"/>
  <testcase name="TestALotOfAdding" classname="LocalCMCTests" time="0.0"/>
  <testcase name="TestALotOfAdding" classname="LocalCMCTests" time="0.001"/>
  <testcase name="TestALotOfAdding" classname="LocalCMCTests" time="0.001"/>
  <testcase name="TestALotOfAdding" classname="LocalCMCTests" time="0.001"/>
  <testcase name="TestALotOfAdding" classname="LocalCMCTests" time="0.0"/>
  <testcase name="TestALotOfAdding" classname="LocalCMCTests" time="0.001"/>
  <testcase name="TestALotOfAdding" classname="LocalCMCTests" time="0.0"/>
  <testcase name="TestALotOfAdding" classname="LocalCMCTests" time="0.0"/>
  <testcase name="TestALotOfAdding" classname="LocalCMCTests" time="0.001"/>
  <testcase name="TestALotOfAdding" classname="LocalCMCTests" time="0.001"/>
  <testcase name="TestALotOfAdding" classname="LocalCMCTests" time="0.002"/>
  <testcase name="TestALotOfAdding" classname="LocalCMCTests" time="0.0"/>
  <testcase name="TestALotOfAdding" classname="LocalCMCTests" time="0.001"/>
  <testcase name="TestALotOfAdding" classname="LocalCMCTests" time="0.0"/>
  <testcase name="TestALotOfAdding" classname="LocalCMCTests" time="0.0"/>
  <testcase name="TestALotOfAdding" classname="LocalCMCTests" time="0.0"/>
  <testcase name="TestALotOfAdding" classname="LocalCMCTests" time="0.001"/>
  <testcase name="TestALotOfAdding" classname="LocalCMCTests" time="0.001"/>
  <testcase name="TestALotOfAdding" classname="LocalCMCTests" time="0.001"/>
  <testcase name="TestALotOfAdding" classname="LocalCMCTests" time="0.001"/>
  <testcase name="TestALotOfAdding" classname="LocalCMCTests" time="0.001"/>
  <testcase name="TestALotOfAdding" classname="LocalCMCTests" time="0.002"/>
  <testcase name="TestALotOfAdding" classname="LocalCMCTests" time="0.0"/>
  <testcase name="TestALotOfAdding" classname="LocalCMCTests" time="0.001"/>
  <testcase name="TestALotOfAdding" classname="LocalCMCTests" time="0.001"/>
  <testcase name="TestALotOfAdding" classname="LocalCMCTests" time="0.001"/>
  <testcase name="TestALotOfAdding" classname="LocalCMCTests" time="0.001"/>
  <testcase name="TestALotOfAdding" classname="LocalCMCTests" time="0.001"/>
  <testcase name="TestALotOfAdding" classname="LocalCMCTests" time="0.0"/>
  <testcase name="TestALotOfAdding" classname="LocalCMCTests" time="0.0"/>
  <testcase name="TestALotOfAdding" classname="LocalCMCTests" time="0.0"/>
  <testcase name="TestALotOfAdding" classname="LocalCMCTests" time="0.0"/>
  <testcase name="TestALotOfAdding" classname="LocalCMCTests" time="0.001"/>
  <testcase name="TestALotOfAdding" classname="LocalCMCTests" time="0.0"/>
  <testcase name="TestALotOfAdding" classname="LocalCMCTests" time="0.001"/>
  <testcase name="TestALotOfAdding" classname="LocalCMCTests" time="0.001"/>
  <testcase name="TestALotOfAdding" classname="LocalCMCTests" time="0.0"/>
  <testcase name="TestALotOfAdding" classname="LocalCMCTests" time="0.0"/>
  <testcase name="TestALotOfAdding" classname="LocalCMCTests" time="0.001"/>
  <testcase name="TestALotOfAdding" classname="LocalCMCTests" time="0.001"/>
  <testcase name="TestALotOfAdding" classname="LocalCMCTests" time="0.001"/>
  <testcase name="TestALotOfAdding" classname="LocalCMCTests" time="0.0"/>
  <testcase name="TestALotOfAdding" classname="LocalCMCTests" time="0.001"/>
  <testcase name="TestALotOfAdding" classname="LocalCMCTests" time="0.001"/>
  <testcase name="TestALotOfAdding" classname="LocalCMCTests" time="0.001"/>
  <testcase name="TestALotOfAdding" classname="LocalCMCTests" time="0.001"/>
  <testcase name="TestALotOfAdding" classname="LocalCMCTests" time="0.0"/>
  <testcase name="TestALotOfAdding" classname="LocalCMCTests" time="0.0"/>
  <testcase name="TestALotOfAdding" classname="LocalCMCTests" time="0.0"/>
  <testcase name="TestALotOfAdding" classname="LocalCMCTests" time="0.0"/>
  <testcase name="TestALotOfAdding" classname="LocalCMCTests" time="0.0"/>
  <testcase name="TestALotOfAdding" classname="LocalCMCTests" time="0.0"/>
  <testcase name="TestALotOfAdding" classname="LocalCMCTests" time="0.001"/>
  <testcase name="TestALotOfAdding" classname="LocalCMCTests" time="0.0"/>
  <testcase name="TestALotOfAdding" classname="LocalCMCTests" time="0.001"/>
  <testcase name="TestALotOfAdding" classname="LocalCMCTests" time="0.001"/>
  <testcase name="TestALotOfAdding" classname="LocalCMCTests" time="0.001"/>
  <testcase name="TestALotOfAdding" classname="LocalCMCTests" time="0.0"/>
  <testcase name="TestALotOfAdding" classname="LocalCMCTests" time="0.0"/>
  <testcase name="TestALotOfAdding" classname="LocalCMCTests" time="0.0"/>
  <testcase name="TestALotOfAdding" classname="LocalCMCTests" time="0.0"/>
  <testcase name="TestALotOfAdding" classname="LocalCMCTests" time="0.001"/>
  <testcase name="TestALotOfAdding" classname="LocalCMCTests" time="0.001"/>
  <testcase name="TestALotOfAdding" classname="LocalCMCTests" time="0.001"/>
  <testcase name="TestALotOfAdding" classname="LocalCMCTests" time="0.0"/>
  <testcase name="TestALotOfAdding" classname="LocalCMCTests" time="0.0"/>
  <testcase name="TestALotOfAdding" classname="LocalCMCTests" time="0.001"/>
  <testcase name="TestALotOfAdding" classname="LocalCMCTests" time="0.001"/>
  <testcase name="TestALotOfAdding" classname="LocalCMCTests" time="0.001"/>
  <testcase name="TestALotOfAdding" classname="LocalCMCTests" time="0.002"/>
  <testcase name="TestALotOfAdding" classname="LocalCMCTests" time="0.001"/>
  <testcase name="TestALotOfAdding" classname="LocalCMCTests" time="0.001"/>
  <testcase name="TestALotOfAdding" classname="LocalCMCTests" time="0.001"/>
  <testcase name="TestALotOfAdding" classname="LocalCMCTests" time="0.0"/>
  <testcase name="TestALotOfAdding" classname="LocalCMCTests" time="0.0"/>
  <testcase name="TestALotOfAdding" classname="LocalCMCTests" time="0.0"/>
  <testcase name="TestALotOfAdding" classname="LocalCMCTests" time="0.0"/>
  <testcase name="TestALotOfAdding" classname="LocalCMCTests" time="0.0"/>
  <testcase name="TestALotOfAdding" classname="LocalCMCTests" time="0.0"/>
  <testcase name="TestALotOfAdding" classname="LocalCMCTests" time="0.002"/>
  <testcase name="TestALotOfAdding" classname="LocalCMCTests" time="0.001"/>
  <testcase name="TestALotOfAdding" classname="LocalCMCTests" time="0.0"/>
  <testcase name="TestALotOfAdding" classname="LocalCMCTests" time="0.001"/>
  <testcase name="TestALotOfAdding" classname="LocalCMCTests" time="0.001"/>
  <testcase name="TestALotOfAdding" classname="LocalCMCTests" time="0.001"/>
  <testcase name="TestALotOfAdding" classname="LocalCMCTests" time="0.001"/>
  <testcase name="TestALotOfAdding" classname="LocalCMCTests" time="0.001"/>
  <testcase name="TestALotOfAdding" classname="LocalCMCTests" time="0.002"/>
  <testcase name="TestALotOfAdding" classname="LocalCMCTests" time="0.001"/>
  <testcase name="TestALotOfAdding" classname="LocalCMCTests" time="0.0"/>
  <testcase name="TestALotOfAdding" classname="LocalCMCTests" time="0.0"/>
  <testcase name="TestALotOfAdding" classname="LocalCMCTests" time="0.0"/>
  <testcase name="TestALotOfAdding" classname="LocalCMCTests" time="0.0"/>
  <testcase name="TestALotOfAdding" classname="LocalCMCTests" time="0.001"/>
  <testcase name="TestALotOfAdding" classname="LocalCMCTests" time="0.0"/>
  <testcase name="TestALotOfAdding" classname="LocalCMCTests" time="0.001"/>
  <testcase name="TestALotOfAdding" classname="LocalCMCTests" time="0.0"/>
  <testcase name="TestALotOfAdding" classname="LocalCMCTests" time="0.002"/>
  <testcase name="TestALotOfAdding" classname="LocalCMCTests" time="0.002"/>
  <testcase name="TestALotOfAdding" classname="LocalCMCTests" time="0.0"/>
  <testcase name="TestALotOfAdding" classname="LocalCMCTests" time="0.0"/>
  <testcase name="TestALotOfAdding" classname="LocalCMCTests" time="0.001"/>
  <testcase name="TestALotOfAdding" classname="LocalCMCTests" time="0.001"/>
  <testcase name="TestALotOfAdding" classname="LocalCMCTests" time="0.001"/>
  <testcase name="TestALotOfAdding" classname="LocalCMCTests" time="0.001"/>
  <testcase name="TestALotOfAdding" classname="LocalCMCTests" time="0.001"/>
  <testcase name="TestALotOfAdding" classname="LocalCMCTests" time="0.0"/>
  <testcase name="TestALotOfAdding" classname="LocalCMCTests" time="0.001"/>
  <testcase name="TestALotOfAdding" classname="LocalCMCTests" time="0.0"/>
  <testcase name="TestALotOfAdding" classname="LocalCMCTests" time="0.001"/>
  <testcase name="TestALotOfAdding" classname="LocalCMCTests" time="0.001"/>
  <testcase name="TestALotOfAdding" classname="LocalCMCTests" time="0.002"/>
  <testcase name="TestALotOfAdding" classname="LocalCMCTests" time="0.001"/>
  <testcase name="TestALotOfAdding" classname="LocalCMCTests" time="0.001"/>
  <testcase name="TestALotOfAdding" classname="LocalCMCTests" time="0.0"/>
  <testcase name="TestALotOfAdding" classname="LocalCMCTests" time="0.001"/>
  <testcase name="TestALotOfAdding" classname="LocalCMCTests" time="0.001"/>
  <testcase name="TestALotOfAdding" classname="LocalCMCTests" time="0.0"/>
  <testcase name="TestALotOfAdding" classname="LocalCMCTests" time="0.0"/>
  <testcase name="TestALotOfAdding" classname="LocalCMCTests" time="0.0"/>
  <testcase name="TestALotOfAdding" classname="LocalCMCTests" time="0.001"/>
  <testcase name="TestALotOfAdding" classname="LocalCMCTests" time="0.001"/>
  <testcase name="TestALotOfAdding" classname="LocalCMCTests" time="0.002"/>
  <testcase name="TestALotOfAdding" classname="LocalCMCTests" time="0.001"/>
  <testcase name="TestALotOfAdding" classname="LocalCMCTests" time="0.001"/>
  <testcase name="TestALotOfAdding" classname="LocalCMCTests" time="0.001"/>
  <testcase name="TestALotOfAdding" classname="LocalCMCTests" time="0.0"/>
  <testcase name="TestALotOfAdding" classname="LocalCMCTests" time="0.001"/>
  <testcase name="TestALotOfAdding" classname="LocalCMCTests" time="0.0"/>
  <testcase name="TestALotOfAdding" classname="LocalCMCTests" time="0.001"/>
  <testcase name="TestALotOfAdding" classname="LocalCMCTests" time="0.001"/>
  <testcase name="TestALotOfAdding" classname="LocalCMCTests" time="0.001"/>
  <testcase name="TestALotOfAdding" classname="LocalCMCTests" time="0.0"/>
  <testcase name="TestALotOfAdding" classname="LocalCMCTests" time="0.0"/>
  <testcase name="TestALotOfAdding" classname="LocalCMCTests" time="0.001"/>
  <testcase name="TestALotOfAdding" classname="LocalCMCTests" time="0.001"/>
  <testcase name="TestALotOfAdding" classname="LocalCMCTests" time="0.001"/>
  <testcase name="TestALotOfAdding" classname="LocalCMCTests" time="0.001"/>
  <testcase name="TestALotOfAdding" classname="LocalCMCTests" time="0.001"/>
  <testcase name="TestALotOfAdding" classname="LocalCMCTests" time="0.0"/>
  <testcase name="TestALotOfAdding" classname="LocalCMCTests" time="0.0"/>
  <testcase name="TestALotOfAdding" classname="LocalCMCTests" time="0.0"/>
  <testcase name="TestALotOfAdding" classname="LocalCMCTests" time="0.001"/>
  <testcase name="TestALotOfAdding" classname="LocalCMCTests" time="0.0"/>
  <testcase name="TestALotOfAdding" classname="LocalCMCTests" time="0.0"/>
  <testcase name="TestALotOfAdding" classname="LocalCMCTests" time="0.001"/>
  <testcase name="TestALotOfAdding" classname="LocalCMCTests" time="0.001"/>
  <testcase name="TestALotOfAdding" classname="LocalCMCTests" time="0.003"/>
  <testcase name="TestALotOfAdding" classname="LocalCMCTests" time="0.002"/>
  <testcase name="TestALotOfAdding" classname="LocalCMCTests" time="0.001"/>
  <testcase name="TestALotOfAdding" classname="LocalCMCTests" time="0.0"/>
  <testcase name="TestALotOfAdding" classname="LocalCMCTests" time="0.001"/>
  <testcase name="TestALotOfAdding" classname="LocalCMCTests" time="0.001"/>
  <testcase name="TestALotOfAdding" classname="LocalCMCTests" time="0.001"/>
  <testcase name="TestALotOfAdding" classname="LocalCMCTests" time="0.001"/>
  <testcase name="TestALotOfAdding" classname="LocalCMCTests" time="0.0"/>
  <testcase name="TestALotOfAdding" classname="LocalCMCTests" time="0.001"/>
  <testcase name="TestALotOfAdding" classname="LocalCMCTests" time="0.0"/>
  <testcase name="TestALotOfAdding" classname="LocalCMCTests" time="0.0"/>
  <testcase name="TestALotOfAdding" classname="LocalCMCTests" time="0.001"/>
  <testcase name="TestALotOfAdding" classname="LocalCMCTests" time="0.001"/>
  <testcase name="TestALotOfAdding" classname="LocalCMCTests" time="0.0"/>
  <testcase name="TestALotOfAdding" classname="LocalCMCTests" time="0.001"/>
  <testcase name="TestALotOfAdding" classname="LocalCMCTests" time="0.001"/>
  <testcase name="TestALotOfAdding" classname="LocalCMCTests" time="0.0"/>
  <testcase name="TestALotOfAdding" classname="LocalCMCTests" time="0.001"/>
  <testcase name="TestALotOfAdding" classname="LocalCMCTests" time="0.0"/>
  <testcase name="TestALotOfAdding" classname="LocalCMCTests" time="0.001"/>
  <testcase name="TestALotOfAdding" classname="LocalCMCTests" time="0.001"/>
  <testcase name="TestALotOfAdding" classname="LocalCMCTests" time="0.0"/>
  <testcase name="TestALotOfAdding" classname="LocalCMCTests" time="0.001"/>
  <testcase name="TestALotOfAdding" classname="LocalCMCTests" time="0.0"/>
  <testcase name="TestALotOfAdding" classname="LocalCMCTests" time="0.001"/>
  <testcase name="TestALotOfAdding" classname="LocalCMCTests" time="0.001"/>
  <testcase name="TestALotOfAdding" classname="LocalCMCTests" time="0.0"/>
  <testcase name="TestALotOfAdding" classname="LocalCMCTests" time="0.002"/>
  <testcase name="TestALotOfAdding" classname="LocalCMCTests" time="0.002"/>
  <testcase name="TestALotOfAdding" classname="LocalCMCTests" time="0.001"/>
  <testcase name="TestALotOfAdding" classname="LocalCMCTests" time="0.001"/>
  <testcase name="TestALotOfAdding" classname="LocalCMCTests" time="0.001"/>
  <testcase name="TestALotOfAdding" classname="LocalCMCTests" time="0.001"/>
  <testcase name="TestALotOfAdding" classname="LocalCMCTests" time="0.001"/>
  <testcase name="TestALotOfAdding" classname="LocalCMCTests" time="0.001"/>
  <testcase name="TestALotOfAdding" classname="LocalCMCTests" time="0.0"/>
  <testcase name="TestALotOfAdding" classname="LocalCMCTests" time="0.001"/>
  <testcase name="TestALotOfAdding" classname="LocalCMCTests" time="0.001"/>
  <testcase name="TestALotOfAdding" classname="LocalCMCTests" time="0.0"/>
  <testcase name="TestALotOfAdding" classname="LocalCMCTests" time="0.0"/>
  <testcase name="TestALotOfAdding" classname="LocalCMCTests" time="0.0"/>
  <testcase name="TestALotOfAdding" classname="LocalCMCTests" time="0.0"/>
  <testcase name="TestALotOfAdding" classname="LocalCMCTests" time="0.0"/>
  <testcase name="TestALotOfAdding" classname="LocalCMCTests" time="0.001"/>
  <testcase name="TestALotOfAdding" classname="LocalCMCTests" time="0.001"/>
  <testcase name="TestALotOfAdding" classname="LocalCMCTests" time="0.001"/>
  <testcase name="TestALotOfAdding" classname="LocalCMCTests" time="0.0"/>
  <testcase name="TestALotOfAdding" classname="LocalCMCTests" time="0.001"/>
  <testcase name="TestALotOfAdding" classname="LocalCMCTests" time="0.001"/>
  <testcase name="TestALotOfAdding" classname="LocalCMCTests" time="0.0"/>
  <testcase name="TestALotOfAdding" classname="LocalCMCTests" time="0.001"/>
  <testcase name="TestALotOfAdding" classname="LocalCMCTests" time="0.001"/>
  <testcase name="TestALotOfAdding" classname="LocalCMCTests" time="0.0"/>
  <testcase name="TestALotOfAdding" classname="LocalCMCTests" time="0.0"/>
  <testcase name="TestALotOfAdding" classname="LocalCMCTests" time="0.001"/>
  <testcase name="TestALotOfAdding" classname="LocalCMCTests" time="0.0"/>
  <testcase name="TestALotOfAdding" classname="LocalCMCTests" time="0.0"/>
  <testcase name="TestALotOfAdding" classname="LocalCMCTests" time="0.001"/>
  <testcase name="TestALotOfAdding" classname="LocalCMCTests" time="0.0"/>
  <testcase name="TestALotOfAdding" classname="LocalCMCTests" time="0.001"/>
  <testcase name="TestALotOfAdding" classname="LocalCMCTests" time="0.001"/>
  <testcase name="TestALotOfAdding" classname="LocalCMCTests" time="0.0"/>
  <testcase name="TestALotOfAdding" classname="LocalCMCTests" time="0.001"/>
  <testcase name="TestALotOfAdding" classname="LocalCMCTests" time="0.001"/>
  <testcase name="TestALotOfAdding" classname="LocalCMCTests" time="0.001"/>
  <testcase name="TestALotOfAdding" classname="LocalCMCTests" time="0.001"/>
  <testcase name="TestALotOfAdding" classname="LocalCMCTests" time="0.001"/>
  <testcase name="TestALotOfAdding" classname="LocalCMCTests" time="0.0"/>
  <testcase name="TestALotOfAdding" classname="LocalCMCTests" time="0.001"/>
  <testcase name="TestALotOfAdding" classname="LocalCMCTests" time="0.0"/>
  <testcase name="TestALotOfAdding" classname="LocalCMCTests" time="0.0"/>
  <testcase name="TestALotOfAdding" classname="LocalCMCTests" time="0.0"/>
  <testcase name="TestALotOfAdding" classname="LocalCMCTests" time="0.0"/>
  <testcase name="TestALotOfAdding" classname="LocalCMCTests" time="0.001"/>
  <testcase name="TestALotOfAdding" classname="LocalCMCTests" time="0.001"/>
  <testcase name="TestALotOfAdding" classname="LocalCMCTests" time="0.002"/>
  <testcase name="TestALotOfAdding" classname="LocalCMCTests" time="0.0"/>
  <testcase name="TestALotOfAdding" classname="LocalCMCTests" time="0.001"/>
  <testcase name="TestALotOfAdding" classname="LocalCMCTests" time="0.001"/>
  <testcase name="TestALotOfAdding" classname="LocalCMCTests" time="0.001"/>
  <testcase name="TestALotOfAdding" classname="LocalCMCTests" time="0.0"/>
  <testcase name="TestALotOfAdding" classname="LocalCMCTests" time="0.002"/>
  <testcase name="TestALotOfAdding" classname="LocalCMCTests" time="0.0"/>
  <testcase name="TestALotOfAdding" classname="LocalCMCTests" time="0.002"/>
  <testcase name="TestALotOfAdding" classname="LocalCMCTests" time="0.001"/>
  <testcase name="TestALotOfAdding" classname="LocalCMCTests" time="0.0"/>
  <testcase name="TestALotOfAdding" classname="LocalCMCTests" time="0.001"/>
  <testcase name="TestALotOfAdding" classname="LocalCMCTests" time="0.0"/>
  <testcase name="TestALotOfAdding" classname="LocalCMCTests" time="0.002"/>
  <testcase name="TestALotOfAdding" classname="LocalCMCTests" time="0.001"/>
  <testcase name="TestALotOfAdding" classname="LocalCMCTests" time="0.0"/>
  <testcase name="TestALotOfAdding" classname="LocalCMCTests" time="0.001"/>
  <testcase name="TestALotOfAdding" classname="LocalCMCTests" time="0.0"/>
  <testcase name="TestALotOfAdding" classname="LocalCMCTests" time="0.0"/>
  <testcase name="TestALotOfAdding" classname="LocalCMCTests" time="0.001"/>
  <testcase name="TestALotOfAdding" classname="LocalCMCTests" time="0.0"/>
  <testcase name="TestALotOfAdding" classname="LocalCMCTests" time="0.0"/>
  <testcase name="TestALotOfAdding" classname="LocalCMCTests" time="0.0"/>
  <testcase name="TestALotOfAdding" classname="LocalCMCTests" time="0.0"/>
  <testcase name="TestALotOfAdding" classname="LocalCMCTests" time="0.001"/>
  <testcase name="TestALotOfAdding" classname="LocalCMCTests" time="0.0"/>
  <testcase name="TestALotOfAdding" classname="LocalCMCTests" time="0.003"/>
  <testcase name="TestALotOfAdding" classname="LocalCMCTests" time="0.0"/>
  <testcase name="TestALotOfAdding" classname="LocalCMCTests" time="0.001"/>
  <testcase name="TestALotOfAdding" classname="LocalCMCTests" time="0.001"/>
  <testcase name="TestALotOfAdding" classname="LocalCMCTests" time="0.001"/>
  <testcase name="TestALotOfAdding" classname="LocalCMCTests" time="0.001"/>
  <testcase name="TestALotOfAdding" classname="LocalCMCTests" time="0.0"/>
  <testcase name="TestALotOfAdding" classname="LocalCMCTests" time="0.001"/>
  <testcase name="TestALotOfAdding" classname="LocalCMCTests" time="0.001"/>
  <testcase name="TestALotOfAdding" classname="LocalCMCTests" time="0.002"/>
  <testcase name="TestALotOfAdding" classname="LocalCMCTests" time="0.001"/>
  <testcase name="TestALotOfAdding" classname="LocalCMCTests" time="0.0"/>
  <testcase name="TestALotOfAdding" classname="LocalCMCTests" time="0.0"/>
  <testcase name="TestALotOfAdding" classname="LocalCMCTests" time="0.0"/>
  <testcase name="TestALotOfAdding" classname="LocalCMCTests" time="0.0"/>
  <testcase name="TestALotOfAdding" classname="LocalCMCTests" time="0.0"/>
  <testcase name="TestALotOfAdding" classname="LocalCMCTests" time="0.001"/>
  <testcase name="TestALotOfAdding" classname="LocalCMCTests" time="0.001"/>
  <testcase name="TestALotOfAdding" classname="LocalCMCTests" time="0.0"/>
  <testcase name="TestALotOfAdding" classname="LocalCMCTests" time="0.0"/>
  <testcase name="TestALotOfAdding" classname="LocalCMCTests" time="0.001"/>
  <testcase name="TestALotOfAdding" classname="LocalCMCTests" time="0.0"/>
  <testcase name="TestALotOfAdding" classname="LocalCMCTests" time="0.001"/>
  <testcase name="TestALotOfAdding" classname="LocalCMCTests" time="0.0"/>
  <testcase name="TestALotOfAdding" classname="LocalCMCTests" time="0.0"/>
  <testcase name="TestALotOfAdding" classname="LocalCMCTests" time="0.001"/>
  <testcase name="TestALotOfAdding" classname="LocalCMCTests" time="0.001"/>
  <testcase name="TestALotOfAdding" classname="LocalCMCTests" time="0.001"/>
  <testcase name="TestALotOfAdding" classname="LocalCMCTests" time="0.001"/>
  <testcase name="TestALotOfAdding" classname="LocalCMCTests" time="0.002"/>
  <testcase name="TestALotOfAdding" classname="LocalCMCTests" time="0.002"/>
  <testcase name="TestALotOfAdding" classname="LocalCMCTests" time="0.002"/>
  <testcase name="TestALotOfAdding" classname="LocalCMCTests" time="0.0"/>
  <testcase name="TestALotOfAdding" classname="LocalCMCTests" time="0.0"/>
  <testcase name="TestALotOfAdding" classname="LocalCMCTests" time="0.0"/>
  <testcase name="TestALotOfAdding" classname="LocalCMCTests" time="0.001"/>
  <testcase name="TestALotOfAdding" classname="LocalCMCTests" time="0.001"/>
  <testcase name="TestALotOfAdding" classname="LocalCMCTests" time="0.001"/>
  <testcase name="TestALotOfAdding" classname="LocalCMCTests" time="0.001"/>
  <testcase name="TestALotOfAdding" classname="LocalCMCTests" time="0.001"/>
  <testcase name="TestALotOfAdding" classname="LocalCMCTests" time="0.001"/>
  <testcase name="TestALotOfAdding" classname="LocalCMCTests" time="0.001"/>
  <testcase name="TestALotOfAdding" classname="LocalCMCTests" time="0.001"/>
  <testcase name="TestALotOfAdding" classname="LocalCMCTests" time="0.0"/>
  <testcase name="TestALotOfAdding" classname="LocalCMCTests" time="0.001"/>
  <testcase name="TestALotOfAdding" classname="LocalCMCTests" time="0.0"/>
  <testcase name="TestALotOfAdding" classname="LocalCMCTests" time="0.001"/>
  <testcase name="TestALotOfAdding" classname="LocalCMCTests" time="0.001"/>
  <testcase name="TestALotOfAdding" classname="LocalCMCTests" time="0.001"/>
  <testcase name="TestALotOfAdding" classname="LocalCMCTests" time="0.0"/>
  <testcase name="TestALotOfAdding" classname="LocalCMCTests" time="0.001"/>
  <testcase name="TestALotOfAdding" classname="LocalCMCTests" time="0.0"/>
  <testcase name="TestALotOfAdding" classname="LocalCMCTests" time="0.0"/>
  <testcase name="TestALotOfAdding" classname="LocalCMCTests" time="0.0"/>
  <testcase name="TestALotOfAdding" classname="LocalCMCTests" time="0.0"/>
  <testcase name="TestALotOfAdding" classname="LocalCMCTests" time="0.001"/>
  <testcase name="TestALotOfAdding" classname="LocalCMCTests" time="0.003"/>
  <testcase name="TestALotOfAdding" classname="LocalCMCTests" time="0.0"/>
  <testcase name="TestALotOfAdding" classname="LocalCMCTests" time="0.001"/>
  <testcase name="TestALotOfAdding" classname="LocalCMCTests" time="0.0"/>
  <testcase name="TestALotOfAdding" classname="LocalCMCTests" time="0.001"/>
  <testcase name="TestALotOfAdding" classname="LocalCMCTests" time="0.001"/>
  <testcase name="TestALotOfAdding" classname="LocalCMCTests" time="0.0"/>
  <testcase name="TestALotOfAdding" classname="LocalCMCTests" time="0.0"/>
  <testcase name="TestALotOfAdding" classname="LocalCMCTests" time="0.001"/>
  <testcase name="TestALotOfAdding" classname="LocalCMCTests" time="0.001"/>
  <testcase name="TestALotOfAdding" classname="LocalCMCTests" time="0.002"/>
  <testcase name="TestALotOfAdding" classname="LocalCMCTests" time="0.003"/>
  <testcase name="TestALotOfAdding" classname="LocalCMCTests" time="0.0"/>
  <testcase name="TestALotOfAdding" classname="LocalCMCTests" time="0.002"/>
  <testcase name="TestALotOfAdding" classname="LocalCMCTests" time="0.001"/>
  <testcase name="TestALotOfAdding" classname="LocalCMCTests" time="0.001"/>
  <testcase name="TestALotOfAdding" classname="LocalCMCTests" time="0.001"/>
  <testcase name="TestALotOfAdding" classname="LocalCMCTests" time="0.0"/>
  <testcase name="TestALotOfAdding" classname="LocalCMCTests" time="0.001"/>
  <testcase name="TestALotOfAdding" classname="LocalCMCTests" time="0.001"/>
  <testcase name="TestALotOfAdding" classname="LocalCMCTests" time="0.001"/>
  <testcase name="TestALotOfAdding" classname="LocalCMCTests" time="0.001"/>
  <testcase name="TestALotOfAdding" classname="LocalCMCTests" time="0.001"/>
  <testcase name="TestALotOfAdding" classname="LocalCMCTests" time="0.002"/>
  <testcase name="TestALotOfAdding" classname="LocalCMCTests" time="0.001"/>
  <testcase name="TestALotOfAdding" classname="LocalCMCTests" time="0.0"/>
  <testcase name="TestALotOfAdding" classname="LocalCMCTests" time="0.001"/>
  <testcase name="TestALotOfAdding" classname="LocalCMCTests" time="0.0"/>
  <testcase name="TestALotOfAdding" classname="LocalCMCTests" time="0.001"/>
  <testcase name="TestALotOfAdding" classname="LocalCMCTests" time="0.0"/>
  <testcase name="TestALotOfAdding" classname="LocalCMCTests" time="0.001"/>
  <testcase name="TestALotOfAdding" classname="LocalCMCTests" time="0.0"/>
  <testcase name="TestALotOfAdding" classname="LocalCMCTests" time="0.001"/>
  <testcase name="TestALotOfAdding" classname="LocalCMCTests" time="0.001"/>
  <testcase name="TestALotOfAdding" classname="LocalCMCTests" time="0.001"/>
  <testcase name="TestALotOfAdding" classname="LocalCMCTests" time="0.0"/>
  <testcase name="TestALotOfAdding" classname="LocalCMCTests" time="0.0"/>
  <testcase name="TestALotOfAdding" classname="LocalCMCTests" time="0.001"/>
  <testcase name="TestALotOfAdding" classname="LocalCMCTests" time="0.001"/>
  <testcase name="TestALotOfAdding" classname="LocalCMCTests" time="0.0"/>
  <testcase name="TestALotOfAdding" classname="LocalCMCTests" time="0.0"/>
  <testcase name="TestALotOfAdding" classname="LocalCMCTests" time="0.001"/>
  <testcase name="TestALotOfAdding" classname="LocalCMCTests" time="0.0"/>
  <testcase name="TestALotOfAdding" classname="LocalCMCTests" time="0.001"/>
  <testcase name="TestALotOfAdding" classname="LocalCMCTests" time="0.001"/>
  <testcase name="TestALotOfAdding" classname="LocalCMCTests" time="0.001"/>
  <testcase name="TestALotOfAdding" classname="LocalCMCTests" time="0.0"/>
  <testcase name="TestALotOfAdding" classname="LocalCMCTests" time="0.0"/>
  <testcase name="TestALotOfAdding" classname="LocalCMCTests" time="0.003"/>
  <testcase name="TestALotOfAdding" classname="LocalCMCTests" time="0.001"/>
  <testcase name="TestALotOfAdding" classname="LocalCMCTests" time="0.001"/>
  <testcase name="TestALotOfAdding" classname="LocalCMCTests" time="0.001"/>
  <testcase name="TestALotOfAdding" classname="LocalCMCTests" time="0.003"/>
  <testcase name="TestALotOfAdding" classname="LocalCMCTests" time="0.0"/>
  <testcase name="TestALotOfAdding" classname="LocalCMCTests" time="0.0"/>
  <testcase name="TestALotOfAdding" classname="LocalCMCTests" time="0.0"/>
  <testcase name="TestALotOfAdding" classname="LocalCMCTests" time="0.001"/>
  <testcase name="TestALotOfAdding" classname="LocalCMCTests" time="0.0"/>
  <testcase name="TestALotOfAdding" classname="LocalCMCTests" time="0.001"/>
  <testcase name="TestALotOfAdding" classname="LocalCMCTests" time="0.001"/>
  <testcase name="TestALotOfAdding" classname="LocalCMCTests" time="0.001"/>
  <testcase name="TestALotOfAdding" classname="LocalCMCTests" time="0.001"/>
  <testcase name="TestALotOfAdding" classname="LocalCMCTests" time="0.001"/>
  <testcase name="TestALotOfAdding" classname="LocalCMCTests" time="0.001"/>
  <testcase name="TestALotOfAdding" classname="LocalCMCTests" time="0.0"/>
  <testcase name="TestALotOfAdding" classname="LocalCMCTests" time="0.001"/>
  <testcase name="TestALotOfAdding" classname="LocalCMCTests" time="0.001"/>
  <testcase name="TestALotOfAdding" classname="LocalCMCTests" time="0.001"/>
  <testcase name="TestALotOfAdding" classname="LocalCMCTests" time="0.001"/>
  <testcase name="TestALotOfAdding" classname="LocalCMCTests" time="0.0"/>
  <testcase name="TestALotOfAdding" classname="LocalCMCTests" time="0.001"/>
  <testcase name="TestALotOfAdding" classname="LocalCMCTests" time="0.001"/>
  <testcase name="TestALotOfAdding" classname="LocalCMCTests" time="0.0"/>
  <testcase name="TestALotOfAdding" classname="LocalCMCTests" time="0.0"/>
  <testcase name="TestALotOfAdding" classname="LocalCMCTests" time="0.0"/>
  <testcase name="TestALotOfAdding" classname="LocalCMCTests" time="0.001"/>
  <testcase name="TestALotOfAdding" classname="LocalCMCTests" time="0.0"/>
  <testcase name="TestALotOfAdding" classname="LocalCMCTests" time="0.001"/>
  <testcase name="TestALotOfAdding" classname="LocalCMCTests" time="0.001"/>
  <testcase name="TestALotOfAdding" classname="LocalCMCTests" time="0.0"/>
  <testcase name="TestALotOfAdding" classname="LocalCMCTests" time="0.002"/>
  <testcase name="TestALotOfAdding" classname="LocalCMCTests" time="0.0"/>
  <testcase name="TestALotOfAdding" classname="LocalCMCTests" time="0.0"/>
  <testcase name="TestALotOfAdding" classname="LocalCMCTests" time="0.001"/>
  <testcase name="TestALotOfAdding" classname="LocalCMCTests" time="0.001"/>
  <testcase name="TestALotOfAdding" classname="LocalCMCTests" time="0.001"/>
  <testcase name="TestALotOfAdding" classname="LocalCMCTests" time="0.0"/>
  <testcase name="TestALotOfAdding" classname="LocalCMCTests" time="0.001"/>
  <testcase name="TestALotOfAdding" classname="LocalCMCTests" time="0.002"/>
  <testcase name="TestALotOfAdding" classname="LocalCMCTests" time="0.001"/>
  <testcase name="TestALotOfAdding" classname="LocalCMCTests" time="0.001"/>
  <testcase name="TestALotOfAdding" classname="LocalCMCTests" time="0.001"/>
  <testcase name="TestALotOfAdding" classname="LocalCMCTests" time="0.001"/>
  <testcase name="TestALotOfAdding" classname="LocalCMCTests" time="0.001"/>
  <testcase name="TestALotOfAdding" classname="LocalCMCTests" time="0.0"/>
  <testcase name="TestALotOfAdding" classname="LocalCMCTests" time="0.003"/>
  <testcase name="TestALotOfAdding" classname="LocalCMCTests" time="0.001"/>
  <testcase name="TestALotOfAdding" classname="LocalCMCTests" time="0.001"/>
  <testcase name="TestALotOfAdding" classname="LocalCMCTests" time="0.0"/>
  <testcase name="TestALotOfAdding" classname="LocalCMCTests" time="0.0"/>
  <testcase name="TestALotOfAdding" classname="LocalCMCTests" time="0.0"/>
  <testcase name="TestALotOfAdding" classname="LocalCMCTests" time="0.0"/>
  <testcase name="TestALotOfAdding" classname="LocalCMCTests" time="0.0"/>
  <testcase name="TestALotOfAdding" classname="LocalCMCTests" time="0.0"/>
  <testcase name="TestALotOfAdding" classname="LocalCMCTests" time="0.0"/>
  <testcase name="TestALotOfAdding" classname="LocalCMCTests" time="0.001"/>
  <testcase name="TestALotOfAdding" classname="LocalCMCTests" time="0.001"/>
  <testcase name="TestALotOfAdding" classname="LocalCMCTests" time="0.0"/>
  <testcase name="TestALotOfAdding" classname="LocalCMCTests" time="0.001"/>
  <testcase name="TestALotOfAdding" classname="LocalCMCTests" time="0.001"/>
  <testcase name="TestALotOfAdding" classname="LocalCMCTests" time="0.0"/>
  <testcase name="TestALotOfAdding" classname="LocalCMCTests" time="0.001"/>
  <testcase name="TestALotOfAdding" classname="LocalCMCTests" time="0.0"/>
  <testcase name="TestALotOfAdding" classname="LocalCMCTests" time="0.001"/>
  <testcase name="TestALotOfAdding" classname="LocalCMCTests" time="0.001"/>
  <testcase name="TestALotOfAdding" classname="LocalCMCTests" time="0.0"/>
  <testcase name="TestALotOfAdding" classname="LocalCMCTests" time="0.0"/>
  <testcase name="TestALotOfAdding" classname="LocalCMCTests" time="0.0"/>
  <testcase name="TestALotOfAdding" classname="LocalCMCTests" time="0.0"/>
  <testcase name="TestALotOfAdding" classname="LocalCMCTests" time="0.0"/>
  <testcase name="TestALotOfAdding" classname="LocalCMCTests" time="0.0"/>
  <testcase name="TestALotOfAdding" classname="LocalCMCTests" time="0.001"/>
  <testcase name="TestALotOfAdding" classname="LocalCMCTests" time="0.0"/>
  <testcase name="TestALotOfAdding" classname="LocalCMCTests" time="0.002"/>
  <testcase name="TestALotOfAdding" classname="LocalCMCTests" time="0.0"/>
  <testcase name="TestALotOfAdding" classname="LocalCMCTests" time="0.0"/>
  <testcase name="TestALotOfAdding" classname="LocalCMCTests" time="0.0"/>
  <testcase name="TestALotOfAdding" classname="LocalCMCTests" time="0.002"/>
  <testcase name="TestALotOfAdding" classname="LocalCMCTests" time="0.0"/>
  <testcase name="TestALotOfAdding" classname="LocalCMCTests" time="0.001"/>
  <testcase name="TestALotOfAdding" classname="LocalCMCTests" time="0.002"/>
  <testcase name="TestALotOfAdding" classname="LocalCMCTests" time="0.001"/>
  <testcase name="TestALotOfAdding" classname="LocalCMCTests" time="0.002"/>
  <testcase name="TestALotOfAdding" classname="LocalCMCTests" time="0.001"/>
  <testcase name="TestALotOfAdding" classname="LocalCMCTests" time="0.001"/>
  <testcase name="TestALotOfAdding" classname="LocalCMCTests" time="0.001"/>
  <testcase name="TestALotOfAdding" classname="LocalCMCTests" time="0.002"/>
  <testcase name="TestALotOfAdding" classname="LocalCMCTests" time="0.001"/>
  <testcase name="TestALotOfAdding" classname="LocalCMCTests" time="0.001"/>
  <testcase name="TestALotOfAdding" classname="LocalCMCTests" time="0.002"/>
  <testcase name="TestALotOfAdding" classname="LocalCMCTests" time="0.0"/>
  <testcase name="TestALotOfAdding" classname="LocalCMCTests" time="0.001"/>
  <testcase name="TestALotOfAdding" classname="LocalCMCTests" time="0.001"/>
  <testcase name="TestALotOfAdding" classname="LocalCMCTests" time="0.0"/>
  <testcase name="TestALotOfAdding" classname="LocalCMCTests" time="0.001"/>
  <testcase name="TestALotOfAdding" classname="LocalCMCTests" time="0.001"/>
  <testcase name="TestALotOfAdding" classname="LocalCMCTests" time="0.001"/>
  <testcase name="TestALotOfAdding" classname="LocalCMCTests" time="0.001"/>
  <testcase name="TestALotOfAdding" classname="LocalCMCTests" time="0.001"/>
  <testcase name="TestALotOfAdding" classname="LocalCMCTests" time="0.0"/>
  <testcase name="TestALotOfAdding" classname="LocalCMCTests" time="0.001"/>
  <testcase name="TestALotOfAdding" classname="LocalCMCTests" time="0.0"/>
  <testcase name="TestALotOfAdding" classname="LocalCMCTests" time="0.0"/>
  <testcase name="TestALotOfAdding" classname="LocalCMCTests" time="0.0"/>
  <testcase name="TestALotOfAdding" classname="LocalCMCTests" time="0.001"/>
  <testcase name="TestALotOfAdding" classname="LocalCMCTests" time="0.0"/>
  <testcase name="TestALotOfAdding" classname="LocalCMCTests" time="0.001"/>
  <testcase name="TestALotOfAdding" classname="LocalCMCTests" time="0.001"/>
  <testcase name="TestALotOfAdding" classname="LocalCMCTests" time="0.002"/>
  <testcase name="TestALotOfAdding" classname="LocalCMCTests" time="0.001"/>
  <testcase name="TestALotOfAdding" classname="LocalCMCTests" time="0.001"/>
  <testcase name="TestALotOfAdding" classname="LocalCMCTests" time="0.001"/>
  <testcase name="TestALotOfAdding" classname="LocalCMCTests" time="0.001"/>
  <testcase name="TestALotOfAdding" classname="LocalCMCTests" time="0.001"/>
  <testcase name="TestALotOfAdding" classname="LocalCMCTests" time="0.0"/>
  <testcase name="TestALotOfAdding" classname="LocalCMCTests" time="0.001"/>
  <testcase name="TestALotOfAdding" classname="LocalCMCTests" time="0.0"/>
  <testcase name="TestALotOfAdding" classname="LocalCMCTests" time="0.001"/>
  <testcase name="TestALotOfAdding" classname="LocalCMCTests" time="0.001"/>
  <testcase name="TestALotOfAdding" classname="LocalCMCTests" time="0.001"/>
  <testcase name="TestALotOfAdding" classname="LocalCMCTests" time="0.0"/>
  <testcase name="TestALotOfAdding" classname="LocalCMCTests" time="0.0"/>
  <testcase name="TestALotOfAdding" classname="LocalCMCTests" time="0.0"/>
  <testcase name="TestALotOfAdding" classname="LocalCMCTests" time="0.001"/>
  <testcase name="TestALotOfAdding" classname="LocalCMCTests" time="0.0"/>
  <testcase name="TestALotOfAdding" classname="LocalCMCTests" time="0.001"/>
  <testcase name="TestALotOfAdding" classname="LocalCMCTests" time="0.0"/>
  <testcase name="TestALotOfAdding" classname="LocalCMCTests" time="0.0"/>
  <testcase name="TestALotOfAdding" classname="LocalCMCTests" time="0.001"/>
  <testcase name="TestALotOfAdding" classname="LocalCMCTests" time="0.001"/>
  <testcase name="TestALotOfAdding" classname="LocalCMCTests" time="0.0"/>
  <testcase name="TestALotOfAdding" classname="LocalCMCTests" time="0.0"/>
  <testcase name="TestALotOfAdding" classname="LocalCMCTests" time="0.0"/>
  <testcase name="TestALotOfAdding" classname="LocalCMCTests" time="0.0"/>
  <testcase name="TestALotOfAdding" classname="LocalCMCTests" time="0.001"/>
  <testcase name="TestALotOfAdding" classname="LocalCMCTests" time="0.001"/>
  <testcase name="TestALotOfAdding" classname="LocalCMCTests" time="0.001"/>
  <testcase name="TestALotOfAdding" classname="LocalCMCTests" time="0.002"/>
  <testcase name="TestALotOfAdding" classname="LocalCMCTests" time="0.001"/>
  <testcase name="TestALotOfAdding" classname="LocalCMCTests" time="0.002"/>
  <testcase name="TestALotOfAdding" classname="LocalCMCTests" time="0.001"/>
  <testcase name="TestALotOfAdding" classname="LocalCMCTests" time="0.001"/>
  <testcase name="TestALotOfAdding" classname="LocalCMCTests" time="0.001"/>
  <testcase name="TestALotOfAdding" classname="LocalCMCTests" time="0.001"/>
  <testcase name="TestALotOfAdding" classname="LocalCMCTests" time="0.001"/>
  <testcase name="TestALotOfAdding" classname="LocalCMCTests" time="0.002"/>
  <testcase name="TestALotOfAdding" classname="LocalCMCTests" time="0.0"/>
  <testcase name="TestALotOfAdding" classname="LocalCMCTests" time="0.0"/>
  <testcase name="TestALotOfAdding" classname="LocalCMCTests" time="0.0"/>
  <testcase name="TestALotOfAdding" classname="LocalCMCTests" time="0.0"/>
  <testcase name="TestALotOfAdding" classname="LocalCMCTests" time="0.0"/>
  <testcase name="TestALotOfAdding" classname="LocalCMCTests" time="0.001"/>
  <testcase name="TestALotOfAdding" classname="LocalCMCTests" time="0.001"/>
  <testcase name="TestALotOfAdding" classname="LocalCMCTests" time="0.001"/>
  <testcase name="TestALotOfAdding" classname="LocalCMCTests" time="0.0"/>
  <testcase name="TestALotOfAdding" classname="LocalCMCTests" time="0.001"/>
  <testcase name="TestALotOfAdding" classname="LocalCMCTests" time="0.0"/>
  <testcase name="TestALotOfAdding" classname="LocalCMCTests" time="0.001"/>
  <testcase name="TestALotOfAdding" classname="LocalCMCTests" time="0.001"/>
  <testcase name="TestALotOfAdding" classname="LocalCMCTests" time="0.001"/>
  <testcase name="TestALotOfAdding" classname="LocalCMCTests" time="0.001"/>
  <testcase name="TestALotOfAdding" classname="LocalCMCTests" time="0.0"/>
  <testcase name="TestALotOfAdding" classname="LocalCMCTests" time="0.001"/>
  <testcase name="TestALotOfAdding" classname="LocalCMCTests" time="0.0"/>
  <testcase name="TestALotOfAdding" classname="LocalCMCTests" time="0.0"/>
  <testcase name="TestALotOfAdding" classname="LocalCMCTests" time="0.0"/>
  <testcase name="TestALotOfAdding" classname="LocalCMCTests" time="0.001"/>
  <testcase name="TestALotOfAdding" classname="LocalCMCTests" time="0.0"/>
  <testcase name="TestALotOfAdding" classname="LocalCMCTests" time="0.0"/>
  <testcase name="TestALotOfAdding" classname="LocalCMCTests" time="0.0"/>
  <testcase name="TestALotOfAdding" classname="LocalCMCTests" time="0.001"/>
  <testcase name="TestALotOfAdding" classname="LocalCMCTests" time="0.001"/>
  <testcase name="TestALotOfAdding" classname="LocalCMCTests" time="0.0"/>
  <testcase name="TestALotOfAdding" classname="LocalCMCTests" time="0.001"/>
  <testcase name="TestALotOfAdding" classname="LocalCMCTests" time="0.001"/>
  <testcase name="TestALotOfAdding" classname="LocalCMCTests" time="0.001"/>
  <testcase name="TestALotOfAdding" classname="LocalCMCTests" time="0.0"/>
  <testcase name="TestALotOfAdding" classname="LocalCMCTests" time="0.001"/>
  <testcase name="TestALotOfAdding" classname="LocalCMCTests" time="0.0"/>
  <testcase name="TestALotOfAdding" classname="LocalCMCTests" time="0.0"/>
  <testcase name="TestALotOfAdding" classname="LocalCMCTests" time="0.001"/>
  <testcase name="TestALotOfAdding" classname="LocalCMCTests" time="0.001"/>
  <testcase name="TestALotOfAdding" classname="LocalCMCTests" time="0.0"/>
  <testcase name="TestALotOfAdding" classname="LocalCMCTests" time="0.0"/>
  <testcase name="TestALotOfAdding" classname="LocalCMCTests" time="0.0"/>
  <testcase name="TestALotOfAdding" classname="LocalCMCTests" time="0.0"/>
  <testcase name="TestALotOfAdding" classname="LocalCMCTests" time="0.001"/>
  <testcase name="TestALotOfAdding" classname="LocalCMCTests" time="0.001"/>
  <testcase name="TestALotOfAdding" classname="LocalCMCTests" time="0.001"/>
  <testcase name="TestALotOfAdding" classname="LocalCMCTests" time="0.001"/>
  <testcase name="TestALotOfAdding" classname="LocalCMCTests" time="0.001"/>
  <testcase name="TestALotOfAdding" classname="LocalCMCTests" time="0.0"/>
  <testcase name="TestALotOfAdding" classname="LocalCMCTests" time="0.002"/>
  <testcase name="TestALotOfAdding" classname="LocalCMCTests" time="0.001"/>
  <testcase name="TestALotOfAdding" classname="LocalCMCTests" time="0.0"/>
  <testcase name="TestALotOfAdding" classname="LocalCMCTests" time="0.0"/>
  <testcase name="TestALotOfAdding" classname="LocalCMCTests" time="0.001"/>
  <testcase name="TestALotOfAdding" classname="LocalCMCTests" time="0.001"/>
  <testcase name="TestALotOfAdding" classname="LocalCMCTests" time="0.002"/>
  <testcase name="TestALotOfAdding" classname="LocalCMCTests" time="0.0"/>
  <testcase name="TestALotOfAdding" classname="LocalCMCTests" time="0.0"/>
  <testcase name="TestALotOfAdding" classname="LocalCMCTests" time="0.001"/>
  <testcase name="TestALotOfAdding" classname="LocalCMCTests" time="0.001"/>
  <testcase name="TestALotOfAdding" classname="LocalCMCTests" time="0.001"/>
  <testcase name="TestALotOfAdding" classname="LocalCMCTests" time="0.0"/>
  <testcase name="TestALotOfAdding" classname="LocalCMCTests" time="0.0"/>
  <testcase name="TestALotOfAdding" classname="LocalCMCTests" time="0.001"/>
  <testcase name="TestALotOfAdding" classname="LocalCMCTests" time="0.001"/>
  <testcase name="TestALotOfAdding" classname="LocalCMCTests" time="0.001"/>
  <testcase name="TestALotOfAdding" classname="LocalCMCTests" time="0.0"/>
  <testcase name="TestALotOfAdding" classname="LocalCMCTests" time="0.0"/>
  <testcase name="TestALotOfAdding" classname="LocalCMCTests" time="0.001"/>
  <testcase name="TestALotOfAdding" classname="LocalCMCTests" time="0.002"/>
  <testcase name="TestALotOfAdding" classname="LocalCMCTests" time="0.001"/>
  <testcase name="TestALotOfAdding" classname="LocalCMCTests" time="0.0"/>
  <testcase name="TestALotOfAdding" classname="LocalCMCTests" time="0.001"/>
  <testcase name="TestALotOfAdding" classname="LocalCMCTests" time="0.003"/>
  <testcase name="TestALotOfAdding" classname="LocalCMCTests" time="0.001"/>
  <testcase name="TestALotOfAdding" classname="LocalCMCTests" time="0.0"/>
  <testcase name="TestALotOfAdding" classname="LocalCMCTests" time="0.0"/>
  <testcase name="TestALotOfAdding" classname="LocalCMCTests" time="0.001"/>
  <testcase name="TestALotOfAdding" classname="LocalCMCTests" time="0.0"/>
  <testcase name="TestALotOfAdding" classname="LocalCMCTests" time="0.0"/>
  <testcase name="TestALotOfAdding" classname="LocalCMCTests" time="0.001"/>
  <testcase name="TestALotOfAdding" classname="LocalCMCTests" time="0.001"/>
  <testcase name="TestALotOfAdding" classname="LocalCMCTests" time="0.002"/>
  <testcase name="TestALotOfAdding" classname="LocalCMCTests" time="0.002"/>
  <testcase name="TestALotOfAdding" classname="LocalCMCTests" time="0.001"/>
  <testcase name="TestALotOfAdding" classname="LocalCMCTests" time="0.001"/>
  <testcase name="TestALotOfAdding" classname="LocalCMCTests" time="0.001"/>
  <testcase name="TestALotOfAdding" classname="LocalCMCTests" time="0.001"/>
  <testcase name="TestALotOfAdding" classname="LocalCMCTests" time="0.001"/>
  <testcase name="TestALotOfAdding" classname="LocalCMCTests" time="0.0"/>
  <testcase name="TestALotOfAdding" classname="LocalCMCTests" time="0.0"/>
  <testcase name="TestALotOfAdding" classname="LocalCMCTests" time="0.0"/>
  <testcase name="TestALotOfAdding" classname="LocalCMCTests" time="0.001"/>
  <testcase name="TestALotOfAdding" classname="LocalCMCTests" time="0.0"/>
  <testcase name="TestALotOfAdding" classname="LocalCMCTests" time="0.0"/>
  <testcase name="TestALotOfAdding" classname="LocalCMCTests" time="0.0"/>
  <testcase name="TestALotOfAdding" classname="LocalCMCTests" time="0.0"/>
  <testcase name="TestALotOfAdding" classname="LocalCMCTests" time="0.0"/>
  <testcase name="TestALotOfAdding" classname="LocalCMCTests" time="0.0"/>
  <testcase name="TestALotOfAdding" classname="LocalCMCTests" time="0.001"/>
  <testcase name="TestALotOfAdding" classname="LocalCMCTests" time="0.0"/>
  <testcase name="TestALotOfAdding" classname="LocalCMCTests" time="0.0"/>
  <testcase name="TestALotOfAdding" classname="LocalCMCTests" time="0.001"/>
  <testcase name="TestALotOfAdding" classname="LocalCMCTests" time="0.0"/>
  <testcase name="TestALotOfAdding" classname="LocalCMCTests" time="0.001"/>
  <testcase name="TestALotOfAdding" classname="LocalCMCTests" time="0.001"/>
  <testcase name="TestALotOfAdding" classname="LocalCMCTests" time="0.001"/>
  <testcase name="TestALotOfAdding" classname="LocalCMCTests" time="0.001"/>
  <testcase name="TestALotOfAdding" classname="LocalCMCTests" time="0.002"/>
  <testcase name="TestALotOfAdding" classname="LocalCMCTests" time="0.001"/>
  <testcase name="TestALotOfAdding" classname="LocalCMCTests" time="0.0"/>
  <testcase name="TestALotOfAdding" classname="LocalCMCTests" time="0.0"/>
  <testcase name="TestALotOfAdding" classname="LocalCMCTests" time="0.0"/>
  <testcase name="TestALotOfAdding" classname="LocalCMCTests" time="0.0"/>
  <testcase name="TestALotOfAdding" classname="LocalCMCTests" time="0.001"/>
  <testcase name="TestALotOfAdding" classname="LocalCMCTests" time="0.0"/>
  <testcase name="TestALotOfAdding" classname="LocalCMCTests" time="0.001"/>
  <testcase name="TestALotOfAdding" classname="LocalCMCTests" time="0.001"/>
  <testcase name="TestALotOfAdding" classname="LocalCMCTests" time="0.002"/>
  <testcase name="TestALotOfAdding" classname="LocalCMCTests" time="0.001"/>
  <testcase name="TestALotOfAdding" classname="LocalCMCTests" time="0.0"/>
  <testcase name="TestALotOfAdding" classname="LocalCMCTests" time="0.001"/>
  <testcase name="TestALotOfAdding" classname="LocalCMCTests" time="0.001"/>
  <testcase name="TestALotOfAdding" classname="LocalCMCTests" time="0.0"/>
  <testcase name="TestALotOfAdding" classname="LocalCMCTests" time="0.002"/>
  <testcase name="TestALotOfAdding" classname="LocalCMCTests" time="0.002"/>
  <testcase name="TestALotOfAdding" classname="LocalCMCTests" time="0.003"/>
  <testcase name="TestALotOfAdding" classname="LocalCMCTests" time="0.003"/>
  <testcase name="TestALotOfAdding" classname="LocalCMCTests" time="0.001"/>
  <testcase name="TestALotOfAdding" classname="LocalCMCTests" time="0.001"/>
  <testcase name="TestALotOfAdding" classname="LocalCMCTests" time="0.001"/>
  <testcase name="TestALotOfAdding" classname="LocalCMCTests" time="0.003"/>
  <testcase name="TestALotOfAdding" classname="LocalCMCTests" time="0.002"/>
  <testcase name="TestALotOfAdding" classname="LocalCMCTests" time="0.002"/>
  <testcase name="TestALotOfAdding" classname="LocalCMCTests" time="0.0"/>
  <testcase name="TestALotOfAdding" classname="LocalCMCTests" time="0.002"/>
  <testcase name="TestALotOfAdding" classname="LocalCMCTests" time="0.0"/>
  <testcase name="TestALotOfAdding" classname="LocalCMCTests" time="0.0"/>
  <testcase name="TestALotOfAdding" classname="LocalCMCTests" time="0.0"/>
  <testcase name="TestALotOfAdding" classname="LocalCMCTests" time="0.0"/>
  <testcase name="TestALotOfAdding" classname="LocalCMCTests" time="0.0"/>
  <testcase name="TestALotOfAdding" classname="LocalCMCTests" time="0.0"/>
  <testcase name="TestALotOfAdding" classname="LocalCMCTests" time="0.001"/>
  <testcase name="TestALotOfAdding" classname="LocalCMCTests" time="0.0"/>
  <testcase name="TestALotOfAdding" classname="LocalCMCTests" time="0.001"/>
  <testcase name="TestALotOfAdding" classname="LocalCMCTests" time="0.002"/>
  <testcase name="TestALotOfAdding" classname="LocalCMCTests" time="0.0"/>
  <testcase name="TestALotOfAdding" classname="LocalCMCTests" time="0.001"/>
  <testcase name="TestALotOfAdding" classname="LocalCMCTests" time="0.0"/>
  <testcase name="TestALotOfAdding" classname="LocalCMCTests" time="0.001"/>
  <testcase name="TestALotOfAdding" classname="LocalCMCTests" time="0.001"/>
  <testcase name="TestALotOfAdding" classname="LocalCMCTests" time="0.001"/>
  <testcase name="TestALotOfAdding" classname="LocalCMCTests" time="0.001"/>
  <testcase name="TestALotOfAdding" classname="LocalCMCTests" time="0.001"/>
  <testcase name="TestALotOfAdding" classname="LocalCMCTests" time="0.001"/>
  <testcase name="TestALotOfAdding" classname="LocalCMCTests" time="0.0"/>
  <testcase name="TestALotOfAdding" classname="LocalCMCTests" time="0.0"/>
  <testcase name="TestALotOfAdding" classname="LocalCMCTests" time="0.0"/>
  <testcase name="TestALotOfAdding" classname="LocalCMCTests" time="0.0"/>
  <testcase name="TestALotOfAdding" classname="LocalCMCTests" time="0.0"/>
  <testcase name="TestALotOfAdding" classname="LocalCMCTests" time="0.001"/>
  <testcase name="TestALotOfAdding" classname="LocalCMCTests" time="0.001"/>
  <testcase name="TestALotOfAdding" classname="LocalCMCTests" time="0.0"/>
  <testcase name="TestALotOfAdding" classname="LocalCMCTests" time="0.0"/>
  <testcase name="TestALotOfAdding" classname="LocalCMCTests" time="0.001"/>
  <testcase name="TestALotOfAdding" classname="LocalCMCTests" time="0.001"/>
  <testcase name="TestALotOfAdding" classname="LocalCMCTests" time="0.0"/>
  <testcase name="TestALotOfAdding" classname="LocalCMCTests" time="0.001"/>
  <testcase name="TestALotOfAdding" classname="LocalCMCTests" time="0.0"/>
  <testcase name="TestALotOfAdding" classname="LocalCMCTests" time="0.0"/>
  <testcase name="TestALotOfAdding" classname="LocalCMCTests" time="0.001"/>
  <testcase name="TestALotOfAdding" classname="LocalCMCTests" time="0.001"/>
  <testcase name="TestALotOfAdding" classname="LocalCMCTests" time="0.001"/>
  <testcase name="TestALotOfAdding" classname="LocalCMCTests" time="0.001"/>
  <testcase name="TestALotOfAdding" classname="LocalCMCTests" time="0.002"/>
  <testcase name="TestALotOfAdding" classname="LocalCMCTests" time="0.001"/>
  <testcase name="TestALotOfAdding" classname="LocalCMCTests" time="0.001"/>
  <testcase name="TestALotOfAdding" classname="LocalCMCTests" time="0.001"/>
  <testcase name="TestALotOfAdding" classname="LocalCMCTests" time="0.001"/>
  <testcase name="TestALotOfAdding" classname="LocalCMCTests" time="0.001"/>
  <testcase name="TestALotOfAdding" classname="LocalCMCTests" time="0.001"/>
  <testcase name="TestALotOfAdding" classname="LocalCMCTests" time="0.0"/>
  <testcase name="TestALotOfAdding" classname="LocalCMCTests" time="0.001"/>
  <testcase name="TestALotOfAdding" classname="LocalCMCTests" time="0.0"/>
  <testcase name="TestALotOfAdding" classname="LocalCMCTests" time="0.001"/>
  <testcase name="TestALotOfAdding" classname="LocalCMCTests" time="0.0"/>
  <testcase name="TestALotOfAdding" classname="LocalCMCTests" time="0.0"/>
  <testcase name="TestALotOfAdding" classname="LocalCMCTests" time="0.001"/>
  <testcase name="TestALotOfAdding" classname="LocalCMCTests" time="0.001"/>
  <testcase name="TestALotOfAdding" classname="LocalCMCTests" time="0.0"/>
  <testcase name="TestALotOfAdding" classname="LocalCMCTests" time="0.001"/>
  <testcase name="TestALotOfAdding" classname="LocalCMCTests" time="0.001"/>
  <testcase name="TestALotOfAdding" classname="LocalCMCTests" time="0.0"/>
  <testcase name="TestALotOfAdding" classname="LocalCMCTests" time="0.0"/>
  <testcase name="TestALotOfAdding" classname="LocalCMCTests" time="0.001"/>
  <testcase name="TestALotOfAdding" classname="LocalCMCTests" time="0.001"/>
  <testcase name="TestALotOfAdding" classname="LocalCMCTests" time="0.001"/>
  <testcase name="TestALotOfAdding" classname="LocalCMCTests" time="0.002"/>
  <testcase name="TestALotOfAdding" classname="LocalCMCTests" time="0.001"/>
  <testcase name="TestALotOfAdding" classname="LocalCMCTests" time="0.001"/>
  <testcase name="TestALotOfAdding" classname="LocalCMCTests" time="0.0"/>
  <testcase name="TestALotOfAdding" classname="LocalCMCTests" time="0.0"/>
  <testcase name="TestALotOfAdding" classname="LocalCMCTests" time="0.0"/>
  <testcase name="TestALotOfAdding" classname="LocalCMCTests" time="0.001"/>
  <testcase name="TestALotOfAdding" classname="LocalCMCTests" time="0.001"/>
  <testcase name="TestALotOfAdding" classname="LocalCMCTests" time="0.0"/>
  <testcase name="TestALotOfAdding" classname="LocalCMCTests" time="0.001"/>
  <testcase name="TestALotOfAdding" classname="LocalCMCTests" time="0.001"/>
  <testcase name="TestALotOfAdding" classname="LocalCMCTests" time="0.0"/>
  <testcase name="TestALotOfAdding" classname="LocalCMCTests" time="0.0"/>
  <testcase name="TestALotOfAdding" classname="LocalCMCTests" time="0.0"/>
  <testcase name="TestALotOfAdding" classname="LocalCMCTests" time="0.0"/>
  <testcase name="TestALotOfAdding" classname="LocalCMCTests" time="0.001"/>
  <testcase name="TestALotOfAdding" classname="LocalCMCTests" time="0.0"/>
  <testcase name="TestALotOfAdding" classname="LocalCMCTests" time="0.001"/>
  <testcase name="TestALotOfAdding" classname="LocalCMCTests" time="0.0"/>
  <testcase name="TestALotOfAdding" classname="LocalCMCTests" time="0.001"/>
  <testcase name="TestALotOfAdding" classname="LocalCMCTests" time="0.0"/>
  <testcase name="TestALotOfAdding" classname="LocalCMCTests" time="0.0"/>
  <testcase name="TestALotOfAdding" classname="LocalCMCTests" time="0.001"/>
  <testcase name="TestALotOfAdding" classname="LocalCMCTests" time="0.001"/>
  <testcase name="TestALotOfAdding" classname="LocalCMCTests" time="0.001"/>
  <testcase name="TestALotOfAdding" classname="LocalCMCTests" time="0.001"/>
  <testcase name="TestALotOfAdding" classname="LocalCMCTests" time="0.0"/>
  <testcase name="TestALotOfAdding" classname="LocalCMCTests" time="0.001"/>
  <testcase name="TestALotOfAdding" classname="LocalCMCTests" time="0.0"/>
  <testcase name="TestALotOfAdding" classname="LocalCMCTests" time="0.001"/>
  <testcase name="TestALotOfAdding" classname="LocalCMCTests" time="0.001"/>
  <testcase name="TestALotOfAdding" classname="LocalCMCTests" time="0.0"/>
  <testcase name="TestALotOfAdding" classname="LocalCMCTests" time="0.0"/>
  <testcase name="TestALotOfAdding" classname="LocalCMCTests" time="0.0"/>
  <testcase name="TestALotOfAdding" classname="LocalCMCTests" time="0.001"/>
  <testcase name="TestALotOfAdding" classname="LocalCMCTests" time="0.0"/>
  <testcase name="TestALotOfAdding" classname="LocalCMCTests" time="0.001"/>
  <testcase name="TestALotOfAdding" classname="LocalCMCTests" time="0.003"/>
  <testcase name="TestALotOfAdding" classname="LocalCMCTests" time="0.0"/>
  <testcase name="TestALotOfAdding" classname="LocalCMCTests" time="0.001"/>
  <testcase name="TestALotOfAdding" classname="LocalCMCTests" time="0.0"/>
  <testcase name="TestALotOfAdding" classname="LocalCMCTests" time="0.0"/>
  <testcase name="TestALotOfAdding" classname="LocalCMCTests" time="0.001"/>
  <testcase name="TestALotOfAdding" classname="LocalCMCTests" time="0.001"/>
  <testcase name="TestALotOfAdding" classname="LocalCMCTests" time="0.001"/>
  <testcase name="TestALotOfAdding" classname="LocalCMCTests" time="0.0"/>
  <testcase name="TestALotOfAdding" classname="LocalCMCTests" time="0.001"/>
  <testcase name="TestALotOfAdding" classname="LocalCMCTests" time="0.0"/>
  <testcase name="TestALotOfAdding" classname="LocalCMCTests" time="0.0"/>
  <testcase name="TestALotOfAdding" classname="LocalCMCTests" time="0.001"/>
  <testcase name="TestALotOfAdding" classname="LocalCMCTests" time="0.001"/>
  <testcase name="TestALotOfAdding" classname="LocalCMCTests" time="0.001"/>
  <testcase name="TestALotOfAdding" classname="LocalCMCTests" time="0.0"/>
  <testcase name="TestALotOfAdding" classname="LocalCMCTests" time="0.0"/>
  <testcase name="TestALotOfAdding" classname="LocalCMCTests" time="0.0"/>
  <testcase name="TestALotOfAdding" classname="LocalCMCTests" time="0.0"/>
  <testcase name="TestALotOfAdding" classname="LocalCMCTests" time="0.001"/>
  <testcase name="TestALotOfAdding" classname="LocalCMCTests" time="0.001"/>
  <testcase name="TestALotOfAdding" classname="LocalCMCTests" time="0.001"/>
  <testcase name="TestALotOfAdding" classname="LocalCMCTests" time="0.001"/>
  <testcase name="TestALotOfAdding" classname="LocalCMCTests" time="0.002"/>
  <testcase name="TestALotOfAdding" classname="LocalCMCTests" time="0.001"/>
  <testcase name="TestALotOfAdding" classname="LocalCMCTests" time="0.0"/>
  <testcase name="TestALotOfAdding" classname="LocalCMCTests" time="0.0"/>
  <testcase name="TestALotOfAdding" classname="LocalCMCTests" time="0.0"/>
  <testcase name="TestALotOfAdding" classname="LocalCMCTests" time="0.0"/>
  <testcase name="TestALotOfAdding" classname="LocalCMCTests" time="0.0"/>
  <testcase name="TestALotOfAdding" classname="LocalCMCTests" time="0.0"/>
  <testcase name="TestALotOfAdding" classname="LocalCMCTests" time="0.001"/>
  <testcase name="TestALotOfAdding" classname="LocalCMCTests" time="0.002"/>
  <testcase name="TestALotOfAdding" classname="LocalCMCTests" time="0.001"/>
  <testcase name="TestALotOfAdding" classname="LocalCMCTests" time="0.001"/>
  <testcase name="TestALotOfAdding" classname="LocalCMCTests" time="0.001"/>
  <testcase name="TestALotOfAdding" classname="LocalCMCTests" time="0.0"/>
  <testcase name="TestALotOfAdding" classname="LocalCMCTests" time="0.002"/>
  <testcase name="TestALotOfAdding" classname="LocalCMCTests" time="0.001"/>
  <testcase name="TestALotOfAdding" classname="LocalCMCTests" time="0.001"/>
  <testcase name="TestALotOfAdding" classname="LocalCMCTests" time="0.001"/>
  <testcase name="TestALotOfAdding" classname="LocalCMCTests" time="0.001"/>
  <testcase name="TestALotOfAdding" classname="LocalCMCTests" time="0.0"/>
  <testcase name="TestALotOfAdding" classname="LocalCMCTests" time="0.0"/>
  <testcase name="TestALotOfAdding" classname="LocalCMCTests" time="0.0"/>
  <testcase name="TestALotOfAdding" classname="LocalCMCTests" time="0.0"/>
  <testcase name="TestALotOfAdding" classname="LocalCMCTests" time="0.001"/>
  <testcase name="TestALotOfAdding" classname="LocalCMCTests" time="0.001"/>
  <testcase name="TestALotOfAdding" classname="LocalCMCTests" time="0.0"/>
  <testcase name="TestALotOfAdding" classname="LocalCMCTests" time="0.001"/>
  <testcase name="TestALotOfAdding" classname="LocalCMCTests" time="0.001"/>
  <testcase name="TestALotOfAdding" classname="LocalCMCTests" time="0.001"/>
  <testcase name="TestALotOfAdding" classname="LocalCMCTests" time="0.001"/>
  <testcase name="TestALotOfAdding" classname="LocalCMCTests" time="0.0"/>
  <testcase name="TestALotOfAdding" classname="LocalCMCTests" time="0.0"/>
  <testcase name="TestALotOfAdding" classname="LocalCMCTests" time="0.0"/>
  <testcase name="TestALotOfAdding" classname="LocalCMCTests" time="0.001"/>
  <testcase name="TestALotOfAdding" classname="LocalCMCTests" time="0.002"/>
  <testcase name="TestALotOfAdding" classname="LocalCMCTests" time="0.002"/>
  <testcase name="TestALotOfAdding" classname="LocalCMCTests" time="0.0"/>
  <testcase name="TestALotOfAdding" classname="LocalCMCTests" time="0.003"/>
  <testcase name="TestALotOfAdding" classname="LocalCMCTests" time="0.0"/>
  <testcase name="TestALotOfAdding" classname="LocalCMCTests" time="0.001"/>
  <testcase name="TestALotOfAdding" classname="LocalCMCTests" time="0.0"/>
  <testcase name="TestALotOfAdding" classname="LocalCMCTests" time="0.001"/>
  <testcase name="TestALotOfAdding" classname="LocalCMCTests" time="0.001"/>
  <testcase name="TestALotOfAdding" classname="LocalCMCTests" time="0.001"/>
  <testcase name="TestALotOfAdding" classname="LocalCMCTests" time="0.001"/>
  <testcase name="TestALotOfAdding" classname="LocalCMCTests" time="0.0"/>
  <testcase name="TestALotOfAdding" classname="LocalCMCTests" time="0.0"/>
  <testcase name="TestALotOfAdding" classname="LocalCMCTests" time="0.001"/>
  <testcase name="TestALotOfAdding" classname="LocalCMCTests" time="0.001"/>
  <testcase name="TestALotOfAdding" classname="LocalCMCTests" time="0.0"/>
  <testcase name="TestALotOfAdding" classname="LocalCMCTests" time="0.0"/>
  <testcase name="TestALotOfAdding" classname="LocalCMCTests" time="0.0"/>
  <testcase name="TestALotOfAdding" classname="LocalCMCTests" time="0.001"/>
  <testcase name="TestALotOfAdding" classname="LocalCMCTests" time="0.001"/>
  <testcase name="TestALotOfAdding" classname="LocalCMCTests" time="0.001"/>
  <testcase name="TestALotOfAdding" classname="LocalCMCTests" time="0.0"/>
  <testcase name="TestALotOfAdding" classname="LocalCMCTests" time="0.0"/>
  <testcase name="TestALotOfAdding" classname="LocalCMCTests" time="0.001"/>
  <testcase name="TestALotOfAdding" classname="LocalCMCTests" time="0.0"/>
  <testcase name="TestALotOfAdding" classname="LocalCMCTests" time="0.001"/>
  <testcase name="TestALotOfAdding" classname="LocalCMCTests" time="0.001"/>
  <testcase name="TestALotOfAdding" classname="LocalCMCTests" time="0.001"/>
  <testcase name="TestALotOfAdding" classname="LocalCMCTests" time="0.001"/>
  <testcase name="TestALotOfAdding" classname="LocalCMCTests" time="0.0"/>
  <testcase name="TestALotOfAdding" classname="LocalCMCTests" time="0.001"/>
  <testcase name="TestALotOfAdding" classname="LocalCMCTests" time="0.001"/>
  <testcase name="TestALotOfAdding" classname="LocalCMCTests" time="0.001"/>
  <testcase name="TestALotOfAdding" classname="LocalCMCTests" time="0.001"/>
  <testcase name="TestALotOfAdding" classname="LocalCMCTests" time="0.001"/>
  <testcase name="TestALotOfAdding" classname="LocalCMCTests" time="0.001"/>
  <testcase name="TestALotOfAdding" classname="LocalCMCTests" time="0.002"/>
  <testcase name="TestALotOfAdding" classname="LocalCMCTests" time="0.001"/>
  <testcase name="TestALotOfAdding" classname="LocalCMCTests" time="0.0"/>
  <testcase name="TestALotOfAdding" classname="LocalCMCTests" time="0.0"/>
  <testcase name="TestALotOfAdding" classname="LocalCMCTests" time="0.0"/>
  <testcase name="TestALotOfAdding" classname="LocalCMCTests" time="0.0"/>
  <testcase name="TestALotOfAdding" classname="LocalCMCTests" time="0.0"/>
  <testcase name="TestALotOfAdding" classname="LocalCMCTests" time="0.0"/>
  <testcase name="TestALotOfAdding" classname="LocalCMCTests" time="0.0"/>
  <testcase name="TestALotOfAdding" classname="LocalCMCTests" time="0.003"/>
  <testcase name="TestALotOfAdding" classname="LocalCMCTests" time="0.001"/>
  <testcase name="TestALotOfAdding" classname="LocalCMCTests" time="0.002"/>
  <testcase name="TestALotOfAdding" classname="LocalCMCTests" time="0.0"/>
  <testcase name="TestALotOfAdding" classname="LocalCMCTests" time="0.001"/>
  <testcase name="TestALotOfAdding" classname="LocalCMCTests" time="0.0"/>
  <testcase name="TestALotOfAdding" classname="LocalCMCTests" time="0.001"/>
  <testcase name="TestALotOfAdding" classname="LocalCMCTests" time="0.001"/>
  <testcase name="TestALotOfAdding" classname="LocalCMCTests" time="0.001"/>
  <testcase name="TestALotOfAdding" classname="LocalCMCTests" time="0.0"/>
  <testcase name="TestALotOfAdding" classname="LocalCMCTests" time="0.001"/>
  <testcase name="TestALotOfAdding" classname="LocalCMCTests" time="0.001"/>
  <testcase name="TestALotOfAdding" classname="LocalCMCTests" time="0.0"/>
  <testcase name="TestALotOfAdding" classname="LocalCMCTests" time="0.001"/>
  <testcase name="TestALotOfAdding" classname="LocalCMCTests" time="0.001"/>
  <testcase name="TestALotOfAdding" classname="LocalCMCTests" time="0.002"/>
  <testcase name="TestALotOfAdding" classname="LocalCMCTests" time="0.0"/>
  <testcase name="TestALotOfAdding" classname="LocalCMCTests" time="0.001"/>
  <testcase name="TestALotOfAdding" classname="LocalCMCTests" time="0.0"/>
  <testcase name="TestALotOfAdding" classname="LocalCMCTests" time="0.001"/>
  <testcase name="TestALotOfAdding" classname="LocalCMCTests" time="0.001"/>
  <testcase name="TestALotOfAdding" classname="LocalCMCTests" time="0.0"/>
  <testcase name="TestALotOfAdding" classname="LocalCMCTests" time="0.0"/>
  <testcase name="TestALotOfAdding" classname="LocalCMCTests" time="0.0"/>
  <testcase name="TestALotOfAdding" classname="LocalCMCTests" time="0.0"/>
  <testcase name="TestALotOfAdding" classname="LocalCMCTests" time="0.0"/>
  <testcase name="TestALotOfAdding" classname="LocalCMCTests" time="0.001"/>
  <testcase name="TestALotOfAdding" classname="LocalCMCTests" time="0.001"/>
  <testcase name="TestALotOfAdding" classname="LocalCMCTests" time="0.001"/>
  <testcase name="TestALotOfAdding" classname="LocalCMCTests" time="0.001"/>
  <testcase name="TestALotOfAdding" classname="LocalCMCTests" time="0.0"/>
  <testcase name="TestALotOfAdding" classname="LocalCMCTests" time="0.0"/>
  <testcase name="TestALotOfAdding" classname="LocalCMCTests" time="0.0"/>
  <testcase name="TestALotOfAdding" classname="LocalCMCTests" time="0.001"/>
  <testcase name="TestALotOfAdding" classname="LocalCMCTests" time="0.001"/>
  <testcase name="TestALotOfAdding" classname="LocalCMCTests" time="0.001"/>
  <testcase name="TestALotOfAdding" classname="LocalCMCTests" time="0.001"/>
  <testcase name="TestALotOfAdding" classname="LocalCMCTests" time="0.001"/>
  <testcase name="TestALotOfAdding" classname="LocalCMCTests" time="0.0"/>
  <testcase name="TestALotOfAdding" classname="LocalCMCTests" time="0.0"/>
  <testcase name="TestALotOfAdding" classname="LocalCMCTests" time="0.0"/>
  <testcase name="TestALotOfAdding" classname="LocalCMCTests" time="0.0"/>
  <testcase name="TestALotOfAdding" classname="LocalCMCTests" time="0.001"/>
  <testcase name="TestALotOfAdding" classname="LocalCMCTests" time="0.001"/>
  <testcase name="TestALotOfAdding" classname="LocalCMCTests" time="0.001"/>
  <testcase name="TestALotOfAdding" classname="LocalCMCTests" time="0.001"/>
  <testcase name="TestALotOfAdding" classname="LocalCMCTests" time="0.0"/>
  <testcase name="TestALotOfAdding" classname="LocalCMCTests" time="0.001"/>
  <testcase name="TestALotOfAdding" classname="LocalCMCTests" time="0.001"/>
  <testcase name="TestALotOfAdding" classname="LocalCMCTests" time="0.001"/>
  <testcase name="TestALotOfAdding" classname="LocalCMCTests" time="0.002"/>
  <testcase name="TestALotOfAdding" classname="LocalCMCTests" time="0.001"/>
  <testcase name="TestALotOfAdding" classname="LocalCMCTests" time="0.001"/>
  <testcase name="TestALotOfAdding" classname="LocalCMCTests" time="0.0"/>
  <testcase name="TestALotOfAdding" classname="LocalCMCTests" time="0.001"/>
  <testcase name="TestALotOfAdding" classname="LocalCMCTests" time="0.001"/>
  <testcase name="TestALotOfAdding" classname="LocalCMCTests" time="0.0"/>
  <testcase name="TestALotOfAdding" classname="LocalCMCTests" time="0.0"/>
  <testcase name="TestALotOfAdding" classname="LocalCMCTests" time="0.0"/>
  <testcase name="TestALotOfAdding" classname="LocalCMCTests" time="0.0"/>
  <testcase name="TestALotOfAdding" classname="LocalCMCTests" time="0.0"/>
  <testcase name="TestALotOfAdding" classname="LocalCMCTests" time="0.0"/>
  <testcase name="TestALotOfAdding" classname="LocalCMCTests" time="0.0"/>
  <testcase name="TestALotOfAdding" classname="LocalCMCTests" time="0.0"/>
  <testcase name="TestALotOfAdding" classname="LocalCMCTests" time="0.001"/>
  <testcase name="TestALotOfAdding" classname="LocalCMCTests" time="0.001"/>
  <testcase name="TestALotOfAdding" classname="LocalCMCTests" time="0.002"/>
  <testcase name="TestALotOfAdding" classname="LocalCMCTests" time="0.001"/>
  <testcase name="TestALotOfAdding" classname="LocalCMCTests" time="0.0"/>
  <testcase name="TestALotOfAdding" classname="LocalCMCTests" time="0.001"/>
  <testcase name="TestALotOfAdding" classname="LocalCMCTests" time="0.0"/>
  <testcase name="TestALotOfAdding" classname="LocalCMCTests" time="0.001"/>
  <testcase name="TestALotOfAdding" classname="LocalCMCTests" time="0.001"/>
  <testcase name="TestALotOfAdding" classname="LocalCMCTests" time="0.0"/>
  <testcase name="TestALotOfAdding" classname="LocalCMCTests" time="0.0"/>
  <testcase name="TestALotOfAdding" classname="LocalCMCTests" time="0.0"/>
  <testcase name="TestALotOfAdding" classname="LocalCMCTests" time="0.0"/>
  <testcase name="TestALotOfAdding" classname="LocalCMCTests" time="0.001"/>
  <testcase name="TestALotOfAdding" classname="LocalCMCTests" time="0.001"/>
  <testcase name="TestALotOfAdding" classname="LocalCMCTests" time="0.0"/>
  <testcase name="TestALotOfAdding" classname="LocalCMCTests" time="0.002"/>
  <testcase name="TestALotOfAdding" classname="LocalCMCTests" time="0.003"/>
  <testcase name="TestALotOfAdding" classname="LocalCMCTests" time="0.002"/>
  <testcase name="TestALotOfAdding" classname="LocalCMCTests" time="0.001"/>
  <testcase name="TestALotOfAdding" classname="LocalCMCTests" time="0.001"/>
  <testcase name="TestALotOfAdding" classname="LocalCMCTests" time="0.0"/>
  <testcase name="TestALotOfAdding" classname="LocalCMCTests" time="0.0"/>
  <testcase name="TestALotOfAdding" classname="LocalCMCTests" time="0.0"/>
  <testcase name="TestALotOfAdding" classname="LocalCMCTests" time="0.001"/>
  <testcase name="TestALotOfAdding" classname="LocalCMCTests" time="0.0"/>
  <testcase name="TestALotOfAdding" classname="LocalCMCTests" time="0.001"/>
  <testcase name="TestALotOfAdding" classname="LocalCMCTests" time="0.0"/>
  <testcase name="TestALotOfAdding" classname="LocalCMCTests" time="0.002"/>
  <testcase name="TestALotOfAdding" classname="LocalCMCTests" time="0.001"/>
  <testcase name="TestALotOfAdding" classname="LocalCMCTests" time="0.001"/>
  <testcase name="TestALotOfAdding" classname="LocalCMCTests" time="0.001"/>
  <testcase name="TestALotOfAdding" classname="LocalCMCTests" time="0.001"/>
  <testcase name="TestALotOfAdding" classname="LocalCMCTests" time="0.001"/>
  <testcase name="TestALotOfAdding" classname="LocalCMCTests" time="0.001"/>
  <testcase name="TestALotOfAdding" classname="LocalCMCTests" time="0.0"/>
  <testcase name="TestALotOfAdding" classname="LocalCMCTests" time="0.001"/>
  <testcase name="TestALotOfAdding" classname="LocalCMCTests" time="0.0"/>
  <testcase name="TestALotOfAdding" classname="LocalCMCTests" time="0.0"/>
  <testcase name="TestALotOfAdding" classname="LocalCMCTests" time="0.0"/>
  <testcase name="TestALotOfAdding" classname="LocalCMCTests" time="0.001"/>
  <testcase name="TestALotOfAdding" classname="LocalCMCTests" time="0.0"/>
  <testcase name="TestALotOfAdding" classname="LocalCMCTests" time="0.001"/>
  <testcase name="TestALotOfAdding" classname="LocalCMCTests" time="0.002"/>
  <testcase name="TestALotOfAdding" classname="LocalCMCTests" time="0.0"/>
  <testcase name="TestALotOfAdding" classname="LocalCMCTests" time="0.001"/>
  <testcase name="TestALotOfAdding" classname="LocalCMCTests" time="0.001"/>
  <testcase name="TestALotOfAdding" classname="LocalCMCTests" time="0.001"/>
  <testcase name="TestALotOfAdding" classname="LocalCMCTests" time="0.001"/>
  <testcase name="TestALotOfAdding" classname="LocalCMCTests" time="0.001"/>
  <testcase name="TestALotOfAdding" classname="LocalCMCTests" time="0.0"/>
  <testcase name="TestALotOfAdding" classname="LocalCMCTests" time="0.0"/>
  <testcase name="TestALotOfAdding" classname="LocalCMCTests" time="0.001"/>
  <testcase name="TestALotOfAdding" classname="LocalCMCTests" time="0.0"/>
  <testcase name="TestALotOfAdding" classname="LocalCMCTests" time="0.001"/>
  <testcase name="TestALotOfAdding" classname="LocalCMCTests" time="0.0"/>
  <testcase name="TestALotOfAdding" classname="LocalCMCTests" time="0.0"/>
  <testcase name="TestALotOfAdding" classname="LocalCMCTests" time="0.001"/>
  <testcase name="TestALotOfAdding" classname="LocalCMCTests" time="0.0"/>
  <testcase name="TestALotOfAdding" classname="LocalCMCTests" time="0.0"/>
  <testcase name="TestALotOfAdding" classname="LocalCMCTests" time="0.001"/>
  <testcase name="TestALotOfAdding" classname="LocalCMCTests" time="0.002"/>
  <testcase name="TestALotOfAdding" classname="LocalCMCTests" time="0.001"/>
  <testcase name="TestALotOfAdding" classname="LocalCMCTests" time="0.001"/>
  <testcase name="TestALotOfAdding" classname="LocalCMCTests" time="0.0"/>
  <testcase name="TestALotOfAdding" classname="LocalCMCTests" time="0.0"/>
  <testcase name="TestALotOfAdding" classname="LocalCMCTests" time="0.001"/>
  <testcase name="TestALotOfAdding" classname="LocalCMCTests" time="0.001"/>
  <testcase name="TestALotOfAdding" classname="LocalCMCTests" time="0.0"/>
  <testcase name="TestALotOfAdding" classname="LocalCMCTests" time="0.001"/>
  <testcase name="TestALotOfAdding" classname="LocalCMCTests" time="0.001"/>
  <testcase name="TestALotOfAdding" classname="LocalCMCTests" time="0.0"/>
  <testcase name="TestALotOfAdding" classname="LocalCMCTests" time="0.001"/>
  <testcase name="TestALotOfAdding" classname="LocalCMCTests" time="0.0"/>
  <testcase name="TestALotOfAdding" classname="LocalCMCTests" time="0.001"/>
  <testcase name="TestALotOfAdding" classname="LocalCMCTests" time="0.001"/>
  <testcase name="TestALotOfAdding" classname="LocalCMCTests" time="0.001"/>
  <testcase name="TestALotOfAdding" classname="LocalCMCTests" time="0.001"/>
  <testcase name="TestALotOfAdding" classname="LocalCMCTests" time="0.001"/>
  <testcase name="TestALotOfAdding" classname="LocalCMCTests" time="0.002"/>
  <testcase name="TestALotOfAdding" classname="LocalCMCTests" time="0.001"/>
  <testcase name="TestALotOfAdding" classname="LocalCMCTests" time="0.0"/>
  <testcase name="TestALotOfAdding" classname="LocalCMCTests" time="0.0"/>
  <testcase name="TestALotOfAdding" classname="LocalCMCTests" time="0.0"/>
  <testcase name="TestALotOfAdding" classname="LocalCMCTests" time="0.001"/>
  <testcase name="TestALotOfAdding" classname="LocalCMCTests" time="0.001"/>
  <testcase name="TestALotOfAdding" classname="LocalCMCTests" time="0.001"/>
  <testcase name="TestALotOfAdding" classname="LocalCMCTests" time="0.001"/>
  <testcase name="TestALotOfAdding" classname="LocalCMCTests" time="0.0"/>
  <testcase name="TestALotOfAdding" classname="LocalCMCTests" time="0.001"/>
  <testcase name="TestALotOfAdding" classname="LocalCMCTests" time="0.0"/>
  <testcase name="TestALotOfAdding" classname="LocalCMCTests" time="0.001"/>
  <testcase name="TestALotOfAdding" classname="LocalCMCTests" time="0.0"/>
  <testcase name="TestALotOfAdding" classname="LocalCMCTests" time="0.0"/>
  <testcase name="TestALotOfAdding" classname="LocalCMCTests" time="0.001"/>
  <testcase name="TestALotOfAdding" classname="LocalCMCTests" time="0.001"/>
  <testcase name="TestALotOfAdding" classname="LocalCMCTests" time="0.001"/>
  <testcase name="TestALotOfAdding" classname="LocalCMCTests" time="0.001"/>
  <testcase name="TestALotOfAdding" classname="LocalCMCTests" time="0.0"/>
  <testcase name="TestALotOfAdding" classname="LocalCMCTests" time="0.001"/>
  <testcase name="TestALotOfAdding" classname="LocalCMCTests" time="0.001"/>
  <testcase name="TestALotOfAdding" classname="LocalCMCTests" time="0.001"/>
  <testcase name="TestALotOfAdding" classname="LocalCMCTests" time="0.001"/>
  <testcase name="TestALotOfAdding" classname="LocalCMCTests" time="0.001"/>
  <testcase name="TestALotOfAdding" classname="LocalCMCTests" time="0.001"/>
  <testcase name="TestALotOfAdding" classname="LocalCMCTests" time="0.0"/>
  <testcase name="TestALotOfAdding" classname="LocalCMCTests" time="0.001"/>
  <testcase name="TestALotOfAdding" classname="LocalCMCTests" time="0.0"/>
  <testcase name="TestALotOfAdding" classname="LocalCMCTests" time="0.0"/>
  <testcase name="TestALotOfAdding" classname="LocalCMCTests" time="0.0"/>
  <testcase name="TestALotOfAdding" classname="LocalCMCTests" time="0.0"/>
  <testcase name="TestALotOfAdding" classname="LocalCMCTests" time="0.001"/>
  <testcase name="TestALotOfAdding" classname="LocalCMCTests" time="0.0"/>
  <testcase name="TestALotOfAdding" classname="LocalCMCTests" time="0.001"/>
  <testcase name="TestALotOfAdding" classname="LocalCMCTests" time="0.0"/>
  <testcase name="TestALotOfAdding" classname="LocalCMCTests" time="0.0"/>
  <testcase name="TestALotOfAdding" classname="LocalCMCTests" time="0.0"/>
  <testcase name="TestALotOfAdding" classname="LocalCMCTests" time="0.001"/>
  <testcase name="TestALotOfAdding" classname="LocalCMCTests" time="0.001"/>
  <testcase name="TestALotOfAdding" classname="LocalCMCTests" time="0.001"/>
  <testcase name="TestALotOfAdding" classname="LocalCMCTests" time="0.0"/>
  <testcase name="TestALotOfAdding" classname="LocalCMCTests" time="0.0"/>
  <testcase name="TestALotOfAdding" classname="LocalCMCTests" time="0.001"/>
  <testcase name="TestALotOfAdding" classname="LocalCMCTests" time="0.0"/>
  <testcase name="TestALotOfAdding" classname="LocalCMCTests" time="0.0"/>
  <testcase name="TestALotOfAdding" classname="LocalCMCTests" time="0.0"/>
  <testcase name="TestALotOfAdding" classname="LocalCMCTests" time="0.001"/>
  <testcase name="TestALotOfAdding" classname="LocalCMCTests" time="0.001"/>
  <testcase name="TestALotOfAdding" classname="LocalCMCTests" time="0.0"/>
  <testcase name="TestALotOfAdding" classname="LocalCMCTests" time="0.003"/>
  <testcase name="TestALotOfAdding" classname="LocalCMCTests" time="0.0"/>
  <testcase name="TestALotOfAdding" classname="LocalCMCTests" time="0.002"/>
  <testcase name="TestALotOfAdding" classname="LocalCMCTests" time="0.002"/>
  <testcase name="TestALotOfAdding" classname="LocalCMCTests" time="0.0"/>
  <testcase name="TestALotOfAdding" classname="LocalCMCTests" time="0.001"/>
  <testcase name="TestALotOfAdding" classname="LocalCMCTests" time="0.0"/>
  <testcase name="TestALotOfAdding" classname="LocalCMCTests" time="0.0"/>
  <testcase name="TestALotOfAdding" classname="LocalCMCTests" time="0.001"/>
  <testcase name="TestALotOfAdding" classname="LocalCMCTests" time="0.002"/>
  <testcase name="TestALotOfAdding" classname="LocalCMCTests" time="0.002"/>
  <testcase name="TestALotOfAdding" classname="LocalCMCTests" time="0.0"/>
  <testcase name="TestALotOfAdding" classname="LocalCMCTests" time="0.0"/>
  <testcase name="TestALotOfAdding" classname="LocalCMCTests" time="0.001"/>
  <testcase name="TestALotOfAdding" classname="LocalCMCTests" time="0.002"/>
  <testcase name="TestALotOfAdding" classname="LocalCMCTests" time="0.002"/>
  <testcase name="TestALotOfAdding" classname="LocalCMCTests" time="0.0"/>
  <testcase name="TestALotOfAdding" classname="LocalCMCTests" time="0.001"/>
  <testcase name="TestALotOfAdding" classname="LocalCMCTests" time="0.001"/>
  <testcase name="TestALotOfAdding" classname="LocalCMCTests" time="0.001"/>
  <testcase name="TestALotOfAdding" classname="LocalCMCTests" time="0.0"/>
  <testcase name="TestALotOfAdding" classname="LocalCMCTests" time="0.0"/>
  <testcase name="TestALotOfAdding" classname="LocalCMCTests" time="0.001"/>
  <testcase name="TestALotOfAdding" classname="LocalCMCTests" time="0.0"/>
  <testcase name="TestALotOfAdding" classname="LocalCMCTests" time="0.0"/>
  <testcase name="TestALotOfAdding" classname="LocalCMCTests" time="0.0"/>
  <testcase name="TestALotOfAdding" classname="LocalCMCTests" time="0.002"/>
  <testcase name="TestALotOfAdding" classname="LocalCMCTests" time="0.0"/>
  <testcase name="TestALotOfAdding" classname="LocalCMCTests" time="0.001"/>
  <testcase name="TestALotOfAdding" classname="LocalCMCTests" time="0.001"/>
  <testcase name="TestALotOfAdding" classname="LocalCMCTests" time="0.0"/>
  <testcase name="TestALotOfAdding" classname="LocalCMCTests" time="0.001"/>
  <testcase name="TestALotOfAdding" classname="LocalCMCTests" time="0.001"/>
  <testcase name="TestALotOfAdding" classname="LocalCMCTests" time="0.001"/>
  <testcase name="TestALotOfAdding" classname="LocalCMCTests" time="0.002"/>
  <testcase name="TestALotOfAdding" classname="LocalCMCTests" time="0.0"/>
  <testcase name="TestALotOfAdding" classname="LocalCMCTests" time="0.0"/>
  <testcase name="TestALotOfAdding" classname="LocalCMCTests" time="0.001"/>
  <testcase name="TestALotOfAdding" classname="LocalCMCTests" time="0.001"/>
  <testcase name="TestALotOfAdding" classname="LocalCMCTests" time="0.0"/>
  <testcase name="TestALotOfAdding" classname="LocalCMCTests" time="0.001"/>
  <testcase name="TestALotOfAdding" classname="LocalCMCTests" time="0.0"/>
  <testcase name="TestALotOfAdding" classname="LocalCMCTests" time="0.001"/>
  <testcase name="TestALotOfAdding" classname="LocalCMCTests" time="0.001"/>
  <testcase name="TestALotOfAdding" classname="LocalCMCTests" time="0.001"/>
  <testcase name="TestALotOfAdding" classname="LocalCMCTests" time="0.001"/>
  <testcase name="TestALotOfAdding" classname="LocalCMCTests" time="0.001"/>
  <testcase name="TestALotOfAdding" classname="LocalCMCTests" time="0.0"/>
  <testcase name="TestALotOfAdding" classname="LocalCMCTests" time="0.001"/>
  <testcase name="TestALotOfAdding" classname="LocalCMCTests" time="0.0"/>
  <testcase name="TestALotOfAdding" classname="LocalCMCTests" time="0.0"/>
  <testcase name="TestALotOfAdding" classname="LocalCMCTests" time="0.0"/>
  <testcase name="TestALotOfAdding" classname="LocalCMCTests" time="0.001"/>
  <testcase name="TestALotOfAdding" classname="LocalCMCTests" time="0.0"/>
  <testcase name="TestALotOfAdding" classname="LocalCMCTests" time="0.0"/>
  <testcase name="TestALotOfAdding" classname="LocalCMCTests" time="0.001"/>
  <testcase name="TestALotOfAdding" classname="LocalCMCTests" time="0.001"/>
  <testcase name="TestALotOfAdding" classname="LocalCMCTests" time="0.0"/>
  <testcase name="TestALotOfAdding" classname="LocalCMCTests" time="0.002"/>
  <testcase name="TestALotOfAdding" classname="LocalCMCTests" time="0.001"/>
  <testcase name="TestALotOfAdding" classname="LocalCMCTests" time="0.0"/>
  <testcase name="TestALotOfAdding" classname="LocalCMCTests" time="0.0"/>
  <testcase name="TestALotOfAdding" classname="LocalCMCTests" time="0.001"/>
  <testcase name="TestALotOfAdding" classname="LocalCMCTests" time="0.0"/>
  <testcase name="TestALotOfAdding" classname="LocalCMCTests" time="0.0"/>
  <testcase name="TestALotOfAdding" classname="LocalCMCTests" time="0.001"/>
  <testcase name="TestALotOfAdding" classname="LocalCMCTests" time="0.001"/>
  <testcase name="TestALotOfAdding" classname="LocalCMCTests" time="0.001"/>
  <testcase name="TestALotOfAdding" classname="LocalCMCTests" time="0.0"/>
  <testcase name="TestALotOfAdding" classname="LocalCMCTests" time="0.002"/>
  <testcase name="TestALotOfAdding" classname="LocalCMCTests" time="0.001"/>
  <testcase name="TestALotOfAdding" classname="LocalCMCTests" time="0.0"/>
  <testcase name="TestALotOfAdding" classname="LocalCMCTests" time="0.0"/>
  <testcase name="TestALotOfAdding" classname="LocalCMCTests" time="0.001"/>
  <testcase name="TestALotOfAdding" classname="LocalCMCTests" time="0.002"/>
  <testcase name="TestALotOfAdding" classname="LocalCMCTests" time="0.001"/>
  <testcase name="TestALotOfAdding" classname="LocalCMCTests" time="0.001"/>
  <testcase name="TestALotOfAdding" classname="LocalCMCTests" time="0.001"/>
  <testcase name="TestALotOfAdding" classname="LocalCMCTests" time="0.001"/>
  <testcase name="TestALotOfAdding" classname="LocalCMCTests" time="0.0"/>
  <testcase name="TestALotOfAdding" classname="LocalCMCTests" time="0.0"/>
  <testcase name="TestALotOfAdding" classname="LocalCMCTests" time="0.0"/>
  <testcase name="TestALotOfAdding" classname="LocalCMCTests" time="0.001"/>
  <testcase name="TestALotOfAdding" classname="LocalCMCTests" time="0.0"/>
  <testcase name="TestALotOfAdding" classname="LocalCMCTests" time="0.0"/>
  <testcase name="TestALotOfAdding" classname="LocalCMCTests" time="0.0"/>
  <testcase name="TestALotOfAdding" classname="LocalCMCTests" time="0.001"/>
  <testcase name="TestALotOfAdding" classname="LocalCMCTests" time="0.001"/>
  <testcase name="TestALotOfAdding" classname="LocalCMCTests" time="0.0"/>
  <testcase name="TestALotOfAdding" classname="LocalCMCTests" time="0.002"/>
  <testcase name="TestALotOfAdding" classname="LocalCMCTests" time="0.001"/>
  <testcase name="TestALotOfAdding" classname="LocalCMCTests" time="0.001"/>
  <testcase name="TestALotOfAdding" classname="LocalCMCTests" time="0.0"/>
  <testcase name="TestALotOfAdding" classname="LocalCMCTests" time="0.001"/>
  <testcase name="TestALotOfAdding" classname="LocalCMCTests" time="0.001"/>
  <testcase name="TestALotOfAdding" classname="LocalCMCTests" time="0.0"/>
  <testcase name="TestALotOfAdding" classname="LocalCMCTests" time="0.001"/>
  <testcase name="TestALotOfAdding" classname="LocalCMCTests" time="0.001"/>
  <testcase name="TestALotOfAdding" classname="LocalCMCTests" time="0.001"/>
  <testcase name="TestALotOfAdding" classname="LocalCMCTests" time="0.0"/>
  <testcase name="TestALotOfAdding" classname="LocalCMCTests" time="0.0"/>
  <testcase name="TestALotOfAdding" classname="LocalCMCTests" time="0.001"/>
  <testcase name="TestALotOfAdding" classname="LocalCMCTests" time="0.0"/>
  <testcase name="TestALotOfAdding" classname="LocalCMCTests" time="0.0"/>
  <testcase name="TestALotOfAdding" classname="LocalCMCTests" time="0.001"/>
  <testcase name="TestALotOfAdding" classname="LocalCMCTests" time="0.002"/>
  <testcase name="TestALotOfAdding" classname="LocalCMCTests" time="0.0"/>
  <testcase name="TestALotOfAdding" classname="LocalCMCTests" time="0.001"/>
  <testcase name="TestALotOfAdding" classname="LocalCMCTests" time="0.0"/>
  <testcase name="TestALotOfAdding" classname="LocalCMCTests" time="0.001"/>
  <testcase name="TestALotOfAdding" classname="LocalCMCTests" time="0.0"/>
  <testcase name="TestALotOfAdding" classname="LocalCMCTests" time="0.0"/>
  <testcase name="TestALotOfAdding" classname="LocalCMCTests" time="0.0"/>
  <testcase name="TestALotOfAdding" classname="LocalCMCTests" time="0.001"/>
  <testcase name="TestALotOfAdding" classname="LocalCMCTests" time="0.0"/>
  <testcase name="TestALotOfAdding" classname="LocalCMCTests" time="0.001"/>
  <testcase name="TestALotOfAdding" classname="LocalCMCTests" time="0.001"/>
  <testcase name="TestALotOfAdding" classname="LocalCMCTests" time="0.0"/>
  <testcase name="TestALotOfAdding" classname="LocalCMCTests" time="0.001"/>
  <testcase name="TestALotOfAdding" classname="LocalCMCTests" time="0.001"/>
  <testcase name="TestALotOfAdding" classname="LocalCMCTests" time="0.001"/>
  <testcase name="TestALotOfAdding" classname="LocalCMCTests" time="0.001"/>
  <testcase name="TestALotOfAdding" classname="LocalCMCTests" time="0.001"/>
  <testcase name="TestALotOfAdding" classname="LocalCMCTests" time="0.001"/>
  <testcase name="TestALotOfAdding" classname="LocalCMCTests" time="0.001"/>
  <testcase name="TestALotOfAdding" classname="LocalCMCTests" time="0.0"/>
  <testcase name="TestALotOfAdding" classname="LocalCMCTests" time="0.0"/>
  <testcase name="TestALotOfAdding" classname="LocalCMCTests" time="0.0"/>
  <testcase name="TestALotOfAdding" classname="LocalCMCTests" time="0.001"/>
  <testcase name="TestALotOfAdding" classname="LocalCMCTests" time="0.001"/>
  <testcase name="TestALotOfAdding" classname="LocalCMCTests" time="0.001"/>
  <testcase name="TestALotOfAdding" classname="LocalCMCTests" time="0.0"/>
  <testcase name="TestALotOfAdding" classname="LocalCMCTests" time="0.002"/>
  <testcase name="TestALotOfAdding" classname="LocalCMCTests" time="0.001"/>
  <testcase name="TestALotOfAdding" classname="LocalCMCTests" time="0.001"/>
  <testcase name="TestALotOfAdding" classname="LocalCMCTests" time="0.001"/>
  <testcase name="TestALotOfAdding" classname="LocalCMCTests" time="0.0"/>
  <testcase name="TestALotOfAdding" classname="LocalCMCTests" time="0.0"/>
  <testcase name="TestALotOfAdding" classname="LocalCMCTests" time="0.002"/>
  <testcase name="TestALotOfAdding" classname="LocalCMCTests" time="0.001"/>
  <testcase name="TestALotOfAdding" classname="LocalCMCTests" time="0.001"/>
  <testcase name="TestALotOfAdding" classname="LocalCMCTests" time="0.0"/>
  <testcase name="TestALotOfAdding" classname="LocalCMCTests" time="0.0"/>
  <testcase name="TestALotOfAdding" classname="LocalCMCTests" time="0.001"/>
  <testcase name="TestALotOfAdding" classname="LocalCMCTests" time="0.001"/>
  <testcase name="TestALotOfAdding" classname="LocalCMCTests" time="0.0"/>
  <testcase name="TestALotOfAdding" classname="LocalCMCTests" time="0.0"/>
  <testcase name="TestALotOfAdding" classname="LocalCMCTests" time="0.0"/>
  <testcase name="TestALotOfAdding" classname="LocalCMCTests" time="0.002"/>
  <testcase name="TestALotOfAdding" classname="LocalCMCTests" time="0.001"/>
  <testcase name="TestALotOfAdding" classname="LocalCMCTests" time="0.001"/>
  <testcase name="TestALotOfAdding" classname="LocalCMCTests" time="0.0"/>
  <testcase name="TestALotOfAdding" classname="LocalCMCTests" time="0.001"/>
  <testcase name="TestALotOfAdding" classname="LocalCMCTests" time="0.002"/>
  <testcase name="TestALotOfAdding" classname="LocalCMCTests" time="0.0"/>
  <testcase name="TestALotOfAdding" classname="LocalCMCTests" time="0.0"/>
  <testcase name="TestALotOfAdding" classname="LocalCMCTests" time="0.001"/>
  <testcase name="TestALotOfAdding" classname="LocalCMCTests" time="0.0"/>
  <testcase name="TestALotOfAdding" classname="LocalCMCTests" time="0.001"/>
  <testcase name="TestALotOfAdding" classname="LocalCMCTests" time="0.001"/>
  <testcase name="TestALotOfAdding" classname="LocalCMCTests" time="0.001"/>
  <testcase name="TestALotOfAdding" classname="LocalCMCTests" time="0.001"/>
  <testcase name="TestALotOfAdding" classname="LocalCMCTests" time="0.0"/>
  <testcase name="TestALotOfAdding" classname="LocalCMCTests" time="0.0"/>
  <testcase name="TestALotOfAdding" classname="LocalCMCTests" time="0.0"/>
  <testcase name="TestALotOfAdding" classname="LocalCMCTests" time="0.001"/>
  <testcase name="TestALotOfAdding" classname="LocalCMCTests" time="0.001"/>
  <testcase name="TestALotOfAdding" classname="LocalCMCTests" time="0.001"/>
  <testcase name="TestALotOfAdding" classname="LocalCMCTests" time="0.0"/>
  <testcase name="TestALotOfAdding" classname="LocalCMCTests" time="0.0"/>
  <testcase name="TestALotOfAdding" classname="LocalCMCTests" time="0.001"/>
  <testcase name="TestALotOfAdding" classname="LocalCMCTests" time="0.0"/>
  <testcase name="TestALotOfAdding" classname="LocalCMCTests" time="0.001"/>
  <testcase name="TestALotOfAdding" classname="LocalCMCTests" time="0.001"/>
  <testcase name="TestALotOfAdding" classname="LocalCMCTests" time="0.0"/>
  <testcase name="TestALotOfAdding" classname="LocalCMCTests" time="0.001"/>
  <testcase name="TestALotOfAdding" classname="LocalCMCTests" time="0.001"/>
  <testcase name="TestALotOfAdding" classname="LocalCMCTests" time="0.0"/>
  <testcase name="TestALotOfAdding" classname="LocalCMCTests" time="0.0"/>
  <testcase name="TestALotOfAdding" classname="LocalCMCTests" time="0.0"/>
  <testcase name="TestALotOfAdding" classname="LocalCMCTests" time="0.0"/>
  <testcase name="TestALotOfAdding" classname="LocalCMCTests" time="0.001"/>
  <testcase name="TestALotOfAdding" classname="LocalCMCTests" time="0.0"/>
  <testcase name="TestALotOfAdding" classname="LocalCMCTests" time="0.001"/>
  <testcase name="TestALotOfAdding" classname="LocalCMCTests" time="0.002"/>
  <testcase name="TestALotOfAdding" classname="LocalCMCTests" time="0.0"/>
  <testcase name="TestALotOfAdding" classname="LocalCMCTests" time="0.001"/>
  <testcase name="TestALotOfAdding" classname="LocalCMCTests" time="0.0"/>
  <testcase name="TestALotOfAdding" classname="LocalCMCTests" time="0.001"/>
  <testcase name="TestALotOfAdding" classname="LocalCMCTests" time="0.001"/>
  <testcase name="TestALotOfAdding" classname="LocalCMCTests" time="0.0"/>
  <testcase name="TestALotOfAdding" classname="LocalCMCTests" time="0.001"/>
  <testcase name="TestALotOfAdding" classname="LocalCMCTests" time="0.001"/>
  <testcase name="TestALotOfAdding" classname="LocalCMCTests" time="0.0"/>
  <testcase name="TestALotOfAdding" classname="LocalCMCTests" time="0.0"/>
  <testcase name="TestALotOfAdding" classname="LocalCMCTests" time="0.001"/>
  <testcase name="TestALotOfAdding" classname="LocalCMCTests" time="0.0"/>
  <testcase name="TestALotOfAdding" classname="LocalCMCTests" time="0.0"/>
  <testcase name="TestALotOfAdding" classname="LocalCMCTests" time="0.001"/>
  <testcase name="TestALotOfAdding" classname="LocalCMCTests" time="0.002"/>
  <testcase name="TestALotOfAdding" classname="LocalCMCTests" time="0.0"/>
  <testcase name="TestALotOfAdding" classname="LocalCMCTests" time="0.001"/>
  <testcase name="TestALotOfAdding" classname="LocalCMCTests" time="0.001"/>
  <testcase name="TestALotOfAdding" classname="LocalCMCTests" time="0.0"/>
  <testcase name="TestALotOfAdding" classname="LocalCMCTests" time="0.0"/>
  <testcase name="TestALotOfAdding" classname="LocalCMCTests" time="0.0"/>
  <testcase name="TestALotOfAdding" classname="LocalCMCTests" time="0.001"/>
  <testcase name="TestALotOfAdding" classname="LocalCMCTests" time="0.001"/>
  <testcase name="TestALotOfAdding" classname="LocalCMCTests" time="0.001"/>
  <testcase name="TestALotOfAdding" classname="LocalCMCTests" time="0.0"/>
  <testcase name="TestALotOfAdding" classname="LocalCMCTests" time="0.001"/>
  <testcase name="TestALotOfAdding" classname="LocalCMCTests" time="0.001"/>
  <testcase name="TestALotOfAdding" classname="LocalCMCTests" time="0.0"/>
  <testcase name="TestALotOfAdding" classname="LocalCMCTests" time="0.001"/>
  <testcase name="TestALotOfAdding" classname="LocalCMCTests" time="0.001"/>
  <testcase name="TestALotOfAdding" classname="LocalCMCTests" time="0.001"/>
  <testcase name="TestALotOfAdding" classname="LocalCMCTests" time="0.001"/>
  <testcase name="TestALotOfAdding" classname="LocalCMCTests" time="0.0"/>
  <testcase name="TestALotOfAdding" classname="LocalCMCTests" time="0.001"/>
  <testcase name="TestALotOfAdding" classname="LocalCMCTests" time="0.001"/>
  <testcase name="TestALotOfAdding" classname="LocalCMCTests" time="0.0"/>
  <testcase name="TestALotOfAdding" classname="LocalCMCTests" time="0.001"/>
  <testcase name="TestALotOfAdding" classname="LocalCMCTests" time="0.0"/>
  <testcase name="TestALotOfAdding" classname="LocalCMCTests" time="0.0"/>
  <testcase name="TestALotOfAdding" classname="LocalCMCTests" time="0.0"/>
  <testcase name="TestALotOfAdding" classname="LocalCMCTests" time="0.0"/>
  <testcase name="TestALotOfAdding" classname="LocalCMCTests" time="0.0"/>
  <testcase name="TestALotOfAdding" classname="LocalCMCTests" time="0.001"/>
  <testcase name="TestALotOfAdding" classname="LocalCMCTests" time="0.001"/>
  <testcase name="TestALotOfAdding" classname="LocalCMCTests" time="0.002"/>
  <testcase name="TestALotOfAdding" classname="LocalCMCTests" time="0.002"/>
  <testcase name="TestALotOfAdding" classname="LocalCMCTests" time="0.001"/>
  <testcase name="TestALotOfAdding" classname="LocalCMCTests" time="0.001"/>
  <testcase name="TestALotOfAdding" classname="LocalCMCTests" time="0.0"/>
  <testcase name="TestALotOfAdding" classname="LocalCMCTests" time="0.001"/>
  <testcase name="TestALotOfAdding" classname="LocalCMCTests" time="0.0"/>
  <testcase name="TestALotOfAdding" classname="LocalCMCTests" time="0.001"/>
  <testcase name="TestALotOfAdding" classname="LocalCMCTests" time="0.001"/>
  <testcase name="TestALotOfAdding" classname="LocalCMCTests" time="0.001"/>
  <testcase name="TestALotOfAdding" classname="LocalCMCTests" time="0.001"/>
  <testcase name="TestALotOfAdding" classname="LocalCMCTests" time="0.0"/>
  <testcase name="TestALotOfAdding" classname="LocalCMCTests" time="0.0"/>
  <testcase name="TestALotOfAdding" classname="LocalCMCTests" time="0.001"/>
  <testcase name="TestALotOfAdding" classname="LocalCMCTests" time="0.001"/>
  <testcase name="TestALotOfAdding" classname="LocalCMCTests" time="0.0"/>
  <testcase name="TestALotOfAdding" classname="LocalCMCTests" time="0.0"/>
  <testcase name="TestALotOfAdding" classname="LocalCMCTests" time="0.001"/>
  <testcase name="TestALotOfAdding" classname="LocalCMCTests" time="0.002"/>
  <testcase name="TestALotOfAdding" classname="LocalCMCTests" time="0.001"/>
  <testcase name="TestALotOfAdding" classname="LocalCMCTests" time="0.001"/>
  <testcase name="TestALotOfAdding" classname="LocalCMCTests" time="0.0"/>
  <testcase name="TestALotOfAdding" classname="LocalCMCTests" time="0.0"/>
  <testcase name="TestALotOfAdding" classname="LocalCMCTests" time="0.001"/>
  <testcase name="TestALotOfAdding" classname="LocalCMCTests" time="0.0"/>
  <testcase name="TestALotOfAdding" classname="LocalCMCTests" time="0.0"/>
  <testcase name="TestALotOfAdding" classname="LocalCMCTests" time="0.0"/>
  <testcase name="TestALotOfAdding" classname="LocalCMCTests" time="0.001"/>
  <testcase name="TestALotOfAdding" classname="LocalCMCTests" time="0.002"/>
  <testcase name="TestALotOfAdding" classname="LocalCMCTests" time="0.0"/>
  <testcase name="TestALotOfAdding" classname="LocalCMCTests" time="0.001"/>
  <testcase name="TestALotOfAdding" classname="LocalCMCTests" time="0.001"/>
  <testcase name="TestALotOfAdding" classname="LocalCMCTests" time="0.002"/>
  <testcase name="TestALotOfAdding" classname="LocalCMCTests" time="0.0"/>
  <testcase name="TestALotOfAdding" classname="LocalCMCTests" time="0.0"/>
  <testcase name="TestALotOfAdding" classname="LocalCMCTests" time="0.0"/>
  <testcase name="TestALotOfAdding" classname="LocalCMCTests" time="0.0"/>
  <testcase name="TestALotOfAdding" classname="LocalCMCTests" time="0.0"/>
  <testcase name="TestALotOfAdding" classname="LocalCMCTests" time="0.0"/>
  <testcase name="TestALotOfAdding" classname="LocalCMCTests" time="0.0"/>
  <testcase name="TestALotOfAdding" classname="LocalCMCTests" time="0.002"/>
  <testcase name="TestALotOfAdding" classname="LocalCMCTests" time="0.0"/>
  <testcase name="TestALotOfAdding" classname="LocalCMCTests" time="0.0"/>
  <testcase name="TestALotOfAdding" classname="LocalCMCTests" time="0.002"/>
  <testcase name="TestALotOfAdding" classname="LocalCMCTests" time="0.0"/>
  <testcase name="TestALotOfAdding" classname="LocalCMCTests" time="0.002"/>
  <testcase name="TestALotOfAdding" classname="LocalCMCTests" time="0.003"/>
  <testcase name="TestALotOfAdding" classname="LocalCMCTests" time="0.0"/>
  <testcase name="TestALotOfAdding" classname="LocalCMCTests" time="0.0"/>
  <testcase name="TestALotOfAdding" classname="LocalCMCTests" time="0.0"/>
  <testcase name="TestALotOfAdding" classname="LocalCMCTests" time="0.0"/>
  <testcase name="TestALotOfAdding" classname="LocalCMCTests" time="0.001"/>
  <testcase name="TestALotOfAdding" classname="LocalCMCTests" time="0.0"/>
  <testcase name="TestALotOfAdding" classname="LocalCMCTests" time="0.002"/>
  <testcase name="TestALotOfAdding" classname="LocalCMCTests" time="0.003"/>
  <testcase name="TestALotOfAdding" classname="LocalCMCTests" time="0.0"/>
  <testcase name="TestALotOfAdding" classname="LocalCMCTests" time="0.002"/>
  <testcase name="TestALotOfAdding" classname="LocalCMCTests" time="0.0"/>
  <testcase name="TestALotOfAdding" classname="LocalCMCTests" time="0.001"/>
  <testcase name="TestALotOfAdding" classname="LocalCMCTests" time="0.001"/>
  <testcase name="TestALotOfAdding" classname="LocalCMCTests" time="0.001"/>
  <testcase name="TestALotOfAdding" classname="LocalCMCTests" time="0.001"/>
  <testcase name="TestALotOfAdding" classname="LocalCMCTests" time="0.001"/>
  <testcase name="TestALotOfAdding" classname="LocalCMCTests" time="0.001"/>
  <testcase name="TestALotOfAdding" classname="LocalCMCTests" time="0.001"/>
  <testcase name="TestALotOfAdding" classname="LocalCMCTests" time="0.0"/>
  <testcase name="TestALotOfAdding" classname="LocalCMCTests" time="0.001"/>
  <testcase name="TestALotOfAdding" classname="LocalCMCTests" time="0.001"/>
  <testcase name="TestALotOfAdding" classname="LocalCMCTests" time="0.001"/>
  <testcase name="TestALotOfAdding" classname="LocalCMCTests" time="0.001"/>
  <testcase name="TestALotOfAdding" classname="LocalCMCTests" time="0.001"/>
  <testcase name="TestALotOfAdding" classname="LocalCMCTests" time="0.001"/>
  <testcase name="TestALotOfAdding" classname="LocalCMCTests" time="0.0"/>
  <testcase name="TestALotOfAdding" classname="LocalCMCTests" time="0.001"/>
  <testcase name="TestALotOfAdding" classname="LocalCMCTests" time="0.001"/>
  <testcase name="TestALotOfAdding" classname="LocalCMCTests" time="0.0"/>
  <testcase name="TestALotOfAdding" classname="LocalCMCTests" time="0.0"/>
  <testcase name="TestALotOfAdding" classname="LocalCMCTests" time="0.0"/>
  <testcase name="TestALotOfAdding" classname="LocalCMCTests" time="0.0"/>
  <testcase name="TestALotOfAdding" classname="LocalCMCTests" time="0.0"/>
  <testcase name="TestALotOfAdding" classname="LocalCMCTests" time="0.0"/>
  <testcase name="TestALotOfAdding" classname="LocalCMCTests" time="0.0"/>
  <testcase name="TestALotOfAdding" classname="LocalCMCTests" time="0.0"/>
  <testcase name="TestALotOfAdding" classname="LocalCMCTests" time="0.001"/>
  <testcase name="TestALotOfAdding" classname="LocalCMCTests" time="0.002"/>
  <testcase name="TestALotOfAdding" classname="LocalCMCTests" time="0.001"/>
  <testcase name="TestALotOfAdding" classname="LocalCMCTests" time="0.001"/>
  <testcase name="TestALotOfAdding" classname="LocalCMCTests" time="0.001"/>
  <testcase name="TestALotOfAdding" classname="LocalCMCTests" time="0.001"/>
  <testcase name="TestALotOfAdding" classname="LocalCMCTests" time="0.0"/>
  <testcase name="TestALotOfAdding" classname="LocalCMCTests" time="0.002"/>
  <testcase name="TestALotOfAdding" classname="LocalCMCTests" time="0.0"/>
  <testcase name="TestALotOfAdding" classname="LocalCMCTests" time="0.0"/>
  <testcase name="TestALotOfAdding" classname="LocalCMCTests" time="0.001"/>
  <testcase name="TestALotOfAdding" classname="LocalCMCTests" time="0.0"/>
  <testcase name="TestALotOfAdding" classname="LocalCMCTests" time="0.0"/>
  <testcase name="TestALotOfAdding" classname="LocalCMCTests" time="0.002"/>
  <testcase name="TestALotOfAdding" classname="LocalCMCTests" time="0.001"/>
  <testcase name="TestALotOfAdding" classname="LocalCMCTests" time="0.0"/>
  <testcase name="TestALotOfAdding" classname="LocalCMCTests" time="0.001"/>
  <testcase name="TestALotOfAdding" classname="LocalCMCTests" time="0.001"/>
  <testcase name="TestALotOfAdding" classname="LocalCMCTests" time="0.0"/>
  <testcase name="TestALotOfAdding" classname="LocalCMCTests" time="0.001"/>
  <testcase name="TestALotOfAdding" classname="LocalCMCTests" time="0.001"/>
  <testcase name="TestALotOfAdding" classname="LocalCMCTests" time="0.0"/>
  <testcase name="TestALotOfAdding" classname="LocalCMCTests" time="0.001"/>
  <testcase name="TestALotOfAdding" classname="LocalCMCTests" time="0.0"/>
  <testcase name="TestALotOfAdding" classname="LocalCMCTests" time="0.0"/>
  <testcase name="TestALotOfAdding" classname="LocalCMCTests" time="0.001"/>
  <testcase name="TestALotOfAdding" classname="LocalCMCTests" time="0.002"/>
  <testcase name="TestALotOfAdding" classname="LocalCMCTests" time="0.001"/>
  <testcase name="TestALotOfAdding" classname="LocalCMCTests" time="0.001"/>
  <testcase name="TestALotOfAdding" classname="LocalCMCTests" time="0.001"/>
  <testcase name="TestALotOfAdding" classname="LocalCMCTests" time="0.001"/>
  <testcase name="TestALotOfAdding" classname="LocalCMCTests" time="0.0"/>
  <testcase name="TestALotOfAdding" classname="LocalCMCTests" time="0.001"/>
  <testcase name="TestALotOfAdding" classname="LocalCMCTests" time="0.001"/>
  <testcase name="TestALotOfAdding" classname="LocalCMCTests" time="0.001"/>
  <testcase name="TestALotOfAdding" classname="LocalCMCTests" time="0.001"/>
  <testcase name="TestALotOfAdding" classname="LocalCMCTests" time="0.0"/>
  <testcase name="TestALotOfAdding" classname="LocalCMCTests" time="0.0"/>
  <testcase name="TestALotOfAdding" classname="LocalCMCTests" time="0.0"/>
  <testcase name="TestALotOfAdding" classname="LocalCMCTests" time="0.0"/>
  <testcase name="TestALotOfAdding" classname="LocalCMCTests" time="0.0"/>
  <testcase name="TestALotOfAdding" classname="LocalCMCTests" time="0.0"/>
  <testcase name="TestALotOfAdding" classname="LocalCMCTests" time="0.001"/>
  <testcase name="TestALotOfAdding" classname="LocalCMCTests" time="0.001"/>
  <testcase name="TestALotOfAdding" classname="LocalCMCTests" time="0.0"/>
  <testcase name="TestALotOfAdding" classname="LocalCMCTests" time="0.002"/>
  <testcase name="TestALotOfAdding" classname="LocalCMCTests" time="0.0"/>
  <testcase name="TestALotOfAdding" classname="LocalCMCTests" time="0.0"/>
  <testcase name="TestALotOfAdding" classname="LocalCMCTests" time="0.001"/>
  <testcase name="TestALotOfAdding" classname="LocalCMCTests" time="0.0"/>
  <testcase name="TestALotOfAdding" classname="LocalCMCTests" time="0.001"/>
  <testcase name="TestALotOfAdding" classname="LocalCMCTests" time="0.0"/>
  <testcase name="TestALotOfAdding" classname="LocalCMCTests" time="0.001"/>
  <testcase name="TestALotOfAdding" classname="LocalCMCTests" time="0.0"/>
  <testcase name="TestALotOfAdding" classname="LocalCMCTests" time="0.001"/>
  <testcase name="TestALotOfAdding" classname="LocalCMCTests" time="0.002"/>
  <testcase name="TestALotOfAdding" classname="LocalCMCTests" time="0.002"/>
  <testcase name="TestALotOfAdding" classname="LocalCMCTests" time="0.002"/>
  <testcase name="TestALotOfAdding" classname="LocalCMCTests" time="0.004"/>
  <testcase name="TestALotOfAdding" classname="LocalCMCTests" time="0.002"/>
  <testcase name="TestALotOfAdding" classname="LocalCMCTests" time="0.003"/>
  <testcase name="TestALotOfAdding" classname="LocalCMCTests" time="0.003"/>
  <testcase name="TestALotOfAdding" classname="LocalCMCTests" time="0.002"/>
  <testcase name="TestALotOfAdding" classname="LocalCMCTests" time="0.002"/>
  <testcase name="TestALotOfAdding" classname="LocalCMCTests" time="0.001"/>
  <testcase name="TestALotOfAdding" classname="LocalCMCTests" time="0.001"/>
  <testcase name="TestALotOfAdding" classname="LocalCMCTests" time="0.001"/>
  <testcase name="TestALotOfAdding" classname="LocalCMCTests" time="0.001"/>
  <testcase name="TestALotOfAdding" classname="LocalCMCTests" time="0.0"/>
  <testcase name="TestALotOfAdding" classname="LocalCMCTests" time="0.001"/>
  <testcase name="TestALotOfAdding" classname="LocalCMCTests" time="0.001"/>
  <testcase name="TestALotOfAdding" classname="LocalCMCTests" time="0.001"/>
  <testcase name="TestALotOfAdding" classname="LocalCMCTests" time="0.001"/>
  <testcase name="TestALotOfAdding" classname="LocalCMCTests" time="0.001"/>
  <testcase name="TestALotOfAdding" classname="LocalCMCTests" time="0.001"/>
  <testcase name="TestALotOfAdding" classname="LocalCMCTests" time="0.0"/>
  <testcase name="TestALotOfAdding" classname="LocalCMCTests" time="0.0"/>
  <testcase name="TestALotOfAdding" classname="LocalCMCTests" time="0.0"/>
  <testcase name="TestALotOfAdding" classname="LocalCMCTests" time="0.0"/>
  <testcase name="TestALotOfAdding" classname="LocalCMCTests" time="0.0"/>
  <testcase name="TestALotOfAdding" classname="LocalCMCTests" time="0.0"/>
  <testcase name="TestALotOfAdding" classname="LocalCMCTests" time="0.0"/>
  <testcase name="TestALotOfAdding" classname="LocalCMCTests" time="0.001"/>
  <testcase name="TestALotOfAdding" classname="LocalCMCTests" time="0.001"/>
  <testcase name="TestALotOfAdding" classname="LocalCMCTests" time="0.001"/>
  <testcase name="TestALotOfAdding" classname="LocalCMCTests" time="0.001"/>
  <testcase name="TestALotOfAdding" classname="LocalCMCTests" time="0.0"/>
  <testcase name="TestALotOfAdding" classname="LocalCMCTests" time="0.0"/>
  <testcase name="TestALotOfAdding" classname="LocalCMCTests" time="0.001"/>
  <testcase name="TestALotOfAdding" classname="LocalCMCTests" time="0.001"/>
  <testcase name="TestALotOfAdding" classname="LocalCMCTests" time="0.001"/>
  <testcase name="TestALotOfAdding" classname="LocalCMCTests" time="0.001"/>
  <testcase name="TestALotOfAdding" classname="LocalCMCTests" time="0.001"/>
  <testcase name="TestALotOfAdding" classname="LocalCMCTests" time="0.0"/>
  <testcase name="TestALotOfAdding" classname="LocalCMCTests" time="0.0"/>
  <testcase name="TestALotOfAdding" classname="LocalCMCTests" time="0.0"/>
  <testcase name="TestALotOfAdding" classname="LocalCMCTests" time="0.0"/>
  <testcase name="TestALotOfAdding" classname="LocalCMCTests" time="0.001"/>
  <testcase name="TestALotOfAdding" classname="LocalCMCTests" time="0.001"/>
  <testcase name="TestALotOfAdding" classname="LocalCMCTests" time="0.001"/>
  <testcase name="TestALotOfAdding" classname="LocalCMCTests" time="0.001"/>
  <testcase name="TestALotOfAdding" classname="LocalCMCTests" time="0.0"/>
  <testcase name="TestALotOfAdding" classname="LocalCMCTests" time="0.0"/>
  <testcase name="TestALotOfAdding" classname="LocalCMCTests" time="0.001"/>
  <testcase name="TestALotOfAdding" classname="LocalCMCTests" time="0.001"/>
  <testcase name="TestALotOfAdding" classname="LocalCMCTests" time="0.001"/>
  <testcase name="TestALotOfAdding" classname="LocalCMCTests" time="0.001"/>
  <testcase name="TestALotOfAdding" classname="LocalCMCTests" time="0.001"/>
  <testcase name="TestALotOfAdding" classname="LocalCMCTests" time="0.0"/>
  <testcase name="TestALotOfAdding" classname="LocalCMCTests" time="0.0"/>
  <testcase name="TestALotOfAdding" classname="LocalCMCTests" time="0.001"/>
  <testcase name="TestALotOfAdding" classname="LocalCMCTests" time="0.001"/>
  <testcase name="TestALotOfAdding" classname="LocalCMCTests" time="0.001"/>
  <testcase name="TestALotOfAdding" classname="LocalCMCTests" time="0.001"/>
  <testcase name="TestALotOfAdding" classname="LocalCMCTests" time="0.001"/>
  <testcase name="TestALotOfAdding" classname="LocalCMCTests" time="0.0"/>
  <testcase name="TestALotOfAdding" classname="LocalCMCTests" time="0.0"/>
  <testcase name="TestALotOfAdding" classname="LocalCMCTests" time="0.0"/>
  <testcase name="TestALotOfAdding" classname="LocalCMCTests" time="0.0"/>
  <testcase name="TestALotOfAdding" classname="LocalCMCTests" time="0.0"/>
  <testcase name="TestALotOfAdding" classname="LocalCMCTests" time="0.001"/>
  <testcase name="TestALotOfAdding" classname="LocalCMCTests" time="0.001"/>
  <testcase name="TestALotOfAdding" classname="LocalCMCTests" time="0.002"/>
  <testcase name="TestALotOfAdding" classname="LocalCMCTests" time="0.001"/>
  <testcase name="TestALotOfAdding" classname="LocalCMCTests" time="0.0"/>
  <testcase name="TestALotOfAdding" classname="LocalCMCTests" time="0.0"/>
  <testcase name="TestALotOfAdding" classname="LocalCMCTests" time="0.0"/>
  <testcase name="TestALotOfAdding" classname="LocalCMCTests" time="0.001"/>
  <testcase name="TestALotOfAdding" classname="LocalCMCTests" time="0.0"/>
  <testcase name="TestALotOfAdding" classname="LocalCMCTests" time="0.001"/>
  <testcase name="TestALotOfAdding" classname="LocalCMCTests" time="0.0"/>
  <testcase name="TestALotOfAdding" classname="LocalCMCTests" time="0.001"/>
  <testcase name="TestALotOfAdding" classname="LocalCMCTests" time="0.001"/>
  <testcase name="TestALotOfAdding" classname="LocalCMCTests" time="0.0"/>
  <testcase name="TestALotOfAdding" classname="LocalCMCTests" time="0.001"/>
  <testcase name="TestALotOfAdding" classname="LocalCMCTests" time="0.0"/>
  <testcase name="TestALotOfAdding" classname="LocalCMCTests" time="0.001"/>
  <testcase name="TestALotOfAdding" classname="LocalCMCTests" time="0.0"/>
  <testcase name="TestALotOfAdding" classname="LocalCMCTests" time="0.001"/>
  <testcase name="TestALotOfAdding" classname="LocalCMCTests" time="0.0"/>
  <testcase name="TestALotOfAdding" classname="LocalCMCTests" time="0.001"/>
  <testcase name="TestALotOfAdding" classname="LocalCMCTests" time="0.0"/>
  <testcase name="TestALotOfAdding" classname="LocalCMCTests" time="0.0"/>
  <testcase name="TestALotOfAdding" classname="LocalCMCTests" time="0.001"/>
  <testcase name="TestALotOfAdding" classname="LocalCMCTests" time="0.001"/>
  <testcase name="TestALotOfAdding" classname="LocalCMCTests" time="0.001"/>
  <testcase name="TestALotOfAdding" classname="LocalCMCTests" time="0.001"/>
  <testcase name="TestALotOfAdding" classname="LocalCMCTests" time="0.002"/>
  <testcase name="TestALotOfAdding" classname="LocalCMCTests" time="0.0"/>
  <testcase name="TestALotOfAdding" classname="LocalCMCTests" time="0.001"/>
  <testcase name="TestALotOfAdding" classname="LocalCMCTests" time="0.0"/>
  <testcase name="TestALotOfAdding" classname="LocalCMCTests" time="0.0"/>
  <testcase name="TestALotOfAdding" classname="LocalCMCTests" time="0.0"/>
  <testcase name="TestALotOfAdding" classname="LocalCMCTests" time="0.0"/>
  <testcase name="TestALotOfAdding" classname="LocalCMCTests" time="0.001"/>
  <testcase name="TestALotOfAdding" classname="LocalCMCTests" time="0.001"/>
  <testcase name="TestALotOfAdding" classname="LocalCMCTests" time="0.001"/>
  <testcase name="TestALotOfAdding" classname="LocalCMCTests" time="0.002"/>
  <testcase name="TestALotOfAdding" classname="LocalCMCTests" time="0.0"/>
  <testcase name="TestALotOfAdding" classname="LocalCMCTests" time="0.001"/>
  <testcase name="TestALotOfAdding" classname="LocalCMCTests" time="0.001"/>
  <testcase name="TestALotOfAdding" classname="LocalCMCTests" time="0.001"/>
  <testcase name="TestALotOfAdding" classname="LocalCMCTests" time="0.0"/>
  <testcase name="TestALotOfAdding" classname="LocalCMCTests" time="0.001"/>
  <testcase name="TestALotOfAdding" classname="LocalCMCTests" time="0.0"/>
  <testcase name="TestALotOfAdding" classname="LocalCMCTests" time="0.001"/>
  <testcase name="TestALotOfAdding" classname="LocalCMCTests" time="0.0"/>
  <testcase name="TestALotOfAdding" classname="LocalCMCTests" time="0.0"/>
  <testcase name="TestALotOfAdding" classname="LocalCMCTests" time="0.001"/>
  <testcase name="TestALotOfAdding" classname="LocalCMCTests" time="0.001"/>
  <testcase name="TestALotOfAdding" classname="LocalCMCTests" time="0.0"/>
  <testcase name="TestALotOfAdding" classname="LocalCMCTests" time="0.001"/>
  <testcase name="TestALotOfAdding" classname="LocalCMCTests" time="0.002"/>
  <testcase name="TestALotOfAdding" classname="LocalCMCTests" time="0.0"/>
  <testcase name="TestALotOfAdding" classname="LocalCMCTests" time="0.001"/>
  <testcase name="TestALotOfAdding" classname="LocalCMCTests" time="0.001"/>
  <testcase name="TestALotOfAdding" classname="LocalCMCTests" time="0.002"/>
  <testcase name="TestALotOfAdding" classname="LocalCMCTests" time="0.0"/>
  <testcase name="TestALotOfAdding" classname="LocalCMCTests" time="0.0"/>
  <testcase name="TestALotOfAdding" classname="LocalCMCTests" time="0.0"/>
  <testcase name="TestALotOfAdding" classname="LocalCMCTests" time="0.001"/>
  <testcase name="TestALotOfAdding" classname="LocalCMCTests" time="0.001"/>
  <testcase name="TestALotOfAdding" classname="LocalCMCTests" time="0.001"/>
  <testcase name="TestALotOfAdding" classname="LocalCMCTests" time="0.001"/>
  <testcase name="TestALotOfAdding" classname="LocalCMCTests" time="0.002"/>
  <testcase name="TestALotOfAdding" classname="LocalCMCTests" time="0.002"/>
  <testcase name="TestALotOfAdding" classname="LocalCMCTests" time="0.001"/>
  <testcase name="TestALotOfAdding" classname="LocalCMCTests" time="0.001"/>
  <testcase name="TestALotOfAdding" classname="LocalCMCTests" time="0.001"/>
  <testcase name="TestALotOfAdding" classname="LocalCMCTests" time="0.001"/>
  <testcase name="TestALotOfAdding" classname="LocalCMCTests" time="0.003"/>
  <testcase name="TestALotOfAdding" classname="LocalCMCTests" time="0.0"/>
  <testcase name="TestALotOfAdding" classname="LocalCMCTests" time="0.0"/>
  <testcase name="TestALotOfAdding" classname="LocalCMCTests" time="0.0"/>
  <testcase name="TestALotOfAdding" classname="LocalCMCTests" time="0.0"/>
  <testcase name="TestALotOfAdding" classname="LocalCMCTests" time="0.0"/>
  <testcase name="TestALotOfAdding" classname="LocalCMCTests" time="0.0"/>
  <testcase name="TestALotOfAdding" classname="LocalCMCTests" time="0.001"/>
  <testcase name="TestALotOfAdding" classname="LocalCMCTests" time="0.0"/>
  <testcase name="TestALotOfAdding" classname="LocalCMCTests" time="0.0"/>
  <testcase name="TestALotOfAdding" classname="LocalCMCTests" time="0.0"/>
  <testcase name="TestALotOfAdding" classname="LocalCMCTests" time="0.001"/>
  <testcase name="TestALotOfAdding" classname="LocalCMCTests" time="0.001"/>
  <testcase name="TestALotOfAdding" classname="LocalCMCTests" time="0.001"/>
  <testcase name="TestALotOfAdding" classname="LocalCMCTests" time="0.0"/>
  <testcase name="TestALotOfAdding" classname="LocalCMCTests" time="0.001"/>
  <testcase name="TestALotOfAdding" classname="LocalCMCTests" time="0.0"/>
  <testcase name="TestALotOfAdding" classname="LocalCMCTests" time="0.001"/>
  <testcase name="TestALotOfAdding" classname="LocalCMCTests" time="0.001"/>
  <testcase name="TestALotOfAdding" classname="LocalCMCTests" time="0.0"/>
  <testcase name="TestALotOfAdding" classname="LocalCMCTests" time="0.001"/>
  <testcase name="TestALotOfAdding" classname="LocalCMCTests" time="0.0"/>
  <testcase name="TestALotOfAdding" classname="LocalCMCTests" time="0.0"/>
  <testcase name="TestALotOfAdding" classname="LocalCMCTests" time="0.0"/>
  <testcase name="TestALotOfAdding" classname="LocalCMCTests" time="0.0"/>
  <testcase name="TestALotOfAdding" classname="LocalCMCTests" time="0.0"/>
  <testcase name="TestALotOfAdding" classname="LocalCMCTests" time="0.002"/>
  <testcase name="TestALotOfAdding" classname="LocalCMCTests" time="0.002"/>
  <testcase name="TestALotOfAdding" classname="LocalCMCTests" time="0.001"/>
  <testcase name="TestALotOfAdding" classname="LocalCMCTests" time="0.0"/>
  <testcase name="TestALotOfAdding" classname="LocalCMCTests" time="0.001"/>
  <testcase name="TestALotOfAdding" classname="LocalCMCTests" time="0.001"/>
  <testcase name="TestALotOfAdding" classname="LocalCMCTests" time="0.001"/>
  <testcase name="TestALotOfAdding" classname="LocalCMCTests" time="0.001"/>
  <testcase name="TestALotOfAdding" classname="LocalCMCTests" time="0.0"/>
  <testcase name="TestALotOfAdding" classname="LocalCMCTests" time="0.001"/>
  <testcase name="TestALotOfAdding" classname="LocalCMCTests" time="0.001"/>
  <testcase name="TestALotOfAdding" classname="LocalCMCTests" time="0.001"/>
  <testcase name="TestALotOfAdding" classname="LocalCMCTests" time="0.0"/>
  <testcase name="TestALotOfAdding" classname="LocalCMCTests" time="0.0"/>
  <testcase name="TestALotOfAdding" classname="LocalCMCTests" time="0.0"/>
  <testcase name="TestALotOfAdding" classname="LocalCMCTests" time="0.0"/>
  <testcase name="TestALotOfAdding" classname="LocalCMCTests" time="0.0"/>
  <testcase name="TestALotOfAdding" classname="LocalCMCTests" time="0.001"/>
  <testcase name="TestALotOfAdding" classname="LocalCMCTests" time="0.0"/>
  <testcase name="TestALotOfAdding" classname="LocalCMCTests" time="0.001"/>
  <testcase name="TestALotOfAdding" classname="LocalCMCTests" time="0.0"/>
  <testcase name="TestALotOfAdding" classname="LocalCMCTests" time="0.0"/>
  <testcase name="TestALotOfAdding" classname="LocalCMCTests" time="0.0"/>
  <testcase name="TestALotOfAdding" classname="LocalCMCTests" time="0.001"/>
  <testcase name="TestALotOfAdding" classname="LocalCMCTests" time="0.0"/>
  <testcase name="TestALotOfAdding" classname="LocalCMCTests" time="0.001"/>
  <testcase name="TestALotOfAdding" classname="LocalCMCTests" time="0.0"/>
  <testcase name="TestALotOfAdding" classname="LocalCMCTests" time="0.001"/>
  <testcase name="TestALotOfAdding" classname="LocalCMCTests" time="0.001"/>
  <testcase name="TestALotOfAdding" classname="LocalCMCTests" time="0.001"/>
  <testcase name="TestALotOfAdding" classname="LocalCMCTests" time="0.002"/>
  <testcase name="TestALotOfAdding" classname="LocalCMCTests" time="0.002"/>
  <testcase name="TestALotOfAdding" classname="LocalCMCTests" time="0.0"/>
  <testcase name="TestALotOfAdding" classname="LocalCMCTests" time="0.001"/>
  <testcase name="TestALotOfAdding" classname="LocalCMCTests" time="0.0"/>
  <testcase name="TestALotOfAdding" classname="LocalCMCTests" time="0.001"/>
  <testcase name="TestALotOfAdding" classname="LocalCMCTests" time="0.001"/>
  <testcase name="TestALotOfAdding" classname="LocalCMCTests" time="0.0"/>
  <testcase name="TestALotOfAdding" classname="LocalCMCTests" time="0.0"/>
  <testcase name="TestALotOfAdding" classname="LocalCMCTests" time="0.001"/>
  <testcase name="TestALotOfAdding" classname="LocalCMCTests" time="0.001"/>
  <testcase name="TestALotOfAdding" classname="LocalCMCTests" time="0.002"/>
  <testcase name="TestALotOfAdding" classname="LocalCMCTests" time="0.0"/>
  <testcase name="TestALotOfAdding" classname="LocalCMCTests" time="0.001"/>
  <testcase name="TestALotOfAdding" classname="LocalCMCTests" time="0.0"/>
  <testcase name="TestALotOfAdding" classname="LocalCMCTests" time="0.0"/>
  <testcase name="TestALotOfAdding" classname="LocalCMCTests" time="0.001"/>
  <testcase name="TestALotOfAdding" classname="LocalCMCTests" time="0.001"/>
  <testcase name="TestALotOfAdding" classname="LocalCMCTests" time="0.0"/>
  <testcase name="TestALotOfAdding" classname="LocalCMCTests" time="0.001"/>
  <testcase name="TestALotOfAdding" classname="LocalCMCTests" time="0.001"/>
  <testcase name="TestALotOfAdding" classname="LocalCMCTests" time="0.001"/>
  <testcase name="TestALotOfAdding" classname="LocalCMCTests" time="0.0"/>
  <testcase name="TestALotOfAdding" classname="LocalCMCTests" time="0.001"/>
  <testcase name="TestALotOfAdding" classname="LocalCMCTests" time="0.001"/>
  <testcase name="TestALotOfAdding" classname="LocalCMCTests" time="0.001"/>
  <testcase name="TestALotOfAdding" classname="LocalCMCTests" time="0.001"/>
  <testcase name="TestALotOfAdding" classname="LocalCMCTests" time="0.0"/>
  <testcase name="TestALotOfAdding" classname="LocalCMCTests" time="0.0"/>
  <testcase name="TestALotOfAdding" classname="LocalCMCTests" time="0.002"/>
  <testcase name="TestALotOfAdding" classname="LocalCMCTests" time="0.001"/>
  <testcase name="TestALotOfAdding" classname="LocalCMCTests" time="0.001"/>
  <testcase name="TestALotOfAdding" classname="LocalCMCTests" time="0.0"/>
  <testcase name="TestALotOfAdding" classname="LocalCMCTests" time="0.001"/>
  <testcase name="TestALotOfAdding" classname="LocalCMCTests" time="0.0"/>
  <testcase name="TestALotOfAdding" classname="LocalCMCTests" time="0.001"/>
  <testcase name="TestALotOfAdding" classname="LocalCMCTests" time="0.0"/>
  <testcase name="TestALotOfAdding" classname="LocalCMCTests" time="0.001"/>
  <testcase name="TestALotOfAdding" classname="LocalCMCTests" time="0.001"/>
  <testcase name="TestALotOfAdding" classname="LocalCMCTests" time="0.0"/>
  <testcase name="TestALotOfAdding" classname="LocalCMCTests" time="0.0"/>
  <testcase name="TestALotOfAdding" classname="LocalCMCTests" time="0.0"/>
  <testcase name="TestALotOfAdding" classname="LocalCMCTests" time="0.001"/>
  <testcase name="TestALotOfAdding" classname="LocalCMCTests" time="0.0"/>
  <testcase name="TestALotOfAdding" classname="LocalCMCTests" time="0.002"/>
  <testcase name="TestALotOfAdding" classname="LocalCMCTests" time="0.0"/>
  <testcase name="TestALotOfAdding" classname="LocalCMCTests" time="0.0"/>
  <testcase name="TestALotOfAdding" classname="LocalCMCTests" time="0.001"/>
  <testcase name="TestALotOfAdding" classname="LocalCMCTests" time="0.001"/>
  <testcase name="TestALotOfAdding" classname="LocalCMCTests" time="0.001"/>
  <testcase name="TestALotOfAdding" classname="LocalCMCTests" time="0.001"/>
  <testcase name="TestALotOfAdding" classname="LocalCMCTests" time="0.001"/>
  <testcase name="TestALotOfAdding" classname="LocalCMCTests" time="0.001"/>
  <testcase name="TestALotOfAdding" classname="LocalCMCTests" time="0.001"/>
  <testcase name="TestALotOfAdding" classname="LocalCMCTests" time="0.002"/>
  <testcase name="TestALotOfAdding" classname="LocalCMCTests" time="0.0"/>
  <testcase name="TestALotOfAdding" classname="LocalCMCTests" time="0.0"/>
  <testcase name="TestALotOfAdding" classname="LocalCMCTests" time="0.0"/>
  <testcase name="TestALotOfAdding" classname="LocalCMCTests" time="0.0"/>
  <testcase name="TestALotOfAdding" classname="LocalCMCTests" time="0.001"/>
  <testcase name="TestALotOfAdding" classname="LocalCMCTests" time="0.001"/>
  <testcase name="TestALotOfAdding" classname="LocalCMCTests" time="0.001"/>
  <testcase name="TestALotOfAdding" classname="LocalCMCTests" time="0.001"/>
  <testcase name="TestALotOfAdding" classname="LocalCMCTests" time="0.001"/>
  <testcase name="TestALotOfAdding" classname="LocalCMCTests" time="0.0"/>
  <testcase name="TestALotOfAdding" classname="LocalCMCTests" time="0.001"/>
  <testcase name="TestALotOfAdding" classname="LocalCMCTests" time="0.0"/>
  <testcase name="TestALotOfAdding" classname="LocalCMCTests" time="0.0"/>
  <testcase name="TestALotOfAdding" classname="LocalCMCTests" time="0.001"/>
  <testcase name="TestALotOfAdding" classname="LocalCMCTests" time="0.0"/>
  <testcase name="TestALotOfAdding" classname="LocalCMCTests" time="0.001"/>
  <testcase name="TestALotOfAdding" classname="LocalCMCTests" time="0.0"/>
  <testcase name="TestALotOfAdding" classname="LocalCMCTests" time="0.002"/>
  <testcase name="TestALotOfAdding" classname="LocalCMCTests" time="0.0"/>
  <testcase name="TestALotOfAdding" classname="LocalCMCTests" time="0.001"/>
  <testcase name="TestALotOfAdding" classname="LocalCMCTests" time="0.001"/>
  <testcase name="TestALotOfAdding" classname="LocalCMCTests" time="0.001"/>
  <testcase name="TestALotOfAdding" classname="LocalCMCTests" time="0.001"/>
  <testcase name="TestALotOfAdding" classname="LocalCMCTests" time="0.001"/>
  <testcase name="TestALotOfAdding" classname="LocalCMCTests" time="0.0"/>
  <testcase name="TestALotOfAdding" classname="LocalCMCTests" time="0.001"/>
  <testcase name="TestALotOfAdding" classname="LocalCMCTests" time="0.003"/>
  <testcase name="TestALotOfAdding" classname="LocalCMCTests" time="0.001"/>
  <testcase name="TestALotOfAdding" classname="LocalCMCTests" time="0.0"/>
  <testcase name="TestALotOfAdding" classname="LocalCMCTests" time="0.0"/>
  <testcase name="TestALotOfAdding" classname="LocalCMCTests" time="0.0"/>
  <testcase name="TestALotOfAdding" classname="LocalCMCTests" time="0.0"/>
  <testcase name="TestALotOfAdding" classname="LocalCMCTests" time="0.0"/>
  <testcase name="TestALotOfAdding" classname="LocalCMCTests" time="0.0"/>
  <testcase name="TestALotOfAdding" classname="LocalCMCTests" time="0.001"/>
  <testcase name="TestALotOfAdding" classname="LocalCMCTests" time="0.001"/>
  <testcase name="TestALotOfAdding" classname="LocalCMCTests" time="0.0"/>
  <testcase name="TestALotOfAdding" classname="LocalCMCTests" time="0.001"/>
  <testcase name="TestALotOfAdding" classname="LocalCMCTests" time="0.0"/>
  <testcase name="TestALotOfAdding" classname="LocalCMCTests" time="0.0"/>
  <testcase name="TestALotOfAdding" classname="LocalCMCTests" time="0.0"/>
  <testcase name="TestALotOfAdding" classname="LocalCMCTests" time="0.0"/>
  <testcase name="TestALotOfAdding" classname="LocalCMCTests" time="0.001"/>
  <testcase name="TestALotOfAdding" classname="LocalCMCTests" time="0.0"/>
  <testcase name="TestALotOfAdding" classname="LocalCMCTests" time="0.001"/>
  <testcase name="TestALotOfAdding" classname="LocalCMCTests" time="0.001"/>
  <testcase name="TestALotOfAdding" classname="LocalCMCTests" time="0.001"/>
  <testcase name="TestALotOfAdding" classname="LocalCMCTests" time="0.0"/>
  <testcase name="TestALotOfAdding" classname="LocalCMCTests" time="0.001"/>
  <testcase name="TestALotOfAdding" classname="LocalCMCTests" time="0.001"/>
  <testcase name="TestALotOfAdding" classname="LocalCMCTests" time="0.001"/>
  <testcase name="TestALotOfAdding" classname="LocalCMCTests" time="0.0"/>
  <testcase name="TestALotOfAdding" classname="LocalCMCTests" time="0.001"/>
  <testcase name="TestALotOfAdding" classname="LocalCMCTests" time="0.0"/>
  <testcase name="TestALotOfAdding" classname="LocalCMCTests" time="0.0"/>
  <testcase name="TestALotOfAdding" classname="LocalCMCTests" time="0.0"/>
  <testcase name="TestALotOfAdding" classname="LocalCMCTests" time="0.001"/>
  <testcase name="TestALotOfAdding" classname="LocalCMCTests" time="0.001"/>
  <testcase name="TestALotOfAdding" classname="LocalCMCTests" time="0.0"/>
  <testcase name="TestALotOfAdding" classname="LocalCMCTests" time="0.0"/>
  <testcase name="TestALotOfAdding" classname="LocalCMCTests" time="0.002"/>
  <testcase name="TestALotOfAdding" classname="LocalCMCTests" time="0.002"/>
  <testcase name="TestALotOfAdding" classname="LocalCMCTests" time="0.002"/>
  <testcase name="TestALotOfAdding" classname="LocalCMCTests" time="0.001"/>
  <testcase name="TestALotOfAdding" classname="LocalCMCTests" time="0.0"/>
  <testcase name="TestALotOfAdding" classname="LocalCMCTests" time="0.001"/>
  <testcase name="TestALotOfAdding" classname="LocalCMCTests" time="0.001"/>
  <testcase name="TestALotOfAdding" classname="LocalCMCTests" time="0.001"/>
  <testcase name="TestALotOfAdding" classname="LocalCMCTests" time="0.001"/>
  <testcase name="TestALotOfAdding" classname="LocalCMCTests" time="0.003"/>
  <testcase name="TestALotOfAdding" classname="LocalCMCTests" time="0.001"/>
  <testcase name="TestALotOfAdding" classname="LocalCMCTests" time="0.0"/>
  <testcase name="TestALotOfAdding" classname="LocalCMCTests" time="0.001"/>
  <testcase name="TestALotOfAdding" classname="LocalCMCTests" time="0.0"/>
  <testcase name="TestALotOfAdding" classname="LocalCMCTests" time="0.0"/>
  <testcase name="TestALotOfAdding" classname="LocalCMCTests" time="0.001"/>
  <testcase name="TestALotOfAdding" classname="LocalCMCTests" time="0.002"/>
  <testcase name="TestALotOfAdding" classname="LocalCMCTests" time="0.0"/>
  <testcase name="TestALotOfAdding" classname="LocalCMCTests" time="0.001"/>
  <testcase name="TestALotOfAdding" classname="LocalCMCTests" time="0.001"/>
  <testcase name="TestALotOfAdding" classname="LocalCMCTests" time="0.0"/>
  <testcase name="TestALotOfAdding" classname="LocalCMCTests" time="0.0"/>
  <testcase name="TestALotOfAdding" classname="LocalCMCTests" time="0.0"/>
  <testcase name="TestALotOfAdding" classname="LocalCMCTests" time="0.0"/>
  <testcase name="TestALotOfAdding" classname="LocalCMCTests" time="0.001"/>
  <testcase name="TestALotOfAdding" classname="LocalCMCTests" time="0.0"/>
  <testcase name="TestALotOfAdding" classname="LocalCMCTests" time="0.001"/>
  <testcase name="TestALotOfAdding" classname="LocalCMCTests" time="0.001"/>
  <testcase name="TestALotOfAdding" classname="LocalCMCTests" time="0.001"/>
  <testcase name="TestALotOfAdding" classname="LocalCMCTests" time="0.0"/>
  <testcase name="TestALotOfAdding" classname="LocalCMCTests" time="0.001"/>
  <testcase name="TestALotOfAdding" classname="LocalCMCTests" time="0.001"/>
  <testcase name="TestALotOfAdding" classname="LocalCMCTests" time="0.0"/>
  <testcase name="TestALotOfAdding" classname="LocalCMCTests" time="0.001"/>
  <testcase name="TestALotOfAdding" classname="LocalCMCTests" time="0.001"/>
  <testcase name="TestALotOfAdding" classname="LocalCMCTests" time="0.001"/>
  <testcase name="TestALotOfAdding" classname="LocalCMCTests" time="0.001"/>
  <testcase name="TestALotOfAdding" classname="LocalCMCTests" time="0.0"/>
  <testcase name="TestALotOfAdding" classname="LocalCMCTests" time="0.001"/>
  <testcase name="TestALotOfAdding" classname="LocalCMCTests" time="0.0"/>
  <testcase name="TestALotOfAdding" classname="LocalCMCTests" time="0.0"/>
  <testcase name="TestALotOfAdding" classname="LocalCMCTests" time="0.001"/>
  <testcase name="TestALotOfAdding" classname="LocalCMCTests" time="0.0"/>
  <testcase name="TestALotOfAdding" classname="LocalCMCTests" time="0.0"/>
  <testcase name="TestALotOfAdding" classname="LocalCMCTests" time="0.003"/>
  <testcase name="TestALotOfAdding" classname="LocalCMCTests" time="0.002"/>
  <testcase name="TestALotOfAdding" classname="LocalCMCTests" time="0.002"/>
  <testcase name="TestALotOfAdding" classname="LocalCMCTests" time="0.001"/>
  <testcase name="TestALotOfAdding" classname="LocalCMCTests" time="0.0"/>
  <testcase name="TestALotOfAdding" classname="LocalCMCTests" time="0.001"/>
  <testcase name="TestALotOfAdding" classname="LocalCMCTests" time="0.001"/>
  <testcase name="TestALotOfAdding" classname="LocalCMCTests" time="0.001"/>
  <testcase name="TestALotOfAdding" classname="LocalCMCTests" time="0.001"/>
  <testcase name="TestALotOfAdding" classname="LocalCMCTests" time="0.0"/>
  <testcase name="TestALotOfAdding" classname="LocalCMCTests" time="0.001"/>
  <testcase name="TestALotOfAdding" classname="LocalCMCTests" time="0.0"/>
  <testcase name="TestALotOfAdding" classname="LocalCMCTests" time="0.0"/>
  <testcase name="TestALotOfAdding" classname="LocalCMCTests" time="0.001"/>
  <testcase name="TestALotOfAdding" classname="LocalCMCTests" time="0.0"/>
  <testcase name="TestALotOfAdding" classname="LocalCMCTests" time="0.0"/>
  <testcase name="TestALotOfAdding" classname="LocalCMCTests" time="0.001"/>
  <testcase name="TestALotOfAdding" classname="LocalCMCTests" time="0.001"/>
  <testcase name="TestALotOfAdding" classname="LocalCMCTests" time="0.0"/>
  <testcase name="TestALotOfAdding" classname="LocalCMCTests" time="0.001"/>
  <testcase name="TestALotOfAdding" classname="LocalCMCTests" time="0.001"/>
  <testcase name="TestALotOfAdding" classname="LocalCMCTests" time="0.001"/>
  <testcase name="TestALotOfAdding" classname="LocalCMCTests" time="0.001"/>
  <testcase name="TestALotOfAdding" classname="LocalCMCTests" time="0.001"/>
  <testcase name="TestALotOfAdding" classname="LocalCMCTests" time="0.001"/>
  <testcase name="TestALotOfAdding" classname="LocalCMCTests" time="0.0"/>
  <testcase name="TestALotOfAdding" classname="LocalCMCTests" time="0.0"/>
  <testcase name="TestALotOfAdding" classname="LocalCMCTests" time="0.001"/>
  <testcase name="TestALotOfAdding" classname="LocalCMCTests" time="0.001"/>
  <testcase name="TestALotOfAdding" classname="LocalCMCTests" time="0.0"/>
  <testcase name="TestALotOfAdding" classname="LocalCMCTests" time="0.001"/>
  <testcase name="TestALotOfAdding" classname="LocalCMCTests" time="0.001"/>
  <testcase name="TestALotOfAdding" classname="LocalCMCTests" time="0.002"/>
  <testcase name="TestALotOfAdding" classname="LocalCMCTests" time="0.001"/>
  <testcase name="TestALotOfAdding" classname="LocalCMCTests" time="0.0"/>
  <testcase name="TestALotOfAdding" classname="LocalCMCTests" time="0.001"/>
  <testcase name="TestALotOfAdding" classname="LocalCMCTests" time="0.001"/>
  <testcase name="TestALotOfAdding" classname="LocalCMCTests" time="0.001"/>
  <testcase name="TestALotOfAdding" classname="LocalCMCTests" time="0.001"/>
  <testcase name="TestALotOfAdding" classname="LocalCMCTests" time="0.0"/>
  <testcase name="TestALotOfAdding" classname="LocalCMCTests" time="0.0"/>
  <testcase name="TestALotOfAdding" classname="LocalCMCTests" time="0.0"/>
  <testcase name="TestALotOfAdding" classname="LocalCMCTests" time="0.001"/>
  <testcase name="TestALotOfAdding" classname="LocalCMCTests" time="0.001"/>
  <testcase name="TestALotOfAdding" classname="LocalCMCTests" time="0.0"/>
  <testcase name="TestALotOfAdding" classname="LocalCMCTests" time="0.001"/>
  <testcase name="TestALotOfAdding" classname="LocalCMCTests" time="0.0"/>
  <testcase name="TestALotOfAdding" classname="LocalCMCTests" time="0.0"/>
  <testcase name="TestALotOfAdding" classname="LocalCMCTests" time="0.0"/>
  <testcase name="TestALotOfAdding" classname="LocalCMCTests" time="0.001"/>
  <testcase name="TestALotOfAdding" classname="LocalCMCTests" time="0.0"/>
  <testcase name="TestALotOfAdding" classname="LocalCMCTests" time="0.0"/>
  <testcase name="TestALotOfAdding" classname="LocalCMCTests" time="0.001"/>
  <testcase name="TestALotOfAdding" classname="LocalCMCTests" time="0.001"/>
  <testcase name="TestALotOfAdding" classname="LocalCMCTests" time="0.001"/>
  <testcase name="TestALotOfAdding" classname="LocalCMCTests" time="0.002"/>
  <testcase name="TestALotOfAdding" classname="LocalCMCTests" time="0.001"/>
  <testcase name="TestALotOfAdding" classname="LocalCMCTests" time="0.001"/>
  <testcase name="TestALotOfAdding" classname="LocalCMCTests" time="0.002"/>
  <testcase name="TestALotOfAdding" classname="LocalCMCTests" time="0.001"/>
  <testcase name="TestALotOfAdding" classname="LocalCMCTests" time="0.0"/>
  <testcase name="TestALotOfAdding" classname="LocalCMCTests" time="0.001"/>
  <testcase name="TestALotOfAdding" classname="LocalCMCTests" time="0.001"/>
  <testcase name="TestALotOfAdding" classname="LocalCMCTests" time="0.002"/>
  <testcase name="TestALotOfAdding" classname="LocalCMCTests" time="0.001"/>
  <testcase name="TestALotOfAdding" classname="LocalCMCTests" time="0.001"/>
  <testcase name="TestALotOfAdding" classname="LocalCMCTests" time="0.0"/>
  <testcase name="TestALotOfAdding" classname="LocalCMCTests" time="0.0"/>
  <testcase name="TestALotOfAdding" classname="LocalCMCTests" time="0.0"/>
  <testcase name="TestALotOfAdding" classname="LocalCMCTests" time="0.0"/>
  <testcase name="TestALotOfAdding" classname="LocalCMCTests" time="0.0"/>
  <testcase name="TestALotOfAdding" classname="LocalCMCTests" time="0.001"/>
  <testcase name="TestALotOfAdding" classname="LocalCMCTests" time="0.0"/>
  <testcase name="TestALotOfAdding" classname="LocalCMCTests" time="0.0"/>
  <testcase name="TestALotOfAdding" classname="LocalCMCTests" time="0.001"/>
  <testcase name="TestALotOfAdding" classname="LocalCMCTests" time="0.001"/>
  <testcase name="TestALotOfAdding" classname="LocalCMCTests" time="0.0"/>
  <testcase name="TestALotOfAdding" classname="LocalCMCTests" time="0.001"/>
  <testcase name="TestALotOfAdding" classname="LocalCMCTests" time="0.0"/>
  <testcase name="TestALotOfAdding" classname="LocalCMCTests" time="0.001"/>
  <testcase name="TestALotOfAdding" classname="LocalCMCTests" time="0.0"/>
  <testcase name="TestALotOfAdding" classname="LocalCMCTests" time="0.0"/>
  <testcase name="TestALotOfAdding" classname="LocalCMCTests" time="0.0"/>
  <testcase name="TestALotOfAdding" classname="LocalCMCTests" time="0.001"/>
  <testcase name="TestALotOfAdding" classname="LocalCMCTests" time="0.0"/>
  <testcase name="TestALotOfAdding" classname="LocalCMCTests" time="0.001"/>
  <testcase name="TestALotOfAdding" classname="LocalCMCTests" time="0.001"/>
  <testcase name="TestALotOfAdding" classname="LocalCMCTests" time="0.002"/>
  <testcase name="TestALotOfAdding" classname="LocalCMCTests" time="0.002"/>
  <testcase name="TestALotOfAdding" classname="LocalCMCTests" time="0.001"/>
  <testcase name="TestALotOfAdding" classname="LocalCMCTests" time="0.001"/>
  <testcase name="TestALotOfAdding" classname="LocalCMCTests" time="0.001"/>
  <testcase name="TestALotOfAdding" classname="LocalCMCTests" time="0.001"/>
  <testcase name="TestALotOfAdding" classname="LocalCMCTests" time="0.0"/>
  <testcase name="TestALotOfAdding" classname="LocalCMCTests" time="0.0"/>
  <testcase name="TestALotOfAdding" classname="LocalCMCTests" time="0.0"/>
  <testcase name="TestALotOfAdding" classname="LocalCMCTests" time="0.0"/>
  <testcase name="TestALotOfAdding" classname="LocalCMCTests" time="0.0"/>
  <testcase name="TestALotOfAdding" classname="LocalCMCTests" time="0.0"/>
  <testcase name="TestALotOfAdding" classname="LocalCMCTests" time="0.001"/>
  <testcase name="TestALotOfAdding" classname="LocalCMCTests" time="0.002"/>
  <testcase name="TestALotOfAdding" classname="LocalCMCTests" time="0.003"/>
  <testcase name="TestALotOfAdding" classname="LocalCMCTests" time="0.001"/>
  <testcase name="TestALotOfAdding" classname="LocalCMCTests" time="0.001"/>
  <testcase name="TestALotOfAdding" classname="LocalCMCTests" time="0.0"/>
  <testcase name="TestALotOfAdding" classname="LocalCMCTests" time="0.001"/>
  <testcase name="TestALotOfAdding" classname="LocalCMCTests" time="0.0"/>
  <testcase name="TestALotOfAdding" classname="LocalCMCTests" time="0.001"/>
  <testcase name="TestALotOfAdding" classname="LocalCMCTests" time="0.0"/>
  <testcase name="TestALotOfAdding" classname="LocalCMCTests" time="0.001"/>
  <testcase name="TestALotOfAdding" classname="LocalCMCTests" time="0.001"/>
  <testcase name="TestALotOfAdding" classname="LocalCMCTests" time="0.001"/>
  <testcase name="TestALotOfAdding" classname="LocalCMCTests" time="0.001"/>
  <testcase name="TestALotOfAdding" classname="LocalCMCTests" time="0.0"/>
  <testcase name="TestALotOfAdding" classname="LocalCMCTests" time="0.0"/>
  <testcase name="TestALotOfAdding" classname="LocalCMCTests" time="0.0"/>
  <testcase name="TestALotOfAdding" classname="LocalCMCTests" time="0.0"/>
  <testcase name="TestALotOfAdding" classname="LocalCMCTests" time="0.0"/>
  <testcase name="TestALotOfAdding" classname="LocalCMCTests" time="0.001"/>
  <testcase name="TestALotOfAdding" classname="LocalCMCTests" time="0.001"/>
  <testcase name="TestALotOfAdding" classname="LocalCMCTests" time="0.001"/>
  <testcase name="TestALotOfAdding" classname="LocalCMCTests" time="0.0"/>
  <testcase name="TestALotOfAdding" classname="LocalCMCTests" time="0.001"/>
  <testcase name="TestALotOfAdding" classname="LocalCMCTests" time="0.001"/>
  <testcase name="TestALotOfAdding" classname="LocalCMCTests" time="0.001"/>
  <testcase name="TestALotOfAdding" classname="LocalCMCTests" time="0.001"/>
  <testcase name="TestALotOfAdding" classname="LocalCMCTests" time="0.0"/>
  <testcase name="TestALotOfAdding" classname="LocalCMCTests" time="0.0"/>
  <testcase name="TestALotOfAdding" classname="LocalCMCTests" time="0.001"/>
  <testcase name="TestALotOfAdding" classname="LocalCMCTests" time="0.0"/>
  <testcase name="TestALotOfAdding" classname="LocalCMCTests" time="0.001"/>
  <testcase name="TestALotOfAdding" classname="LocalCMCTests" time="0.001"/>
  <testcase name="TestALotOfAdding" classname="LocalCMCTests" time="0.001"/>
  <testcase name="TestALotOfAdding" classname="LocalCMCTests" time="0.0"/>
  <testcase name="TestALotOfAdding" classname="LocalCMCTests" time="0.001"/>
  <testcase name="TestALotOfAdding" classname="LocalCMCTests" time="0.001"/>
  <testcase name="TestALotOfAdding" classname="LocalCMCTests" time="0.001"/>
  <testcase name="TestALotOfAdding" classname="LocalCMCTests" time="0.001"/>
  <testcase name="TestALotOfAdding" classname="LocalCMCTests" time="0.001"/>
  <testcase name="TestALotOfAdding" classname="LocalCMCTests" time="0.0"/>
  <testcase name="TestALotOfAdding" classname="LocalCMCTests" time="0.001"/>
  <testcase name="TestALotOfAdding" classname="LocalCMCTests" time="0.0"/>
  <testcase name="TestALotOfAdding" classname="LocalCMCTests" time="0.0"/>
  <testcase name="TestALotOfAdding" classname="LocalCMCTests" time="0.001"/>
  <testcase name="TestALotOfAdding" classname="LocalCMCTests" time="0.0"/>
  <testcase name="TestALotOfAdding" classname="LocalCMCTests" time="0.0"/>
  <testcase name="TestALotOfAdding" classname="LocalCMCTests" time="0.0"/>
  <testcase name="TestALotOfAdding" classname="LocalCMCTests" time="0.001"/>
  <testcase name="TestALotOfAdding" classname="LocalCMCTests" time="0.001"/>
  <testcase name="TestALotOfAdding" classname="LocalCMCTests" time="0.0"/>
  <testcase name="TestALotOfAdding" classname="LocalCMCTests" time="0.001"/>
  <testcase name="TestALotOfAdding" classname="LocalCMCTests" time="0.001"/>
  <testcase name="TestALotOfAdding" classname="LocalCMCTests" time="0.001"/>
  <testcase name="TestALotOfAdding" classname="LocalCMCTests" time="0.001"/>
  <testcase name="TestALotOfAdding" classname="LocalCMCTests" time="0.001"/>
  <testcase name="TestALotOfAdding" classname="LocalCMCTests" time="0.001"/>
  <testcase name="TestALotOfAdding" classname="LocalCMCTests" time="0.001"/>
  <testcase name="TestALotOfAdding" classname="LocalCMCTests" time="0.001"/>
  <testcase name="TestALotOfAdding" classname="LocalCMCTests" time="0.0"/>
  <testcase name="TestALotOfAdding" classname="LocalCMCTests" time="0.0"/>
  <testcase name="TestALotOfAdding" classname="LocalCMCTests" time="0.0"/>
  <testcase name="TestALotOfAdding" classname="LocalCMCTests" time="0.001"/>
  <testcase name="TestALotOfAdding" classname="LocalCMCTests" time="0.001"/>
  <testcase name="TestALotOfAdding" classname="LocalCMCTests" time="0.001"/>
  <testcase name="TestALotOfAdding" classname="LocalCMCTests" time="0.001"/>
  <testcase name="TestALotOfAdding" classname="LocalCMCTests" time="0.001"/>
  <testcase name="TestALotOfAdding" classname="LocalCMCTests" time="0.0"/>
  <testcase name="TestALotOfAdding" classname="LocalCMCTests" time="0.0"/>
  <testcase name="TestALotOfAdding" classname="LocalCMCTests" time="0.0"/>
  <testcase name="TestALotOfAdding" classname="LocalCMCTests" time="0.001"/>
  <testcase name="TestALotOfAdding" classname="LocalCMCTests" time="0.001"/>
  <testcase name="TestALotOfAdding" classname="LocalCMCTests" time="0.001"/>
  <testcase name="TestALotOfAdding" classname="LocalCMCTests" time="0.001"/>
  <testcase name="TestALotOfAdding" classname="LocalCMCTests" time="0.0"/>
  <testcase name="TestALotOfAdding" classname="LocalCMCTests" time="0.001"/>
  <testcase name="TestALotOfAdding" classname="LocalCMCTests" time="0.0"/>
  <testcase name="TestALotOfAdding" classname="LocalCMCTests" time="0.0"/>
  <testcase name="TestALotOfAdding" classname="LocalCMCTests" time="0.0"/>
  <testcase name="TestALotOfAdding" classname="LocalCMCTests" time="0.001"/>
  <testcase name="TestALotOfAdding" classname="LocalCMCTests" time="0.001"/>
  <testcase name="TestALotOfAdding" classname="LocalCMCTests" time="0.001"/>
  <testcase name="TestALotOfAdding" classname="LocalCMCTests" time="0.0"/>
  <testcase name="TestALotOfAdding" classname="LocalCMCTests" time="0.001"/>
  <testcase name="TestALotOfAdding" classname="LocalCMCTests" time="0.0"/>
  <testcase name="TestALotOfAdding" classname="LocalCMCTests" time="0.001"/>
  <testcase name="TestALotOfAdding" classname="LocalCMCTests" time="0.001"/>
  <testcase name="TestALotOfAdding" classname="LocalCMCTests" time="0.001"/>
  <testcase name="TestALotOfAdding" classname="LocalCMCTests" time="0.001"/>
  <testcase name="TestALotOfAdding" classname="LocalCMCTests" time="0.0"/>
  <testcase name="TestALotOfAdding" classname="LocalCMCTests" time="0.0"/>
  <testcase name="TestALotOfAdding" classname="LocalCMCTests" time="0.001"/>
  <testcase name="TestALotOfAdding" classname="LocalCMCTests" time="0.001"/>
  <testcase name="TestALotOfAdding" classname="LocalCMCTests" time="0.001"/>
  <testcase name="TestALotOfAdding" classname="LocalCMCTests" time="0.001"/>
  <testcase name="TestALotOfAdding" classname="LocalCMCTests" time="0.001"/>
  <testcase name="TestALotOfAdding" classname="LocalCMCTests" time="0.001"/>
  <testcase name="TestALotOfAdding" classname="LocalCMCTests" time="0.001"/>
  <testcase name="TestALotOfAdding" classname="LocalCMCTests" time="0.001"/>
  <testcase name="TestALotOfAdding" classname="LocalCMCTests" time="0.001"/>
  <testcase name="TestALotOfAdding" classname="LocalCMCTests" time="0.001"/>
  <testcase name="TestALotOfAdding" classname="LocalCMCTests" time="0.0"/>
  <testcase name="TestALotOfAdding" classname="LocalCMCTests" time="0.0"/>
  <testcase name="TestALotOfAdding" classname="LocalCMCTests" time="0.0"/>
  <testcase name="TestALotOfAdding" classname="LocalCMCTests" time="0.0"/>
  <testcase name="TestALotOfAdding" classname="LocalCMCTests" time="0.0"/>
  <testcase name="TestALotOfAdding" classname="LocalCMCTests" time="0.002"/>
  <testcase name="TestALotOfAdding" classname="LocalCMCTests" time="0.0"/>
  <testcase name="TestALotOfAdding" classname="LocalCMCTests" time="0.002"/>
  <testcase name="TestALotOfAdding" classname="LocalCMCTests" time="0.0"/>
  <testcase name="TestALotOfAdding" classname="LocalCMCTests" time="0.001"/>
  <testcase name="TestALotOfAdding" classname="LocalCMCTests" time="0.0"/>
  <testcase name="TestALotOfAdding" classname="LocalCMCTests" time="0.001"/>
  <testcase name="TestALotOfAdding" classname="LocalCMCTests" time="0.001"/>
  <testcase name="TestALotOfAdding" classname="LocalCMCTests" time="0.001"/>
  <testcase name="TestALotOfAdding" classname="LocalCMCTests" time="0.001"/>
  <testcase name="TestALotOfAdding" classname="LocalCMCTests" time="0.0"/>
  <testcase name="TestALotOfAdding" classname="LocalCMCTests" time="0.001"/>
  <testcase name="TestALotOfAdding" classname="LocalCMCTests" time="0.0"/>
  <testcase name="TestALotOfAdding" classname="LocalCMCTests" time="0.0"/>
  <testcase name="TestALotOfAdding" classname="LocalCMCTests" time="0.0"/>
  <testcase name="TestALotOfAdding" classname="LocalCMCTests" time="0.001"/>
  <testcase name="TestALotOfAdding" classname="LocalCMCTests" time="0.0"/>
  <testcase name="TestALotOfAdding" classname="LocalCMCTests" time="0.001"/>
  <testcase name="TestALotOfAdding" classname="LocalCMCTests" time="0.001"/>
  <testcase name="TestALotOfAdding" classname="LocalCMCTests" time="0.0"/>
  <testcase name="TestALotOfAdding" classname="LocalCMCTests" time="0.001"/>
  <testcase name="TestALotOfAdding" classname="LocalCMCTests" time="0.002"/>
  <testcase name="TestALotOfAdding" classname="LocalCMCTests" time="0.001"/>
  <testcase name="TestALotOfAdding" classname="LocalCMCTests" time="0.001"/>
  <testcase name="TestALotOfAdding" classname="LocalCMCTests" time="0.002"/>
  <testcase name="TestALotOfAdding" classname="LocalCMCTests" time="0.0"/>
  <testcase name="TestALotOfAdding" classname="LocalCMCTests" time="0.001"/>
  <testcase name="TestALotOfAdding" classname="LocalCMCTests" time="0.0"/>
  <testcase name="TestALotOfAdding" classname="LocalCMCTests" time="0.0"/>
  <testcase name="TestALotOfAdding" classname="LocalCMCTests" time="0.0"/>
  <testcase name="TestALotOfAdding" classname="LocalCMCTests" time="0.0"/>
  <testcase name="TestALotOfAdding" classname="LocalCMCTests" time="0.0"/>
  <testcase name="TestALotOfAdding" classname="LocalCMCTests" time="0.0"/>
  <testcase name="TestALotOfAdding" classname="LocalCMCTests" time="0.001"/>
  <testcase name="TestALotOfAdding" classname="LocalCMCTests" time="0.001"/>
  <testcase name="TestALotOfAdding" classname="LocalCMCTests" time="0.0"/>
  <testcase name="TestALotOfAdding" classname="LocalCMCTests" time="0.001"/>
  <testcase name="TestALotOfAdding" classname="LocalCMCTests" time="0.001"/>
  <testcase name="TestALotOfAdding" classname="LocalCMCTests" time="0.0"/>
  <testcase name="TestALotOfAdding" classname="LocalCMCTests" time="0.001"/>
  <testcase name="TestALotOfAdding" classname="LocalCMCTests" time="0.001"/>
  <testcase name="TestALotOfAdding" classname="LocalCMCTests" time="0.001"/>
  <testcase name="TestALotOfAdding" classname="LocalCMCTests" time="0.0"/>
  <testcase name="TestALotOfAdding" classname="LocalCMCTests" time="0.001"/>
  <testcase name="TestALotOfAdding" classname="LocalCMCTests" time="0.001"/>
  <testcase name="TestALotOfAdding" classname="LocalCMCTests" time="0.001"/>
  <testcase name="TestALotOfAdding" classname="LocalCMCTests" time="0.0"/>
  <testcase name="TestALotOfAdding" classname="LocalCMCTests" time="0.0"/>
  <testcase name="TestALotOfAdding" classname="LocalCMCTests" time="0.001"/>
  <testcase name="TestALotOfAdding" classname="LocalCMCTests" time="0.001"/>
  <testcase name="TestALotOfAdding" classname="LocalCMCTests" time="0.0"/>
  <testcase name="TestALotOfAdding" classname="LocalCMCTests" time="0.001"/>
  <testcase name="TestALotOfAdding" classname="LocalCMCTests" time="0.001"/>
  <testcase name="TestALotOfAdding" classname="LocalCMCTests" time="0.001"/>
  <testcase name="TestALotOfAdding" classname="LocalCMCTests" time="0.001"/>
  <testcase name="TestALotOfAdding" classname="LocalCMCTests" time="0.001"/>
  <testcase name="TestALotOfAdding" classname="LocalCMCTests" time="0.0"/>
  <testcase name="TestALotOfAdding" classname="LocalCMCTests" time="0.0"/>
  <testcase name="TestALotOfAdding" classname="LocalCMCTests" time="0.0"/>
  <testcase name="TestALotOfAdding" classname="LocalCMCTests" time="0.001"/>
  <testcase name="TestALotOfAdding" classname="LocalCMCTests" time="0.001"/>
  <testcase name="TestALotOfAdding" classname="LocalCMCTests" time="0.001"/>
  <testcase name="TestALotOfAdding" classname="LocalCMCTests" time="0.0"/>
  <testcase name="TestALotOfAdding" classname="LocalCMCTests" time="0.001"/>
  <testcase name="TestALotOfAdding" classname="LocalCMCTests" time="0.002"/>
  <testcase name="TestALotOfAdding" classname="LocalCMCTests" time="0.0"/>
  <testcase name="TestALotOfAdding" classname="LocalCMCTests" time="0.0"/>
  <testcase name="TestALotOfAdding" classname="LocalCMCTests" time="0.0"/>
  <testcase name="TestALotOfAdding" classname="LocalCMCTests" time="0.0"/>
  <testcase name="TestALotOfAdding" classname="LocalCMCTests" time="0.001"/>
  <testcase name="TestALotOfAdding" classname="LocalCMCTests" time="0.001"/>
  <testcase name="TestALotOfAdding" classname="LocalCMCTests" time="0.001"/>
  <testcase name="TestALotOfAdding" classname="LocalCMCTests" time="0.002"/>
  <testcase name="TestALotOfAdding" classname="LocalCMCTests" time="0.0"/>
  <testcase name="TestALotOfAdding" classname="LocalCMCTests" time="0.001"/>
  <testcase name="TestALotOfAdding" classname="LocalCMCTests" time="0.001"/>
  <testcase name="TestALotOfAdding" classname="LocalCMCTests" time="0.0"/>
  <testcase name="TestALotOfAdding" classname="LocalCMCTests" time="0.001"/>
  <testcase name="TestALotOfAdding" classname="LocalCMCTests" time="0.001"/>
  <testcase name="TestALotOfAdding" classname="LocalCMCTests" time="0.003"/>
  <testcase name="TestALotOfAdding" classname="LocalCMCTests" time="0.001"/>
  <testcase name="TestALotOfAdding" classname="LocalCMCTests" time="0.0"/>
  <testcase name="TestALotOfAdding" classname="LocalCMCTests" time="0.0"/>
  <testcase name="TestALotOfAdding" classname="LocalCMCTests" time="0.0"/>
  <testcase name="TestALotOfAdding" classname="LocalCMCTests" time="0.0"/>
  <testcase name="TestALotOfAdding" classname="LocalCMCTests" time="0.0"/>
  <testcase name="TestALotOfAdding" classname="LocalCMCTests" time="0.002"/>
  <testcase name="TestALotOfAdding" classname="LocalCMCTests" time="0.002"/>
  <testcase name="TestALotOfAdding" classname="LocalCMCTests" time="0.001"/>
  <testcase name="TestALotOfAdding" classname="LocalCMCTests" time="0.001"/>
  <testcase name="TestALotOfAdding" classname="LocalCMCTests" time="0.0"/>
  <testcase name="TestALotOfAdding" classname="LocalCMCTests" time="0.001"/>
  <testcase name="TestALotOfAdding" classname="LocalCMCTests" time="0.0"/>
  <testcase name="TestALotOfAdding" classname="LocalCMCTests" time="0.001"/>
  <testcase name="TestALotOfAdding" classname="LocalCMCTests" time="0.002"/>
  <testcase name="TestALotOfAdding" classname="LocalCMCTests" time="0.001"/>
  <testcase name="TestALotOfAdding" classname="LocalCMCTests" time="0.001"/>
  <testcase name="TestALotOfAdding" classname="LocalCMCTests" time="0.0"/>
  <testcase name="TestALotOfAdding" classname="LocalCMCTests" time="0.0"/>
  <testcase name="TestALotOfAdding" classname="LocalCMCTests" time="0.0"/>
  <testcase name="TestALotOfAdding" classname="LocalCMCTests" time="0.0"/>
  <testcase name="TestALotOfAdding" classname="LocalCMCTests" time="0.0"/>
  <testcase name="TestALotOfAdding" classname="LocalCMCTests" time="0.0"/>
  <testcase name="TestALotOfAdding" classname="LocalCMCTests" time="0.001"/>
  <testcase name="TestALotOfAdding" classname="LocalCMCTests" time="0.0"/>
  <testcase name="TestALotOfAdding" classname="LocalCMCTests" time="0.0"/>
  <testcase name="TestALotOfAdding" classname="LocalCMCTests" time="0.001"/>
  <testcase name="TestALotOfAdding" classname="LocalCMCTests" time="0.001"/>
  <testcase name="TestALotOfAdding" classname="LocalCMCTests" time="0.001"/>
  <testcase name="TestALotOfAdding" classname="LocalCMCTests" time="0.001"/>
  <testcase name="TestALotOfAdding" classname="LocalCMCTests" time="0.0"/>
  <testcase name="TestALotOfAdding" classname="LocalCMCTests" time="0.001"/>
  <testcase name="TestALotOfAdding" classname="LocalCMCTests" time="0.0"/>
  <testcase name="TestALotOfAdding" classname="LocalCMCTests" time="0.001"/>
  <testcase name="TestALotOfAdding" classname="LocalCMCTests" time="0.0"/>
  <testcase name="TestALotOfAdding" classname="LocalCMCTests" time="0.001"/>
  <testcase name="TestALotOfAdding" classname="LocalCMCTests" time="0.0"/>
  <testcase name="TestALotOfAdding" classname="LocalCMCTests" time="0.0"/>
  <testcase name="TestALotOfAdding" classname="LocalCMCTests" time="0.0"/>
  <testcase name="TestALotOfAdding" classname="LocalCMCTests" time="0.001"/>
  <testcase name="TestALotOfAdding" classname="LocalCMCTests" time="0.001"/>
  <testcase name="TestALotOfAdding" classname="LocalCMCTests" time="0.001"/>
  <testcase name="TestALotOfAdding" classname="LocalCMCTests" time="0.002"/>
  <testcase name="TestALotOfAdding" classname="LocalCMCTests" time="0.001"/>
  <testcase name="TestALotOfAdding" classname="LocalCMCTests" time="0.0"/>
  <testcase name="TestALotOfAdding" classname="LocalCMCTests" time="0.0"/>
  <testcase name="TestALotOfAdding" classname="LocalCMCTests" time="0.001"/>
  <testcase name="TestALotOfAdding" classname="LocalCMCTests" time="0.0"/>
  <testcase name="TestALotOfAdding" classname="LocalCMCTests" time="0.001"/>
  <testcase name="TestALotOfAdding" classname="LocalCMCTests" time="0.001"/>
  <testcase name="TestALotOfAdding" classname="LocalCMCTests" time="0.001"/>
  <testcase name="TestALotOfAdding" classname="LocalCMCTests" time="0.0"/>
  <testcase name="TestALotOfAdding" classname="LocalCMCTests" time="0.0"/>
  <testcase name="TestALotOfAdding" classname="LocalCMCTests" time="0.002"/>
  <testcase name="TestALotOfAdding" classname="LocalCMCTests" time="0.001"/>
  <testcase name="TestALotOfAdding" classname="LocalCMCTests" time="0.001"/>
  <testcase name="TestALotOfAdding" classname="LocalCMCTests" time="0.001"/>
  <testcase name="TestALotOfAdding" classname="LocalCMCTests" time="0.001"/>
  <testcase name="TestALotOfAdding" classname="LocalCMCTests" time="0.002"/>
  <testcase name="TestALotOfAdding" classname="LocalCMCTests" time="0.0"/>
  <testcase name="TestALotOfAdding" classname="LocalCMCTests" time="0.0"/>
  <testcase name="TestALotOfAdding" classname="LocalCMCTests" time="0.001"/>
  <testcase name="TestALotOfAdding" classname="LocalCMCTests" time="0.0"/>
  <testcase name="TestALotOfAdding" classname="LocalCMCTests" time="0.0"/>
  <testcase name="TestALotOfAdding" classname="LocalCMCTests" time="0.0"/>
  <testcase name="TestALotOfAdding" classname="LocalCMCTests" time="0.001"/>
  <testcase name="TestALotOfAdding" classname="LocalCMCTests" time="0.0"/>
  <testcase name="TestALotOfAdding" classname="LocalCMCTests" time="0.0"/>
  <testcase name="TestALotOfAdding" classname="LocalCMCTests" time="0.0"/>
  <testcase name="TestALotOfAdding" classname="LocalCMCTests" time="0.001"/>
  <testcase name="TestALotOfAdding" classname="LocalCMCTests" time="0.001"/>
  <testcase name="TestALotOfAdding" classname="LocalCMCTests" time="0.001"/>
  <testcase name="TestALotOfAdding" classname="LocalCMCTests" time="0.002"/>
  <testcase name="TestALotOfAdding" classname="LocalCMCTests" time="0.001"/>
  <testcase name="TestALotOfAdding" classname="LocalCMCTests" time="0.001"/>
  <testcase name="TestALotOfAdding" classname="LocalCMCTests" time="0.0"/>
  <testcase name="TestALotOfAdding" classname="LocalCMCTests" time="0.0"/>
  <testcase name="TestALotOfAdding" classname="LocalCMCTests" time="0.0"/>
  <testcase name="TestALotOfAdding" classname="LocalCMCTests" time="0.0"/>
  <testcase name="TestALotOfAdding" classname="LocalCMCTests" time="0.001"/>
  <testcase name="TestALotOfAdding" classname="LocalCMCTests" time="0.0"/>
  <testcase name="TestALotOfAdding" classname="LocalCMCTests" time="0.001"/>
  <testcase name="TestALotOfAdding" classname="LocalCMCTests" time="0.002"/>
  <testcase name="TestALotOfAdding" classname="LocalCMCTests" time="0.0"/>
  <testcase name="TestALotOfAdding" classname="LocalCMCTests" time="0.001"/>
  <testcase name="TestALotOfAdding" classname="LocalCMCTests" time="0.001"/>
  <testcase name="TestALotOfAdding" classname="LocalCMCTests" time="0.001"/>
  <testcase name="TestALotOfAdding" classname="LocalCMCTests" time="0.001"/>
  <testcase name="TestALotOfAdding" classname="LocalCMCTests" time="0.001"/>
  <testcase name="TestALotOfAdding" classname="LocalCMCTests" time="0.001"/>
  <testcase name="TestALotOfAdding" classname="LocalCMCTests" time="0.0"/>
  <testcase name="TestALotOfAdding" classname="LocalCMCTests" time="0.0"/>
  <testcase name="TestALotOfAdding" classname="LocalCMCTests" time="0.0"/>
  <testcase name="TestALotOfAdding" classname="LocalCMCTests" time="0.001"/>
  <testcase name="TestALotOfAdding" classname="LocalCMCTests" time="0.0"/>
  <testcase name="TestALotOfAdding" classname="LocalCMCTests" time="0.001"/>
  <testcase name="TestALotOfAdding" classname="LocalCMCTests" time="0.0"/>
  <testcase name="TestALotOfAdding" classname="LocalCMCTests" time="0.0"/>
  <testcase name="TestALotOfAdding" classname="LocalCMCTests" time="0.002"/>
  <testcase name="TestALotOfAdding" classname="LocalCMCTests" time="0.002"/>
  <testcase name="TestALotOfAdding" classname="LocalCMCTests" time="0.002"/>
  <testcase name="TestALotOfAdding" classname="LocalCMCTests" time="0.003"/>
  <testcase name="TestALotOfAdding" classname="LocalCMCTests" time="0.0"/>
  <testcase name="TestALotOfAdding" classname="LocalCMCTests" time="0.002"/>
  <testcase name="TestALotOfAdding" classname="LocalCMCTests" time="0.0"/>
  <testcase name="TestALotOfAdding" classname="LocalCMCTests" time="0.001"/>
  <testcase name="TestALotOfAdding" classname="LocalCMCTests" time="0.003"/>
  <testcase name="TestALotOfAdding" classname="LocalCMCTests" time="0.001"/>
  <testcase name="TestALotOfAdding" classname="LocalCMCTests" time="0.004"/>
  <testcase name="TestALotOfAdding" classname="LocalCMCTests" time="0.0"/>
  <testcase name="TestALotOfAdding" classname="LocalCMCTests" time="0.003"/>
  <testcase name="TestALotOfAdding" classname="LocalCMCTests" time="0.0"/>
  <testcase name="TestALotOfAdding" classname="LocalCMCTests" time="0.0"/>
  <testcase name="TestALotOfAdding" classname="LocalCMCTests" time="0.0"/>
  <testcase name="TestALotOfAdding" classname="LocalCMCTests" time="0.003"/>
  <testcase name="TestALotOfAdding" classname="LocalCMCTests" time="0.0"/>
  <testcase name="TestALotOfAdding" classname="LocalCMCTests" time="0.0"/>
  <testcase name="TestALotOfAdding" classname="LocalCMCTests" time="0.0"/>
  <testcase name="TestALotOfAdding" classname="LocalCMCTests" time="0.001"/>
  <testcase name="TestALotOfAdding" classname="LocalCMCTests" time="0.001"/>
  <testcase name="TestALotOfAdding" classname="LocalCMCTests" time="0.0"/>
  <testcase name="TestALotOfAdding" classname="LocalCMCTests" time="0.001"/>
  <testcase name="TestALotOfAdding" classname="LocalCMCTests" time="0.001"/>
  <testcase name="TestALotOfAdding" classname="LocalCMCTests" time="0.001"/>
  <testcase name="TestALotOfAdding" classname="LocalCMCTests" time="0.0"/>
  <testcase name="TestALotOfAdding" classname="LocalCMCTests" time="0.001"/>
  <testcase name="TestALotOfAdding" classname="LocalCMCTests" time="0.005"/>
  <testcase name="TestALotOfAdding" classname="LocalCMCTests" time="0.001"/>
  <testcase name="TestALotOfAdding" classname="LocalCMCTests" time="0.0"/>
  <testcase name="TestALotOfAdding" classname="LocalCMCTests" time="0.001"/>
  <testcase name="TestALotOfAdding" classname="LocalCMCTests" time="0.0"/>
  <testcase name="TestALotOfAdding" classname="LocalCMCTests" time="0.001"/>
  <testcase name="TestALotOfAdding" classname="LocalCMCTests" time="0.001"/>
  <testcase name="TestALotOfAdding" classname="LocalCMCTests" time="0.0"/>
  <testcase name="TestALotOfAdding" classname="LocalCMCTests" time="0.001"/>
  <testcase name="TestALotOfAdding" classname="LocalCMCTests" time="0.0"/>
  <testcase name="TestALotOfAdding" classname="LocalCMCTests" time="0.0"/>
  <testcase name="TestALotOfAdding" classname="LocalCMCTests" time="0.0"/>
  <testcase name="TestALotOfAdding" classname="LocalCMCTests" time="0.001"/>
  <testcase name="TestALotOfAdding" classname="LocalCMCTests" time="0.0"/>
  <testcase name="TestALotOfAdding" classname="LocalCMCTests" time="0.001"/>
  <testcase name="TestALotOfAdding" classname="LocalCMCTests" time="0.0"/>
  <testcase name="TestALotOfAdding" classname="LocalCMCTests" time="0.001"/>
  <testcase name="TestALotOfAdding" classname="LocalCMCTests" time="0.001"/>
  <testcase name="TestALotOfAdding" classname="LocalCMCTests" time="0.0"/>
  <testcase name="TestALotOfAdding" classname="LocalCMCTests" time="0.001"/>
  <testcase name="TestALotOfAdding" classname="LocalCMCTests" time="0.001"/>
  <testcase name="TestALotOfAdding" classname="LocalCMCTests" time="0.002"/>
  <testcase name="TestALotOfAdding" classname="LocalCMCTests" time="0.001"/>
  <testcase name="TestALotOfAdding" classname="LocalCMCTests" time="0.001"/>
  <testcase name="TestALotOfAdding" classname="LocalCMCTests" time="0.0"/>
  <testcase name="TestALotOfAdding" classname="LocalCMCTests" time="0.0"/>
  <testcase name="TestALotOfAdding" classname="LocalCMCTests" time="0.0"/>
  <testcase name="TestALotOfAdding" classname="LocalCMCTests" time="0.002"/>
  <testcase name="TestALotOfAdding" classname="LocalCMCTests" time="0.0"/>
  <testcase name="TestALotOfAdding" classname="LocalCMCTests" time="0.001"/>
  <testcase name="TestALotOfAdding" classname="LocalCMCTests" time="0.001"/>
  <testcase name="TestALotOfAdding" classname="LocalCMCTests" time="0.0"/>
  <testcase name="TestALotOfAdding" classname="LocalCMCTests" time="0.0"/>
  <testcase name="TestALotOfAdding" classname="LocalCMCTests" time="0.0"/>
  <testcase name="TestALotOfAdding" classname="LocalCMCTests" time="0.001"/>
  <testcase name="TestALotOfAdding" classname="LocalCMCTests" time="0.0"/>
  <testcase name="TestALotOfAdding" classname="LocalCMCTests" time="0.001"/>
  <testcase name="TestALotOfAdding" classname="LocalCMCTests" time="0.001"/>
  <testcase name="TestALotOfAdding" classname="LocalCMCTests" time="0.001"/>
  <testcase name="TestALotOfAdding" classname="LocalCMCTests" time="0.001"/>
  <testcase name="TestALotOfAdding" classname="LocalCMCTests" time="0.0"/>
  <testcase name="TestALotOfAdding" classname="LocalCMCTests" time="0.001"/>
  <testcase name="TestALotOfAdding" classname="LocalCMCTests" time="0.001"/>
  <testcase name="TestALotOfAdding" classname="LocalCMCTests" time="0.0"/>
  <testcase name="TestALotOfAdding" classname="LocalCMCTests" time="0.001"/>
  <testcase name="TestALotOfAdding" classname="LocalCMCTests" time="0.001"/>
  <testcase name="TestALotOfAdding" classname="LocalCMCTests" time="0.002"/>
  <testcase name="TestALotOfAdding" classname="LocalCMCTests" time="0.001"/>
  <testcase name="TestALotOfAdding" classname="LocalCMCTests" time="0.0"/>
  <testcase name="TestALotOfAdding" classname="LocalCMCTests" time="0.0"/>
  <testcase name="TestALotOfAdding" classname="LocalCMCTests" time="0.001"/>
  <testcase name="TestALotOfAdding" classname="LocalCMCTests" time="0.0"/>
  <testcase name="TestALotOfAdding" classname="LocalCMCTests" time="0.0"/>
  <testcase name="TestALotOfAdding" classname="LocalCMCTests" time="0.0"/>
  <testcase name="TestALotOfAdding" classname="LocalCMCTests" time="0.0"/>
  <testcase name="TestALotOfAdding" classname="LocalCMCTests" time="0.001"/>
  <testcase name="TestALotOfAdding" classname="LocalCMCTests" time="0.001"/>
  <testcase name="TestALotOfAdding" classname="LocalCMCTests" time="0.001"/>
  <testcase name="TestALotOfAdding" classname="LocalCMCTests" time="0.002"/>
  <testcase name="TestALotOfAdding" classname="LocalCMCTests" time="0.001"/>
  <testcase name="TestALotOfAdding" classname="LocalCMCTests" time="0.001"/>
  <testcase name="TestALotOfAdding" classname="LocalCMCTests" time="0.001"/>
  <testcase name="TestALotOfAdding" classname="LocalCMCTests" time="0.001"/>
  <testcase name="TestALotOfAdding" classname="LocalCMCTests" time="0.001"/>
  <testcase name="TestALotOfAdding" classname="LocalCMCTests" time="0.001"/>
  <testcase name="TestALotOfAdding" classname="LocalCMCTests" time="0.001"/>
  <testcase name="TestALotOfAdding" classname="LocalCMCTests" time="0.001"/>
  <testcase name="TestALotOfAdding" classname="LocalCMCTests" time="0.0"/>
  <testcase name="TestALotOfAdding" classname="LocalCMCTests" time="0.0"/>
  <testcase name="TestALotOfAdding" classname="LocalCMCTests" time="0.0"/>
  <testcase name="TestALotOfAdding" classname="LocalCMCTests" time="0.0"/>
  <testcase name="TestALotOfAdding" classname="LocalCMCTests" time="0.0"/>
  <testcase name="TestALotOfAdding" classname="LocalCMCTests" time="0.001"/>
  <testcase name="TestALotOfAdding" classname="LocalCMCTests" time="0.001"/>
  <testcase name="TestALotOfAdding" classname="LocalCMCTests" time="0.001"/>
  <testcase name="TestALotOfAdding" classname="LocalCMCTests" time="0.001"/>
  <testcase name="TestALotOfAdding" classname="LocalCMCTests" time="0.001"/>
  <testcase name="TestALotOfAdding" classname="LocalCMCTests" time="0.001"/>
  <testcase name="TestALotOfAdding" classname="LocalCMCTests" time="0.001"/>
  <testcase name="TestALotOfAdding" classname="LocalCMCTests" time="0.001"/>
  <testcase name="TestALotOfAdding" classname="LocalCMCTests" time="0.0"/>
  <testcase name="TestALotOfAdding" classname="LocalCMCTests" time="0.0"/>
  <testcase name="TestALotOfAdding" classname="LocalCMCTests" time="0.002"/>
  <testcase name="TestALotOfAdding" classname="LocalCMCTests" time="0.002"/>
  <testcase name="TestALotOfAdding" classname="LocalCMCTests" time="0.001"/>
  <testcase name="TestALotOfAdding" classname="LocalCMCTests" time="0.001"/>
  <testcase name="TestALotOfAdding" classname="LocalCMCTests" time="0.001"/>
  <testcase name="TestALotOfAdding" classname="LocalCMCTests" time="0.001"/>
  <testcase name="TestALotOfAdding" classname="LocalCMCTests" time="0.001"/>
  <testcase name="TestALotOfAdding" classname="LocalCMCTests" time="0.001"/>
  <testcase name="TestALotOfAdding" classname="LocalCMCTests" time="0.0"/>
  <testcase name="TestALotOfAdding" classname="LocalCMCTests" time="0.001"/>
  <testcase name="TestALotOfAdding" classname="LocalCMCTests" time="0.0"/>
  <testcase name="TestALotOfAdding" classname="LocalCMCTests" time="0.0"/>
  <testcase name="TestALotOfAdding" classname="LocalCMCTests" time="0.001"/>
  <testcase name="TestALotOfAdding" classname="LocalCMCTests" time="0.0"/>
  <testcase name="TestALotOfAdding" classname="LocalCMCTests" time="0.0"/>
  <testcase name="TestALotOfAdding" classname="LocalCMCTests" time="0.0"/>
  <testcase name="TestALotOfAdding" classname="LocalCMCTests" time="0.001"/>
  <testcase name="TestALotOfAdding" classname="LocalCMCTests" time="0.001"/>
  <testcase name="TestALotOfAdding" classname="LocalCMCTests" time="0.001"/>
  <testcase name="TestALotOfAdding" classname="LocalCMCTests" time="0.0"/>
  <testcase name="TestALotOfAdding" classname="LocalCMCTests" time="0.001"/>
  <testcase name="TestALotOfAdding" classname="LocalCMCTests" time="0.0"/>
  <testcase name="TestALotOfAdding" classname="LocalCMCTests" time="0.001"/>
  <testcase name="TestALotOfAdding" classname="LocalCMCTests" time="0.001"/>
  <testcase name="TestALotOfAdding" classname="LocalCMCTests" time="0.0"/>
  <testcase name="TestALotOfAdding" classname="LocalCMCTests" time="0.001"/>
  <testcase name="TestALotOfAdding" classname="LocalCMCTests" time="0.0"/>
  <testcase name="TestALotOfAdding" classname="LocalCMCTests" time="0.001"/>
  <testcase name="TestALotOfAdding" classname="LocalCMCTests" time="0.0"/>
  <testcase name="TestALotOfAdding" classname="LocalCMCTests" time="0.0"/>
  <testcase name="TestALotOfAdding" classname="LocalCMCTests" time="0.0"/>
  <testcase name="TestALotOfAdding" classname="LocalCMCTests" time="0.0"/>
  <testcase name="TestALotOfAdding" classname="LocalCMCTests" time="0.0"/>
  <testcase name="TestALotOfAdding" classname="LocalCMCTests" time="0.001"/>
  <testcase name="TestALotOfAdding" classname="LocalCMCTests" time="0.0"/>
  <testcase name="TestALotOfAdding" classname="LocalCMCTests" time="0.001"/>
  <testcase name="TestALotOfAdding" classname="LocalCMCTests" time="0.002"/>
  <testcase name="TestALotOfAdding" classname="LocalCMCTests" time="0.002"/>
  <testcase name="TestALotOfAdding" classname="LocalCMCTests" time="0.0"/>
  <testcase name="TestALotOfAdding" classname="LocalCMCTests" time="0.002"/>
  <testcase name="TestALotOfAdding" classname="LocalCMCTests" time="0.0"/>
  <testcase name="TestALotOfAdding" classname="LocalCMCTests" time="0.0"/>
  <testcase name="TestALotOfAdding" classname="LocalCMCTests" time="0.0"/>
  <testcase name="TestALotOfAdding" classname="LocalCMCTests" time="0.0"/>
  <testcase name="TestALotOfAdding" classname="LocalCMCTests" time="0.001"/>
  <testcase name="TestALotOfAdding" classname="LocalCMCTests" time="0.001"/>
  <testcase name="TestALotOfAdding" classname="LocalCMCTests" time="0.0"/>
  <testcase name="TestALotOfAdding" classname="LocalCMCTests" time="0.001"/>
  <testcase name="TestALotOfAdding" classname="LocalCMCTests" time="0.001"/>
  <testcase name="TestALotOfAdding" classname="LocalCMCTests" time="0.001"/>
  <testcase name="TestALotOfAdding" classname="LocalCMCTests" time="0.001"/>
  <testcase name="TestALotOfAdding" classname="LocalCMCTests" time="0.001"/>
  <testcase name="TestALotOfAdding" classname="LocalCMCTests" time="0.001"/>
  <testcase name="TestALotOfAdding" classname="LocalCMCTests" time="0.001"/>
  <testcase name="TestALotOfAdding" classname="LocalCMCTests" time="0.001"/>
  <testcase name="TestALotOfAdding" classname="LocalCMCTests" time="0.001"/>
  <testcase name="TestALotOfAdding" classname="LocalCMCTests" time="0.0"/>
  <testcase name="TestALotOfAdding" classname="LocalCMCTests" time="0.001"/>
  <testcase name="TestALotOfAdding" classname="LocalCMCTests" time="0.001"/>
  <testcase name="TestALotOfAdding" classname="LocalCMCTests" time="0.0"/>
  <testcase name="TestALotOfAdding" classname="LocalCMCTests" time="0.0"/>
  <testcase name="TestALotOfAdding" classname="LocalCMCTests" time="0.0"/>
  <testcase name="TestALotOfAdding" classname="LocalCMCTests" time="0.0"/>
  <testcase name="TestALotOfAdding" classname="LocalCMCTests" time="0.001"/>
  <testcase name="TestALotOfAdding" classname="LocalCMCTests" time="0.002"/>
  <testcase name="TestALotOfAdding" classname="LocalCMCTests" time="0.001"/>
  <testcase name="TestALotOfAdding" classname="LocalCMCTests" time="0.0"/>
  <testcase name="TestALotOfAdding" classname="LocalCMCTests" time="0.001"/>
  <testcase name="TestALotOfAdding" classname="LocalCMCTests" time="0.002"/>
  <testcase name="TestALotOfAdding" classname="LocalCMCTests" time="0.001"/>
  <testcase name="TestALotOfAdding" classname="LocalCMCTests" time="0.001"/>
  <testcase name="TestALotOfAdding" classname="LocalCMCTests" time="0.0"/>
  <testcase name="TestALotOfAdding" classname="LocalCMCTests" time="0.0"/>
  <testcase name="TestALotOfAdding" classname="LocalCMCTests" time="0.001"/>
  <testcase name="TestALotOfAdding" classname="LocalCMCTests" time="0.0"/>
  <testcase name="TestALotOfAdding" classname="LocalCMCTests" time="0.001"/>
  <testcase name="TestALotOfAdding" classname="LocalCMCTests" time="0.0"/>
  <testcase name="TestALotOfAdding" classname="LocalCMCTests" time="0.0"/>
  <testcase name="TestALotOfAdding" classname="LocalCMCTests" time="0.001"/>
  <testcase name="TestALotOfAdding" classname="LocalCMCTests" time="0.001"/>
  <testcase name="TestALotOfAdding" classname="LocalCMCTests" time="0.002"/>
  <testcase name="TestALotOfAdding" classname="LocalCMCTests" time="0.001"/>
  <testcase name="TestALotOfAdding" classname="LocalCMCTests" time="0.0"/>
  <testcase name="TestALotOfAdding" classname="LocalCMCTests" time="0.001"/>
  <testcase name="TestALotOfAdding" classname="LocalCMCTests" time="0.001"/>
  <testcase name="TestALotOfAdding" classname="LocalCMCTests" time="0.0"/>
  <testcase name="TestALotOfAdding" classname="LocalCMCTests" time="0.001"/>
  <testcase name="TestALotOfAdding" classname="LocalCMCTests" time="0.001"/>
  <testcase name="TestALotOfAdding" classname="LocalCMCTests" time="0.0"/>
  <testcase name="TestALotOfAdding" classname="LocalCMCTests" time="0.001"/>
  <testcase name="TestALotOfAdding" classname="LocalCMCTests" time="0.001"/>
  <testcase name="TestALotOfAdding" classname="LocalCMCTests" time="0.0"/>
  <testcase name="TestALotOfAdding" classname="LocalCMCTests" time="0.002"/>
  <testcase name="TestALotOfAdding" classname="LocalCMCTests" time="0.001"/>
  <testcase name="TestALotOfAdding" classname="LocalCMCTests" time="0.0"/>
  <testcase name="TestALotOfAdding" classname="LocalCMCTests" time="0.002"/>
  <testcase name="TestALotOfAdding" classname="LocalCMCTests" time="0.001"/>
  <testcase name="TestALotOfAdding" classname="LocalCMCTests" time="0.001"/>
  <testcase name="TestALotOfAdding" classname="LocalCMCTests" time="0.001"/>
  <testcase name="TestALotOfAdding" classname="LocalCMCTests" time="0.0"/>
  <testcase name="TestALotOfAdding" classname="LocalCMCTests" time="0.001"/>
  <testcase name="TestALotOfAdding" classname="LocalCMCTests" time="0.0"/>
  <testcase name="TestALotOfAdding" classname="LocalCMCTests" time="0.0"/>
  <testcase name="TestALotOfAdding" classname="LocalCMCTests" time="0.0"/>
  <testcase name="TestALotOfAdding" classname="LocalCMCTests" time="0.0"/>
  <testcase name="TestALotOfAdding" classname="LocalCMCTests" time="0.0"/>
  <testcase name="TestALotOfAdding" classname="LocalCMCTests" time="0.001"/>
  <testcase name="TestALotOfAdding" classname="LocalCMCTests" time="0.001"/>
  <testcase name="TestALotOfAdding" classname="LocalCMCTests" time="0.001"/>
  <testcase name="TestALotOfAdding" classname="LocalCMCTests" time="0.002"/>
  <testcase name="TestALotOfAdding" classname="LocalCMCTests" time="0.0"/>
  <testcase name="TestALotOfAdding" classname="LocalCMCTests" time="0.0"/>
  <testcase name="TestALotOfAdding" classname="LocalCMCTests" time="0.001"/>
  <testcase name="TestALotOfAdding" classname="LocalCMCTests" time="0.001"/>
  <testcase name="TestALotOfAdding" classname="LocalCMCTests" time="0.001"/>
  <testcase name="TestALotOfAdding" classname="LocalCMCTests" time="0.001"/>
  <testcase name="TestALotOfAdding" classname="LocalCMCTests" time="0.001"/>
  <testcase name="TestALotOfAdding" classname="LocalCMCTests" time="0.001"/>
  <testcase name="TestALotOfAdding" classname="LocalCMCTests" time="0.0"/>
  <testcase name="TestALotOfAdding" classname="LocalCMCTests" time="0.0"/>
  <testcase name="TestALotOfAdding" classname="LocalCMCTests" time="0.0"/>
  <testcase name="TestALotOfAdding" classname="LocalCMCTests" time="0.001"/>
  <testcase name="TestALotOfAdding" classname="LocalCMCTests" time="0.001"/>
  <testcase name="TestALotOfAdding" classname="LocalCMCTests" time="0.001"/>
  <testcase name="TestALotOfAdding" classname="LocalCMCTests" time="0.001"/>
  <testcase name="TestALotOfAdding" classname="LocalCMCTests" time="0.001"/>
  <testcase name="TestALotOfAdding" classname="LocalCMCTests" time="0.0"/>
  <testcase name="TestALotOfAdding" classname="LocalCMCTests" time="0.0"/>
  <testcase name="TestALotOfAdding" classname="LocalCMCTests" time="0.001"/>
  <testcase name="TestALotOfAdding" classname="LocalCMCTests" time="0.0"/>
  <testcase name="TestALotOfAdding" classname="LocalCMCTests" time="0.0"/>
  <testcase name="TestALotOfAdding" classname="LocalCMCTests" time="0.001"/>
  <testcase name="TestALotOfAdding" classname="LocalCMCTests" time="0.001"/>
  <testcase name="TestALotOfAdding" classname="LocalCMCTests" time="0.0"/>
  <testcase name="TestALotOfAdding" classname="LocalCMCTests" time="0.001"/>
  <testcase name="TestALotOfAdding" classname="LocalCMCTests" time="0.001"/>
  <testcase name="TestALotOfAdding" classname="LocalCMCTests" time="0.001"/>
  <testcase name="TestALotOfAdding" classname="LocalCMCTests" time="0.0"/>
  <testcase name="TestALotOfAdding" classname="LocalCMCTests" time="0.001"/>
  <testcase name="TestALotOfAdding" classname="LocalCMCTests" time="0.001"/>
  <testcase name="TestALotOfAdding" classname="LocalCMCTests" time="0.001"/>
  <testcase name="TestALotOfAdding" classname="LocalCMCTests" time="0.001"/>
  <testcase name="TestALotOfAdding" classname="LocalCMCTests" time="0.0"/>
  <testcase name="TestALotOfAdding" classname="LocalCMCTests" time="0.0"/>
  <testcase name="TestALotOfAdding" classname="LocalCMCTests" time="0.0"/>
  <testcase name="TestALotOfAdding" classname="LocalCMCTests" time="0.0"/>
  <testcase name="TestALotOfAdding" classname="LocalCMCTests" time="0.002"/>
  <testcase name="TestALotOfAdding" classname="LocalCMCTests" time="0.001"/>
  <testcase name="TestALotOfAdding" classname="LocalCMCTests" time="0.0"/>
  <testcase name="TestALotOfAdding" classname="LocalCMCTests" time="0.003"/>
  <testcase name="TestALotOfAdding" classname="LocalCMCTests" time="0.002"/>
  <testcase name="TestALotOfAdding" classname="LocalCMCTests" time="0.0"/>
  <testcase name="TestALotOfAdding" classname="LocalCMCTests" time="0.0"/>
  <testcase name="TestALotOfAdding" classname="LocalCMCTests" time="0.0"/>
  <testcase name="TestALotOfAdding" classname="LocalCMCTests" time="0.001"/>
  <testcase name="TestALotOfAdding" classname="LocalCMCTests" time="0.001"/>
  <testcase name="TestALotOfAdding" classname="LocalCMCTests" time="0.001"/>
  <testcase name="TestALotOfAdding" classname="LocalCMCTests" time="0.001"/>
  <testcase name="TestALotOfAdding" classname="LocalCMCTests" time="0.001"/>
  <testcase name="TestALotOfAdding" classname="LocalCMCTests" time="0.0"/>
  <testcase name="TestALotOfAdding" classname="LocalCMCTests" time="0.0"/>
  <testcase name="TestALotOfAdding" classname="LocalCMCTests" time="0.001"/>
  <testcase name="TestALotOfAdding" classname="LocalCMCTests" time="0.002"/>
  <testcase name="TestALotOfAdding" classname="LocalCMCTests" time="0.001"/>
  <testcase name="TestALotOfAdding" classname="LocalCMCTests" time="0.001"/>
  <testcase name="TestALotOfAdding" classname="LocalCMCTests" time="0.001"/>
  <testcase name="TestALotOfAdding" classname="LocalCMCTests" time="0.001"/>
  <testcase name="TestALotOfAdding" classname="LocalCMCTests" time="0.0"/>
  <testcase name="TestALotOfAdding" classname="LocalCMCTests" time="0.0"/>
  <testcase name="TestALotOfAdding" classname="LocalCMCTests" time="0.0"/>
  <testcase name="TestALotOfAdding" classname="LocalCMCTests" time="0.0"/>
  <testcase name="TestALotOfAdding" classname="LocalCMCTests" time="0.001"/>
  <testcase name="TestALotOfAdding" classname="LocalCMCTests" time="0.0"/>
  <testcase name="TestALotOfAdding" classname="LocalCMCTests" time="0.001"/>
  <testcase name="TestALotOfAdding" classname="LocalCMCTests" time="0.001"/>
  <testcase name="TestALotOfAdding" classname="LocalCMCTests" time="0.0"/>
  <testcase name="TestALotOfAdding" classname="LocalCMCTests" time="0.0"/>
  <testcase name="TestALotOfAdding" classname="LocalCMCTests" time="0.001"/>
  <testcase name="TestALotOfAdding" classname="LocalCMCTests" time="0.002"/>
  <testcase name="TestALotOfAdding" classname="LocalCMCTests" time="0.001"/>
  <testcase name="TestALotOfAdding" classname="LocalCMCTests" time="0.001"/>
  <testcase name="TestALotOfAdding" classname="LocalCMCTests" time="0.0"/>
  <testcase name="TestALotOfAdding" classname="LocalCMCTests" time="0.001"/>
  <testcase name="TestALotOfAdding" classname="LocalCMCTests" time="0.001"/>
  <testcase name="TestALotOfAdding" classname="LocalCMCTests" time="0.0"/>
  <testcase name="TestALotOfAdding" classname="LocalCMCTests" time="0.0"/>
  <testcase name="TestALotOfAdding" classname="LocalCMCTests" time="0.0"/>
  <testcase name="TestALotOfAdding" classname="LocalCMCTests" time="0.0"/>
  <testcase name="TestALotOfAdding" classname="LocalCMCTests" time="0.0"/>
  <testcase name="TestALotOfAdding" classname="LocalCMCTests" time="0.0"/>
  <testcase name="TestALotOfAdding" classname="LocalCMCTests" time="0.001"/>
  <testcase name="TestALotOfAdding" classname="LocalCMCTests" time="0.0"/>
  <testcase name="TestALotOfAdding" classname="LocalCMCTests" time="0.001"/>
  <testcase name="TestALotOfAdding" classname="LocalCMCTests" time="0.001"/>
  <testcase name="TestALotOfAdding" classname="LocalCMCTests" time="0.001"/>
  <testcase name="TestALotOfAdding" classname="LocalCMCTests" time="0.001"/>
  <testcase name="TestALotOfAdding" classname="LocalCMCTests" time="0.001"/>
  <testcase name="TestALotOfAdding" classname="LocalCMCTests" time="0.001"/>
  <testcase name="TestALotOfAdding" classname="LocalCMCTests" time="0.001"/>
  <testcase name="TestALotOfAdding" classname="LocalCMCTests" time="0.002"/>
  <testcase name="TestALotOfAdding" classname="LocalCMCTests" time="0.0"/>
  <testcase name="TestALotOfAdding" classname="LocalCMCTests" time="0.0"/>
  <testcase name="TestALotOfAdding" classname="LocalCMCTests" time="0.0"/>
  <testcase name="TestALotOfAdding" classname="LocalCMCTests" time="0.0"/>
  <testcase name="TestALotOfAdding" classname="LocalCMCTests" time="0.001"/>
  <testcase name="TestALotOfAdding" classname="LocalCMCTests" time="0.0"/>
  <testcase name="TestALotOfAdding" classname="LocalCMCTests" time="0.001"/>
  <testcase name="TestALotOfAdding" classname="LocalCMCTests" time="0.0"/>
  <testcase name="TestALotOfAdding" classname="LocalCMCTests" time="0.001"/>
  <testcase name="TestALotOfAdding" classname="LocalCMCTests" time="0.001"/>
  <testcase name="TestALotOfAdding" classname="LocalCMCTests" time="0.001"/>
  <testcase name="TestALotOfAdding" classname="LocalCMCTests" time="0.001"/>
  <testcase name="TestALotOfAdding" classname="LocalCMCTests" time="0.0"/>
  <testcase name="TestALotOfAdding" classname="LocalCMCTests" time="0.001"/>
  <testcase name="TestALotOfAdding" classname="LocalCMCTests" time="0.001"/>
  <testcase name="TestALotOfAdding" classname="LocalCMCTests" time="0.001"/>
  <testcase name="TestALotOfAdding" classname="LocalCMCTests" time="0.0"/>
  <testcase name="TestALotOfAdding" classname="LocalCMCTests" time="0.001"/>
  <testcase name="TestALotOfAdding" classname="LocalCMCTests" time="0.001"/>
  <testcase name="TestALotOfAdding" classname="LocalCMCTests" time="0.0"/>
  <testcase name="TestALotOfAdding" classname="LocalCMCTests" time="0.0"/>
  <testcase name="TestALotOfAdding" classname="LocalCMCTests" time="0.001"/>
  <testcase name="TestALotOfAdding" classname="LocalCMCTests" time="0.0"/>
  <testcase name="TestALotOfAdding" classname="LocalCMCTests" time="0.001"/>
  <testcase name="TestALotOfAdding" classname="LocalCMCTests" time="0.001"/>
  <testcase name="TestALotOfAdding" classname="LocalCMCTests" time="0.0"/>
  <testcase name="TestALotOfAdding" classname="LocalCMCTests" time="0.001"/>
  <testcase name="TestALotOfAdding" classname="LocalCMCTests" time="0.001"/>
  <testcase name="TestALotOfAdding" classname="LocalCMCTests" time="0.001"/>
  <testcase name="TestALotOfAdding" classname="LocalCMCTests" time="0.0"/>
  <testcase name="TestALotOfAdding" classname="LocalCMCTests" time="0.001"/>
  <testcase name="TestALotOfAdding" classname="LocalCMCTests" time="0.0"/>
  <testcase name="TestALotOfAdding" classname="LocalCMCTests" time="0.0"/>
  <testcase name="TestALotOfAdding" classname="LocalCMCTests" time="0.0"/>
  <testcase name="TestALotOfAdding" classname="LocalCMCTests" time="0.0"/>
  <testcase name="TestALotOfAdding" classname="LocalCMCTests" time="0.0"/>
  <testcase name="TestALotOfAdding" classname="LocalCMCTests" time="0.0"/>
  <testcase name="TestALotOfAdding" classname="LocalCMCTests" time="0.001"/>
  <testcase name="TestALotOfAdding" classname="LocalCMCTests" time="0.0"/>
  <testcase name="TestALotOfAdding" classname="LocalCMCTests" time="0.0"/>
  <testcase name="TestALotOfAdding" classname="LocalCMCTests" time="0.001"/>
  <testcase name="TestALotOfAdding" classname="LocalCMCTests" time="0.001"/>
  <testcase name="TestALotOfAdding" classname="LocalCMCTests" time="0.002"/>
  <testcase name="TestALotOfAdding" classname="LocalCMCTests" time="0.001"/>
  <testcase name="TestALotOfAdding" classname="LocalCMCTests" time="0.001"/>
  <testcase name="TestALotOfAdding" classname="LocalCMCTests" time="0.001"/>
  <testcase name="TestALotOfAdding" classname="LocalCMCTests" time="0.001"/>
  <testcase name="TestALotOfAdding" classname="LocalCMCTests" time="0.0"/>
  <testcase name="TestALotOfAdding" classname="LocalCMCTests" time="0.001"/>
  <testcase name="TestALotOfAdding" classname="LocalCMCTests" time="0.001"/>
  <testcase name="TestALotOfAdding" classname="LocalCMCTests" time="0.001"/>
  <testcase name="TestALotOfAdding" classname="LocalCMCTests" time="0.0"/>
  <testcase name="TestALotOfAdding" classname="LocalCMCTests" time="0.001"/>
  <testcase name="TestALotOfAdding" classname="LocalCMCTests" time="0.0"/>
  <testcase name="TestALotOfAdding" classname="LocalCMCTests" time="0.001"/>
  <testcase name="TestALotOfAdding" classname="LocalCMCTests" time="0.001"/>
  <testcase name="TestALotOfAdding" classname="LocalCMCTests" time="0.002"/>
  <testcase name="TestALotOfAdding" classname="LocalCMCTests" time="0.0"/>
  <testcase name="TestALotOfAdding" classname="LocalCMCTests" time="0.001"/>
  <testcase name="TestALotOfAdding" classname="LocalCMCTests" time="0.001"/>
  <testcase name="TestALotOfAdding" classname="LocalCMCTests" time="0.001"/>
  <testcase name="TestALotOfAdding" classname="LocalCMCTests" time="0.001"/>
  <testcase name="TestALotOfAdding" classname="LocalCMCTests" time="0.0"/>
  <testcase name="TestALotOfAdding" classname="LocalCMCTests" time="0.001"/>
  <testcase name="TestALotOfAdding" classname="LocalCMCTests" time="0.0"/>
  <testcase name="TestALotOfAdding" classname="LocalCMCTests" time="0.001"/>
  <testcase name="TestALotOfAdding" classname="LocalCMCTests" time="0.0"/>
  <testcase name="TestALotOfAdding" classname="LocalCMCTests" time="0.001"/>
  <testcase name="TestALotOfAdding" classname="LocalCMCTests" time="0.0"/>
  <testcase name="TestALotOfAdding" classname="LocalCMCTests" time="0.0"/>
  <testcase name="TestALotOfAdding" classname="LocalCMCTests" time="0.0"/>
  <testcase name="TestALotOfAdding" classname="LocalCMCTests" time="0.0"/>
  <testcase name="TestALotOfAdding" classname="LocalCMCTests" time="0.001"/>
  <testcase name="TestALotOfAdding" classname="LocalCMCTests" time="0.001"/>
  <testcase name="TestALotOfAdding" classname="LocalCMCTests" time="0.001"/>
  <testcase name="TestALotOfAdding" classname="LocalCMCTests" time="0.001"/>
  <testcase name="TestALotOfAdding" classname="LocalCMCTests" time="0.001"/>
  <testcase name="TestALotOfAdding" classname="LocalCMCTests" time="0.001"/>
  <testcase name="TestALotOfAdding" classname="LocalCMCTests" time="0.0"/>
  <testcase name="TestALotOfAdding" classname="LocalCMCTests" time="0.0"/>
  <testcase name="TestALotOfAdding" classname="LocalCMCTests" time="0.001"/>
  <testcase name="TestALotOfAdding" classname="LocalCMCTests" time="0.001"/>
  <testcase name="TestALotOfAdding" classname="LocalCMCTests" time="0.001"/>
  <testcase name="TestALotOfAdding" classname="LocalCMCTests" time="0.0"/>
  <testcase name="TestALotOfAdding" classname="LocalCMCTests" time="0.001"/>
  <testcase name="TestALotOfAdding" classname="LocalCMCTests" time="0.0"/>
  <testcase name="TestALotOfAdding" classname="LocalCMCTests" time="0.0"/>
  <testcase name="TestALotOfAdding" classname="LocalCMCTests" time="0.0"/>
  <testcase name="TestALotOfAdding" classname="LocalCMCTests" time="0.001"/>
  <testcase name="TestALotOfAdding" classname="LocalCMCTests" time="0.001"/>
  <testcase name="TestALotOfAdding" classname="LocalCMCTests" time="0.001"/>
  <testcase name="TestALotOfAdding" classname="LocalCMCTests" time="0.001"/>
  <testcase name="TestALotOfAdding" classname="LocalCMCTests" time="0.001"/>
  <testcase name="TestALotOfAdding" classname="LocalCMCTests" time="0.001"/>
  <testcase name="TestALotOfAdding" classname="LocalCMCTests" time="0.0"/>
  <testcase name="TestALotOfAdding" classname="LocalCMCTests" time="0.0"/>
  <testcase name="TestALotOfAdding" classname="LocalCMCTests" time="0.0"/>
  <testcase name="TestALotOfAdding" classname="LocalCMCTests" time="0.0"/>
  <testcase name="TestALotOfAdding" classname="LocalCMCTests" time="0.0"/>
  <testcase name="TestALotOfAdding" classname="LocalCMCTests" time="0.001"/>
  <testcase name="TestALotOfAdding" classname="LocalCMCTests" time="0.001"/>
  <testcase name="TestALotOfAdding" classname="LocalCMCTests" time="0.0"/>
  <testcase name="TestALotOfAdding" classname="LocalCMCTests" time="0.0"/>
  <testcase name="TestALotOfAdding" classname="LocalCMCTests" time="0.0"/>
  <testcase name="TestALotOfAdding" classname="LocalCMCTests" time="0.0"/>
  <testcase name="TestALotOfAdding" classname="LocalCMCTests" time="0.001"/>
  <testcase name="TestALotOfAdding" classname="LocalCMCTests" time="0.001"/>
  <testcase name="TestALotOfAdding" classname="LocalCMCTests" time="0.001"/>
  <testcase name="TestALotOfAdding" classname="LocalCMCTests" time="0.002"/>
  <testcase name="TestALotOfAdding" classname="LocalCMCTests" time="0.0"/>
  <testcase name="TestALotOfAdding" classname="LocalCMCTests" time="0.0"/>
  <testcase name="TestALotOfAdding" classname="LocalCMCTests" time="0.001"/>
  <testcase name="TestALotOfAdding" classname="LocalCMCTests" time="0.0"/>
  <testcase name="TestALotOfAdding" classname="LocalCMCTests" time="0.0"/>
  <testcase name="TestALotOfAdding" classname="LocalCMCTests" time="0.0"/>
  <testcase name="TestALotOfAdding" classname="LocalCMCTests" time="0.001"/>
  <testcase name="TestALotOfAdding" classname="LocalCMCTests" time="0.0"/>
  <testcase name="TestALotOfAdding" classname="LocalCMCTests" time="0.0"/>
  <testcase name="TestALotOfAdding" classname="LocalCMCTests" time="0.0"/>
  <testcase name="TestALotOfAdding" classname="LocalCMCTests" time="0.0"/>
  <testcase name="TestALotOfAdding" classname="LocalCMCTests" time="0.002"/>
  <testcase name="TestALotOfAdding" classname="LocalCMCTests" time="0.002"/>
  <testcase name="TestALotOfAdding" classname="LocalCMCTests" time="0.001"/>
  <testcase name="TestALotOfAdding" classname="LocalCMCTests" time="0.0"/>
  <testcase name="TestALotOfAdding" classname="LocalCMCTests" time="0.001"/>
  <testcase name="TestALotOfAdding" classname="LocalCMCTests" time="0.0"/>
  <testcase name="TestALotOfAdding" classname="LocalCMCTests" time="0.001"/>
  <testcase name="TestALotOfAdding" classname="LocalCMCTests" time="0.0"/>
  <testcase name="TestALotOfAdding" classname="LocalCMCTests" time="0.001"/>
  <testcase name="TestALotOfAdding" classname="LocalCMCTests" time="0.0"/>
  <testcase name="TestALotOfAdding" classname="LocalCMCTests" time="0.001"/>
  <testcase name="TestALotOfAdding" classname="LocalCMCTests" time="0.0"/>
  <testcase name="TestALotOfAdding" classname="LocalCMCTests" time="0.0"/>
  <testcase name="TestALotOfAdding" classname="LocalCMCTests" time="0.001"/>
  <testcase name="TestALotOfAdding" classname="LocalCMCTests" time="0.002"/>
  <testcase name="TestALotOfAdding" classname="LocalCMCTests" time="0.0"/>
  <testcase name="TestALotOfAdding" classname="LocalCMCTests" time="0.001"/>
  <testcase name="TestALotOfAdding" classname="LocalCMCTests" time="0.0"/>
  <testcase name="TestALotOfAdding" classname="LocalCMCTests" time="0.001"/>
  <testcase name="TestALotOfAdding" classname="LocalCMCTests" time="0.001"/>
  <testcase name="TestALotOfAdding" classname="LocalCMCTests" time="0.001"/>
  <testcase name="TestALotOfAdding" classname="LocalCMCTests" time="0.003"/>
  <testcase name="TestALotOfAdding" classname="LocalCMCTests" time="0.0"/>
  <testcase name="TestALotOfAdding" classname="LocalCMCTests" time="0.0"/>
  <testcase name="TestALotOfAdding" classname="LocalCMCTests" time="0.0"/>
  <testcase name="TestALotOfAdding" classname="LocalCMCTests" time="0.0"/>
  <testcase name="TestALotOfAdding" classname="LocalCMCTests" time="0.001"/>
  <testcase name="TestALotOfAdding" classname="LocalCMCTests" time="0.002"/>
  <testcase name="TestALotOfAdding" classname="LocalCMCTests" time="0.002"/>
  <testcase name="TestALotOfAdding" classname="LocalCMCTests" time="0.001"/>
  <testcase name="TestALotOfAdding" classname="LocalCMCTests" time="0.002"/>
  <testcase name="TestALotOfAdding" classname="LocalCMCTests" time="0.0"/>
  <testcase name="TestALotOfAdding" classname="LocalCMCTests" time="0.0"/>
  <testcase name="TestALotOfAdding" classname="LocalCMCTests" time="0.001"/>
  <testcase name="TestALotOfAdding" classname="LocalCMCTests" time="0.001"/>
  <testcase name="TestALotOfAdding" classname="LocalCMCTests" time="0.001"/>
  <testcase name="TestALotOfAdding" classname="LocalCMCTests" time="0.0"/>
  <testcase name="TestALotOfAdding" classname="LocalCMCTests" time="0.001"/>
  <testcase name="TestALotOfAdding" classname="LocalCMCTests" time="0.0"/>
  <testcase name="TestALotOfAdding" classname="LocalCMCTests" time="0.0"/>
  <testcase name="TestALotOfAdding" classname="LocalCMCTests" time="0.001"/>
  <testcase name="TestALotOfAdding" classname="LocalCMCTests" time="0.001"/>
  <testcase name="TestALotOfAdding" classname="LocalCMCTests" time="0.001"/>
  <testcase name="TestALotOfAdding" classname="LocalCMCTests" time="0.001"/>
  <testcase name="TestALotOfAdding" classname="LocalCMCTests" time="0.001"/>
  <testcase name="TestALotOfAdding" classname="LocalCMCTests" time="0.001"/>
  <testcase name="TestALotOfAdding" classname="LocalCMCTests" time="0.001"/>
  <testcase name="TestALotOfAdding" classname="LocalCMCTests" time="0.001"/>
  <testcase name="TestALotOfAdding" classname="LocalCMCTests" time="0.001"/>
  <testcase name="TestALotOfAdding" classname="LocalCMCTests" time="0.001"/>
  <testcase name="TestALotOfAdding" classname="LocalCMCTests" time="0.0"/>
  <testcase name="TestALotOfAdding" classname="LocalCMCTests" time="0.0"/>
  <testcase name="TestALotOfAdding" classname="LocalCMCTests" time="0.0"/>
  <testcase name="TestALotOfAdding" classname="LocalCMCTests" time="0.001"/>
  <testcase name="TestALotOfAdding" classname="LocalCMCTests" time="0.0"/>
  <testcase name="TestALotOfAdding" classname="LocalCMCTests" time="0.001"/>
  <testcase name="TestALotOfAdding" classname="LocalCMCTests" time="0.0"/>
  <testcase name="TestALotOfAdding" classname="LocalCMCTests" time="0.001"/>
  <testcase name="TestALotOfAdding" classname="LocalCMCTests" time="0.001"/>
  <testcase name="TestALotOfAdding" classname="LocalCMCTests" time="0.001"/>
  <testcase name="TestALotOfAdding" classname="LocalCMCTests" time="0.001"/>
  <testcase name="TestALotOfAdding" classname="LocalCMCTests" time="0.001"/>
  <testcase name="TestALotOfAdding" classname="LocalCMCTests" time="0.001"/>
  <testcase name="TestALotOfAdding" classname="LocalCMCTests" time="0.0"/>
  <testcase name="TestALotOfAdding" classname="LocalCMCTests" time="0.001"/>
  <testcase name="TestALotOfAdding" classname="LocalCMCTests" time="0.0"/>
  <testcase name="TestALotOfAdding" classname="LocalCMCTests" time="0.0"/>
  <testcase name="TestALotOfAdding" classname="LocalCMCTests" time="0.0"/>
  <testcase name="TestALotOfAdding" classname="LocalCMCTests" time="0.0"/>
  <testcase name="TestALotOfAdding" classname="LocalCMCTests" time="0.001"/>
  <testcase name="TestALotOfAdding" classname="LocalCMCTests" time="0.0"/>
  <testcase name="TestALotOfAdding" classname="LocalCMCTests" time="0.0"/>
  <testcase name="TestALotOfAdding" classname="LocalCMCTests" time="0.0"/>
  <testcase name="TestALotOfAdding" classname="LocalCMCTests" time="0.001"/>
  <testcase name="TestALotOfAdding" classname="LocalCMCTests" time="0.001"/>
  <testcase name="TestALotOfAdding" classname="LocalCMCTests" time="0.001"/>
  <testcase name="TestALotOfAdding" classname="LocalCMCTests" time="0.001"/>
  <testcase name="TestALotOfAdding" classname="LocalCMCTests" time="0.001"/>
  <testcase name="TestALotOfAdding" classname="LocalCMCTests" time="0.0"/>
  <testcase name="TestALotOfAdding" classname="LocalCMCTests" time="0.001"/>
  <testcase name="TestALotOfAdding" classname="LocalCMCTests" time="0.001"/>
  <testcase name="TestALotOfAdding" classname="LocalCMCTests" time="0.001"/>
  <testcase name="TestALotOfAdding" classname="LocalCMCTests" time="0.001"/>
  <testcase name="TestALotOfAdding" classname="LocalCMCTests" time="0.0"/>
  <testcase name="TestALotOfAdding" classname="LocalCMCTests" time="0.0"/>
  <testcase name="TestALotOfAdding" classname="LocalCMCTests" time="0.0"/>
  <testcase name="TestALotOfAdding" classname="LocalCMCTests" time="0.0"/>
  <testcase name="TestALotOfAdding" classname="LocalCMCTests" time="0.0"/>
  <testcase name="TestALotOfAdding" classname="LocalCMCTests" time="0.0"/>
  <testcase name="TestALotOfAdding" classname="LocalCMCTests" time="0.001"/>
  <testcase name="TestALotOfAdding" classname="LocalCMCTests" time="0.0"/>
  <testcase name="TestALotOfAdding" classname="LocalCMCTests" time="0.001"/>
  <testcase name="TestALotOfAdding" classname="LocalCMCTests" time="0.001"/>
  <testcase name="TestALotOfAdding" classname="LocalCMCTests" time="0.002"/>
  <testcase name="TestALotOfAdding" classname="LocalCMCTests" time="0.0"/>
  <testcase name="TestALotOfAdding" classname="LocalCMCTests" time="0.001"/>
  <testcase name="TestALotOfAdding" classname="LocalCMCTests" time="0.001"/>
  <testcase name="TestALotOfAdding" classname="LocalCMCTests" time="0.0"/>
  <testcase name="TestALotOfAdding" classname="LocalCMCTests" time="0.001"/>
  <testcase name="TestALotOfAdding" classname="LocalCMCTests" time="0.001"/>
  <testcase name="TestALotOfAdding" classname="LocalCMCTests" time="0.001"/>
  <testcase name="TestALotOfAdding" classname="LocalCMCTests" time="0.0"/>
  <testcase name="TestALotOfAdding" classname="LocalCMCTests" time="0.0"/>
  <testcase name="TestALotOfAdding" classname="LocalCMCTests" time="0.001"/>
  <testcase name="TestALotOfAdding" classname="LocalCMCTests" time="0.001"/>
  <testcase name="TestALotOfAdding" classname="LocalCMCTests" time="0.001"/>
  <testcase name="TestALotOfAdding" classname="LocalCMCTests" time="0.001"/>
  <testcase name="TestALotOfAdding" classname="LocalCMCTests" time="0.0"/>
  <testcase name="TestALotOfAdding" classname="LocalCMCTests" time="0.0"/>
  <testcase name="TestALotOfAdding" classname="LocalCMCTests" time="0.002"/>
  <testcase name="TestALotOfAdding" classname="LocalCMCTests" time="0.001"/>
  <testcase name="TestALotOfAdding" classname="LocalCMCTests" time="0.0"/>
  <testcase name="TestALotOfAdding" classname="LocalCMCTests" time="0.001"/>
  <testcase name="TestALotOfAdding" classname="LocalCMCTests" time="0.0"/>
  <testcase name="TestALotOfAdding" classname="LocalCMCTests" time="0.001"/>
  <testcase name="TestALotOfAdding" classname="LocalCMCTests" time="0.001"/>
  <testcase name="TestALotOfAdding" classname="LocalCMCTests" time="0.0"/>
  <testcase name="TestALotOfAdding" classname="LocalCMCTests" time="0.0"/>
  <testcase name="TestALotOfAdding" classname="LocalCMCTests" time="0.0"/>
  <testcase name="TestALotOfAdding" classname="LocalCMCTests" time="0.0"/>
  <testcase name="TestALotOfAdding" classname="LocalCMCTests" time="0.001"/>
  <testcase name="TestALotOfAdding" classname="LocalCMCTests" time="0.0"/>
  <testcase name="TestALotOfAdding" classname="LocalCMCTests" time="0.0"/>
  <testcase name="TestALotOfAdding" classname="LocalCMCTests" time="0.001"/>
  <testcase name="TestALotOfAdding" classname="LocalCMCTests" time="0.001"/>
  <testcase name="TestALotOfAdding" classname="LocalCMCTests" time="0.0"/>
  <testcase name="TestALotOfAdding" classname="LocalCMCTests" time="0.002"/>
  <testcase name="TestALotOfAdding" classname="LocalCMCTests" time="0.001"/>
  <testcase name="TestALotOfAdding" classname="LocalCMCTests" time="0.001"/>
  <testcase name="TestALotOfAdding" classname="LocalCMCTests" time="0.001"/>
  <testcase name="TestALotOfAdding" classname="LocalCMCTests" time="0.001"/>
  <testcase name="TestALotOfAdding" classname="LocalCMCTests" time="0.001"/>
  <testcase name="TestALotOfAdding" classname="LocalCMCTests" time="0.0"/>
  <testcase name="TestALotOfAdding" classname="LocalCMCTests" time="0.0"/>
  <testcase name="TestALotOfAdding" classname="LocalCMCTests" time="0.0"/>
  <testcase name="TestALotOfAdding" classname="LocalCMCTests" time="0.0"/>
  <testcase name="TestALotOfAdding" classname="LocalCMCTests" time="0.0"/>
  <testcase name="TestALotOfAdding" classname="LocalCMCTests" time="0.0"/>
  <testcase name="TestALotOfAdding" classname="LocalCMCTests" time="0.0"/>
  <testcase name="TestALotOfAdding" classname="LocalCMCTests" time="0.002"/>
  <testcase name="TestALotOfAdding" classname="LocalCMCTests" time="0.001"/>
  <testcase name="TestALotOfAdding" classname="LocalCMCTests" time="0.001"/>
  <testcase name="TestALotOfAdding" classname="LocalCMCTests" time="0.0"/>
  <testcase name="TestALotOfAdding" classname="LocalCMCTests" time="0.001"/>
  <testcase name="TestALotOfAdding" classname="LocalCMCTests" time="0.001"/>
  <testcase name="TestALotOfAdding" classname="LocalCMCTests" time="0.001"/>
  <testcase name="TestALotOfAdding" classname="LocalCMCTests" time="0.0"/>
  <testcase name="TestALotOfAdding" classname="LocalCMCTests" time="0.001"/>
  <testcase name="TestALotOfAdding" classname="LocalCMCTests" time="0.001"/>
  <testcase name="TestALotOfAdding" classname="LocalCMCTests" time="0.0"/>
  <testcase name="TestALotOfAdding" classname="LocalCMCTests" time="0.0"/>
  <testcase name="TestALotOfAdding" classname="LocalCMCTests" time="0.001"/>
  <testcase name="TestALotOfAdding" classname="LocalCMCTests" time="0.0"/>
  <testcase name="TestALotOfAdding" classname="LocalCMCTests" time="0.0"/>
  <testcase name="TestALotOfAdding" classname="LocalCMCTests" time="0.003"/>
  <testcase name="TestALotOfAdding" classname="LocalCMCTests" time="0.001"/>
  <testcase name="TestALotOfAdding" classname="LocalCMCTests" time="0.001"/>
  <testcase name="TestALotOfAdding" classname="LocalCMCTests" time="0.001"/>
  <testcase name="TestALotOfAdding" classname="LocalCMCTests" time="0.001"/>
  <testcase name="TestALotOfAdding" classname="LocalCMCTests" time="0.001"/>
  <testcase name="TestALotOfAdding" classname="LocalCMCTests" time="0.0"/>
  <testcase name="TestALotOfAdding" classname="LocalCMCTests" time="0.001"/>
  <testcase name="TestALotOfAdding" classname="LocalCMCTests" time="0.001"/>
  <testcase name="TestALotOfAdding" classname="LocalCMCTests" time="0.0"/>
  <testcase name="TestALotOfAdding" classname="LocalCMCTests" time="0.0"/>
  <testcase name="TestALotOfAdding" classname="LocalCMCTests" time="0.001"/>
  <testcase name="TestALotOfAdding" classname="LocalCMCTests" time="0.001"/>
  <testcase name="TestALotOfAdding" classname="LocalCMCTests" time="0.0"/>
  <testcase name="TestALotOfAdding" classname="LocalCMCTests" time="0.0"/>
  <testcase name="TestALotOfAdding" classname="LocalCMCTests" time="0.0"/>
  <testcase name="TestALotOfAdding" classname="LocalCMCTests" time="0.001"/>
  <testcase name="TestALotOfAdding" classname="LocalCMCTests" time="0.001"/>
  <testcase name="TestALotOfAdding" classname="LocalCMCTests" time="0.001"/>
  <testcase name="TestALotOfAdding" classname="LocalCMCTests" time="0.0"/>
  <testcase name="TestALotOfAdding" classname="LocalCMCTests" time="0.001"/>
  <testcase name="TestALotOfAdding" classname="LocalCMCTests" time="0.001"/>
  <testcase name="TestALotOfAdding" classname="LocalCMCTests" time="0.0"/>
  <testcase name="TestALotOfAdding" classname="LocalCMCTests" time="0.001"/>
  <testcase name="TestALotOfAdding" classname="LocalCMCTests" time="0.001"/>
  <testcase name="TestALotOfAdding" classname="LocalCMCTests" time="0.0"/>
  <testcase name="TestALotOfAdding" classname="LocalCMCTests" time="0.0"/>
  <testcase name="TestALotOfAdding" classname="LocalCMCTests" time="0.0"/>
  <testcase name="TestALotOfAdding" classname="LocalCMCTests" time="0.002"/>
  <testcase name="TestALotOfAdding" classname="LocalCMCTests" time="0.002"/>
  <testcase name="TestALotOfAdding" classname="LocalCMCTests" time="0.0"/>
  <testcase name="TestALotOfAdding" classname="LocalCMCTests" time="0.001"/>
  <testcase name="TestALotOfAdding" classname="LocalCMCTests" time="0.001"/>
  <testcase name="TestALotOfAdding" classname="LocalCMCTests" time="0.001"/>
  <testcase name="TestALotOfAdding" classname="LocalCMCTests" time="0.0"/>
  <testcase name="TestALotOfAdding" classname="LocalCMCTests" time="0.0"/>
  <testcase name="TestALotOfAdding" classname="LocalCMCTests" time="0.0"/>
  <testcase name="TestALotOfAdding" classname="LocalCMCTests" time="0.0"/>
  <testcase name="TestALotOfAdding" classname="LocalCMCTests" time="0.001"/>
  <testcase name="TestALotOfAdding" classname="LocalCMCTests" time="0.002"/>
  <testcase name="TestALotOfAdding" classname="LocalCMCTests" time="0.002"/>
  <testcase name="TestALotOfAdding" classname="LocalCMCTests" time="0.001"/>
  <testcase name="TestALotOfAdding" classname="LocalCMCTests" time="0.0"/>
  <testcase name="TestALotOfAdding" classname="LocalCMCTests" time="0.001"/>
  <testcase name="TestALotOfAdding" classname="LocalCMCTests" time="0.0"/>
  <testcase name="TestALotOfAdding" classname="LocalCMCTests" time="0.001"/>
  <testcase name="TestALotOfAdding" classname="LocalCMCTests" time="0.001"/>
  <testcase name="TestALotOfAdding" classname="LocalCMCTests" time="0.001"/>
  <testcase name="TestALotOfAdding" classname="LocalCMCTests" time="0.0"/>
  <testcase name="TestALotOfAdding" classname="LocalCMCTests" time="0.002"/>
  <testcase name="TestALotOfAdding" classname="LocalCMCTests" time="0.0"/>
  <testcase name="TestALotOfAdding" classname="LocalCMCTests" time="0.001"/>
  <testcase name="TestALotOfAdding" classname="LocalCMCTests" time="0.0"/>
  <testcase name="TestALotOfAdding" classname="LocalCMCTests" time="0.001"/>
  <testcase name="TestALotOfAdding" classname="LocalCMCTests" time="0.0"/>
  <testcase name="TestALotOfAdding" classname="LocalCMCTests" time="0.001"/>
  <testcase name="TestALotOfAdding" classname="LocalCMCTests" time="0.003"/>
  <testcase name="TestALotOfAdding" classname="LocalCMCTests" time="0.0"/>
  <testcase name="TestALotOfAdding" classname="LocalCMCTests" time="0.001"/>
  <testcase name="TestALotOfAdding" classname="LocalCMCTests" time="0.0"/>
  <testcase name="TestALotOfAdding" classname="LocalCMCTests" time="0.0"/>
  <testcase name="TestALotOfAdding" classname="LocalCMCTests" time="0.0"/>
  <testcase name="TestALotOfAdding" classname="LocalCMCTests" time="0.0"/>
  <testcase name="TestALotOfAdding" classname="LocalCMCTests" time="0.001"/>
  <testcase name="TestALotOfAdding" classname="LocalCMCTests" time="0.001"/>
  <testcase name="TestALotOfAdding" classname="LocalCMCTests" time="0.001"/>
  <testcase name="TestALotOfAdding" classname="LocalCMCTests" time="0.001"/>
  <testcase name="TestALotOfAdding" classname="LocalCMCTests" time="0.001"/>
  <testcase name="TestALotOfAdding" classname="LocalCMCTests" time="0.0"/>
  <testcase name="TestALotOfAdding" classname="LocalCMCTests" time="0.002"/>
  <testcase name="TestALotOfAdding" classname="LocalCMCTests" time="0.0"/>
  <testcase name="TestALotOfAdding" classname="LocalCMCTests" time="0.001"/>
  <testcase name="TestALotOfAdding" classname="LocalCMCTests" time="0.001"/>
  <testcase name="TestALotOfAdding" classname="LocalCMCTests" time="0.001"/>
  <testcase name="TestALotOfAdding" classname="LocalCMCTests" time="0.0"/>
  <testcase name="TestALotOfAdding" classname="LocalCMCTests" time="0.0"/>
  <testcase name="TestALotOfAdding" classname="LocalCMCTests" time="0.001"/>
  <testcase name="TestALotOfAdding" classname="LocalCMCTests" time="0.0"/>
  <testcase name="TestALotOfAdding" classname="LocalCMCTests" time="0.0"/>
  <testcase name="TestALotOfAdding" classname="LocalCMCTests" time="0.001"/>
  <testcase name="TestALotOfAdding" classname="LocalCMCTests" time="0.001"/>
  <testcase name="TestALotOfAdding" classname="LocalCMCTests" time="0.001"/>
  <testcase name="TestALotOfAdding" classname="LocalCMCTests" time="0.0"/>
  <testcase name="TestALotOfAdding" classname="LocalCMCTests" time="0.001"/>
  <testcase name="TestALotOfAdding" classname="LocalCMCTests" time="0.0"/>
  <testcase name="TestALotOfAdding" classname="LocalCMCTests" time="0.001"/>
  <testcase name="TestALotOfAdding" classname="LocalCMCTests" time="0.001"/>
  <testcase name="TestALotOfAdding" classname="LocalCMCTests" time="0.001"/>
  <testcase name="TestALotOfAdding" classname="LocalCMCTests" time="0.001"/>
  <testcase name="TestALotOfAdding" classname="LocalCMCTests" time="0.0"/>
  <testcase name="TestALotOfAdding" classname="LocalCMCTests" time="0.001"/>
  <testcase name="TestALotOfAdding" classname="LocalCMCTests" time="0.001"/>
  <testcase name="TestALotOfAdding" classname="LocalCMCTests" time="0.001"/>
  <testcase name="TestALotOfAdding" classname="LocalCMCTests" time="0.0"/>
  <testcase name="TestALotOfAdding" classname="LocalCMCTests" time="0.0"/>
  <testcase name="TestALotOfAdding" classname="LocalCMCTests" time="0.0"/>
  <testcase name="TestALotOfAdding" classname="LocalCMCTests" time="0.001"/>
  <testcase name="TestALotOfAdding" classname="LocalCMCTests" time="0.0"/>
  <testcase name="TestALotOfAdding" classname="LocalCMCTests" time="0.001"/>
  <testcase name="TestALotOfAdding" classname="LocalCMCTests" time="0.001"/>
  <testcase name="TestALotOfAdding" classname="LocalCMCTests" time="0.001"/>
  <testcase name="TestALotOfAdding" classname="LocalCMCTests" time="0.001"/>
  <testcase name="TestALotOfAdding" classname="LocalCMCTests" time="0.001"/>
  <testcase name="TestALotOfAdding" classname="LocalCMCTests" time="0.001"/>
  <testcase name="TestALotOfAdding" classname="LocalCMCTests" time="0.001"/>
  <testcase name="TestALotOfAdding" classname="LocalCMCTests" time="0.002"/>
  <testcase name="TestALotOfAdding" classname="LocalCMCTests" time="0.001"/>
  <testcase name="TestALotOfAdding" classname="LocalCMCTests" time="0.001"/>
  <testcase name="TestALotOfAdding" classname="LocalCMCTests" time="0.0"/>
  <testcase name="TestALotOfAdding" classname="LocalCMCTests" time="0.0"/>
  <testcase name="TestALotOfAdding" classname="LocalCMCTests" time="0.0"/>
  <testcase name="TestALotOfAdding" classname="LocalCMCTests" time="0.001"/>
  <testcase name="TestALotOfAdding" classname="LocalCMCTests" time="0.001"/>
  <testcase name="TestALotOfAdding" classname="LocalCMCTests" time="0.0"/>
  <testcase name="TestALotOfAdding" classname="LocalCMCTests" time="0.001"/>
  <testcase name="TestALotOfAdding" classname="LocalCMCTests" time="0.0"/>
  <testcase name="TestALotOfAdding" classname="LocalCMCTests" time="0.002"/>
  <testcase name="TestALotOfAdding" classname="LocalCMCTests" time="0.001"/>
  <testcase name="TestALotOfAdding" classname="LocalCMCTests" time="0.002"/>
  <testcase name="TestALotOfAdding" classname="LocalCMCTests" time="0.0"/>
  <testcase name="TestALotOfAdding" classname="LocalCMCTests" time="0.002"/>
  <testcase name="TestALotOfAdding" classname="LocalCMCTests" time="0.0"/>
  <testcase name="TestALotOfAdding" classname="LocalCMCTests" time="0.001"/>
  <testcase name="TestALotOfAdding" classname="LocalCMCTests" time="0.001"/>
  <testcase name="TestALotOfAdding" classname="LocalCMCTests" time="0.001"/>
  <testcase name="TestALotOfAdding" classname="LocalCMCTests" time="0.0"/>
  <testcase name="TestALotOfAdding" classname="LocalCMCTests" time="0.001"/>
  <testcase name="TestALotOfAdding" classname="LocalCMCTests" time="0.001"/>
  <testcase name="TestALotOfAdding" classname="LocalCMCTests" time="0.0"/>
  <testcase name="TestALotOfAdding" classname="LocalCMCTests" time="0.001"/>
  <testcase name="TestALotOfAdding" classname="LocalCMCTests" time="0.0"/>
  <testcase name="TestALotOfAdding" classname="LocalCMCTests" time="0.001"/>
  <testcase name="TestALotOfAdding" classname="LocalCMCTests" time="0.0"/>
  <testcase name="TestALotOfAdding" classname="LocalCMCTests" time="0.001"/>
  <testcase name="TestALotOfAdding" classname="LocalCMCTests" time="0.0"/>
  <testcase name="TestALotOfAdding" classname="LocalCMCTests" time="0.0"/>
  <testcase name="TestALotOfAdding" classname="LocalCMCTests" time="0.001"/>
  <testcase name="TestALotOfAdding" classname="LocalCMCTests" time="0.001"/>
  <testcase name="TestALotOfAdding" classname="LocalCMCTests" time="0.001"/>
  <testcase name="TestALotOfAdding" classname="LocalCMCTests" time="0.0"/>
  <testcase name="TestALotOfAdding" classname="LocalCMCTests" time="0.0"/>
  <testcase name="TestALotOfAdding" classname="LocalCMCTests" time="0.001"/>
  <testcase name="TestALotOfAdding" classname="LocalCMCTests" time="0.0"/>
  <testcase name="TestALotOfAdding" classname="LocalCMCTests" time="0.001"/>
  <testcase name="TestALotOfAdding" classname="LocalCMCTests" time="0.001"/>
  <testcase name="TestALotOfAdding" classname="LocalCMCTests" time="0.001"/>
  <testcase name="TestALotOfAdding" classname="LocalCMCTests" time="0.0"/>
  <testcase name="TestALotOfAdding" classname="LocalCMCTests" time="0.0"/>
  <testcase name="TestALotOfAdding" classname="LocalCMCTests" time="0.001"/>
  <testcase name="TestALotOfAdding" classname="LocalCMCTests" time="0.002"/>
  <testcase name="TestALotOfAdding" classname="LocalCMCTests" time="0.0"/>
  <testcase name="TestALotOfAdding" classname="LocalCMCTests" time="0.001"/>
  <testcase name="TestALotOfAdding" classname="LocalCMCTests" time="0.001"/>
  <testcase name="TestALotOfAdding" classname="LocalCMCTests" time="0.0"/>
  <testcase name="TestALotOfAdding" classname="LocalCMCTests" time="0.001"/>
  <testcase name="TestALotOfAdding" classname="LocalCMCTests" time="0.0"/>
  <testcase name="TestALotOfAdding" classname="LocalCMCTests" time="0.0"/>
  <testcase name="TestALotOfAdding" classname="LocalCMCTests" time="0.002"/>
  <testcase name="TestALotOfAdding" classname="LocalCMCTests" time="0.002"/>
  <testcase name="TestALotOfAdding" classname="LocalCMCTests" time="0.0"/>
  <testcase name="TestALotOfAdding" classname="LocalCMCTests" time="0.003"/>
  <testcase name="TestALotOfAdding" classname="LocalCMCTests" time="0.0"/>
  <testcase name="TestALotOfAdding" classname="LocalCMCTests" time="0.001"/>
  <testcase name="TestALotOfAdding" classname="LocalCMCTests" time="0.001"/>
  <testcase name="TestALotOfAdding" classname="LocalCMCTests" time="0.0"/>
  <testcase name="TestALotOfAdding" classname="LocalCMCTests" time="0.001"/>
  <testcase name="TestALotOfAdding" classname="LocalCMCTests" time="0.0"/>
  <testcase name="TestALotOfAdding" classname="LocalCMCTests" time="0.0"/>
  <testcase name="TestALotOfAdding" classname="LocalCMCTests" time="0.0"/>
  <testcase name="TestALotOfAdding" classname="LocalCMCTests" time="0.0"/>
  <testcase name="TestALotOfAdding" classname="LocalCMCTests" time="0.0"/>
  <testcase name="TestALotOfAdding" classname="LocalCMCTests" time="0.0"/>
  <testcase name="TestALotOfAdding" classname="LocalCMCTests" time="0.001"/>
  <testcase name="TestALotOfAdding" classname="LocalCMCTests" time="0.001"/>
  <testcase name="TestALotOfAdding" classname="LocalCMCTests" time="0.002"/>
  <testcase name="TestALotOfAdding" classname="LocalCMCTests" time="0.0"/>
  <testcase name="TestALotOfAdding" classname="LocalCMCTests" time="0.002"/>
  <testcase name="TestALotOfAdding" classname="LocalCMCTests" time="0.002"/>
  <testcase name="TestALotOfAdding" classname="LocalCMCTests" time="0.0"/>
  <testcase name="TestALotOfAdding" classname="LocalCMCTests" time="0.0"/>
  <testcase name="TestALotOfAdding" classname="LocalCMCTests" time="0.0"/>
  <testcase name="TestALotOfAdding" classname="LocalCMCTests" time="0.0"/>
  <testcase name="TestALotOfAdding" classname="LocalCMCTests" time="0.001"/>
  <testcase name="TestALotOfAdding" classname="LocalCMCTests" time="0.001"/>
  <testcase name="TestALotOfAdding" classname="LocalCMCTests" time="0.001"/>
  <testcase name="TestALotOfAdding" classname="LocalCMCTests" time="0.0"/>
  <testcase name="TestALotOfAdding" classname="LocalCMCTests" time="0.0"/>
  <testcase name="TestALotOfAdding" classname="LocalCMCTests" time="0.001"/>
  <testcase name="TestALotOfAdding" classname="LocalCMCTests" time="0.0"/>
  <testcase name="TestALotOfAdding" classname="LocalCMCTests" time="0.001"/>
  <testcase name="TestALotOfAdding" classname="LocalCMCTests" time="0.001"/>
  <testcase name="TestALotOfAdding" classname="LocalCMCTests" time="0.001"/>
  <testcase name="TestALotOfAdding" classname="LocalCMCTests" time="0.0"/>
  <testcase name="TestALotOfAdding" classname="LocalCMCTests" time="0.003"/>
  <testcase name="TestALotOfAdding" classname="LocalCMCTests" time="0.0"/>
  <testcase name="TestALotOfAdding" classname="LocalCMCTests" time="0.001"/>
  <testcase name="TestALotOfAdding" classname="LocalCMCTests" time="0.0"/>
  <testcase name="TestALotOfAdding" classname="LocalCMCTests" time="0.0"/>
  <testcase name="TestALotOfAdding" classname="LocalCMCTests" time="0.0"/>
  <testcase name="TestALotOfAdding" classname="LocalCMCTests" time="0.0"/>
  <testcase name="TestALotOfAdding" classname="LocalCMCTests" time="0.0"/>
  <testcase name="TestALotOfAdding" classname="LocalCMCTests" time="0.001"/>
  <testcase name="TestALotOfAdding" classname="LocalCMCTests" time="0.0"/>
  <testcase name="TestALotOfAdding" classname="LocalCMCTests" time="0.0"/>
  <testcase name="TestALotOfAdding" classname="LocalCMCTests" time="0.001"/>
  <testcase name="TestALotOfAdding" classname="LocalCMCTests" time="0.002"/>
  <testcase name="TestALotOfAdding" classname="LocalCMCTests" time="0.001"/>
  <testcase name="TestALotOfAdding" classname="LocalCMCTests" time="0.001"/>
  <testcase name="TestALotOfAdding" classname="LocalCMCTests" time="0.0"/>
  <testcase name="TestALotOfAdding" classname="LocalCMCTests" time="0.001"/>
  <testcase name="TestALotOfAdding" classname="LocalCMCTests" time="0.001"/>
  <testcase name="TestALotOfAdding" classname="LocalCMCTests" time="0.001"/>
  <testcase name="TestALotOfAdding" classname="LocalCMCTests" time="0.0"/>
  <testcase name="TestALotOfAdding" classname="LocalCMCTests" time="0.001"/>
  <testcase name="TestALotOfAdding" classname="LocalCMCTests" time="0.001"/>
  <testcase name="TestALotOfAdding" classname="LocalCMCTests" time="0.0"/>
  <testcase name="TestALotOfAdding" classname="LocalCMCTests" time="0.001"/>
  <testcase name="TestALotOfAdding" classname="LocalCMCTests" time="0.0"/>
  <testcase name="TestALotOfAdding" classname="LocalCMCTests" time="0.0"/>
  <testcase name="TestALotOfAdding" classname="LocalCMCTests" time="0.0"/>
  <testcase name="TestALotOfAdding" classname="LocalCMCTests" time="0.001"/>
  <testcase name="TestALotOfAdding" classname="LocalCMCTests" time="0.001"/>
  <testcase name="TestALotOfAdding" classname="LocalCMCTests" time="0.001"/>
  <testcase name="TestALotOfAdding" classname="LocalCMCTests" time="0.001"/>
  <testcase name="TestALotOfAdding" classname="LocalCMCTests" time="0.0"/>
  <testcase name="TestALotOfAdding" classname="LocalCMCTests" time="0.0"/>
  <testcase name="TestALotOfAdding" classname="LocalCMCTests" time="0.0"/>
  <testcase name="TestALotOfAdding" classname="LocalCMCTests" time="0.0"/>
  <testcase name="TestALotOfAdding" classname="LocalCMCTests" time="0.0"/>
  <testcase name="TestALotOfAdding" classname="LocalCMCTests" time="0.001"/>
  <testcase name="TestALotOfAdding" classname="LocalCMCTests" time="0.0"/>
  <testcase name="TestALotOfAdding" classname="LocalCMCTests" time="0.001"/>
  <testcase name="TestALotOfAdding" classname="LocalCMCTests" time="0.0"/>
  <testcase name="TestALotOfAdding" classname="LocalCMCTests" time="0.002"/>
  <testcase name="TestALotOfAdding" classname="LocalCMCTests" time="0.002"/>
  <testcase name="TestALotOfAdding" classname="LocalCMCTests" time="0.001"/>
  <testcase name="TestALotOfAdding" classname="LocalCMCTests" time="0.0"/>
  <testcase name="TestALotOfAdding" classname="LocalCMCTests" time="0.001"/>
  <testcase name="TestALotOfAdding" classname="LocalCMCTests" time="0.001"/>
  <testcase name="TestALotOfAdding" classname="LocalCMCTests" time="0.001"/>
  <testcase name="TestALotOfAdding" classname="LocalCMCTests" time="0.0"/>
  <testcase name="TestALotOfAdding" classname="LocalCMCTests" time="0.001"/>
  <testcase name="TestALotOfAdding" classname="LocalCMCTests" time="0.001"/>
  <testcase name="TestALotOfAdding" classname="LocalCMCTests" time="0.0"/>
  <testcase name="TestALotOfAdding" classname="LocalCMCTests" time="0.003"/>
  <testcase name="TestALotOfAdding" classname="LocalCMCTests" time="0.0"/>
  <testcase name="TestALotOfAdding" classname="LocalCMCTests" time="0.001"/>
  <testcase name="TestALotOfAdding" classname="LocalCMCTests" time="0.001"/>
  <testcase name="TestALotOfAdding" classname="LocalCMCTests" time="0.0"/>
  <testcase name="TestALotOfAdding" classname="LocalCMCTests" time="0.002"/>
  <testcase name="TestALotOfAdding" classname="LocalCMCTests" time="0.001"/>
  <testcase name="TestALotOfAdding" classname="LocalCMCTests" time="0.0"/>
  <testcase name="TestALotOfAdding" classname="LocalCMCTests" time="0.001"/>
  <testcase name="TestALotOfAdding" classname="LocalCMCTests" time="0.0"/>
  <testcase name="TestALotOfAdding" classname="LocalCMCTests" time="0.001"/>
  <testcase name="TestALotOfAdding" classname="LocalCMCTests" time="0.001"/>
  <testcase name="TestALotOfAdding" classname="LocalCMCTests" time="0.0"/>
  <testcase name="TestALotOfAdding" classname="LocalCMCTests" time="0.0"/>
  <testcase name="TestALotOfAdding" classname="LocalCMCTests" time="0.0"/>
  <testcase name="TestALotOfAdding" classname="LocalCMCTests" time="0.0"/>
  <testcase name="TestALotOfAdding" classname="LocalCMCTests" time="0.0"/>
  <testcase name="TestALotOfAdding" classname="LocalCMCTests" time="0.0"/>
  <testcase name="TestALotOfAdding" classname="LocalCMCTests" time="0.001"/>
  <testcase name="TestALotOfAdding" classname="LocalCMCTests" time="0.001"/>
  <testcase name="TestALotOfAdding" classname="LocalCMCTests" time="0.002"/>
  <testcase name="TestALotOfAdding" classname="LocalCMCTests" time="0.0"/>
  <testcase name="TestALotOfAdding" classname="LocalCMCTests" time="0.002"/>
  <testcase name="TestALotOfAdding" classname="LocalCMCTests" time="0.002"/>
  <testcase name="TestALotOfAdding" classname="LocalCMCTests" time="0.0"/>
  <testcase name="TestALotOfAdding" classname="LocalCMCTests" time="0.0"/>
  <testcase name="TestALotOfAdding" classname="LocalCMCTests" time="0.0"/>
  <testcase name="TestALotOfAdding" classname="LocalCMCTests" time="0.001"/>
  <testcase name="TestALotOfAdding" classname="LocalCMCTests" time="0.0"/>
  <testcase name="TestALotOfAdding" classname="LocalCMCTests" time="0.001"/>
  <testcase name="TestALotOfAdding" classname="LocalCMCTests" time="0.001"/>
  <testcase name="TestALotOfAdding" classname="LocalCMCTests" time="0.001"/>
  <testcase name="TestALotOfAdding" classname="LocalCMCTests" time="0.0"/>
  <testcase name="TestALotOfAdding" classname="LocalCMCTests" time="0.001"/>
  <testcase name="TestALotOfAdding" classname="LocalCMCTests" time="0.001"/>
  <testcase name="TestALotOfAdding" classname="LocalCMCTests" time="0.001"/>
  <testcase name="TestALotOfAdding" classname="LocalCMCTests" time="0.0"/>
  <testcase name="TestALotOfAdding" classname="LocalCMCTests" time="0.001"/>
  <testcase name="TestALotOfAdding" classname="LocalCMCTests" time="0.0"/>
  <testcase name="TestALotOfAdding" classname="LocalCMCTests" time="0.001"/>
  <testcase name="TestALotOfAdding" classname="LocalCMCTests" time="0.001"/>
  <testcase name="TestALotOfAdding" classname="LocalCMCTests" time="0.0"/>
  <testcase name="TestALotOfAdding" classname="LocalCMCTests" time="0.0"/>
  <testcase name="TestALotOfAdding" classname="LocalCMCTests" time="0.0"/>
  <testcase name="TestALotOfAdding" classname="LocalCMCTests" time="0.001"/>
  <testcase name="TestALotOfAdding" classname="LocalCMCTests" time="0.002"/>
  <testcase name="TestALotOfAdding" classname="LocalCMCTests" time="0.001"/>
  <testcase name="TestALotOfAdding" classname="LocalCMCTests" time="0.001"/>
  <testcase name="TestALotOfAdding" classname="LocalCMCTests" time="0.0"/>
  <testcase name="TestALotOfAdding" classname="LocalCMCTests" time="0.001"/>
  <testcase name="TestALotOfAdding" classname="LocalCMCTests" time="0.001"/>
  <testcase name="TestALotOfAdding" classname="LocalCMCTests" time="0.001"/>
  <testcase name="TestALotOfAdding" classname="LocalCMCTests" time="0.0"/>
  <testcase name="TestALotOfAdding" classname="LocalCMCTests" time="0.001"/>
  <testcase name="TestALotOfAdding" classname="LocalCMCTests" time="0.001"/>
  <testcase name="TestALotOfAdding" classname="LocalCMCTests" time="0.0"/>
  <testcase name="TestALotOfAdding" classname="LocalCMCTests" time="0.001"/>
  <testcase name="TestALotOfAdding" classname="LocalCMCTests" time="0.001"/>
  <testcase name="TestALotOfAdding" classname="LocalCMCTests" time="0.0"/>
  <testcase name="TestALotOfAdding" classname="LocalCMCTests" time="0.0"/>
  <testcase name="TestALotOfAdding" classname="LocalCMCTests" time="0.0"/>
  <testcase name="TestALotOfAdding" classname="LocalCMCTests" time="0.0"/>
  <testcase name="TestALotOfAdding" classname="LocalCMCTests" time="0.0"/>
  <testcase name="TestALotOfAdding" classname="LocalCMCTests" time="0.001"/>
  <testcase name="TestALotOfAdding" classname="LocalCMCTests" time="0.0"/>
  <testcase name="TestALotOfAdding" classname="LocalCMCTests" time="0.0"/>
  <testcase name="TestALotOfAdding" classname="LocalCMCTests" time="0.001"/>
  <testcase name="TestALotOfAdding" classname="LocalCMCTests" time="0.002"/>
  <testcase name="TestALotOfAdding" classname="LocalCMCTests" time="0.0"/>
  <testcase name="TestALotOfAdding" classname="LocalCMCTests" time="0.0"/>
  <testcase name="TestALotOfAdding" classname="LocalCMCTests" time="0.001"/>
  <testcase name="TestALotOfAdding" classname="LocalCMCTests" time="0.001"/>
  <testcase name="TestALotOfAdding" classname="LocalCMCTests" time="0.001"/>
  <testcase name="TestALotOfAdding" classname="LocalCMCTests" time="0.001"/>
  <testcase name="TestALotOfAdding" classname="LocalCMCTests" time="0.0"/>
  <testcase name="TestALotOfAdding" classname="LocalCMCTests" time="0.001"/>
  <testcase name="TestALotOfAdding" classname="LocalCMCTests" time="0.001"/>
  <testcase name="TestALotOfAdding" classname="LocalCMCTests" time="0.0"/>
  <testcase name="TestALotOfAdding" classname="LocalCMCTests" time="0.001"/>
  <testcase name="TestALotOfAdding" classname="LocalCMCTests" time="0.001"/>
  <testcase name="TestALotOfAdding" classname="LocalCMCTests" time="0.001"/>
  <testcase name="TestALotOfAdding" classname="LocalCMCTests" time="0.001"/>
  <testcase name="TestALotOfAdding" classname="LocalCMCTests" time="0.001"/>
  <testcase name="TestALotOfAdding" classname="LocalCMCTests" time="0.0"/>
  <testcase name="TestALotOfAdding" classname="LocalCMCTests" time="0.001"/>
  <testcase name="TestALotOfAdding" classname="LocalCMCTests" time="0.001"/>
  <testcase name="TestALotOfAdding" classname="LocalCMCTests" time="0.0"/>
  <testcase name="TestALotOfAdding" classname="LocalCMCTests" time="0.0"/>
  <testcase name="TestALotOfAdding" classname="LocalCMCTests" time="0.001"/>
  <testcase name="TestALotOfAdding" classname="LocalCMCTests" time="0.0"/>
  <testcase name="TestALotOfAdding" classname="LocalCMCTests" time="0.0"/>
  <testcase name="TestALotOfAdding" classname="LocalCMCTests" time="0.002"/>
  <testcase name="TestALotOfAdding" classname="LocalCMCTests" time="0.0"/>
  <testcase name="TestALotOfAdding" classname="LocalCMCTests" time="0.0"/>
  <testcase name="TestALotOfAdding" classname="LocalCMCTests" time="0.0"/>
  <testcase name="TestALotOfAdding" classname="LocalCMCTests" time="0.001"/>
  <testcase name="TestALotOfAdding" classname="LocalCMCTests" time="0.001"/>
  <testcase name="TestALotOfAdding" classname="LocalCMCTests" time="0.0"/>
  <testcase name="TestALotOfAdding" classname="LocalCMCTests" time="0.001"/>
  <testcase name="TestALotOfAdding" classname="LocalCMCTests" time="0.001"/>
  <testcase name="TestALotOfAdding" classname="LocalCMCTests" time="0.001"/>
  <testcase name="TestALotOfAdding" classname="LocalCMCTests" time="0.0"/>
  <testcase name="TestALotOfAdding" classname="LocalCMCTests" time="0.0"/>
  <testcase name="TestALotOfAdding" classname="LocalCMCTests" time="0.001"/>
  <testcase name="TestALotOfAdding" classname="LocalCMCTests" time="0.0"/>
  <testcase name="TestALotOfAdding" classname="LocalCMCTests" time="0.0"/>
  <testcase name="TestALotOfAdding" classname="LocalCMCTests" time="0.0"/>
  <testcase name="TestALotOfAdding" classname="LocalCMCTests" time="0.001"/>
  <testcase name="TestALotOfAdding" classname="LocalCMCTests" time="0.001"/>
  <testcase name="TestALotOfAdding" classname="LocalCMCTests" time="0.0"/>
  <testcase name="TestALotOfAdding" classname="LocalCMCTests" time="0.0"/>
  <testcase name="TestALotOfAdding" classname="LocalCMCTests" time="0.001"/>
  <testcase name="TestALotOfAdding" classname="LocalCMCTests" time="0.001"/>
  <testcase name="TestALotOfAdding" classname="LocalCMCTests" time="0.001"/>
  <testcase name="TestALotOfAdding" classname="LocalCMCTests" time="0.001"/>
  <testcase name="TestALotOfAdding" classname="LocalCMCTests" time="0.0"/>
  <testcase name="TestALotOfAdding" classname="LocalCMCTests" time="0.001"/>
  <testcase name="TestALotOfAdding" classname="LocalCMCTests" time="0.001"/>
  <testcase name="TestALotOfAdding" classname="LocalCMCTests" time="0.001"/>
  <testcase name="TestALotOfAdding" classname="LocalCMCTests" time="0.0"/>
  <testcase name="TestALotOfAdding" classname="LocalCMCTests" time="0.0"/>
  <testcase name="TestALotOfAdding" classname="LocalCMCTests" time="0.0"/>
  <testcase name="TestALotOfAdding" classname="LocalCMCTests" time="0.0"/>
  <testcase name="TestALotOfAdding" classname="LocalCMCTests" time="0.0"/>
  <testcase name="TestALotOfAdding" classname="LocalCMCTests" time="0.0"/>
  <testcase name="TestALotOfAdding" classname="LocalCMCTests" time="0.0"/>
  <testcase name="TestALotOfAdding" classname="LocalCMCTests" time="0.001"/>
  <testcase name="TestALotOfAdding" classname="LocalCMCTests" time="0.004"/>
  <testcase name="TestALotOfAdding" classname="LocalCMCTests" time="0.0"/>
  <testcase name="TestALotOfAdding" classname="LocalCMCTests" time="0.001"/>
  <testcase name="TestALotOfAdding" classname="LocalCMCTests" time="0.001"/>
  <testcase name="TestALotOfAdding" classname="LocalCMCTests" time="0.002"/>
  <testcase name="TestALotOfAdding" classname="LocalCMCTests" time="0.0"/>
  <testcase name="TestALotOfAdding" classname="LocalCMCTests" time="0.0"/>
  <testcase name="TestALotOfAdding" classname="LocalCMCTests" time="0.001"/>
  <testcase name="TestALotOfAdding" classname="LocalCMCTests" time="0.0"/>
  <testcase name="TestALotOfAdding" classname="LocalCMCTests" time="0.001"/>
  <testcase name="TestALotOfAdding" classname="LocalCMCTests" time="0.0"/>
  <testcase name="TestALotOfAdding" classname="LocalCMCTests" time="0.0"/>
  <testcase name="TestALotOfAdding" classname="LocalCMCTests" time="0.0"/>
  <testcase name="TestALotOfAdding" classname="LocalCMCTests" time="0.001"/>
  <testcase name="TestALotOfAdding" classname="LocalCMCTests" time="0.001"/>
  <testcase name="TestALotOfAdding" classname="LocalCMCTests" time="0.001"/>
  <testcase name="TestALotOfAdding" classname="LocalCMCTests" time="0.001"/>
  <testcase name="TestALotOfAdding" classname="LocalCMCTests" time="0.001"/>
  <testcase name="TestALotOfAdding" classname="LocalCMCTests" time="0.002"/>
  <testcase name="TestALotOfAdding" classname="LocalCMCTests" time="0.0"/>
  <testcase name="TestALotOfAdding" classname="LocalCMCTests" time="0.001"/>
  <testcase name="TestALotOfAdding" classname="LocalCMCTests" time="0.0"/>
  <testcase name="TestALotOfAdding" classname="LocalCMCTests" time="0.001"/>
  <testcase name="TestALotOfAdding" classname="LocalCMCTests" time="0.0"/>
  <testcase name="TestALotOfAdding" classname="LocalCMCTests" time="0.0"/>
  <testcase name="TestALotOfAdding" classname="LocalCMCTests" time="0.0"/>
  <testcase name="TestALotOfAdding" classname="LocalCMCTests" time="0.0"/>
  <testcase name="TestALotOfAdding" classname="LocalCMCTests" time="0.001"/>
  <testcase name="TestALotOfAdding" classname="LocalCMCTests" time="0.002"/>
  <testcase name="TestALotOfAdding" classname="LocalCMCTests" time="0.0"/>
  <testcase name="TestALotOfAdding" classname="LocalCMCTests" time="0.002"/>
  <testcase name="TestALotOfAdding" classname="LocalCMCTests" time="0.002"/>
  <testcase name="TestALotOfAdding" classname="LocalCMCTests" time="0.0"/>
  <testcase name="TestALotOfAdding" classname="LocalCMCTests" time="0.002"/>
  <testcase name="TestALotOfAdding" classname="LocalCMCTests" time="0.0"/>
  <testcase name="TestALotOfAdding" classname="LocalCMCTests" time="0.0"/>
  <testcase name="TestALotOfAdding" classname="LocalCMCTests" time="0.0"/>
  <testcase name="TestALotOfAdding" classname="LocalCMCTests" time="0.0"/>
  <testcase name="TestALotOfAdding" classname="LocalCMCTests" time="0.001"/>
  <testcase name="TestALotOfAdding" classname="LocalCMCTests" time="0.0"/>
  <testcase name="TestALotOfAdding" classname="LocalCMCTests" time="0.001"/>
  <testcase name="TestALotOfAdding" classname="LocalCMCTests" time="0.001"/>
  <testcase name="TestALotOfAdding" classname="LocalCMCTests" time="0.001"/>
  <testcase name="TestALotOfAdding" classname="LocalCMCTests" time="0.0"/>
  <testcase name="TestALotOfAdding" classname="LocalCMCTests" time="0.001"/>
  <testcase name="TestALotOfAdding" classname="LocalCMCTests" time="0.001"/>
  <testcase name="TestALotOfAdding" classname="LocalCMCTests" time="0.001"/>
  <testcase name="TestALotOfAdding" classname="LocalCMCTests" time="0.0"/>
  <testcase name="TestALotOfAdding" classname="LocalCMCTests" time="0.001"/>
  <testcase name="TestALotOfAdding" classname="LocalCMCTests" time="0.001"/>
  <testcase name="TestALotOfAdding" classname="LocalCMCTests" time="0.001"/>
  <testcase name="TestALotOfAdding" classname="LocalCMCTests" time="0.0"/>
  <testcase name="TestALotOfAdding" classname="LocalCMCTests" time="0.002"/>
  <testcase name="TestALotOfAdding" classname="LocalCMCTests" time="0.0"/>
  <testcase name="TestALotOfAdding" classname="LocalCMCTests" time="0.0"/>
  <testcase name="TestALotOfAdding" classname="LocalCMCTests" time="0.002"/>
  <testcase name="TestALotOfAdding" classname="LocalCMCTests" time="0.002"/>
  <testcase name="TestALotOfAdding" classname="LocalCMCTests" time="0.001"/>
  <testcase name="TestALotOfAdding" classname="LocalCMCTests" time="0.0"/>
  <testcase name="TestALotOfAdding" classname="LocalCMCTests" time="0.001"/>
  <testcase name="TestALotOfAdding" classname="LocalCMCTests" time="0.0"/>
  <testcase name="TestALotOfAdding" classname="LocalCMCTests" time="0.001"/>
  <testcase name="TestALotOfAdding" classname="LocalCMCTests" time="0.001"/>
  <testcase name="TestALotOfAdding" classname="LocalCMCTests" time="0.001"/>
  <testcase name="TestALotOfAdding" classname="LocalCMCTests" time="0.001"/>
  <testcase name="TestALotOfAdding" classname="LocalCMCTests" time="0.001"/>
  <testcase name="TestALotOfAdding" classname="LocalCMCTests" time="0.0"/>
  <testcase name="TestALotOfAdding" classname="LocalCMCTests" time="0.0"/>
  <testcase name="TestALotOfAdding" classname="LocalCMCTests" time="0.0"/>
  <testcase name="TestALotOfAdding" classname="LocalCMCTests" time="0.001"/>
  <testcase name="TestALotOfAdding" classname="LocalCMCTests" time="0.0"/>
  <testcase name="TestALotOfAdding" classname="LocalCMCTests" time="0.0"/>
  <testcase name="TestALotOfAdding" classname="LocalCMCTests" time="0.0"/>
  <testcase name="TestALotOfAdding" classname="LocalCMCTests" time="0.001"/>
  <testcase name="TestALotOfAdding" classname="LocalCMCTests" time="0.001"/>
  <testcase name="TestALotOfAdding" classname="LocalCMCTests" time="0.0"/>
  <testcase name="TestALotOfAdding" classname="LocalCMCTests" time="0.0"/>
  <testcase name="TestALotOfAdding" classname="LocalCMCTests" time="0.0"/>
  <testcase name="TestALotOfAdding" classname="LocalCMCTests" time="0.001"/>
  <testcase name="TestALotOfAdding" classname="LocalCMCTests" time="0.001"/>
  <testcase name="TestALotOfAdding" classname="LocalCMCTests" time="0.0"/>
  <testcase name="TestALotOfAdding" classname="LocalCMCTests" time="0.0"/>
  <testcase name="TestALotOfAdding" classname="LocalCMCTests" time="0.001"/>
  <testcase name="TestALotOfAdding" classname="LocalCMCTests" time="0.001"/>
  <testcase name="TestALotOfAdding" classname="LocalCMCTests" time="0.001"/>
  <testcase name="TestALotOfAdding" classname="LocalCMCTests" time="0.0"/>
  <testcase name="TestALotOfAdding" classname="LocalCMCTests" time="0.001"/>
  <testcase name="TestALotOfAdding" classname="LocalCMCTests" time="0.002"/>
  <testcase name="TestALotOfAdding" classname="LocalCMCTests" time="0.001"/>
  <testcase name="TestALotOfAdding" classname="LocalCMCTests" time="0.002"/>
  <testcase name="TestALotOfAdding" classname="LocalCMCTests" time="0.002"/>
  <testcase name="TestALotOfAdding" classname="LocalCMCTests" time="0.0"/>
  <testcase name="TestALotOfAdding" classname="LocalCMCTests" time="0.0"/>
  <testcase name="TestALotOfAdding" classname="LocalCMCTests" time="0.001"/>
  <testcase name="TestALotOfAdding" classname="LocalCMCTests" time="0.0"/>
  <testcase name="TestALotOfAdding" classname="LocalCMCTests" time="0.0"/>
  <testcase name="TestALotOfAdding" classname="LocalCMCTests" time="0.0"/>
  <testcase name="TestALotOfAdding" classname="LocalCMCTests" time="0.001"/>
  <testcase name="TestALotOfAdding" classname="LocalCMCTests" time="0.001"/>
  <testcase name="TestALotOfAdding" classname="LocalCMCTests" time="0.0"/>
  <testcase name="TestALotOfAdding" classname="LocalCMCTests" time="0.0"/>
  <testcase name="TestALotOfAdding" classname="LocalCMCTests" time="0.001"/>
  <testcase name="TestALotOfAdding" classname="LocalCMCTests" time="0.001"/>
  <testcase name="TestALotOfAdding" classname="LocalCMCTests" time="0.001"/>
  <testcase name="TestALotOfAdding" classname="LocalCMCTests" time="0.001"/>
  <testcase name="TestALotOfAdding" classname="LocalCMCTests" time="0.002"/>
  <testcase name="TestALotOfAdding" classname="LocalCMCTests" time="0.0"/>
  <testcase name="TestALotOfAdding" classname="LocalCMCTests" time="0.0"/>
  <testcase name="TestALotOfAdding" classname="LocalCMCTests" time="0.001"/>
  <testcase name="TestALotOfAdding" classname="LocalCMCTests" time="0.001"/>
  <testcase name="TestALotOfAdding" classname="LocalCMCTests" time="0.0"/>
  <testcase name="TestALotOfAdding" classname="LocalCMCTests" time="0.001"/>
  <testcase name="TestALotOfAdding" classname="LocalCMCTests" time="0.002"/>
  <testcase name="TestALotOfAdding" classname="LocalCMCTests" time="0.0"/>
  <testcase name="TestALotOfAdding" classname="LocalCMCTests" time="0.001"/>
  <testcase name="TestALotOfAdding" classname="LocalCMCTests" time="0.0"/>
  <testcase name="TestALotOfAdding" classname="LocalCMCTests" time="0.0"/>
  <testcase name="TestALotOfAdding" classname="LocalCMCTests" time="0.001"/>
  <testcase name="TestALotOfAdding" classname="LocalCMCTests" time="0.0"/>
  <testcase name="TestALotOfAdding" classname="LocalCMCTests" time="0.001"/>
  <testcase name="TestALotOfAdding" classname="LocalCMCTests" time="0.001"/>
  <testcase name="TestALotOfAdding" classname="LocalCMCTests" time="0.001"/>
  <testcase name="TestALotOfAdding" classname="LocalCMCTests" time="0.001"/>
  <testcase name="TestALotOfAdding" classname="LocalCMCTests" time="0.0"/>
  <testcase name="TestALotOfAdding" classname="LocalCMCTests" time="0.0"/>
  <testcase name="TestALotOfAdding" classname="LocalCMCTests" time="0.001"/>
  <testcase name="TestALotOfAdding" classname="LocalCMCTests" time="0.0"/>
  <testcase name="TestALotOfAdding" classname="LocalCMCTests" time="0.0"/>
  <testcase name="TestALotOfAdding" classname="LocalCMCTests" time="0.0"/>
  <testcase name="TestALotOfAdding" classname="LocalCMCTests" time="0.0"/>
  <testcase name="TestALotOfAdding" classname="LocalCMCTests" time="0.0"/>
  <testcase name="TestALotOfAdding" classname="LocalCMCTests" time="0.0"/>
  <testcase name="TestALotOfAdding" classname="LocalCMCTests" time="0.002"/>
  <testcase name="TestALotOfAdding" classname="LocalCMCTests" time="0.002"/>
  <testcase name="TestALotOfAdding" classname="LocalCMCTests" time="0.0"/>
  <testcase name="TestALotOfAdding" classname="LocalCMCTests" time="0.002"/>
  <testcase name="TestALotOfAdding" classname="LocalCMCTests" time="0.002"/>
  <testcase name="TestALotOfAdding" classname="LocalCMCTests" time="0.0"/>
  <testcase name="TestALotOfAdding" classname="LocalCMCTests" time="0.0"/>
  <testcase name="TestALotOfAdding" classname="LocalCMCTests" time="0.0"/>
  <testcase name="TestALotOfAdding" classname="LocalCMCTests" time="0.0"/>
  <testcase name="TestALotOfAdding" classname="LocalCMCTests" time="0.001"/>
  <testcase name="TestALotOfAdding" classname="LocalCMCTests" time="0.001"/>
  <testcase name="TestALotOfAdding" classname="LocalCMCTests" time="0.001"/>
  <testcase name="TestALotOfAdding" classname="LocalCMCTests" time="0.0"/>
  <testcase name="TestALotOfAdding" classname="LocalCMCTests" time="0.001"/>
  <testcase name="TestALotOfAdding" classname="LocalCMCTests" time="0.001"/>
  <testcase name="TestALotOfAdding" classname="LocalCMCTests" time="0.001"/>
  <testcase name="TestALotOfAdding" classname="LocalCMCTests" time="0.001"/>
  <testcase name="TestALotOfAdding" classname="LocalCMCTests" time="0.001"/>
  <testcase name="TestALotOfAdding" classname="LocalCMCTests" time="0.0"/>
  <testcase name="TestALotOfAdding" classname="LocalCMCTests" time="0.001"/>
  <testcase name="TestALotOfAdding" classname="LocalCMCTests" time="0.0"/>
  <testcase name="TestALotOfAdding" classname="LocalCMCTests" time="0.001"/>
  <testcase name="TestALotOfAdding" classname="LocalCMCTests" time="0.001"/>
  <testcase name="TestALotOfAdding" classname="LocalCMCTests" time="0.001"/>
  <testcase name="TestALotOfAdding" classname="LocalCMCTests" time="0.0"/>
  <testcase name="TestALotOfAdding" classname="LocalCMCTests" time="0.0"/>
  <testcase name="TestALotOfAdding" classname="LocalCMCTests" time="0.0"/>
  <testcase name="TestALotOfAdding" classname="LocalCMCTests" time="0.0"/>
  <testcase name="TestALotOfAdding" classname="LocalCMCTests" time="0.0"/>
  <testcase name="TestALotOfAdding" classname="LocalCMCTests" time="0.0"/>
  <testcase name="TestALotOfAdding" classname="LocalCMCTests" time="0.0"/>
  <testcase name="TestALotOfAdding" classname="LocalCMCTests" time="0.001"/>
  <testcase name="TestALotOfAdding" classname="LocalCMCTests" time="0.001"/>
  <testcase name="TestALotOfAdding" classname="LocalCMCTests" time="0.002"/>
  <testcase name="TestALotOfAdding" classname="LocalCMCTests" time="0.0"/>
  <testcase name="TestALotOfAdding" classname="LocalCMCTests" time="0.002"/>
  <testcase name="TestALotOfAdding" classname="LocalCMCTests" time="0.0"/>
  <testcase name="TestALotOfAdding" classname="LocalCMCTests" time="0.0"/>
  <testcase name="TestALotOfAdding" classname="LocalCMCTests" time="0.0"/>
  <testcase name="TestALotOfAdding" classname="LocalCMCTests" time="0.001"/>
  <testcase name="TestALotOfAdding" classname="LocalCMCTests" time="0.001"/>
  <testcase name="TestALotOfAdding" classname="LocalCMCTests" time="0.0"/>
  <testcase name="TestALotOfAdding" classname="LocalCMCTests" time="0.001"/>
  <testcase name="TestALotOfAdding" classname="LocalCMCTests" time="0.001"/>
  <testcase name="TestALotOfAdding" classname="LocalCMCTests" time="0.001"/>
  <testcase name="TestALotOfAdding" classname="LocalCMCTests" time="0.001"/>
  <testcase name="TestALotOfAdding" classname="LocalCMCTests" time="0.0"/>
  <testcase name="TestALotOfAdding" classname="LocalCMCTests" time="0.001"/>
  <testcase name="TestALotOfAdding" classname="LocalCMCTests" time="0.001"/>
  <testcase name="TestALotOfAdding" classname="LocalCMCTests" time="0.001"/>
  <testcase name="TestALotOfAdding" classname="LocalCMCTests" time="0.001"/>
  <testcase name="TestALotOfAdding" classname="LocalCMCTests" time="0.001"/>
  <testcase name="TestALotOfAdding" classname="LocalCMCTests" time="0.0"/>
  <testcase name="TestALotOfAdding" classname="LocalCMCTests" time="0.001"/>
  <testcase name="TestALotOfAdding" classname="LocalCMCTests" time="0.0"/>
  <testcase name="TestALotOfAdding" classname="LocalCMCTests" time="0.0"/>
  <testcase name="TestALotOfAdding" classname="LocalCMCTests" time="0.001"/>
  <testcase name="TestALotOfAdding" classname="LocalCMCTests" time="0.0"/>
  <testcase name="TestALotOfAdding" classname="LocalCMCTests" time="0.001"/>
  <testcase name="TestALotOfAdding" classname="LocalCMCTests" time="0.001"/>
  <testcase name="TestALotOfAdding" classname="LocalCMCTests" time="0.0"/>
  <testcase name="TestALotOfAdding" classname="LocalCMCTests" time="0.001"/>
  <testcase name="TestALotOfAdding" classname="LocalCMCTests" time="0.0"/>
  <testcase name="TestALotOfAdding" classname="LocalCMCTests" time="0.001"/>
  <testcase name="TestALotOfAdding" classname="LocalCMCTests" time="0.001"/>
  <testcase name="TestALotOfAdding" classname="LocalCMCTests" time="0.001"/>
  <testcase name="TestALotOfAdding" classname="LocalCMCTests" time="0.0"/>
  <testcase name="TestALotOfAdding" classname="LocalCMCTests" time="0.001"/>
  <testcase name="TestALotOfAdding" classname="LocalCMCTests" time="0.001"/>
  <testcase name="TestALotOfAdding" classname="LocalCMCTests" time="0.001"/>
  <testcase name="TestALotOfAdding" classname="LocalCMCTests" time="0.0"/>
  <testcase name="TestALotOfAdding" classname="LocalCMCTests" time="0.0"/>
  <testcase name="TestALotOfAdding" classname="LocalCMCTests" time="0.0"/>
  <testcase name="TestALotOfAdding" classname="LocalCMCTests" time="0.001"/>
  <testcase name="TestALotOfAdding" classname="LocalCMCTests" time="0.0"/>
  <testcase name="TestALotOfAdding" classname="LocalCMCTests" time="0.0"/>
  <testcase name="TestALotOfAdding" classname="LocalCMCTests" time="0.002"/>
  <testcase name="TestALotOfAdding" classname="LocalCMCTests" time="0.002"/>
  <testcase name="TestALotOfAdding" classname="LocalCMCTests" time="0.0"/>
  <testcase name="TestALotOfAdding" classname="LocalCMCTests" time="0.001"/>
  <testcase name="TestALotOfAdding" classname="LocalCMCTests" time="0.0"/>
  <testcase name="TestALotOfAdding" classname="LocalCMCTests" time="0.002"/>
  <testcase name="TestALotOfAdding" classname="LocalCMCTests" time="0.001"/>
  <testcase name="TestALotOfAdding" classname="LocalCMCTests" time="0.001"/>
  <testcase name="TestALotOfAdding" classname="LocalCMCTests" time="0.001"/>
  <testcase name="TestALotOfAdding" classname="LocalCMCTests" time="0.0"/>
  <testcase name="TestALotOfAdding" classname="LocalCMCTests" time="0.001"/>
  <testcase name="TestALotOfAdding" classname="LocalCMCTests" time="0.001"/>
  <testcase name="TestALotOfAdding" classname="LocalCMCTests" time="0.001"/>
  <testcase name="TestALotOfAdding" classname="LocalCMCTests" time="0.0"/>
  <testcase name="TestALotOfAdding" classname="LocalCMCTests" time="0.0"/>
  <testcase name="TestALotOfAdding" classname="LocalCMCTests" time="0.001"/>
  <testcase name="TestALotOfAdding" classname="LocalCMCTests" time="0.001"/>
  <testcase name="TestALotOfAdding" classname="LocalCMCTests" time="0.001"/>
  <testcase name="TestALotOfAdding" classname="LocalCMCTests" time="0.0"/>
  <testcase name="TestALotOfAdding" classname="LocalCMCTests" time="0.0"/>
  <testcase name="TestALotOfAdding" classname="LocalCMCTests" time="0.001"/>
  <testcase name="TestALotOfAdding" classname="LocalCMCTests" time="0.0"/>
  <testcase name="TestALotOfAdding" classname="LocalCMCTests" time="0.001"/>
  <testcase name="TestALotOfAdding" classname="LocalCMCTests" time="0.0"/>
  <testcase name="TestALotOfAdding" classname="LocalCMCTests" time="0.001"/>
  <testcase name="TestALotOfAdding" classname="LocalCMCTests" time="0.001"/>
  <testcase name="TestALotOfAdding" classname="LocalCMCTests" time="0.001"/>
  <testcase name="TestALotOfAdding" classname="LocalCMCTests" time="0.001"/>
  <testcase name="TestALotOfAdding" classname="LocalCMCTests" time="0.0"/>
  <testcase name="TestALotOfAdding" classname="LocalCMCTests" time="0.001"/>
  <testcase name="TestALotOfAdding" classname="LocalCMCTests" time="0.001"/>
  <testcase name="TestALotOfAdding" classname="LocalCMCTests" time="0.001"/>
  <testcase name="TestALotOfAdding" classname="LocalCMCTests" time="0.001"/>
  <testcase name="TestALotOfAdding" classname="LocalCMCTests" time="0.001"/>
  <testcase name="TestALotOfAdding" classname="LocalCMCTests" time="0.0"/>
  <testcase name="TestALotOfAdding" classname="LocalCMCTests" time="0.001"/>
  <testcase name="TestALotOfAdding" classname="LocalCMCTests" time="0.0"/>
  <testcase name="TestALotOfAdding" classname="LocalCMCTests" time="0.0"/>
  <testcase name="TestALotOfAdding" classname="LocalCMCTests" time="0.001"/>
  <testcase name="TestALotOfAdding" classname="LocalCMCTests" time="0.0"/>
  <testcase name="TestALotOfAdding" classname="LocalCMCTests" time="0.0"/>
  <testcase name="TestALotOfAdding" classname="LocalCMCTests" time="0.001"/>
  <testcase name="TestALotOfAdding" classname="LocalCMCTests" time="0.001"/>
  <testcase name="TestALotOfAdding" classname="LocalCMCTests" time="0.001"/>
  <testcase name="TestALotOfAdding" classname="LocalCMCTests" time="0.0"/>
  <testcase name="TestALotOfAdding" classname="LocalCMCTests" time="0.001"/>
  <testcase name="TestALotOfAdding" classname="LocalCMCTests" time="0.001"/>
  <testcase name="TestALotOfAdding" classname="LocalCMCTests" time="0.001"/>
  <testcase name="TestALotOfAdding" classname="LocalCMCTests" time="0.001"/>
  <testcase name="TestALotOfAdding" classname="LocalCMCTests" time="0.001"/>
  <testcase name="TestALotOfAdding" classname="LocalCMCTests" time="0.001"/>
  <testcase name="TestALotOfAdding" classname="LocalCMCTests" time="0.0"/>
  <testcase name="TestALotOfAdding" classname="LocalCMCTests" time="0.001"/>
  <testcase name="TestALotOfAdding" classname="LocalCMCTests" time="0.0"/>
  <testcase name="TestALotOfAdding" classname="LocalCMCTests" time="0.0"/>
  <testcase name="TestALotOfAdding" classname="LocalCMCTests" time="0.003"/>
  <testcase name="TestALotOfAdding" classname="LocalCMCTests" time="0.001"/>
  <testcase name="TestALotOfAdding" classname="LocalCMCTests" time="0.003"/>
  <testcase name="TestALotOfAdding" classname="LocalCMCTests" time="0.0"/>
  <testcase name="TestALotOfAdding" classname="LocalCMCTests" time="0.0"/>
  <testcase name="TestALotOfAdding" classname="LocalCMCTests" time="0.001"/>
  <testcase name="TestALotOfAdding" classname="LocalCMCTests" time="0.001"/>
  <testcase name="TestALotOfAdding" classname="LocalCMCTests" time="0.0"/>
  <testcase name="TestALotOfAdding" classname="LocalCMCTests" time="0.001"/>
  <testcase name="TestALotOfAdding" classname="LocalCMCTests" time="0.001"/>
  <testcase name="TestALotOfAdding" classname="LocalCMCTests" time="0.001"/>
  <testcase name="TestALotOfAdding" classname="LocalCMCTests" time="0.0"/>
  <testcase name="TestALotOfAdding" classname="LocalCMCTests" time="0.001"/>
  <testcase name="TestALotOfAdding" classname="LocalCMCTests" time="0.0"/>
  <testcase name="TestALotOfAdding" classname="LocalCMCTests" time="0.001"/>
  <testcase name="TestALotOfAdding" classname="LocalCMCTests" time="0.002"/>
  <testcase name="TestALotOfAdding" classname="LocalCMCTests" time="0.001"/>
  <testcase name="TestALotOfAdding" classname="LocalCMCTests" time="0.001"/>
  <testcase name="TestALotOfAdding" classname="LocalCMCTests" time="0.001"/>
  <testcase name="TestALotOfAdding" classname="LocalCMCTests" time="0.001"/>
  <testcase name="TestALotOfAdding" classname="LocalCMCTests" time="0.0"/>
  <testcase name="TestALotOfAdding" classname="LocalCMCTests" time="0.0"/>
  <testcase name="TestALotOfAdding" classname="LocalCMCTests" time="0.0"/>
  <testcase name="TestALotOfAdding" classname="LocalCMCTests" time="0.001"/>
  <testcase name="TestALotOfAdding" classname="LocalCMCTests" time="0.0"/>
  <testcase name="TestALotOfAdding" classname="LocalCMCTests" time="0.001"/>
  <testcase name="TestALotOfAdding" classname="LocalCMCTests" time="0.001"/>
  <testcase name="TestALotOfAdding" classname="LocalCMCTests" time="0.001"/>
  <testcase name="TestALotOfAdding" classname="LocalCMCTests" time="0.0"/>
  <testcase name="TestALotOfAdding" classname="LocalCMCTests" time="0.0"/>
  <testcase name="TestALotOfAdding" classname="LocalCMCTests" time="0.001"/>
  <testcase name="TestALotOfAdding" classname="LocalCMCTests" time="0.001"/>
  <testcase name="TestALotOfAdding" classname="LocalCMCTests" time="0.001"/>
  <testcase name="TestALotOfAdding" classname="LocalCMCTests" time="0.0"/>
  <testcase name="TestALotOfAdding" classname="LocalCMCTests" time="0.001"/>
  <testcase name="TestALotOfAdding" classname="LocalCMCTests" time="0.0"/>
  <testcase name="TestALotOfAdding" classname="LocalCMCTests" time="0.001"/>
  <testcase name="TestALotOfAdding" classname="LocalCMCTests" time="0.0"/>
  <testcase name="TestALotOfAdding" classname="LocalCMCTests" time="0.001"/>
  <testcase name="TestALotOfAdding" classname="LocalCMCTests" time="0.001"/>
  <testcase name="TestALotOfAdding" classname="LocalCMCTests" time="0.0"/>
  <testcase name="TestALotOfAdding" classname="LocalCMCTests" time="0.0"/>
  <testcase name="TestALotOfAdding" classname="LocalCMCTests" time="0.0"/>
  <testcase name="TestALotOfAdding" classname="LocalCMCTests" time="0.0"/>
  <testcase name="TestALotOfAdding" classname="LocalCMCTests" time="0.0"/>
  <testcase name="TestALotOfAdding" classname="LocalCMCTests" time="0.0"/>
  <testcase name="TestALotOfAdding" classname="LocalCMCTests" time="0.001"/>
  <testcase name="TestALotOfAdding" classname="LocalCMCTests" time="0.0"/>
  <testcase name="TestALotOfAdding" classname="LocalCMCTests" time="0.001"/>
  <testcase name="TestALotOfAdding" classname="LocalCMCTests" time="0.001"/>
  <testcase name="TestALotOfAdding" classname="LocalCMCTests" time="0.001"/>
  <testcase name="TestALotOfAdding" classname="LocalCMCTests" time="0.002"/>
  <testcase name="TestALotOfAdding" classname="LocalCMCTests" time="0.001"/>
  <testcase name="TestALotOfAdding" classname="LocalCMCTests" time="0.001"/>
  <testcase name="TestALotOfAdding" classname="LocalCMCTests" time="0.002"/>
  <testcase name="TestALotOfAdding" classname="LocalCMCTests" time="0.0"/>
  <testcase name="TestALotOfAdding" classname="LocalCMCTests" time="0.002"/>
  <testcase name="TestALotOfAdding" classname="LocalCMCTests" time="0.001"/>
  <testcase name="TestALotOfAdding" classname="LocalCMCTests" time="0.0"/>
  <testcase name="TestALotOfAdding" classname="LocalCMCTests" time="0.0"/>
  <testcase name="TestALotOfAdding" classname="LocalCMCTests" time="0.0"/>
  <testcase name="TestALotOfAdding" classname="LocalCMCTests" time="0.0"/>
  <testcase name="TestALotOfAdding" classname="LocalCMCTests" time="0.001"/>
  <testcase name="TestALotOfAdding" classname="LocalCMCTests" time="0.001"/>
  <testcase name="TestALotOfAdding" classname="LocalCMCTests" time="0.001"/>
  <testcase name="TestALotOfAdding" classname="LocalCMCTests" time="0.0"/>
  <testcase name="TestALotOfAdding" classname="LocalCMCTests" time="0.001"/>
  <testcase name="TestALotOfAdding" classname="LocalCMCTests" time="0.001"/>
  <testcase name="TestALotOfAdding" classname="LocalCMCTests" time="0.0"/>
  <testcase name="TestALotOfAdding" classname="LocalCMCTests" time="0.001"/>
  <testcase name="TestALotOfAdding" classname="LocalCMCTests" time="0.0"/>
  <testcase name="TestALotOfAdding" classname="LocalCMCTests" time="0.001"/>
  <testcase name="TestALotOfAdding" classname="LocalCMCTests" time="0.001"/>
  <testcase name="TestALotOfAdding" classname="LocalCMCTests" time="0.0"/>
  <testcase name="TestALotOfAdding" classname="LocalCMCTests" time="0.001"/>
  <testcase name="TestALotOfAdding" classname="LocalCMCTests" time="0.001"/>
  <testcase name="TestALotOfAdding" classname="LocalCMCTests" time="0.0"/>
  <testcase name="TestALotOfAdding" classname="LocalCMCTests" time="0.0"/>
  <testcase name="TestALotOfAdding" classname="LocalCMCTests" time="0.0"/>
  <testcase name="TestALotOfAdding" classname="LocalCMCTests" time="0.0"/>
  <testcase name="TestALotOfAdding" classname="LocalCMCTests" time="0.001"/>
  <testcase name="TestALotOfAdding" classname="LocalCMCTests" time="0.001"/>
  <testcase name="TestALotOfAdding" classname="LocalCMCTests" time="0.001"/>
  <testcase name="TestALotOfAdding" classname="LocalCMCTests" time="0.0"/>
  <testcase name="TestALotOfAdding" classname="LocalCMCTests" time="0.0"/>
  <testcase name="TestALotOfAdding" classname="LocalCMCTests" time="0.0"/>
  <testcase name="TestALotOfAdding" classname="LocalCMCTests" time="0.001"/>
  <testcase name="TestALotOfAdding" classname="LocalCMCTests" time="0.001"/>
  <testcase name="TestALotOfAdding" classname="LocalCMCTests" time="0.001"/>
  <testcase name="TestALotOfAdding" classname="LocalCMCTests" time="0.001"/>
  <testcase name="TestALotOfAdding" classname="LocalCMCTests" time="0.0"/>
  <testcase name="TestALotOfAdding" classname="LocalCMCTests" time="0.001"/>
  <testcase name="TestALotOfAdding" classname="LocalCMCTests" time="0.001"/>
  <testcase name="TestALotOfAdding" classname="LocalCMCTests" time="0.0"/>
  <testcase name="TestALotOfAdding" classname="LocalCMCTests" time="0.0"/>
  <testcase name="TestALotOfAdding" classname="LocalCMCTests" time="0.0"/>
  <testcase name="TestALotOfAdding" classname="LocalCMCTests" time="0.001"/>
  <testcase name="TestALotOfAdding" classname="LocalCMCTests" time="0.001"/>
  <testcase name="TestALotOfAdding" classname="LocalCMCTests" time="0.0"/>
  <testcase name="TestALotOfAdding" classname="LocalCMCTests" time="0.0"/>
  <testcase name="TestALotOfAdding" classname="LocalCMCTests" time="0.001"/>
  <testcase name="TestALotOfAdding" classname="LocalCMCTests" time="0.001"/>
  <testcase name="TestALotOfAdding" classname="LocalCMCTests" time="0.001"/>
  <testcase name="TestALotOfAdding" classname="LocalCMCTests" time="0.001"/>
  <testcase name="TestALotOfAdding" classname="LocalCMCTests" time="0.001"/>
  <testcase name="TestALotOfAdding" classname="LocalCMCTests" time="0.0"/>
  <testcase name="TestALotOfAdding" classname="LocalCMCTests" time="0.001"/>
  <testcase name="TestALotOfAdding" classname="LocalCMCTests" time="0.0"/>
  <testcase name="TestALotOfAdding" classname="LocalCMCTests" time="0.0"/>
  <testcase name="TestALotOfAdding" classname="LocalCMCTests" time="0.0"/>
  <testcase name="TestALotOfAdding" classname="LocalCMCTests" time="0.001"/>
  <testcase name="TestALotOfAdding" classname="LocalCMCTests" time="0.002"/>
  <testcase name="TestALotOfAdding" classname="LocalCMCTests" time="0.001"/>
  <testcase name="TestALotOfAdding" classname="LocalCMCTests" time="0.0"/>
  <testcase name="TestALotOfAdding" classname="LocalCMCTests" time="0.0"/>
  <testcase name="TestALotOfAdding" classname="LocalCMCTests" time="0.001"/>
  <testcase name="TestALotOfAdding" classname="LocalCMCTests" time="0.001"/>
  <testcase name="TestALotOfAdding" classname="LocalCMCTests" time="0.0"/>
  <testcase name="TestALotOfAdding" classname="LocalCMCTests" time="0.0"/>
  <testcase name="TestALotOfAdding" classname="LocalCMCTests" time="0.001"/>
  <testcase name="TestALotOfAdding" classname="LocalCMCTests" time="0.001"/>
  <testcase name="TestALotOfAdding" classname="LocalCMCTests" time="0.0"/>
  <testcase name="TestALotOfAdding" classname="LocalCMCTests" time="0.001"/>
  <testcase name="TestALotOfAdding" classname="LocalCMCTests" time="0.001"/>
  <testcase name="TestALotOfAdding" classname="LocalCMCTests" time="0.002"/>
  <testcase name="TestALotOfAdding" classname="LocalCMCTests" time="0.002"/>
  <testcase name="TestALotOfAdding" classname="LocalCMCTests" time="0.0"/>
  <testcase name="TestALotOfAdding" classname="LocalCMCTests" time="0.0"/>
  <testcase name="TestALotOfAdding" classname="LocalCMCTests" time="0.002"/>
  <testcase name="TestALotOfAdding" classname="LocalCMCTests" time="0.0"/>
  <testcase name="TestALotOfAdding" classname="LocalCMCTests" time="0.002"/>
  <testcase name="TestALotOfAdding" classname="LocalCMCTests" time="0.002"/>
  <testcase name="TestALotOfAdding" classname="LocalCMCTests" time="0.002"/>
  <testcase name="TestALotOfAdding" classname="LocalCMCTests" time="0.0"/>
  <testcase name="TestALotOfAdding" classname="LocalCMCTests" time="0.001"/>
  <testcase name="TestALotOfAdding" classname="LocalCMCTests" time="0.003"/>
  <testcase name="TestALotOfAdding" classname="LocalCMCTests" time="0.001"/>
  <testcase name="TestALotOfAdding" classname="LocalCMCTests" time="0.0"/>
  <testcase name="TestALotOfAdding" classname="LocalCMCTests" time="0.001"/>
  <testcase name="TestALotOfAdding" classname="LocalCMCTests" time="0.004"/>
  <testcase name="TestALotOfAdding" classname="LocalCMCTests" time="0.001"/>
  <testcase name="TestALotOfAdding" classname="LocalCMCTests" time="0.003"/>
  <testcase name="TestALotOfAdding" classname="LocalCMCTests" time="0.0"/>
  <testcase name="TestALotOfAdding" classname="LocalCMCTests" time="0.0"/>
  <testcase name="TestALotOfAdding" classname="LocalCMCTests" time="0.0"/>
  <testcase name="TestALotOfAdding" classname="LocalCMCTests" time="0.0"/>
  <testcase name="TestALotOfAdding" classname="LocalCMCTests" time="0.0"/>
  <testcase name="TestALotOfAdding" classname="LocalCMCTests" time="0.0"/>
  <testcase name="TestALotOfAdding" classname="LocalCMCTests" time="0.001"/>
  <testcase name="TestALotOfAdding" classname="LocalCMCTests" time="0.0"/>
  <testcase name="TestALotOfAdding" classname="LocalCMCTests" time="0.002"/>
  <testcase name="TestALotOfAdding" classname="LocalCMCTests" time="0.0"/>
  <testcase name="TestALotOfAdding" classname="LocalCMCTests" time="0.0"/>
  <testcase name="TestALotOfAdding" classname="LocalCMCTests" time="0.001"/>
  <testcase name="TestALotOfAdding" classname="LocalCMCTests" time="0.001"/>
  <testcase name="TestALotOfAdding" classname="LocalCMCTests" time="0.0"/>
  <testcase name="TestALotOfAdding" classname="LocalCMCTests" time="0.001"/>
  <testcase name="TestALotOfAdding" classname="LocalCMCTests" time="0.001"/>
  <testcase name="TestALotOfAdding" classname="LocalCMCTests" time="0.001"/>
  <testcase name="TestALotOfAdding" classname="LocalCMCTests" time="0.001"/>
  <testcase name="TestALotOfAdding" classname="LocalCMCTests" time="0.001"/>
  <testcase name="TestALotOfAdding" classname="LocalCMCTests" time="0.0"/>
  <testcase name="TestALotOfAdding" classname="LocalCMCTests" time="0.001"/>
  <testcase name="TestALotOfAdding" classname="LocalCMCTests" time="0.0"/>
  <testcase name="TestALotOfAdding" classname="LocalCMCTests" time="0.001"/>
  <testcase name="TestALotOfAdding" classname="LocalCMCTests" time="0.001"/>
  <testcase name="TestALotOfAdding" classname="LocalCMCTests" time="0.001"/>
  <testcase name="TestALotOfAdding" classname="LocalCMCTests" time="0.0"/>
  <testcase name="TestALotOfAdding" classname="LocalCMCTests" time="0.003"/>
  <testcase name="TestALotOfAdding" classname="LocalCMCTests" time="0.0"/>
  <testcase name="TestALotOfAdding" classname="LocalCMCTests" time="0.0"/>
  <testcase name="TestALotOfAdding" classname="LocalCMCTests" time="0.0"/>
  <testcase name="TestALotOfAdding" classname="LocalCMCTests" time="0.001"/>
  <testcase name="TestALotOfAdding" classname="LocalCMCTests" time="0.0"/>
  <testcase name="TestALotOfAdding" classname="LocalCMCTests" time="0.001"/>
  <testcase name="TestALotOfAdding" classname="LocalCMCTests" time="0.0"/>
  <testcase name="TestALotOfAdding" classname="LocalCMCTests" time="0.0"/>
  <testcase name="TestALotOfAdding" classname="LocalCMCTests" time="0.002"/>
  <testcase name="TestALotOfAdding" classname="LocalCMCTests" time="0.001"/>
  <testcase name="TestALotOfAdding" classname="LocalCMCTests" time="0.0"/>
  <testcase name="TestALotOfAdding" classname="LocalCMCTests" time="0.001"/>
  <testcase name="TestALotOfAdding" classname="LocalCMCTests" time="0.001"/>
  <testcase name="TestALotOfAdding" classname="LocalCMCTests" time="0.001"/>
  <testcase name="TestALotOfAdding" classname="LocalCMCTests" time="0.0"/>
  <testcase name="TestALotOfAdding" classname="LocalCMCTests" time="0.002"/>
  <testcase name="TestALotOfAdding" classname="LocalCMCTests" time="0.0"/>
  <testcase name="TestALotOfAdding" classname="LocalCMCTests" time="0.0"/>
  <testcase name="TestALotOfAdding" classname="LocalCMCTests" time="0.0"/>
  <testcase name="TestALotOfAdding" classname="LocalCMCTests" time="0.0"/>
  <testcase name="TestALotOfAdding" classname="LocalCMCTests" time="0.0"/>
  <testcase name="TestALotOfAdding" classname="LocalCMCTests" time="0.001"/>
  <testcase name="TestALotOfAdding" classname="LocalCMCTests" time="0.003"/>
  <testcase name="TestALotOfAdding" classname="LocalCMCTests" time="0.002"/>
  <testcase name="TestALotOfAdding" classname="LocalCMCTests" time="0.0"/>
  <testcase name="TestALotOfAdding" classname="LocalCMCTests" time="0.002"/>
  <testcase name="TestALotOfAdding" classname="LocalCMCTests" time="0.0"/>
  <testcase name="TestALotOfAdding" classname="LocalCMCTests" time="0.001"/>
  <testcase name="TestALotOfAdding" classname="LocalCMCTests" time="0.001"/>
  <testcase name="TestALotOfAdding" classname="LocalCMCTests" time="0.001"/>
  <testcase name="TestALotOfAdding" classname="LocalCMCTests" time="0.002"/>
  <testcase name="TestALotOfAdding" classname="LocalCMCTests" time="0.0"/>
  <testcase name="TestALotOfAdding" classname="LocalCMCTests" time="0.0"/>
  <testcase name="TestALotOfAdding" classname="LocalCMCTests" time="0.0"/>
  <testcase name="TestALotOfAdding" classname="LocalCMCTests" time="0.0"/>
  <testcase name="TestALotOfAdding" classname="LocalCMCTests" time="0.001"/>
  <testcase name="TestALotOfAdding" classname="LocalCMCTests" time="0.0"/>
  <testcase name="TestALotOfAdding" classname="LocalCMCTests" time="0.0"/>
  <testcase name="TestALotOfAdding" classname="LocalCMCTests" time="0.0"/>
  <testcase name="TestALotOfAdding" classname="LocalCMCTests" time="0.001"/>
  <testcase name="TestALotOfAdding" classname="LocalCMCTests" time="0.001"/>
  <testcase name="TestALotOfAdding" classname="LocalCMCTests" time="0.001"/>
  <testcase name="TestALotOfAdding" classname="LocalCMCTests" time="0.001"/>
  <testcase name="TestALotOfAdding" classname="LocalCMCTests" time="0.0"/>
  <testcase name="TestALotOfAdding" classname="LocalCMCTests" time="0.001"/>
  <testcase name="TestALotOfAdding" classname="LocalCMCTests" time="0.001"/>
  <testcase name="TestALotOfAdding" classname="LocalCMCTests" time="0.0"/>
  <testcase name="TestALotOfAdding" classname="LocalCMCTests" time="0.001"/>
  <testcase name="TestALotOfAdding" classname="LocalCMCTests" time="0.002"/>
  <testcase name="TestALotOfAdding" classname="LocalCMCTests" time="0.0"/>
  <testcase name="TestALotOfAdding" classname="LocalCMCTests" time="0.001"/>
  <testcase name="TestALotOfAdding" classname="LocalCMCTests" time="0.001"/>
  <testcase name="TestALotOfAdding" classname="LocalCMCTests" time="0.001"/>
  <testcase name="TestALotOfAdding" classname="LocalCMCTests" time="0.001"/>
  <testcase name="TestALotOfAdding" classname="LocalCMCTests" time="0.001"/>
  <testcase name="TestALotOfAdding" classname="LocalCMCTests" time="0.001"/>
  <testcase name="TestALotOfAdding" classname="LocalCMCTests" time="0.001"/>
  <testcase name="TestALotOfAdding" classname="LocalCMCTests" time="0.0"/>
  <testcase name="TestALotOfAdding" classname="LocalCMCTests" time="0.0"/>
  <testcase name="TestALotOfAdding" classname="LocalCMCTests" time="0.001"/>
  <testcase name="TestALotOfAdding" classname="LocalCMCTests" time="0.0"/>
  <testcase name="TestALotOfAdding" classname="LocalCMCTests" time="0.0"/>
  <testcase name="TestALotOfAdding" classname="LocalCMCTests" time="0.0"/>
  <testcase name="TestALotOfAdding" classname="LocalCMCTests" time="0.0"/>
  <testcase name="TestALotOfAdding" classname="LocalCMCTests" time="0.001"/>
  <testcase name="TestALotOfAdding" classname="LocalCMCTests" time="0.001"/>
  <testcase name="TestALotOfAdding" classname="LocalCMCTests" time="0.001"/>
  <testcase name="TestALotOfAdding" classname="LocalCMCTests" time="0.0"/>
  <testcase name="TestALotOfAdding" classname="LocalCMCTests" time="0.001"/>
  <testcase name="TestALotOfAdding" classname="LocalCMCTests" time="0.001"/>
  <testcase name="TestALotOfAdding" classname="LocalCMCTests" time="0.001"/>
  <testcase name="TestALotOfAdding" classname="LocalCMCTests" time="0.001"/>
  <testcase name="TestALotOfAdding" classname="LocalCMCTests" time="0.001"/>
  <testcase name="TestALotOfAdding" classname="LocalCMCTests" time="0.001"/>
  <testcase name="TestALotOfAdding" classname="LocalCMCTests" time="0.0"/>
  <testcase name="TestALotOfAdding" classname="LocalCMCTests" time="0.001"/>
  <testcase name="TestALotOfAdding" classname="LocalCMCTests" time="0.001"/>
  <testcase name="TestALotOfAdding" classname="LocalCMCTests" time="0.0"/>
  <testcase name="TestALotOfAdding" classname="LocalCMCTests" time="0.0"/>
  <testcase name="TestALotOfAdding" classname="LocalCMCTests" time="0.0"/>
  <testcase name="TestALotOfAdding" classname="LocalCMCTests" time="0.0"/>
  <testcase name="TestALotOfAdding" classname="LocalCMCTests" time="0.001"/>
  <testcase name="TestALotOfAdding" classname="LocalCMCTests" time="0.0"/>
  <testcase name="TestALotOfAdding" classname="LocalCMCTests" time="0.001"/>
  <testcase name="TestALotOfAdding" classname="LocalCMCTests" time="0.002"/>
  <testcase name="TestALotOfAdding" classname="LocalCMCTests" time="0.001"/>
  <testcase name="TestALotOfAdding" classname="LocalCMCTests" time="0.001"/>
  <testcase name="TestALotOfAdding" classname="LocalCMCTests" time="0.001"/>
  <testcase name="TestALotOfAdding" classname="LocalCMCTests" time="0.001"/>
  <testcase name="TestALotOfAdding" classname="LocalCMCTests" time="0.0"/>
  <testcase name="TestALotOfAdding" classname="LocalCMCTests" time="0.001"/>
  <testcase name="TestALotOfAdding" classname="LocalCMCTests" time="0.001"/>
  <testcase name="TestALotOfAdding" classname="LocalCMCTests" time="0.001"/>
  <testcase name="TestALotOfAdding" classname="LocalCMCTests" time="0.0"/>
  <testcase name="TestALotOfAdding" classname="LocalCMCTests" time="0.0"/>
  <testcase name="TestALotOfAdding" classname="LocalCMCTests" time="0.001"/>
  <testcase name="TestALotOfAdding" classname="LocalCMCTests" time="0.0"/>
  <testcase name="TestALotOfAdding" classname="LocalCMCTests" time="0.0"/>
  <testcase name="TestALotOfAdding" classname="LocalCMCTests" time="0.001"/>
  <testcase name="TestALotOfAdding" classname="LocalCMCTests" time="0.0"/>
  <testcase name="TestALotOfAdding" classname="LocalCMCTests" time="0.0"/>
  <testcase name="TestALotOfAdding" classname="LocalCMCTests" time="0.0"/>
  <testcase name="TestALotOfAdding" classname="LocalCMCTests" time="0.0"/>
  <testcase name="TestALotOfAdding" classname="LocalCMCTests" time="0.0"/>
  <testcase name="TestALotOfAdding" classname="LocalCMCTests" time="0.001"/>
  <testcase name="TestALotOfAdding" classname="LocalCMCTests" time="0.0"/>
  <testcase name="TestALotOfAdding" classname="LocalCMCTests" time="0.001"/>
  <testcase name="TestALotOfAdding" classname="LocalCMCTests" time="0.0"/>
  <testcase name="TestALotOfAdding" classname="LocalCMCTests" time="0.001"/>
  <testcase name="TestALotOfAdding" classname="LocalCMCTests" time="0.001"/>
  <testcase name="TestALotOfAdding" classname="LocalCMCTests" time="0.001"/>
  <testcase name="TestALotOfAdding" classname="LocalCMCTests" time="0.001"/>
  <testcase name="TestALotOfAdding" classname="LocalCMCTests" time="0.0"/>
  <testcase name="TestALotOfAdding" classname="LocalCMCTests" time="0.001"/>
  <testcase name="TestALotOfAdding" classname="LocalCMCTests" time="0.001"/>
  <testcase name="TestALotOfAdding" classname="LocalCMCTests" time="0.001"/>
  <testcase name="TestALotOfAdding" classname="LocalCMCTests" time="0.0"/>
  <testcase name="TestALotOfAdding" classname="LocalCMCTests" time="0.001"/>
  <testcase name="TestALotOfAdding" classname="LocalCMCTests" time="0.001"/>
  <testcase name="TestALotOfAdding" classname="LocalCMCTests" time="0.001"/>
  <testcase name="TestALotOfAdding" classname="LocalCMCTests" time="0.0"/>
  <testcase name="TestALotOfAdding" classname="LocalCMCTests" time="0.001"/>
  <testcase name="TestALotOfAdding" classname="LocalCMCTests" time="0.0"/>
  <testcase name="TestALotOfAdding" classname="LocalCMCTests" time="0.0"/>
  <testcase name="TestALotOfAdding" classname="LocalCMCTests" time="0.001"/>
  <testcase name="TestALotOfAdding" classname="LocalCMCTests" time="0.001"/>
  <testcase name="TestALotOfAdding" classname="LocalCMCTests" time="0.001"/>
  <testcase name="TestALotOfAdding" classname="LocalCMCTests" time="0.001"/>
  <testcase name="TestALotOfAdding" classname="LocalCMCTests" time="0.0"/>
  <testcase name="TestALotOfAdding" classname="LocalCMCTests" time="0.0"/>
  <testcase name="TestALotOfAdding" classname="LocalCMCTests" time="0.0"/>
  <testcase name="TestALotOfAdding" classname="LocalCMCTests" time="0.001"/>
  <testcase name="TestALotOfAdding" classname="LocalCMCTests" time="0.001"/>
  <testcase name="TestALotOfAdding" classname="LocalCMCTests" time="0.001"/>
  <testcase name="TestALotOfAdding" classname="LocalCMCTests" time="0.001"/>
  <testcase name="TestALotOfAdding" classname="LocalCMCTests" time="0.001"/>
  <testcase name="TestALotOfAdding" classname="LocalCMCTests" time="0.001"/>
  <testcase name="TestALotOfAdding" classname="LocalCMCTests" time="0.0"/>
  <testcase name="TestALotOfAdding" classname="LocalCMCTests" time="0.0"/>
  <testcase name="TestALotOfAdding" classname="LocalCMCTests" time="0.0"/>
  <testcase name="TestALotOfAdding" classname="LocalCMCTests" time="0.001"/>
  <testcase name="TestALotOfAdding" classname="LocalCMCTests" time="0.001"/>
  <testcase name="TestALotOfAdding" classname="LocalCMCTests" time="0.001"/>
  <testcase name="TestALotOfAdding" classname="LocalCMCTests" time="0.0"/>
  <testcase name="TestALotOfAdding" classname="LocalCMCTests" time="0.0"/>
  <testcase name="TestALotOfAdding" classname="LocalCMCTests" time="0.001"/>
  <testcase name="TestALotOfAdding" classname="LocalCMCTests" time="0.002"/>
  <testcase name="TestALotOfAdding" classname="LocalCMCTests" time="0.0"/>
  <testcase name="TestALotOfAdding" classname="LocalCMCTests" time="0.001"/>
  <testcase name="TestALotOfAdding" classname="LocalCMCTests" time="0.001"/>
  <testcase name="TestALotOfAdding" classname="LocalCMCTests" time="0.001"/>
  <testcase name="TestALotOfAdding" classname="LocalCMCTests" time="0.0"/>
  <testcase name="TestALotOfAdding" classname="LocalCMCTests" time="0.001"/>
  <testcase name="TestALotOfAdding" classname="LocalCMCTests" time="0.001"/>
  <testcase name="TestALotOfAdding" classname="LocalCMCTests" time="0.0"/>
  <testcase name="TestALotOfAdding" classname="LocalCMCTests" time="0.0"/>
  <testcase name="TestALotOfAdding" classname="LocalCMCTests" time="0.001"/>
  <testcase name="TestALotOfAdding" classname="LocalCMCTests" time="0.0"/>
  <testcase name="TestALotOfAdding" classname="LocalCMCTests" time="0.001"/>
  <testcase name="TestALotOfAdding" classname="LocalCMCTests" time="0.0"/>
  <testcase name="TestALotOfAdding" classname="LocalCMCTests" time="0.0"/>
  <testcase name="TestALotOfAdding" classname="LocalCMCTests" time="0.001"/>
  <testcase name="TestALotOfAdding" classname="LocalCMCTests" time="0.001"/>
  <testcase name="TestALotOfAdding" classname="LocalCMCTests" time="0.0"/>
  <testcase name="TestALotOfAdding" classname="LocalCMCTests" time="0.001"/>
  <testcase name="TestALotOfAdding" classname="LocalCMCTests" time="0.0"/>
  <testcase name="TestALotOfAdding" classname="LocalCMCTests" time="0.001"/>
  <testcase name="TestALotOfAdding" classname="LocalCMCTests" time="0.0"/>
  <testcase name="TestALotOfAdding" classname="LocalCMCTests" time="0.0"/>
  <testcase name="TestALotOfAdding" classname="LocalCMCTests" time="0.0"/>
  <testcase name="TestALotOfAdding" classname="LocalCMCTests" time="0.001"/>
  <testcase name="TestALotOfAdding" classname="LocalCMCTests" time="0.001"/>
  <testcase name="TestALotOfAdding" classname="LocalCMCTests" time="0.002"/>
  <testcase name="TestALotOfAdding" classname="LocalCMCTests" time="0.001"/>
  <testcase name="TestALotOfAdding" classname="LocalCMCTests" time="0.0"/>
  <testcase name="TestALotOfAdding" classname="LocalCMCTests" time="0.001"/>
  <testcase name="TestALotOfAdding" classname="LocalCMCTests" time="0.0"/>
  <testcase name="TestALotOfAdding" classname="LocalCMCTests" time="0.0"/>
  <testcase name="TestALotOfAdding" classname="LocalCMCTests" time="0.001"/>
  <testcase name="TestALotOfAdding" classname="LocalCMCTests" time="0.002"/>
  <testcase name="TestALotOfAdding" classname="LocalCMCTests" time="0.0"/>
  <testcase name="TestALotOfAdding" classname="LocalCMCTests" time="0.0"/>
  <testcase name="TestALotOfAdding" classname="LocalCMCTests" time="0.0"/>
  <testcase name="TestALotOfAdding" classname="LocalCMCTests" time="0.001"/>
  <testcase name="TestALotOfAdding" classname="LocalCMCTests" time="0.001"/>
  <testcase name="TestALotOfAdding" classname="LocalCMCTests" time="0.001"/>
  <testcase name="TestALotOfAdding" classname="LocalCMCTests" time="0.0"/>
  <testcase name="TestALotOfAdding" classname="LocalCMCTests" time="0.001"/>
  <testcase name="TestALotOfAdding" classname="LocalCMCTests" time="0.0"/>
  <testcase name="TestALotOfAdding" classname="LocalCMCTests" time="0.002"/>
  <testcase name="TestALotOfAdding" classname="LocalCMCTests" time="0.002"/>
  <testcase name="TestALotOfAdding" classname="LocalCMCTests" time="0.001"/>
  <testcase name="TestALotOfAdding" classname="LocalCMCTests" time="0.001"/>
  <testcase name="TestALotOfAdding" classname="LocalCMCTests" time="0.002"/>
  <testcase name="TestALotOfAdding" classname="LocalCMCTests" time="0.0"/>
  <testcase name="TestALotOfAdding" classname="LocalCMCTests" time="0.0"/>
  <testcase name="TestALotOfAdding" classname="LocalCMCTests" time="0.001"/>
  <testcase name="TestALotOfAdding" classname="LocalCMCTests" time="0.0"/>
  <testcase name="TestALotOfAdding" classname="LocalCMCTests" time="0.0"/>
  <testcase name="TestALotOfAdding" classname="LocalCMCTests" time="0.0"/>
  <testcase name="TestALotOfAdding" classname="LocalCMCTests" time="0.001"/>
  <testcase name="TestALotOfAdding" classname="LocalCMCTests" time="0.0"/>
  <testcase name="TestALotOfAdding" classname="LocalCMCTests" time="0.001"/>
  <testcase name="TestALotOfAdding" classname="LocalCMCTests" time="0.001"/>
  <testcase name="TestALotOfAdding" classname="LocalCMCTests" time="0.003"/>
  <testcase name="TestALotOfAdding" classname="LocalCMCTests" time="0.0"/>
  <testcase name="TestALotOfAdding" classname="LocalCMCTests" time="0.0"/>
  <testcase name="TestALotOfAdding" classname="LocalCMCTests" time="0.001"/>
  <testcase name="TestALotOfAdding" classname="LocalCMCTests" time="0.001"/>
  <testcase name="TestALotOfAdding" classname="LocalCMCTests" time="0.0"/>
  <testcase name="TestALotOfAdding" classname="LocalCMCTests" time="0.001"/>
  <testcase name="TestALotOfAdding" classname="LocalCMCTests" time="0.001"/>
  <testcase name="TestALotOfAdding" classname="LocalCMCTests" time="0.001"/>
  <testcase name="TestALotOfAdding" classname="LocalCMCTests" time="0.0"/>
  <testcase name="TestALotOfAdding" classname="LocalCMCTests" time="0.0"/>
  <testcase name="TestALotOfAdding" classname="LocalCMCTests" time="0.001"/>
  <testcase name="TestALotOfAdding" classname="LocalCMCTests" time="0.001"/>
  <testcase name="TestALotOfAdding" classname="LocalCMCTests" time="0.002"/>
  <testcase name="TestALotOfAdding" classname="LocalCMCTests" time="0.001"/>
  <testcase name="TestALotOfAdding" classname="LocalCMCTests" time="0.001"/>
  <testcase name="TestALotOfAdding" classname="LocalCMCTests" time="0.0"/>
  <testcase name="TestALotOfAdding" classname="LocalCMCTests" time="0.001"/>
  <testcase name="TestALotOfAdding" classname="LocalCMCTests" time="0.0"/>
  <testcase name="TestALotOfAdding" classname="LocalCMCTests" time="0.0"/>
  <testcase name="TestALotOfAdding" classname="LocalCMCTests" time="0.0"/>
  <testcase name="TestALotOfAdding" classname="LocalCMCTests" time="0.001"/>
  <testcase name="TestALotOfAdding" classname="LocalCMCTests" time="0.0"/>
  <testcase name="TestALotOfAdding" classname="LocalCMCTests" time="0.0"/>
  <testcase name="TestALotOfAdding" classname="LocalCMCTests" time="0.0"/>
  <testcase name="TestALotOfAdding" classname="LocalCMCTests" time="0.0"/>
  <testcase name="TestALotOfAdding" classname="LocalCMCTests" time="0.0"/>
  <testcase name="TestALotOfAdding" classname="LocalCMCTests" time="0.001"/>
  <testcase name="TestALotOfAdding" classname="LocalCMCTests" time="0.003"/>
  <testcase name="TestALotOfAdding" classname="LocalCMCTests" time="0.002"/>
  <testcase name="TestALotOfAdding" classname="LocalCMCTests" time="0.0"/>
  <testcase name="TestALotOfAdding" classname="LocalCMCTests" time="0.001"/>
  <testcase name="TestALotOfAdding" classname="LocalCMCTests" time="0.0"/>
  <testcase name="TestALotOfAdding" classname="LocalCMCTests" time="0.0"/>
  <testcase name="TestALotOfAdding" classname="LocalCMCTests" time="0.001"/>
  <testcase name="TestALotOfAdding" classname="LocalCMCTests" time="0.001"/>
  <testcase name="TestALotOfAdding" classname="LocalCMCTests" time="0.001"/>
  <testcase name="TestALotOfAdding" classname="LocalCMCTests" time="0.0"/>
  <testcase name="TestALotOfAdding" classname="LocalCMCTests" time="0.001"/>
  <testcase name="TestALotOfAdding" classname="LocalCMCTests" time="0.0"/>
  <testcase name="TestALotOfAdding" classname="LocalCMCTests" time="0.001"/>
  <testcase name="TestALotOfAdding" classname="LocalCMCTests" time="0.001"/>
  <testcase name="TestALotOfAdding" classname="LocalCMCTests" time="0.0"/>
  <testcase name="TestALotOfAdding" classname="LocalCMCTests" time="0.0"/>
  <testcase name="TestALotOfAdding" classname="LocalCMCTests" time="0.001"/>
  <testcase name="TestALotOfAdding" classname="LocalCMCTests" time="0.0"/>
  <testcase name="TestALotOfAdding" classname="LocalCMCTests" time="0.002"/>
  <testcase name="TestALotOfAdding" classname="LocalCMCTests" time="0.001"/>
  <testcase name="TestALotOfAdding" classname="LocalCMCTests" time="0.001"/>
  <testcase name="TestALotOfAdding" classname="LocalCMCTests" time="0.001"/>
  <testcase name="TestALotOfAdding" classname="LocalCMCTests" time="0.001"/>
  <testcase name="TestALotOfAdding" classname="LocalCMCTests" time="0.0"/>
  <testcase name="TestALotOfAdding" classname="LocalCMCTests" time="0.001"/>
  <testcase name="TestALotOfAdding" classname="LocalCMCTests" time="0.0"/>
  <testcase name="TestALotOfAdding" classname="LocalCMCTests" time="0.001"/>
  <testcase name="TestALotOfAdding" classname="LocalCMCTests" time="0.0"/>
  <testcase name="TestALotOfAdding" classname="LocalCMCTests" time="0.0"/>
  <testcase name="TestALotOfAdding" classname="LocalCMCTests" time="0.001"/>
  <testcase name="TestALotOfAdding" classname="LocalCMCTests" time="0.001"/>
  <testcase name="TestALotOfAdding" classname="LocalCMCTests" time="0.0"/>
  <testcase name="TestALotOfAdding" classname="LocalCMCTests" time="0.001"/>
  <testcase name="TestALotOfAdding" classname="LocalCMCTests" time="0.001"/>
  <testcase name="TestALotOfAdding" classname="LocalCMCTests" time="0.0"/>
  <testcase name="TestALotOfAdding" classname="LocalCMCTests" time="0.001"/>
  <testcase name="TestALotOfAdding" classname="LocalCMCTests" time="0.001"/>
  <testcase name="TestALotOfAdding" classname="LocalCMCTests" time="0.0"/>
  <testcase name="TestALotOfAdding" classname="LocalCMCTests" time="0.001"/>
  <testcase name="TestALotOfAdding" classname="LocalCMCTests" time="0.0"/>
  <testcase name="TestALotOfAdding" classname="LocalCMCTests" time="0.001"/>
  <testcase name="TestALotOfAdding" classname="LocalCMCTests" time="0.0"/>
  <testcase name="TestALotOfAdding" classname="LocalCMCTests" time="0.0"/>
  <testcase name="TestALotOfAdding" classname="LocalCMCTests" time="0.0"/>
  <testcase name="TestALotOfAdding" classname="LocalCMCTests" time="0.0"/>
  <testcase name="TestALotOfAdding" classname="LocalCMCTests" time="0.001"/>
  <testcase name="TestALotOfAdding" classname="LocalCMCTests" time="0.001"/>
  <testcase name="TestALotOfAdding" classname="LocalCMCTests" time="0.001"/>
  <testcase name="TestALotOfAdding" classname="LocalCMCTests" time="0.001"/>
  <testcase name="TestALotOfAdding" classname="LocalCMCTests" time="0.001"/>
  <testcase name="TestALotOfAdding" classname="LocalCMCTests" time="0.001"/>
  <testcase name="TestALotOfAdding" classname="LocalCMCTests" time="0.001"/>
  <testcase name="TestALotOfAdding" classname="LocalCMCTests" time="0.001"/>
  <testcase name="TestALotOfAdding" classname="LocalCMCTests" time="0.002"/>
  <testcase name="TestALotOfAdding" classname="LocalCMCTests" time="0.0"/>
  <testcase name="TestALotOfAdding" classname="LocalCMCTests" time="0.0"/>
  <testcase name="TestALotOfAdding" classname="LocalCMCTests" time="0.0"/>
  <testcase name="TestALotOfAdding" classname="LocalCMCTests" time="0.0"/>
  <testcase name="TestALotOfAdding" classname="LocalCMCTests" time="0.0"/>
  <testcase name="TestALotOfAdding" classname="LocalCMCTests" time="0.0"/>
  <testcase name="TestALotOfAdding" classname="LocalCMCTests" time="0.0"/>
  <testcase name="TestALotOfAdding" classname="LocalCMCTests" time="0.002"/>
  <testcase name="TestALotOfAdding" classname="LocalCMCTests" time="0.0"/>
  <testcase name="TestALotOfAdding" classname="LocalCMCTests" time="0.001"/>
  <testcase name="TestALotOfAdding" classname="LocalCMCTests" time="0.001"/>
  <testcase name="TestALotOfAdding" classname="LocalCMCTests" time="0.001"/>
  <testcase name="TestALotOfAdding" classname="LocalCMCTests" time="0.001"/>
  <testcase name="TestALotOfAdding" classname="LocalCMCTests" time="0.0"/>
  <testcase name="TestALotOfAdding" classname="LocalCMCTests" time="0.001"/>
  <testcase name="TestALotOfAdding" classname="LocalCMCTests" time="0.001"/>
  <testcase name="TestALotOfAdding" classname="LocalCMCTests" time="0.001"/>
  <testcase name="TestALotOfAdding" classname="LocalCMCTests" time="0.001"/>
  <testcase name="TestALotOfAdding" classname="LocalCMCTests" time="0.002"/>
  <testcase name="TestALotOfAdding" classname="LocalCMCTests" time="0.0"/>
  <testcase name="TestALotOfAdding" classname="LocalCMCTests" time="0.0"/>
  <testcase name="TestALotOfAdding" classname="LocalCMCTests" time="0.0"/>
  <testcase name="TestALotOfAdding" classname="LocalCMCTests" time="0.0"/>
  <testcase name="TestALotOfAdding" classname="LocalCMCTests" time="0.001"/>
  <testcase name="TestALotOfAdding" classname="LocalCMCTests" time="0.0"/>
  <testcase name="TestALotOfAdding" classname="LocalCMCTests" time="0.002"/>
  <testcase name="TestALotOfAdding" classname="LocalCMCTests" time="0.0"/>
  <testcase name="TestALotOfAdding" classname="LocalCMCTests" time="0.001"/>
  <testcase name="TestALotOfAdding" classname="LocalCMCTests" time="0.001"/>
  <testcase name="TestALotOfAdding" classname="LocalCMCTests" time="0.001"/>
  <testcase name="TestALotOfAdding" classname="LocalCMCTests" time="0.0"/>
  <testcase name="TestALotOfAdding" classname="LocalCMCTests" time="0.001"/>
  <testcase name="TestALotOfAdding" classname="LocalCMCTests" time="0.0"/>
  <testcase name="TestALotOfAdding" classname="LocalCMCTests" time="0.001"/>
  <testcase name="TestALotOfAdding" classname="LocalCMCTests" time="0.0"/>
  <testcase name="TestALotOfAdding" classname="LocalCMCTests" time="0.0"/>
  <testcase name="TestALotOfAdding" classname="LocalCMCTests" time="0.0"/>
  <testcase name="TestALotOfAdding" classname="LocalCMCTests" time="0.001"/>
  <testcase name="TestALotOfAdding" classname="LocalCMCTests" time="0.001"/>
  <testcase name="TestALotOfAdding" classname="LocalCMCTests" time="0.002"/>
  <testcase name="TestALotOfAdding" classname="LocalCMCTests" time="0.003"/>
  <testcase name="TestALotOfAdding" classname="LocalCMCTests" time="0.001"/>
  <testcase name="TestALotOfAdding" classname="LocalCMCTests" time="0.0"/>
  <testcase name="TestALotOfAdding" classname="LocalCMCTests" time="0.001"/>
  <testcase name="TestALotOfAdding" classname="LocalCMCTests" time="0.0"/>
  <testcase name="TestALotOfAdding" classname="LocalCMCTests" time="0.0"/>
  <testcase name="TestALotOfAdding" classname="LocalCMCTests" time="0.0"/>
  <testcase name="TestALotOfAdding" classname="LocalCMCTests" time="0.001"/>
  <testcase name="TestALotOfAdding" classname="LocalCMCTests" time="0.001"/>
  <testcase name="TestALotOfAdding" classname="LocalCMCTests" time="0.0"/>
  <testcase name="TestALotOfAdding" classname="LocalCMCTests" time="0.0"/>
  <testcase name="TestALotOfAdding" classname="LocalCMCTests" time="0.002"/>
  <testcase name="TestALotOfAdding" classname="LocalCMCTests" time="0.001"/>
  <testcase name="TestALotOfAdding" classname="LocalCMCTests" time="0.0"/>
  <testcase name="TestALotOfAdding" classname="LocalCMCTests" time="0.0"/>
  <testcase name="TestALotOfAdding" classname="LocalCMCTests" time="0.001"/>
  <testcase name="TestALotOfAdding" classname="LocalCMCTests" time="0.001"/>
  <testcase name="TestALotOfAdding" classname="LocalCMCTests" time="0.001"/>
  <testcase name="TestALotOfAdding" classname="LocalCMCTests" time="0.0"/>
  <testcase name="TestALotOfAdding" classname="LocalCMCTests" time="0.001"/>
  <testcase name="TestALotOfAdding" classname="LocalCMCTests" time="0.0"/>
  <testcase name="TestALotOfAdding" classname="LocalCMCTests" time="0.001"/>
  <testcase name="TestALotOfAdding" classname="LocalCMCTests" time="0.0"/>
  <testcase name="TestALotOfAdding" classname="LocalCMCTests" time="0.001"/>
  <testcase name="TestALotOfAdding" classname="LocalCMCTests" time="0.001"/>
  <testcase name="TestALotOfAdding" classname="LocalCMCTests" time="0.001"/>
  <testcase name="TestALotOfAdding" classname="LocalCMCTests" time="0.001"/>
  <testcase name="TestALotOfAdding" classname="LocalCMCTests" time="0.0"/>
  <testcase name="TestALotOfAdding" classname="LocalCMCTests" time="0.0"/>
  <testcase name="TestALotOfAdding" classname="LocalCMCTests" time="0.0"/>
  <testcase name="TestALotOfAdding" classname="LocalCMCTests" time="0.001"/>
  <testcase name="TestALotOfAdding" classname="LocalCMCTests" time="0.001"/>
  <testcase name="TestALotOfAdding" classname="LocalCMCTests" time="0.001"/>
  <testcase name="TestALotOfAdding" classname="LocalCMCTests" time="0.002"/>
  <testcase name="TestALotOfAdding" classname="LocalCMCTests" time="0.001"/>
  <testcase name="TestALotOfAdding" classname="LocalCMCTests" time="0.0"/>
  <testcase name="TestALotOfAdding" classname="LocalCMCTests" time="0.001"/>
  <testcase name="TestALotOfAdding" classname="LocalCMCTests" time="0.0"/>
  <testcase name="TestALotOfAdding" classname="LocalCMCTests" time="0.0"/>
  <testcase name="TestALotOfAdding" classname="LocalCMCTests" time="0.001"/>
  <testcase name="TestALotOfAdding" classname="LocalCMCTests" time="0.001"/>
  <testcase name="TestALotOfAdding" classname="LocalCMCTests" time="0.001"/>
  <testcase name="TestALotOfAdding" classname="LocalCMCTests" time="0.001"/>
  <testcase name="TestALotOfAdding" classname="LocalCMCTests" time="0.0"/>
  <testcase name="TestALotOfAdding" classname="LocalCMCTests" time="0.001"/>
  <testcase name="TestALotOfAdding" classname="LocalCMCTests" time="0.001"/>
  <testcase name="TestALotOfAdding" classname="LocalCMCTests" time="0.0"/>
  <testcase name="TestALotOfAdding" classname="LocalCMCTests" time="0.001"/>
  <testcase name="TestALotOfAdding" classname="LocalCMCTests" time="0.001"/>
  <testcase name="TestALotOfAdding" classname="LocalCMCTests" time="0.001"/>
  <testcase name="TestALotOfAdding" classname="LocalCMCTests" time="0.0"/>
  <testcase name="TestALotOfAdding" classname="LocalCMCTests" time="0.001"/>
  <testcase name="TestALotOfAdding" classname="LocalCMCTests" time="0.0"/>
  <testcase name="TestALotOfAdding" classname="LocalCMCTests" time="0.0"/>
  <testcase name="TestALotOfAdding" classname="LocalCMCTests" time="0.001"/>
  <testcase name="TestALotOfAdding" classname="LocalCMCTests" time="0.001"/>
  <testcase name="TestALotOfAdding" classname="LocalCMCTests" time="0.001"/>
  <testcase name="TestALotOfAdding" classname="LocalCMCTests" time="0.001"/>
  <testcase name="TestALotOfAdding" classname="LocalCMCTests" time="0.001"/>
  <testcase name="TestALotOfAdding" classname="LocalCMCTests" time="0.001"/>
  <testcase name="TestALotOfAdding" classname="LocalCMCTests" time="0.001"/>
  <testcase name="TestALotOfAdding" classname="LocalCMCTests" time="0.001"/>
  <testcase name="TestALotOfAdding" classname="LocalCMCTests" time="0.001"/>
  <testcase name="TestALotOfAdding" classname="LocalCMCTests" time="0.001"/>
  <testcase name="TestALotOfAdding" classname="LocalCMCTests" time="0.0"/>
  <testcase name="TestALotOfAdding" classname="LocalCMCTests" time="0.001"/>
  <testcase name="TestALotOfAdding" classname="LocalCMCTests" time="0.001"/>
  <testcase name="TestALotOfAdding" classname="LocalCMCTests" time="0.0"/>
  <testcase name="TestALotOfAdding" classname="LocalCMCTests" time="0.0"/>
  <testcase name="TestALotOfAdding" classname="LocalCMCTests" time="0.0"/>
  <testcase name="TestALotOfAdding" classname="LocalCMCTests" time="0.0"/>
  <testcase name="TestALotOfAdding" classname="LocalCMCTests" time="0.0"/>
  <testcase name="TestALotOfAdding" classname="LocalCMCTests" time="0.001"/>
  <testcase name="TestALotOfAdding" classname="LocalCMCTests" time="0.001"/>
  <testcase name="TestALotOfAdding" classname="LocalCMCTests" time="0.001"/>
  <testcase name="TestALotOfAdding" classname="LocalCMCTests" time="0.001"/>
  <testcase name="TestALotOfAdding" classname="LocalCMCTests" time="0.001"/>
  <testcase name="TestALotOfAdding" classname="LocalCMCTests" time="0.0"/>
  <testcase name="TestALotOfAdding" classname="LocalCMCTests" time="0.0"/>
  <testcase name="TestALotOfAdding" classname="LocalCMCTests" time="0.001"/>
  <testcase name="TestALotOfAdding" classname="LocalCMCTests" time="0.0"/>
  <testcase name="TestALotOfAdding" classname="LocalCMCTests" time="0.001"/>
  <testcase name="TestALotOfAdding" classname="LocalCMCTests" time="0.001"/>
  <testcase name="TestALotOfAdding" classname="LocalCMCTests" time="0.001"/>
  <testcase name="TestALotOfAdding" classname="LocalCMCTests" time="0.0"/>
  <testcase name="TestALotOfAdding" classname="LocalCMCTests" time="0.0"/>
  <testcase name="TestALotOfAdding" classname="LocalCMCTests" time="0.001"/>
  <testcase name="TestALotOfAdding" classname="LocalCMCTests" time="0.0"/>
  <testcase name="TestALotOfAdding" classname="LocalCMCTests" time="0.0"/>
  <testcase name="TestALotOfAdding" classname="LocalCMCTests" time="0.002"/>
  <testcase name="TestALotOfAdding" classname="LocalCMCTests" time="0.001"/>
  <testcase name="TestALotOfAdding" classname="LocalCMCTests" time="0.0"/>
  <testcase name="TestALotOfAdding" classname="LocalCMCTests" time="0.001"/>
  <testcase name="TestALotOfAdding" classname="LocalCMCTests" time="0.001"/>
  <testcase name="TestALotOfAdding" classname="LocalCMCTests" time="0.0"/>
  <testcase name="TestALotOfAdding" classname="LocalCMCTests" time="0.0"/>
  <testcase name="TestALotOfAdding" classname="LocalCMCTests" time="0.0"/>
  <testcase name="TestALotOfAdding" classname="LocalCMCTests" time="0.002"/>
  <testcase name="TestALotOfAdding" classname="LocalCMCTests" time="0.001"/>
  <testcase name="TestALotOfAdding" classname="LocalCMCTests" time="0.001"/>
  <testcase name="TestALotOfAdding" classname="LocalCMCTests" time="0.001"/>
  <testcase name="TestALotOfAdding" classname="LocalCMCTests" time="0.0"/>
  <testcase name="TestALotOfAdding" classname="LocalCMCTests" time="0.0"/>
  <testcase name="TestALotOfAdding" classname="LocalCMCTests" time="0.0"/>
  <testcase name="TestALotOfAdding" classname="LocalCMCTests" time="0.001"/>
  <testcase name="TestALotOfAdding" classname="LocalCMCTests" time="0.001"/>
  <testcase name="TestALotOfAdding" classname="LocalCMCTests" time="0.001"/>
  <testcase name="TestALotOfAdding" classname="LocalCMCTests" time="0.0"/>
  <testcase name="TestALotOfAdding" classname="LocalCMCTests" time="0.002"/>
  <testcase name="TestALotOfAdding" classname="LocalCMCTests" time="0.0"/>
  <testcase name="TestALotOfAdding" classname="LocalCMCTests" time="0.0"/>
  <testcase name="TestALotOfAdding" classname="LocalCMCTests" time="0.0"/>
  <testcase name="TestALotOfAdding" classname="LocalCMCTests" time="0.0"/>
  <testcase name="TestALotOfAdding" classname="LocalCMCTests" time="0.001"/>
  <testcase name="TestALotOfAdding" classname="LocalCMCTests" time="0.001"/>
  <testcase name="TestALotOfAdding" classname="LocalCMCTests" time="0.001"/>
  <testcase name="TestALotOfAdding" classname="LocalCMCTests" time="0.001"/>
  <testcase name="TestALotOfAdding" classname="LocalCMCTests" time="0.0"/>
  <testcase name="TestALotOfAdding" classname="LocalCMCTests" time="0.0"/>
  <testcase name="TestALotOfAdding" classname="LocalCMCTests" time="0.0"/>
  <testcase name="TestALotOfAdding" classname="LocalCMCTests" time="0.0"/>
  <testcase name="TestALotOfAdding" classname="LocalCMCTests" time="0.001"/>
  <testcase name="TestALotOfAdding" classname="LocalCMCTests" time="0.001"/>
  <testcase name="TestALotOfAdding" classname="LocalCMCTests" time="0.001"/>
  <testcase name="TestALotOfAdding" classname="LocalCMCTests" time="0.001"/>
  <testcase name="TestALotOfAdding" classname="LocalCMCTests" time="0.0"/>
  <testcase name="TestALotOfAdding" classname="LocalCMCTests" time="0.002"/>
  <testcase name="TestALotOfAdding" classname="LocalCMCTests" time="0.0"/>
  <testcase name="TestALotOfAdding" classname="LocalCMCTests" time="0.0"/>
  <testcase name="TestALotOfAdding" classname="LocalCMCTests" time="0.0"/>
  <testcase name="TestALotOfAdding" classname="LocalCMCTests" time="0.0"/>
  <testcase name="TestALotOfAdding" classname="LocalCMCTests" time="0.001"/>
  <testcase name="TestALotOfAdding" classname="LocalCMCTests" time="0.001"/>
  <testcase name="TestALotOfAdding" classname="LocalCMCTests" time="0.0"/>
  <testcase name="TestALotOfAdding" classname="LocalCMCTests" time="0.001"/>
  <testcase name="TestALotOfAdding" classname="LocalCMCTests" time="0.002"/>
  <testcase name="TestALotOfAdding" classname="LocalCMCTests" time="0.001"/>
  <testcase name="TestALotOfAdding" classname="LocalCMCTests" time="0.001"/>
  <testcase name="TestALotOfAdding" classname="LocalCMCTests" time="0.001"/>
  <testcase name="TestALotOfAdding" classname="LocalCMCTests" time="0.001"/>
  <testcase name="TestALotOfAdding" classname="LocalCMCTests" time="0.001"/>
  <testcase name="TestALotOfAdding" classname="LocalCMCTests" time="0.001"/>
  <testcase name="TestALotOfAdding" classname="LocalCMCTests" time="0.001"/>
  <testcase name="TestALotOfAdding" classname="LocalCMCTests" time="0.0"/>
  <testcase name="TestALotOfAdding" classname="LocalCMCTests" time="0.001"/>
  <testcase name="TestALotOfAdding" classname="LocalCMCTests" time="0.0"/>
  <testcase name="TestALotOfAdding" classname="LocalCMCTests" time="0.0"/>
  <testcase name="TestALotOfAdding" classname="LocalCMCTests" time="0.0"/>
  <testcase name="TestALotOfAdding" classname="LocalCMCTests" time="0.0"/>
  <testcase name="TestALotOfAdding" classname="LocalCMCTests" time="0.0"/>
  <testcase name="TestALotOfAdding" classname="LocalCMCTests" time="0.0"/>
  <testcase name="TestALotOfAdding" classname="LocalCMCTests" time="0.0"/>
  <testcase name="TestALotOfAdding" classname="LocalCMCTests" time="0.0"/>
  <testcase name="TestALotOfAdding" classname="LocalCMCTests" time="0.001"/>
  <testcase name="TestALotOfAdding" classname="LocalCMCTests" time="0.001"/>
  <testcase name="TestALotOfAdding" classname="LocalCMCTests" time="0.0"/>
  <testcase name="TestALotOfAdding" classname="LocalCMCTests" time="0.002"/>
  <testcase name="TestALotOfAdding" classname="LocalCMCTests" time="0.001"/>
  <testcase name="TestALotOfAdding" classname="LocalCMCTests" time="0.0"/>
  <testcase name="TestALotOfAdding" classname="LocalCMCTests" time="0.001"/>
  <testcase name="TestALotOfAdding" classname="LocalCMCTests" time="0.001"/>
  <testcase name="TestALotOfAdding" classname="LocalCMCTests" time="0.001"/>
  <testcase name="TestALotOfAdding" classname="LocalCMCTests" time="0.0"/>
  <testcase name="TestALotOfAdding" classname="LocalCMCTests" time="0.001"/>
  <testcase name="TestALotOfAdding" classname="LocalCMCTests" time="0.001"/>
  <testcase name="TestALotOfAdding" classname="LocalCMCTests" time="0.0"/>
  <testcase name="TestALotOfAdding" classname="LocalCMCTests" time="0.0"/>
  <testcase name="TestALotOfAdding" classname="LocalCMCTests" time="0.001"/>
  <testcase name="TestALotOfAdding" classname="LocalCMCTests" time="0.001"/>
  <testcase name="TestALotOfAdding" classname="LocalCMCTests" time="0.0"/>
  <testcase name="TestALotOfAdding" classname="LocalCMCTests" time="0.001"/>
  <testcase name="TestALotOfAdding" classname="LocalCMCTests" time="0.002"/>
  <testcase name="TestALotOfAdding" classname="LocalCMCTests" time="0.001"/>
  <testcase name="TestALotOfAdding" classname="LocalCMCTests" time="0.003"/>
  <testcase name="TestALotOfAdding" classname="LocalCMCTests" time="0.0"/>
  <testcase name="TestALotOfAdding" classname="LocalCMCTests" time="0.001"/>
  <testcase name="TestALotOfAdding" classname="LocalCMCTests" time="0.0"/>
  <testcase name="TestALotOfAdding" classname="LocalCMCTests" time="0.0"/>
  <testcase name="TestALotOfAdding" classname="LocalCMCTests" time="0.0"/>
  <testcase name="TestALotOfAdding" classname="LocalCMCTests" time="0.0"/>
  <testcase name="TestALotOfAdding" classname="LocalCMCTests" time="0.0"/>
  <testcase name="TestALotOfAdding" classname="LocalCMCTests" time="0.0"/>
  <testcase name="TestALotOfAdding" classname="LocalCMCTests" time="0.0"/>
  <testcase name="TestALotOfAdding" classname="LocalCMCTests" time="0.0"/>
  <testcase name="TestALotOfAdding" classname="LocalCMCTests" time="0.0"/>
  <testcase name="TestALotOfAdding" classname="LocalCMCTests" time="0.0"/>
  <testcase name="TestALotOfAdding" classname="LocalCMCTests" time="0.002"/>
  <testcase name="TestALotOfAdding" classname="LocalCMCTests" time="0.0"/>
  <testcase name="TestALotOfAdding" classname="LocalCMCTests" time="0.002"/>
  <testcase name="TestALotOfAdding" classname="LocalCMCTests" time="0.001"/>
  <testcase name="TestALotOfAdding" classname="LocalCMCTests" time="0.001"/>
  <testcase name="TestALotOfAdding" classname="LocalCMCTests" time="0.001"/>
  <testcase name="TestALotOfAdding" classname="LocalCMCTests" time="0.001"/>
  <testcase name="TestALotOfAdding" classname="LocalCMCTests" time="0.0"/>
  <testcase name="TestALotOfAdding" classname="LocalCMCTests" time="0.001"/>
  <testcase name="TestALotOfAdding" classname="LocalCMCTests" time="0.0"/>
  <testcase name="TestALotOfAdding" classname="LocalCMCTests" time="0.0"/>
  <testcase name="TestALotOfAdding" classname="LocalCMCTests" time="0.001"/>
  <testcase name="TestALotOfAdding" classname="LocalCMCTests" time="0.0"/>
  <testcase name="TestALotOfAdding" classname="LocalCMCTests" time="0.001"/>
  <testcase name="TestALotOfAdding" classname="LocalCMCTests" time="0.003"/>
  <testcase name="TestALotOfAdding" classname="LocalCMCTests" time="0.001"/>
  <testcase name="TestALotOfAdding" classname="LocalCMCTests" time="0.0"/>
  <testcase name="TestALotOfAdding" classname="LocalCMCTests" time="0.0"/>
  <testcase name="TestALotOfAdding" classname="LocalCMCTests" time="0.001"/>
  <testcase name="TestALotOfAdding" classname="LocalCMCTests" time="0.0"/>
  <testcase name="TestALotOfAdding" classname="LocalCMCTests" time="0.0"/>
  <testcase name="TestALotOfAdding" classname="LocalCMCTests" time="0.0"/>
  <testcase name="TestALotOfAdding" classname="LocalCMCTests" time="0.001"/>
  <testcase name="TestALotOfAdding" classname="LocalCMCTests" time="0.001"/>
  <testcase name="TestALotOfAdding" classname="LocalCMCTests" time="0.001"/>
  <testcase name="TestALotOfAdding" classname="LocalCMCTests" time="0.001"/>
  <testcase name="TestALotOfAdding" classname="LocalCMCTests" time="0.001"/>
  <testcase name="TestALotOfAdding" classname="LocalCMCTests" time="0.0"/>
  <testcase name="TestALotOfAdding" classname="LocalCMCTests" time="0.002"/>
  <testcase name="TestALotOfAdding" classname="LocalCMCTests" time="0.001"/>
  <testcase name="TestALotOfAdding" classname="LocalCMCTests" time="0.0"/>
  <testcase name="TestALotOfAdding" classname="LocalCMCTests" time="0.001"/>
  <testcase name="TestALotOfAdding" classname="LocalCMCTests" time="0.001"/>
  <testcase name="TestALotOfAdding" classname="LocalCMCTests" time="0.001"/>
  <testcase name="TestALotOfAdding" classname="LocalCMCTests" time="0.0"/>
  <testcase name="TestALotOfAdding" classname="LocalCMCTests" time="0.0"/>
  <testcase name="TestALotOfAdding" classname="LocalCMCTests" time="0.001"/>
  <testcase name="TestALotOfAdding" classname="LocalCMCTests" time="0.0"/>
  <testcase name="TestALotOfAdding" classname="LocalCMCTests" time="0.0"/>
  <testcase name="TestALotOfAdding" classname="LocalCMCTests" time="0.0"/>
  <testcase name="TestALotOfAdding" classname="LocalCMCTests" time="0.001"/>
  <testcase name="TestALotOfAdding" classname="LocalCMCTests" time="0.0"/>
  <testcase name="TestALotOfAdding" classname="LocalCMCTests" time="0.0"/>
  <testcase name="TestALotOfAdding" classname="LocalCMCTests" time="0.001"/>
  <testcase name="TestALotOfAdding" classname="LocalCMCTests" time="0.001"/>
  <testcase name="TestALotOfAdding" classname="LocalCMCTests" time="0.0"/>
  <testcase name="TestALotOfAdding" classname="LocalCMCTests" time="0.001"/>
  <testcase name="TestALotOfAdding" classname="LocalCMCTests" time="0.0"/>
  <testcase name="TestALotOfAdding" classname="LocalCMCTests" time="0.001"/>
  <testcase name="TestALotOfAdding" classname="LocalCMCTests" time="0.001"/>
  <testcase name="TestALotOfAdding" classname="LocalCMCTests" time="0.001"/>
  <testcase name="TestALotOfAdding" classname="LocalCMCTests" time="0.001"/>
  <testcase name="TestALotOfAdding" classname="LocalCMCTests" time="0.0"/>
  <testcase name="TestALotOfAdding" classname="LocalCMCTests" time="0.001"/>
  <testcase name="TestALotOfAdding" classname="LocalCMCTests" time="0.0"/>
  <testcase name="TestALotOfAdding" classname="LocalCMCTests" time="0.0"/>
  <testcase name="TestALotOfAdding" classname="LocalCMCTests" time="0.0"/>
  <testcase name="TestALotOfAdding" classname="LocalCMCTests" time="0.002"/>
  <testcase name="TestALotOfAdding" classname="LocalCMCTests" time="0.002"/>
  <testcase name="TestALotOfAdding" classname="LocalCMCTests" time="0.0"/>
  <testcase name="TestALotOfAdding" classname="LocalCMCTests" time="0.002"/>
  <testcase name="TestALotOfAdding" classname="LocalCMCTests" time="0.0"/>
  <testcase name="TestALotOfAdding" classname="LocalCMCTests" time="0.001"/>
  <testcase name="TestALotOfAdding" classname="LocalCMCTests" time="0.0"/>
  <testcase name="TestALotOfAdding" classname="LocalCMCTests" time="0.001"/>
  <testcase name="TestALotOfAdding" classname="LocalCMCTests" time="0.0"/>
  <testcase name="TestALotOfAdding" classname="LocalCMCTests" time="0.001"/>
  <testcase name="TestALotOfAdding" classname="LocalCMCTests" time="0.0"/>
  <testcase name="TestALotOfAdding" classname="LocalCMCTests" time="0.001"/>
  <testcase name="TestALotOfAdding" classname="LocalCMCTests" time="0.001"/>
  <testcase name="TestALotOfAdding" classname="LocalCMCTests" time="0.001"/>
  <testcase name="TestALotOfAdding" classname="LocalCMCTests" time="0.001"/>
  <testcase name="TestALotOfAdding" classname="LocalCMCTests" time="0.0"/>
  <testcase name="TestALotOfAdding" classname="LocalCMCTests" time="0.001"/>
  <testcase name="TestALotOfAdding" classname="LocalCMCTests" time="0.001"/>
  <testcase name="TestALotOfAdding" classname="LocalCMCTests" time="0.001"/>
  <testcase name="TestALotOfAdding" classname="LocalCMCTests" time="0.0"/>
  <testcase name="TestALotOfAdding" classname="LocalCMCTests" time="0.001"/>
  <testcase name="TestALotOfAdding" classname="LocalCMCTests" time="0.001"/>
  <testcase name="TestALotOfAdding" classname="LocalCMCTests" time="0.0"/>
  <testcase name="TestALotOfAdding" classname="LocalCMCTests" time="0.0"/>
  <testcase name="TestALotOfAdding" classname="LocalCMCTests" time="0.001"/>
  <testcase name="TestALotOfAdding" classname="LocalCMCTests" time="0.001"/>
  <testcase name="TestALotOfAdding" classname="LocalCMCTests" time="0.001"/>
  <testcase name="TestALotOfAdding" classname="LocalCMCTests" time="0.0"/>
  <testcase name="TestALotOfAdding" classname="LocalCMCTests" time="0.0"/>
  <testcase name="TestALotOfAdding" classname="LocalCMCTests" time="0.001"/>
  <testcase name="TestALotOfAdding" classname="LocalCMCTests" time="0.001"/>
  <testcase name="TestALotOfAdding" classname="LocalCMCTests" time="0.001"/>
  <testcase name="TestALotOfAdding" classname="LocalCMCTests" time="0.001"/>
  <testcase name="TestALotOfAdding" classname="LocalCMCTests" time="0.0"/>
  <testcase name="TestALotOfAdding" classname="LocalCMCTests" time="0.001"/>
  <testcase name="TestALotOfAdding" classname="LocalCMCTests" time="0.001"/>
  <testcase name="TestALotOfAdding" classname="LocalCMCTests" time="0.001"/>
  <testcase name="TestALotOfAdding" classname="LocalCMCTests" time="0.001"/>
  <testcase name="TestALotOfAdding" classname="LocalCMCTests" time="0.001"/>
  <testcase name="TestALotOfAdding" classname="LocalCMCTests" time="0.0"/>
  <testcase name="TestALotOfAdding" classname="LocalCMCTests" time="0.0"/>
  <testcase name="TestALotOfAdding" classname="LocalCMCTests" time="0.0"/>
  <testcase name="TestALotOfAdding" classname="LocalCMCTests" time="0.0"/>
  <testcase name="TestALotOfAdding" classname="LocalCMCTests" time="0.0"/>
  <testcase name="TestALotOfAdding" classname="LocalCMCTests" time="0.001"/>
  <testcase name="TestALotOfAdding" classname="LocalCMCTests" time="0.0"/>
  <testcase name="TestALotOfAdding" classname="LocalCMCTests" time="0.0"/>
  <testcase name="TestALotOfAdding" classname="LocalCMCTests" time="0.001"/>
  <testcase name="TestALotOfAdding" classname="LocalCMCTests" time="0.001"/>
  <testcase name="TestALotOfAdding" classname="LocalCMCTests" time="0.001"/>
  <testcase name="TestALotOfAdding" classname="LocalCMCTests" time="0.001"/>
  <testcase name="TestALotOfAdding" classname="LocalCMCTests" time="0.001"/>
  <testcase name="TestALotOfAdding" classname="LocalCMCTests" time="0.0"/>
  <testcase name="TestALotOfAdding" classname="LocalCMCTests" time="0.0"/>
  <testcase name="TestALotOfAdding" classname="LocalCMCTests" time="0.001"/>
  <testcase name="TestALotOfAdding" classname="LocalCMCTests" time="0.001"/>
  <testcase name="TestALotOfAdding" classname="LocalCMCTests" time="0.001"/>
  <testcase name="TestALotOfAdding" classname="LocalCMCTests" time="0.0"/>
  <testcase name="TestALotOfAdding" classname="LocalCMCTests" time="0.0"/>
  <testcase name="TestALotOfAdding" classname="LocalCMCTests" time="0.0"/>
  <testcase name="TestALotOfAdding" classname="LocalCMCTests" time="0.001"/>
  <testcase name="TestALotOfAdding" classname="LocalCMCTests" time="0.001"/>
  <testcase name="TestALotOfAdding" classname="LocalCMCTests" time="0.0"/>
  <testcase name="TestALotOfAdding" classname="LocalCMCTests" time="0.0"/>
  <testcase name="TestALotOfAdding" classname="LocalCMCTests" time="0.002"/>
  <testcase name="TestALotOfAdding" classname="LocalCMCTests" time="0.003"/>
  <testcase name="TestALotOfAdding" classname="LocalCMCTests" time="0.001"/>
  <testcase name="TestALotOfAdding" classname="LocalCMCTests" time="0.001"/>
  <testcase name="TestALotOfAdding" classname="LocalCMCTests" time="0.0"/>
  <testcase name="TestALotOfAdding" classname="LocalCMCTests" time="0.0"/>
  <testcase name="TestALotOfAdding" classname="LocalCMCTests" time="0.001"/>
  <testcase name="TestALotOfAdding" classname="LocalCMCTests" time="0.0"/>
  <testcase name="TestALotOfAdding" classname="LocalCMCTests" time="0.0"/>
  <testcase name="TestALotOfAdding" classname="LocalCMCTests" time="0.0"/>
  <testcase name="TestALotOfAdding" classname="LocalCMCTests" time="0.001"/>
  <testcase name="TestALotOfAdding" classname="LocalCMCTests" time="0.001"/>
  <testcase name="TestALotOfAdding" classname="LocalCMCTests" time="0.001"/>
  <testcase name="TestALotOfAdding" classname="LocalCMCTests" time="0.002"/>
  <testcase name="TestALotOfAdding" classname="LocalCMCTests" time="0.0"/>
  <testcase name="TestALotOfAdding" classname="LocalCMCTests" time="0.0"/>
  <testcase name="TestALotOfAdding" classname="LocalCMCTests" time="0.001"/>
  <testcase name="TestALotOfAdding" classname="LocalCMCTests" time="0.001"/>
  <testcase name="TestALotOfAdding" classname="LocalCMCTests" time="0.001"/>
  <testcase name="TestALotOfAdding" classname="LocalCMCTests" time="0.001"/>
  <testcase name="TestALotOfAdding" classname="LocalCMCTests" time="0.001"/>
  <testcase name="TestALotOfAdding" classname="LocalCMCTests" time="0.0"/>
  <testcase name="TestALotOfAdding" classname="LocalCMCTests" time="0.0"/>
  <testcase name="TestALotOfAdding" classname="LocalCMCTests" time="0.001"/>
  <testcase name="TestALotOfAdding" classname="LocalCMCTests" time="0.0"/>
  <testcase name="TestALotOfAdding" classname="LocalCMCTests" time="0.0"/>
  <testcase name="TestALotOfAdding" classname="LocalCMCTests" time="0.0"/>
  <testcase name="TestALotOfAdding" classname="LocalCMCTests" time="0.001"/>
  <testcase name="TestALotOfAdding" classname="LocalCMCTests" time="0.002"/>
  <testcase name="TestALotOfAdding" classname="LocalCMCTests" time="0.001"/>
  <testcase name="TestALotOfAdding" classname="LocalCMCTests" time="0.001"/>
  <testcase name="TestALotOfAdding" classname="LocalCMCTests" time="0.0"/>
  <testcase name="TestALotOfAdding" classname="LocalCMCTests" time="0.001"/>
  <testcase name="TestALotOfAdding" classname="LocalCMCTests" time="0.0"/>
  <testcase name="TestALotOfAdding" classname="LocalCMCTests" time="0.0"/>
  <testcase name="TestALotOfAdding" classname="LocalCMCTests" time="0.0"/>
  <testcase name="TestALotOfAdding" classname="LocalCMCTests" time="0.001"/>
  <testcase name="TestALotOfAdding" classname="LocalCMCTests" time="0.001"/>
  <testcase name="TestALotOfAdding" classname="LocalCMCTests" time="0.0"/>
  <testcase name="TestALotOfAdding" classname="LocalCMCTests" time="0.002"/>
  <testcase name="TestALotOfAdding" classname="LocalCMCTests" time="0.001"/>
  <testcase name="TestALotOfAdding" classname="LocalCMCTests" time="0.0"/>
  <testcase name="TestALotOfAdding" classname="LocalCMCTests" time="0.001"/>
  <testcase name="TestALotOfAdding" classname="LocalCMCTests" time="0.0"/>
  <testcase name="TestALotOfAdding" classname="LocalCMCTests" time="0.001"/>
  <testcase name="TestALotOfAdding" classname="LocalCMCTests" time="0.001"/>
  <testcase name="TestALotOfAdding" classname="LocalCMCTests" time="0.0"/>
  <testcase name="TestALotOfAdding" classname="LocalCMCTests" time="0.001"/>
  <testcase name="TestALotOfAdding" classname="LocalCMCTests" time="0.001"/>
  <testcase name="TestALotOfAdding" classname="LocalCMCTests" time="0.0"/>
  <testcase name="TestALotOfAdding" classname="LocalCMCTests" time="0.001"/>
  <testcase name="TestALotOfAdding" classname="LocalCMCTests" time="0.0"/>
  <testcase name="TestALotOfAdding" classname="LocalCMCTests" time="0.0"/>
  <testcase name="TestALotOfAdding" classname="LocalCMCTests" time="0.0"/>
  <testcase name="TestALotOfAdding" classname="LocalCMCTests" time="0.0"/>
  <testcase name="TestALotOfAdding" classname="LocalCMCTests" time="0.002"/>
  <testcase name="TestALotOfAdding" classname="LocalCMCTests" time="0.002"/>
  <testcase name="TestALotOfAdding" classname="LocalCMCTests" time="0.001"/>
  <testcase name="TestALotOfAdding" classname="LocalCMCTests" time="0.0"/>
  <testcase name="TestALotOfAdding" classname="LocalCMCTests" time="0.002"/>
  <testcase name="TestALotOfAdding" classname="LocalCMCTests" time="0.003"/>
  <testcase name="TestALotOfAdding" classname="LocalCMCTests" time="0.0"/>
  <testcase name="TestALotOfAdding" classname="LocalCMCTests" time="0.003"/>
  <testcase name="TestALotOfAdding" classname="LocalCMCTests" time="0.003"/>
  <testcase name="TestALotOfAdding" classname="LocalCMCTests" time="0.003"/>
  <testcase name="TestALotOfAdding" classname="LocalCMCTests" time="0.003"/>
  <testcase name="TestALotOfAdding" classname="LocalCMCTests" time="0.001"/>
  <testcase name="TestALotOfAdding" classname="LocalCMCTests" time="0.001"/>
  <testcase name="TestALotOfAdding" classname="LocalCMCTests" time="0.004"/>
  <testcase name="TestALotOfAdding" classname="LocalCMCTests" time="0.001"/>
  <testcase name="TestALotOfAdding" classname="LocalCMCTests" time="0.0"/>
  <testcase name="TestALotOfAdding" classname="LocalCMCTests" time="0.0"/>
  <testcase name="TestALotOfAdding" classname="LocalCMCTests" time="0.0"/>
  <testcase name="TestALotOfAdding" classname="LocalCMCTests" time="0.0"/>
  <testcase name="TestALotOfAdding" classname="LocalCMCTests" time="0.0"/>
  <testcase name="TestALotOfAdding" classname="LocalCMCTests" time="0.001"/>
  <testcase name="TestALotOfAdding" classname="LocalCMCTests" time="0.001"/>
  <testcase name="TestALotOfAdding" classname="LocalCMCTests" time="0.001"/>
  <testcase name="TestALotOfAdding" classname="LocalCMCTests" time="0.001"/>
  <testcase name="TestALotOfAdding" classname="LocalCMCTests" time="0.001"/>
  <testcase name="TestALotOfAdding" classname="LocalCMCTests" time="0.0"/>
  <testcase name="TestALotOfAdding" classname="LocalCMCTests" time="0.001"/>
  <testcase name="TestALotOfAdding" classname="LocalCMCTests" time="0.0"/>
  <testcase name="TestALotOfAdding" classname="LocalCMCTests" time="0.001"/>
  <testcase name="TestALotOfAdding" classname="LocalCMCTests" time="0.001"/>
  <testcase name="TestALotOfAdding" classname="LocalCMCTests" time="0.0"/>
  <testcase name="TestALotOfAdding" classname="LocalCMCTests" time="0.0"/>
  <testcase name="TestALotOfAdding" classname="LocalCMCTests" time="0.001"/>
  <testcase name="TestALotOfAdding" classname="LocalCMCTests" time="0.0"/>
  <testcase name="TestALotOfAdding" classname="LocalCMCTests" time="0.0"/>
  <testcase name="TestALotOfAdding" classname="LocalCMCTests" time="0.0"/>
  <testcase name="TestALotOfAdding" classname="LocalCMCTests" time="0.001"/>
  <testcase name="TestALotOfAdding" classname="LocalCMCTests" time="0.0"/>
  <testcase name="TestALotOfAdding" classname="LocalCMCTests" time="0.0"/>
  <testcase name="TestALotOfAdding" classname="LocalCMCTests" time="0.0"/>
  <testcase name="TestALotOfAdding" classname="LocalCMCTests" time="0.001"/>
  <testcase name="TestALotOfAdding" classname="LocalCMCTests" time="0.001"/>
  <testcase name="TestALotOfAdding" classname="LocalCMCTests" time="0.001"/>
  <testcase name="TestALotOfAdding" classname="LocalCMCTests" time="0.001"/>
  <testcase name="TestALotOfAdding" classname="LocalCMCTests" time="0.001"/>
  <testcase name="TestALotOfAdding" classname="LocalCMCTests" time="0.001"/>
  <testcase name="TestALotOfAdding" classname="LocalCMCTests" time="0.0"/>
  <testcase name="TestALotOfAdding" classname="LocalCMCTests" time="0.001"/>
  <testcase name="TestALotOfAdding" classname="LocalCMCTests" time="0.001"/>
  <testcase name="TestALotOfAdding" classname="LocalCMCTests" time="0.0"/>
  <testcase name="TestALotOfAdding" classname="LocalCMCTests" time="0.0"/>
  <testcase name="TestALotOfAdding" classname="LocalCMCTests" time="0.0"/>
  <testcase name="TestALotOfAdding" classname="LocalCMCTests" time="0.0"/>
  <testcase name="TestALotOfAdding" classname="LocalCMCTests" time="0.0"/>
  <testcase name="TestALotOfAdding" classname="LocalCMCTests" time="0.001"/>
  <testcase name="TestALotOfAdding" classname="LocalCMCTests" time="0.001"/>
  <testcase name="TestALotOfAdding" classname="LocalCMCTests" time="0.001"/>
  <testcase name="TestALotOfAdding" classname="LocalCMCTests" time="0.002"/>
  <testcase name="TestALotOfAdding" classname="LocalCMCTests" time="0.0"/>
  <testcase name="TestALotOfAdding" classname="LocalCMCTests" time="0.0"/>
  <testcase name="TestALotOfAdding" classname="LocalCMCTests" time="0.0"/>
  <testcase name="TestALotOfAdding" classname="LocalCMCTests" time="0.001"/>
  <testcase name="TestALotOfAdding" classname="LocalCMCTests" time="0.001"/>
  <testcase name="TestALotOfAdding" classname="LocalCMCTests" time="0.001"/>
  <testcase name="TestALotOfAdding" classname="LocalCMCTests" time="0.0"/>
  <testcase name="TestALotOfAdding" classname="LocalCMCTests" time="0.002"/>
  <testcase name="TestALotOfAdding" classname="LocalCMCTests" time="0.001"/>
  <testcase name="TestALotOfAdding" classname="LocalCMCTests" time="0.002"/>
  <testcase name="TestALotOfAdding" classname="LocalCMCTests" time="0.002"/>
  <testcase name="TestALotOfAdding" classname="LocalCMCTests" time="0.001"/>
  <testcase name="TestALotOfAdding" classname="LocalCMCTests" time="0.0"/>
  <testcase name="TestALotOfAdding" classname="LocalCMCTests" time="0.001"/>
  <testcase name="TestALotOfAdding" classname="LocalCMCTests" time="0.0"/>
  <testcase name="TestALotOfAdding" classname="LocalCMCTests" time="0.0"/>
  <testcase name="TestALotOfAdding" classname="LocalCMCTests" time="0.001"/>
  <testcase name="TestALotOfAdding" classname="LocalCMCTests" time="0.001"/>
  <testcase name="TestALotOfAdding" classname="LocalCMCTests" time="0.0"/>
  <testcase name="TestALotOfAdding" classname="LocalCMCTests" time="0.0"/>
  <testcase name="TestALotOfAdding" classname="LocalCMCTests" time="0.0"/>
  <testcase name="TestALotOfAdding" classname="LocalCMCTests" time="0.001"/>
  <testcase name="TestALotOfAdding" classname="LocalCMCTests" time="0.001"/>
  <testcase name="TestALotOfAdding" classname="LocalCMCTests" time="0.001"/>
  <testcase name="TestALotOfAdding" classname="LocalCMCTests" time="0.002"/>
  <testcase name="TestALotOfAdding" classname="LocalCMCTests" time="0.001"/>
  <testcase name="TestALotOfAdding" classname="LocalCMCTests" time="0.0"/>
  <testcase name="TestALotOfAdding" classname="LocalCMCTests" time="0.001"/>
  <testcase name="TestALotOfAdding" classname="LocalCMCTests" time="0.001"/>
  <testcase name="TestALotOfAdding" classname="LocalCMCTests" time="0.001"/>
  <testcase name="TestALotOfAdding" classname="LocalCMCTests" time="0.001"/>
  <testcase name="TestALotOfAdding" classname="LocalCMCTests" time="0.001"/>
  <testcase name="TestALotOfAdding" classname="LocalCMCTests" time="0.0"/>
  <testcase name="TestALotOfAdding" classname="LocalCMCTests" time="0.0"/>
  <testcase name="TestALotOfAdding" classname="LocalCMCTests" time="0.0"/>
  <testcase name="TestALotOfAdding" classname="LocalCMCTests" time="0.0"/>
  <testcase name="TestALotOfAdding" classname="LocalCMCTests" time="0.001"/>
  <testcase name="TestALotOfAdding" classname="LocalCMCTests" time="0.001"/>
  <testcase name="TestALotOfAdding" classname="LocalCMCTests" time="0.001"/>
  <testcase name="TestALotOfAdding" classname="LocalCMCTests" time="0.001"/>
  <testcase name="TestALotOfAdding" classname="LocalCMCTests" time="0.001"/>
  <testcase name="TestALotOfAdding" classname="LocalCMCTests" time="0.0"/>
  <testcase name="TestALotOfAdding" classname="LocalCMCTests" time="0.001"/>
  <testcase name="TestALotOfAdding" classname="LocalCMCTests" time="0.0"/>
  <testcase name="TestALotOfAdding" classname="LocalCMCTests" time="0.0"/>
  <testcase name="TestALotOfAdding" classname="LocalCMCTests" time="0.0"/>
  <testcase name="TestALotOfAdding" classname="LocalCMCTests" time="0.0"/>
  <testcase name="TestALotOfAdding" classname="LocalCMCTests" time="0.001"/>
  <testcase name="TestALotOfAdding" classname="LocalCMCTests" time="0.0"/>
  <testcase name="TestALotOfAdding" classname="LocalCMCTests" time="0.0"/>
  <testcase name="TestALotOfAdding" classname="LocalCMCTests" time="0.0"/>
  <testcase name="TestALotOfAdding" classname="LocalCMCTests" time="0.0"/>
  <testcase name="TestALotOfAdding" classname="LocalCMCTests" time="0.001"/>
  <testcase name="TestALotOfAdding" classname="LocalCMCTests" time="0.0"/>
  <testcase name="TestALotOfAdding" classname="LocalCMCTests" time="0.001"/>
  <testcase name="TestALotOfAdding" classname="LocalCMCTests" time="0.002"/>
  <testcase name="TestALotOfAdding" classname="LocalCMCTests" time="0.001"/>
  <testcase name="TestALotOfAdding" classname="LocalCMCTests" time="0.001"/>
  <testcase name="TestALotOfAdding" classname="LocalCMCTests" time="0.001"/>
  <testcase name="TestALotOfAdding" classname="LocalCMCTests" time="0.001"/>
  <testcase name="TestALotOfAdding" classname="LocalCMCTests" time="0.0"/>
  <testcase name="TestALotOfAdding" classname="LocalCMCTests" time="0.0"/>
  <testcase name="TestALotOfAdding" classname="LocalCMCTests" time="0.0"/>
  <testcase name="TestALotOfAdding" classname="LocalCMCTests" time="0.0"/>
  <testcase name="TestALotOfAdding" classname="LocalCMCTests" time="0.0"/>
  <testcase name="TestALotOfAdding" classname="LocalCMCTests" time="0.0"/>
  <testcase name="TestALotOfAdding" classname="LocalCMCTests" time="0.001"/>
  <testcase name="TestALotOfAdding" classname="LocalCMCTests" time="0.001"/>
  <testcase name="TestALotOfAdding" classname="LocalCMCTests" time="0.002"/>
  <testcase name="TestALotOfAdding" classname="LocalCMCTests" time="0.0"/>
  <testcase name="TestALotOfAdding" classname="LocalCMCTests" time="0.002"/>
  <testcase name="TestALotOfAdding" classname="LocalCMCTests" time="0.0"/>
  <testcase name="TestALotOfAdding" classname="LocalCMCTests" time="0.001"/>
  <testcase name="TestALotOfAdding" classname="LocalCMCTests" time="0.001"/>
  <testcase name="TestALotOfAdding" classname="LocalCMCTests" time="0.0"/>
  <testcase name="TestALotOfAdding" classname="LocalCMCTests" time="0.001"/>
  <testcase name="TestALotOfAdding" classname="LocalCMCTests" time="0.0"/>
  <testcase name="TestALotOfAdding" classname="LocalCMCTests" time="0.002"/>
  <testcase name="TestALotOfAdding" classname="LocalCMCTests" time="0.001"/>
  <testcase name="TestALotOfAdding" classname="LocalCMCTests" time="0.0"/>
  <testcase name="TestALotOfAdding" classname="LocalCMCTests" time="0.0"/>
  <testcase name="TestALotOfAdding" classname="LocalCMCTests" time="0.001"/>
  <testcase name="TestALotOfAdding" classname="LocalCMCTests" time="0.0"/>
  <testcase name="TestALotOfAdding" classname="LocalCMCTests" time="0.001"/>
  <testcase name="TestALotOfAdding" classname="LocalCMCTests" time="0.0"/>
  <testcase name="TestALotOfAdding" classname="LocalCMCTests" time="0.0"/>
  <testcase name="TestALotOfAdding" classname="LocalCMCTests" time="0.001"/>
  <testcase name="TestALotOfAdding" classname="LocalCMCTests" time="0.0"/>
  <testcase name="TestALotOfAdding" classname="LocalCMCTests" time="0.0"/>
  <testcase name="TestALotOfAdding" classname="LocalCMCTests" time="0.0"/>
  <testcase name="TestALotOfAdding" classname="LocalCMCTests" time="0.001"/>
  <testcase name="TestALotOfAdding" classname="LocalCMCTests" time="0.001"/>
  <testcase name="TestALotOfAdding" classname="LocalCMCTests" time="0.001"/>
  <testcase name="TestALotOfAdding" classname="LocalCMCTests" time="0.0"/>
  <testcase name="TestALotOfAdding" classname="LocalCMCTests" time="0.001"/>
  <testcase name="TestALotOfAdding" classname="LocalCMCTests" time="0.001"/>
  <testcase name="TestALotOfAdding" classname="LocalCMCTests" time="0.001"/>
  <testcase name="TestALotOfAdding" classname="LocalCMCTests" time="0.002"/>
  <testcase name="TestALotOfAdding" classname="LocalCMCTests" time="0.001"/>
  <testcase name="TestALotOfAdding" classname="LocalCMCTests" time="0.001"/>
  <testcase name="TestALotOfAdding" classname="LocalCMCTests" time="0.0"/>
  <testcase name="TestALotOfAdding" classname="LocalCMCTests" time="0.001"/>
  <testcase name="TestALotOfAdding" classname="LocalCMCTests" time="0.001"/>
  <testcase name="TestALotOfAdding" classname="LocalCMCTests" time="0.002"/>
  <testcase name="TestALotOfAdding" classname="LocalCMCTests" time="0.003"/>
  <testcase name="TestALotOfAdding" classname="LocalCMCTests" time="0.0"/>
  <testcase name="TestALotOfAdding" classname="LocalCMCTests" time="0.001"/>
  <testcase name="TestALotOfAdding" classname="LocalCMCTests" time="0.0"/>
  <testcase name="TestALotOfAdding" classname="LocalCMCTests" time="0.0"/>
  <testcase name="TestALotOfAdding" classname="LocalCMCTests" time="0.0"/>
  <testcase name="TestALotOfAdding" classname="LocalCMCTests" time="0.0"/>
  <testcase name="TestALotOfAdding" classname="LocalCMCTests" time="0.0"/>
  <testcase name="TestALotOfAdding" classname="LocalCMCTests" time="0.0"/>
  <testcase name="TestALotOfAdding" classname="LocalCMCTests" time="0.001"/>
  <testcase name="TestALotOfAdding" classname="LocalCMCTests" time="0.0"/>
  <testcase name="TestALotOfAdding" classname="LocalCMCTests" time="0.0"/>
  <testcase name="TestALotOfAdding" classname="LocalCMCTests" time="0.0"/>
  <testcase name="TestALotOfAdding" classname="LocalCMCTests" time="0.001"/>
  <testcase name="TestALotOfAdding" classname="LocalCMCTests" time="0.001"/>
  <testcase name="TestALotOfAdding" classname="LocalCMCTests" time="0.0"/>
  <testcase name="TestALotOfAdding" classname="LocalCMCTests" time="0.001"/>
  <testcase name="TestALotOfAdding" classname="LocalCMCTests" time="0.001"/>
  <testcase name="TestALotOfAdding" classname="LocalCMCTests" time="0.0"/>
  <testcase name="TestALotOfAdding" classname="LocalCMCTests" time="0.001"/>
  <testcase name="TestALotOfAdding" classname="LocalCMCTests" time="0.0"/>
  <testcase name="TestALotOfAdding" classname="LocalCMCTests" time="0.001"/>
  <testcase name="TestALotOfAdding" classname="LocalCMCTests" time="0.0"/>
  <testcase name="TestALotOfAdding" classname="LocalCMCTests" time="0.001"/>
  <testcase name="TestALotOfAdding" classname="LocalCMCTests" time="0.001"/>
  <testcase name="TestALotOfAdding" classname="LocalCMCTests" time="0.003"/>
  <testcase name="TestALotOfAdding" classname="LocalCMCTests" time="0.003"/>
  <testcase name="TestALotOfAdding" classname="LocalCMCTests" time="0.0"/>
  <testcase name="TestALotOfAdding" classname="LocalCMCTests" time="0.001"/>
  <testcase name="TestALotOfAdding" classname="LocalCMCTests" time="0.001"/>
  <testcase name="TestALotOfAdding" classname="LocalCMCTests" time="0.001"/>
  <testcase name="TestALotOfAdding" classname="LocalCMCTests" time="0.0"/>
  <testcase name="TestALotOfAdding" classname="LocalCMCTests" time="0.001"/>
  <testcase name="TestALotOfAdding" classname="LocalCMCTests" time="0.002"/>
  <testcase name="TestALotOfAdding" classname="LocalCMCTests" time="0.001"/>
  <testcase name="TestALotOfAdding" classname="LocalCMCTests" time="0.0"/>
  <testcase name="TestALotOfAdding" classname="LocalCMCTests" time="0.0"/>
  <testcase name="TestALotOfAdding" classname="LocalCMCTests" time="0.0"/>
  <testcase name="TestALotOfAdding" classname="LocalCMCTests" time="0.0"/>
  <testcase name="TestALotOfAdding" classname="LocalCMCTests" time="0.0"/>
  <testcase name="TestALotOfAdding" classname="LocalCMCTests" time="0.0"/>
  <testcase name="TestALotOfAdding" classname="LocalCMCTests" time="0.0"/>
  <testcase name="TestALotOfAdding" classname="LocalCMCTests" time="0.001"/>
  <testcase name="TestALotOfAdding" classname="LocalCMCTests" time="0.001"/>
  <testcase name="TestALotOfAdding" classname="LocalCMCTests" time="0.0"/>
  <testcase name="TestALotOfAdding" classname="LocalCMCTests" time="0.001"/>
  <testcase name="TestALotOfAdding" classname="LocalCMCTests" time="0.001"/>
  <testcase name="TestALotOfAdding" classname="LocalCMCTests" time="0.001"/>
  <testcase name="TestALotOfAdding" classname="LocalCMCTests" time="0.0"/>
  <testcase name="TestALotOfAdding" classname="LocalCMCTests" time="0.001"/>
  <testcase name="TestALotOfAdding" classname="LocalCMCTests" time="0.0"/>
  <testcase name="TestALotOfAdding" classname="LocalCMCTests" time="0.001"/>
  <testcase name="TestALotOfAdding" classname="LocalCMCTests" time="0.0"/>
  <testcase name="TestALotOfAdding" classname="LocalCMCTests" time="0.0"/>
  <testcase name="TestALotOfAdding" classname="LocalCMCTests" time="0.0"/>
  <testcase name="TestALotOfAdding" classname="LocalCMCTests" time="0.0"/>
  <testcase name="TestALotOfAdding" classname="LocalCMCTests" time="0.0"/>
  <testcase name="TestALotOfAdding" classname="LocalCMCTests" time="0.0"/>
  <testcase name="TestALotOfAdding" classname="LocalCMCTests" time="0.001"/>
  <testcase name="TestALotOfAdding" classname="LocalCMCTests" time="0.001"/>
  <testcase name="TestALotOfAdding" classname="LocalCMCTests" time="0.001"/>
  <testcase name="TestALotOfAdding" classname="LocalCMCTests" time="0.001"/>
  <testcase name="TestALotOfAdding" classname="LocalCMCTests" time="0.001"/>
  <testcase name="TestALotOfAdding" classname="LocalCMCTests" time="0.0"/>
  <testcase name="TestALotOfAdding" classname="LocalCMCTests" time="0.001"/>
  <testcase name="TestALotOfAdding" classname="LocalCMCTests" time="0.0"/>
  <testcase name="TestALotOfAdding" classname="LocalCMCTests" time="0.001"/>
  <testcase name="TestALotOfAdding" classname="LocalCMCTests" time="0.001"/>
  <testcase name="TestALotOfAdding" classname="LocalCMCTests" time="0.001"/>
  <testcase name="TestALotOfAdding" classname="LocalCMCTests" time="0.0"/>
  <testcase name="TestALotOfAdding" classname="LocalCMCTests" time="0.001"/>
  <testcase name="TestALotOfAdding" classname="LocalCMCTests" time="0.0"/>
  <testcase name="TestALotOfAdding" classname="LocalCMCTests" time="0.0"/>
  <testcase name="TestALotOfAdding" classname="LocalCMCTests" time="0.0"/>
  <testcase name="TestALotOfAdding" classname="LocalCMCTests" time="0.001"/>
  <testcase name="TestALotOfAdding" classname="LocalCMCTests" time="0.001"/>
  <testcase name="TestALotOfAdding" classname="LocalCMCTests" time="0.001"/>
  <testcase name="TestALotOfAdding" classname="LocalCMCTests" time="0.001"/>
  <testcase name="TestALotOfAdding" classname="LocalCMCTests" time="0.001"/>
  <testcase name="TestALotOfAdding" classname="LocalCMCTests" time="0.0"/>
  <testcase name="TestALotOfAdding" classname="LocalCMCTests" time="0.001"/>
  <testcase name="TestALotOfAdding" classname="LocalCMCTests" time="0.0"/>
  <testcase name="TestALotOfAdding" classname="LocalCMCTests" time="0.001"/>
  <testcase name="TestALotOfAdding" classname="LocalCMCTests" time="0.0"/>
  <testcase name="TestALotOfAdding" classname="LocalCMCTests" time="0.001"/>
  <testcase name="TestALotOfAdding" classname="LocalCMCTests" time="0.001"/>
  <testcase name="TestALotOfAdding" classname="LocalCMCTests" time="0.0"/>
  <testcase name="TestALotOfAdding" classname="LocalCMCTests" time="0.001"/>
  <testcase name="TestALotOfAdding" classname="LocalCMCTests" time="0.001"/>
  <testcase name="TestALotOfAdding" classname="LocalCMCTests" time="0.001"/>
  <testcase name="TestALotOfAdding" classname="LocalCMCTests" time="0.001"/>
  <testcase name="TestALotOfAdding" classname="LocalCMCTests" time="0.001"/>
  <testcase name="TestALotOfAdding" classname="LocalCMCTests" time="0.002"/>
  <testcase name="TestALotOfAdding" classname="LocalCMCTests" time="0.001"/>
  <testcase name="TestALotOfAdding" classname="LocalCMCTests" time="0.0"/>
  <testcase name="TestALotOfAdding" classname="LocalCMCTests" time="0.0"/>
  <testcase name="TestALotOfAdding" classname="LocalCMCTests" time="0.0"/>
  <testcase name="TestALotOfAdding" classname="LocalCMCTests" time="0.0"/>
  <testcase name="TestALotOfAdding" classname="LocalCMCTests" time="0.0"/>
  <testcase name="TestALotOfAdding" classname="LocalCMCTests" time="0.0"/>
  <testcase name="TestALotOfAdding" classname="LocalCMCTests" time="0.001"/>
  <testcase name="TestALotOfAdding" classname="LocalCMCTests" time="0.0"/>
  <testcase name="TestALotOfAdding" classname="LocalCMCTests" time="0.002"/>
  <testcase name="TestALotOfAdding" classname="LocalCMCTests" time="0.001"/>
  <testcase name="TestALotOfAdding" classname="LocalCMCTests" time="0.001"/>
  <testcase name="TestALotOfAdding" classname="LocalCMCTests" time="0.001"/>
  <testcase name="TestALotOfAdding" classname="LocalCMCTests" time="0.001"/>
  <testcase name="TestALotOfAdding" classname="LocalCMCTests" time="0.001"/>
  <testcase name="TestALotOfAdding" classname="LocalCMCTests" time="0.0"/>
  <testcase name="TestALotOfAdding" classname="LocalCMCTests" time="0.0"/>
  <testcase name="TestALotOfAdding" classname="LocalCMCTests" time="0.0"/>
  <testcase name="TestALotOfAdding" classname="LocalCMCTests" time="0.0"/>
  <testcase name="TestALotOfAdding" classname="LocalCMCTests" time="0.0"/>
  <testcase name="TestALotOfAdding" classname="LocalCMCTests" time="0.0"/>
  <testcase name="TestALotOfAdding" classname="LocalCMCTests" time="0.0"/>
  <testcase name="TestALotOfAdding" classname="LocalCMCTests" time="0.001"/>
  <testcase name="TestALotOfAdding" classname="LocalCMCTests" time="0.002"/>
  <testcase name="TestALotOfAdding" classname="LocalCMCTests" time="0.0"/>
  <testcase name="TestALotOfAdding" classname="LocalCMCTests" time="0.001"/>
  <testcase name="TestALotOfAdding" classname="LocalCMCTests" time="0.001"/>
  <testcase name="TestALotOfAdding" classname="LocalCMCTests" time="0.0"/>
  <testcase name="TestALotOfAdding" classname="LocalCMCTests" time="0.001"/>
  <testcase name="TestALotOfAdding" classname="LocalCMCTests" time="0.001"/>
  <testcase name="TestALotOfAdding" classname="LocalCMCTests" time="0.001"/>
  <testcase name="TestALotOfAdding" classname="LocalCMCTests" time="0.001"/>
  <testcase name="TestALotOfAdding" classname="LocalCMCTests" time="0.001"/>
  <testcase name="TestALotOfAdding" classname="LocalCMCTests" time="0.001"/>
  <testcase name="TestALotOfAdding" classname="LocalCMCTests" time="0.002"/>
  <testcase name="TestALotOfAdding" classname="LocalCMCTests" time="0.0"/>
  <testcase name="TestALotOfAdding" classname="LocalCMCTests" time="0.001"/>
  <testcase name="TestALotOfAdding" classname="LocalCMCTests" time="0.0"/>
  <testcase name="TestALotOfAdding" classname="LocalCMCTests" time="0.0"/>
  <testcase name="TestALotOfAdding" classname="LocalCMCTests" time="0.0"/>
  <testcase name="TestALotOfAdding" classname="LocalCMCTests" time="0.0"/>
  <testcase name="TestALotOfAdding" classname="LocalCMCTests" time="0.001"/>
  <testcase name="TestALotOfAdding" classname="LocalCMCTests" time="0.0"/>
  <testcase name="TestALotOfAdding" classname="LocalCMCTests" time="0.002"/>
  <testcase name="TestALotOfAdding" classname="LocalCMCTests" time="0.001"/>
  <testcase name="TestALotOfAdding" classname="LocalCMCTests" time="0.002"/>
  <testcase name="TestALotOfAdding" classname="LocalCMCTests" time="0.0"/>
  <testcase name="TestALotOfAdding" classname="LocalCMCTests" time="0.0"/>
  <testcase name="TestALotOfAdding" classname="LocalCMCTests" time="0.001"/>
  <testcase name="TestALotOfAdding" classname="LocalCMCTests" time="0.001"/>
  <testcase name="TestALotOfAdding" classname="LocalCMCTests" time="0.0"/>
  <testcase name="TestALotOfAdding" classname="LocalCMCTests" time="0.001"/>
  <testcase name="TestALotOfAdding" classname="LocalCMCTests" time="0.0"/>
  <testcase name="TestALotOfAdding" classname="LocalCMCTests" time="0.001"/>
  <testcase name="TestALotOfAdding" classname="LocalCMCTests" time="0.001"/>
  <testcase name="TestALotOfAdding" classname="LocalCMCTests" time="0.002"/>
  <testcase name="TestALotOfAdding" classname="LocalCMCTests" time="0.001"/>
  <testcase name="TestALotOfAdding" classname="LocalCMCTests" time="0.001"/>
  <testcase name="TestALotOfAdding" classname="LocalCMCTests" time="0.001"/>
  <testcase name="TestALotOfAdding" classname="LocalCMCTests" time="0.001"/>
  <testcase name="TestALotOfAdding" classname="LocalCMCTests" time="0.001"/>
  <testcase name="TestALotOfAdding" classname="LocalCMCTests" time="0.001"/>
  <testcase name="TestALotOfAdding" classname="LocalCMCTests" time="0.001"/>
  <testcase name="TestALotOfAdding" classname="LocalCMCTests" time="0.001"/>
  <testcase name="TestALotOfAdding" classname="LocalCMCTests" time="0.0"/>
  <testcase name="TestALotOfAdding" classname="LocalCMCTests" time="0.0"/>
  <testcase name="TestALotOfAdding" classname="LocalCMCTests" time="0.0"/>
  <testcase name="TestALotOfAdding" classname="LocalCMCTests" time="0.001"/>
  <testcase name="TestALotOfAdding" classname="LocalCMCTests" time="0.001"/>
  <testcase name="TestALotOfAdding" classname="LocalCMCTests" time="0.001"/>
  <testcase name="TestALotOfAdding" classname="LocalCMCTests" time="0.001"/>
  <testcase name="TestALotOfAdding" classname="LocalCMCTests" time="0.0"/>
  <testcase name="TestALotOfAdding" classname="LocalCMCTests" time="0.001"/>
  <testcase name="TestALotOfAdding" classname="LocalCMCTests" time="0.001"/>
  <testcase name="TestALotOfAdding" classname="LocalCMCTests" time="0.001"/>
  <testcase name="TestALotOfAdding" classname="LocalCMCTests" time="0.001"/>
  <testcase name="TestALotOfAdding" classname="LocalCMCTests" time="0.001"/>
  <testcase name="TestALotOfAdding" classname="LocalCMCTests" time="0.0"/>
  <testcase name="TestALotOfAdding" classname="LocalCMCTests" time="0.0"/>
  <testcase name="TestALotOfAdding" classname="LocalCMCTests" time="0.001"/>
  <testcase name="TestALotOfAdding" classname="LocalCMCTests" time="0.001"/>
  <testcase name="TestALotOfAdding" classname="LocalCMCTests" time="0.0"/>
  <testcase name="TestALotOfAdding" classname="LocalCMCTests" time="0.001"/>
  <testcase name="TestALotOfAdding" classname="LocalCMCTests" time="0.001"/>
  <testcase name="TestALotOfAdding" classname="LocalCMCTests" time="0.0"/>
  <testcase name="TestALotOfAdding" classname="LocalCMCTests" time="0.001"/>
  <testcase name="TestALotOfAdding" classname="LocalCMCTests" time="0.001"/>
  <testcase name="TestALotOfAdding" classname="LocalCMCTests" time="0.001"/>
  <testcase name="TestALotOfAdding" classname="LocalCMCTests" time="0.001"/>
  <testcase name="TestALotOfAdding" classname="LocalCMCTests" time="0.001"/>
  <testcase name="TestALotOfAdding" classname="LocalCMCTests" time="0.0"/>
  <testcase name="TestALotOfAdding" classname="LocalCMCTests" time="0.001"/>
  <testcase name="TestALotOfAdding" classname="LocalCMCTests" time="0.0"/>
  <testcase name="TestALotOfAdding" classname="LocalCMCTests" time="0.0"/>
  <testcase name="TestALotOfAdding" classname="LocalCMCTests" time="0.0"/>
  <testcase name="TestALotOfAdding" classname="LocalCMCTests" time="0.001"/>
  <testcase name="TestALotOfAdding" classname="LocalCMCTests" time="0.001"/>
  <testcase name="TestALotOfAdding" classname="LocalCMCTests" time="0.001"/>
  <testcase name="TestALotOfAdding" classname="LocalCMCTests" time="0.001"/>
  <testcase name="TestALotOfAdding" classname="LocalCMCTests" time="0.002"/>
  <testcase name="TestALotOfAdding" classname="LocalCMCTests" time="0.001"/>
  <testcase name="TestALotOfAdding" classname="LocalCMCTests" time="0.0"/>
  <testcase name="TestALotOfAdding" classname="LocalCMCTests" time="0.001"/>
  <testcase name="TestALotOfAdding" classname="LocalCMCTests" time="0.0"/>
  <testcase name="TestALotOfAdding" classname="LocalCMCTests" time="0.001"/>
  <testcase name="TestALotOfAdding" classname="LocalCMCTests" time="0.003"/>
  <testcase name="TestALotOfAdding" classname="LocalCMCTests" time="0.002"/>
  <testcase name="TestALotOfAdding" classname="LocalCMCTests" time="0.0"/>
  <testcase name="TestALotOfAdding" classname="LocalCMCTests" time="0.0"/>
  <testcase name="TestALotOfAdding" classname="LocalCMCTests" time="0.002"/>
  <testcase name="TestALotOfAdding" classname="LocalCMCTests" time="0.001"/>
  <testcase name="TestALotOfAdding" classname="LocalCMCTests" time="0.001"/>
  <testcase name="TestALotOfAdding" classname="LocalCMCTests" time="0.001"/>
  <testcase name="TestALotOfAdding" classname="LocalCMCTests" time="0.001"/>
  <testcase name="TestALotOfAdding" classname="LocalCMCTests" time="0.0"/>
  <testcase name="TestALotOfAdding" classname="LocalCMCTests" time="0.001"/>
  <testcase name="TestALotOfAdding" classname="LocalCMCTests" time="0.0"/>
  <testcase name="TestALotOfAdding" classname="LocalCMCTests" time="0.0"/>
  <testcase name="TestALotOfAdding" classname="LocalCMCTests" time="0.0"/>
  <testcase name="TestALotOfAdding" classname="LocalCMCTests" time="0.001"/>
  <testcase name="TestALotOfAdding" classname="LocalCMCTests" time="0.001"/>
  <testcase name="TestALotOfAdding" classname="LocalCMCTests" time="0.001"/>
  <testcase name="TestALotOfAdding" classname="LocalCMCTests" time="0.002"/>
  <testcase name="TestALotOfAdding" classname="LocalCMCTests" time="0.0"/>
  <testcase name="TestALotOfAdding" classname="LocalCMCTests" time="0.001"/>
  <testcase name="TestALotOfAdding" classname="LocalCMCTests" time="0.0"/>
  <testcase name="TestALotOfAdding" classname="LocalCMCTests" time="0.0"/>
  <testcase name="TestALotOfAdding" classname="LocalCMCTests" time="0.001"/>
  <testcase name="TestALotOfAdding" classname="LocalCMCTests" time="0.0"/>
  <testcase name="TestALotOfAdding" classname="LocalCMCTests" time="0.001"/>
  <testcase name="TestALotOfAdding" classname="LocalCMCTests" time="0.0"/>
  <testcase name="TestALotOfAdding" classname="LocalCMCTests" time="0.002"/>
  <testcase name="TestALotOfAdding" classname="LocalCMCTests" time="0.0"/>
  <testcase name="TestALotOfAdding" classname="LocalCMCTests" time="0.001"/>
  <testcase name="TestALotOfAdding" classname="LocalCMCTests" time="0.001"/>
  <testcase name="TestALotOfAdding" classname="LocalCMCTests" time="0.002"/>
  <testcase name="TestALotOfAdding" classname="LocalCMCTests" time="0.0"/>
  <testcase name="TestALotOfAdding" classname="LocalCMCTests" time="0.001"/>
  <testcase name="TestALotOfAdding" classname="LocalCMCTests" time="0.001"/>
  <testcase name="TestALotOfAdding" classname="LocalCMCTests" time="0.0"/>
  <testcase name="TestALotOfAdding" classname="LocalCMCTests" time="0.002"/>
  <testcase name="TestALotOfAdding" classname="LocalCMCTests" time="0.0"/>
  <testcase name="TestALotOfAdding" classname="LocalCMCTests" time="0.0"/>
  <testcase name="TestALotOfAdding" classname="LocalCMCTests" time="0.0"/>
  <testcase name="TestALotOfAdding" classname="LocalCMCTests" time="0.001"/>
  <testcase name="TestALotOfAdding" classname="LocalCMCTests" time="0.0"/>
  <testcase name="TestALotOfAdding" classname="LocalCMCTests" time="0.002"/>
  <testcase name="TestALotOfAdding" classname="LocalCMCTests" time="0.0"/>
  <testcase name="TestALotOfAdding" classname="LocalCMCTests" time="0.001"/>
  <testcase name="TestALotOfAdding" classname="LocalCMCTests" time="0.001"/>
  <testcase name="TestALotOfAdding" classname="LocalCMCTests" time="0.001"/>
  <testcase name="TestALotOfAdding" classname="LocalCMCTests" time="0.002"/>
  <testcase name="TestALotOfAdding" classname="LocalCMCTests" time="0.0"/>
  <testcase name="TestALotOfAdding" classname="LocalCMCTests" time="0.002"/>
  <testcase name="TestALotOfAdding" classname="LocalCMCTests" time="0.0"/>
  <testcase name="TestALotOfAdding" classname="LocalCMCTests" time="0.001"/>
  <testcase name="TestALotOfAdding" classname="LocalCMCTests" time="0.001"/>
  <testcase name="TestALotOfAdding" classname="LocalCMCTests" time="0.0"/>
  <testcase name="TestALotOfAdding" classname="LocalCMCTests" time="0.001"/>
  <testcase name="TestALotOfAdding" classname="LocalCMCTests" time="0.001"/>
  <testcase name="TestALotOfAdding" classname="LocalCMCTests" time="0.002"/>
  <testcase name="TestALotOfAdding" classname="LocalCMCTests" time="0.001"/>
  <testcase name="TestALotOfAdding" classname="LocalCMCTests" time="0.0"/>
  <testcase name="TestALotOfAdding" classname="LocalCMCTests" time="0.001"/>
  <testcase name="TestALotOfAdding" classname="LocalCMCTests" time="0.001"/>
  <testcase name="TestALotOfAdding" classname="LocalCMCTests" time="0.002"/>
  <testcase name="TestALotOfAdding" classname="LocalCMCTests" time="0.001"/>
  <testcase name="TestALotOfAdding" classname="LocalCMCTests" time="0.0"/>
  <testcase name="TestALotOfAdding" classname="LocalCMCTests" time="0.0"/>
  <testcase name="TestALotOfAdding" classname="LocalCMCTests" time="0.0"/>
  <testcase name="TestALotOfAdding" classname="LocalCMCTests" time="0.0"/>
  <testcase name="TestALotOfAdding" classname="LocalCMCTests" time="0.0"/>
  <testcase name="TestALotOfAdding" classname="LocalCMCTests" time="0.001"/>
  <testcase name="TestALotOfAdding" classname="LocalCMCTests" time="0.001"/>
  <testcase name="TestALotOfAdding" classname="LocalCMCTests" time="0.0"/>
  <testcase name="TestALotOfAdding" classname="LocalCMCTests" time="0.0"/>
  <testcase name="TestALotOfAdding" classname="LocalCMCTests" time="0.001"/>
  <testcase name="TestALotOfAdding" classname="LocalCMCTests" time="0.0"/>
  <testcase name="TestALotOfAdding" classname="LocalCMCTests" time="0.0"/>
  <testcase name="TestALotOfAdding" classname="LocalCMCTests" time="0.001"/>
  <testcase name="TestALotOfAdding" classname="LocalCMCTests" time="0.001"/>
  <testcase name="TestALotOfAdding" classname="LocalCMCTests" time="0.001"/>
  <testcase name="TestALotOfAdding" classname="LocalCMCTests" time="0.0"/>
  <testcase name="TestALotOfAdding" classname="LocalCMCTests" time="0.001"/>
  <testcase name="TestALotOfAdding" classname="LocalCMCTests" time="0.0"/>
  <testcase name="TestALotOfAdding" classname="LocalCMCTests" time="0.0"/>
  <testcase name="TestALotOfAdding" classname="LocalCMCTests" time="0.0"/>
  <testcase name="TestALotOfAdding" classname="LocalCMCTests" time="0.001"/>
  <testcase name="TestALotOfAdding" classname="LocalCMCTests" time="0.001"/>
  <testcase name="TestALotOfAdding" classname="LocalCMCTests" time="0.0"/>
  <testcase name="TestALotOfAdding" classname="LocalCMCTests" time="0.001"/>
  <testcase name="TestALotOfAdding" classname="LocalCMCTests" time="0.001"/>
  <testcase name="TestALotOfAdding" classname="LocalCMCTests" time="0.0"/>
  <testcase name="TestALotOfAdding" classname="LocalCMCTests" time="0.0"/>
  <testcase name="TestALotOfAdding" classname="LocalCMCTests" time="0.001"/>
  <testcase name="TestALotOfAdding" classname="LocalCMCTests" time="0.001"/>
  <testcase name="TestALotOfAdding" classname="LocalCMCTests" time="0.0"/>
  <testcase name="TestALotOfAdding" classname="LocalCMCTests" time="0.001"/>
  <testcase name="TestALotOfAdding" classname="LocalCMCTests" time="0.002"/>
  <testcase name="TestALotOfAdding" classname="LocalCMCTests" time="0.0"/>
  <testcase name="TestALotOfAdding" classname="LocalCMCTests" time="0.001"/>
  <testcase name="TestALotOfAdding" classname="LocalCMCTests" time="0.002"/>
  <testcase name="TestALotOfAdding" classname="LocalCMCTests" time="0.001"/>
  <testcase name="TestALotOfAdding" classname="LocalCMCTests" time="0.001"/>
  <testcase name="TestALotOfAdding" classname="LocalCMCTests" time="0.0"/>
  <testcase name="TestALotOfAdding" classname="LocalCMCTests" time="0.001"/>
  <testcase name="TestALotOfAdding" classname="LocalCMCTests" time="0.001"/>
  <testcase name="TestALotOfAdding" classname="LocalCMCTests" time="0.001"/>
  <testcase name="TestALotOfAdding" classname="LocalCMCTests" time="0.0"/>
  <testcase name="TestALotOfAdding" classname="LocalCMCTests" time="0.002"/>
  <testcase name="TestALotOfAdding" classname="LocalCMCTests" time="0.001"/>
  <testcase name="TestALotOfAdding" classname="LocalCMCTests" time="0.0"/>
  <testcase name="TestALotOfAdding" classname="LocalCMCTests" time="0.0"/>
  <testcase name="TestALotOfAdding" classname="LocalCMCTests" time="0.0"/>
  <testcase name="TestALotOfAdding" classname="LocalCMCTests" time="0.0"/>
  <testcase name="TestALotOfAdding" classname="LocalCMCTests" time="0.001"/>
  <testcase name="TestALotOfAdding" classname="LocalCMCTests" time="0.001"/>
  <testcase name="TestALotOfAdding" classname="LocalCMCTests" time="0.001"/>
  <testcase name="TestALotOfAdding" classname="LocalCMCTests" time="0.0"/>
  <testcase name="TestALotOfAdding" classname="LocalCMCTests" time="0.0"/>
  <testcase name="TestALotOfAdding" classname="LocalCMCTests" time="0.0"/>
  <testcase name="TestALotOfAdding" classname="LocalCMCTests" time="0.001"/>
  <testcase name="TestALotOfAdding" classname="LocalCMCTests" time="0.001"/>
  <testcase name="TestALotOfAdding" classname="LocalCMCTests" time="0.001"/>
  <testcase name="TestALotOfAdding" classname="LocalCMCTests" time="0.002"/>
  <testcase name="TestALotOfAdding" classname="LocalCMCTests" time="0.0"/>
  <testcase name="TestALotOfAdding" classname="LocalCMCTests" time="0.001"/>
  <testcase name="TestALotOfAdding" classname="LocalCMCTests" time="0.001"/>
  <testcase name="TestALotOfAdding" classname="LocalCMCTests" time="0.0"/>
  <testcase name="TestALotOfAdding" classname="LocalCMCTests" time="0.0"/>
  <testcase name="TestALotOfAdding" classname="LocalCMCTests" time="0.002"/>
  <testcase name="TestALotOfAdding" classname="LocalCMCTests" time="0.001"/>
  <testcase name="TestALotOfAdding" classname="LocalCMCTests" time="0.001"/>
  <testcase name="TestALotOfAdding" classname="LocalCMCTests" time="0.001"/>
  <testcase name="TestALotOfAdding" classname="LocalCMCTests" time="0.0"/>
  <testcase name="TestALotOfAdding" classname="LocalCMCTests" time="0.001"/>
  <testcase name="TestALotOfAdding" classname="LocalCMCTests" time="0.0"/>
  <testcase name="TestALotOfAdding" classname="LocalCMCTests" time="0.0"/>
  <testcase name="TestALotOfAdding" classname="LocalCMCTests" time="0.001"/>
  <testcase name="TestALotOfAdding" classname="LocalCMCTests" time="0.001"/>
  <testcase name="TestALotOfAdding" classname="LocalCMCTests" time="0.001"/>
  <testcase name="TestALotOfAdding" classname="LocalCMCTests" time="0.0"/>
  <testcase name="TestALotOfAdding" classname="LocalCMCTests" time="0.001"/>
  <testcase name="TestALotOfAdding" classname="LocalCMCTests" time="0.0"/>
  <testcase name="TestALotOfAdding" classname="LocalCMCTests" time="0.0"/>
  <testcase name="TestALotOfAdding" classname="LocalCMCTests" time="0.0"/>
  <testcase name="TestALotOfAdding" classname="LocalCMCTests" time="0.0"/>
  <testcase name="TestALotOfAdding" classname="LocalCMCTests" time="0.001"/>
  <testcase name="TestALotOfAdding" classname="LocalCMCTests" time="0.001"/>
  <testcase name="TestALotOfAdding" classname="LocalCMCTests" time="0.002"/>
  <testcase name="TestALotOfAdding" classname="LocalCMCTests" time="0.001"/>
  <testcase name="TestALotOfAdding" classname="LocalCMCTests" time="0.0"/>
  <testcase name="TestALotOfAdding" classname="LocalCMCTests" time="0.001"/>
  <testcase name="TestALotOfAdding" classname="LocalCMCTests" time="0.001"/>
  <testcase name="TestALotOfAdding" classname="LocalCMCTests" time="0.001"/>
  <testcase name="TestALotOfAdding" classname="LocalCMCTests" time="0.0"/>
  <testcase name="TestALotOfAdding" classname="LocalCMCTests" time="0.001"/>
  <testcase name="TestALotOfAdding" classname="LocalCMCTests" time="0.0"/>
  <testcase name="TestALotOfAdding" classname="LocalCMCTests" time="0.0"/>
  <testcase name="TestALotOfAdding" classname="LocalCMCTests" time="0.0"/>
  <testcase name="TestALotOfAdding" classname="LocalCMCTests" time="0.001"/>
  <testcase name="TestALotOfAdding" classname="LocalCMCTests" time="0.0"/>
  <testcase name="TestALotOfAdding" classname="LocalCMCTests" time="0.001"/>
  <testcase name="TestALotOfAdding" classname="LocalCMCTests" time="0.001"/>
  <testcase name="TestALotOfAdding" classname="LocalCMCTests" time="0.001"/>
  <testcase name="TestALotOfAdding" classname="LocalCMCTests" time="0.001"/>
  <testcase name="TestALotOfAdding" classname="LocalCMCTests" time="0.0"/>
  <testcase name="TestALotOfAdding" classname="LocalCMCTests" time="0.0"/>
  <testcase name="TestALotOfAdding" classname="LocalCMCTests" time="0.0"/>
  <testcase name="TestALotOfAdding" classname="LocalCMCTests" time="0.001"/>
  <testcase name="TestALotOfAdding" classname="LocalCMCTests" time="0.001"/>
  <testcase name="TestALotOfAdding" classname="LocalCMCTests" time="0.001"/>
  <testcase name="TestALotOfAdding" classname="LocalCMCTests" time="0.0"/>
  <testcase name="TestALotOfAdding" classname="LocalCMCTests" time="0.0"/>
  <testcase name="TestALotOfAdding" classname="LocalCMCTests" time="0.001"/>
  <testcase name="TestALotOfAdding" classname="LocalCMCTests" time="0.0"/>
  <testcase name="TestALotOfAdding" classname="LocalCMCTests" time="0.001"/>
  <testcase name="TestALotOfAdding" classname="LocalCMCTests" time="0.001"/>
  <testcase name="TestALotOfAdding" classname="LocalCMCTests" time="0.0"/>
  <testcase name="TestALotOfAdding" classname="LocalCMCTests" time="0.001"/>
  <testcase name="TestALotOfAdding" classname="LocalCMCTests" time="0.001"/>
  <testcase name="TestALotOfAdding" classname="LocalCMCTests" time="0.001"/>
  <testcase name="TestALotOfAdding" classname="LocalCMCTests" time="0.0"/>
  <testcase name="TestALotOfAdding" classname="LocalCMCTests" time="0.001"/>
  <testcase name="TestALotOfAdding" classname="LocalCMCTests" time="0.0"/>
  <testcase name="TestALotOfAdding" classname="LocalCMCTests" time="0.001"/>
  <testcase name="TestALotOfAdding" classname="LocalCMCTests" time="0.001"/>
  <testcase name="TestALotOfAdding" classname="LocalCMCTests" time="0.001"/>
  <testcase name="TestALotOfAdding" classname="LocalCMCTests" time="0.002"/>
  <testcase name="TestALotOfAdding" classname="LocalCMCTests" time="0.0"/>
  <testcase name="TestALotOfAdding" classname="LocalCMCTests" time="0.0"/>
  <testcase name="TestALotOfAdding" classname="LocalCMCTests" time="0.0"/>
  <testcase name="TestALotOfAdding" classname="LocalCMCTests" time="0.0"/>
  <testcase name="TestALotOfAdding" classname="LocalCMCTests" time="0.0"/>
  <testcase name="TestALotOfAdding" classname="LocalCMCTests" time="0.001"/>
  <testcase name="TestALotOfAdding" classname="LocalCMCTests" time="0.0"/>
  <testcase name="TestALotOfAdding" classname="LocalCMCTests" time="0.001"/>
  <testcase name="TestALotOfAdding" classname="LocalCMCTests" time="0.001"/>
  <testcase name="TestALotOfAdding" classname="LocalCMCTests" time="0.0"/>
  <testcase name="TestALotOfAdding" classname="LocalCMCTests" time="0.001"/>
  <testcase name="TestALotOfAdding" classname="LocalCMCTests" time="0.001"/>
  <testcase name="TestALotOfAdding" classname="LocalCMCTests" time="0.001"/>
  <testcase name="TestALotOfAdding" classname="LocalCMCTests" time="0.001"/>
  <testcase name="TestALotOfAdding" classname="LocalCMCTests" time="0.0"/>
  <testcase name="TestALotOfAdding" classname="LocalCMCTests" time="0.001"/>
  <testcase name="TestALotOfAdding" classname="LocalCMCTests" time="0.001"/>
  <testcase name="TestALotOfAdding" classname="LocalCMCTests" time="0.0"/>
  <testcase name="TestALotOfAdding" classname="LocalCMCTests" time="0.0"/>
  <testcase name="TestALotOfAdding" classname="LocalCMCTests" time="0.0"/>
  <testcase name="TestALotOfAdding" classname="LocalCMCTests" time="0.001"/>
  <testcase name="TestALotOfAdding" classname="LocalCMCTests" time="0.0"/>
  <testcase name="TestALotOfAdding" classname="LocalCMCTests" time="0.001"/>
  <testcase name="TestALotOfAdding" classname="LocalCMCTests" time="0.001"/>
  <testcase name="TestALotOfAdding" classname="LocalCMCTests" time="0.0"/>
  <testcase name="TestALotOfAdding" classname="LocalCMCTests" time="0.001"/>
  <testcase name="TestALotOfAdding" classname="LocalCMCTests" time="0.0"/>
  <testcase name="TestALotOfAdding" classname="LocalCMCTests" time="0.001"/>
  <testcase name="TestALotOfAdding" classname="LocalCMCTests" time="0.0"/>
  <testcase name="TestALotOfAdding" classname="LocalCMCTests" time="0.001"/>
  <testcase name="TestALotOfAdding" classname="LocalCMCTests" time="0.0"/>
  <testcase name="TestALotOfAdding" classname="LocalCMCTests" time="0.0"/>
  <testcase name="TestALotOfAdding" classname="LocalCMCTests" time="0.0"/>
  <testcase name="TestALotOfAdding" classname="LocalCMCTests" time="0.002"/>
  <testcase name="TestALotOfAdding" classname="LocalCMCTests" time="0.002"/>
  <testcase name="TestALotOfAdding" classname="LocalCMCTests" time="0.0"/>
  <testcase name="TestALotOfAdding" classname="LocalCMCTests" time="0.001"/>
  <testcase name="TestALotOfAdding" classname="LocalCMCTests" time="0.001"/>
  <testcase name="TestALotOfAdding" classname="LocalCMCTests" time="0.001"/>
  <testcase name="TestALotOfAdding" classname="LocalCMCTests" time="0.001"/>
  <testcase name="TestALotOfAdding" classname="LocalCMCTests" time="0.0"/>
  <testcase name="TestALotOfAdding" classname="LocalCMCTests" time="0.002"/>
  <testcase name="TestALotOfAdding" classname="LocalCMCTests" time="0.002"/>
  <testcase name="TestALotOfAdding" classname="LocalCMCTests" time="0.0"/>
  <testcase name="TestALotOfAdding" classname="LocalCMCTests" time="0.0"/>
  <testcase name="TestALotOfAdding" classname="LocalCMCTests" time="0.001"/>
  <testcase name="TestALotOfAdding" classname="LocalCMCTests" time="0.001"/>
  <testcase name="TestALotOfAdding" classname="LocalCMCTests" time="0.0"/>
  <testcase name="TestALotOfAdding" classname="LocalCMCTests" time="0.001"/>
  <testcase name="TestALotOfAdding" classname="LocalCMCTests" time="0.002"/>
  <testcase name="TestALotOfAdding" classname="LocalCMCTests" time="0.001"/>
  <testcase name="TestALotOfAdding" classname="LocalCMCTests" time="0.001"/>
  <testcase name="TestALotOfAdding" classname="LocalCMCTests" time="0.002"/>
  <testcase name="TestALotOfAdding" classname="LocalCMCTests" time="0.001"/>
  <testcase name="TestALotOfAdding" classname="LocalCMCTests" time="0.001"/>
  <testcase name="TestALotOfAdding" classname="LocalCMCTests" time="0.0"/>
  <testcase name="TestALotOfAdding" classname="LocalCMCTests" time="0.0"/>
  <testcase name="TestALotOfAdding" classname="LocalCMCTests" time="0.0"/>
  <testcase name="TestALotOfAdding" classname="LocalCMCTests" time="0.0"/>
  <testcase name="TestALotOfAdding" classname="LocalCMCTests" time="0.0"/>
  <testcase name="TestALotOfAdding" classname="LocalCMCTests" time="0.0"/>
  <testcase name="TestALotOfAdding" classname="LocalCMCTests" time="0.002"/>
  <testcase name="TestALotOfAdding" classname="LocalCMCTests" time="0.001"/>
  <testcase name="TestALotOfAdding" classname="LocalCMCTests" time="0.001"/>
  <testcase name="TestALotOfAdding" classname="LocalCMCTests" time="0.001"/>
  <testcase name="TestALotOfAdding" classname="LocalCMCTests" time="0.001"/>
  <testcase name="TestALotOfAdding" classname="LocalCMCTests" time="0.0"/>
  <testcase name="TestALotOfAdding" classname="LocalCMCTests" time="0.001"/>
  <testcase name="TestALotOfAdding" classname="LocalCMCTests" time="0.0"/>
  <testcase name="TestALotOfAdding" classname="LocalCMCTests" time="0.001"/>
  <testcase name="TestALotOfAdding" classname="LocalCMCTests" time="0.001"/>
  <testcase name="TestALotOfAdding" classname="LocalCMCTests" time="0.001"/>
  <testcase name="TestALotOfAdding" classname="LocalCMCTests" time="0.0"/>
  <testcase name="TestALotOfAdding" classname="LocalCMCTests" time="0.0"/>
  <testcase name="TestALotOfAdding" classname="LocalCMCTests" time="0.0"/>
  <testcase name="TestALotOfAdding" classname="LocalCMCTests" time="0.0"/>
  <testcase name="TestALotOfAdding" classname="LocalCMCTests" time="0.001"/>
  <testcase name="TestALotOfAdding" classname="LocalCMCTests" time="0.0"/>
  <testcase name="TestALotOfAdding" classname="LocalCMCTests" time="0.001"/>
  <testcase name="TestALotOfAdding" classname="LocalCMCTests" time="0.001"/>
  <testcase name="TestALotOfAdding" classname="LocalCMCTests" time="0.0"/>
  <testcase name="TestALotOfAdding" classname="LocalCMCTests" time="0.001"/>
  <testcase name="TestALotOfAdding" classname="LocalCMCTests" time="0.001"/>
  <testcase name="TestALotOfAdding" classname="LocalCMCTests" time="0.001"/>
  <testcase name="TestALotOfAdding" classname="LocalCMCTests" time="0.001"/>
  <testcase name="TestALotOfAdding" classname="LocalCMCTests" time="0.001"/>
  <testcase name="TestALotOfAdding" classname="LocalCMCTests" time="0.0"/>
  <testcase name="TestALotOfAdding" classname="LocalCMCTests" time="0.0"/>
  <testcase name="TestALotOfAdding" classname="LocalCMCTests" time="0.001"/>
  <testcase name="TestALotOfAdding" classname="LocalCMCTests" time="0.0"/>
  <testcase name="TestALotOfAdding" classname="LocalCMCTests" time="0.001"/>
  <testcase name="TestALotOfAdding" classname="LocalCMCTests" time="0.0"/>
  <testcase name="TestALotOfAdding" classname="LocalCMCTests" time="0.001"/>
  <testcase name="TestALotOfAdding" classname="LocalCMCTests" time="0.001"/>
  <testcase name="TestALotOfAdding" classname="LocalCMCTests" time="0.001"/>
  <testcase name="TestALotOfAdding" classname="LocalCMCTests" time="0.0"/>
  <testcase name="TestALotOfAdding" classname="LocalCMCTests" time="0.001"/>
  <testcase name="TestALotOfAdding" classname="LocalCMCTests" time="0.0"/>
  <testcase name="TestALotOfAdding" classname="LocalCMCTests" time="0.0"/>
  <testcase name="TestALotOfAdding" classname="LocalCMCTests" time="0.001"/>
  <testcase name="TestALotOfAdding" classname="LocalCMCTests" time="0.001"/>
  <testcase name="TestALotOfAdding" classname="LocalCMCTests" time="0.0"/>
  <testcase name="TestALotOfAdding" classname="LocalCMCTests" time="0.001"/>
  <testcase name="TestALotOfAdding" classname="LocalCMCTests" time="0.0"/>
  <testcase name="TestALotOfAdding" classname="LocalCMCTests" time="0.002"/>
  <testcase name="TestALotOfAdding" classname="LocalCMCTests" time="0.001"/>
  <testcase name="TestALotOfAdding" classname="LocalCMCTests" time="0.002"/>
  <testcase name="TestALotOfAdding" classname="LocalCMCTests" time="0.001"/>
  <testcase name="TestALotOfAdding" classname="LocalCMCTests" time="0.0"/>
  <testcase name="TestALotOfAdding" classname="LocalCMCTests" time="0.001"/>
  <testcase name="TestALotOfAdding" classname="LocalCMCTests" time="0.001"/>
  <testcase name="TestALotOfAdding" classname="LocalCMCTests" time="0.002"/>
  <testcase name="TestALotOfAdding" classname="LocalCMCTests" time="0.0"/>
  <testcase name="TestALotOfAdding" classname="LocalCMCTests" time="0.0"/>
  <testcase name="TestALotOfAdding" classname="LocalCMCTests" time="0.0"/>
  <testcase name="TestALotOfAdding" classname="LocalCMCTests" time="0.001"/>
  <testcase name="TestALotOfAdding" classname="LocalCMCTests" time="0.0"/>
  <testcase name="TestALotOfAdding" classname="LocalCMCTests" time="0.0"/>
  <testcase name="TestALotOfAdding" classname="LocalCMCTests" time="0.0"/>
  <testcase name="TestALotOfAdding" classname="LocalCMCTests" time="0.001"/>
  <testcase name="TestALotOfAdding" classname="LocalCMCTests" time="0.0"/>
  <testcase name="TestALotOfAdding" classname="LocalCMCTests" time="0.0"/>
  <testcase name="TestALotOfAdding" classname="LocalCMCTests" time="0.001"/>
  <testcase name="TestALotOfAdding" classname="LocalCMCTests" time="0.001"/>
  <testcase name="TestALotOfAdding" classname="LocalCMCTests" time="0.001"/>
  <testcase name="TestALotOfAdding" classname="LocalCMCTests" time="0.001"/>
  <testcase name="TestALotOfAdding" classname="LocalCMCTests" time="0.0"/>
  <testcase name="TestALotOfAdding" classname="LocalCMCTests" time="0.001"/>
  <testcase name="TestALotOfAdding" classname="LocalCMCTests" time="0.002"/>
  <testcase name="TestALotOfAdding" classname="LocalCMCTests" time="0.0"/>
  <testcase name="TestALotOfAdding" classname="LocalCMCTests" time="0.0"/>
  <testcase name="TestALotOfAdding" classname="LocalCMCTests" time="0.0"/>
  <testcase name="TestALotOfAdding" classname="LocalCMCTests" time="0.001"/>
  <testcase name="TestALotOfAdding" classname="LocalCMCTests" time="0.0"/>
  <testcase name="TestALotOfAdding" classname="LocalCMCTests" time="0.001"/>
  <testcase name="TestALotOfAdding" classname="LocalCMCTests" time="0.001"/>
  <testcase name="TestALotOfAdding" classname="LocalCMCTests" time="0.0"/>
  <testcase name="TestALotOfAdding" classname="LocalCMCTests" time="0.0"/>
  <testcase name="TestALotOfAdding" classname="LocalCMCTests" time="0.0"/>
  <testcase name="TestALotOfAdding" classname="LocalCMCTests" time="0.0"/>
  <testcase name="TestALotOfAdding" classname="LocalCMCTests" time="0.001"/>
  <testcase name="TestALotOfAdding" classname="LocalCMCTests" time="0.001"/>
  <testcase name="TestALotOfAdding" classname="LocalCMCTests" time="0.001"/>
  <testcase name="TestALotOfAdding" classname="LocalCMCTests" time="0.001"/>
  <testcase name="TestALotOfAdding" classname="LocalCMCTests" time="0.0"/>
  <testcase name="TestALotOfAdding" classname="LocalCMCTests" time="0.0"/>
  <testcase name="TestALotOfAdding" classname="LocalCMCTests" time="0.0"/>
  <testcase name="TestALotOfAdding" classname="LocalCMCTests" time="0.001"/>
  <testcase name="TestALotOfAdding" classname="LocalCMCTests" time="0.001"/>
  <testcase name="TestALotOfAdding" classname="LocalCMCTests" time="0.001"/>
  <testcase name="TestALotOfAdding" classname="LocalCMCTests" time="0.001"/>
  <testcase name="TestALotOfAdding" classname="LocalCMCTests" time="0.0"/>
  <testcase name="TestALotOfAdding" classname="LocalCMCTests" time="0.0"/>
  <testcase name="TestALotOfAdding" classname="LocalCMCTests" time="0.002"/>
  <testcase name="TestALotOfAdding" classname="LocalCMCTests" time="0.0"/>
  <testcase name="TestALotOfAdding" classname="LocalCMCTests" time="0.001"/>
  <testcase name="TestALotOfAdding" classname="LocalCMCTests" time="0.001"/>
  <testcase name="TestALotOfAdding" classname="LocalCMCTests" time="0.001"/>
  <testcase name="TestALotOfAdding" classname="LocalCMCTests" time="0.001"/>
  <testcase name="TestALotOfAdding" classname="LocalCMCTests" time="0.0"/>
  <testcase name="TestALotOfAdding" classname="LocalCMCTests" time="0.001"/>
  <testcase name="TestALotOfAdding" classname="LocalCMCTests" time="0.0"/>
  <testcase name="TestALotOfAdding" classname="LocalCMCTests" time="0.001"/>
  <testcase name="TestALotOfAdding" classname="LocalCMCTests" time="0.0"/>
  <testcase name="TestALotOfAdding" classname="LocalCMCTests" time="0.0"/>
  <testcase name="TestALotOfAdding" classname="LocalCMCTests" time="0.0"/>
  <testcase name="TestALotOfAdding" classname="LocalCMCTests" time="0.0"/>
  <testcase name="TestALotOfAdding" classname="LocalCMCTests" time="0.001"/>
  <testcase name="TestALotOfAdding" classname="LocalCMCTests" time="0.001"/>
  <testcase name="TestALotOfAdding" classname="LocalCMCTests" time="0.0"/>
  <testcase name="TestALotOfAdding" classname="LocalCMCTests" time="0.0"/>
  <testcase name="TestALotOfAdding" classname="LocalCMCTests" time="0.001"/>
  <testcase name="TestALotOfAdding" classname="LocalCMCTests" time="0.0"/>
  <testcase name="TestALotOfAdding" classname="LocalCMCTests" time="0.0"/>
  <testcase name="TestALotOfAdding" classname="LocalCMCTests" time="0.001"/>
  <testcase name="TestALotOfAdding" classname="LocalCMCTests" time="0.001"/>
  <testcase name="TestALotOfAdding" classname="LocalCMCTests" time="0.001"/>
  <testcase name="TestALotOfAdding" classname="LocalCMCTests" time="0.0"/>
  <testcase name="TestALotOfAdding" classname="LocalCMCTests" time="0.001"/>
  <testcase name="TestALotOfAdding" classname="LocalCMCTests" time="0.0"/>
  <testcase name="TestALotOfAdding" classname="LocalCMCTests" time="0.001"/>
  <testcase name="TestALotOfAdding" classname="LocalCMCTests" time="0.001"/>
  <testcase name="TestALotOfAdding" classname="LocalCMCTests" time="0.001"/>
  <testcase name="TestALotOfAdding" classname="LocalCMCTests" time="0.0"/>
  <testcase name="TestALotOfAdding" classname="LocalCMCTests" time="0.001"/>
  <testcase name="TestALotOfAdding" classname="LocalCMCTests" time="0.0"/>
  <testcase name="TestALotOfAdding" classname="LocalCMCTests" time="0.001"/>
  <testcase name="TestALotOfAdding" classname="LocalCMCTests" time="0.001"/>
  <testcase name="TestALotOfAdding" classname="LocalCMCTests" time="0.002"/>
  <testcase name="TestALotOfAdding" classname="LocalCMCTests" time="0.001"/>
  <testcase name="TestALotOfAdding" classname="LocalCMCTests" time="0.0"/>
  <testcase name="TestALotOfAdding" classname="LocalCMCTests" time="0.0"/>
  <testcase name="TestALotOfAdding" classname="LocalCMCTests" time="0.0"/>
  <testcase name="TestALotOfAdding" classname="LocalCMCTests" time="0.001"/>
  <testcase name="TestALotOfAdding" classname="LocalCMCTests" time="0.001"/>
  <testcase name="TestALotOfAdding" classname="LocalCMCTests" time="0.002"/>
  <testcase name="TestALotOfAdding" classname="LocalCMCTests" time="0.0"/>
  <testcase name="TestALotOfAdding" classname="LocalCMCTests" time="0.003"/>
  <testcase name="TestALotOfAdding" classname="LocalCMCTests" time="0.0"/>
  <testcase name="TestALotOfAdding" classname="LocalCMCTests" time="0.002"/>
  <testcase name="TestALotOfAdding" classname="LocalCMCTests" time="0.003"/>
  <testcase name="TestALotOfAdding" classname="LocalCMCTests" time="0.0"/>
  <testcase name="TestALotOfAdding" classname="LocalCMCTests" time="0.0"/>
  <testcase name="TestALotOfAdding" classname="LocalCMCTests" time="0.002"/>
  <testcase name="TestALotOfAdding" classname="LocalCMCTests" time="0.0"/>
  <testcase name="TestALotOfAdding" classname="LocalCMCTests" time="0.002"/>
  <testcase name="TestALotOfAdding" classname="LocalCMCTests" time="0.0"/>
  <testcase name="TestALotOfAdding" classname="LocalCMCTests" time="0.0"/>
  <testcase name="TestALotOfAdding" classname="LocalCMCTests" time="0.002"/>
  <testcase name="TestALotOfAdding" classname="LocalCMCTests" time="0.001"/>
  <testcase name="TestALotOfAdding" classname="LocalCMCTests" time="0.001"/>
  <testcase name="TestALotOfAdding" classname="LocalCMCTests" time="0.001"/>
  <testcase name="TestALotOfAdding" classname="LocalCMCTests" time="0.001"/>
  <testcase name="TestALotOfAdding" classname="LocalCMCTests" time="0.003"/>
  <testcase name="TestALotOfAdding" classname="LocalCMCTests" time="0.001"/>
  <testcase name="TestALotOfAdding" classname="LocalCMCTests" time="0.0"/>
  <testcase name="TestALotOfAdding" classname="LocalCMCTests" time="0.0"/>
  <testcase name="TestALotOfAdding" classname="LocalCMCTests" time="0.0"/>
  <testcase name="TestALotOfAdding" classname="LocalCMCTests" time="0.0"/>
  <testcase name="TestALotOfAdding" classname="LocalCMCTests" time="0.001"/>
  <testcase name="TestALotOfAdding" classname="LocalCMCTests" time="0.0"/>
  <testcase name="TestALotOfAdding" classname="LocalCMCTests" time="0.0"/>
  <testcase name="TestALotOfAdding" classname="LocalCMCTests" time="0.001"/>
  <testcase name="TestALotOfAdding" classname="LocalCMCTests" time="0.001"/>
  <testcase name="TestALotOfAdding" classname="LocalCMCTests" time="0.001"/>
  <testcase name="TestALotOfAdding" classname="LocalCMCTests" time="0.001"/>
  <testcase name="TestALotOfAdding" classname="LocalCMCTests" time="0.001"/>
  <testcase name="TestALotOfAdding" classname="LocalCMCTests" time="0.001"/>
  <testcase name="TestALotOfAdding" classname="LocalCMCTests" time="0.001"/>
  <testcase name="TestALotOfAdding" classname="LocalCMCTests" time="0.001"/>
  <testcase name="TestALotOfAdding" classname="LocalCMCTests" time="0.001"/>
  <testcase name="TestALotOfAdding" classname="LocalCMCTests" time="0.001"/>
  <testcase name="TestALotOfAdding" classname="LocalCMCTests" time="0.0"/>
  <testcase name="TestALotOfAdding" classname="LocalCMCTests" time="0.0"/>
  <testcase name="TestALotOfAdding" classname="LocalCMCTests" time="0.0"/>
  <testcase name="TestALotOfAdding" classname="LocalCMCTests" time="0.001"/>
  <testcase name="TestALotOfAdding" classname="LocalCMCTests" time="0.0"/>
  <testcase name="TestALotOfAdding" classname="LocalCMCTests" time="0.0"/>
  <testcase name="TestALotOfAdding" classname="LocalCMCTests" time="0.0"/>
  <testcase name="TestALotOfAdding" classname="LocalCMCTests" time="0.001"/>
  <testcase name="TestALotOfAdding" classname="LocalCMCTests" time="0.0"/>
  <testcase name="TestALotOfAdding" classname="LocalCMCTests" time="0.002"/>
  <testcase name="TestALotOfAdding" classname="LocalCMCTests" time="0.0"/>
  <testcase name="TestALotOfAdding" classname="LocalCMCTests" time="0.0"/>
  <testcase name="TestALotOfAdding" classname="LocalCMCTests" time="0.001"/>
  <testcase name="TestALotOfAdding" classname="LocalCMCTests" time="0.001"/>
  <testcase name="TestALotOfAdding" classname="LocalCMCTests" time="0.001"/>
  <testcase name="TestALotOfAdding" classname="LocalCMCTests" time="0.001"/>
  <testcase name="TestALotOfAdding" classname="LocalCMCTests" time="0.0"/>
  <testcase name="TestALotOfAdding" classname="LocalCMCTests" time="0.001"/>
  <testcase name="TestALotOfAdding" classname="LocalCMCTests" time="0.001"/>
  <testcase name="TestALotOfAdding" classname="LocalCMCTests" time="0.0"/>
  <testcase name="TestALotOfAdding" classname="LocalCMCTests" time="0.001"/>
  <testcase name="TestALotOfAdding" classname="LocalCMCTests" time="0.0"/>
  <testcase name="TestALotOfAdding" classname="LocalCMCTests" time="0.0"/>
  <testcase name="TestALotOfAdding" classname="LocalCMCTests" time="0.0"/>
  <testcase name="TestALotOfAdding" classname="LocalCMCTests" time="0.002"/>
  <testcase name="TestALotOfAdding" classname="LocalCMCTests" time="0.0"/>
  <testcase name="TestALotOfAdding" classname="LocalCMCTests" time="0.001"/>
  <testcase name="TestALotOfAdding" classname="LocalCMCTests" time="0.0"/>
  <testcase name="TestALotOfAdding" classname="LocalCMCTests" time="0.0"/>
  <testcase name="TestALotOfAdding" classname="LocalCMCTests" time="0.001"/>
  <testcase name="TestALotOfAdding" classname="LocalCMCTests" time="0.001"/>
  <testcase name="TestALotOfAdding" classname="LocalCMCTests" time="0.0"/>
  <testcase name="TestALotOfAdding" classname="LocalCMCTests" time="0.0"/>
  <testcase name="TestALotOfAdding" classname="LocalCMCTests" time="0.0"/>
  <testcase name="TestALotOfAdding" classname="LocalCMCTests" time="0.001"/>
  <testcase name="TestALotOfAdding" classname="LocalCMCTests" time="0.001"/>
  <testcase name="TestALotOfAdding" classname="LocalCMCTests" time="0.001"/>
  <testcase name="TestALotOfAdding" classname="LocalCMCTests" time="0.001"/>
  <testcase name="TestALotOfAdding" classname="LocalCMCTests" time="0.001"/>
  <testcase name="TestALotOfAdding" classname="LocalCMCTests" time="0.001"/>
  <testcase name="TestALotOfAdding" classname="LocalCMCTests" time="0.001"/>
  <testcase name="TestALotOfAdding" classname="LocalCMCTests" time="0.001"/>
  <testcase name="TestALotOfAdding" classname="LocalCMCTests" time="0.0"/>
  <testcase name="TestALotOfAdding" classname="LocalCMCTests" time="0.001"/>
  <testcase name="TestALotOfAdding" classname="LocalCMCTests" time="0.001"/>
  <testcase name="TestALotOfAdding" classname="LocalCMCTests" time="0.001"/>
  <testcase name="TestALotOfAdding" classname="LocalCMCTests" time="0.001"/>
  <testcase name="TestALotOfAdding" classname="LocalCMCTests" time="0.0"/>
  <testcase name="TestALotOfAdding" classname="LocalCMCTests" time="0.0"/>
  <testcase name="TestALotOfAdding" classname="LocalCMCTests" time="0.0"/>
  <testcase name="TestALotOfAdding" classname="LocalCMCTests" time="0.0"/>
  <testcase name="TestALotOfAdding" classname="LocalCMCTests" time="0.0"/>
  <testcase name="TestALotOfAdding" classname="LocalCMCTests" time="0.002"/>
  <testcase name="TestALotOfAdding" classname="LocalCMCTests" time="0.002"/>
  <testcase name="TestALotOfAdding" classname="LocalCMCTests" time="0.0"/>
  <testcase name="TestALotOfAdding" classname="LocalCMCTests" time="0.0"/>
  <testcase name="TestALotOfAdding" classname="LocalCMCTests" time="0.001"/>
  <testcase name="TestALotOfAdding" classname="LocalCMCTests" time="0.0"/>
  <testcase name="TestALotOfAdding" classname="LocalCMCTests" time="0.001"/>
  <testcase name="TestALotOfAdding" classname="LocalCMCTests" time="0.0"/>
  <testcase name="TestALotOfAdding" classname="LocalCMCTests" time="0.0"/>
  <testcase name="TestALotOfAdding" classname="LocalCMCTests" time="0.0"/>
  <testcase name="TestALotOfAdding" classname="LocalCMCTests" time="0.001"/>
  <testcase name="TestALotOfAdding" classname="LocalCMCTests" time="0.0"/>
  <testcase name="TestALotOfAdding" classname="LocalCMCTests" time="0.001"/>
  <testcase name="TestALotOfAdding" classname="LocalCMCTests" time="0.001"/>
  <testcase name="TestALotOfAdding" classname="LocalCMCTests" time="0.0"/>
  <testcase name="TestALotOfAdding" classname="LocalCMCTests" time="0.002"/>
  <testcase name="TestALotOfAdding" classname="LocalCMCTests" time="0.002"/>
  <testcase name="TestALotOfAdding" classname="LocalCMCTests" time="0.001"/>
  <testcase name="TestALotOfAdding" classname="LocalCMCTests" time="0.001"/>
  <testcase name="TestALotOfAdding" classname="LocalCMCTests" time="0.001"/>
  <testcase name="TestALotOfAdding" classname="LocalCMCTests" time="0.001"/>
  <testcase name="TestALotOfAdding" classname="LocalCMCTests" time="0.0"/>
  <testcase name="TestALotOfAdding" classname="LocalCMCTests" time="0.0"/>
  <testcase name="TestALotOfAdding" classname="LocalCMCTests" time="0.0"/>
  <testcase name="TestALotOfAdding" classname="LocalCMCTests" time="0.001"/>
  <testcase name="TestALotOfAdding" classname="LocalCMCTests" time="0.0"/>
  <testcase name="TestALotOfAdding" classname="LocalCMCTests" time="0.0"/>
  <testcase name="TestALotOfAdding" classname="LocalCMCTests" time="0.001"/>
  <testcase name="TestALotOfAdding" classname="LocalCMCTests" time="0.0"/>
  <testcase name="TestALotOfAdding" classname="LocalCMCTests" time="0.0"/>
  <testcase name="TestALotOfAdding" classname="LocalCMCTests" time="0.0"/>
  <testcase name="TestALotOfAdding" classname="LocalCMCTests" time="0.001"/>
  <testcase name="TestALotOfAdding" classname="LocalCMCTests" time="0.0"/>
  <testcase name="TestALotOfAdding" classname="LocalCMCTests" time="0.001"/>
  <testcase name="TestALotOfAdding" classname="LocalCMCTests" time="0.001"/>
  <testcase name="TestALotOfAdding" classname="LocalCMCTests" time="0.0"/>
  <testcase name="TestALotOfAdding" classname="LocalCMCTests" time="0.001"/>
  <testcase name="TestALotOfAdding" classname="LocalCMCTests" time="0.0"/>
  <testcase name="TestALotOfAdding" classname="LocalCMCTests" time="0.001"/>
  <testcase name="TestALotOfAdding" classname="LocalCMCTests" time="0.001"/>
  <testcase name="TestALotOfAdding" classname="LocalCMCTests" time="0.0"/>
  <testcase name="TestALotOfAdding" classname="LocalCMCTests" time="0.0"/>
  <testcase name="TestALotOfAdding" classname="LocalCMCTests" time="0.001"/>
  <testcase name="TestALotOfAdding" classname="LocalCMCTests" time="0.001"/>
  <testcase name="TestALotOfAdding" classname="LocalCMCTests" time="0.0"/>
  <testcase name="TestALotOfAdding" classname="LocalCMCTests" time="0.0"/>
  <testcase name="TestALotOfAdding" classname="LocalCMCTests" time="0.001"/>
  <testcase name="TestALotOfAdding" classname="LocalCMCTests" time="0.003"/>
  <testcase name="TestALotOfAdding" classname="LocalCMCTests" time="0.003"/>
  <testcase name="TestALotOfAdding" classname="LocalCMCTests" time="0.0"/>
  <testcase name="TestALotOfAdding" classname="LocalCMCTests" time="0.001"/>
  <testcase name="TestALotOfAdding" classname="LocalCMCTests" time="0.001"/>
  <testcase name="TestALotOfAdding" classname="LocalCMCTests" time="0.001"/>
  <testcase name="TestALotOfAdding" classname="LocalCMCTests" time="0.0"/>
  <testcase name="TestALotOfAdding" classname="LocalCMCTests" time="0.001"/>
  <testcase name="TestALotOfAdding" classname="LocalCMCTests" time="0.001"/>
  <testcase name="TestALotOfAdding" classname="LocalCMCTests" time="0.0"/>
  <testcase name="TestALotOfAdding" classname="LocalCMCTests" time="0.001"/>
  <testcase name="TestALotOfAdding" classname="LocalCMCTests" time="0.0"/>
  <testcase name="TestALotOfAdding" classname="LocalCMCTests" time="0.001"/>
  <testcase name="TestALotOfAdding" classname="LocalCMCTests" time="0.0"/>
  <testcase name="TestALotOfAdding" classname="LocalCMCTests" time="0.0"/>
  <testcase name="TestALotOfAdding" classname="LocalCMCTests" time="0.0"/>
  <testcase name="TestALotOfAdding" classname="LocalCMCTests" time="0.001"/>
  <testcase name="TestALotOfAdding" classname="LocalCMCTests" time="0.0"/>
  <testcase name="TestALotOfAdding" classname="LocalCMCTests" time="0.0"/>
  <testcase name="TestALotOfAdding" classname="LocalCMCTests" time="0.0"/>
  <testcase name="TestALotOfAdding" classname="LocalCMCTests" time="0.0"/>
  <testcase name="TestALotOfAdding" classname="LocalCMCTests" time="0.001"/>
  <testcase name="TestALotOfAdding" classname="LocalCMCTests" time="0.001"/>
  <testcase name="TestALotOfAdding" classname="LocalCMCTests" time="0.001"/>
  <testcase name="TestALotOfAdding" classname="LocalCMCTests" time="0.001"/>
  <testcase name="TestALotOfAdding" classname="LocalCMCTests" time="0.001"/>
  <testcase name="TestALotOfAdding" classname="LocalCMCTests" time="0.0"/>
  <testcase name="TestALotOfAdding" classname="LocalCMCTests" time="0.0"/>
  <testcase name="TestALotOfAdding" classname="LocalCMCTests" time="0.001"/>
  <testcase name="TestALotOfAdding" classname="LocalCMCTests" time="0.001"/>
  <testcase name="TestALotOfAdding" classname="LocalCMCTests" time="0.001"/>
  <testcase name="TestALotOfAdding" classname="LocalCMCTests" time="0.001"/>
  <testcase name="TestALotOfAdding" classname="LocalCMCTests" time="0.002"/>
  <testcase name="TestALotOfAdding" classname="LocalCMCTests" time="0.001"/>
  <testcase name="TestALotOfAdding" classname="LocalCMCTests" time="0.001"/>
  <testcase name="TestALotOfAdding" classname="LocalCMCTests" time="0.0"/>
  <testcase name="TestALotOfAdding" classname="LocalCMCTests" time="0.0"/>
  <testcase name="TestALotOfAdding" classname="LocalCMCTests" time="0.0"/>
  <testcase name="TestALotOfAdding" classname="LocalCMCTests" time="0.0"/>
  <testcase name="TestALotOfAdding" classname="LocalCMCTests" time="0.0"/>
  <testcase name="TestALotOfAdding" classname="LocalCMCTests" time="0.0"/>
  <testcase name="TestALotOfAdding" classname="LocalCMCTests" time="0.0"/>
  <testcase name="TestALotOfAdding" classname="LocalCMCTests" time="0.001"/>
  <testcase name="TestALotOfAdding" classname="LocalCMCTests" time="0.001"/>
  <testcase name="TestALotOfAdding" classname="LocalCMCTests" time="0.0"/>
  <testcase name="TestALotOfAdding" classname="LocalCMCTests" time="0.001"/>
  <testcase name="TestALotOfAdding" classname="LocalCMCTests" time="0.001"/>
  <testcase name="TestALotOfAdding" classname="LocalCMCTests" time="0.001"/>
  <testcase name="TestALotOfAdding" classname="LocalCMCTests" time="0.001"/>
  <testcase name="TestALotOfAdding" classname="LocalCMCTests" time="0.0"/>
  <testcase name="TestALotOfAdding" classname="LocalCMCTests" time="0.001"/>
  <testcase name="TestALotOfAdding" classname="LocalCMCTests" time="0.001"/>
  <testcase name="TestALotOfAdding" classname="LocalCMCTests" time="0.001"/>
  <testcase name="TestALotOfAdding" classname="LocalCMCTests" time="0.0"/>
  <testcase name="TestALotOfAdding" classname="LocalCMCTests" time="0.001"/>
  <testcase name="TestALotOfAdding" classname="LocalCMCTests" time="0.0"/>
  <testcase name="TestALotOfAdding" classname="LocalCMCTests" time="0.001"/>
  <testcase name="TestALotOfAdding" classname="LocalCMCTests" time="0.001"/>
  <testcase name="TestALotOfAdding" classname="LocalCMCTests" time="0.001"/>
  <testcase name="TestALotOfAdding" classname="LocalCMCTests" time="0.001"/>
  <testcase name="TestALotOfAdding" classname="LocalCMCTests" time="0.001"/>
  <testcase name="TestALotOfAdding" classname="LocalCMCTests" time="0.001"/>
  <testcase name="TestALotOfAdding" classname="LocalCMCTests" time="0.002"/>
  <testcase name="TestALotOfAdding" classname="LocalCMCTests" time="0.0"/>
  <testcase name="TestALotOfAdding" classname="LocalCMCTests" time="0.003"/>
  <testcase name="TestALotOfAdding" classname="LocalCMCTests" time="0.0"/>
  <testcase name="TestALotOfAdding" classname="LocalCMCTests" time="0.0"/>
  <testcase name="TestALotOfAdding" classname="LocalCMCTests" time="0.0"/>
  <testcase name="TestALotOfAdding" classname="LocalCMCTests" time="0.0"/>
  <testcase name="TestALotOfAdding" classname="LocalCMCTests" time="0.001"/>
  <testcase name="TestALotOfAdding" classname="LocalCMCTests" time="0.001"/>
  <testcase name="TestALotOfAdding" classname="LocalCMCTests" time="0.002"/>
  <testcase name="TestALotOfAdding" classname="LocalCMCTests" time="0.0"/>
  <testcase name="TestALotOfAdding" classname="LocalCMCTests" time="0.0"/>
  <testcase name="TestALotOfAdding" classname="LocalCMCTests" time="0.002"/>
  <testcase name="TestALotOfAdding" classname="LocalCMCTests" time="0.0"/>
  <testcase name="TestALotOfAdding" classname="LocalCMCTests" time="0.0"/>
  <testcase name="TestALotOfAdding" classname="LocalCMCTests" time="0.0"/>
  <testcase name="TestALotOfAdding" classname="LocalCMCTests" time="0.0"/>
  <testcase name="TestALotOfAdding" classname="LocalCMCTests" time="0.0"/>
  <testcase name="TestALotOfAdding" classname="LocalCMCTests" time="0.0"/>
  <testcase name="TestALotOfAdding" classname="LocalCMCTests" time="0.001"/>
  <testcase name="TestALotOfAdding" classname="LocalCMCTests" time="0.0"/>
  <testcase name="TestALotOfAdding" classname="LocalCMCTests" time="0.001"/>
  <testcase name="TestALotOfAdding" classname="LocalCMCTests" time="0.0"/>
  <testcase name="TestALotOfAdding" classname="LocalCMCTests" time="0.001"/>
  <testcase name="TestALotOfAdding" classname="LocalCMCTests" time="0.001"/>
  <testcase name="TestALotOfAdding" classname="LocalCMCTests" time="0.001"/>
  <testcase name="TestALotOfAdding" classname="LocalCMCTests" time="0.0"/>
  <testcase name="TestALotOfAdding" classname="LocalCMCTests" time="0.0"/>
  <testcase name="TestALotOfAdding" classname="LocalCMCTests" time="0.001"/>
  <testcase name="TestALotOfAdding" classname="LocalCMCTests" time="0.001"/>
  <testcase name="TestALotOfAdding" classname="LocalCMCTests" time="0.0"/>
  <testcase name="TestALotOfAdding" classname="LocalCMCTests" time="0.002"/>
  <testcase name="TestALotOfAdding" classname="LocalCMCTests" time="0.001"/>
  <testcase name="TestALotOfAdding" classname="LocalCMCTests" time="0.0"/>
  <testcase name="TestALotOfAdding" classname="LocalCMCTests" time="0.002"/>
  <testcase name="TestALotOfAdding" classname="LocalCMCTests" time="0.0"/>
  <testcase name="TestALotOfAdding" classname="LocalCMCTests" time="0.001"/>
  <testcase name="TestALotOfAdding" classname="LocalCMCTests" time="0.0"/>
  <testcase name="TestALotOfAdding" classname="LocalCMCTests" time="0.0"/>
  <testcase name="TestALotOfAdding" classname="LocalCMCTests" time="0.0"/>
  <testcase name="TestALotOfAdding" classname="LocalCMCTests" time="0.001"/>
  <testcase name="TestALotOfAdding" classname="LocalCMCTests" time="0.001"/>
  <testcase name="TestALotOfAdding" classname="LocalCMCTests" time="0.001"/>
  <testcase name="TestALotOfAdding" classname="LocalCMCTests" time="0.001"/>
  <testcase name="TestALotOfAdding" classname="LocalCMCTests" time="0.0"/>
  <testcase name="TestALotOfAdding" classname="LocalCMCTests" time="0.0"/>
  <testcase name="TestALotOfAdding" classname="LocalCMCTests" time="0.0"/>
  <testcase name="TestALotOfAdding" classname="LocalCMCTests" time="0.001"/>
  <testcase name="TestALotOfAdding" classname="LocalCMCTests" time="0.002"/>
  <testcase name="TestALotOfAdding" classname="LocalCMCTests" time="0.0"/>
  <testcase name="TestALotOfAdding" classname="LocalCMCTests" time="0.001"/>
  <testcase name="TestALotOfAdding" classname="LocalCMCTests" time="0.001"/>
  <testcase name="TestALotOfAdding" classname="LocalCMCTests" time="0.0"/>
  <testcase name="TestALotOfAdding" classname="LocalCMCTests" time="0.0"/>
  <testcase name="TestALotOfAdding" classname="LocalCMCTests" time="0.001"/>
  <testcase name="TestALotOfAdding" classname="LocalCMCTests" time="0.002"/>
  <testcase name="TestALotOfAdding" classname="LocalCMCTests" time="0.0"/>
  <testcase name="TestALotOfAdding" classname="LocalCMCTests" time="0.001"/>
  <testcase name="TestALotOfAdding" classname="LocalCMCTests" time="0.0"/>
  <testcase name="TestALotOfAdding" classname="LocalCMCTests" time="0.0"/>
  <testcase name="TestALotOfAdding" classname="LocalCMCTests" time="0.001"/>
  <testcase name="TestALotOfAdding" classname="LocalCMCTests" time="0.001"/>
  <testcase name="TestALotOfAdding" classname="LocalCMCTests" time="0.0"/>
  <testcase name="TestALotOfAdding" classname="LocalCMCTests" time="0.0"/>
  <testcase name="TestALotOfAdding" classname="LocalCMCTests" time="0.001"/>
  <testcase name="TestALotOfAdding" classname="LocalCMCTests" time="0.0"/>
  <testcase name="TestALotOfAdding" classname="LocalCMCTests" time="0.0"/>
  <testcase name="TestALotOfAdding" classname="LocalCMCTests" time="0.001"/>
  <testcase name="TestALotOfAdding" classname="LocalCMCTests" time="0.0"/>
  <testcase name="TestALotOfAdding" classname="LocalCMCTests" time="0.001"/>
  <testcase name="TestALotOfAdding" classname="LocalCMCTests" time="0.001"/>
  <testcase name="TestALotOfAdding" classname="LocalCMCTests" time="0.002"/>
  <testcase name="TestALotOfAdding" classname="LocalCMCTests" time="0.001"/>
  <testcase name="TestALotOfAdding" classname="LocalCMCTests" time="0.001"/>
  <testcase name="TestALotOfAdding" classname="LocalCMCTests" time="0.001"/>
  <testcase name="TestALotOfAdding" classname="LocalCMCTests" time="0.0"/>
  <testcase name="TestALotOfAdding" classname="LocalCMCTests" time="0.001"/>
  <testcase name="TestALotOfAdding" classname="LocalCMCTests" time="0.001"/>
  <testcase name="TestALotOfAdding" classname="LocalCMCTests" time="0.001"/>
  <testcase name="TestALotOfAdding" classname="LocalCMCTests" time="0.0"/>
  <testcase name="TestALotOfAdding" classname="LocalCMCTests" time="0.0"/>
  <testcase name="TestALotOfAdding" classname="LocalCMCTests" time="0.0"/>
  <testcase name="TestALotOfAdding" classname="LocalCMCTests" time="0.0"/>
  <testcase name="TestALotOfAdding" classname="LocalCMCTests" time="0.0"/>
  <testcase name="TestALotOfAdding" classname="LocalCMCTests" time="0.001"/>
  <testcase name="TestALotOfAdding" classname="LocalCMCTests" time="0.001"/>
  <testcase name="TestALotOfAdding" classname="LocalCMCTests" time="0.001"/>
  <testcase name="TestALotOfAdding" classname="LocalCMCTests" time="0.001"/>
  <testcase name="TestALotOfAdding" classname="LocalCMCTests" time="0.0"/>
  <testcase name="TestALotOfAdding" classname="LocalCMCTests" time="0.001"/>
  <testcase name="TestALotOfAdding" classname="LocalCMCTests" time="0.0"/>
  <testcase name="TestALotOfAdding" classname="LocalCMCTests" time="0.001"/>
  <testcase name="TestALotOfAdding" classname="LocalCMCTests" time="0.001"/>
  <testcase name="TestALotOfAdding" classname="LocalCMCTests" time="0.001"/>
  <testcase name="TestALotOfAdding" classname="LocalCMCTests" time="0.001"/>
  <testcase name="TestALotOfAdding" classname="LocalCMCTests" time="0.0"/>
  <testcase name="TestALotOfAdding" classname="LocalCMCTests" time="0.0"/>
  <testcase name="TestALotOfAdding" classname="LocalCMCTests" time="0.0"/>
  <testcase name="TestALotOfAdding" classname="LocalCMCTests" time="0.001"/>
  <testcase name="TestALotOfAdding" classname="LocalCMCTests" time="0.0"/>
  <testcase name="TestALotOfAdding" classname="LocalCMCTests" time="0.0"/>
  <testcase name="TestALotOfAdding" classname="LocalCMCTests" time="0.001"/>
  <testcase name="TestALotOfAdding" classname="LocalCMCTests" time="0.003"/>
  <testcase name="TestALotOfAdding" classname="LocalCMCTests" time="0.001"/>
  <testcase name="TestALotOfAdding" classname="LocalCMCTests" time="0.001"/>
  <testcase name="TestALotOfAdding" classname="LocalCMCTests" time="0.0"/>
  <testcase name="TestALotOfAdding" classname="LocalCMCTests" time="0.001"/>
  <testcase name="TestALotOfAdding" classname="LocalCMCTests" time="0.001"/>
  <testcase name="TestALotOfAdding" classname="LocalCMCTests" time="0.0"/>
  <testcase name="TestALotOfAdding" classname="LocalCMCTests" time="0.001"/>
  <testcase name="TestALotOfAdding" classname="LocalCMCTests" time="0.001"/>
  <testcase name="TestALotOfAdding" classname="LocalCMCTests" time="0.0"/>
  <testcase name="TestALotOfAdding" classname="LocalCMCTests" time="0.001"/>
  <testcase name="TestALotOfAdding" classname="LocalCMCTests" time="0.0"/>
  <testcase name="TestALotOfAdding" classname="LocalCMCTests" time="0.001"/>
  <testcase name="TestALotOfAdding" classname="LocalCMCTests" time="0.0"/>
  <testcase name="TestALotOfAdding" classname="LocalCMCTests" time="0.001"/>
  <testcase name="TestALotOfAdding" classname="LocalCMCTests" time="0.001"/>
  <testcase name="TestALotOfAdding" classname="LocalCMCTests" time="0.0"/>
  <testcase name="TestALotOfAdding" classname="LocalCMCTests" time="0.002"/>
  <testcase name="TestALotOfAdding" classname="LocalCMCTests" time="0.001"/>
  <testcase name="TestALotOfAdding" classname="LocalCMCTests" time="0.0"/>
  <testcase name="TestALotOfAdding" classname="LocalCMCTests" time="0.001"/>
  <testcase name="TestALotOfAdding" classname="LocalCMCTests" time="0.001"/>
  <testcase name="TestALotOfAdding" classname="LocalCMCTests" time="0.0"/>
  <testcase name="TestALotOfAdding" classname="LocalCMCTests" time="0.0"/>
  <testcase name="TestALotOfAdding" classname="LocalCMCTests" time="0.0"/>
  <testcase name="TestALotOfAdding" classname="LocalCMCTests" time="0.0"/>
  <testcase name="TestALotOfAdding" classname="LocalCMCTests" time="0.0"/>
  <testcase name="TestALotOfAdding" classname="LocalCMCTests" time="0.001"/>
  <testcase name="TestALotOfAdding" classname="LocalCMCTests" time="0.001"/>
  <testcase name="TestALotOfAdding" classname="LocalCMCTests" time="0.002"/>
  <testcase name="TestALotOfAdding" classname="LocalCMCTests" time="0.0"/>
  <testcase name="TestALotOfAdding" classname="LocalCMCTests" time="0.001"/>
  <testcase name="TestALotOfAdding" classname="LocalCMCTests" time="0.001"/>
  <testcase name="TestALotOfAdding" classname="LocalCMCTests" time="0.0"/>
  <testcase name="TestALotOfAdding" classname="LocalCMCTests" time="0.0"/>
  <testcase name="TestALotOfAdding" classname="LocalCMCTests" time="0.0"/>
  <testcase name="TestALotOfAdding" classname="LocalCMCTests" time="0.001"/>
  <testcase name="TestALotOfAdding" classname="LocalCMCTests" time="0.0"/>
  <testcase name="TestALotOfAdding" classname="LocalCMCTests" time="0.0"/>
  <testcase name="TestALotOfAdding" classname="LocalCMCTests" time="0.002"/>
  <testcase name="TestALotOfAdding" classname="LocalCMCTests" time="0.0"/>
  <testcase name="TestALotOfAdding" classname="LocalCMCTests" time="0.003"/>
  <testcase name="TestALotOfAdding" classname="LocalCMCTests" time="0.002"/>
  <testcase name="TestALotOfAdding" classname="LocalCMCTests" time="0.0"/>
  <testcase name="TestALotOfAdding" classname="LocalCMCTests" time="0.0"/>
  <testcase name="TestALotOfAdding" classname="LocalCMCTests" time="0.0"/>
  <testcase name="TestALotOfAdding" classname="LocalCMCTests" time="0.001"/>
  <testcase name="TestALotOfAdding" classname="LocalCMCTests" time="0.002"/>
  <testcase name="TestALotOfAdding" classname="LocalCMCTests" time="0.001"/>
  <testcase name="TestALotOfAdding" classname="LocalCMCTests" time="0.0"/>
  <testcase name="TestALotOfAdding" classname="LocalCMCTests" time="0.0"/>
  <testcase name="TestALotOfAdding" classname="LocalCMCTests" time="0.001"/>
  <testcase name="TestALotOfAdding" classname="LocalCMCTests" time="0.001"/>
  <testcase name="TestALotOfAdding" classname="LocalCMCTests" time="0.001"/>
  <testcase name="TestALotOfAdding" classname="LocalCMCTests" time="0.0"/>
  <testcase name="TestALotOfAdding" classname="LocalCMCTests" time="0.001"/>
  <testcase name="TestALotOfAdding" classname="LocalCMCTests" time="0.001"/>
  <testcase name="TestALotOfAdding" classname="LocalCMCTests" time="0.001"/>
  <testcase name="TestALotOfAdding" classname="LocalCMCTests" time="0.0"/>
  <testcase name="TestALotOfAdding" classname="LocalCMCTests" time="0.0"/>
  <testcase name="TestALotOfAdding" classname="LocalCMCTests" time="0.002"/>
  <testcase name="TestALotOfAdding" classname="LocalCMCTests" time="0.001"/>
  <testcase name="TestALotOfAdding" classname="LocalCMCTests" time="0.001"/>
  <testcase name="TestALotOfAdding" classname="LocalCMCTests" time="0.001"/>
  <testcase name="TestALotOfAdding" classname="LocalCMCTests" time="0.001"/>
  <testcase name="TestALotOfAdding" classname="LocalCMCTests" time="0.0"/>
  <testcase name="TestALotOfAdding" classname="LocalCMCTests" time="0.0"/>
  <testcase name="TestALotOfAdding" classname="LocalCMCTests" time="0.0"/>
  <testcase name="TestALotOfAdding" classname="LocalCMCTests" time="0.001"/>
  <testcase name="TestALotOfAdding" classname="LocalCMCTests" time="0.002"/>
  <testcase name="TestALotOfAdding" classname="LocalCMCTests" time="0.001"/>
  <testcase name="TestALotOfAdding" classname="LocalCMCTests" time="0.0"/>
  <testcase name="TestALotOfAdding" classname="LocalCMCTests" time="0.001"/>
  <testcase name="TestALotOfAdding" classname="LocalCMCTests" time="0.0"/>
  <testcase name="TestALotOfAdding" classname="LocalCMCTests" time="0.001"/>
  <testcase name="TestALotOfAdding" classname="LocalCMCTests" time="0.002"/>
  <testcase name="TestALotOfAdding" classname="LocalCMCTests" time="0.001"/>
  <testcase name="TestALotOfAdding" classname="LocalCMCTests" time="0.0"/>
  <testcase name="TestALotOfAdding" classname="LocalCMCTests" time="0.001"/>
  <testcase name="TestALotOfAdding" classname="LocalCMCTests" time="0.0"/>
  <testcase name="TestALotOfAdding" classname="LocalCMCTests" time="0.0"/>
  <testcase name="TestALotOfAdding" classname="LocalCMCTests" time="0.0"/>
  <testcase name="TestALotOfAdding" classname="LocalCMCTests" time="0.002"/>
  <testcase name="TestALotOfAdding" classname="LocalCMCTests" time="0.001"/>
  <testcase name="TestALotOfAdding" classname="LocalCMCTests" time="0.001"/>
  <testcase name="TestALotOfAdding" classname="LocalCMCTests" time="0.0"/>
  <testcase name="TestALotOfAdding" classname="LocalCMCTests" time="0.001"/>
  <testcase name="TestALotOfAdding" classname="LocalCMCTests" time="0.0"/>
  <testcase name="TestALotOfAdding" classname="LocalCMCTests" time="0.0"/>
  <testcase name="TestALotOfAdding" classname="LocalCMCTests" time="0.0"/>
  <testcase name="TestALotOfAdding" classname="LocalCMCTests" time="0.002"/>
  <testcase name="TestALotOfAdding" classname="LocalCMCTests" time="0.0"/>
  <testcase name="TestALotOfAdding" classname="LocalCMCTests" time="0.001"/>
  <testcase name="TestALotOfAdding" classname="LocalCMCTests" time="0.0"/>
  <testcase name="TestALotOfAdding" classname="LocalCMCTests" time="0.001"/>
  <testcase name="TestALotOfAdding" classname="LocalCMCTests" time="0.001"/>
  <testcase name="TestALotOfAdding" classname="LocalCMCTests" time="0.0"/>
  <testcase name="TestALotOfAdding" classname="LocalCMCTests" time="0.001"/>
  <testcase name="TestALotOfAdding" classname="LocalCMCTests" time="0.002"/>
  <testcase name="TestALotOfAdding" classname="LocalCMCTests" time="0.001"/>
  <testcase name="TestALotOfAdding" classname="LocalCMCTests" time="0.0"/>
  <testcase name="TestALotOfAdding" classname="LocalCMCTests" time="0.001"/>
  <testcase name="TestALotOfAdding" classname="LocalCMCTests" time="0.001"/>
  <testcase name="TestALotOfAdding" classname="LocalCMCTests" time="0.001"/>
  <testcase name="TestALotOfAdding" classname="LocalCMCTests" time="0.001"/>
  <testcase name="TestALotOfAdding" classname="LocalCMCTests" time="0.0"/>
  <testcase name="TestALotOfAdding" classname="LocalCMCTests" time="0.001"/>
  <testcase name="TestALotOfAdding" classname="LocalCMCTests" time="0.001"/>
  <testcase name="TestALotOfAdding" classname="LocalCMCTests" time="0.0"/>
  <testcase name="TestALotOfAdding" classname="LocalCMCTests" time="0.001"/>
  <testcase name="TestALotOfAdding" classname="LocalCMCTests" time="0.001"/>
  <testcase name="TestALotOfAdding" classname="LocalCMCTests" time="0.0"/>
  <testcase name="TestALotOfAdding" classname="LocalCMCTests" time="0.0"/>
  <testcase name="TestALotOfAdding" classname="LocalCMCTests" time="0.001"/>
  <testcase name="TestALotOfAdding" classname="LocalCMCTests" time="0.001"/>
  <testcase name="TestALotOfAdding" classname="LocalCMCTests" time="0.0"/>
  <testcase name="TestALotOfAdding" classname="LocalCMCTests" time="0.001"/>
  <testcase name="TestALotOfAdding" classname="LocalCMCTests" time="0.001"/>
  <testcase name="TestALotOfAdding" classname="LocalCMCTests" time="0.0"/>
  <testcase name="TestALotOfAdding" classname="LocalCMCTests" time="0.001"/>
  <testcase name="TestALotOfAdding" classname="LocalCMCTests" time="0.001"/>
  <testcase name="TestALotOfAdding" classname="LocalCMCTests" time="0.001"/>
  <testcase name="TestALotOfAdding" classname="LocalCMCTests" time="0.001"/>
  <testcase name="TestALotOfAdding" classname="LocalCMCTests" time="0.0"/>
  <testcase name="TestALotOfAdding" classname="LocalCMCTests" time="0.001"/>
  <testcase name="TestALotOfAdding" classname="LocalCMCTests" time="0.0"/>
  <testcase name="TestALotOfAdding" classname="LocalCMCTests" time="0.0"/>
  <testcase name="TestALotOfAdding" classname="LocalCMCTests" time="0.0"/>
  <testcase name="TestALotOfAdding" classname="LocalCMCTests" time="0.0"/>
  <testcase name="TestALotOfAdding" classname="LocalCMCTests" time="0.001"/>
  <testcase name="TestALotOfAdding" classname="LocalCMCTests" time="0.001"/>
  <testcase name="TestALotOfAdding" classname="LocalCMCTests" time="0.001"/>
  <testcase name="TestALotOfAdding" classname="LocalCMCTests" time="0.0"/>
  <testcase name="TestALotOfAdding" classname="LocalCMCTests" time="0.0"/>
  <testcase name="TestALotOfAdding" classname="LocalCMCTests" time="0.0"/>
  <testcase name="TestALotOfAdding" classname="LocalCMCTests" time="0.001"/>
  <testcase name="TestALotOfAdding" classname="LocalCMCTests" time="0.001"/>
  <testcase name="TestALotOfAdding" classname="LocalCMCTests" time="0.001"/>
  <testcase name="TestALotOfAdding" classname="LocalCMCTests" time="0.002"/>
  <testcase name="TestALotOfAdding" classname="LocalCMCTests" time="0.001"/>
  <testcase name="TestALotOfAdding" classname="LocalCMCTests" time="0.0"/>
  <testcase name="TestALotOfAdding" classname="LocalCMCTests" time="0.001"/>
  <testcase name="TestALotOfAdding" classname="LocalCMCTests" time="0.0"/>
  <testcase name="TestALotOfAdding" classname="LocalCMCTests" time="0.001"/>
  <testcase name="TestALotOfAdding" classname="LocalCMCTests" time="0.001"/>
  <testcase name="TestALotOfAdding" classname="LocalCMCTests" time="0.0"/>
  <testcase name="TestALotOfAdding" classname="LocalCMCTests" time="0.002"/>
  <testcase name="TestALotOfAdding" classname="LocalCMCTests" time="0.001"/>
  <testcase name="TestALotOfAdding" classname="LocalCMCTests" time="0.0"/>
  <testcase name="TestALotOfAdding" classname="LocalCMCTests" time="0.001"/>
  <testcase name="TestALotOfAdding" classname="LocalCMCTests" time="0.0"/>
  <testcase name="TestALotOfAdding" classname="LocalCMCTests" time="0.001"/>
  <testcase name="TestALotOfAdding" classname="LocalCMCTests" time="0.0"/>
  <testcase name="TestALotOfAdding" classname="LocalCMCTests" time="0.0"/>
  <testcase name="TestALotOfAdding" classname="LocalCMCTests" time="0.001"/>
  <testcase name="TestALotOfAdding" classname="LocalCMCTests" time="0.001"/>
  <testcase name="TestALotOfAdding" classname="LocalCMCTests" time="0.001"/>
  <testcase name="TestALotOfAdding" classname="LocalCMCTests" time="0.0"/>
  <testcase name="TestALotOfAdding" classname="LocalCMCTests" time="0.0"/>
  <testcase name="TestALotOfAdding" classname="LocalCMCTests" time="0.001"/>
  <testcase name="TestALotOfAdding" classname="LocalCMCTests" time="0.0"/>
  <testcase name="TestALotOfAdding" classname="LocalCMCTests" time="0.001"/>
  <testcase name="TestALotOfAdding" classname="LocalCMCTests" time="0.001"/>
  <testcase name="TestALotOfAdding" classname="LocalCMCTests" time="0.001"/>
  <testcase name="TestALotOfAdding" classname="LocalCMCTests" time="0.001"/>
  <testcase name="TestALotOfAdding" classname="LocalCMCTests" time="0.0"/>
  <testcase name="TestALotOfAdding" classname="LocalCMCTests" time="0.001"/>
  <testcase name="TestALotOfAdding" classname="LocalCMCTests" time="0.001"/>
  <testcase name="TestALotOfAdding" classname="LocalCMCTests" time="0.001"/>
  <testcase name="TestALotOfAdding" classname="LocalCMCTests" time="0.0"/>
  <testcase name="TestALotOfAdding" classname="LocalCMCTests" time="0.0"/>
  <testcase name="TestALotOfAdding" classname="LocalCMCTests" time="0.0"/>
  <testcase name="TestALotOfAdding" classname="LocalCMCTests" time="0.0"/>
  <testcase name="TestALotOfAdding" classname="LocalCMCTests" time="0.002"/>
  <testcase name="TestALotOfAdding" classname="LocalCMCTests" time="0.002"/>
  <testcase name="TestALotOfAdding" classname="LocalCMCTests" time="0.001"/>
  <testcase name="TestALotOfAdding" classname="LocalCMCTests" time="0.001"/>
  <testcase name="TestALotOfAdding" classname="LocalCMCTests" time="0.001"/>
  <testcase name="TestALotOfAdding" classname="LocalCMCTests" time="0.0"/>
  <testcase name="TestALotOfAdding" classname="LocalCMCTests" time="0.0"/>
  <testcase name="TestALotOfAdding" classname="LocalCMCTests" time="0.0"/>
  <testcase name="TestALotOfAdding" classname="LocalCMCTests" time="0.0"/>
  <testcase name="TestALotOfAdding" classname="LocalCMCTests" time="0.001"/>
  <testcase name="TestALotOfAdding" classname="LocalCMCTests" time="0.001"/>
  <testcase name="TestALotOfAdding" classname="LocalCMCTests" time="0.001"/>
  <testcase name="TestALotOfAdding" classname="LocalCMCTests" time="0.001"/>
  <testcase name="TestALotOfAdding" classname="LocalCMCTests" time="0.0"/>
  <testcase name="TestALotOfAdding" classname="LocalCMCTests" time="0.001"/>
  <testcase name="TestALotOfAdding" classname="LocalCMCTests" time="0.001"/>
  <testcase name="TestALotOfAdding" classname="LocalCMCTests" time="0.001"/>
  <testcase name="TestALotOfAdding" classname="LocalCMCTests" time="0.0"/>
  <testcase name="TestALotOfAdding" classname="LocalCMCTests" time="0.001"/>
  <testcase name="TestALotOfAdding" classname="LocalCMCTests" time="0.0"/>
  <testcase name="TestALotOfAdding" classname="LocalCMCTests" time="0.0"/>
  <testcase name="TestALotOfAdding" classname="LocalCMCTests" time="0.001"/>
  <testcase name="TestALotOfAdding" classname="LocalCMCTests" time="0.0"/>
  <testcase name="TestALotOfAdding" classname="LocalCMCTests" time="0.0"/>
  <testcase name="TestALotOfAdding" classname="LocalCMCTests" time="0.001"/>
  <testcase name="TestALotOfAdding" classname="LocalCMCTests" time="0.001"/>
  <testcase name="TestALotOfAdding" classname="LocalCMCTests" time="0.001"/>
  <testcase name="TestALotOfAdding" classname="LocalCMCTests" time="0.002"/>
  <testcase name="TestALotOfAdding" classname="LocalCMCTests" time="0.0"/>
  <testcase name="TestALotOfAdding" classname="LocalCMCTests" time="0.0"/>
  <testcase name="TestALotOfAdding" classname="LocalCMCTests" time="0.0"/>
  <testcase name="TestALotOfAdding" classname="LocalCMCTests" time="0.001"/>
  <testcase name="TestALotOfAdding" classname="LocalCMCTests" time="0.001"/>
  <testcase name="TestALotOfAdding" classname="LocalCMCTests" time="0.001"/>
  <testcase name="TestALotOfAdding" classname="LocalCMCTests" time="0.001"/>
  <testcase name="TestALotOfAdding" classname="LocalCMCTests" time="0.001"/>
  <testcase name="TestALotOfAdding" classname="LocalCMCTests" time="0.001"/>
  <testcase name="TestALotOfAdding" classname="LocalCMCTests" time="0.001"/>
  <testcase name="TestALotOfAdding" classname="LocalCMCTests" time="0.0"/>
  <testcase name="TestALotOfAdding" classname="LocalCMCTests" time="0.0"/>
  <testcase name="TestALotOfAdding" classname="LocalCMCTests" time="0.0"/>
  <testcase name="TestALotOfAdding" classname="LocalCMCTests" time="0.0"/>
  <testcase name="TestALotOfAdding" classname="LocalCMCTests" time="0.002"/>
  <testcase name="TestALotOfAdding" classname="LocalCMCTests" time="0.0"/>
  <testcase name="TestALotOfAdding" classname="LocalCMCTests" time="0.0"/>
  <testcase name="TestALotOfAdding" classname="LocalCMCTests" time="0.002"/>
  <testcase name="TestALotOfAdding" classname="LocalCMCTests" time="0.001"/>
  <testcase name="TestALotOfAdding" classname="LocalCMCTests" time="0.001"/>
  <testcase name="TestALotOfAdding" classname="LocalCMCTests" time="0.001"/>
  <testcase name="TestALotOfAdding" classname="LocalCMCTests" time="0.0"/>
  <testcase name="TestALotOfAdding" classname="LocalCMCTests" time="0.001"/>
  <testcase name="TestALotOfAdding" classname="LocalCMCTests" time="0.001"/>
  <testcase name="TestALotOfAdding" classname="LocalCMCTests" time="0.001"/>
  <testcase name="TestALotOfAdding" classname="LocalCMCTests" time="0.0"/>
  <testcase name="TestALotOfAdding" classname="LocalCMCTests" time="0.0"/>
  <testcase name="TestALotOfAdding" classname="LocalCMCTests" time="0.0"/>
  <testcase name="TestALotOfAdding" classname="LocalCMCTests" time="0.001"/>
  <testcase name="TestALotOfAdding" classname="LocalCMCTests" time="0.0"/>
  <testcase name="TestALotOfAdding" classname="LocalCMCTests" time="0.0"/>
  <testcase name="TestALotOfAdding" classname="LocalCMCTests" time="0.0"/>
  <testcase name="TestALotOfAdding" classname="LocalCMCTests" time="0.0"/>
  <testcase name="TestALotOfAdding" classname="LocalCMCTests" time="0.001"/>
  <testcase name="TestALotOfAdding" classname="LocalCMCTests" time="0.001"/>
  <testcase name="TestALotOfAdding" classname="LocalCMCTests" time="0.001"/>
  <testcase name="TestALotOfAdding" classname="LocalCMCTests" time="0.0"/>
  <testcase name="TestALotOfAdding" classname="LocalCMCTests" time="0.001"/>
  <testcase name="TestALotOfAdding" classname="LocalCMCTests" time="0.0"/>
  <testcase name="TestALotOfAdding" classname="LocalCMCTests" time="0.001"/>
  <testcase name="TestALotOfAdding" classname="LocalCMCTests" time="0.001"/>
  <testcase name="TestALotOfAdding" classname="LocalCMCTests" time="0.002"/>
  <testcase name="TestALotOfAdding" classname="LocalCMCTests" time="0.002"/>
  <testcase name="TestALotOfAdding" classname="LocalCMCTests" time="0.0"/>
  <testcase name="TestALotOfAdding" classname="LocalCMCTests" time="0.0"/>
  <testcase name="TestALotOfAdding" classname="LocalCMCTests" time="0.001"/>
  <testcase name="TestALotOfAdding" classname="LocalCMCTests" time="0.0"/>
  <testcase name="TestALotOfAdding" classname="LocalCMCTests" time="0.0"/>
  <testcase name="TestALotOfAdding" classname="LocalCMCTests" time="0.0"/>
  <testcase name="TestALotOfAdding" classname="LocalCMCTests" time="0.001"/>
  <testcase name="TestALotOfAdding" classname="LocalCMCTests" time="0.0"/>
  <testcase name="TestALotOfAdding" classname="LocalCMCTests" time="0.0"/>
  <testcase name="TestALotOfAdding" classname="LocalCMCTests" time="0.001"/>
  <testcase name="TestALotOfAdding" classname="LocalCMCTests" time="0.001"/>
  <testcase name="TestALotOfAdding" classname="LocalCMCTests" time="0.001"/>
  <testcase name="TestALotOfAdding" classname="LocalCMCTests" time="0.0"/>
  <testcase name="TestALotOfAdding" classname="LocalCMCTests" time="0.0"/>
  <testcase name="TestALotOfAdding" classname="LocalCMCTests" time="0.001"/>
  <testcase name="TestALotOfAdding" classname="LocalCMCTests" time="0.001"/>
  <testcase name="TestALotOfAdding" classname="LocalCMCTests" time="0.001"/>
  <testcase name="TestALotOfAdding" classname="LocalCMCTests" time="0.001"/>
  <testcase name="TestALotOfAdding" classname="LocalCMCTests" time="0.0"/>
  <testcase name="TestALotOfAdding" classname="LocalCMCTests" time="0.002"/>
  <testcase name="TestALotOfAdding" classname="LocalCMCTests" time="0.0"/>
  <testcase name="TestALotOfAdding" classname="LocalCMCTests" time="0.001"/>
  <testcase name="TestALotOfAdding" classname="LocalCMCTests" time="0.001"/>
  <testcase name="TestALotOfAdding" classname="LocalCMCTests" time="0.002"/>
  <testcase name="TestALotOfAdding" classname="LocalCMCTests" time="0.001"/>
  <testcase name="TestALotOfAdding" classname="LocalCMCTests" time="0.001"/>
  <testcase name="TestALotOfAdding" classname="LocalCMCTests" time="0.001"/>
  <testcase name="TestALotOfAdding" classname="LocalCMCTests" time="0.0"/>
  <testcase name="TestALotOfAdding" classname="LocalCMCTests" time="0.0"/>
  <testcase name="TestALotOfAdding" classname="LocalCMCTests" time="0.0"/>
  <testcase name="TestALotOfAdding" classname="LocalCMCTests" time="0.0"/>
  <testcase name="TestALotOfAdding" classname="LocalCMCTests" time="0.001"/>
  <testcase name="TestALotOfAdding" classname="LocalCMCTests" time="0.002"/>
  <testcase name="TestALotOfAdding" classname="LocalCMCTests" time="0.0"/>
  <testcase name="TestALotOfAdding" classname="LocalCMCTests" time="0.0"/>
  <testcase name="TestALotOfAdding" classname="LocalCMCTests" time="0.0"/>
  <testcase name="TestALotOfAdding" classname="LocalCMCTests" time="0.001"/>
  <testcase name="TestALotOfAdding" classname="LocalCMCTests" time="0.001"/>
  <testcase name="TestALotOfAdding" classname="LocalCMCTests" time="0.0"/>
  <testcase name="TestALotOfAdding" classname="LocalCMCTests" time="0.0"/>
  <testcase name="TestALotOfAdding" classname="LocalCMCTests" time="0.001"/>
  <testcase name="TestALotOfAdding" classname="LocalCMCTests" time="0.001"/>
  <testcase name="TestALotOfAdding" classname="LocalCMCTests" time="0.001"/>
  <testcase name="TestALotOfAdding" classname="LocalCMCTests" time="0.0"/>
  <testcase name="TestALotOfAdding" classname="LocalCMCTests" time="0.001"/>
  <testcase name="TestALotOfAdding" classname="LocalCMCTests" time="0.001"/>
  <testcase name="TestALotOfAdding" classname="LocalCMCTests" time="0.002"/>
  <testcase name="TestALotOfAdding" classname="LocalCMCTests" time="0.0"/>
  <testcase name="TestALotOfAdding" classname="LocalCMCTests" time="0.0"/>
  <testcase name="TestALotOfAdding" classname="LocalCMCTests" time="0.001"/>
  <testcase name="TestALotOfAdding" classname="LocalCMCTests" time="0.0"/>
  <testcase name="TestALotOfAdding" classname="LocalCMCTests" time="0.0"/>
  <testcase name="TestALotOfAdding" classname="LocalCMCTests" time="0.001"/>
  <testcase name="TestALotOfAdding" classname="LocalCMCTests" time="0.001"/>
  <testcase name="TestALotOfAdding" classname="LocalCMCTests" time="0.001"/>
  <testcase name="TestALotOfAdding" classname="LocalCMCTests" time="0.0"/>
  <testcase name="TestALotOfAdding" classname="LocalCMCTests" time="0.001"/>
  <testcase name="TestALotOfAdding" classname="LocalCMCTests" time="0.0"/>
  <testcase name="TestALotOfAdding" classname="LocalCMCTests" time="0.0"/>
  <testcase name="TestALotOfAdding" classname="LocalCMCTests" time="0.0"/>
  <testcase name="TestALotOfAdding" classname="LocalCMCTests" time="0.001"/>
  <testcase name="TestALotOfAdding" classname="LocalCMCTests" time="0.001"/>
  <testcase name="TestALotOfAdding" classname="LocalCMCTests" time="0.0"/>
  <testcase name="TestALotOfAdding" classname="LocalCMCTests" time="0.001"/>
  <testcase name="TestALotOfAdding" classname="LocalCMCTests" time="0.002"/>
  <testcase name="TestALotOfAdding" classname="LocalCMCTests" time="0.0"/>
  <testcase name="TestALotOfAdding" classname="LocalCMCTests" time="0.0"/>
  <testcase name="TestALotOfAdding" classname="LocalCMCTests" time="0.001"/>
  <testcase name="TestALotOfAdding" classname="LocalCMCTests" time="0.001"/>
  <testcase name="TestALotOfAdding" classname="LocalCMCTests" time="0.001"/>
  <testcase name="TestALotOfAdding" classname="LocalCMCTests" time="0.001"/>
  <testcase name="TestALotOfAdding" classname="LocalCMCTests" time="0.0"/>
  <testcase name="TestALotOfAdding" classname="LocalCMCTests" time="0.001"/>
  <testcase name="TestALotOfAdding" classname="LocalCMCTests" time="0.001"/>
  <testcase name="TestALotOfAdding" classname="LocalCMCTests" time="0.001"/>
  <testcase name="TestALotOfAdding" classname="LocalCMCTests" time="0.002"/>
  <testcase name="TestALotOfAdding" classname="LocalCMCTests" time="0.0"/>
  <testcase name="TestALotOfAdding" classname="LocalCMCTests" time="0.0"/>
  <testcase name="TestALotOfAdding" classname="LocalCMCTests" time="0.0"/>
  <testcase name="TestALotOfAdding" classname="LocalCMCTests" time="0.001"/>
  <testcase name="TestALotOfAdding" classname="LocalCMCTests" time="0.001"/>
  <testcase name="TestALotOfAdding" classname="LocalCMCTests" time="0.0"/>
  <testcase name="TestALotOfAdding" classname="LocalCMCTests" time="0.0"/>
  <testcase name="TestALotOfAdding" classname="LocalCMCTests" time="0.0"/>
  <testcase name="TestALotOfAdding" classname="LocalCMCTests" time="0.001"/>
  <testcase name="TestALotOfAdding" classname="LocalCMCTests" time="0.001"/>
  <testcase name="TestALotOfAdding" classname="LocalCMCTests" time="0.001"/>
  <testcase name="TestALotOfAdding" classname="LocalCMCTests" time="0.001"/>
  <testcase name="TestALotOfAdding" classname="LocalCMCTests" time="0.0"/>
  <testcase name="TestALotOfAdding" classname="LocalCMCTests" time="0.001"/>
  <testcase name="TestALotOfAdding" classname="LocalCMCTests" time="0.0"/>
  <testcase name="TestALotOfAdding" classname="LocalCMCTests" time="0.001"/>
  <testcase name="TestALotOfAdding" classname="LocalCMCTests" time="0.0"/>
  <testcase name="TestALotOfAdding" classname="LocalCMCTests" time="0.0"/>
  <testcase name="TestALotOfAdding" classname="LocalCMCTests" time="0.001"/>
  <testcase name="TestALotOfAdding" classname="LocalCMCTests" time="0.001"/>
  <testcase name="TestALotOfAdding" classname="LocalCMCTests" time="0.0"/>
  <testcase name="TestALotOfAdding" classname="LocalCMCTests" time="0.0"/>
  <testcase name="TestALotOfAdding" classname="LocalCMCTests" time="0.0"/>
  <testcase name="TestALotOfAdding" classname="LocalCMCTests" time="0.001"/>
  <testcase name="TestALotOfAdding" classname="LocalCMCTests" time="0.001"/>
  <testcase name="TestALotOfAdding" classname="LocalCMCTests" time="0.0"/>
  <testcase name="TestALotOfAdding" classname="LocalCMCTests" time="0.0"/>
  <testcase name="TestALotOfAdding" classname="LocalCMCTests" time="0.002"/>
  <testcase name="TestALotOfAdding" classname="LocalCMCTests" time="0.0"/>
  <testcase name="TestALotOfAdding" classname="LocalCMCTests" time="0.001"/>
  <testcase name="TestALotOfAdding" classname="LocalCMCTests" time="0.001"/>
  <testcase name="TestALotOfAdding" classname="LocalCMCTests" time="0.001"/>
  <testcase name="TestALotOfAdding" classname="LocalCMCTests" time="0.002"/>
  <testcase name="TestALotOfAdding" classname="LocalCMCTests" time="0.001"/>
  <testcase name="TestALotOfAdding" classname="LocalCMCTests" time="0.001"/>
  <testcase name="TestALotOfAdding" classname="LocalCMCTests" time="0.0"/>
  <testcase name="TestALotOfAdding" classname="LocalCMCTests" time="0.001"/>
  <testcase name="TestALotOfAdding" classname="LocalCMCTests" time="0.0"/>
  <testcase name="TestALotOfAdding" classname="LocalCMCTests" time="0.002"/>
  <testcase name="TestALotOfAdding" classname="LocalCMCTests" time="0.0"/>
  <testcase name="TestALotOfAdding" classname="LocalCMCTests" time="0.0"/>
  <testcase name="TestALotOfAdding" classname="LocalCMCTests" time="0.002"/>
  <testcase name="TestALotOfAdding" classname="LocalCMCTests" time="0.002"/>
  <testcase name="TestALotOfAdding" classname="LocalCMCTests" time="0.0"/>
  <testcase name="TestALotOfAdding" classname="LocalCMCTests" time="0.0"/>
  <testcase name="TestALotOfAdding" classname="LocalCMCTests" time="0.0"/>
  <testcase name="TestALotOfAdding" classname="LocalCMCTests" time="0.001"/>
  <testcase name="TestALotOfAdding" classname="LocalCMCTests" time="0.003"/>
  <testcase name="TestALotOfAdding" classname="LocalCMCTests" time="0.0"/>
  <testcase name="TestALotOfAdding" classname="LocalCMCTests" time="0.003"/>
  <testcase name="TestALotOfAdding" classname="LocalCMCTests" time="0.0"/>
  <testcase name="TestALotOfAdding" classname="LocalCMCTests" time="0.0"/>
  <testcase name="TestALotOfAdding" classname="LocalCMCTests" time="0.0"/>
  <testcase name="TestALotOfAdding" classname="LocalCMCTests" time="0.0"/>
  <testcase name="TestALotOfAdding" classname="LocalCMCTests" time="0.0"/>
  <testcase name="TestALotOfAdding" classname="LocalCMCTests" time="0.001"/>
  <testcase name="TestALotOfAdding" classname="LocalCMCTests" time="0.001"/>
  <testcase name="TestALotOfAdding" classname="LocalCMCTests" time="0.001"/>
  <testcase name="TestALotOfAdding" classname="LocalCMCTests" time="0.001"/>
  <testcase name="TestALotOfAdding" classname="LocalCMCTests" time="0.001"/>
  <testcase name="TestALotOfAdding" classname="LocalCMCTests" time="0.0"/>
  <testcase name="TestALotOfAdding" classname="LocalCMCTests" time="0.0"/>
  <testcase name="TestALotOfAdding" classname="LocalCMCTests" time="0.001"/>
  <testcase name="TestALotOfAdding" classname="LocalCMCTests" time="0.0"/>
  <testcase name="TestALotOfAdding" classname="LocalCMCTests" time="0.001"/>
  <testcase name="TestALotOfAdding" classname="LocalCMCTests" time="0.001"/>
  <testcase name="TestALotOfAdding" classname="LocalCMCTests" time="0.001"/>
  <testcase name="TestALotOfAdding" classname="LocalCMCTests" time="0.0"/>
  <testcase name="TestALotOfAdding" classname="LocalCMCTests" time="0.0"/>
  <testcase name="TestALotOfAdding" classname="LocalCMCTests" time="0.001"/>
  <testcase name="TestALotOfAdding" classname="LocalCMCTests" time="0.0"/>
  <testcase name="TestALotOfAdding" classname="LocalCMCTests" time="0.001"/>
  <testcase name="TestALotOfAdding" classname="LocalCMCTests" time="0.001"/>
  <testcase name="TestALotOfAdding" classname="LocalCMCTests" time="0.002"/>
  <testcase name="TestALotOfAdding" classname="LocalCMCTests" time="0.001"/>
  <testcase name="TestALotOfAdding" classname="LocalCMCTests" time="0.001"/>
  <testcase name="TestALotOfAdding" classname="LocalCMCTests" time="0.0"/>
  <testcase name="TestALotOfAdding" classname="LocalCMCTests" time="0.0"/>
  <testcase name="TestALotOfAdding" classname="LocalCMCTests" time="0.0"/>
  <testcase name="TestALotOfAdding" classname="LocalCMCTests" time="0.0"/>
  <testcase name="TestALotOfAdding" classname="LocalCMCTests" time="0.001"/>
  <testcase name="TestALotOfAdding" classname="LocalCMCTests" time="0.001"/>
  <testcase name="TestALotOfAdding" classname="LocalCMCTests" time="0.0"/>
  <testcase name="TestALotOfAdding" classname="LocalCMCTests" time="0.001"/>
  <testcase name="TestALotOfAdding" classname="LocalCMCTests" time="0.001"/>
  <testcase name="TestALotOfAdding" classname="LocalCMCTests" time="0.001"/>
  <testcase name="TestALotOfAdding" classname="LocalCMCTests" time="0.001"/>
  <testcase name="TestALotOfAdding" classname="LocalCMCTests" time="0.001"/>
  <testcase name="TestALotOfAdding" classname="LocalCMCTests" time="0.001"/>
  <testcase name="TestALotOfAdding" classname="LocalCMCTests" time="0.0"/>
  <testcase name="TestALotOfAdding" classname="LocalCMCTests" time="0.001"/>
  <testcase name="TestALotOfAdding" classname="LocalCMCTests" time="0.0"/>
  <testcase name="TestALotOfAdding" classname="LocalCMCTests" time="0.0"/>
  <testcase name="TestALotOfAdding" classname="LocalCMCTests" time="0.001"/>
  <testcase name="TestALotOfAdding" classname="LocalCMCTests" time="0.001"/>
  <testcase name="TestALotOfAdding" classname="LocalCMCTests" time="0.0"/>
  <testcase name="TestALotOfAdding" classname="LocalCMCTests" time="0.001"/>
  <testcase name="TestALotOfAdding" classname="LocalCMCTests" time="0.001"/>
  <testcase name="TestALotOfAdding" classname="LocalCMCTests" time="0.001"/>
  <testcase name="TestALotOfAdding" classname="LocalCMCTests" time="0.001"/>
  <testcase name="TestALotOfAdding" classname="LocalCMCTests" time="0.001"/>
  <testcase name="TestALotOfAdding" classname="LocalCMCTests" time="0.002"/>
  <testcase name="TestALotOfAdding" classname="LocalCMCTests" time="0.001"/>
  <testcase name="TestALotOfAdding" classname="LocalCMCTests" time="0.0"/>
  <testcase name="TestALotOfAdding" classname="LocalCMCTests" time="0.0"/>
  <testcase name="TestALotOfAdding" classname="LocalCMCTests" time="0.0"/>
  <testcase name="TestALotOfAdding" classname="LocalCMCTests" time="0.0"/>
  <testcase name="TestALotOfAdding" classname="LocalCMCTests" time="0.001"/>
  <testcase name="TestALotOfAdding" classname="LocalCMCTests" time="0.0"/>
  <testcase name="TestALotOfAdding" classname="LocalCMCTests" time="0.0"/>
  <testcase name="TestALotOfAdding" classname="LocalCMCTests" time="0.0"/>
  <testcase name="TestALotOfAdding" classname="LocalCMCTests" time="0.0"/>
  <testcase name="TestALotOfAdding" classname="LocalCMCTests" time="0.0"/>
  <testcase name="TestALotOfAdding" classname="LocalCMCTests" time="0.001"/>
  <testcase name="TestALotOfAdding" classname="LocalCMCTests" time="0.001"/>
  <testcase name="TestALotOfAdding" classname="LocalCMCTests" time="0.001"/>
  <testcase name="TestALotOfAdding" classname="LocalCMCTests" time="0.001"/>
  <testcase name="TestALotOfAdding" classname="LocalCMCTests" time="0.001"/>
  <testcase name="TestALotOfAdding" classname="LocalCMCTests" time="0.001"/>
  <testcase name="TestALotOfAdding" classname="LocalCMCTests" time="0.001"/>
  <testcase name="TestALotOfAdding" classname="LocalCMCTests" time="0.0"/>
  <testcase name="TestALotOfAdding" classname="LocalCMCTests" time="0.0"/>
  <testcase name="TestALotOfAdding" classname="LocalCMCTests" time="0.0"/>
  <testcase name="TestALotOfAdding" classname="LocalCMCTests" time="0.001"/>
  <testcase name="TestALotOfAdding" classname="LocalCMCTests" time="0.0"/>
  <testcase name="TestALotOfAdding" classname="LocalCMCTests" time="0.0"/>
  <testcase name="TestALotOfAdding" classname="LocalCMCTests" time="0.001"/>
  <testcase name="TestALotOfAdding" classname="LocalCMCTests" time="0.001"/>
  <testcase name="TestALotOfAdding" classname="LocalCMCTests" time="0.001"/>
  <testcase name="TestALotOfAdding" classname="LocalCMCTests" time="0.001"/>
  <testcase name="TestALotOfAdding" classname="LocalCMCTests" time="0.001"/>
  <testcase name="TestALotOfAdding" classname="LocalCMCTests" time="0.0"/>
  <testcase name="TestALotOfAdding" classname="LocalCMCTests" time="0.002"/>
  <testcase name="TestALotOfAdding" classname="LocalCMCTests" time="0.001"/>
  <testcase name="TestALotOfAdding" classname="LocalCMCTests" time="0.0"/>
  <testcase name="TestALotOfAdding" classname="LocalCMCTests" time="0.0"/>
  <testcase name="TestALotOfAdding" classname="LocalCMCTests" time="0.0"/>
  <testcase name="TestALotOfAdding" classname="LocalCMCTests" time="0.0"/>
  <testcase name="TestALotOfAdding" classname="LocalCMCTests" time="0.0"/>
  <testcase name="TestALotOfAdding" classname="LocalCMCTests" time="0.0"/>
  <testcase name="TestALotOfAdding" classname="LocalCMCTests" time="0.001"/>
  <testcase name="TestALotOfAdding" classname="LocalCMCTests" time="0.002"/>
  <testcase name="TestALotOfAdding" classname="LocalCMCTests" time="0.0"/>
  <testcase name="TestALotOfAdding" classname="LocalCMCTests" time="0.0"/>
  <testcase name="TestALotOfAdding" classname="LocalCMCTests" time="0.0"/>
  <testcase name="TestALotOfAdding" classname="LocalCMCTests" time="0.0"/>
  <testcase name="TestALotOfAdding" classname="LocalCMCTests" time="0.002"/>
  <testcase name="TestALotOfAdding" classname="LocalCMCTests" time="0.002"/>
  <testcase name="TestALotOfAdding" classname="LocalCMCTests" time="0.001"/>
  <testcase name="TestALotOfAdding" classname="LocalCMCTests" time="0.001"/>
  <testcase name="TestALotOfAdding" classname="LocalCMCTests" time="0.0"/>
  <testcase name="TestALotOfAdding" classname="LocalCMCTests" time="0.001"/>
  <testcase name="TestALotOfAdding" classname="LocalCMCTests" time="0.002"/>
  <testcase name="TestALotOfAdding" classname="LocalCMCTests" time="0.001"/>
  <testcase name="TestALotOfAdding" classname="LocalCMCTests" time="0.0"/>
  <testcase name="TestALotOfAdding" classname="LocalCMCTests" time="0.0"/>
  <testcase name="TestALotOfAdding" classname="LocalCMCTests" time="0.001"/>
  <testcase name="TestALotOfAdding" classname="LocalCMCTests" time="0.001"/>
  <testcase name="TestALotOfAdding" classname="LocalCMCTests" time="0.001"/>
  <testcase name="TestALotOfAdding" classname="LocalCMCTests" time="0.001"/>
  <testcase name="TestALotOfAdding" classname="LocalCMCTests" time="0.002"/>
  <testcase name="TestALotOfAdding" classname="LocalCMCTests" time="0.001"/>
  <testcase name="TestALotOfAdding" classname="LocalCMCTests" time="0.0"/>
  <testcase name="TestALotOfAdding" classname="LocalCMCTests" time="0.001"/>
  <testcase name="TestALotOfAdding" classname="LocalCMCTests" time="0.0"/>
  <testcase name="TestALotOfAdding" classname="LocalCMCTests" time="0.001"/>
  <testcase name="TestALotOfAdding" classname="LocalCMCTests" time="0.0"/>
  <testcase name="TestALotOfAdding" classname="LocalCMCTests" time="0.0"/>
  <testcase name="TestALotOfAdding" classname="LocalCMCTests" time="0.0"/>
  <testcase name="TestALotOfAdding" classname="LocalCMCTests" time="0.001"/>
  <testcase name="TestALotOfAdding" classname="LocalCMCTests" time="0.001"/>
  <testcase name="TestALotOfAdding" classname="LocalCMCTests" time="0.001"/>
  <testcase name="TestALotOfAdding" classname="LocalCMCTests" time="0.0"/>
  <testcase name="TestALotOfAdding" classname="LocalCMCTests" time="0.001"/>
  <testcase name="TestALotOfAdding" classname="LocalCMCTests" time="0.001"/>
  <testcase name="TestALotOfAdding" classname="LocalCMCTests" time="0.0"/>
  <testcase name="TestALotOfAdding" classname="LocalCMCTests" time="0.001"/>
  <testcase name="TestALotOfAdding" classname="LocalCMCTests" time="0.0"/>
  <testcase name="TestALotOfAdding" classname="LocalCMCTests" time="0.0"/>
  <testcase name="TestALotOfAdding" classname="LocalCMCTests" time="0.002"/>
  <testcase name="TestALotOfAdding" classname="LocalCMCTests" time="0.003"/>
  <testcase name="TestALotOfAdding" classname="LocalCMCTests" time="0.0"/>
  <testcase name="TestALotOfAdding" classname="LocalCMCTests" time="0.001"/>
  <testcase name="TestALotOfAdding" classname="LocalCMCTests" time="0.002"/>
  <testcase name="TestALotOfAdding" classname="LocalCMCTests" time="0.0"/>
  <testcase name="TestALotOfAdding" classname="LocalCMCTests" time="0.001"/>
  <testcase name="TestALotOfAdding" classname="LocalCMCTests" time="0.002"/>
  <testcase name="TestALotOfAdding" classname="LocalCMCTests" time="0.001"/>
  <testcase name="TestALotOfAdding" classname="LocalCMCTests" time="0.001"/>
  <testcase name="TestALotOfAdding" classname="LocalCMCTests" time="0.002"/>
  <testcase name="TestALotOfAdding" classname="LocalCMCTests" time="0.001"/>
  <testcase name="TestALotOfAdding" classname="LocalCMCTests" time="0.0"/>
  <testcase name="TestALotOfAdding" classname="LocalCMCTests" time="0.0"/>
  <testcase name="TestALotOfAdding" classname="LocalCMCTests" time="0.0"/>
  <testcase name="TestALotOfAdding" classname="LocalCMCTests" time="0.0"/>
  <testcase name="TestALotOfAdding" classname="LocalCMCTests" time="0.0"/>
  <testcase name="TestALotOfAdding" classname="LocalCMCTests" time="0.0"/>
  <testcase name="TestALotOfAdding" classname="LocalCMCTests" time="0.0"/>
  <testcase name="TestALotOfAdding" classname="LocalCMCTests" time="0.001"/>
  <testcase name="TestALotOfAdding" classname="LocalCMCTests" time="0.001"/>
  <testcase name="TestALotOfAdding" classname="LocalCMCTests" time="0.001"/>
  <testcase name="TestALotOfAdding" classname="LocalCMCTests" time="0.001"/>
  <testcase name="TestALotOfAdding" classname="LocalCMCTests" time="0.001"/>
  <testcase name="TestALotOfAdding" classname="LocalCMCTests" time="0.001"/>
  <testcase name="TestALotOfAdding" classname="LocalCMCTests" time="0.0"/>
  <testcase name="TestALotOfAdding" classname="LocalCMCTests" time="0.0"/>
  <testcase name="TestALotOfAdding" classname="LocalCMCTests" time="0.001"/>
  <testcase name="TestALotOfAdding" classname="LocalCMCTests" time="0.001"/>
  <testcase name="TestALotOfAdding" classname="LocalCMCTests" time="0.0"/>
  <testcase name="TestALotOfAdding" classname="LocalCMCTests" time="0.001"/>
  <testcase name="TestALotOfAdding" classname="LocalCMCTests" time="0.0"/>
  <testcase name="TestALotOfAdding" classname="LocalCMCTests" time="0.001"/>
  <testcase name="TestALotOfAdding" classname="LocalCMCTests" time="0.0"/>
  <testcase name="TestALotOfAdding" classname="LocalCMCTests" time="0.001"/>
  <testcase name="TestALotOfAdding" classname="LocalCMCTests" time="0.001"/>
  <testcase name="TestALotOfAdding" classname="LocalCMCTests" time="0.001"/>
  <testcase name="TestALotOfAdding" classname="LocalCMCTests" time="0.0"/>
  <testcase name="TestALotOfAdding" classname="LocalCMCTests" time="0.0"/>
  <testcase name="TestALotOfAdding" classname="LocalCMCTests" time="0.0"/>
  <testcase name="TestALotOfAdding" classname="LocalCMCTests" time="0.001"/>
  <testcase name="TestALotOfAdding" classname="LocalCMCTests" time="0.001"/>
  <testcase name="TestALotOfAdding" classname="LocalCMCTests" time="0.001"/>
  <testcase name="TestALotOfAdding" classname="LocalCMCTests" time="0.001"/>
  <testcase name="TestALotOfAdding" classname="LocalCMCTests" time="0.0"/>
  <testcase name="TestALotOfAdding" classname="LocalCMCTests" time="0.0"/>
  <testcase name="TestALotOfAdding" classname="LocalCMCTests" time="0.001"/>
  <testcase name="TestALotOfAdding" classname="LocalCMCTests" time="0.001"/>
  <testcase name="TestALotOfAdding" classname="LocalCMCTests" time="0.0"/>
  <testcase name="TestALotOfAdding" classname="LocalCMCTests" time="0.001"/>
  <testcase name="TestALotOfAdding" classname="LocalCMCTests" time="0.001"/>
  <testcase name="TestALotOfAdding" classname="LocalCMCTests" time="0.0"/>
  <testcase name="TestALotOfAdding" classname="LocalCMCTests" time="0.002"/>
  <testcase name="TestALotOfAdding" classname="LocalCMCTests" time="0.001"/>
  <testcase name="TestALotOfAdding" classname="LocalCMCTests" time="0.001"/>
  <testcase name="TestALotOfAdding" classname="LocalCMCTests" time="0.001"/>
  <testcase name="TestALotOfAdding" classname="LocalCMCTests" time="0.0"/>
  <testcase name="TestALotOfAdding" classname="LocalCMCTests" time="0.0"/>
  <testcase name="TestALotOfAdding" classname="LocalCMCTests" time="0.0"/>
  <testcase name="TestALotOfAdding" classname="LocalCMCTests" time="0.001"/>
  <testcase name="TestALotOfAdding" classname="LocalCMCTests" time="0.0"/>
  <testcase name="TestALotOfAdding" classname="LocalCMCTests" time="0.001"/>
  <testcase name="TestALotOfAdding" classname="LocalCMCTests" time="0.0"/>
  <testcase name="TestALotOfAdding" classname="LocalCMCTests" time="0.001"/>
  <testcase name="TestALotOfAdding" classname="LocalCMCTests" time="0.001"/>
  <testcase name="TestALotOfAdding" classname="LocalCMCTests" time="0.001"/>
  <testcase name="TestALotOfAdding" classname="LocalCMCTests" time="0.001"/>
  <testcase name="TestALotOfAdding" classname="LocalCMCTests" time="0.001"/>
  <testcase name="TestALotOfAdding" classname="LocalCMCTests" time="0.0"/>
  <testcase name="TestALotOfAdding" classname="LocalCMCTests" time="0.0"/>
  <testcase name="TestALotOfAdding" classname="LocalCMCTests" time="0.001"/>
  <testcase name="TestALotOfAdding" classname="LocalCMCTests" time="0.001"/>
  <testcase name="TestALotOfAdding" classname="LocalCMCTests" time="0.0"/>
  <testcase name="TestALotOfAdding" classname="LocalCMCTests" time="0.001"/>
  <testcase name="TestALotOfAdding" classname="LocalCMCTests" time="0.0"/>
  <testcase name="TestALotOfAdding" classname="LocalCMCTests" time="0.0"/>
  <testcase name="TestALotOfAdding" classname="LocalCMCTests" time="0.0"/>
  <testcase name="TestALotOfAdding" classname="LocalCMCTests" time="0.0"/>
  <testcase name="TestALotOfAdding" classname="LocalCMCTests" time="0.001"/>
  <testcase name="TestALotOfAdding" classname="LocalCMCTests" time="0.002"/>
  <testcase name="TestALotOfAdding" classname="LocalCMCTests" time="0.002"/>
  <testcase name="TestALotOfAdding" classname="LocalCMCTests" time="0.001"/>
  <testcase name="TestALotOfAdding" classname="LocalCMCTests" time="0.0"/>
  <testcase name="TestALotOfAdding" classname="LocalCMCTests" time="0.001"/>
  <testcase name="TestALotOfAdding" classname="LocalCMCTests" time="0.001"/>
  <testcase name="TestALotOfAdding" classname="LocalCMCTests" time="0.0"/>
  <testcase name="TestALotOfAdding" classname="LocalCMCTests" time="0.001"/>
  <testcase name="TestALotOfAdding" classname="LocalCMCTests" time="0.001"/>
  <testcase name="TestALotOfAdding" classname="LocalCMCTests" time="0.001"/>
  <testcase name="TestALotOfAdding" classname="LocalCMCTests" time="0.0"/>
  <testcase name="TestALotOfAdding" classname="LocalCMCTests" time="0.0"/>
  <testcase name="TestALotOfAdding" classname="LocalCMCTests" time="0.0"/>
  <testcase name="TestALotOfAdding" classname="LocalCMCTests" time="0.0"/>
  <testcase name="TestALotOfAdding" classname="LocalCMCTests" time="0.0"/>
  <testcase name="TestALotOfAdding" classname="LocalCMCTests" time="0.001"/>
  <testcase name="TestALotOfAdding" classname="LocalCMCTests" time="0.001"/>
  <testcase name="TestALotOfAdding" classname="LocalCMCTests" time="0.001"/>
  <testcase name="TestALotOfAdding" classname="LocalCMCTests" time="0.001"/>
  <testcase name="TestALotOfAdding" classname="LocalCMCTests" time="0.0"/>
  <testcase name="TestALotOfAdding" classname="LocalCMCTests" time="0.003"/>
  <testcase name="TestALotOfAdding" classname="LocalCMCTests" time="0.0"/>
  <testcase name="TestALotOfAdding" classname="LocalCMCTests" time="0.0"/>
  <testcase name="TestALotOfAdding" classname="LocalCMCTests" time="0.001"/>
  <testcase name="TestALotOfAdding" classname="LocalCMCTests" time="0.001"/>
  <testcase name="TestALotOfAdding" classname="LocalCMCTests" time="0.0"/>
  <testcase name="TestALotOfAdding" classname="LocalCMCTests" time="0.001"/>
  <testcase name="TestALotOfAdding" classname="LocalCMCTests" time="0.001"/>
  <testcase name="TestALotOfAdding" classname="LocalCMCTests" time="0.001"/>
  <testcase name="TestALotOfAdding" classname="LocalCMCTests" time="0.0"/>
  <testcase name="TestALotOfAdding" classname="LocalCMCTests" time="0.001"/>
  <testcase name="TestALotOfAdding" classname="LocalCMCTests" time="0.002"/>
  <testcase name="TestALotOfAdding" classname="LocalCMCTests" time="0.001"/>
  <testcase name="TestALotOfAdding" classname="LocalCMCTests" time="0.001"/>
  <testcase name="TestALotOfAdding" classname="LocalCMCTests" time="0.0"/>
  <testcase name="TestALotOfAdding" classname="LocalCMCTests" time="0.001"/>
  <testcase name="TestALotOfAdding" classname="LocalCMCTests" time="0.001"/>
  <testcase name="TestALotOfAdding" classname="LocalCMCTests" time="0.0"/>
  <testcase name="TestALotOfAdding" classname="LocalCMCTests" time="0.0"/>
  <testcase name="TestALotOfAdding" classname="LocalCMCTests" time="0.0"/>
  <testcase name="TestALotOfAdding" classname="LocalCMCTests" time="0.001"/>
  <testcase name="TestALotOfAdding" classname="LocalCMCTests" time="0.0"/>
  <testcase name="TestALotOfAdding" classname="LocalCMCTests" time="0.0"/>
  <testcase name="TestALotOfAdding" classname="LocalCMCTests" time="0.0"/>
  <testcase name="TestALotOfAdding" classname="LocalCMCTests" time="0.001"/>
  <testcase name="TestALotOfAdding" classname="LocalCMCTests" time="0.0"/>
  <testcase name="TestALotOfAdding" classname="LocalCMCTests" time="0.001"/>
  <testcase name="TestALotOfAdding" classname="LocalCMCTests" time="0.001"/>
  <testcase name="TestALotOfAdding" classname="LocalCMCTests" time="0.002"/>
  <testcase name="TestALotOfAdding" classname="LocalCMCTests" time="0.002"/>
  <testcase name="TestALotOfAdding" classname="LocalCMCTests" time="0.0"/>
  <testcase name="TestALotOfAdding" classname="LocalCMCTests" time="0.0"/>
  <testcase name="TestALotOfAdding" classname="LocalCMCTests" time="0.0"/>
  <testcase name="TestALotOfAdding" classname="LocalCMCTests" time="0.0"/>
  <testcase name="TestALotOfAdding" classname="LocalCMCTests" time="0.001"/>
  <testcase name="TestALotOfAdding" classname="LocalCMCTests" time="0.0"/>
  <testcase name="TestALotOfAdding" classname="LocalCMCTests" time="0.001"/>
  <testcase name="TestALotOfAdding" classname="LocalCMCTests" time="0.001"/>
  <testcase name="TestALotOfAdding" classname="LocalCMCTests" time="0.0"/>
  <testcase name="TestALotOfAdding" classname="LocalCMCTests" time="0.0"/>
  <testcase name="TestALotOfAdding" classname="LocalCMCTests" time="0.0"/>
  <testcase name="TestALotOfAdding" classname="LocalCMCTests" time="0.002"/>
  <testcase name="TestALotOfAdding" classname="LocalCMCTests" time="0.001"/>
  <testcase name="TestALotOfAdding" classname="LocalCMCTests" time="0.002"/>
  <testcase name="TestALotOfAdding" classname="LocalCMCTests" time="0.002"/>
  <testcase name="TestALotOfAdding" classname="LocalCMCTests" time="0.0"/>
  <testcase name="TestALotOfAdding" classname="LocalCMCTests" time="0.0"/>
  <testcase name="TestALotOfAdding" classname="LocalCMCTests" time="0.001"/>
  <testcase name="TestALotOfAdding" classname="LocalCMCTests" time="0.001"/>
  <testcase name="TestALotOfAdding" classname="LocalCMCTests" time="0.001"/>
  <testcase name="TestALotOfAdding" classname="LocalCMCTests" time="0.0"/>
  <testcase name="TestALotOfAdding" classname="LocalCMCTests" time="0.0"/>
  <testcase name="TestALotOfAdding" classname="LocalCMCTests" time="0.0"/>
  <testcase name="TestALotOfAdding" classname="LocalCMCTests" time="0.0"/>
  <testcase name="TestALotOfAdding" classname="LocalCMCTests" time="0.0"/>
  <testcase name="TestALotOfAdding" classname="LocalCMCTests" time="0.0"/>
  <testcase name="TestALotOfAdding" classname="LocalCMCTests" time="0.001"/>
  <testcase name="TestALotOfAdding" classname="LocalCMCTests" time="0.0"/>
  <testcase name="TestALotOfAdding" classname="LocalCMCTests" time="0.002"/>
  <testcase name="TestALotOfAdding" classname="LocalCMCTests" time="0.0"/>
  <testcase name="TestALotOfAdding" classname="LocalCMCTests" time="0.001"/>
  <testcase name="TestALotOfAdding" classname="LocalCMCTests" time="0.001"/>
  <testcase name="TestALotOfAdding" classname="LocalCMCTests" time="0.001"/>
  <testcase name="TestALotOfAdding" classname="LocalCMCTests" time="0.001"/>
  <testcase name="TestALotOfAdding" classname="LocalCMCTests" time="0.001"/>
  <testcase name="TestALotOfAdding" classname="LocalCMCTests" time="0.002"/>
  <testcase name="TestALotOfAdding" classname="LocalCMCTests" time="0.0"/>
  <testcase name="TestALotOfAdding" classname="LocalCMCTests" time="0.001"/>
  <testcase name="TestALotOfAdding" classname="LocalCMCTests" time="0.0"/>
  <testcase name="TestALotOfAdding" classname="LocalCMCTests" time="0.0"/>
  <testcase name="TestALotOfAdding" classname="LocalCMCTests" time="0.0"/>
  <testcase name="TestALotOfAdding" classname="LocalCMCTests" time="0.001"/>
  <testcase name="TestALotOfAdding" classname="LocalCMCTests" time="0.0"/>
  <testcase name="TestALotOfAdding" classname="LocalCMCTests" time="0.001"/>
  <testcase name="TestALotOfAdding" classname="LocalCMCTests" time="0.0"/>
  <testcase name="TestALotOfAdding" classname="LocalCMCTests" time="0.0"/>
  <testcase name="TestALotOfAdding" classname="LocalCMCTests" time="0.001"/>
  <testcase name="TestALotOfAdding" classname="LocalCMCTests" time="0.001"/>
  <testcase name="TestALotOfAdding" classname="LocalCMCTests" time="0.0"/>
  <testcase name="TestALotOfAdding" classname="LocalCMCTests" time="0.001"/>
  <testcase name="TestALotOfAdding" classname="LocalCMCTests" time="0.001"/>
  <testcase name="TestALotOfAdding" classname="LocalCMCTests" time="0.0"/>
  <testcase name="TestALotOfAdding" classname="LocalCMCTests" time="0.001"/>
  <testcase name="TestALotOfAdding" classname="LocalCMCTests" time="0.001"/>
  <testcase name="TestALotOfAdding" classname="LocalCMCTests" time="0.001"/>
  <testcase name="TestALotOfAdding" classname="LocalCMCTests" time="0.0"/>
  <testcase name="TestALotOfAdding" classname="LocalCMCTests" time="0.0"/>
  <testcase name="TestALotOfAdding" classname="LocalCMCTests" time="0.0"/>
  <testcase name="TestALotOfAdding" classname="LocalCMCTests" time="0.0"/>
  <testcase name="TestALotOfAdding" classname="LocalCMCTests" time="0.0"/>
  <testcase name="TestALotOfAdding" classname="LocalCMCTests" time="0.001"/>
  <testcase name="TestALotOfAdding" classname="LocalCMCTests" time="0.002"/>
  <testcase name="TestALotOfAdding" classname="LocalCMCTests" time="0.001"/>
  <testcase name="TestALotOfAdding" classname="LocalCMCTests" time="0.0"/>
  <testcase name="TestALotOfAdding" classname="LocalCMCTests" time="0.002"/>
  <testcase name="TestALotOfAdding" classname="LocalCMCTests" time="0.002"/>
  <testcase name="TestALotOfAdding" classname="LocalCMCTests" time="0.0"/>
  <testcase name="TestALotOfAdding" classname="LocalCMCTests" time="0.0"/>
  <testcase name="TestALotOfAdding" classname="LocalCMCTests" time="0.0"/>
  <testcase name="TestALotOfAdding" classname="LocalCMCTests" time="0.0"/>
  <testcase name="TestALotOfAdding" classname="LocalCMCTests" time="0.001"/>
  <testcase name="TestALotOfAdding" classname="LocalCMCTests" time="0.001"/>
  <testcase name="TestALotOfAdding" classname="LocalCMCTests" time="0.0"/>
  <testcase name="TestALotOfAdding" classname="LocalCMCTests" time="0.0"/>
  <testcase name="TestALotOfAdding" classname="LocalCMCTests" time="0.001"/>
  <testcase name="TestALotOfAdding" classname="LocalCMCTests" time="0.0"/>
  <testcase name="TestALotOfAdding" classname="LocalCMCTests" time="0.001"/>
  <testcase name="TestALotOfAdding" classname="LocalCMCTests" time="0.001"/>
  <testcase name="TestALotOfAdding" classname="LocalCMCTests" time="0.002"/>
  <testcase name="TestALotOfAdding" classname="LocalCMCTests" time="0.001"/>
  <testcase name="TestALotOfAdding" classname="LocalCMCTests" time="0.001"/>
  <testcase name="TestALotOfAdding" classname="LocalCMCTests" time="0.001"/>
  <testcase name="TestALotOfAdding" classname="LocalCMCTests" time="0.001"/>
  <testcase name="TestALotOfAdding" classname="LocalCMCTests" time="0.0"/>
  <testcase name="TestALotOfAdding" classname="LocalCMCTests" time="0.0"/>
  <testcase name="TestALotOfAdding" classname="LocalCMCTests" time="0.001"/>
  <testcase name="TestALotOfAdding" classname="LocalCMCTests" time="0.001"/>
  <testcase name="TestALotOfAdding" classname="LocalCMCTests" time="0.0"/>
  <testcase name="TestALotOfAdding" classname="LocalCMCTests" time="0.0"/>
  <testcase name="TestALotOfAdding" classname="LocalCMCTests" time="0.001"/>
  <testcase name="TestALotOfAdding" classname="LocalCMCTests" time="0.0"/>
  <testcase name="TestALotOfAdding" classname="LocalCMCTests" time="0.0"/>
  <testcase name="TestALotOfAdding" classname="LocalCMCTests" time="0.0"/>
  <testcase name="TestALotOfAdding" classname="LocalCMCTests" time="0.001"/>
  <testcase name="TestALotOfAdding" classname="LocalCMCTests" time="0.001"/>
  <testcase name="TestALotOfAdding" classname="LocalCMCTests" time="0.002"/>
  <testcase name="TestALotOfAdding" classname="LocalCMCTests" time="0.0"/>
  <testcase name="TestALotOfAdding" classname="LocalCMCTests" time="0.001"/>
  <testcase name="TestALotOfAdding" classname="LocalCMCTests" time="0.0"/>
  <testcase name="TestALotOfAdding" classname="LocalCMCTests" time="0.001"/>
  <testcase name="TestALotOfAdding" classname="LocalCMCTests" time="0.0"/>
  <testcase name="TestALotOfAdding" classname="LocalCMCTests" time="0.001"/>
  <testcase name="TestALotOfAdding" classname="LocalCMCTests" time="0.001"/>
  <testcase name="TestALotOfAdding" classname="LocalCMCTests" time="0.001"/>
  <testcase name="TestALotOfAdding" classname="LocalCMCTests" time="0.001"/>
  <testcase name="TestALotOfAdding" classname="LocalCMCTests" time="0.0"/>
  <testcase name="TestALotOfAdding" classname="LocalCMCTests" time="0.001"/>
  <testcase name="TestALotOfAdding" classname="LocalCMCTests" time="0.001"/>
  <testcase name="TestALotOfAdding" classname="LocalCMCTests" time="0.001"/>
  <testcase name="TestALotOfAdding" classname="LocalCMCTests" time="0.0"/>
  <testcase name="TestALotOfAdding" classname="LocalCMCTests" time="0.001"/>
  <testcase name="TestALotOfAdding" classname="LocalCMCTests" time="0.0"/>
  <testcase name="TestALotOfAdding" classname="LocalCMCTests" time="0.002"/>
  <testcase name="TestALotOfAdding" classname="LocalCMCTests" time="0.0"/>
  <testcase name="TestALotOfAdding" classname="LocalCMCTests" time="0.001"/>
  <testcase name="TestALotOfAdding" classname="LocalCMCTests" time="0.0"/>
  <testcase name="TestALotOfAdding" classname="LocalCMCTests" time="0.001"/>
  <testcase name="TestALotOfAdding" classname="LocalCMCTests" time="0.001"/>
  <testcase name="TestALotOfAdding" classname="LocalCMCTests" time="0.001"/>
  <testcase name="TestALotOfAdding" classname="LocalCMCTests" time="0.001"/>
  <testcase name="TestALotOfAdding" classname="LocalCMCTests" time="0.001"/>
  <testcase name="TestALotOfAdding" classname="LocalCMCTests" time="0.001"/>
  <testcase name="TestALotOfAdding" classname="LocalCMCTests" time="0.0"/>
  <testcase name="TestALotOfAdding" classname="LocalCMCTests" time="0.001"/>
  <testcase name="TestALotOfAdding" classname="LocalCMCTests" time="0.001"/>
  <testcase name="TestALotOfAdding" classname="LocalCMCTests" time="0.001"/>
  <testcase name="TestALotOfAdding" classname="LocalCMCTests" time="0.001"/>
  <testcase name="TestALotOfAdding" classname="LocalCMCTests" time="0.0"/>
  <testcase name="TestALotOfAdding" classname="LocalCMCTests" time="0.001"/>
  <testcase name="TestALotOfAdding" classname="LocalCMCTests" time="0.0"/>
  <testcase name="TestALotOfAdding" classname="LocalCMCTests" time="0.001"/>
  <testcase name="TestALotOfAdding" classname="LocalCMCTests" time="0.0"/>
  <testcase name="TestALotOfAdding" classname="LocalCMCTests" time="0.0"/>
  <testcase name="TestALotOfAdding" classname="LocalCMCTests" time="0.0"/>
  <testcase name="TestALotOfAdding" classname="LocalCMCTests" time="0.001"/>
  <testcase name="TestALotOfAdding" classname="LocalCMCTests" time="0.001"/>
  <testcase name="TestALotOfAdding" classname="LocalCMCTests" time="0.002"/>
  <testcase name="TestALotOfAdding" classname="LocalCMCTests" time="0.0"/>
  <testcase name="TestALotOfAdding" classname="LocalCMCTests" time="0.0"/>
  <testcase name="TestALotOfAdding" classname="LocalCMCTests" time="0.0"/>
  <testcase name="TestALotOfAdding" classname="LocalCMCTests" time="0.001"/>
  <testcase name="TestALotOfAdding" classname="LocalCMCTests" time="0.0"/>
  <testcase name="TestALotOfAdding" classname="LocalCMCTests" time="0.001"/>
  <testcase name="TestALotOfAdding" classname="LocalCMCTests" time="0.001"/>
  <testcase name="TestALotOfAdding" classname="LocalCMCTests" time="0.001"/>
  <testcase name="TestALotOfAdding" classname="LocalCMCTests" time="0.002"/>
  <testcase name="TestALotOfAdding" classname="LocalCMCTests" time="0.001"/>
  <testcase name="TestALotOfAdding" classname="LocalCMCTests" time="0.001"/>
  <testcase name="TestALotOfAdding" classname="LocalCMCTests" time="0.001"/>
  <testcase name="TestALotOfAdding" classname="LocalCMCTests" time="0.001"/>
  <testcase name="TestALotOfAdding" classname="LocalCMCTests" time="0.001"/>
  <testcase name="TestALotOfAdding" classname="LocalCMCTests" time="0.001"/>
  <testcase name="TestALotOfAdding" classname="LocalCMCTests" time="0.0"/>
  <testcase name="TestALotOfAdding" classname="LocalCMCTests" time="0.001"/>
  <testcase name="TestALotOfAdding" classname="LocalCMCTests" time="0.0"/>
  <testcase name="TestALotOfAdding" classname="LocalCMCTests" time="0.001"/>
  <testcase name="TestALotOfAdding" classname="LocalCMCTests" time="0.0"/>
  <testcase name="TestALotOfAdding" classname="LocalCMCTests" time="0.0"/>
  <testcase name="TestALotOfAdding" classname="LocalCMCTests" time="0.0"/>
  <testcase name="TestALotOfAdding" classname="LocalCMCTests" time="0.0"/>
  <testcase name="TestALotOfAdding" classname="LocalCMCTests" time="0.0"/>
  <testcase name="TestALotOfAdding" classname="LocalCMCTests" time="0.001"/>
  <testcase name="TestALotOfAdding" classname="LocalCMCTests" time="0.003"/>
  <testcase name="TestALotOfAdding" classname="LocalCMCTests" time="0.002"/>
  <testcase name="TestALotOfAdding" classname="LocalCMCTests" time="0.001"/>
  <testcase name="TestALotOfAdding" classname="LocalCMCTests" time="0.001"/>
  <testcase name="TestALotOfAdding" classname="LocalCMCTests" time="0.001"/>
  <testcase name="TestALotOfAdding" classname="LocalCMCTests" time="0.0"/>
  <testcase name="TestALotOfAdding" classname="LocalCMCTests" time="0.0"/>
  <testcase name="TestALotOfAdding" classname="LocalCMCTests" time="0.001"/>
  <testcase name="TestALotOfAdding" classname="LocalCMCTests" time="0.001"/>
  <testcase name="TestALotOfAdding" classname="LocalCMCTests" time="0.0"/>
  <testcase name="TestALotOfAdding" classname="LocalCMCTests" time="0.001"/>
  <testcase name="TestALotOfAdding" classname="LocalCMCTests" time="0.0"/>
  <testcase name="TestALotOfAdding" classname="LocalCMCTests" time="0.0"/>
  <testcase name="TestALotOfAdding" classname="LocalCMCTests" time="0.0"/>
  <testcase name="TestALotOfAdding" classname="LocalCMCTests" time="0.0"/>
  <testcase name="TestALotOfAdding" classname="LocalCMCTests" time="0.001"/>
  <testcase name="TestALotOfAdding" classname="LocalCMCTests" time="0.0"/>
  <testcase name="TestALotOfAdding" classname="LocalCMCTests" time="0.0"/>
  <testcase name="TestALotOfAdding" classname="LocalCMCTests" time="0.0"/>
  <testcase name="TestALotOfAdding" classname="LocalCMCTests" time="0.001"/>
  <testcase name="TestALotOfAdding" classname="LocalCMCTests" time="0.0"/>
  <testcase name="TestALotOfAdding" classname="LocalCMCTests" time="0.002"/>
  <testcase name="TestALotOfAdding" classname="LocalCMCTests" time="0.001"/>
  <testcase name="TestALotOfAdding" classname="LocalCMCTests" time="0.001"/>
  <testcase name="TestALotOfAdding" classname="LocalCMCTests" time="0.001"/>
  <testcase name="TestALotOfAdding" classname="LocalCMCTests" time="0.002"/>
  <testcase name="TestALotOfAdding" classname="LocalCMCTests" time="0.0"/>
  <testcase name="TestALotOfAdding" classname="LocalCMCTests" time="0.0"/>
  <testcase name="TestALotOfAdding" classname="LocalCMCTests" time="0.0"/>
  <testcase name="TestALotOfAdding" classname="LocalCMCTests" time="0.0"/>
  <testcase name="TestALotOfAdding" classname="LocalCMCTests" time="0.001"/>
  <testcase name="TestALotOfAdding" classname="LocalCMCTests" time="0.001"/>
  <testcase name="TestALotOfAdding" classname="LocalCMCTests" time="0.001"/>
  <testcase name="TestALotOfAdding" classname="LocalCMCTests" time="0.0"/>
  <testcase name="TestALotOfAdding" classname="LocalCMCTests" time="0.002"/>
  <testcase name="TestALotOfAdding" classname="LocalCMCTests" time="0.001"/>
  <testcase name="TestALotOfAdding" classname="LocalCMCTests" time="0.0"/>
  <testcase name="TestALotOfAdding" classname="LocalCMCTests" time="0.0"/>
  <testcase name="TestALotOfAdding" classname="LocalCMCTests" time="0.0"/>
  <testcase name="TestALotOfAdding" classname="LocalCMCTests" time="0.0"/>
  <testcase name="TestALotOfAdding" classname="LocalCMCTests" time="0.0"/>
  <testcase name="TestALotOfAdding" classname="LocalCMCTests" time="0.0"/>
  <testcase name="TestALotOfAdding" classname="LocalCMCTests" time="0.0"/>
  <testcase name="TestALotOfAdding" classname="LocalCMCTests" time="0.001"/>
  <testcase name="TestALotOfAdding" classname="LocalCMCTests" time="0.002"/>
  <testcase name="TestALotOfAdding" classname="LocalCMCTests" time="0.0"/>
  <testcase name="TestALotOfAdding" classname="LocalCMCTests" time="0.001"/>
  <testcase name="TestALotOfAdding" classname="LocalCMCTests" time="0.003"/>
  <testcase name="TestALotOfAdding" classname="LocalCMCTests" time="0.001"/>
  <testcase name="TestALotOfAdding" classname="LocalCMCTests" time="0.0"/>
  <testcase name="TestALotOfAdding" classname="LocalCMCTests" time="0.001"/>
  <testcase name="TestALotOfAdding" classname="LocalCMCTests" time="0.001"/>
  <testcase name="TestALotOfAdding" classname="LocalCMCTests" time="0.0"/>
  <testcase name="TestALotOfAdding" classname="LocalCMCTests" time="0.001"/>
  <testcase name="TestALotOfAdding" classname="LocalCMCTests" time="0.001"/>
  <testcase name="TestALotOfAdding" classname="LocalCMCTests" time="0.001"/>
  <testcase name="TestALotOfAdding" classname="LocalCMCTests" time="0.0"/>
  <testcase name="TestALotOfAdding" classname="LocalCMCTests" time="0.0"/>
  <testcase name="TestALotOfAdding" classname="LocalCMCTests" time="0.0"/>
  <testcase name="TestALotOfAdding" classname="LocalCMCTests" time="0.001"/>
  <testcase name="TestALotOfAdding" classname="LocalCMCTests" time="0.001"/>
  <testcase name="TestALotOfAdding" classname="LocalCMCTests" time="0.002"/>
  <testcase name="TestALotOfAdding" classname="LocalCMCTests" time="0.001"/>
  <testcase name="TestALotOfAdding" classname="LocalCMCTests" time="0.001"/>
  <testcase name="TestALotOfAdding" classname="LocalCMCTests" time="0.0"/>
  <testcase name="TestALotOfAdding" classname="LocalCMCTests" time="0.0"/>
  <testcase name="TestALotOfAdding" classname="LocalCMCTests" time="0.001"/>
  <testcase name="TestALotOfAdding" classname="LocalCMCTests" time="0.0"/>
  <testcase name="TestALotOfAdding" classname="LocalCMCTests" time="0.0"/>
  <testcase name="TestALotOfAdding" classname="LocalCMCTests" time="0.001"/>
  <testcase name="TestALotOfAdding" classname="LocalCMCTests" time="0.0"/>
  <testcase name="TestALotOfAdding" classname="LocalCMCTests" time="0.0"/>
  <testcase name="TestALotOfAdding" classname="LocalCMCTests" time="0.001"/>
  <testcase name="TestALotOfAdding" classname="LocalCMCTests" time="0.001"/>
  <testcase name="TestALotOfAdding" classname="LocalCMCTests" time="0.001"/>
  <testcase name="TestALotOfAdding" classname="LocalCMCTests" time="0.0"/>
  <testcase name="TestALotOfAdding" classname="LocalCMCTests" time="0.001"/>
  <testcase name="TestALotOfAdding" classname="LocalCMCTests" time="0.001"/>
  <testcase name="TestALotOfAdding" classname="LocalCMCTests" time="0.002"/>
  <testcase name="TestALotOfAdding" classname="LocalCMCTests" time="0.0"/>
  <testcase name="TestALotOfAdding" classname="LocalCMCTests" time="0.0"/>
  <testcase name="TestALotOfAdding" classname="LocalCMCTests" time="0.0"/>
  <testcase name="TestALotOfAdding" classname="LocalCMCTests" time="0.0"/>
  <testcase name="TestALotOfAdding" classname="LocalCMCTests" time="0.001"/>
  <testcase name="TestALotOfAdding" classname="LocalCMCTests" time="0.0"/>
  <testcase name="TestALotOfAdding" classname="LocalCMCTests" time="0.001"/>
  <testcase name="TestALotOfAdding" classname="LocalCMCTests" time="0.003"/>
  <testcase name="TestALotOfAdding" classname="LocalCMCTests" time="0.001"/>
  <testcase name="TestALotOfAdding" classname="LocalCMCTests" time="0.001"/>
  <testcase name="TestALotOfAdding" classname="LocalCMCTests" time="0.0"/>
  <testcase name="TestALotOfAdding" classname="LocalCMCTests" time="0.0"/>
  <testcase name="TestALotOfAdding" classname="LocalCMCTests" time="0.0"/>
  <testcase name="TestALotOfAdding" classname="LocalCMCTests" time="0.001"/>
  <testcase name="TestALotOfAdding" classname="LocalCMCTests" time="0.001"/>
  <testcase name="TestALotOfAdding" classname="LocalCMCTests" time="0.001"/>
  <testcase name="TestALotOfAdding" classname="LocalCMCTests" time="0.002"/>
  <testcase name="TestALotOfAdding" classname="LocalCMCTests" time="0.001"/>
  <testcase name="TestALotOfAdding" classname="LocalCMCTests" time="0.0"/>
  <testcase name="TestALotOfAdding" classname="LocalCMCTests" time="0.0"/>
  <testcase name="TestALotOfAdding" classname="LocalCMCTests" time="0.0"/>
  <testcase name="TestALotOfAdding" classname="LocalCMCTests" time="0.0"/>
  <testcase name="TestALotOfAdding" classname="LocalCMCTests" time="0.0"/>
  <testcase name="TestALotOfAdding" classname="LocalCMCTests" time="0.0"/>
  <testcase name="TestALotOfAdding" classname="LocalCMCTests" time="0.002"/>
  <testcase name="TestALotOfAdding" classname="LocalCMCTests" time="0.002"/>
  <testcase name="TestALotOfAdding" classname="LocalCMCTests" time="0.001"/>
  <testcase name="TestALotOfAdding" classname="LocalCMCTests" time="0.0"/>
  <testcase name="TestALotOfAdding" classname="LocalCMCTests" time="0.001"/>
  <testcase name="TestALotOfAdding" classname="LocalCMCTests" time="0.0"/>
  <testcase name="TestALotOfAdding" classname="LocalCMCTests" time="0.0"/>
  <testcase name="TestALotOfAdding" classname="LocalCMCTests" time="0.0"/>
  <testcase name="TestALotOfAdding" classname="LocalCMCTests" time="0.0"/>
  <testcase name="TestALotOfAdding" classname="LocalCMCTests" time="0.001"/>
  <testcase name="TestALotOfAdding" classname="LocalCMCTests" time="0.0"/>
  <testcase name="TestALotOfAdding" classname="LocalCMCTests" time="0.001"/>
  <testcase name="TestALotOfAdding" classname="LocalCMCTests" time="0.001"/>
  <testcase name="TestALotOfAdding" classname="LocalCMCTests" time="0.001"/>
  <testcase name="TestALotOfAdding" classname="LocalCMCTests" time="0.0"/>
  <testcase name="TestALotOfAdding" classname="LocalCMCTests" time="0.001"/>
  <testcase name="TestALotOfAdding" classname="LocalCMCTests" time="0.002"/>
  <testcase name="TestALotOfAdding" classname="LocalCMCTests" time="0.0"/>
  <testcase name="TestALotOfAdding" classname="LocalCMCTests" time="0.001"/>
  <testcase name="TestALotOfAdding" classname="LocalCMCTests" time="0.001"/>
  <testcase name="TestALotOfAdding" classname="LocalCMCTests" time="0.001"/>
  <testcase name="TestALotOfAdding" classname="LocalCMCTests" time="0.001"/>
  <testcase name="TestALotOfAdding" classname="LocalCMCTests" time="0.0"/>
  <testcase name="TestALotOfAdding" classname="LocalCMCTests" time="0.001"/>
  <testcase name="TestALotOfAdding" classname="LocalCMCTests" time="0.001"/>
  <testcase name="TestALotOfAdding" classname="LocalCMCTests" time="0.0"/>
  <testcase name="TestALotOfAdding" classname="LocalCMCTests" time="0.0"/>
  <testcase name="TestALotOfAdding" classname="LocalCMCTests" time="0.0"/>
  <testcase name="TestALotOfAdding" classname="LocalCMCTests" time="0.0"/>
  <testcase name="TestALotOfAdding" classname="LocalCMCTests" time="0.001"/>
  <testcase name="TestALotOfAdding" classname="LocalCMCTests" time="0.001"/>
  <testcase name="TestALotOfAdding" classname="LocalCMCTests" time="0.001"/>
  <testcase name="TestALotOfAdding" classname="LocalCMCTests" time="0.001"/>
  <testcase name="TestALotOfAdding" classname="LocalCMCTests" time="0.001"/>
  <testcase name="TestALotOfAdding" classname="LocalCMCTests" time="0.001"/>
  <testcase name="TestALotOfAdding" classname="LocalCMCTests" time="0.001"/>
  <testcase name="TestALotOfAdding" classname="LocalCMCTests" time="0.001"/>
  <testcase name="TestALotOfAdding" classname="LocalCMCTests" time="0.001"/>
  <testcase name="TestALotOfAdding" classname="LocalCMCTests" time="0.0"/>
  <testcase name="TestALotOfAdding" classname="LocalCMCTests" time="0.0"/>
  <testcase name="TestALotOfAdding" classname="LocalCMCTests" time="0.0"/>
  <testcase name="TestALotOfAdding" classname="LocalCMCTests" time="0.0"/>
  <testcase name="TestALotOfAdding" classname="LocalCMCTests" time="0.001"/>
  <testcase name="TestALotOfAdding" classname="LocalCMCTests" time="0.002"/>
  <testcase name="TestALotOfAdding" classname="LocalCMCTests" time="0.0"/>
  <testcase name="TestALotOfAdding" classname="LocalCMCTests" time="0.0"/>
  <testcase name="TestALotOfAdding" classname="LocalCMCTests" time="0.0"/>
  <testcase name="TestALotOfAdding" classname="LocalCMCTests" time="0.001"/>
  <testcase name="TestALotOfAdding" classname="LocalCMCTests" time="0.001"/>
  <testcase name="TestALotOfAdding" classname="LocalCMCTests" time="0.001"/>
  <testcase name="TestALotOfAdding" classname="LocalCMCTests" time="0.0"/>
  <testcase name="TestALotOfAdding" classname="LocalCMCTests" time="0.001"/>
  <testcase name="TestALotOfAdding" classname="LocalCMCTests" time="0.0"/>
  <testcase name="TestALotOfAdding" classname="LocalCMCTests" time="0.0"/>
  <testcase name="TestALotOfAdding" classname="LocalCMCTests" time="0.0"/>
  <testcase name="TestALotOfAdding" classname="LocalCMCTests" time="0.0"/>
  <testcase name="TestALotOfAdding" classname="LocalCMCTests" time="0.001"/>
  <testcase name="TestALotOfAdding" classname="LocalCMCTests" time="0.001"/>
  <testcase name="TestALotOfAdding" classname="LocalCMCTests" time="0.001"/>
  <testcase name="TestALotOfAdding" classname="LocalCMCTests" time="0.001"/>
  <testcase name="TestALotOfAdding" classname="LocalCMCTests" time="0.001"/>
  <testcase name="TestALotOfAdding" classname="LocalCMCTests" time="0.001"/>
  <testcase name="TestALotOfAdding" classname="LocalCMCTests" time="0.001"/>
  <testcase name="TestALotOfAdding" classname="LocalCMCTests" time="0.001"/>
  <testcase name="TestALotOfAdding" classname="LocalCMCTests" time="0.001"/>
  <testcase name="TestALotOfAdding" classname="LocalCMCTests" time="0.001"/>
  <testcase name="TestALotOfAdding" classname="LocalCMCTests" time="0.001"/>
  <testcase name="TestALotOfAdding" classname="LocalCMCTests" time="0.001"/>
  <testcase name="TestALotOfAdding" classname="LocalCMCTests" time="0.001"/>
  <testcase name="TestALotOfAdding" classname="LocalCMCTests" time="0.0"/>
  <testcase name="TestALotOfAdding" classname="LocalCMCTests" time="0.0"/>
  <testcase name="TestALotOfAdding" classname="LocalCMCTests" time="0.0"/>
  <testcase name="TestALotOfAdding" classname="LocalCMCTests" time="0.0"/>
  <testcase name="TestALotOfAdding" classname="LocalCMCTests" time="0.0"/>
  <testcase name="TestALotOfAdding" classname="LocalCMCTests" time="0.001"/>
  <testcase name="TestALotOfAdding" classname="LocalCMCTests" time="0.0"/>
  <testcase name="TestALotOfAdding" classname="LocalCMCTests" time="0.001"/>
  <testcase name="TestALotOfAdding" classname="LocalCMCTests" time="0.0"/>
  <testcase name="TestALotOfAdding" classname="LocalCMCTests" time="0.001"/>
  <testcase name="TestALotOfAdding" classname="LocalCMCTests" time="0.001"/>
  <testcase name="TestALotOfAdding" classname="LocalCMCTests" time="0.001"/>
  <testcase name="TestALotOfAdding" classname="LocalCMCTests" time="0.001"/>
  <testcase name="TestALotOfAdding" classname="LocalCMCTests" time="0.001"/>
  <testcase name="TestALotOfAdding" classname="LocalCMCTests" time="0.0"/>
  <testcase name="TestALotOfAdding" classname="LocalCMCTests" time="0.0"/>
  <testcase name="TestALotOfAdding" classname="LocalCMCTests" time="0.0"/>
  <testcase name="TestALotOfAdding" classname="LocalCMCTests" time="0.0"/>
  <testcase name="TestALotOfAdding" classname="LocalCMCTests" time="0.001"/>
  <testcase name="TestALotOfAdding" classname="LocalCMCTests" time="0.001"/>
  <testcase name="TestALotOfAdding" classname="LocalCMCTests" time="0.001"/>
  <testcase name="TestALotOfAdding" classname="LocalCMCTests" time="0.0"/>
  <testcase name="TestALotOfAdding" classname="LocalCMCTests" time="0.0"/>
  <testcase name="TestALotOfAdding" classname="LocalCMCTests" time="0.0"/>
  <testcase name="TestALotOfAdding" classname="LocalCMCTests" time="0.001"/>
  <testcase name="TestALotOfAdding" classname="LocalCMCTests" time="0.001"/>
  <testcase name="TestALotOfAdding" classname="LocalCMCTests" time="0.001"/>
  <testcase name="TestALotOfAdding" classname="LocalCMCTests" time="0.0"/>
  <testcase name="TestALotOfAdding" classname="LocalCMCTests" time="0.001"/>
  <testcase name="TestALotOfAdding" classname="LocalCMCTests" time="0.001"/>
  <testcase name="TestALotOfAdding" classname="LocalCMCTests" time="0.002"/>
  <testcase name="TestALotOfAdding" classname="LocalCMCTests" time="0.0"/>
  <testcase name="TestALotOfAdding" classname="LocalCMCTests" time="0.0"/>
  <testcase name="TestALotOfAdding" classname="LocalCMCTests" time="0.0"/>
  <testcase name="TestALotOfAdding" classname="LocalCMCTests" time="0.001"/>
  <testcase name="TestALotOfAdding" classname="LocalCMCTests" time="0.0"/>
  <testcase name="TestALotOfAdding" classname="LocalCMCTests" time="0.001"/>
  <testcase name="TestALotOfAdding" classname="LocalCMCTests" time="0.002"/>
  <testcase name="TestALotOfAdding" classname="LocalCMCTests" time="0.002"/>
  <testcase name="TestALotOfAdding" classname="LocalCMCTests" time="0.002"/>
  <testcase name="TestALotOfAdding" classname="LocalCMCTests" time="0.002"/>
  <testcase name="TestALotOfAdding" classname="LocalCMCTests" time="0.0"/>
  <testcase name="TestALotOfAdding" classname="LocalCMCTests" time="0.002"/>
  <testcase name="TestALotOfAdding" classname="LocalCMCTests" time="0.002"/>
  <testcase name="TestALotOfAdding" classname="LocalCMCTests" time="0.0"/>
  <testcase name="TestALotOfAdding" classname="LocalCMCTests" time="0.0"/>
  <testcase name="TestALotOfAdding" classname="LocalCMCTests" time="0.0"/>
  <testcase name="TestALotOfAdding" classname="LocalCMCTests" time="0.0"/>
  <testcase name="TestALotOfAdding" classname="LocalCMCTests" time="0.001"/>
  <testcase name="TestALotOfAdding" classname="LocalCMCTests" time="0.003"/>
  <testcase name="TestALotOfAdding" classname="LocalCMCTests" time="0.003"/>
  <testcase name="TestALotOfAdding" classname="LocalCMCTests" time="0.0"/>
  <testcase name="TestALotOfAdding" classname="LocalCMCTests" time="0.0"/>
  <testcase name="TestALotOfAdding" classname="LocalCMCTests" time="0.003"/>
  <testcase name="TestALotOfAdding" classname="LocalCMCTests" time="0.0"/>
  <testcase name="TestALotOfAdding" classname="LocalCMCTests" time="0.0"/>
  <testcase name="TestALotOfAdding" classname="LocalCMCTests" time="0.0"/>
  <testcase name="TestALotOfAdding" classname="LocalCMCTests" time="0.005"/>
  <testcase name="TestALotOfAdding" classname="LocalCMCTests" time="0.0"/>
  <testcase name="TestALotOfAdding" classname="LocalCMCTests" time="0.0"/>
  <testcase name="TestALotOfAdding" classname="LocalCMCTests" time="0.0"/>
  <testcase name="TestALotOfAdding" classname="LocalCMCTests" time="0.0"/>
  <testcase name="TestALotOfAdding" classname="LocalCMCTests" time="0.0"/>
  <testcase name="TestALotOfAdding" classname="LocalCMCTests" time="0.0"/>
  <testcase name="TestALotOfAdding" classname="LocalCMCTests" time="0.0"/>
  <testcase name="TestALotOfAdding" classname="LocalCMCTests" time="0.0"/>
  <testcase name="TestALotOfAdding" classname="LocalCMCTests" time="0.002"/>
  <testcase name="TestALotOfAdding" classname="LocalCMCTests" time="0.002"/>
  <testcase name="TestALotOfAdding" classname="LocalCMCTests" time="0.002"/>
  <testcase name="TestALotOfAdding" classname="LocalCMCTests" time="0.001"/>
  <testcase name="TestALotOfAdding" classname="LocalCMCTests" time="0.001"/>
  <testcase name="TestALotOfAdding" classname="LocalCMCTests" time="0.001"/>
  <testcase name="TestALotOfAdding" classname="LocalCMCTests" time="0.001"/>
  <testcase name="TestALotOfAdding" classname="LocalCMCTests" time="0.001"/>
  <testcase name="TestALotOfAdding" classname="LocalCMCTests" time="0.001"/>
  <testcase name="TestALotOfAdding" classname="LocalCMCTests" time="0.0"/>
  <testcase name="TestALotOfAdding" classname="LocalCMCTests" time="0.0"/>
  <testcase name="TestALotOfAdding" classname="LocalCMCTests" time="0.0"/>
  <testcase name="TestALotOfAdding" classname="LocalCMCTests" time="0.0"/>
  <testcase name="TestALotOfAdding" classname="LocalCMCTests" time="0.001"/>
  <testcase name="TestALotOfAdding" classname="LocalCMCTests" time="0.001"/>
  <testcase name="TestALotOfAdding" classname="LocalCMCTests" time="0.001"/>
  <testcase name="TestALotOfAdding" classname="LocalCMCTests" time="0.001"/>
  <testcase name="TestALotOfAdding" classname="LocalCMCTests" time="0.001"/>
  <testcase name="TestALotOfAdding" classname="LocalCMCTests" time="0.0"/>
  <testcase name="TestALotOfAdding" classname="LocalCMCTests" time="0.001"/>
  <testcase name="TestALotOfAdding" classname="LocalCMCTests" time="0.002"/>
  <testcase name="TestALotOfAdding" classname="LocalCMCTests" time="0.001"/>
  <testcase name="TestALotOfAdding" classname="LocalCMCTests" time="0.0"/>
  <testcase name="TestALotOfAdding" classname="LocalCMCTests" time="0.0"/>
  <testcase name="TestALotOfAdding" classname="LocalCMCTests" time="0.0"/>
  <testcase name="TestALotOfAdding" classname="LocalCMCTests" time="0.0"/>
  <testcase name="TestALotOfAdding" classname="LocalCMCTests" time="0.0"/>
  <testcase name="TestALotOfAdding" classname="LocalCMCTests" time="0.0"/>
  <testcase name="TestALotOfAdding" classname="LocalCMCTests" time="0.0"/>
  <testcase name="TestALotOfAdding" classname="LocalCMCTests" time="0.001"/>
  <testcase name="TestALotOfAdding" classname="LocalCMCTests" time="0.002"/>
  <testcase name="TestALotOfAdding" classname="LocalCMCTests" time="0.001"/>
  <testcase name="TestALotOfAdding" classname="LocalCMCTests" time="0.001"/>
  <testcase name="TestALotOfAdding" classname="LocalCMCTests" time="0.001"/>
  <testcase name="TestALotOfAdding" classname="LocalCMCTests" time="0.0"/>
  <testcase name="TestALotOfAdding" classname="LocalCMCTests" time="0.001"/>
  <testcase name="TestALotOfAdding" classname="LocalCMCTests" time="0.001"/>
  <testcase name="TestALotOfAdding" classname="LocalCMCTests" time="0.0"/>
  <testcase name="TestALotOfAdding" classname="LocalCMCTests" time="0.001"/>
  <testcase name="TestALotOfAdding" classname="LocalCMCTests" time="0.001"/>
  <testcase name="TestALotOfAdding" classname="LocalCMCTests" time="0.001"/>
  <testcase name="TestALotOfAdding" classname="LocalCMCTests" time="0.0"/>
  <testcase name="TestALotOfAdding" classname="LocalCMCTests" time="0.0"/>
  <testcase name="TestALotOfAdding" classname="LocalCMCTests" time="0.0"/>
  <testcase name="TestALotOfAdding" classname="LocalCMCTests" time="0.0"/>
  <testcase name="TestALotOfAdding" classname="LocalCMCTests" time="0.0"/>
  <testcase name="TestALotOfAdding" classname="LocalCMCTests" time="0.001"/>
  <testcase name="TestALotOfAdding" classname="LocalCMCTests" time="0.0"/>
  <testcase name="TestALotOfAdding" classname="LocalCMCTests" time="0.0"/>
  <testcase name="TestALotOfAdding" classname="LocalCMCTests" time="0.001"/>
  <testcase name="TestALotOfAdding" classname="LocalCMCTests" time="0.001"/>
  <testcase name="TestALotOfAdding" classname="LocalCMCTests" time="0.0"/>
  <testcase name="TestALotOfAdding" classname="LocalCMCTests" time="0.001"/>
  <testcase name="TestALotOfAdding" classname="LocalCMCTests" time="0.001"/>
  <testcase name="TestALotOfAdding" classname="LocalCMCTests" time="0.0"/>
  <testcase name="TestALotOfAdding" classname="LocalCMCTests" time="0.001"/>
  <testcase name="TestALotOfAdding" classname="LocalCMCTests" time="0.0"/>
  <testcase name="TestALotOfAdding" classname="LocalCMCTests" time="0.0"/>
  <testcase name="TestALotOfAdding" classname="LocalCMCTests" time="0.001"/>
  <testcase name="TestALotOfAdding" classname="LocalCMCTests" time="0.001"/>
  <testcase name="TestALotOfAdding" classname="LocalCMCTests" time="0.001"/>
  <testcase name="TestALotOfAdding" classname="LocalCMCTests" time="0.0"/>
  <testcase name="TestALotOfAdding" classname="LocalCMCTests" time="0.0"/>
  <testcase name="TestALotOfAdding" classname="LocalCMCTests" time="0.0"/>
  <testcase name="TestALotOfAdding" classname="LocalCMCTests" time="0.002"/>
  <testcase name="TestALotOfAdding" classname="LocalCMCTests" time="0.002"/>
  <testcase name="TestALotOfAdding" classname="LocalCMCTests" time="0.0"/>
  <testcase name="TestALotOfAdding" classname="LocalCMCTests" time="0.001"/>
  <testcase name="TestALotOfAdding" classname="LocalCMCTests" time="0.0"/>
  <testcase name="TestALotOfAdding" classname="LocalCMCTests" time="0.001"/>
  <testcase name="TestALotOfAdding" classname="LocalCMCTests" time="0.001"/>
  <testcase name="TestALotOfAdding" classname="LocalCMCTests" time="0.001"/>
  <testcase name="TestALotOfAdding" classname="LocalCMCTests" time="0.001"/>
  <testcase name="TestALotOfAdding" classname="LocalCMCTests" time="0.001"/>
  <testcase name="TestALotOfAdding" classname="LocalCMCTests" time="0.0"/>
  <testcase name="TestALotOfAdding" classname="LocalCMCTests" time="0.001"/>
  <testcase name="TestALotOfAdding" classname="LocalCMCTests" time="0.0"/>
  <testcase name="TestALotOfAdding" classname="LocalCMCTests" time="0.001"/>
  <testcase name="TestALotOfAdding" classname="LocalCMCTests" time="0.001"/>
  <testcase name="TestALotOfAdding" classname="LocalCMCTests" time="0.001"/>
  <testcase name="TestALotOfAdding" classname="LocalCMCTests" time="0.001"/>
  <testcase name="TestALotOfAdding" classname="LocalCMCTests" time="0.001"/>
  <testcase name="TestALotOfAdding" classname="LocalCMCTests" time="0.0"/>
  <testcase name="TestALotOfAdding" classname="LocalCMCTests" time="0.0"/>
  <testcase name="TestALotOfAdding" classname="LocalCMCTests" time="0.0"/>
  <testcase name="TestALotOfAdding" classname="LocalCMCTests" time="0.001"/>
  <testcase name="TestALotOfAdding" classname="LocalCMCTests" time="0.0"/>
  <testcase name="TestALotOfAdding" classname="LocalCMCTests" time="0.001"/>
  <testcase name="TestALotOfAdding" classname="LocalCMCTests" time="0.0"/>
  <testcase name="TestALotOfAdding" classname="LocalCMCTests" time="0.001"/>
  <testcase name="TestALotOfAdding" classname="LocalCMCTests" time="0.001"/>
  <testcase name="TestALotOfAdding" classname="LocalCMCTests" time="0.001"/>
  <testcase name="TestALotOfAdding" classname="LocalCMCTests" time="0.001"/>
  <testcase name="TestALotOfAdding" classname="LocalCMCTests" time="0.0"/>
  <testcase name="TestALotOfAdding" classname="LocalCMCTests" time="0.001"/>
  <testcase name="TestALotOfAdding" classname="LocalCMCTests" time="0.001"/>
  <testcase name="TestALotOfAdding" classname="LocalCMCTests" time="0.0"/>
  <testcase name="TestALotOfAdding" classname="LocalCMCTests" time="0.001"/>
  <testcase name="TestALotOfAdding" classname="LocalCMCTests" time="0.001"/>
  <testcase name="TestALotOfAdding" classname="LocalCMCTests" time="0.001"/>
  <testcase name="TestALotOfAdding" classname="LocalCMCTests" time="0.0"/>
  <testcase name="TestALotOfAdding" classname="LocalCMCTests" time="0.0"/>
  <testcase name="TestALotOfAdding" classname="LocalCMCTests" time="0.0"/>
  <testcase name="TestALotOfAdding" classname="LocalCMCTests" time="0.001"/>
  <testcase name="TestALotOfAdding" classname="LocalCMCTests" time="0.001"/>
  <testcase name="TestALotOfAdding" classname="LocalCMCTests" time="0.0"/>
  <testcase name="TestALotOfAdding" classname="LocalCMCTests" time="0.001"/>
  <testcase name="TestALotOfAdding" classname="LocalCMCTests" time="0.001"/>
  <testcase name="TestALotOfAdding" classname="LocalCMCTests" time="0.0"/>
  <testcase name="TestALotOfAdding" classname="LocalCMCTests" time="0.0"/>
  <testcase name="TestALotOfAdding" classname="LocalCMCTests" time="0.001"/>
  <testcase name="TestALotOfAdding" classname="LocalCMCTests" time="0.001"/>
  <testcase name="TestALotOfAdding" classname="LocalCMCTests" time="0.002"/>
  <testcase name="TestALotOfAdding" classname="LocalCMCTests" time="0.001"/>
  <testcase name="TestALotOfAdding" classname="LocalCMCTests" time="0.0"/>
  <testcase name="TestALotOfAdding" classname="LocalCMCTests" time="0.0"/>
  <testcase name="TestALotOfAdding" classname="LocalCMCTests" time="0.001"/>
  <testcase name="TestALotOfAdding" classname="LocalCMCTests" time="0.0"/>
  <testcase name="TestALotOfAdding" classname="LocalCMCTests" time="0.001"/>
  <testcase name="TestALotOfAdding" classname="LocalCMCTests" time="0.001"/>
  <testcase name="TestALotOfAdding" classname="LocalCMCTests" time="0.001"/>
  <testcase name="TestALotOfAdding" classname="LocalCMCTests" time="0.0"/>
  <testcase name="TestALotOfAdding" classname="LocalCMCTests" time="0.001"/>
  <testcase name="TestALotOfAdding" classname="LocalCMCTests" time="0.0"/>
  <testcase name="TestALotOfAdding" classname="LocalCMCTests" time="0.0"/>
  <testcase name="TestALotOfAdding" classname="LocalCMCTests" time="0.0"/>
  <testcase name="TestALotOfAdding" classname="LocalCMCTests" time="0.001"/>
  <testcase name="TestALotOfAdding" classname="LocalCMCTests" time="0.001"/>
  <testcase name="TestALotOfAdding" classname="LocalCMCTests" time="0.001"/>
  <testcase name="TestALotOfAdding" classname="LocalCMCTests" time="0.001"/>
  <testcase name="TestALotOfAdding" classname="LocalCMCTests" time="0.0"/>
  <testcase name="TestALotOfAdding" classname="LocalCMCTests" time="0.0"/>
  <testcase name="TestALotOfAdding" classname="LocalCMCTests" time="0.0"/>
  <testcase name="TestALotOfAdding" classname="LocalCMCTests" time="0.001"/>
  <testcase name="TestALotOfAdding" classname="LocalCMCTests" time="0.001"/>
  <testcase name="TestALotOfAdding" classname="LocalCMCTests" time="0.001"/>
  <testcase name="TestALotOfAdding" classname="LocalCMCTests" time="0.0"/>
  <testcase name="TestALotOfAdding" classname="LocalCMCTests" time="0.001"/>
  <testcase name="TestALotOfAdding" classname="LocalCMCTests" time="0.0"/>
  <testcase name="TestALotOfAdding" classname="LocalCMCTests" time="0.0"/>
  <testcase name="TestALotOfAdding" classname="LocalCMCTests" time="0.0"/>
  <testcase name="TestALotOfAdding" classname="LocalCMCTests" time="0.0"/>
  <testcase name="TestALotOfAdding" classname="LocalCMCTests" time="0.001"/>
  <testcase name="TestALotOfAdding" classname="LocalCMCTests" time="0.0"/>
  <testcase name="TestALotOfAdding" classname="LocalCMCTests" time="0.001"/>
  <testcase name="TestALotOfAdding" classname="LocalCMCTests" time="0.001"/>
  <testcase name="TestALotOfAdding" classname="LocalCMCTests" time="0.0"/>
  <testcase name="TestALotOfAdding" classname="LocalCMCTests" time="0.001"/>
  <testcase name="TestALotOfAdding" classname="LocalCMCTests" time="0.001"/>
  <testcase name="TestALotOfAdding" classname="LocalCMCTests" time="0.0"/>
  <testcase name="TestALotOfAdding" classname="LocalCMCTests" time="0.0"/>
  <testcase name="TestALotOfAdding" classname="LocalCMCTests" time="0.0"/>
  <testcase name="TestALotOfAdding" classname="LocalCMCTests" time="0.0"/>
  <testcase name="TestALotOfAdding" classname="LocalCMCTests" time="0.002"/>
  <testcase name="TestALotOfAdding" classname="LocalCMCTests" time="0.001"/>
  <testcase name="TestALotOfAdding" classname="LocalCMCTests" time="0.0"/>
  <testcase name="TestALotOfAdding" classname="LocalCMCTests" time="0.001"/>
  <testcase name="TestALotOfAdding" classname="LocalCMCTests" time="0.002"/>
  <testcase name="TestALotOfAdding" classname="LocalCMCTests" time="0.0"/>
  <testcase name="TestALotOfAdding" classname="LocalCMCTests" time="0.003"/>
  <testcase name="TestALotOfAdding" classname="LocalCMCTests" time="0.002"/>
  <testcase name="TestALotOfAdding" classname="LocalCMCTests" time="0.0"/>
  <testcase name="TestALotOfAdding" classname="LocalCMCTests" time="0.0"/>
  <testcase name="TestALotOfAdding" classname="LocalCMCTests" time="0.001"/>
  <testcase name="TestALotOfAdding" classname="LocalCMCTests" time="0.001"/>
  <testcase name="TestALotOfAdding" classname="LocalCMCTests" time="0.001"/>
  <testcase name="TestALotOfAdding" classname="LocalCMCTests" time="0.0"/>
  <testcase name="TestALotOfAdding" classname="LocalCMCTests" time="0.001"/>
  <testcase name="TestALotOfAdding" classname="LocalCMCTests" time="0.001"/>
  <testcase name="TestALotOfAdding" classname="LocalCMCTests" time="0.0"/>
  <testcase name="TestALotOfAdding" classname="LocalCMCTests" time="0.0"/>
  <testcase name="TestALotOfAdding" classname="LocalCMCTests" time="0.002"/>
  <testcase name="TestALotOfAdding" classname="LocalCMCTests" time="0.001"/>
  <testcase name="TestALotOfAdding" classname="LocalCMCTests" time="0.001"/>
  <testcase name="TestALotOfAdding" classname="LocalCMCTests" time="0.0"/>
  <testcase name="TestALotOfAdding" classname="LocalCMCTests" time="0.001"/>
  <testcase name="TestALotOfAdding" classname="LocalCMCTests" time="0.001"/>
  <testcase name="TestALotOfAdding" classname="LocalCMCTests" time="0.0"/>
  <testcase name="TestALotOfAdding" classname="LocalCMCTests" time="0.0"/>
  <testcase name="TestALotOfAdding" classname="LocalCMCTests" time="0.0"/>
  <testcase name="TestALotOfAdding" classname="LocalCMCTests" time="0.001"/>
  <testcase name="TestALotOfAdding" classname="LocalCMCTests" time="0.0"/>
  <testcase name="TestALotOfAdding" classname="LocalCMCTests" time="0.0"/>
  <testcase name="TestALotOfAdding" classname="LocalCMCTests" time="0.001"/>
  <testcase name="TestALotOfAdding" classname="LocalCMCTests" time="0.001"/>
  <testcase name="TestALotOfAdding" classname="LocalCMCTests" time="0.0"/>
  <testcase name="TestALotOfAdding" classname="LocalCMCTests" time="0.001"/>
  <testcase name="TestALotOfAdding" classname="LocalCMCTests" time="0.0"/>
  <testcase name="TestALotOfAdding" classname="LocalCMCTests" time="0.0"/>
  <testcase name="TestALotOfAdding" classname="LocalCMCTests" time="0.0"/>
  <testcase name="TestALotOfAdding" classname="LocalCMCTests" time="0.001"/>
  <testcase name="TestALotOfAdding" classname="LocalCMCTests" time="0.001"/>
  <testcase name="TestALotOfAdding" classname="LocalCMCTests" time="0.001"/>
  <testcase name="TestALotOfAdding" classname="LocalCMCTests" time="0.0"/>
  <testcase name="TestALotOfAdding" classname="LocalCMCTests" time="0.0"/>
  <testcase name="TestALotOfAdding" classname="LocalCMCTests" time="0.001"/>
  <testcase name="TestALotOfAdding" classname="LocalCMCTests" time="0.0"/>
  <testcase name="TestALotOfAdding" classname="LocalCMCTests" time="0.0"/>
  <testcase name="TestALotOfAdding" classname="LocalCMCTests" time="0.0"/>
  <testcase name="TestALotOfAdding" classname="LocalCMCTests" time="0.0"/>
  <testcase name="TestALotOfAdding" classname="LocalCMCTests" time="0.0"/>
  <testcase name="TestALotOfAdding" classname="LocalCMCTests" time="0.001"/>
  <testcase name="TestALotOfAdding" classname="LocalCMCTests" time="0.002"/>
  <testcase name="TestALotOfAdding" classname="LocalCMCTests" time="0.001"/>
  <testcase name="TestALotOfAdding" classname="LocalCMCTests" time="0.001"/>
  <testcase name="TestALotOfAdding" classname="LocalCMCTests" time="0.002"/>
  <testcase name="TestALotOfAdding" classname="LocalCMCTests" time="0.002"/>
  <testcase name="TestALotOfAdding" classname="LocalCMCTests" time="0.001"/>
  <testcase name="TestALotOfAdding" classname="LocalCMCTests" time="0.0"/>
  <testcase name="TestALotOfAdding" classname="LocalCMCTests" time="0.001"/>
  <testcase name="TestALotOfAdding" classname="LocalCMCTests" time="0.001"/>
  <testcase name="TestALotOfAdding" classname="LocalCMCTests" time="0.001"/>
  <testcase name="TestALotOfAdding" classname="LocalCMCTests" time="0.0"/>
  <testcase name="TestALotOfAdding" classname="LocalCMCTests" time="0.0"/>
  <testcase name="TestALotOfAdding" classname="LocalCMCTests" time="0.001"/>
  <testcase name="TestALotOfAdding" classname="LocalCMCTests" time="0.0"/>
  <testcase name="TestALotOfAdding" classname="LocalCMCTests" time="0.001"/>
  <testcase name="TestALotOfAdding" classname="LocalCMCTests" time="0.0"/>
  <testcase name="TestALotOfAdding" classname="LocalCMCTests" time="0.001"/>
  <testcase name="TestALotOfAdding" classname="LocalCMCTests" time="0.001"/>
  <testcase name="TestALotOfAdding" classname="LocalCMCTests" time="0.001"/>
  <testcase name="TestALotOfAdding" classname="LocalCMCTests" time="0.001"/>
  <testcase name="TestALotOfAdding" classname="LocalCMCTests" time="0.0"/>
  <testcase name="TestALotOfAdding" classname="LocalCMCTests" time="0.0"/>
  <testcase name="TestALotOfAdding" classname="LocalCMCTests" time="0.001"/>
  <testcase name="TestALotOfAdding" classname="LocalCMCTests" time="0.001"/>
  <testcase name="TestALotOfAdding" classname="LocalCMCTests" time="0.001"/>
  <testcase name="TestALotOfAdding" classname="LocalCMCTests" time="0.001"/>
  <testcase name="TestALotOfAdding" classname="LocalCMCTests" time="0.0"/>
  <testcase name="TestALotOfAdding" classname="LocalCMCTests" time="0.0"/>
  <testcase name="TestALotOfAdding" classname="LocalCMCTests" time="0.0"/>
  <testcase name="TestALotOfAdding" classname="LocalCMCTests" time="0.001"/>
  <testcase name="TestALotOfAdding" classname="LocalCMCTests" time="0.0"/>
  <testcase name="TestALotOfAdding" classname="LocalCMCTests" time="0.001"/>
  <testcase name="TestALotOfAdding" classname="LocalCMCTests" time="0.002"/>
  <testcase name="TestALotOfAdding" classname="LocalCMCTests" time="0.0"/>
  <testcase name="TestALotOfAdding" classname="LocalCMCTests" time="0.0"/>
  <testcase name="TestALotOfAdding" classname="LocalCMCTests" time="0.002"/>
  <testcase name="TestALotOfAdding" classname="LocalCMCTests" time="0.0"/>
  <testcase name="TestALotOfAdding" classname="LocalCMCTests" time="0.002"/>
  <testcase name="TestALotOfAdding" classname="LocalCMCTests" time="0.0"/>
  <testcase name="TestALotOfAdding" classname="LocalCMCTests" time="0.0"/>
  <testcase name="TestALotOfAdding" classname="LocalCMCTests" time="0.0"/>
  <testcase name="TestALotOfAdding" classname="LocalCMCTests" time="0.001"/>
  <testcase name="TestALotOfAdding" classname="LocalCMCTests" time="0.0"/>
  <testcase name="TestALotOfAdding" classname="LocalCMCTests" time="0.001"/>
  <testcase name="TestALotOfAdding" classname="LocalCMCTests" time="0.001"/>
  <testcase name="TestALotOfAdding" classname="LocalCMCTests" time="0.0"/>
  <testcase name="TestALotOfAdding" classname="LocalCMCTests" time="0.002"/>
  <testcase name="TestALotOfAdding" classname="LocalCMCTests" time="0.001"/>
  <testcase name="TestALotOfAdding" classname="LocalCMCTests" time="0.001"/>
  <testcase name="TestALotOfAdding" classname="LocalCMCTests" time="0.001"/>
  <testcase name="TestALotOfAdding" classname="LocalCMCTests" time="0.0"/>
  <testcase name="TestALotOfAdding" classname="LocalCMCTests" time="0.001"/>
  <testcase name="TestALotOfAdding" classname="LocalCMCTests" time="0.0"/>
  <testcase name="TestALotOfAdding" classname="LocalCMCTests" time="0.001"/>
  <testcase name="TestALotOfAdding" classname="LocalCMCTests" time="0.001"/>
  <testcase name="TestALotOfAdding" classname="LocalCMCTests" time="0.001"/>
  <testcase name="TestALotOfAdding" classname="LocalCMCTests" time="0.0"/>
  <testcase name="TestALotOfAdding" classname="LocalCMCTests" time="0.0"/>
  <testcase name="TestALotOfAdding" classname="LocalCMCTests" time="0.0"/>
  <testcase name="TestALotOfAdding" classname="LocalCMCTests" time="0.0"/>
  <testcase name="TestALotOfAdding" classname="LocalCMCTests" time="0.001"/>
  <testcase name="TestALotOfAdding" classname="LocalCMCTests" time="0.001"/>
  <testcase name="TestALotOfAdding" classname="LocalCMCTests" time="0.003"/>
  <testcase name="TestALotOfAdding" classname="LocalCMCTests" time="0.001"/>
  <testcase name="TestALotOfAdding" classname="LocalCMCTests" time="0.001"/>
  <testcase name="TestALotOfAdding" classname="LocalCMCTests" time="0.001"/>
  <testcase name="TestALotOfAdding" classname="LocalCMCTests" time="0.0"/>
  <testcase name="TestALotOfAdding" classname="LocalCMCTests" time="0.001"/>
  <testcase name="TestALotOfAdding" classname="LocalCMCTests" time="0.001"/>
  <testcase name="TestALotOfAdding" classname="LocalCMCTests" time="0.001"/>
  <testcase name="TestALotOfAdding" classname="LocalCMCTests" time="0.0"/>
  <testcase name="TestALotOfAdding" classname="LocalCMCTests" time="0.001"/>
  <testcase name="TestALotOfAdding" classname="LocalCMCTests" time="0.0"/>
  <testcase name="TestALotOfAdding" classname="LocalCMCTests" time="0.0"/>
  <testcase name="TestALotOfAdding" classname="LocalCMCTests" time="0.001"/>
  <testcase name="TestALotOfAdding" classname="LocalCMCTests" time="0.0"/>
  <testcase name="TestALotOfAdding" classname="LocalCMCTests" time="0.001"/>
  <testcase name="TestALotOfAdding" classname="LocalCMCTests" time="0.001"/>
  <testcase name="TestALotOfAdding" classname="LocalCMCTests" time="0.0"/>
  <testcase name="TestALotOfAdding" classname="LocalCMCTests" time="0.001"/>
  <testcase name="TestALotOfAdding" classname="LocalCMCTests" time="0.001"/>
  <testcase name="TestALotOfAdding" classname="LocalCMCTests" time="0.001"/>
  <testcase name="TestALotOfAdding" classname="LocalCMCTests" time="0.001"/>
  <testcase name="TestALotOfAdding" classname="LocalCMCTests" time="0.001"/>
  <testcase name="TestALotOfAdding" classname="LocalCMCTests" time="0.001"/>
  <testcase name="TestALotOfAdding" classname="LocalCMCTests" time="0.001"/>
  <testcase name="TestALotOfAdding" classname="LocalCMCTests" time="0.0"/>
  <testcase name="TestALotOfAdding" classname="LocalCMCTests" time="0.0"/>
  <testcase name="TestALotOfAdding" classname="LocalCMCTests" time="0.001"/>
  <testcase name="TestALotOfAdding" classname="LocalCMCTests" time="0.0"/>
  <testcase name="TestALotOfAdding" classname="LocalCMCTests" time="0.0"/>
  <testcase name="TestALotOfAdding" classname="LocalCMCTests" time="0.0"/>
  <testcase name="TestALotOfAdding" classname="LocalCMCTests" time="0.0"/>
  <testcase name="TestALotOfAdding" classname="LocalCMCTests" time="0.0"/>
  <testcase name="TestALotOfAdding" classname="LocalCMCTests" time="0.001"/>
  <testcase name="TestALotOfAdding" classname="LocalCMCTests" time="0.001"/>
  <testcase name="TestALotOfAdding" classname="LocalCMCTests" time="0.0"/>
  <testcase name="TestALotOfAdding" classname="LocalCMCTests" time="0.0"/>
  <testcase name="TestALotOfAdding" classname="LocalCMCTests" time="0.001"/>
  <testcase name="TestALotOfAdding" classname="LocalCMCTests" time="0.001"/>
  <testcase name="TestALotOfAdding" classname="LocalCMCTests" time="0.0"/>
  <testcase name="TestALotOfAdding" classname="LocalCMCTests" time="0.001"/>
  <testcase name="TestALotOfAdding" classname="LocalCMCTests" time="0.001"/>
  <testcase name="TestALotOfAdding" classname="LocalCMCTests" time="0.001"/>
  <testcase name="TestALotOfAdding" classname="LocalCMCTests" time="0.0"/>
  <testcase name="TestALotOfAdding" classname="LocalCMCTests" time="0.001"/>
  <testcase name="TestALotOfAdding" classname="LocalCMCTests" time="0.001"/>
  <testcase name="TestALotOfAdding" classname="LocalCMCTests" time="0.0"/>
  <testcase name="TestALotOfAdding" classname="LocalCMCTests" time="0.002"/>
  <testcase name="TestALotOfAdding" classname="LocalCMCTests" time="0.0"/>
  <testcase name="TestALotOfAdding" classname="LocalCMCTests" time="0.001"/>
  <testcase name="TestALotOfAdding" classname="LocalCMCTests" time="0.001"/>
  <testcase name="TestALotOfAdding" classname="LocalCMCTests" time="0.0"/>
  <testcase name="TestALotOfAdding" classname="LocalCMCTests" time="0.001"/>
  <testcase name="TestALotOfAdding" classname="LocalCMCTests" time="0.001"/>
  <testcase name="TestALotOfAdding" classname="LocalCMCTests" time="0.0"/>
  <testcase name="TestALotOfAdding" classname="LocalCMCTests" time="0.0"/>
  <testcase name="TestALotOfAdding" classname="LocalCMCTests" time="0.001"/>
  <testcase name="TestALotOfAdding" classname="LocalCMCTests" time="0.0"/>
  <testcase name="TestALotOfAdding" classname="LocalCMCTests" time="0.0"/>
  <testcase name="TestALotOfAdding" classname="LocalCMCTests" time="0.001"/>
  <testcase name="TestALotOfAdding" classname="LocalCMCTests" time="0.001"/>
  <testcase name="TestALotOfAdding" classname="LocalCMCTests" time="0.003"/>
  <testcase name="TestALotOfAdding" classname="LocalCMCTests" time="0.0"/>
  <testcase name="TestALotOfAdding" classname="LocalCMCTests" time="0.002"/>
  <testcase name="TestALotOfAdding" classname="LocalCMCTests" time="0.0"/>
  <testcase name="TestALotOfAdding" classname="LocalCMCTests" time="0.001"/>
  <testcase name="TestALotOfAdding" classname="LocalCMCTests" time="0.0"/>
  <testcase name="TestALotOfAdding" classname="LocalCMCTests" time="0.0"/>
  <testcase name="TestALotOfAdding" classname="LocalCMCTests" time="0.001"/>
  <testcase name="TestALotOfAdding" classname="LocalCMCTests" time="0.001"/>
  <testcase name="TestALotOfAdding" classname="LocalCMCTests" time="0.0"/>
  <testcase name="TestALotOfAdding" classname="LocalCMCTests" time="0.001"/>
  <testcase name="TestALotOfAdding" classname="LocalCMCTests" time="0.001"/>
  <testcase name="TestALotOfAdding" classname="LocalCMCTests" time="0.0"/>
  <testcase name="TestALotOfAdding" classname="LocalCMCTests" time="0.002"/>
  <testcase name="TestALotOfAdding" classname="LocalCMCTests" time="0.001"/>
  <testcase name="TestALotOfAdding" classname="LocalCMCTests" time="0.001"/>
  <testcase name="TestALotOfAdding" classname="LocalCMCTests" time="0.001"/>
  <testcase name="TestALotOfAdding" classname="LocalCMCTests" time="0.002"/>
  <testcase name="TestALotOfAdding" classname="LocalCMCTests" time="0.001"/>
  <testcase name="TestALotOfAdding" classname="LocalCMCTests" time="0.0"/>
  <testcase name="TestALotOfAdding" classname="LocalCMCTests" time="0.001"/>
  <testcase name="TestALotOfAdding" classname="LocalCMCTests" time="0.001"/>
  <testcase name="TestALotOfAdding" classname="LocalCMCTests" time="0.001"/>
  <testcase name="TestALotOfAdding" classname="LocalCMCTests" time="0.0"/>
  <testcase name="TestALotOfAdding" classname="LocalCMCTests" time="0.001"/>
  <testcase name="TestALotOfAdding" classname="LocalCMCTests" time="0.0"/>
  <testcase name="TestALotOfAdding" classname="LocalCMCTests" time="0.0"/>
  <testcase name="TestALotOfAdding" classname="LocalCMCTests" time="0.0"/>
  <testcase name="TestALotOfAdding" classname="LocalCMCTests" time="0.0"/>
  <testcase name="TestALotOfAdding" classname="LocalCMCTests" time="0.001"/>
  <testcase name="TestALotOfAdding" classname="LocalCMCTests" time="0.001"/>
  <testcase name="TestALotOfAdding" classname="LocalCMCTests" time="0.0"/>
  <testcase name="TestALotOfAdding" classname="LocalCMCTests" time="0.0"/>
  <testcase name="TestALotOfAdding" classname="LocalCMCTests" time="0.001"/>
  <testcase name="TestALotOfAdding" classname="LocalCMCTests" time="0.0"/>
  <testcase name="TestALotOfAdding" classname="LocalCMCTests" time="0.001"/>
  <testcase name="TestALotOfAdding" classname="LocalCMCTests" time="0.0"/>
  <testcase name="TestALotOfAdding" classname="LocalCMCTests" time="0.001"/>
  <testcase name="TestALotOfAdding" classname="LocalCMCTests" time="0.001"/>
  <testcase name="TestALotOfAdding" classname="LocalCMCTests" time="0.001"/>
  <testcase name="TestALotOfAdding" classname="LocalCMCTests" time="0.0"/>
  <testcase name="TestALotOfAdding" classname="LocalCMCTests" time="0.001"/>
  <testcase name="TestALotOfAdding" classname="LocalCMCTests" time="0.001"/>
  <testcase name="TestALotOfAdding" classname="LocalCMCTests" time="0.001"/>
  <testcase name="TestALotOfAdding" classname="LocalCMCTests" time="0.001"/>
  <testcase name="TestALotOfAdding" classname="LocalCMCTests" time="0.0"/>
  <testcase name="TestALotOfAdding" classname="LocalCMCTests" time="0.001"/>
  <testcase name="TestALotOfAdding" classname="LocalCMCTests" time="0.001"/>
  <testcase name="TestALotOfAdding" classname="LocalCMCTests" time="0.001"/>
  <testcase name="TestALotOfAdding" classname="LocalCMCTests" time="0.002"/>
  <testcase name="TestALotOfAdding" classname="LocalCMCTests" time="0.0"/>
  <testcase name="TestALotOfAdding" classname="LocalCMCTests" time="0.001"/>
  <testcase name="TestALotOfAdding" classname="LocalCMCTests" time="0.0"/>
  <testcase name="TestALotOfAdding" classname="LocalCMCTests" time="0.0"/>
  <testcase name="TestALotOfAdding" classname="LocalCMCTests" time="0.0"/>
  <testcase name="TestALotOfAdding" classname="LocalCMCTests" time="0.001"/>
  <testcase name="TestALotOfAdding" classname="LocalCMCTests" time="0.001"/>
  <testcase name="TestALotOfAdding" classname="LocalCMCTests" time="0.001"/>
  <testcase name="TestALotOfAdding" classname="LocalCMCTests" time="0.001"/>
  <testcase name="TestALotOfAdding" classname="LocalCMCTests" time="0.0"/>
  <testcase name="TestALotOfAdding" classname="LocalCMCTests" time="0.0"/>
  <testcase name="TestALotOfAdding" classname="LocalCMCTests" time="0.001"/>
  <testcase name="TestALotOfAdding" classname="LocalCMCTests" time="0.001"/>
  <testcase name="TestALotOfAdding" classname="LocalCMCTests" time="0.001"/>
  <testcase name="TestALotOfAdding" classname="LocalCMCTests" time="0.001"/>
  <testcase name="TestALotOfAdding" classname="LocalCMCTests" time="0.001"/>
  <testcase name="TestALotOfAdding" classname="LocalCMCTests" time="0.001"/>
  <testcase name="TestALotOfAdding" classname="LocalCMCTests" time="0.001"/>
  <testcase name="TestALotOfAdding" classname="LocalCMCTests" time="0.0"/>
  <testcase name="TestALotOfAdding" classname="LocalCMCTests" time="0.0"/>
  <testcase name="TestALotOfAdding" classname="LocalCMCTests" time="0.0"/>
  <testcase name="TestALotOfAdding" classname="LocalCMCTests" time="0.0"/>
  <testcase name="TestALotOfAdding" classname="LocalCMCTests" time="0.0"/>
  <testcase name="TestALotOfAdding" classname="LocalCMCTests" time="0.0"/>
  <testcase name="TestALotOfAdding" classname="LocalCMCTests" time="0.001"/>
  <testcase name="TestALotOfAdding" classname="LocalCMCTests" time="0.002"/>
  <testcase name="TestALotOfAdding" classname="LocalCMCTests" time="0.0"/>
  <testcase name="TestALotOfAdding" classname="LocalCMCTests" time="0.001"/>
  <testcase name="TestALotOfAdding" classname="LocalCMCTests" time="0.0"/>
  <testcase name="TestALotOfAdding" classname="LocalCMCTests" time="0.0"/>
  <testcase name="TestALotOfAdding" classname="LocalCMCTests" time="0.001"/>
  <testcase name="TestALotOfAdding" classname="LocalCMCTests" time="0.0"/>
  <testcase name="TestALotOfAdding" classname="LocalCMCTests" time="0.001"/>
  <testcase name="TestALotOfAdding" classname="LocalCMCTests" time="0.001"/>
  <testcase name="TestALotOfAdding" classname="LocalCMCTests" time="0.001"/>
  <testcase name="TestALotOfAdding" classname="LocalCMCTests" time="0.001"/>
  <testcase name="TestALotOfAdding" classname="LocalCMCTests" time="0.0"/>
  <testcase name="TestALotOfAdding" classname="LocalCMCTests" time="0.001"/>
  <testcase name="TestALotOfAdding" classname="LocalCMCTests" time="0.0"/>
  <testcase name="TestALotOfAdding" classname="LocalCMCTests" time="0.001"/>
  <testcase name="TestALotOfAdding" classname="LocalCMCTests" time="0.001"/>
  <testcase name="TestALotOfAdding" classname="LocalCMCTests" time="0.001"/>
  <testcase name="TestALotOfAdding" classname="LocalCMCTests" time="0.001"/>
  <testcase name="TestALotOfAdding" classname="LocalCMCTests" time="0.001"/>
  <testcase name="TestALotOfAdding" classname="LocalCMCTests" time="0.001"/>
  <testcase name="TestALotOfAdding" classname="LocalCMCTests" time="0.001"/>
  <testcase name="TestALotOfAdding" classname="LocalCMCTests" time="0.0"/>
  <testcase name="TestALotOfAdding" classname="LocalCMCTests" time="0.0"/>
  <testcase name="TestALotOfAdding" classname="LocalCMCTests" time="0.0"/>
  <testcase name="TestALotOfAdding" classname="LocalCMCTests" time="0.0"/>
  <testcase name="TestALotOfAdding" classname="LocalCMCTests" time="0.0"/>
  <testcase name="TestALotOfAdding" classname="LocalCMCTests" time="0.0"/>
  <testcase name="TestALotOfAdding" classname="LocalCMCTests" time="0.0"/>
  <testcase name="TestALotOfAdding" classname="LocalCMCTests" time="0.002"/>
  <testcase name="TestALotOfAdding" classname="LocalCMCTests" time="0.002"/>
  <testcase name="TestALotOfAdding" classname="LocalCMCTests" time="0.001"/>
  <testcase name="TestALotOfAdding" classname="LocalCMCTests" time="0.0"/>
  <testcase name="TestALotOfAdding" classname="LocalCMCTests" time="0.001"/>
  <testcase name="TestALotOfAdding" classname="LocalCMCTests" time="0.001"/>
  <testcase name="TestALotOfAdding" classname="LocalCMCTests" time="0.001"/>
  <testcase name="TestALotOfAdding" classname="LocalCMCTests" time="0.0"/>
  <testcase name="TestALotOfAdding" classname="LocalCMCTests" time="0.001"/>
  <testcase name="TestALotOfAdding" classname="LocalCMCTests" time="0.001"/>
  <testcase name="TestALotOfAdding" classname="LocalCMCTests" time="0.001"/>
  <testcase name="TestALotOfAdding" classname="LocalCMCTests" time="0.0"/>
  <testcase name="TestALotOfAdding" classname="LocalCMCTests" time="0.0"/>
  <testcase name="TestALotOfAdding" classname="LocalCMCTests" time="0.001"/>
  <testcase name="TestALotOfAdding" classname="LocalCMCTests" time="0.0"/>
  <testcase name="TestALotOfAdding" classname="LocalCMCTests" time="0.001"/>
  <testcase name="TestALotOfAdding" classname="LocalCMCTests" time="0.001"/>
  <testcase name="TestALotOfAdding" classname="LocalCMCTests" time="0.001"/>
  <testcase name="TestALotOfAdding" classname="LocalCMCTests" time="0.001"/>
  <testcase name="TestALotOfAdding" classname="LocalCMCTests" time="0.0"/>
  <testcase name="TestALotOfAdding" classname="LocalCMCTests" time="0.001"/>
  <testcase name="TestALotOfAdding" classname="LocalCMCTests" time="0.0"/>
  <testcase name="TestALotOfAdding" classname="LocalCMCTests" time="0.0"/>
  <testcase name="TestALotOfAdding" classname="LocalCMCTests" time="0.001"/>
  <testcase name="TestALotOfAdding" classname="LocalCMCTests" time="0.0"/>
  <testcase name="TestALotOfAdding" classname="LocalCMCTests" time="0.001"/>
  <testcase name="TestALotOfAdding" classname="LocalCMCTests" time="0.001"/>
  <testcase name="TestALotOfAdding" classname="LocalCMCTests" time="0.001"/>
  <testcase name="TestALotOfAdding" classname="LocalCMCTests" time="0.0"/>
  <testcase name="TestALotOfAdding" classname="LocalCMCTests" time="0.001"/>
  <testcase name="TestALotOfAdding" classname="LocalCMCTests" time="0.001"/>
  <testcase name="TestALotOfAdding" classname="LocalCMCTests" time="0.001"/>
  <testcase name="TestALotOfAdding" classname="LocalCMCTests" time="0.001"/>
  <testcase name="TestALotOfAdding" classname="LocalCMCTests" time="0.001"/>
  <testcase name="TestALotOfAdding" classname="LocalCMCTests" time="0.0"/>
  <testcase name="TestALotOfAdding" classname="LocalCMCTests" time="0.001"/>
  <testcase name="TestALotOfAdding" classname="LocalCMCTests" time="0.0"/>
  <testcase name="TestALotOfAdding" classname="LocalCMCTests" time="0.001"/>
  <testcase name="TestALotOfAdding" classname="LocalCMCTests" time="0.001"/>
  <testcase name="TestALotOfAdding" classname="LocalCMCTests" time="0.0"/>
  <testcase name="TestALotOfAdding" classname="LocalCMCTests" time="0.0"/>
  <testcase name="TestALotOfAdding" classname="LocalCMCTests" time="0.0"/>
  <testcase name="TestALotOfAdding" classname="LocalCMCTests" time="0.0"/>
  <testcase name="TestALotOfAdding" classname="LocalCMCTests" time="0.001"/>
  <testcase name="TestALotOfAdding" classname="LocalCMCTests" time="0.0"/>
  <testcase name="TestALotOfAdding" classname="LocalCMCTests" time="0.003"/>
  <testcase name="TestALotOfAdding" classname="LocalCMCTests" time="0.001"/>
  <testcase name="TestALotOfAdding" classname="LocalCMCTests" time="0.001"/>
  <testcase name="TestALotOfAdding" classname="LocalCMCTests" time="0.001"/>
  <testcase name="TestALotOfAdding" classname="LocalCMCTests" time="0.001"/>
  <testcase name="TestALotOfAdding" classname="LocalCMCTests" time="0.001"/>
  <testcase name="TestALotOfAdding" classname="LocalCMCTests" time="0.001"/>
  <testcase name="TestALotOfAdding" classname="LocalCMCTests" time="0.001"/>
  <testcase name="TestALotOfAdding" classname="LocalCMCTests" time="0.001"/>
  <testcase name="TestALotOfAdding" classname="LocalCMCTests" time="0.0"/>
  <testcase name="TestALotOfAdding" classname="LocalCMCTests" time="0.0"/>
  <testcase name="TestALotOfAdding" classname="LocalCMCTests" time="0.0"/>
  <testcase name="TestALotOfAdding" classname="LocalCMCTests" time="0.0"/>
  <testcase name="TestALotOfAdding" classname="LocalCMCTests" time="0.0"/>
  <testcase name="TestALotOfAdding" classname="LocalCMCTests" time="0.001"/>
  <testcase name="TestALotOfAdding" classname="LocalCMCTests" time="0.001"/>
  <testcase name="TestALotOfAdding" classname="LocalCMCTests" time="0.001"/>
  <testcase name="TestALotOfAdding" classname="LocalCMCTests" time="0.0"/>
  <testcase name="TestALotOfAdding" classname="LocalCMCTests" time="0.001"/>
  <testcase name="TestALotOfAdding" classname="LocalCMCTests" time="0.0"/>
  <testcase name="TestALotOfAdding" classname="LocalCMCTests" time="0.001"/>
  <testcase name="TestALotOfAdding" classname="LocalCMCTests" time="0.001"/>
  <testcase name="TestALotOfAdding" classname="LocalCMCTests" time="0.0"/>
  <testcase name="TestALotOfAdding" classname="LocalCMCTests" time="0.001"/>
  <testcase name="TestALotOfAdding" classname="LocalCMCTests" time="0.002"/>
  <testcase name="TestALotOfAdding" classname="LocalCMCTests" time="0.0"/>
  <testcase name="TestALotOfAdding" classname="LocalCMCTests" time="0.001"/>
  <testcase name="TestALotOfAdding" classname="LocalCMCTests" time="0.0"/>
  <testcase name="TestALotOfAdding" classname="LocalCMCTests" time="0.0"/>
  <testcase name="TestALotOfAdding" classname="LocalCMCTests" time="0.0"/>
  <testcase name="TestALotOfAdding" classname="LocalCMCTests" time="0.0"/>
  <testcase name="TestALotOfAdding" classname="LocalCMCTests" time="0.001"/>
  <testcase name="TestALotOfAdding" classname="LocalCMCTests" time="0.002"/>
  <testcase name="TestALotOfAdding" classname="LocalCMCTests" time="0.001"/>
  <testcase name="TestALotOfAdding" classname="LocalCMCTests" time="0.001"/>
  <testcase name="TestALotOfAdding" classname="LocalCMCTests" time="0.001"/>
  <testcase name="TestALotOfAdding" classname="LocalCMCTests" time="0.001"/>
  <testcase name="TestALotOfAdding" classname="LocalCMCTests" time="0.0"/>
  <testcase name="TestALotOfAdding" classname="LocalCMCTests" time="0.0"/>
  <testcase name="TestALotOfAdding" classname="LocalCMCTests" time="0.0"/>
  <testcase name="TestALotOfAdding" classname="LocalCMCTests" time="0.0"/>
  <testcase name="TestALotOfAdding" classname="LocalCMCTests" time="0.0"/>
  <testcase name="TestALotOfAdding" classname="LocalCMCTests" time="0.001"/>
  <testcase name="TestALotOfAdding" classname="LocalCMCTests" time="0.0"/>
  <testcase name="TestALotOfAdding" classname="LocalCMCTests" time="0.001"/>
  <testcase name="TestALotOfAdding" classname="LocalCMCTests" time="0.0"/>
  <testcase name="TestALotOfAdding" classname="LocalCMCTests" time="0.0"/>
  <testcase name="TestALotOfAdding" classname="LocalCMCTests" time="0.002"/>
  <testcase name="TestALotOfAdding" classname="LocalCMCTests" time="0.001"/>
  <testcase name="TestALotOfAdding" classname="LocalCMCTests" time="0.0"/>
  <testcase name="TestALotOfAdding" classname="LocalCMCTests" time="0.001"/>
  <testcase name="TestALotOfAdding" classname="LocalCMCTests" time="0.002"/>
  <testcase name="TestALotOfAdding" classname="LocalCMCTests" time="0.001"/>
  <testcase name="TestALotOfAdding" classname="LocalCMCTests" time="0.0"/>
  <testcase name="TestALotOfAdding" classname="LocalCMCTests" time="0.001"/>
  <testcase name="TestALotOfAdding" classname="LocalCMCTests" time="0.001"/>
  <testcase name="TestALotOfAdding" classname="LocalCMCTests" time="0.0"/>
  <testcase name="TestALotOfAdding" classname="LocalCMCTests" time="0.0"/>
  <testcase name="TestALotOfAdding" classname="LocalCMCTests" time="0.0"/>
  <testcase name="TestALotOfAdding" classname="LocalCMCTests" time="0.0"/>
  <testcase name="TestALotOfAdding" classname="LocalCMCTests" time="0.001"/>
  <testcase name="TestALotOfAdding" classname="LocalCMCTests" time="0.001"/>
  <testcase name="TestALotOfAdding" classname="LocalCMCTests" time="0.002"/>
  <testcase name="TestALotOfAdding" classname="LocalCMCTests" time="0.0"/>
  <testcase name="TestALotOfAdding" classname="LocalCMCTests" time="0.0"/>
  <testcase name="TestALotOfAdding" classname="LocalCMCTests" time="0.002"/>
  <testcase name="TestALotOfAdding" classname="LocalCMCTests" time="0.001"/>
  <testcase name="TestALotOfAdding" classname="LocalCMCTests" time="0.001"/>
  <testcase name="TestALotOfAdding" classname="LocalCMCTests" time="0.002"/>
  <testcase name="TestALotOfAdding" classname="LocalCMCTests" time="0.0"/>
  <testcase name="TestALotOfAdding" classname="LocalCMCTests" time="0.001"/>
  <testcase name="TestALotOfAdding" classname="LocalCMCTests" time="0.0"/>
  <testcase name="TestALotOfAdding" classname="LocalCMCTests" time="0.0"/>
  <testcase name="TestALotOfAdding" classname="LocalCMCTests" time="0.0"/>
  <testcase name="TestALotOfAdding" classname="LocalCMCTests" time="0.0"/>
  <testcase name="TestALotOfAdding" classname="LocalCMCTests" time="0.001"/>
  <testcase name="TestALotOfAdding" classname="LocalCMCTests" time="0.001"/>
  <testcase name="TestALotOfAdding" classname="LocalCMCTests" time="0.001"/>
  <testcase name="TestALotOfAdding" classname="LocalCMCTests" time="0.001"/>
  <testcase name="TestALotOfAdding" classname="LocalCMCTests" time="0.0"/>
  <testcase name="TestALotOfAdding" classname="LocalCMCTests" time="0.0"/>
  <testcase name="TestALotOfAdding" classname="LocalCMCTests" time="0.001"/>
  <testcase name="TestALotOfAdding" classname="LocalCMCTests" time="0.0"/>
  <testcase name="TestALotOfAdding" classname="LocalCMCTests" time="0.0"/>
  <testcase name="TestALotOfAdding" classname="LocalCMCTests" time="0.001"/>
  <testcase name="TestALotOfAdding" classname="LocalCMCTests" time="0.002"/>
  <testcase name="TestALotOfAdding" classname="LocalCMCTests" time="0.001"/>
  <testcase name="TestALotOfAdding" classname="LocalCMCTests" time="0.0"/>
  <testcase name="TestALotOfAdding" classname="LocalCMCTests" time="0.0"/>
  <testcase name="TestALotOfAdding" classname="LocalCMCTests" time="0.001"/>
  <testcase name="TestALotOfAdding" classname="LocalCMCTests" time="0.0"/>
  <testcase name="TestALotOfAdding" classname="LocalCMCTests" time="0.0"/>
  <testcase name="TestALotOfAdding" classname="LocalCMCTests" time="0.0"/>
  <testcase name="TestALotOfAdding" classname="LocalCMCTests" time="0.001"/>
  <testcase name="TestALotOfAdding" classname="LocalCMCTests" time="0.001"/>
  <testcase name="TestALotOfAdding" classname="LocalCMCTests" time="0.001"/>
  <testcase name="TestALotOfAdding" classname="LocalCMCTests" time="0.0"/>
  <testcase name="TestALotOfAdding" classname="LocalCMCTests" time="0.0"/>
  <testcase name="TestALotOfAdding" classname="LocalCMCTests" time="0.001"/>
  <testcase name="TestALotOfAdding" classname="LocalCMCTests" time="0.001"/>
  <testcase name="TestALotOfAdding" classname="LocalCMCTests" time="0.001"/>
  <testcase name="TestALotOfAdding" classname="LocalCMCTests" time="0.001"/>
  <testcase name="TestALotOfAdding" classname="LocalCMCTests" time="0.0"/>
  <testcase name="TestALotOfAdding" classname="LocalCMCTests" time="0.002"/>
  <testcase name="TestALotOfAdding" classname="LocalCMCTests" time="0.0"/>
  <testcase name="TestALotOfAdding" classname="LocalCMCTests" time="0.0"/>
  <testcase name="TestALotOfAdding" classname="LocalCMCTests" time="0.0"/>
  <testcase name="TestALotOfAdding" classname="LocalCMCTests" time="0.002"/>
  <testcase name="TestALotOfAdding" classname="LocalCMCTests" time="0.002"/>
  <testcase name="TestALotOfAdding" classname="LocalCMCTests" time="0.002"/>
  <testcase name="TestALotOfAdding" classname="LocalCMCTests" time="0.0"/>
  <testcase name="TestALotOfAdding" classname="LocalCMCTests" time="0.003"/>
  <testcase name="TestALotOfAdding" classname="LocalCMCTests" time="0.002"/>
  <testcase name="TestALotOfAdding" classname="LocalCMCTests" time="0.0"/>
  <testcase name="TestALotOfAdding" classname="LocalCMCTests" time="0.0"/>
  <testcase name="TestALotOfAdding" classname="LocalCMCTests" time="0.002"/>
  <testcase name="TestALotOfAdding" classname="LocalCMCTests" time="0.0"/>
  <testcase name="TestALotOfAdding" classname="LocalCMCTests" time="0.0"/>
  <testcase name="TestALotOfAdding" classname="LocalCMCTests" time="0.001"/>
  <testcase name="TestALotOfAdding" classname="LocalCMCTests" time="0.001"/>
  <testcase name="TestALotOfAdding" classname="LocalCMCTests" time="0.0"/>
  <testcase name="TestALotOfAdding" classname="LocalCMCTests" time="0.001"/>
  <testcase name="TestALotOfAdding" classname="LocalCMCTests" time="0.001"/>
  <testcase name="TestALotOfAdding" classname="LocalCMCTests" time="0.004"/>
  <testcase name="TestALotOfAdding" classname="LocalCMCTests" time="0.0"/>
  <testcase name="TestALotOfAdding" classname="LocalCMCTests" time="0.003"/>
  <testcase name="TestALotOfAdding" classname="LocalCMCTests" time="0.0"/>
  <testcase name="TestALotOfAdding" classname="LocalCMCTests" time="0.0"/>
  <testcase name="TestALotOfAdding" classname="LocalCMCTests" time="0.0"/>
  <testcase name="TestALotOfAdding" classname="LocalCMCTests" time="0.0"/>
  <testcase name="TestALotOfAdding" classname="LocalCMCTests" time="0.0"/>
  <testcase name="TestALotOfAdding" classname="LocalCMCTests" time="0.001"/>
  <testcase name="TestALotOfAdding" classname="LocalCMCTests" time="0.002"/>
  <testcase name="TestALotOfAdding" classname="LocalCMCTests" time="0.002"/>
  <testcase name="TestALotOfAdding" classname="LocalCMCTests" time="0.0"/>
  <testcase name="TestALotOfAdding" classname="LocalCMCTests" time="0.001"/>
  <testcase name="TestALotOfAdding" classname="LocalCMCTests" time="0.001"/>
  <testcase name="TestALotOfAdding" classname="LocalCMCTests" time="0.001"/>
  <testcase name="TestALotOfAdding" classname="LocalCMCTests" time="0.001"/>
  <testcase name="TestALotOfAdding" classname="LocalCMCTests" time="0.0"/>
  <testcase name="TestALotOfAdding" classname="LocalCMCTests" time="0.001"/>
  <testcase name="TestALotOfAdding" classname="LocalCMCTests" time="0.0"/>
  <testcase name="TestALotOfAdding" classname="LocalCMCTests" time="0.002"/>
  <testcase name="TestALotOfAdding" classname="LocalCMCTests" time="0.002"/>
  <testcase name="TestALotOfAdding" classname="LocalCMCTests" time="0.0"/>
  <testcase name="TestALotOfAdding" classname="LocalCMCTests" time="0.0"/>
  <testcase name="TestALotOfAdding" classname="LocalCMCTests" time="0.0"/>
  <testcase name="TestALotOfAdding" classname="LocalCMCTests" time="0.0"/>
  <testcase name="TestALotOfAdding" classname="LocalCMCTests" time="0.0"/>
  <testcase name="TestALotOfAdding" classname="LocalCMCTests" time="0.0"/>
  <testcase name="TestALotOfAdding" classname="LocalCMCTests" time="0.001"/>
  <testcase name="TestALotOfAdding" classname="LocalCMCTests" time="0.001"/>
  <testcase name="TestALotOfAdding" classname="LocalCMCTests" time="0.001"/>
  <testcase name="TestALotOfAdding" classname="LocalCMCTests" time="0.001"/>
  <testcase name="TestALotOfAdding" classname="LocalCMCTests" time="0.001"/>
  <testcase name="TestALotOfAdding" classname="LocalCMCTests" time="0.001"/>
  <testcase name="TestALotOfAdding" classname="LocalCMCTests" time="0.0"/>
  <testcase name="TestALotOfAdding" classname="LocalCMCTests" time="0.001"/>
  <testcase name="TestALotOfAdding" classname="LocalCMCTests" time="0.001"/>
  <testcase name="TestALotOfAdding" classname="LocalCMCTests" time="0.001"/>
  <testcase name="TestALotOfAdding" classname="LocalCMCTests" time="0.0"/>
  <testcase name="TestALotOfAdding" classname="LocalCMCTests" time="0.0"/>
  <testcase name="TestALotOfAdding" classname="LocalCMCTests" time="0.0"/>
  <testcase name="TestALotOfAdding" classname="LocalCMCTests" time="0.0"/>
  <testcase name="TestALotOfAdding" classname="LocalCMCTests" time="0.0"/>
  <testcase name="TestALotOfAdding" classname="LocalCMCTests" time="0.001"/>
  <testcase name="TestALotOfAdding" classname="LocalCMCTests" time="0.001"/>
  <testcase name="TestALotOfAdding" classname="LocalCMCTests" time="0.001"/>
  <testcase name="TestALotOfAdding" classname="LocalCMCTests" time="0.001"/>
  <testcase name="TestALotOfAdding" classname="LocalCMCTests" time="0.001"/>
  <testcase name="TestALotOfAdding" classname="LocalCMCTests" time="0.002"/>
  <testcase name="TestALotOfAdding" classname="LocalCMCTests" time="0.0"/>
  <testcase name="TestALotOfAdding" classname="LocalCMCTests" time="0.001"/>
  <testcase name="TestALotOfAdding" classname="LocalCMCTests" time="0.0"/>
  <testcase name="TestALotOfAdding" classname="LocalCMCTests" time="0.001"/>
  <testcase name="TestALotOfAdding" classname="LocalCMCTests" time="0.0"/>
  <testcase name="TestALotOfAdding" classname="LocalCMCTests" time="0.0"/>
  <testcase name="TestALotOfAdding" classname="LocalCMCTests" time="0.001"/>
  <testcase name="TestALotOfAdding" classname="LocalCMCTests" time="0.0"/>
  <testcase name="TestALotOfAdding" classname="LocalCMCTests" time="0.0"/>
  <testcase name="TestALotOfAdding" classname="LocalCMCTests" time="0.0"/>
  <testcase name="TestALotOfAdding" classname="LocalCMCTests" time="0.001"/>
  <testcase name="TestALotOfAdding" classname="LocalCMCTests" time="0.0"/>
  <testcase name="TestALotOfAdding" classname="LocalCMCTests" time="0.001"/>
  <testcase name="TestALotOfAdding" classname="LocalCMCTests" time="0.0"/>
  <testcase name="TestALotOfAdding" classname="LocalCMCTests" time="0.001"/>
  <testcase name="TestALotOfAdding" classname="LocalCMCTests" time="0.0"/>
  <testcase name="TestALotOfAdding" classname="LocalCMCTests" time="0.001"/>
  <testcase name="TestALotOfAdding" classname="LocalCMCTests" time="0.001"/>
  <testcase name="TestALotOfAdding" classname="LocalCMCTests" time="0.002"/>
  <testcase name="TestALotOfAdding" classname="LocalCMCTests" time="0.001"/>
  <testcase name="TestALotOfAdding" classname="LocalCMCTests" time="0.001"/>
  <testcase name="TestALotOfAdding" classname="LocalCMCTests" time="0.0"/>
  <testcase name="TestALotOfAdding" classname="LocalCMCTests" time="0.001"/>
  <testcase name="TestALotOfAdding" classname="LocalCMCTests" time="0.0"/>
  <testcase name="TestALotOfAdding" classname="LocalCMCTests" time="0.0"/>
  <testcase name="TestALotOfAdding" classname="LocalCMCTests" time="0.0"/>
  <testcase name="TestALotOfAdding" classname="LocalCMCTests" time="0.001"/>
  <testcase name="TestALotOfAdding" classname="LocalCMCTests" time="0.001"/>
  <testcase name="TestALotOfAdding" classname="LocalCMCTests" time="0.001"/>
  <testcase name="TestALotOfAdding" classname="LocalCMCTests" time="0.0"/>
  <testcase name="TestALotOfAdding" classname="LocalCMCTests" time="0.001"/>
  <testcase name="TestALotOfAdding" classname="LocalCMCTests" time="0.001"/>
  <testcase name="TestALotOfAdding" classname="LocalCMCTests" time="0.001"/>
  <testcase name="TestALotOfAdding" classname="LocalCMCTests" time="0.0"/>
  <testcase name="TestALotOfAdding" classname="LocalCMCTests" time="0.001"/>
  <testcase name="TestALotOfAdding" classname="LocalCMCTests" time="0.0"/>
  <testcase name="TestALotOfAdding" classname="LocalCMCTests" time="0.0"/>
  <testcase name="TestALotOfAdding" classname="LocalCMCTests" time="0.0"/>
  <testcase name="TestALotOfAdding" classname="LocalCMCTests" time="0.001"/>
  <testcase name="TestALotOfAdding" classname="LocalCMCTests" time="0.0"/>
  <testcase name="TestALotOfAdding" classname="LocalCMCTests" time="0.001"/>
  <testcase name="TestALotOfAdding" classname="LocalCMCTests" time="0.0"/>
  <testcase name="TestALotOfAdding" classname="LocalCMCTests" time="0.001"/>
  <testcase name="TestALotOfAdding" classname="LocalCMCTests" time="0.0"/>
  <testcase name="TestALotOfAdding" classname="LocalCMCTests" time="0.001"/>
  <testcase name="TestALotOfAdding" classname="LocalCMCTests" time="0.001"/>
  <testcase name="TestALotOfAdding" classname="LocalCMCTests" time="0.001"/>
  <testcase name="TestALotOfAdding" classname="LocalCMCTests" time="0.001"/>
  <testcase name="TestALotOfAdding" classname="LocalCMCTests" time="0.001"/>
  <testcase name="TestALotOfAdding" classname="LocalCMCTests" time="0.001"/>
  <testcase name="TestALotOfAdding" classname="LocalCMCTests" time="0.002"/>
  <testcase name="TestALotOfAdding" classname="LocalCMCTests" time="0.0"/>
  <testcase name="TestALotOfAdding" classname="LocalCMCTests" time="0.001"/>
  <testcase name="TestALotOfAdding" classname="LocalCMCTests" time="0.0"/>
  <testcase name="TestALotOfAdding" classname="LocalCMCTests" time="0.001"/>
  <testcase name="TestALotOfAdding" classname="LocalCMCTests" time="0.0"/>
  <testcase name="TestALotOfAdding" classname="LocalCMCTests" time="0.0"/>
  <testcase name="TestALotOfAdding" classname="LocalCMCTests" time="0.0"/>
  <testcase name="TestALotOfAdding" classname="LocalCMCTests" time="0.001"/>
  <testcase name="TestALotOfAdding" classname="LocalCMCTests" time="0.001"/>
  <testcase name="TestALotOfAdding" classname="LocalCMCTests" time="0.001"/>
  <testcase name="TestALotOfAdding" classname="LocalCMCTests" time="0.001"/>
  <testcase name="TestALotOfAdding" classname="LocalCMCTests" time="0.0"/>
  <testcase name="TestALotOfAdding" classname="LocalCMCTests" time="0.001"/>
  <testcase name="TestALotOfAdding" classname="LocalCMCTests" time="0.001"/>
  <testcase name="TestALotOfAdding" classname="LocalCMCTests" time="0.001"/>
  <testcase name="TestALotOfAdding" classname="LocalCMCTests" time="0.0"/>
  <testcase name="TestALotOfAdding" classname="LocalCMCTests" time="0.001"/>
  <testcase name="TestALotOfAdding" classname="LocalCMCTests" time="0.0"/>
  <testcase name="TestALotOfAdding" classname="LocalCMCTests" time="0.0"/>
  <testcase name="TestALotOfAdding" classname="LocalCMCTests" time="0.0"/>
  <testcase name="TestALotOfAdding" classname="LocalCMCTests" time="0.001"/>
  <testcase name="TestALotOfAdding" classname="LocalCMCTests" time="0.001"/>
  <testcase name="TestALotOfAdding" classname="LocalCMCTests" time="0.002"/>
  <testcase name="TestALotOfAdding" classname="LocalCMCTests" time="0.002"/>
  <testcase name="TestALotOfAdding" classname="LocalCMCTests" time="0.001"/>
  <testcase name="TestALotOfAdding" classname="LocalCMCTests" time="0.0"/>
  <testcase name="TestALotOfAdding" classname="LocalCMCTests" time="0.0"/>
  <testcase name="TestALotOfAdding" classname="LocalCMCTests" time="0.001"/>
  <testcase name="TestALotOfAdding" classname="LocalCMCTests" time="0.001"/>
  <testcase name="TestALotOfAdding" classname="LocalCMCTests" time="0.001"/>
  <testcase name="TestALotOfAdding" classname="LocalCMCTests" time="0.001"/>
  <testcase name="TestALotOfAdding" classname="LocalCMCTests" time="0.001"/>
  <testcase name="TestALotOfAdding" classname="LocalCMCTests" time="0.0"/>
  <testcase name="TestALotOfAdding" classname="LocalCMCTests" time="0.0"/>
  <testcase name="TestALotOfAdding" classname="LocalCMCTests" time="0.0"/>
  <testcase name="TestALotOfAdding" classname="LocalCMCTests" time="0.0"/>
  <testcase name="TestALotOfAdding" classname="LocalCMCTests" time="0.0"/>
  <testcase name="TestALotOfAdding" classname="LocalCMCTests" time="0.0"/>
  <testcase name="TestALotOfAdding" classname="LocalCMCTests" time="0.001"/>
  <testcase name="TestALotOfAdding" classname="LocalCMCTests" time="0.001"/>
  <testcase name="TestALotOfAdding" classname="LocalCMCTests" time="0.001"/>
  <testcase name="TestALotOfAdding" classname="LocalCMCTests" time="0.0"/>
  <testcase name="TestALotOfAdding" classname="LocalCMCTests" time="0.0"/>
  <testcase name="TestALotOfAdding" classname="LocalCMCTests" time="0.0"/>
  <testcase name="TestALotOfAdding" classname="LocalCMCTests" time="0.001"/>
  <testcase name="TestALotOfAdding" classname="LocalCMCTests" time="0.0"/>
  <testcase name="TestALotOfAdding" classname="LocalCMCTests" time="0.001"/>
  <testcase name="TestALotOfAdding" classname="LocalCMCTests" time="0.001"/>
  <testcase name="TestALotOfAdding" classname="LocalCMCTests" time="0.001"/>
  <testcase name="TestALotOfAdding" classname="LocalCMCTests" time="0.001"/>
  <testcase name="TestALotOfAdding" classname="LocalCMCTests" time="0.0"/>
  <testcase name="TestALotOfAdding" classname="LocalCMCTests" time="0.0"/>
  <testcase name="TestALotOfAdding" classname="LocalCMCTests" time="0.0"/>
  <testcase name="TestALotOfAdding" classname="LocalCMCTests" time="0.001"/>
  <testcase name="TestALotOfAdding" classname="LocalCMCTests" time="0.0"/>
  <testcase name="TestALotOfAdding" classname="LocalCMCTests" time="0.0"/>
  <testcase name="TestALotOfAdding" classname="LocalCMCTests" time="0.001"/>
  <testcase name="TestALotOfAdding" classname="LocalCMCTests" time="0.002"/>
  <testcase name="TestALotOfAdding" classname="LocalCMCTests" time="0.001"/>
  <testcase name="TestALotOfAdding" classname="LocalCMCTests" time="0.001"/>
  <testcase name="TestALotOfAdding" classname="LocalCMCTests" time="0.002"/>
  <testcase name="TestALotOfAdding" classname="LocalCMCTests" time="0.0"/>
  <testcase name="TestALotOfAdding" classname="LocalCMCTests" time="0.0"/>
  <testcase name="TestALotOfAdding" classname="LocalCMCTests" time="0.0"/>
  <testcase name="TestALotOfAdding" classname="LocalCMCTests" time="0.0"/>
  <testcase name="TestALotOfAdding" classname="LocalCMCTests" time="0.0"/>
  <testcase name="TestALotOfAdding" classname="LocalCMCTests" time="0.001"/>
  <testcase name="TestALotOfAdding" classname="LocalCMCTests" time="0.001"/>
  <testcase name="TestALotOfAdding" classname="LocalCMCTests" time="0.0"/>
  <testcase name="TestALotOfAdding" classname="LocalCMCTests" time="0.002"/>
  <testcase name="TestALotOfAdding" classname="LocalCMCTests" time="0.002"/>
  <testcase name="TestALotOfAdding" classname="LocalCMCTests" time="0.0"/>
  <testcase name="TestALotOfAdding" classname="LocalCMCTests" time="0.001"/>
  <testcase name="TestALotOfAdding" classname="LocalCMCTests" time="0.001"/>
  <testcase name="TestALotOfAdding" classname="LocalCMCTests" time="0.001"/>
  <testcase name="TestALotOfAdding" classname="LocalCMCTests" time="0.0"/>
  <testcase name="TestALotOfAdding" classname="LocalCMCTests" time="0.001"/>
  <testcase name="TestALotOfAdding" classname="LocalCMCTests" time="0.0"/>
  <testcase name="TestALotOfAdding" classname="LocalCMCTests" time="0.001"/>
  <testcase name="TestALotOfAdding" classname="LocalCMCTests" time="0.0"/>
  <testcase name="TestALotOfAdding" classname="LocalCMCTests" time="0.001"/>
  <testcase name="TestALotOfAdding" classname="LocalCMCTests" time="0.001"/>
  <testcase name="TestALotOfAdding" classname="LocalCMCTests" time="0.002"/>
  <testcase name="TestALotOfAdding" classname="LocalCMCTests" time="0.001"/>
  <testcase name="TestALotOfAdding" classname="LocalCMCTests" time="0.001"/>
  <testcase name="TestALotOfAdding" classname="LocalCMCTests" time="0.0"/>
  <testcase name="TestALotOfAdding" classname="LocalCMCTests" time="0.001"/>
  <testcase name="TestALotOfAdding" classname="LocalCMCTests" time="0.0"/>
  <testcase name="TestALotOfAdding" classname="LocalCMCTests" time="0.0"/>
  <testcase name="TestALotOfAdding" classname="LocalCMCTests" time="0.0"/>
  <testcase name="TestALotOfAdding" classname="LocalCMCTests" time="0.001"/>
  <testcase name="TestALotOfAdding" classname="LocalCMCTests" time="0.0"/>
  <testcase name="TestALotOfAdding" classname="LocalCMCTests" time="0.002"/>
  <testcase name="TestALotOfAdding" classname="LocalCMCTests" time="0.0"/>
  <testcase name="TestALotOfAdding" classname="LocalCMCTests" time="0.001"/>
  <testcase name="TestALotOfAdding" classname="LocalCMCTests" time="0.001"/>
  <testcase name="TestALotOfAdding" classname="LocalCMCTests" time="0.001"/>
  <testcase name="TestALotOfAdding" classname="LocalCMCTests" time="0.001"/>
  <testcase name="TestALotOfAdding" classname="LocalCMCTests" time="0.001"/>
  <testcase name="TestALotOfAdding" classname="LocalCMCTests" time="0.001"/>
  <testcase name="TestALotOfAdding" classname="LocalCMCTests" time="0.001"/>
  <testcase name="TestALotOfAdding" classname="LocalCMCTests" time="0.0"/>
  <testcase name="TestALotOfAdding" classname="LocalCMCTests" time="0.0"/>
  <testcase name="TestALotOfAdding" classname="LocalCMCTests" time="0.0"/>
  <testcase name="TestALotOfAdding" classname="LocalCMCTests" time="0.0"/>
  <testcase name="TestALotOfAdding" classname="LocalCMCTests" time="0.001"/>
  <testcase name="TestALotOfAdding" classname="LocalCMCTests" time="0.0"/>
  <testcase name="TestALotOfAdding" classname="LocalCMCTests" time="0.001"/>
  <testcase name="TestALotOfAdding" classname="LocalCMCTests" time="0.0"/>
  <testcase name="TestALotOfAdding" classname="LocalCMCTests" time="0.002"/>
  <testcase name="TestALotOfAdding" classname="LocalCMCTests" time="0.001"/>
  <testcase name="TestALotOfAdding" classname="LocalCMCTests" time="0.002"/>
  <testcase name="TestALotOfAdding" classname="LocalCMCTests" time="0.0"/>
  <testcase name="TestALotOfAdding" classname="LocalCMCTests" time="0.001"/>
  <testcase name="TestALotOfAdding" classname="LocalCMCTests" time="0.0"/>
  <testcase name="TestALotOfAdding" classname="LocalCMCTests" time="0.001"/>
  <testcase name="TestALotOfAdding" classname="LocalCMCTests" time="0.001"/>
  <testcase name="TestALotOfAdding" classname="LocalCMCTests" time="0.001"/>
  <testcase name="TestALotOfAdding" classname="LocalCMCTests" time="0.0"/>
  <testcase name="TestALotOfAdding" classname="LocalCMCTests" time="0.0"/>
  <testcase name="TestALotOfAdding" classname="LocalCMCTests" time="0.0"/>
  <testcase name="TestALotOfAdding" classname="LocalCMCTests" time="0.0"/>
  <testcase name="TestALotOfAdding" classname="LocalCMCTests" time="0.001"/>
  <testcase name="TestALotOfAdding" classname="LocalCMCTests" time="0.001"/>
  <testcase name="TestALotOfAdding" classname="LocalCMCTests" time="0.002"/>
  <testcase name="TestALotOfAdding" classname="LocalCMCTests" time="0.001"/>
  <testcase name="TestALotOfAdding" classname="LocalCMCTests" time="0.001"/>
  <testcase name="TestALotOfAdding" classname="LocalCMCTests" time="0.001"/>
  <testcase name="TestALotOfAdding" classname="LocalCMCTests" time="0.001"/>
  <testcase name="TestALotOfAdding" classname="LocalCMCTests" time="0.002"/>
  <testcase name="TestALotOfAdding" classname="LocalCMCTests" time="0.0"/>
  <testcase name="TestALotOfAdding" classname="LocalCMCTests" time="0.002"/>
  <testcase name="TestALotOfAdding" classname="LocalCMCTests" time="0.0"/>
  <testcase name="TestALotOfAdding" classname="LocalCMCTests" time="0.0"/>
  <testcase name="TestALotOfAdding" classname="LocalCMCTests" time="0.0"/>
  <testcase name="TestALotOfAdding" classname="LocalCMCTests" time="0.0"/>
  <testcase name="TestALotOfAdding" classname="LocalCMCTests" time="0.0"/>
  <testcase name="TestALotOfAdding" classname="LocalCMCTests" time="0.0"/>
  <testcase name="TestALotOfAdding" classname="LocalCMCTests" time="0.0"/>
  <testcase name="TestALotOfAdding" classname="LocalCMCTests" time="0.0"/>
  <testcase name="TestALotOfAdding" classname="LocalCMCTests" time="0.001"/>
  <testcase name="TestALotOfAdding" classname="LocalCMCTests" time="0.001"/>
  <testcase name="TestALotOfAdding" classname="LocalCMCTests" time="0.001"/>
  <testcase name="TestALotOfAdding" classname="LocalCMCTests" time="0.0"/>
  <testcase name="TestALotOfAdding" classname="LocalCMCTests" time="0.001"/>
  <testcase name="TestALotOfAdding" classname="LocalCMCTests" time="0.001"/>
  <testcase name="TestALotOfAdding" classname="LocalCMCTests" time="0.001"/>
  <testcase name="TestALotOfAdding" classname="LocalCMCTests" time="0.0"/>
  <testcase name="TestALotOfAdding" classname="LocalCMCTests" time="0.001"/>
  <testcase name="TestALotOfAdding" classname="LocalCMCTests" time="0.0"/>
  <testcase name="TestALotOfAdding" classname="LocalCMCTests" time="0.0"/>
  <testcase name="TestALotOfAdding" classname="LocalCMCTests" time="0.001"/>
  <testcase name="TestALotOfAdding" classname="LocalCMCTests" time="0.002"/>
  <testcase name="TestALotOfAdding" classname="LocalCMCTests" time="0.001"/>
  <testcase name="TestALotOfAdding" classname="LocalCMCTests" time="0.001"/>
  <testcase name="TestALotOfAdding" classname="LocalCMCTests" time="0.002"/>
  <testcase name="TestALotOfAdding" classname="LocalCMCTests" time="0.0"/>
  <testcase name="TestALotOfAdding" classname="LocalCMCTests" time="0.001"/>
  <testcase name="TestALotOfAdding" classname="LocalCMCTests" time="0.0"/>
  <testcase name="TestALotOfAdding" classname="LocalCMCTests" time="0.0"/>
  <testcase name="TestALotOfAdding" classname="LocalCMCTests" time="0.0"/>
  <testcase name="TestALotOfAdding" classname="LocalCMCTests" time="0.0"/>
  <testcase name="TestALotOfAdding" classname="LocalCMCTests" time="0.002"/>
  <testcase name="TestALotOfAdding" classname="LocalCMCTests" time="0.0"/>
  <testcase name="TestALotOfAdding" classname="LocalCMCTests" time="0.001"/>
  <testcase name="TestALotOfAdding" classname="LocalCMCTests" time="0.0"/>
  <testcase name="TestALotOfAdding" classname="LocalCMCTests" time="0.001"/>
  <testcase name="TestALotOfAdding" classname="LocalCMCTests" time="0.002"/>
  <testcase name="TestALotOfAdding" classname="LocalCMCTests" time="0.001"/>
  <testcase name="TestALotOfAdding" classname="LocalCMCTests" time="0.0"/>
  <testcase name="TestALotOfAdding" classname="LocalCMCTests" time="0.001"/>
  <testcase name="TestALotOfAdding" classname="LocalCMCTests" time="0.001"/>
  <testcase name="TestALotOfAdding" classname="LocalCMCTests" time="0.001"/>
  <testcase name="TestALotOfAdding" classname="LocalCMCTests" time="0.002"/>
  <testcase name="TestALotOfAdding" classname="LocalCMCTests" time="0.001"/>
  <testcase name="TestALotOfAdding" classname="LocalCMCTests" time="0.001"/>
  <testcase name="TestALotOfAdding" classname="LocalCMCTests" time="0.0"/>
  <testcase name="TestALotOfAdding" classname="LocalCMCTests" time="0.0"/>
  <testcase name="TestALotOfAdding" classname="LocalCMCTests" time="0.001"/>
  <testcase name="TestALotOfAdding" classname="LocalCMCTests" time="0.0"/>
  <testcase name="TestALotOfAdding" classname="LocalCMCTests" time="0.0"/>
  <testcase name="TestALotOfAdding" classname="LocalCMCTests" time="0.0"/>
  <testcase name="TestALotOfAdding" classname="LocalCMCTests" time="0.0"/>
  <testcase name="TestALotOfAdding" classname="LocalCMCTests" time="0.0"/>
  <testcase name="TestALotOfAdding" classname="LocalCMCTests" time="0.0"/>
  <testcase name="TestALotOfAdding" classname="LocalCMCTests" time="0.001"/>
  <testcase name="TestALotOfAdding" classname="LocalCMCTests" time="0.0"/>
  <testcase name="TestALotOfAdding" classname="LocalCMCTests" time="0.001"/>
  <testcase name="TestALotOfAdding" classname="LocalCMCTests" time="0.0"/>
  <testcase name="TestALotOfAdding" classname="LocalCMCTests" time="0.001"/>
  <testcase name="TestALotOfAdding" classname="LocalCMCTests" time="0.001"/>
  <testcase name="TestALotOfAdding" classname="LocalCMCTests" time="0.001"/>
  <testcase name="TestALotOfAdding" classname="LocalCMCTests" time="0.001"/>
  <testcase name="TestALotOfAdding" classname="LocalCMCTests" time="0.0"/>
  <testcase name="TestALotOfAdding" classname="LocalCMCTests" time="0.0"/>
  <testcase name="TestALotOfAdding" classname="LocalCMCTests" time="0.0"/>
  <testcase name="TestALotOfAdding" classname="LocalCMCTests" time="0.001"/>
  <testcase name="TestALotOfAdding" classname="LocalCMCTests" time="0.0"/>
  <testcase name="TestALotOfAdding" classname="LocalCMCTests" time="0.001"/>
  <testcase name="TestALotOfAdding" classname="LocalCMCTests" time="0.001"/>
  <testcase name="TestALotOfAdding" classname="LocalCMCTests" time="0.002"/>
  <testcase name="TestALotOfAdding" classname="LocalCMCTests" time="0.0"/>
  <testcase name="TestALotOfAdding" classname="LocalCMCTests" time="0.001"/>
  <testcase name="TestALotOfAdding" classname="LocalCMCTests" time="0.0"/>
  <testcase name="TestALotOfAdding" classname="LocalCMCTests" time="0.001"/>
  <testcase name="TestALotOfAdding" classname="LocalCMCTests" time="0.001"/>
  <testcase name="TestALotOfAdding" classname="LocalCMCTests" time="0.001"/>
  <testcase name="TestALotOfAdding" classname="LocalCMCTests" time="0.0"/>
  <testcase name="TestALotOfAdding" classname="LocalCMCTests" time="0.001"/>
  <testcase name="TestALotOfAdding" classname="LocalCMCTests" time="0.001"/>
  <testcase name="TestALotOfAdding" classname="LocalCMCTests" time="0.002"/>
  <testcase name="TestALotOfAdding" classname="LocalCMCTests" time="0.001"/>
  <testcase name="TestALotOfAdding" classname="LocalCMCTests" time="0.0"/>
  <testcase name="TestALotOfAdding" classname="LocalCMCTests" time="0.0"/>
  <testcase name="TestALotOfAdding" classname="LocalCMCTests" time="0.0"/>
  <testcase name="TestALotOfAdding" classname="LocalCMCTests" time="0.0"/>
  <testcase name="TestALotOfAdding" classname="LocalCMCTests" time="0.0"/>
  <testcase name="TestALotOfAdding" classname="LocalCMCTests" time="0.001"/>
  <testcase name="TestALotOfAdding" classname="LocalCMCTests" time="0.001"/>
  <testcase name="TestALotOfAdding" classname="LocalCMCTests" time="0.0"/>
  <testcase name="TestALotOfAdding" classname="LocalCMCTests" time="0.001"/>
  <testcase name="TestALotOfAdding" classname="LocalCMCTests" time="0.0"/>
  <testcase name="TestALotOfAdding" classname="LocalCMCTests" time="0.0"/>
  <testcase name="TestALotOfAdding" classname="LocalCMCTests" time="0.001"/>
  <testcase name="TestALotOfAdding" classname="LocalCMCTests" time="0.001"/>
  <testcase name="TestALotOfAdding" classname="LocalCMCTests" time="0.0"/>
  <testcase name="TestALotOfAdding" classname="LocalCMCTests" time="0.0"/>
  <testcase name="TestALotOfAdding" classname="LocalCMCTests" time="0.001"/>
  <testcase name="TestALotOfAdding" classname="LocalCMCTests" time="0.0"/>
  <testcase name="TestALotOfAdding" classname="LocalCMCTests" time="0.002"/>
  <testcase name="TestALotOfAdding" classname="LocalCMCTests" time="0.002"/>
  <testcase name="TestALotOfAdding" classname="LocalCMCTests" time="0.0"/>
  <testcase name="TestALotOfAdding" classname="LocalCMCTests" time="0.001"/>
  <testcase name="TestALotOfAdding" classname="LocalCMCTests" time="0.001"/>
  <testcase name="TestALotOfAdding" classname="LocalCMCTests" time="0.001"/>
  <testcase name="TestALotOfAdding" classname="LocalCMCTests" time="0.0"/>
  <testcase name="TestALotOfAdding" classname="LocalCMCTests" time="0.002"/>
  <testcase name="TestALotOfAdding" classname="LocalCMCTests" time="0.001"/>
  <testcase name="TestALotOfAdding" classname="LocalCMCTests" time="0.001"/>
  <testcase name="TestALotOfAdding" classname="LocalCMCTests" time="0.0"/>
  <testcase name="TestALotOfAdding" classname="LocalCMCTests" time="0.0"/>
  <testcase name="TestALotOfAdding" classname="LocalCMCTests" time="0.001"/>
  <testcase name="TestALotOfAdding" classname="LocalCMCTests" time="0.0"/>
  <testcase name="TestALotOfAdding" classname="LocalCMCTests" time="0.0"/>
  <testcase name="TestALotOfAdding" classname="LocalCMCTests" time="0.0"/>
  <testcase name="TestALotOfAdding" classname="LocalCMCTests" time="0.0"/>
  <testcase name="TestALotOfAdding" classname="LocalCMCTests" time="0.002"/>
  <testcase name="TestALotOfAdding" classname="LocalCMCTests" time="0.001"/>
  <testcase name="TestALotOfAdding" classname="LocalCMCTests" time="0.0"/>
  <testcase name="TestALotOfAdding" classname="LocalCMCTests" time="0.0"/>
  <testcase name="TestALotOfAdding" classname="LocalCMCTests" time="0.001"/>
  <testcase name="TestALotOfAdding" classname="LocalCMCTests" time="0.001"/>
  <testcase name="TestALotOfAdding" classname="LocalCMCTests" time="0.001"/>
  <testcase name="TestALotOfAdding" classname="LocalCMCTests" time="0.001"/>
  <testcase name="TestALotOfAdding" classname="LocalCMCTests" time="0.001"/>
  <testcase name="TestALotOfAdding" classname="LocalCMCTests" time="0.0"/>
  <testcase name="TestALotOfAdding" classname="LocalCMCTests" time="0.001"/>
  <testcase name="TestALotOfAdding" classname="LocalCMCTests" time="0.0"/>
  <testcase name="TestALotOfAdding" classname="LocalCMCTests" time="0.0"/>
  <testcase name="TestALotOfAdding" classname="LocalCMCTests" time="0.002"/>
  <testcase name="TestALotOfAdding" classname="LocalCMCTests" time="0.001"/>
  <testcase name="TestALotOfAdding" classname="LocalCMCTests" time="0.0"/>
  <testcase name="TestALotOfAdding" classname="LocalCMCTests" time="0.0"/>
  <testcase name="TestALotOfAdding" classname="LocalCMCTests" time="0.002"/>
  <testcase name="TestALotOfAdding" classname="LocalCMCTests" time="0.0"/>
  <testcase name="TestALotOfAdding" classname="LocalCMCTests" time="0.0"/>
  <testcase name="TestALotOfAdding" classname="LocalCMCTests" time="0.001"/>
  <testcase name="TestALotOfAdding" classname="LocalCMCTests" time="0.0"/>
  <testcase name="TestALotOfAdding" classname="LocalCMCTests" time="0.0"/>
  <testcase name="TestALotOfAdding" classname="LocalCMCTests" time="0.0"/>
  <testcase name="TestALotOfAdding" classname="LocalCMCTests" time="0.0"/>
  <testcase name="TestALotOfAdding" classname="LocalCMCTests" time="0.001"/>
  <testcase name="TestALotOfAdding" classname="LocalCMCTests" time="0.0"/>
  <testcase name="TestALotOfAdding" classname="LocalCMCTests" time="0.001"/>
  <testcase name="TestALotOfAdding" classname="LocalCMCTests" time="0.002"/>
  <testcase name="TestALotOfAdding" classname="LocalCMCTests" time="0.002"/>
  <testcase name="TestALotOfAdding" classname="LocalCMCTests" time="0.0"/>
  <testcase name="TestALotOfAdding" classname="LocalCMCTests" time="0.002"/>
  <testcase name="TestALotOfAdding" classname="LocalCMCTests" time="0.002"/>
  <testcase name="TestALotOfAdding" classname="LocalCMCTests" time="0.002"/>
  <testcase name="TestALotOfAdding" classname="LocalCMCTests" time="0.0"/>
  <testcase name="TestALotOfAdding" classname="LocalCMCTests" time="0.0"/>
  <testcase name="TestALotOfAdding" classname="LocalCMCTests" time="0.0"/>
  <testcase name="TestALotOfAdding" classname="LocalCMCTests" time="0.0"/>
  <testcase name="TestALotOfAdding" classname="LocalCMCTests" time="0.0"/>
  <testcase name="TestALotOfAdding" classname="LocalCMCTests" time="0.001"/>
  <testcase name="TestALotOfAdding" classname="LocalCMCTests" time="0.002"/>
  <testcase name="TestALotOfAdding" classname="LocalCMCTests" time="0.002"/>
  <testcase name="TestALotOfAdding" classname="LocalCMCTests" time="0.0"/>
  <testcase name="TestALotOfAdding" classname="LocalCMCTests" time="0.002"/>
  <testcase name="TestALotOfAdding" classname="LocalCMCTests" time="0.0"/>
  <testcase name="TestALotOfAdding" classname="LocalCMCTests" time="0.0"/>
  <testcase name="TestALotOfAdding" classname="LocalCMCTests" time="0.001"/>
  <testcase name="TestALotOfAdding" classname="LocalCMCTests" time="0.001"/>
  <testcase name="TestALotOfAdding" classname="LocalCMCTests" time="0.001"/>
  <testcase name="TestALotOfAdding" classname="LocalCMCTests" time="0.001"/>
  <testcase name="TestALotOfAdding" classname="LocalCMCTests" time="0.001"/>
  <testcase name="TestALotOfAdding" classname="LocalCMCTests" time="0.001"/>
  <testcase name="TestALotOfAdding" classname="LocalCMCTests" time="0.001"/>
  <testcase name="TestALotOfAdding" classname="LocalCMCTests" time="0.001"/>
  <testcase name="TestALotOfAdding" classname="LocalCMCTests" time="0.001"/>
  <testcase name="TestALotOfAdding" classname="LocalCMCTests" time="0.001"/>
  <testcase name="TestALotOfAdding" classname="LocalCMCTests" time="0.001"/>
  <testcase name="TestALotOfAdding" classname="LocalCMCTests" time="0.001"/>
  <testcase name="TestALotOfAdding" classname="LocalCMCTests" time="0.001"/>
  <testcase name="TestALotOfAdding" classname="LocalCMCTests" time="0.001"/>
  <testcase name="TestALotOfAdding" classname="LocalCMCTests" time="0.0"/>
  <testcase name="TestALotOfAdding" classname="LocalCMCTests" time="0.0"/>
  <testcase name="TestALotOfAdding" classname="LocalCMCTests" time="0.001"/>
  <testcase name="TestALotOfAdding" classname="LocalCMCTests" time="0.0"/>
  <testcase name="TestALotOfAdding" classname="LocalCMCTests" time="0.0"/>
  <testcase name="TestALotOfAdding" classname="LocalCMCTests" time="0.0"/>
  <testcase name="TestALotOfAdding" classname="LocalCMCTests" time="0.0"/>
  <testcase name="TestALotOfAdding" classname="LocalCMCTests" time="0.0"/>
  <testcase name="TestALotOfAdding" classname="LocalCMCTests" time="0.001"/>
  <testcase name="TestALotOfAdding" classname="LocalCMCTests" time="0.001"/>
  <testcase name="TestALotOfAdding" classname="LocalCMCTests" time="0.001"/>
  <testcase name="TestALotOfAdding" classname="LocalCMCTests" time="0.0"/>
  <testcase name="TestALotOfAdding" classname="LocalCMCTests" time="0.001"/>
  <testcase name="TestALotOfAdding" classname="LocalCMCTests" time="0.001"/>
  <testcase name="TestALotOfAdding" classname="LocalCMCTests" time="0.0"/>
  <testcase name="TestALotOfAdding" classname="LocalCMCTests" time="0.001"/>
  <testcase name="TestALotOfAdding" classname="LocalCMCTests" time="0.001"/>
  <testcase name="TestALotOfAdding" classname="LocalCMCTests" time="0.0"/>
  <testcase name="TestALotOfAdding" classname="LocalCMCTests" time="0.0"/>
  <testcase name="TestALotOfAdding" classname="LocalCMCTests" time="0.002"/>
  <testcase name="TestALotOfAdding" classname="LocalCMCTests" time="0.002"/>
  <testcase name="TestALotOfAdding" classname="LocalCMCTests" time="0.0"/>
  <testcase name="TestALotOfAdding" classname="LocalCMCTests" time="0.001"/>
  <testcase name="TestALotOfAdding" classname="LocalCMCTests" time="0.001"/>
  <testcase name="TestALotOfAdding" classname="LocalCMCTests" time="0.001"/>
  <testcase name="TestALotOfAdding" classname="LocalCMCTests" time="0.001"/>
  <testcase name="TestALotOfAdding" classname="LocalCMCTests" time="0.001"/>
  <testcase name="TestALotOfAdding" classname="LocalCMCTests" time="0.001"/>
  <testcase name="TestALotOfAdding" classname="LocalCMCTests" time="0.001"/>
  <testcase name="TestALotOfAdding" classname="LocalCMCTests" time="0.001"/>
  <testcase name="TestALotOfAdding" classname="LocalCMCTests" time="0.0"/>
  <testcase name="TestALotOfAdding" classname="LocalCMCTests" time="0.0"/>
  <testcase name="TestALotOfAdding" classname="LocalCMCTests" time="0.0"/>
  <testcase name="TestALotOfAdding" classname="LocalCMCTests" time="0.0"/>
  <testcase name="TestALotOfAdding" classname="LocalCMCTests" time="0.0"/>
  <testcase name="TestALotOfAdding" classname="LocalCMCTests" time="0.0"/>
  <testcase name="TestALotOfAdding" classname="LocalCMCTests" time="0.002"/>
  <testcase name="TestALotOfAdding" classname="LocalCMCTests" time="0.0"/>
  <testcase name="TestALotOfAdding" classname="LocalCMCTests" time="0.002"/>
  <testcase name="TestALotOfAdding" classname="LocalCMCTests" time="0.001"/>
  <testcase name="TestALotOfAdding" classname="LocalCMCTests" time="0.001"/>
  <testcase name="TestALotOfAdding" classname="LocalCMCTests" time="0.001"/>
  <testcase name="TestALotOfAdding" classname="LocalCMCTests" time="0.0"/>
  <testcase name="TestALotOfAdding" classname="LocalCMCTests" time="0.001"/>
  <testcase name="TestALotOfAdding" classname="LocalCMCTests" time="0.0"/>
  <testcase name="TestALotOfAdding" classname="LocalCMCTests" time="0.0"/>
  <testcase name="TestALotOfAdding" classname="LocalCMCTests" time="0.001"/>
  <testcase name="TestALotOfAdding" classname="LocalCMCTests" time="0.001"/>
  <testcase name="TestALotOfAdding" classname="LocalCMCTests" time="0.0"/>
  <testcase name="TestALotOfAdding" classname="LocalCMCTests" time="0.001"/>
  <testcase name="TestALotOfAdding" classname="LocalCMCTests" time="0.0"/>
  <testcase name="TestALotOfAdding" classname="LocalCMCTests" time="0.0"/>
  <testcase name="TestALotOfAdding" classname="LocalCMCTests" time="0.001"/>
  <testcase name="TestALotOfAdding" classname="LocalCMCTests" time="0.001"/>
  <testcase name="TestALotOfAdding" classname="LocalCMCTests" time="0.0"/>
  <testcase name="TestALotOfAdding" classname="LocalCMCTests" time="0.001"/>
  <testcase name="TestALotOfAdding" classname="LocalCMCTests" time="0.001"/>
  <testcase name="TestALotOfAdding" classname="LocalCMCTests" time="0.0"/>
  <testcase name="TestALotOfAdding" classname="LocalCMCTests" time="0.0"/>
  <testcase name="TestALotOfAdding" classname="LocalCMCTests" time="0.0"/>
  <testcase name="TestALotOfAdding" classname="LocalCMCTests" time="0.0"/>
  <testcase name="TestALotOfAdding" classname="LocalCMCTests" time="0.0"/>
  <testcase name="TestALotOfAdding" classname="LocalCMCTests" time="0.0"/>
  <testcase name="TestALotOfAdding" classname="LocalCMCTests" time="0.001"/>
  <testcase name="TestALotOfAdding" classname="LocalCMCTests" time="0.0"/>
  <testcase name="TestALotOfAdding" classname="LocalCMCTests" time="0.001"/>
  <testcase name="TestALotOfAdding" classname="LocalCMCTests" time="0.0"/>
  <testcase name="TestALotOfAdding" classname="LocalCMCTests" time="0.003"/>
  <testcase name="TestALotOfAdding" classname="LocalCMCTests" time="0.002"/>
  <testcase name="TestALotOfAdding" classname="LocalCMCTests" time="0.002"/>
  <testcase name="TestALotOfAdding" classname="LocalCMCTests" time="0.0"/>
  <testcase name="TestALotOfAdding" classname="LocalCMCTests" time="0.0"/>
  <testcase name="TestALotOfAdding" classname="LocalCMCTests" time="0.0"/>
  <testcase name="TestALotOfAdding" classname="LocalCMCTests" time="0.001"/>
  <testcase name="TestALotOfAdding" classname="LocalCMCTests" time="0.0"/>
  <testcase name="TestALotOfAdding" classname="LocalCMCTests" time="0.001"/>
  <testcase name="TestALotOfAdding" classname="LocalCMCTests" time="0.0"/>
  <testcase name="TestALotOfAdding" classname="LocalCMCTests" time="0.0"/>
  <testcase name="TestALotOfAdding" classname="LocalCMCTests" time="0.002"/>
  <testcase name="TestALotOfAdding" classname="LocalCMCTests" time="0.002"/>
  <testcase name="TestALotOfAdding" classname="LocalCMCTests" time="0.002"/>
  <testcase name="TestALotOfAdding" classname="LocalCMCTests" time="0.0"/>
  <testcase name="TestALotOfAdding" classname="LocalCMCTests" time="0.002"/>
  <testcase name="TestALotOfAdding" classname="LocalCMCTests" time="0.0"/>
  <testcase name="TestALotOfAdding" classname="LocalCMCTests" time="0.003"/>
  <testcase name="TestALotOfAdding" classname="LocalCMCTests" time="0.0"/>
  <testcase name="TestALotOfAdding" classname="LocalCMCTests" time="0.002"/>
  <testcase name="TestALotOfAdding" classname="LocalCMCTests" time="0.002"/>
  <testcase name="TestALotOfAdding" classname="LocalCMCTests" time="0.002"/>
  <testcase name="TestALotOfAdding" classname="LocalCMCTests" time="0.0"/>
  <testcase name="TestALotOfAdding" classname="LocalCMCTests" time="0.001"/>
  <testcase name="TestALotOfAdding" classname="LocalCMCTests" time="0.001"/>
  <testcase name="TestALotOfAdding" classname="LocalCMCTests" time="0.001"/>
  <testcase name="TestALotOfAdding" classname="LocalCMCTests" time="0.0"/>
  <testcase name="TestALotOfAdding" classname="LocalCMCTests" time="0.001"/>
  <testcase name="TestALotOfAdding" classname="LocalCMCTests" time="0.001"/>
  <testcase name="TestALotOfAdding" classname="LocalCMCTests" time="0.0"/>
  <testcase name="TestALotOfAdding" classname="LocalCMCTests" time="0.001"/>
  <testcase name="TestALotOfAdding" classname="LocalCMCTests" time="0.0"/>
  <testcase name="TestALotOfAdding" classname="LocalCMCTests" time="0.002"/>
  <testcase name="TestALotOfAdding" classname="LocalCMCTests" time="0.0"/>
  <testcase name="TestALotOfAdding" classname="LocalCMCTests" time="0.001"/>
  <testcase name="TestALotOfAdding" classname="LocalCMCTests" time="0.0"/>
  <testcase name="TestALotOfAdding" classname="LocalCMCTests" time="0.001"/>
  <testcase name="TestALotOfAdding" classname="LocalCMCTests" time="0.001"/>
  <testcase name="TestALotOfAdding" classname="LocalCMCTests" time="0.001"/>
  <testcase name="TestALotOfAdding" classname="LocalCMCTests" time="0.001"/>
  <testcase name="TestALotOfAdding" classname="LocalCMCTests" time="0.0"/>
  <testcase name="TestALotOfAdding" classname="LocalCMCTests" time="0.001"/>
  <testcase name="TestALotOfAdding" classname="LocalCMCTests" time="0.0"/>
  <testcase name="TestALotOfAdding" classname="LocalCMCTests" time="0.002"/>
  <testcase name="TestALotOfAdding" classname="LocalCMCTests" time="0.001"/>
  <testcase name="TestALotOfAdding" classname="LocalCMCTests" time="0.0"/>
  <testcase name="TestALotOfAdding" classname="LocalCMCTests" time="0.001"/>
  <testcase name="TestALotOfAdding" classname="LocalCMCTests" time="0.0"/>
  <testcase name="TestALotOfAdding" classname="LocalCMCTests" time="0.0"/>
  <testcase name="TestALotOfAdding" classname="LocalCMCTests" time="0.0"/>
  <testcase name="TestALotOfAdding" classname="LocalCMCTests" time="0.001"/>
  <testcase name="TestALotOfAdding" classname="LocalCMCTests" time="0.0"/>
  <testcase name="TestALotOfAdding" classname="LocalCMCTests" time="0.001"/>
  <testcase name="TestALotOfAdding" classname="LocalCMCTests" time="0.0"/>
  <testcase name="TestALotOfAdding" classname="LocalCMCTests" time="0.001"/>
  <testcase name="TestALotOfAdding" classname="LocalCMCTests" time="0.002"/>
  <testcase name="TestALotOfAdding" classname="LocalCMCTests" time="0.001"/>
  <testcase name="TestALotOfAdding" classname="LocalCMCTests" time="0.0"/>
  <testcase name="TestALotOfAdding" classname="LocalCMCTests" time="0.0"/>
  <testcase name="TestALotOfAdding" classname="LocalCMCTests" time="0.0"/>
  <testcase name="TestALotOfAdding" classname="LocalCMCTests" time="0.001"/>
  <testcase name="TestALotOfAdding" classname="LocalCMCTests" time="0.001"/>
  <testcase name="TestALotOfAdding" classname="LocalCMCTests" time="0.001"/>
  <testcase name="TestALotOfAdding" classname="LocalCMCTests" time="0.001"/>
  <testcase name="TestALotOfAdding" classname="LocalCMCTests" time="0.001"/>
  <testcase name="TestALotOfAdding" classname="LocalCMCTests" time="0.0"/>
  <testcase name="TestALotOfAdding" classname="LocalCMCTests" time="0.0"/>
  <testcase name="TestALotOfAdding" classname="LocalCMCTests" time="0.001"/>
  <testcase name="TestALotOfAdding" classname="LocalCMCTests" time="0.001"/>
  <testcase name="TestALotOfAdding" classname="LocalCMCTests" time="0.001"/>
  <testcase name="TestALotOfAdding" classname="LocalCMCTests" time="0.0"/>
  <testcase name="TestALotOfAdding" classname="LocalCMCTests" time="0.0"/>
  <testcase name="TestALotOfAdding" classname="LocalCMCTests" time="0.001"/>
  <testcase name="TestALotOfAdding" classname="LocalCMCTests" time="0.0"/>
  <testcase name="TestALotOfAdding" classname="LocalCMCTests" time="0.0"/>
  <testcase name="TestALotOfAdding" classname="LocalCMCTests" time="0.001"/>
  <testcase name="TestALotOfAdding" classname="LocalCMCTests" time="0.001"/>
  <testcase name="TestALotOfAdding" classname="LocalCMCTests" time="0.0"/>
  <testcase name="TestALotOfAdding" classname="LocalCMCTests" time="0.001"/>
  <testcase name="TestALotOfAdding" classname="LocalCMCTests" time="0.002"/>
  <testcase name="TestALotOfAdding" classname="LocalCMCTests" time="0.002"/>
  <testcase name="TestALotOfAdding" classname="LocalCMCTests" time="0.0"/>
  <testcase name="TestALotOfAdding" classname="LocalCMCTests" time="0.0"/>
  <testcase name="TestALotOfAdding" classname="LocalCMCTests" time="0.001"/>
  <testcase name="TestALotOfAdding" classname="LocalCMCTests" time="0.001"/>
  <testcase name="TestALotOfAdding" classname="LocalCMCTests" time="0.001"/>
  <testcase name="TestALotOfAdding" classname="LocalCMCTests" time="0.001"/>
  <testcase name="TestALotOfAdding" classname="LocalCMCTests" time="0.0"/>
  <testcase name="TestALotOfAdding" classname="LocalCMCTests" time="0.001"/>
  <testcase name="TestALotOfAdding" classname="LocalCMCTests" time="0.001"/>
  <testcase name="TestALotOfAdding" classname="LocalCMCTests" time="0.001"/>
  <testcase name="TestALotOfAdding" classname="LocalCMCTests" time="0.003"/>
  <testcase name="TestALotOfAdding" classname="LocalCMCTests" time="0.001"/>
  <testcase name="TestALotOfAdding" classname="LocalCMCTests" time="0.0"/>
  <testcase name="TestALotOfAdding" classname="LocalCMCTests" time="0.0"/>
  <testcase name="TestALotOfAdding" classname="LocalCMCTests" time="0.001"/>
  <testcase name="TestALotOfAdding" classname="LocalCMCTests" time="0.001"/>
  <testcase name="TestALotOfAdding" classname="LocalCMCTests" time="0.0"/>
  <testcase name="TestALotOfAdding" classname="LocalCMCTests" time="0.0"/>
  <testcase name="TestALotOfAdding" classname="LocalCMCTests" time="0.001"/>
  <testcase name="TestALotOfAdding" classname="LocalCMCTests" time="0.0"/>
  <testcase name="TestALotOfAdding" classname="LocalCMCTests" time="0.001"/>
  <testcase name="TestALotOfAdding" classname="LocalCMCTests" time="0.002"/>
  <testcase name="TestALotOfAdding" classname="LocalCMCTests" time="0.0"/>
  <testcase name="TestALotOfAdding" classname="LocalCMCTests" time="0.0"/>
  <testcase name="TestALotOfAdding" classname="LocalCMCTests" time="0.0"/>
  <testcase name="TestALotOfAdding" classname="LocalCMCTests" time="0.0"/>
  <testcase name="TestALotOfAdding" classname="LocalCMCTests" time="0.002"/>
  <testcase name="TestALotOfAdding" classname="LocalCMCTests" time="0.002"/>
  <testcase name="TestALotOfAdding" classname="LocalCMCTests" time="0.003"/>
  <testcase name="TestALotOfAdding" classname="LocalCMCTests" time="0.003"/>
  <testcase name="TestALotOfAdding" classname="LocalCMCTests" time="0.0"/>
  <testcase name="TestALotOfAdding" classname="LocalCMCTests" time="0.001"/>
  <testcase name="TestALotOfAdding" classname="LocalCMCTests" time="0.0"/>
  <testcase name="TestALotOfAdding" classname="LocalCMCTests" time="0.001"/>
  <testcase name="TestALotOfAdding" classname="LocalCMCTests" time="0.0"/>
  <testcase name="TestALotOfAdding" classname="LocalCMCTests" time="0.001"/>
  <testcase name="TestALotOfAdding" classname="LocalCMCTests" time="0.0"/>
  <testcase name="TestALotOfAdding" classname="LocalCMCTests" time="0.001"/>
  <testcase name="TestALotOfAdding" classname="LocalCMCTests" time="0.0"/>
  <testcase name="TestALotOfAdding" classname="LocalCMCTests" time="0.0"/>
  <testcase name="TestALotOfAdding" classname="LocalCMCTests" time="0.003"/>
  <testcase name="TestALotOfAdding" classname="LocalCMCTests" time="0.003"/>
  <testcase name="TestALotOfAdding" classname="LocalCMCTests" time="0.0"/>
  <testcase name="TestALotOfAdding" classname="LocalCMCTests" time="0.0"/>
  <testcase name="TestALotOfAdding" classname="LocalCMCTests" time="0.0"/>
  <testcase name="TestALotOfAdding" classname="LocalCMCTests" time="0.003"/>
  <testcase name="TestALotOfAdding" classname="LocalCMCTests" time="0.0"/>
  <testcase name="TestALotOfAdding" classname="LocalCMCTests" time="0.001"/>
  <testcase name="TestALotOfAdding" classname="LocalCMCTests" time="0.001"/>
  <testcase name="TestALotOfAdding" classname="LocalCMCTests" time="0.001"/>
  <testcase name="TestALotOfAdding" classname="LocalCMCTests" time="0.002"/>
  <testcase name="TestALotOfAdding" classname="LocalCMCTests" time="0.0"/>
  <testcase name="TestALotOfAdding" classname="LocalCMCTests" time="0.001"/>
  <testcase name="TestALotOfAdding" classname="LocalCMCTests" time="0.0"/>
  <testcase name="TestALotOfAdding" classname="LocalCMCTests" time="0.001"/>
  <testcase name="TestALotOfAdding" classname="LocalCMCTests" time="0.0"/>
  <testcase name="TestALotOfAdding" classname="LocalCMCTests" time="0.001"/>
  <testcase name="TestALotOfAdding" classname="LocalCMCTests" time="0.0"/>
  <testcase name="TestALotOfAdding" classname="LocalCMCTests" time="0.001"/>
  <testcase name="TestALotOfAdding" classname="LocalCMCTests" time="0.001"/>
  <testcase name="TestALotOfAdding" classname="LocalCMCTests" time="0.002"/>
  <testcase name="TestALotOfAdding" classname="LocalCMCTests" time="0.0"/>
  <testcase name="TestALotOfAdding" classname="LocalCMCTests" time="0.005"/>
  <testcase name="TestALotOfAdding" classname="LocalCMCTests" time="0.0"/>
  <testcase name="TestALotOfAdding" classname="LocalCMCTests" time="0.0"/>
  <testcase name="TestALotOfAdding" classname="LocalCMCTests" time="0.0"/>
  <testcase name="TestALotOfAdding" classname="LocalCMCTests" time="0.001"/>
  <testcase name="TestALotOfAdding" classname="LocalCMCTests" time="0.001"/>
  <testcase name="TestALotOfAdding" classname="LocalCMCTests" time="0.002"/>
  <testcase name="TestALotOfAdding" classname="LocalCMCTests" time="0.004"/>
  <testcase name="TestALotOfAdding" classname="LocalCMCTests" time="0.002"/>
  <testcase name="TestALotOfAdding" classname="LocalCMCTests" time="0.0"/>
  <testcase name="TestALotOfAdding" classname="LocalCMCTests" time="0.0"/>
  <testcase name="TestALotOfAdding" classname="LocalCMCTests" time="0.0"/>
  <testcase name="TestALotOfAdding" classname="LocalCMCTests" time="0.0"/>
  <testcase name="TestALotOfAdding" classname="LocalCMCTests" time="0.0"/>
  <testcase name="TestALotOfAdding" classname="LocalCMCTests" time="0.0"/>
  <testcase name="TestALotOfAdding" classname="LocalCMCTests" time="0.002"/>
  <testcase name="TestALotOfAdding" classname="LocalCMCTests" time="0.001"/>
  <testcase name="TestALotOfAdding" classname="LocalCMCTests" time="0.001"/>
  <testcase name="TestALotOfAdding" classname="LocalCMCTests" time="0.003"/>
  <testcase name="TestALotOfAdding" classname="LocalCMCTests" time="0.003"/>
  <testcase name="TestALotOfAdding" classname="LocalCMCTests" time="0.007"/>
  <testcase name="TestALotOfAdding" classname="LocalCMCTests" time="0.0"/>
  <testcase name="TestALotOfAdding" classname="LocalCMCTests" time="0.0"/>
  <testcase name="TestALotOfAdding" classname="LocalCMCTests" time="0.001"/>
  <testcase name="TestALotOfAdding" classname="LocalCMCTests" time="0.003"/>
  <testcase name="TestALotOfAdding" classname="LocalCMCTests" time="0.0"/>
  <testcase name="TestALotOfAdding" classname="LocalCMCTests" time="0.003"/>
  <testcase name="TestALotOfAdding" classname="LocalCMCTests" time="0.003"/>
  <testcase name="TestALotOfAdding" classname="LocalCMCTests" time="0.0"/>
  <testcase name="TestALotOfAdding" classname="LocalCMCTests" time="0.003"/>
  <testcase name="TestALotOfAdding" classname="LocalCMCTests" time="0.004"/>
  <testcase name="TestALotOfAdding" classname="LocalCMCTests" time="0.004"/>
  <testcase name="TestALotOfAdding" classname="LocalCMCTests" time="0.0"/>
  <testcase name="TestALotOfAdding" classname="LocalCMCTests" time="0.001"/>
  <testcase name="TestALotOfAdding" classname="LocalCMCTests" time="0.004"/>
  <testcase name="TestALotOfAdding" classname="LocalCMCTests" time="0.001"/>
  <testcase name="TestALotOfAdding" classname="LocalCMCTests" time="0.001"/>
  <testcase name="TestALotOfAdding" classname="LocalCMCTests" time="0.0"/>
  <testcase name="TestALotOfAdding" classname="LocalCMCTests" time="0.001"/>
  <testcase name="TestALotOfAdding" classname="LocalCMCTests" time="0.0"/>
  <testcase name="TestALotOfAdding" classname="LocalCMCTests" time="0.0"/>
  <testcase name="TestALotOfAdding" classname="LocalCMCTests" time="0.0"/>
  <testcase name="TestALotOfAdding" classname="LocalCMCTests" time="0.0"/>
  <testcase name="TestALotOfAdding" classname="LocalCMCTests" time="0.0"/>
  <testcase name="TestALotOfAdding" classname="LocalCMCTests" time="0.001"/>
  <testcase name="TestALotOfAdding" classname="LocalCMCTests" time="0.001"/>
  <testcase name="TestALotOfAdding" classname="LocalCMCTests" time="0.001"/>
  <testcase name="TestALotOfAdding" classname="LocalCMCTests" time="0.0"/>
  <testcase name="TestALotOfAdding" classname="LocalCMCTests" time="0.001"/>
  <testcase name="TestALotOfAdding" classname="LocalCMCTests" time="0.001"/>
  <testcase name="TestALotOfAdding" classname="LocalCMCTests" time="0.001"/>
  <testcase name="TestALotOfAdding" classname="LocalCMCTests" time="0.001"/>
  <testcase name="TestALotOfAdding" classname="LocalCMCTests" time="0.001"/>
  <testcase name="TestALotOfAdding" classname="LocalCMCTests" time="0.001"/>
  <testcase name="TestALotOfAdding" classname="LocalCMCTests" time="0.002"/>
  <testcase name="TestALotOfAdding" classname="LocalCMCTests" time="0.0"/>
  <testcase name="TestALotOfAdding" classname="LocalCMCTests" time="0.0"/>
  <testcase name="TestALotOfAdding" classname="LocalCMCTests" time="0.0"/>
  <testcase name="TestALotOfAdding" classname="LocalCMCTests" time="0.0"/>
  <testcase name="TestALotOfAdding" classname="LocalCMCTests" time="0.0"/>
  <testcase name="TestALotOfAdding" classname="LocalCMCTests" time="0.001"/>
  <testcase name="TestALotOfAdding" classname="LocalCMCTests" time="0.0"/>
  <testcase name="TestALotOfAdding" classname="LocalCMCTests" time="0.001"/>
  <testcase name="TestALotOfAdding" classname="LocalCMCTests" time="0.001"/>
  <testcase name="TestALotOfAdding" classname="LocalCMCTests" time="0.0"/>
  <testcase name="TestALotOfAdding" classname="LocalCMCTests" time="0.0"/>
  <testcase name="TestALotOfAdding" classname="LocalCMCTests" time="0.001"/>
  <testcase name="TestALotOfAdding" classname="LocalCMCTests" time="0.001"/>
  <testcase name="TestALotOfAdding" classname="LocalCMCTests" time="0.001"/>
  <testcase name="TestALotOfAdding" classname="LocalCMCTests" time="0.001"/>
  <testcase name="TestALotOfAdding" classname="LocalCMCTests" time="0.002"/>
  <testcase name="TestALotOfAdding" classname="LocalCMCTests" time="0.0"/>
  <testcase name="TestALotOfAdding" classname="LocalCMCTests" time="0.001"/>
  <testcase name="TestALotOfAdding" classname="LocalCMCTests" time="0.0"/>
  <testcase name="TestALotOfAdding" classname="LocalCMCTests" time="0.0"/>
  <testcase name="TestALotOfAdding" classname="LocalCMCTests" time="0.0"/>
  <testcase name="TestALotOfAdding" classname="LocalCMCTests" time="0.0"/>
  <testcase name="TestALotOfAdding" classname="LocalCMCTests" time="0.0"/>
  <testcase name="TestALotOfAdding" classname="LocalCMCTests" time="0.001"/>
  <testcase name="TestALotOfAdding" classname="LocalCMCTests" time="0.001"/>
  <testcase name="TestALotOfAdding" classname="LocalCMCTests" time="0.0"/>
  <testcase name="TestALotOfAdding" classname="LocalCMCTests" time="0.0"/>
  <testcase name="TestALotOfAdding" classname="LocalCMCTests" time="0.001"/>
  <testcase name="TestALotOfAdding" classname="LocalCMCTests" time="0.002"/>
  <testcase name="TestALotOfAdding" classname="LocalCMCTests" time="0.001"/>
  <testcase name="TestALotOfAdding" classname="LocalCMCTests" time="0.0"/>
  <testcase name="TestALotOfAdding" classname="LocalCMCTests" time="0.001"/>
  <testcase name="TestALotOfAdding" classname="LocalCMCTests" time="0.0"/>
  <testcase name="TestALotOfAdding" classname="LocalCMCTests" time="0.001"/>
  <testcase name="TestALotOfAdding" classname="LocalCMCTests" time="0.001"/>
  <testcase name="TestALotOfAdding" classname="LocalCMCTests" time="0.001"/>
  <testcase name="TestALotOfAdding" classname="LocalCMCTests" time="0.002"/>
  <testcase name="TestALotOfAdding" classname="LocalCMCTests" time="0.001"/>
  <testcase name="TestALotOfAdding" classname="LocalCMCTests" time="0.001"/>
  <testcase name="TestALotOfAdding" classname="LocalCMCTests" time="0.0"/>
  <testcase name="TestALotOfAdding" classname="LocalCMCTests" time="0.0"/>
  <testcase name="TestALotOfAdding" classname="LocalCMCTests" time="0.0"/>
  <testcase name="TestALotOfAdding" classname="LocalCMCTests" time="0.0"/>
  <testcase name="TestALotOfAdding" classname="LocalCMCTests" time="0.001"/>
  <testcase name="TestALotOfAdding" classname="LocalCMCTests" time="0.0"/>
  <testcase name="TestALotOfAdding" classname="LocalCMCTests" time="0.001"/>
  <testcase name="TestALotOfAdding" classname="LocalCMCTests" time="0.001"/>
  <testcase name="TestALotOfAdding" classname="LocalCMCTests" time="0.001"/>
  <testcase name="TestALotOfAdding" classname="LocalCMCTests" time="0.001"/>
  <testcase name="TestALotOfAdding" classname="LocalCMCTests" time="0.0"/>
  <testcase name="TestALotOfAdding" classname="LocalCMCTests" time="0.0"/>
  <testcase name="TestALotOfAdding" classname="LocalCMCTests" time="0.001"/>
  <testcase name="TestALotOfAdding" classname="LocalCMCTests" time="0.0"/>
  <testcase name="TestALotOfAdding" classname="LocalCMCTests" time="0.0"/>
  <testcase name="TestALotOfAdding" classname="LocalCMCTests" time="0.0"/>
  <testcase name="TestALotOfAdding" classname="LocalCMCTests" time="0.001"/>
  <testcase name="TestALotOfAdding" classname="LocalCMCTests" time="0.0"/>
  <testcase name="TestALotOfAdding" classname="LocalCMCTests" time="0.001"/>
  <testcase name="TestALotOfAdding" classname="LocalCMCTests" time="0.001"/>
  <testcase name="TestALotOfAdding" classname="LocalCMCTests" time="0.002"/>
  <testcase name="TestALotOfAdding" classname="LocalCMCTests" time="0.002"/>
  <testcase name="TestALotOfAdding" classname="LocalCMCTests" time="0.0"/>
  <testcase name="TestALotOfAdding" classname="LocalCMCTests" time="0.0"/>
  <testcase name="TestALotOfAdding" classname="LocalCMCTests" time="0.0"/>
  <testcase name="TestALotOfAdding" classname="LocalCMCTests" time="0.001"/>
  <testcase name="TestALotOfAdding" classname="LocalCMCTests" time="0.0"/>
  <testcase name="TestALotOfAdding" classname="LocalCMCTests" time="0.001"/>
  <testcase name="TestALotOfAdding" classname="LocalCMCTests" time="0.0"/>
  <testcase name="TestALotOfAdding" classname="LocalCMCTests" time="0.001"/>
  <testcase name="TestALotOfAdding" classname="LocalCMCTests" time="0.001"/>
  <testcase name="TestALotOfAdding" classname="LocalCMCTests" time="0.0"/>
  <testcase name="TestALotOfAdding" classname="LocalCMCTests" time="0.0"/>
  <testcase name="TestALotOfAdding" classname="LocalCMCTests" time="0.002"/>
  <testcase name="TestALotOfAdding" classname="LocalCMCTests" time="0.002"/>
  <testcase name="TestALotOfAdding" classname="LocalCMCTests" time="0.001"/>
  <testcase name="TestALotOfAdding" classname="LocalCMCTests" time="0.002"/>
  <testcase name="TestALotOfAdding" classname="LocalCMCTests" time="0.0"/>
  <testcase name="TestALotOfAdding" classname="LocalCMCTests" time="0.001"/>
  <testcase name="TestALotOfAdding" classname="LocalCMCTests" time="0.0"/>
  <testcase name="TestALotOfAdding" classname="LocalCMCTests" time="0.001"/>
  <testcase name="TestALotOfAdding" classname="LocalCMCTests" time="0.0"/>
  <testcase name="TestALotOfAdding" classname="LocalCMCTests" time="0.0"/>
  <testcase name="TestALotOfAdding" classname="LocalCMCTests" time="0.001"/>
  <testcase name="TestALotOfAdding" classname="LocalCMCTests" time="0.0"/>
  <testcase name="TestALotOfAdding" classname="LocalCMCTests" time="0.001"/>
  <testcase name="TestALotOfAdding" classname="LocalCMCTests" time="0.0"/>
  <testcase name="TestALotOfAdding" classname="LocalCMCTests" time="0.001"/>
  <testcase name="TestALotOfAdding" classname="LocalCMCTests" time="0.0"/>
  <testcase name="TestALotOfAdding" classname="LocalCMCTests" time="0.002"/>
  <testcase name="TestALotOfAdding" classname="LocalCMCTests" time="0.001"/>
  <testcase name="TestALotOfAdding" classname="LocalCMCTests" time="0.001"/>
  <testcase name="TestALotOfAdding" classname="LocalCMCTests" time="0.0"/>
  <testcase name="TestALotOfAdding" classname="LocalCMCTests" time="0.001"/>
  <testcase name="TestALotOfAdding" classname="LocalCMCTests" time="0.001"/>
  <testcase name="TestALotOfAdding" classname="LocalCMCTests" time="0.0"/>
  <testcase name="TestALotOfAdding" classname="LocalCMCTests" time="0.0"/>
  <testcase name="TestALotOfAdding" classname="LocalCMCTests" time="0.0"/>
  <testcase name="TestALotOfAdding" classname="LocalCMCTests" time="0.0"/>
  <testcase name="TestALotOfAdding" classname="LocalCMCTests" time="0.001"/>
  <testcase name="TestALotOfAdding" classname="LocalCMCTests" time="0.0"/>
  <testcase name="TestALotOfAdding" classname="LocalCMCTests" time="0.001"/>
  <testcase name="TestALotOfAdding" classname="LocalCMCTests" time="0.002"/>
  <testcase name="TestALotOfAdding" classname="LocalCMCTests" time="0.001"/>
  <testcase name="TestALotOfAdding" classname="LocalCMCTests" time="0.001"/>
  <testcase name="TestALotOfAdding" classname="LocalCMCTests" time="0.001"/>
  <testcase name="TestALotOfAdding" classname="LocalCMCTests" time="0.0"/>
  <testcase name="TestALotOfAdding" classname="LocalCMCTests" time="0.001"/>
  <testcase name="TestALotOfAdding" classname="LocalCMCTests" time="0.0"/>
  <testcase name="TestALotOfAdding" classname="LocalCMCTests" time="0.001"/>
  <testcase name="TestALotOfAdding" classname="LocalCMCTests" time="0.001"/>
  <testcase name="TestALotOfAdding" classname="LocalCMCTests" time="0.0"/>
  <testcase name="TestALotOfAdding" classname="LocalCMCTests" time="0.001"/>
  <testcase name="TestALotOfAdding" classname="LocalCMCTests" time="0.0"/>
  <testcase name="TestALotOfAdding" classname="LocalCMCTests" time="0.0"/>
  <testcase name="TestALotOfAdding" classname="LocalCMCTests" time="0.0"/>
  <testcase name="TestALotOfAdding" classname="LocalCMCTests" time="0.002"/>
  <testcase name="TestALotOfAdding" classname="LocalCMCTests" time="0.001"/>
  <testcase name="TestALotOfAdding" classname="LocalCMCTests" time="0.002"/>
  <testcase name="TestALotOfAdding" classname="LocalCMCTests" time="0.0"/>
  <testcase name="TestALotOfAdding" classname="LocalCMCTests" time="0.002"/>
  <testcase name="TestALotOfAdding" classname="LocalCMCTests" time="0.0"/>
  <testcase name="TestALotOfAdding" classname="LocalCMCTests" time="0.0"/>
  <testcase name="TestALotOfAdding" classname="LocalCMCTests" time="0.0"/>
  <testcase name="TestALotOfAdding" classname="LocalCMCTests" time="0.0"/>
  <testcase name="TestALotOfAdding" classname="LocalCMCTests" time="0.001"/>
  <testcase name="TestALotOfAdding" classname="LocalCMCTests" time="0.001"/>
  <testcase name="TestALotOfAdding" classname="LocalCMCTests" time="0.001"/>
  <testcase name="TestALotOfAdding" classname="LocalCMCTests" time="0.001"/>
  <testcase name="TestALotOfAdding" classname="LocalCMCTests" time="0.001"/>
  <testcase name="TestALotOfAdding" classname="LocalCMCTests" time="0.0"/>
  <testcase name="TestALotOfAdding" classname="LocalCMCTests" time="0.0"/>
  <testcase name="TestALotOfAdding" classname="LocalCMCTests" time="0.0"/>
  <testcase name="TestALotOfAdding" classname="LocalCMCTests" time="0.001"/>
  <testcase name="TestALotOfAdding" classname="LocalCMCTests" time="0.0"/>
  <testcase name="TestALotOfAdding" classname="LocalCMCTests" time="0.0"/>
  <testcase name="TestALotOfAdding" classname="LocalCMCTests" time="0.001"/>
  <testcase name="TestALotOfAdding" classname="LocalCMCTests" time="0.001"/>
  <testcase name="TestALotOfAdding" classname="LocalCMCTests" time="0.001"/>
  <testcase name="TestALotOfAdding" classname="LocalCMCTests" time="0.0"/>
  <testcase name="TestALotOfAdding" classname="LocalCMCTests" time="0.001"/>
  <testcase name="TestALotOfAdding" classname="LocalCMCTests" time="0.0"/>
  <testcase name="TestALotOfAdding" classname="LocalCMCTests" time="0.0"/>
  <testcase name="TestALotOfAdding" classname="LocalCMCTests" time="0.0"/>
  <testcase name="TestALotOfAdding" classname="LocalCMCTests" time="0.001"/>
  <testcase name="TestALotOfAdding" classname="LocalCMCTests" time="0.002"/>
  <testcase name="TestALotOfAdding" classname="LocalCMCTests" time="0.0"/>
  <testcase name="TestALotOfAdding" classname="LocalCMCTests" time="0.0"/>
  <testcase name="TestALotOfAdding" classname="LocalCMCTests" time="0.002"/>
  <testcase name="TestALotOfAdding" classname="LocalCMCTests" time="0.001"/>
  <testcase name="TestALotOfAdding" classname="LocalCMCTests" time="0.0"/>
  <testcase name="TestALotOfAdding" classname="LocalCMCTests" time="0.0"/>
  <testcase name="TestALotOfAdding" classname="LocalCMCTests" time="0.001"/>
  <testcase name="TestALotOfAdding" classname="LocalCMCTests" time="0.001"/>
  <testcase name="TestALotOfAdding" classname="LocalCMCTests" time="0.0"/>
  <testcase name="TestALotOfAdding" classname="LocalCMCTests" time="0.001"/>
  <testcase name="TestALotOfAdding" classname="LocalCMCTests" time="0.0"/>
  <testcase name="TestALotOfAdding" classname="LocalCMCTests" time="0.001"/>
  <testcase name="TestALotOfAdding" classname="LocalCMCTests" time="0.0"/>
  <testcase name="TestALotOfAdding" classname="LocalCMCTests" time="0.001"/>
  <testcase name="TestALotOfAdding" classname="LocalCMCTests" time="0.0"/>
  <testcase name="TestALotOfAdding" classname="LocalCMCTests" time="0.0"/>
  <testcase name="TestALotOfAdding" classname="LocalCMCTests" time="0.0"/>
  <testcase name="TestALotOfAdding" classname="LocalCMCTests" time="0.001"/>
  <testcase name="TestALotOfAdding" classname="LocalCMCTests" time="0.001"/>
  <testcase name="TestALotOfAdding" classname="LocalCMCTests" time="0.0"/>
  <testcase name="TestALotOfAdding" classname="LocalCMCTests" time="0.002"/>
  <testcase name="TestALotOfAdding" classname="LocalCMCTests" time="0.002"/>
  <testcase name="TestALotOfAdding" classname="LocalCMCTests" time="0.0"/>
  <testcase name="TestALotOfAdding" classname="LocalCMCTests" time="0.0"/>
  <testcase name="TestALotOfAdding" classname="LocalCMCTests" time="0.001"/>
  <testcase name="TestALotOfAdding" classname="LocalCMCTests" time="0.0"/>
  <testcase name="TestALotOfAdding" classname="LocalCMCTests" time="0.0"/>
  <testcase name="TestALotOfAdding" classname="LocalCMCTests" time="0.002"/>
  <testcase name="TestALotOfAdding" classname="LocalCMCTests" time="0.0"/>
  <testcase name="TestALotOfAdding" classname="LocalCMCTests" time="0.0"/>
  <testcase name="TestALotOfAdding" classname="LocalCMCTests" time="0.001"/>
  <testcase name="TestALotOfAdding" classname="LocalCMCTests" time="0.0"/>
  <testcase name="TestALotOfAdding" classname="LocalCMCTests" time="0.001"/>
  <testcase name="TestALotOfAdding" classname="LocalCMCTests" time="0.0"/>
  <testcase name="TestALotOfAdding" classname="LocalCMCTests" time="0.002"/>
  <testcase name="TestALotOfAdding" classname="LocalCMCTests" time="0.001"/>
  <testcase name="TestALotOfAdding" classname="LocalCMCTests" time="0.001"/>
  <testcase name="TestALotOfAdding" classname="LocalCMCTests" time="0.002"/>
  <testcase name="TestALotOfAdding" classname="LocalCMCTests" time="0.001"/>
  <testcase name="TestALotOfAdding" classname="LocalCMCTests" time="0.003"/>
  <testcase name="TestALotOfAdding" classname="LocalCMCTests" time="0.001"/>
  <testcase name="TestALotOfAdding" classname="LocalCMCTests" time="0.0"/>
  <testcase name="TestALotOfAdding" classname="LocalCMCTests" time="0.001"/>
  <testcase name="TestALotOfAdding" classname="LocalCMCTests" time="0.001"/>
  <testcase name="TestALotOfAdding" classname="LocalCMCTests" time="0.0"/>
  <testcase name="TestALotOfAdding" classname="LocalCMCTests" time="0.0"/>
  <testcase name="TestALotOfAdding" classname="LocalCMCTests" time="0.001"/>
  <testcase name="TestALotOfAdding" classname="LocalCMCTests" time="0.002"/>
  <testcase name="TestALotOfAdding" classname="LocalCMCTests" time="0.002"/>
  <testcase name="TestALotOfAdding" classname="LocalCMCTests" time="0.002"/>
  <testcase name="TestALotOfAdding" classname="LocalCMCTests" time="0.0"/>
  <testcase name="TestALotOfAdding" classname="LocalCMCTests" time="0.0"/>
  <testcase name="TestALotOfAdding" classname="LocalCMCTests" time="0.0"/>
  <testcase name="TestALotOfAdding" classname="LocalCMCTests" time="0.0"/>
  <testcase name="TestALotOfAdding" classname="LocalCMCTests" time="0.0"/>
  <testcase name="TestALotOfAdding" classname="LocalCMCTests" time="0.0"/>
  <testcase name="TestALotOfAdding" classname="LocalCMCTests" time="0.0"/>
  <testcase name="TestALotOfAdding" classname="LocalCMCTests" time="0.0"/>
  <testcase name="TestALotOfAdding" classname="LocalCMCTests" time="0.0"/>
  <testcase name="TestALotOfAdding" classname="LocalCMCTests" time="0.0"/>
  <testcase name="TestALotOfAdding" classname="LocalCMCTests" time="0.001"/>
  <testcase name="TestALotOfAdding" classname="LocalCMCTests" time="0.001"/>
  <testcase name="TestALotOfAdding" classname="LocalCMCTests" time="0.0"/>
  <testcase name="TestALotOfAdding" classname="LocalCMCTests" time="0.001"/>
  <testcase name="TestALotOfAdding" classname="LocalCMCTests" time="0.0"/>
  <testcase name="TestALotOfAdding" classname="LocalCMCTests" time="0.001"/>
  <testcase name="TestALotOfAdding" classname="LocalCMCTests" time="0.001"/>
  <testcase name="TestALotOfAdding" classname="LocalCMCTests" time="0.001"/>
  <testcase name="TestALotOfAdding" classname="LocalCMCTests" time="0.0"/>
  <testcase name="TestALotOfAdding" classname="LocalCMCTests" time="0.0"/>
  <testcase name="TestALotOfAdding" classname="LocalCMCTests" time="0.0"/>
  <testcase name="TestALotOfAdding" classname="LocalCMCTests" time="0.0"/>
  <testcase name="TestALotOfAdding" classname="LocalCMCTests" time="0.0"/>
  <testcase name="TestALotOfAdding" classname="LocalCMCTests" time="0.002"/>
  <testcase name="TestALotOfAdding" classname="LocalCMCTests" time="0.001"/>
  <testcase name="TestALotOfAdding" classname="LocalCMCTests" time="0.0"/>
  <testcase name="TestALotOfAdding" classname="LocalCMCTests" time="0.0"/>
  <testcase name="TestALotOfAdding" classname="LocalCMCTests" time="0.001"/>
  <testcase name="TestALotOfAdding" classname="LocalCMCTests" time="0.0"/>
  <testcase name="TestALotOfAdding" classname="LocalCMCTests" time="0.001"/>
  <testcase name="TestALotOfAdding" classname="LocalCMCTests" time="0.0"/>
  <testcase name="TestALotOfAdding" classname="LocalCMCTests" time="0.001"/>
  <testcase name="TestALotOfAdding" classname="LocalCMCTests" time="0.0"/>
  <testcase name="TestALotOfAdding" classname="LocalCMCTests" time="0.001"/>
  <testcase name="TestALotOfAdding" classname="LocalCMCTests" time="0.002"/>
  <testcase name="TestALotOfAdding" classname="LocalCMCTests" time="0.0"/>
  <testcase name="TestALotOfAdding" classname="LocalCMCTests" time="0.002"/>
  <testcase name="TestALotOfAdding" classname="LocalCMCTests" time="0.0"/>
  <testcase name="TestALotOfAdding" classname="LocalCMCTests" time="0.0"/>
  <testcase name="TestALotOfAdding" classname="LocalCMCTests" time="0.0"/>
  <testcase name="TestALotOfAdding" classname="LocalCMCTests" time="0.0"/>
  <testcase name="TestALotOfAdding" classname="LocalCMCTests" time="0.0"/>
  <testcase name="TestALotOfAdding" classname="LocalCMCTests" time="0.001"/>
  <testcase name="TestALotOfAdding" classname="LocalCMCTests" time="0.002"/>
  <testcase name="TestALotOfAdding" classname="LocalCMCTests" time="0.001"/>
  <testcase name="TestALotOfAdding" classname="LocalCMCTests" time="0.002"/>
  <testcase name="TestALotOfAdding" classname="LocalCMCTests" time="0.0"/>
  <testcase name="TestALotOfAdding" classname="LocalCMCTests" time="0.0"/>
  <testcase name="TestALotOfAdding" classname="LocalCMCTests" time="0.0"/>
  <testcase name="TestALotOfAdding" classname="LocalCMCTests" time="0.001"/>
  <testcase name="TestALotOfAdding" classname="LocalCMCTests" time="0.0"/>
  <testcase name="TestALotOfAdding" classname="LocalCMCTests" time="0.001"/>
  <testcase name="TestALotOfAdding" classname="LocalCMCTests" time="0.0"/>
  <testcase name="TestALotOfAdding" classname="LocalCMCTests" time="0.0"/>
  <testcase name="TestALotOfAdding" classname="LocalCMCTests" time="0.001"/>
  <testcase name="TestALotOfAdding" classname="LocalCMCTests" time="0.001"/>
  <testcase name="TestALotOfAdding" classname="LocalCMCTests" time="0.001"/>
  <testcase name="TestALotOfAdding" classname="LocalCMCTests" time="0.0"/>
  <testcase name="TestALotOfAdding" classname="LocalCMCTests" time="0.0"/>
  <testcase name="TestALotOfAdding" classname="LocalCMCTests" time="0.001"/>
  <testcase name="TestALotOfAdding" classname="LocalCMCTests" time="0.0"/>
  <testcase name="TestALotOfAdding" classname="LocalCMCTests" time="0.0"/>
  <testcase name="TestALotOfAdding" classname="LocalCMCTests" time="0.001"/>
  <testcase name="TestALotOfAdding" classname="LocalCMCTests" time="0.001"/>
  <testcase name="TestALotOfAdding" classname="LocalCMCTests" time="0.001"/>
  <testcase name="TestALotOfAdding" classname="LocalCMCTests" time="0.0"/>
  <testcase name="TestALotOfAdding" classname="LocalCMCTests" time="0.001"/>
  <testcase name="TestALotOfAdding" classname="LocalCMCTests" time="0.003"/>
  <testcase name="TestALotOfAdding" classname="LocalCMCTests" time="0.001"/>
  <testcase name="TestALotOfAdding" classname="LocalCMCTests" time="0.001"/>
  <testcase name="TestALotOfAdding" classname="LocalCMCTests" time="0.0"/>
  <testcase name="TestALotOfAdding" classname="LocalCMCTests" time="0.0"/>
  <testcase name="TestALotOfAdding" classname="LocalCMCTests" time="0.0"/>
  <testcase name="TestALotOfAdding" classname="LocalCMCTests" time="0.0"/>
  <testcase name="TestALotOfAdding" classname="LocalCMCTests" time="0.0"/>
  <testcase name="TestALotOfAdding" classname="LocalCMCTests" time="0.001"/>
  <testcase name="TestALotOfAdding" classname="LocalCMCTests" time="0.001"/>
  <testcase name="TestALotOfAdding" classname="LocalCMCTests" time="0.0"/>
  <testcase name="TestALotOfAdding" classname="LocalCMCTests" time="0.0"/>
  <testcase name="TestALotOfAdding" classname="LocalCMCTests" time="0.0"/>
  <testcase name="TestALotOfAdding" classname="LocalCMCTests" time="0.0"/>
  <testcase name="TestALotOfAdding" classname="LocalCMCTests" time="0.0"/>
  <testcase name="TestALotOfAdding" classname="LocalCMCTests" time="0.001"/>
  <testcase name="TestALotOfAdding" classname="LocalCMCTests" time="0.001"/>
  <testcase name="TestALotOfAdding" classname="LocalCMCTests" time="0.001"/>
  <testcase name="TestALotOfAdding" classname="LocalCMCTests" time="0.001"/>
  <testcase name="TestALotOfAdding" classname="LocalCMCTests" time="0.001"/>
  <testcase name="TestALotOfAdding" classname="LocalCMCTests" time="0.0"/>
  <testcase name="TestALotOfAdding" classname="LocalCMCTests" time="0.001"/>
  <testcase name="TestALotOfAdding" classname="LocalCMCTests" time="0.001"/>
  <testcase name="TestALotOfAdding" classname="LocalCMCTests" time="0.002"/>
  <testcase name="TestALotOfAdding" classname="LocalCMCTests" time="0.001"/>
  <testcase name="TestALotOfAdding" classname="LocalCMCTests" time="0.0"/>
  <testcase name="TestALotOfAdding" classname="LocalCMCTests" time="0.0"/>
  <testcase name="TestALotOfAdding" classname="LocalCMCTests" time="0.0"/>
  <testcase name="TestALotOfAdding" classname="LocalCMCTests" time="0.0"/>
  <testcase name="TestALotOfAdding" classname="LocalCMCTests" time="0.0"/>
  <testcase name="TestALotOfAdding" classname="LocalCMCTests" time="0.0"/>
  <testcase name="TestALotOfAdding" classname="LocalCMCTests" time="0.001"/>
  <testcase name="TestALotOfAdding" classname="LocalCMCTests" time="0.001"/>
  <testcase name="TestALotOfAdding" classname="LocalCMCTests" time="0.0"/>
  <testcase name="TestALotOfAdding" classname="LocalCMCTests" time="0.0"/>
  <testcase name="TestALotOfAdding" classname="LocalCMCTests" time="0.001"/>
  <testcase name="TestALotOfAdding" classname="LocalCMCTests" time="0.0"/>
  <testcase name="TestALotOfAdding" classname="LocalCMCTests" time="0.002"/>
  <testcase name="TestALotOfAdding" classname="LocalCMCTests" time="0.0"/>
  <testcase name="TestALotOfAdding" classname="LocalCMCTests" time="0.002"/>
  <testcase name="TestALotOfAdding" classname="LocalCMCTests" time="0.001"/>
  <testcase name="TestALotOfAdding" classname="LocalCMCTests" time="0.0"/>
  <testcase name="TestALotOfAdding" classname="LocalCMCTests" time="0.001"/>
  <testcase name="TestALotOfAdding" classname="LocalCMCTests" time="0.002"/>
  <testcase name="TestALotOfAdding" classname="LocalCMCTests" time="0.002"/>
  <testcase name="TestALotOfAdding" classname="LocalCMCTests" time="0.001"/>
  <testcase name="TestALotOfAdding" classname="LocalCMCTests" time="0.003"/>
  <testcase name="TestALotOfAdding" classname="LocalCMCTests" time="0.003"/>
  <testcase name="TestALotOfAdding" classname="LocalCMCTests" time="0.0"/>
  <testcase name="TestALotOfAdding" classname="LocalCMCTests" time="0.003"/>
  <testcase name="TestALotOfAdding" classname="LocalCMCTests" time="0.0"/>
  <testcase name="TestALotOfAdding" classname="LocalCMCTests" time="0.0"/>
  <testcase name="TestALotOfAdding" classname="LocalCMCTests" time="0.0"/>
  <testcase name="TestALotOfAdding" classname="LocalCMCTests" time="0.001"/>
  <testcase name="TestALotOfAdding" classname="LocalCMCTests" time="0.001"/>
  <testcase name="TestALotOfAdding" classname="LocalCMCTests" time="0.001"/>
  <testcase name="TestALotOfAdding" classname="LocalCMCTests" time="0.0"/>
  <testcase name="TestALotOfAdding" classname="LocalCMCTests" time="0.0"/>
  <testcase name="TestALotOfAdding" classname="LocalCMCTests" time="0.001"/>
  <testcase name="TestALotOfAdding" classname="LocalCMCTests" time="0.001"/>
  <testcase name="TestALotOfAdding" classname="LocalCMCTests" time="0.001"/>
  <testcase name="TestALotOfAdding" classname="LocalCMCTests" time="0.001"/>
  <testcase name="TestALotOfAdding" classname="LocalCMCTests" time="0.001"/>
  <testcase name="TestALotOfAdding" classname="LocalCMCTests" time="0.004"/>
  <testcase name="TestALotOfAdding" classname="LocalCMCTests" time="0.0"/>
  <testcase name="TestALotOfAdding" classname="LocalCMCTests" time="0.0"/>
  <testcase name="TestALotOfAdding" classname="LocalCMCTests" time="0.0"/>
  <testcase name="TestALotOfAdding" classname="LocalCMCTests" time="0.0"/>
  <testcase name="TestALotOfAdding" classname="LocalCMCTests" time="0.0"/>
  <testcase name="TestALotOfAdding" classname="LocalCMCTests" time="0.0"/>
  <testcase name="TestALotOfAdding" classname="LocalCMCTests" time="0.0"/>
  <testcase name="TestALotOfAdding" classname="LocalCMCTests" time="0.002"/>
  <testcase name="TestALotOfAdding" classname="LocalCMCTests" time="0.001"/>
  <testcase name="TestALotOfAdding" classname="LocalCMCTests" time="0.002"/>
  <testcase name="TestALotOfAdding" classname="LocalCMCTests" time="0.0"/>
  <testcase name="TestALotOfAdding" classname="LocalCMCTests" time="0.0"/>
  <testcase name="TestALotOfAdding" classname="LocalCMCTests" time="0.0"/>
  <testcase name="TestALotOfAdding" classname="LocalCMCTests" time="0.0"/>
  <testcase name="TestALotOfAdding" classname="LocalCMCTests" time="0.001"/>
  <testcase name="TestALotOfAdding" classname="LocalCMCTests" time="0.001"/>
  <testcase name="TestALotOfAdding" classname="LocalCMCTests" time="0.001"/>
  <testcase name="TestALotOfAdding" classname="LocalCMCTests" time="0.0"/>
  <testcase name="TestALotOfAdding" classname="LocalCMCTests" time="0.0"/>
  <testcase name="TestALotOfAdding" classname="LocalCMCTests" time="0.001"/>
  <testcase name="TestALotOfAdding" classname="LocalCMCTests" time="0.001"/>
  <testcase name="TestALotOfAdding" classname="LocalCMCTests" time="0.002"/>
  <testcase name="TestALotOfAdding" classname="LocalCMCTests" time="0.0"/>
  <testcase name="TestALotOfAdding" classname="LocalCMCTests" time="0.001"/>
  <testcase name="TestALotOfAdding" classname="LocalCMCTests" time="0.001"/>
  <testcase name="TestALotOfAdding" classname="LocalCMCTests" time="0.0"/>
  <testcase name="TestALotOfAdding" classname="LocalCMCTests" time="0.001"/>
  <testcase name="TestALotOfAdding" classname="LocalCMCTests" time="0.001"/>
  <testcase name="TestALotOfAdding" classname="LocalCMCTests" time="0.0"/>
  <testcase name="TestALotOfAdding" classname="LocalCMCTests" time="0.001"/>
  <testcase name="TestALotOfAdding" classname="LocalCMCTests" time="0.004"/>
  <testcase name="TestALotOfAdding" classname="LocalCMCTests" time="0.001"/>
  <testcase name="TestALotOfAdding" classname="LocalCMCTests" time="0.0"/>
  <testcase name="TestALotOfAdding" classname="LocalCMCTests" time="0.0"/>
  <testcase name="TestALotOfAdding" classname="LocalCMCTests" time="0.001"/>
  <testcase name="TestALotOfAdding" classname="LocalCMCTests" time="0.001"/>
  <testcase name="TestALotOfAdding" classname="LocalCMCTests" time="0.001"/>
  <testcase name="TestALotOfAdding" classname="LocalCMCTests" time="0.002"/>
  <testcase name="TestALotOfAdding" classname="LocalCMCTests" time="0.002"/>
  <testcase name="TestALotOfAdding" classname="LocalCMCTests" time="0.0"/>
  <testcase name="TestALotOfAdding" classname="LocalCMCTests" time="0.001"/>
  <testcase name="TestALotOfAdding" classname="LocalCMCTests" time="0.0"/>
  <testcase name="TestALotOfAdding" classname="LocalCMCTests" time="0.0"/>
  <testcase name="TestALotOfAdding" classname="LocalCMCTests" time="0.0"/>
  <testcase name="TestALotOfAdding" classname="LocalCMCTests" time="0.002"/>
  <testcase name="TestALotOfAdding" classname="LocalCMCTests" time="0.002"/>
  <testcase name="TestALotOfAdding" classname="LocalCMCTests" time="0.001"/>
  <testcase name="TestALotOfAdding" classname="LocalCMCTests" time="0.001"/>
  <testcase name="TestALotOfAdding" classname="LocalCMCTests" time="0.001"/>
  <testcase name="TestALotOfAdding" classname="LocalCMCTests" time="0.0"/>
  <testcase name="TestALotOfAdding" classname="LocalCMCTests" time="0.001"/>
  <testcase name="TestALotOfAdding" classname="LocalCMCTests" time="0.001"/>
  <testcase name="TestALotOfAdding" classname="LocalCMCTests" time="0.0"/>
  <testcase name="TestALotOfAdding" classname="LocalCMCTests" time="0.0"/>
  <testcase name="TestALotOfAdding" classname="LocalCMCTests" time="0.001"/>
  <testcase name="TestALotOfAdding" classname="LocalCMCTests" time="0.0"/>
  <testcase name="TestALotOfAdding" classname="LocalCMCTests" time="0.0"/>
  <testcase name="TestALotOfAdding" classname="LocalCMCTests" time="0.001"/>
  <testcase name="TestALotOfAdding" classname="LocalCMCTests" time="0.0"/>
  <testcase name="TestALotOfAdding" classname="LocalCMCTests" time="0.0"/>
  <testcase name="TestALotOfAdding" classname="LocalCMCTests" time="0.001"/>
  <testcase name="TestALotOfAdding" classname="LocalCMCTests" time="0.001"/>
  <testcase name="TestALotOfAdding" classname="LocalCMCTests" time="0.001"/>
  <testcase name="TestALotOfAdding" classname="LocalCMCTests" time="0.001"/>
  <testcase name="TestALotOfAdding" classname="LocalCMCTests" time="0.0"/>
  <testcase name="TestALotOfAdding" classname="LocalCMCTests" time="0.001"/>
  <testcase name="TestALotOfAdding" classname="LocalCMCTests" time="0.001"/>
  <testcase name="TestALotOfAdding" classname="LocalCMCTests" time="0.0"/>
  <testcase name="TestALotOfAdding" classname="LocalCMCTests" time="0.0"/>
  <testcase name="TestALotOfAdding" classname="LocalCMCTests" time="0.001"/>
  <testcase name="TestALotOfAdding" classname="LocalCMCTests" time="0.0"/>
  <testcase name="TestALotOfAdding" classname="LocalCMCTests" time="0.0"/>
  <testcase name="TestALotOfAdding" classname="LocalCMCTests" time="0.002"/>
  <testcase name="TestALotOfAdding" classname="LocalCMCTests" time="0.001"/>
  <testcase name="TestALotOfAdding" classname="LocalCMCTests" time="0.002"/>
  <testcase name="TestALotOfAdding" classname="LocalCMCTests" time="0.001"/>
  <testcase name="TestALotOfAdding" classname="LocalCMCTests" time="0.0"/>
  <testcase name="TestALotOfAdding" classname="LocalCMCTests" time="0.0"/>
  <testcase name="TestALotOfAdding" classname="LocalCMCTests" time="0.0"/>
  <testcase name="TestALotOfAdding" classname="LocalCMCTests" time="0.001"/>
  <testcase name="TestALotOfAdding" classname="LocalCMCTests" time="0.0"/>
  <testcase name="TestALotOfAdding" classname="LocalCMCTests" time="0.001"/>
  <testcase name="TestALotOfAdding" classname="LocalCMCTests" time="0.001"/>
  <testcase name="TestALotOfAdding" classname="LocalCMCTests" time="0.0"/>
  <testcase name="TestALotOfAdding" classname="LocalCMCTests" time="0.001"/>
  <testcase name="TestALotOfAdding" classname="LocalCMCTests" time="0.003"/>
  <testcase name="TestALotOfAdding" classname="LocalCMCTests" time="0.001"/>
  <testcase name="TestALotOfAdding" classname="LocalCMCTests" time="0.001"/>
  <testcase name="TestALotOfAdding" classname="LocalCMCTests" time="0.0"/>
  <testcase name="TestALotOfAdding" classname="LocalCMCTests" time="0.002"/>
  <testcase name="TestALotOfAdding" classname="LocalCMCTests" time="0.001"/>
  <testcase name="TestALotOfAdding" classname="LocalCMCTests" time="0.001"/>
  <testcase name="TestALotOfAdding" classname="LocalCMCTests" time="0.001"/>
  <testcase name="TestALotOfAdding" classname="LocalCMCTests" time="0.001"/>
  <testcase name="TestALotOfAdding" classname="LocalCMCTests" time="0.001"/>
  <testcase name="TestALotOfAdding" classname="LocalCMCTests" time="0.0"/>
  <testcase name="TestALotOfAdding" classname="LocalCMCTests" time="0.0"/>
  <testcase name="TestALotOfAdding" classname="LocalCMCTests" time="0.0"/>
  <testcase name="TestALotOfAdding" classname="LocalCMCTests" time="0.0"/>
  <testcase name="TestALotOfAdding" classname="LocalCMCTests" time="0.001"/>
  <testcase name="TestALotOfAdding" classname="LocalCMCTests" time="0.001"/>
  <testcase name="TestALotOfAdding" classname="LocalCMCTests" time="0.0"/>
  <testcase name="TestALotOfAdding" classname="LocalCMCTests" time="0.0"/>
  <testcase name="TestALotOfAdding" classname="LocalCMCTests" time="0.0"/>
  <testcase name="TestALotOfAdding" classname="LocalCMCTests" time="0.001"/>
  <testcase name="TestALotOfAdding" classname="LocalCMCTests" time="0.001"/>
  <testcase name="TestALotOfAdding" classname="LocalCMCTests" time="0.001"/>
  <testcase name="TestALotOfAdding" classname="LocalCMCTests" time="0.001"/>
  <testcase name="TestALotOfAdding" classname="LocalCMCTests" time="0.001"/>
  <testcase name="TestALotOfAdding" classname="LocalCMCTests" time="0.001"/>
  <testcase name="TestALotOfAdding" classname="LocalCMCTests" time="0.0"/>
  <testcase name="TestALotOfAdding" classname="LocalCMCTests" time="0.0"/>
  <testcase name="TestALotOfAdding" classname="LocalCMCTests" time="0.0"/>
  <testcase name="TestALotOfAdding" classname="LocalCMCTests" time="0.0"/>
  <testcase name="TestALotOfAdding" classname="LocalCMCTests" time="0.0"/>
  <testcase name="TestALotOfAdding" classname="LocalCMCTests" time="0.001"/>
  <testcase name="TestALotOfAdding" classname="LocalCMCTests" time="0.0"/>
  <testcase name="TestALotOfAdding" classname="LocalCMCTests" time="0.0"/>
  <testcase name="TestALotOfAdding" classname="LocalCMCTests" time="0.0"/>
  <testcase name="TestALotOfAdding" classname="LocalCMCTests" time="0.0"/>
  <testcase name="TestALotOfAdding" classname="LocalCMCTests" time="0.001"/>
  <testcase name="TestALotOfAdding" classname="LocalCMCTests" time="0.001"/>
  <testcase name="TestALotOfAdding" classname="LocalCMCTests" time="0.001"/>
  <testcase name="TestALotOfAdding" classname="LocalCMCTests" time="0.001"/>
  <testcase name="TestALotOfAdding" classname="LocalCMCTests" time="0.0"/>
  <testcase name="TestALotOfAdding" classname="LocalCMCTests" time="0.001"/>
  <testcase name="TestALotOfAdding" classname="LocalCMCTests" time="0.001"/>
  <testcase name="TestALotOfAdding" classname="LocalCMCTests" time="0.001"/>
  <testcase name="TestALotOfAdding" classname="LocalCMCTests" time="0.001"/>
  <testcase name="TestALotOfAdding" classname="LocalCMCTests" time="0.001"/>
  <testcase name="TestALotOfAdding" classname="LocalCMCTests" time="0.001"/>
  <testcase name="TestALotOfAdding" classname="LocalCMCTests" time="0.001"/>
  <testcase name="TestALotOfAdding" classname="LocalCMCTests" time="0.0"/>
  <testcase name="TestALotOfAdding" classname="LocalCMCTests" time="0.0"/>
  <testcase name="TestALotOfAdding" classname="LocalCMCTests" time="0.0"/>
  <testcase name="TestALotOfAdding" classname="LocalCMCTests" time="0.0"/>
  <testcase name="TestALotOfAdding" classname="LocalCMCTests" time="0.0"/>
  <testcase name="TestALotOfAdding" classname="LocalCMCTests" time="0.0"/>
  <testcase name="TestALotOfAdding" classname="LocalCMCTests" time="0.001"/>
  <testcase name="TestALotOfAdding" classname="LocalCMCTests" time="0.002"/>
  <testcase name="TestALotOfAdding" classname="LocalCMCTests" time="0.001"/>
  <testcase name="TestALotOfAdding" classname="LocalCMCTests" time="0.0"/>
  <testcase name="TestALotOfAdding" classname="LocalCMCTests" time="0.001"/>
  <testcase name="TestALotOfAdding" classname="LocalCMCTests" time="0.001"/>
  <testcase name="TestALotOfAdding" classname="LocalCMCTests" time="0.001"/>
  <testcase name="TestALotOfAdding" classname="LocalCMCTests" time="0.001"/>
  <testcase name="TestALotOfAdding" classname="LocalCMCTests" time="0.001"/>
  <testcase name="TestALotOfAdding" classname="LocalCMCTests" time="0.001"/>
  <testcase name="TestALotOfAdding" classname="LocalCMCTests" time="0.0"/>
  <testcase name="TestALotOfAdding" classname="LocalCMCTests" time="0.0"/>
  <testcase name="TestALotOfAdding" classname="LocalCMCTests" time="0.003"/>
  <testcase name="TestALotOfAdding" classname="LocalCMCTests" time="0.001"/>
  <testcase name="TestALotOfAdding" classname="LocalCMCTests" time="0.001"/>
  <testcase name="TestALotOfAdding" classname="LocalCMCTests" time="0.0"/>
  <testcase name="TestALotOfAdding" classname="LocalCMCTests" time="0.001"/>
  <testcase name="TestALotOfAdding" classname="LocalCMCTests" time="0.001"/>
  <testcase name="TestALotOfAdding" classname="LocalCMCTests" time="0.0"/>
  <testcase name="TestALotOfAdding" classname="LocalCMCTests" time="0.001"/>
  <testcase name="TestALotOfAdding" classname="LocalCMCTests" time="0.001"/>
  <testcase name="TestALotOfAdding" classname="LocalCMCTests" time="0.0"/>
  <testcase name="TestALotOfAdding" classname="LocalCMCTests" time="0.0"/>
  <testcase name="TestALotOfAdding" classname="LocalCMCTests" time="0.001"/>
  <testcase name="TestALotOfAdding" classname="LocalCMCTests" time="0.0"/>
  <testcase name="TestALotOfAdding" classname="LocalCMCTests" time="0.0"/>
  <testcase name="TestALotOfAdding" classname="LocalCMCTests" time="0.001"/>
  <testcase name="TestALotOfAdding" classname="LocalCMCTests" time="0.0"/>
  <testcase name="TestALotOfAdding" classname="LocalCMCTests" time="0.001"/>
  <testcase name="TestALotOfAdding" classname="LocalCMCTests" time="0.0"/>
  <testcase name="TestALotOfAdding" classname="LocalCMCTests" time="0.001"/>
  <testcase name="TestALotOfAdding" classname="LocalCMCTests" time="0.001"/>
  <testcase name="TestALotOfAdding" classname="LocalCMCTests" time="0.001"/>
  <testcase name="TestALotOfAdding" classname="LocalCMCTests" time="0.0"/>
  <testcase name="TestALotOfAdding" classname="LocalCMCTests" time="0.002"/>
  <testcase name="TestALotOfAdding" classname="LocalCMCTests" time="0.001"/>
  <testcase name="TestALotOfAdding" classname="LocalCMCTests" time="0.001"/>
  <testcase name="TestALotOfAdding" classname="LocalCMCTests" time="0.001"/>
  <testcase name="TestALotOfAdding" classname="LocalCMCTests" time="0.001"/>
  <testcase name="TestALotOfAdding" classname="LocalCMCTests" time="0.0"/>
  <testcase name="TestALotOfAdding" classname="LocalCMCTests" time="0.0"/>
  <testcase name="TestALotOfAdding" classname="LocalCMCTests" time="0.0"/>
  <testcase name="TestALotOfAdding" classname="LocalCMCTests" time="0.001"/>
  <testcase name="TestALotOfAdding" classname="LocalCMCTests" time="0.001"/>
  <testcase name="TestALotOfAdding" classname="LocalCMCTests" time="0.001"/>
  <testcase name="TestALotOfAdding" classname="LocalCMCTests" time="0.001"/>
  <testcase name="TestALotOfAdding" classname="LocalCMCTests" time="0.0"/>
  <testcase name="TestALotOfAdding" classname="LocalCMCTests" time="0.0"/>
  <testcase name="TestALotOfAdding" classname="LocalCMCTests" time="0.001"/>
  <testcase name="TestALotOfAdding" classname="LocalCMCTests" time="0.0"/>
  <testcase name="TestALotOfAdding" classname="LocalCMCTests" time="0.001"/>
  <testcase name="TestALotOfAdding" classname="LocalCMCTests" time="0.001"/>
  <testcase name="TestALotOfAdding" classname="LocalCMCTests" time="0.001"/>
  <testcase name="TestALotOfAdding" classname="LocalCMCTests" time="0.001"/>
  <testcase name="TestALotOfAdding" classname="LocalCMCTests" time="0.0"/>
  <testcase name="TestALotOfAdding" classname="LocalCMCTests" time="0.0"/>
  <testcase name="TestALotOfAdding" classname="LocalCMCTests" time="0.0"/>
  <testcase name="TestALotOfAdding" classname="LocalCMCTests" time="0.0"/>
  <testcase name="TestALotOfAdding" classname="LocalCMCTests" time="0.0"/>
  <testcase name="TestALotOfAdding" classname="LocalCMCTests" time="0.0"/>
  <testcase name="TestALotOfAdding" classname="LocalCMCTests" time="0.0"/>
  <testcase name="TestALotOfAdding" classname="LocalCMCTests" time="0.0"/>
  <testcase name="TestALotOfAdding" classname="LocalCMCTests" time="0.002"/>
  <testcase name="TestALotOfAdding" classname="LocalCMCTests" time="0.001"/>
  <testcase name="TestALotOfAdding" classname="LocalCMCTests" time="0.001"/>
  <testcase name="TestALotOfAdding" classname="LocalCMCTests" time="0.001"/>
  <testcase name="TestALotOfAdding" classname="LocalCMCTests" time="0.001"/>
  <testcase name="TestALotOfAdding" classname="LocalCMCTests" time="0.0"/>
  <testcase name="TestALotOfAdding" classname="LocalCMCTests" time="0.001"/>
  <testcase name="TestALotOfAdding" classname="LocalCMCTests" time="0.001"/>
  <testcase name="TestALotOfAdding" classname="LocalCMCTests" time="0.0"/>
  <testcase name="TestALotOfAdding" classname="LocalCMCTests" time="0.0"/>
  <testcase name="TestALotOfAdding" classname="LocalCMCTests" time="0.001"/>
  <testcase name="TestALotOfAdding" classname="LocalCMCTests" time="0.0"/>
  <testcase name="TestALotOfAdding" classname="LocalCMCTests" time="0.0"/>
  <testcase name="TestALotOfAdding" classname="LocalCMCTests" time="0.0"/>
  <testcase name="TestALotOfAdding" classname="LocalCMCTests" time="0.001"/>
  <testcase name="TestALotOfAdding" classname="LocalCMCTests" time="0.002"/>
  <testcase name="TestALotOfAdding" classname="LocalCMCTests" time="0.001"/>
  <testcase name="TestALotOfAdding" classname="LocalCMCTests" time="0.0"/>
  <testcase name="TestALotOfAdding" classname="LocalCMCTests" time="0.001"/>
  <testcase name="TestALotOfAdding" classname="LocalCMCTests" time="0.001"/>
  <testcase name="TestALotOfAdding" classname="LocalCMCTests" time="0.001"/>
  <testcase name="TestALotOfAdding" classname="LocalCMCTests" time="0.001"/>
  <testcase name="TestALotOfAdding" classname="LocalCMCTests" time="0.0"/>
  <testcase name="TestALotOfAdding" classname="LocalCMCTests" time="0.001"/>
  <testcase name="TestALotOfAdding" classname="LocalCMCTests" time="0.0"/>
  <testcase name="TestALotOfAdding" classname="LocalCMCTests" time="0.002"/>
  <testcase name="TestALotOfAdding" classname="LocalCMCTests" time="0.001"/>
  <testcase name="TestALotOfAdding" classname="LocalCMCTests" time="0.0"/>
  <testcase name="TestALotOfAdding" classname="LocalCMCTests" time="0.0"/>
  <testcase name="TestALotOfAdding" classname="LocalCMCTests" time="0.0"/>
  <testcase name="TestALotOfAdding" classname="LocalCMCTests" time="0.001"/>
  <testcase name="TestALotOfAdding" classname="LocalCMCTests" time="0.001"/>
  <testcase name="TestALotOfAdding" classname="LocalCMCTests" time="0.0"/>
  <testcase name="TestALotOfAdding" classname="LocalCMCTests" time="0.001"/>
  <testcase name="TestALotOfAdding" classname="LocalCMCTests" time="0.001"/>
  <testcase name="TestALotOfAdding" classname="LocalCMCTests" time="0.0"/>
  <testcase name="TestALotOfAdding" classname="LocalCMCTests" time="0.0"/>
  <testcase name="TestALotOfAdding" classname="LocalCMCTests" time="0.001"/>
  <testcase name="TestALotOfAdding" classname="LocalCMCTests" time="0.001"/>
  <testcase name="TestALotOfAdding" classname="LocalCMCTests" time="0.001"/>
  <testcase name="TestALotOfAdding" classname="LocalCMCTests" time="0.001"/>
  <testcase name="TestALotOfAdding" classname="LocalCMCTests" time="0.001"/>
  <testcase name="TestALotOfAdding" classname="LocalCMCTests" time="0.0"/>
  <testcase name="TestALotOfAdding" classname="LocalCMCTests" time="0.0"/>
  <testcase name="TestALotOfAdding" classname="LocalCMCTests" time="0.0"/>
  <testcase name="TestALotOfAdding" classname="LocalCMCTests" time="0.001"/>
  <testcase name="TestALotOfAdding" classname="LocalCMCTests" time="0.0"/>
  <testcase name="TestALotOfAdding" classname="LocalCMCTests" time="0.001"/>
  <testcase name="TestALotOfAdding" classname="LocalCMCTests" time="0.001"/>
  <testcase name="TestALotOfAdding" classname="LocalCMCTests" time="0.001"/>
  <testcase name="TestALotOfAdding" classname="LocalCMCTests" time="0.001"/>
  <testcase name="TestALotOfAdding" classname="LocalCMCTests" time="0.001"/>
  <testcase name="TestALotOfAdding" classname="LocalCMCTests" time="0.0"/>
  <testcase name="TestALotOfAdding" classname="LocalCMCTests" time="0.0"/>
  <testcase name="TestALotOfAdding" classname="LocalCMCTests" time="0.001"/>
  <testcase name="TestALotOfAdding" classname="LocalCMCTests" time="0.001"/>
  <testcase name="TestALotOfAdding" classname="LocalCMCTests" time="0.001"/>
  <testcase name="TestALotOfAdding" classname="LocalCMCTests" time="0.001"/>
  <testcase name="TestALotOfAdding" classname="LocalCMCTests" time="0.0"/>
  <testcase name="TestALotOfAdding" classname="LocalCMCTests" time="0.0"/>
  <testcase name="TestALotOfAdding" classname="LocalCMCTests" time="0.002"/>
  <testcase name="TestALotOfAdding" classname="LocalCMCTests" time="0.001"/>
  <testcase name="TestALotOfAdding" classname="LocalCMCTests" time="0.001"/>
  <testcase name="TestALotOfAdding" classname="LocalCMCTests" time="0.0"/>
  <testcase name="TestALotOfAdding" classname="LocalCMCTests" time="0.0"/>
  <testcase name="TestALotOfAdding" classname="LocalCMCTests" time="0.001"/>
  <testcase name="TestALotOfAdding" classname="LocalCMCTests" time="0.001"/>
  <testcase name="TestALotOfAdding" classname="LocalCMCTests" time="0.0"/>
  <testcase name="TestALotOfAdding" classname="LocalCMCTests" time="0.0"/>
  <testcase name="TestALotOfAdding" classname="LocalCMCTests" time="0.0"/>
  <testcase name="TestALotOfAdding" classname="LocalCMCTests" time="0.0"/>
  <testcase name="TestALotOfAdding" classname="LocalCMCTests" time="0.001"/>
  <testcase name="TestALotOfAdding" classname="LocalCMCTests" time="0.0"/>
  <testcase name="TestALotOfAdding" classname="LocalCMCTests" time="0.001"/>
  <testcase name="TestALotOfAdding" classname="LocalCMCTests" time="0.001"/>
  <testcase name="TestALotOfAdding" classname="LocalCMCTests" time="0.001"/>
  <testcase name="TestALotOfAdding" classname="LocalCMCTests" time="0.001"/>
  <testcase name="TestALotOfAdding" classname="LocalCMCTests" time="0.001"/>
  <testcase name="TestALotOfAdding" classname="LocalCMCTests" time="0.0"/>
  <testcase name="TestALotOfAdding" classname="LocalCMCTests" time="0.002"/>
  <testcase name="TestALotOfAdding" classname="LocalCMCTests" time="0.001"/>
  <testcase name="TestALotOfAdding" classname="LocalCMCTests" time="0.0"/>
  <testcase name="TestALotOfAdding" classname="LocalCMCTests" time="0.001"/>
  <testcase name="TestALotOfAdding" classname="LocalCMCTests" time="0.001"/>
  <testcase name="TestALotOfAdding" classname="LocalCMCTests" time="0.0"/>
  <testcase name="TestALotOfAdding" classname="LocalCMCTests" time="0.0"/>
  <testcase name="TestALotOfAdding" classname="LocalCMCTests" time="0.001"/>
  <testcase name="TestALotOfAdding" classname="LocalCMCTests" time="0.001"/>
  <testcase name="TestALotOfAdding" classname="LocalCMCTests" time="0.002"/>
  <testcase name="TestALotOfAdding" classname="LocalCMCTests" time="0.001"/>
  <testcase name="TestALotOfAdding" classname="LocalCMCTests" time="0.0"/>
  <testcase name="TestALotOfAdding" classname="LocalCMCTests" time="0.0"/>
  <testcase name="TestALotOfAdding" classname="LocalCMCTests" time="0.002"/>
  <testcase name="TestALotOfAdding" classname="LocalCMCTests" time="0.002"/>
  <testcase name="TestALotOfAdding" classname="LocalCMCTests" time="0.0"/>
  <testcase name="TestALotOfAdding" classname="LocalCMCTests" time="0.0"/>
  <testcase name="TestALotOfAdding" classname="LocalCMCTests" time="0.0"/>
  <testcase name="TestALotOfAdding" classname="LocalCMCTests" time="0.0"/>
  <testcase name="TestALotOfAdding" classname="LocalCMCTests" time="0.001"/>
  <testcase name="TestALotOfAdding" classname="LocalCMCTests" time="0.001"/>
  <testcase name="TestALotOfAdding" classname="LocalCMCTests" time="0.0"/>
  <testcase name="TestALotOfAdding" classname="LocalCMCTests" time="0.0"/>
  <testcase name="TestALotOfAdding" classname="LocalCMCTests" time="0.001"/>
  <testcase name="TestALotOfAdding" classname="LocalCMCTests" time="0.001"/>
  <testcase name="TestALotOfAdding" classname="LocalCMCTests" time="0.0"/>
  <testcase name="TestALotOfAdding" classname="LocalCMCTests" time="0.0"/>
  <testcase name="TestALotOfAdding" classname="LocalCMCTests" time="0.001"/>
  <testcase name="TestALotOfAdding" classname="LocalCMCTests" time="0.001"/>
  <testcase name="TestALotOfAdding" classname="LocalCMCTests" time="0.001"/>
  <testcase name="TestALotOfAdding" classname="LocalCMCTests" time="0.001"/>
  <testcase name="TestALotOfAdding" classname="LocalCMCTests" time="0.0"/>
  <testcase name="TestALotOfAdding" classname="LocalCMCTests" time="0.001"/>
  <testcase name="TestALotOfAdding" classname="LocalCMCTests" time="0.001"/>
  <testcase name="TestALotOfAdding" classname="LocalCMCTests" time="0.0"/>
  <testcase name="TestALotOfAdding" classname="LocalCMCTests" time="0.0"/>
  <testcase name="TestALotOfAdding" classname="LocalCMCTests" time="0.0"/>
  <testcase name="TestALotOfAdding" classname="LocalCMCTests" time="0.001"/>
  <testcase name="TestALotOfAdding" classname="LocalCMCTests" time="0.001"/>
  <testcase name="TestALotOfAdding" classname="LocalCMCTests" time="0.001"/>
  <testcase name="TestALotOfAdding" classname="LocalCMCTests" time="0.001"/>
  <testcase name="TestALotOfAdding" classname="LocalCMCTests" time="0.0"/>
  <testcase name="TestALotOfAdding" classname="LocalCMCTests" time="0.0"/>
  <testcase name="TestALotOfAdding" classname="LocalCMCTests" time="0.001"/>
  <testcase name="TestALotOfAdding" classname="LocalCMCTests" time="0.001"/>
  <testcase name="TestALotOfAdding" classname="LocalCMCTests" time="0.001"/>
  <testcase name="TestALotOfAdding" classname="LocalCMCTests" time="0.001"/>
  <testcase name="TestALotOfAdding" classname="LocalCMCTests" time="0.001"/>
  <testcase name="TestALotOfAdding" classname="LocalCMCTests" time="0.001"/>
  <testcase name="TestALotOfAdding" classname="LocalCMCTests" time="0.002"/>
  <testcase name="TestALotOfAdding" classname="LocalCMCTests" time="0.0"/>
  <testcase name="TestALotOfAdding" classname="LocalCMCTests" time="0.0"/>
  <testcase name="TestALotOfAdding" classname="LocalCMCTests" time="0.001"/>
  <testcase name="TestALotOfAdding" classname="LocalCMCTests" time="0.0"/>
  <testcase name="TestALotOfAdding" classname="LocalCMCTests" time="0.001"/>
  <testcase name="TestALotOfAdding" classname="LocalCMCTests" time="0.001"/>
  <testcase name="TestALotOfAdding" classname="LocalCMCTests" time="0.0"/>
  <testcase name="TestALotOfAdding" classname="LocalCMCTests" time="0.001"/>
  <testcase name="TestALotOfAdding" classname="LocalCMCTests" time="0.002"/>
  <testcase name="TestALotOfAdding" classname="LocalCMCTests" time="0.001"/>
  <testcase name="TestALotOfAdding" classname="LocalCMCTests" time="0.0"/>
  <testcase name="TestALotOfAdding" classname="LocalCMCTests" time="0.002"/>
  <testcase name="TestALotOfAdding" classname="LocalCMCTests" time="0.0"/>
  <testcase name="TestALotOfAdding" classname="LocalCMCTests" time="0.001"/>
  <testcase name="TestALotOfAdding" classname="LocalCMCTests" time="0.0"/>
  <testcase name="TestALotOfAdding" classname="LocalCMCTests" time="0.0"/>
  <testcase name="TestALotOfAdding" classname="LocalCMCTests" time="0.0"/>
  <testcase name="TestALotOfAdding" classname="LocalCMCTests" time="0.0"/>
  <testcase name="TestALotOfAdding" classname="LocalCMCTests" time="0.001"/>
  <testcase name="TestALotOfAdding" classname="LocalCMCTests" time="0.002"/>
  <testcase name="TestALotOfAdding" classname="LocalCMCTests" time="0.004"/>
  <testcase name="TestALotOfAdding" classname="LocalCMCTests" time="0.0"/>
  <testcase name="TestALotOfAdding" classname="LocalCMCTests" time="0.004"/>
  <testcase name="TestALotOfAdding" classname="LocalCMCTests" time="0.0"/>
  <testcase name="TestALotOfAdding" classname="LocalCMCTests" time="0.0"/>
  <testcase name="TestALotOfAdding" classname="LocalCMCTests" time="0.0"/>
  <testcase name="TestALotOfAdding" classname="LocalCMCTests" time="0.001"/>
  <testcase name="TestALotOfAdding" classname="LocalCMCTests" time="0.0"/>
  <testcase name="TestALotOfAdding" classname="LocalCMCTests" time="0.0"/>
  <testcase name="TestALotOfAdding" classname="LocalCMCTests" time="0.0"/>
  <testcase name="TestALotOfAdding" classname="LocalCMCTests" time="0.001"/>
  <testcase name="TestALotOfAdding" classname="LocalCMCTests" time="0.002"/>
  <testcase name="TestALotOfAdding" classname="LocalCMCTests" time="0.002"/>
  <testcase name="TestALotOfAdding" classname="LocalCMCTests" time="0.0"/>
  <testcase name="TestALotOfAdding" classname="LocalCMCTests" time="0.0"/>
  <testcase name="TestALotOfAdding" classname="LocalCMCTests" time="0.0"/>
  <testcase name="TestALotOfAdding" classname="LocalCMCTests" time="0.004"/>
  <testcase name="TestALotOfAdding" classname="LocalCMCTests" time="0.0"/>
  <testcase name="TestALotOfAdding" classname="LocalCMCTests" time="0.0"/>
  <testcase name="TestALotOfAdding" classname="LocalCMCTests" time="0.0"/>
  <testcase name="TestALotOfAdding" classname="LocalCMCTests" time="0.0"/>
  <testcase name="TestALotOfAdding" classname="LocalCMCTests" time="0.0"/>
  <testcase name="TestALotOfAdding" classname="LocalCMCTests" time="0.001"/>
  <testcase name="TestALotOfAdding" classname="LocalCMCTests" time="0.001"/>
  <testcase name="TestALotOfAdding" classname="LocalCMCTests" time="0.002"/>
  <testcase name="TestALotOfAdding" classname="LocalCMCTests" time="0.003"/>
  <testcase name="TestALotOfAdding" classname="LocalCMCTests" time="0.0"/>
  <testcase name="TestALotOfAdding" classname="LocalCMCTests" time="0.002"/>
  <testcase name="TestALotOfAdding" classname="LocalCMCTests" time="0.002"/>
  <testcase name="TestALotOfAdding" classname="LocalCMCTests" time="0.0"/>
  <testcase name="TestALotOfAdding" classname="LocalCMCTests" time="0.0"/>
  <testcase name="TestALotOfAdding" classname="LocalCMCTests" time="0.002"/>
  <testcase name="TestALotOfAdding" classname="LocalCMCTests" time="0.0"/>
  <testcase name="TestALotOfAdding" classname="LocalCMCTests" time="0.0"/>
  <testcase name="TestALotOfAdding" classname="LocalCMCTests" time="0.0"/>
  <testcase name="TestALotOfAdding" classname="LocalCMCTests" time="0.001"/>
  <testcase name="TestALotOfAdding" classname="LocalCMCTests" time="0.0"/>
  <testcase name="TestALotOfAdding" classname="LocalCMCTests" time="0.0"/>
  <testcase name="TestALotOfAdding" classname="LocalCMCTests" time="0.002"/>
  <testcase name="TestALotOfAdding" classname="LocalCMCTests" time="0.002"/>
  <testcase name="TestALotOfAdding" classname="LocalCMCTests" time="0.0"/>
  <testcase name="TestALotOfAdding" classname="LocalCMCTests" time="0.001"/>
  <testcase name="TestALotOfAdding" classname="LocalCMCTests" time="0.0"/>
  <testcase name="TestALotOfAdding" classname="LocalCMCTests" time="0.0"/>
  <testcase name="TestALotOfAdding" classname="LocalCMCTests" time="0.001"/>
  <testcase name="TestALotOfAdding" classname="LocalCMCTests" time="0.001"/>
  <testcase name="TestALotOfAdding" classname="LocalCMCTests" time="0.001"/>
  <testcase name="TestALotOfAdding" classname="LocalCMCTests" time="0.001"/>
  <testcase name="TestALotOfAdding" classname="LocalCMCTests" time="0.003"/>
  <testcase name="TestALotOfAdding" classname="LocalCMCTests" time="0.001"/>
  <testcase name="TestALotOfAdding" classname="LocalCMCTests" time="0.0"/>
  <testcase name="TestALotOfAdding" classname="LocalCMCTests" time="0.0"/>
  <testcase name="TestALotOfAdding" classname="LocalCMCTests" time="0.0"/>
  <testcase name="TestALotOfAdding" classname="LocalCMCTests" time="0.0"/>
  <testcase name="TestALotOfAdding" classname="LocalCMCTests" time="0.001"/>
  <testcase name="TestALotOfAdding" classname="LocalCMCTests" time="0.001"/>
  <testcase name="TestALotOfAdding" classname="LocalCMCTests" time="0.0"/>
  <testcase name="TestALotOfAdding" classname="LocalCMCTests" time="0.001"/>
  <testcase name="TestALotOfAdding" classname="LocalCMCTests" time="0.001"/>
  <testcase name="TestALotOfAdding" classname="LocalCMCTests" time="0.001"/>
  <testcase name="TestALotOfAdding" classname="LocalCMCTests" time="0.001"/>
  <testcase name="TestALotOfAdding" classname="LocalCMCTests" time="0.001"/>
  <testcase name="TestALotOfAdding" classname="LocalCMCTests" time="0.0"/>
  <testcase name="TestALotOfAdding" classname="LocalCMCTests" time="0.0"/>
  <testcase name="TestALotOfAdding" classname="LocalCMCTests" time="0.001"/>
  <testcase name="TestALotOfAdding" classname="LocalCMCTests" time="0.0"/>
  <testcase name="TestALotOfAdding" classname="LocalCMCTests" time="0.0"/>
  <testcase name="TestALotOfAdding" classname="LocalCMCTests" time="0.0"/>
  <testcase name="TestALotOfAdding" classname="LocalCMCTests" time="0.0"/>
  <testcase name="TestALotOfAdding" classname="LocalCMCTests" time="0.0"/>
  <testcase name="TestALotOfAdding" classname="LocalCMCTests" time="0.001"/>
  <testcase name="TestALotOfAdding" classname="LocalCMCTests" time="0.001"/>
  <testcase name="TestALotOfAdding" classname="LocalCMCTests" time="0.0"/>
  <testcase name="TestALotOfAdding" classname="LocalCMCTests" time="0.0"/>
  <testcase name="TestALotOfAdding" classname="LocalCMCTests" time="0.001"/>
  <testcase name="TestALotOfAdding" classname="LocalCMCTests" time="0.001"/>
  <testcase name="TestALotOfAdding" classname="LocalCMCTests" time="0.0"/>
  <testcase name="TestALotOfAdding" classname="LocalCMCTests" time="0.002"/>
  <testcase name="TestALotOfAdding" classname="LocalCMCTests" time="0.001"/>
  <testcase name="TestALotOfAdding" classname="LocalCMCTests" time="0.001"/>
  <testcase name="TestALotOfAdding" classname="LocalCMCTests" time="0.0"/>
  <testcase name="TestALotOfAdding" classname="LocalCMCTests" time="0.001"/>
  <testcase name="TestALotOfAdding" classname="LocalCMCTests" time="0.001"/>
  <testcase name="TestALotOfAdding" classname="LocalCMCTests" time="0.0"/>
  <testcase name="TestALotOfAdding" classname="LocalCMCTests" time="0.0"/>
  <testcase name="TestALotOfAdding" classname="LocalCMCTests" time="0.0"/>
  <testcase name="TestALotOfAdding" classname="LocalCMCTests" time="0.001"/>
  <testcase name="TestALotOfAdding" classname="LocalCMCTests" time="0.001"/>
  <testcase name="TestALotOfAdding" classname="LocalCMCTests" time="0.001"/>
  <testcase name="TestALotOfAdding" classname="LocalCMCTests" time="0.001"/>
  <testcase name="TestALotOfAdding" classname="LocalCMCTests" time="0.001"/>
  <testcase name="TestALotOfAdding" classname="LocalCMCTests" time="0.0"/>
  <testcase name="TestALotOfAdding" classname="LocalCMCTests" time="0.0"/>
  <testcase name="TestALotOfAdding" classname="LocalCMCTests" time="0.001"/>
  <testcase name="TestALotOfAdding" classname="LocalCMCTests" time="0.001"/>
  <testcase name="TestALotOfAdding" classname="LocalCMCTests" time="0.0"/>
  <testcase name="TestALotOfAdding" classname="LocalCMCTests" time="0.001"/>
  <testcase name="TestALotOfAdding" classname="LocalCMCTests" time="0.0"/>
  <testcase name="TestALotOfAdding" classname="LocalCMCTests" time="0.001"/>
  <testcase name="TestALotOfAdding" classname="LocalCMCTests" time="0.002"/>
  <testcase name="TestALotOfAdding" classname="LocalCMCTests" time="0.0"/>
  <testcase name="TestALotOfAdding" classname="LocalCMCTests" time="0.0"/>
  <testcase name="TestALotOfAdding" classname="LocalCMCTests" time="0.0"/>
  <testcase name="TestALotOfAdding" classname="LocalCMCTests" time="0.0"/>
  <testcase name="TestALotOfAdding" classname="LocalCMCTests" time="0.001"/>
  <testcase name="TestALotOfAdding" classname="LocalCMCTests" time="0.001"/>
  <testcase name="TestALotOfAdding" classname="LocalCMCTests" time="0.0"/>
  <testcase name="TestALotOfAdding" classname="LocalCMCTests" time="0.001"/>
  <testcase name="TestALotOfAdding" classname="LocalCMCTests" time="0.001"/>
  <testcase name="TestALotOfAdding" classname="LocalCMCTests" time="0.001"/>
  <testcase name="TestALotOfAdding" classname="LocalCMCTests" time="0.001"/>
  <testcase name="TestALotOfAdding" classname="LocalCMCTests" time="0.0"/>
  <testcase name="TestALotOfAdding" classname="LocalCMCTests" time="0.0"/>
  <testcase name="TestALotOfAdding" classname="LocalCMCTests" time="0.0"/>
  <testcase name="TestALotOfAdding" classname="LocalCMCTests" time="0.0"/>
  <testcase name="TestALotOfAdding" classname="LocalCMCTests" time="0.0"/>
  <testcase name="TestALotOfAdding" classname="LocalCMCTests" time="0.0"/>
  <testcase name="TestALotOfAdding" classname="LocalCMCTests" time="0.002"/>
  <testcase name="TestALotOfAdding" classname="LocalCMCTests" time="0.002"/>
  <testcase name="TestALotOfAdding" classname="LocalCMCTests" time="0.002"/>
  <testcase name="TestALotOfAdding" classname="LocalCMCTests" time="0.0"/>
  <testcase name="TestALotOfAdding" classname="LocalCMCTests" time="0.0"/>
  <testcase name="TestALotOfAdding" classname="LocalCMCTests" time="0.0"/>
  <testcase name="TestALotOfAdding" classname="LocalCMCTests" time="0.001"/>
  <testcase name="TestALotOfAdding" classname="LocalCMCTests" time="0.001"/>
  <testcase name="TestALotOfAdding" classname="LocalCMCTests" time="0.0"/>
  <testcase name="TestALotOfAdding" classname="LocalCMCTests" time="0.001"/>
  <testcase name="TestALotOfAdding" classname="LocalCMCTests" time="0.001"/>
  <testcase name="TestALotOfAdding" classname="LocalCMCTests" time="0.0"/>
  <testcase name="TestALotOfAdding" classname="LocalCMCTests" time="0.001"/>
  <testcase name="TestALotOfAdding" classname="LocalCMCTests" time="0.002"/>
  <testcase name="TestALotOfAdding" classname="LocalCMCTests" time="0.001"/>
  <testcase name="TestALotOfAdding" classname="LocalCMCTests" time="0.0"/>
  <testcase name="TestALotOfAdding" classname="LocalCMCTests" time="0.001"/>
  <testcase name="TestALotOfAdding" classname="LocalCMCTests" time="0.002"/>
  <testcase name="TestALotOfAdding" classname="LocalCMCTests" time="0.001"/>
  <testcase name="TestALotOfAdding" classname="LocalCMCTests" time="0.001"/>
  <testcase name="TestALotOfAdding" classname="LocalCMCTests" time="0.0"/>
  <testcase name="TestALotOfAdding" classname="LocalCMCTests" time="0.0"/>
  <testcase name="TestALotOfAdding" classname="LocalCMCTests" time="0.0"/>
  <testcase name="TestALotOfAdding" classname="LocalCMCTests" time="0.0"/>
  <testcase name="TestALotOfAdding" classname="LocalCMCTests" time="0.001"/>
  <testcase name="TestALotOfAdding" classname="LocalCMCTests" time="0.001"/>
  <testcase name="TestALotOfAdding" classname="LocalCMCTests" time="0.002"/>
  <testcase name="TestALotOfAdding" classname="LocalCMCTests" time="0.001"/>
  <testcase name="TestALotOfAdding" classname="LocalCMCTests" time="0.001"/>
  <testcase name="TestALotOfAdding" classname="LocalCMCTests" time="0.001"/>
  <testcase name="TestALotOfAdding" classname="LocalCMCTests" time="0.0"/>
  <testcase name="TestALotOfAdding" classname="LocalCMCTests" time="0.0"/>
  <testcase name="TestALotOfAdding" classname="LocalCMCTests" time="0.001"/>
  <testcase name="TestALotOfAdding" classname="LocalCMCTests" time="0.0"/>
  <testcase name="TestALotOfAdding" classname="LocalCMCTests" time="0.001"/>
  <testcase name="TestALotOfAdding" classname="LocalCMCTests" time="0.002"/>
  <testcase name="TestALotOfAdding" classname="LocalCMCTests" time="0.001"/>
  <testcase name="TestALotOfAdding" classname="LocalCMCTests" time="0.001"/>
  <testcase name="TestALotOfAdding" classname="LocalCMCTests" time="0.0"/>
  <testcase name="TestALotOfAdding" classname="LocalCMCTests" time="0.001"/>
  <testcase name="TestALotOfAdding" classname="LocalCMCTests" time="0.0"/>
  <testcase name="TestALotOfAdding" classname="LocalCMCTests" time="0.001"/>
  <testcase name="TestALotOfAdding" classname="LocalCMCTests" time="0.001"/>
  <testcase name="TestALotOfAdding" classname="LocalCMCTests" time="0.001"/>
  <testcase name="TestALotOfAdding" classname="LocalCMCTests" time="0.0"/>
  <testcase name="TestALotOfAdding" classname="LocalCMCTests" time="0.0"/>
  <testcase name="TestALotOfAdding" classname="LocalCMCTests" time="0.001"/>
  <testcase name="TestALotOfAdding" classname="LocalCMCTests" time="0.0"/>
  <testcase name="TestALotOfAdding" classname="LocalCMCTests" time="0.001"/>
  <testcase name="TestALotOfAdding" classname="LocalCMCTests" time="0.001"/>
  <testcase name="TestALotOfAdding" classname="LocalCMCTests" time="0.001"/>
  <testcase name="TestALotOfAdding" classname="LocalCMCTests" time="0.0"/>
  <testcase name="TestALotOfAdding" classname="LocalCMCTests" time="0.001"/>
  <testcase name="TestALotOfAdding" classname="LocalCMCTests" time="0.001"/>
  <testcase name="TestALotOfAdding" classname="LocalCMCTests" time="0.0"/>
  <testcase name="TestALotOfAdding" classname="LocalCMCTests" time="0.001"/>
  <testcase name="TestALotOfAdding" classname="LocalCMCTests" time="0.001"/>
  <testcase name="TestALotOfAdding" classname="LocalCMCTests" time="0.001"/>
  <testcase name="TestALotOfAdding" classname="LocalCMCTests" time="0.001"/>
  <testcase name="TestALotOfAdding" classname="LocalCMCTests" time="0.001"/>
  <testcase name="TestALotOfAdding" classname="LocalCMCTests" time="0.001"/>
  <testcase name="TestALotOfAdding" classname="LocalCMCTests" time="0.0"/>
  <testcase name="TestALotOfAdding" classname="LocalCMCTests" time="0.001"/>
  <testcase name="TestALotOfAdding" classname="LocalCMCTests" time="0.0"/>
  <testcase name="TestALotOfAdding" classname="LocalCMCTests" time="0.0"/>
  <testcase name="TestALotOfAdding" classname="LocalCMCTests" time="0.0"/>
  <testcase name="TestALotOfAdding" classname="LocalCMCTests" time="0.0"/>
  <testcase name="TestALotOfAdding" classname="LocalCMCTests" time="0.001"/>
  <testcase name="TestALotOfAdding" classname="LocalCMCTests" time="0.001"/>
  <testcase name="TestALotOfAdding" classname="LocalCMCTests" time="0.001"/>
  <testcase name="TestALotOfAdding" classname="LocalCMCTests" time="0.0"/>
  <testcase name="TestALotOfAdding" classname="LocalCMCTests" time="0.0"/>
  <testcase name="TestALotOfAdding" classname="LocalCMCTests" time="0.001"/>
  <testcase name="TestALotOfAdding" classname="LocalCMCTests" time="0.001"/>
  <testcase name="TestALotOfAdding" classname="LocalCMCTests" time="0.001"/>
  <testcase name="TestALotOfAdding" classname="LocalCMCTests" time="0.0"/>
  <testcase name="TestALotOfAdding" classname="LocalCMCTests" time="0.001"/>
  <testcase name="TestALotOfAdding" classname="LocalCMCTests" time="0.0"/>
  <testcase name="TestALotOfAdding" classname="LocalCMCTests" time="0.0"/>
  <testcase name="TestALotOfAdding" classname="LocalCMCTests" time="0.001"/>
  <testcase name="TestALotOfAdding" classname="LocalCMCTests" time="0.0"/>
  <testcase name="TestALotOfAdding" classname="LocalCMCTests" time="0.001"/>
  <testcase name="TestALotOfAdding" classname="LocalCMCTests" time="0.001"/>
  <testcase name="TestALotOfAdding" classname="LocalCMCTests" time="0.0"/>
  <testcase name="TestALotOfAdding" classname="LocalCMCTests" time="0.001"/>
  <testcase name="TestALotOfAdding" classname="LocalCMCTests" time="0.001"/>
  <testcase name="TestALotOfAdding" classname="LocalCMCTests" time="0.001"/>
  <testcase name="TestALotOfAdding" classname="LocalCMCTests" time="0.001"/>
  <testcase name="TestALotOfAdding" classname="LocalCMCTests" time="0.001"/>
  <testcase name="TestALotOfAdding" classname="LocalCMCTests" time="0.001"/>
  <testcase name="TestALotOfAdding" classname="LocalCMCTests" time="0.0"/>
  <testcase name="TestALotOfAdding" classname="LocalCMCTests" time="0.0"/>
  <testcase name="TestALotOfAdding" classname="LocalCMCTests" time="0.001"/>
  <testcase name="TestALotOfAdding" classname="LocalCMCTests" time="0.001"/>
  <testcase name="TestALotOfAdding" classname="LocalCMCTests" time="0.0"/>
  <testcase name="TestALotOfAdding" classname="LocalCMCTests" time="0.001"/>
  <testcase name="TestALotOfAdding" classname="LocalCMCTests" time="0.002"/>
  <testcase name="TestALotOfAdding" classname="LocalCMCTests" time="0.0"/>
  <testcase name="TestALotOfAdding" classname="LocalCMCTests" time="0.001"/>
  <testcase name="TestALotOfAdding" classname="LocalCMCTests" time="0.0"/>
  <testcase name="TestALotOfAdding" classname="LocalCMCTests" time="0.001"/>
  <testcase name="TestALotOfAdding" classname="LocalCMCTests" time="0.001"/>
  <testcase name="TestALotOfAdding" classname="LocalCMCTests" time="0.001"/>
  <testcase name="TestALotOfAdding" classname="LocalCMCTests" time="0.0"/>
  <testcase name="TestALotOfAdding" classname="LocalCMCTests" time="0.001"/>
  <testcase name="TestALotOfAdding" classname="LocalCMCTests" time="0.001"/>
  <testcase name="TestALotOfAdding" classname="LocalCMCTests" time="0.001"/>
  <testcase name="TestALotOfAdding" classname="LocalCMCTests" time="0.001"/>
  <testcase name="TestALotOfAdding" classname="LocalCMCTests" time="0.001"/>
  <testcase name="TestALotOfAdding" classname="LocalCMCTests" time="0.0"/>
  <testcase name="TestALotOfAdding" classname="LocalCMCTests" time="0.001"/>
  <testcase name="TestALotOfAdding" classname="LocalCMCTests" time="0.0"/>
  <testcase name="TestALotOfAdding" classname="LocalCMCTests" time="0.0"/>
  <testcase name="TestALotOfAdding" classname="LocalCMCTests" time="0.001"/>
  <testcase name="TestALotOfAdding" classname="LocalCMCTests" time="0.0"/>
  <testcase name="TestALotOfAdding" classname="LocalCMCTests" time="0.001"/>
  <testcase name="TestALotOfAdding" classname="LocalCMCTests" time="0.001"/>
  <testcase name="TestALotOfAdding" classname="LocalCMCTests" time="0.0"/>
  <testcase name="TestALotOfAdding" classname="LocalCMCTests" time="0.001"/>
  <testcase name="TestALotOfAdding" classname="LocalCMCTests" time="0.003"/>
  <testcase name="TestALotOfAdding" classname="LocalCMCTests" time="0.001"/>
  <testcase name="TestALotOfAdding" classname="LocalCMCTests" time="0.0"/>
  <testcase name="TestALotOfAdding" classname="LocalCMCTests" time="0.0"/>
  <testcase name="TestALotOfAdding" classname="LocalCMCTests" time="0.0"/>
  <testcase name="TestALotOfAdding" classname="LocalCMCTests" time="0.0"/>
  <testcase name="TestALotOfAdding" classname="LocalCMCTests" time="0.0"/>
  <testcase name="TestALotOfAdding" classname="LocalCMCTests" time="0.001"/>
  <testcase name="TestALotOfAdding" classname="LocalCMCTests" time="0.001"/>
  <testcase name="TestALotOfAdding" classname="LocalCMCTests" time="0.001"/>
  <testcase name="TestALotOfAdding" classname="LocalCMCTests" time="0.001"/>
  <testcase name="TestALotOfAdding" classname="LocalCMCTests" time="0.001"/>
  <testcase name="TestALotOfAdding" classname="LocalCMCTests" time="0.001"/>
  <testcase name="TestALotOfAdding" classname="LocalCMCTests" time="0.001"/>
  <testcase name="TestALotOfAdding" classname="LocalCMCTests" time="0.001"/>
  <testcase name="TestALotOfAdding" classname="LocalCMCTests" time="0.001"/>
  <testcase name="TestALotOfAdding" classname="LocalCMCTests" time="0.001"/>
  <testcase name="TestALotOfAdding" classname="LocalCMCTests" time="0.0"/>
  <testcase name="TestALotOfAdding" classname="LocalCMCTests" time="0.0"/>
  <testcase name="TestALotOfAdding" classname="LocalCMCTests" time="0.001"/>
  <testcase name="TestALotOfAdding" classname="LocalCMCTests" time="0.0"/>
  <testcase name="TestALotOfAdding" classname="LocalCMCTests" time="0.001"/>
  <testcase name="TestALotOfAdding" classname="LocalCMCTests" time="0.001"/>
  <testcase name="TestALotOfAdding" classname="LocalCMCTests" time="0.001"/>
  <testcase name="TestALotOfAdding" classname="LocalCMCTests" time="0.001"/>
  <testcase name="TestALotOfAdding" classname="LocalCMCTests" time="0.001"/>
  <testcase name="TestALotOfAdding" classname="LocalCMCTests" time="0.0"/>
  <testcase name="TestALotOfAdding" classname="LocalCMCTests" time="0.0"/>
  <testcase name="TestALotOfAdding" classname="LocalCMCTests" time="0.001"/>
  <testcase name="TestALotOfAdding" classname="LocalCMCTests" time="0.001"/>
  <testcase name="TestALotOfAdding" classname="LocalCMCTests" time="0.001"/>
  <testcase name="TestALotOfAdding" classname="LocalCMCTests" time="0.001"/>
  <testcase name="TestALotOfAdding" classname="LocalCMCTests" time="0.0"/>
  <testcase name="TestALotOfAdding" classname="LocalCMCTests" time="0.0"/>
  <testcase name="TestALotOfAdding" classname="LocalCMCTests" time="0.0"/>
  <testcase name="TestALotOfAdding" classname="LocalCMCTests" time="0.0"/>
  <testcase name="TestALotOfAdding" classname="LocalCMCTests" time="0.001"/>
  <testcase name="TestALotOfAdding" classname="LocalCMCTests" time="0.003"/>
  <testcase name="TestALotOfAdding" classname="LocalCMCTests" time="0.002"/>
  <testcase name="TestALotOfAdding" classname="LocalCMCTests" time="0.0"/>
  <testcase name="TestALotOfAdding" classname="LocalCMCTests" time="0.001"/>
  <testcase name="TestALotOfAdding" classname="LocalCMCTests" time="0.001"/>
  <testcase name="TestALotOfAdding" classname="LocalCMCTests" time="0.001"/>
  <testcase name="TestALotOfAdding" classname="LocalCMCTests" time="0.001"/>
  <testcase name="TestALotOfAdding" classname="LocalCMCTests" time="0.0"/>
  <testcase name="TestALotOfAdding" classname="LocalCMCTests" time="0.001"/>
  <testcase name="TestALotOfAdding" classname="LocalCMCTests" time="0.001"/>
  <testcase name="TestALotOfAdding" classname="LocalCMCTests" time="0.0"/>
  <testcase name="TestALotOfAdding" classname="LocalCMCTests" time="0.001"/>
  <testcase name="TestALotOfAdding" classname="LocalCMCTests" time="0.0"/>
  <testcase name="TestALotOfAdding" classname="LocalCMCTests" time="0.001"/>
  <testcase name="TestALotOfAdding" classname="LocalCMCTests" time="0.0"/>
  <testcase name="TestALotOfAdding" classname="LocalCMCTests" time="0.0"/>
  <testcase name="TestALotOfAdding" classname="LocalCMCTests" time="0.0"/>
  <testcase name="TestALotOfAdding" classname="LocalCMCTests" time="0.001"/>
  <testcase name="TestALotOfAdding" classname="LocalCMCTests" time="0.001"/>
  <testcase name="TestALotOfAdding" classname="LocalCMCTests" time="0.001"/>
  <testcase name="TestALotOfAdding" classname="LocalCMCTests" time="0.001"/>
  <testcase name="TestALotOfAdding" classname="LocalCMCTests" time="0.001"/>
  <testcase name="TestALotOfAdding" classname="LocalCMCTests" time="0.001"/>
  <testcase name="TestALotOfAdding" classname="LocalCMCTests" time="0.0"/>
  <testcase name="TestALotOfAdding" classname="LocalCMCTests" time="0.001"/>
  <testcase name="TestALotOfAdding" classname="LocalCMCTests" time="0.001"/>
  <testcase name="TestALotOfAdding" classname="LocalCMCTests" time="0.0"/>
  <testcase name="TestALotOfAdding" classname="LocalCMCTests" time="0.0"/>
  <testcase name="TestALotOfAdding" classname="LocalCMCTests" time="0.0"/>
  <testcase name="TestALotOfAdding" classname="LocalCMCTests" time="0.0"/>
  <testcase name="TestALotOfAdding" classname="LocalCMCTests" time="0.001"/>
  <testcase name="TestALotOfAdding" classname="LocalCMCTests" time="0.0"/>
  <testcase name="TestALotOfAdding" classname="LocalCMCTests" time="0.001"/>
  <testcase name="TestALotOfAdding" classname="LocalCMCTests" time="0.001"/>
  <testcase name="TestALotOfAdding" classname="LocalCMCTests" time="0.001"/>
  <testcase name="TestALotOfAdding" classname="LocalCMCTests" time="0.001"/>
  <testcase name="TestALotOfAdding" classname="LocalCMCTests" time="0.001"/>
  <testcase name="TestALotOfAdding" classname="LocalCMCTests" time="0.0"/>
  <testcase name="TestALotOfAdding" classname="LocalCMCTests" time="0.001"/>
  <testcase name="TestALotOfAdding" classname="LocalCMCTests" time="0.0"/>
  <testcase name="TestALotOfAdding" classname="LocalCMCTests" time="0.001"/>
  <testcase name="TestALotOfAdding" classname="LocalCMCTests" time="0.0"/>
  <testcase name="TestALotOfAdding" classname="LocalCMCTests" time="0.001"/>
  <testcase name="TestALotOfAdding" classname="LocalCMCTests" time="0.0"/>
  <testcase name="TestALotOfAdding" classname="LocalCMCTests" time="0.0"/>
  <testcase name="TestALotOfAdding" classname="LocalCMCTests" time="0.0"/>
  <testcase name="TestALotOfAdding" classname="LocalCMCTests" time="0.001"/>
  <testcase name="TestALotOfAdding" classname="LocalCMCTests" time="0.002"/>
  <testcase name="TestALotOfAdding" classname="LocalCMCTests" time="0.001"/>
  <testcase name="TestALotOfAdding" classname="LocalCMCTests" time="0.002"/>
  <testcase name="TestALotOfAdding" classname="LocalCMCTests" time="0.001"/>
  <testcase name="TestALotOfAdding" classname="LocalCMCTests" time="0.0"/>
  <testcase name="TestALotOfAdding" classname="LocalCMCTests" time="0.001"/>
  <testcase name="TestALotOfAdding" classname="LocalCMCTests" time="0.001"/>
  <testcase name="TestALotOfAdding" classname="LocalCMCTests" time="0.001"/>
  <testcase name="TestALotOfAdding" classname="LocalCMCTests" time="0.0"/>
  <testcase name="TestALotOfAdding" classname="LocalCMCTests" time="0.001"/>
  <testcase name="TestALotOfAdding" classname="LocalCMCTests" time="0.0"/>
  <testcase name="TestALotOfAdding" classname="LocalCMCTests" time="0.0"/>
  <testcase name="TestALotOfAdding" classname="LocalCMCTests" time="0.0"/>
  <testcase name="TestALotOfAdding" classname="LocalCMCTests" time="0.001"/>
  <testcase name="TestALotOfAdding" classname="LocalCMCTests" time="0.001"/>
  <testcase name="TestALotOfAdding" classname="LocalCMCTests" time="0.001"/>
  <testcase name="TestALotOfAdding" classname="LocalCMCTests" time="0.001"/>
  <testcase name="TestALotOfAdding" classname="LocalCMCTests" time="0.0"/>
  <testcase name="TestALotOfAdding" classname="LocalCMCTests" time="0.0"/>
  <testcase name="TestALotOfAdding" classname="LocalCMCTests" time="0.0"/>
  <testcase name="TestALotOfAdding" classname="LocalCMCTests" time="0.001"/>
  <testcase name="TestALotOfAdding" classname="LocalCMCTests" time="0.001"/>
  <testcase name="TestALotOfAdding" classname="LocalCMCTests" time="0.0"/>
  <testcase name="TestALotOfAdding" classname="LocalCMCTests" time="0.002"/>
  <testcase name="TestALotOfAdding" classname="LocalCMCTests" time="0.0"/>
  <testcase name="TestALotOfAdding" classname="LocalCMCTests" time="0.001"/>
  <testcase name="TestALotOfAdding" classname="LocalCMCTests" time="0.0"/>
  <testcase name="TestALotOfAdding" classname="LocalCMCTests" time="0.001"/>
  <testcase name="TestALotOfAdding" classname="LocalCMCTests" time="0.0"/>
  <testcase name="TestALotOfAdding" classname="LocalCMCTests" time="0.0"/>
  <testcase name="TestALotOfAdding" classname="LocalCMCTests" time="0.0"/>
  <testcase name="TestALotOfAdding" classname="LocalCMCTests" time="0.001"/>
  <testcase name="TestALotOfAdding" classname="LocalCMCTests" time="0.0"/>
  <testcase name="TestALotOfAdding" classname="LocalCMCTests" time="0.001"/>
  <testcase name="TestALotOfAdding" classname="LocalCMCTests" time="0.0"/>
  <testcase name="TestALotOfAdding" classname="LocalCMCTests" time="0.001"/>
  <testcase name="TestALotOfAdding" classname="LocalCMCTests" time="0.0"/>
  <testcase name="TestALotOfAdding" classname="LocalCMCTests" time="0.0"/>
  <testcase name="TestALotOfAdding" classname="LocalCMCTests" time="0.0"/>
  <testcase name="TestALotOfAdding" classname="LocalCMCTests" time="0.001"/>
  <testcase name="TestALotOfAdding" classname="LocalCMCTests" time="0.001"/>
  <testcase name="TestALotOfAdding" classname="LocalCMCTests" time="0.001"/>
  <testcase name="TestALotOfAdding" classname="LocalCMCTests" time="0.002"/>
  <testcase name="TestALotOfAdding" classname="LocalCMCTests" time="0.001"/>
  <testcase name="TestALotOfAdding" classname="LocalCMCTests" time="0.0"/>
  <testcase name="TestALotOfAdding" classname="LocalCMCTests" time="0.001"/>
  <testcase name="TestALotOfAdding" classname="LocalCMCTests" time="0.001"/>
  <testcase name="TestALotOfAdding" classname="LocalCMCTests" time="0.001"/>
  <testcase name="TestALotOfAdding" classname="LocalCMCTests" time="0.0"/>
  <testcase name="TestALotOfAdding" classname="LocalCMCTests" time="0.001"/>
  <testcase name="TestALotOfAdding" classname="LocalCMCTests" time="0.001"/>
  <testcase name="TestALotOfAdding" classname="LocalCMCTests" time="0.0"/>
  <testcase name="TestALotOfAdding" classname="LocalCMCTests" time="0.001"/>
  <testcase name="TestALotOfAdding" classname="LocalCMCTests" time="0.0"/>
  <testcase name="TestALotOfAdding" classname="LocalCMCTests" time="0.0"/>
  <testcase name="TestALotOfAdding" classname="LocalCMCTests" time="0.0"/>
  <testcase name="TestALotOfAdding" classname="LocalCMCTests" time="0.001"/>
  <testcase name="TestALotOfAdding" classname="LocalCMCTests" time="0.001"/>
  <testcase name="TestALotOfAdding" classname="LocalCMCTests" time="0.002"/>
  <testcase name="TestALotOfAdding" classname="LocalCMCTests" time="0.001"/>
  <testcase name="TestALotOfAdding" classname="LocalCMCTests" time="0.0"/>
  <testcase name="TestALotOfAdding" classname="LocalCMCTests" time="0.001"/>
  <testcase name="TestALotOfAdding" classname="LocalCMCTests" time="0.001"/>
  <testcase name="TestALotOfAdding" classname="LocalCMCTests" time="0.001"/>
  <testcase name="TestALotOfAdding" classname="LocalCMCTests" time="0.001"/>
  <testcase name="TestALotOfAdding" classname="LocalCMCTests" time="0.0"/>
  <testcase name="TestALotOfAdding" classname="LocalCMCTests" time="0.001"/>
  <testcase name="TestALotOfAdding" classname="LocalCMCTests" time="0.002"/>
  <testcase name="TestALotOfAdding" classname="LocalCMCTests" time="0.001"/>
  <testcase name="TestALotOfAdding" classname="LocalCMCTests" time="0.0"/>
  <testcase name="TestALotOfAdding" classname="LocalCMCTests" time="0.0"/>
  <testcase name="TestALotOfAdding" classname="LocalCMCTests" time="0.001"/>
  <testcase name="TestALotOfAdding" classname="LocalCMCTests" time="0.0"/>
  <testcase name="TestALotOfAdding" classname="LocalCMCTests" time="0.001"/>
  <testcase name="TestALotOfAdding" classname="LocalCMCTests" time="0.001"/>
  <testcase name="TestALotOfAdding" classname="LocalCMCTests" time="0.001"/>
  <testcase name="TestALotOfAdding" classname="LocalCMCTests" time="0.001"/>
  <testcase name="TestALotOfAdding" classname="LocalCMCTests" time="0.001"/>
  <testcase name="TestALotOfAdding" classname="LocalCMCTests" time="0.001"/>
  <testcase name="TestALotOfAdding" classname="LocalCMCTests" time="0.001"/>
  <testcase name="TestALotOfAdding" classname="LocalCMCTests" time="0.0"/>
  <testcase name="TestALotOfAdding" classname="LocalCMCTests" time="0.001"/>
  <testcase name="TestALotOfAdding" classname="LocalCMCTests" time="0.001"/>
  <testcase name="TestALotOfAdding" classname="LocalCMCTests" time="0.0"/>
  <testcase name="TestALotOfAdding" classname="LocalCMCTests" time="0.0"/>
  <testcase name="TestALotOfAdding" classname="LocalCMCTests" time="0.0"/>
  <testcase name="TestALotOfAdding" classname="LocalCMCTests" time="0.0"/>
  <testcase name="TestALotOfAdding" classname="LocalCMCTests" time="0.0"/>
  <testcase name="TestALotOfAdding" classname="LocalCMCTests" time="0.001"/>
  <testcase name="TestALotOfAdding" classname="LocalCMCTests" time="0.001"/>
  <testcase name="TestALotOfAdding" classname="LocalCMCTests" time="0.003"/>
  <testcase name="TestALotOfAdding" classname="LocalCMCTests" time="0.001"/>
  <testcase name="TestALotOfAdding" classname="LocalCMCTests" time="0.001"/>
  <testcase name="TestALotOfAdding" classname="LocalCMCTests" time="0.001"/>
  <testcase name="TestALotOfAdding" classname="LocalCMCTests" time="0.001"/>
  <testcase name="TestALotOfAdding" classname="LocalCMCTests" time="0.001"/>
  <testcase name="TestALotOfAdding" classname="LocalCMCTests" time="0.0"/>
  <testcase name="TestALotOfAdding" classname="LocalCMCTests" time="0.0"/>
  <testcase name="TestALotOfAdding" classname="LocalCMCTests" time="0.001"/>
  <testcase name="TestALotOfAdding" classname="LocalCMCTests" time="0.001"/>
  <testcase name="TestALotOfAdding" classname="LocalCMCTests" time="0.001"/>
  <testcase name="TestALotOfAdding" classname="LocalCMCTests" time="0.0"/>
  <testcase name="TestALotOfAdding" classname="LocalCMCTests" time="0.0"/>
  <testcase name="TestALotOfAdding" classname="LocalCMCTests" time="0.0"/>
  <testcase name="TestALotOfAdding" classname="LocalCMCTests" time="0.0"/>
  <testcase name="TestALotOfAdding" classname="LocalCMCTests" time="0.0"/>
  <testcase name="TestALotOfAdding" classname="LocalCMCTests" time="0.0"/>
  <testcase name="TestALotOfAdding" classname="LocalCMCTests" time="0.001"/>
  <testcase name="TestALotOfAdding" classname="LocalCMCTests" time="0.001"/>
  <testcase name="TestALotOfAdding" classname="LocalCMCTests" time="0.001"/>
  <testcase name="TestALotOfAdding" classname="LocalCMCTests" time="0.0"/>
  <testcase name="TestALotOfAdding" classname="LocalCMCTests" time="0.001"/>
  <testcase name="TestALotOfAdding" classname="LocalCMCTests" time="0.001"/>
  <testcase name="TestALotOfAdding" classname="LocalCMCTests" time="0.001"/>
  <testcase name="TestALotOfAdding" classname="LocalCMCTests" time="0.001"/>
  <testcase name="TestALotOfAdding" classname="LocalCMCTests" time="0.001"/>
  <testcase name="TestALotOfAdding" classname="LocalCMCTests" time="0.0"/>
  <testcase name="TestALotOfAdding" classname="LocalCMCTests" time="0.0"/>
  <testcase name="TestALotOfAdding" classname="LocalCMCTests" time="0.0"/>
  <testcase name="TestALotOfAdding" classname="LocalCMCTests" time="0.001"/>
  <testcase name="TestALotOfAdding" classname="LocalCMCTests" time="0.0"/>
  <testcase name="TestALotOfAdding" classname="LocalCMCTests" time="0.0"/>
  <testcase name="TestALotOfAdding" classname="LocalCMCTests" time="0.0"/>
  <testcase name="TestALotOfAdding" classname="LocalCMCTests" time="0.001"/>
  <testcase name="TestALotOfAdding" classname="LocalCMCTests" time="0.0"/>
  <testcase name="TestALotOfAdding" classname="LocalCMCTests" time="0.001"/>
  <testcase name="TestALotOfAdding" classname="LocalCMCTests" time="0.001"/>
  <testcase name="TestALotOfAdding" classname="LocalCMCTests" time="0.001"/>
  <testcase name="TestALotOfAdding" classname="LocalCMCTests" time="0.0"/>
  <testcase name="TestALotOfAdding" classname="LocalCMCTests" time="0.001"/>
  <testcase name="TestALotOfAdding" classname="LocalCMCTests" time="0.001"/>
  <testcase name="TestALotOfAdding" classname="LocalCMCTests" time="0.001"/>
  <testcase name="TestALotOfAdding" classname="LocalCMCTests" time="0.001"/>
  <testcase name="TestALotOfAdding" classname="LocalCMCTests" time="0.0"/>
  <testcase name="TestALotOfAdding" classname="LocalCMCTests" time="0.0"/>
  <testcase name="TestALotOfAdding" classname="LocalCMCTests" time="0.0"/>
  <testcase name="TestALotOfAdding" classname="LocalCMCTests" time="0.0"/>
  <testcase name="TestALotOfAdding" classname="LocalCMCTests" time="0.0"/>
  <testcase name="TestALotOfAdding" classname="LocalCMCTests" time="0.0"/>
  <testcase name="TestALotOfAdding" classname="LocalCMCTests" time="0.001"/>
  <testcase name="TestALotOfAdding" classname="LocalCMCTests" time="0.001"/>
  <testcase name="TestALotOfAdding" classname="LocalCMCTests" time="0.0"/>
  <testcase name="TestALotOfAdding" classname="LocalCMCTests" time="0.0"/>
  <testcase name="TestALotOfAdding" classname="LocalCMCTests" time="0.001"/>
  <testcase name="TestALotOfAdding" classname="LocalCMCTests" time="0.001"/>
  <testcase name="TestALotOfAdding" classname="LocalCMCTests" time="0.001"/>
  <testcase name="TestALotOfAdding" classname="LocalCMCTests" time="0.0"/>
  <testcase name="TestALotOfAdding" classname="LocalCMCTests" time="0.0"/>
  <testcase name="TestALotOfAdding" classname="LocalCMCTests" time="0.001"/>
  <testcase name="TestALotOfAdding" classname="LocalCMCTests" time="0.002"/>
  <testcase name="TestALotOfAdding" classname="LocalCMCTests" time="0.001"/>
  <testcase name="TestALotOfAdding" classname="LocalCMCTests" time="0.0"/>
  <testcase name="TestALotOfAdding" classname="LocalCMCTests" time="0.0"/>
  <testcase name="TestALotOfAdding" classname="LocalCMCTests" time="0.0"/>
  <testcase name="TestALotOfAdding" classname="LocalCMCTests" time="0.0"/>
  <testcase name="TestALotOfAdding" classname="LocalCMCTests" time="0.0"/>
  <testcase name="TestALotOfAdding" classname="LocalCMCTests" time="0.0"/>
  <testcase name="TestALotOfAdding" classname="LocalCMCTests" time="0.0"/>
  <testcase name="TestALotOfAdding" classname="LocalCMCTests" time="0.001"/>
  <testcase name="TestALotOfAdding" classname="LocalCMCTests" time="0.0"/>
  <testcase name="TestALotOfAdding" classname="LocalCMCTests" time="0.0"/>
  <testcase name="TestALotOfAdding" classname="LocalCMCTests" time="0.0"/>
  <testcase name="TestALotOfAdding" classname="LocalCMCTests" time="0.0"/>
  <testcase name="TestALotOfAdding" classname="LocalCMCTests" time="0.001"/>
  <testcase name="TestALotOfAdding" classname="LocalCMCTests" time="0.002"/>
  <testcase name="TestALotOfAdding" classname="LocalCMCTests" time="0.001"/>
  <testcase name="TestALotOfAdding" classname="LocalCMCTests" time="0.001"/>
  <testcase name="TestALotOfAdding" classname="LocalCMCTests" time="0.001"/>
  <testcase name="TestALotOfAdding" classname="LocalCMCTests" time="0.002"/>
  <testcase name="TestALotOfAdding" classname="LocalCMCTests" time="0.001"/>
  <testcase name="TestALotOfAdding" classname="LocalCMCTests" time="0.001"/>
  <testcase name="TestALotOfAdding" classname="LocalCMCTests" time="0.0"/>
  <testcase name="TestALotOfAdding" classname="LocalCMCTests" time="0.001"/>
  <testcase name="TestALotOfAdding" classname="LocalCMCTests" time="0.001"/>
  <testcase name="TestALotOfAdding" classname="LocalCMCTests" time="0.001"/>
  <testcase name="TestALotOfAdding" classname="LocalCMCTests" time="0.001"/>
  <testcase name="TestALotOfAdding" classname="LocalCMCTests" time="0.0"/>
  <testcase name="TestALotOfAdding" classname="LocalCMCTests" time="0.001"/>
  <testcase name="TestALotOfAdding" classname="LocalCMCTests" time="0.0"/>
  <testcase name="TestALotOfAdding" classname="LocalCMCTests" time="0.0"/>
  <testcase name="TestALotOfAdding" classname="LocalCMCTests" time="0.001"/>
  <testcase name="TestALotOfAdding" classname="LocalCMCTests" time="0.003"/>
  <testcase name="TestALotOfAdding" classname="LocalCMCTests" time="0.0"/>
  <testcase name="TestALotOfAdding" classname="LocalCMCTests" time="0.0"/>
  <testcase name="TestALotOfAdding" classname="LocalCMCTests" time="0.0"/>
  <testcase name="TestALotOfAdding" classname="LocalCMCTests" time="0.001"/>
  <testcase name="TestALotOfAdding" classname="LocalCMCTests" time="0.001"/>
  <testcase name="TestALotOfAdding" classname="LocalCMCTests" time="0.001"/>
  <testcase name="TestALotOfAdding" classname="LocalCMCTests" time="0.001"/>
  <testcase name="TestALotOfAdding" classname="LocalCMCTests" time="0.0"/>
  <testcase name="TestALotOfAdding" classname="LocalCMCTests" time="0.001"/>
  <testcase name="TestALotOfAdding" classname="LocalCMCTests" time="0.001"/>
  <testcase name="TestALotOfAdding" classname="LocalCMCTests" time="0.0"/>
  <testcase name="TestALotOfAdding" classname="LocalCMCTests" time="0.0"/>
  <testcase name="TestALotOfAdding" classname="LocalCMCTests" time="0.0"/>
  <testcase name="TestALotOfAdding" classname="LocalCMCTests" time="0.001"/>
  <testcase name="TestALotOfAdding" classname="LocalCMCTests" time="0.001"/>
  <testcase name="TestALotOfAdding" classname="LocalCMCTests" time="0.0"/>
  <testcase name="TestALotOfAdding" classname="LocalCMCTests" time="0.0"/>
  <testcase name="TestALotOfAdding" classname="LocalCMCTests" time="0.001"/>
  <testcase name="TestALotOfAdding" classname="LocalCMCTests" time="0.0"/>
  <testcase name="TestALotOfAdding" classname="LocalCMCTests" time="0.0"/>
  <testcase name="TestALotOfAdding" classname="LocalCMCTests" time="0.001"/>
  <testcase name="TestALotOfAdding" classname="LocalCMCTests" time="0.001"/>
  <testcase name="TestALotOfAdding" classname="LocalCMCTests" time="0.001"/>
  <testcase name="TestALotOfAdding" classname="LocalCMCTests" time="0.0"/>
  <testcase name="TestALotOfAdding" classname="LocalCMCTests" time="0.0"/>
  <testcase name="TestALotOfAdding" classname="LocalCMCTests" time="0.001"/>
  <testcase name="TestALotOfAdding" classname="LocalCMCTests" time="0.001"/>
  <testcase name="TestALotOfAdding" classname="LocalCMCTests" time="0.0"/>
  <testcase name="TestALotOfAdding" classname="LocalCMCTests" time="0.001"/>
  <testcase name="TestALotOfAdding" classname="LocalCMCTests" time="0.002"/>
  <testcase name="TestALotOfAdding" classname="LocalCMCTests" time="0.002"/>
  <testcase name="TestALotOfAdding" classname="LocalCMCTests" time="0.0"/>
  <testcase name="TestALotOfAdding" classname="LocalCMCTests" time="0.001"/>
  <testcase name="TestALotOfAdding" classname="LocalCMCTests" time="0.001"/>
  <testcase name="TestALotOfAdding" classname="LocalCMCTests" time="0.001"/>
  <testcase name="TestALotOfAdding" classname="LocalCMCTests" time="0.0"/>
  <testcase name="TestALotOfAdding" classname="LocalCMCTests" time="0.001"/>
  <testcase name="TestALotOfAdding" classname="LocalCMCTests" time="0.001"/>
  <testcase name="TestALotOfAdding" classname="LocalCMCTests" time="0.0"/>
  <testcase name="TestALotOfAdding" classname="LocalCMCTests" time="0.001"/>
  <testcase name="TestALotOfAdding" classname="LocalCMCTests" time="0.0"/>
  <testcase name="TestALotOfAdding" classname="LocalCMCTests" time="0.001"/>
  <testcase name="TestALotOfAdding" classname="LocalCMCTests" time="0.0"/>
  <testcase name="TestALotOfAdding" classname="LocalCMCTests" time="0.0"/>
  <testcase name="TestALotOfAdding" classname="LocalCMCTests" time="0.0"/>
  <testcase name="TestALotOfAdding" classname="LocalCMCTests" time="0.001"/>
  <testcase name="TestALotOfAdding" classname="LocalCMCTests" time="0.001"/>
  <testcase name="TestALotOfAdding" classname="LocalCMCTests" time="0.002"/>
  <testcase name="TestALotOfAdding" classname="LocalCMCTests" time="0.0"/>
  <testcase name="TestALotOfAdding" classname="LocalCMCTests" time="0.0"/>
  <testcase name="TestALotOfAdding" classname="LocalCMCTests" time="0.001"/>
  <testcase name="TestALotOfAdding" classname="LocalCMCTests" time="0.002"/>
  <testcase name="TestALotOfAdding" classname="LocalCMCTests" time="0.001"/>
  <testcase name="TestALotOfAdding" classname="LocalCMCTests" time="0.001"/>
  <testcase name="TestALotOfAdding" classname="LocalCMCTests" time="0.001"/>
  <testcase name="TestALotOfAdding" classname="LocalCMCTests" time="0.001"/>
  <testcase name="TestALotOfAdding" classname="LocalCMCTests" time="0.0"/>
  <testcase name="TestALotOfAdding" classname="LocalCMCTests" time="0.001"/>
  <testcase name="TestALotOfAdding" classname="LocalCMCTests" time="0.0"/>
  <testcase name="TestALotOfAdding" classname="LocalCMCTests" time="0.001"/>
  <testcase name="TestALotOfAdding" classname="LocalCMCTests" time="0.0"/>
  <testcase name="TestALotOfAdding" classname="LocalCMCTests" time="0.0"/>
  <testcase name="TestALotOfAdding" classname="LocalCMCTests" time="0.001"/>
  <testcase name="TestALotOfAdding" classname="LocalCMCTests" time="0.001"/>
  <testcase name="TestALotOfAdding" classname="LocalCMCTests" time="0.002"/>
  <testcase name="TestALotOfAdding" classname="LocalCMCTests" time="0.001"/>
  <testcase name="TestALotOfAdding" classname="LocalCMCTests" time="0.001"/>
  <testcase name="TestALotOfAdding" classname="LocalCMCTests" time="0.001"/>
  <testcase name="TestALotOfAdding" classname="LocalCMCTests" time="0.001"/>
  <testcase name="TestALotOfAdding" classname="LocalCMCTests" time="0.0"/>
  <testcase name="TestALotOfAdding" classname="LocalCMCTests" time="0.0"/>
  <testcase name="TestALotOfAdding" classname="LocalCMCTests" time="0.0"/>
  <testcase name="TestALotOfAdding" classname="LocalCMCTests" time="0.0"/>
  <testcase name="TestALotOfAdding" classname="LocalCMCTests" time="0.0"/>
  <testcase name="TestALotOfAdding" classname="LocalCMCTests" time="0.001"/>
  <testcase name="TestALotOfAdding" classname="LocalCMCTests" time="0.001"/>
  <testcase name="TestALotOfAdding" classname="LocalCMCTests" time="0.001"/>
  <testcase name="TestALotOfAdding" classname="LocalCMCTests" time="0.001"/>
  <testcase name="TestALotOfAdding" classname="LocalCMCTests" time="0.0"/>
  <testcase name="TestALotOfAdding" classname="LocalCMCTests" time="0.001"/>
  <testcase name="TestALotOfAdding" classname="LocalCMCTests" time="0.001"/>
  <testcase name="TestALotOfAdding" classname="LocalCMCTests" time="0.0"/>
  <testcase name="TestALotOfAdding" classname="LocalCMCTests" time="0.001"/>
  <testcase name="TestALotOfAdding" classname="LocalCMCTests" time="0.001"/>
  <testcase name="TestALotOfAdding" classname="LocalCMCTests" time="0.001"/>
  <testcase name="TestALotOfAdding" classname="LocalCMCTests" time="0.001"/>
  <testcase name="TestALotOfAdding" classname="LocalCMCTests" time="0.001"/>
  <testcase name="TestALotOfAdding" classname="LocalCMCTests" time="0.001"/>
  <testcase name="TestALotOfAdding" classname="LocalCMCTests" time="0.001"/>
  <testcase name="TestALotOfAdding" classname="LocalCMCTests" time="0.001"/>
  <testcase name="TestALotOfAdding" classname="LocalCMCTests" time="0.0"/>
  <testcase name="TestALotOfAdding" classname="LocalCMCTests" time="0.001"/>
  <testcase name="TestALotOfAdding" classname="LocalCMCTests" time="0.0"/>
  <testcase name="TestALotOfAdding" classname="LocalCMCTests" time="0.0"/>
  <testcase name="TestALotOfAdding" classname="LocalCMCTests" time="0.001"/>
  <testcase name="TestALotOfAdding" classname="LocalCMCTests" time="0.001"/>
  <testcase name="TestALotOfAdding" classname="LocalCMCTests" time="0.001"/>
  <testcase name="TestALotOfAdding" classname="LocalCMCTests" time="0.0"/>
  <testcase name="TestALotOfAdding" classname="LocalCMCTests" time="0.0"/>
  <testcase name="TestALotOfAdding" classname="LocalCMCTests" time="0.0"/>
  <testcase name="TestALotOfAdding" classname="LocalCMCTests" time="0.0"/>
  <testcase name="TestALotOfAdding" classname="LocalCMCTests" time="0.0"/>
  <testcase name="TestALotOfAdding" classname="LocalCMCTests" time="0.001"/>
  <testcase name="TestALotOfAdding" classname="LocalCMCTests" time="0.002"/>
  <testcase name="TestALotOfAdding" classname="LocalCMCTests" time="0.0"/>
  <testcase name="TestALotOfAdding" classname="LocalCMCTests" time="0.003"/>
  <testcase name="TestALotOfAdding" classname="LocalCMCTests" time="0.0"/>
  <testcase name="TestALotOfAdding" classname="LocalCMCTests" time="0.002"/>
  <testcase name="TestALotOfAdding" classname="LocalCMCTests" time="0.0"/>
  <testcase name="TestALotOfAdding" classname="LocalCMCTests" time="0.0"/>
  <testcase name="TestALotOfAdding" classname="LocalCMCTests" time="0.0"/>
  <testcase name="TestALotOfAdding" classname="LocalCMCTests" time="0.0"/>
  <testcase name="TestALotOfAdding" classname="LocalCMCTests" time="0.001"/>
  <testcase name="TestALotOfAdding" classname="LocalCMCTests" time="0.001"/>
  <testcase name="TestALotOfAdding" classname="LocalCMCTests" time="0.0"/>
  <testcase name="TestALotOfAdding" classname="LocalCMCTests" time="0.0"/>
  <testcase name="TestALotOfAdding" classname="LocalCMCTests" time="0.001"/>
  <testcase name="TestALotOfAdding" classname="LocalCMCTests" time="0.001"/>
  <testcase name="TestALotOfAdding" classname="LocalCMCTests" time="0.001"/>
  <testcase name="TestALotOfAdding" classname="LocalCMCTests" time="0.0"/>
  <testcase name="TestALotOfAdding" classname="LocalCMCTests" time="0.001"/>
  <testcase name="TestALotOfAdding" classname="LocalCMCTests" time="0.0"/>
  <testcase name="TestALotOfAdding" classname="LocalCMCTests" time="0.001"/>
  <testcase name="TestALotOfAdding" classname="LocalCMCTests" time="0.001"/>
  <testcase name="TestALotOfAdding" classname="LocalCMCTests" time="0.001"/>
  <testcase name="TestALotOfAdding" classname="LocalCMCTests" time="0.001"/>
  <testcase name="TestALotOfAdding" classname="LocalCMCTests" time="0.0"/>
  <testcase name="TestALotOfAdding" classname="LocalCMCTests" time="0.001"/>
  <testcase name="TestALotOfAdding" classname="LocalCMCTests" time="0.0"/>
  <testcase name="TestALotOfAdding" classname="LocalCMCTests" time="0.001"/>
  <testcase name="TestALotOfAdding" classname="LocalCMCTests" time="0.0"/>
  <testcase name="TestALotOfAdding" classname="LocalCMCTests" time="0.001"/>
  <testcase name="TestALotOfAdding" classname="LocalCMCTests" time="0.0"/>
  <testcase name="TestALotOfAdding" classname="LocalCMCTests" time="0.0"/>
  <testcase name="TestALotOfAdding" classname="LocalCMCTests" time="0.001"/>
  <testcase name="TestALotOfAdding" classname="LocalCMCTests" time="0.001"/>
  <testcase name="TestALotOfAdding" classname="LocalCMCTests" time="0.001"/>
  <testcase name="TestALotOfAdding" classname="LocalCMCTests" time="0.0"/>
  <testcase name="TestALotOfAdding" classname="LocalCMCTests" time="0.0"/>
  <testcase name="TestALotOfAdding" classname="LocalCMCTests" time="0.001"/>
  <testcase name="TestALotOfAdding" classname="LocalCMCTests" time="0.001"/>
  <testcase name="TestALotOfAdding" classname="LocalCMCTests" time="0.0"/>
  <testcase name="TestALotOfAdding" classname="LocalCMCTests" time="0.001"/>
  <testcase name="TestALotOfAdding" classname="LocalCMCTests" time="0.001"/>
  <testcase name="TestALotOfAdding" classname="LocalCMCTests" time="0.001"/>
  <testcase name="TestALotOfAdding" classname="LocalCMCTests" time="0.0"/>
  <testcase name="TestALotOfAdding" classname="LocalCMCTests" time="0.001"/>
  <testcase name="TestALotOfAdding" classname="LocalCMCTests" time="0.0"/>
  <testcase name="TestALotOfAdding" classname="LocalCMCTests" time="0.0"/>
  <testcase name="TestALotOfAdding" classname="LocalCMCTests" time="0.0"/>
  <testcase name="TestALotOfAdding" classname="LocalCMCTests" time="0.002"/>
  <testcase name="TestALotOfAdding" classname="LocalCMCTests" time="0.001"/>
  <testcase name="TestALotOfAdding" classname="LocalCMCTests" time="0.002"/>
  <testcase name="TestALotOfAdding" classname="LocalCMCTests" time="0.0"/>
  <testcase name="TestALotOfAdding" classname="LocalCMCTests" time="0.0"/>
  <testcase name="TestALotOfAdding" classname="LocalCMCTests" time="0.001"/>
  <testcase name="TestALotOfAdding" classname="LocalCMCTests" time="0.001"/>
  <testcase name="TestALotOfAdding" classname="LocalCMCTests" time="0.0"/>
  <testcase name="TestALotOfAdding" classname="LocalCMCTests" time="0.001"/>
  <testcase name="TestALotOfAdding" classname="LocalCMCTests" time="0.001"/>
  <testcase name="TestALotOfAdding" classname="LocalCMCTests" time="0.001"/>
  <testcase name="TestALotOfAdding" classname="LocalCMCTests" time="0.0"/>
  <testcase name="TestALotOfAdding" classname="LocalCMCTests" time="0.001"/>
  <testcase name="TestALotOfAdding" classname="LocalCMCTests" time="0.0"/>
  <testcase name="TestALotOfAdding" classname="LocalCMCTests" time="0.0"/>
  <testcase name="TestALotOfAdding" classname="LocalCMCTests" time="0.001"/>
  <testcase name="TestALotOfAdding" classname="LocalCMCTests" time="0.0"/>
  <testcase name="TestALotOfAdding" classname="LocalCMCTests" time="0.001"/>
  <testcase name="TestALotOfAdding" classname="LocalCMCTests" time="0.0"/>
  <testcase name="TestALotOfAdding" classname="LocalCMCTests" time="0.001"/>
  <testcase name="TestALotOfAdding" classname="LocalCMCTests" time="0.001"/>
  <testcase name="TestALotOfAdding" classname="LocalCMCTests" time="0.001"/>
  <testcase name="TestALotOfAdding" classname="LocalCMCTests" time="0.0"/>
  <testcase name="TestALotOfAdding" classname="LocalCMCTests" time="0.001"/>
  <testcase name="TestALotOfAdding" classname="LocalCMCTests" time="0.001"/>
  <testcase name="TestALotOfAdding" classname="LocalCMCTests" time="0.0"/>
  <testcase name="TestALotOfAdding" classname="LocalCMCTests" time="0.0"/>
  <testcase name="TestALotOfAdding" classname="LocalCMCTests" time="0.0"/>
  <testcase name="TestALotOfAdding" classname="LocalCMCTests" time="0.0"/>
  <testcase name="TestALotOfAdding" classname="LocalCMCTests" time="0.001"/>
  <testcase name="TestALotOfAdding" classname="LocalCMCTests" time="0.001"/>
  <testcase name="TestALotOfAdding" classname="LocalCMCTests" time="0.0"/>
  <testcase name="TestALotOfAdding" classname="LocalCMCTests" time="0.002"/>
  <testcase name="TestALotOfAdding" classname="LocalCMCTests" time="0.0"/>
  <testcase name="TestALotOfAdding" classname="LocalCMCTests" time="0.0"/>
  <testcase name="TestALotOfAdding" classname="LocalCMCTests" time="0.0"/>
  <testcase name="TestALotOfAdding" classname="LocalCMCTests" time="0.002"/>
  <testcase name="TestALotOfAdding" classname="LocalCMCTests" time="0.002"/>
  <testcase name="TestALotOfAdding" classname="LocalCMCTests" time="0.0"/>
  <testcase name="TestALotOfAdding" classname="LocalCMCTests" time="0.002"/>
  <testcase name="TestALotOfAdding" classname="LocalCMCTests" time="0.0"/>
  <testcase name="TestALotOfAdding" classname="LocalCMCTests" time="0.0"/>
  <testcase name="TestALotOfAdding" classname="LocalCMCTests" time="0.0"/>
  <testcase name="TestALotOfAdding" classname="LocalCMCTests" time="0.0"/>
  <testcase name="TestALotOfAdding" classname="LocalCMCTests" time="0.001"/>
  <testcase name="TestALotOfAdding" classname="LocalCMCTests" time="0.0"/>
  <testcase name="TestALotOfAdding" classname="LocalCMCTests" time="0.001"/>
  <testcase name="TestALotOfAdding" classname="LocalCMCTests" time="0.0"/>
  <testcase name="TestALotOfAdding" classname="LocalCMCTests" time="0.002"/>
  <testcase name="TestALotOfAdding" classname="LocalCMCTests" time="0.0"/>
  <testcase name="TestALotOfAdding" classname="LocalCMCTests" time="0.002"/>
  <testcase name="TestALotOfAdding" classname="LocalCMCTests" time="0.002"/>
  <testcase name="TestALotOfAdding" classname="LocalCMCTests" time="0.002"/>
  <testcase name="TestALotOfAdding" classname="LocalCMCTests" time="0.0"/>
  <testcase name="TestALotOfAdding" classname="LocalCMCTests" time="0.001"/>
  <testcase name="TestALotOfAdding" classname="LocalCMCTests" time="0.002"/>
  <testcase name="TestALotOfAdding" classname="LocalCMCTests" time="0.0"/>
  <testcase name="TestALotOfAdding" classname="LocalCMCTests" time="0.001"/>
  <testcase name="TestALotOfAdding" classname="LocalCMCTests" time="0.001"/>
  <testcase name="TestALotOfAdding" classname="LocalCMCTests" time="0.001"/>
  <testcase name="TestALotOfAdding" classname="LocalCMCTests" time="0.0"/>
  <testcase name="TestALotOfAdding" classname="LocalCMCTests" time="0.002"/>
  <testcase name="TestALotOfAdding" classname="LocalCMCTests" time="0.003"/>
  <testcase name="TestALotOfAdding" classname="LocalCMCTests" time="0.0"/>
  <testcase name="TestALotOfAdding" classname="LocalCMCTests" time="0.003"/>
  <testcase name="TestALotOfAdding" classname="LocalCMCTests" time="0.0"/>
  <testcase name="TestALotOfAdding" classname="LocalCMCTests" time="0.003"/>
  <testcase name="TestALotOfAdding" classname="LocalCMCTests" time="0.004"/>
  <testcase name="TestALotOfAdding" classname="LocalCMCTests" time="0.004"/>
  <testcase name="TestALotOfAdding" classname="LocalCMCTests" time="0.004"/>
  <testcase name="TestALotOfAdding" classname="LocalCMCTests" time="0.0"/>
  <testcase name="TestALotOfAdding" classname="LocalCMCTests" time="0.0"/>
  <testcase name="TestALotOfAdding" classname="LocalCMCTests" time="0.0"/>
  <testcase name="TestALotOfAdding" classname="LocalCMCTests" time="0.001"/>
  <testcase name="TestALotOfAdding" classname="LocalCMCTests" time="0.0"/>
  <testcase name="TestALotOfAdding" classname="LocalCMCTests" time="0.001"/>
  <testcase name="TestALotOfAdding" classname="LocalCMCTests" time="0.001"/>
  <testcase name="TestALotOfAdding" classname="LocalCMCTests" time="0.004"/>
  <testcase name="TestALotOfAdding" classname="LocalCMCTests" time="0.0"/>
  <testcase name="TestALotOfAdding" classname="LocalCMCTests" time="0.001"/>
  <testcase name="TestALotOfAdding" classname="LocalCMCTests" time="0.005"/>
  <testcase name="TestALotOfAdding" classname="LocalCMCTests" time="0.0"/>
  <testcase name="TestALotOfAdding" classname="LocalCMCTests" time="0.0"/>
  <testcase name="TestALotOfAdding" classname="LocalCMCTests" time="0.002"/>
  <testcase name="TestALotOfAdding" classname="LocalCMCTests" time="0.002"/>
  <testcase name="TestALotOfAdding" classname="LocalCMCTests" time="0.001"/>
  <testcase name="TestALotOfAdding" classname="LocalCMCTests" time="0.0"/>
  <testcase name="TestALotOfAdding" classname="LocalCMCTests" time="0.001"/>
  <testcase name="TestALotOfAdding" classname="LocalCMCTests" time="0.002"/>
  <testcase name="TestALotOfAdding" classname="LocalCMCTests" time="0.0"/>
  <testcase name="TestALotOfAdding" classname="LocalCMCTests" time="0.0"/>
  <testcase name="TestALotOfAdding" classname="LocalCMCTests" time="0.0"/>
  <testcase name="TestALotOfAdding" classname="LocalCMCTests" time="0.0"/>
  <testcase name="TestALotOfAdding" classname="LocalCMCTests" time="0.001"/>
  <testcase name="TestALotOfAdding" classname="LocalCMCTests" time="0.001"/>
  <testcase name="TestALotOfAdding" classname="LocalCMCTests" time="0.001"/>
  <testcase name="TestALotOfAdding" classname="LocalCMCTests" time="0.008"/>
  <testcase name="TestALotOfAdding" classname="LocalCMCTests" time="0.0"/>
  <testcase name="TestALotOfAdding" classname="LocalCMCTests" time="0.001"/>
  <testcase name="TestALotOfAdding" classname="LocalCMCTests" time="0.001"/>
  <testcase name="TestALotOfAdding" classname="LocalCMCTests" time="0.0"/>
  <testcase name="TestALotOfAdding" classname="LocalCMCTests" time="0.001"/>
  <testcase name="TestALotOfAdding" classname="LocalCMCTests" time="0.001"/>
  <testcase name="TestALotOfAdding" classname="LocalCMCTests" time="0.0"/>
  <testcase name="TestALotOfAdding" classname="LocalCMCTests" time="0.001"/>
  <testcase name="TestALotOfAdding" classname="LocalCMCTests" time="0.0"/>
  <testcase name="TestALotOfAdding" classname="LocalCMCTests" time="0.001"/>
  <testcase name="TestALotOfAdding" classname="LocalCMCTests" time="0.004"/>
  <testcase name="TestALotOfAdding" classname="LocalCMCTests" time="0.002"/>
  <testcase name="TestALotOfAdding" classname="LocalCMCTests" time="0.001"/>
  <testcase name="TestALotOfAdding" classname="LocalCMCTests" time="0.001"/>
  <testcase name="TestALotOfAdding" classname="LocalCMCTests" time="0.0"/>
  <testcase name="TestALotOfAdding" classname="LocalCMCTests" time="0.001"/>
  <testcase name="TestALotOfAdding" classname="LocalCMCTests" time="0.001"/>
  <testcase name="TestALotOfAdding" classname="LocalCMCTests" time="0.001"/>
  <testcase name="TestALotOfAdding" classname="LocalCMCTests" time="0.001"/>
  <testcase name="TestALotOfAdding" classname="LocalCMCTests" time="0.001"/>
  <testcase name="TestALotOfAdding" classname="LocalCMCTests" time="0.0"/>
  <testcase name="TestALotOfAdding" classname="LocalCMCTests" time="0.0"/>
  <testcase name="TestALotOfAdding" classname="LocalCMCTests" time="0.0"/>
  <testcase name="TestALotOfAdding" classname="LocalCMCTests" time="0.001"/>
  <testcase name="TestALotOfAdding" classname="LocalCMCTests" time="0.001"/>
  <testcase name="TestALotOfAdding" classname="LocalCMCTests" time="0.001"/>
  <testcase name="TestALotOfAdding" classname="LocalCMCTests" time="0.001"/>
  <testcase name="TestALotOfAdding" classname="LocalCMCTests" time="0.0"/>
  <testcase name="TestALotOfAdding" classname="LocalCMCTests" time="0.001"/>
  <testcase name="TestALotOfAdding" classname="LocalCMCTests" time="0.0"/>
  <testcase name="TestALotOfAdding" classname="LocalCMCTests" time="0.0"/>
  <testcase name="TestALotOfAdding" classname="LocalCMCTests" time="0.0"/>
  <testcase name="TestALotOfAdding" classname="LocalCMCTests" time="0.0"/>
  <testcase name="TestALotOfAdding" classname="LocalCMCTests" time="0.001"/>
  <testcase name="TestALotOfAdding" classname="LocalCMCTests" time="0.0"/>
  <testcase name="TestALotOfAdding" classname="LocalCMCTests" time="0.001"/>
  <testcase name="TestALotOfAdding" classname="LocalCMCTests" time="0.001"/>
  <testcase name="TestALotOfAdding" classname="LocalCMCTests" time="0.002"/>
  <testcase name="TestALotOfAdding" classname="LocalCMCTests" time="0.002"/>
  <testcase name="TestALotOfAdding" classname="LocalCMCTests" time="0.0"/>
  <testcase name="TestALotOfAdding" classname="LocalCMCTests" time="0.001"/>
  <testcase name="TestALotOfAdding" classname="LocalCMCTests" time="0.0"/>
  <testcase name="TestALotOfAdding" classname="LocalCMCTests" time="0.001"/>
  <testcase name="TestALotOfAdding" classname="LocalCMCTests" time="0.0"/>
  <testcase name="TestALotOfAdding" classname="LocalCMCTests" time="0.0"/>
  <testcase name="TestALotOfAdding" classname="LocalCMCTests" time="0.0"/>
  <testcase name="TestALotOfAdding" classname="LocalCMCTests" time="0.001"/>
  <testcase name="TestALotOfAdding" classname="LocalCMCTests" time="0.0"/>
  <testcase name="TestALotOfAdding" classname="LocalCMCTests" time="0.001"/>
  <testcase name="TestALotOfAdding" classname="LocalCMCTests" time="0.0"/>
  <testcase name="TestALotOfAdding" classname="LocalCMCTests" time="0.002"/>
  <testcase name="TestALotOfAdding" classname="LocalCMCTests" time="0.002"/>
  <testcase name="TestALotOfAdding" classname="LocalCMCTests" time="0.002"/>
  <testcase name="TestALotOfAdding" classname="LocalCMCTests" time="0.002"/>
  <testcase name="TestALotOfAdding" classname="LocalCMCTests" time="0.0"/>
  <testcase name="TestALotOfAdding" classname="LocalCMCTests" time="0.001"/>
  <testcase name="TestALotOfAdding" classname="LocalCMCTests" time="0.001"/>
  <testcase name="TestALotOfAdding" classname="LocalCMCTests" time="0.0"/>
  <testcase name="TestALotOfAdding" classname="LocalCMCTests" time="0.001"/>
  <testcase name="TestALotOfAdding" classname="LocalCMCTests" time="0.0"/>
  <testcase name="TestALotOfAdding" classname="LocalCMCTests" time="0.001"/>
  <testcase name="TestALotOfAdding" classname="LocalCMCTests" time="0.0"/>
  <testcase name="TestALotOfAdding" classname="LocalCMCTests" time="0.0"/>
  <testcase name="TestALotOfAdding" classname="LocalCMCTests" time="0.002"/>
  <testcase name="TestALotOfAdding" classname="LocalCMCTests" time="0.002"/>
  <testcase name="TestALotOfAdding" classname="LocalCMCTests" time="0.0"/>
  <testcase name="TestALotOfAdding" classname="LocalCMCTests" time="0.002"/>
  <testcase name="TestALotOfAdding" classname="LocalCMCTests" time="0.0"/>
  <testcase name="TestALotOfAdding" classname="LocalCMCTests" time="0.0"/>
  <testcase name="TestALotOfAdding" classname="LocalCMCTests" time="0.0"/>
  <testcase name="TestALotOfAdding" classname="LocalCMCTests" time="0.0"/>
  <testcase name="TestALotOfAdding" classname="LocalCMCTests" time="0.0"/>
  <testcase name="TestALotOfAdding" classname="LocalCMCTests" time="0.0"/>
  <testcase name="TestALotOfAdding" classname="LocalCMCTests" time="0.002"/>
  <testcase name="TestALotOfAdding" classname="LocalCMCTests" time="0.002"/>
  <testcase name="TestALotOfAdding" classname="LocalCMCTests" time="0.002"/>
  <testcase name="TestALotOfAdding" classname="LocalCMCTests" time="0.002"/>
  <testcase name="TestALotOfAdding" classname="LocalCMCTests" time="0.0"/>
  <testcase name="TestALotOfAdding" classname="LocalCMCTests" time="0.0"/>
  <testcase name="TestALotOfAdding" classname="LocalCMCTests" time="0.002"/>
  <testcase name="TestALotOfAdding" classname="LocalCMCTests" time="0.002"/>
  <testcase name="TestALotOfAdding" classname="LocalCMCTests" time="0.0"/>
  <testcase name="TestALotOfAdding" classname="LocalCMCTests" time="0.0"/>
  <testcase name="TestALotOfAdding" classname="LocalCMCTests" time="0.0"/>
  <testcase name="TestALotOfAdding" classname="LocalCMCTests" time="0.0"/>
  <testcase name="TestALotOfAdding" classname="LocalCMCTests" time="0.001"/>
  <testcase name="TestALotOfAdding" classname="LocalCMCTests" time="0.002"/>
  <testcase name="TestALotOfAdding" classname="LocalCMCTests" time="0.002"/>
  <testcase name="TestALotOfAdding" classname="LocalCMCTests" time="0.001"/>
  <testcase name="TestALotOfAdding" classname="LocalCMCTests" time="0.0"/>
  <testcase name="TestALotOfAdding" classname="LocalCMCTests" time="0.0"/>
  <testcase name="TestALotOfAdding" classname="LocalCMCTests" time="0.001"/>
  <testcase name="TestALotOfAdding" classname="LocalCMCTests" time="0.001"/>
  <testcase name="TestALotOfAdding" classname="LocalCMCTests" time="0.0"/>
  <testcase name="TestALotOfAdding" classname="LocalCMCTests" time="0.001"/>
  <testcase name="TestALotOfAdding" classname="LocalCMCTests" time="0.001"/>
  <testcase name="TestALotOfAdding" classname="LocalCMCTests" time="0.001"/>
  <testcase name="TestALotOfAdding" classname="LocalCMCTests" time="0.0"/>
  <testcase name="TestALotOfAdding" classname="LocalCMCTests" time="0.0"/>
  <testcase name="TestALotOfAdding" classname="LocalCMCTests" time="0.001"/>
  <testcase name="TestALotOfAdding" classname="LocalCMCTests" time="0.0"/>
  <testcase name="TestALotOfAdding" classname="LocalCMCTests" time="0.001"/>
  <testcase name="TestALotOfAdding" classname="LocalCMCTests" time="0.001"/>
  <testcase name="TestALotOfAdding" classname="LocalCMCTests" time="0.001"/>
  <testcase name="TestALotOfAdding" classname="LocalCMCTests" time="0.001"/>
  <testcase name="TestALotOfAdding" classname="LocalCMCTests" time="0.001"/>
  <testcase name="TestALotOfAdding" classname="LocalCMCTests" time="0.0"/>
  <testcase name="TestALotOfAdding" classname="LocalCMCTests" time="0.0"/>
  <testcase name="TestALotOfAdding" classname="LocalCMCTests" time="0.0"/>
  <testcase name="TestALotOfAdding" classname="LocalCMCTests" time="0.0"/>
  <testcase name="TestALotOfAdding" classname="LocalCMCTests" time="0.001"/>
  <testcase name="TestALotOfAdding" classname="LocalCMCTests" time="0.001"/>
  <testcase name="TestALotOfAdding" classname="LocalCMCTests" time="0.001"/>
  <testcase name="TestALotOfAdding" classname="LocalCMCTests" time="0.002"/>
  <testcase name="TestALotOfAdding" classname="LocalCMCTests" time="0.0"/>
  <testcase name="TestALotOfAdding" classname="LocalCMCTests" time="0.0"/>
  <testcase name="TestALotOfAdding" classname="LocalCMCTests" time="0.001"/>
  <testcase name="TestALotOfAdding" classname="LocalCMCTests" time="0.0"/>
  <testcase name="TestALotOfAdding" classname="LocalCMCTests" time="0.001"/>
  <testcase name="TestALotOfAdding" classname="LocalCMCTests" time="0.001"/>
  <testcase name="TestALotOfAdding" classname="LocalCMCTests" time="0.0"/>
  <testcase name="TestALotOfAdding" classname="LocalCMCTests" time="0.001"/>
  <testcase name="TestALotOfAdding" classname="LocalCMCTests" time="0.0"/>
  <testcase name="TestALotOfAdding" classname="LocalCMCTests" time="0.0"/>
  <testcase name="TestALotOfAdding" classname="LocalCMCTests" time="0.0"/>
  <testcase name="TestALotOfAdding" classname="LocalCMCTests" time="0.0"/>
  <testcase name="TestALotOfAdding" classname="LocalCMCTests" time="0.001"/>
  <testcase name="TestALotOfAdding" classname="LocalCMCTests" time="0.0"/>
  <testcase name="TestALotOfAdding" classname="LocalCMCTests" time="0.0"/>
  <testcase name="TestALotOfAdding" classname="LocalCMCTests" time="0.001"/>
  <testcase name="TestALotOfAdding" classname="LocalCMCTests" time="0.0"/>
  <testcase name="TestALotOfAdding" classname="LocalCMCTests" time="0.002"/>
  <testcase name="TestALotOfAdding" classname="LocalCMCTests" time="0.002"/>
  <testcase name="TestALotOfAdding" classname="LocalCMCTests" time="0.002"/>
  <testcase name="TestALotOfAdding" classname="LocalCMCTests" time="0.002"/>
  <testcase name="TestALotOfAdding" classname="LocalCMCTests" time="0.002"/>
  <testcase name="TestALotOfAdding" classname="LocalCMCTests" time="0.0"/>
  <testcase name="TestALotOfAdding" classname="LocalCMCTests" time="0.0"/>
  <testcase name="TestALotOfAdding" classname="LocalCMCTests" time="0.0"/>
  <testcase name="TestALotOfAdding" classname="LocalCMCTests" time="0.001"/>
  <testcase name="TestALotOfAdding" classname="LocalCMCTests" time="0.002"/>
  <testcase name="TestALotOfAdding" classname="LocalCMCTests" time="0.002"/>
  <testcase name="TestALotOfAdding" classname="LocalCMCTests" time="0.002"/>
  <testcase name="TestALotOfAdding" classname="LocalCMCTests" time="0.0"/>
  <testcase name="TestALotOfAdding" classname="LocalCMCTests" time="0.0"/>
  <testcase name="TestALotOfAdding" classname="LocalCMCTests" time="0.001"/>
  <testcase name="TestALotOfAdding" classname="LocalCMCTests" time="0.003"/>
  <testcase name="TestALotOfAdding" classname="LocalCMCTests" time="0.002"/>
  <testcase name="TestALotOfAdding" classname="LocalCMCTests" time="0.0"/>
  <testcase name="TestALotOfAdding" classname="LocalCMCTests" time="0.0"/>
  <testcase name="TestALotOfAdding" classname="LocalCMCTests" time="0.0"/>
  <testcase name="TestALotOfAdding" classname="LocalCMCTests" time="0.002"/>
  <testcase name="TestALotOfAdding" classname="LocalCMCTests" time="0.002"/>
  <testcase name="TestALotOfAdding" classname="LocalCMCTests" time="0.002"/>
  <testcase name="TestALotOfAdding" classname="LocalCMCTests" time="0.0"/>
  <testcase name="TestALotOfAdding" classname="LocalCMCTests" time="0.0"/>
  <testcase name="TestALotOfAdding" classname="LocalCMCTests" time="0.002"/>
  <testcase name="TestALotOfAdding" classname="LocalCMCTests" time="0.0"/>
  <testcase name="TestALotOfAdding" classname="LocalCMCTests" time="0.0"/>
  <testcase name="TestALotOfAdding" classname="LocalCMCTests" time="0.0"/>
  <testcase name="TestALotOfAdding" classname="LocalCMCTests" time="0.0"/>
  <testcase name="TestALotOfAdding" classname="LocalCMCTests" time="0.0"/>
  <testcase name="TestALotOfAdding" classname="LocalCMCTests" time="0.0"/>
  <testcase name="TestALotOfAdding" classname="LocalCMCTests" time="0.0"/>
  <testcase name="TestALotOfAdding" classname="LocalCMCTests" time="0.002"/>
  <testcase name="TestALotOfAdding" classname="LocalCMCTests" time="0.002"/>
  <testcase name="TestALotOfAdding" classname="LocalCMCTests" time="0.0"/>
  <testcase name="TestALotOfAdding" classname="LocalCMCTests" time="0.0"/>
  <testcase name="TestALotOfAdding" classname="LocalCMCTests" time="0.0"/>
  <testcase name="TestALotOfAdding" classname="LocalCMCTests" time="0.0"/>
  <testcase name="TestALotOfAdding" classname="LocalCMCTests" time="0.0"/>
  <testcase name="TestALotOfAdding" classname="LocalCMCTests" time="0.001"/>
  <testcase name="TestALotOfAdding" classname="LocalCMCTests" time="0.001"/>
  <testcase name="TestALotOfAdding" classname="LocalCMCTests" time="0.0"/>
  <testcase name="TestALotOfAdding" classname="LocalCMCTests" time="0.001"/>
  <testcase name="TestALotOfAdding" classname="LocalCMCTests" time="0.001"/>
  <testcase name="TestALotOfAdding" classname="LocalCMCTests" time="0.001"/>
  <testcase name="TestALotOfAdding" classname="LocalCMCTests" time="0.0"/>
  <testcase name="TestALotOfAdding" classname="LocalCMCTests" time="0.002"/>
  <testcase name="TestALotOfAdding" classname="LocalCMCTests" time="0.002"/>
  <testcase name="TestALotOfAdding" classname="LocalCMCTests" time="0.0"/>
  <testcase name="TestALotOfAdding" classname="LocalCMCTests" time="0.001"/>
  <testcase name="TestALotOfAdding" classname="LocalCMCTests" time="0.001"/>
  <testcase name="TestALotOfAdding" classname="LocalCMCTests" time="0.001"/>
  <testcase name="TestALotOfAdding" classname="LocalCMCTests" time="0.003"/>
  <testcase name="TestALotOfAdding" classname="LocalCMCTests" time="0.001"/>
  <testcase name="TestALotOfAdding" classname="LocalCMCTests" time="0.0"/>
  <testcase name="TestALotOfAdding" classname="LocalCMCTests" time="0.0"/>
  <testcase name="TestALotOfAdding" classname="LocalCMCTests" time="0.0"/>
  <testcase name="TestALotOfAdding" classname="LocalCMCTests" time="0.001"/>
  <testcase name="TestALotOfAdding" classname="LocalCMCTests" time="0.0"/>
  <testcase name="TestALotOfAdding" classname="LocalCMCTests" time="0.0"/>
  <testcase name="TestALotOfAdding" classname="LocalCMCTests" time="0.0"/>
  <testcase name="TestALotOfAdding" classname="LocalCMCTests" time="0.0"/>
  <testcase name="TestALotOfAdding" classname="LocalCMCTests" time="0.0"/>
  <testcase name="TestALotOfAdding" classname="LocalCMCTests" time="0.0"/>
  <testcase name="TestALotOfAdding" classname="LocalCMCTests" time="0.0"/>
  <testcase name="TestALotOfAdding" classname="LocalCMCTests" time="0.0"/>
  <testcase name="TestALotOfAdding" classname="LocalCMCTests" time="0.001"/>
  <testcase name="TestALotOfAdding" classname="LocalCMCTests" time="0.0"/>
  <testcase name="TestALotOfAdding" classname="LocalCMCTests" time="0.001"/>
  <testcase name="TestALotOfAdding" classname="LocalCMCTests" time="0.0"/>
  <testcase name="TestALotOfAdding" classname="LocalCMCTests" time="0.001"/>
  <testcase name="TestALotOfAdding" classname="LocalCMCTests" time="0.0"/>
  <testcase name="TestALotOfAdding" classname="LocalCMCTests" time="0.0"/>
  <testcase name="TestALotOfAdding" classname="LocalCMCTests" time="0.001"/>
  <testcase name="TestALotOfAdding" classname="LocalCMCTests" time="0.0"/>
  <testcase name="TestALotOfAdding" classname="LocalCMCTests" time="0.0"/>
  <testcase name="TestALotOfAdding" classname="LocalCMCTests" time="0.003"/>
  <testcase name="TestALotOfAdding" classname="LocalCMCTests" time="0.0"/>
  <testcase name="TestALotOfAdding" classname="LocalCMCTests" time="0.0"/>
  <testcase name="TestALotOfAdding" classname="LocalCMCTests" time="0.0"/>
  <testcase name="TestALotOfAdding" classname="LocalCMCTests" time="0.001"/>
  <testcase name="TestALotOfAdding" classname="LocalCMCTests" time="0.002"/>
  <testcase name="TestALotOfAdding" classname="LocalCMCTests" time="0.002"/>
  <testcase name="TestALotOfAdding" classname="LocalCMCTests" time="0.003"/>
  <testcase name="TestALotOfAdding" classname="LocalCMCTests" time="0.003"/>
  <testcase name="TestALotOfAdding" classname="LocalCMCTests" time="0.0"/>
  <testcase name="TestALotOfAdding" classname="LocalCMCTests" time="0.003"/>
  <testcase name="TestALotOfAdding" classname="LocalCMCTests" time="0.003"/>
  <testcase name="TestALotOfAdding" classname="LocalCMCTests" time="0.0"/>
  <testcase name="TestALotOfAdding" classname="LocalCMCTests" time="0.0"/>
  <testcase name="TestALotOfAdding" classname="LocalCMCTests" time="0.0"/>
  <testcase name="TestALotOfAdding" classname="LocalCMCTests" time="0.0"/>
  <testcase name="TestALotOfAdding" classname="LocalCMCTests" time="0.0"/>
  <testcase name="TestALotOfAdding" classname="LocalCMCTests" time="0.0"/>
  <testcase name="TestALotOfAdding" classname="LocalCMCTests" time="0.0"/>
  <testcase name="TestALotOfAdding" classname="LocalCMCTests" time="0.001"/>
  <testcase name="TestALotOfAdding" classname="LocalCMCTests" time="0.0"/>
  <testcase name="TestALotOfAdding" classname="LocalCMCTests" time="0.001"/>
  <testcase name="TestALotOfAdding" classname="LocalCMCTests" time="0.001"/>
  <testcase name="TestALotOfAdding" classname="LocalCMCTests" time="0.002"/>
  <testcase name="TestALotOfAdding" classname="LocalCMCTests" time="0.0"/>
  <testcase name="TestALotOfAdding" classname="LocalCMCTests" time="0.002"/>
  <testcase name="TestALotOfAdding" classname="LocalCMCTests" time="0.001"/>
  <testcase name="TestALotOfAdding" classname="LocalCMCTests" time="0.003"/>
  <testcase name="TestALotOfAdding" classname="LocalCMCTests" time="0.001"/>
  <testcase name="TestALotOfAdding" classname="LocalCMCTests" time="0.0"/>
  <testcase name="TestALotOfAdding" classname="LocalCMCTests" time="0.0"/>
  <testcase name="TestALotOfAdding" classname="LocalCMCTests" time="0.001"/>
  <testcase name="TestALotOfAdding" classname="LocalCMCTests" time="0.001"/>
  <testcase name="TestALotOfAdding" classname="LocalCMCTests" time="0.0"/>
  <testcase name="TestALotOfAdding" classname="LocalCMCTests" time="0.0"/>
  <testcase name="TestALotOfAdding" classname="LocalCMCTests" time="0.006"/>
  <testcase name="TestALotOfAdding" classname="LocalCMCTests" time="0.003"/>
  <testcase name="TestALotOfAdding" classname="LocalCMCTests" time="0.0"/>
  <testcase name="TestALotOfAdding" classname="LocalCMCTests" time="0.003"/>
  <testcase name="TestALotOfAdding" classname="LocalCMCTests" time="0.0"/>
  <testcase name="TestALotOfAdding" classname="LocalCMCTests" time="0.001"/>
  <testcase name="TestALotOfAdding" classname="LocalCMCTests" time="0.0"/>
  <testcase name="TestALotOfAdding" classname="LocalCMCTests" time="0.001"/>
  <testcase name="TestALotOfAdding" classname="LocalCMCTests" time="0.002"/>
  <testcase name="TestALotOfAdding" classname="LocalCMCTests" time="0.0"/>
  <testcase name="TestALotOfAdding" classname="LocalCMCTests" time="0.0"/>
  <testcase name="TestALotOfAdding" classname="LocalCMCTests" time="0.001"/>
  <testcase name="TestALotOfAdding" classname="LocalCMCTests" time="0.001"/>
  <testcase name="TestALotOfAdding" classname="LocalCMCTests" time="0.0"/>
  <testcase name="TestALotOfAdding" classname="LocalCMCTests" time="0.001"/>
  <testcase name="TestALotOfAdding" classname="LocalCMCTests" time="0.0"/>
  <testcase name="TestALotOfAdding" classname="LocalCMCTests" time="0.0"/>
  <testcase name="TestALotOfAdding" classname="LocalCMCTests" time="0.0"/>
  <testcase name="TestALotOfAdding" classname="LocalCMCTests" time="0.0"/>
  <testcase name="TestALotOfAdding" classname="LocalCMCTests" time="0.004"/>
  <testcase name="TestALotOfAdding" classname="LocalCMCTests" time="0.001"/>
  <testcase name="TestALotOfAdding" classname="LocalCMCTests" time="0.0"/>
  <testcase name="TestALotOfAdding" classname="LocalCMCTests" time="0.001"/>
  <testcase name="TestALotOfAdding" classname="LocalCMCTests" time="0.0"/>
  <testcase name="TestALotOfAdding" classname="LocalCMCTests" time="0.001"/>
  <testcase name="TestALotOfAdding" classname="LocalCMCTests" time="0.002"/>
  <testcase name="TestALotOfAdding" classname="LocalCMCTests" time="0.014"/>
  <testcase name="TestALotOfAdding" classname="LocalCMCTests" time="0.013"/>
  <testcase name="TestALotOfAdding" classname="LocalCMCTests" time="0.001"/>
  <testcase name="TestALotOfAdding" classname="LocalCMCTests" time="0.0"/>
  <testcase name="TestALotOfAdding" classname="LocalCMCTests" time="0.003"/>
  <testcase name="TestALotOfAdding" classname="LocalCMCTests" time="0.001"/>
  <testcase name="TestALotOfAdding" classname="LocalCMCTests" time="0.039"/>
  <testcase name="TestALotOfAdding" classname="LocalCMCTests" time="0.002"/>
  <testcase name="TestALotOfAdding" classname="LocalCMCTests" time="0.046"/>
  <testcase name="TestALotOfAdding" classname="LocalCMCTests" time="0.0"/>
  <testcase name="TestALotOfAdding" classname="LocalCMCTests" time="0.001"/>
  <testcase name="TestALotOfAdding" classname="LocalCMCTests" time="0.0"/>
  <testcase name="TestALotOfAdding" classname="LocalCMCTests" time="0.001"/>
  <testcase name="TestALotOfAdding" classname="LocalCMCTests" time="0.001"/>
  <testcase name="TestALotOfAdding" classname="LocalCMCTests" time="0.0"/>
  <testcase name="TestALotOfAdding" classname="LocalCMCTests" time="0.001"/>
  <testcase name="TestALotOfAdding" classname="LocalCMCTests" time="0.0"/>
  <testcase name="TestALotOfAdding" classname="LocalCMCTests" time="0.0"/>
  <testcase name="TestALotOfAdding" classname="LocalCMCTests" time="0.001"/>
  <testcase name="TestALotOfAdding" classname="LocalCMCTests" time="0.0"/>
  <testcase name="TestALotOfAdding" classname="LocalCMCTests" time="0.001"/>
  <testcase name="TestALotOfAdding" classname="LocalCMCTests" time="0.0"/>
  <testcase name="TestALotOfAdding" classname="LocalCMCTests" time="0.053"/>
  <testcase name="TestALotOfAdding" classname="LocalCMCTests" time="0.054"/>
  <testcase name="TestALotOfAdding" classname="LocalCMCTests" time="0.001"/>
  <testcase name="TestALotOfAdding" classname="LocalCMCTests" time="0.002"/>
  <testcase name="TestALotOfAdding" classname="LocalCMCTests" time="0.001"/>
  <testcase name="TestALotOfAdding" classname="LocalCMCTests" time="0.001"/>
  <testcase name="TestALotOfAdding" classname="LocalCMCTests" time="0.001"/>
  <testcase name="TestALotOfAdding" classname="LocalCMCTests" time="0.001"/>
  <testcase name="TestALotOfAdding" classname="LocalCMCTests" time="0.0"/>
  <testcase name="TestALotOfAdding" classname="LocalCMCTests" time="0.0"/>
  <testcase name="TestALotOfAdding" classname="LocalCMCTests" time="0.001"/>
  <testcase name="TestALotOfAdding" classname="LocalCMCTests" time="0.0"/>
  <testcase name="TestALotOfAdding" classname="LocalCMCTests" time="0.001"/>
  <testcase name="TestALotOfAdding" classname="LocalCMCTests" time="0.062"/>
  <testcase name="TestALotOfAdding" classname="LocalCMCTests" time="0.0"/>
  <testcase name="TestALotOfAdding" classname="LocalCMCTests" time="0.001"/>
  <testcase name="TestALotOfAdding" classname="LocalCMCTests" time="0.001"/>
  <testcase name="TestALotOfAdding" classname="LocalCMCTests" time="0.001"/>
  <testcase name="TestALotOfAdding" classname="LocalCMCTests" time="0.025"/>
  <testcase name="TestALotOfAdding" classname="LocalCMCTests" time="0.065"/>
  <testcase name="TestALotOfAdding" classname="LocalCMCTests" time="0.028"/>
  <testcase name="TestALotOfAdding" classname="LocalCMCTests" time="0.0"/>
  <testcase name="TestALotOfAdding" classname="LocalCMCTests" time="0.065"/>
  <testcase name="TestALotOfAdding" classname="LocalCMCTests" time="0.0"/>
  <testcase name="TestALotOfAdding" classname="LocalCMCTests" time="0.065"/>
  <testcase name="TestALotOfAdding" classname="LocalCMCTests" time="0.065"/>
  <testcase name="TestALotOfAdding" classname="LocalCMCTests" time="0.0"/>
  <testcase name="TestALotOfAdding" classname="LocalCMCTests" time="0.001"/>
  <testcase name="TestALotOfAdding" classname="LocalCMCTests" time="0.001"/>
  <testcase name="TestALotOfAdding" classname="LocalCMCTests" time="0.0"/>
  <testcase name="TestALotOfAdding" classname="LocalCMCTests" time="0.0"/>
  <testcase name="TestALotOfAdding" classname="LocalCMCTests" time="0.0"/>
  <testcase name="TestALotOfAdding" classname="LocalCMCTests" time="0.006"/>
  <testcase name="TestALotOfAdding" classname="LocalCMCTests" time="0.013"/>
  <testcase name="TestALotOfAdding" classname="LocalCMCTests" time="0.0"/>
  <testcase name="TestALotOfAdding" classname="LocalCMCTests" time="0.0"/>
  <testcase name="TestALotOfAdding" classname="LocalCMCTests" time="0.0"/>
  <testcase name="TestALotOfAdding" classname="LocalCMCTests" time="0.001"/>
  <testcase name="TestALotOfAdding" classname="LocalCMCTests" time="0.002"/>
  <testcase name="TestALotOfAdding" classname="LocalCMCTests" time="0.002"/>
  <testcase name="TestALotOfAdding" classname="LocalCMCTests" time="0.001"/>
  <testcase name="TestALotOfAdding" classname="LocalCMCTests" time="0.002"/>
  <testcase name="TestALotOfAdding" classname="LocalCMCTests" time="0.0"/>
  <testcase name="TestALotOfAdding" classname="LocalCMCTests" time="0.002"/>
  <testcase name="TestALotOfAdding" classname="LocalCMCTests" time="0.0"/>
  <testcase name="TestALotOfAdding" classname="LocalCMCTests" time="0.0"/>
  <testcase name="TestALotOfAdding" classname="LocalCMCTests" time="0.0"/>
  <testcase name="TestALotOfAdding" classname="LocalCMCTests" time="0.0"/>
  <testcase name="TestALotOfAdding" classname="LocalCMCTests" time="0.001"/>
  <testcase name="TestALotOfAdding" classname="LocalCMCTests" time="0.0"/>
  <testcase name="TestALotOfAdding" classname="LocalCMCTests" time="0.002"/>
  <testcase name="TestALotOfAdding" classname="LocalCMCTests" time="0.002"/>
  <testcase name="TestALotOfAdding" classname="LocalCMCTests" time="0.015"/>
  <testcase name="TestALotOfAdding" classname="LocalCMCTests" time="0.001"/>
  <testcase name="TestALotOfAdding" classname="LocalCMCTests" time="0.001"/>
  <testcase name="TestALotOfAdding" classname="LocalCMCTests" time="0.001"/>
  <testcase name="TestALotOfAdding" classname="LocalCMCTests" time="0.001"/>
  <testcase name="TestALotOfAdding" classname="LocalCMCTests" time="0.001"/>
  <testcase name="TestALotOfAdding" classname="LocalCMCTests" time="0.002"/>
  <testcase name="TestALotOfAdding" classname="LocalCMCTests" time="0.001"/>
  <testcase name="TestALotOfAdding" classname="LocalCMCTests" time="0.0"/>
  <testcase name="TestALotOfAdding" classname="LocalCMCTests" time="0.0"/>
  <testcase name="TestALotOfAdding" classname="LocalCMCTests" time="0.001"/>
  <testcase name="TestALotOfAdding" classname="LocalCMCTests" time="0.001"/>
  <testcase name="TestALotOfAdding" classname="LocalCMCTests" time="0.001"/>
  <testcase name="TestALotOfAdding" classname="LocalCMCTests" time="0.002"/>
  <testcase name="TestALotOfAdding" classname="LocalCMCTests" time="0.001"/>
  <testcase name="TestALotOfAdding" classname="LocalCMCTests" time="0.0"/>
  <testcase name="TestALotOfAdding" classname="LocalCMCTests" time="0.0"/>
  <testcase name="TestALotOfAdding" classname="LocalCMCTests" time="0.0"/>
  <testcase name="TestALotOfAdding" classname="LocalCMCTests" time="0.002"/>
  <testcase name="TestALotOfAdding" classname="LocalCMCTests" time="0.002"/>
  <testcase name="TestALotOfAdding" classname="LocalCMCTests" time="0.0"/>
  <testcase name="TestALotOfAdding" classname="LocalCMCTests" time="0.0"/>
  <testcase name="TestALotOfAdding" classname="LocalCMCTests" time="0.001"/>
  <testcase name="TestALotOfAdding" classname="LocalCMCTests" time="0.0"/>
  <testcase name="TestALotOfAdding" classname="LocalCMCTests" time="0.001"/>
  <testcase name="TestALotOfAdding" classname="LocalCMCTests" time="0.001"/>
  <testcase name="TestALotOfAdding" classname="LocalCMCTests" time="0.0"/>
  <testcase name="TestALotOfAdding" classname="LocalCMCTests" time="0.002"/>
  <testcase name="TestALotOfAdding" classname="LocalCMCTests" time="0.002"/>
  <testcase name="TestALotOfAdding" classname="LocalCMCTests" time="0.0"/>
  <testcase name="TestALotOfAdding" classname="LocalCMCTests" time="0.003"/>
  <testcase name="TestALotOfAdding" classname="LocalCMCTests" time="0.002"/>
  <testcase name="TestALotOfAdding" classname="LocalCMCTests" time="0.0"/>
  <testcase name="TestALotOfAdding" classname="LocalCMCTests" time="0.0"/>
  <testcase name="TestALotOfAdding" classname="LocalCMCTests" time="0.0"/>
  <testcase name="TestALotOfAdding" classname="LocalCMCTests" time="0.001"/>
  <testcase name="TestALotOfAdding" classname="LocalCMCTests" time="0.001"/>
  <testcase name="TestALotOfAdding" classname="LocalCMCTests" time="0.001"/>
  <testcase name="TestALotOfAdding" classname="LocalCMCTests" time="0.002"/>
  <testcase name="TestALotOfAdding" classname="LocalCMCTests" time="0.0"/>
  <testcase name="TestALotOfAdding" classname="LocalCMCTests" time="0.001"/>
  <testcase name="TestALotOfAdding" classname="LocalCMCTests" time="0.001"/>
  <testcase name="TestALotOfAdding" classname="LocalCMCTests" time="0.001"/>
  <testcase name="TestALotOfAdding" classname="LocalCMCTests" time="0.001"/>
  <testcase name="TestALotOfAdding" classname="LocalCMCTests" time="0.001"/>
  <testcase name="TestALotOfAdding" classname="LocalCMCTests" time="0.0"/>
  <testcase name="TestALotOfAdding" classname="LocalCMCTests" time="0.001"/>
  <testcase name="TestALotOfAdding" classname="LocalCMCTests" time="0.001"/>
  <testcase name="TestALotOfAdding" classname="LocalCMCTests" time="0.002"/>
  <testcase name="TestALotOfAdding" classname="LocalCMCTests" time="0.001"/>
  <testcase name="TestALotOfAdding" classname="LocalCMCTests" time="0.001"/>
  <testcase name="TestALotOfAdding" classname="LocalCMCTests" time="0.002"/>
  <testcase name="TestALotOfAdding" classname="LocalCMCTests" time="0.003"/>
  <testcase name="TestALotOfAdding" classname="LocalCMCTests" time="0.001"/>
  <testcase name="TestALotOfAdding" classname="LocalCMCTests" time="0.001"/>
  <testcase name="TestALotOfAdding" classname="LocalCMCTests" time="0.0"/>
  <testcase name="TestALotOfAdding" classname="LocalCMCTests" time="0.0"/>
  <testcase name="TestALotOfAdding" classname="LocalCMCTests" time="0.001"/>
  <testcase name="TestALotOfAdding" classname="LocalCMCTests" time="0.0"/>
  <testcase name="TestALotOfAdding" classname="LocalCMCTests" time="0.0"/>
  <testcase name="TestALotOfAdding" classname="LocalCMCTests" time="0.002"/>
  <testcase name="TestALotOfAdding" classname="LocalCMCTests" time="0.0"/>
  <testcase name="TestALotOfAdding" classname="LocalCMCTests" time="0.001"/>
  <testcase name="TestALotOfAdding" classname="LocalCMCTests" time="0.002"/>
  <testcase name="TestALotOfAdding" classname="LocalCMCTests" time="0.0"/>
  <testcase name="TestALotOfAdding" classname="LocalCMCTests" time="0.0"/>
  <testcase name="TestALotOfAdding" classname="LocalCMCTests" time="0.0"/>
  <testcase name="TestALotOfAdding" classname="LocalCMCTests" time="0.0"/>
  <testcase name="TestALotOfAdding" classname="LocalCMCTests" time="0.001"/>
  <testcase name="TestALotOfAdding" classname="LocalCMCTests" time="0.001"/>
  <testcase name="TestALotOfAdding" classname="LocalCMCTests" time="0.001"/>
  <testcase name="TestALotOfAdding" classname="LocalCMCTests" time="0.0"/>
  <testcase name="TestALotOfAdding" classname="LocalCMCTests" time="0.0"/>
  <testcase name="TestALotOfAdding" classname="LocalCMCTests" time="0.009"/>
  <testcase name="TestALotOfAdding" classname="LocalCMCTests" time="0.0"/>
  <testcase name="TestALotOfAdding" classname="LocalCMCTests" time="0.009"/>
  <testcase name="TestALotOfAdding" classname="LocalCMCTests" time="0.0"/>
  <testcase name="TestALotOfAdding" classname="LocalCMCTests" time="0.0"/>
  <testcase name="TestALotOfAdding" classname="LocalCMCTests" time="0.0"/>
  <testcase name="TestALotOfAdding" classname="LocalCMCTests" time="0.001"/>
  <testcase name="TestALotOfAdding" classname="LocalCMCTests" time="0.0"/>
  <testcase name="TestALotOfAdding" classname="LocalCMCTests" time="0.0"/>
  <testcase name="TestALotOfAdding" classname="LocalCMCTests" time="0.0"/>
  <testcase name="TestALotOfAdding" classname="LocalCMCTests" time="0.001"/>
  <testcase name="TestALotOfAdding" classname="LocalCMCTests" time="0.0"/>
  <testcase name="TestALotOfAdding" classname="LocalCMCTests" time="0.0"/>
  <testcase name="TestALotOfAdding" classname="LocalCMCTests" time="0.0"/>
  <testcase name="TestALotOfAdding" classname="LocalCMCTests" time="0.001"/>
  <testcase name="TestALotOfAdding" classname="LocalCMCTests" time="0.0"/>
  <testcase name="TestALotOfAdding" classname="LocalCMCTests" time="0.0"/>
  <testcase name="TestALotOfAdding" classname="LocalCMCTests" time="0.0"/>
  <testcase name="TestALotOfAdding" classname="LocalCMCTests" time="0.0"/>
  <testcase name="TestALotOfAdding" classname="LocalCMCTests" time="0.0"/>
  <testcase name="TestALotOfAdding" classname="LocalCMCTests" time="0.001"/>
  <testcase name="TestALotOfAdding" classname="LocalCMCTests" time="0.0"/>
  <testcase name="TestALotOfAdding" classname="LocalCMCTests" time="0.0"/>
  <testcase name="TestALotOfAdding" classname="LocalCMCTests" time="0.0"/>
  <testcase name="TestALotOfAdding" classname="LocalCMCTests" time="0.0"/>
  <testcase name="TestALotOfAdding" classname="LocalCMCTests" time="0.0"/>
  <testcase name="TestALotOfAdding" classname="LocalCMCTests" time="0.0"/>
  <testcase name="TestALotOfAdding" classname="LocalCMCTests" time="0.001"/>
  <testcase name="TestALotOfAdding" classname="LocalCMCTests" time="0.0"/>
  <testcase name="TestALotOfAdding" classname="LocalCMCTests" time="0.0"/>
  <testcase name="TestALotOfAdding" classname="LocalCMCTests" time="0.013"/>
  <testcase name="TestALotOfAdding" classname="LocalCMCTests" time="0.0"/>
  <testcase name="TestALotOfAdding" classname="LocalCMCTests" time="0.013"/>
  <testcase name="TestALotOfAdding" classname="LocalCMCTests" time="0.013"/>
  <testcase name="TestALotOfAdding" classname="LocalCMCTests" time="0.0"/>
  <testcase name="TestALotOfAdding" classname="LocalCMCTests" time="0.013"/>
  <testcase name="TestALotOfAdding" classname="LocalCMCTests" time="0.013"/>
  <testcase name="TestALotOfAdding" classname="LocalCMCTests" time="0.0"/>
  <testcase name="TestALotOfAdding" classname="LocalCMCTests" time="0.0"/>
  <testcase name="TestALotOfAdding" classname="LocalCMCTests" time="0.013"/>
  <testcase name="TestALotOfAdding" classname="LocalCMCTests" time="0.0"/>
  <testcase name="TestALotOfAdding" classname="LocalCMCTests" time="0.0"/>
  <testcase name="TestALotOfAdding" classname="LocalCMCTests" time="0.001"/>
  <testcase name="TestALotOfAdding" classname="LocalCMCTests" time="0.0"/>
  <testcase name="TestALotOfAdding" classname="LocalCMCTests" time="0.001"/>
  <testcase name="TestALotOfAdding" classname="LocalCMCTests" time="0.001"/>
  <testcase name="TestALotOfAdding" classname="LocalCMCTests" time="0.0"/>
  <testcase name="TestALotOfAdding" classname="LocalCMCTests" time="0.0"/>
  <testcase name="TestALotOfAdding" classname="LocalCMCTests" time="0.001"/>
  <testcase name="TestALotOfAdding" classname="LocalCMCTests" time="0.0"/>
  <testcase name="TestALotOfAdding" classname="LocalCMCTests" time="0.0"/>
  <testcase name="TestALotOfAdding" classname="LocalCMCTests" time="0.0"/>
  <testcase name="TestALotOfAdding" classname="LocalCMCTests" time="0.0"/>
  <testcase name="TestALotOfAdding" classname="LocalCMCTests" time="0.001"/>
  <testcase name="TestALotOfAdding" classname="LocalCMCTests" time="0.0"/>
  <testcase name="TestALotOfAdding" classname="LocalCMCTests" time="0.0"/>
  <testcase name="TestALotOfAdding" classname="LocalCMCTests" time="0.0"/>
  <testcase name="TestALotOfAdding" classname="LocalCMCTests" time="0.0"/>
  <testcase name="TestALotOfAdding" classname="LocalCMCTests" time="0.0"/>
  <testcase name="TestALotOfAdding" classname="LocalCMCTests" time="0.007"/>
  <testcase name="TestALotOfAdding" classname="LocalCMCTests" time="0.007"/>
  <testcase name="TestALotOfAdding" classname="LocalCMCTests" time="0.0"/>
  <testcase name="TestALotOfAdding" classname="LocalCMCTests" time="0.001"/>
  <testcase name="TestALotOfAdding" classname="LocalCMCTests" time="0.001"/>
  <testcase name="TestALotOfAdding" classname="LocalCMCTests" time="0.0"/>
  <testcase name="TestALotOfAdding" classname="LocalCMCTests" time="0.002"/>
  <testcase name="TestALotOfAdding" classname="LocalCMCTests" time="0.001"/>
  <testcase name="TestALotOfAdding" classname="LocalCMCTests" time="0.002"/>
  <testcase name="TestALotOfAdding" classname="LocalCMCTests" time="0.002"/>
  <testcase name="TestALotOfAdding" classname="LocalCMCTests" time="0.015"/>
  <testcase name="TestALotOfAdding" classname="LocalCMCTests" time="0.0"/>
  <testcase name="TestALotOfAdding" classname="LocalCMCTests" time="0.0"/>
  <testcase name="TestALotOfAdding" classname="LocalCMCTests" time="0.001"/>
  <testcase name="TestALotOfAdding" classname="LocalCMCTests" time="0.001"/>
  <testcase name="TestALotOfAdding" classname="LocalCMCTests" time="0.001"/>
  <testcase name="TestALotOfAdding" classname="LocalCMCTests" time="0.001"/>
  <testcase name="TestALotOfAdding" classname="LocalCMCTests" time="0.001"/>
  <testcase name="TestALotOfAdding" classname="LocalCMCTests" time="0.0"/>
  <testcase name="TestALotOfAdding" classname="LocalCMCTests" time="0.001"/>
  <testcase name="TestALotOfAdding" classname="LocalCMCTests" time="0.001"/>
  <testcase name="TestALotOfAdding" classname="LocalCMCTests" time="0.0"/>
  <testcase name="TestALotOfAdding" classname="LocalCMCTests" time="0.0"/>
  <testcase name="TestALotOfAdding" classname="LocalCMCTests" time="0.0"/>
  <testcase name="TestALotOfAdding" classname="LocalCMCTests" time="0.0"/>
  <testcase name="TestALotOfAdding" classname="LocalCMCTests" time="0.0"/>
  <testcase name="TestALotOfAdding" classname="LocalCMCTests" time="0.0"/>
  <testcase name="TestALotOfAdding" classname="LocalCMCTests" time="0.001"/>
  <testcase name="TestALotOfAdding" classname="LocalCMCTests" time="0.001"/>
  <testcase name="TestALotOfAdding" classname="LocalCMCTests" time="0.002"/>
  <testcase name="TestALotOfAdding" classname="LocalCMCTests" time="0.001"/>
  <testcase name="TestALotOfAdding" classname="LocalCMCTests" time="0.0"/>
  <testcase name="TestALotOfAdding" classname="LocalCMCTests" time="0.0"/>
  <testcase name="TestALotOfAdding" classname="LocalCMCTests" time="0.0"/>
  <testcase name="TestALotOfAdding" classname="LocalCMCTests" time="0.001"/>
  <testcase name="TestALotOfAdding" classname="LocalCMCTests" time="0.001"/>
  <testcase name="TestALotOfAdding" classname="LocalCMCTests" time="0.0"/>
  <testcase name="TestALotOfAdding" classname="LocalCMCTests" time="0.001"/>
  <testcase name="TestALotOfAdding" classname="LocalCMCTests" time="0.002"/>
  <testcase name="TestALotOfAdding" classname="LocalCMCTests" time="0.001"/>
  <testcase name="TestALotOfAdding" classname="LocalCMCTests" time="0.001"/>
  <testcase name="TestALotOfAdding" classname="LocalCMCTests" time="0.0"/>
  <testcase name="TestALotOfAdding" classname="LocalCMCTests" time="0.001"/>
  <testcase name="TestALotOfAdding" classname="LocalCMCTests" time="0.001"/>
  <testcase name="TestALotOfAdding" classname="LocalCMCTests" time="0.001"/>
  <testcase name="TestALotOfAdding" classname="LocalCMCTests" time="0.001"/>
  <testcase name="TestALotOfAdding" classname="LocalCMCTests" time="0.001"/>
  <testcase name="TestALotOfAdding" classname="LocalCMCTests" time="0.0"/>
  <testcase name="TestALotOfAdding" classname="LocalCMCTests" time="0.001"/>
  <testcase name="TestALotOfAdding" classname="LocalCMCTests" time="0.001"/>
  <testcase name="TestALotOfAdding" classname="LocalCMCTests" time="0.0"/>
  <testcase name="TestALotOfAdding" classname="LocalCMCTests" time="0.0"/>
  <testcase name="TestALotOfAdding" classname="LocalCMCTests" time="0.0"/>
  <testcase name="TestALotOfAdding" classname="LocalCMCTests" time="0.0"/>
  <testcase name="TestALotOfAdding" classname="LocalCMCTests" time="0.0"/>
  <testcase name="TestALotOfAdding" classname="LocalCMCTests" time="0.0"/>
  <testcase name="TestALotOfAdding" classname="LocalCMCTests" time="0.0"/>
  <testcase name="TestALotOfAdding" classname="LocalCMCTests" time="0.0"/>
  <testcase name="TestALotOfAdding" classname="LocalCMCTests" time="0.001"/>
  <testcase name="TestALotOfAdding" classname="LocalCMCTests" time="0.001"/>
  <testcase name="TestALotOfAdding" classname="LocalCMCTests" time="0.001"/>
  <testcase name="TestALotOfAdding" classname="LocalCMCTests" time="0.001"/>
  <testcase name="TestALotOfAdding" classname="LocalCMCTests" time="0.001"/>
  <testcase name="TestALotOfAdding" classname="LocalCMCTests" time="0.001"/>
  <testcase name="TestALotOfAdding" classname="LocalCMCTests" time="0.001"/>
  <testcase name="TestALotOfAdding" classname="LocalCMCTests" time="0.001"/>
  <testcase name="TestALotOfAdding" classname="LocalCMCTests" time="0.0"/>
  <testcase name="TestALotOfAdding" classname="LocalCMCTests" time="0.0"/>
  <testcase name="TestALotOfAdding" classname="LocalCMCTests" time="0.0"/>
  <testcase name="TestALotOfAdding" classname="LocalCMCTests" time="0.001"/>
  <testcase name="TestALotOfAdding" classname="LocalCMCTests" time="0.0"/>
  <testcase name="TestALotOfAdding" classname="LocalCMCTests" time="0.0"/>
  <testcase name="TestALotOfAdding" classname="LocalCMCTests" time="0.0"/>
  <testcase name="TestALotOfAdding" classname="LocalCMCTests" time="0.001"/>
  <testcase name="TestALotOfAdding" classname="LocalCMCTests" time="0.001"/>
  <testcase name="TestALotOfAdding" classname="LocalCMCTests" time="0.001"/>
  <testcase name="TestALotOfAdding" classname="LocalCMCTests" time="0.001"/>
  <testcase name="TestALotOfAdding" classname="LocalCMCTests" time="0.0"/>
  <testcase name="TestALotOfAdding" classname="LocalCMCTests" time="0.001"/>
  <testcase name="TestALotOfAdding" classname="LocalCMCTests" time="0.001"/>
  <testcase name="TestALotOfAdding" classname="LocalCMCTests" time="0.001"/>
  <testcase name="TestALotOfAdding" classname="LocalCMCTests" time="0.001"/>
  <testcase name="TestALotOfAdding" classname="LocalCMCTests" time="0.0"/>
  <testcase name="TestALotOfAdding" classname="LocalCMCTests" time="0.0"/>
  <testcase name="TestALotOfAdding" classname="LocalCMCTests" time="0.0"/>
  <testcase name="TestALotOfAdding" classname="LocalCMCTests" time="0.0"/>
  <testcase name="TestALotOfAdding" classname="LocalCMCTests" time="0.0"/>
  <testcase name="TestALotOfAdding" classname="LocalCMCTests" time="0.001"/>
  <testcase name="TestALotOfAdding" classname="LocalCMCTests" time="0.001"/>
  <testcase name="TestALotOfAdding" classname="LocalCMCTests" time="0.001"/>
  <testcase name="TestALotOfAdding" classname="LocalCMCTests" time="0.001"/>
  <testcase name="TestALotOfAdding" classname="LocalCMCTests" time="0.001"/>
  <testcase name="TestALotOfAdding" classname="LocalCMCTests" time="0.001"/>
  <testcase name="TestALotOfAdding" classname="LocalCMCTests" time="0.0"/>
  <testcase name="TestALotOfAdding" classname="LocalCMCTests" time="0.0"/>
  <testcase name="TestALotOfAdding" classname="LocalCMCTests" time="0.0"/>
  <testcase name="TestALotOfAdding" classname="LocalCMCTests" time="0.0"/>
  <testcase name="TestALotOfAdding" classname="LocalCMCTests" time="0.001"/>
  <testcase name="TestALotOfAdding" classname="LocalCMCTests" time="0.0"/>
  <testcase name="TestALotOfAdding" classname="LocalCMCTests" time="0.0"/>
  <testcase name="TestALotOfAdding" classname="LocalCMCTests" time="0.0"/>
  <testcase name="TestALotOfAdding" classname="LocalCMCTests" time="0.0"/>
  <testcase name="TestALotOfAdding" classname="LocalCMCTests" time="0.0"/>
  <testcase name="TestALotOfAdding" classname="LocalCMCTests" time="0.0"/>
  <testcase name="TestALotOfAdding" classname="LocalCMCTests" time="0.0"/>
  <testcase name="TestALotOfAdding" classname="LocalCMCTests" time="0.001"/>
  <testcase name="TestALotOfAdding" classname="LocalCMCTests" time="0.001"/>
  <testcase name="TestALotOfAdding" classname="LocalCMCTests" time="0.001"/>
  <testcase name="TestALotOfAdding" classname="LocalCMCTests" time="0.001"/>
  <testcase name="TestALotOfAdding" classname="LocalCMCTests" time="0.002"/>
  <testcase name="TestALotOfAdding" classname="LocalCMCTests" time="0.0"/>
  <testcase name="TestALotOfAdding" classname="LocalCMCTests" time="0.0"/>
  <testcase name="TestALotOfAdding" classname="LocalCMCTests" time="0.001"/>
  <testcase name="TestALotOfAdding" classname="LocalCMCTests" time="0.001"/>
  <testcase name="TestALotOfAdding" classname="LocalCMCTests" time="0.001"/>
  <testcase name="TestALotOfAdding" classname="LocalCMCTests" time="0.001"/>
  <testcase name="TestALotOfAdding" classname="LocalCMCTests" time="0.0"/>
  <testcase name="TestALotOfAdding" classname="LocalCMCTests" time="0.0"/>
  <testcase name="TestALotOfAdding" classname="LocalCMCTests" time="0.0"/>
  <testcase name="TestALotOfAdding" classname="LocalCMCTests" time="0.0"/>
  <testcase name="TestALotOfAdding" classname="LocalCMCTests" time="0.0"/>
  <testcase name="TestALotOfAdding" classname="LocalCMCTests" time="0.0"/>
  <testcase name="TestALotOfAdding" classname="LocalCMCTests" time="0.0"/>
  <testcase name="TestALotOfAdding" classname="LocalCMCTests" time="0.001"/>
  <testcase name="TestALotOfAdding" classname="LocalCMCTests" time="0.001"/>
  <testcase name="TestALotOfAdding" classname="LocalCMCTests" time="0.001"/>
  <testcase name="TestALotOfAdding" classname="LocalCMCTests" time="0.001"/>
  <testcase name="TestALotOfAdding" classname="LocalCMCTests" time="0.001"/>
  <testcase name="TestALotOfAdding" classname="LocalCMCTests" time="0.001"/>
  <testcase name="TestALotOfAdding" classname="LocalCMCTests" time="0.001"/>
  <testcase name="TestALotOfAdding" classname="LocalCMCTests" time="0.001"/>
  <testcase name="TestALotOfAdding" classname="LocalCMCTests" time="0.0"/>
  <testcase name="TestALotOfAdding" classname="LocalCMCTests" time="0.0"/>
  <testcase name="TestALotOfAdding" classname="LocalCMCTests" time="0.0"/>
  <testcase name="TestALotOfAdding" classname="LocalCMCTests" time="0.0"/>
  <testcase name="TestALotOfAdding" classname="LocalCMCTests" time="0.0"/>
  <testcase name="TestALotOfAdding" classname="LocalCMCTests" time="0.0"/>
  <testcase name="TestALotOfAdding" classname="LocalCMCTests" time="0.0"/>
  <testcase name="TestALotOfAdding" classname="LocalCMCTests" time="0.001"/>
  <testcase name="TestALotOfAdding" classname="LocalCMCTests" time="0.001"/>
  <testcase name="TestALotOfAdding" classname="LocalCMCTests" time="0.001"/>
  <testcase name="TestALotOfAdding" classname="LocalCMCTests" time="0.0"/>
  <testcase name="TestALotOfAdding" classname="LocalCMCTests" time="0.002"/>
  <testcase name="TestALotOfAdding" classname="LocalCMCTests" time="0.001"/>
  <testcase name="TestALotOfAdding" classname="LocalCMCTests" time="0.0"/>
  <testcase name="TestALotOfAdding" classname="LocalCMCTests" time="0.0"/>
  <testcase name="TestALotOfAdding" classname="LocalCMCTests" time="0.001"/>
  <testcase name="TestALotOfAdding" classname="LocalCMCTests" time="0.0"/>
  <testcase name="TestALotOfAdding" classname="LocalCMCTests" time="0.001"/>
  <testcase name="TestALotOfAdding" classname="LocalCMCTests" time="0.001"/>
  <testcase name="TestALotOfAdding" classname="LocalCMCTests" time="0.0"/>
  <testcase name="TestALotOfAdding" classname="LocalCMCTests" time="0.0"/>
  <testcase name="TestALotOfAdding" classname="LocalCMCTests" time="0.0"/>
  <testcase name="TestALotOfAdding" classname="LocalCMCTests" time="0.0"/>
  <testcase name="TestALotOfAdding" classname="LocalCMCTests" time="0.001"/>
  <testcase name="TestALotOfAdding" classname="LocalCMCTests" time="0.0"/>
  <testcase name="TestALotOfAdding" classname="LocalCMCTests" time="0.0"/>
  <testcase name="TestALotOfAdding" classname="LocalCMCTests" time="0.001"/>
  <testcase name="TestALotOfAdding" classname="LocalCMCTests" time="0.0"/>
  <testcase name="TestALotOfAdding" classname="LocalCMCTests" time="0.001"/>
  <testcase name="TestALotOfAdding" classname="LocalCMCTests" time="0.001"/>
  <testcase name="TestALotOfAdding" classname="LocalCMCTests" time="0.001"/>
  <testcase name="TestALotOfAdding" classname="LocalCMCTests" time="0.0"/>
  <testcase name="TestALotOfAdding" classname="LocalCMCTests" time="0.001"/>
  <testcase name="TestALotOfAdding" classname="LocalCMCTests" time="0.001"/>
  <testcase name="TestALotOfAdding" classname="LocalCMCTests" time="0.0"/>
  <testcase name="TestALotOfAdding" classname="LocalCMCTests" time="0.0"/>
  <testcase name="TestALotOfAdding" classname="LocalCMCTests" time="0.0"/>
  <testcase name="TestALotOfAdding" classname="LocalCMCTests" time="0.0"/>
  <testcase name="TestALotOfAdding" classname="LocalCMCTests" time="0.0"/>
  <testcase name="TestALotOfAdding" classname="LocalCMCTests" time="0.001"/>
  <testcase name="TestALotOfAdding" classname="LocalCMCTests" time="0.001"/>
  <testcase name="TestALotOfAdding" classname="LocalCMCTests" time="0.0"/>
  <testcase name="TestALotOfAdding" classname="LocalCMCTests" time="0.0"/>
  <testcase name="TestALotOfAdding" classname="LocalCMCTests" time="0.001"/>
  <testcase name="TestALotOfAdding" classname="LocalCMCTests" time="0.001"/>
  <testcase name="TestALotOfAdding" classname="LocalCMCTests" time="0.001"/>
  <testcase name="TestALotOfAdding" classname="LocalCMCTests" time="0.001"/>
  <testcase name="TestALotOfAdding" classname="LocalCMCTests" time="0.001"/>
  <testcase name="TestALotOfAdding" classname="LocalCMCTests" time="0.001"/>
  <testcase name="TestALotOfAdding" classname="LocalCMCTests" time="0.001"/>
  <testcase name="TestALotOfAdding" classname="LocalCMCTests" time="0.0"/>
  <testcase name="TestALotOfAdding" classname="LocalCMCTests" time="0.001"/>
  <testcase name="TestALotOfAdding" classname="LocalCMCTests" time="0.001"/>
  <testcase name="TestALotOfAdding" classname="LocalCMCTests" time="0.0"/>
  <testcase name="TestALotOfAdding" classname="LocalCMCTests" time="0.0"/>
  <testcase name="TestALotOfAdding" classname="LocalCMCTests" time="0.001"/>
  <testcase name="TestALotOfAdding" classname="LocalCMCTests" time="0.0"/>
  <testcase name="TestALotOfAdding" classname="LocalCMCTests" time="0.0"/>
  <testcase name="TestALotOfAdding" classname="LocalCMCTests" time="0.0"/>
  <testcase name="TestALotOfAdding" classname="LocalCMCTests" time="0.0"/>
  <testcase name="TestALotOfAdding" classname="LocalCMCTests" time="0.001"/>
  <testcase name="TestALotOfAdding" classname="LocalCMCTests" time="0.0"/>
  <testcase name="TestALotOfAdding" classname="LocalCMCTests" time="0.001"/>
  <testcase name="TestALotOfAdding" classname="LocalCMCTests" time="0.001"/>
  <testcase name="TestALotOfAdding" classname="LocalCMCTests" time="0.0"/>
  <testcase name="TestALotOfAdding" classname="LocalCMCTests" time="0.001"/>
  <testcase name="TestALotOfAdding" classname="LocalCMCTests" time="0.0"/>
  <testcase name="TestALotOfAdding" classname="LocalCMCTests" time="0.001"/>
  <testcase name="TestALotOfAdding" classname="LocalCMCTests" time="0.0"/>
  <testcase name="TestALotOfAdding" classname="LocalCMCTests" time="0.001"/>
  <testcase name="TestALotOfAdding" classname="LocalCMCTests" time="0.001"/>
  <testcase name="TestALotOfAdding" classname="LocalCMCTests" time="0.001"/>
  <testcase name="TestALotOfAdding" classname="LocalCMCTests" time="0.001"/>
  <testcase name="TestALotOfAdding" classname="LocalCMCTests" time="0.0"/>
  <testcase name="TestALotOfAdding" classname="LocalCMCTests" time="0.0"/>
  <testcase name="TestALotOfAdding" classname="LocalCMCTests" time="0.0"/>
  <testcase name="TestALotOfAdding" classname="LocalCMCTests" time="0.001"/>
  <testcase name="TestALotOfAdding" classname="LocalCMCTests" time="0.001"/>
  <testcase name="TestALotOfAdding" classname="LocalCMCTests" time="0.001"/>
  <testcase name="TestALotOfAdding" classname="LocalCMCTests" time="0.001"/>
  <testcase name="TestALotOfAdding" classname="LocalCMCTests" time="0.001"/>
  <testcase name="TestALotOfAdding" classname="LocalCMCTests" time="0.0"/>
  <testcase name="TestALotOfAdding" classname="LocalCMCTests" time="0.001"/>
  <testcase name="TestALotOfAdding" classname="LocalCMCTests" time="0.0"/>
  <testcase name="TestALotOfAdding" classname="LocalCMCTests" time="0.001"/>
  <testcase name="TestALotOfAdding" classname="LocalCMCTests" time="0.001"/>
  <testcase name="TestALotOfAdding" classname="LocalCMCTests" time="0.0"/>
  <testcase name="TestALotOfAdding" classname="LocalCMCTests" time="0.0"/>
  <testcase name="TestALotOfAdding" classname="LocalCMCTests" time="0.0"/>
  <testcase name="TestALotOfAdding" classname="LocalCMCTests" time="0.0"/>
  <testcase name="TestALotOfAdding" classname="LocalCMCTests" time="0.0"/>
  <testcase name="TestALotOfAdding" classname="LocalCMCTests" time="0.001"/>
  <testcase name="TestALotOfAdding" classname="LocalCMCTests" time="0.002"/>
  <testcase name="TestALotOfAdding" classname="LocalCMCTests" time="0.002"/>
  <testcase name="TestALotOfAdding" classname="LocalCMCTests" time="0.002"/>
  <testcase name="TestALotOfAdding" classname="LocalCMCTests" time="0.002"/>
  <testcase name="TestALotOfAdding" classname="LocalCMCTests" time="0.003"/>
  <testcase name="TestALotOfAdding" classname="LocalCMCTests" time="0.002"/>
  <testcase name="TestALotOfAdding" classname="LocalCMCTests" time="0.0"/>
  <testcase name="TestALotOfAdding" classname="LocalCMCTests" time="0.0"/>
  <testcase name="TestALotOfAdding" classname="LocalCMCTests" time="0.003"/>
  <testcase name="TestALotOfAdding" classname="LocalCMCTests" time="0.0"/>
  <testcase name="TestALotOfAdding" classname="LocalCMCTests" time="0.003"/>
  <testcase name="TestALotOfAdding" classname="LocalCMCTests" time="0.0"/>
  <testcase name="TestALotOfAdding" classname="LocalCMCTests" time="0.003"/>
  <testcase name="TestALotOfAdding" classname="LocalCMCTests" time="0.0"/>
  <testcase name="TestALotOfAdding" classname="LocalCMCTests" time="0.003"/>
  <testcase name="TestALotOfAdding" classname="LocalCMCTests" time="0.0"/>
  <testcase name="TestALotOfAdding" classname="LocalCMCTests" time="0.0"/>
  <testcase name="TestALotOfAdding" classname="LocalCMCTests" time="0.0"/>
  <testcase name="TestALotOfAdding" classname="LocalCMCTests" time="0.0"/>
  <testcase name="TestALotOfAdding" classname="LocalCMCTests" time="0.001"/>
  <testcase name="TestALotOfAdding" classname="LocalCMCTests" time="0.001"/>
  <testcase name="TestALotOfAdding" classname="LocalCMCTests" time="0.001"/>
  <testcase name="TestALotOfAdding" classname="LocalCMCTests" time="0.001"/>
  <testcase name="TestALotOfAdding" classname="LocalCMCTests" time="0.001"/>
  <testcase name="TestALotOfAdding" classname="LocalCMCTests" time="0.0"/>
  <testcase name="TestALotOfAdding" classname="LocalCMCTests" time="0.001"/>
  <testcase name="TestALotOfAdding" classname="LocalCMCTests" time="0.001"/>
  <testcase name="TestALotOfAdding" classname="LocalCMCTests" time="0.0"/>
  <testcase name="TestALotOfAdding" classname="LocalCMCTests" time="0.0"/>
  <testcase name="TestALotOfAdding" classname="LocalCMCTests" time="0.001"/>
  <testcase name="TestALotOfAdding" classname="LocalCMCTests" time="0.0"/>
  <testcase name="TestALotOfAdding" classname="LocalCMCTests" time="0.0"/>
  <testcase name="TestALotOfAdding" classname="LocalCMCTests" time="0.0"/>
  <testcase name="TestALotOfAdding" classname="LocalCMCTests" time="0.0"/>
  <testcase name="TestALotOfAdding" classname="LocalCMCTests" time="0.001"/>
  <testcase name="TestALotOfAdding" classname="LocalCMCTests" time="0.002"/>
  <testcase name="TestALotOfAdding" classname="LocalCMCTests" time="0.0"/>
  <testcase name="TestALotOfAdding" classname="LocalCMCTests" time="0.001"/>
  <testcase name="TestALotOfAdding" classname="LocalCMCTests" time="0.0"/>
  <testcase name="TestALotOfAdding" classname="LocalCMCTests" time="0.001"/>
  <testcase name="TestALotOfAdding" classname="LocalCMCTests" time="0.0"/>
  <testcase name="TestALotOfAdding" classname="LocalCMCTests" time="0.001"/>
  <testcase name="TestALotOfAdding" classname="LocalCMCTests" time="0.001"/>
  <testcase name="TestALotOfAdding" classname="LocalCMCTests" time="0.001"/>
  <testcase name="TestALotOfAdding" classname="LocalCMCTests" time="0.0"/>
  <testcase name="TestALotOfAdding" classname="LocalCMCTests" time="0.001"/>
  <testcase name="TestALotOfAdding" classname="LocalCMCTests" time="0.0"/>
  <testcase name="TestALotOfAdding" classname="LocalCMCTests" time="0.0"/>
  <testcase name="TestALotOfAdding" classname="LocalCMCTests" time="0.0"/>
  <testcase name="TestALotOfAdding" classname="LocalCMCTests" time="0.0"/>
  <testcase name="TestALotOfAdding" classname="LocalCMCTests" time="0.0"/>
  <testcase name="TestALotOfAdding" classname="LocalCMCTests" time="0.0"/>
  <testcase name="TestALotOfAdding" classname="LocalCMCTests" time="0.0"/>
  <testcase name="TestALotOfAdding" classname="LocalCMCTests" time="0.001"/>
  <testcase name="TestALotOfAdding" classname="LocalCMCTests" time="0.002"/>
  <testcase name="TestALotOfAdding" classname="LocalCMCTests" time="0.0"/>
  <testcase name="TestALotOfAdding" classname="LocalCMCTests" time="0.001"/>
  <testcase name="TestALotOfAdding" classname="LocalCMCTests" time="0.001"/>
  <testcase name="TestALotOfAdding" classname="LocalCMCTests" time="0.001"/>
  <testcase name="TestALotOfAdding" classname="LocalCMCTests" time="0.001"/>
  <testcase name="TestALotOfAdding" classname="LocalCMCTests" time="0.001"/>
  <testcase name="TestALotOfAdding" classname="LocalCMCTests" time="0.001"/>
  <testcase name="TestALotOfAdding" classname="LocalCMCTests" time="0.0"/>
  <testcase name="TestALotOfAdding" classname="LocalCMCTests" time="0.0"/>
  <testcase name="TestALotOfAdding" classname="LocalCMCTests" time="0.0"/>
  <testcase name="TestALotOfAdding" classname="LocalCMCTests" time="0.0"/>
  <testcase name="TestALotOfAdding" classname="LocalCMCTests" time="0.0"/>
  <testcase name="TestALotOfAdding" classname="LocalCMCTests" time="0.0"/>
  <testcase name="TestALotOfAdding" classname="LocalCMCTests" time="0.0"/>
  <testcase name="TestALotOfAdding" classname="LocalCMCTests" time="0.001"/>
  <testcase name="TestALotOfAdding" classname="LocalCMCTests" time="0.001"/>
  <testcase name="TestALotOfAdding" classname="LocalCMCTests" time="0.001"/>
  <testcase name="TestALotOfAdding" classname="LocalCMCTests" time="0.001"/>
  <testcase name="TestALotOfAdding" classname="LocalCMCTests" time="0.001"/>
  <testcase name="TestALotOfAdding" classname="LocalCMCTests" time="0.0"/>
  <testcase name="TestALotOfAdding" classname="LocalCMCTests" time="0.001"/>
  <testcase name="TestALotOfAdding" classname="LocalCMCTests" time="0.001"/>
  <testcase name="TestALotOfAdding" classname="LocalCMCTests" time="0.0"/>
  <testcase name="TestALotOfAdding" classname="LocalCMCTests" time="0.0"/>
  <testcase name="TestALotOfAdding" classname="LocalCMCTests" time="0.0"/>
  <testcase name="TestALotOfAdding" classname="LocalCMCTests" time="0.0"/>
  <testcase name="TestALotOfAdding" classname="LocalCMCTests" time="0.0"/>
  <testcase name="TestALotOfAdding" classname="LocalCMCTests" time="0.0"/>
  <testcase name="TestALotOfAdding" classname="LocalCMCTests" time="0.0"/>
  <testcase name="TestALotOfAdding" classname="LocalCMCTests" time="0.0"/>
  <testcase name="TestALotOfAdding" classname="LocalCMCTests" time="0.0"/>
  <testcase name="TestALotOfAdding" classname="LocalCMCTests" time="0.0"/>
  <testcase name="TestALotOfAdding" classname="LocalCMCTests" time="0.001"/>
  <testcase name="TestALotOfAdding" classname="LocalCMCTests" time="0.002"/>
  <testcase name="TestALotOfAdding" classname="LocalCMCTests" time="0.001"/>
  <testcase name="TestALotOfAdding" classname="LocalCMCTests" time="0.001"/>
  <testcase name="TestALotOfAdding" classname="LocalCMCTests" time="0.001"/>
  <testcase name="TestALotOfAdding" classname="LocalCMCTests" time="0.001"/>
  <testcase name="TestALotOfAdding" classname="LocalCMCTests" time="0.0"/>
  <testcase name="TestALotOfAdding" classname="LocalCMCTests" time="0.001"/>
  <testcase name="TestALotOfAdding" classname="LocalCMCTests" time="0.0"/>
  <testcase name="TestALotOfAdding" classname="LocalCMCTests" time="0.0"/>
  <testcase name="TestALotOfAdding" classname="LocalCMCTests" time="0.0"/>
  <testcase name="TestALotOfAdding" classname="LocalCMCTests" time="0.001"/>
  <testcase name="TestALotOfAdding" classname="LocalCMCTests" time="0.0"/>
  <testcase name="TestALotOfAdding" classname="LocalCMCTests" time="0.0"/>
  <testcase name="TestALotOfAdding" classname="LocalCMCTests" time="0.0"/>
  <testcase name="TestALotOfAdding" classname="LocalCMCTests" time="0.0"/>
  <testcase name="TestALotOfAdding" classname="LocalCMCTests" time="0.0"/>
  <testcase name="TestALotOfAdding" classname="LocalCMCTests" time="0.001"/>
  <testcase name="TestALotOfAdding" classname="LocalCMCTests" time="0.001"/>
  <testcase name="TestALotOfAdding" classname="LocalCMCTests" time="0.001"/>
  <testcase name="TestALotOfAdding" classname="LocalCMCTests" time="0.001"/>
  <testcase name="TestALotOfAdding" classname="LocalCMCTests" time="0.002"/>
  <testcase name="TestALotOfAdding" classname="LocalCMCTests" time="0.001"/>
  <testcase name="TestALotOfAdding" classname="LocalCMCTests" time="0.0"/>
  <testcase name="TestALotOfAdding" classname="LocalCMCTests" time="0.0"/>
  <testcase name="TestALotOfAdding" classname="LocalCMCTests" time="0.0"/>
  <testcase name="TestALotOfAdding" classname="LocalCMCTests" time="0.0"/>
  <testcase name="TestALotOfAdding" classname="LocalCMCTests" time="0.0"/>
  <testcase name="TestALotOfAdding" classname="LocalCMCTests" time="0.001"/>
  <testcase name="TestALotOfAdding" classname="LocalCMCTests" time="0.0"/>
  <testcase name="TestALotOfAdding" classname="LocalCMCTests" time="0.0"/>
  <testcase name="TestALotOfAdding" classname="LocalCMCTests" time="0.0"/>
  <testcase name="TestALotOfAdding" classname="LocalCMCTests" time="0.001"/>
  <testcase name="TestALotOfAdding" classname="LocalCMCTests" time="0.002"/>
  <testcase name="TestALotOfAdding" classname="LocalCMCTests" time="0.0"/>
  <testcase name="TestALotOfAdding" classname="LocalCMCTests" time="0.001"/>
  <testcase name="TestALotOfAdding" classname="LocalCMCTests" time="0.0"/>
  <testcase name="TestALotOfAdding" classname="LocalCMCTests" time="0.001"/>
  <testcase name="TestALotOfAdding" classname="LocalCMCTests" time="0.001"/>
  <testcase name="TestALotOfAdding" classname="LocalCMCTests" time="0.002"/>
  <testcase name="TestALotOfAdding" classname="LocalCMCTests" time="0.001"/>
  <testcase name="TestALotOfAdding" classname="LocalCMCTests" time="0.001"/>
  <testcase name="TestALotOfAdding" classname="LocalCMCTests" time="0.0"/>
  <testcase name="TestALotOfAdding" classname="LocalCMCTests" time="0.0"/>
  <testcase name="TestALotOfAdding" classname="LocalCMCTests" time="0.0"/>
  <testcase name="TestALotOfAdding" classname="LocalCMCTests" time="0.0"/>
  <testcase name="TestALotOfAdding" classname="LocalCMCTests" time="0.0"/>
  <testcase name="TestALotOfAdding" classname="LocalCMCTests" time="0.0"/>
  <testcase name="TestALotOfAdding" classname="LocalCMCTests" time="0.001"/>
  <testcase name="TestALotOfAdding" classname="LocalCMCTests" time="0.001"/>
  <testcase name="TestALotOfAdding" classname="LocalCMCTests" time="0.001"/>
  <testcase name="TestALotOfAdding" classname="LocalCMCTests" time="0.001"/>
  <testcase name="TestALotOfAdding" classname="LocalCMCTests" time="0.001"/>
  <testcase name="TestALotOfAdding" classname="LocalCMCTests" time="0.0"/>
  <testcase name="TestALotOfAdding" classname="LocalCMCTests" time="0.0"/>
  <testcase name="TestALotOfAdding" classname="LocalCMCTests" time="0.0"/>
  <testcase name="TestALotOfAdding" classname="LocalCMCTests" time="0.0"/>
  <testcase name="TestALotOfAdding" classname="LocalCMCTests" time="0.0"/>
  <testcase name="TestALotOfAdding" classname="LocalCMCTests" time="0.001"/>
  <testcase name="TestALotOfAdding" classname="LocalCMCTests" time="0.001"/>
  <testcase name="TestALotOfAdding" classname="LocalCMCTests" time="0.001"/>
  <testcase name="TestALotOfAdding" classname="LocalCMCTests" time="0.0"/>
  <testcase name="TestALotOfAdding" classname="LocalCMCTests" time="0.0"/>
  <testcase name="TestALotOfAdding" classname="LocalCMCTests" time="0.001"/>
  <testcase name="TestALotOfAdding" classname="LocalCMCTests" time="0.001"/>
  <testcase name="TestALotOfAdding" classname="LocalCMCTests" time="0.0"/>
  <testcase name="TestALotOfAdding" classname="LocalCMCTests" time="0.0"/>
  <testcase name="TestALotOfAdding" classname="LocalCMCTests" time="0.001"/>
  <testcase name="TestALotOfAdding" classname="LocalCMCTests" time="0.001"/>
  <testcase name="TestALotOfAdding" classname="LocalCMCTests" time="0.025"/>
  <testcase name="TestALotOfAdding" classname="LocalCMCTests" time="0.001"/>
  <testcase name="TestALotOfAdding" classname="LocalCMCTests" time="0.001"/>
  <testcase name="TestALotOfAdding" classname="LocalCMCTests" time="0.0"/>
  <testcase name="TestALotOfAdding" classname="LocalCMCTests" time="0.001"/>
  <testcase name="TestALotOfAdding" classname="LocalCMCTests" time="0.001"/>
  <testcase name="TestALotOfAdding" classname="LocalCMCTests" time="0.0"/>
  <testcase name="TestALotOfAdding" classname="LocalCMCTests" time="0.0"/>
  <testcase name="TestALotOfAdding" classname="LocalCMCTests" time="0.0"/>
  <testcase name="TestALotOfAdding" classname="LocalCMCTests" time="0.001"/>
  <testcase name="TestALotOfAdding" classname="LocalCMCTests" time="0.003"/>
  <testcase name="TestALotOfAdding" classname="LocalCMCTests" time="0.001"/>
  <testcase name="TestALotOfAdding" classname="LocalCMCTests" time="0.0"/>
  <testcase name="TestALotOfAdding" classname="LocalCMCTests" time="0.001"/>
  <testcase name="TestALotOfAdding" classname="LocalCMCTests" time="0.0"/>
  <testcase name="TestALotOfAdding" classname="LocalCMCTests" time="0.001"/>
  <testcase name="TestALotOfAdding" classname="LocalCMCTests" time="0.001"/>
  <testcase name="TestALotOfAdding" classname="LocalCMCTests" time="0.001"/>
  <testcase name="TestALotOfAdding" classname="LocalCMCTests" time="0.001"/>
  <testcase name="TestALotOfAdding" classname="LocalCMCTests" time="0.001"/>
  <testcase name="TestALotOfAdding" classname="LocalCMCTests" time="0.0"/>
  <testcase name="TestALotOfAdding" classname="LocalCMCTests" time="0.0"/>
  <testcase name="TestALotOfAdding" classname="LocalCMCTests" time="0.0"/>
  <testcase name="TestALotOfAdding" classname="LocalCMCTests" time="0.0"/>
  <testcase name="TestALotOfAdding" classname="LocalCMCTests" time="0.0"/>
  <testcase name="TestALotOfAdding" classname="LocalCMCTests" time="0.0"/>
  <testcase name="TestALotOfAdding" classname="LocalCMCTests" time="0.001"/>
  <testcase name="TestALotOfAdding" classname="LocalCMCTests" time="0.002"/>
  <testcase name="TestALotOfAdding" classname="LocalCMCTests" time="0.001"/>
  <testcase name="TestALotOfAdding" classname="LocalCMCTests" time="0.0"/>
  <testcase name="TestALotOfAdding" classname="LocalCMCTests" time="0.0"/>
  <testcase name="TestALotOfAdding" classname="LocalCMCTests" time="0.0"/>
  <testcase name="TestALotOfAdding" classname="LocalCMCTests" time="0.001"/>
  <testcase name="TestALotOfAdding" classname="LocalCMCTests" time="0.001"/>
  <testcase name="TestALotOfAdding" classname="LocalCMCTests" time="0.001"/>
  <testcase name="TestALotOfAdding" classname="LocalCMCTests" time="0.0"/>
  <testcase name="TestALotOfAdding" classname="LocalCMCTests" time="0.0"/>
  <testcase name="TestALotOfAdding" classname="LocalCMCTests" time="0.0"/>
  <testcase name="TestALotOfAdding" classname="LocalCMCTests" time="0.0"/>
  <testcase name="TestALotOfAdding" classname="LocalCMCTests" time="0.001"/>
  <testcase name="TestALotOfAdding" classname="LocalCMCTests" time="0.001"/>
  <testcase name="TestALotOfAdding" classname="LocalCMCTests" time="0.001"/>
  <testcase name="TestALotOfAdding" classname="LocalCMCTests" time="0.0"/>
  <testcase name="TestALotOfAdding" classname="LocalCMCTests" time="0.001"/>
  <testcase name="TestALotOfAdding" classname="LocalCMCTests" time="0.002"/>
  <testcase name="TestALotOfAdding" classname="LocalCMCTests" time="0.001"/>
  <testcase name="TestALotOfAdding" classname="LocalCMCTests" time="0.0"/>
  <testcase name="TestALotOfAdding" classname="LocalCMCTests" time="0.001"/>
  <testcase name="TestALotOfAdding" classname="LocalCMCTests" time="0.001"/>
  <testcase name="TestALotOfAdding" classname="LocalCMCTests" time="0.0"/>
  <testcase name="TestALotOfAdding" classname="LocalCMCTests" time="0.002"/>
  <testcase name="TestALotOfAdding" classname="LocalCMCTests" time="0.001"/>
  <testcase name="TestALotOfAdding" classname="LocalCMCTests" time="0.002"/>
  <testcase name="TestALotOfAdding" classname="LocalCMCTests" time="0.0"/>
  <testcase name="TestALotOfAdding" classname="LocalCMCTests" time="0.0"/>
  <testcase name="TestALotOfAdding" classname="LocalCMCTests" time="0.0"/>
  <testcase name="TestALotOfAdding" classname="LocalCMCTests" time="0.0"/>
  <testcase name="TestALotOfAdding" classname="LocalCMCTests" time="0.0"/>
  <testcase name="TestALotOfAdding" classname="LocalCMCTests" time="0.001"/>
  <testcase name="TestALotOfAdding" classname="LocalCMCTests" time="0.001"/>
  <testcase name="TestALotOfAdding" classname="LocalCMCTests" time="0.001"/>
  <testcase name="TestALotOfAdding" classname="LocalCMCTests" time="0.0"/>
  <testcase name="TestALotOfAdding" classname="LocalCMCTests" time="0.001"/>
  <testcase name="TestALotOfAdding" classname="LocalCMCTests" time="0.0"/>
  <testcase name="TestALotOfAdding" classname="LocalCMCTests" time="0.0"/>
  <testcase name="TestALotOfAdding" classname="LocalCMCTests" time="0.001"/>
  <testcase name="TestALotOfAdding" classname="LocalCMCTests" time="0.0"/>
  <testcase name="TestALotOfAdding" classname="LocalCMCTests" time="0.0"/>
  <testcase name="TestALotOfAdding" classname="LocalCMCTests" time="0.0"/>
  <testcase name="TestALotOfAdding" classname="LocalCMCTests" time="0.001"/>
  <testcase name="TestALotOfAdding" classname="LocalCMCTests" time="0.001"/>
  <testcase name="TestALotOfAdding" classname="LocalCMCTests" time="0.001"/>
  <testcase name="TestALotOfAdding" classname="LocalCMCTests" time="0.0"/>
  <testcase name="TestALotOfAdding" classname="LocalCMCTests" time="0.001"/>
  <testcase name="TestALotOfAdding" classname="LocalCMCTests" time="0.0"/>
  <testcase name="TestALotOfAdding" classname="LocalCMCTests" time="0.001"/>
  <testcase name="TestALotOfAdding" classname="LocalCMCTests" time="0.001"/>
  <testcase name="TestALotOfAdding" classname="LocalCMCTests" time="0.001"/>
  <testcase name="TestALotOfAdding" classname="LocalCMCTests" time="0.002"/>
  <testcase name="TestALotOfAdding" classname="LocalCMCTests" time="0.0"/>
  <testcase name="TestALotOfAdding" classname="LocalCMCTests" time="0.002"/>
  <testcase name="TestALotOfAdding" classname="LocalCMCTests" time="0.001"/>
  <testcase name="TestALotOfAdding" classname="LocalCMCTests" time="0.0"/>
  <testcase name="TestALotOfAdding" classname="LocalCMCTests" time="0.0"/>
  <testcase name="TestALotOfAdding" classname="LocalCMCTests" time="0.002"/>
  <testcase name="TestALotOfAdding" classname="LocalCMCTests" time="0.0"/>
  <testcase name="TestALotOfAdding" classname="LocalCMCTests" time="0.0"/>
  <testcase name="TestALotOfAdding" classname="LocalCMCTests" time="0.0"/>
  <testcase name="TestALotOfAdding" classname="LocalCMCTests" time="0.0"/>
  <testcase name="TestALotOfAdding" classname="LocalCMCTests" time="0.001"/>
  <testcase name="TestALotOfAdding" classname="LocalCMCTests" time="0.0"/>
  <testcase name="TestALotOfAdding" classname="LocalCMCTests" time="0.0"/>
  <testcase name="TestALotOfAdding" classname="LocalCMCTests" time="0.001"/>
  <testcase name="TestALotOfAdding" classname="LocalCMCTests" time="0.0"/>
  <testcase name="TestALotOfAdding" classname="LocalCMCTests" time="0.001"/>
  <testcase name="TestALotOfAdding" classname="LocalCMCTests" time="0.001"/>
  <testcase name="TestALotOfAdding" classname="LocalCMCTests" time="0.0"/>
  <testcase name="TestALotOfAdding" classname="LocalCMCTests" time="0.001"/>
  <testcase name="TestALotOfAdding" classname="LocalCMCTests" time="0.001"/>
  <testcase name="TestALotOfAdding" classname="LocalCMCTests" time="0.0"/>
  <testcase name="TestALotOfAdding" classname="LocalCMCTests" time="0.0"/>
  <testcase name="TestALotOfAdding" classname="LocalCMCTests" time="0.0"/>
  <testcase name="TestALotOfAdding" classname="LocalCMCTests" time="0.0"/>
  <testcase name="TestALotOfAdding" classname="LocalCMCTests" time="0.002"/>
  <testcase name="TestALotOfAdding" classname="LocalCMCTests" time="0.003"/>
  <testcase name="TestALotOfAdding" classname="LocalCMCTests" time="0.002"/>
  <testcase name="TestALotOfAdding" classname="LocalCMCTests" time="0.0"/>
  <testcase name="TestALotOfAdding" classname="LocalCMCTests" time="0.002"/>
  <testcase name="TestALotOfAdding" classname="LocalCMCTests" time="0.001"/>
  <testcase name="TestALotOfAdding" classname="LocalCMCTests" time="0.0"/>
  <testcase name="TestALotOfAdding" classname="LocalCMCTests" time="0.001"/>
  <testcase name="TestALotOfAdding" classname="LocalCMCTests" time="0.0"/>
  <testcase name="TestALotOfAdding" classname="LocalCMCTests" time="0.001"/>
  <testcase name="TestALotOfAdding" classname="LocalCMCTests" time="0.0"/>
  <testcase name="TestALotOfAdding" classname="LocalCMCTests" time="0.001"/>
  <testcase name="TestALotOfAdding" classname="LocalCMCTests" time="0.001"/>
  <testcase name="TestALotOfAdding" classname="LocalCMCTests" time="0.001"/>
  <testcase name="TestALotOfAdding" classname="LocalCMCTests" time="0.0"/>
  <testcase name="TestALotOfAdding" classname="LocalCMCTests" time="0.0"/>
  <testcase name="TestALotOfAdding" classname="LocalCMCTests" time="0.0"/>
  <testcase name="TestALotOfAdding" classname="LocalCMCTests" time="0.001"/>
  <testcase name="TestALotOfAdding" classname="LocalCMCTests" time="0.001"/>
  <testcase name="TestALotOfAdding" classname="LocalCMCTests" time="0.001"/>
  <testcase name="TestALotOfAdding" classname="LocalCMCTests" time="0.0"/>
  <testcase name="TestALotOfAdding" classname="LocalCMCTests" time="0.001"/>
  <testcase name="TestALotOfAdding" classname="LocalCMCTests" time="0.0"/>
  <testcase name="TestALotOfAdding" classname="LocalCMCTests" time="0.0"/>
  <testcase name="TestALotOfAdding" classname="LocalCMCTests" time="0.0"/>
  <testcase name="TestALotOfAdding" classname="LocalCMCTests" time="0.001"/>
  <testcase name="TestALotOfAdding" classname="LocalCMCTests" time="0.001"/>
  <testcase name="TestALotOfAdding" classname="LocalCMCTests" time="0.001"/>
  <testcase name="TestALotOfAdding" classname="LocalCMCTests" time="0.001"/>
  <testcase name="TestALotOfAdding" classname="LocalCMCTests" time="0.0"/>
  <testcase name="TestALotOfAdding" classname="LocalCMCTests" time="0.0"/>
  <testcase name="TestALotOfAdding" classname="LocalCMCTests" time="0.0"/>
  <testcase name="TestALotOfAdding" classname="LocalCMCTests" time="0.0"/>
  <testcase name="TestALotOfAdding" classname="LocalCMCTests" time="0.001"/>
  <testcase name="TestALotOfAdding" classname="LocalCMCTests" time="0.002"/>
  <testcase name="TestALotOfAdding" classname="LocalCMCTests" time="0.001"/>
  <testcase name="TestALotOfAdding" classname="LocalCMCTests" time="0.0"/>
  <testcase name="TestALotOfAdding" classname="LocalCMCTests" time="0.001"/>
  <testcase name="TestALotOfAdding" classname="LocalCMCTests" time="0.002"/>
  <testcase name="TestALotOfAdding" classname="LocalCMCTests" time="0.0"/>
  <testcase name="TestALotOfAdding" classname="LocalCMCTests" time="0.001"/>
  <testcase name="TestALotOfAdding" classname="LocalCMCTests" time="0.001"/>
  <testcase name="TestALotOfAdding" classname="LocalCMCTests" time="0.0"/>
  <testcase name="TestALotOfAdding" classname="LocalCMCTests" time="0.001"/>
  <testcase name="TestALotOfAdding" classname="LocalCMCTests" time="0.0"/>
  <testcase name="TestALotOfAdding" classname="LocalCMCTests" time="0.001"/>
  <testcase name="TestALotOfAdding" classname="LocalCMCTests" time="0.0"/>
  <testcase name="TestALotOfAdding" classname="LocalCMCTests" time="0.0"/>
  <testcase name="TestALotOfAdding" classname="LocalCMCTests" time="0.0"/>
  <testcase name="TestALotOfAdding" classname="LocalCMCTests" time="0.001"/>
  <testcase name="TestALotOfAdding" classname="LocalCMCTests" time="0.001"/>
  <testcase name="TestALotOfAdding" classname="LocalCMCTests" time="0.001"/>
  <testcase name="TestALotOfAdding" classname="LocalCMCTests" time="0.001"/>
  <testcase name="TestALotOfAdding" classname="LocalCMCTests" time="0.001"/>
  <testcase name="TestALotOfAdding" classname="LocalCMCTests" time="0.001"/>
  <testcase name="TestALotOfAdding" classname="LocalCMCTests" time="0.001"/>
  <testcase name="TestALotOfAdding" classname="LocalCMCTests" time="0.002"/>
  <testcase name="TestALotOfAdding" classname="LocalCMCTests" time="0.001"/>
  <testcase name="TestALotOfAdding" classname="LocalCMCTests" time="0.0"/>
  <testcase name="TestALotOfAdding" classname="LocalCMCTests" time="0.0"/>
  <testcase name="TestALotOfAdding" classname="LocalCMCTests" time="0.0"/>
  <testcase name="TestALotOfAdding" classname="LocalCMCTests" time="0.0"/>
  <testcase name="TestALotOfAdding" classname="LocalCMCTests" time="0.0"/>
  <testcase name="TestALotOfAdding" classname="LocalCMCTests" time="0.0"/>
  <testcase name="TestALotOfAdding" classname="LocalCMCTests" time="0.0"/>
  <testcase name="TestALotOfAdding" classname="LocalCMCTests" time="0.0"/>
  <testcase name="TestALotOfAdding" classname="LocalCMCTests" time="0.001"/>
  <testcase name="TestALotOfAdding" classname="LocalCMCTests" time="0.001"/>
  <testcase name="TestALotOfAdding" classname="LocalCMCTests" time="0.001"/>
  <testcase name="TestALotOfAdding" classname="LocalCMCTests" time="0.001"/>
  <testcase name="TestALotOfAdding" classname="LocalCMCTests" time="0.001"/>
  <testcase name="TestALotOfAdding" classname="LocalCMCTests" time="0.0"/>
  <testcase name="TestALotOfAdding" classname="LocalCMCTests" time="0.001"/>
  <testcase name="TestALotOfAdding" classname="LocalCMCTests" time="0.001"/>
  <testcase name="TestALotOfAdding" classname="LocalCMCTests" time="0.0"/>
  <testcase name="TestALotOfAdding" classname="LocalCMCTests" time="0.0"/>
  <testcase name="TestALotOfAdding" classname="LocalCMCTests" time="0.0"/>
  <testcase name="TestALotOfAdding" classname="LocalCMCTests" time="0.001"/>
  <testcase name="TestALotOfAdding" classname="LocalCMCTests" time="0.0"/>
  <testcase name="TestALotOfAdding" classname="LocalCMCTests" time="0.001"/>
  <testcase name="TestALotOfAdding" classname="LocalCMCTests" time="0.001"/>
  <testcase name="TestALotOfAdding" classname="LocalCMCTests" time="0.001"/>
  <testcase name="TestALotOfAdding" classname="LocalCMCTests" time="0.001"/>
  <testcase name="TestALotOfAdding" classname="LocalCMCTests" time="0.001"/>
  <testcase name="TestALotOfAdding" classname="LocalCMCTests" time="0.001"/>
  <testcase name="TestALotOfAdding" classname="LocalCMCTests" time="0.002"/>
  <testcase name="TestALotOfAdding" classname="LocalCMCTests" time="0.001"/>
  <testcase name="TestALotOfAdding" classname="LocalCMCTests" time="0.0"/>
  <testcase name="TestALotOfAdding" classname="LocalCMCTests" time="0.001"/>
  <testcase name="TestALotOfAdding" classname="LocalCMCTests" time="0.0"/>
  <testcase name="TestALotOfAdding" classname="LocalCMCTests" time="0.001"/>
  <testcase name="TestALotOfAdding" classname="LocalCMCTests" time="0.0"/>
  <testcase name="TestALotOfAdding" classname="LocalCMCTests" time="0.0"/>
  <testcase name="TestALotOfAdding" classname="LocalCMCTests" time="0.001"/>
  <testcase name="TestALotOfAdding" classname="LocalCMCTests" time="0.002"/>
  <testcase name="TestALotOfAdding" classname="LocalCMCTests" time="0.0"/>
  <testcase name="TestALotOfAdding" classname="LocalCMCTests" time="0.001"/>
  <testcase name="TestALotOfAdding" classname="LocalCMCTests" time="0.0"/>
  <testcase name="TestALotOfAdding" classname="LocalCMCTests" time="0.001"/>
  <testcase name="TestALotOfAdding" classname="LocalCMCTests" time="0.001"/>
  <testcase name="TestALotOfAdding" classname="LocalCMCTests" time="0.001"/>
  <testcase name="TestALotOfAdding" classname="LocalCMCTests" time="0.001"/>
  <testcase name="TestALotOfAdding" classname="LocalCMCTests" time="0.0"/>
  <testcase name="TestALotOfAdding" classname="LocalCMCTests" time="0.001"/>
  <testcase name="TestALotOfAdding" classname="LocalCMCTests" time="0.0"/>
  <testcase name="TestALotOfAdding" classname="LocalCMCTests" time="0.0"/>
  <testcase name="TestALotOfAdding" classname="LocalCMCTests" time="0.001"/>
  <testcase name="TestALotOfAdding" classname="LocalCMCTests" time="0.001"/>
  <testcase name="TestALotOfAdding" classname="LocalCMCTests" time="0.001"/>
  <testcase name="TestALotOfAdding" classname="LocalCMCTests" time="0.001"/>
  <testcase name="TestALotOfAdding" classname="LocalCMCTests" time="0.0"/>
  <testcase name="TestALotOfAdding" classname="LocalCMCTests" time="0.001"/>
  <testcase name="TestALotOfAdding" classname="LocalCMCTests" time="0.003"/>
  <testcase name="TestALotOfAdding" classname="LocalCMCTests" time="0.0"/>
  <testcase name="TestALotOfAdding" classname="LocalCMCTests" time="0.0"/>
  <testcase name="TestALotOfAdding" classname="LocalCMCTests" time="0.0"/>
  <testcase name="TestALotOfAdding" classname="LocalCMCTests" time="0.001"/>
  <testcase name="TestALotOfAdding" classname="LocalCMCTests" time="0.001"/>
  <testcase name="TestALotOfAdding" classname="LocalCMCTests" time="0.001"/>
  <testcase name="TestALotOfAdding" classname="LocalCMCTests" time="0.001"/>
  <testcase name="TestALotOfAdding" classname="LocalCMCTests" time="0.0"/>
  <testcase name="TestALotOfAdding" classname="LocalCMCTests" time="0.001"/>
  <testcase name="TestALotOfAdding" classname="LocalCMCTests" time="0.0"/>
  <testcase name="TestALotOfAdding" classname="LocalCMCTests" time="0.0"/>
  <testcase name="TestALotOfAdding" classname="LocalCMCTests" time="0.001"/>
  <testcase name="TestALotOfAdding" classname="LocalCMCTests" time="0.0"/>
  <testcase name="TestALotOfAdding" classname="LocalCMCTests" time="0.001"/>
  <testcase name="TestALotOfAdding" classname="LocalCMCTests" time="0.001"/>
  <testcase name="TestALotOfAdding" classname="LocalCMCTests" time="0.0"/>
  <testcase name="TestALotOfAdding" classname="LocalCMCTests" time="0.0"/>
  <testcase name="TestALotOfAdding" classname="LocalCMCTests" time="0.001"/>
  <testcase name="TestALotOfAdding" classname="LocalCMCTests" time="0.001"/>
  <testcase name="TestALotOfAdding" classname="LocalCMCTests" time="0.0"/>
  <testcase name="TestALotOfAdding" classname="LocalCMCTests" time="0.001"/>
  <testcase name="TestALotOfAdding" classname="LocalCMCTests" time="0.001"/>
  <testcase name="TestALotOfAdding" classname="LocalCMCTests" time="0.0"/>
  <testcase name="TestALotOfAdding" classname="LocalCMCTests" time="0.001"/>
  <testcase name="TestALotOfAdding" classname="LocalCMCTests" time="0.0"/>
  <testcase name="TestALotOfAdding" classname="LocalCMCTests" time="0.001"/>
  <testcase name="TestALotOfAdding" classname="LocalCMCTests" time="0.0"/>
  <testcase name="TestALotOfAdding" classname="LocalCMCTests" time="0.001"/>
  <testcase name="TestALotOfAdding" classname="LocalCMCTests" time="0.002"/>
  <testcase name="TestALotOfAdding" classname="LocalCMCTests" time="0.001"/>
  <testcase name="TestALotOfAdding" classname="LocalCMCTests" time="0.0"/>
  <testcase name="TestALotOfAdding" classname="LocalCMCTests" time="0.001"/>
  <testcase name="TestALotOfAdding" classname="LocalCMCTests" time="0.002"/>
  <testcase name="TestALotOfAdding" classname="LocalCMCTests" time="0.0"/>
  <testcase name="TestALotOfAdding" classname="LocalCMCTests" time="0.001"/>
  <testcase name="TestALotOfAdding" classname="LocalCMCTests" time="0.0"/>
  <testcase name="TestALotOfAdding" classname="LocalCMCTests" time="0.0"/>
  <testcase name="TestALotOfAdding" classname="LocalCMCTests" time="0.0"/>
  <testcase name="TestALotOfAdding" classname="LocalCMCTests" time="0.0"/>
  <testcase name="TestALotOfAdding" classname="LocalCMCTests" time="0.0"/>
  <testcase name="TestALotOfAdding" classname="LocalCMCTests" time="0.001"/>
  <testcase name="TestALotOfAdding" classname="LocalCMCTests" time="0.0"/>
  <testcase name="TestALotOfAdding" classname="LocalCMCTests" time="0.001"/>
  <testcase name="TestALotOfAdding" classname="LocalCMCTests" time="0.002"/>
  <testcase name="TestALotOfAdding" classname="LocalCMCTests" time="0.001"/>
  <testcase name="TestALotOfAdding" classname="LocalCMCTests" time="0.001"/>
  <testcase name="TestALotOfAdding" classname="LocalCMCTests" time="0.001"/>
  <testcase name="TestALotOfAdding" classname="LocalCMCTests" time="0.001"/>
  <testcase name="TestALotOfAdding" classname="LocalCMCTests" time="0.0"/>
  <testcase name="TestALotOfAdding" classname="LocalCMCTests" time="0.001"/>
  <testcase name="TestALotOfAdding" classname="LocalCMCTests" time="0.0"/>
  <testcase name="TestALotOfAdding" classname="LocalCMCTests" time="0.001"/>
  <testcase name="TestALotOfAdding" classname="LocalCMCTests" time="0.001"/>
  <testcase name="TestALotOfAdding" classname="LocalCMCTests" time="0.0"/>
  <testcase name="TestALotOfAdding" classname="LocalCMCTests" time="0.0"/>
  <testcase name="TestALotOfAdding" classname="LocalCMCTests" time="0.0"/>
  <testcase name="TestALotOfAdding" classname="LocalCMCTests" time="0.0"/>
  <testcase name="TestALotOfAdding" classname="LocalCMCTests" time="0.001"/>
  <testcase name="TestALotOfAdding" classname="LocalCMCTests" time="0.001"/>
  <testcase name="TestALotOfAdding" classname="LocalCMCTests" time="0.001"/>
  <testcase name="TestALotOfAdding" classname="LocalCMCTests" time="0.0"/>
  <testcase name="TestALotOfAdding" classname="LocalCMCTests" time="0.001"/>
  <testcase name="TestALotOfAdding" classname="LocalCMCTests" time="0.0"/>
  <testcase name="TestALotOfAdding" classname="LocalCMCTests" time="0.001"/>
  <testcase name="TestALotOfAdding" classname="LocalCMCTests" time="0.001"/>
  <testcase name="TestALotOfAdding" classname="LocalCMCTests" time="0.001"/>
  <testcase name="TestALotOfAdding" classname="LocalCMCTests" time="0.001"/>
  <testcase name="TestALotOfAdding" classname="LocalCMCTests" time="0.0"/>
  <testcase name="TestALotOfAdding" classname="LocalCMCTests" time="0.001"/>
  <testcase name="TestALotOfAdding" classname="LocalCMCTests" time="0.001"/>
  <testcase name="TestALotOfAdding" classname="LocalCMCTests" time="0.001"/>
  <testcase name="TestALotOfAdding" classname="LocalCMCTests" time="0.001"/>
  <testcase name="TestALotOfAdding" classname="LocalCMCTests" time="0.001"/>
  <testcase name="TestALotOfAdding" classname="LocalCMCTests" time="0.0"/>
  <testcase name="TestALotOfAdding" classname="LocalCMCTests" time="0.003"/>
  <testcase name="TestALotOfAdding" classname="LocalCMCTests" time="0.001"/>
  <testcase name="TestALotOfAdding" classname="LocalCMCTests" time="0.001"/>
  <testcase name="TestALotOfAdding" classname="LocalCMCTests" time="0.0"/>
  <testcase name="TestALotOfAdding" classname="LocalCMCTests" time="0.0"/>
  <testcase name="TestALotOfAdding" classname="LocalCMCTests" time="0.0"/>
  <testcase name="TestALotOfAdding" classname="LocalCMCTests" time="0.0"/>
  <testcase name="TestALotOfAdding" classname="LocalCMCTests" time="0.001"/>
  <testcase name="TestALotOfAdding" classname="LocalCMCTests" time="0.0"/>
  <testcase name="TestALotOfAdding" classname="LocalCMCTests" time="0.001"/>
  <testcase name="TestALotOfAdding" classname="LocalCMCTests" time="0.001"/>
  <testcase name="TestALotOfAdding" classname="LocalCMCTests" time="0.0"/>
  <testcase name="TestALotOfAdding" classname="LocalCMCTests" time="0.001"/>
  <testcase name="TestALotOfAdding" classname="LocalCMCTests" time="0.001"/>
  <testcase name="TestALotOfAdding" classname="LocalCMCTests" time="0.001"/>
  <testcase name="TestALotOfAdding" classname="LocalCMCTests" time="0.001"/>
  <testcase name="TestALotOfAdding" classname="LocalCMCTests" time="0.001"/>
  <testcase name="TestALotOfAdding" classname="LocalCMCTests" time="0.001"/>
  <testcase name="TestALotOfAdding" classname="LocalCMCTests" time="0.0"/>
  <testcase name="TestALotOfAdding" classname="LocalCMCTests" time="0.001"/>
  <testcase name="TestALotOfAdding" classname="LocalCMCTests" time="0.001"/>
  <testcase name="TestALotOfAdding" classname="LocalCMCTests" time="0.0"/>
  <testcase name="TestALotOfAdding" classname="LocalCMCTests" time="0.0"/>
  <testcase name="TestALotOfAdding" classname="LocalCMCTests" time="0.001"/>
  <testcase name="TestALotOfAdding" classname="LocalCMCTests" time="0.001"/>
  <testcase name="TestALotOfAdding" classname="LocalCMCTests" time="0.0"/>
  <testcase name="TestALotOfAdding" classname="LocalCMCTests" time="0.001"/>
  <testcase name="TestALotOfAdding" classname="LocalCMCTests" time="0.001"/>
  <testcase name="TestALotOfAdding" classname="LocalCMCTests" time="0.001"/>
  <testcase name="TestALotOfAdding" classname="LocalCMCTests" time="0.001"/>
  <testcase name="TestALotOfAdding" classname="LocalCMCTests" time="0.0"/>
  <testcase name="TestALotOfAdding" classname="LocalCMCTests" time="0.001"/>
  <testcase name="TestALotOfAdding" classname="LocalCMCTests" time="0.0"/>
  <testcase name="TestALotOfAdding" classname="LocalCMCTests" time="0.001"/>
  <testcase name="TestALotOfAdding" classname="LocalCMCTests" time="0.0"/>
  <testcase name="TestALotOfAdding" classname="LocalCMCTests" time="0.001"/>
  <testcase name="TestALotOfAdding" classname="LocalCMCTests" time="0.001"/>
  <testcase name="TestALotOfAdding" classname="LocalCMCTests" time="0.002"/>
  <testcase name="TestALotOfAdding" classname="LocalCMCTests" time="0.001"/>
  <testcase name="TestALotOfAdding" classname="LocalCMCTests" time="0.0"/>
  <testcase name="TestALotOfAdding" classname="LocalCMCTests" time="0.0"/>
  <testcase name="TestALotOfAdding" classname="LocalCMCTests" time="0.0"/>
  <testcase name="TestALotOfAdding" classname="LocalCMCTests" time="0.0"/>
  <testcase name="TestALotOfAdding" classname="LocalCMCTests" time="0.001"/>
  <testcase name="TestALotOfAdding" classname="LocalCMCTests" time="0.001"/>
  <testcase name="TestALotOfAdding" classname="LocalCMCTests" time="0.001"/>
  <testcase name="TestALotOfAdding" classname="LocalCMCTests" time="0.001"/>
  <testcase name="TestALotOfAdding" classname="LocalCMCTests" time="0.001"/>
  <testcase name="TestALotOfAdding" classname="LocalCMCTests" time="0.0"/>
  <testcase name="TestALotOfAdding" classname="LocalCMCTests" time="0.0"/>
  <testcase name="TestALotOfAdding" classname="LocalCMCTests" time="0.0"/>
  <testcase name="TestALotOfAdding" classname="LocalCMCTests" time="0.0"/>
  <testcase name="TestALotOfAdding" classname="LocalCMCTests" time="0.0"/>
  <testcase name="TestALotOfAdding" classname="LocalCMCTests" time="0.0"/>
  <testcase name="TestALotOfAdding" classname="LocalCMCTests" time="0.001"/>
  <testcase name="TestALotOfAdding" classname="LocalCMCTests" time="0.001"/>
  <testcase name="TestALotOfAdding" classname="LocalCMCTests" time="0.001"/>
  <testcase name="TestALotOfAdding" classname="LocalCMCTests" time="0.0"/>
  <testcase name="TestALotOfAdding" classname="LocalCMCTests" time="0.001"/>
  <testcase name="TestALotOfAdding" classname="LocalCMCTests" time="0.001"/>
  <testcase name="TestALotOfAdding" classname="LocalCMCTests" time="0.001"/>
  <testcase name="TestALotOfAdding" classname="LocalCMCTests" time="0.001"/>
  <testcase name="TestALotOfAdding" classname="LocalCMCTests" time="0.0"/>
  <testcase name="TestALotOfAdding" classname="LocalCMCTests" time="0.001"/>
  <testcase name="TestALotOfAdding" classname="LocalCMCTests" time="0.0"/>
  <testcase name="TestALotOfAdding" classname="LocalCMCTests" time="0.001"/>
  <testcase name="TestALotOfAdding" classname="LocalCMCTests" time="0.001"/>
  <testcase name="TestALotOfAdding" classname="LocalCMCTests" time="0.002"/>
  <testcase name="TestALotOfAdding" classname="LocalCMCTests" time="0.0"/>
  <testcase name="TestALotOfAdding" classname="LocalCMCTests" time="0.001"/>
  <testcase name="TestALotOfAdding" classname="LocalCMCTests" time="0.0"/>
  <testcase name="TestALotOfAdding" classname="LocalCMCTests" time="0.0"/>
  <testcase name="TestALotOfAdding" classname="LocalCMCTests" time="0.0"/>
  <testcase name="TestALotOfAdding" classname="LocalCMCTests" time="0.0"/>
  <testcase name="TestALotOfAdding" classname="LocalCMCTests" time="0.001"/>
  <testcase name="TestALotOfAdding" classname="LocalCMCTests" time="0.002"/>
  <testcase name="TestALotOfAdding" classname="LocalCMCTests" time="0.001"/>
  <testcase name="TestALotOfAdding" classname="LocalCMCTests" time="0.0"/>
  <testcase name="TestALotOfAdding" classname="LocalCMCTests" time="0.0"/>
  <testcase name="TestALotOfAdding" classname="LocalCMCTests" time="0.001"/>
  <testcase name="TestALotOfAdding" classname="LocalCMCTests" time="0.001"/>
  <testcase name="TestALotOfAdding" classname="LocalCMCTests" time="0.001"/>
  <testcase name="TestALotOfAdding" classname="LocalCMCTests" time="0.001"/>
  <testcase name="TestALotOfAdding" classname="LocalCMCTests" time="0.001"/>
  <testcase name="TestALotOfAdding" classname="LocalCMCTests" time="0.0"/>
  <testcase name="TestALotOfAdding" classname="LocalCMCTests" time="0.0"/>
  <testcase name="TestALotOfAdding" classname="LocalCMCTests" time="0.0"/>
  <testcase name="TestALotOfAdding" classname="LocalCMCTests" time="0.001"/>
  <testcase name="TestALotOfAdding" classname="LocalCMCTests" time="0.0"/>
  <testcase name="TestALotOfAdding" classname="LocalCMCTests" time="0.0"/>
  <testcase name="TestALotOfAdding" classname="LocalCMCTests" time="0.0"/>
  <testcase name="TestALotOfAdding" classname="LocalCMCTests" time="0.001"/>
  <testcase name="TestALotOfAdding" classname="LocalCMCTests" time="0.001"/>
  <testcase name="TestALotOfAdding" classname="LocalCMCTests" time="0.0"/>
  <testcase name="TestALotOfAdding" classname="LocalCMCTests" time="0.0"/>
  <testcase name="TestALotOfAdding" classname="LocalCMCTests" time="0.001"/>
  <testcase name="TestALotOfAdding" classname="LocalCMCTests" time="0.001"/>
  <testcase name="TestALotOfAdding" classname="LocalCMCTests" time="0.001"/>
  <testcase name="TestALotOfAdding" classname="LocalCMCTests" time="0.001"/>
  <testcase name="TestALotOfAdding" classname="LocalCMCTests" time="0.002"/>
  <testcase name="TestALotOfAdding" classname="LocalCMCTests" time="0.001"/>
  <testcase name="TestALotOfAdding" classname="LocalCMCTests" time="0.0"/>
  <testcase name="TestALotOfAdding" classname="LocalCMCTests" time="0.0"/>
  <testcase name="TestALotOfAdding" classname="LocalCMCTests" time="0.0"/>
  <testcase name="TestALotOfAdding" classname="LocalCMCTests" time="0.0"/>
  <testcase name="TestALotOfAdding" classname="LocalCMCTests" time="0.001"/>
  <testcase name="TestALotOfAdding" classname="LocalCMCTests" time="0.002"/>
  <testcase name="TestALotOfAdding" classname="LocalCMCTests" time="0.001"/>
  <testcase name="TestALotOfAdding" classname="LocalCMCTests" time="0.002"/>
  <testcase name="TestALotOfAdding" classname="LocalCMCTests" time="0.0"/>
  <testcase name="TestALotOfAdding" classname="LocalCMCTests" time="0.0"/>
  <testcase name="TestALotOfAdding" classname="LocalCMCTests" time="0.001"/>
  <testcase name="TestALotOfAdding" classname="LocalCMCTests" time="0.001"/>
  <testcase name="TestALotOfAdding" classname="LocalCMCTests" time="0.001"/>
  <testcase name="TestALotOfAdding" classname="LocalCMCTests" time="0.0"/>
  <testcase name="TestALotOfAdding" classname="LocalCMCTests" time="0.0"/>
  <testcase name="TestALotOfAdding" classname="LocalCMCTests" time="0.001"/>
  <testcase name="TestALotOfAdding" classname="LocalCMCTests" time="0.0"/>
  <testcase name="TestALotOfAdding" classname="LocalCMCTests" time="0.001"/>
  <testcase name="TestALotOfAdding" classname="LocalCMCTests" time="0.001"/>
  <testcase name="TestALotOfAdding" classname="LocalCMCTests" time="0.001"/>
  <testcase name="TestALotOfAdding" classname="LocalCMCTests" time="0.001"/>
  <testcase name="TestALotOfAdding" classname="LocalCMCTests" time="0.001"/>
  <testcase name="TestALotOfAdding" classname="LocalCMCTests" time="0.0"/>
  <testcase name="TestALotOfAdding" classname="LocalCMCTests" time="0.0"/>
  <testcase name="TestALotOfAdding" classname="LocalCMCTests" time="0.001"/>
  <testcase name="TestALotOfAdding" classname="LocalCMCTests" time="0.001"/>
  <testcase name="TestALotOfAdding" classname="LocalCMCTests" time="0.002"/>
  <testcase name="TestALotOfAdding" classname="LocalCMCTests" time="0.0"/>
  <testcase name="TestALotOfAdding" classname="LocalCMCTests" time="0.0"/>
  <testcase name="TestALotOfAdding" classname="LocalCMCTests" time="0.001"/>
  <testcase name="TestALotOfAdding" classname="LocalCMCTests" time="0.0"/>
  <testcase name="TestALotOfAdding" classname="LocalCMCTests" time="0.0"/>
  <testcase name="TestALotOfAdding" classname="LocalCMCTests" time="0.001"/>
  <testcase name="TestALotOfAdding" classname="LocalCMCTests" time="0.0"/>
  <testcase name="TestALotOfAdding" classname="LocalCMCTests" time="0.001"/>
  <testcase name="TestALotOfAdding" classname="LocalCMCTests" time="0.001"/>
  <testcase name="TestALotOfAdding" classname="LocalCMCTests" time="0.0"/>
  <testcase name="TestALotOfAdding" classname="LocalCMCTests" time="0.001"/>
  <testcase name="TestALotOfAdding" classname="LocalCMCTests" time="0.001"/>
  <testcase name="TestALotOfAdding" classname="LocalCMCTests" time="0.001"/>
  <testcase name="TestALotOfAdding" classname="LocalCMCTests" time="0.002"/>
  <testcase name="TestALotOfAdding" classname="LocalCMCTests" time="0.001"/>
  <testcase name="TestALotOfAdding" classname="LocalCMCTests" time="0.001"/>
  <testcase name="TestALotOfAdding" classname="LocalCMCTests" time="0.001"/>
  <testcase name="TestALotOfAdding" classname="LocalCMCTests" time="0.0"/>
  <testcase name="TestALotOfAdding" classname="LocalCMCTests" time="0.0"/>
  <testcase name="TestALotOfAdding" classname="LocalCMCTests" time="0.0"/>
  <testcase name="TestALotOfAdding" classname="LocalCMCTests" time="0.001"/>
  <testcase name="TestALotOfAdding" classname="LocalCMCTests" time="0.0"/>
  <testcase name="TestALotOfAdding" classname="LocalCMCTests" time="0.001"/>
  <testcase name="TestALotOfAdding" classname="LocalCMCTests" time="0.001"/>
  <testcase name="TestALotOfAdding" classname="LocalCMCTests" time="0.0"/>
  <testcase name="TestALotOfAdding" classname="LocalCMCTests" time="0.001"/>
  <testcase name="TestALotOfAdding" classname="LocalCMCTests" time="0.001"/>
  <testcase name="TestALotOfAdding" classname="LocalCMCTests" time="0.001"/>
  <testcase name="TestALotOfAdding" classname="LocalCMCTests" time="0.001"/>
  <testcase name="TestALotOfAdding" classname="LocalCMCTests" time="0.0"/>
  <testcase name="TestALotOfAdding" classname="LocalCMCTests" time="0.001"/>
  <testcase name="TestALotOfAdding" classname="LocalCMCTests" time="0.0"/>
  <testcase name="TestALotOfAdding" classname="LocalCMCTests" time="0.002"/>
  <testcase name="TestALotOfAdding" classname="LocalCMCTests" time="0.001"/>
  <testcase name="TestALotOfAdding" classname="LocalCMCTests" time="0.002"/>
  <testcase name="TestALotOfAdding" classname="LocalCMCTests" time="0.0"/>
  <testcase name="TestALotOfAdding" classname="LocalCMCTests" time="0.0"/>
  <testcase name="TestALotOfAdding" classname="LocalCMCTests" time="0.001"/>
  <testcase name="TestALotOfAdding" classname="LocalCMCTests" time="0.0"/>
  <testcase name="TestALotOfAdding" classname="LocalCMCTests" time="0.001"/>
  <testcase name="TestALotOfAdding" classname="LocalCMCTests" time="0.001"/>
  <testcase name="TestALotOfAdding" classname="LocalCMCTests" time="0.001"/>
  <testcase name="TestALotOfAdding" classname="LocalCMCTests" time="0.0"/>
  <testcase name="TestALotOfAdding" classname="LocalCMCTests" time="0.002"/>
  <testcase name="TestALotOfAdding" classname="LocalCMCTests" time="0.001"/>
  <testcase name="TestALotOfAdding" classname="LocalCMCTests" time="0.001"/>
  <testcase name="TestALotOfAdding" classname="LocalCMCTests" time="0.0"/>
  <testcase name="TestALotOfAdding" classname="LocalCMCTests" time="0.0"/>
  <testcase name="TestALotOfAdding" classname="LocalCMCTests" time="0.001"/>
  <testcase name="TestALotOfAdding" classname="LocalCMCTests" time="0.003"/>
  <testcase name="TestALotOfAdding" classname="LocalCMCTests" time="0.002"/>
  <testcase name="TestALotOfAdding" classname="LocalCMCTests" time="0.0"/>
  <testcase name="TestALotOfAdding" classname="LocalCMCTests" time="0.001"/>
  <testcase name="TestALotOfAdding" classname="LocalCMCTests" time="0.0"/>
  <testcase name="TestALotOfAdding" classname="LocalCMCTests" time="0.0"/>
  <testcase name="TestALotOfAdding" classname="LocalCMCTests" time="0.0"/>
  <testcase name="TestALotOfAdding" classname="LocalCMCTests" time="0.0"/>
  <testcase name="TestALotOfAdding" classname="LocalCMCTests" time="0.001"/>
  <testcase name="TestALotOfAdding" classname="LocalCMCTests" time="0.001"/>
  <testcase name="TestALotOfAdding" classname="LocalCMCTests" time="0.001"/>
  <testcase name="TestALotOfAdding" classname="LocalCMCTests" time="0.001"/>
  <testcase name="TestALotOfAdding" classname="LocalCMCTests" time="0.0"/>
  <testcase name="TestALotOfAdding" classname="LocalCMCTests" time="0.001"/>
  <testcase name="TestALotOfAdding" classname="LocalCMCTests" time="0.001"/>
  <testcase name="TestALotOfAdding" classname="LocalCMCTests" time="0.002"/>
  <testcase name="TestALotOfAdding" classname="LocalCMCTests" time="0.001"/>
  <testcase name="TestALotOfAdding" classname="LocalCMCTests" time="0.0"/>
  <testcase name="TestALotOfAdding" classname="LocalCMCTests" time="0.0"/>
  <testcase name="TestALotOfAdding" classname="LocalCMCTests" time="0.001"/>
  <testcase name="TestALotOfAdding" classname="LocalCMCTests" time="0.001"/>
  <testcase name="TestALotOfAdding" classname="LocalCMCTests" time="0.0"/>
  <testcase name="TestALotOfAdding" classname="LocalCMCTests" time="0.002"/>
  <testcase name="TestALotOfAdding" classname="LocalCMCTests" time="0.003"/>
  <testcase name="TestALotOfAdding" classname="LocalCMCTests" time="0.0"/>
  <testcase name="TestALotOfAdding" classname="LocalCMCTests" time="0.001"/>
  <testcase name="TestALotOfAdding" classname="LocalCMCTests" time="0.001"/>
  <testcase name="TestALotOfAdding" classname="LocalCMCTests" time="0.0"/>
  <testcase name="TestALotOfAdding" classname="LocalCMCTests" time="0.001"/>
  <testcase name="TestALotOfAdding" classname="LocalCMCTests" time="0.001"/>
  <testcase name="TestALotOfAdding" classname="LocalCMCTests" time="0.001"/>
  <testcase name="TestALotOfAdding" classname="LocalCMCTests" time="0.0"/>
  <testcase name="TestALotOfAdding" classname="LocalCMCTests" time="0.0"/>
  <testcase name="TestALotOfAdding" classname="LocalCMCTests" time="0.0"/>
  <testcase name="TestALotOfAdding" classname="LocalCMCTests" time="0.001"/>
  <testcase name="TestALotOfAdding" classname="LocalCMCTests" time="0.0"/>
  <testcase name="TestALotOfAdding" classname="LocalCMCTests" time="0.0"/>
  <testcase name="TestALotOfAdding" classname="LocalCMCTests" time="0.0"/>
  <testcase name="TestALotOfAdding" classname="LocalCMCTests" time="0.001"/>
  <testcase name="TestALotOfAdding" classname="LocalCMCTests" time="0.001"/>
  <testcase name="TestALotOfAdding" classname="LocalCMCTests" time="0.001"/>
  <testcase name="TestALotOfAdding" classname="LocalCMCTests" time="0.0"/>
  <testcase name="TestALotOfAdding" classname="LocalCMCTests" time="0.0"/>
  <testcase name="TestALotOfAdding" classname="LocalCMCTests" time="0.0"/>
  <testcase name="TestALotOfAdding" classname="LocalCMCTests" time="0.001"/>
  <testcase name="TestALotOfAdding" classname="LocalCMCTests" time="0.001"/>
  <testcase name="TestALotOfAdding" classname="LocalCMCTests" time="0.001"/>
  <testcase name="TestALotOfAdding" classname="LocalCMCTests" time="0.001"/>
  <testcase name="TestALotOfAdding" classname="LocalCMCTests" time="0.0"/>
  <testcase name="TestALotOfAdding" classname="LocalCMCTests" time="0.0"/>
  <testcase name="TestALotOfAdding" classname="LocalCMCTests" time="0.001"/>
  <testcase name="TestALotOfAdding" classname="LocalCMCTests" time="0.001"/>
  <testcase name="TestALotOfAdding" classname="LocalCMCTests" time="0.001"/>
  <testcase name="TestALotOfAdding" classname="LocalCMCTests" time="0.001"/>
  <testcase name="TestALotOfAdding" classname="LocalCMCTests" time="0.003"/>
  <testcase name="TestALotOfAdding" classname="LocalCMCTests" time="0.0"/>
  <testcase name="TestALotOfAdding" classname="LocalCMCTests" time="0.001"/>
  <testcase name="TestALotOfAdding" classname="LocalCMCTests" time="0.001"/>
  <testcase name="TestALotOfAdding" classname="LocalCMCTests" time="0.0"/>
  <testcase name="TestALotOfAdding" classname="LocalCMCTests" time="0.0"/>
  <testcase name="TestALotOfAdding" classname="LocalCMCTests" time="0.0"/>
  <testcase name="TestALotOfAdding" classname="LocalCMCTests" time="0.0"/>
  <testcase name="TestALotOfAdding" classname="LocalCMCTests" time="0.001"/>
  <testcase name="TestALotOfAdding" classname="LocalCMCTests" time="0.001"/>
  <testcase name="TestALotOfAdding" classname="LocalCMCTests" time="0.002"/>
  <testcase name="TestALotOfAdding" classname="LocalCMCTests" time="0.0"/>
  <testcase name="TestALotOfAdding" classname="LocalCMCTests" time="0.001"/>
  <testcase name="TestALotOfAdding" classname="LocalCMCTests" time="0.001"/>
  <testcase name="TestALotOfAdding" classname="LocalCMCTests" time="0.001"/>
  <testcase name="TestALotOfAdding" classname="LocalCMCTests" time="0.001"/>
  <testcase name="TestALotOfAdding" classname="LocalCMCTests" time="0.001"/>
  <testcase name="TestALotOfAdding" classname="LocalCMCTests" time="0.001"/>
  <testcase name="TestALotOfAdding" classname="LocalCMCTests" time="0.0"/>
  <testcase name="TestALotOfAdding" classname="LocalCMCTests" time="0.0"/>
  <testcase name="TestALotOfAdding" classname="LocalCMCTests" time="0.001"/>
  <testcase name="TestALotOfAdding" classname="LocalCMCTests" time="0.0"/>
  <testcase name="TestALotOfAdding" classname="LocalCMCTests" time="0.001"/>
  <testcase name="TestALotOfAdding" classname="LocalCMCTests" time="0.0"/>
  <testcase name="TestALotOfAdding" classname="LocalCMCTests" time="0.001"/>
  <testcase name="TestALotOfAdding" classname="LocalCMCTests" time="0.0"/>
  <testcase name="TestALotOfAdding" classname="LocalCMCTests" time="0.0"/>
  <testcase name="TestALotOfAdding" classname="LocalCMCTests" time="0.0"/>
  <testcase name="TestALotOfAdding" classname="LocalCMCTests" time="0.001"/>
  <testcase name="TestALotOfAdding" classname="LocalCMCTests" time="0.001"/>
  <testcase name="TestALotOfAdding" classname="LocalCMCTests" time="0.001"/>
  <testcase name="TestALotOfAdding" classname="LocalCMCTests" time="0.001"/>
  <testcase name="TestALotOfAdding" classname="LocalCMCTests" time="0.0"/>
  <testcase name="TestALotOfAdding" classname="LocalCMCTests" time="0.0"/>
  <testcase name="TestALotOfAdding" classname="LocalCMCTests" time="0.0"/>
  <testcase name="TestALotOfAdding" classname="LocalCMCTests" time="0.001"/>
  <testcase name="TestALotOfAdding" classname="LocalCMCTests" time="0.001"/>
  <testcase name="TestALotOfAdding" classname="LocalCMCTests" time="0.001"/>
  <testcase name="TestALotOfAdding" classname="LocalCMCTests" time="0.001"/>
  <testcase name="TestALotOfAdding" classname="LocalCMCTests" time="0.001"/>
  <testcase name="TestALotOfAdding" classname="LocalCMCTests" time="0.0"/>
  <testcase name="TestALotOfAdding" classname="LocalCMCTests" time="0.0"/>
  <testcase name="TestALotOfAdding" classname="LocalCMCTests" time="0.001"/>
  <testcase name="TestALotOfAdding" classname="LocalCMCTests" time="0.001"/>
  <testcase name="TestALotOfAdding" classname="LocalCMCTests" time="0.001"/>
  <testcase name="TestALotOfAdding" classname="LocalCMCTests" time="0.001"/>
  <testcase name="TestALotOfAdding" classname="LocalCMCTests" time="0.003"/>
  <testcase name="TestALotOfAdding" classname="LocalCMCTests" time="0.0"/>
  <testcase name="TestALotOfAdding" classname="LocalCMCTests" time="0.001"/>
  <testcase name="TestALotOfAdding" classname="LocalCMCTests" time="0.0"/>
  <testcase name="TestALotOfAdding" classname="LocalCMCTests" time="0.0"/>
  <testcase name="TestALotOfAdding" classname="LocalCMCTests" time="0.001"/>
  <testcase name="TestALotOfAdding" classname="LocalCMCTests" time="0.001"/>
  <testcase name="TestALotOfAdding" classname="LocalCMCTests" time="0.001"/>
  <testcase name="TestALotOfAdding" classname="LocalCMCTests" time="0.0"/>
  <testcase name="TestALotOfAdding" classname="LocalCMCTests" time="0.001"/>
  <testcase name="TestALotOfAdding" classname="LocalCMCTests" time="0.0"/>
  <testcase name="TestALotOfAdding" classname="LocalCMCTests" time="0.0"/>
  <testcase name="TestALotOfAdding" classname="LocalCMCTests" time="0.0"/>
  <testcase name="TestALotOfAdding" classname="LocalCMCTests" time="0.0"/>
  <testcase name="TestALotOfAdding" classname="LocalCMCTests" time="0.002"/>
  <testcase name="TestALotOfAdding" classname="LocalCMCTests" time="0.002"/>
  <testcase name="TestALotOfAdding" classname="LocalCMCTests" time="0.002"/>
  <testcase name="TestALotOfAdding" classname="LocalCMCTests" time="0.002"/>
  <testcase name="TestALotOfAdding" classname="LocalCMCTests" time="0.002"/>
  <testcase name="TestALotOfAdding" classname="LocalCMCTests" time="0.002"/>
  <testcase name="TestALotOfAdding" classname="LocalCMCTests" time="0.0"/>
  <testcase name="TestALotOfAdding" classname="LocalCMCTests" time="0.002"/>
  <testcase name="TestALotOfAdding" classname="LocalCMCTests" time="0.001"/>
  <testcase name="TestALotOfAdding" classname="LocalCMCTests" time="0.003"/>
  <testcase name="TestALotOfAdding" classname="LocalCMCTests" time="0.001"/>
  <testcase name="TestALotOfAdding" classname="LocalCMCTests" time="0.001"/>
  <testcase name="TestALotOfAdding" classname="LocalCMCTests" time="0.003"/>
  <testcase name="TestALotOfAdding" classname="LocalCMCTests" time="0.001"/>
  <testcase name="TestALotOfAdding" classname="LocalCMCTests" time="0.0"/>
  <testcase name="TestALotOfAdding" classname="LocalCMCTests" time="0.0"/>
  <testcase name="TestALotOfAdding" classname="LocalCMCTests" time="0.0"/>
  <testcase name="TestALotOfAdding" classname="LocalCMCTests" time="0.0"/>
  <testcase name="TestALotOfAdding" classname="LocalCMCTests" time="0.0"/>
  <testcase name="TestALotOfAdding" classname="LocalCMCTests" time="0.001"/>
  <testcase name="TestALotOfAdding" classname="LocalCMCTests" time="0.001"/>
  <testcase name="TestALotOfAdding" classname="LocalCMCTests" time="0.0"/>
  <testcase name="TestALotOfAdding" classname="LocalCMCTests" time="0.001"/>
  <testcase name="TestALotOfAdding" classname="LocalCMCTests" time="0.001"/>
  <testcase name="TestALotOfAdding" classname="LocalCMCTests" time="0.001"/>
  <testcase name="TestALotOfAdding" classname="LocalCMCTests" time="0.001"/>
  <testcase name="TestALotOfAdding" classname="LocalCMCTests" time="0.001"/>
  <testcase name="TestALotOfAdding" classname="LocalCMCTests" time="0.001"/>
  <testcase name="TestALotOfAdding" classname="LocalCMCTests" time="0.0"/>
  <testcase name="TestALotOfAdding" classname="LocalCMCTests" time="0.0"/>
  <testcase name="TestALotOfAdding" classname="LocalCMCTests" time="0.001"/>
  <testcase name="TestALotOfAdding" classname="LocalCMCTests" time="0.0"/>
  <testcase name="TestALotOfAdding" classname="LocalCMCTests" time="0.0"/>
  <testcase name="TestALotOfAdding" classname="LocalCMCTests" time="0.0"/>
  <testcase name="TestALotOfAdding" classname="LocalCMCTests" time="0.001"/>
  <testcase name="TestALotOfAdding" classname="LocalCMCTests" time="0.001"/>
  <testcase name="TestALotOfAdding" classname="LocalCMCTests" time="0.0"/>
  <testcase name="TestALotOfAdding" classname="LocalCMCTests" time="0.002"/>
  <testcase name="TestALotOfAdding" classname="LocalCMCTests" time="0.0"/>
  <testcase name="TestALotOfAdding" classname="LocalCMCTests" time="0.001"/>
  <testcase name="TestALotOfAdding" classname="LocalCMCTests" time="0.0"/>
  <testcase name="TestALotOfAdding" classname="LocalCMCTests" time="0.0"/>
  <testcase name="TestALotOfAdding" classname="LocalCMCTests" time="0.001"/>
  <testcase name="TestALotOfAdding" classname="LocalCMCTests" time="0.001"/>
  <testcase name="TestALotOfAdding" classname="LocalCMCTests" time="0.001"/>
  <testcase name="TestALotOfAdding" classname="LocalCMCTests" time="0.0"/>
  <testcase name="TestALotOfAdding" classname="LocalCMCTests" time="0.001"/>
  <testcase name="TestALotOfAdding" classname="LocalCMCTests" time="0.001"/>
  <testcase name="TestALotOfAdding" classname="LocalCMCTests" time="0.001"/>
  <testcase name="TestALotOfAdding" classname="LocalCMCTests" time="0.0"/>
  <testcase name="TestALotOfAdding" classname="LocalCMCTests" time="0.0"/>
  <testcase name="TestALotOfAdding" classname="LocalCMCTests" time="0.0"/>
  <testcase name="TestALotOfAdding" classname="LocalCMCTests" time="0.0"/>
  <testcase name="TestALotOfAdding" classname="LocalCMCTests" time="0.0"/>
  <testcase name="TestALotOfAdding" classname="LocalCMCTests" time="0.001"/>
  <testcase name="TestALotOfAdding" classname="LocalCMCTests" time="0.001"/>
  <testcase name="TestALotOfAdding" classname="LocalCMCTests" time="0.002"/>
  <testcase name="TestALotOfAdding" classname="LocalCMCTests" time="0.001"/>
  <testcase name="TestALotOfAdding" classname="LocalCMCTests" time="0.001"/>
  <testcase name="TestALotOfAdding" classname="LocalCMCTests" time="0.002"/>
  <testcase name="TestALotOfAdding" classname="LocalCMCTests" time="0.001"/>
  <testcase name="TestALotOfAdding" classname="LocalCMCTests" time="0.001"/>
  <testcase name="TestALotOfAdding" classname="LocalCMCTests" time="0.0"/>
  <testcase name="TestALotOfAdding" classname="LocalCMCTests" time="0.0"/>
  <testcase name="TestALotOfAdding" classname="LocalCMCTests" time="0.0"/>
  <testcase name="TestALotOfAdding" classname="LocalCMCTests" time="0.0"/>
  <testcase name="TestALotOfAdding" classname="LocalCMCTests" time="0.001"/>
  <testcase name="TestALotOfAdding" classname="LocalCMCTests" time="0.0"/>
  <testcase name="TestALotOfAdding" classname="LocalCMCTests" time="0.001"/>
  <testcase name="TestALotOfAdding" classname="LocalCMCTests" time="0.001"/>
  <testcase name="TestALotOfAdding" classname="LocalCMCTests" time="0.0"/>
  <testcase name="TestALotOfAdding" classname="LocalCMCTests" time="0.0"/>
  <testcase name="TestALotOfAdding" classname="LocalCMCTests" time="0.001"/>
  <testcase name="TestALotOfAdding" classname="LocalCMCTests" time="0.001"/>
  <testcase name="TestALotOfAdding" classname="LocalCMCTests" time="0.001"/>
  <testcase name="TestALotOfAdding" classname="LocalCMCTests" time="0.001"/>
  <testcase name="TestALotOfAdding" classname="LocalCMCTests" time="0.0"/>
  <testcase name="TestALotOfAdding" classname="LocalCMCTests" time="0.001"/>
  <testcase name="TestALotOfAdding" classname="LocalCMCTests" time="0.0"/>
  <testcase name="TestALotOfAdding" classname="LocalCMCTests" time="0.001"/>
  <testcase name="TestALotOfAdding" classname="LocalCMCTests" time="0.001"/>
  <testcase name="TestALotOfAdding" classname="LocalCMCTests" time="0.0"/>
  <testcase name="TestALotOfAdding" classname="LocalCMCTests" time="0.002"/>
  <testcase name="TestALotOfAdding" classname="LocalCMCTests" time="0.0"/>
  <testcase name="TestALotOfAdding" classname="LocalCMCTests" time="0.001"/>
  <testcase name="TestALotOfAdding" classname="LocalCMCTests" time="0.0"/>
  <testcase name="TestALotOfAdding" classname="LocalCMCTests" time="0.0"/>
  <testcase name="TestALotOfAdding" classname="LocalCMCTests" time="0.0"/>
  <testcase name="TestALotOfAdding" classname="LocalCMCTests" time="0.001"/>
  <testcase name="TestALotOfAdding" classname="LocalCMCTests" time="0.001"/>
  <testcase name="TestALotOfAdding" classname="LocalCMCTests" time="0.001"/>
  <testcase name="TestALotOfAdding" classname="LocalCMCTests" time="0.0"/>
  <testcase name="TestALotOfAdding" classname="LocalCMCTests" time="0.001"/>
  <testcase name="TestALotOfAdding" classname="LocalCMCTests" time="0.0"/>
  <testcase name="TestALotOfAdding" classname="LocalCMCTests" time="0.0"/>
  <testcase name="TestALotOfAdding" classname="LocalCMCTests" time="0.0"/>
  <testcase name="TestALotOfAdding" classname="LocalCMCTests" time="0.001"/>
  <testcase name="TestALotOfAdding" classname="LocalCMCTests" time="0.002"/>
  <testcase name="TestALotOfAdding" classname="LocalCMCTests" time="0.0"/>
  <testcase name="TestALotOfAdding" classname="LocalCMCTests" time="0.001"/>
  <testcase name="TestALotOfAdding" classname="LocalCMCTests" time="0.002"/>
  <testcase name="TestALotOfAdding" classname="LocalCMCTests" time="0.002"/>
  <testcase name="TestALotOfAdding" classname="LocalCMCTests" time="0.002"/>
  <testcase name="TestALotOfAdding" classname="LocalCMCTests" time="0.0"/>
  <testcase name="TestALotOfAdding" classname="LocalCMCTests" time="0.0"/>
  <testcase name="TestALotOfAdding" classname="LocalCMCTests" time="0.001"/>
  <testcase name="TestALotOfAdding" classname="LocalCMCTests" time="0.001"/>
  <testcase name="TestALotOfAdding" classname="LocalCMCTests" time="0.001"/>
  <testcase name="TestALotOfAdding" classname="LocalCMCTests" time="0.001"/>
  <testcase name="TestALotOfAdding" classname="LocalCMCTests" time="0.0"/>
  <testcase name="TestALotOfAdding" classname="LocalCMCTests" time="0.001"/>
  <testcase name="TestALotOfAdding" classname="LocalCMCTests" time="0.0"/>
  <testcase name="TestALotOfAdding" classname="LocalCMCTests" time="0.0"/>
  <testcase name="TestALotOfAdding" classname="LocalCMCTests" time="0.001"/>
  <testcase name="TestALotOfAdding" classname="LocalCMCTests" time="0.0"/>
  <testcase name="TestALotOfAdding" classname="LocalCMCTests" time="0.0"/>
  <testcase name="TestALotOfAdding" classname="LocalCMCTests" time="0.001"/>
  <testcase name="TestALotOfAdding" classname="LocalCMCTests" time="0.001"/>
  <testcase name="TestALotOfAdding" classname="LocalCMCTests" time="0.001"/>
  <testcase name="TestALotOfAdding" classname="LocalCMCTests" time="0.001"/>
  <testcase name="TestALotOfAdding" classname="LocalCMCTests" time="0.001"/>
  <testcase name="TestALotOfAdding" classname="LocalCMCTests" time="0.001"/>
  <testcase name="TestALotOfAdding" classname="LocalCMCTests" time="0.002"/>
  <testcase name="TestALotOfAdding" classname="LocalCMCTests" time="0.001"/>
  <testcase name="TestALotOfAdding" classname="LocalCMCTests" time="0.0"/>
  <testcase name="TestALotOfAdding" classname="LocalCMCTests" time="0.0"/>
  <testcase name="TestALotOfAdding" classname="LocalCMCTests" time="0.0"/>
  <testcase name="TestALotOfAdding" classname="LocalCMCTests" time="0.0"/>
  <testcase name="TestALotOfAdding" classname="LocalCMCTests" time="0.0"/>
  <testcase name="TestALotOfAdding" classname="LocalCMCTests" time="0.001"/>
  <testcase name="TestALotOfAdding" classname="LocalCMCTests" time="0.0"/>
  <testcase name="TestALotOfAdding" classname="LocalCMCTests" time="0.001"/>
  <testcase name="TestALotOfAdding" classname="LocalCMCTests" time="0.001"/>
  <testcase name="TestALotOfAdding" classname="LocalCMCTests" time="0.001"/>
  <testcase name="TestALotOfAdding" classname="LocalCMCTests" time="0.001"/>
  <testcase name="TestALotOfAdding" classname="LocalCMCTests" time="0.001"/>
  <testcase name="TestALotOfAdding" classname="LocalCMCTests" time="0.001"/>
  <testcase name="TestALotOfAdding" classname="LocalCMCTests" time="0.001"/>
  <testcase name="TestALotOfAdding" classname="LocalCMCTests" time="0.001"/>
  <testcase name="TestALotOfAdding" classname="LocalCMCTests" time="0.001"/>
  <testcase name="TestALotOfAdding" classname="LocalCMCTests" time="0.001"/>
  <testcase name="TestALotOfAdding" classname="LocalCMCTests" time="0.0"/>
  <testcase name="TestALotOfAdding" classname="LocalCMCTests" time="0.0"/>
  <testcase name="TestALotOfAdding" classname="LocalCMCTests" time="0.0"/>
  <testcase name="TestALotOfAdding" classname="LocalCMCTests" time="0.0"/>
  <testcase name="TestALotOfAdding" classname="LocalCMCTests" time="0.001"/>
  <testcase name="TestALotOfAdding" classname="LocalCMCTests" time="0.0"/>
  <testcase name="TestALotOfAdding" classname="LocalCMCTests" time="0.0"/>
  <testcase name="TestALotOfAdding" classname="LocalCMCTests" time="0.0"/>
  <testcase name="TestALotOfAdding" classname="LocalCMCTests" time="0.001"/>
  <testcase name="TestALotOfAdding" classname="LocalCMCTests" time="0.001"/>
  <testcase name="TestALotOfAdding" classname="LocalCMCTests" time="0.001"/>
  <testcase name="TestALotOfAdding" classname="LocalCMCTests" time="0.0"/>
  <testcase name="TestALotOfAdding" classname="LocalCMCTests" time="0.001"/>
  <testcase name="TestALotOfAdding" classname="LocalCMCTests" time="0.001"/>
  <testcase name="TestALotOfAdding" classname="LocalCMCTests" time="0.001"/>
  <testcase name="TestALotOfAdding" classname="LocalCMCTests" time="0.001"/>
  <testcase name="TestALotOfAdding" classname="LocalCMCTests" time="0.001"/>
  <testcase name="TestALotOfAdding" classname="LocalCMCTests" time="0.0"/>
  <testcase name="TestALotOfAdding" classname="LocalCMCTests" time="0.0"/>
  <testcase name="TestALotOfAdding" classname="LocalCMCTests" time="0.0"/>
  <testcase name="TestALotOfAdding" classname="LocalCMCTests" time="0.0"/>
  <testcase name="TestALotOfAdding" classname="LocalCMCTests" time="0.001"/>
  <testcase name="TestALotOfAdding" classname="LocalCMCTests" time="0.002"/>
  <testcase name="TestALotOfAdding" classname="LocalCMCTests" time="0.001"/>
  <testcase name="TestALotOfAdding" classname="LocalCMCTests" time="0.0"/>
  <testcase name="TestALotOfAdding" classname="LocalCMCTests" time="0.0"/>
  <testcase name="TestALotOfAdding" classname="LocalCMCTests" time="0.001"/>
  <testcase name="TestALotOfAdding" classname="LocalCMCTests" time="0.002"/>
  <testcase name="TestALotOfAdding" classname="LocalCMCTests" time="0.001"/>
  <testcase name="TestALotOfAdding" classname="LocalCMCTests" time="0.001"/>
  <testcase name="TestALotOfAdding" classname="LocalCMCTests" time="0.001"/>
  <testcase name="TestALotOfAdding" classname="LocalCMCTests" time="0.0"/>
  <testcase name="TestALotOfAdding" classname="LocalCMCTests" time="0.0"/>
  <testcase name="TestALotOfAdding" classname="LocalCMCTests" time="0.001"/>
  <testcase name="TestALotOfAdding" classname="LocalCMCTests" time="0.001"/>
  <testcase name="TestALotOfAdding" classname="LocalCMCTests" time="0.0"/>
  <testcase name="TestALotOfAdding" classname="LocalCMCTests" time="0.0"/>
  <testcase name="TestALotOfAdding" classname="LocalCMCTests" time="0.0"/>
  <testcase name="TestALotOfAdding" classname="LocalCMCTests" time="0.0"/>
  <testcase name="TestALotOfAdding" classname="LocalCMCTests" time="0.001"/>
  <testcase name="TestALotOfAdding" classname="LocalCMCTests" time="0.001"/>
  <testcase name="TestALotOfAdding" classname="LocalCMCTests" time="0.0"/>
  <testcase name="TestALotOfAdding" classname="LocalCMCTests" time="0.001"/>
  <testcase name="TestALotOfAdding" classname="LocalCMCTests" time="0.001"/>
  <testcase name="TestALotOfAdding" classname="LocalCMCTests" time="0.001"/>
  <testcase name="TestALotOfAdding" classname="LocalCMCTests" time="0.001"/>
  <testcase name="TestALotOfAdding" classname="LocalCMCTests" time="0.001"/>
  <testcase name="TestALotOfAdding" classname="LocalCMCTests" time="0.0"/>
  <testcase name="TestALotOfAdding" classname="LocalCMCTests" time="0.001"/>
  <testcase name="TestALotOfAdding" classname="LocalCMCTests" time="0.001"/>
  <testcase name="TestALotOfAdding" classname="LocalCMCTests" time="0.0"/>
  <testcase name="TestALotOfAdding" classname="LocalCMCTests" time="0.0"/>
  <testcase name="TestALotOfAdding" classname="LocalCMCTests" time="0.001"/>
  <testcase name="TestALotOfAdding" classname="LocalCMCTests" time="0.0"/>
  <testcase name="TestALotOfAdding" classname="LocalCMCTests" time="0.001"/>
  <testcase name="TestALotOfAdding" classname="LocalCMCTests" time="0.001"/>
  <testcase name="TestALotOfAdding" classname="LocalCMCTests" time="0.001"/>
  <testcase name="TestALotOfAdding" classname="LocalCMCTests" time="0.001"/>
  <testcase name="TestALotOfAdding" classname="LocalCMCTests" time="0.0"/>
  <testcase name="TestALotOfAdding" classname="LocalCMCTests" time="0.001"/>
  <testcase name="TestALotOfAdding" classname="LocalCMCTests" time="0.001"/>
  <testcase name="TestALotOfAdding" classname="LocalCMCTests" time="0.0"/>
  <testcase name="TestALotOfAdding" classname="LocalCMCTests" time="0.001"/>
  <testcase name="TestALotOfAdding" classname="LocalCMCTests" time="0.0"/>
  <testcase name="TestALotOfAdding" classname="LocalCMCTests" time="0.0"/>
  <testcase name="TestALotOfAdding" classname="LocalCMCTests" time="0.0"/>
  <testcase name="TestALotOfAdding" classname="LocalCMCTests" time="0.001"/>
  <testcase name="TestALotOfAdding" classname="LocalCMCTests" time="0.0"/>
  <testcase name="TestALotOfAdding" classname="LocalCMCTests" time="0.001"/>
  <testcase name="TestALotOfAdding" classname="LocalCMCTests" time="0.001"/>
  <testcase name="TestALotOfAdding" classname="LocalCMCTests" time="0.001"/>
  <testcase name="TestALotOfAdding" classname="LocalCMCTests" time="0.001"/>
  <testcase name="TestALotOfAdding" classname="LocalCMCTests" time="0.001"/>
  <testcase name="TestALotOfAdding" classname="LocalCMCTests" time="0.001"/>
  <testcase name="TestALotOfAdding" classname="LocalCMCTests" time="0.002"/>
  <testcase name="TestALotOfAdding" classname="LocalCMCTests" time="0.001"/>
  <testcase name="TestALotOfAdding" classname="LocalCMCTests" time="0.001"/>
  <testcase name="TestALotOfAdding" classname="LocalCMCTests" time="0.001"/>
  <testcase name="TestALotOfAdding" classname="LocalCMCTests" time="0.0"/>
  <testcase name="TestALotOfAdding" classname="LocalCMCTests" time="0.001"/>
  <testcase name="TestALotOfAdding" classname="LocalCMCTests" time="0.0"/>
  <testcase name="TestALotOfAdding" classname="LocalCMCTests" time="0.0"/>
  <testcase name="TestALotOfAdding" classname="LocalCMCTests" time="0.0"/>
  <testcase name="TestALotOfAdding" classname="LocalCMCTests" time="0.0"/>
  <testcase name="TestALotOfAdding" classname="LocalCMCTests" time="0.001"/>
  <testcase name="TestALotOfAdding" classname="LocalCMCTests" time="0.001"/>
  <testcase name="TestALotOfAdding" classname="LocalCMCTests" time="0.0"/>
  <testcase name="TestALotOfAdding" classname="LocalCMCTests" time="0.001"/>
  <testcase name="TestALotOfAdding" classname="LocalCMCTests" time="0.001"/>
  <testcase name="TestALotOfAdding" classname="LocalCMCTests" time="0.0"/>
  <testcase name="TestALotOfAdding" classname="LocalCMCTests" time="0.001"/>
  <testcase name="TestALotOfAdding" classname="LocalCMCTests" time="0.001"/>
  <testcase name="TestALotOfAdding" classname="LocalCMCTests" time="0.0"/>
  <testcase name="TestALotOfAdding" classname="LocalCMCTests" time="0.001"/>
  <testcase name="TestALotOfAdding" classname="LocalCMCTests" time="0.001"/>
  <testcase name="TestALotOfAdding" classname="LocalCMCTests" time="0.0"/>
  <testcase name="TestALotOfAdding" classname="LocalCMCTests" time="0.0"/>
  <testcase name="TestALotOfAdding" classname="LocalCMCTests" time="0.001"/>
  <testcase name="TestALotOfAdding" classname="LocalCMCTests" time="0.002"/>
  <testcase name="TestALotOfAdding" classname="LocalCMCTests" time="0.0"/>
  <testcase name="TestALotOfAdding" classname="LocalCMCTests" time="0.0"/>
  <testcase name="TestALotOfAdding" classname="LocalCMCTests" time="0.001"/>
  <testcase name="TestALotOfAdding" classname="LocalCMCTests" time="0.001"/>
  <testcase name="TestALotOfAdding" classname="LocalCMCTests" time="0.001"/>
  <testcase name="TestALotOfAdding" classname="LocalCMCTests" time="0.0"/>
  <testcase name="TestALotOfAdding" classname="LocalCMCTests" time="0.001"/>
  <testcase name="TestALotOfAdding" classname="LocalCMCTests" time="0.001"/>
  <testcase name="TestALotOfAdding" classname="LocalCMCTests" time="0.0"/>
  <testcase name="TestALotOfAdding" classname="LocalCMCTests" time="0.001"/>
  <testcase name="TestALotOfAdding" classname="LocalCMCTests" time="0.0"/>
  <testcase name="TestALotOfAdding" classname="LocalCMCTests" time="0.0"/>
  <testcase name="TestALotOfAdding" classname="LocalCMCTests" time="0.0"/>
  <testcase name="TestALotOfAdding" classname="LocalCMCTests" time="0.0"/>
  <testcase name="TestALotOfAdding" classname="LocalCMCTests" time="0.002"/>
  <testcase name="TestALotOfAdding" classname="LocalCMCTests" time="0.001"/>
  <testcase name="TestALotOfAdding" classname="LocalCMCTests" time="0.001"/>
  <testcase name="TestALotOfAdding" classname="LocalCMCTests" time="0.001"/>
  <testcase name="TestALotOfAdding" classname="LocalCMCTests" time="0.0"/>
  <testcase name="TestALotOfAdding" classname="LocalCMCTests" time="0.0"/>
  <testcase name="TestALotOfAdding" classname="LocalCMCTests" time="0.001"/>
  <testcase name="TestALotOfAdding" classname="LocalCMCTests" time="0.0"/>
  <testcase name="TestALotOfAdding" classname="LocalCMCTests" time="0.001"/>
  <testcase name="TestALotOfAdding" classname="LocalCMCTests" time="0.001"/>
  <testcase name="TestALotOfAdding" classname="LocalCMCTests" time="0.0"/>
  <testcase name="TestALotOfAdding" classname="LocalCMCTests" time="0.0"/>
  <testcase name="TestALotOfAdding" classname="LocalCMCTests" time="0.001"/>
  <testcase name="TestALotOfAdding" classname="LocalCMCTests" time="0.0"/>
  <testcase name="TestALotOfAdding" classname="LocalCMCTests" time="0.0"/>
  <testcase name="TestALotOfAdding" classname="LocalCMCTests" time="0.0"/>
  <testcase name="TestALotOfAdding" classname="LocalCMCTests" time="0.0"/>
  <testcase name="TestALotOfAdding" classname="LocalCMCTests" time="0.001"/>
  <testcase name="TestALotOfAdding" classname="LocalCMCTests" time="0.001"/>
  <testcase name="TestALotOfAdding" classname="LocalCMCTests" time="0.001"/>
  <testcase name="TestALotOfAdding" classname="LocalCMCTests" time="0.001"/>
  <testcase name="TestALotOfAdding" classname="LocalCMCTests" time="0.001"/>
  <testcase name="TestALotOfAdding" classname="LocalCMCTests" time="0.002"/>
  <testcase name="TestALotOfAdding" classname="LocalCMCTests" time="0.001"/>
  <testcase name="TestALotOfAdding" classname="LocalCMCTests" time="0.003"/>
  <testcase name="TestALotOfAdding" classname="LocalCMCTests" time="0.0"/>
  <testcase name="TestALotOfAdding" classname="LocalCMCTests" time="0.0"/>
  <testcase name="TestALotOfAdding" classname="LocalCMCTests" time="0.0"/>
  <testcase name="TestALotOfAdding" classname="LocalCMCTests" time="0.001"/>
  <testcase name="TestALotOfAdding" classname="LocalCMCTests" time="0.0"/>
  <testcase name="TestALotOfAdding" classname="LocalCMCTests" time="0.0"/>
  <testcase name="TestALotOfAdding" classname="LocalCMCTests" time="0.001"/>
  <testcase name="TestALotOfAdding" classname="LocalCMCTests" time="0.001"/>
  <testcase name="TestALotOfAdding" classname="LocalCMCTests" time="0.001"/>
  <testcase name="TestALotOfAdding" classname="LocalCMCTests" time="0.001"/>
  <testcase name="TestALotOfAdding" classname="LocalCMCTests" time="0.001"/>
  <testcase name="TestALotOfAdding" classname="LocalCMCTests" time="0.001"/>
  <testcase name="TestALotOfAdding" classname="LocalCMCTests" time="0.001"/>
  <testcase name="TestALotOfAdding" classname="LocalCMCTests" time="0.001"/>
  <testcase name="TestALotOfAdding" classname="LocalCMCTests" time="0.0"/>
  <testcase name="TestALotOfAdding" classname="LocalCMCTests" time="0.0"/>
  <testcase name="TestALotOfAdding" classname="LocalCMCTests" time="0.0"/>
  <testcase name="TestALotOfAdding" classname="LocalCMCTests" time="0.0"/>
  <testcase name="TestALotOfAdding" classname="LocalCMCTests" time="0.0"/>
  <testcase name="TestALotOfAdding" classname="LocalCMCTests" time="0.0"/>
  <testcase name="TestALotOfAdding" classname="LocalCMCTests" time="0.001"/>
  <testcase name="TestALotOfAdding" classname="LocalCMCTests" time="0.0"/>
  <testcase name="TestALotOfAdding" classname="LocalCMCTests" time="0.001"/>
  <testcase name="TestALotOfAdding" classname="LocalCMCTests" time="0.0"/>
  <testcase name="TestALotOfAdding" classname="LocalCMCTests" time="0.001"/>
  <testcase name="TestALotOfAdding" classname="LocalCMCTests" time="0.001"/>
  <testcase name="TestALotOfAdding" classname="LocalCMCTests" time="0.001"/>
  <testcase name="TestALotOfAdding" classname="LocalCMCTests" time="0.0"/>
  <testcase name="TestALotOfAdding" classname="LocalCMCTests" time="0.001"/>
  <testcase name="TestALotOfAdding" classname="LocalCMCTests" time="0.001"/>
  <testcase name="TestALotOfAdding" classname="LocalCMCTests" time="0.001"/>
  <testcase name="TestALotOfAdding" classname="LocalCMCTests" time="0.001"/>
  <testcase name="TestALotOfAdding" classname="LocalCMCTests" time="0.001"/>
  <testcase name="TestALotOfAdding" classname="LocalCMCTests" time="0.0"/>
  <testcase name="TestALotOfAdding" classname="LocalCMCTests" time="0.0"/>
  <testcase name="TestALotOfAdding" classname="LocalCMCTests" time="0.0"/>
  <testcase name="TestALotOfAdding" classname="LocalCMCTests" time="0.0"/>
  <testcase name="TestALotOfAdding" classname="LocalCMCTests" time="0.001"/>
  <testcase name="TestALotOfAdding" classname="LocalCMCTests" time="0.0"/>
  <testcase name="TestALotOfAdding" classname="LocalCMCTests" time="0.001"/>
  <testcase name="TestALotOfAdding" classname="LocalCMCTests" time="0.002"/>
  <testcase name="TestALotOfAdding" classname="LocalCMCTests" time="0.0"/>
  <testcase name="TestALotOfAdding" classname="LocalCMCTests" time="0.001"/>
  <testcase name="TestALotOfAdding" classname="LocalCMCTests" time="0.001"/>
  <testcase name="TestALotOfAdding" classname="LocalCMCTests" time="0.001"/>
  <testcase name="TestALotOfAdding" classname="LocalCMCTests" time="0.001"/>
  <testcase name="TestALotOfAdding" classname="LocalCMCTests" time="0.001"/>
  <testcase name="TestALotOfAdding" classname="LocalCMCTests" time="0.001"/>
  <testcase name="TestALotOfAdding" classname="LocalCMCTests" time="0.0"/>
  <testcase name="TestALotOfAdding" classname="LocalCMCTests" time="0.0"/>
  <testcase name="TestALotOfAdding" classname="LocalCMCTests" time="0.001"/>
  <testcase name="TestALotOfAdding" classname="LocalCMCTests" time="0.0"/>
  <testcase name="TestALotOfAdding" classname="LocalCMCTests" time="0.0"/>
  <testcase name="TestALotOfAdding" classname="LocalCMCTests" time="0.001"/>
  <testcase name="TestALotOfAdding" classname="LocalCMCTests" time="0.001"/>
  <testcase name="TestALotOfAdding" classname="LocalCMCTests" time="0.001"/>
  <testcase name="TestALotOfAdding" classname="LocalCMCTests" time="0.001"/>
  <testcase name="TestALotOfAdding" classname="LocalCMCTests" time="0.0"/>
  <testcase name="TestALotOfAdding" classname="LocalCMCTests" time="0.0"/>
  <testcase name="TestALotOfAdding" classname="LocalCMCTests" time="0.0"/>
  <testcase name="TestALotOfAdding" classname="LocalCMCTests" time="0.001"/>
  <testcase name="TestALotOfAdding" classname="LocalCMCTests" time="0.001"/>
  <testcase name="TestALotOfAdding" classname="LocalCMCTests" time="0.002"/>
  <testcase name="TestALotOfAdding" classname="LocalCMCTests" time="0.001"/>
  <testcase name="TestALotOfAdding" classname="LocalCMCTests" time="0.002"/>
  <testcase name="TestALotOfAdding" classname="LocalCMCTests" time="0.002"/>
  <testcase name="TestALotOfAdding" classname="LocalCMCTests" time="0.0"/>
  <testcase name="TestALotOfAdding" classname="LocalCMCTests" time="0.0"/>
  <testcase name="TestALotOfAdding" classname="LocalCMCTests" time="0.0"/>
  <testcase name="TestALotOfAdding" classname="LocalCMCTests" time="0.0"/>
  <testcase name="TestALotOfAdding" classname="LocalCMCTests" time="0.001"/>
  <testcase name="TestALotOfAdding" classname="LocalCMCTests" time="0.0"/>
  <testcase name="TestALotOfAdding" classname="LocalCMCTests" time="0.001"/>
  <testcase name="TestALotOfAdding" classname="LocalCMCTests" time="0.0"/>
  <testcase name="TestALotOfAdding" classname="LocalCMCTests" time="0.002"/>
  <testcase name="TestALotOfAdding" classname="LocalCMCTests" time="0.002"/>
  <testcase name="TestALotOfAdding" classname="LocalCMCTests" time="0.0"/>
  <testcase name="TestALotOfAdding" classname="LocalCMCTests" time="0.002"/>
  <testcase name="TestALotOfAdding" classname="LocalCMCTests" time="0.0"/>
  <testcase name="TestALotOfAdding" classname="LocalCMCTests" time="0.0"/>
  <testcase name="TestALotOfAdding" classname="LocalCMCTests" time="0.0"/>
  <testcase name="TestALotOfAdding" classname="LocalCMCTests" time="0.001"/>
  <testcase name="TestALotOfAdding" classname="LocalCMCTests" time="0.0"/>
  <testcase name="TestALotOfAdding" classname="LocalCMCTests" time="0.001"/>
  <testcase name="TestALotOfAdding" classname="LocalCMCTests" time="0.001"/>
  <testcase name="TestALotOfAdding" classname="LocalCMCTests" time="0.0"/>
  <testcase name="TestALotOfAdding" classname="LocalCMCTests" time="0.001"/>
  <testcase name="TestALotOfAdding" classname="LocalCMCTests" time="0.001"/>
  <testcase name="TestALotOfAdding" classname="LocalCMCTests" time="0.001"/>
  <testcase name="TestALotOfAdding" classname="LocalCMCTests" time="0.0"/>
  <testcase name="TestALotOfAdding" classname="LocalCMCTests" time="0.001"/>
  <testcase name="TestALotOfAdding" classname="LocalCMCTests" time="0.0"/>
  <testcase name="TestALotOfAdding" classname="LocalCMCTests" time="0.001"/>
  <testcase name="TestALotOfAdding" classname="LocalCMCTests" time="0.0"/>
  <testcase name="TestALotOfAdding" classname="LocalCMCTests" time="0.0"/>
  <testcase name="TestALotOfAdding" classname="LocalCMCTests" time="0.001"/>
  <testcase name="TestALotOfAdding" classname="LocalCMCTests" time="0.0"/>
  <testcase name="TestALotOfAdding" classname="LocalCMCTests" time="0.001"/>
  <testcase name="TestALotOfAdding" classname="LocalCMCTests" time="0.001"/>
  <testcase name="TestALotOfAdding" classname="LocalCMCTests" time="0.0"/>
  <testcase name="TestALotOfAdding" classname="LocalCMCTests" time="0.001"/>
  <testcase name="TestALotOfAdding" classname="LocalCMCTests" time="0.0"/>
  <testcase name="TestALotOfAdding" classname="LocalCMCTests" time="0.0"/>
  <testcase name="TestALotOfAdding" classname="LocalCMCTests" time="0.001"/>
  <testcase name="TestALotOfAdding" classname="LocalCMCTests" time="0.001"/>
  <testcase name="TestALotOfAdding" classname="LocalCMCTests" time="0.002"/>
  <testcase name="TestALotOfAdding" classname="LocalCMCTests" time="0.002"/>
  <testcase name="TestALotOfAdding" classname="LocalCMCTests" time="0.002"/>
  <testcase name="TestALotOfAdding" classname="LocalCMCTests" time="0.0"/>
  <testcase name="TestALotOfAdding" classname="LocalCMCTests" time="0.0"/>
  <testcase name="TestALotOfAdding" classname="LocalCMCTests" time="0.002"/>
  <testcase name="TestALotOfAdding" classname="LocalCMCTests" time="0.001"/>
  <testcase name="TestALotOfAdding" classname="LocalCMCTests" time="0.0"/>
  <testcase name="TestALotOfAdding" classname="LocalCMCTests" time="0.0"/>
  <testcase name="TestALotOfAdding" classname="LocalCMCTests" time="0.001"/>
  <testcase name="TestALotOfAdding" classname="LocalCMCTests" time="0.002"/>
  <testcase name="TestALotOfAdding" classname="LocalCMCTests" time="0.002"/>
  <testcase name="TestALotOfAdding" classname="LocalCMCTests" time="0.002"/>
  <testcase name="TestALotOfAdding" classname="LocalCMCTests" time="0.001"/>
  <testcase name="TestALotOfAdding" classname="LocalCMCTests" time="0.0"/>
  <testcase name="TestALotOfAdding" classname="LocalCMCTests" time="0.001"/>
  <testcase name="TestALotOfAdding" classname="LocalCMCTests" time="0.001"/>
  <testcase name="TestALotOfAdding" classname="LocalCMCTests" time="0.001"/>
  <testcase name="TestALotOfAdding" classname="LocalCMCTests" time="0.001"/>
  <testcase name="TestALotOfAdding" classname="LocalCMCTests" time="0.001"/>
  <testcase name="TestALotOfAdding" classname="LocalCMCTests" time="0.0"/>
  <testcase name="TestALotOfAdding" classname="LocalCMCTests" time="0.0"/>
  <testcase name="TestALotOfAdding" classname="LocalCMCTests" time="0.001"/>
  <testcase name="TestALotOfAdding" classname="LocalCMCTests" time="0.0"/>
  <testcase name="TestALotOfAdding" classname="LocalCMCTests" time="0.0"/>
  <testcase name="TestALotOfAdding" classname="LocalCMCTests" time="0.0"/>
  <testcase name="TestALotOfAdding" classname="LocalCMCTests" time="0.001"/>
  <testcase name="TestALotOfAdding" classname="LocalCMCTests" time="0.001"/>
  <testcase name="TestALotOfAdding" classname="LocalCMCTests" time="0.001"/>
  <testcase name="TestALotOfAdding" classname="LocalCMCTests" time="0.001"/>
  <testcase name="TestALotOfAdding" classname="LocalCMCTests" time="0.001"/>
  <testcase name="TestALotOfAdding" classname="LocalCMCTests" time="0.001"/>
  <testcase name="TestALotOfAdding" classname="LocalCMCTests" time="0.001"/>
  <testcase name="TestALotOfAdding" classname="LocalCMCTests" time="0.0"/>
  <testcase name="TestALotOfAdding" classname="LocalCMCTests" time="0.0"/>
  <testcase name="TestALotOfAdding" classname="LocalCMCTests" time="0.001"/>
  <testcase name="TestALotOfAdding" classname="LocalCMCTests" time="0.001"/>
  <testcase name="TestALotOfAdding" classname="LocalCMCTests" time="0.0"/>
  <testcase name="TestALotOfAdding" classname="LocalCMCTests" time="0.0"/>
  <testcase name="TestALotOfAdding" classname="LocalCMCTests" time="0.0"/>
  <testcase name="TestALotOfAdding" classname="LocalCMCTests" time="0.001"/>
  <testcase name="TestALotOfAdding" classname="LocalCMCTests" time="0.002"/>
  <testcase name="TestALotOfAdding" classname="LocalCMCTests" time="0.0"/>
  <testcase name="TestALotOfAdding" classname="LocalCMCTests" time="0.0"/>
  <testcase name="TestALotOfAdding" classname="LocalCMCTests" time="0.0"/>
  <testcase name="TestALotOfAdding" classname="LocalCMCTests" time="0.001"/>
  <testcase name="TestALotOfAdding" classname="LocalCMCTests" time="0.001"/>
  <testcase name="TestALotOfAdding" classname="LocalCMCTests" time="0.001"/>
  <testcase name="TestALotOfAdding" classname="LocalCMCTests" time="0.001"/>
  <testcase name="TestALotOfAdding" classname="LocalCMCTests" time="0.001"/>
  <testcase name="TestALotOfAdding" classname="LocalCMCTests" time="0.001"/>
  <testcase name="TestALotOfAdding" classname="LocalCMCTests" time="0.0"/>
  <testcase name="TestALotOfAdding" classname="LocalCMCTests" time="0.0"/>
  <testcase name="TestALotOfAdding" classname="LocalCMCTests" time="0.0"/>
  <testcase name="TestALotOfAdding" classname="LocalCMCTests" time="0.001"/>
  <testcase name="TestALotOfAdding" classname="LocalCMCTests" time="0.0"/>
  <testcase name="TestALotOfAdding" classname="LocalCMCTests" time="0.001"/>
  <testcase name="TestALotOfAdding" classname="LocalCMCTests" time="0.001"/>
  <testcase name="TestALotOfAdding" classname="LocalCMCTests" time="0.001"/>
  <testcase name="TestALotOfAdding" classname="LocalCMCTests" time="0.001"/>
  <testcase name="TestALotOfAdding" classname="LocalCMCTests" time="0.0"/>
  <testcase name="TestALotOfAdding" classname="LocalCMCTests" time="0.0"/>
  <testcase name="TestALotOfAdding" classname="LocalCMCTests" time="0.001"/>
  <testcase name="TestALotOfAdding" classname="LocalCMCTests" time="0.001"/>
  <testcase name="TestALotOfAdding" classname="LocalCMCTests" time="0.001"/>
  <testcase name="TestALotOfAdding" classname="LocalCMCTests" time="0.0"/>
  <testcase name="TestALotOfAdding" classname="LocalCMCTests" time="0.001"/>
  <testcase name="TestALotOfAdding" classname="LocalCMCTests" time="0.001"/>
  <testcase name="TestALotOfAdding" classname="LocalCMCTests" time="0.0"/>
  <testcase name="TestALotOfAdding" classname="LocalCMCTests" time="0.001"/>
  <testcase name="TestALotOfAdding" classname="LocalCMCTests" time="0.001"/>
  <testcase name="TestALotOfAdding" classname="LocalCMCTests" time="0.001"/>
  <testcase name="TestALotOfAdding" classname="LocalCMCTests" time="0.001"/>
  <testcase name="TestALotOfAdding" classname="LocalCMCTests" time="0.0"/>
  <testcase name="TestALotOfAdding" classname="LocalCMCTests" time="0.001"/>
  <testcase name="TestALotOfAdding" classname="LocalCMCTests" time="0.001"/>
  <testcase name="TestALotOfAdding" classname="LocalCMCTests" time="0.001"/>
  <testcase name="TestALotOfAdding" classname="LocalCMCTests" time="0.001"/>
  <testcase name="TestALotOfAdding" classname="LocalCMCTests" time="0.001"/>
  <testcase name="TestALotOfAdding" classname="LocalCMCTests" time="0.0"/>
  <testcase name="TestALotOfAdding" classname="LocalCMCTests" time="0.001"/>
  <testcase name="TestALotOfAdding" classname="LocalCMCTests" time="0.0"/>
  <testcase name="TestALotOfAdding" classname="LocalCMCTests" time="0.0"/>
  <testcase name="TestALotOfAdding" classname="LocalCMCTests" time="0.0"/>
  <testcase name="TestALotOfAdding" classname="LocalCMCTests" time="0.0"/>
  <testcase name="TestALotOfAdding" classname="LocalCMCTests" time="0.0"/>
  <testcase name="TestALotOfAdding" classname="LocalCMCTests" time="0.001"/>
  <testcase name="TestALotOfAdding" classname="LocalCMCTests" time="0.001"/>
  <testcase name="TestALotOfAdding" classname="LocalCMCTests" time="0.0"/>
  <testcase name="TestALotOfAdding" classname="LocalCMCTests" time="0.0"/>
  <testcase name="TestALotOfAdding" classname="LocalCMCTests" time="0.001"/>
  <testcase name="TestALotOfAdding" classname="LocalCMCTests" time="0.001"/>
  <testcase name="TestALotOfAdding" classname="LocalCMCTests" time="0.001"/>
  <testcase name="TestALotOfAdding" classname="LocalCMCTests" time="0.001"/>
  <testcase name="TestALotOfAdding" classname="LocalCMCTests" time="0.002"/>
  <testcase name="TestALotOfAdding" classname="LocalCMCTests" time="0.0"/>
  <testcase name="TestALotOfAdding" classname="LocalCMCTests" time="0.001"/>
  <testcase name="TestALotOfAdding" classname="LocalCMCTests" time="0.001"/>
  <testcase name="TestALotOfAdding" classname="LocalCMCTests" time="0.0"/>
  <testcase name="TestALotOfAdding" classname="LocalCMCTests" time="0.0"/>
  <testcase name="TestALotOfAdding" classname="LocalCMCTests" time="0.0"/>
  <testcase name="TestALotOfAdding" classname="LocalCMCTests" time="0.001"/>
  <testcase name="TestALotOfAdding" classname="LocalCMCTests" time="0.001"/>
  <testcase name="TestALotOfAdding" classname="LocalCMCTests" time="0.001"/>
  <testcase name="TestALotOfAdding" classname="LocalCMCTests" time="0.001"/>
  <testcase name="TestALotOfAdding" classname="LocalCMCTests" time="0.001"/>
  <testcase name="TestALotOfAdding" classname="LocalCMCTests" time="0.0"/>
  <testcase name="TestALotOfAdding" classname="LocalCMCTests" time="0.001"/>
  <testcase name="TestALotOfAdding" classname="LocalCMCTests" time="0.001"/>
  <testcase name="TestALotOfAdding" classname="LocalCMCTests" time="0.0"/>
  <testcase name="TestALotOfAdding" classname="LocalCMCTests" time="0.001"/>
  <testcase name="TestALotOfAdding" classname="LocalCMCTests" time="0.001"/>
  <testcase name="TestALotOfAdding" classname="LocalCMCTests" time="0.0"/>
  <testcase name="TestALotOfAdding" classname="LocalCMCTests" time="0.0"/>
  <testcase name="TestALotOfAdding" classname="LocalCMCTests" time="0.0"/>
  <testcase name="TestALotOfAdding" classname="LocalCMCTests" time="0.0"/>
  <testcase name="TestALotOfAdding" classname="LocalCMCTests" time="0.001"/>
  <testcase name="TestALotOfAdding" classname="LocalCMCTests" time="0.002"/>
  <testcase name="TestALotOfAdding" classname="LocalCMCTests" time="0.0"/>
  <testcase name="TestALotOfAdding" classname="LocalCMCTests" time="0.0"/>
  <testcase name="TestALotOfAdding" classname="LocalCMCTests" time="0.001"/>
  <testcase name="TestALotOfAdding" classname="LocalCMCTests" time="0.001"/>
  <testcase name="TestALotOfAdding" classname="LocalCMCTests" time="0.0"/>
  <testcase name="TestALotOfAdding" classname="LocalCMCTests" time="0.001"/>
  <testcase name="TestALotOfAdding" classname="LocalCMCTests" time="0.001"/>
  <testcase name="TestALotOfAdding" classname="LocalCMCTests" time="0.001"/>
  <testcase name="TestALotOfAdding" classname="LocalCMCTests" time="0.001"/>
  <testcase name="TestALotOfAdding" classname="LocalCMCTests" time="0.001"/>
  <testcase name="TestALotOfAdding" classname="LocalCMCTests" time="0.0"/>
  <testcase name="TestALotOfAdding" classname="LocalCMCTests" time="0.0"/>
  <testcase name="TestALotOfAdding" classname="LocalCMCTests" time="0.0"/>
  <testcase name="TestALotOfAdding" classname="LocalCMCTests" time="0.0"/>
  <testcase name="TestALotOfAdding" classname="LocalCMCTests" time="0.001"/>
  <testcase name="TestALotOfAdding" classname="LocalCMCTests" time="0.001"/>
  <testcase name="TestALotOfAdding" classname="LocalCMCTests" time="0.001"/>
  <testcase name="TestALotOfAdding" classname="LocalCMCTests" time="0.0"/>
  <testcase name="TestALotOfAdding" classname="LocalCMCTests" time="0.001"/>
  <testcase name="TestALotOfAdding" classname="LocalCMCTests" time="0.001"/>
  <testcase name="TestALotOfAdding" classname="LocalCMCTests" time="0.001"/>
  <testcase name="TestALotOfAdding" classname="LocalCMCTests" time="0.0"/>
  <testcase name="TestALotOfAdding" classname="LocalCMCTests" time="0.001"/>
  <testcase name="TestALotOfAdding" classname="LocalCMCTests" time="0.001"/>
  <testcase name="TestALotOfAdding" classname="LocalCMCTests" time="0.001"/>
  <testcase name="TestALotOfAdding" classname="LocalCMCTests" time="0.0"/>
  <testcase name="TestALotOfAdding" classname="LocalCMCTests" time="0.0"/>
  <testcase name="TestALotOfAdding" classname="LocalCMCTests" time="0.0"/>
  <testcase name="TestALotOfAdding" classname="LocalCMCTests" time="0.001"/>
  <testcase name="TestALotOfAdding" classname="LocalCMCTests" time="0.0"/>
  <testcase name="TestALotOfAdding" classname="LocalCMCTests" time="0.0"/>
  <testcase name="TestALotOfAdding" classname="LocalCMCTests" time="0.001"/>
  <testcase name="TestALotOfAdding" classname="LocalCMCTests" time="0.001"/>
  <testcase name="TestALotOfAdding" classname="LocalCMCTests" time="0.001"/>
  <testcase name="TestALotOfAdding" classname="LocalCMCTests" time="0.001"/>
  <testcase name="TestALotOfAdding" classname="LocalCMCTests" time="0.001"/>
  <testcase name="TestALotOfAdding" classname="LocalCMCTests" time="0.001"/>
  <testcase name="TestALotOfAdding" classname="LocalCMCTests" time="0.001"/>
  <testcase name="TestALotOfAdding" classname="LocalCMCTests" time="0.001"/>
  <testcase name="TestALotOfAdding" classname="LocalCMCTests" time="0.001"/>
  <testcase name="TestALotOfAdding" classname="LocalCMCTests" time="0.0"/>
  <testcase name="TestALotOfAdding" classname="LocalCMCTests" time="0.0"/>
  <testcase name="TestALotOfAdding" classname="LocalCMCTests" time="0.0"/>
  <testcase name="TestALotOfAdding" classname="LocalCMCTests" time="0.0"/>
  <testcase name="TestALotOfAdding" classname="LocalCMCTests" time="0.002"/>
  <testcase name="TestALotOfAdding" classname="LocalCMCTests" time="0.001"/>
  <testcase name="TestALotOfAdding" classname="LocalCMCTests" time="0.001"/>
  <testcase name="TestALotOfAdding" classname="LocalCMCTests" time="0.001"/>
  <testcase name="TestALotOfAdding" classname="LocalCMCTests" time="0.001"/>
  <testcase name="TestALotOfAdding" classname="LocalCMCTests" time="0.001"/>
  <testcase name="TestALotOfAdding" classname="LocalCMCTests" time="0.001"/>
  <testcase name="TestALotOfAdding" classname="LocalCMCTests" time="0.0"/>
  <testcase name="TestALotOfAdding" classname="LocalCMCTests" time="0.001"/>
  <testcase name="TestALotOfAdding" classname="LocalCMCTests" time="0.0"/>
  <testcase name="TestALotOfAdding" classname="LocalCMCTests" time="0.0"/>
  <testcase name="TestALotOfAdding" classname="LocalCMCTests" time="0.001"/>
  <testcase name="TestALotOfAdding" classname="LocalCMCTests" time="0.0"/>
  <testcase name="TestALotOfAdding" classname="LocalCMCTests" time="0.0"/>
  <testcase name="TestALotOfAdding" classname="LocalCMCTests" time="0.001"/>
  <testcase name="TestALotOfAdding" classname="LocalCMCTests" time="0.001"/>
  <testcase name="TestALotOfAdding" classname="LocalCMCTests" time="0.001"/>
  <testcase name="TestALotOfAdding" classname="LocalCMCTests" time="0.001"/>
  <testcase name="TestALotOfAdding" classname="LocalCMCTests" time="0.001"/>
  <testcase name="TestALotOfAdding" classname="LocalCMCTests" time="0.002"/>
  <testcase name="TestALotOfAdding" classname="LocalCMCTests" time="0.001"/>
  <testcase name="TestALotOfAdding" classname="LocalCMCTests" time="0.001"/>
  <testcase name="TestALotOfAdding" classname="LocalCMCTests" time="0.001"/>
  <testcase name="TestALotOfAdding" classname="LocalCMCTests" time="0.0"/>
  <testcase name="TestALotOfAdding" classname="LocalCMCTests" time="0.0"/>
  <testcase name="TestALotOfAdding" classname="LocalCMCTests" time="0.001"/>
  <testcase name="TestALotOfAdding" classname="LocalCMCTests" time="0.0"/>
  <testcase name="TestALotOfAdding" classname="LocalCMCTests" time="0.0"/>
  <testcase name="TestALotOfAdding" classname="LocalCMCTests" time="0.0"/>
  <testcase name="TestALotOfAdding" classname="LocalCMCTests" time="0.0"/>
  <testcase name="TestALotOfAdding" classname="LocalCMCTests" time="0.0"/>
  <testcase name="TestALotOfAdding" classname="LocalCMCTests" time="0.0"/>
  <testcase name="TestALotOfAdding" classname="LocalCMCTests" time="0.0"/>
  <testcase name="TestALotOfAdding" classname="LocalCMCTests" time="0.001"/>
  <testcase name="TestALotOfAdding" classname="LocalCMCTests" time="0.001"/>
  <testcase name="TestALotOfAdding" classname="LocalCMCTests" time="0.001"/>
  <testcase name="TestALotOfAdding" classname="LocalCMCTests" time="0.0"/>
  <testcase name="TestALotOfAdding" classname="LocalCMCTests" time="0.001"/>
  <testcase name="TestALotOfAdding" classname="LocalCMCTests" time="0.001"/>
  <testcase name="TestALotOfAdding" classname="LocalCMCTests" time="0.0"/>
  <testcase name="TestALotOfAdding" classname="LocalCMCTests" time="0.0"/>
  <testcase name="TestALotOfAdding" classname="LocalCMCTests" time="0.0"/>
  <testcase name="TestALotOfAdding" classname="LocalCMCTests" time="0.001"/>
  <testcase name="TestALotOfAdding" classname="LocalCMCTests" time="0.0"/>
  <testcase name="TestALotOfAdding" classname="LocalCMCTests" time="0.001"/>
  <testcase name="TestALotOfAdding" classname="LocalCMCTests" time="0.001"/>
  <testcase name="TestALotOfAdding" classname="LocalCMCTests" time="0.001"/>
  <testcase name="TestALotOfAdding" classname="LocalCMCTests" time="0.0"/>
  <testcase name="TestALotOfAdding" classname="LocalCMCTests" time="0.001"/>
  <testcase name="TestALotOfAdding" classname="LocalCMCTests" time="0.001"/>
  <testcase name="TestALotOfAdding" classname="LocalCMCTests" time="0.001"/>
  <testcase name="TestALotOfAdding" classname="LocalCMCTests" time="0.0"/>
  <testcase name="TestALotOfAdding" classname="LocalCMCTests" time="0.001"/>
  <testcase name="TestALotOfAdding" classname="LocalCMCTests" time="0.0"/>
  <testcase name="TestALotOfAdding" classname="LocalCMCTests" time="0.001"/>
  <testcase name="TestALotOfAdding" classname="LocalCMCTests" time="0.0"/>
  <testcase name="TestALotOfAdding" classname="LocalCMCTests" time="0.0"/>
  <testcase name="TestALotOfAdding" classname="LocalCMCTests" time="0.001"/>
  <testcase name="TestALotOfAdding" classname="LocalCMCTests" time="0.003"/>
  <testcase name="TestALotOfAdding" classname="LocalCMCTests" time="0.0"/>
  <testcase name="TestALotOfAdding" classname="LocalCMCTests" time="0.002"/>
  <testcase name="TestALotOfAdding" classname="LocalCMCTests" time="0.002"/>
  <testcase name="TestALotOfAdding" classname="LocalCMCTests" time="0.0"/>
  <testcase name="TestALotOfAdding" classname="LocalCMCTests" time="0.002"/>
  <testcase name="TestALotOfAdding" classname="LocalCMCTests" time="0.0"/>
  <testcase name="TestALotOfAdding" classname="LocalCMCTests" time="0.0"/>
  <testcase name="TestALotOfAdding" classname="LocalCMCTests" time="0.0"/>
  <testcase name="TestALotOfAdding" classname="LocalCMCTests" time="0.001"/>
  <testcase name="TestALotOfAdding" classname="LocalCMCTests" time="0.0"/>
  <testcase name="TestALotOfAdding" classname="LocalCMCTests" time="0.001"/>
  <testcase name="TestALotOfAdding" classname="LocalCMCTests" time="0.001"/>
  <testcase name="TestALotOfAdding" classname="LocalCMCTests" time="0.001"/>
  <testcase name="TestALotOfAdding" classname="LocalCMCTests" time="0.001"/>
  <testcase name="TestALotOfAdding" classname="LocalCMCTests" time="0.0"/>
  <testcase name="TestALotOfAdding" classname="LocalCMCTests" time="0.0"/>
  <testcase name="TestALotOfAdding" classname="LocalCMCTests" time="0.001"/>
  <testcase name="TestALotOfAdding" classname="LocalCMCTests" time="0.001"/>
  <testcase name="TestALotOfAdding" classname="LocalCMCTests" time="0.0"/>
  <testcase name="TestALotOfAdding" classname="LocalCMCTests" time="0.001"/>
  <testcase name="TestALotOfAdding" classname="LocalCMCTests" time="0.001"/>
  <testcase name="TestALotOfAdding" classname="LocalCMCTests" time="0.001"/>
  <testcase name="TestALotOfAdding" classname="LocalCMCTests" time="0.001"/>
  <testcase name="TestALotOfAdding" classname="LocalCMCTests" time="0.001"/>
  <testcase name="TestALotOfAdding" classname="LocalCMCTests" time="0.0"/>
  <testcase name="TestALotOfAdding" classname="LocalCMCTests" time="0.0"/>
  <testcase name="TestALotOfAdding" classname="LocalCMCTests" time="0.0"/>
  <testcase name="TestALotOfAdding" classname="LocalCMCTests" time="0.001"/>
  <testcase name="TestALotOfAdding" classname="LocalCMCTests" time="0.0"/>
  <testcase name="TestALotOfAdding" classname="LocalCMCTests" time="0.0"/>
  <testcase name="TestALotOfAdding" classname="LocalCMCTests" time="0.001"/>
  <testcase name="TestALotOfAdding" classname="LocalCMCTests" time="0.001"/>
  <testcase name="TestALotOfAdding" classname="LocalCMCTests" time="0.001"/>
  <testcase name="TestALotOfAdding" classname="LocalCMCTests" time="0.001"/>
  <testcase name="TestALotOfAdding" classname="LocalCMCTests" time="0.0"/>
  <testcase name="TestALotOfAdding" classname="LocalCMCTests" time="0.0"/>
  <testcase name="TestALotOfAdding" classname="LocalCMCTests" time="0.001"/>
  <testcase name="TestALotOfAdding" classname="LocalCMCTests" time="0.001"/>
  <testcase name="TestALotOfAdding" classname="LocalCMCTests" time="0.0"/>
  <testcase name="TestALotOfAdding" classname="LocalCMCTests" time="0.001"/>
  <testcase name="TestALotOfAdding" classname="LocalCMCTests" time="0.002"/>
  <testcase name="TestALotOfAdding" classname="LocalCMCTests" time="0.0"/>
  <testcase name="TestALotOfAdding" classname="LocalCMCTests" time="0.002"/>
  <testcase name="TestALotOfAdding" classname="LocalCMCTests" time="0.0"/>
  <testcase name="TestALotOfAdding" classname="LocalCMCTests" time="0.0"/>
  <testcase name="TestALotOfAdding" classname="LocalCMCTests" time="0.001"/>
  <testcase name="TestALotOfAdding" classname="LocalCMCTests" time="0.0"/>
  <testcase name="TestALotOfAdding" classname="LocalCMCTests" time="0.001"/>
  <testcase name="TestALotOfAdding" classname="LocalCMCTests" time="0.001"/>
  <testcase name="TestALotOfAdding" classname="LocalCMCTests" time="0.001"/>
  <testcase name="TestALotOfAdding" classname="LocalCMCTests" time="0.001"/>
  <testcase name="TestALotOfAdding" classname="LocalCMCTests" time="0.001"/>
  <testcase name="TestALotOfAdding" classname="LocalCMCTests" time="0.001"/>
  <testcase name="TestALotOfAdding" classname="LocalCMCTests" time="0.001"/>
  <testcase name="TestALotOfAdding" classname="LocalCMCTests" time="0.0"/>
  <testcase name="TestALotOfAdding" classname="LocalCMCTests" time="0.001"/>
  <testcase name="TestALotOfAdding" classname="LocalCMCTests" time="0.001"/>
  <testcase name="TestALotOfAdding" classname="LocalCMCTests" time="0.0"/>
  <testcase name="TestALotOfAdding" classname="LocalCMCTests" time="0.0"/>
  <testcase name="TestALotOfAdding" classname="LocalCMCTests" time="0.0"/>
  <testcase name="TestALotOfAdding" classname="LocalCMCTests" time="0.0"/>
  <testcase name="TestALotOfAdding" classname="LocalCMCTests" time="0.0"/>
  <testcase name="TestALotOfAdding" classname="LocalCMCTests" time="0.0"/>
  <testcase name="TestALotOfAdding" classname="LocalCMCTests" time="0.001"/>
  <testcase name="TestALotOfAdding" classname="LocalCMCTests" time="0.001"/>
  <testcase name="TestALotOfAdding" classname="LocalCMCTests" time="0.0"/>
  <testcase name="TestALotOfAdding" classname="LocalCMCTests" time="0.001"/>
  <testcase name="TestALotOfAdding" classname="LocalCMCTests" time="0.001"/>
  <testcase name="TestALotOfAdding" classname="LocalCMCTests" time="0.0"/>
  <testcase name="TestALotOfAdding" classname="LocalCMCTests" time="0.001"/>
  <testcase name="TestALotOfAdding" classname="LocalCMCTests" time="0.0"/>
  <testcase name="TestALotOfAdding" classname="LocalCMCTests" time="0.002"/>
  <testcase name="TestALotOfAdding" classname="LocalCMCTests" time="0.001"/>
  <testcase name="TestALotOfAdding" classname="LocalCMCTests" time="0.0"/>
  <testcase name="TestALotOfAdding" classname="LocalCMCTests" time="0.0"/>
  <testcase name="TestALotOfAdding" classname="LocalCMCTests" time="0.0"/>
  <testcase name="TestALotOfAdding" classname="LocalCMCTests" time="0.0"/>
  <testcase name="TestALotOfAdding" classname="LocalCMCTests" time="0.001"/>
  <testcase name="TestALotOfAdding" classname="LocalCMCTests" time="0.001"/>
  <testcase name="TestALotOfAdding" classname="LocalCMCTests" time="0.0"/>
  <testcase name="TestALotOfAdding" classname="LocalCMCTests" time="0.001"/>
  <testcase name="TestALotOfAdding" classname="LocalCMCTests" time="0.0"/>
  <testcase name="TestALotOfAdding" classname="LocalCMCTests" time="0.0"/>
  <testcase name="TestALotOfAdding" classname="LocalCMCTests" time="0.0"/>
  <testcase name="TestALotOfAdding" classname="LocalCMCTests" time="0.0"/>
  <testcase name="TestALotOfAdding" classname="LocalCMCTests" time="0.0"/>
  <testcase name="TestALotOfAdding" classname="LocalCMCTests" time="0.0"/>
  <testcase name="TestALotOfAdding" classname="LocalCMCTests" time="0.001"/>
  <testcase name="TestALotOfAdding" classname="LocalCMCTests" time="0.002"/>
  <testcase name="TestALotOfAdding" classname="LocalCMCTests" time="0.0"/>
  <testcase name="TestALotOfAdding" classname="LocalCMCTests" time="0.001"/>
  <testcase name="TestALotOfAdding" classname="LocalCMCTests" time="0.001"/>
  <testcase name="TestALotOfAdding" classname="LocalCMCTests" time="0.0"/>
  <testcase name="TestALotOfAdding" classname="LocalCMCTests" time="0.001"/>
  <testcase name="TestALotOfAdding" classname="LocalCMCTests" time="0.001"/>
  <testcase name="TestALotOfAdding" classname="LocalCMCTests" time="0.001"/>
  <testcase name="TestALotOfAdding" classname="LocalCMCTests" time="0.001"/>
  <testcase name="TestALotOfAdding" classname="LocalCMCTests" time="0.0"/>
  <testcase name="TestALotOfAdding" classname="LocalCMCTests" time="0.0"/>
  <testcase name="TestALotOfAdding" classname="LocalCMCTests" time="0.001"/>
  <testcase name="TestALotOfAdding" classname="LocalCMCTests" time="0.002"/>
  <testcase name="TestALotOfAdding" classname="LocalCMCTests" time="0.001"/>
  <testcase name="TestALotOfAdding" classname="LocalCMCTests" time="0.001"/>
  <testcase name="TestALotOfAdding" classname="LocalCMCTests" time="0.001"/>
  <testcase name="TestALotOfAdding" classname="LocalCMCTests" time="0.0"/>
  <testcase name="TestALotOfAdding" classname="LocalCMCTests" time="0.001"/>
  <testcase name="TestALotOfAdding" classname="LocalCMCTests" time="0.001"/>
  <testcase name="TestALotOfAdding" classname="LocalCMCTests" time="0.0"/>
  <testcase name="TestALotOfAdding" classname="LocalCMCTests" time="0.0"/>
  <testcase name="TestALotOfAdding" classname="LocalCMCTests" time="0.0"/>
  <testcase name="TestALotOfAdding" classname="LocalCMCTests" time="0.0"/>
  <testcase name="TestALotOfAdding" classname="LocalCMCTests" time="0.0"/>
  <testcase name="TestALotOfAdding" classname="LocalCMCTests" time="0.0"/>
  <testcase name="TestALotOfAdding" classname="LocalCMCTests" time="0.0"/>
  <testcase name="TestALotOfAdding" classname="LocalCMCTests" time="0.001"/>
  <testcase name="TestALotOfAdding" classname="LocalCMCTests" time="0.002"/>
  <testcase name="TestALotOfAdding" classname="LocalCMCTests" time="0.002"/>
  <testcase name="TestALotOfAdding" classname="LocalCMCTests" time="0.0"/>
  <testcase name="TestALotOfAdding" classname="LocalCMCTests" time="0.0"/>
  <testcase name="TestALotOfAdding" classname="LocalCMCTests" time="0.001"/>
  <testcase name="TestALotOfAdding" classname="LocalCMCTests" time="0.0"/>
  <testcase name="TestALotOfAdding" classname="LocalCMCTests" time="0.0"/>
  <testcase name="TestALotOfAdding" classname="LocalCMCTests" time="0.001"/>
  <testcase name="TestALotOfAdding" classname="LocalCMCTests" time="0.0"/>
  <testcase name="TestALotOfAdding" classname="LocalCMCTests" time="0.001"/>
  <testcase name="TestALotOfAdding" classname="LocalCMCTests" time="0.0"/>
  <testcase name="TestALotOfAdding" classname="LocalCMCTests" time="0.002"/>
  <testcase name="TestALotOfAdding" classname="LocalCMCTests" time="0.0"/>
  <testcase name="TestALotOfAdding" classname="LocalCMCTests" time="0.002"/>
  <testcase name="TestALotOfAdding" classname="LocalCMCTests" time="0.0"/>
  <testcase name="TestALotOfAdding" classname="LocalCMCTests" time="0.002"/>
  <testcase name="TestALotOfAdding" classname="LocalCMCTests" time="0.001"/>
  <testcase name="TestALotOfAdding" classname="LocalCMCTests" time="0.001"/>
  <testcase name="TestALotOfAdding" classname="LocalCMCTests" time="0.002"/>
  <testcase name="TestALotOfAdding" classname="LocalCMCTests" time="0.001"/>
  <testcase name="TestALotOfAdding" classname="LocalCMCTests" time="0.004"/>
  <testcase name="TestALotOfAdding" classname="LocalCMCTests" time="0.0"/>
  <testcase name="TestALotOfAdding" classname="LocalCMCTests" time="0.003"/>
  <testcase name="TestALotOfAdding" classname="LocalCMCTests" time="0.001"/>
  <testcase name="TestALotOfAdding" classname="LocalCMCTests" time="0.001"/>
  <testcase name="TestALotOfAdding" classname="LocalCMCTests" time="0.001"/>
  <testcase name="TestALotOfAdding" classname="LocalCMCTests" time="0.001"/>
  <testcase name="TestALotOfAdding" classname="LocalCMCTests" time="0.0"/>
  <testcase name="TestALotOfAdding" classname="LocalCMCTests" time="0.0"/>
  <testcase name="TestALotOfAdding" classname="LocalCMCTests" time="0.003"/>
  <testcase name="TestALotOfAdding" classname="LocalCMCTests" time="0.0"/>
  <testcase name="TestALotOfAdding" classname="LocalCMCTests" time="0.004"/>
  <testcase name="TestALotOfAdding" classname="LocalCMCTests" time="0.0"/>
  <testcase name="TestALotOfAdding" classname="LocalCMCTests" time="0.0"/>
  <testcase name="TestALotOfAdding" classname="LocalCMCTests" time="0.0"/>
  <testcase name="TestALotOfAdding" classname="LocalCMCTests" time="0.001"/>
  <testcase name="TestALotOfAdding" classname="LocalCMCTests" time="0.003"/>
  <testcase name="TestALotOfAdding" classname="LocalCMCTests" time="0.001"/>
  <testcase name="TestALotOfAdding" classname="LocalCMCTests" time="0.001"/>
  <testcase name="TestALotOfAdding" classname="LocalCMCTests" time="0.0"/>
  <testcase name="TestALotOfAdding" classname="LocalCMCTests" time="0.0"/>
  <testcase name="TestALotOfAdding" classname="LocalCMCTests" time="0.0"/>
  <testcase name="TestALotOfAdding" classname="LocalCMCTests" time="0.001"/>
  <testcase name="TestALotOfAdding" classname="LocalCMCTests" time="0.001"/>
  <testcase name="TestALotOfAdding" classname="LocalCMCTests" time="0.001"/>
  <testcase name="TestALotOfAdding" classname="LocalCMCTests" time="0.001"/>
  <testcase name="TestALotOfAdding" classname="LocalCMCTests" time="0.0"/>
  <testcase name="TestALotOfAdding" classname="LocalCMCTests" time="0.0"/>
  <testcase name="TestALotOfAdding" classname="LocalCMCTests" time="0.001"/>
  <testcase name="TestALotOfAdding" classname="LocalCMCTests" time="0.001"/>
  <testcase name="TestALotOfAdding" classname="LocalCMCTests" time="0.001"/>
  <testcase name="TestALotOfAdding" classname="LocalCMCTests" time="0.001"/>
  <testcase name="TestALotOfAdding" classname="LocalCMCTests" time="0.001"/>
  <testcase name="TestALotOfAdding" classname="LocalCMCTests" time="0.0"/>
  <testcase name="TestALotOfAdding" classname="LocalCMCTests" time="0.0"/>
  <testcase name="TestALotOfAdding" classname="LocalCMCTests" time="0.0"/>
  <testcase name="TestALotOfAdding" classname="LocalCMCTests" time="0.001"/>
  <testcase name="TestALotOfAdding" classname="LocalCMCTests" time="0.001"/>
  <testcase name="TestALotOfAdding" classname="LocalCMCTests" time="0.001"/>
  <testcase name="TestALotOfAdding" classname="LocalCMCTests" time="0.001"/>
  <testcase name="TestALotOfAdding" classname="LocalCMCTests" time="0.0"/>
  <testcase name="TestALotOfAdding" classname="LocalCMCTests" time="0.001"/>
  <testcase name="TestALotOfAdding" classname="LocalCMCTests" time="0.002"/>
  <testcase name="TestALotOfAdding" classname="LocalCMCTests" time="0.0"/>
  <testcase name="TestALotOfAdding" classname="LocalCMCTests" time="0.0"/>
  <testcase name="TestALotOfAdding" classname="LocalCMCTests" time="0.0"/>
  <testcase name="TestALotOfAdding" classname="LocalCMCTests" time="0.0"/>
  <testcase name="TestALotOfAdding" classname="LocalCMCTests" time="0.0"/>
  <testcase name="TestALotOfAdding" classname="LocalCMCTests" time="0.001"/>
  <testcase name="TestALotOfAdding" classname="LocalCMCTests" time="0.0"/>
  <testcase name="TestALotOfAdding" classname="LocalCMCTests" time="0.001"/>
  <testcase name="TestALotOfAdding" classname="LocalCMCTests" time="0.001"/>
  <testcase name="TestALotOfAdding" classname="LocalCMCTests" time="0.002"/>
  <testcase name="TestALotOfAdding" classname="LocalCMCTests" time="0.001"/>
  <testcase name="TestALotOfAdding" classname="LocalCMCTests" time="0.001"/>
  <testcase name="TestALotOfAdding" classname="LocalCMCTests" time="0.0"/>
  <testcase name="TestALotOfAdding" classname="LocalCMCTests" time="0.001"/>
  <testcase name="TestALotOfAdding" classname="LocalCMCTests" time="0.001"/>
  <testcase name="TestALotOfAdding" classname="LocalCMCTests" time="0.001"/>
  <testcase name="TestALotOfAdding" classname="LocalCMCTests" time="0.001"/>
  <testcase name="TestALotOfAdding" classname="LocalCMCTests" time="0.001"/>
  <testcase name="TestALotOfAdding" classname="LocalCMCTests" time="0.001"/>
  <testcase name="TestALotOfAdding" classname="LocalCMCTests" time="0.001"/>
  <testcase name="TestALotOfAdding" classname="LocalCMCTests" time="0.0"/>
  <testcase name="TestALotOfAdding" classname="LocalCMCTests" time="0.0"/>
  <testcase name="TestALotOfAdding" classname="LocalCMCTests" time="0.0"/>
  <testcase name="TestALotOfAdding" classname="LocalCMCTests" time="0.001"/>
  <testcase name="TestALotOfAdding" classname="LocalCMCTests" time="0.0"/>
  <testcase name="TestALotOfAdding" classname="LocalCMCTests" time="0.001"/>
  <testcase name="TestALotOfAdding" classname="LocalCMCTests" time="0.001"/>
  <testcase name="TestALotOfAdding" classname="LocalCMCTests" time="0.001"/>
  <testcase name="TestALotOfAdding" classname="LocalCMCTests" time="0.001"/>
  <testcase name="TestALotOfAdding" classname="LocalCMCTests" time="0.001"/>
  <testcase name="TestALotOfAdding" classname="LocalCMCTests" time="0.001"/>
  <testcase name="TestALotOfAdding" classname="LocalCMCTests" time="0.0"/>
  <testcase name="TestALotOfAdding" classname="LocalCMCTests" time="0.0"/>
  <testcase name="TestALotOfAdding" classname="LocalCMCTests" time="0.0"/>
  <testcase name="TestALotOfAdding" classname="LocalCMCTests" time="0.0"/>
  <testcase name="TestALotOfAdding" classname="LocalCMCTests" time="0.001"/>
  <testcase name="TestALotOfAdding" classname="LocalCMCTests" time="0.001"/>
  <testcase name="TestALotOfAdding" classname="LocalCMCTests" time="0.001"/>
  <testcase name="TestALotOfAdding" classname="LocalCMCTests" time="0.002"/>
  <testcase name="TestALotOfAdding" classname="LocalCMCTests" time="0.002"/>
  <testcase name="TestALotOfAdding" classname="LocalCMCTests" time="0.0"/>
  <testcase name="TestALotOfAdding" classname="LocalCMCTests" time="0.0"/>
  <testcase name="TestALotOfAdding" classname="LocalCMCTests" time="0.0"/>
  <testcase name="TestALotOfAdding" classname="LocalCMCTests" time="0.001"/>
  <testcase name="TestALotOfAdding" classname="LocalCMCTests" time="0.0"/>
  <testcase name="TestALotOfAdding" classname="LocalCMCTests" time="0.001"/>
  <testcase name="TestALotOfAdding" classname="LocalCMCTests" time="0.0"/>
  <testcase name="TestALotOfAdding" classname="LocalCMCTests" time="0.002"/>
  <testcase name="TestALotOfAdding" classname="LocalCMCTests" time="0.001"/>
  <testcase name="TestALotOfAdding" classname="LocalCMCTests" time="0.0"/>
  <testcase name="TestALotOfAdding" classname="LocalCMCTests" time="0.0"/>
  <testcase name="TestALotOfAdding" classname="LocalCMCTests" time="0.0"/>
  <testcase name="TestALotOfAdding" classname="LocalCMCTests" time="0.0"/>
  <testcase name="TestALotOfAdding" classname="LocalCMCTests" time="0.001"/>
  <testcase name="TestALotOfAdding" classname="LocalCMCTests" time="0.001"/>
  <testcase name="TestALotOfAdding" classname="LocalCMCTests" time="0.001"/>
  <testcase name="TestALotOfAdding" classname="LocalCMCTests" time="0.0"/>
  <testcase name="TestALotOfAdding" classname="LocalCMCTests" time="0.001"/>
  <testcase name="TestALotOfAdding" classname="LocalCMCTests" time="0.001"/>
  <testcase name="TestALotOfAdding" classname="LocalCMCTests" time="0.0"/>
  <testcase name="TestALotOfAdding" classname="LocalCMCTests" time="0.001"/>
  <testcase name="TestALotOfAdding" classname="LocalCMCTests" time="0.002"/>
  <testcase name="TestALotOfAdding" classname="LocalCMCTests" time="0.001"/>
  <testcase name="TestALotOfAdding" classname="LocalCMCTests" time="0.0"/>
  <testcase name="TestALotOfAdding" classname="LocalCMCTests" time="0.0"/>
  <testcase name="TestALotOfAdding" classname="LocalCMCTests" time="0.0"/>
  <testcase name="TestALotOfAdding" classname="LocalCMCTests" time="0.0"/>
  <testcase name="TestALotOfAdding" classname="LocalCMCTests" time="0.001"/>
  <testcase name="TestALotOfAdding" classname="LocalCMCTests" time="0.001"/>
  <testcase name="TestALotOfAdding" classname="LocalCMCTests" time="0.001"/>
  <testcase name="TestALotOfAdding" classname="LocalCMCTests" time="0.0"/>
  <testcase name="TestALotOfAdding" classname="LocalCMCTests" time="0.001"/>
  <testcase name="TestALotOfAdding" classname="LocalCMCTests" time="0.0"/>
  <testcase name="TestALotOfAdding" classname="LocalCMCTests" time="0.001"/>
  <testcase name="TestALotOfAdding" classname="LocalCMCTests" time="0.001"/>
  <testcase name="TestALotOfAdding" classname="LocalCMCTests" time="0.0"/>
  <testcase name="TestALotOfAdding" classname="LocalCMCTests" time="0.001"/>
  <testcase name="TestALotOfAdding" classname="LocalCMCTests" time="0.001"/>
  <testcase name="TestALotOfAdding" classname="LocalCMCTests" time="0.002"/>
  <testcase name="TestALotOfAdding" classname="LocalCMCTests" time="0.002"/>
  <testcase name="TestALotOfAdding" classname="LocalCMCTests" time="0.0"/>
  <testcase name="TestALotOfAdding" classname="LocalCMCTests" time="0.0"/>
  <testcase name="TestALotOfAdding" classname="LocalCMCTests" time="0.0"/>
  <testcase name="TestALotOfAdding" classname="LocalCMCTests" time="0.0"/>
  <testcase name="TestALotOfAdding" classname="LocalCMCTests" time="0.0"/>
  <testcase name="TestALotOfAdding" classname="LocalCMCTests" time="0.0"/>
  <testcase name="TestALotOfAdding" classname="LocalCMCTests" time="0.0"/>
  <testcase name="TestALotOfAdding" classname="LocalCMCTests" time="0.001"/>
  <testcase name="TestALotOfAdding" classname="LocalCMCTests" time="0.001"/>
  <testcase name="TestALotOfAdding" classname="LocalCMCTests" time="0.001"/>
  <testcase name="TestALotOfAdding" classname="LocalCMCTests" time="0.001"/>
  <testcase name="TestALotOfAdding" classname="LocalCMCTests" time="0.001"/>
  <testcase name="TestALotOfAdding" classname="LocalCMCTests" time="0.001"/>
  <testcase name="TestALotOfAdding" classname="LocalCMCTests" time="0.001"/>
  <testcase name="TestALotOfAdding" classname="LocalCMCTests" time="0.001"/>
  <testcase name="TestALotOfAdding" classname="LocalCMCTests" time="0.0"/>
  <testcase name="TestALotOfAdding" classname="LocalCMCTests" time="0.001"/>
  <testcase name="TestALotOfAdding" classname="LocalCMCTests" time="0.0"/>
  <testcase name="TestALotOfAdding" classname="LocalCMCTests" time="0.002"/>
  <testcase name="TestALotOfAdding" classname="LocalCMCTests" time="0.001"/>
  <testcase name="TestALotOfAdding" classname="LocalCMCTests" time="0.001"/>
  <testcase name="TestALotOfAdding" classname="LocalCMCTests" time="0.0"/>
  <testcase name="TestALotOfAdding" classname="LocalCMCTests" time="0.0"/>
  <testcase name="TestALotOfAdding" classname="LocalCMCTests" time="0.0"/>
  <testcase name="TestALotOfAdding" classname="LocalCMCTests" time="0.001"/>
  <testcase name="TestALotOfAdding" classname="LocalCMCTests" time="0.001"/>
  <testcase name="TestALotOfAdding" classname="LocalCMCTests" time="0.0"/>
  <testcase name="TestALotOfAdding" classname="LocalCMCTests" time="0.001"/>
  <testcase name="TestALotOfAdding" classname="LocalCMCTests" time="0.001"/>
  <testcase name="TestALotOfAdding" classname="LocalCMCTests" time="0.001"/>
  <testcase name="TestALotOfAdding" classname="LocalCMCTests" time="0.001"/>
  <testcase name="TestALotOfAdding" classname="LocalCMCTests" time="0.001"/>
  <testcase name="TestALotOfAdding" classname="LocalCMCTests" time="0.0"/>
  <testcase name="TestALotOfAdding" classname="LocalCMCTests" time="0.0"/>
  <testcase name="TestALotOfAdding" classname="LocalCMCTests" time="0.001"/>
  <testcase name="TestALotOfAdding" classname="LocalCMCTests" time="0.001"/>
  <testcase name="TestALotOfAdding" classname="LocalCMCTests" time="0.001"/>
  <testcase name="TestALotOfAdding" classname="LocalCMCTests" time="0.0"/>
  <testcase name="TestALotOfAdding" classname="LocalCMCTests" time="0.0"/>
  <testcase name="TestALotOfAdding" classname="LocalCMCTests" time="0.001"/>
  <testcase name="TestALotOfAdding" classname="LocalCMCTests" time="0.0"/>
  <testcase name="TestALotOfAdding" classname="LocalCMCTests" time="0.001"/>
  <testcase name="TestALotOfAdding" classname="LocalCMCTests" time="0.0"/>
  <testcase name="TestALotOfAdding" classname="LocalCMCTests" time="0.001"/>
  <testcase name="TestALotOfAdding" classname="LocalCMCTests" time="0.001"/>
  <testcase name="TestALotOfAdding" classname="LocalCMCTests" time="0.0"/>
  <testcase name="TestALotOfAdding" classname="LocalCMCTests" time="0.0"/>
  <testcase name="TestALotOfAdding" classname="LocalCMCTests" time="0.0"/>
  <testcase name="TestALotOfAdding" classname="LocalCMCTests" time="0.0"/>
  <testcase name="TestALotOfAdding" classname="LocalCMCTests" time="0.001"/>
  <testcase name="TestALotOfAdding" classname="LocalCMCTests" time="0.001"/>
  <testcase name="TestALotOfAdding" classname="LocalCMCTests" time="0.001"/>
  <testcase name="TestALotOfAdding" classname="LocalCMCTests" time="0.002"/>
  <testcase name="TestALotOfAdding" classname="LocalCMCTests" time="0.002"/>
  <testcase name="TestALotOfAdding" classname="LocalCMCTests" time="0.0"/>
  <testcase name="TestALotOfAdding" classname="LocalCMCTests" time="0.001"/>
  <testcase name="TestALotOfAdding" classname="LocalCMCTests" time="0.002"/>
  <testcase name="TestALotOfAdding" classname="LocalCMCTests" time="0.001"/>
  <testcase name="TestALotOfAdding" classname="LocalCMCTests" time="0.0"/>
  <testcase name="TestALotOfAdding" classname="LocalCMCTests" time="0.0"/>
  <testcase name="TestALotOfAdding" classname="LocalCMCTests" time="0.001"/>
  <testcase name="TestALotOfAdding" classname="LocalCMCTests" time="0.0"/>
  <testcase name="TestALotOfAdding" classname="LocalCMCTests" time="0.0"/>
  <testcase name="TestALotOfAdding" classname="LocalCMCTests" time="0.0"/>
  <testcase name="TestALotOfAdding" classname="LocalCMCTests" time="0.001"/>
  <testcase name="TestALotOfAdding" classname="LocalCMCTests" time="0.001"/>
  <testcase name="TestALotOfAdding" classname="LocalCMCTests" time="0.0"/>
  <testcase name="TestALotOfAdding" classname="LocalCMCTests" time="0.001"/>
  <testcase name="TestALotOfAdding" classname="LocalCMCTests" time="0.001"/>
  <testcase name="TestALotOfAdding" classname="LocalCMCTests" time="0.0"/>
  <testcase name="TestALotOfAdding" classname="LocalCMCTests" time="0.002"/>
  <testcase name="TestALotOfAdding" classname="LocalCMCTests" time="0.001"/>
  <testcase name="TestALotOfAdding" classname="LocalCMCTests" time="0.0"/>
  <testcase name="TestALotOfAdding" classname="LocalCMCTests" time="0.0"/>
  <testcase name="TestALotOfAdding" classname="LocalCMCTests" time="0.0"/>
  <testcase name="TestALotOfAdding" classname="LocalCMCTests" time="0.0"/>
  <testcase name="TestALotOfAdding" classname="LocalCMCTests" time="0.0"/>
  <testcase name="TestALotOfAdding" classname="LocalCMCTests" time="0.001"/>
  <testcase name="TestALotOfAdding" classname="LocalCMCTests" time="0.001"/>
  <testcase name="TestALotOfAdding" classname="LocalCMCTests" time="0.001"/>
  <testcase name="TestALotOfAdding" classname="LocalCMCTests" time="0.0"/>
  <testcase name="TestALotOfAdding" classname="LocalCMCTests" time="0.0"/>
  <testcase name="TestALotOfAdding" classname="LocalCMCTests" time="0.001"/>
  <testcase name="TestALotOfAdding" classname="LocalCMCTests" time="0.001"/>
  <testcase name="TestALotOfAdding" classname="LocalCMCTests" time="0.002"/>
  <testcase name="TestALotOfAdding" classname="LocalCMCTests" time="0.001"/>
  <testcase name="TestALotOfAdding" classname="LocalCMCTests" time="0.0"/>
  <testcase name="TestALotOfAdding" classname="LocalCMCTests" time="0.0"/>
  <testcase name="TestALotOfAdding" classname="LocalCMCTests" time="0.001"/>
  <testcase name="TestALotOfAdding" classname="LocalCMCTests" time="0.001"/>
  <testcase name="TestALotOfAdding" classname="LocalCMCTests" time="0.001"/>
  <testcase name="TestALotOfAdding" classname="LocalCMCTests" time="0.0"/>
  <testcase name="TestALotOfAdding" classname="LocalCMCTests" time="0.001"/>
  <testcase name="TestALotOfAdding" classname="LocalCMCTests" time="0.001"/>
  <testcase name="TestALotOfAdding" classname="LocalCMCTests" time="0.0"/>
  <testcase name="TestALotOfAdding" classname="LocalCMCTests" time="0.001"/>
  <testcase name="TestALotOfAdding" classname="LocalCMCTests" time="0.0"/>
  <testcase name="TestALotOfAdding" classname="LocalCMCTests" time="0.0"/>
  <testcase name="TestALotOfAdding" classname="LocalCMCTests" time="0.001"/>
  <testcase name="TestALotOfAdding" classname="LocalCMCTests" time="0.001"/>
  <testcase name="TestALotOfAdding" classname="LocalCMCTests" time="0.001"/>
  <testcase name="TestALotOfAdding" classname="LocalCMCTests" time="0.001"/>
  <testcase name="TestALotOfAdding" classname="LocalCMCTests" time="0.0"/>
  <testcase name="TestALotOfAdding" classname="LocalCMCTests" time="0.001"/>
  <testcase name="TestALotOfAdding" classname="LocalCMCTests" time="0.0"/>
  <testcase name="TestALotOfAdding" classname="LocalCMCTests" time="0.0"/>
  <testcase name="TestALotOfAdding" classname="LocalCMCTests" time="0.0"/>
  <testcase name="TestALotOfAdding" classname="LocalCMCTests" time="0.001"/>
  <testcase name="TestALotOfAdding" classname="LocalCMCTests" time="0.0"/>
  <testcase name="TestALotOfAdding" classname="LocalCMCTests" time="0.0"/>
  <testcase name="TestALotOfAdding" classname="LocalCMCTests" time="0.0"/>
  <testcase name="TestALotOfAdding" classname="LocalCMCTests" time="0.001"/>
  <testcase name="TestALotOfAdding" classname="LocalCMCTests" time="0.0"/>
  <testcase name="TestALotOfAdding" classname="LocalCMCTests" time="0.001"/>
  <testcase name="TestALotOfAdding" classname="LocalCMCTests" time="0.001"/>
  <testcase name="TestALotOfAdding" classname="LocalCMCTests" time="0.0"/>
  <testcase name="TestALotOfAdding" classname="LocalCMCTests" time="0.002"/>
  <testcase name="TestALotOfAdding" classname="LocalCMCTests" time="0.002"/>
  <testcase name="TestALotOfAdding" classname="LocalCMCTests" time="0.002"/>
  <testcase name="TestALotOfAdding" classname="LocalCMCTests" time="0.0"/>
  <testcase name="TestALotOfAdding" classname="LocalCMCTests" time="0.0"/>
  <testcase name="TestALotOfAdding" classname="LocalCMCTests" time="0.0"/>
  <testcase name="TestALotOfAdding" classname="LocalCMCTests" time="0.001"/>
  <testcase name="TestALotOfAdding" classname="LocalCMCTests" time="0.001"/>
  <testcase name="TestALotOfAdding" classname="LocalCMCTests" time="0.001"/>
  <testcase name="TestALotOfAdding" classname="LocalCMCTests" time="0.002"/>
  <testcase name="TestALotOfAdding" classname="LocalCMCTests" time="0.001"/>
  <testcase name="TestALotOfAdding" classname="LocalCMCTests" time="0.001"/>
  <testcase name="TestALotOfAdding" classname="LocalCMCTests" time="0.001"/>
  <testcase name="TestALotOfAdding" classname="LocalCMCTests" time="0.001"/>
  <testcase name="TestALotOfAdding" classname="LocalCMCTests" time="0.0"/>
  <testcase name="TestALotOfAdding" classname="LocalCMCTests" time="0.001"/>
  <testcase name="TestALotOfAdding" classname="LocalCMCTests" time="0.001"/>
  <testcase name="TestALotOfAdding" classname="LocalCMCTests" time="0.001"/>
  <testcase name="TestALotOfAdding" classname="LocalCMCTests" time="0.0"/>
  <testcase name="TestALotOfAdding" classname="LocalCMCTests" time="0.0"/>
  <testcase name="TestALotOfAdding" classname="LocalCMCTests" time="0.0"/>
  <testcase name="TestALotOfAdding" classname="LocalCMCTests" time="0.0"/>
  <testcase name="TestALotOfAdding" classname="LocalCMCTests" time="0.002"/>
  <testcase name="TestALotOfAdding" classname="LocalCMCTests" time="0.0"/>
  <testcase name="TestALotOfAdding" classname="LocalCMCTests" time="0.001"/>
  <testcase name="TestALotOfAdding" classname="LocalCMCTests" time="0.001"/>
  <testcase name="TestALotOfAdding" classname="LocalCMCTests" time="0.001"/>
  <testcase name="TestALotOfAdding" classname="LocalCMCTests" time="0.0"/>
  <testcase name="TestALotOfAdding" classname="LocalCMCTests" time="0.001"/>
  <testcase name="TestALotOfAdding" classname="LocalCMCTests" time="0.001"/>
  <testcase name="TestALotOfAdding" classname="LocalCMCTests" time="0.001"/>
  <testcase name="TestALotOfAdding" classname="LocalCMCTests" time="0.0"/>
  <testcase name="TestALotOfAdding" classname="LocalCMCTests" time="0.001"/>
  <testcase name="TestALotOfAdding" classname="LocalCMCTests" time="0.0"/>
  <testcase name="TestALotOfAdding" classname="LocalCMCTests" time="0.0"/>
  <testcase name="TestALotOfAdding" classname="LocalCMCTests" time="0.0"/>
  <testcase name="TestALotOfAdding" classname="LocalCMCTests" time="0.0"/>
  <testcase name="TestALotOfAdding" classname="LocalCMCTests" time="0.001"/>
  <testcase name="TestALotOfAdding" classname="LocalCMCTests" time="0.0"/>
  <testcase name="TestALotOfAdding" classname="LocalCMCTests" time="0.0"/>
  <testcase name="TestALotOfAdding" classname="LocalCMCTests" time="0.001"/>
  <testcase name="TestALotOfAdding" classname="LocalCMCTests" time="0.001"/>
  <testcase name="TestALotOfAdding" classname="LocalCMCTests" time="0.0"/>
  <testcase name="TestALotOfAdding" classname="LocalCMCTests" time="0.001"/>
  <testcase name="TestALotOfAdding" classname="LocalCMCTests" time="0.001"/>
  <testcase name="TestALotOfAdding" classname="LocalCMCTests" time="0.0"/>
  <testcase name="TestALotOfAdding" classname="LocalCMCTests" time="0.0"/>
  <testcase name="TestALotOfAdding" classname="LocalCMCTests" time="0.0"/>
  <testcase name="TestALotOfAdding" classname="LocalCMCTests" time="0.001"/>
  <testcase name="TestALotOfAdding" classname="LocalCMCTests" time="0.0"/>
  <testcase name="TestALotOfAdding" classname="LocalCMCTests" time="0.001"/>
  <testcase name="TestALotOfAdding" classname="LocalCMCTests" time="0.001"/>
  <testcase name="TestALotOfAdding" classname="LocalCMCTests" time="0.001"/>
  <testcase name="TestALotOfAdding" classname="LocalCMCTests" time="0.001"/>
  <testcase name="TestALotOfAdding" classname="LocalCMCTests" time="0.001"/>
  <testcase name="TestALotOfAdding" classname="LocalCMCTests" time="0.001"/>
  <testcase name="TestALotOfAdding" classname="LocalCMCTests" time="0.001"/>
  <testcase name="TestALotOfAdding" classname="LocalCMCTests" time="0.001"/>
  <testcase name="TestALotOfAdding" classname="LocalCMCTests" time="0.001"/>
  <testcase name="TestALotOfAdding" classname="LocalCMCTests" time="0.001"/>
  <testcase name="TestALotOfAdding" classname="LocalCMCTests" time="0.001"/>
  <testcase name="TestALotOfAdding" classname="LocalCMCTests" time="0.001"/>
  <testcase name="TestALotOfAdding" classname="LocalCMCTests" time="0.0"/>
  <testcase name="TestALotOfAdding" classname="LocalCMCTests" time="0.001"/>
  <testcase name="TestALotOfAdding" classname="LocalCMCTests" time="0.0"/>
  <testcase name="TestALotOfAdding" classname="LocalCMCTests" time="0.0"/>
  <testcase name="TestALotOfAdding" classname="LocalCMCTests" time="0.0"/>
  <testcase name="TestALotOfAdding" classname="LocalCMCTests" time="0.0"/>
  <testcase name="TestALotOfAdding" classname="LocalCMCTests" time="0.0"/>
  <testcase name="TestALotOfAdding" classname="LocalCMCTests" time="0.001"/>
  <testcase name="TestALotOfAdding" classname="LocalCMCTests" time="0.001"/>
  <testcase name="TestALotOfAdding" classname="LocalCMCTests" time="0.0"/>
  <testcase name="TestALotOfAdding" classname="LocalCMCTests" time="0.0"/>
  <testcase name="TestALotOfAdding" classname="LocalCMCTests" time="0.001"/>
  <testcase name="TestALotOfAdding" classname="LocalCMCTests" time="0.001"/>
  <testcase name="TestALotOfAdding" classname="LocalCMCTests" time="0.001"/>
  <testcase name="TestALotOfAdding" classname="LocalCMCTests" time="0.0"/>
  <testcase name="TestALotOfAdding" classname="LocalCMCTests" time="0.001"/>
  <testcase name="TestALotOfAdding" classname="LocalCMCTests" time="0.001"/>
  <testcase name="TestALotOfAdding" classname="LocalCMCTests" time="0.001"/>
  <testcase name="TestALotOfAdding" classname="LocalCMCTests" time="0.001"/>
  <testcase name="TestALotOfAdding" classname="LocalCMCTests" time="0.0"/>
  <testcase name="TestALotOfAdding" classname="LocalCMCTests" time="0.001"/>
  <testcase name="TestALotOfAdding" classname="LocalCMCTests" time="0.0"/>
  <testcase name="TestALotOfAdding" classname="LocalCMCTests" time="0.0"/>
  <testcase name="TestALotOfAdding" classname="LocalCMCTests" time="0.0"/>
  <testcase name="TestALotOfAdding" classname="LocalCMCTests" time="0.001"/>
  <testcase name="TestALotOfAdding" classname="LocalCMCTests" time="0.001"/>
  <testcase name="TestALotOfAdding" classname="LocalCMCTests" time="0.0"/>
  <testcase name="TestALotOfAdding" classname="LocalCMCTests" time="0.001"/>
  <testcase name="TestALotOfAdding" classname="LocalCMCTests" time="0.0"/>
  <testcase name="TestALotOfAdding" classname="LocalCMCTests" time="0.001"/>
  <testcase name="TestALotOfAdding" classname="LocalCMCTests" time="0.001"/>
  <testcase name="TestALotOfAdding" classname="LocalCMCTests" time="0.0"/>
  <testcase name="TestALotOfAdding" classname="LocalCMCTests" time="0.0"/>
  <testcase name="TestALotOfAdding" classname="LocalCMCTests" time="0.0"/>
  <testcase name="TestALotOfAdding" classname="LocalCMCTests" time="0.0"/>
  <testcase name="TestALotOfAdding" classname="LocalCMCTests" time="0.002"/>
  <testcase name="TestALotOfAdding" classname="LocalCMCTests" time="0.002"/>
  <testcase name="TestALotOfAdding" classname="LocalCMCTests" time="0.0"/>
  <testcase name="TestALotOfAdding" classname="LocalCMCTests" time="0.002"/>
  <testcase name="TestALotOfAdding" classname="LocalCMCTests" time="0.001"/>
  <testcase name="TestALotOfAdding" classname="LocalCMCTests" time="0.0"/>
  <testcase name="TestALotOfAdding" classname="LocalCMCTests" time="0.001"/>
  <testcase name="TestALotOfAdding" classname="LocalCMCTests" time="0.0"/>
  <testcase name="TestALotOfAdding" classname="LocalCMCTests" time="0.0"/>
  <testcase name="TestALotOfAdding" classname="LocalCMCTests" time="0.002"/>
  <testcase name="TestALotOfAdding" classname="LocalCMCTests" time="0.0"/>
  <testcase name="TestALotOfAdding" classname="LocalCMCTests" time="0.002"/>
  <testcase name="TestALotOfAdding" classname="LocalCMCTests" time="0.0"/>
  <testcase name="TestALotOfAdding" classname="LocalCMCTests" time="0.0"/>
  <testcase name="TestALotOfAdding" classname="LocalCMCTests" time="0.002"/>
  <testcase name="TestALotOfAdding" classname="LocalCMCTests" time="0.001"/>
  <testcase name="TestALotOfAdding" classname="LocalCMCTests" time="0.001"/>
  <testcase name="TestALotOfAdding" classname="LocalCMCTests" time="0.001"/>
  <testcase name="TestALotOfAdding" classname="LocalCMCTests" time="0.003"/>
  <testcase name="TestALotOfAdding" classname="LocalCMCTests" time="0.0"/>
  <testcase name="TestALotOfAdding" classname="LocalCMCTests" time="0.0"/>
  <testcase name="TestALotOfAdding" classname="LocalCMCTests" time="0.001"/>
  <testcase name="TestALotOfAdding" classname="LocalCMCTests" time="0.0"/>
  <testcase name="TestALotOfAdding" classname="LocalCMCTests" time="0.001"/>
  <testcase name="TestALotOfAdding" classname="LocalCMCTests" time="0.001"/>
  <testcase name="TestALotOfAdding" classname="LocalCMCTests" time="0.001"/>
  <testcase name="TestALotOfAdding" classname="LocalCMCTests" time="0.003"/>
  <testcase name="TestALotOfAdding" classname="LocalCMCTests" time="0.0"/>
  <testcase name="TestALotOfAdding" classname="LocalCMCTests" time="0.0"/>
  <testcase name="TestALotOfAdding" classname="LocalCMCTests" time="0.001"/>
  <testcase name="TestALotOfAdding" classname="LocalCMCTests" time="0.0"/>
  <testcase name="TestALotOfAdding" classname="LocalCMCTests" time="0.0"/>
  <testcase name="TestALotOfAdding" classname="LocalCMCTests" time="0.001"/>
  <testcase name="TestALotOfAdding" classname="LocalCMCTests" time="0.0"/>
  <testcase name="TestALotOfAdding" classname="LocalCMCTests" time="0.002"/>
  <testcase name="TestALotOfAdding" classname="LocalCMCTests" time="0.001"/>
  <testcase name="TestALotOfAdding" classname="LocalCMCTests" time="0.002"/>
  <testcase name="TestALotOfAdding" classname="LocalCMCTests" time="0.002"/>
  <testcase name="TestALotOfAdding" classname="LocalCMCTests" time="0.001"/>
  <testcase name="TestALotOfAdding" classname="LocalCMCTests" time="0.0"/>
  <testcase name="TestALotOfAdding" classname="LocalCMCTests" time="0.0"/>
  <testcase name="TestALotOfAdding" classname="LocalCMCTests" time="0.001"/>
  <testcase name="TestALotOfAdding" classname="LocalCMCTests" time="0.001"/>
  <testcase name="TestALotOfAdding" classname="LocalCMCTests" time="0.001"/>
  <testcase name="TestALotOfAdding" classname="LocalCMCTests" time="0.001"/>
  <testcase name="TestALotOfAdding" classname="LocalCMCTests" time="0.001"/>
  <testcase name="TestALotOfAdding" classname="LocalCMCTests" time="0.0"/>
  <testcase name="TestALotOfAdding" classname="LocalCMCTests" time="0.0"/>
  <testcase name="TestALotOfAdding" classname="LocalCMCTests" time="0.0"/>
  <testcase name="TestALotOfAdding" classname="LocalCMCTests" time="0.0"/>
  <testcase name="TestALotOfAdding" classname="LocalCMCTests" time="0.001"/>
  <testcase name="TestALotOfAdding" classname="LocalCMCTests" time="0.0"/>
  <testcase name="TestALotOfAdding" classname="LocalCMCTests" time="0.001"/>
  <testcase name="TestALotOfAdding" classname="LocalCMCTests" time="0.0"/>
  <testcase name="TestALotOfAdding" classname="LocalCMCTests" time="0.001"/>
  <testcase name="TestALotOfAdding" classname="LocalCMCTests" time="0.0"/>
  <testcase name="TestALotOfAdding" classname="LocalCMCTests" time="0.002"/>
  <testcase name="TestALotOfAdding" classname="LocalCMCTests" time="0.001"/>
  <testcase name="TestALotOfAdding" classname="LocalCMCTests" time="0.0"/>
  <testcase name="TestALotOfAdding" classname="LocalCMCTests" time="0.002"/>
  <testcase name="TestALotOfAdding" classname="LocalCMCTests" time="0.0"/>
  <testcase name="TestALotOfAdding" classname="LocalCMCTests" time="0.0"/>
  <testcase name="TestALotOfAdding" classname="LocalCMCTests" time="0.0"/>
  <testcase name="TestALotOfAdding" classname="LocalCMCTests" time="0.001"/>
  <testcase name="TestALotOfAdding" classname="LocalCMCTests" time="0.0"/>
  <testcase name="TestALotOfAdding" classname="LocalCMCTests" time="0.002"/>
  <testcase name="TestALotOfAdding" classname="LocalCMCTests" time="0.002"/>
  <testcase name="TestALotOfAdding" classname="LocalCMCTests" time="0.002"/>
  <testcase name="TestALotOfAdding" classname="LocalCMCTests" time="0.0"/>
  <testcase name="TestALotOfAdding" classname="LocalCMCTests" time="0.0"/>
  <testcase name="TestALotOfAdding" classname="LocalCMCTests" time="0.001"/>
  <testcase name="TestALotOfAdding" classname="LocalCMCTests" time="0.001"/>
  <testcase name="TestALotOfAdding" classname="LocalCMCTests" time="0.001"/>
  <testcase name="TestALotOfAdding" classname="LocalCMCTests" time="0.0"/>
  <testcase name="TestALotOfAdding" classname="LocalCMCTests" time="0.001"/>
  <testcase name="TestALotOfAdding" classname="LocalCMCTests" time="0.0"/>
  <testcase name="TestALotOfAdding" classname="LocalCMCTests" time="0.0"/>
  <testcase name="TestALotOfAdding" classname="LocalCMCTests" time="0.002"/>
  <testcase name="TestALotOfAdding" classname="LocalCMCTests" time="0.0"/>
  <testcase name="TestALotOfAdding" classname="LocalCMCTests" time="0.002"/>
  <testcase name="TestALotOfAdding" classname="LocalCMCTests" time="0.002"/>
  <testcase name="TestALotOfAdding" classname="LocalCMCTests" time="0.002"/>
  <testcase name="TestALotOfAdding" classname="LocalCMCTests" time="0.001"/>
  <testcase name="TestALotOfAdding" classname="LocalCMCTests" time="0.0"/>
  <testcase name="TestALotOfAdding" classname="LocalCMCTests" time="0.002"/>
  <testcase name="TestALotOfAdding" classname="LocalCMCTests" time="0.002"/>
  <testcase name="TestALotOfAdding" classname="LocalCMCTests" time="0.002"/>
  <testcase name="TestALotOfAdding" classname="LocalCMCTests" time="0.003"/>
  <testcase name="TestALotOfAdding" classname="LocalCMCTests" time="0.003"/>
  <testcase name="TestALotOfAdding" classname="LocalCMCTests" time="0.0"/>
  <testcase name="TestALotOfAdding" classname="LocalCMCTests" time="0.0"/>
  <testcase name="TestALotOfAdding" classname="LocalCMCTests" time="0.0"/>
  <testcase name="TestALotOfAdding" classname="LocalCMCTests" time="0.001"/>
  <testcase name="TestALotOfAdding" classname="LocalCMCTests" time="0.001"/>
  <testcase name="TestALotOfAdding" classname="LocalCMCTests" time="0.001"/>
  <testcase name="TestALotOfAdding" classname="LocalCMCTests" time="0.001"/>
  <testcase name="TestALotOfAdding" classname="LocalCMCTests" time="0.001"/>
  <testcase name="TestALotOfAdding" classname="LocalCMCTests" time="0.0"/>
  <testcase name="TestALotOfAdding" classname="LocalCMCTests" time="0.001"/>
  <testcase name="TestALotOfAdding" classname="LocalCMCTests" time="0.003"/>
  <testcase name="TestALotOfAdding" classname="LocalCMCTests" time="0.0"/>
  <testcase name="TestALotOfAdding" classname="LocalCMCTests" time="0.0"/>
  <testcase name="TestALotOfAdding" classname="LocalCMCTests" time="0.0"/>
  <testcase name="TestALotOfAdding" classname="LocalCMCTests" time="0.0"/>
  <testcase name="TestALotOfAdding" classname="LocalCMCTests" time="0.0"/>
  <testcase name="TestALotOfAdding" classname="LocalCMCTests" time="0.0"/>
  <testcase name="TestALotOfAdding" classname="LocalCMCTests" time="0.0"/>
  <testcase name="TestALotOfAdding" classname="LocalCMCTests" time="0.001"/>
  <testcase name="TestALotOfAdding" classname="LocalCMCTests" time="0.001"/>
  <testcase name="TestALotOfAdding" classname="LocalCMCTests" time="0.002"/>
  <testcase name="TestALotOfAdding" classname="LocalCMCTests" time="0.002"/>
  <testcase name="TestALotOfAdding" classname="LocalCMCTests" time="0.0"/>
  <testcase name="TestALotOfAdding" classname="LocalCMCTests" time="0.0"/>
  <testcase name="TestALotOfAdding" classname="LocalCMCTests" time="0.0"/>
  <testcase name="TestALotOfAdding" classname="LocalCMCTests" time="0.001"/>
  <testcase name="TestALotOfAdding" classname="LocalCMCTests" time="0.0"/>
  <testcase name="TestALotOfAdding" classname="LocalCMCTests" time="0.001"/>
  <testcase name="TestALotOfAdding" classname="LocalCMCTests" time="0.001"/>
  <testcase name="TestALotOfAdding" classname="LocalCMCTests" time="0.0"/>
  <testcase name="TestALotOfAdding" classname="LocalCMCTests" time="0.001"/>
  <testcase name="TestALotOfAdding" classname="LocalCMCTests" time="0.0"/>
  <testcase name="TestALotOfAdding" classname="LocalCMCTests" time="0.002"/>
  <testcase name="TestALotOfAdding" classname="LocalCMCTests" time="0.0"/>
  <testcase name="TestALotOfAdding" classname="LocalCMCTests" time="0.0"/>
  <testcase name="TestALotOfAdding" classname="LocalCMCTests" time="0.0"/>
  <testcase name="TestALotOfAdding" classname="LocalCMCTests" time="0.001"/>
  <testcase name="TestALotOfAdding" classname="LocalCMCTests" time="0.0"/>
  <testcase name="TestALotOfAdding" classname="LocalCMCTests" time="0.002"/>
  <testcase name="TestALotOfAdding" classname="LocalCMCTests" time="0.001"/>
  <testcase name="TestALotOfAdding" classname="LocalCMCTests" time="0.001"/>
  <testcase name="TestALotOfAdding" classname="LocalCMCTests" time="0.001"/>
  <testcase name="TestALotOfAdding" classname="LocalCMCTests" time="0.001"/>
  <testcase name="TestALotOfAdding" classname="LocalCMCTests" time="0.0"/>
  <testcase name="TestALotOfAdding" classname="LocalCMCTests" time="0.001"/>
  <testcase name="TestALotOfAdding" classname="LocalCMCTests" time="0.001"/>
  <testcase name="TestALotOfAdding" classname="LocalCMCTests" time="0.001"/>
  <testcase name="TestALotOfAdding" classname="LocalCMCTests" time="0.0"/>
  <testcase name="TestALotOfAdding" classname="LocalCMCTests" time="0.002"/>
  <testcase name="TestALotOfAdding" classname="LocalCMCTests" time="0.0"/>
  <testcase name="TestALotOfAdding" classname="LocalCMCTests" time="0.001"/>
  <testcase name="TestALotOfAdding" classname="LocalCMCTests" time="0.0"/>
  <testcase name="TestALotOfAdding" classname="LocalCMCTests" time="0.001"/>
  <testcase name="TestALotOfAdding" classname="LocalCMCTests" time="0.0"/>
  <testcase name="TestALotOfAdding" classname="LocalCMCTests" time="0.001"/>
  <testcase name="TestALotOfAdding" classname="LocalCMCTests" time="0.001"/>
  <testcase name="TestALotOfAdding" classname="LocalCMCTests" time="0.001"/>
  <testcase name="TestALotOfAdding" classname="LocalCMCTests" time="0.002"/>
  <testcase name="TestALotOfAdding" classname="LocalCMCTests" time="0.0"/>
  <testcase name="TestALotOfAdding" classname="LocalCMCTests" time="0.002"/>
  <testcase name="TestALotOfAdding" classname="LocalCMCTests" time="0.002"/>
  <testcase name="TestALotOfAdding" classname="LocalCMCTests" time="0.0"/>
  <testcase name="TestALotOfAdding" classname="LocalCMCTests" time="0.0"/>
  <testcase name="TestALotOfAdding" classname="LocalCMCTests" time="0.0"/>
  <testcase name="TestALotOfAdding" classname="LocalCMCTests" time="0.0"/>
  <testcase name="TestALotOfAdding" classname="LocalCMCTests" time="0.001"/>
  <testcase name="TestALotOfAdding" classname="LocalCMCTests" time="0.001"/>
  <testcase name="TestALotOfAdding" classname="LocalCMCTests" time="0.001"/>
  <testcase name="TestALotOfAdding" classname="LocalCMCTests" time="0.0"/>
  <testcase name="TestALotOfAdding" classname="LocalCMCTests" time="0.002"/>
  <testcase name="TestALotOfAdding" classname="LocalCMCTests" time="0.002"/>
  <testcase name="TestALotOfAdding" classname="LocalCMCTests" time="0.002"/>
  <testcase name="TestALotOfAdding" classname="LocalCMCTests" time="0.0"/>
  <testcase name="TestALotOfAdding" classname="LocalCMCTests" time="0.001"/>
  <testcase name="TestALotOfAdding" classname="LocalCMCTests" time="0.001"/>
  <testcase name="TestALotOfAdding" classname="LocalCMCTests" time="0.001"/>
  <testcase name="TestALotOfAdding" classname="LocalCMCTests" time="0.001"/>
  <testcase name="TestALotOfAdding" classname="LocalCMCTests" time="0.001"/>
  <testcase name="TestALotOfAdding" classname="LocalCMCTests" time="0.001"/>
  <testcase name="TestALotOfAdding" classname="LocalCMCTests" time="0.0"/>
  <testcase name="TestALotOfAdding" classname="LocalCMCTests" time="0.0"/>
  <testcase name="TestALotOfAdding" classname="LocalCMCTests" time="0.0"/>
  <testcase name="TestALotOfAdding" classname="LocalCMCTests" time="0.0"/>
  <testcase name="TestALotOfAdding" classname="LocalCMCTests" time="0.001"/>
  <testcase name="TestALotOfAdding" classname="LocalCMCTests" time="0.0"/>
  <testcase name="TestALotOfAdding" classname="LocalCMCTests" time="0.001"/>
  <testcase name="TestALotOfAdding" classname="LocalCMCTests" time="0.0"/>
  <testcase name="TestALotOfAdding" classname="LocalCMCTests" time="0.001"/>
  <testcase name="TestALotOfAdding" classname="LocalCMCTests" time="0.0"/>
  <testcase name="TestALotOfAdding" classname="LocalCMCTests" time="0.001"/>
  <testcase name="TestALotOfAdding" classname="LocalCMCTests" time="0.0"/>
  <testcase name="TestALotOfAdding" classname="LocalCMCTests" time="0.0"/>
  <testcase name="TestALotOfAdding" classname="LocalCMCTests" time="0.0"/>
  <testcase name="TestALotOfAdding" classname="LocalCMCTests" time="0.001"/>
  <testcase name="TestALotOfAdding" classname="LocalCMCTests" time="0.0"/>
  <testcase name="TestALotOfAdding" classname="LocalCMCTests" time="0.001"/>
  <testcase name="TestALotOfAdding" classname="LocalCMCTests" time="0.0"/>
  <testcase name="TestALotOfAdding" classname="LocalCMCTests" time="0.0"/>
  <testcase name="TestALotOfAdding" classname="LocalCMCTests" time="0.001"/>
  <testcase name="TestALotOfAdding" classname="LocalCMCTests" time="0.0"/>
  <testcase name="TestALotOfAdding" classname="LocalCMCTests" time="0.002"/>
  <testcase name="TestALotOfAdding" classname="LocalCMCTests" time="0.002"/>
  <testcase name="TestALotOfAdding" classname="LocalCMCTests" time="0.0"/>
  <testcase name="TestALotOfAdding" classname="LocalCMCTests" time="0.0"/>
  <testcase name="TestALotOfAdding" classname="LocalCMCTests" time="0.003"/>
  <testcase name="TestALotOfAdding" classname="LocalCMCTests" time="0.0"/>
  <testcase name="TestALotOfAdding" classname="LocalCMCTests" time="0.003"/>
  <testcase name="TestALotOfAdding" classname="LocalCMCTests" time="0.003"/>
  <testcase name="TestALotOfAdding" classname="LocalCMCTests" time="0.003"/>
  <testcase name="TestALotOfAdding" classname="LocalCMCTests" time="0.0"/>
  <testcase name="TestALotOfAdding" classname="LocalCMCTests" time="0.0"/>
  <testcase name="TestALotOfAdding" classname="LocalCMCTests" time="0.001"/>
  <testcase name="TestALotOfAdding" classname="LocalCMCTests" time="0.001"/>
  <testcase name="TestALotOfAdding" classname="LocalCMCTests" time="0.0"/>
  <testcase name="TestALotOfAdding" classname="LocalCMCTests" time="0.002"/>
  <testcase name="TestALotOfAdding" classname="LocalCMCTests" time="0.002"/>
  <testcase name="TestALotOfAdding" classname="LocalCMCTests" time="0.0"/>
  <testcase name="TestALotOfAdding" classname="LocalCMCTests" time="0.003"/>
  <testcase name="TestALotOfAdding" classname="LocalCMCTests" time="0.0"/>
  <testcase name="TestALotOfAdding" classname="LocalCMCTests" time="0.0"/>
  <testcase name="TestALotOfAdding" classname="LocalCMCTests" time="0.0"/>
  <testcase name="TestALotOfAdding" classname="LocalCMCTests" time="0.0"/>
  <testcase name="TestALotOfAdding" classname="LocalCMCTests" time="0.001"/>
  <testcase name="TestALotOfAdding" classname="LocalCMCTests" time="0.001"/>
  <testcase name="TestALotOfAdding" classname="LocalCMCTests" time="0.0"/>
  <testcase name="TestALotOfAdding" classname="LocalCMCTests" time="0.0"/>
  <testcase name="TestALotOfAdding" classname="LocalCMCTests" time="0.002"/>
  <testcase name="TestALotOfAdding" classname="LocalCMCTests" time="0.002"/>
  <testcase name="TestALotOfAdding" classname="LocalCMCTests" time="0.0"/>
  <testcase name="TestALotOfAdding" classname="LocalCMCTests" time="0.0"/>
  <testcase name="TestALotOfAdding" classname="LocalCMCTests" time="0.002"/>
  <testcase name="TestALotOfAdding" classname="LocalCMCTests" time="0.002"/>
  <testcase name="TestALotOfAdding" classname="LocalCMCTests" time="0.001"/>
  <testcase name="TestALotOfAdding" classname="LocalCMCTests" time="0.001"/>
  <testcase name="TestALotOfAdding" classname="LocalCMCTests" time="0.0"/>
  <testcase name="TestALotOfAdding" classname="LocalCMCTests" time="0.0"/>
  <testcase name="TestALotOfAdding" classname="LocalCMCTests" time="0.001"/>
  <testcase name="TestALotOfAdding" classname="LocalCMCTests" time="0.0"/>
  <testcase name="TestALotOfAdding" classname="LocalCMCTests" time="0.002"/>
  <testcase name="TestALotOfAdding" classname="LocalCMCTests" time="0.002"/>
  <testcase name="TestALotOfAdding" classname="LocalCMCTests" time="0.002"/>
  <testcase name="TestALotOfAdding" classname="LocalCMCTests" time="0.002"/>
  <testcase name="TestALotOfAdding" classname="LocalCMCTests" time="0.002"/>
  <testcase name="TestALotOfAdding" classname="LocalCMCTests" time="0.0"/>
  <testcase name="TestALotOfAdding" classname="LocalCMCTests" time="0.0"/>
  <testcase name="TestALotOfAdding" classname="LocalCMCTests" time="0.001"/>
  <testcase name="TestALotOfAdding" classname="LocalCMCTests" time="0.001"/>
  <testcase name="TestALotOfAdding" classname="LocalCMCTests" time="0.0"/>
  <testcase name="TestALotOfAdding" classname="LocalCMCTests" time="0.001"/>
  <testcase name="TestALotOfAdding" classname="LocalCMCTests" time="0.001"/>
  <testcase name="TestALotOfAdding" classname="LocalCMCTests" time="0.001"/>
  <testcase name="TestALotOfAdding" classname="LocalCMCTests" time="0.002"/>
  <testcase name="TestALotOfAdding" classname="LocalCMCTests" time="0.002"/>
  <testcase name="TestALotOfAdding" classname="LocalCMCTests" time="0.001"/>
  <testcase name="TestALotOfAdding" classname="LocalCMCTests" time="0.001"/>
  <testcase name="TestALotOfAdding" classname="LocalCMCTests" time="0.0"/>
  <testcase name="TestALotOfAdding" classname="LocalCMCTests" time="0.0"/>
  <testcase name="TestALotOfAdding" classname="LocalCMCTests" time="0.0"/>
  <testcase name="TestALotOfAdding" classname="LocalCMCTests" time="0.0"/>
  <testcase name="TestALotOfAdding" classname="LocalCMCTests" time="0.001"/>
  <testcase name="TestALotOfAdding" classname="LocalCMCTests" time="0.0"/>
  <testcase name="TestALotOfAdding" classname="LocalCMCTests" time="0.002"/>
  <testcase name="TestALotOfAdding" classname="LocalCMCTests" time="0.0"/>
  <testcase name="TestALotOfAdding" classname="LocalCMCTests" time="0.0"/>
  <testcase name="TestALotOfAdding" classname="LocalCMCTests" time="0.0"/>
  <testcase name="TestALotOfAdding" classname="LocalCMCTests" time="0.001"/>
  <testcase name="TestALotOfAdding" classname="LocalCMCTests" time="0.0"/>
  <testcase name="TestALotOfAdding" classname="LocalCMCTests" time="0.001"/>
  <testcase name="TestALotOfAdding" classname="LocalCMCTests" time="0.0"/>
  <testcase name="TestALotOfAdding" classname="LocalCMCTests" time="0.001"/>
  <testcase name="TestALotOfAdding" classname="LocalCMCTests" time="0.001"/>
  <testcase name="TestALotOfAdding" classname="LocalCMCTests" time="0.0"/>
  <testcase name="TestALotOfAdding" classname="LocalCMCTests" time="0.001"/>
  <testcase name="TestALotOfAdding" classname="LocalCMCTests" time="0.001"/>
  <testcase name="TestALotOfAdding" classname="LocalCMCTests" time="0.001"/>
  <testcase name="TestALotOfAdding" classname="LocalCMCTests" time="0.001"/>
  <testcase name="TestALotOfAdding" classname="LocalCMCTests" time="0.001"/>
  <testcase name="TestALotOfAdding" classname="LocalCMCTests" time="0.0"/>
  <testcase name="TestALotOfAdding" classname="LocalCMCTests" time="0.0"/>
  <testcase name="TestALotOfAdding" classname="LocalCMCTests" time="0.0"/>
  <testcase name="TestALotOfAdding" classname="LocalCMCTests" time="0.001"/>
  <testcase name="TestALotOfAdding" classname="LocalCMCTests" time="0.001"/>
  <testcase name="TestALotOfAdding" classname="LocalCMCTests" time="0.0"/>
  <testcase name="TestALotOfAdding" classname="LocalCMCTests" time="0.0"/>
  <testcase name="TestALotOfAdding" classname="LocalCMCTests" time="0.0"/>
  <testcase name="TestALotOfAdding" classname="LocalCMCTests" time="0.0"/>
  <testcase name="TestALotOfAdding" classname="LocalCMCTests" time="0.0"/>
  <testcase name="TestALotOfAdding" classname="LocalCMCTests" time="0.0"/>
  <testcase name="TestALotOfAdding" classname="LocalCMCTests" time="0.002"/>
  <testcase name="TestALotOfAdding" classname="LocalCMCTests" time="0.001"/>
  <testcase name="TestALotOfAdding" classname="LocalCMCTests" time="0.0"/>
  <testcase name="TestALotOfAdding" classname="LocalCMCTests" time="0.003"/>
  <testcase name="TestALotOfAdding" classname="LocalCMCTests" time="0.0"/>
  <testcase name="TestALotOfAdding" classname="LocalCMCTests" time="0.0"/>
  <testcase name="TestALotOfAdding" classname="LocalCMCTests" time="0.0"/>
  <testcase name="TestALotOfAdding" classname="LocalCMCTests" time="0.0"/>
  <testcase name="TestALotOfAdding" classname="LocalCMCTests" time="0.0"/>
  <testcase name="TestALotOfAdding" classname="LocalCMCTests" time="0.003"/>
  <testcase name="TestALotOfAdding" classname="LocalCMCTests" time="0.001"/>
  <testcase name="TestALotOfAdding" classname="LocalCMCTests" time="0.0"/>
  <testcase name="TestALotOfAdding" classname="LocalCMCTests" time="0.0"/>
  <testcase name="TestALotOfAdding" classname="LocalCMCTests" time="0.001"/>
  <testcase name="TestALotOfAdding" classname="LocalCMCTests" time="0.0"/>
  <testcase name="TestALotOfAdding" classname="LocalCMCTests" time="0.0"/>
  <testcase name="TestALotOfAdding" classname="LocalCMCTests" time="0.0"/>
  <testcase name="TestALotOfAdding" classname="LocalCMCTests" time="0.0"/>
  <testcase name="TestALotOfAdding" classname="LocalCMCTests" time="0.0"/>
  <testcase name="TestALotOfAdding" classname="LocalCMCTests" time="0.0"/>
  <testcase name="TestALotOfAdding" classname="LocalCMCTests" time="0.001"/>
  <testcase name="TestALotOfAdding" classname="LocalCMCTests" time="0.0"/>
  <testcase name="TestALotOfAdding" classname="LocalCMCTests" time="0.0"/>
  <testcase name="TestALotOfAdding" classname="LocalCMCTests" time="0.0"/>
  <testcase name="TestALotOfAdding" classname="LocalCMCTests" time="0.001"/>
  <testcase name="TestALotOfAdding" classname="LocalCMCTests" time="0.0"/>
  <testcase name="TestALotOfAdding" classname="LocalCMCTests" time="0.001"/>
  <testcase name="TestALotOfAdding" classname="LocalCMCTests" time="0.0"/>
  <testcase name="TestALotOfAdding" classname="LocalCMCTests" time="0.0"/>
  <testcase name="TestALotOfAdding" classname="LocalCMCTests" time="0.0"/>
  <testcase name="TestALotOfAdding" classname="LocalCMCTests" time="0.0"/>
  <testcase name="TestALotOfAdding" classname="LocalCMCTests" time="0.001"/>
  <testcase name="TestALotOfAdding" classname="LocalCMCTests" time="0.006"/>
  <testcase name="TestALotOfAdding" classname="LocalCMCTests" time="0.0"/>
  <testcase name="TestALotOfAdding" classname="LocalCMCTests" time="0.0"/>
  <testcase name="TestALotOfAdding" classname="LocalCMCTests" time="0.0"/>
  <testcase name="TestALotOfAdding" classname="LocalCMCTests" time="0.001"/>
  <testcase name="TestALotOfAdding" classname="LocalCMCTests" time="0.0"/>
  <testcase name="TestALotOfAdding" classname="LocalCMCTests" time="0.0"/>
  <testcase name="TestALotOfAdding" classname="LocalCMCTests" time="0.0"/>
  <testcase name="TestALotOfAdding" classname="LocalCMCTests" time="0.001"/>
  <testcase name="TestALotOfAdding" classname="LocalCMCTests" time="0.0"/>
  <testcase name="TestALotOfAdding" classname="LocalCMCTests" time="0.009"/>
  <testcase name="TestALotOfAdding" classname="LocalCMCTests" time="0.0"/>
  <testcase name="TestALotOfAdding" classname="LocalCMCTests" time="0.0"/>
  <testcase name="TestALotOfAdding" classname="LocalCMCTests" time="0.001"/>
  <testcase name="TestALotOfAdding" classname="LocalCMCTests" time="0.0"/>
  <testcase name="TestALotOfAdding" classname="LocalCMCTests" time="0.001"/>
  <testcase name="TestALotOfAdding" classname="LocalCMCTests" time="0.012"/>
  <testcase name="TestALotOfAdding" classname="LocalCMCTests" time="0.0"/>
  <testcase name="TestALotOfAdding" classname="LocalCMCTests" time="0.001"/>
  <testcase name="TestALotOfAdding" classname="LocalCMCTests" time="0.013"/>
  <testcase name="TestALotOfAdding" classname="LocalCMCTests" time="0.0"/>
  <testcase name="TestALotOfAdding" classname="LocalCMCTests" time="0.001"/>
  <testcase name="TestALotOfAdding" classname="LocalCMCTests" time="0.0"/>
  <testcase name="TestALotOfAdding" classname="LocalCMCTests" time="0.0"/>
  <testcase name="TestALotOfAdding" classname="LocalCMCTests" time="0.001"/>
  <testcase name="TestALotOfAdding" classname="LocalCMCTests" time="0.015"/>
  <testcase name="TestALotOfAdding" classname="LocalCMCTests" time="0.0"/>
  <testcase name="TestALotOfAdding" classname="LocalCMCTests" time="0.0"/>
  <testcase name="TestALotOfAdding" classname="LocalCMCTests" time="0.0"/>
  <testcase name="TestALotOfAdding" classname="LocalCMCTests" time="0.0"/>
  <testcase name="TestALotOfAdding" classname="LocalCMCTests" time="0.001"/>
  <testcase name="TestALotOfAdding" classname="LocalCMCTests" time="0.0"/>
  <testcase name="TestALotOfAdding" classname="LocalCMCTests" time="0.017"/>
  <testcase name="TestALotOfAdding" classname="LocalCMCTests" time="0.0"/>
  <testcase name="TestALotOfAdding" classname="LocalCMCTests" time="0.0"/>
  <testcase name="TestALotOfAdding" classname="LocalCMCTests" time="0.0"/>
  <testcase name="TestALotOfAdding" classname="LocalCMCTests" time="0.0"/>
  <testcase name="TestALotOfAdding" classname="LocalCMCTests" time="0.0"/>
  <testcase name="TestALotOfAdding" classname="LocalCMCTests" time="0.001"/>
  <testcase name="TestALotOfAdding" classname="LocalCMCTests" time="0.0"/>
  <testcase name="TestALotOfAdding" classname="LocalCMCTests" time="0.003"/>
  <testcase name="TestALotOfAdding" classname="LocalCMCTests" time="0.0"/>
  <testcase name="TestALotOfAdding" classname="LocalCMCTests" time="0.0"/>
  <testcase name="TestALotOfAdding" classname="LocalCMCTests" time="0.0"/>
  <testcase name="TestALotOfAdding" classname="LocalCMCTests" time="0.006"/>
  <testcase name="TestALotOfAdding" classname="LocalCMCTests" time="0.026"/>
  <testcase name="TestALotOfAdding" classname="LocalCMCTests" time="0.01"/>
  <testcase name="TestALotOfAdding" classname="LocalCMCTests" time="0.025"/>
  <testcase name="TestALotOfAdding" classname="LocalCMCTests" time="0.011"/>
  <testcase name="TestALotOfAdding" classname="LocalCMCTests" time="0.024"/>
  <testcase name="TestALotOfAdding" classname="LocalCMCTests" time="0.017"/>
  <testcase name="TestALotOfAdding" classname="LocalCMCTests" time="0.019"/>
  <testcase name="TestALotOfAdding" classname="LocalCMCTests" time="0.0"/>
  <testcase name="TestALotOfAdding" classname="LocalCMCTests" time="0.016"/>
  <testcase name="TestALotOfAdding" classname="LocalCMCTests" time="0.0"/>
  <testcase name="TestALotOfAdding" classname="LocalCMCTests" time="0.012"/>
  <testcase name="TestALotOfAdding" classname="LocalCMCTests" time="0.0"/>
  <testcase name="TestALotOfAdding" classname="LocalCMCTests" time="0.0"/>
  <testcase name="TestALotOfAdding" classname="LocalCMCTests" time="0.0"/>
  <testcase name="TestALotOfAdding" classname="LocalCMCTests" time="0.001"/>
  <testcase name="TestALotOfAdding" classname="LocalCMCTests" time="0.001"/>
  <testcase name="TestALotOfAdding" classname="LocalCMCTests" time="0.001"/>
  <testcase name="TestALotOfAdding" classname="LocalCMCTests" time="0.0"/>
  <testcase name="TestALotOfAdding" classname="LocalCMCTests" time="0.0"/>
  <testcase name="TestALotOfAdding" classname="LocalCMCTests" time="0.0"/>
  <testcase name="TestALotOfAdding" classname="LocalCMCTests" time="0.0"/>
  <testcase name="TestALotOfAdding" classname="LocalCMCTests" time="0.0"/>
  <testcase name="TestALotOfAdding" classname="LocalCMCTests" time="0.0"/>
  <testcase name="TestALotOfAdding" classname="LocalCMCTests" time="0.0"/>
  <testcase name="TestALotOfAdding" classname="LocalCMCTests" time="0.0"/>
  <testcase name="TestALotOfAdding" classname="LocalCMCTests" time="0.0"/>
  <testcase name="TestALotOfAdding" classname="LocalCMCTests" time="0.018"/>
  <testcase name="TestALotOfAdding" classname="LocalCMCTests" time="0.0"/>
  <testcase name="TestALotOfAdding" classname="LocalCMCTests" time="0.0"/>
  <testcase name="TestALotOfAdding" classname="LocalCMCTests" time="0.0"/>
  <testcase name="TestALotOfAdding" classname="LocalCMCTests" time="0.0"/>
  <testcase name="TestALotOfAdding" classname="LocalCMCTests" time="0.0"/>
  <testcase name="TestALotOfAdding" classname="LocalCMCTests" time="0.0"/>
  <testcase name="TestALotOfAdding" classname="LocalCMCTests" time="0.0"/>
  <testcase name="TestALotOfAdding" classname="LocalCMCTests" time="0.0"/>
  <testcase name="TestALotOfAdding" classname="LocalCMCTests" time="0.0"/>
  <testcase name="TestALotOfAdding" classname="LocalCMCTests" time="0.0"/>
  <testcase name="TestALotOfAdding" classname="LocalCMCTests" time="0.0"/>
  <testcase name="TestALotOfAdding" classname="LocalCMCTests" time="0.0"/>
  <testcase name="TestALotOfAdding" classname="LocalCMCTests" time="0.001"/>
  <testcase name="TestALotOfAdding" classname="LocalCMCTests" time="0.0"/>
  <testcase name="TestALotOfAdding" classname="LocalCMCTests" time="0.0"/>
  <testcase name="TestALotOfAdding" classname="LocalCMCTests" time="0.0"/>
  <testcase name="TestALotOfAdding" classname="LocalCMCTests" time="0.0"/>
  <testcase name="TestALotOfAdding" classname="LocalCMCTests" time="0.0"/>
  <testcase name="TestALotOfAdding" classname="LocalCMCTests" time="0.0"/>
  <testcase name="TestALotOfAdding" classname="LocalCMCTests" time="0.007"/>
  <testcase name="TestALotOfAdding" classname="LocalCMCTests" time="0.001"/>
  <testcase name="TestALotOfAdding" classname="LocalCMCTests" time="0.0"/>
  <testcase name="TestALotOfAdding" classname="LocalCMCTests" time="0.0"/>
  <testcase name="TestALotOfAdding" classname="LocalCMCTests" time="0.008"/>
  <testcase name="TestALotOfAdding" classname="LocalCMCTests" time="0.0"/>
  <testcase name="TestALotOfAdding" classname="LocalCMCTests" time="0.0"/>
  <testcase name="TestALotOfAdding" classname="LocalCMCTests" time="0.0"/>
  <testcase name="TestALotOfAdding" classname="LocalCMCTests" time="0.009"/>
  <testcase name="TestALotOfAdding" classname="LocalCMCTests" time="0.0"/>
  <testcase name="TestALotOfAdding" classname="LocalCMCTests" time="0.009"/>
  <testcase name="TestALotOfAdding" classname="LocalCMCTests" time="0.01"/>
  <testcase name="TestALotOfAdding" classname="LocalCMCTests" time="0.001"/>
  <testcase name="TestALotOfAdding" classname="LocalCMCTests" time="0.0"/>
  <testcase name="TestALotOfAdding" classname="LocalCMCTests" time="0.0"/>
  <testcase name="TestALotOfAdding" classname="LocalCMCTests" time="0.0"/>
  <testcase name="TestALotOfAdding" classname="LocalCMCTests" time="0.0"/>
  <testcase name="TestALotOfAdding" classname="LocalCMCTests" time="0.0"/>
  <testcase name="TestALotOfAdding" classname="LocalCMCTests" time="0.0"/>
  <testcase name="TestALotOfAdding" classname="LocalCMCTests" time="0.0"/>
  <testcase name="TestALotOfAdding" classname="LocalCMCTests" time="0.011"/>
  <testcase name="TestALotOfAdding" classname="LocalCMCTests" time="0.012"/>
  <testcase name="TestALotOfAdding" classname="LocalCMCTests" time="0.001"/>
  <testcase name="TestALotOfAdding" classname="LocalCMCTests" time="0.0"/>
  <testcase name="TestALotOfAdding" classname="LocalCMCTests" time="0.0"/>
  <testcase name="TestALotOfAdding" classname="LocalCMCTests" time="0.0"/>
  <testcase name="TestALotOfAdding" classname="LocalCMCTests" time="0.0"/>
  <testcase name="TestALotOfAdding" classname="LocalCMCTests" time="0.0"/>
  <testcase name="TestALotOfAdding" classname="LocalCMCTests" time="0.0"/>
  <testcase name="TestALotOfAdding" classname="LocalCMCTests" time="0.0"/>
  <testcase name="TestALotOfAdding" classname="LocalCMCTests" time="0.011"/>
  <testcase name="TestALotOfAdding" classname="LocalCMCTests" time="0.0"/>
  <testcase name="TestALotOfAdding" classname="LocalCMCTests" time="0.0"/>
  <testcase name="TestALotOfAdding" classname="LocalCMCTests" time="0.002"/>
  <testcase name="TestALotOfAdding" classname="LocalCMCTests" time="0.0"/>
  <testcase name="TestALotOfAdding" classname="LocalCMCTests" time="0.001"/>
  <testcase name="TestALotOfAdding" classname="LocalCMCTests" time="0.004"/>
  <testcase name="TestALotOfAdding" classname="LocalCMCTests" time="0.0"/>
  <testcase name="TestALotOfAdding" classname="LocalCMCTests" time="0.0"/>
  <testcase name="TestALotOfAdding" classname="LocalCMCTests" time="0.0"/>
  <testcase name="TestALotOfAdding" classname="LocalCMCTests" time="0.004"/>
  <testcase name="TestALotOfAdding" classname="LocalCMCTests" time="0.0"/>
  <testcase name="TestALotOfAdding" classname="LocalCMCTests" time="0.006"/>
  <testcase name="TestALotOfAdding" classname="LocalCMCTests" time="0.0"/>
  <testcase name="TestALotOfAdding" classname="LocalCMCTests" time="0.0"/>
  <testcase name="TestALotOfAdding" classname="LocalCMCTests" time="0.0"/>
  <testcase name="TestALotOfAdding" classname="LocalCMCTests" time="0.0"/>
  <testcase name="TestALotOfAdding" classname="LocalCMCTests" time="0.0"/>
  <testcase name="TestALotOfAdding" classname="LocalCMCTests" time="0.0"/>
  <testcase name="TestALotOfAdding" classname="LocalCMCTests" time="0.0"/>
  <testcase name="TestALotOfAdding" classname="LocalCMCTests" time="0.0"/>
  <testcase name="TestALotOfAdding" classname="LocalCMCTests" time="0.0"/>
  <testcase name="TestALotOfAdding" classname="LocalCMCTests" time="0.0"/>
  <testcase name="TestALotOfAdding" classname="LocalCMCTests" time="0.0"/>
  <testcase name="TestALotOfAdding" classname="LocalCMCTests" time="0.001"/>
  <testcase name="TestALotOfAdding" classname="LocalCMCTests" time="0.0"/>
  <testcase name="TestALotOfAdding" classname="LocalCMCTests" time="0.0"/>
  <testcase name="TestALotOfAdding" classname="LocalCMCTests" time="0.009"/>
  <testcase name="TestALotOfAdding" classname="LocalCMCTests" time="0.0"/>
  <testcase name="TestALotOfAdding" classname="LocalCMCTests" time="0.0"/>
  <testcase name="TestALotOfAdding" classname="LocalCMCTests" time="0.0"/>
  <testcase name="TestALotOfAdding" classname="LocalCMCTests" time="0.001"/>
  <testcase name="TestALotOfAdding" classname="LocalCMCTests" time="0.001"/>
  <testcase name="TestALotOfAdding" classname="LocalCMCTests" time="0.0"/>
  <testcase name="TestALotOfAdding" classname="LocalCMCTests" time="0.0"/>
  <testcase name="TestALotOfAdding" classname="LocalCMCTests" time="0.001"/>
  <testcase name="TestALotOfAdding" classname="LocalCMCTests" time="0.0"/>
  <testcase name="TestALotOfAdding" classname="LocalCMCTests" time="0.004"/>
  <testcase name="TestALotOfAdding" classname="LocalCMCTests" time="0.0"/>
  <testcase name="TestALotOfAdding" classname="LocalCMCTests" time="0.002"/>
  <testcase name="TestALotOfAdding" classname="LocalCMCTests" time="0.0"/>
  <testcase name="TestALotOfAdding" classname="LocalCMCTests" time="0.002"/>
  <testcase name="TestALotOfAdding" classname="LocalCMCTests" time="0.001"/>
  <testcase name="TestALotOfAdding" classname="LocalCMCTests" time="0.0"/>
  <testcase name="TestALotOfAdding" classname="LocalCMCTests" time="0.0"/>
  <testcase name="TestALotOfAdding" classname="LocalCMCTests" time="0.003"/>
  <testcase name="TestALotOfAdding" classname="LocalCMCTests" time="0.003"/>
  <testcase name="TestALotOfAdding" classname="LocalCMCTests" time="0.0"/>
  <testcase name="TestALotOfAdding" classname="LocalCMCTests" time="0.001"/>
  <testcase name="TestALotOfAdding" classname="LocalCMCTests" time="0.0"/>
  <testcase name="TestALotOfAdding" classname="LocalCMCTests" time="0.001"/>
  <testcase name="TestALotOfAdding" classname="LocalCMCTests" time="0.0"/>
  <testcase name="TestALotOfAdding" classname="LocalCMCTests" time="0.001"/>
  <testcase name="TestALotOfAdding" classname="LocalCMCTests" time="0.0"/>
  <testcase name="TestALotOfAdding" classname="LocalCMCTests" time="0.002"/>
  <testcase name="TestALotOfAdding" classname="LocalCMCTests" time="0.002"/>
  <testcase name="TestALotOfAdding" classname="LocalCMCTests" time="0.002"/>
  <testcase name="TestALotOfAdding" classname="LocalCMCTests" time="0.0"/>
  <testcase name="TestALotOfAdding" classname="LocalCMCTests" time="0.0"/>
  <testcase name="TestALotOfAdding" classname="LocalCMCTests" time="0.002"/>
  <testcase name="TestALotOfAdding" classname="LocalCMCTests" time="0.0"/>
  <testcase name="TestALotOfAdding" classname="LocalCMCTests" time="0.0"/>
  <testcase name="TestALotOfAdding" classname="LocalCMCTests" time="0.0"/>
  <testcase name="TestALotOfAdding" classname="LocalCMCTests" time="0.002"/>
  <testcase name="TestALotOfAdding" classname="LocalCMCTests" time="0.001"/>
  <testcase name="TestALotOfAdding" classname="LocalCMCTests" time="0.001"/>
  <testcase name="TestALotOfAdding" classname="LocalCMCTests" time="0.002"/>
  <testcase name="TestALotOfAdding" classname="LocalCMCTests" time="0.0"/>
  <testcase name="TestALotOfAdding" classname="LocalCMCTests" time="0.002"/>
  <testcase name="TestALotOfAdding" classname="LocalCMCTests" time="0.001"/>
  <testcase name="TestALotOfAdding" classname="LocalCMCTests" time="0.0"/>
  <testcase name="TestALotOfAdding" classname="LocalCMCTests" time="0.001"/>
  <testcase name="TestALotOfAdding" classname="LocalCMCTests" time="0.001"/>
  <testcase name="TestALotOfAdding" classname="LocalCMCTests" time="0.001"/>
  <testcase name="TestALotOfAdding" classname="LocalCMCTests" time="0.001"/>
  <testcase name="TestALotOfAdding" classname="LocalCMCTests" time="0.001"/>
  <testcase name="TestALotOfAdding" classname="LocalCMCTests" time="0.001"/>
  <testcase name="TestALotOfAdding" classname="LocalCMCTests" time="0.0"/>
  <testcase name="TestALotOfAdding" classname="LocalCMCTests" time="0.0"/>
  <testcase name="TestALotOfAdding" classname="LocalCMCTests" time="0.0"/>
  <testcase name="TestALotOfAdding" classname="LocalCMCTests" time="0.001"/>
  <testcase name="TestALotOfAdding" classname="LocalCMCTests" time="0.0"/>
  <testcase name="TestALotOfAdding" classname="LocalCMCTests" time="0.0"/>
  <testcase name="TestALotOfAdding" classname="LocalCMCTests" time="0.0"/>
  <testcase name="TestALotOfAdding" classname="LocalCMCTests" time="0.0"/>
  <testcase name="TestALotOfAdding" classname="LocalCMCTests" time="0.001"/>
  <testcase name="TestALotOfAdding" classname="LocalCMCTests" time="0.001"/>
  <testcase name="TestALotOfAdding" classname="LocalCMCTests" time="0.001"/>
  <testcase name="TestALotOfAdding" classname="LocalCMCTests" time="0.001"/>
  <testcase name="TestALotOfAdding" classname="LocalCMCTests" time="0.001"/>
  <testcase name="TestALotOfAdding" classname="LocalCMCTests" time="0.0"/>
  <testcase name="TestALotOfAdding" classname="LocalCMCTests" time="0.0"/>
  <testcase name="TestALotOfAdding" classname="LocalCMCTests" time="0.0"/>
  <testcase name="TestALotOfAdding" classname="LocalCMCTests" time="0.001"/>
  <testcase name="TestALotOfAdding" classname="LocalCMCTests" time="0.001"/>
  <testcase name="TestALotOfAdding" classname="LocalCMCTests" time="0.001"/>
  <testcase name="TestALotOfAdding" classname="LocalCMCTests" time="0.0"/>
  <testcase name="TestALotOfAdding" classname="LocalCMCTests" time="0.001"/>
  <testcase name="TestALotOfAdding" classname="LocalCMCTests" time="0.0"/>
  <testcase name="TestALotOfAdding" classname="LocalCMCTests" time="0.001"/>
  <testcase name="TestALotOfAdding" classname="LocalCMCTests" time="0.0"/>
  <testcase name="TestALotOfAdding" classname="LocalCMCTests" time="0.001"/>
  <testcase name="TestALotOfAdding" classname="LocalCMCTests" time="0.001"/>
  <testcase name="TestALotOfAdding" classname="LocalCMCTests" time="0.001"/>
  <testcase name="TestALotOfAdding" classname="LocalCMCTests" time="0.001"/>
  <testcase name="TestALotOfAdding" classname="LocalCMCTests" time="0.001"/>
  <testcase name="TestALotOfAdding" classname="LocalCMCTests" time="0.0"/>
  <testcase name="TestALotOfAdding" classname="LocalCMCTests" time="0.0"/>
  <testcase name="TestALotOfAdding" classname="LocalCMCTests" time="0.0"/>
  <testcase name="TestALotOfAdding" classname="LocalCMCTests" time="0.001"/>
  <testcase name="TestALotOfAdding" classname="LocalCMCTests" time="0.001"/>
  <testcase name="TestALotOfAdding" classname="LocalCMCTests" time="0.001"/>
  <testcase name="TestALotOfAdding" classname="LocalCMCTests" time="0.002"/>
  <testcase name="TestALotOfAdding" classname="LocalCMCTests" time="0.001"/>
  <testcase name="TestALotOfAdding" classname="LocalCMCTests" time="0.0"/>
  <testcase name="TestALotOfAdding" classname="LocalCMCTests" time="0.001"/>
  <testcase name="TestALotOfAdding" classname="LocalCMCTests" time="0.002"/>
  <testcase name="TestALotOfAdding" classname="LocalCMCTests" time="0.0"/>
  <testcase name="TestALotOfAdding" classname="LocalCMCTests" time="0.001"/>
  <testcase name="TestALotOfAdding" classname="LocalCMCTests" time="0.0"/>
  <testcase name="TestALotOfAdding" classname="LocalCMCTests" time="0.001"/>
  <testcase name="TestALotOfAdding" classname="LocalCMCTests" time="0.001"/>
  <testcase name="TestALotOfAdding" classname="LocalCMCTests" time="0.002"/>
  <testcase name="TestALotOfAdding" classname="LocalCMCTests" time="0.002"/>
  <testcase name="TestALotOfAdding" classname="LocalCMCTests" time="0.002"/>
  <testcase name="TestALotOfAdding" classname="LocalCMCTests" time="0.0"/>
  <testcase name="TestALotOfAdding" classname="LocalCMCTests" time="0.0"/>
  <testcase name="TestALotOfAdding" classname="LocalCMCTests" time="0.001"/>
  <testcase name="TestALotOfAdding" classname="LocalCMCTests" time="0.0"/>
  <testcase name="TestALotOfAdding" classname="LocalCMCTests" time="0.001"/>
  <testcase name="TestALotOfAdding" classname="LocalCMCTests" time="0.001"/>
  <testcase name="TestALotOfAdding" classname="LocalCMCTests" time="0.001"/>
  <testcase name="TestALotOfAdding" classname="LocalCMCTests" time="0.001"/>
  <testcase name="TestALotOfAdding" classname="LocalCMCTests" time="0.001"/>
  <testcase name="TestALotOfAdding" classname="LocalCMCTests" time="0.0"/>
  <testcase name="TestALotOfAdding" classname="LocalCMCTests" time="0.0"/>
  <testcase name="TestALotOfAdding" classname="LocalCMCTests" time="0.001"/>
  <testcase name="TestALotOfAdding" classname="LocalCMCTests" time="0.001"/>
  <testcase name="TestALotOfAdding" classname="LocalCMCTests" time="0.002"/>
  <testcase name="TestALotOfAdding" classname="LocalCMCTests" time="0.0"/>
  <testcase name="TestALotOfAdding" classname="LocalCMCTests" time="0.0"/>
  <testcase name="TestALotOfAdding" classname="LocalCMCTests" time="0.001"/>
  <testcase name="TestALotOfAdding" classname="LocalCMCTests" time="0.0"/>
  <testcase name="TestALotOfAdding" classname="LocalCMCTests" time="0.001"/>
  <testcase name="TestALotOfAdding" classname="LocalCMCTests" time="0.0"/>
  <testcase name="TestALotOfAdding" classname="LocalCMCTests" time="0.001"/>
  <testcase name="TestALotOfAdding" classname="LocalCMCTests" time="0.0"/>
  <testcase name="TestALotOfAdding" classname="LocalCMCTests" time="0.001"/>
  <testcase name="TestALotOfAdding" classname="LocalCMCTests" time="0.0"/>
  <testcase name="TestALotOfAdding" classname="LocalCMCTests" time="0.0"/>
  <testcase name="TestALotOfAdding" classname="LocalCMCTests" time="0.001"/>
  <testcase name="TestALotOfAdding" classname="LocalCMCTests" time="0.002"/>
  <testcase name="TestALotOfAdding" classname="LocalCMCTests" time="0.002"/>
  <testcase name="TestALotOfAdding" classname="LocalCMCTests" time="0.002"/>
  <testcase name="TestALotOfAdding" classname="LocalCMCTests" time="0.001"/>
  <testcase name="TestALotOfAdding" classname="LocalCMCTests" time="0.0"/>
  <testcase name="TestALotOfAdding" classname="LocalCMCTests" time="0.002"/>
  <testcase name="TestALotOfAdding" classname="LocalCMCTests" time="0.002"/>
  <testcase name="TestALotOfAdding" classname="LocalCMCTests" time="0.0"/>
  <testcase name="TestALotOfAdding" classname="LocalCMCTests" time="0.002"/>
  <testcase name="TestALotOfAdding" classname="LocalCMCTests" time="0.0"/>
  <testcase name="TestALotOfAdding" classname="LocalCMCTests" time="0.001"/>
  <testcase name="TestALotOfAdding" classname="LocalCMCTests" time="0.0"/>
  <testcase name="TestALotOfAdding" classname="LocalCMCTests" time="0.003"/>
  <testcase name="TestALotOfAdding" classname="LocalCMCTests" time="0.001"/>
  <testcase name="TestALotOfAdding" classname="LocalCMCTests" time="0.0"/>
  <testcase name="TestALotOfAdding" classname="LocalCMCTests" time="0.0"/>
  <testcase name="TestALotOfAdding" classname="LocalCMCTests" time="0.0"/>
  <testcase name="TestALotOfAdding" classname="LocalCMCTests" time="0.0"/>
  <testcase name="TestALotOfAdding" classname="LocalCMCTests" time="0.004"/>
  <testcase name="TestALotOfAdding" classname="LocalCMCTests" time="0.0"/>
  <testcase name="TestALotOfAdding" classname="LocalCMCTests" time="0.001"/>
  <testcase name="TestALotOfAdding" classname="LocalCMCTests" time="0.0"/>
  <testcase name="TestALotOfAdding" classname="LocalCMCTests" time="0.0"/>
  <testcase name="TestALotOfAdding" classname="LocalCMCTests" time="0.0"/>
  <testcase name="TestALotOfAdding" classname="LocalCMCTests" time="0.0"/>
  <testcase name="TestALotOfAdding" classname="LocalCMCTests" time="0.0"/>
  <testcase name="TestALotOfAdding" classname="LocalCMCTests" time="0.0"/>
  <testcase name="TestALotOfAdding" classname="LocalCMCTests" time="0.003"/>
  <testcase name="TestALotOfAdding" classname="LocalCMCTests" time="0.003"/>
  <testcase name="TestALotOfAdding" classname="LocalCMCTests" time="0.004"/>
  <testcase name="TestALotOfAdding" classname="LocalCMCTests" time="0.0"/>
  <testcase name="TestALotOfAdding" classname="LocalCMCTests" time="0.0"/>
  <testcase name="TestALotOfAdding" classname="LocalCMCTests" time="0.005"/>
  <testcase name="TestALotOfAdding" classname="LocalCMCTests" time="0.005"/>
  <testcase name="TestALotOfAdding" classname="LocalCMCTests" time="0.005"/>
  <testcase name="TestALotOfAdding" classname="LocalCMCTests" time="0.0"/>
  <testcase name="TestALotOfAdding" classname="LocalCMCTests" time="0.005"/>
  <testcase name="TestALotOfAdding" classname="LocalCMCTests" time="0.0"/>
  <testcase name="TestALotOfAdding" classname="LocalCMCTests" time="0.0"/>
  <testcase name="TestALotOfAdding" classname="LocalCMCTests" time="0.0"/>
  <testcase name="TestALotOfAdding" classname="LocalCMCTests" time="0.0"/>
  <testcase name="TestALotOfAdding" classname="LocalCMCTests" time="0.0"/>
  <testcase name="TestALotOfAdding" classname="LocalCMCTests" time="0.002"/>
  <testcase name="TestALotOfAdding" classname="LocalCMCTests" time="0.002"/>
  <testcase name="TestALotOfAdding" classname="LocalCMCTests" time="0.002"/>
  <testcase name="TestALotOfAdding" classname="LocalCMCTests" time="0.0"/>
  <testcase name="TestALotOfAdding" classname="LocalCMCTests" time="0.004"/>
  <testcase name="TestALotOfAdding" classname="LocalCMCTests" time="0.0"/>
  <testcase name="TestALotOfAdding" classname="LocalCMCTests" time="0.0"/>
  <testcase name="TestALotOfAdding" classname="LocalCMCTests" time="0.0"/>
  <testcase name="TestALotOfAdding" classname="LocalCMCTests" time="0.003"/>
  <testcase name="TestALotOfAdding" classname="LocalCMCTests" time="0.0"/>
  <testcase name="TestALotOfAdding" classname="LocalCMCTests" time="0.001"/>
  <testcase name="TestALotOfAdding" classname="LocalCMCTests" time="0.002"/>
  <testcase name="TestALotOfAdding" classname="LocalCMCTests" time="0.002"/>
  <testcase name="TestALotOfAdding" classname="LocalCMCTests" time="0.0"/>
  <testcase name="TestALotOfAdding" classname="LocalCMCTests" time="0.002"/>
  <testcase name="TestALotOfAdding" classname="LocalCMCTests" time="0.0"/>
  <testcase name="TestALotOfAdding" classname="LocalCMCTests" time="0.002"/>
  <testcase name="TestALotOfAdding" classname="LocalCMCTests" time="0.0"/>
  <testcase name="TestALotOfAdding" classname="LocalCMCTests" time="0.001"/>
  <testcase name="TestALotOfAdding" classname="LocalCMCTests" time="0.001"/>
  <testcase name="TestALotOfAdding" classname="LocalCMCTests" time="0.0"/>
  <testcase name="TestALotOfAdding" classname="LocalCMCTests" time="0.001"/>
  <testcase name="TestALotOfAdding" classname="LocalCMCTests" time="0.0"/>
  <testcase name="TestALotOfAdding" classname="LocalCMCTests" time="0.001"/>
  <testcase name="TestALotOfAdding" classname="LocalCMCTests" time="0.001"/>
  <testcase name="TestALotOfAdding" classname="LocalCMCTests" time="0.0"/>
  <testcase name="TestALotOfAdding" classname="LocalCMCTests" time="0.001"/>
  <testcase name="TestALotOfAdding" classname="LocalCMCTests" time="0.003"/>
  <testcase name="TestALotOfAdding" classname="LocalCMCTests" time="0.0"/>
  <testcase name="TestALotOfAdding" classname="LocalCMCTests" time="0.0"/>
  <testcase name="TestALotOfAdding" classname="LocalCMCTests" time="0.0"/>
  <testcase name="TestALotOfAdding" classname="LocalCMCTests" time="0.001"/>
  <testcase name="TestALotOfAdding" classname="LocalCMCTests" time="0.0"/>
  <testcase name="TestALotOfAdding" classname="LocalCMCTests" time="0.0"/>
  <testcase name="TestALotOfAdding" classname="LocalCMCTests" time="0.001"/>
  <testcase name="TestALotOfAdding" classname="LocalCMCTests" time="0.0"/>
  <testcase name="TestALotOfAdding" classname="LocalCMCTests" time="0.002"/>
  <testcase name="TestALotOfAdding" classname="LocalCMCTests" time="0.001"/>
  <testcase name="TestALotOfAdding" classname="LocalCMCTests" time="0.0"/>
  <testcase name="TestALotOfAdding" classname="LocalCMCTests" time="0.001"/>
  <testcase name="TestALotOfAdding" classname="LocalCMCTests" time="0.0"/>
  <testcase name="TestALotOfAdding" classname="LocalCMCTests" time="0.001"/>
  <testcase name="TestALotOfAdding" classname="LocalCMCTests" time="0.001"/>
  <testcase name="TestALotOfAdding" classname="LocalCMCTests" time="0.001"/>
  <testcase name="TestALotOfAdding" classname="LocalCMCTests" time="0.001"/>
  <testcase name="TestALotOfAdding" classname="LocalCMCTests" time="0.001"/>
  <testcase name="TestALotOfAdding" classname="LocalCMCTests" time="0.002"/>
  <testcase name="TestALotOfAdding" classname="LocalCMCTests" time="0.0"/>
  <testcase name="TestALotOfAdding" classname="LocalCMCTests" time="0.001"/>
  <testcase name="TestALotOfAdding" classname="LocalCMCTests" time="0.0"/>
  <testcase name="TestALotOfAdding" classname="LocalCMCTests" time="0.001"/>
  <testcase name="TestALotOfAdding" classname="LocalCMCTests" time="0.0"/>
  <testcase name="TestALotOfAdding" classname="LocalCMCTests" time="0.001"/>
  <testcase name="TestALotOfAdding" classname="LocalCMCTests" time="0.001"/>
  <testcase name="TestALotOfAdding" classname="LocalCMCTests" time="0.0"/>
  <testcase name="TestALotOfAdding" classname="LocalCMCTests" time="0.0"/>
  <testcase name="TestALotOfAdding" classname="LocalCMCTests" time="0.001"/>
  <testcase name="TestALotOfAdding" classname="LocalCMCTests" time="0.001"/>
  <testcase name="TestALotOfAdding" classname="LocalCMCTests" time="0.001"/>
  <testcase name="TestALotOfAdding" classname="LocalCMCTests" time="0.001"/>
  <testcase name="TestALotOfAdding" classname="LocalCMCTests" time="0.0"/>
  <testcase name="TestALotOfAdding" classname="LocalCMCTests" time="0.0"/>
  <testcase name="TestALotOfAdding" classname="LocalCMCTests" time="0.0"/>
  <testcase name="TestALotOfAdding" classname="LocalCMCTests" time="0.001"/>
  <testcase name="TestALotOfAdding" classname="LocalCMCTests" time="0.001"/>
  <testcase name="TestALotOfAdding" classname="LocalCMCTests" time="0.001"/>
  <testcase name="TestALotOfAdding" classname="LocalCMCTests" time="0.001"/>
  <testcase name="TestALotOfAdding" classname="LocalCMCTests" time="0.001"/>
  <testcase name="TestALotOfAdding" classname="LocalCMCTests" time="0.001"/>
  <testcase name="TestALotOfAdding" classname="LocalCMCTests" time="0.0"/>
  <testcase name="TestALotOfAdding" classname="LocalCMCTests" time="0.0"/>
  <testcase name="TestALotOfAdding" classname="LocalCMCTests" time="0.0"/>
  <testcase name="TestALotOfAdding" classname="LocalCMCTests" time="0.001"/>
  <testcase name="TestALotOfAdding" classname="LocalCMCTests" time="0.001"/>
  <testcase name="TestALotOfAdding" classname="LocalCMCTests" time="0.001"/>
  <testcase name="TestALotOfAdding" classname="LocalCMCTests" time="0.001"/>
  <testcase name="TestALotOfAdding" classname="LocalCMCTests" time="0.001"/>
  <testcase name="TestALotOfAdding" classname="LocalCMCTests" time="0.001"/>
  <testcase name="TestALotOfAdding" classname="LocalCMCTests" time="0.0"/>
  <testcase name="TestALotOfAdding" classname="LocalCMCTests" time="0.001"/>
  <testcase name="TestALotOfAdding" classname="LocalCMCTests" time="0.001"/>
  <testcase name="TestALotOfAdding" classname="LocalCMCTests" time="0.001"/>
  <testcase name="TestALotOfAdding" classname="LocalCMCTests" time="0.0"/>
  <testcase name="TestALotOfAdding" classname="LocalCMCTests" time="0.001"/>
  <testcase name="TestALotOfAdding" classname="LocalCMCTests" time="0.0"/>
  <testcase name="TestALotOfAdding" classname="LocalCMCTests" time="0.0"/>
  <testcase name="TestALotOfAdding" classname="LocalCMCTests" time="0.0"/>
  <testcase name="TestALotOfAdding" classname="LocalCMCTests" time="0.0"/>
  <testcase name="TestALotOfAdding" classname="LocalCMCTests" time="0.001"/>
  <testcase name="TestALotOfAdding" classname="LocalCMCTests" time="0.001"/>
  <testcase name="TestALotOfAdding" classname="LocalCMCTests" time="0.001"/>
  <testcase name="TestALotOfAdding" classname="LocalCMCTests" time="0.001"/>
  <testcase name="TestALotOfAdding" classname="LocalCMCTests" time="0.001"/>
  <testcase name="TestALotOfAdding" classname="LocalCMCTests" time="0.001"/>
  <testcase name="TestALotOfAdding" classname="LocalCMCTests" time="0.001"/>
  <testcase name="TestALotOfAdding" classname="LocalCMCTests" time="0.0"/>
  <testcase name="TestALotOfAdding" classname="LocalCMCTests" time="0.0"/>
  <testcase name="TestALotOfAdding" classname="LocalCMCTests" time="0.0"/>
  <testcase name="TestALotOfAdding" classname="LocalCMCTests" time="0.001"/>
  <testcase name="TestALotOfAdding" classname="LocalCMCTests" time="0.001"/>
  <testcase name="TestALotOfAdding" classname="LocalCMCTests" time="0.001"/>
  <testcase name="TestALotOfAdding" classname="LocalCMCTests" time="0.002"/>
  <testcase name="TestALotOfAdding" classname="LocalCMCTests" time="0.0"/>
  <testcase name="TestALotOfAdding" classname="LocalCMCTests" time="0.0"/>
  <testcase name="TestALotOfAdding" classname="LocalCMCTests" time="0.0"/>
  <testcase name="TestALotOfAdding" classname="LocalCMCTests" time="0.001"/>
  <testcase name="TestALotOfAdding" classname="LocalCMCTests" time="0.0"/>
  <testcase name="TestALotOfAdding" classname="LocalCMCTests" time="0.001"/>
  <testcase name="TestALotOfAdding" classname="LocalCMCTests" time="0.001"/>
  <testcase name="TestALotOfAdding" classname="LocalCMCTests" time="0.001"/>
  <testcase name="TestALotOfAdding" classname="LocalCMCTests" time="0.0"/>
  <testcase name="TestALotOfAdding" classname="LocalCMCTests" time="0.001"/>
  <testcase name="TestALotOfAdding" classname="LocalCMCTests" time="0.001"/>
  <testcase name="TestALotOfAdding" classname="LocalCMCTests" time="0.001"/>
  <testcase name="TestALotOfAdding" classname="LocalCMCTests" time="0.002"/>
  <testcase name="TestALotOfAdding" classname="LocalCMCTests" time="0.0"/>
  <testcase name="TestALotOfAdding" classname="LocalCMCTests" time="0.001"/>
  <testcase name="TestALotOfAdding" classname="LocalCMCTests" time="0.001"/>
  <testcase name="TestALotOfAdding" classname="LocalCMCTests" time="0.0"/>
  <testcase name="TestALotOfAdding" classname="LocalCMCTests" time="0.001"/>
  <testcase name="TestALotOfAdding" classname="LocalCMCTests" time="0.003"/>
  <testcase name="TestALotOfAdding" classname="LocalCMCTests" time="0.0"/>
  <testcase name="TestALotOfAdding" classname="LocalCMCTests" time="0.0"/>
  <testcase name="TestALotOfAdding" classname="LocalCMCTests" time="0.0"/>
  <testcase name="TestALotOfAdding" classname="LocalCMCTests" time="0.0"/>
  <testcase name="TestALotOfAdding" classname="LocalCMCTests" time="0.001"/>
  <testcase name="TestALotOfAdding" classname="LocalCMCTests" time="0.001"/>
  <testcase name="TestALotOfAdding" classname="LocalCMCTests" time="0.001"/>
  <testcase name="TestALotOfAdding" classname="LocalCMCTests" time="0.003"/>
  <testcase name="TestALotOfAdding" classname="LocalCMCTests" time="0.002"/>
  <testcase name="TestALotOfAdding" classname="LocalCMCTests" time="0.0"/>
  <testcase name="TestALotOfAdding" classname="LocalCMCTests" time="0.0"/>
  <testcase name="TestALotOfAdding" classname="LocalCMCTests" time="0.0"/>
  <testcase name="TestALotOfAdding" classname="LocalCMCTests" time="0.001"/>
  <testcase name="TestALotOfAdding" classname="LocalCMCTests" time="0.0"/>
  <testcase name="TestALotOfAdding" classname="LocalCMCTests" time="0.001"/>
  <testcase name="TestALotOfAdding" classname="LocalCMCTests" time="0.001"/>
  <testcase name="TestALotOfAdding" classname="LocalCMCTests" time="0.0"/>
  <testcase name="TestALotOfAdding" classname="LocalCMCTests" time="0.001"/>
  <testcase name="TestALotOfAdding" classname="LocalCMCTests" time="0.0"/>
  <testcase name="TestALotOfAdding" classname="LocalCMCTests" time="0.001"/>
  <testcase name="TestALotOfAdding" classname="LocalCMCTests" time="0.001"/>
  <testcase name="TestALotOfAdding" classname="LocalCMCTests" time="0.001"/>
  <testcase name="TestALotOfAdding" classname="LocalCMCTests" time="0.001"/>
  <testcase name="TestALotOfAdding" classname="LocalCMCTests" time="0.001"/>
  <testcase name="TestALotOfAdding" classname="LocalCMCTests" time="0.001"/>
  <testcase name="TestALotOfAdding" classname="LocalCMCTests" time="0.0"/>
  <testcase name="TestALotOfAdding" classname="LocalCMCTests" time="0.0"/>
  <testcase name="TestALotOfAdding" classname="LocalCMCTests" time="0.0"/>
  <testcase name="TestALotOfAdding" classname="LocalCMCTests" time="0.001"/>
  <testcase name="TestALotOfAdding" classname="LocalCMCTests" time="0.002"/>
  <testcase name="TestALotOfAdding" classname="LocalCMCTests" time="0.0"/>
  <testcase name="TestALotOfAdding" classname="LocalCMCTests" time="0.001"/>
  <testcase name="TestALotOfAdding" classname="LocalCMCTests" time="0.0"/>
  <testcase name="TestALotOfAdding" classname="LocalCMCTests" time="0.0"/>
  <testcase name="TestALotOfAdding" classname="LocalCMCTests" time="0.0"/>
  <testcase name="TestALotOfAdding" classname="LocalCMCTests" time="0.0"/>
  <testcase name="TestALotOfAdding" classname="LocalCMCTests" time="0.001"/>
  <testcase name="TestALotOfAdding" classname="LocalCMCTests" time="0.001"/>
  <testcase name="TestALotOfAdding" classname="LocalCMCTests" time="0.001"/>
  <testcase name="TestALotOfAdding" classname="LocalCMCTests" time="0.001"/>
  <testcase name="TestALotOfAdding" classname="LocalCMCTests" time="0.0"/>
  <testcase name="TestALotOfAdding" classname="LocalCMCTests" time="0.0"/>
  <testcase name="TestALotOfAdding" classname="LocalCMCTests" time="0.001"/>
  <testcase name="TestALotOfAdding" classname="LocalCMCTests" time="0.0"/>
  <testcase name="TestALotOfAdding" classname="LocalCMCTests" time="0.001"/>
  <testcase name="TestALotOfAdding" classname="LocalCMCTests" time="0.001"/>
  <testcase name="TestALotOfAdding" classname="LocalCMCTests" time="0.001"/>
  <testcase name="TestALotOfAdding" classname="LocalCMCTests" time="0.001"/>
  <testcase name="TestALotOfAdding" classname="LocalCMCTests" time="0.0"/>
  <testcase name="TestALotOfAdding" classname="LocalCMCTests" time="0.0"/>
  <testcase name="TestALotOfAdding" classname="LocalCMCTests" time="0.0"/>
  <testcase name="TestALotOfAdding" classname="LocalCMCTests" time="0.001"/>
  <testcase name="TestALotOfAdding" classname="LocalCMCTests" time="0.001"/>
  <testcase name="TestALotOfAdding" classname="LocalCMCTests" time="0.0"/>
  <testcase name="TestALotOfAdding" classname="LocalCMCTests" time="0.001"/>
  <testcase name="TestALotOfAdding" classname="LocalCMCTests" time="0.001"/>
  <testcase name="TestALotOfAdding" classname="LocalCMCTests" time="0.0"/>
  <testcase name="TestALotOfAdding" classname="LocalCMCTests" time="0.001"/>
  <testcase name="TestALotOfAdding" classname="LocalCMCTests" time="0.0"/>
  <testcase name="TestALotOfAdding" classname="LocalCMCTests" time="0.001"/>
  <testcase name="TestALotOfAdding" classname="LocalCMCTests" time="0.001"/>
  <testcase name="TestALotOfAdding" classname="LocalCMCTests" time="0.001"/>
  <testcase name="TestALotOfAdding" classname="LocalCMCTests" time="0.001"/>
  <testcase name="TestALotOfAdding" classname="LocalCMCTests" time="0.0"/>
  <testcase name="TestALotOfAdding" classname="LocalCMCTests" time="0.002"/>
  <testcase name="TestALotOfAdding" classname="LocalCMCTests" time="0.001"/>
  <testcase name="TestALotOfAdding" classname="LocalCMCTests" time="0.001"/>
  <testcase name="TestALotOfAdding" classname="LocalCMCTests" time="0.001"/>
  <testcase name="TestALotOfAdding" classname="LocalCMCTests" time="0.001"/>
  <testcase name="TestALotOfAdding" classname="LocalCMCTests" time="0.001"/>
  <testcase name="TestALotOfAdding" classname="LocalCMCTests" time="0.001"/>
  <testcase name="TestALotOfAdding" classname="LocalCMCTests" time="0.001"/>
  <testcase name="TestALotOfAdding" classname="LocalCMCTests" time="0.001"/>
  <testcase name="TestALotOfAdding" classname="LocalCMCTests" time="0.0"/>
  <testcase name="TestALotOfAdding" classname="LocalCMCTests" time="0.0"/>
  <testcase name="TestALotOfAdding" classname="LocalCMCTests" time="0.0"/>
  <testcase name="TestALotOfAdding" classname="LocalCMCTests" time="0.0"/>
  <testcase name="TestALotOfAdding" classname="LocalCMCTests" time="0.0"/>
  <testcase name="TestALotOfAdding" classname="LocalCMCTests" time="0.001"/>
  <testcase name="TestALotOfAdding" classname="LocalCMCTests" time="0.0"/>
  <testcase name="TestALotOfAdding" classname="LocalCMCTests" time="0.002"/>
  <testcase name="TestALotOfAdding" classname="LocalCMCTests" time="0.0"/>
  <testcase name="TestALotOfAdding" classname="LocalCMCTests" time="0.0"/>
  <testcase name="TestALotOfAdding" classname="LocalCMCTests" time="0.001"/>
  <testcase name="TestALotOfAdding" classname="LocalCMCTests" time="0.001"/>
  <testcase name="TestALotOfAdding" classname="LocalCMCTests" time="0.001"/>
  <testcase name="TestALotOfAdding" classname="LocalCMCTests" time="0.001"/>
  <testcase name="TestALotOfAdding" classname="LocalCMCTests" time="0.001"/>
  <testcase name="TestALotOfAdding" classname="LocalCMCTests" time="0.0"/>
  <testcase name="TestALotOfAdding" classname="LocalCMCTests" time="0.0"/>
  <testcase name="TestALotOfAdding" classname="LocalCMCTests" time="0.001"/>
  <testcase name="TestALotOfAdding" classname="LocalCMCTests" time="0.002"/>
  <testcase name="TestALotOfAdding" classname="LocalCMCTests" time="0.002"/>
  <testcase name="TestALotOfAdding" classname="LocalCMCTests" time="0.0"/>
  <testcase name="TestALotOfAdding" classname="LocalCMCTests" time="0.003"/>
  <testcase name="TestALotOfAdding" classname="LocalCMCTests" time="0.0"/>
  <testcase name="TestALotOfAdding" classname="LocalCMCTests" time="0.001"/>
  <testcase name="TestALotOfAdding" classname="LocalCMCTests" time="0.001"/>
  <testcase name="TestALotOfAdding" classname="LocalCMCTests" time="0.0"/>
  <testcase name="TestALotOfAdding" classname="LocalCMCTests" time="0.0"/>
  <testcase name="TestALotOfAdding" classname="LocalCMCTests" time="0.0"/>
  <testcase name="TestALotOfAdding" classname="LocalCMCTests" time="0.0"/>
  <testcase name="TestALotOfAdding" classname="LocalCMCTests" time="0.0"/>
  <testcase name="TestALotOfAdding" classname="LocalCMCTests" time="0.0"/>
  <testcase name="TestALotOfAdding" classname="LocalCMCTests" time="0.001"/>
  <testcase name="TestALotOfAdding" classname="LocalCMCTests" time="0.001"/>
  <testcase name="TestALotOfAdding" classname="LocalCMCTests" time="0.001"/>
  <testcase name="TestALotOfAdding" classname="LocalCMCTests" time="0.002"/>
  <testcase name="TestALotOfAdding" classname="LocalCMCTests" time="0.001"/>
  <testcase name="TestALotOfAdding" classname="LocalCMCTests" time="0.001"/>
  <testcase name="TestALotOfAdding" classname="LocalCMCTests" time="0.001"/>
  <testcase name="TestALotOfAdding" classname="LocalCMCTests" time="0.0"/>
  <testcase name="TestALotOfAdding" classname="LocalCMCTests" time="0.001"/>
  <testcase name="TestALotOfAdding" classname="LocalCMCTests" time="0.001"/>
  <testcase name="TestALotOfAdding" classname="LocalCMCTests" time="0.001"/>
  <testcase name="TestALotOfAdding" classname="LocalCMCTests" time="0.0"/>
  <testcase name="TestALotOfAdding" classname="LocalCMCTests" time="0.0"/>
  <testcase name="TestALotOfAdding" classname="LocalCMCTests" time="0.0"/>
  <testcase name="TestALotOfAdding" classname="LocalCMCTests" time="0.0"/>
  <testcase name="TestALotOfAdding" classname="LocalCMCTests" time="0.0"/>
  <testcase name="TestALotOfAdding" classname="LocalCMCTests" time="0.001"/>
  <testcase name="TestALotOfAdding" classname="LocalCMCTests" time="0.001"/>
  <testcase name="TestALotOfAdding" classname="LocalCMCTests" time="0.001"/>
  <testcase name="TestALotOfAdding" classname="LocalCMCTests" time="0.002"/>
  <testcase name="TestALotOfAdding" classname="LocalCMCTests" time="0.003"/>
  <testcase name="TestALotOfAdding" classname="LocalCMCTests" time="0.0"/>
  <testcase name="TestALotOfAdding" classname="LocalCMCTests" time="0.0"/>
  <testcase name="TestALotOfAdding" classname="LocalCMCTests" time="0.0"/>
  <testcase name="TestALotOfAdding" classname="LocalCMCTests" time="0.0"/>
  <testcase name="TestALotOfAdding" classname="LocalCMCTests" time="0.001"/>
  <testcase name="TestALotOfAdding" classname="LocalCMCTests" time="0.001"/>
  <testcase name="TestALotOfAdding" classname="LocalCMCTests" time="0.001"/>
  <testcase name="TestALotOfAdding" classname="LocalCMCTests" time="0.001"/>
  <testcase name="TestALotOfAdding" classname="LocalCMCTests" time="0.001"/>
  <testcase name="TestALotOfAdding" classname="LocalCMCTests" time="0.0"/>
  <testcase name="TestALotOfAdding" classname="LocalCMCTests" time="0.0"/>
  <testcase name="TestALotOfAdding" classname="LocalCMCTests" time="0.0"/>
  <testcase name="TestALotOfAdding" classname="LocalCMCTests" time="0.001"/>
  <testcase name="TestALotOfAdding" classname="LocalCMCTests" time="0.001"/>
  <testcase name="TestALotOfAdding" classname="LocalCMCTests" time="0.001"/>
  <testcase name="TestALotOfAdding" classname="LocalCMCTests" time="0.0"/>
  <testcase name="TestALotOfAdding" classname="LocalCMCTests" time="0.0"/>
  <testcase name="TestALotOfAdding" classname="LocalCMCTests" time="0.0"/>
  <testcase name="TestALotOfAdding" classname="LocalCMCTests" time="0.001"/>
  <testcase name="TestALotOfAdding" classname="LocalCMCTests" time="0.001"/>
  <testcase name="TestALotOfAdding" classname="LocalCMCTests" time="0.001"/>
  <testcase name="TestALotOfAdding" classname="LocalCMCTests" time="0.001"/>
  <testcase name="TestALotOfAdding" classname="LocalCMCTests" time="0.0"/>
  <testcase name="TestALotOfAdding" classname="LocalCMCTests" time="0.001"/>
  <testcase name="TestALotOfAdding" classname="LocalCMCTests" time="0.001"/>
  <testcase name="TestALotOfAdding" classname="LocalCMCTests" time="0.001"/>
  <testcase name="TestALotOfAdding" classname="LocalCMCTests" time="0.001"/>
  <testcase name="TestALotOfAdding" classname="LocalCMCTests" time="0.001"/>
  <testcase name="TestALotOfAdding" classname="LocalCMCTests" time="0.002"/>
  <testcase name="TestALotOfAdding" classname="LocalCMCTests" time="0.001"/>
  <testcase name="TestALotOfAdding" classname="LocalCMCTests" time="0.0"/>
  <testcase name="TestALotOfAdding" classname="LocalCMCTests" time="0.0"/>
  <testcase name="TestALotOfAdding" classname="LocalCMCTests" time="0.0"/>
  <testcase name="TestALotOfAdding" classname="LocalCMCTests" time="0.001"/>
  <testcase name="TestALotOfAdding" classname="LocalCMCTests" time="0.001"/>
  <testcase name="TestALotOfAdding" classname="LocalCMCTests" time="0.001"/>
  <testcase name="TestALotOfAdding" classname="LocalCMCTests" time="0.0"/>
  <testcase name="TestALotOfAdding" classname="LocalCMCTests" time="0.0"/>
  <testcase name="TestALotOfAdding" classname="LocalCMCTests" time="0.0"/>
  <testcase name="TestALotOfAdding" classname="LocalCMCTests" time="0.0"/>
  <testcase name="TestALotOfAdding" classname="LocalCMCTests" time="0.001"/>
  <testcase name="TestALotOfAdding" classname="LocalCMCTests" time="0.001"/>
  <testcase name="TestALotOfAdding" classname="LocalCMCTests" time="0.001"/>
  <testcase name="TestALotOfAdding" classname="LocalCMCTests" time="0.0"/>
  <testcase name="TestALotOfAdding" classname="LocalCMCTests" time="0.001"/>
  <testcase name="TestALotOfAdding" classname="LocalCMCTests" time="0.001"/>
  <testcase name="TestALotOfAdding" classname="LocalCMCTests" time="0.001"/>
  <testcase name="TestALotOfAdding" classname="LocalCMCTests" time="0.0"/>
  <testcase name="TestALotOfAdding" classname="LocalCMCTests" time="0.002"/>
  <testcase name="TestALotOfAdding" classname="LocalCMCTests" time="0.001"/>
  <testcase name="TestALotOfAdding" classname="LocalCMCTests" time="0.0"/>
  <testcase name="TestALotOfAdding" classname="LocalCMCTests" time="0.0"/>
  <testcase name="TestALotOfAdding" classname="LocalCMCTests" time="0.001"/>
  <testcase name="TestALotOfAdding" classname="LocalCMCTests" time="0.0"/>
  <testcase name="TestALotOfAdding" classname="LocalCMCTests" time="0.0"/>
  <testcase name="TestALotOfAdding" classname="LocalCMCTests" time="0.001"/>
  <testcase name="TestALotOfAdding" classname="LocalCMCTests" time="0.001"/>
  <testcase name="TestALotOfAdding" classname="LocalCMCTests" time="0.001"/>
  <testcase name="TestALotOfAdding" classname="LocalCMCTests" time="0.001"/>
  <testcase name="TestALotOfAdding" classname="LocalCMCTests" time="0.001"/>
  <testcase name="TestALotOfAdding" classname="LocalCMCTests" time="0.002"/>
  <testcase name="TestALotOfAdding" classname="LocalCMCTests" time="0.001"/>
  <testcase name="TestALotOfAdding" classname="LocalCMCTests" time="0.0"/>
  <testcase name="TestALotOfAdding" classname="LocalCMCTests" time="0.001"/>
  <testcase name="TestALotOfAdding" classname="LocalCMCTests" time="0.001"/>
  <testcase name="TestALotOfAdding" classname="LocalCMCTests" time="0.0"/>
  <testcase name="TestALotOfAdding" classname="LocalCMCTests" time="0.0"/>
  <testcase name="TestALotOfAdding" classname="LocalCMCTests" time="0.0"/>
  <testcase name="TestALotOfAdding" classname="LocalCMCTests" time="0.001"/>
  <testcase name="TestALotOfAdding" classname="LocalCMCTests" time="0.0"/>
  <testcase name="TestALotOfAdding" classname="LocalCMCTests" time="0.0"/>
  <testcase name="TestALotOfAdding" classname="LocalCMCTests" time="0.001"/>
  <testcase name="TestALotOfAdding" classname="LocalCMCTests" time="0.0"/>
  <testcase name="TestALotOfAdding" classname="LocalCMCTests" time="0.001"/>
  <testcase name="TestALotOfAdding" classname="LocalCMCTests" time="0.001"/>
  <testcase name="TestALotOfAdding" classname="LocalCMCTests" time="0.001"/>
  <testcase name="TestALotOfAdding" classname="LocalCMCTests" time="0.001"/>
  <testcase name="TestALotOfAdding" classname="LocalCMCTests" time="0.001"/>
  <testcase name="TestALotOfAdding" classname="LocalCMCTests" time="0.001"/>
  <testcase name="TestALotOfAdding" classname="LocalCMCTests" time="0.0"/>
  <testcase name="TestALotOfAdding" classname="LocalCMCTests" time="0.001"/>
  <testcase name="TestALotOfAdding" classname="LocalCMCTests" time="0.0"/>
  <testcase name="TestALotOfAdding" classname="LocalCMCTests" time="0.0"/>
  <testcase name="TestALotOfAdding" classname="LocalCMCTests" time="0.001"/>
  <testcase name="TestALotOfAdding" classname="LocalCMCTests" time="0.0"/>
  <testcase name="TestALotOfAdding" classname="LocalCMCTests" time="0.0"/>
  <testcase name="TestALotOfAdding" classname="LocalCMCTests" time="0.001"/>
  <testcase name="TestALotOfAdding" classname="LocalCMCTests" time="0.001"/>
  <testcase name="TestALotOfAdding" classname="LocalCMCTests" time="0.0"/>
  <testcase name="TestALotOfAdding" classname="LocalCMCTests" time="0.0"/>
  <testcase name="TestALotOfAdding" classname="LocalCMCTests" time="0.001"/>
  <testcase name="TestALotOfAdding" classname="LocalCMCTests" time="0.001"/>
  <testcase name="TestALotOfAdding" classname="LocalCMCTests" time="0.0"/>
  <testcase name="TestALotOfAdding" classname="LocalCMCTests" time="0.0"/>
  <testcase name="TestALotOfAdding" classname="LocalCMCTests" time="0.002"/>
  <testcase name="TestALotOfAdding" classname="LocalCMCTests" time="0.001"/>
  <testcase name="TestALotOfAdding" classname="LocalCMCTests" time="0.0"/>
  <testcase name="TestALotOfAdding" classname="LocalCMCTests" time="0.0"/>
  <testcase name="TestALotOfAdding" classname="LocalCMCTests" time="0.002"/>
  <testcase name="TestALotOfAdding" classname="LocalCMCTests" time="0.001"/>
  <testcase name="TestALotOfAdding" classname="LocalCMCTests" time="0.001"/>
  <testcase name="TestALotOfAdding" classname="LocalCMCTests" time="0.0"/>
  <testcase name="TestALotOfAdding" classname="LocalCMCTests" time="0.001"/>
  <testcase name="TestALotOfAdding" classname="LocalCMCTests" time="0.002"/>
  <testcase name="TestALotOfAdding" classname="LocalCMCTests" time="0.0"/>
  <testcase name="TestALotOfAdding" classname="LocalCMCTests" time="0.0"/>
  <testcase name="TestALotOfAdding" classname="LocalCMCTests" time="0.001"/>
  <testcase name="TestALotOfAdding" classname="LocalCMCTests" time="0.0"/>
  <testcase name="TestALotOfAdding" classname="LocalCMCTests" time="0.002"/>
  <testcase name="TestALotOfAdding" classname="LocalCMCTests" time="0.001"/>
  <testcase name="TestALotOfAdding" classname="LocalCMCTests" time="0.001"/>
  <testcase name="TestALotOfAdding" classname="LocalCMCTests" time="0.001"/>
  <testcase name="TestALotOfAdding" classname="LocalCMCTests" time="0.001"/>
  <testcase name="TestALotOfAdding" classname="LocalCMCTests" time="0.001"/>
  <testcase name="TestALotOfAdding" classname="LocalCMCTests" time="0.0"/>
  <testcase name="TestALotOfAdding" classname="LocalCMCTests" time="0.001"/>
  <testcase name="TestALotOfAdding" classname="LocalCMCTests" time="0.001"/>
  <testcase name="TestALotOfAdding" classname="LocalCMCTests" time="0.001"/>
  <testcase name="TestALotOfAdding" classname="LocalCMCTests" time="0.001"/>
  <testcase name="TestALotOfAdding" classname="LocalCMCTests" time="0.0"/>
  <testcase name="TestALotOfAdding" classname="LocalCMCTests" time="0.0"/>
  <testcase name="TestALotOfAdding" classname="LocalCMCTests" time="0.0"/>
  <testcase name="TestALotOfAdding" classname="LocalCMCTests" time="0.0"/>
  <testcase name="TestALotOfAdding" classname="LocalCMCTests" time="0.001"/>
  <testcase name="TestALotOfAdding" classname="LocalCMCTests" time="0.001"/>
  <testcase name="TestALotOfAdding" classname="LocalCMCTests" time="0.0"/>
  <testcase name="TestALotOfAdding" classname="LocalCMCTests" time="0.001"/>
  <testcase name="TestALotOfAdding" classname="LocalCMCTests" time="0.002"/>
  <testcase name="TestALotOfAdding" classname="LocalCMCTests" time="0.001"/>
  <testcase name="TestALotOfAdding" classname="LocalCMCTests" time="0.0"/>
  <testcase name="TestALotOfAdding" classname="LocalCMCTests" time="0.001"/>
  <testcase name="TestALotOfAdding" classname="LocalCMCTests" time="0.001"/>
  <testcase name="TestALotOfAdding" classname="LocalCMCTests" time="0.001"/>
  <testcase name="TestALotOfAdding" classname="LocalCMCTests" time="0.001"/>
  <testcase name="TestALotOfAdding" classname="LocalCMCTests" time="0.001"/>
  <testcase name="TestALotOfAdding" classname="LocalCMCTests" time="0.001"/>
  <testcase name="TestALotOfAdding" classname="LocalCMCTests" time="0.0"/>
  <testcase name="TestALotOfAdding" classname="LocalCMCTests" time="0.0"/>
  <testcase name="TestALotOfAdding" classname="LocalCMCTests" time="0.001"/>
  <testcase name="TestALotOfAdding" classname="LocalCMCTests" time="0.001"/>
  <testcase name="TestALotOfAdding" classname="LocalCMCTests" time="0.001"/>
  <testcase name="TestALotOfAdding" classname="LocalCMCTests" time="0.002"/>
  <testcase name="TestALotOfAdding" classname="LocalCMCTests" time="0.001"/>
  <testcase name="TestALotOfAdding" classname="LocalCMCTests" time="0.0"/>
  <testcase name="TestALotOfAdding" classname="LocalCMCTests" time="0.001"/>
  <testcase name="TestALotOfAdding" classname="LocalCMCTests" time="0.001"/>
  <testcase name="TestALotOfAdding" classname="LocalCMCTests" time="0.001"/>
  <testcase name="TestALotOfAdding" classname="LocalCMCTests" time="0.001"/>
  <testcase name="TestALotOfAdding" classname="LocalCMCTests" time="0.0"/>
  <testcase name="TestALotOfAdding" classname="LocalCMCTests" time="0.001"/>
  <testcase name="TestALotOfAdding" classname="LocalCMCTests" time="0.001"/>
  <testcase name="TestALotOfAdding" classname="LocalCMCTests" time="0.0"/>
  <testcase name="TestALotOfAdding" classname="LocalCMCTests" time="0.0"/>
  <testcase name="TestALotOfAdding" classname="LocalCMCTests" time="0.0"/>
  <testcase name="TestALotOfAdding" classname="LocalCMCTests" time="0.0"/>
  <testcase name="TestALotOfAdding" classname="LocalCMCTests" time="0.0"/>
  <testcase name="TestALotOfAdding" classname="LocalCMCTests" time="0.001"/>
  <testcase name="TestALotOfAdding" classname="LocalCMCTests" time="0.001"/>
  <testcase name="TestALotOfAdding" classname="LocalCMCTests" time="0.001"/>
  <testcase name="TestALotOfAdding" classname="LocalCMCTests" time="0.0"/>
  <testcase name="TestALotOfAdding" classname="LocalCMCTests" time="0.001"/>
  <testcase name="TestALotOfAdding" classname="LocalCMCTests" time="0.001"/>
  <testcase name="TestALotOfAdding" classname="LocalCMCTests" time="0.001"/>
  <testcase name="TestALotOfAdding" classname="LocalCMCTests" time="0.001"/>
  <testcase name="TestALotOfAdding" classname="LocalCMCTests" time="0.0"/>
  <testcase name="TestALotOfAdding" classname="LocalCMCTests" time="0.0"/>
  <testcase name="TestALotOfAdding" classname="LocalCMCTests" time="0.001"/>
  <testcase name="TestALotOfAdding" classname="LocalCMCTests" time="0.0"/>
  <testcase name="TestALotOfAdding" classname="LocalCMCTests" time="0.0"/>
  <testcase name="TestALotOfAdding" classname="LocalCMCTests" time="0.0"/>
  <testcase name="TestALotOfAdding" classname="LocalCMCTests" time="0.001"/>
  <testcase name="TestALotOfAdding" classname="LocalCMCTests" time="0.0"/>
  <testcase name="TestALotOfAdding" classname="LocalCMCTests" time="0.002"/>
  <testcase name="TestALotOfAdding" classname="LocalCMCTests" time="0.002"/>
  <testcase name="TestALotOfAdding" classname="LocalCMCTests" time="0.001"/>
  <testcase name="TestALotOfAdding" classname="LocalCMCTests" time="0.001"/>
  <testcase name="TestALotOfAdding" classname="LocalCMCTests" time="0.0"/>
  <testcase name="TestALotOfAdding" classname="LocalCMCTests" time="0.001"/>
  <testcase name="TestALotOfAdding" classname="LocalCMCTests" time="0.001"/>
  <testcase name="TestALotOfAdding" classname="LocalCMCTests" time="0.0"/>
  <testcase name="TestALotOfAdding" classname="LocalCMCTests" time="0.001"/>
  <testcase name="TestALotOfAdding" classname="LocalCMCTests" time="0.001"/>
  <testcase name="TestALotOfAdding" classname="LocalCMCTests" time="0.001"/>
  <testcase name="TestALotOfAdding" classname="LocalCMCTests" time="0.001"/>
  <testcase name="TestALotOfAdding" classname="LocalCMCTests" time="0.001"/>
  <testcase name="TestALotOfAdding" classname="LocalCMCTests" time="0.001"/>
  <testcase name="TestALotOfAdding" classname="LocalCMCTests" time="0.0"/>
  <testcase name="TestALotOfAdding" classname="LocalCMCTests" time="0.001"/>
  <testcase name="TestALotOfAdding" classname="LocalCMCTests" time="0.001"/>
  <testcase name="TestALotOfAdding" classname="LocalCMCTests" time="0.0"/>
  <testcase name="TestALotOfAdding" classname="LocalCMCTests" time="0.0"/>
  <testcase name="TestALotOfAdding" classname="LocalCMCTests" time="0.0"/>
  <testcase name="TestALotOfAdding" classname="LocalCMCTests" time="0.001"/>
  <testcase name="TestALotOfAdding" classname="LocalCMCTests" time="0.0"/>
  <testcase name="TestALotOfAdding" classname="LocalCMCTests" time="0.001"/>
  <testcase name="TestALotOfAdding" classname="LocalCMCTests" time="0.0"/>
  <testcase name="TestALotOfAdding" classname="LocalCMCTests" time="0.001"/>
  <testcase name="TestALotOfAdding" classname="LocalCMCTests" time="0.001"/>
  <testcase name="TestALotOfAdding" classname="LocalCMCTests" time="0.001"/>
  <testcase name="TestALotOfAdding" classname="LocalCMCTests" time="0.001"/>
  <testcase name="TestALotOfAdding" classname="LocalCMCTests" time="0.001"/>
  <testcase name="TestALotOfAdding" classname="LocalCMCTests" time="0.0"/>
  <testcase name="TestALotOfAdding" classname="LocalCMCTests" time="0.001"/>
  <testcase name="TestALotOfAdding" classname="LocalCMCTests" time="0.0"/>
  <testcase name="TestALotOfAdding" classname="LocalCMCTests" time="0.001"/>
  <testcase name="TestALotOfAdding" classname="LocalCMCTests" time="0.0"/>
  <testcase name="TestALotOfAdding" classname="LocalCMCTests" time="0.001"/>
  <testcase name="TestALotOfAdding" classname="LocalCMCTests" time="0.001"/>
  <testcase name="TestALotOfAdding" classname="LocalCMCTests" time="0.001"/>
  <testcase name="TestALotOfAdding" classname="LocalCMCTests" time="0.0"/>
  <testcase name="TestALotOfAdding" classname="LocalCMCTests" time="0.0"/>
  <testcase name="TestALotOfAdding" classname="LocalCMCTests" time="0.001"/>
  <testcase name="TestALotOfAdding" classname="LocalCMCTests" time="0.001"/>
  <testcase name="TestALotOfAdding" classname="LocalCMCTests" time="0.001"/>
  <testcase name="TestALotOfAdding" classname="LocalCMCTests" time="0.0"/>
  <testcase name="TestALotOfAdding" classname="LocalCMCTests" time="0.001"/>
  <testcase name="TestALotOfAdding" classname="LocalCMCTests" time="0.001"/>
  <testcase name="TestALotOfAdding" classname="LocalCMCTests" time="0.001"/>
  <testcase name="TestALotOfAdding" classname="LocalCMCTests" time="0.001"/>
  <testcase name="TestALotOfAdding" classname="LocalCMCTests" time="0.001"/>
  <testcase name="TestALotOfAdding" classname="LocalCMCTests" time="0.0"/>
  <testcase name="TestALotOfAdding" classname="LocalCMCTests" time="0.0"/>
  <testcase name="TestALotOfAdding" classname="LocalCMCTests" time="0.0"/>
  <testcase name="TestALotOfAdding" classname="LocalCMCTests" time="0.0"/>
  <testcase name="TestALotOfAdding" classname="LocalCMCTests" time="0.0"/>
  <testcase name="TestALotOfAdding" classname="LocalCMCTests" time="0.0"/>
  <testcase name="TestALotOfAdding" classname="LocalCMCTests" time="0.001"/>
  <testcase name="TestALotOfAdding" classname="LocalCMCTests" time="0.001"/>
  <testcase name="TestALotOfAdding" classname="LocalCMCTests" time="0.001"/>
  <testcase name="TestALotOfAdding" classname="LocalCMCTests" time="0.001"/>
  <testcase name="TestALotOfAdding" classname="LocalCMCTests" time="0.001"/>
  <testcase name="TestALotOfAdding" classname="LocalCMCTests" time="0.0"/>
  <testcase name="TestALotOfAdding" classname="LocalCMCTests" time="0.001"/>
  <testcase name="TestALotOfAdding" classname="LocalCMCTests" time="0.001"/>
  <testcase name="TestALotOfAdding" classname="LocalCMCTests" time="0.001"/>
  <testcase name="TestALotOfAdding" classname="LocalCMCTests" time="0.001"/>
  <testcase name="TestALotOfAdding" classname="LocalCMCTests" time="0.001"/>
  <testcase name="TestALotOfAdding" classname="LocalCMCTests" time="0.0"/>
  <testcase name="TestALotOfAdding" classname="LocalCMCTests" time="0.0"/>
  <testcase name="TestALotOfAdding" classname="LocalCMCTests" time="0.001"/>
  <testcase name="TestALotOfAdding" classname="LocalCMCTests" time="0.0"/>
  <testcase name="TestALotOfAdding" classname="LocalCMCTests" time="0.0"/>
  <testcase name="TestALotOfAdding" classname="LocalCMCTests" time="0.0"/>
  <testcase name="TestALotOfAdding" classname="LocalCMCTests" time="0.002"/>
  <testcase name="TestALotOfAdding" classname="LocalCMCTests" time="0.001"/>
  <testcase name="TestALotOfAdding" classname="LocalCMCTests" time="0.001"/>
  <testcase name="TestALotOfAdding" classname="LocalCMCTests" time="0.001"/>
  <testcase name="TestALotOfAdding" classname="LocalCMCTests" time="0.0"/>
  <testcase name="TestALotOfAdding" classname="LocalCMCTests" time="0.001"/>
  <testcase name="TestALotOfAdding" classname="LocalCMCTests" time="0.001"/>
  <testcase name="TestALotOfAdding" classname="LocalCMCTests" time="0.0"/>
  <testcase name="TestALotOfAdding" classname="LocalCMCTests" time="0.001"/>
  <testcase name="TestALotOfAdding" classname="LocalCMCTests" time="0.001"/>
  <testcase name="TestALotOfAdding" classname="LocalCMCTests" time="0.0"/>
  <testcase name="TestALotOfAdding" classname="LocalCMCTests" time="0.0"/>
  <testcase name="TestALotOfAdding" classname="LocalCMCTests" time="0.0"/>
  <testcase name="TestALotOfAdding" classname="LocalCMCTests" time="0.001"/>
  <testcase name="TestALotOfAdding" classname="LocalCMCTests" time="0.002"/>
  <testcase name="TestALotOfAdding" classname="LocalCMCTests" time="0.001"/>
  <testcase name="TestALotOfAdding" classname="LocalCMCTests" time="0.0"/>
  <testcase name="TestALotOfAdding" classname="LocalCMCTests" time="0.001"/>
  <testcase name="TestALotOfAdding" classname="LocalCMCTests" time="0.001"/>
  <testcase name="TestALotOfAdding" classname="LocalCMCTests" time="0.0"/>
  <testcase name="TestALotOfAdding" classname="LocalCMCTests" time="0.0"/>
  <testcase name="TestALotOfAdding" classname="LocalCMCTests" time="0.0"/>
  <testcase name="TestALotOfAdding" classname="LocalCMCTests" time="0.0"/>
  <testcase name="TestALotOfAdding" classname="LocalCMCTests" time="0.001"/>
  <testcase name="TestALotOfAdding" classname="LocalCMCTests" time="0.001"/>
  <testcase name="TestALotOfAdding" classname="LocalCMCTests" time="0.001"/>
  <testcase name="TestALotOfAdding" classname="LocalCMCTests" time="0.001"/>
  <testcase name="TestALotOfAdding" classname="LocalCMCTests" time="0.0"/>
  <testcase name="TestALotOfAdding" classname="LocalCMCTests" time="0.001"/>
  <testcase name="TestALotOfAdding" classname="LocalCMCTests" time="0.001"/>
  <testcase name="TestALotOfAdding" classname="LocalCMCTests" time="0.001"/>
  <testcase name="TestALotOfAdding" classname="LocalCMCTests" time="0.001"/>
  <testcase name="TestALotOfAdding" classname="LocalCMCTests" time="0.0"/>
  <testcase name="TestALotOfAdding" classname="LocalCMCTests" time="0.001"/>
  <testcase name="TestALotOfAdding" classname="LocalCMCTests" time="0.001"/>
  <testcase name="TestALotOfAdding" classname="LocalCMCTests" time="0.001"/>
  <testcase name="TestALotOfAdding" classname="LocalCMCTests" time="0.0"/>
  <testcase name="TestALotOfAdding" classname="LocalCMCTests" time="0.001"/>
  <testcase name="TestALotOfAdding" classname="LocalCMCTests" time="0.001"/>
  <testcase name="TestALotOfAdding" classname="LocalCMCTests" time="0.001"/>
  <testcase name="TestALotOfAdding" classname="LocalCMCTests" time="0.0"/>
  <testcase name="TestALotOfAdding" classname="LocalCMCTests" time="0.001"/>
  <testcase name="TestALotOfAdding" classname="LocalCMCTests" time="0.0"/>
  <testcase name="TestALotOfAdding" classname="LocalCMCTests" time="0.0"/>
  <testcase name="TestALotOfAdding" classname="LocalCMCTests" time="0.0"/>
  <testcase name="TestALotOfAdding" classname="LocalCMCTests" time="0.0"/>
  <testcase name="TestALotOfAdding" classname="LocalCMCTests" time="0.0"/>
  <testcase name="TestALotOfAdding" classname="LocalCMCTests" time="0.001"/>
  <testcase name="TestALotOfAdding" classname="LocalCMCTests" time="0.001"/>
  <testcase name="TestALotOfAdding" classname="LocalCMCTests" time="0.0"/>
  <testcase name="TestALotOfAdding" classname="LocalCMCTests" time="0.001"/>
  <testcase name="TestALotOfAdding" classname="LocalCMCTests" time="0.001"/>
  <testcase name="TestALotOfAdding" classname="LocalCMCTests" time="0.001"/>
  <testcase name="TestALotOfAdding" classname="LocalCMCTests" time="0.001"/>
  <testcase name="TestALotOfAdding" classname="LocalCMCTests" time="0.0"/>
  <testcase name="TestALotOfAdding" classname="LocalCMCTests" time="0.0"/>
  <testcase name="TestALotOfAdding" classname="LocalCMCTests" time="0.001"/>
  <testcase name="TestALotOfAdding" classname="LocalCMCTests" time="0.0"/>
  <testcase name="TestALotOfAdding" classname="LocalCMCTests" time="0.001"/>
  <testcase name="TestALotOfAdding" classname="LocalCMCTests" time="0.0"/>
  <testcase name="TestALotOfAdding" classname="LocalCMCTests" time="0.001"/>
  <testcase name="TestALotOfAdding" classname="LocalCMCTests" time="0.001"/>
  <testcase name="TestALotOfAdding" classname="LocalCMCTests" time="0.0"/>
  <testcase name="TestALotOfAdding" classname="LocalCMCTests" time="0.001"/>
  <testcase name="TestALotOfAdding" classname="LocalCMCTests" time="0.001"/>
  <testcase name="TestALotOfAdding" classname="LocalCMCTests" time="0.001"/>
  <testcase name="TestALotOfAdding" classname="LocalCMCTests" time="0.001"/>
  <testcase name="TestALotOfAdding" classname="LocalCMCTests" time="0.001"/>
  <testcase name="TestALotOfAdding" classname="LocalCMCTests" time="0.001"/>
  <testcase name="TestALotOfAdding" classname="LocalCMCTests" time="0.0"/>
  <testcase name="TestALotOfAdding" classname="LocalCMCTests" time="0.0"/>
  <testcase name="TestALotOfAdding" classname="LocalCMCTests" time="0.0"/>
  <testcase name="TestALotOfAdding" classname="LocalCMCTests" time="0.0"/>
  <testcase name="TestALotOfAdding" classname="LocalCMCTests" time="0.0"/>
  <testcase name="TestALotOfAdding" classname="LocalCMCTests" time="0.001"/>
  <testcase name="TestALotOfAdding" classname="LocalCMCTests" time="0.0"/>
  <testcase name="TestALotOfAdding" classname="LocalCMCTests" time="0.0"/>
  <testcase name="TestALotOfAdding" classname="LocalCMCTests" time="0.0"/>
  <testcase name="TestALotOfAdding" classname="LocalCMCTests" time="0.0"/>
  <testcase name="TestALotOfAdding" classname="LocalCMCTests" time="0.001"/>
  <testcase name="TestALotOfAdding" classname="LocalCMCTests" time="0.001"/>
  <testcase name="TestALotOfAdding" classname="LocalCMCTests" time="0.0"/>
  <testcase name="TestALotOfAdding" classname="LocalCMCTests" time="0.001"/>
  <testcase name="TestALotOfAdding" classname="LocalCMCTests" time="0.001"/>
  <testcase name="TestALotOfAdding" classname="LocalCMCTests" time="0.001"/>
  <testcase name="TestALotOfAdding" classname="LocalCMCTests" time="0.0"/>
  <testcase name="TestALotOfAdding" classname="LocalCMCTests" time="0.0"/>
  <testcase name="TestALotOfAdding" classname="LocalCMCTests" time="0.0"/>
  <testcase name="TestALotOfAdding" classname="LocalCMCTests" time="0.001"/>
  <testcase name="TestALotOfAdding" classname="LocalCMCTests" time="0.001"/>
  <testcase name="TestALotOfAdding" classname="LocalCMCTests" time="0.0"/>
  <testcase name="TestALotOfAdding" classname="LocalCMCTests" time="0.001"/>
  <testcase name="TestALotOfAdding" classname="LocalCMCTests" time="0.0"/>
  <testcase name="TestALotOfAdding" classname="LocalCMCTests" time="0.002"/>
  <testcase name="TestALotOfAdding" classname="LocalCMCTests" time="0.002"/>
  <testcase name="TestALotOfAdding" classname="LocalCMCTests" time="0.001"/>
  <testcase name="TestALotOfAdding" classname="LocalCMCTests" time="0.001"/>
  <testcase name="TestALotOfAdding" classname="LocalCMCTests" time="0.0"/>
  <testcase name="TestALotOfAdding" classname="LocalCMCTests" time="0.001"/>
  <testcase name="TestALotOfAdding" classname="LocalCMCTests" time="0.0"/>
  <testcase name="TestALotOfAdding" classname="LocalCMCTests" time="0.001"/>
  <testcase name="TestALotOfAdding" classname="LocalCMCTests" time="0.001"/>
  <testcase name="TestALotOfAdding" classname="LocalCMCTests" time="0.0"/>
  <testcase name="TestALotOfAdding" classname="LocalCMCTests" time="0.001"/>
  <testcase name="TestALotOfAdding" classname="LocalCMCTests" time="0.001"/>
  <testcase name="TestALotOfAdding" classname="LocalCMCTests" time="0.001"/>
  <testcase name="TestALotOfAdding" classname="LocalCMCTests" time="0.001"/>
  <testcase name="TestALotOfAdding" classname="LocalCMCTests" time="0.001"/>
  <testcase name="TestALotOfAdding" classname="LocalCMCTests" time="0.0"/>
  <testcase name="TestALotOfAdding" classname="LocalCMCTests" time="0.001"/>
  <testcase name="TestALotOfAdding" classname="LocalCMCTests" time="0.001"/>
  <testcase name="TestALotOfAdding" classname="LocalCMCTests" time="0.001"/>
  <testcase name="TestALotOfAdding" classname="LocalCMCTests" time="0.001"/>
  <testcase name="TestALotOfAdding" classname="LocalCMCTests" time="0.001"/>
  <testcase name="TestALotOfAdding" classname="LocalCMCTests" time="0.0"/>
  <testcase name="TestALotOfAdding" classname="LocalCMCTests" time="0.001"/>
  <testcase name="TestALotOfAdding" classname="LocalCMCTests" time="0.002"/>
  <testcase name="TestALotOfAdding" classname="LocalCMCTests" time="0.0"/>
  <testcase name="TestALotOfAdding" classname="LocalCMCTests" time="0.0"/>
  <testcase name="TestALotOfAdding" classname="LocalCMCTests" time="0.0"/>
  <testcase name="TestALotOfAdding" classname="LocalCMCTests" time="0.0"/>
  <testcase name="TestALotOfAdding" classname="LocalCMCTests" time="0.001"/>
  <testcase name="TestALotOfAdding" classname="LocalCMCTests" time="0.001"/>
  <testcase name="TestALotOfAdding" classname="LocalCMCTests" time="0.0"/>
  <testcase name="TestALotOfAdding" classname="LocalCMCTests" time="0.001"/>
  <testcase name="TestALotOfAdding" classname="LocalCMCTests" time="0.001"/>
  <testcase name="TestALotOfAdding" classname="LocalCMCTests" time="0.0"/>
  <testcase name="TestALotOfAdding" classname="LocalCMCTests" time="0.0"/>
  <testcase name="TestALotOfAdding" classname="LocalCMCTests" time="0.001"/>
  <testcase name="TestALotOfAdding" classname="LocalCMCTests" time="0.001"/>
  <testcase name="TestALotOfAdding" classname="LocalCMCTests" time="0.001"/>
  <testcase name="TestALotOfAdding" classname="LocalCMCTests" time="0.001"/>
  <testcase name="TestALotOfAdding" classname="LocalCMCTests" time="0.0"/>
  <testcase name="TestALotOfAdding" classname="LocalCMCTests" time="0.0"/>
  <testcase name="TestALotOfAdding" classname="LocalCMCTests" time="0.001"/>
  <testcase name="TestALotOfAdding" classname="LocalCMCTests" time="0.001"/>
  <testcase name="TestALotOfAdding" classname="LocalCMCTests" time="0.001"/>
  <testcase name="TestALotOfAdding" classname="LocalCMCTests" time="0.001"/>
  <testcase name="TestALotOfAdding" classname="LocalCMCTests" time="0.001"/>
  <testcase name="TestALotOfAdding" classname="LocalCMCTests" time="0.0"/>
  <testcase name="TestALotOfAdding" classname="LocalCMCTests" time="0.001"/>
  <testcase name="TestALotOfAdding" classname="LocalCMCTests" time="0.001"/>
  <testcase name="TestALotOfAdding" classname="LocalCMCTests" time="0.0"/>
  <testcase name="TestALotOfAdding" classname="LocalCMCTests" time="0.0"/>
  <testcase name="TestALotOfAdding" classname="LocalCMCTests" time="0.0"/>
  <testcase name="TestALotOfAdding" classname="LocalCMCTests" time="0.001"/>
  <testcase name="TestALotOfAdding" classname="LocalCMCTests" time="0.002"/>
  <testcase name="TestALotOfAdding" classname="LocalCMCTests" time="0.002"/>
  <testcase name="TestALotOfAdding" classname="LocalCMCTests" time="0.0"/>
  <testcase name="TestALotOfAdding" classname="LocalCMCTests" time="0.001"/>
  <testcase name="TestALotOfAdding" classname="LocalCMCTests" time="0.001"/>
  <testcase name="TestALotOfAdding" classname="LocalCMCTests" time="0.001"/>
  <testcase name="TestALotOfAdding" classname="LocalCMCTests" time="0.001"/>
  <testcase name="TestALotOfAdding" classname="LocalCMCTests" time="0.001"/>
  <testcase name="TestALotOfAdding" classname="LocalCMCTests" time="0.001"/>
  <testcase name="TestALotOfAdding" classname="LocalCMCTests" time="0.001"/>
  <testcase name="TestALotOfAdding" classname="LocalCMCTests" time="0.0"/>
  <testcase name="TestALotOfAdding" classname="LocalCMCTests" time="0.0"/>
  <testcase name="TestALotOfAdding" classname="LocalCMCTests" time="0.001"/>
  <testcase name="TestALotOfAdding" classname="LocalCMCTests" time="0.0"/>
  <testcase name="TestALotOfAdding" classname="LocalCMCTests" time="0.0"/>
  <testcase name="TestALotOfAdding" classname="LocalCMCTests" time="0.0"/>
  <testcase name="TestALotOfAdding" classname="LocalCMCTests" time="0.0"/>
  <testcase name="TestALotOfAdding" classname="LocalCMCTests" time="0.001"/>
  <testcase name="TestALotOfAdding" classname="LocalCMCTests" time="0.001"/>
  <testcase name="TestALotOfAdding" classname="LocalCMCTests" time="0.0"/>
  <testcase name="TestALotOfAdding" classname="LocalCMCTests" time="0.001"/>
  <testcase name="TestALotOfAdding" classname="LocalCMCTests" time="0.001"/>
  <testcase name="TestALotOfAdding" classname="LocalCMCTests" time="0.0"/>
  <testcase name="TestALotOfAdding" classname="LocalCMCTests" time="0.001"/>
  <testcase name="TestALotOfAdding" classname="LocalCMCTests" time="0.001"/>
  <testcase name="TestALotOfAdding" classname="LocalCMCTests" time="0.0"/>
  <testcase name="TestALotOfAdding" classname="LocalCMCTests" time="0.001"/>
  <testcase name="TestALotOfAdding" classname="LocalCMCTests" time="0.001"/>
  <testcase name="TestALotOfAdding" classname="LocalCMCTests" time="0.001"/>
  <testcase name="TestALotOfAdding" classname="LocalCMCTests" time="0.0"/>
  <testcase name="TestALotOfAdding" classname="LocalCMCTests" time="0.001"/>
  <testcase name="TestALotOfAdding" classname="LocalCMCTests" time="0.001"/>
  <testcase name="TestALotOfAdding" classname="LocalCMCTests" time="0.001"/>
  <testcase name="TestALotOfAdding" classname="LocalCMCTests" time="0.0"/>
  <testcase name="TestALotOfAdding" classname="LocalCMCTests" time="0.0"/>
  <testcase name="TestALotOfAdding" classname="LocalCMCTests" time="0.001"/>
  <testcase name="TestALotOfAdding" classname="LocalCMCTests" time="0.001"/>
  <testcase name="TestALotOfAdding" classname="LocalCMCTests" time="0.001"/>
  <testcase name="TestALotOfAdding" classname="LocalCMCTests" time="0.001"/>
  <testcase name="TestALotOfAdding" classname="LocalCMCTests" time="0.001"/>
  <testcase name="TestALotOfAdding" classname="LocalCMCTests" time="0.001"/>
  <testcase name="TestALotOfAdding" classname="LocalCMCTests" time="0.0"/>
  <testcase name="TestALotOfAdding" classname="LocalCMCTests" time="0.0"/>
  <testcase name="TestALotOfAdding" classname="LocalCMCTests" time="0.0"/>
  <testcase name="TestALotOfAdding" classname="LocalCMCTests" time="0.0"/>
  <testcase name="TestALotOfAdding" classname="LocalCMCTests" time="0.001"/>
  <testcase name="TestALotOfAdding" classname="LocalCMCTests" time="0.001"/>
  <testcase name="TestALotOfAdding" classname="LocalCMCTests" time="0.001"/>
  <testcase name="TestALotOfAdding" classname="LocalCMCTests" time="0.0"/>
  <testcase name="TestALotOfAdding" classname="LocalCMCTests" time="0.0"/>
  <testcase name="TestALotOfAdding" classname="LocalCMCTests" time="0.0"/>
  <testcase name="TestALotOfAdding" classname="LocalCMCTests" time="0.001"/>
  <testcase name="TestALotOfAdding" classname="LocalCMCTests" time="0.001"/>
  <testcase name="TestALotOfAdding" classname="LocalCMCTests" time="0.001"/>
  <testcase name="TestALotOfAdding" classname="LocalCMCTests" time="0.001"/>
  <testcase name="TestALotOfAdding" classname="LocalCMCTests" time="0.0"/>
  <testcase name="TestALotOfAdding" classname="LocalCMCTests" time="0.0"/>
  <testcase name="TestALotOfAdding" classname="LocalCMCTests" time="0.0"/>
  <testcase name="TestALotOfAdding" classname="LocalCMCTests" time="0.0"/>
  <testcase name="TestALotOfAdding" classname="LocalCMCTests" time="0.001"/>
  <testcase name="TestALotOfAdding" classname="LocalCMCTests" time="0.0"/>
  <testcase name="TestALotOfAdding" classname="LocalCMCTests" time="0.0"/>
  <testcase name="TestALotOfAdding" classname="LocalCMCTests" time="0.0"/>
  <testcase name="TestALotOfAdding" classname="LocalCMCTests" time="0.001"/>
  <testcase name="TestALotOfAdding" classname="LocalCMCTests" time="0.001"/>
  <testcase name="TestALotOfAdding" classname="LocalCMCTests" time="0.002"/>
  <testcase name="TestALotOfAdding" classname="LocalCMCTests" time="0.0"/>
  <testcase name="TestALotOfAdding" classname="LocalCMCTests" time="0.001"/>
  <testcase name="TestALotOfAdding" classname="LocalCMCTests" time="0.001"/>
  <testcase name="TestALotOfAdding" classname="LocalCMCTests" time="0.001"/>
  <testcase name="TestALotOfAdding" classname="LocalCMCTests" time="0.0"/>
  <testcase name="TestALotOfAdding" classname="LocalCMCTests" time="0.001"/>
  <testcase name="TestALotOfAdding" classname="LocalCMCTests" time="0.001"/>
  <testcase name="TestALotOfAdding" classname="LocalCMCTests" time="0.002"/>
  <testcase name="TestALotOfAdding" classname="LocalCMCTests" time="0.0"/>
  <testcase name="TestALotOfAdding" classname="LocalCMCTests" time="0.001"/>
  <testcase name="TestALotOfAdding" classname="LocalCMCTests" time="0.0"/>
  <testcase name="TestALotOfAdding" classname="LocalCMCTests" time="0.0"/>
  <testcase name="TestALotOfAdding" classname="LocalCMCTests" time="0.0"/>
  <testcase name="TestALotOfAdding" classname="LocalCMCTests" time="0.001"/>
  <testcase name="TestALotOfAdding" classname="LocalCMCTests" time="0.0"/>
  <testcase name="TestALotOfAdding" classname="LocalCMCTests" time="0.0"/>
  <testcase name="TestALotOfAdding" classname="LocalCMCTests" time="0.001"/>
  <testcase name="TestALotOfAdding" classname="LocalCMCTests" time="0.001"/>
  <testcase name="TestALotOfAdding" classname="LocalCMCTests" time="0.002"/>
  <testcase name="TestALotOfAdding" classname="LocalCMCTests" time="0.001"/>
  <testcase name="TestALotOfAdding" classname="LocalCMCTests" time="0.001"/>
  <testcase name="TestALotOfAdding" classname="LocalCMCTests" time="0.0"/>
  <testcase name="TestALotOfAdding" classname="LocalCMCTests" time="0.0"/>
  <testcase name="TestALotOfAdding" classname="LocalCMCTests" time="0.001"/>
  <testcase name="TestALotOfAdding" classname="LocalCMCTests" time="0.001"/>
  <testcase name="TestALotOfAdding" classname="LocalCMCTests" time="0.0"/>
  <testcase name="TestALotOfAdding" classname="LocalCMCTests" time="0.0"/>
  <testcase name="TestALotOfAdding" classname="LocalCMCTests" time="0.0"/>
  <testcase name="TestALotOfAdding" classname="LocalCMCTests" time="0.0"/>
  <testcase name="TestALotOfAdding" classname="LocalCMCTests" time="0.001"/>
  <testcase name="TestALotOfAdding" classname="LocalCMCTests" time="0.0"/>
  <testcase name="TestALotOfAdding" classname="LocalCMCTests" time="0.001"/>
  <testcase name="TestALotOfAdding" classname="LocalCMCTests" time="0.001"/>
  <testcase name="TestALotOfAdding" classname="LocalCMCTests" time="0.001"/>
  <testcase name="TestALotOfAdding" classname="LocalCMCTests" time="0.001"/>
  <testcase name="TestALotOfAdding" classname="LocalCMCTests" time="0.001"/>
  <testcase name="TestALotOfAdding" classname="LocalCMCTests" time="0.002"/>
  <testcase name="TestALotOfAdding" classname="LocalCMCTests" time="0.001"/>
  <testcase name="TestALotOfAdding" classname="LocalCMCTests" time="0.0"/>
  <testcase name="TestALotOfAdding" classname="LocalCMCTests" time="0.0"/>
  <testcase name="TestALotOfAdding" classname="LocalCMCTests" time="0.001"/>
  <testcase name="TestALotOfAdding" classname="LocalCMCTests" time="0.001"/>
  <testcase name="TestALotOfAdding" classname="LocalCMCTests" time="0.001"/>
  <testcase name="TestALotOfAdding" classname="LocalCMCTests" time="0.001"/>
  <testcase name="TestALotOfAdding" classname="LocalCMCTests" time="0.0"/>
  <testcase name="TestALotOfAdding" classname="LocalCMCTests" time="0.0"/>
  <testcase name="TestALotOfAdding" classname="LocalCMCTests" time="0.0"/>
  <testcase name="TestALotOfAdding" classname="LocalCMCTests" time="0.0"/>
  <testcase name="TestALotOfAdding" classname="LocalCMCTests" time="0.0"/>
  <testcase name="TestALotOfAdding" classname="LocalCMCTests" time="0.001"/>
  <testcase name="TestALotOfAdding" classname="LocalCMCTests" time="0.001"/>
  <testcase name="TestALotOfAdding" classname="LocalCMCTests" time="0.001"/>
  <testcase name="TestALotOfAdding" classname="LocalCMCTests" time="0.001"/>
  <testcase name="TestALotOfAdding" classname="LocalCMCTests" time="0.001"/>
  <testcase name="TestALotOfAdding" classname="LocalCMCTests" time="0.001"/>
  <testcase name="TestALotOfAdding" classname="LocalCMCTests" time="0.001"/>
  <testcase name="TestALotOfAdding" classname="LocalCMCTests" time="0.001"/>
  <testcase name="TestALotOfAdding" classname="LocalCMCTests" time="0.0"/>
  <testcase name="TestALotOfAdding" classname="LocalCMCTests" time="0.0"/>
  <testcase name="TestALotOfAdding" classname="LocalCMCTests" time="0.0"/>
  <testcase name="TestALotOfAdding" classname="LocalCMCTests" time="0.0"/>
  <testcase name="TestALotOfAdding" classname="LocalCMCTests" time="0.001"/>
  <testcase name="TestALotOfAdding" classname="LocalCMCTests" time="0.002"/>
  <testcase name="TestALotOfAdding" classname="LocalCMCTests" time="0.001"/>
  <testcase name="TestALotOfAdding" classname="LocalCMCTests" time="0.001"/>
  <testcase name="TestALotOfAdding" classname="LocalCMCTests" time="0.001"/>
  <testcase name="TestALotOfAdding" classname="LocalCMCTests" time="0.002"/>
  <testcase name="TestALotOfAdding" classname="LocalCMCTests" time="0.001"/>
  <testcase name="TestALotOfAdding" classname="LocalCMCTests" time="0.0"/>
  <testcase name="TestALotOfAdding" classname="LocalCMCTests" time="0.001"/>
  <testcase name="TestALotOfAdding" classname="LocalCMCTests" time="0.0"/>
  <testcase name="TestALotOfAdding" classname="LocalCMCTests" time="0.0"/>
  <testcase name="TestALotOfAdding" classname="LocalCMCTests" time="0.0"/>
  <testcase name="TestALotOfAdding" classname="LocalCMCTests" time="0.0"/>
  <testcase name="TestALotOfAdding" classname="LocalCMCTests" time="0.001"/>
  <testcase name="TestALotOfAdding" classname="LocalCMCTests" time="0.0"/>
  <testcase name="TestALotOfAdding" classname="LocalCMCTests" time="0.0"/>
  <testcase name="TestALotOfAdding" classname="LocalCMCTests" time="0.0"/>
  <testcase name="TestALotOfAdding" classname="LocalCMCTests" time="0.001"/>
  <testcase name="TestALotOfAdding" classname="LocalCMCTests" time="0.0"/>
  <testcase name="TestALotOfAdding" classname="LocalCMCTests" time="0.001"/>
  <testcase name="TestALotOfAdding" classname="LocalCMCTests" time="0.001"/>
  <testcase name="TestALotOfAdding" classname="LocalCMCTests" time="0.0"/>
  <testcase name="TestALotOfAdding" classname="LocalCMCTests" time="0.0"/>
  <testcase name="TestALotOfAdding" classname="LocalCMCTests" time="0.0"/>
  <testcase name="TestALotOfAdding" classname="LocalCMCTests" time="0.0"/>
  <testcase name="TestALotOfAdding" classname="LocalCMCTests" time="0.001"/>
  <testcase name="TestALotOfAdding" classname="LocalCMCTests" time="0.001"/>
  <testcase name="TestALotOfAdding" classname="LocalCMCTests" time="0.001"/>
  <testcase name="TestALotOfAdding" classname="LocalCMCTests" time="0.001"/>
  <testcase name="TestALotOfAdding" classname="LocalCMCTests" time="0.0"/>
  <testcase name="TestALotOfAdding" classname="LocalCMCTests" time="0.001"/>
  <testcase name="TestALotOfAdding" classname="LocalCMCTests" time="0.0"/>
  <testcase name="TestALotOfAdding" classname="LocalCMCTests" time="0.001"/>
  <testcase name="TestALotOfAdding" classname="LocalCMCTests" time="0.001"/>
  <testcase name="TestALotOfAdding" classname="LocalCMCTests" time="0.001"/>
  <testcase name="TestALotOfAdding" classname="LocalCMCTests" time="0.002"/>
  <testcase name="TestALotOfAdding" classname="LocalCMCTests" time="0.001"/>
  <testcase name="TestALotOfAdding" classname="LocalCMCTests" time="0.001"/>
  <testcase name="TestALotOfAdding" classname="LocalCMCTests" time="0.0"/>
  <testcase name="TestALotOfAdding" classname="LocalCMCTests" time="0.0"/>
  <testcase name="TestALotOfAdding" classname="LocalCMCTests" time="0.001"/>
  <testcase name="TestALotOfAdding" classname="LocalCMCTests" time="0.0"/>
  <testcase name="TestALotOfAdding" classname="LocalCMCTests" time="0.0"/>
  <testcase name="TestALotOfAdding" classname="LocalCMCTests" time="0.0"/>
  <testcase name="TestALotOfAdding" classname="LocalCMCTests" time="0.002"/>
  <testcase name="TestALotOfAdding" classname="LocalCMCTests" time="0.001"/>
  <testcase name="TestALotOfAdding" classname="LocalCMCTests" time="0.001"/>
  <testcase name="TestALotOfAdding" classname="LocalCMCTests" time="0.001"/>
  <testcase name="TestALotOfAdding" classname="LocalCMCTests" time="0.001"/>
  <testcase name="TestALotOfAdding" classname="LocalCMCTests" time="0.001"/>
  <testcase name="TestALotOfAdding" classname="LocalCMCTests" time="0.001"/>
  <testcase name="TestALotOfAdding" classname="LocalCMCTests" time="0.0"/>
  <testcase name="TestALotOfAdding" classname="LocalCMCTests" time="0.001"/>
  <testcase name="TestALotOfAdding" classname="LocalCMCTests" time="0.0"/>
  <testcase name="TestALotOfAdding" classname="LocalCMCTests" time="0.0"/>
  <testcase name="TestALotOfAdding" classname="LocalCMCTests" time="0.001"/>
  <testcase name="TestALotOfAdding" classname="LocalCMCTests" time="0.0"/>
  <testcase name="TestALotOfAdding" classname="LocalCMCTests" time="0.0"/>
  <testcase name="TestALotOfAdding" classname="LocalCMCTests" time="0.0"/>
  <testcase name="TestALotOfAdding" classname="LocalCMCTests" time="0.0"/>
  <testcase name="TestALotOfAdding" classname="LocalCMCTests" time="0.001"/>
  <testcase name="TestALotOfAdding" classname="LocalCMCTests" time="0.001"/>
  <testcase name="TestALotOfAdding" classname="LocalCMCTests" time="0.002"/>
  <testcase name="TestALotOfAdding" classname="LocalCMCTests" time="0.001"/>
  <testcase name="TestALotOfAdding" classname="LocalCMCTests" time="0.0"/>
  <testcase name="TestALotOfAdding" classname="LocalCMCTests" time="0.0"/>
  <testcase name="TestALotOfAdding" classname="LocalCMCTests" time="0.0"/>
  <testcase name="TestALotOfAdding" classname="LocalCMCTests" time="0.001"/>
  <testcase name="TestALotOfAdding" classname="LocalCMCTests" time="0.001"/>
  <testcase name="TestALotOfAdding" classname="LocalCMCTests" time="0.001"/>
  <testcase name="TestALotOfAdding" classname="LocalCMCTests" time="0.0"/>
  <testcase name="TestALotOfAdding" classname="LocalCMCTests" time="0.002"/>
  <testcase name="TestALotOfAdding" classname="LocalCMCTests" time="0.002"/>
  <testcase name="TestALotOfAdding" classname="LocalCMCTests" time="0.0"/>
  <testcase name="TestALotOfAdding" classname="LocalCMCTests" time="0.0"/>
  <testcase name="TestALotOfAdding" classname="LocalCMCTests" time="0.001"/>
  <testcase name="TestALotOfAdding" classname="LocalCMCTests" time="0.0"/>
  <testcase name="TestALotOfAdding" classname="LocalCMCTests" time="0.001"/>
  <testcase name="TestALotOfAdding" classname="LocalCMCTests" time="0.001"/>
  <testcase name="TestALotOfAdding" classname="LocalCMCTests" time="0.001"/>
  <testcase name="TestALotOfAdding" classname="LocalCMCTests" time="0.001"/>
  <testcase name="TestALotOfAdding" classname="LocalCMCTests" time="0.0"/>
  <testcase name="TestALotOfAdding" classname="LocalCMCTests" time="0.0"/>
  <testcase name="TestALotOfAdding" classname="LocalCMCTests" time="0.0"/>
  <testcase name="TestALotOfAdding" classname="LocalCMCTests" time="0.001"/>
  <testcase name="TestALotOfAdding" classname="LocalCMCTests" time="0.0"/>
  <testcase name="TestALotOfAdding" classname="LocalCMCTests" time="0.001"/>
  <testcase name="TestALotOfAdding" classname="LocalCMCTests" time="0.001"/>
  <testcase name="TestALotOfAdding" classname="LocalCMCTests" time="0.001"/>
  <testcase name="TestALotOfAdding" classname="LocalCMCTests" time="0.0"/>
  <testcase name="TestALotOfAdding" classname="LocalCMCTests" time="0.0"/>
  <testcase name="TestALotOfAdding" classname="LocalCMCTests" time="0.0"/>
  <testcase name="TestALotOfAdding" classname="LocalCMCTests" time="0.001"/>
  <testcase name="TestALotOfAdding" classname="LocalCMCTests" time="0.001"/>
  <testcase name="TestALotOfAdding" classname="LocalCMCTests" time="0.001"/>
  <testcase name="TestALotOfAdding" classname="LocalCMCTests" time="0.0"/>
  <testcase name="TestALotOfAdding" classname="LocalCMCTests" time="0.0"/>
  <testcase name="TestALotOfAdding" classname="LocalCMCTests" time="0.0"/>
  <testcase name="TestALotOfAdding" classname="LocalCMCTests" time="0.001"/>
  <testcase name="TestALotOfAdding" classname="LocalCMCTests" time="0.001"/>
  <testcase name="TestALotOfAdding" classname="LocalCMCTests" time="0.001"/>
  <testcase name="TestALotOfAdding" classname="LocalCMCTests" time="0.001"/>
  <testcase name="TestALotOfAdding" classname="LocalCMCTests" time="0.001"/>
  <testcase name="TestALotOfAdding" classname="LocalCMCTests" time="0.001"/>
  <testcase name="TestALotOfAdding" classname="LocalCMCTests" time="0.0"/>
  <testcase name="TestALotOfAdding" classname="LocalCMCTests" time="0.0"/>
  <testcase name="TestALotOfAdding" classname="LocalCMCTests" time="0.0"/>
  <testcase name="TestALotOfAdding" classname="LocalCMCTests" time="0.0"/>
  <testcase name="TestALotOfAdding" classname="LocalCMCTests" time="0.001"/>
  <testcase name="TestALotOfAdding" classname="LocalCMCTests" time="0.001"/>
  <testcase name="TestALotOfAdding" classname="LocalCMCTests" time="0.002"/>
  <testcase name="TestALotOfAdding" classname="LocalCMCTests" time="0.0"/>
  <testcase name="TestALotOfAdding" classname="LocalCMCTests" time="0.0"/>
  <testcase name="TestALotOfAdding" classname="LocalCMCTests" time="0.0"/>
  <testcase name="TestALotOfAdding" classname="LocalCMCTests" time="0.0"/>
  <testcase name="TestALotOfAdding" classname="LocalCMCTests" time="0.001"/>
  <testcase name="TestALotOfAdding" classname="LocalCMCTests" time="0.001"/>
  <testcase name="TestALotOfAdding" classname="LocalCMCTests" time="0.001"/>
  <testcase name="TestALotOfAdding" classname="LocalCMCTests" time="0.001"/>
  <testcase name="TestALotOfAdding" classname="LocalCMCTests" time="0.001"/>
  <testcase name="TestALotOfAdding" classname="LocalCMCTests" time="0.0"/>
  <testcase name="TestALotOfAdding" classname="LocalCMCTests" time="0.001"/>
  <testcase name="TestALotOfAdding" classname="LocalCMCTests" time="0.0"/>
  <testcase name="TestALotOfAdding" classname="LocalCMCTests" time="0.0"/>
  <testcase name="TestALotOfAdding" classname="LocalCMCTests" time="0.0"/>
  <testcase name="TestALotOfAdding" classname="LocalCMCTests" time="0.001"/>
  <testcase name="TestALotOfAdding" classname="LocalCMCTests" time="0.001"/>
  <testcase name="TestALotOfAdding" classname="LocalCMCTests" time="0.001"/>
  <testcase name="TestALotOfAdding" classname="LocalCMCTests" time="0.001"/>
  <testcase name="TestALotOfAdding" classname="LocalCMCTests" time="0.002"/>
  <testcase name="TestALotOfAdding" classname="LocalCMCTests" time="0.0"/>
  <testcase name="TestALotOfAdding" classname="LocalCMCTests" time="0.001"/>
  <testcase name="TestALotOfAdding" classname="LocalCMCTests" time="0.0"/>
  <testcase name="TestALotOfAdding" classname="LocalCMCTests" time="0.0"/>
  <testcase name="TestALotOfAdding" classname="LocalCMCTests" time="0.0"/>
  <testcase name="TestALotOfAdding" classname="LocalCMCTests" time="0.001"/>
  <testcase name="TestALotOfAdding" classname="LocalCMCTests" time="0.0"/>
  <testcase name="TestALotOfAdding" classname="LocalCMCTests" time="0.001"/>
  <testcase name="TestALotOfAdding" classname="LocalCMCTests" time="0.0"/>
  <testcase name="TestALotOfAdding" classname="LocalCMCTests" time="0.001"/>
  <testcase name="TestALotOfAdding" classname="LocalCMCTests" time="0.001"/>
  <testcase name="TestALotOfAdding" classname="LocalCMCTests" time="0.001"/>
  <testcase name="TestALotOfAdding" classname="LocalCMCTests" time="0.0"/>
  <testcase name="TestALotOfAdding" classname="LocalCMCTests" time="0.001"/>
  <testcase name="TestALotOfAdding" classname="LocalCMCTests" time="0.001"/>
  <testcase name="TestALotOfAdding" classname="LocalCMCTests" time="0.001"/>
  <testcase name="TestALotOfAdding" classname="LocalCMCTests" time="0.0"/>
  <testcase name="TestALotOfAdding" classname="LocalCMCTests" time="0.001"/>
  <testcase name="TestALotOfAdding" classname="LocalCMCTests" time="0.001"/>
  <testcase name="TestALotOfAdding" classname="LocalCMCTests" time="0.001"/>
  <testcase name="TestALotOfAdding" classname="LocalCMCTests" time="0.001"/>
  <testcase name="TestALotOfAdding" classname="LocalCMCTests" time="0.0"/>
  <testcase name="TestALotOfAdding" classname="LocalCMCTests" time="0.0"/>
  <testcase name="TestALotOfAdding" classname="LocalCMCTests" time="0.0"/>
  <testcase name="TestALotOfAdding" classname="LocalCMCTests" time="0.0"/>
  <testcase name="TestALotOfAdding" classname="LocalCMCTests" time="0.0"/>
  <testcase name="TestALotOfAdding" classname="LocalCMCTests" time="0.001"/>
  <testcase name="TestALotOfAdding" classname="LocalCMCTests" time="0.001"/>
  <testcase name="TestALotOfAdding" classname="LocalCMCTests" time="0.001"/>
  <testcase name="TestALotOfAdding" classname="LocalCMCTests" time="0.001"/>
  <testcase name="TestALotOfAdding" classname="LocalCMCTests" time="0.001"/>
  <testcase name="TestALotOfAdding" classname="LocalCMCTests" time="0.0"/>
  <testcase name="TestALotOfAdding" classname="LocalCMCTests" time="0.0"/>
  <testcase name="TestALotOfAdding" classname="LocalCMCTests" time="0.001"/>
  <testcase name="TestALotOfAdding" classname="LocalCMCTests" time="0.001"/>
  <testcase name="TestALotOfAdding" classname="LocalCMCTests" time="0.0"/>
  <testcase name="TestALotOfAdding" classname="LocalCMCTests" time="0.001"/>
  <testcase name="TestALotOfAdding" classname="LocalCMCTests" time="0.001"/>
  <testcase name="TestALotOfAdding" classname="LocalCMCTests" time="0.001"/>
  <testcase name="TestALotOfAdding" classname="LocalCMCTests" time="0.003"/>
  <testcase name="TestALotOfAdding" classname="LocalCMCTests" time="0.001"/>
  <testcase name="TestALotOfAdding" classname="LocalCMCTests" time="0.001"/>
  <testcase name="TestALotOfAdding" classname="LocalCMCTests" time="0.001"/>
  <testcase name="TestALotOfAdding" classname="LocalCMCTests" time="0.0"/>
  <testcase name="TestALotOfAdding" classname="LocalCMCTests" time="0.001"/>
  <testcase name="TestALotOfAdding" classname="LocalCMCTests" time="0.0"/>
  <testcase name="TestALotOfAdding" classname="LocalCMCTests" time="0.001"/>
  <testcase name="TestALotOfAdding" classname="LocalCMCTests" time="0.001"/>
  <testcase name="TestALotOfAdding" classname="LocalCMCTests" time="0.001"/>
  <testcase name="TestALotOfAdding" classname="LocalCMCTests" time="0.0"/>
  <testcase name="TestALotOfAdding" classname="LocalCMCTests" time="0.0"/>
  <testcase name="TestALotOfAdding" classname="LocalCMCTests" time="0.001"/>
  <testcase name="TestALotOfAdding" classname="LocalCMCTests" time="0.001"/>
  <testcase name="TestALotOfAdding" classname="LocalCMCTests" time="0.001"/>
  <testcase name="TestALotOfAdding" classname="LocalCMCTests" time="0.001"/>
  <testcase name="TestALotOfAdding" classname="LocalCMCTests" time="0.003"/>
  <testcase name="TestALotOfAdding" classname="LocalCMCTests" time="0.003"/>
  <testcase name="TestALotOfAdding" classname="LocalCMCTests" time="0.003"/>
  <testcase name="TestALotOfAdding" classname="LocalCMCTests" time="0.0"/>
  <testcase name="TestALotOfAdding" classname="LocalCMCTests" time="0.0"/>
  <testcase name="TestALotOfAdding" classname="LocalCMCTests" time="0.0"/>
  <testcase name="TestALotOfAdding" classname="LocalCMCTests" time="0.0"/>
  <testcase name="TestALotOfAdding" classname="LocalCMCTests" time="0.002"/>
  <testcase name="TestALotOfAdding" classname="LocalCMCTests" time="0.0"/>
  <testcase name="TestALotOfAdding" classname="LocalCMCTests" time="0.0"/>
  <testcase name="TestALotOfAdding" classname="LocalCMCTests" time="0.002"/>
  <testcase name="TestALotOfAdding" classname="LocalCMCTests" time="0.001"/>
  <testcase name="TestALotOfAdding" classname="LocalCMCTests" time="0.001"/>
  <testcase name="TestALotOfAdding" classname="LocalCMCTests" time="0.004"/>
  <testcase name="TestALotOfAdding" classname="LocalCMCTests" time="0.0"/>
  <testcase name="TestALotOfAdding" classname="LocalCMCTests" time="0.004"/>
  <testcase name="TestALotOfAdding" classname="LocalCMCTests" time="0.0"/>
  <testcase name="TestALotOfAdding" classname="LocalCMCTests" time="0.0"/>
  <testcase name="TestALotOfAdding" classname="LocalCMCTests" time="0.0"/>
  <testcase name="TestALotOfAdding" classname="LocalCMCTests" time="0.0"/>
  <testcase name="TestALotOfAdding" classname="LocalCMCTests" time="0.001"/>
  <testcase name="TestALotOfAdding" classname="LocalCMCTests" time="0.001"/>
  <testcase name="TestALotOfAdding" classname="LocalCMCTests" time="0.001"/>
  <testcase name="TestALotOfAdding" classname="LocalCMCTests" time="0.001"/>
  <testcase name="TestALotOfAdding" classname="LocalCMCTests" time="0.001"/>
  <testcase name="TestALotOfAdding" classname="LocalCMCTests" time="0.0"/>
  <testcase name="TestALotOfAdding" classname="LocalCMCTests" time="0.0"/>
  <testcase name="TestALotOfAdding" classname="LocalCMCTests" time="0.001"/>
  <testcase name="TestALotOfAdding" classname="LocalCMCTests" time="0.0"/>
  <testcase name="TestALotOfAdding" classname="LocalCMCTests" time="0.001"/>
  <testcase name="TestALotOfAdding" classname="LocalCMCTests" time="0.001"/>
  <testcase name="TestALotOfAdding" classname="LocalCMCTests" time="0.001"/>
  <testcase name="TestALotOfAdding" classname="LocalCMCTests" time="0.0"/>
  <testcase name="TestALotOfAdding" classname="LocalCMCTests" time="0.001"/>
  <testcase name="TestALotOfAdding" classname="LocalCMCTests" time="0.0"/>
  <testcase name="TestALotOfAdding" classname="LocalCMCTests" time="0.001"/>
  <testcase name="TestALotOfAdding" classname="LocalCMCTests" time="0.0"/>
  <testcase name="TestALotOfAdding" classname="LocalCMCTests" time="0.001"/>
  <testcase name="TestALotOfAdding" classname="LocalCMCTests" time="0.001"/>
  <testcase name="TestALotOfAdding" classname="LocalCMCTests" time="0.001"/>
  <testcase name="TestALotOfAdding" classname="LocalCMCTests" time="0.001"/>
  <testcase name="TestALotOfAdding" classname="LocalCMCTests" time="0.0"/>
  <testcase name="TestALotOfAdding" classname="LocalCMCTests" time="0.0"/>
  <testcase name="TestALotOfAdding" classname="LocalCMCTests" time="0.001"/>
  <testcase name="TestALotOfAdding" classname="LocalCMCTests" time="0.001"/>
  <testcase name="TestALotOfAdding" classname="LocalCMCTests" time="0.001"/>
  <testcase name="TestALotOfAdding" classname="LocalCMCTests" time="0.001"/>
  <testcase name="TestALotOfAdding" classname="LocalCMCTests" time="0.0"/>
  <testcase name="TestALotOfAdding" classname="LocalCMCTests" time="0.001"/>
  <testcase name="TestALotOfAdding" classname="LocalCMCTests" time="0.0"/>
  <testcase name="TestALotOfAdding" classname="LocalCMCTests" time="0.0"/>
  <testcase name="TestALotOfAdding" classname="LocalCMCTests" time="0.0"/>
  <testcase name="TestALotOfAdding" classname="LocalCMCTests" time="0.001"/>
  <testcase name="TestALotOfAdding" classname="LocalCMCTests" time="0.001"/>
  <testcase name="TestALotOfAdding" classname="LocalCMCTests" time="0.0"/>
  <testcase name="TestALotOfAdding" classname="LocalCMCTests" time="0.0"/>
  <testcase name="TestALotOfAdding" classname="LocalCMCTests" time="0.0"/>
  <testcase name="TestALotOfAdding" classname="LocalCMCTests" time="0.0"/>
  <testcase name="TestALotOfAdding" classname="LocalCMCTests" time="0.001"/>
  <testcase name="TestALotOfAdding" classname="LocalCMCTests" time="0.0"/>
  <testcase name="TestALotOfAdding" classname="LocalCMCTests" time="0.001"/>
  <testcase name="TestALotOfAdding" classname="LocalCMCTests" time="0.001"/>
  <testcase name="TestALotOfAdding" classname="LocalCMCTests" time="0.001"/>
  <testcase name="TestALotOfAdding" classname="LocalCMCTests" time="0.001"/>
  <testcase name="TestALotOfAdding" classname="LocalCMCTests" time="0.0"/>
  <testcase name="TestALotOfAdding" classname="LocalCMCTests" time="0.001"/>
  <testcase name="TestALotOfAdding" classname="LocalCMCTests" time="0.001"/>
  <testcase name="TestALotOfAdding" classname="LocalCMCTests" time="0.001"/>
  <testcase name="TestALotOfAdding" classname="LocalCMCTests" time="0.0"/>
  <testcase name="TestALotOfAdding" classname="LocalCMCTests" time="0.0"/>
  <testcase name="TestALotOfAdding" classname="LocalCMCTests" time="0.0"/>
  <testcase name="TestALotOfAdding" classname="LocalCMCTests" time="0.0"/>
  <testcase name="TestALotOfAdding" classname="LocalCMCTests" time="0.0"/>
  <testcase name="TestALotOfAdding" classname="LocalCMCTests" time="0.0"/>
  <testcase name="TestALotOfAdding" classname="LocalCMCTests" time="0.001"/>
  <testcase name="TestALotOfAdding" classname="LocalCMCTests" time="0.003"/>
  <testcase name="TestALotOfAdding" classname="LocalCMCTests" time="0.001"/>
  <testcase name="TestALotOfAdding" classname="LocalCMCTests" time="0.001"/>
  <testcase name="TestALotOfAdding" classname="LocalCMCTests" time="0.0"/>
  <testcase name="TestALotOfAdding" classname="LocalCMCTests" time="0.001"/>
  <testcase name="TestALotOfAdding" classname="LocalCMCTests" time="0.001"/>
  <testcase name="TestALotOfAdding" classname="LocalCMCTests" time="0.001"/>
  <testcase name="TestALotOfAdding" classname="LocalCMCTests" time="0.0"/>
  <testcase name="TestALotOfAdding" classname="LocalCMCTests" time="0.003"/>
  <testcase name="TestALotOfAdding" classname="LocalCMCTests" time="0.0"/>
  <testcase name="TestALotOfAdding" classname="LocalCMCTests" time="0.001"/>
  <testcase name="TestALotOfAdding" classname="LocalCMCTests" time="0.0"/>
  <testcase name="TestALotOfAdding" classname="LocalCMCTests" time="0.0"/>
  <testcase name="TestALotOfAdding" classname="LocalCMCTests" time="0.0"/>
  <testcase name="TestALotOfAdding" classname="LocalCMCTests" time="0.0"/>
  <testcase name="TestALotOfAdding" classname="LocalCMCTests" time="0.001"/>
  <testcase name="TestALotOfAdding" classname="LocalCMCTests" time="0.001"/>
  <testcase name="TestALotOfAdding" classname="LocalCMCTests" time="0.001"/>
  <testcase name="TestALotOfAdding" classname="LocalCMCTests" time="0.0"/>
  <testcase name="TestALotOfAdding" classname="LocalCMCTests" time="0.0"/>
  <testcase name="TestALotOfAdding" classname="LocalCMCTests" time="0.0"/>
  <testcase name="TestALotOfAdding" classname="LocalCMCTests" time="0.0"/>
  <testcase name="TestALotOfAdding" classname="LocalCMCTests" time="0.001"/>
  <testcase name="TestALotOfAdding" classname="LocalCMCTests" time="0.001"/>
  <testcase name="TestALotOfAdding" classname="LocalCMCTests" time="0.001"/>
  <testcase name="TestALotOfAdding" classname="LocalCMCTests" time="0.001"/>
  <testcase name="TestALotOfAdding" classname="LocalCMCTests" time="0.002"/>
  <testcase name="TestALotOfAdding" classname="LocalCMCTests" time="0.0"/>
  <testcase name="TestALotOfAdding" classname="LocalCMCTests" time="0.0"/>
  <testcase name="TestALotOfAdding" classname="LocalCMCTests" time="0.001"/>
  <testcase name="TestALotOfAdding" classname="LocalCMCTests" time="0.0"/>
  <testcase name="TestALotOfAdding" classname="LocalCMCTests" time="0.0"/>
  <testcase name="TestALotOfAdding" classname="LocalCMCTests" time="0.0"/>
  <testcase name="TestALotOfAdding" classname="LocalCMCTests" time="0.0"/>
  <testcase name="TestALotOfAdding" classname="LocalCMCTests" time="0.0"/>
  <testcase name="TestALotOfAdding" classname="LocalCMCTests" time="0.0"/>
  <testcase name="TestALotOfAdding" classname="LocalCMCTests" time="0.001"/>
  <testcase name="TestALotOfAdding" classname="LocalCMCTests" time="0.001"/>
  <testcase name="TestALotOfAdding" classname="LocalCMCTests" time="0.0"/>
  <testcase name="TestALotOfAdding" classname="LocalCMCTests" time="0.001"/>
  <testcase name="TestALotOfAdding" classname="LocalCMCTests" time="0.0"/>
  <testcase name="TestALotOfAdding" classname="LocalCMCTests" time="0.0"/>
  <testcase name="TestALotOfAdding" classname="LocalCMCTests" time="0.0"/>
  <testcase name="TestALotOfAdding" classname="LocalCMCTests" time="0.0"/>
  <testcase name="TestALotOfAdding" classname="LocalCMCTests" time="0.001"/>
  <testcase name="TestALotOfAdding" classname="LocalCMCTests" time="0.001"/>
  <testcase name="TestALotOfAdding" classname="LocalCMCTests" time="0.001"/>
  <testcase name="TestALotOfAdding" classname="LocalCMCTests" time="0.001"/>
  <testcase name="TestALotOfAdding" classname="LocalCMCTests" time="0.001"/>
  <testcase name="TestALotOfAdding" classname="LocalCMCTests" time="0.0"/>
  <testcase name="TestALotOfAdding" classname="LocalCMCTests" time="0.001"/>
  <testcase name="TestALotOfAdding" classname="LocalCMCTests" time="0.001"/>
  <testcase name="TestALotOfAdding" classname="LocalCMCTests" time="0.001"/>
  <testcase name="TestALotOfAdding" classname="LocalCMCTests" time="0.002"/>
  <testcase name="TestALotOfAdding" classname="LocalCMCTests" time="0.001"/>
  <testcase name="TestALotOfAdding" classname="LocalCMCTests" time="0.001"/>
  <testcase name="TestALotOfAdding" classname="LocalCMCTests" time="0.0"/>
  <testcase name="TestALotOfAdding" classname="LocalCMCTests" time="0.0"/>
  <testcase name="TestALotOfAdding" classname="LocalCMCTests" time="0.001"/>
  <testcase name="TestALotOfAdding" classname="LocalCMCTests" time="0.0"/>
  <testcase name="TestALotOfAdding" classname="LocalCMCTests" time="0.001"/>
  <testcase name="TestALotOfAdding" classname="LocalCMCTests" time="0.001"/>
  <testcase name="TestALotOfAdding" classname="LocalCMCTests" time="0.002"/>
  <testcase name="TestALotOfAdding" classname="LocalCMCTests" time="0.002"/>
  <testcase name="TestALotOfAdding" classname="LocalCMCTests" time="0.0"/>
  <testcase name="TestALotOfAdding" classname="LocalCMCTests" time="0.002"/>
  <testcase name="TestALotOfAdding" classname="LocalCMCTests" time="0.0"/>
  <testcase name="TestALotOfAdding" classname="LocalCMCTests" time="0.0"/>
  <testcase name="TestALotOfAdding" classname="LocalCMCTests" time="0.0"/>
  <testcase name="TestALotOfAdding" classname="LocalCMCTests" time="0.002"/>
  <testcase name="TestALotOfAdding" classname="LocalCMCTests" time="0.001"/>
  <testcase name="TestALotOfAdding" classname="LocalCMCTests" time="0.0"/>
  <testcase name="TestALotOfAdding" classname="LocalCMCTests" time="0.0"/>
  <testcase name="TestALotOfAdding" classname="LocalCMCTests" time="0.0"/>
  <testcase name="TestALotOfAdding" classname="LocalCMCTests" time="0.001"/>
  <testcase name="TestALotOfAdding" classname="LocalCMCTests" time="0.0"/>
  <testcase name="TestALotOfAdding" classname="LocalCMCTests" time="0.001"/>
  <testcase name="TestALotOfAdding" classname="LocalCMCTests" time="0.001"/>
  <testcase name="TestALotOfAdding" classname="LocalCMCTests" time="0.0"/>
  <testcase name="TestALotOfAdding" classname="LocalCMCTests" time="0.0"/>
  <testcase name="TestALotOfAdding" classname="LocalCMCTests" time="0.001"/>
  <testcase name="TestALotOfAdding" classname="LocalCMCTests" time="0.0"/>
  <testcase name="TestALotOfAdding" classname="LocalCMCTests" time="0.0"/>
  <testcase name="TestALotOfAdding" classname="LocalCMCTests" time="0.001"/>
  <testcase name="TestALotOfAdding" classname="LocalCMCTests" time="0.002"/>
  <testcase name="TestALotOfAdding" classname="LocalCMCTests" time="0.001"/>
  <testcase name="TestALotOfAdding" classname="LocalCMCTests" time="0.001"/>
  <testcase name="TestALotOfAdding" classname="LocalCMCTests" time="0.001"/>
  <testcase name="TestALotOfAdding" classname="LocalCMCTests" time="0.002"/>
  <testcase name="TestALotOfAdding" classname="LocalCMCTests" time="0.001"/>
  <testcase name="TestALotOfAdding" classname="LocalCMCTests" time="0.002"/>
  <testcase name="TestALotOfAdding" classname="LocalCMCTests" time="0.001"/>
  <testcase name="TestALotOfAdding" classname="LocalCMCTests" time="0.0"/>
  <testcase name="TestALotOfAdding" classname="LocalCMCTests" time="0.001"/>
  <testcase name="TestALotOfAdding" classname="LocalCMCTests" time="0.001"/>
  <testcase name="TestALotOfAdding" classname="LocalCMCTests" time="0.0"/>
  <testcase name="TestALotOfAdding" classname="LocalCMCTests" time="0.001"/>
  <testcase name="TestALotOfAdding" classname="LocalCMCTests" time="0.0"/>
  <testcase name="TestALotOfAdding" classname="LocalCMCTests" time="0.0"/>
  <testcase name="TestALotOfAdding" classname="LocalCMCTests" time="0.0"/>
  <testcase name="TestALotOfAdding" classname="LocalCMCTests" time="0.001"/>
  <testcase name="TestALotOfAdding" classname="LocalCMCTests" time="0.001"/>
  <testcase name="TestALotOfAdding" classname="LocalCMCTests" time="0.001"/>
  <testcase name="TestALotOfAdding" classname="LocalCMCTests" time="0.001"/>
  <testcase name="TestALotOfAdding" classname="LocalCMCTests" time="0.002"/>
  <testcase name="TestALotOfAdding" classname="LocalCMCTests" time="0.0"/>
  <testcase name="TestALotOfAdding" classname="LocalCMCTests" time="0.001"/>
  <testcase name="TestALotOfAdding" classname="LocalCMCTests" time="0.0"/>
  <testcase name="TestALotOfAdding" classname="LocalCMCTests" time="0.0"/>
  <testcase name="TestALotOfAdding" classname="LocalCMCTests" time="0.001"/>
  <testcase name="TestALotOfAdding" classname="LocalCMCTests" time="0.0"/>
  <testcase name="TestALotOfAdding" classname="LocalCMCTests" time="0.0"/>
  <testcase name="TestALotOfAdding" classname="LocalCMCTests" time="0.001"/>
  <testcase name="TestALotOfAdding" classname="LocalCMCTests" time="0.001"/>
  <testcase name="TestALotOfAdding" classname="LocalCMCTests" time="0.002"/>
  <testcase name="TestALotOfAdding" classname="LocalCMCTests" time="0.001"/>
  <testcase name="TestALotOfAdding" classname="LocalCMCTests" time="0.001"/>
  <testcase name="TestALotOfAdding" classname="LocalCMCTests" time="0.001"/>
  <testcase name="TestALotOfAdding" classname="LocalCMCTests" time="0.001"/>
  <testcase name="TestALotOfAdding" classname="LocalCMCTests" time="0.001"/>
  <testcase name="TestALotOfAdding" classname="LocalCMCTests" time="0.0"/>
  <testcase name="TestALotOfAdding" classname="LocalCMCTests" time="0.001"/>
  <testcase name="TestALotOfAdding" classname="LocalCMCTests" time="0.0"/>
  <testcase name="TestALotOfAdding" classname="LocalCMCTests" time="0.0"/>
  <testcase name="TestALotOfAdding" classname="LocalCMCTests" time="0.001"/>
  <testcase name="TestALotOfAdding" classname="LocalCMCTests" time="0.0"/>
  <testcase name="TestALotOfAdding" classname="LocalCMCTests" time="0.0"/>
  <testcase name="TestALotOfAdding" classname="LocalCMCTests" time="0.0"/>
  <testcase name="TestALotOfAdding" classname="LocalCMCTests" time="0.001"/>
  <testcase name="TestALotOfAdding" classname="LocalCMCTests" time="0.001"/>
  <testcase name="TestALotOfAdding" classname="LocalCMCTests" time="0.0"/>
  <testcase name="TestALotOfAdding" classname="LocalCMCTests" time="0.001"/>
  <testcase name="TestALotOfAdding" classname="LocalCMCTests" time="0.001"/>
  <testcase name="TestALotOfAdding" classname="LocalCMCTests" time="0.0"/>
  <testcase name="TestALotOfAdding" classname="LocalCMCTests" time="0.001"/>
  <testcase name="TestALotOfAdding" classname="LocalCMCTests" time="0.001"/>
  <testcase name="TestALotOfAdding" classname="LocalCMCTests" time="0.0"/>
  <testcase name="TestALotOfAdding" classname="LocalCMCTests" time="0.001"/>
  <testcase name="TestALotOfAdding" classname="LocalCMCTests" time="0.001"/>
  <testcase name="TestALotOfAdding" classname="LocalCMCTests" time="0.0"/>
  <testcase name="TestALotOfAdding" classname="LocalCMCTests" time="0.0"/>
  <testcase name="TestALotOfAdding" classname="LocalCMCTests" time="0.0"/>
  <testcase name="TestALotOfAdding" classname="LocalCMCTests" time="0.0"/>
  <testcase name="TestALotOfAdding" classname="LocalCMCTests" time="0.001"/>
  <testcase name="TestALotOfAdding" classname="LocalCMCTests" time="0.002"/>
  <testcase name="TestALotOfAdding" classname="LocalCMCTests" time="0.002"/>
  <testcase name="TestALotOfAdding" classname="LocalCMCTests" time="0.001"/>
  <testcase name="TestALotOfAdding" classname="LocalCMCTests" time="0.002"/>
  <testcase name="TestALotOfAdding" classname="LocalCMCTests" time="0.0"/>
  <testcase name="TestALotOfAdding" classname="LocalCMCTests" time="0.001"/>
  <testcase name="TestALotOfAdding" classname="LocalCMCTests" time="0.0"/>
  <testcase name="TestALotOfAdding" classname="LocalCMCTests" time="0.0"/>
  <testcase name="TestALotOfAdding" classname="LocalCMCTests" time="0.0"/>
  <testcase name="TestALotOfAdding" classname="LocalCMCTests" time="0.001"/>
  <testcase name="TestALotOfAdding" classname="LocalCMCTests" time="0.001"/>
  <testcase name="TestALotOfAdding" classname="LocalCMCTests" time="0.001"/>
  <testcase name="TestALotOfAdding" classname="LocalCMCTests" time="0.0"/>
  <testcase name="TestALotOfAdding" classname="LocalCMCTests" time="0.001"/>
  <testcase name="TestALotOfAdding" classname="LocalCMCTests" time="0.002"/>
  <testcase name="TestALotOfAdding" classname="LocalCMCTests" time="0.001"/>
  <testcase name="TestALotOfAdding" classname="LocalCMCTests" time="0.001"/>
  <testcase name="TestALotOfAdding" classname="LocalCMCTests" time="0.001"/>
  <testcase name="TestALotOfAdding" classname="LocalCMCTests" time="0.001"/>
  <testcase name="TestALotOfAdding" classname="LocalCMCTests" time="0.001"/>
  <testcase name="TestALotOfAdding" classname="LocalCMCTests" time="0.001"/>
  <testcase name="TestALotOfAdding" classname="LocalCMCTests" time="0.0"/>
  <testcase name="TestALotOfAdding" classname="LocalCMCTests" time="0.0"/>
  <testcase name="TestALotOfAdding" classname="LocalCMCTests" time="0.0"/>
  <testcase name="TestALotOfAdding" classname="LocalCMCTests" time="0.0"/>
  <testcase name="TestALotOfAdding" classname="LocalCMCTests" time="0.0"/>
  <testcase name="TestALotOfAdding" classname="LocalCMCTests" time="0.001"/>
  <testcase name="TestALotOfAdding" classname="LocalCMCTests" time="0.001"/>
  <testcase name="TestALotOfAdding" classname="LocalCMCTests" time="0.001"/>
  <testcase name="TestALotOfAdding" classname="LocalCMCTests" time="0.001"/>
  <testcase name="TestALotOfAdding" classname="LocalCMCTests" time="0.001"/>
  <testcase name="TestALotOfAdding" classname="LocalCMCTests" time="0.001"/>
  <testcase name="TestALotOfAdding" classname="LocalCMCTests" time="0.001"/>
  <testcase name="TestALotOfAdding" classname="LocalCMCTests" time="0.001"/>
  <testcase name="TestALotOfAdding" classname="LocalCMCTests" time="0.001"/>
  <testcase name="TestALotOfAdding" classname="LocalCMCTests" time="0.001"/>
  <testcase name="TestALotOfAdding" classname="LocalCMCTests" time="0.0"/>
  <testcase name="TestALotOfAdding" classname="LocalCMCTests" time="0.0"/>
  <testcase name="TestALotOfAdding" classname="LocalCMCTests" time="0.0"/>
  <testcase name="TestALotOfAdding" classname="LocalCMCTests" time="0.0"/>
  <testcase name="TestALotOfAdding" classname="LocalCMCTests" time="0.0"/>
  <testcase name="TestALotOfAdding" classname="LocalCMCTests" time="0.0"/>
  <testcase name="TestALotOfAdding" classname="LocalCMCTests" time="0.0"/>
  <testcase name="TestALotOfAdding" classname="LocalCMCTests" time="0.001"/>
  <testcase name="TestALotOfAdding" classname="LocalCMCTests" time="0.003"/>
  <testcase name="TestALotOfAdding" classname="LocalCMCTests" time="0.001"/>
  <testcase name="TestALotOfAdding" classname="LocalCMCTests" time="0.0"/>
  <testcase name="TestALotOfAdding" classname="LocalCMCTests" time="0.001"/>
  <testcase name="TestALotOfAdding" classname="LocalCMCTests" time="0.001"/>
  <testcase name="TestALotOfAdding" classname="LocalCMCTests" time="0.0"/>
  <testcase name="TestALotOfAdding" classname="LocalCMCTests" time="0.001"/>
  <testcase name="TestALotOfAdding" classname="LocalCMCTests" time="0.0"/>
  <testcase name="TestALotOfAdding" classname="LocalCMCTests" time="0.001"/>
  <testcase name="TestALotOfAdding" classname="LocalCMCTests" time="0.0"/>
  <testcase name="TestALotOfAdding" classname="LocalCMCTests" time="0.001"/>
  <testcase name="TestALotOfAdding" classname="LocalCMCTests" time="0.0"/>
  <testcase name="TestALotOfAdding" classname="LocalCMCTests" time="0.0"/>
  <testcase name="TestALotOfAdding" classname="LocalCMCTests" time="0.002"/>
  <testcase name="TestALotOfAdding" classname="LocalCMCTests" time="0.001"/>
  <testcase name="TestALotOfAdding" classname="LocalCMCTests" time="0.0"/>
  <testcase name="TestALotOfAdding" classname="LocalCMCTests" time="0.001"/>
  <testcase name="TestALotOfAdding" classname="LocalCMCTests" time="0.001"/>
  <testcase name="TestALotOfAdding" classname="LocalCMCTests" time="0.001"/>
  <testcase name="TestALotOfAdding" classname="LocalCMCTests" time="0.001"/>
  <testcase name="TestALotOfAdding" classname="LocalCMCTests" time="0.002"/>
  <testcase name="TestALotOfAdding" classname="LocalCMCTests" time="0.001"/>
  <testcase name="TestALotOfAdding" classname="LocalCMCTests" time="0.0"/>
  <testcase name="TestALotOfAdding" classname="LocalCMCTests" time="0.001"/>
  <testcase name="TestALotOfAdding" classname="LocalCMCTests" time="0.0"/>
  <testcase name="TestALotOfAdding" classname="LocalCMCTests" time="0.0"/>
  <testcase name="TestALotOfAdding" classname="LocalCMCTests" time="0.0"/>
  <testcase name="TestALotOfAdding" classname="LocalCMCTests" time="0.0"/>
  <testcase name="TestALotOfAdding" classname="LocalCMCTests" time="0.0"/>
  <testcase name="TestALotOfAdding" classname="LocalCMCTests" time="0.001"/>
  <testcase name="TestALotOfAdding" classname="LocalCMCTests" time="0.001"/>
  <testcase name="TestALotOfAdding" classname="LocalCMCTests" time="0.0"/>
  <testcase name="TestALotOfAdding" classname="LocalCMCTests" time="0.001"/>
  <testcase name="TestALotOfAdding" classname="LocalCMCTests" time="0.001"/>
  <testcase name="TestALotOfAdding" classname="LocalCMCTests" time="0.001"/>
  <testcase name="TestALotOfAdding" classname="LocalCMCTests" time="0.001"/>
  <testcase name="TestALotOfAdding" classname="LocalCMCTests" time="0.0"/>
  <testcase name="TestALotOfAdding" classname="LocalCMCTests" time="0.001"/>
  <testcase name="TestALotOfAdding" classname="LocalCMCTests" time="0.0"/>
  <testcase name="TestALotOfAdding" classname="LocalCMCTests" time="0.0"/>
  <testcase name="TestALotOfAdding" classname="LocalCMCTests" time="0.001"/>
  <testcase name="TestALotOfAdding" classname="LocalCMCTests" time="0.0"/>
  <testcase name="TestALotOfAdding" classname="LocalCMCTests" time="0.001"/>
  <testcase name="TestALotOfAdding" classname="LocalCMCTests" time="0.001"/>
  <testcase name="TestALotOfAdding" classname="LocalCMCTests" time="0.0"/>
  <testcase name="TestALotOfAdding" classname="LocalCMCTests" time="0.001"/>
  <testcase name="TestALotOfAdding" classname="LocalCMCTests" time="0.001"/>
  <testcase name="TestALotOfAdding" classname="LocalCMCTests" time="0.002"/>
  <testcase name="TestALotOfAdding" classname="LocalCMCTests" time="0.001"/>
  <testcase name="TestALotOfAdding" classname="LocalCMCTests" time="0.0"/>
  <testcase name="TestALotOfAdding" classname="LocalCMCTests" time="0.001"/>
  <testcase name="TestALotOfAdding" classname="LocalCMCTests" time="0.001"/>
  <testcase name="TestALotOfAdding" classname="LocalCMCTests" time="0.0"/>
  <testcase name="TestALotOfAdding" classname="LocalCMCTests" time="0.0"/>
  <testcase name="TestALotOfAdding" classname="LocalCMCTests" time="0.001"/>
  <testcase name="TestALotOfAdding" classname="LocalCMCTests" time="0.001"/>
  <testcase name="TestALotOfAdding" classname="LocalCMCTests" time="0.001"/>
  <testcase name="TestALotOfAdding" classname="LocalCMCTests" time="0.001"/>
  <testcase name="TestALotOfAdding" classname="LocalCMCTests" time="0.0"/>
  <testcase name="TestALotOfAdding" classname="LocalCMCTests" time="0.001"/>
  <testcase name="TestALotOfAdding" classname="LocalCMCTests" time="0.001"/>
  <testcase name="TestALotOfAdding" classname="LocalCMCTests" time="0.001"/>
  <testcase name="TestALotOfAdding" classname="LocalCMCTests" time="0.0"/>
  <testcase name="TestALotOfAdding" classname="LocalCMCTests" time="0.002"/>
  <testcase name="TestALotOfAdding" classname="LocalCMCTests" time="0.0"/>
  <testcase name="TestALotOfAdding" classname="LocalCMCTests" time="0.001"/>
  <testcase name="TestALotOfAdding" classname="LocalCMCTests" time="0.001"/>
  <testcase name="TestALotOfAdding" classname="LocalCMCTests" time="0.0"/>
  <testcase name="TestALotOfAdding" classname="LocalCMCTests" time="0.0"/>
  <testcase name="TestALotOfAdding" classname="LocalCMCTests" time="0.001"/>
  <testcase name="TestALotOfAdding" classname="LocalCMCTests" time="0.0"/>
  <testcase name="TestALotOfAdding" classname="LocalCMCTests" time="0.0"/>
  <testcase name="TestALotOfAdding" classname="LocalCMCTests" time="0.001"/>
  <testcase name="TestALotOfAdding" classname="LocalCMCTests" time="0.001"/>
  <testcase name="TestALotOfAdding" classname="LocalCMCTests" time="0.001"/>
  <testcase name="TestALotOfAdding" classname="LocalCMCTests" time="0.001"/>
  <testcase name="TestALotOfAdding" classname="LocalCMCTests" time="0.001"/>
  <testcase name="TestALotOfAdding" classname="LocalCMCTests" time="0.001"/>
  <testcase name="TestALotOfAdding" classname="LocalCMCTests" time="0.001"/>
  <testcase name="TestALotOfAdding" classname="LocalCMCTests" time="0.001"/>
  <testcase name="TestALotOfAdding" classname="LocalCMCTests" time="0.0"/>
  <testcase name="TestALotOfAdding" classname="LocalCMCTests" time="0.0"/>
  <testcase name="TestALotOfAdding" classname="LocalCMCTests" time="0.001"/>
  <testcase name="TestALotOfAdding" classname="LocalCMCTests" time="0.0"/>
  <testcase name="TestALotOfAdding" classname="LocalCMCTests" time="0.002"/>
  <testcase name="TestALotOfAdding" classname="LocalCMCTests" time="0.001"/>
  <testcase name="TestALotOfAdding" classname="LocalCMCTests" time="0.001"/>
  <testcase name="TestALotOfAdding" classname="LocalCMCTests" time="0.001"/>
  <testcase name="TestALotOfAdding" classname="LocalCMCTests" time="0.0"/>
  <testcase name="TestALotOfAdding" classname="LocalCMCTests" time="0.0"/>
  <testcase name="TestALotOfAdding" classname="LocalCMCTests" time="0.001"/>
  <testcase name="TestALotOfAdding" classname="LocalCMCTests" time="0.001"/>
  <testcase name="TestALotOfAdding" classname="LocalCMCTests" time="0.001"/>
  <testcase name="TestALotOfAdding" classname="LocalCMCTests" time="0.0"/>
  <testcase name="TestALotOfAdding" classname="LocalCMCTests" time="0.001"/>
  <testcase name="TestALotOfAdding" classname="LocalCMCTests" time="0.0"/>
  <testcase name="TestALotOfAdding" classname="LocalCMCTests" time="0.0"/>
  <testcase name="TestALotOfAdding" classname="LocalCMCTests" time="0.0"/>
  <testcase name="TestALotOfAdding" classname="LocalCMCTests" time="0.0"/>
  <testcase name="TestALotOfAdding" classname="LocalCMCTests" time="0.001"/>
  <testcase name="TestALotOfAdding" classname="LocalCMCTests" time="0.002"/>
  <testcase name="TestALotOfAdding" classname="LocalCMCTests" time="0.002"/>
  <testcase name="TestALotOfAdding" classname="LocalCMCTests" time="0.001"/>
  <testcase name="TestALotOfAdding" classname="LocalCMCTests" time="0.0"/>
  <testcase name="TestALotOfAdding" classname="LocalCMCTests" time="0.0"/>
  <testcase name="TestALotOfAdding" classname="LocalCMCTests" time="0.001"/>
  <testcase name="TestALotOfAdding" classname="LocalCMCTests" time="0.001"/>
  <testcase name="TestALotOfAdding" classname="LocalCMCTests" time="0.0"/>
  <testcase name="TestALotOfAdding" classname="LocalCMCTests" time="0.001"/>
  <testcase name="TestALotOfAdding" classname="LocalCMCTests" time="0.0"/>
  <testcase name="TestALotOfAdding" classname="LocalCMCTests" time="0.001"/>
  <testcase name="TestALotOfAdding" classname="LocalCMCTests" time="0.0"/>
  <testcase name="TestALotOfAdding" classname="LocalCMCTests" time="0.0"/>
  <testcase name="TestALotOfAdding" classname="LocalCMCTests" time="0.001"/>
  <testcase name="TestALotOfAdding" classname="LocalCMCTests" time="0.001"/>
  <testcase name="TestALotOfAdding" classname="LocalCMCTests" time="0.001"/>
  <testcase name="TestALotOfAdding" classname="LocalCMCTests" time="0.0"/>
  <testcase name="TestALotOfAdding" classname="LocalCMCTests" time="0.0"/>
  <testcase name="TestALotOfAdding" classname="LocalCMCTests" time="0.0"/>
  <testcase name="TestALotOfAdding" classname="LocalCMCTests" time="0.001"/>
  <testcase name="TestALotOfAdding" classname="LocalCMCTests" time="0.001"/>
  <testcase name="TestALotOfAdding" classname="LocalCMCTests" time="0.001"/>
  <testcase name="TestALotOfAdding" classname="LocalCMCTests" time="0.001"/>
  <testcase name="TestALotOfAdding" classname="LocalCMCTests" time="0.002"/>
  <testcase name="TestALotOfAdding" classname="LocalCMCTests" time="0.002"/>
  <testcase name="TestALotOfAdding" classname="LocalCMCTests" time="0.0"/>
  <testcase name="TestALotOfAdding" classname="LocalCMCTests" time="0.0"/>
  <testcase name="TestALotOfAdding" classname="LocalCMCTests" time="0.0"/>
  <testcase name="TestALotOfAdding" classname="LocalCMCTests" time="0.001"/>
  <testcase name="TestALotOfAdding" classname="LocalCMCTests" time="0.001"/>
  <testcase name="TestALotOfAdding" classname="LocalCMCTests" time="0.002"/>
  <testcase name="TestALotOfAdding" classname="LocalCMCTests" time="0.001"/>
  <testcase name="TestALotOfAdding" classname="LocalCMCTests" time="0.001"/>
  <testcase name="TestALotOfAdding" classname="LocalCMCTests" time="0.0"/>
  <testcase name="TestALotOfAdding" classname="LocalCMCTests" time="0.0"/>
  <testcase name="TestALotOfAdding" classname="LocalCMCTests" time="0.001"/>
  <testcase name="TestALotOfAdding" classname="LocalCMCTests" time="0.0"/>
  <testcase name="TestALotOfAdding" classname="LocalCMCTests" time="0.001"/>
  <testcase name="TestALotOfAdding" classname="LocalCMCTests" time="0.0"/>
  <testcase name="TestALotOfAdding" classname="LocalCMCTests" time="0.0"/>
  <testcase name="TestALotOfAdding" classname="LocalCMCTests" time="0.001"/>
  <testcase name="TestALotOfAdding" classname="LocalCMCTests" time="0.001"/>
  <testcase name="TestALotOfAdding" classname="LocalCMCTests" time="0.001"/>
  <testcase name="TestALotOfAdding" classname="LocalCMCTests" time="0.0"/>
  <testcase name="TestALotOfAdding" classname="LocalCMCTests" time="0.0"/>
  <testcase name="TestALotOfAdding" classname="LocalCMCTests" time="0.0"/>
  <testcase name="TestALotOfAdding" classname="LocalCMCTests" time="0.0"/>
  <testcase name="TestALotOfAdding" classname="LocalCMCTests" time="0.0"/>
  <testcase name="TestALotOfAdding" classname="LocalCMCTests" time="0.0"/>
  <testcase name="TestALotOfAdding" classname="LocalCMCTests" time="0.001"/>
  <testcase name="TestALotOfAdding" classname="LocalCMCTests" time="0.001"/>
  <testcase name="TestALotOfAdding" classname="LocalCMCTests" time="0.001"/>
  <testcase name="TestALotOfAdding" classname="LocalCMCTests" time="0.001"/>
  <testcase name="TestALotOfAdding" classname="LocalCMCTests" time="0.0"/>
  <testcase name="TestALotOfAdding" classname="LocalCMCTests" time="0.001"/>
  <testcase name="TestALotOfAdding" classname="LocalCMCTests" time="0.001"/>
  <testcase name="TestALotOfAdding" classname="LocalCMCTests" time="0.001"/>
  <testcase name="TestALotOfAdding" classname="LocalCMCTests" time="0.0"/>
  <testcase name="TestALotOfAdding" classname="LocalCMCTests" time="0.001"/>
  <testcase name="TestALotOfAdding" classname="LocalCMCTests" time="0.001"/>
  <testcase name="TestALotOfAdding" classname="LocalCMCTests" time="0.0"/>
  <testcase name="TestALotOfAdding" classname="LocalCMCTests" time="0.001"/>
  <testcase name="TestALotOfAdding" classname="LocalCMCTests" time="0.0"/>
  <testcase name="TestALotOfAdding" classname="LocalCMCTests" time="0.0"/>
  <testcase name="TestALotOfAdding" classname="LocalCMCTests" time="0.001"/>
  <testcase name="TestALotOfAdding" classname="LocalCMCTests" time="0.001"/>
  <testcase name="TestALotOfAdding" classname="LocalCMCTests" time="0.001"/>
  <testcase name="TestALotOfAdding" classname="LocalCMCTests" time="0.001"/>
  <testcase name="TestALotOfAdding" classname="LocalCMCTests" time="0.0"/>
  <testcase name="TestALotOfAdding" classname="LocalCMCTests" time="0.0"/>
  <testcase name="TestALotOfAdding" classname="LocalCMCTests" time="0.001"/>
  <testcase name="TestALotOfAdding" classname="LocalCMCTests" time="0.001"/>
  <testcase name="TestALotOfAdding" classname="LocalCMCTests" time="0.001"/>
  <testcase name="TestALotOfAdding" classname="LocalCMCTests" time="0.001"/>
  <testcase name="TestALotOfAdding" classname="LocalCMCTests" time="0.0"/>
  <testcase name="TestALotOfAdding" classname="LocalCMCTests" time="0.001"/>
  <testcase name="TestALotOfAdding" classname="LocalCMCTests" time="0.0"/>
  <testcase name="TestALotOfAdding" classname="LocalCMCTests" time="0.0"/>
  <testcase name="TestALotOfAdding" classname="LocalCMCTests" time="0.001"/>
  <testcase name="TestALotOfAdding" classname="LocalCMCTests" time="0.001"/>
  <testcase name="TestALotOfAdding" classname="LocalCMCTests" time="0.001"/>
  <testcase name="TestALotOfAdding" classname="LocalCMCTests" time="0.001"/>
  <testcase name="TestALotOfAdding" classname="LocalCMCTests" time="0.001"/>
  <testcase name="TestALotOfAdding" classname="LocalCMCTests" time="0.0"/>
  <testcase name="TestALotOfAdding" classname="LocalCMCTests" time="0.001"/>
  <testcase name="TestALotOfAdding" classname="LocalCMCTests" time="0.0"/>
  <testcase name="TestALotOfAdding" classname="LocalCMCTests" time="0.0"/>
  <testcase name="TestALotOfAdding" classname="LocalCMCTests" time="0.0"/>
  <testcase name="TestALotOfAdding" classname="LocalCMCTests" time="0.0"/>
  <testcase name="TestALotOfAdding" classname="LocalCMCTests" time="0.001"/>
  <testcase name="TestALotOfAdding" classname="LocalCMCTests" time="0.0"/>
  <testcase name="TestALotOfAdding" classname="LocalCMCTests" time="0.002"/>
  <testcase name="TestALotOfAdding" classname="LocalCMCTests" time="0.002"/>
  <testcase name="TestALotOfAdding" classname="LocalCMCTests" time="0.0"/>
  <testcase name="TestALotOfAdding" classname="LocalCMCTests" time="0.001"/>
  <testcase name="TestALotOfAdding" classname="LocalCMCTests" time="0.001"/>
  <testcase name="TestALotOfAdding" classname="LocalCMCTests" time="0.001"/>
  <testcase name="TestALotOfAdding" classname="LocalCMCTests" time="0.0"/>
  <testcase name="TestALotOfAdding" classname="LocalCMCTests" time="0.001"/>
  <testcase name="TestALotOfAdding" classname="LocalCMCTests" time="0.0"/>
  <testcase name="TestALotOfAdding" classname="LocalCMCTests" time="0.0"/>
  <testcase name="TestALotOfAdding" classname="LocalCMCTests" time="0.0"/>
  <testcase name="TestALotOfAdding" classname="LocalCMCTests" time="0.001"/>
  <testcase name="TestALotOfAdding" classname="LocalCMCTests" time="0.0"/>
  <testcase name="TestALotOfAdding" classname="LocalCMCTests" time="0.001"/>
  <testcase name="TestALotOfAdding" classname="LocalCMCTests" time="0.002"/>
  <testcase name="TestALotOfAdding" classname="LocalCMCTests" time="0.0"/>
  <testcase name="TestALotOfAdding" classname="LocalCMCTests" time="0.001"/>
  <testcase name="TestALotOfAdding" classname="LocalCMCTests" time="0.001"/>
  <testcase name="TestALotOfAdding" classname="LocalCMCTests" time="0.001"/>
  <testcase name="TestALotOfAdding" classname="LocalCMCTests" time="0.002"/>
  <testcase name="TestALotOfAdding" classname="LocalCMCTests" time="0.0"/>
  <testcase name="TestALotOfAdding" classname="LocalCMCTests" time="0.001"/>
  <testcase name="TestALotOfAdding" classname="LocalCMCTests" time="0.001"/>
  <testcase name="TestALotOfAdding" classname="LocalCMCTests" time="0.0"/>
  <testcase name="TestALotOfAdding" classname="LocalCMCTests" time="0.001"/>
  <testcase name="TestALotOfAdding" classname="LocalCMCTests" time="0.001"/>
  <testcase name="TestALotOfAdding" classname="LocalCMCTests" time="0.0"/>
  <testcase name="TestALotOfAdding" classname="LocalCMCTests" time="0.001"/>
  <testcase name="TestALotOfAdding" classname="LocalCMCTests" time="0.0"/>
  <testcase name="TestALotOfAdding" classname="LocalCMCTests" time="0.0"/>
  <testcase name="TestALotOfAdding" classname="LocalCMCTests" time="0.0"/>
  <testcase name="TestALotOfAdding" classname="LocalCMCTests" time="0.001"/>
  <testcase name="TestALotOfAdding" classname="LocalCMCTests" time="0.001"/>
  <testcase name="TestALotOfAdding" classname="LocalCMCTests" time="0.001"/>
  <testcase name="TestALotOfAdding" classname="LocalCMCTests" time="0.002"/>
  <testcase name="TestALotOfAdding" classname="LocalCMCTests" time="0.0"/>
  <testcase name="TestALotOfAdding" classname="LocalCMCTests" time="0.001"/>
  <testcase name="TestALotOfAdding" classname="LocalCMCTests" time="0.0"/>
  <testcase name="TestALotOfAdding" classname="LocalCMCTests" time="0.0"/>
  <testcase name="TestALotOfAdding" classname="LocalCMCTests" time="0.001"/>
  <testcase name="TestALotOfAdding" classname="LocalCMCTests" time="0.001"/>
  <testcase name="TestALotOfAdding" classname="LocalCMCTests" time="0.001"/>
  <testcase name="TestALotOfAdding" classname="LocalCMCTests" time="0.0"/>
  <testcase name="TestALotOfAdding" classname="LocalCMCTests" time="0.001"/>
  <testcase name="TestALotOfAdding" classname="LocalCMCTests" time="0.001"/>
  <testcase name="TestALotOfAdding" classname="LocalCMCTests" time="0.001"/>
  <testcase name="TestALotOfAdding" classname="LocalCMCTests" time="0.001"/>
  <testcase name="TestALotOfAdding" classname="LocalCMCTests" time="0.001"/>
  <testcase name="TestALotOfAdding" classname="LocalCMCTests" time="0.001"/>
  <testcase name="TestALotOfAdding" classname="LocalCMCTests" time="0.001"/>
  <testcase name="TestALotOfAdding" classname="LocalCMCTests" time="0.0"/>
  <testcase name="TestALotOfAdding" classname="LocalCMCTests" time="0.0"/>
  <testcase name="TestALotOfAdding" classname="LocalCMCTests" time="0.0"/>
  <testcase name="TestALotOfAdding" classname="LocalCMCTests" time="0.0"/>
  <testcase name="TestALotOfAdding" classname="LocalCMCTests" time="0.001"/>
  <testcase name="TestALotOfAdding" classname="LocalCMCTests" time="0.001"/>
  <testcase name="TestALotOfAdding" classname="LocalCMCTests" time="0.002"/>
  <testcase name="TestALotOfAdding" classname="LocalCMCTests" time="0.0"/>
  <testcase name="TestALotOfAdding" classname="LocalCMCTests" time="0.0"/>
  <testcase name="TestALotOfAdding" classname="LocalCMCTests" time="0.0"/>
  <testcase name="TestALotOfAdding" classname="LocalCMCTests" time="0.0"/>
  <testcase name="TestALotOfAdding" classname="LocalCMCTests" time="0.001"/>
  <testcase name="TestALotOfAdding" classname="LocalCMCTests" time="0.0"/>
  <testcase name="TestALotOfAdding" classname="LocalCMCTests" time="0.001"/>
  <testcase name="TestALotOfAdding" classname="LocalCMCTests" time="0.0"/>
  <testcase name="TestALotOfAdding" classname="LocalCMCTests" time="0.001"/>
  <testcase name="TestALotOfAdding" classname="LocalCMCTests" time="0.001"/>
  <testcase name="TestALotOfAdding" classname="LocalCMCTests" time="0.002"/>
  <testcase name="TestALotOfAdding" classname="LocalCMCTests" time="0.0"/>
  <testcase name="TestALotOfAdding" classname="LocalCMCTests" time="0.001"/>
  <testcase name="TestALotOfAdding" classname="LocalCMCTests" time="0.001"/>
  <testcase name="TestALotOfAdding" classname="LocalCMCTests" time="0.0"/>
  <testcase name="TestALotOfAdding" classname="LocalCMCTests" time="0.001"/>
  <testcase name="TestALotOfAdding" classname="LocalCMCTests" time="0.001"/>
  <testcase name="TestALotOfAdding" classname="LocalCMCTests" time="0.0"/>
  <testcase name="TestALotOfAdding" classname="LocalCMCTests" time="0.0"/>
  <testcase name="TestALotOfAdding" classname="LocalCMCTests" time="0.0"/>
  <testcase name="TestALotOfAdding" classname="LocalCMCTests" time="0.001"/>
  <testcase name="TestALotOfAdding" classname="LocalCMCTests" time="0.002"/>
  <testcase name="TestALotOfAdding" classname="LocalCMCTests" time="0.001"/>
  <testcase name="TestALotOfAdding" classname="LocalCMCTests" time="0.0"/>
  <testcase name="TestALotOfAdding" classname="LocalCMCTests" time="0.001"/>
  <testcase name="TestALotOfAdding" classname="LocalCMCTests" time="0.0"/>
  <testcase name="TestALotOfAdding" classname="LocalCMCTests" time="0.001"/>
  <testcase name="TestALotOfAdding" classname="LocalCMCTests" time="0.001"/>
  <testcase name="TestALotOfAdding" classname="LocalCMCTests" time="0.001"/>
  <testcase name="TestALotOfAdding" classname="LocalCMCTests" time="0.001"/>
  <testcase name="TestALotOfAdding" classname="LocalCMCTests" time="0.0"/>
  <testcase name="TestALotOfAdding" classname="LocalCMCTests" time="0.0"/>
  <testcase name="TestALotOfAdding" classname="LocalCMCTests" time="0.0"/>
  <testcase name="TestALotOfAdding" classname="LocalCMCTests" time="0.0"/>
  <testcase name="TestALotOfAdding" classname="LocalCMCTests" time="0.0"/>
  <testcase name="TestALotOfAdding" classname="LocalCMCTests" time="0.001"/>
  <testcase name="TestALotOfAdding" classname="LocalCMCTests" time="0.001"/>
  <testcase name="TestALotOfAdding" classname="LocalCMCTests" time="0.002"/>
  <testcase name="TestALotOfAdding" classname="LocalCMCTests" time="0.001"/>
  <testcase name="TestALotOfAdding" classname="LocalCMCTests" time="0.001"/>
  <testcase name="TestALotOfAdding" classname="LocalCMCTests" time="0.001"/>
  <testcase name="TestALotOfAdding" classname="LocalCMCTests" time="0.001"/>
  <testcase name="TestALotOfAdding" classname="LocalCMCTests" time="0.002"/>
  <testcase name="TestALotOfAdding" classname="LocalCMCTests" time="0.0"/>
  <testcase name="TestALotOfAdding" classname="LocalCMCTests" time="0.001"/>
  <testcase name="TestALotOfAdding" classname="LocalCMCTests" time="0.0"/>
  <testcase name="TestALotOfAdding" classname="LocalCMCTests" time="0.0"/>
  <testcase name="TestALotOfAdding" classname="LocalCMCTests" time="0.0"/>
  <testcase name="TestALotOfAdding" classname="LocalCMCTests" time="0.0"/>
  <testcase name="TestALotOfAdding" classname="LocalCMCTests" time="0.0"/>
  <testcase name="TestALotOfAdding" classname="LocalCMCTests" time="0.0"/>
  <testcase name="TestALotOfAdding" classname="LocalCMCTests" time="0.0"/>
  <testcase name="TestALotOfAdding" classname="LocalCMCTests" time="0.0"/>
  <testcase name="TestALotOfAdding" classname="LocalCMCTests" time="0.001"/>
  <testcase name="TestALotOfAdding" classname="LocalCMCTests" time="0.001"/>
  <testcase name="TestALotOfAdding" classname="LocalCMCTests" time="0.001"/>
  <testcase name="TestALotOfAdding" classname="LocalCMCTests" time="0.001"/>
  <testcase name="TestALotOfAdding" classname="LocalCMCTests" time="0.002"/>
  <testcase name="TestALotOfAdding" classname="LocalCMCTests" time="0.001"/>
  <testcase name="TestALotOfAdding" classname="LocalCMCTests" time="0.0"/>
  <testcase name="TestALotOfAdding" classname="LocalCMCTests" time="0.0"/>
  <testcase name="TestALotOfAdding" classname="LocalCMCTests" time="0.0"/>
  <testcase name="TestALotOfAdding" classname="LocalCMCTests" time="0.0"/>
  <testcase name="TestALotOfAdding" classname="LocalCMCTests" time="0.002"/>
  <testcase name="TestALotOfAdding" classname="LocalCMCTests" time="0.0"/>
  <testcase name="TestALotOfAdding" classname="LocalCMCTests" time="0.002"/>
  <testcase name="TestALotOfAdding" classname="LocalCMCTests" time="0.001"/>
  <testcase name="TestALotOfAdding" classname="LocalCMCTests" time="0.001"/>
  <testcase name="TestALotOfAdding" classname="LocalCMCTests" time="0.001"/>
  <testcase name="TestALotOfAdding" classname="LocalCMCTests" time="0.0"/>
  <testcase name="TestALotOfAdding" classname="LocalCMCTests" time="0.001"/>
  <testcase name="TestALotOfAdding" classname="LocalCMCTests" time="0.001"/>
  <testcase name="TestALotOfAdding" classname="LocalCMCTests" time="0.0"/>
  <testcase name="TestALotOfAdding" classname="LocalCMCTests" time="0.001"/>
  <testcase name="TestALotOfAdding" classname="LocalCMCTests" time="0.001"/>
  <testcase name="TestALotOfAdding" classname="LocalCMCTests" time="0.001"/>
  <testcase name="TestALotOfAdding" classname="LocalCMCTests" time="0.0"/>
  <testcase name="TestALotOfAdding" classname="LocalCMCTests" time="0.0"/>
  <testcase name="TestALotOfAdding" classname="LocalCMCTests" time="0.0"/>
  <testcase name="TestALotOfAdding" classname="LocalCMCTests" time="0.001"/>
  <testcase name="TestALotOfAdding" classname="LocalCMCTests" time="0.0"/>
  <testcase name="TestALotOfAdding" classname="LocalCMCTests" time="0.001"/>
  <testcase name="TestALotOfAdding" classname="LocalCMCTests" time="0.001"/>
  <testcase name="TestALotOfAdding" classname="LocalCMCTests" time="0.001"/>
  <testcase name="TestALotOfAdding" classname="LocalCMCTests" time="0.0"/>
  <testcase name="TestALotOfAdding" classname="LocalCMCTests" time="0.001"/>
  <testcase name="TestALotOfAdding" classname="LocalCMCTests" time="0.001"/>
  <testcase name="TestALotOfAdding" classname="LocalCMCTests" time="0.0"/>
  <testcase name="TestALotOfAdding" classname="LocalCMCTests" time="0.0"/>
  <testcase name="TestALotOfAdding" classname="LocalCMCTests" time="0.0"/>
  <testcase name="TestALotOfAdding" classname="LocalCMCTests" time="0.0"/>
  <testcase name="TestALotOfAdding" classname="LocalCMCTests" time="0.0"/>
  <testcase name="TestALotOfAdding" classname="LocalCMCTests" time="0.001"/>
  <testcase name="TestALotOfAdding" classname="LocalCMCTests" time="0.002"/>
  <testcase name="TestALotOfAdding" classname="LocalCMCTests" time="0.001"/>
  <testcase name="TestALotOfAdding" classname="LocalCMCTests" time="0.001"/>
  <testcase name="TestALotOfAdding" classname="LocalCMCTests" time="0.001"/>
  <testcase name="TestALotOfAdding" classname="LocalCMCTests" time="0.001"/>
  <testcase name="TestALotOfAdding" classname="LocalCMCTests" time="0.001"/>
  <testcase name="TestALotOfAdding" classname="LocalCMCTests" time="0.0"/>
  <testcase name="TestALotOfAdding" classname="LocalCMCTests" time="0.0"/>
  <testcase name="TestALotOfAdding" classname="LocalCMCTests" time="0.001"/>
  <testcase name="TestALotOfAdding" classname="LocalCMCTests" time="0.002"/>
  <testcase name="TestALotOfAdding" classname="LocalCMCTests" time="0.002"/>
  <testcase name="TestALotOfAdding" classname="LocalCMCTests" time="0.0"/>
  <testcase name="TestALotOfAdding" classname="LocalCMCTests" time="0.0"/>
  <testcase name="TestALotOfAdding" classname="LocalCMCTests" time="0.0"/>
  <testcase name="TestALotOfAdding" classname="LocalCMCTests" time="0.0"/>
  <testcase name="TestALotOfAdding" classname="LocalCMCTests" time="0.001"/>
  <testcase name="TestALotOfAdding" classname="LocalCMCTests" time="0.002"/>
  <testcase name="TestALotOfAdding" classname="LocalCMCTests" time="0.001"/>
  <testcase name="TestALotOfAdding" classname="LocalCMCTests" time="0.001"/>
  <testcase name="TestALotOfAdding" classname="LocalCMCTests" time="0.001"/>
  <testcase name="TestALotOfAdding" classname="LocalCMCTests" time="0.001"/>
  <testcase name="TestALotOfAdding" classname="LocalCMCTests" time="0.001"/>
  <testcase name="TestALotOfAdding" classname="LocalCMCTests" time="0.001"/>
  <testcase name="TestALotOfAdding" classname="LocalCMCTests" time="0.0"/>
  <testcase name="TestALotOfAdding" classname="LocalCMCTests" time="0.001"/>
  <testcase name="TestALotOfAdding" classname="LocalCMCTests" time="0.0"/>
  <testcase name="TestALotOfAdding" classname="LocalCMCTests" time="0.001"/>
  <testcase name="TestALotOfAdding" classname="LocalCMCTests" time="0.0"/>
  <testcase name="TestALotOfAdding" classname="LocalCMCTests" time="0.0"/>
  <testcase name="TestALotOfAdding" classname="LocalCMCTests" time="0.0"/>
  <testcase name="TestALotOfAdding" classname="LocalCMCTests" time="0.0"/>
  <testcase name="TestALotOfAdding" classname="LocalCMCTests" time="0.001"/>
  <testcase name="TestALotOfAdding" classname="LocalCMCTests" time="0.001"/>
  <testcase name="TestALotOfAdding" classname="LocalCMCTests" time="0.001"/>
  <testcase name="TestALotOfAdding" classname="LocalCMCTests" time="0.001"/>
  <testcase name="TestALotOfAdding" classname="LocalCMCTests" time="0.0"/>
  <testcase name="TestALotOfAdding" classname="LocalCMCTests" time="0.0"/>
  <testcase name="TestALotOfAdding" classname="LocalCMCTests" time="0.001"/>
  <testcase name="TestALotOfAdding" classname="LocalCMCTests" time="0.0"/>
  <testcase name="TestALotOfAdding" classname="LocalCMCTests" time="0.0"/>
  <testcase name="TestALotOfAdding" classname="LocalCMCTests" time="0.001"/>
  <testcase name="TestALotOfAdding" classname="LocalCMCTests" time="0.001"/>
  <testcase name="TestALotOfAdding" classname="LocalCMCTests" time="0.001"/>
  <testcase name="TestALotOfAdding" classname="LocalCMCTests" time="0.0"/>
  <testcase name="TestALotOfAdding" classname="LocalCMCTests" time="0.001"/>
  <testcase name="TestALotOfAdding" classname="LocalCMCTests" time="0.001"/>
  <testcase name="TestALotOfAdding" classname="LocalCMCTests" time="0.0"/>
  <testcase name="TestALotOfAdding" classname="LocalCMCTests" time="0.0"/>
  <testcase name="TestALotOfAdding" classname="LocalCMCTests" time="0.0"/>
  <testcase name="TestALotOfAdding" classname="LocalCMCTests" time="0.001"/>
  <testcase name="TestALotOfAdding" classname="LocalCMCTests" time="0.001"/>
  <testcase name="TestALotOfAdding" classname="LocalCMCTests" time="0.001"/>
  <testcase name="TestALotOfAdding" classname="LocalCMCTests" time="0.0"/>
  <testcase name="TestALotOfAdding" classname="LocalCMCTests" time="0.001"/>
  <testcase name="TestALotOfAdding" classname="LocalCMCTests" time="0.0"/>
  <testcase name="TestALotOfAdding" classname="LocalCMCTests" time="0.001"/>
  <testcase name="TestALotOfAdding" classname="LocalCMCTests" time="0.001"/>
  <testcase name="TestALotOfAdding" classname="LocalCMCTests" time="0.0"/>
  <testcase name="TestALotOfAdding" classname="LocalCMCTests" time="0.0"/>
  <testcase name="TestALotOfAdding" classname="LocalCMCTests" time="0.001"/>
  <testcase name="TestALotOfAdding" classname="LocalCMCTests" time="0.0"/>
  <testcase name="TestALotOfAdding" classname="LocalCMCTests" time="0.001"/>
  <testcase name="TestALotOfAdding" classname="LocalCMCTests" time="0.001"/>
  <testcase name="TestALotOfAdding" classname="LocalCMCTests" time="0.0"/>
  <testcase name="TestALotOfAdding" classname="LocalCMCTests" time="0.001"/>
  <testcase name="TestALotOfAdding" classname="LocalCMCTests" time="0.0"/>
  <testcase name="TestALotOfAdding" classname="LocalCMCTests" time="0.001"/>
  <testcase name="TestALotOfAdding" classname="LocalCMCTests" time="0.001"/>
  <testcase name="TestALotOfAdding" classname="LocalCMCTests" time="0.001"/>
  <testcase name="TestALotOfAdding" classname="LocalCMCTests" time="0.002"/>
  <testcase name="TestALotOfAdding" classname="LocalCMCTests" time="0.001"/>
  <testcase name="TestALotOfAdding" classname="LocalCMCTests" time="0.001"/>
  <testcase name="TestALotOfAdding" classname="LocalCMCTests" time="0.0"/>
  <testcase name="TestALotOfAdding" classname="LocalCMCTests" time="0.001"/>
  <testcase name="TestALotOfAdding" classname="LocalCMCTests" time="0.0"/>
  <testcase name="TestALotOfAdding" classname="LocalCMCTests" time="0.001"/>
  <testcase name="TestALotOfAdding" classname="LocalCMCTests" time="0.0"/>
  <testcase name="TestALotOfAdding" classname="LocalCMCTests" time="0.0"/>
  <testcase name="TestALotOfAdding" classname="LocalCMCTests" time="0.001"/>
  <testcase name="TestALotOfAdding" classname="LocalCMCTests" time="0.001"/>
  <testcase name="TestALotOfAdding" classname="LocalCMCTests" time="0.001"/>
  <testcase name="TestALotOfAdding" classname="LocalCMCTests" time="0.0"/>
  <testcase name="TestALotOfAdding" classname="LocalCMCTests" time="0.0"/>
  <testcase name="TestALotOfAdding" classname="LocalCMCTests" time="0.0"/>
  <testcase name="TestALotOfAdding" classname="LocalCMCTests" time="0.001"/>
  <testcase name="TestALotOfAdding" classname="LocalCMCTests" time="0.001"/>
  <testcase name="TestALotOfAdding" classname="LocalCMCTests" time="0.001"/>
  <testcase name="TestALotOfAdding" classname="LocalCMCTests" time="0.001"/>
  <testcase name="TestALotOfAdding" classname="LocalCMCTests" time="0.001"/>
  <testcase name="TestALotOfAdding" classname="LocalCMCTests" time="0.0"/>
  <testcase name="TestALotOfAdding" classname="LocalCMCTests" time="0.001"/>
  <testcase name="TestALotOfAdding" classname="LocalCMCTests" time="0.0"/>
  <testcase name="TestALotOfAdding" classname="LocalCMCTests" time="0.001"/>
  <testcase name="TestALotOfAdding" classname="LocalCMCTests" time="0.0"/>
  <testcase name="TestALotOfAdding" classname="LocalCMCTests" time="0.001"/>
  <testcase name="TestALotOfAdding" classname="LocalCMCTests" time="0.0"/>
  <testcase name="TestALotOfAdding" classname="LocalCMCTests" time="0.001"/>
  <testcase name="TestALotOfAdding" classname="LocalCMCTests" time="0.0"/>
  <testcase name="TestALotOfAdding" classname="LocalCMCTests" time="0.001"/>
  <testcase name="TestALotOfAdding" classname="LocalCMCTests" time="0.0"/>
  <testcase name="TestALotOfAdding" classname="LocalCMCTests" time="0.0"/>
  <testcase name="TestALotOfAdding" classname="LocalCMCTests" time="0.0"/>
  <testcase name="TestALotOfAdding" classname="LocalCMCTests" time="0.001"/>
  <testcase name="TestALotOfAdding" classname="LocalCMCTests" time="0.001"/>
  <testcase name="TestALotOfAdding" classname="LocalCMCTests" time="0.001"/>
  <testcase name="TestALotOfAdding" classname="LocalCMCTests" time="0.001"/>
  <testcase name="TestALotOfAdding" classname="LocalCMCTests" time="0.0"/>
  <testcase name="TestALotOfAdding" classname="LocalCMCTests" time="0.001"/>
  <testcase name="TestALotOfAdding" classname="LocalCMCTests" time="0.001"/>
  <testcase name="TestALotOfAdding" classname="LocalCMCTests" time="0.002"/>
  <testcase name="TestALotOfAdding" classname="LocalCMCTests" time="0.0"/>
  <testcase name="TestALotOfAdding" classname="LocalCMCTests" time="0.001"/>
  <testcase name="TestALotOfAdding" classname="LocalCMCTests" time="0.001"/>
  <testcase name="TestALotOfAdding" classname="LocalCMCTests" time="0.0"/>
  <testcase name="TestALotOfAdding" classname="LocalCMCTests" time="0.0"/>
  <testcase name="TestALotOfAdding" classname="LocalCMCTests" time="0.001"/>
  <testcase name="TestALotOfAdding" classname="LocalCMCTests" time="0.0"/>
  <testcase name="TestALotOfAdding" classname="LocalCMCTests" time="0.001"/>
  <testcase name="TestALotOfAdding" classname="LocalCMCTests" time="0.001"/>
  <testcase name="TestALotOfAdding" classname="LocalCMCTests" time="0.002"/>
  <testcase name="TestALotOfAdding" classname="LocalCMCTests" time="0.001"/>
  <testcase name="TestALotOfAdding" classname="LocalCMCTests" time="0.0"/>
  <testcase name="TestALotOfAdding" classname="LocalCMCTests" time="0.0"/>
  <testcase name="TestALotOfAdding" classname="LocalCMCTests" time="0.001"/>
  <testcase name="TestALotOfAdding" classname="LocalCMCTests" time="0.001"/>
  <testcase name="TestALotOfAdding" classname="LocalCMCTests" time="0.001"/>
  <testcase name="TestALotOfAdding" classname="LocalCMCTests" time="0.001"/>
  <testcase name="TestALotOfAdding" classname="LocalCMCTests" time="0.0"/>
  <testcase name="TestALotOfAdding" classname="LocalCMCTests" time="0.001"/>
  <testcase name="TestALotOfAdding" classname="LocalCMCTests" time="0.0"/>
  <testcase name="TestALotOfAdding" classname="LocalCMCTests" time="0.001"/>
  <testcase name="TestALotOfAdding" classname="LocalCMCTests" time="0.0"/>
  <testcase name="TestALotOfAdding" classname="LocalCMCTests" time="0.001"/>
  <testcase name="TestALotOfAdding" classname="LocalCMCTests" time="0.001"/>
  <testcase name="TestALotOfAdding" classname="LocalCMCTests" time="0.001"/>
  <testcase name="TestALotOfAdding" classname="LocalCMCTests" time="0.0"/>
  <testcase name="TestALotOfAdding" classname="LocalCMCTests" time="0.001"/>
  <testcase name="TestALotOfAdding" classname="LocalCMCTests" time="0.0"/>
  <testcase name="TestALotOfAdding" classname="LocalCMCTests" time="0.001"/>
  <testcase name="TestALotOfAdding" classname="LocalCMCTests" time="0.001"/>
  <testcase name="TestALotOfAdding" classname="LocalCMCTests" time="0.001"/>
  <testcase name="TestALotOfAdding" classname="LocalCMCTests" time="0.001"/>
  <testcase name="TestALotOfAdding" classname="LocalCMCTests" time="0.0"/>
  <testcase name="TestALotOfAdding" classname="LocalCMCTests" time="0.001"/>
  <testcase name="TestALotOfAdding" classname="LocalCMCTests" time="0.0"/>
  <testcase name="TestALotOfAdding" classname="LocalCMCTests" time="0.0"/>
  <testcase name="TestALotOfAdding" classname="LocalCMCTests" time="0.0"/>
  <testcase name="TestALotOfAdding" classname="LocalCMCTests" time="0.0"/>
  <testcase name="TestALotOfAdding" classname="LocalCMCTests" time="0.0"/>
  <testcase name="TestALotOfAdding" classname="LocalCMCTests" time="0.001"/>
  <testcase name="TestALotOfAdding" classname="LocalCMCTests" time="0.001"/>
  <testcase name="TestALotOfAdding" classname="LocalCMCTests" time="0.002"/>
  <testcase name="TestALotOfAdding" classname="LocalCMCTests" time="0.002"/>
  <testcase name="TestALotOfAdding" classname="LocalCMCTests" time="0.001"/>
  <testcase name="TestALotOfAdding" classname="LocalCMCTests" time="0.002"/>
  <testcase name="TestALotOfAdding" classname="LocalCMCTests" time="0.001"/>
  <testcase name="TestALotOfAdding" classname="LocalCMCTests" time="0.001"/>
  <testcase name="TestALotOfAdding" classname="LocalCMCTests" time="0.001"/>
  <testcase name="TestALotOfAdding" classname="LocalCMCTests" time="0.001"/>
  <testcase name="TestALotOfAdding" classname="LocalCMCTests" time="0.0"/>
  <testcase name="TestALotOfAdding" classname="LocalCMCTests" time="0.001"/>
  <testcase name="TestALotOfAdding" classname="LocalCMCTests" time="0.0"/>
  <testcase name="TestALotOfAdding" classname="LocalCMCTests" time="0.0"/>
  <testcase name="TestALotOfAdding" classname="LocalCMCTests" time="0.0"/>
  <testcase name="TestALotOfAdding" classname="LocalCMCTests" time="0.0"/>
  <testcase name="TestALotOfAdding" classname="LocalCMCTests" time="0.001"/>
  <testcase name="TestALotOfAdding" classname="LocalCMCTests" time="0.001"/>
  <testcase name="TestALotOfAdding" classname="LocalCMCTests" time="0.002"/>
  <testcase name="TestALotOfAdding" classname="LocalCMCTests" time="0.0"/>
  <testcase name="TestALotOfAdding" classname="LocalCMCTests" time="0.001"/>
  <testcase name="TestALotOfAdding" classname="LocalCMCTests" time="0.001"/>
  <testcase name="TestALotOfAdding" classname="LocalCMCTests" time="0.001"/>
  <testcase name="TestALotOfAdding" classname="LocalCMCTests" time="0.001"/>
  <testcase name="TestALotOfAdding" classname="LocalCMCTests" time="0.001"/>
  <testcase name="TestALotOfAdding" classname="LocalCMCTests" time="0.0"/>
  <testcase name="TestALotOfAdding" classname="LocalCMCTests" time="0.001"/>
  <testcase name="TestALotOfAdding" classname="LocalCMCTests" time="0.0"/>
  <testcase name="TestALotOfAdding" classname="LocalCMCTests" time="0.0"/>
  <testcase name="TestALotOfAdding" classname="LocalCMCTests" time="0.0"/>
  <testcase name="TestALotOfAdding" classname="LocalCMCTests" time="0.0"/>
  <testcase name="TestALotOfAdding" classname="LocalCMCTests" time="0.001"/>
  <testcase name="TestALotOfAdding" classname="LocalCMCTests" time="0.001"/>
  <testcase name="TestALotOfAdding" classname="LocalCMCTests" time="0.0"/>
  <testcase name="TestALotOfAdding" classname="LocalCMCTests" time="0.001"/>
  <testcase name="TestALotOfAdding" classname="LocalCMCTests" time="0.0"/>
  <testcase name="TestALotOfAdding" classname="LocalCMCTests" time="0.001"/>
  <testcase name="TestALotOfAdding" classname="LocalCMCTests" time="0.0"/>
  <testcase name="TestALotOfAdding" classname="LocalCMCTests" time="0.0"/>
  <testcase name="TestALotOfAdding" classname="LocalCMCTests" time="0.0"/>
  <testcase name="TestALotOfAdding" classname="LocalCMCTests" time="0.001"/>
  <testcase name="TestALotOfAdding" classname="LocalCMCTests" time="0.001"/>
  <testcase name="TestALotOfAdding" classname="LocalCMCTests" time="0.002"/>
  <testcase name="TestALotOfAdding" classname="LocalCMCTests" time="0.001"/>
  <testcase name="TestALotOfAdding" classname="LocalCMCTests" time="0.001"/>
  <testcase name="TestALotOfAdding" classname="LocalCMCTests" time="0.0"/>
  <testcase name="TestALotOfAdding" classname="LocalCMCTests" time="0.0"/>
  <testcase name="TestALotOfAdding" classname="LocalCMCTests" time="0.0"/>
  <testcase name="TestALotOfAdding" classname="LocalCMCTests" time="0.0"/>
  <testcase name="TestALotOfAdding" classname="LocalCMCTests" time="0.0"/>
  <testcase name="TestALotOfAdding" classname="LocalCMCTests" time="0.002"/>
  <testcase name="TestALotOfAdding" classname="LocalCMCTests" time="0.001"/>
  <testcase name="TestALotOfAdding" classname="LocalCMCTests" time="0.0"/>
  <testcase name="TestALotOfAdding" classname="LocalCMCTests" time="0.001"/>
  <testcase name="TestALotOfAdding" classname="LocalCMCTests" time="0.0"/>
  <testcase name="TestALotOfAdding" classname="LocalCMCTests" time="0.0"/>
  <testcase name="TestALotOfAdding" classname="LocalCMCTests" time="0.0"/>
  <testcase name="TestALotOfAdding" classname="LocalCMCTests" time="0.001"/>
  <testcase name="TestALotOfAdding" classname="LocalCMCTests" time="0.0"/>
  <testcase name="TestALotOfAdding" classname="LocalCMCTests" time="0.0"/>
  <testcase name="TestALotOfAdding" classname="LocalCMCTests" time="0.001"/>
  <testcase name="TestALotOfAdding" classname="LocalCMCTests" time="0.002"/>
  <testcase name="TestALotOfAdding" classname="LocalCMCTests" time="0.0"/>
  <testcase name="TestALotOfAdding" classname="LocalCMCTests" time="0.0"/>
  <testcase name="TestALotOfAdding" classname="LocalCMCTests" time="0.001"/>
  <testcase name="TestALotOfAdding" classname="LocalCMCTests" time="0.001"/>
  <testcase name="TestALotOfAdding" classname="LocalCMCTests" time="0.002"/>
  <testcase name="TestALotOfAdding" classname="LocalCMCTests" time="0.001"/>
  <testcase name="TestALotOfAdding" classname="LocalCMCTests" time="0.001"/>
  <testcase name="TestALotOfAdding" classname="LocalCMCTests" time="0.002"/>
  <testcase name="TestALotOfAdding" classname="LocalCMCTests" time="0.001"/>
  <testcase name="TestALotOfAdding" classname="LocalCMCTests" time="0.0"/>
  <testcase name="TestALotOfAdding" classname="LocalCMCTests" time="0.0"/>
  <testcase name="TestALotOfAdding" classname="LocalCMCTests" time="0.0"/>
  <testcase name="TestALotOfAdding" classname="LocalCMCTests" time="0.0"/>
  <testcase name="TestALotOfAdding" classname="LocalCMCTests" time="0.003"/>
  <testcase name="TestALotOfAdding" classname="LocalCMCTests" time="0.001"/>
  <testcase name="TestALotOfAdding" classname="LocalCMCTests" time="0.001"/>
  <testcase name="TestALotOfAdding" classname="LocalCMCTests" time="0.001"/>
  <testcase name="TestALotOfAdding" classname="LocalCMCTests" time="0.001"/>
  <testcase name="TestALotOfAdding" classname="LocalCMCTests" time="0.0"/>
  <testcase name="TestALotOfAdding" classname="LocalCMCTests" time="0.0"/>
  <testcase name="TestALotOfAdding" classname="LocalCMCTests" time="0.0"/>
  <testcase name="TestALotOfAdding" classname="LocalCMCTests" time="0.0"/>
  <testcase name="TestALotOfAdding" classname="LocalCMCTests" time="0.0"/>
  <testcase name="TestALotOfAdding" classname="LocalCMCTests" time="0.001"/>
  <testcase name="TestALotOfAdding" classname="LocalCMCTests" time="0.001"/>
  <testcase name="TestALotOfAdding" classname="LocalCMCTests" time="0.001"/>
  <testcase name="TestALotOfAdding" classname="LocalCMCTests" time="0.0"/>
  <testcase name="TestALotOfAdding" classname="LocalCMCTests" time="0.002"/>
  <testcase name="TestALotOfAdding" classname="LocalCMCTests" time="0.001"/>
  <testcase name="TestALotOfAdding" classname="LocalCMCTests" time="0.002"/>
  <testcase name="TestALotOfAdding" classname="LocalCMCTests" time="0.001"/>
  <testcase name="TestALotOfAdding" classname="LocalCMCTests" time="0.001"/>
  <testcase name="TestALotOfAdding" classname="LocalCMCTests" time="0.0"/>
  <testcase name="TestALotOfAdding" classname="LocalCMCTests" time="0.001"/>
  <testcase name="TestALotOfAdding" classname="LocalCMCTests" time="0.001"/>
  <testcase name="TestALotOfAdding" classname="LocalCMCTests" time="0.001"/>
  <testcase name="TestALotOfAdding" classname="LocalCMCTests" time="0.0"/>
  <testcase name="TestALotOfAdding" classname="LocalCMCTests" time="0.0"/>
  <testcase name="TestALotOfAdding" classname="LocalCMCTests" time="0.0"/>
  <testcase name="TestALotOfAdding" classname="LocalCMCTests" time="0.0"/>
  <testcase name="TestALotOfAdding" classname="LocalCMCTests" time="0.0"/>
  <testcase name="TestALotOfAdding" classname="LocalCMCTests" time="0.0"/>
  <testcase name="TestALotOfAdding" classname="LocalCMCTests" time="0.0"/>
  <testcase name="TestALotOfAdding" classname="LocalCMCTests" time="0.0"/>
  <testcase name="TestALotOfAdding" classname="LocalCMCTests" time="0.0"/>
  <testcase name="TestALotOfAdding" classname="LocalCMCTests" time="0.001"/>
  <testcase name="TestALotOfAdding" classname="LocalCMCTests" time="0.001"/>
  <testcase name="TestALotOfAdding" classname="LocalCMCTests" time="0.001"/>
  <testcase name="TestALotOfAdding" classname="LocalCMCTests" time="0.001"/>
  <testcase name="TestALotOfAdding" classname="LocalCMCTests" time="0.001"/>
  <testcase name="TestALotOfAdding" classname="LocalCMCTests" time="0.0"/>
  <testcase name="TestALotOfAdding" classname="LocalCMCTests" time="0.001"/>
  <testcase name="TestALotOfAdding" classname="LocalCMCTests" time="0.002"/>
  <testcase name="TestALotOfAdding" classname="LocalCMCTests" time="0.001"/>
  <testcase name="TestALotOfAdding" classname="LocalCMCTests" time="0.0"/>
  <testcase name="TestALotOfAdding" classname="LocalCMCTests" time="0.0"/>
  <testcase name="TestALotOfAdding" classname="LocalCMCTests" time="0.0"/>
  <testcase name="TestALotOfAdding" classname="LocalCMCTests" time="0.0"/>
  <testcase name="TestALotOfAdding" classname="LocalCMCTests" time="0.001"/>
  <testcase name="TestALotOfAdding" classname="LocalCMCTests" time="0.0"/>
  <testcase name="TestALotOfAdding" classname="LocalCMCTests" time="0.0"/>
  <testcase name="TestALotOfAdding" classname="LocalCMCTests" time="0.001"/>
  <testcase name="TestALotOfAdding" classname="LocalCMCTests" time="0.001"/>
  <testcase name="TestALotOfAdding" classname="LocalCMCTests" time="0.001"/>
  <testcase name="TestALotOfAdding" classname="LocalCMCTests" time="0.0"/>
  <testcase name="TestALotOfAdding" classname="LocalCMCTests" time="0.0"/>
  <testcase name="TestALotOfAdding" classname="LocalCMCTests" time="0.001"/>
  <testcase name="TestALotOfAdding" classname="LocalCMCTests" time="0.001"/>
  <testcase name="TestALotOfAdding" classname="LocalCMCTests" time="0.0"/>
  <testcase name="TestALotOfAdding" classname="LocalCMCTests" time="0.001"/>
  <testcase name="TestALotOfAdding" classname="LocalCMCTests" time="0.001"/>
  <testcase name="TestALotOfAdding" classname="LocalCMCTests" time="0.0"/>
  <testcase name="TestALotOfAdding" classname="LocalCMCTests" time="0.0"/>
  <testcase name="TestALotOfAdding" classname="LocalCMCTests" time="0.0"/>
  <testcase name="TestALotOfAdding" classname="LocalCMCTests" time="0.001"/>
  <testcase name="TestALotOfAdding" classname="LocalCMCTests" time="0.0"/>
  <testcase name="TestALotOfAdding" classname="LocalCMCTests" time="0.001"/>
  <testcase name="TestALotOfAdding" classname="LocalCMCTests" time="0.002"/>
  <testcase name="TestALotOfAdding" classname="LocalCMCTests" time="0.001"/>
  <testcase name="TestALotOfAdding" classname="LocalCMCTests" time="0.0"/>
  <testcase name="TestALotOfAdding" classname="LocalCMCTests" time="0.001"/>
  <testcase name="TestALotOfAdding" classname="LocalCMCTests" time="0.001"/>
  <testcase name="TestALotOfAdding" classname="LocalCMCTests" time="0.0"/>
  <testcase name="TestALotOfAdding" classname="LocalCMCTests" time="0.0"/>
  <testcase name="TestALotOfAdding" classname="LocalCMCTests" time="0.0"/>
  <testcase name="TestALotOfAdding" classname="LocalCMCTests" time="0.0"/>
  <testcase name="TestALotOfAdding" classname="LocalCMCTests" time="0.001"/>
  <testcase name="TestALotOfAdding" classname="LocalCMCTests" time="0.001"/>
  <testcase name="TestALotOfAdding" classname="LocalCMCTests" time="0.0"/>
  <testcase name="TestALotOfAdding" classname="LocalCMCTests" time="0.0"/>
  <testcase name="TestALotOfAdding" classname="LocalCMCTests" time="0.0"/>
  <testcase name="TestALotOfAdding" classname="LocalCMCTests" time="0.0"/>
  <testcase name="TestALotOfAdding" classname="LocalCMCTests" time="0.0"/>
  <testcase name="TestALotOfAdding" classname="LocalCMCTests" time="0.001"/>
  <testcase name="TestALotOfAdding" classname="LocalCMCTests" time="0.001"/>
  <testcase name="TestALotOfAdding" classname="LocalCMCTests" time="0.001"/>
  <testcase name="TestALotOfAdding" classname="LocalCMCTests" time="0.0"/>
  <testcase name="TestALotOfAdding" classname="LocalCMCTests" time="0.0"/>
  <testcase name="TestALotOfAdding" classname="LocalCMCTests" time="0.001"/>
  <testcase name="TestALotOfAdding" classname="LocalCMCTests" time="0.001"/>
  <testcase name="TestALotOfAdding" classname="LocalCMCTests" time="0.0"/>
  <testcase name="TestALotOfAdding" classname="LocalCMCTests" time="0.002"/>
  <testcase name="TestALotOfAdding" classname="LocalCMCTests" time="0.001"/>
  <testcase name="TestALotOfAdding" classname="LocalCMCTests" time="0.001"/>
  <testcase name="TestALotOfAdding" classname="LocalCMCTests" time="0.001"/>
  <testcase name="TestALotOfAdding" classname="LocalCMCTests" time="0.0"/>
  <testcase name="TestALotOfAdding" classname="LocalCMCTests" time="0.0"/>
  <testcase name="TestALotOfAdding" classname="LocalCMCTests" time="0.001"/>
  <testcase name="TestALotOfAdding" classname="LocalCMCTests" time="0.0"/>
  <testcase name="TestALotOfAdding" classname="LocalCMCTests" time="0.001"/>
  <testcase name="TestALotOfAdding" classname="LocalCMCTests" time="0.001"/>
  <testcase name="TestALotOfAdding" classname="LocalCMCTests" time="0.001"/>
  <testcase name="TestALotOfAdding" classname="LocalCMCTests" time="0.001"/>
  <testcase name="TestALotOfAdding" classname="LocalCMCTests" time="0.0"/>
  <testcase name="TestALotOfAdding" classname="LocalCMCTests" time="0.001"/>
  <testcase name="TestALotOfAdding" classname="LocalCMCTests" time="0.0"/>
  <testcase name="TestALotOfAdding" classname="LocalCMCTests" time="0.0"/>
  <testcase name="TestALotOfAdding" classname="LocalCMCTests" time="0.001"/>
  <testcase name="TestALotOfAdding" classname="LocalCMCTests" time="0.001"/>
  <testcase name="TestALotOfAdding" classname="LocalCMCTests" time="0.0"/>
  <testcase name="TestALotOfAdding" classname="LocalCMCTests" time="0.0"/>
  <testcase name="TestALotOfAdding" classname="LocalCMCTests" time="0.001"/>
  <testcase name="TestALotOfAdding" classname="LocalCMCTests" time="0.0"/>
  <testcase name="TestALotOfAdding" classname="LocalCMCTests" time="0.001"/>
  <testcase name="TestALotOfAdding" classname="LocalCMCTests" time="0.001"/>
  <testcase name="TestALotOfAdding" classname="LocalCMCTests" time="0.001"/>
  <testcase name="TestALotOfAdding" classname="LocalCMCTests" time="0.0"/>
  <testcase name="TestALotOfAdding" classname="LocalCMCTests" time="0.001"/>
  <testcase name="TestALotOfAdding" classname="LocalCMCTests" time="0.001"/>
  <testcase name="TestALotOfAdding" classname="LocalCMCTests" time="0.001"/>
  <testcase name="TestALotOfAdding" classname="LocalCMCTests" time="0.0"/>
  <testcase name="TestALotOfAdding" classname="LocalCMCTests" time="0.001"/>
  <testcase name="TestALotOfAdding" classname="LocalCMCTests" time="0.001"/>
  <testcase name="TestALotOfAdding" classname="LocalCMCTests" time="0.002"/>
  <testcase name="TestALotOfAdding" classname="LocalCMCTests" time="0.0"/>
  <testcase name="TestALotOfAdding" classname="LocalCMCTests" time="0.0"/>
  <testcase name="TestALotOfAdding" classname="LocalCMCTests" time="0.0"/>
  <testcase name="TestALotOfAdding" classname="LocalCMCTests" time="0.0"/>
  <testcase name="TestALotOfAdding" classname="LocalCMCTests" time="0.0"/>
  <testcase name="TestALotOfAdding" classname="LocalCMCTests" time="0.001"/>
  <testcase name="TestALotOfAdding" classname="LocalCMCTests" time="0.001"/>
  <testcase name="TestALotOfAdding" classname="LocalCMCTests" time="0.001"/>
  <testcase name="TestALotOfAdding" classname="LocalCMCTests" time="0.002"/>
  <testcase name="TestALotOfAdding" classname="LocalCMCTests" time="0.001"/>
  <testcase name="TestALotOfAdding" classname="LocalCMCTests" time="0.002"/>
  <testcase name="TestALotOfAdding" classname="LocalCMCTests" time="0.0"/>
  <testcase name="TestALotOfAdding" classname="LocalCMCTests" time="0.0"/>
  <testcase name="TestALotOfAdding" classname="LocalCMCTests" time="0.0"/>
  <testcase name="TestALotOfAdding" classname="LocalCMCTests" time="0.0"/>
  <testcase name="TestALotOfAdding" classname="LocalCMCTests" time="0.0"/>
  <testcase name="TestALotOfAdding" classname="LocalCMCTests" time="0.0"/>
  <testcase name="TestALotOfAdding" classname="LocalCMCTests" time="0.001"/>
  <testcase name="TestALotOfAdding" classname="LocalCMCTests" time="0.001"/>
  <testcase name="TestALotOfAdding" classname="LocalCMCTests" time="0.001"/>
  <testcase name="TestALotOfAdding" classname="LocalCMCTests" time="0.002"/>
  <testcase name="TestALotOfAdding" classname="LocalCMCTests" time="0.001"/>
  <testcase name="TestALotOfAdding" classname="LocalCMCTests" time="0.001"/>
  <testcase name="TestALotOfAdding" classname="LocalCMCTests" time="0.001"/>
  <testcase name="TestALotOfAdding" classname="LocalCMCTests" time="0.0"/>
  <testcase name="TestALotOfAdding" classname="LocalCMCTests" time="0.001"/>
  <testcase name="TestALotOfAdding" classname="LocalCMCTests" time="0.001"/>
  <testcase name="TestALotOfAdding" classname="LocalCMCTests" time="0.0"/>
  <testcase name="TestALotOfAdding" classname="LocalCMCTests" time="0.001"/>
  <testcase name="TestALotOfAdding" classname="LocalCMCTests" time="0.0"/>
  <testcase name="TestALotOfAdding" classname="LocalCMCTests" time="0.0"/>
  <testcase name="TestALotOfAdding" classname="LocalCMCTests" time="0.0"/>
  <testcase name="TestALotOfAdding" classname="LocalCMCTests" time="0.0"/>
  <testcase name="TestALotOfAdding" classname="LocalCMCTests" time="0.001"/>
  <testcase name="TestALotOfAdding" classname="LocalCMCTests" time="0.001"/>
  <testcase name="TestALotOfAdding" classname="LocalCMCTests" time="0.0"/>
  <testcase name="TestALotOfAdding" classname="LocalCMCTests" time="0.001"/>
  <testcase name="TestALotOfAdding" classname="LocalCMCTests" time="0.001"/>
  <testcase name="TestALotOfAdding" classname="LocalCMCTests" time="0.0"/>
  <testcase name="TestALotOfAdding" classname="LocalCMCTests" time="0.002"/>
  <testcase name="TestALotOfAdding" classname="LocalCMCTests" time="0.002"/>
  <testcase name="TestALotOfAdding" classname="LocalCMCTests" time="0.0"/>
  <testcase name="TestALotOfAdding" classname="LocalCMCTests" time="0.001"/>
  <testcase name="TestALotOfAdding" classname="LocalCMCTests" time="0.001"/>
  <testcase name="TestALotOfAdding" classname="LocalCMCTests" time="0.0"/>
  <testcase name="TestALotOfAdding" classname="LocalCMCTests" time="0.001"/>
  <testcase name="TestALotOfAdding" classname="LocalCMCTests" time="0.0"/>
  <testcase name="TestALotOfAdding" classname="LocalCMCTests" time="0.0"/>
  <testcase name="TestALotOfAdding" classname="LocalCMCTests" time="0.0"/>
  <testcase name="TestALotOfAdding" classname="LocalCMCTests" time="0.001"/>
  <testcase name="TestALotOfAdding" classname="LocalCMCTests" time="0.001"/>
  <testcase name="TestALotOfAdding" classname="LocalCMCTests" time="0.002"/>
  <testcase name="TestALotOfAdding" classname="LocalCMCTests" time="0.001"/>
  <testcase name="TestALotOfAdding" classname="LocalCMCTests" time="0.001"/>
  <testcase name="TestALotOfAdding" classname="LocalCMCTests" time="0.001"/>
  <testcase name="TestALotOfAdding" classname="LocalCMCTests" time="0.001"/>
  <testcase name="TestALotOfAdding" classname="LocalCMCTests" time="0.0"/>
  <testcase name="TestALotOfAdding" classname="LocalCMCTests" time="0.001"/>
  <testcase name="TestALotOfAdding" classname="LocalCMCTests" time="0.001"/>
  <testcase name="TestALotOfAdding" classname="LocalCMCTests" time="0.001"/>
  <testcase name="TestALotOfAdding" classname="LocalCMCTests" time="0.0"/>
  <testcase name="TestALotOfAdding" classname="LocalCMCTests" time="0.0"/>
  <testcase name="TestALotOfAdding" classname="LocalCMCTests" time="0.0"/>
  <testcase name="TestALotOfAdding" classname="LocalCMCTests" time="0.0"/>
  <testcase name="TestALotOfAdding" classname="LocalCMCTests" time="0.0"/>
  <testcase name="TestALotOfAdding" classname="LocalCMCTests" time="0.0"/>
  <testcase name="TestALotOfAdding" classname="LocalCMCTests" time="0.0"/>
  <testcase name="TestALotOfAdding" classname="LocalCMCTests" time="0.0"/>
  <testcase name="TestALotOfAdding" classname="LocalCMCTests" time="0.001"/>
  <testcase name="TestALotOfAdding" classname="LocalCMCTests" time="0.001"/>
  <testcase name="TestALotOfAdding" classname="LocalCMCTests" time="0.001"/>
  <testcase name="TestALotOfAdding" classname="LocalCMCTests" time="0.001"/>
  <testcase name="TestALotOfAdding" classname="LocalCMCTests" time="0.001"/>
  <testcase name="TestALotOfAdding" classname="LocalCMCTests" time="0.0"/>
  <testcase name="TestALotOfAdding" classname="LocalCMCTests" time="0.001"/>
  <testcase name="TestALotOfAdding" classname="LocalCMCTests" time="0.003"/>
  <testcase name="TestALotOfAdding" classname="LocalCMCTests" time="0.003"/>
  <testcase name="TestALotOfAdding" classname="LocalCMCTests" time="0.003"/>
  <testcase name="TestALotOfAdding" classname="LocalCMCTests" time="0.0"/>
  <testcase name="TestALotOfAdding" classname="LocalCMCTests" time="0.002"/>
  <testcase name="TestALotOfAdding" classname="LocalCMCTests" time="0.001"/>
  <testcase name="TestALotOfAdding" classname="LocalCMCTests" time="0.002"/>
  <testcase name="TestALotOfAdding" classname="LocalCMCTests" time="0.001"/>
  <testcase name="TestALotOfAdding" classname="LocalCMCTests" time="0.0"/>
  <testcase name="TestALotOfAdding" classname="LocalCMCTests" time="0.002"/>
  <testcase name="TestALotOfAdding" classname="LocalCMCTests" time="0.003"/>
  <testcase name="TestALotOfAdding" classname="LocalCMCTests" time="0.002"/>
  <testcase name="TestALotOfAdding" classname="LocalCMCTests" time="0.0"/>
  <testcase name="TestALotOfAdding" classname="LocalCMCTests" time="0.0"/>
  <testcase name="TestALotOfAdding" classname="LocalCMCTests" time="0.0"/>
  <testcase name="TestALotOfAdding" classname="LocalCMCTests" time="0.0"/>
  <testcase name="TestALotOfAdding" classname="LocalCMCTests" time="0.0"/>
  <testcase name="TestALotOfAdding" classname="LocalCMCTests" time="0.0"/>
  <testcase name="TestALotOfAdding" classname="LocalCMCTests" time="0.001"/>
  <testcase name="TestALotOfAdding" classname="LocalCMCTests" time="0.001"/>
  <testcase name="TestALotOfAdding" classname="LocalCMCTests" time="0.001"/>
  <testcase name="TestALotOfAdding" classname="LocalCMCTests" time="0.0"/>
  <testcase name="TestALotOfAdding" classname="LocalCMCTests" time="0.001"/>
  <testcase name="TestALotOfAdding" classname="LocalCMCTests" time="0.001"/>
  <testcase name="TestALotOfAdding" classname="LocalCMCTests" time="0.0"/>
  <testcase name="TestALotOfAdding" classname="LocalCMCTests" time="0.001"/>
  <testcase name="TestALotOfAdding" classname="LocalCMCTests" time="0.001"/>
  <testcase name="TestALotOfAdding" classname="LocalCMCTests" time="0.0"/>
  <testcase name="TestALotOfAdding" classname="LocalCMCTests" time="0.001"/>
  <testcase name="TestALotOfAdding" classname="LocalCMCTests" time="0.001"/>
  <testcase name="TestALotOfAdding" classname="LocalCMCTests" time="0.0"/>
  <testcase name="TestALotOfAdding" classname="LocalCMCTests" time="0.0"/>
  <testcase name="TestALotOfAdding" classname="LocalCMCTests" time="0.001"/>
  <testcase name="TestALotOfAdding" classname="LocalCMCTests" time="0.002"/>
  <testcase name="TestALotOfAdding" classname="LocalCMCTests" time="0.001"/>
  <testcase name="TestALotOfAdding" classname="LocalCMCTests" time="0.0"/>
  <testcase name="TestALotOfAdding" classname="LocalCMCTests" time="0.0"/>
  <testcase name="TestALotOfAdding" classname="LocalCMCTests" time="0.0"/>
  <testcase name="TestALotOfAdding" classname="LocalCMCTests" time="0.001"/>
  <testcase name="TestALotOfAdding" classname="LocalCMCTests" time="0.001"/>
  <testcase name="TestALotOfAdding" classname="LocalCMCTests" time="0.001"/>
  <testcase name="TestALotOfAdding" classname="LocalCMCTests" time="0.001"/>
  <testcase name="TestALotOfAdding" classname="LocalCMCTests" time="0.001"/>
  <testcase name="TestALotOfAdding" classname="LocalCMCTests" time="0.001"/>
  <testcase name="TestALotOfAdding" classname="LocalCMCTests" time="0.001"/>
  <testcase name="TestALotOfAdding" classname="LocalCMCTests" time="0.0"/>
  <testcase name="TestALotOfAdding" classname="LocalCMCTests" time="0.001"/>
  <testcase name="TestALotOfAdding" classname="LocalCMCTests" time="0.0"/>
  <testcase name="TestALotOfAdding" classname="LocalCMCTests" time="0.001"/>
  <testcase name="TestALotOfAdding" classname="LocalCMCTests" time="0.001"/>
  <testcase name="TestALotOfAdding" classname="LocalCMCTests" time="0.002"/>
  <testcase name="TestALotOfAdding" classname="LocalCMCTests" time="0.001"/>
  <testcase name="TestALotOfAdding" classname="LocalCMCTests" time="0.001"/>
  <testcase name="TestALotOfAdding" classname="LocalCMCTests" time="0.0"/>
  <testcase name="TestALotOfAdding" classname="LocalCMCTests" time="0.0"/>
  <testcase name="TestALotOfAdding" classname="LocalCMCTests" time="0.0"/>
  <testcase name="TestALotOfAdding" classname="LocalCMCTests" time="0.0"/>
  <testcase name="TestALotOfAdding" classname="LocalCMCTests" time="0.002"/>
  <testcase name="TestALotOfAdding" classname="LocalCMCTests" time="0.002"/>
  <testcase name="TestALotOfAdding" classname="LocalCMCTests" time="0.002"/>
  <testcase name="TestALotOfAdding" classname="LocalCMCTests" time="0.001"/>
  <testcase name="TestALotOfAdding" classname="LocalCMCTests" time="0.0"/>
  <testcase name="TestALotOfAdding" classname="LocalCMCTests" time="0.001"/>
  <testcase name="TestALotOfAdding" classname="LocalCMCTests" time="0.001"/>
  <testcase name="TestALotOfAdding" classname="LocalCMCTests" time="0.001"/>
  <testcase name="TestALotOfAdding" classname="LocalCMCTests" time="0.0"/>
  <testcase name="TestALotOfAdding" classname="LocalCMCTests" time="0.001"/>
  <testcase name="TestALotOfAdding" classname="LocalCMCTests" time="0.001"/>
  <testcase name="TestALotOfAdding" classname="LocalCMCTests" time="0.0"/>
  <testcase name="TestALotOfAdding" classname="LocalCMCTests" time="0.0"/>
  <testcase name="TestALotOfAdding" classname="LocalCMCTests" time="0.0"/>
  <testcase name="TestALotOfAdding" classname="LocalCMCTests" time="0.0"/>
  <testcase name="TestALotOfAdding" classname="LocalCMCTests" time="0.001"/>
  <testcase name="TestALotOfAdding" classname="LocalCMCTests" time="0.001"/>
  <testcase name="TestALotOfAdding" classname="LocalCMCTests" time="0.0"/>
  <testcase name="TestALotOfAdding" classname="LocalCMCTests" time="0.001"/>
  <testcase name="TestALotOfAdding" classname="LocalCMCTests" time="0.001"/>
  <testcase name="TestALotOfAdding" classname="LocalCMCTests" time="0.002"/>
  <testcase name="TestALotOfAdding" classname="LocalCMCTests" time="0.0"/>
  <testcase name="TestALotOfAdding" classname="LocalCMCTests" time="0.0"/>
  <testcase name="TestALotOfAdding" classname="LocalCMCTests" time="0.0"/>
  <testcase name="TestALotOfAdding" classname="LocalCMCTests" time="0.0"/>
  <testcase name="TestALotOfAdding" classname="LocalCMCTests" time="0.001"/>
  <testcase name="TestALotOfAdding" classname="LocalCMCTests" time="0.0"/>
  <testcase name="TestALotOfAdding" classname="LocalCMCTests" time="0.0"/>
  <testcase name="TestALotOfAdding" classname="LocalCMCTests" time="0.0"/>
  <testcase name="TestALotOfAdding" classname="LocalCMCTests" time="0.003"/>
  <testcase name="TestALotOfAdding" classname="LocalCMCTests" time="0.004"/>
  <testcase name="TestALotOfAdding" classname="LocalCMCTests" time="0.003"/>
  <testcase name="TestALotOfAdding" classname="LocalCMCTests" time="0.003"/>
  <testcase name="TestALotOfAdding" classname="LocalCMCTests" time="0.0"/>
  <testcase name="TestALotOfAdding" classname="LocalCMCTests" time="0.001"/>
  <testcase name="TestALotOfAdding" classname="LocalCMCTests" time="0.001"/>
  <testcase name="TestALotOfAdding" classname="LocalCMCTests" time="0.0"/>
  <testcase name="TestALotOfAdding" classname="LocalCMCTests" time="0.003"/>
  <testcase name="TestALotOfAdding" classname="LocalCMCTests" time="0.003"/>
  <testcase name="TestALotOfAdding" classname="LocalCMCTests" time="0.003"/>
  <testcase name="TestALotOfAdding" classname="LocalCMCTests" time="0.003"/>
  <testcase name="TestALotOfAdding" classname="LocalCMCTests" time="0.0"/>
  <testcase name="TestALotOfAdding" classname="LocalCMCTests" time="0.0"/>
  <testcase name="TestALotOfAdding" classname="LocalCMCTests" time="0.0"/>
  <testcase name="TestALotOfAdding" classname="LocalCMCTests" time="0.001"/>
  <testcase name="TestALotOfAdding" classname="LocalCMCTests" time="0.0"/>
  <testcase name="TestALotOfAdding" classname="LocalCMCTests" time="0.004"/>
  <testcase name="TestALotOfAdding" classname="LocalCMCTests" time="0.001"/>
  <testcase name="TestALotOfAdding" classname="LocalCMCTests" time="0.001"/>
  <testcase name="TestALotOfAdding" classname="LocalCMCTests" time="0.001"/>
  <testcase name="TestALotOfAdding" classname="LocalCMCTests" time="0.001"/>
  <testcase name="TestALotOfAdding" classname="LocalCMCTests" time="0.0"/>
  <testcase name="TestALotOfAdding" classname="LocalCMCTests" time="0.001"/>
  <testcase name="TestALotOfAdding" classname="LocalCMCTests" time="0.001"/>
  <testcase name="TestALotOfAdding" classname="LocalCMCTests" time="0.0"/>
  <testcase name="TestALotOfAdding" classname="LocalCMCTests" time="0.001"/>
  <testcase name="TestALotOfAdding" classname="LocalCMCTests" time="0.001"/>
  <testcase name="TestALotOfAdding" classname="LocalCMCTests" time="0.0"/>
  <testcase name="TestALotOfAdding" classname="LocalCMCTests" time="0.0"/>
  <testcase name="TestALotOfAdding" classname="LocalCMCTests" time="0.001"/>
  <testcase name="TestALotOfAdding" classname="LocalCMCTests" time="0.001"/>
  <testcase name="TestALotOfAdding" classname="LocalCMCTests" time="0.001"/>
  <testcase name="TestALotOfAdding" classname="LocalCMCTests" time="0.0"/>
  <testcase name="TestALotOfAdding" classname="LocalCMCTests" time="0.0"/>
  <testcase name="TestALotOfAdding" classname="LocalCMCTests" time="0.001"/>
  <testcase name="TestALotOfAdding" classname="LocalCMCTests" time="0.001"/>
  <testcase name="TestALotOfAdding" classname="LocalCMCTests" time="0.001"/>
  <testcase name="TestALotOfAdding" classname="LocalCMCTests" time="0.0"/>
  <testcase name="TestALotOfAdding" classname="LocalCMCTests" time="0.0"/>
  <testcase name="TestALotOfAdding" classname="LocalCMCTests" time="0.001"/>
  <testcase name="TestALotOfAdding" classname="LocalCMCTests" time="0.001"/>
  <testcase name="TestALotOfAdding" classname="LocalCMCTests" time="0.001"/>
  <testcase name="TestALotOfAdding" classname="LocalCMCTests" time="0.001"/>
  <testcase name="TestALotOfAdding" classname="LocalCMCTests" time="0.001"/>
  <testcase name="TestALotOfAdding" classname="LocalCMCTests" time="0.001"/>
  <testcase name="TestALotOfAdding" classname="LocalCMCTests" time="0.001"/>
  <testcase name="TestALotOfAdding" classname="LocalCMCTests" time="0.002"/>
  <testcase name="TestALotOfAdding" classname="LocalCMCTests" time="0.002"/>
  <testcase name="TestALotOfAdding" classname="LocalCMCTests" time="0.001"/>
  <testcase name="TestALotOfAdding" classname="LocalCMCTests" time="0.001"/>
  <testcase name="TestALotOfAdding" classname="LocalCMCTests" time="0.001"/>
  <testcase name="TestALotOfAdding" classname="LocalCMCTests" time="0.001"/>
  <testcase name="TestALotOfAdding" classname="LocalCMCTests" time="0.0"/>
  <testcase name="TestALotOfAdding" classname="LocalCMCTests" time="0.0"/>
  <testcase name="TestALotOfAdding" classname="LocalCMCTests" time="0.0"/>
  <testcase name="TestALotOfAdding" classname="LocalCMCTests" time="0.0"/>
  <testcase name="TestALotOfAdding" classname="LocalCMCTests" time="0.0"/>
  <testcase name="TestALotOfAdding" classname="LocalCMCTests" time="0.0"/>
  <testcase name="TestALotOfAdding" classname="LocalCMCTests" time="0.0"/>
  <testcase name="TestALotOfAdding" classname="LocalCMCTests" time="0.0"/>
  <testcase name="TestALotOfAdding" classname="LocalCMCTests" time="0.002"/>
  <testcase name="TestALotOfAdding" classname="LocalCMCTests" time="0.002"/>
  <testcase name="TestALotOfAdding" classname="LocalCMCTests" time="0.0"/>
  <testcase name="TestALotOfAdding" classname="LocalCMCTests" time="0.0"/>
  <testcase name="TestALotOfAdding" classname="LocalCMCTests" time="0.001"/>
  <testcase name="TestALotOfAdding" classname="LocalCMCTests" time="0.001"/>
  <testcase name="TestALotOfAdding" classname="LocalCMCTests" time="0.001"/>
  <testcase name="TestALotOfAdding" classname="LocalCMCTests" time="0.001"/>
  <testcase name="TestALotOfAdding" classname="LocalCMCTests" time="0.001"/>
  <testcase name="TestALotOfAdding" classname="LocalCMCTests" time="0.0"/>
  <testcase name="TestALotOfAdding" classname="LocalCMCTests" time="0.0"/>
  <testcase name="TestALotOfAdding" classname="LocalCMCTests" time="0.0"/>
  <testcase name="TestALotOfAdding" classname="LocalCMCTests" time="0.001"/>
  <testcase name="TestALotOfAdding" classname="LocalCMCTests" time="0.002"/>
  <testcase name="TestALotOfAdding" classname="LocalCMCTests" time="0.001"/>
  <testcase name="TestALotOfAdding" classname="LocalCMCTests" time="0.001"/>
  <testcase name="TestALotOfAdding" classname="LocalCMCTests" time="0.0"/>
  <testcase name="TestALotOfAdding" classname="LocalCMCTests" time="0.0"/>
  <testcase name="TestALotOfAdding" classname="LocalCMCTests" time="0.0"/>
  <testcase name="TestALotOfAdding" classname="LocalCMCTests" time="0.001"/>
  <testcase name="TestALotOfAdding" classname="LocalCMCTests" time="0.001"/>
  <testcase name="TestALotOfAdding" classname="LocalCMCTests" time="0.002"/>
  <testcase name="TestALotOfAdding" classname="LocalCMCTests" time="0.0"/>
  <testcase name="TestALotOfAdding" classname="LocalCMCTests" time="0.001"/>
  <testcase name="TestALotOfAdding" classname="LocalCMCTests" time="0.001"/>
  <testcase name="TestALotOfAdding" classname="LocalCMCTests" time="0.0"/>
  <testcase name="TestALotOfAdding" classname="LocalCMCTests" time="0.001"/>
  <testcase name="TestALotOfAdding" classname="LocalCMCTests" time="0.0"/>
  <testcase name="TestALotOfAdding" classname="LocalCMCTests" time="0.001"/>
  <testcase name="TestALotOfAdding" classname="LocalCMCTests" time="0.001"/>
  <testcase name="TestALotOfAdding" classname="LocalCMCTests" time="0.0"/>
  <testcase name="TestALotOfAdding" classname="LocalCMCTests" time="0.001"/>
  <testcase name="TestALotOfAdding" classname="LocalCMCTests" time="0.001"/>
  <testcase name="TestALotOfAdding" classname="LocalCMCTests" time="0.0"/>
  <testcase name="TestALotOfAdding" classname="LocalCMCTests" time="0.001"/>
  <testcase name="TestALotOfAdding" classname="LocalCMCTests" time="0.001"/>
  <testcase name="TestALotOfAdding" classname="LocalCMCTests" time="0.001"/>
  <testcase name="TestALotOfAdding" classname="LocalCMCTests" time="0.0"/>
  <testcase name="TestALotOfAdding" classname="LocalCMCTests" time="0.001"/>
  <testcase name="TestALotOfAdding" classname="LocalCMCTests" time="0.0"/>
  <testcase name="TestALotOfAdding" classname="LocalCMCTests" time="0.0"/>
  <testcase name="TestALotOfAdding" classname="LocalCMCTests" time="0.001"/>
  <testcase name="TestALotOfAdding" classname="LocalCMCTests" time="0.0"/>
  <testcase name="TestALotOfAdding" classname="LocalCMCTests" time="0.0"/>
  <testcase name="TestALotOfAdding" classname="LocalCMCTests" time="0.0"/>
  <testcase name="TestALotOfAdding" classname="LocalCMCTests" time="0.001"/>
  <testcase name="TestALotOfAdding" classname="LocalCMCTests" time="0.001"/>
  <testcase name="TestALotOfAdding" classname="LocalCMCTests" time="0.0"/>
  <testcase name="TestALotOfAdding" classname="LocalCMCTests" time="0.0"/>
  <testcase name="TestALotOfAdding" classname="LocalCMCTests" time="0.001"/>
  <testcase name="TestALotOfAdding" classname="LocalCMCTests" time="0.001"/>
  <testcase name="TestALotOfAdding" classname="LocalCMCTests" time="0.0"/>
  <testcase name="TestALotOfAdding" classname="LocalCMCTests" time="0.001"/>
  <testcase name="TestALotOfAdding" classname="LocalCMCTests" time="0.001"/>
  <testcase name="TestALotOfAdding" classname="LocalCMCTests" time="0.0"/>
  <testcase name="TestALotOfAdding" classname="LocalCMCTests" time="0.0"/>
  <testcase name="TestALotOfAdding" classname="LocalCMCTests" time="0.0"/>
  <testcase name="TestALotOfAdding" classname="LocalCMCTests" time="0.001"/>
  <testcase name="TestALotOfAdding" classname="LocalCMCTests" time="0.001"/>
  <testcase name="TestALotOfAdding" classname="LocalCMCTests" time="0.002"/>
  <testcase name="TestALotOfAdding" classname="LocalCMCTests" time="0.002"/>
  <testcase name="TestALotOfAdding" classname="LocalCMCTests" time="0.001"/>
  <testcase name="TestALotOfAdding" classname="LocalCMCTests" time="0.001"/>
  <testcase name="TestALotOfAdding" classname="LocalCMCTests" time="0.001"/>
  <testcase name="TestALotOfAdding" classname="LocalCMCTests" time="0.001"/>
  <testcase name="TestALotOfAdding" classname="LocalCMCTests" time="0.001"/>
  <testcase name="TestALotOfAdding" classname="LocalCMCTests" time="0.001"/>
  <testcase name="TestALotOfAdding" classname="LocalCMCTests" time="0.0"/>
  <testcase name="TestALotOfAdding" classname="LocalCMCTests" time="0.0"/>
  <testcase name="TestALotOfAdding" classname="LocalCMCTests" time="0.0"/>
  <testcase name="TestALotOfAdding" classname="LocalCMCTests" time="0.001"/>
  <testcase name="TestALotOfAdding" classname="LocalCMCTests" time="0.001"/>
  <testcase name="TestALotOfAdding" classname="LocalCMCTests" time="0.001"/>
  <testcase name="TestALotOfAdding" classname="LocalCMCTests" time="0.001"/>
  <testcase name="TestALotOfAdding" classname="LocalCMCTests" time="0.0"/>
  <testcase name="TestALotOfAdding" classname="LocalCMCTests" time="0.0"/>
  <testcase name="TestALotOfAdding" classname="LocalCMCTests" time="0.0"/>
  <testcase name="TestALotOfAdding" classname="LocalCMCTests" time="0.001"/>
  <testcase name="TestALotOfAdding" classname="LocalCMCTests" time="0.0"/>
  <testcase name="TestALotOfAdding" classname="LocalCMCTests" time="0.001"/>
  <testcase name="TestALotOfAdding" classname="LocalCMCTests" time="0.0"/>
  <testcase name="TestALotOfAdding" classname="LocalCMCTests" time="0.001"/>
  <testcase name="TestALotOfAdding" classname="LocalCMCTests" time="0.0"/>
  <testcase name="TestALotOfAdding" classname="LocalCMCTests" time="0.001"/>
  <testcase name="TestALotOfAdding" classname="LocalCMCTests" time="0.001"/>
  <testcase name="TestALotOfAdding" classname="LocalCMCTests" time="0.0"/>
  <testcase name="TestALotOfAdding" classname="LocalCMCTests" time="0.0"/>
  <testcase name="TestALotOfAdding" classname="LocalCMCTests" time="0.001"/>
  <testcase name="TestALotOfAdding" classname="LocalCMCTests" time="0.001"/>
  <testcase name="TestALotOfAdding" classname="LocalCMCTests" time="0.001"/>
  <testcase name="TestALotOfAdding" classname="LocalCMCTests" time="0.002"/>
  <testcase name="TestALotOfAdding" classname="LocalCMCTests" time="0.001"/>
  <testcase name="TestALotOfAdding" classname="LocalCMCTests" time="0.0"/>
  <testcase name="TestALotOfAdding" classname="LocalCMCTests" time="0.001"/>
  <testcase name="TestALotOfAdding" classname="LocalCMCTests" time="0.001"/>
  <testcase name="TestALotOfAdding" classname="LocalCMCTests" time="0.001"/>
  <testcase name="TestALotOfAdding" classname="LocalCMCTests" time="0.0"/>
  <testcase name="TestALotOfAdding" classname="LocalCMCTests" time="0.001"/>
  <testcase name="TestALotOfAdding" classname="LocalCMCTests" time="0.001"/>
  <testcase name="TestALotOfAdding" classname="LocalCMCTests" time="0.0"/>
  <testcase name="TestALotOfAdding" classname="LocalCMCTests" time="0.0"/>
  <testcase name="TestALotOfAdding" classname="LocalCMCTests" time="0.001"/>
  <testcase name="TestALotOfAdding" classname="LocalCMCTests" time="0.001"/>
  <testcase name="TestALotOfAdding" classname="LocalCMCTests" time="0.001"/>
  <testcase name="TestALotOfAdding" classname="LocalCMCTests" time="0.001"/>
  <testcase name="TestALotOfAdding" classname="LocalCMCTests" time="0.001"/>
  <testcase name="TestALotOfAdding" classname="LocalCMCTests" time="0.001"/>
  <testcase name="TestALotOfAdding" classname="LocalCMCTests" time="0.0"/>
  <testcase name="TestALotOfAdding" classname="LocalCMCTests" time="0.0"/>
  <testcase name="TestALotOfAdding" classname="LocalCMCTests" time="0.0"/>
  <testcase name="TestALotOfAdding" classname="LocalCMCTests" time="0.001"/>
  <testcase name="TestALotOfAdding" classname="LocalCMCTests" time="0.001"/>
  <testcase name="TestALotOfAdding" classname="LocalCMCTests" time="0.001"/>
  <testcase name="TestALotOfAdding" classname="LocalCMCTests" time="0.001"/>
  <testcase name="TestALotOfAdding" classname="LocalCMCTests" time="0.0"/>
  <testcase name="TestALotOfAdding" classname="LocalCMCTests" time="0.0"/>
  <testcase name="TestALotOfAdding" classname="LocalCMCTests" time="0.0"/>
  <testcase name="TestALotOfAdding" classname="LocalCMCTests" time="0.0"/>
  <testcase name="TestALotOfAdding" classname="LocalCMCTests" time="0.0"/>
  <testcase name="TestALotOfAdding" classname="LocalCMCTests" time="0.001"/>
  <testcase name="TestALotOfAdding" classname="LocalCMCTests" time="0.001"/>
  <testcase name="TestALotOfAdding" classname="LocalCMCTests" time="0.001"/>
  <testcase name="TestALotOfAdding" classname="LocalCMCTests" time="0.001"/>
  <testcase name="TestALotOfAdding" classname="LocalCMCTests" time="0.001"/>
  <testcase name="TestALotOfAdding" classname="LocalCMCTests" time="0.001"/>
  <testcase name="TestALotOfAdding" classname="LocalCMCTests" time="0.001"/>
  <testcase name="TestALotOfAdding" classname="LocalCMCTests" time="0.001"/>
  <testcase name="TestALotOfAdding" classname="LocalCMCTests" time="0.0"/>
  <testcase name="TestALotOfAdding" classname="LocalCMCTests" time="0.0"/>
  <testcase name="TestALotOfAdding" classname="LocalCMCTests" time="0.001"/>
  <testcase name="TestALotOfAdding" classname="LocalCMCTests" time="0.0"/>
  <testcase name="TestALotOfAdding" classname="LocalCMCTests" time="0.001"/>
  <testcase name="TestALotOfAdding" classname="LocalCMCTests" time="0.001"/>
  <testcase name="TestALotOfAdding" classname="LocalCMCTests" time="0.001"/>
  <testcase name="TestALotOfAdding" classname="LocalCMCTests" time="0.0"/>
  <testcase name="TestALotOfAdding" classname="LocalCMCTests" time="0.0"/>
  <testcase name="TestALotOfAdding" classname="LocalCMCTests" time="0.001"/>
  <testcase name="TestALotOfAdding" classname="LocalCMCTests" time="0.001"/>
  <testcase name="TestALotOfAdding" classname="LocalCMCTests" time="0.001"/>
  <testcase name="TestALotOfAdding" classname="LocalCMCTests" time="0.001"/>
  <testcase name="TestALotOfAdding" classname="LocalCMCTests" time="0.001"/>
  <testcase name="TestALotOfAdding" classname="LocalCMCTests" time="0.002"/>
  <testcase name="TestALotOfAdding" classname="LocalCMCTests" time="0.0"/>
  <testcase name="TestALotOfAdding" classname="LocalCMCTests" time="0.0"/>
  <testcase name="TestALotOfAdding" classname="LocalCMCTests" time="0.001"/>
  <testcase name="TestALotOfAdding" classname="LocalCMCTests" time="0.0"/>
  <testcase name="TestALotOfAdding" classname="LocalCMCTests" time="0.0"/>
  <testcase name="TestALotOfAdding" classname="LocalCMCTests" time="0.001"/>
  <testcase name="TestALotOfAdding" classname="LocalCMCTests" time="0.001"/>
  <testcase name="TestALotOfAdding" classname="LocalCMCTests" time="0.0"/>
  <testcase name="TestALotOfAdding" classname="LocalCMCTests" time="0.001"/>
  <testcase name="TestALotOfAdding" classname="LocalCMCTests" time="0.001"/>
  <testcase name="TestALotOfAdding" classname="LocalCMCTests" time="0.001"/>
  <testcase name="TestALotOfAdding" classname="LocalCMCTests" time="0.001"/>
  <testcase name="TestALotOfAdding" classname="LocalCMCTests" time="0.0"/>
  <testcase name="TestALotOfAdding" classname="LocalCMCTests" time="0.0"/>
  <testcase name="TestALotOfAdding" classname="LocalCMCTests" time="0.001"/>
  <testcase name="TestALotOfAdding" classname="LocalCMCTests" time="0.0"/>
  <testcase name="TestALotOfAdding" classname="LocalCMCTests" time="0.0"/>
  <testcase name="TestALotOfAdding" classname="LocalCMCTests" time="0.001"/>
  <testcase name="TestALotOfAdding" classname="LocalCMCTests" time="0.001"/>
  <testcase name="TestALotOfAdding" classname="LocalCMCTests" time="0.002"/>
  <testcase name="TestALotOfAdding" classname="LocalCMCTests" time="0.002"/>
  <testcase name="TestALotOfAdding" classname="LocalCMCTests" time="0.002"/>
  <testcase name="TestALotOfAdding" classname="LocalCMCTests" time="0.0"/>
  <testcase name="TestALotOfAdding" classname="LocalCMCTests" time="0.0"/>
  <testcase name="TestALotOfAdding" classname="LocalCMCTests" time="0.0"/>
  <testcase name="TestALotOfAdding" classname="LocalCMCTests" time="0.0"/>
  <testcase name="TestALotOfAdding" classname="LocalCMCTests" time="0.001"/>
  <testcase name="TestALotOfAdding" classname="LocalCMCTests" time="0.001"/>
  <testcase name="TestALotOfAdding" classname="LocalCMCTests" time="0.001"/>
  <testcase name="TestALotOfAdding" classname="LocalCMCTests" time="0.0"/>
  <testcase name="TestALotOfAdding" classname="LocalCMCTests" time="0.0"/>
  <testcase name="TestALotOfAdding" classname="LocalCMCTests" time="0.001"/>
  <testcase name="TestALotOfAdding" classname="LocalCMCTests" time="0.001"/>
  <testcase name="TestALotOfAdding" classname="LocalCMCTests" time="0.0"/>
  <testcase name="TestALotOfAdding" classname="LocalCMCTests" time="0.001"/>
  <testcase name="TestALotOfAdding" classname="LocalCMCTests" time="0.001"/>
  <testcase name="TestALotOfAdding" classname="LocalCMCTests" time="0.001"/>
  <testcase name="TestALotOfAdding" classname="LocalCMCTests" time="0.001"/>
  <testcase name="TestALotOfAdding" classname="LocalCMCTests" time="0.001"/>
  <testcase name="TestALotOfAdding" classname="LocalCMCTests" time="0.0"/>
  <testcase name="TestALotOfAdding" classname="LocalCMCTests" time="0.001"/>
  <testcase name="TestALotOfAdding" classname="LocalCMCTests" time="0.0"/>
  <testcase name="TestALotOfAdding" classname="LocalCMCTests" time="0.0"/>
  <testcase name="TestALotOfAdding" classname="LocalCMCTests" time="0.001"/>
  <testcase name="TestALotOfAdding" classname="LocalCMCTests" time="0.001"/>
  <testcase name="TestALotOfAdding" classname="LocalCMCTests" time="0.001"/>
  <testcase name="TestALotOfAdding" classname="LocalCMCTests" time="0.001"/>
  <testcase name="TestALotOfAdding" classname="LocalCMCTests" time="0.0"/>
  <testcase name="TestALotOfAdding" classname="LocalCMCTests" time="0.001"/>
  <testcase name="TestALotOfAdding" classname="LocalCMCTests" time="0.001"/>
  <testcase name="TestALotOfAdding" classname="LocalCMCTests" time="0.001"/>
  <testcase name="TestALotOfAdding" classname="LocalCMCTests" time="0.001"/>
  <testcase name="TestALotOfAdding" classname="LocalCMCTests" time="0.001"/>
  <testcase name="TestALotOfAdding" classname="LocalCMCTests" time="0.001"/>
  <testcase name="TestALotOfAdding" classname="LocalCMCTests" time="0.0"/>
  <testcase name="TestALotOfAdding" classname="LocalCMCTests" time="0.0"/>
  <testcase name="TestALotOfAdding" classname="LocalCMCTests" time="0.0"/>
  <testcase name="TestALotOfAdding" classname="LocalCMCTests" time="0.0"/>
  <testcase name="TestALotOfAdding" classname="LocalCMCTests" time="0.001"/>
  <testcase name="TestALotOfAdding" classname="LocalCMCTests" time="0.001"/>
  <testcase name="TestALotOfAdding" classname="LocalCMCTests" time="0.001"/>
  <testcase name="TestALotOfAdding" classname="LocalCMCTests" time="0.0"/>
  <testcase name="TestALotOfAdding" classname="LocalCMCTests" time="0.0"/>
  <testcase name="TestALotOfAdding" classname="LocalCMCTests" time="0.0"/>
  <testcase name="TestALotOfAdding" classname="LocalCMCTests" time="0.001"/>
  <testcase name="TestALotOfAdding" classname="LocalCMCTests" time="0.001"/>
  <testcase name="TestALotOfAdding" classname="LocalCMCTests" time="0.0"/>
  <testcase name="TestALotOfAdding" classname="LocalCMCTests" time="0.001"/>
  <testcase name="TestALotOfAdding" classname="LocalCMCTests" time="0.001"/>
  <testcase name="TestALotOfAdding" classname="LocalCMCTests" time="0.0"/>
  <testcase name="TestALotOfAdding" classname="LocalCMCTests" time="0.0"/>
  <testcase name="TestALotOfAdding" classname="LocalCMCTests" time="0.0"/>
  <testcase name="TestALotOfAdding" classname="LocalCMCTests" time="0.001"/>
  <testcase name="TestALotOfAdding" classname="LocalCMCTests" time="0.0"/>
  <testcase name="TestALotOfAdding" classname="LocalCMCTests" time="0.0"/>
  <testcase name="TestALotOfAdding" classname="LocalCMCTests" time="0.001"/>
  <testcase name="TestALotOfAdding" classname="LocalCMCTests" time="0.002"/>
  <testcase name="TestALotOfAdding" classname="LocalCMCTests" time="0.001"/>
  <testcase name="TestALotOfAdding" classname="LocalCMCTests" time="0.0"/>
  <testcase name="TestALotOfAdding" classname="LocalCMCTests" time="0.001"/>
  <testcase name="TestALotOfAdding" classname="LocalCMCTests" time="0.001"/>
  <testcase name="TestALotOfAdding" classname="LocalCMCTests" time="0.001"/>
  <testcase name="TestALotOfAdding" classname="LocalCMCTests" time="0.001"/>
  <testcase name="TestALotOfAdding" classname="LocalCMCTests" time="0.001"/>
  <testcase name="TestALotOfAdding" classname="LocalCMCTests" time="0.001"/>
  <testcase name="TestALotOfAdding" classname="LocalCMCTests" time="0.0"/>
  <testcase name="TestALotOfAdding" classname="LocalCMCTests" time="0.0"/>
  <testcase name="TestALotOfAdding" classname="LocalCMCTests" time="0.002"/>
  <testcase name="TestALotOfAdding" classname="LocalCMCTests" time="0.0"/>
  <testcase name="TestALotOfAdding" classname="LocalCMCTests" time="0.001"/>
  <testcase name="TestALotOfAdding" classname="LocalCMCTests" time="0.0"/>
  <testcase name="TestALotOfAdding" classname="LocalCMCTests" time="0.0"/>
  <testcase name="TestALotOfAdding" classname="LocalCMCTests" time="0.0"/>
  <testcase name="TestALotOfAdding" classname="LocalCMCTests" time="0.001"/>
  <testcase name="TestALotOfAdding" classname="LocalCMCTests" time="0.0"/>
  <testcase name="TestALotOfAdding" classname="LocalCMCTests" time="0.002"/>
  <testcase name="TestALotOfAdding" classname="LocalCMCTests" time="0.001"/>
  <testcase name="TestALotOfAdding" classname="LocalCMCTests" time="0.001"/>
  <testcase name="TestALotOfAdding" classname="LocalCMCTests" time="0.001"/>
  <testcase name="TestALotOfAdding" classname="LocalCMCTests" time="0.001"/>
  <testcase name="TestALotOfAdding" classname="LocalCMCTests" time="0.002"/>
  <testcase name="TestALotOfAdding" classname="LocalCMCTests" time="0.001"/>
  <testcase name="TestALotOfAdding" classname="LocalCMCTests" time="0.0"/>
  <testcase name="TestALotOfAdding" classname="LocalCMCTests" time="0.0"/>
  <testcase name="TestALotOfAdding" classname="LocalCMCTests" time="0.001"/>
  <testcase name="TestALotOfAdding" classname="LocalCMCTests" time="0.0"/>
  <testcase name="TestALotOfAdding" classname="LocalCMCTests" time="0.001"/>
  <testcase name="TestALotOfAdding" classname="LocalCMCTests" time="0.0"/>
  <testcase name="TestALotOfAdding" classname="LocalCMCTests" time="0.001"/>
  <testcase name="TestALotOfAdding" classname="LocalCMCTests" time="0.001"/>
  <testcase name="TestALotOfAdding" classname="LocalCMCTests" time="0.001"/>
  <testcase name="TestALotOfAdding" classname="LocalCMCTests" time="0.001"/>
  <testcase name="TestALotOfAdding" classname="LocalCMCTests" time="0.001"/>
  <testcase name="TestALotOfAdding" classname="LocalCMCTests" time="0.0"/>
  <testcase name="TestALotOfAdding" classname="LocalCMCTests" time="0.001"/>
  <testcase name="TestALotOfAdding" classname="LocalCMCTests" time="0.001"/>
  <testcase name="TestALotOfAdding" classname="LocalCMCTests" time="0.0"/>
  <testcase name="TestALotOfAdding" classname="LocalCMCTests" time="0.0"/>
  <testcase name="TestALotOfAdding" classname="LocalCMCTests" time="0.001"/>
  <testcase name="TestALotOfAdding" classname="LocalCMCTests" time="0.001"/>
  <testcase name="TestALotOfAdding" classname="LocalCMCTests" time="0.0"/>
  <testcase name="TestALotOfAdding" classname="LocalCMCTests" time="0.001"/>
  <testcase name="TestALotOfAdding" classname="LocalCMCTests" time="0.001"/>
  <testcase name="TestALotOfAdding" classname="LocalCMCTests" time="0.001"/>
  <testcase name="TestALotOfAdding" classname="LocalCMCTests" time="0.001"/>
  <testcase name="TestALotOfAdding" classname="LocalCMCTests" time="0.001"/>
  <testcase name="TestALotOfAdding" classname="LocalCMCTests" time="0.001"/>
  <testcase name="TestALotOfAdding" classname="LocalCMCTests" time="0.0"/>
  <testcase name="TestALotOfAdding" classname="LocalCMCTests" time="0.001"/>
  <testcase name="TestALotOfAdding" classname="LocalCMCTests" time="0.001"/>
  <testcase name="TestALotOfAdding" classname="LocalCMCTests" time="0.001"/>
  <testcase name="TestALotOfAdding" classname="LocalCMCTests" time="0.0"/>
  <testcase name="TestALotOfAdding" classname="LocalCMCTests" time="0.0"/>
  <testcase name="TestALotOfAdding" classname="LocalCMCTests" time="0.0"/>
  <testcase name="TestALotOfAdding" classname="LocalCMCTests" time="0.0"/>
  <testcase name="TestALotOfAdding" classname="LocalCMCTests" time="0.0"/>
  <testcase name="TestALotOfAdding" classname="LocalCMCTests" time="0.001"/>
  <testcase name="TestALotOfAdding" classname="LocalCMCTests" time="0.0"/>
  <testcase name="TestALotOfAdding" classname="LocalCMCTests" time="0.002"/>
  <testcase name="TestALotOfAdding" classname="LocalCMCTests" time="0.001"/>
  <testcase name="TestALotOfAdding" classname="LocalCMCTests" time="0.0"/>
  <testcase name="TestALotOfAdding" classname="LocalCMCTests" time="0.001"/>
  <testcase name="TestALotOfAdding" classname="LocalCMCTests" time="0.0"/>
  <testcase name="TestALotOfAdding" classname="LocalCMCTests" time="0.001"/>
  <testcase name="TestALotOfAdding" classname="LocalCMCTests" time="0.001"/>
  <testcase name="TestALotOfAdding" classname="LocalCMCTests" time="0.0"/>
  <testcase name="TestALotOfAdding" classname="LocalCMCTests" time="0.0"/>
  <testcase name="TestALotOfAdding" classname="LocalCMCTests" time="0.001"/>
  <testcase name="TestALotOfAdding" classname="LocalCMCTests" time="0.0"/>
  <testcase name="TestALotOfAdding" classname="LocalCMCTests" time="0.001"/>
  <testcase name="TestALotOfAdding" classname="LocalCMCTests" time="0.001"/>
  <testcase name="TestALotOfAdding" classname="LocalCMCTests" time="0.0"/>
  <testcase name="TestALotOfAdding" classname="LocalCMCTests" time="0.0"/>
  <testcase name="TestALotOfAdding" classname="LocalCMCTests" time="0.001"/>
  <testcase name="TestALotOfAdding" classname="LocalCMCTests" time="0.0"/>
  <testcase name="TestALotOfAdding" classname="LocalCMCTests" time="0.002"/>
  <testcase name="TestALotOfAdding" classname="LocalCMCTests" time="0.001"/>
  <testcase name="TestALotOfAdding" classname="LocalCMCTests" time="0.0"/>
  <testcase name="TestALotOfAdding" classname="LocalCMCTests" time="0.001"/>
  <testcase name="TestALotOfAdding" classname="LocalCMCTests" time="0.001"/>
  <testcase name="TestALotOfAdding" classname="LocalCMCTests" time="0.001"/>
  <testcase name="TestALotOfAdding" classname="LocalCMCTests" time="0.002"/>
  <testcase name="TestALotOfAdding" classname="LocalCMCTests" time="0.0"/>
  <testcase name="TestALotOfAdding" classname="LocalCMCTests" time="0.0"/>
  <testcase name="TestALotOfAdding" classname="LocalCMCTests" time="0.001"/>
  <testcase name="TestALotOfAdding" classname="LocalCMCTests" time="0.001"/>
  <testcase name="TestALotOfAdding" classname="LocalCMCTests" time="0.002"/>
  <testcase name="TestALotOfAdding" classname="LocalCMCTests" time="0.002"/>
  <testcase name="TestALotOfAdding" classname="LocalCMCTests" time="0.001"/>
  <testcase name="TestALotOfAdding" classname="LocalCMCTests" time="0.001"/>
  <testcase name="TestALotOfAdding" classname="LocalCMCTests" time="0.001"/>
  <testcase name="TestALotOfAdding" classname="LocalCMCTests" time="0.0"/>
  <testcase name="TestALotOfAdding" classname="LocalCMCTests" time="0.0"/>
  <testcase name="TestALotOfAdding" classname="LocalCMCTests" time="0.0"/>
  <testcase name="TestALotOfAdding" classname="LocalCMCTests" time="0.0"/>
  <testcase name="TestALotOfAdding" classname="LocalCMCTests" time="0.0"/>
  <testcase name="TestALotOfAdding" classname="LocalCMCTests" time="0.0"/>
  <testcase name="TestALotOfAdding" classname="LocalCMCTests" time="0.001"/>
  <testcase name="TestALotOfAdding" classname="LocalCMCTests" time="0.0"/>
  <testcase name="TestALotOfAdding" classname="LocalCMCTests" time="0.0"/>
  <testcase name="TestALotOfAdding" classname="LocalCMCTests" time="0.002"/>
  <testcase name="TestALotOfAdding" classname="LocalCMCTests" time="0.002"/>
  <testcase name="TestALotOfAdding" classname="LocalCMCTests" time="0.0"/>
  <testcase name="TestALotOfAdding" classname="LocalCMCTests" time="0.001"/>
  <testcase name="TestALotOfAdding" classname="LocalCMCTests" time="0.0"/>
  <testcase name="TestALotOfAdding" classname="LocalCMCTests" time="0.001"/>
  <testcase name="TestALotOfAdding" classname="LocalCMCTests" time="0.0"/>
  <testcase name="TestALotOfAdding" classname="LocalCMCTests" time="0.001"/>
  <testcase name="TestALotOfAdding" classname="LocalCMCTests" time="0.001"/>
  <testcase name="TestALotOfAdding" classname="LocalCMCTests" time="0.001"/>
  <testcase name="TestALotOfAdding" classname="LocalCMCTests" time="0.001"/>
  <testcase name="TestALotOfAdding" classname="LocalCMCTests" time="0.002"/>
  <testcase name="TestALotOfAdding" classname="LocalCMCTests" time="0.001"/>
  <testcase name="TestALotOfAdding" classname="LocalCMCTests" time="0.001"/>
  <testcase name="TestALotOfAdding" classname="LocalCMCTests" time="0.001"/>
  <testcase name="TestALotOfAdding" classname="LocalCMCTests" time="0.0"/>
  <testcase name="TestALotOfAdding" classname="LocalCMCTests" time="0.001"/>
  <testcase name="TestALotOfAdding" classname="LocalCMCTests" time="0.0"/>
  <testcase name="TestALotOfAdding" classname="LocalCMCTests" time="0.001"/>
  <testcase name="TestALotOfAdding" classname="LocalCMCTests" time="0.001"/>
  <testcase name="TestALotOfAdding" classname="LocalCMCTests" time="0.0"/>
  <testcase name="TestALotOfAdding" classname="LocalCMCTests" time="0.001"/>
  <testcase name="TestALotOfAdding" classname="LocalCMCTests" time="0.0"/>
  <testcase name="TestALotOfAdding" classname="LocalCMCTests" time="0.0"/>
  <testcase name="TestALotOfAdding" classname="LocalCMCTests" time="0.001"/>
  <testcase name="TestALotOfAdding" classname="LocalCMCTests" time="0.0"/>
  <testcase name="TestALotOfAdding" classname="LocalCMCTests" time="0.001"/>
  <testcase name="TestALotOfAdding" classname="LocalCMCTests" time="0.002"/>
  <testcase name="TestALotOfAdding" classname="LocalCMCTests" time="0.0"/>
  <testcase name="TestALotOfAdding" classname="LocalCMCTests" time="0.001"/>
  <testcase name="TestALotOfAdding" classname="LocalCMCTests" time="0.0"/>
  <testcase name="TestALotOfAdding" classname="LocalCMCTests" time="0.0"/>
  <testcase name="TestALotOfAdding" classname="LocalCMCTests" time="0.002"/>
  <testcase name="TestALotOfAdding" classname="LocalCMCTests" time="0.002"/>
  <testcase name="TestALotOfAdding" classname="LocalCMCTests" time="0.001"/>
  <testcase name="TestALotOfAdding" classname="LocalCMCTests" time="0.0"/>
  <testcase name="TestALotOfAdding" classname="LocalCMCTests" time="0.0"/>
  <testcase name="TestALotOfAdding" classname="LocalCMCTests" time="0.001"/>
  <testcase name="TestALotOfAdding" classname="LocalCMCTests" time="0.001"/>
  <testcase name="TestALotOfAdding" classname="LocalCMCTests" time="0.001"/>
  <testcase name="TestALotOfAdding" classname="LocalCMCTests" time="0.001"/>
  <testcase name="TestALotOfAdding" classname="LocalCMCTests" time="0.0"/>
  <testcase name="TestALotOfAdding" classname="LocalCMCTests" time="0.0"/>
  <testcase name="TestALotOfAdding" classname="LocalCMCTests" time="0.001"/>
  <testcase name="TestALotOfAdding" classname="LocalCMCTests" time="0.001"/>
  <testcase name="TestALotOfAdding" classname="LocalCMCTests" time="0.001"/>
  <testcase name="TestALotOfAdding" classname="LocalCMCTests" time="0.001"/>
  <testcase name="TestALotOfAdding" classname="LocalCMCTests" time="0.001"/>
  <testcase name="TestALotOfAdding" classname="LocalCMCTests" time="0.001"/>
  <testcase name="TestALotOfAdding" classname="LocalCMCTests" time="0.001"/>
  <testcase name="TestALotOfAdding" classname="LocalCMCTests" time="0.0"/>
  <testcase name="TestALotOfAdding" classname="LocalCMCTests" time="0.0"/>
  <testcase name="TestALotOfAdding" classname="LocalCMCTests" time="0.0"/>
  <testcase name="TestALotOfAdding" classname="LocalCMCTests" time="0.0"/>
  <testcase name="TestALotOfAdding" classname="LocalCMCTests" time="0.001"/>
  <testcase name="TestALotOfAdding" classname="LocalCMCTests" time="0.002"/>
  <testcase name="TestALotOfAdding" classname="LocalCMCTests" time="0.002"/>
  <testcase name="TestALotOfAdding" classname="LocalCMCTests" time="0.0"/>
  <testcase name="TestALotOfAdding" classname="LocalCMCTests" time="0.0"/>
  <testcase name="TestALotOfAdding" classname="LocalCMCTests" time="0.001"/>
  <testcase name="TestALotOfAdding" classname="LocalCMCTests" time="0.001"/>
  <testcase name="TestALotOfAdding" classname="LocalCMCTests" time="0.001"/>
  <testcase name="TestALotOfAdding" classname="LocalCMCTests" time="0.001"/>
  <testcase name="TestALotOfAdding" classname="LocalCMCTests" time="0.001"/>
  <testcase name="TestALotOfAdding" classname="LocalCMCTests" time="0.0"/>
  <testcase name="TestALotOfAdding" classname="LocalCMCTests" time="0.0"/>
  <testcase name="TestALotOfAdding" classname="LocalCMCTests" time="0.001"/>
  <testcase name="TestALotOfAdding" classname="LocalCMCTests" time="0.001"/>
  <testcase name="TestALotOfAdding" classname="LocalCMCTests" time="0.0"/>
  <testcase name="TestALotOfAdding" classname="LocalCMCTests" time="0.0"/>
  <testcase name="TestALotOfAdding" classname="LocalCMCTests" time="0.0"/>
  <testcase name="TestALotOfAdding" classname="LocalCMCTests" time="0.001"/>
  <testcase name="TestALotOfAdding" classname="LocalCMCTests" time="0.001"/>
  <testcase name="TestALotOfAdding" classname="LocalCMCTests" time="0.001"/>
  <testcase name="TestALotOfAdding" classname="LocalCMCTests" time="0.001"/>
  <testcase name="TestALotOfAdding" classname="LocalCMCTests" time="0.001"/>
  <testcase name="TestALotOfAdding" classname="LocalCMCTests" time="0.0"/>
  <testcase name="TestALotOfAdding" classname="LocalCMCTests" time="0.001"/>
  <testcase name="TestALotOfAdding" classname="LocalCMCTests" time="0.001"/>
  <testcase name="TestALotOfAdding" classname="LocalCMCTests" time="0.001"/>
  <testcase name="TestALotOfAdding" classname="LocalCMCTests" time="0.0"/>
  <testcase name="TestALotOfAdding" classname="LocalCMCTests" time="0.001"/>
  <testcase name="TestALotOfAdding" classname="LocalCMCTests" time="0.0"/>
  <testcase name="TestALotOfAdding" classname="LocalCMCTests" time="0.0"/>
  <testcase name="TestALotOfAdding" classname="LocalCMCTests" time="0.0"/>
  <testcase name="TestALotOfAdding" classname="LocalCMCTests" time="0.001"/>
  <testcase name="TestALotOfAdding" classname="LocalCMCTests" time="0.001"/>
  <testcase name="TestALotOfAdding" classname="LocalCMCTests" time="0.0"/>
  <testcase name="TestALotOfAdding" classname="LocalCMCTests" time="0.0"/>
  <testcase name="TestALotOfAdding" classname="LocalCMCTests" time="0.001"/>
  <testcase name="TestALotOfAdding" classname="LocalCMCTests" time="0.0"/>
  <testcase name="TestALotOfAdding" classname="LocalCMCTests" time="0.001"/>
  <testcase name="TestALotOfAdding" classname="LocalCMCTests" time="0.001"/>
  <testcase name="TestALotOfAdding" classname="LocalCMCTests" time="0.001"/>
  <testcase name="TestALotOfAdding" classname="LocalCMCTests" time="0.001"/>
  <testcase name="TestALotOfAdding" classname="LocalCMCTests" time="0.001"/>
  <testcase name="TestALotOfAdding" classname="LocalCMCTests" time="0.0"/>
  <testcase name="TestALotOfAdding" classname="LocalCMCTests" time="0.002"/>
  <testcase name="TestALotOfAdding" classname="LocalCMCTests" time="0.0"/>
  <testcase name="TestALotOfAdding" classname="LocalCMCTests" time="0.001"/>
  <testcase name="TestALotOfAdding" classname="LocalCMCTests" time="0.001"/>
  <testcase name="TestALotOfAdding" classname="LocalCMCTests" time="0.0"/>
  <testcase name="TestALotOfAdding" classname="LocalCMCTests" time="0.001"/>
  <testcase name="TestALotOfAdding" classname="LocalCMCTests" time="0.0"/>
  <testcase name="TestALotOfAdding" classname="LocalCMCTests" time="0.0"/>
  <testcase name="TestALotOfAdding" classname="LocalCMCTests" time="0.001"/>
  <testcase name="TestALotOfAdding" classname="LocalCMCTests" time="0.001"/>
  <testcase name="TestALotOfAdding" classname="LocalCMCTests" time="0.001"/>
  <testcase name="TestALotOfAdding" classname="LocalCMCTests" time="0.001"/>
  <testcase name="TestALotOfAdding" classname="LocalCMCTests" time="0.002"/>
  <testcase name="TestALotOfAdding" classname="LocalCMCTests" time="0.0"/>
  <testcase name="TestALotOfAdding" classname="LocalCMCTests" time="0.001"/>
  <testcase name="TestALotOfAdding" classname="LocalCMCTests" time="0.0"/>
  <testcase name="TestALotOfAdding" classname="LocalCMCTests" time="0.0"/>
  <testcase name="TestALotOfAdding" classname="LocalCMCTests" time="0.0"/>
  <testcase name="TestALotOfAdding" classname="LocalCMCTests" time="0.001"/>
  <testcase name="TestALotOfAdding" classname="LocalCMCTests" time="0.001"/>
  <testcase name="TestALotOfAdding" classname="LocalCMCTests" time="0.001"/>
  <testcase name="TestALotOfAdding" classname="LocalCMCTests" time="0.001"/>
  <testcase name="TestALotOfAdding" classname="LocalCMCTests" time="0.001"/>
  <testcase name="TestALotOfAdding" classname="LocalCMCTests" time="0.001"/>
  <testcase name="TestALotOfAdding" classname="LocalCMCTests" time="0.001"/>
  <testcase name="TestALotOfAdding" classname="LocalCMCTests" time="0.001"/>
  <testcase name="TestALotOfAdding" classname="LocalCMCTests" time="0.002"/>
  <testcase name="TestALotOfAdding" classname="LocalCMCTests" time="0.0"/>
  <testcase name="TestALotOfAdding" classname="LocalCMCTests" time="0.001"/>
  <testcase name="TestALotOfAdding" classname="LocalCMCTests" time="0.0"/>
  <testcase name="TestALotOfAdding" classname="LocalCMCTests" time="0.0"/>
  <testcase name="TestALotOfAdding" classname="LocalCMCTests" time="0.0"/>
  <testcase name="TestALotOfAdding" classname="LocalCMCTests" time="0.0"/>
  <testcase name="TestALotOfAdding" classname="LocalCMCTests" time="0.0"/>
  <testcase name="TestALotOfAdding" classname="LocalCMCTests" time="0.0"/>
  <testcase name="TestALotOfAdding" classname="LocalCMCTests" time="0.0"/>
  <testcase name="TestALotOfAdding" classname="LocalCMCTests" time="0.001"/>
  <testcase name="TestALotOfAdding" classname="LocalCMCTests" time="0.001"/>
  <testcase name="TestALotOfAdding" classname="LocalCMCTests" time="0.001"/>
  <testcase name="TestALotOfAdding" classname="LocalCMCTests" time="0.001"/>
  <testcase name="TestALotOfAdding" classname="LocalCMCTests" time="0.001"/>
  <testcase name="TestALotOfAdding" classname="LocalCMCTests" time="0.001"/>
  <testcase name="TestALotOfAdding" classname="LocalCMCTests" time="0.001"/>
  <testcase name="TestALotOfAdding" classname="LocalCMCTests" time="0.001"/>
  <testcase name="TestALotOfAdding" classname="LocalCMCTests" time="0.001"/>
  <testcase name="TestALotOfAdding" classname="LocalCMCTests" time="0.0"/>
  <testcase name="TestALotOfAdding" classname="LocalCMCTests" time="0.0"/>
  <testcase name="TestALotOfAdding" classname="LocalCMCTests" time="0.0"/>
  <testcase name="TestALotOfAdding" classname="LocalCMCTests" time="0.0"/>
  <testcase name="TestALotOfAdding" classname="LocalCMCTests" time="0.0"/>
  <testcase name="TestALotOfAdding" classname="LocalCMCTests" time="0.001"/>
  <testcase name="TestALotOfAdding" classname="LocalCMCTests" time="0.002"/>
  <testcase name="TestALotOfAdding" classname="LocalCMCTests" time="0.001"/>
  <testcase name="TestALotOfAdding" classname="LocalCMCTests" time="0.0"/>
  <testcase name="TestALotOfAdding" classname="LocalCMCTests" time="0.0"/>
  <testcase name="TestALotOfAdding" classname="LocalCMCTests" time="0.001"/>
  <testcase name="TestALotOfAdding" classname="LocalCMCTests" time="0.001"/>
  <testcase name="TestALotOfAdding" classname="LocalCMCTests" time="0.001"/>
  <testcase name="TestALotOfAdding" classname="LocalCMCTests" time="0.001"/>
  <testcase name="TestALotOfAdding" classname="LocalCMCTests" time="0.001"/>
  <testcase name="TestALotOfAdding" classname="LocalCMCTests" time="0.0"/>
  <testcase name="TestALotOfAdding" classname="LocalCMCTests" time="0.0"/>
  <testcase name="TestALotOfAdding" classname="LocalCMCTests" time="0.001"/>
  <testcase name="TestALotOfAdding" classname="LocalCMCTests" time="0.001"/>
  <testcase name="TestALotOfAdding" classname="LocalCMCTests" time="0.002"/>
  <testcase name="TestALotOfAdding" classname="LocalCMCTests" time="0.001"/>
  <testcase name="TestALotOfAdding" classname="LocalCMCTests" time="0.001"/>
  <testcase name="TestALotOfAdding" classname="LocalCMCTests" time="0.001"/>
  <testcase name="TestALotOfAdding" classname="LocalCMCTests" time="0.0"/>
  <testcase name="TestALotOfAdding" classname="LocalCMCTests" time="0.0"/>
  <testcase name="TestALotOfAdding" classname="LocalCMCTests" time="0.002"/>
  <testcase name="TestALotOfAdding" classname="LocalCMCTests" time="0.0"/>
  <testcase name="TestALotOfAdding" classname="LocalCMCTests" time="0.0"/>
  <testcase name="TestALotOfAdding" classname="LocalCMCTests" time="0.001"/>
  <testcase name="TestALotOfAdding" classname="LocalCMCTests" time="0.001"/>
  <testcase name="TestALotOfAdding" classname="LocalCMCTests" time="0.001"/>
  <testcase name="TestALotOfAdding" classname="LocalCMCTests" time="0.001"/>
  <testcase name="TestALotOfAdding" classname="LocalCMCTests" time="0.001"/>
  <testcase name="TestALotOfAdding" classname="LocalCMCTests" time="0.0"/>
  <testcase name="TestALotOfAdding" classname="LocalCMCTests" time="0.002"/>
  <testcase name="TestALotOfAdding" classname="LocalCMCTests" time="0.0"/>
  <testcase name="TestALotOfAdding" classname="LocalCMCTests" time="0.001"/>
  <testcase name="TestALotOfAdding" classname="LocalCMCTests" time="0.0"/>
  <testcase name="TestALotOfAdding" classname="LocalCMCTests" time="0.0"/>
  <testcase name="TestALotOfAdding" classname="LocalCMCTests" time="0.0"/>
  <testcase name="TestALotOfAdding" classname="LocalCMCTests" time="0.001"/>
  <testcase name="TestALotOfAdding" classname="LocalCMCTests" time="0.0"/>
  <testcase name="TestALotOfAdding" classname="LocalCMCTests" time="0.0"/>
  <testcase name="TestALotOfAdding" classname="LocalCMCTests" time="0.002"/>
  <testcase name="TestALotOfAdding" classname="LocalCMCTests" time="0.0"/>
  <testcase name="TestALotOfAdding" classname="LocalCMCTests" time="0.0"/>
  <testcase name="TestALotOfAdding" classname="LocalCMCTests" time="0.001"/>
  <testcase name="TestALotOfAdding" classname="LocalCMCTests" time="0.001"/>
  <testcase name="TestALotOfAdding" classname="LocalCMCTests" time="0.001"/>
  <testcase name="TestALotOfAdding" classname="LocalCMCTests" time="0.001"/>
  <testcase name="TestALotOfAdding" classname="LocalCMCTests" time="0.001"/>
  <testcase name="TestALotOfAdding" classname="LocalCMCTests" time="0.001"/>
  <testcase name="TestALotOfAdding" classname="LocalCMCTests" time="0.0"/>
  <testcase name="TestALotOfAdding" classname="LocalCMCTests" time="0.0"/>
  <testcase name="TestALotOfAdding" classname="LocalCMCTests" time="0.0"/>
  <testcase name="TestALotOfAdding" classname="LocalCMCTests" time="0.0"/>
  <testcase name="TestALotOfAdding" classname="LocalCMCTests" time="0.001"/>
  <testcase name="TestALotOfAdding" classname="LocalCMCTests" time="0.0"/>
  <testcase name="TestALotOfAdding" classname="LocalCMCTests" time="0.0"/>
  <testcase name="TestALotOfAdding" classname="LocalCMCTests" time="0.001"/>
  <testcase name="TestALotOfAdding" classname="LocalCMCTests" time="0.0"/>
  <testcase name="TestALotOfAdding" classname="LocalCMCTests" time="0.003"/>
  <testcase name="TestALotOfAdding" classname="LocalCMCTests" time="0.0"/>
  <testcase name="TestALotOfAdding" classname="LocalCMCTests" time="0.001"/>
  <testcase name="TestALotOfAdding" classname="LocalCMCTests" time="0.0"/>
  <testcase name="TestALotOfAdding" classname="LocalCMCTests" time="0.001"/>
  <testcase name="TestALotOfAdding" classname="LocalCMCTests" time="0.001"/>
  <testcase name="TestALotOfAdding" classname="LocalCMCTests" time="0.001"/>
  <testcase name="TestALotOfAdding" classname="LocalCMCTests" time="0.001"/>
  <testcase name="TestALotOfAdding" classname="LocalCMCTests" time="0.001"/>
  <testcase name="TestALotOfAdding" classname="LocalCMCTests" time="0.0"/>
  <testcase name="TestALotOfAdding" classname="LocalCMCTests" time="0.0"/>
  <testcase name="TestALotOfAdding" classname="LocalCMCTests" time="0.001"/>
  <testcase name="TestALotOfAdding" classname="LocalCMCTests" time="0.0"/>
  <testcase name="TestALotOfAdding" classname="LocalCMCTests" time="0.0"/>
  <testcase name="TestALotOfAdding" classname="LocalCMCTests" time="0.001"/>
  <testcase name="TestALotOfAdding" classname="LocalCMCTests" time="0.001"/>
  <testcase name="TestALotOfAdding" classname="LocalCMCTests" time="0.0"/>
  <testcase name="TestALotOfAdding" classname="LocalCMCTests" time="0.001"/>
  <testcase name="TestALotOfAdding" classname="LocalCMCTests" time="0.001"/>
  <testcase name="TestALotOfAdding" classname="LocalCMCTests" time="0.0"/>
  <testcase name="TestALotOfAdding" classname="LocalCMCTests" time="0.0"/>
  <testcase name="TestALotOfAdding" classname="LocalCMCTests" time="0.001"/>
  <testcase name="TestALotOfAdding" classname="LocalCMCTests" time="0.001"/>
  <testcase name="TestALotOfAdding" classname="LocalCMCTests" time="0.001"/>
  <testcase name="TestALotOfAdding" classname="LocalCMCTests" time="0.002"/>
  <testcase name="TestALotOfAdding" classname="LocalCMCTests" time="0.001"/>
  <testcase name="TestALotOfAdding" classname="LocalCMCTests" time="0.0"/>
  <testcase name="TestALotOfAdding" classname="LocalCMCTests" time="0.0"/>
  <testcase name="TestALotOfAdding" classname="LocalCMCTests" time="0.001"/>
  <testcase name="TestALotOfAdding" classname="LocalCMCTests" time="0.001"/>
  <testcase name="TestALotOfAdding" classname="LocalCMCTests" time="0.001"/>
  <testcase name="TestALotOfAdding" classname="LocalCMCTests" time="0.0"/>
  <testcase name="TestALotOfAdding" classname="LocalCMCTests" time="0.001"/>
  <testcase name="TestALotOfAdding" classname="LocalCMCTests" time="0.001"/>
  <testcase name="TestALotOfAdding" classname="LocalCMCTests" time="0.001"/>
  <testcase name="TestALotOfAdding" classname="LocalCMCTests" time="0.001"/>
  <testcase name="TestALotOfAdding" classname="LocalCMCTests" time="0.001"/>
  <testcase name="TestALotOfAdding" classname="LocalCMCTests" time="0.001"/>
  <testcase name="TestALotOfAdding" classname="LocalCMCTests" time="0.0"/>
  <testcase name="TestALotOfAdding" classname="LocalCMCTests" time="0.0"/>
  <testcase name="TestALotOfAdding" classname="LocalCMCTests" time="0.0"/>
  <testcase name="TestALotOfAdding" classname="LocalCMCTests" time="0.0"/>
  <testcase name="TestALotOfAdding" classname="LocalCMCTests" time="0.0"/>
  <testcase name="TestALotOfAdding" classname="LocalCMCTests" time="0.001"/>
  <testcase name="TestALotOfAdding" classname="LocalCMCTests" time="0.002"/>
  <testcase name="TestALotOfAdding" classname="LocalCMCTests" time="0.001"/>
  <testcase name="TestALotOfAdding" classname="LocalCMCTests" time="0.001"/>
  <testcase name="TestALotOfAdding" classname="LocalCMCTests" time="0.001"/>
  <testcase name="TestALotOfAdding" classname="LocalCMCTests" time="0.001"/>
  <testcase name="TestALotOfAdding" classname="LocalCMCTests" time="0.001"/>
  <testcase name="TestALotOfAdding" classname="LocalCMCTests" time="0.002"/>
  <testcase name="TestALotOfAdding" classname="LocalCMCTests" time="0.0"/>
  <testcase name="TestALotOfAdding" classname="LocalCMCTests" time="0.001"/>
  <testcase name="TestALotOfAdding" classname="LocalCMCTests" time="0.0"/>
  <testcase name="TestALotOfAdding" classname="LocalCMCTests" time="0.0"/>
  <testcase name="TestALotOfAdding" classname="LocalCMCTests" time="0.0"/>
  <testcase name="TestALotOfAdding" classname="LocalCMCTests" time="0.0"/>
  <testcase name="TestALotOfAdding" classname="LocalCMCTests" time="0.0"/>
  <testcase name="TestALotOfAdding" classname="LocalCMCTests" time="0.0"/>
  <testcase name="TestALotOfAdding" classname="LocalCMCTests" time="0.001"/>
  <testcase name="TestALotOfAdding" classname="LocalCMCTests" time="0.001"/>
  <testcase name="TestALotOfAdding" classname="LocalCMCTests" time="0.001"/>
  <testcase name="TestALotOfAdding" classname="LocalCMCTests" time="0.001"/>
  <testcase name="TestALotOfAdding" classname="LocalCMCTests" time="0.001"/>
  <testcase name="TestALotOfAdding" classname="LocalCMCTests" time="0.001"/>
  <testcase name="TestALotOfAdding" classname="LocalCMCTests" time="0.001"/>
  <testcase name="TestALotOfAdding" classname="LocalCMCTests" time="0.001"/>
  <testcase name="TestALotOfAdding" classname="LocalCMCTests" time="0.0"/>
  <testcase name="TestALotOfAdding" classname="LocalCMCTests" time="0.001"/>
  <testcase name="TestALotOfAdding" classname="LocalCMCTests" time="0.0"/>
  <testcase name="TestALotOfAdding" classname="LocalCMCTests" time="0.0"/>
  <testcase name="TestALotOfAdding" classname="LocalCMCTests" time="0.0"/>
  <testcase name="TestALotOfAdding" classname="LocalCMCTests" time="0.001"/>
  <testcase name="TestALotOfAdding" classname="LocalCMCTests" time="0.001"/>
  <testcase name="TestALotOfAdding" classname="LocalCMCTests" time="0.001"/>
  <testcase name="TestALotOfAdding" classname="LocalCMCTests" time="0.001"/>
  <testcase name="TestALotOfAdding" classname="LocalCMCTests" time="0.0"/>
  <testcase name="TestALotOfAdding" classname="LocalCMCTests" time="0.0"/>
  <testcase name="TestALotOfAdding" classname="LocalCMCTests" time="0.001"/>
  <testcase name="TestALotOfAdding" classname="LocalCMCTests" time="0.001"/>
  <testcase name="TestALotOfAdding" classname="LocalCMCTests" time="0.001"/>
  <testcase name="TestALotOfAdding" classname="LocalCMCTests" time="0.0"/>
  <testcase name="TestALotOfAdding" classname="LocalCMCTests" time="0.002"/>
  <testcase name="TestALotOfAdding" classname="LocalCMCTests" time="0.001"/>
  <testcase name="TestALotOfAdding" classname="LocalCMCTests" time="0.0"/>
  <testcase name="TestALotOfAdding" classname="LocalCMCTests" time="0.0"/>
  <testcase name="TestALotOfAdding" classname="LocalCMCTests" time="0.001"/>
  <testcase name="TestALotOfAdding" classname="LocalCMCTests" time="0.001"/>
  <testcase name="TestALotOfAdding" classname="LocalCMCTests" time="0.001"/>
  <testcase name="TestALotOfAdding" classname="LocalCMCTests" time="0.0"/>
  <testcase name="TestALotOfAdding" classname="LocalCMCTests" time="0.001"/>
  <testcase name="TestALotOfAdding" classname="LocalCMCTests" time="0.0"/>
  <testcase name="TestALotOfAdding" classname="LocalCMCTests" time="0.001"/>
  <testcase name="TestALotOfAdding" classname="LocalCMCTests" time="0.0"/>
  <testcase name="TestALotOfAdding" classname="LocalCMCTests" time="0.001"/>
  <testcase name="TestALotOfAdding" classname="LocalCMCTests" time="0.001"/>
  <testcase name="TestALotOfAdding" classname="LocalCMCTests" time="0.001"/>
  <testcase name="TestALotOfAdding" classname="LocalCMCTests" time="0.001"/>
  <testcase name="TestALotOfAdding" classname="LocalCMCTests" time="0.0"/>
  <testcase name="TestALotOfAdding" classname="LocalCMCTests" time="0.001"/>
  <testcase name="TestALotOfAdding" classname="LocalCMCTests" time="0.0"/>
  <testcase name="TestALotOfAdding" classname="LocalCMCTests" time="0.0"/>
  <testcase name="TestALotOfAdding" classname="LocalCMCTests" time="0.0"/>
  <testcase name="TestALotOfAdding" classname="LocalCMCTests" time="0.001"/>
  <testcase name="TestALotOfAdding" classname="LocalCMCTests" time="0.002"/>
  <testcase name="TestALotOfAdding" classname="LocalCMCTests" time="0.001"/>
  <testcase name="TestALotOfAdding" classname="LocalCMCTests" time="0.001"/>
  <testcase name="TestALotOfAdding" classname="LocalCMCTests" time="0.001"/>
  <testcase name="TestALotOfAdding" classname="LocalCMCTests" time="0.001"/>
  <testcase name="TestALotOfAdding" classname="LocalCMCTests" time="0.001"/>
  <testcase name="TestALotOfAdding" classname="LocalCMCTests" time="0.001"/>
  <testcase name="TestALotOfAdding" classname="LocalCMCTests" time="0.001"/>
  <testcase name="TestALotOfAdding" classname="LocalCMCTests" time="0.001"/>
  <testcase name="TestALotOfAdding" classname="LocalCMCTests" time="0.0"/>
  <testcase name="TestALotOfAdding" classname="LocalCMCTests" time="0.0"/>
  <testcase name="TestALotOfAdding" classname="LocalCMCTests" time="0.0"/>
  <testcase name="TestALotOfAdding" classname="LocalCMCTests" time="0.0"/>
  <testcase name="TestALotOfAdding" classname="LocalCMCTests" time="0.0"/>
  <testcase name="TestALotOfAdding" classname="LocalCMCTests" time="0.0"/>
  <testcase name="TestALotOfAdding" classname="LocalCMCTests" time="0.001"/>
  <testcase name="TestALotOfAdding" classname="LocalCMCTests" time="0.001"/>
  <testcase name="TestALotOfAdding" classname="LocalCMCTests" time="0.001"/>
  <testcase name="TestALotOfAdding" classname="LocalCMCTests" time="0.0"/>
  <testcase name="TestALotOfAdding" classname="LocalCMCTests" time="0.001"/>
  <testcase name="TestALotOfAdding" classname="LocalCMCTests" time="0.001"/>
  <testcase name="TestALotOfAdding" classname="LocalCMCTests" time="0.001"/>
  <testcase name="TestALotOfAdding" classname="LocalCMCTests" time="0.001"/>
  <testcase name="TestALotOfAdding" classname="LocalCMCTests" time="0.0"/>
  <testcase name="TestALotOfAdding" classname="LocalCMCTests" time="0.0"/>
  <testcase name="TestALotOfAdding" classname="LocalCMCTests" time="0.001"/>
  <testcase name="TestALotOfAdding" classname="LocalCMCTests" time="0.0"/>
  <testcase name="TestALotOfAdding" classname="LocalCMCTests" time="0.0"/>
  <testcase name="TestALotOfAdding" classname="LocalCMCTests" time="0.001"/>
  <testcase name="TestALotOfAdding" classname="LocalCMCTests" time="0.001"/>
  <testcase name="TestALotOfAdding" classname="LocalCMCTests" time="0.001"/>
  <testcase name="TestALotOfAdding" classname="LocalCMCTests" time="0.001"/>
  <testcase name="TestALotOfAdding" classname="LocalCMCTests" time="0.001"/>
  <testcase name="TestALotOfAdding" classname="LocalCMCTests" time="0.002"/>
  <testcase name="TestALotOfAdding" classname="LocalCMCTests" time="0.0"/>
  <testcase name="TestALotOfAdding" classname="LocalCMCTests" time="0.0"/>
  <testcase name="TestALotOfAdding" classname="LocalCMCTests" time="0.0"/>
  <testcase name="TestALotOfAdding" classname="LocalCMCTests" time="0.0"/>
  <testcase name="TestALotOfAdding" classname="LocalCMCTests" time="0.0"/>
  <testcase name="TestALotOfAdding" classname="LocalCMCTests" time="0.001"/>
  <testcase name="TestALotOfAdding" classname="LocalCMCTests" time="0.001"/>
  <testcase name="TestALotOfAdding" classname="LocalCMCTests" time="0.001"/>
  <testcase name="TestALotOfAdding" classname="LocalCMCTests" time="0.0"/>
  <testcase name="TestALotOfAdding" classname="LocalCMCTests" time="0.001"/>
  <testcase name="TestALotOfAdding" classname="LocalCMCTests" time="0.0"/>
  <testcase name="TestALotOfAdding" classname="LocalCMCTests" time="0.001"/>
  <testcase name="TestALotOfAdding" classname="LocalCMCTests" time="0.001"/>
  <testcase name="TestALotOfAdding" classname="LocalCMCTests" time="0.001"/>
  <testcase name="TestALotOfAdding" classname="LocalCMCTests" time="0.001"/>
  <testcase name="TestALotOfAdding" classname="LocalCMCTests" time="0.001"/>
  <testcase name="TestALotOfAdding" classname="LocalCMCTests" time="0.0"/>
  <testcase name="TestALotOfAdding" classname="LocalCMCTests" time="0.001"/>
  <testcase name="TestALotOfAdding" classname="LocalCMCTests" time="0.0"/>
  <testcase name="TestALotOfAdding" classname="LocalCMCTests" time="0.0"/>
  <testcase name="TestALotOfAdding" classname="LocalCMCTests" time="0.001"/>
  <testcase name="TestALotOfAdding" classname="LocalCMCTests" time="0.001"/>
  <testcase name="TestALotOfAdding" classname="LocalCMCTests" time="0.002"/>
  <testcase name="TestALotOfAdding" classname="LocalCMCTests" time="0.001"/>
  <testcase name="TestALotOfAdding" classname="LocalCMCTests" time="0.001"/>
  <testcase name="TestALotOfAdding" classname="LocalCMCTests" time="0.001"/>
  <testcase name="TestALotOfAdding" classname="LocalCMCTests" time="0.0"/>
  <testcase name="TestALotOfAdding" classname="LocalCMCTests" time="0.001"/>
  <testcase name="TestALotOfAdding" classname="LocalCMCTests" time="0.001"/>
  <testcase name="TestALotOfAdding" classname="LocalCMCTests" time="0.0"/>
  <testcase name="TestALotOfAdding" classname="LocalCMCTests" time="0.001"/>
  <testcase name="TestALotOfAdding" classname="LocalCMCTests" time="0.0"/>
  <testcase name="TestALotOfAdding" classname="LocalCMCTests" time="0.001"/>
  <testcase name="TestALotOfAdding" classname="LocalCMCTests" time="0.0"/>
  <testcase name="TestALotOfAdding" classname="LocalCMCTests" time="0.0"/>
  <testcase name="TestALotOfAdding" classname="LocalCMCTests" time="0.001"/>
  <testcase name="TestALotOfAdding" classname="LocalCMCTests" time="0.002"/>
  <testcase name="TestALotOfAdding" classname="LocalCMCTests" time="0.0"/>
  <testcase name="TestALotOfAdding" classname="LocalCMCTests" time="0.003"/>
  <testcase name="TestALotOfAdding" classname="LocalCMCTests" time="0.0"/>
  <testcase name="TestALotOfAdding" classname="LocalCMCTests" time="0.001"/>
  <testcase name="TestALotOfAdding" classname="LocalCMCTests" time="0.0"/>
  <testcase name="TestALotOfAdding" classname="LocalCMCTests" time="0.001"/>
  <testcase name="TestALotOfAdding" classname="LocalCMCTests" time="0.001"/>
  <testcase name="TestALotOfAdding" classname="LocalCMCTests" time="0.001"/>
  <testcase name="TestALotOfAdding" classname="LocalCMCTests" time="0.001"/>
  <testcase name="TestALotOfAdding" classname="LocalCMCTests" time="0.0"/>
  <testcase name="TestALotOfAdding" classname="LocalCMCTests" time="0.001"/>
  <testcase name="TestALotOfAdding" classname="LocalCMCTests" time="0.0"/>
  <testcase name="TestALotOfAdding" classname="LocalCMCTests" time="0.0"/>
  <testcase name="TestALotOfAdding" classname="LocalCMCTests" time="0.0"/>
  <testcase name="TestALotOfAdding" classname="LocalCMCTests" time="0.002"/>
  <testcase name="TestALotOfAdding" classname="LocalCMCTests" time="0.001"/>
  <testcase name="TestALotOfAdding" classname="LocalCMCTests" time="0.0"/>
  <testcase name="TestALotOfAdding" classname="LocalCMCTests" time="0.001"/>
  <testcase name="TestALotOfAdding" classname="LocalCMCTests" time="0.0"/>
  <testcase name="TestALotOfAdding" classname="LocalCMCTests" time="0.001"/>
  <testcase name="TestALotOfAdding" classname="LocalCMCTests" time="0.001"/>
  <testcase name="TestALotOfAdding" classname="LocalCMCTests" time="0.001"/>
  <testcase name="TestALotOfAdding" classname="LocalCMCTests" time="0.001"/>
  <testcase name="TestALotOfAdding" classname="LocalCMCTests" time="0.001"/>
  <testcase name="TestALotOfAdding" classname="LocalCMCTests" time="0.001"/>
  <testcase name="TestALotOfAdding" classname="LocalCMCTests" time="0.0"/>
  <testcase name="TestALotOfAdding" classname="LocalCMCTests" time="0.0"/>
  <testcase name="TestALotOfAdding" classname="LocalCMCTests" time="0.001"/>
  <testcase name="TestALotOfAdding" classname="LocalCMCTests" time="0.001"/>
  <testcase name="TestALotOfAdding" classname="LocalCMCTests" time="0.001"/>
  <testcase name="TestALotOfAdding" classname="LocalCMCTests" time="0.001"/>
  <testcase name="TestALotOfAdding" classname="LocalCMCTests" time="0.001"/>
  <testcase name="TestALotOfAdding" classname="LocalCMCTests" time="0.0"/>
  <testcase name="TestALotOfAdding" classname="LocalCMCTests" time="0.0"/>
  <testcase name="TestALotOfAdding" classname="LocalCMCTests" time="0.0"/>
  <testcase name="TestALotOfAdding" classname="LocalCMCTests" time="0.0"/>
  <testcase name="TestALotOfAdding" classname="LocalCMCTests" time="0.001"/>
  <testcase name="TestALotOfAdding" classname="LocalCMCTests" time="0.001"/>
  <testcase name="TestALotOfAdding" classname="LocalCMCTests" time="0.0"/>
  <testcase name="TestALotOfAdding" classname="LocalCMCTests" time="0.001"/>
  <testcase name="TestALotOfAdding" classname="LocalCMCTests" time="0.001"/>
  <testcase name="TestALotOfAdding" classname="LocalCMCTests" time="0.001"/>
  <testcase name="TestALotOfAdding" classname="LocalCMCTests" time="0.0"/>
  <testcase name="TestALotOfAdding" classname="LocalCMCTests" time="0.001"/>
  <testcase name="TestALotOfAdding" classname="LocalCMCTests" time="0.0"/>
  <testcase name="TestALotOfAdding" classname="LocalCMCTests" time="0.0"/>
  <testcase name="TestALotOfAdding" classname="LocalCMCTests" time="0.0"/>
  <testcase name="TestALotOfAdding" classname="LocalCMCTests" time="0.001"/>
  <testcase name="TestALotOfAdding" classname="LocalCMCTests" time="0.001"/>
  <testcase name="TestALotOfAdding" classname="LocalCMCTests" time="0.001"/>
  <testcase name="TestALotOfAdding" classname="LocalCMCTests" time="0.001"/>
  <testcase name="TestALotOfAdding" classname="LocalCMCTests" time="0.0"/>
  <testcase name="TestALotOfAdding" classname="LocalCMCTests" time="0.0"/>
  <testcase name="TestALotOfAdding" classname="LocalCMCTests" time="0.0"/>
  <testcase name="TestALotOfAdding" classname="LocalCMCTests" time="0.0"/>
  <testcase name="TestALotOfAdding" classname="LocalCMCTests" time="0.0"/>
  <testcase name="TestALotOfAdding" classname="LocalCMCTests" time="0.0"/>
  <testcase name="TestALotOfAdding" classname="LocalCMCTests" time="0.002"/>
  <testcase name="TestALotOfAdding" classname="LocalCMCTests" time="0.003"/>
  <testcase name="TestALotOfAdding" classname="LocalCMCTests" time="0.001"/>
  <testcase name="TestALotOfAdding" classname="LocalCMCTests" time="0.001"/>
  <testcase name="TestALotOfAdding" classname="LocalCMCTests" time="0.001"/>
  <testcase name="TestALotOfAdding" classname="LocalCMCTests" time="0.001"/>
  <testcase name="TestALotOfAdding" classname="LocalCMCTests" time="0.0"/>
  <testcase name="TestALotOfAdding" classname="LocalCMCTests" time="0.002"/>
  <testcase name="TestALotOfAdding" classname="LocalCMCTests" time="0.001"/>
  <testcase name="TestALotOfAdding" classname="LocalCMCTests" time="0.001"/>
  <testcase name="TestALotOfAdding" classname="LocalCMCTests" time="0.001"/>
  <testcase name="TestALotOfAdding" classname="LocalCMCTests" time="0.0"/>
  <testcase name="TestALotOfAdding" classname="LocalCMCTests" time="0.001"/>
  <testcase name="TestALotOfAdding" classname="LocalCMCTests" time="0.003"/>
  <testcase name="TestALotOfAdding" classname="LocalCMCTests" time="0.001"/>
  <testcase name="TestALotOfAdding" classname="LocalCMCTests" time="0.0"/>
  <testcase name="TestALotOfAdding" classname="LocalCMCTests" time="0.0"/>
  <testcase name="TestALotOfAdding" classname="LocalCMCTests" time="0.0"/>
  <testcase name="TestALotOfAdding" classname="LocalCMCTests" time="0.0"/>
  <testcase name="TestALotOfAdding" classname="LocalCMCTests" time="0.001"/>
  <testcase name="TestALotOfAdding" classname="LocalCMCTests" time="0.001"/>
  <testcase name="TestALotOfAdding" classname="LocalCMCTests" time="0.001"/>
  <testcase name="TestALotOfAdding" classname="LocalCMCTests" time="0.001"/>
  <testcase name="TestALotOfAdding" classname="LocalCMCTests" time="0.001"/>
  <testcase name="TestALotOfAdding" classname="LocalCMCTests" time="0.001"/>
  <testcase name="TestALotOfAdding" classname="LocalCMCTests" time="0.0"/>
  <testcase name="TestALotOfAdding" classname="LocalCMCTests" time="0.0"/>
  <testcase name="TestALotOfAdding" classname="LocalCMCTests" time="0.0"/>
  <testcase name="TestALotOfAdding" classname="LocalCMCTests" time="0.001"/>
  <testcase name="TestALotOfAdding" classname="LocalCMCTests" time="0.0"/>
  <testcase name="TestALotOfAdding" classname="LocalCMCTests" time="0.001"/>
  <testcase name="TestALotOfAdding" classname="LocalCMCTests" time="0.0"/>
  <testcase name="TestALotOfAdding" classname="LocalCMCTests" time="0.0"/>
  <testcase name="TestALotOfAdding" classname="LocalCMCTests" time="0.001"/>
  <testcase name="TestALotOfAdding" classname="LocalCMCTests" time="0.0"/>
  <testcase name="TestALotOfAdding" classname="LocalCMCTests" time="0.0"/>
  <testcase name="TestALotOfAdding" classname="LocalCMCTests" time="0.001"/>
  <testcase name="TestALotOfAdding" classname="LocalCMCTests" time="0.001"/>
  <testcase name="TestALotOfAdding" classname="LocalCMCTests" time="0.001"/>
  <testcase name="TestALotOfAdding" classname="LocalCMCTests" time="0.0"/>
  <testcase name="TestALotOfAdding" classname="LocalCMCTests" time="0.001"/>
  <testcase name="TestALotOfAdding" classname="LocalCMCTests" time="0.002"/>
  <testcase name="TestALotOfAdding" classname="LocalCMCTests" time="0.001"/>
  <testcase name="TestALotOfAdding" classname="LocalCMCTests" time="0.001"/>
  <testcase name="TestALotOfAdding" classname="LocalCMCTests" time="0.0"/>
  <testcase name="TestALotOfAdding" classname="LocalCMCTests" time="0.0"/>
  <testcase name="TestALotOfAdding" classname="LocalCMCTests" time="0.001"/>
  <testcase name="TestALotOfAdding" classname="LocalCMCTests" time="0.0"/>
  <testcase name="TestALotOfAdding" classname="LocalCMCTests" time="0.001"/>
  <testcase name="TestALotOfAdding" classname="LocalCMCTests" time="0.0"/>
  <testcase name="TestALotOfAdding" classname="LocalCMCTests" time="0.0"/>
  <testcase name="TestALotOfAdding" classname="LocalCMCTests" time="0.001"/>
  <testcase name="TestALotOfAdding" classname="LocalCMCTests" time="0.002"/>
  <testcase name="TestALotOfAdding" classname="LocalCMCTests" time="0.0"/>
  <testcase name="TestALotOfAdding" classname="LocalCMCTests" time="0.002"/>
  <testcase name="TestALotOfAdding" classname="LocalCMCTests" time="0.0"/>
  <testcase name="TestALotOfAdding" classname="LocalCMCTests" time="0.0"/>
  <testcase name="TestALotOfAdding" classname="LocalCMCTests" time="0.0"/>
  <testcase name="TestALotOfAdding" classname="LocalCMCTests" time="0.001"/>
  <testcase name="TestALotOfAdding" classname="LocalCMCTests" time="0.001"/>
  <testcase name="TestALotOfAdding" classname="LocalCMCTests" time="0.001"/>
  <testcase name="TestALotOfAdding" classname="LocalCMCTests" time="0.001"/>
  <testcase name="TestALotOfAdding" classname="LocalCMCTests" time="0.0"/>
  <testcase name="TestALotOfAdding" classname="LocalCMCTests" time="0.001"/>
  <testcase name="TestALotOfAdding" classname="LocalCMCTests" time="0.001"/>
  <testcase name="TestALotOfAdding" classname="LocalCMCTests" time="0.001"/>
  <testcase name="TestALotOfAdding" classname="LocalCMCTests" time="0.0"/>
  <testcase name="TestALotOfAdding" classname="LocalCMCTests" time="0.001"/>
  <testcase name="TestALotOfAdding" classname="LocalCMCTests" time="0.002"/>
  <testcase name="TestALotOfAdding" classname="LocalCMCTests" time="0.001"/>
  <testcase name="TestALotOfAdding" classname="LocalCMCTests" time="0.001"/>
  <testcase name="TestALotOfAdding" classname="LocalCMCTests" time="0.001"/>
  <testcase name="TestALotOfAdding" classname="LocalCMCTests" time="0.001"/>
  <testcase name="TestALotOfAdding" classname="LocalCMCTests" time="0.0"/>
  <testcase name="TestALotOfAdding" classname="LocalCMCTests" time="0.0"/>
  <testcase name="TestALotOfAdding" classname="LocalCMCTests" time="0.0"/>
  <testcase name="TestALotOfAdding" classname="LocalCMCTests" time="0.001"/>
  <testcase name="TestALotOfAdding" classname="LocalCMCTests" time="0.002"/>
  <testcase name="TestALotOfAdding" classname="LocalCMCTests" time="0.001"/>
  <testcase name="TestALotOfAdding" classname="LocalCMCTests" time="0.001"/>
  <testcase name="TestALotOfAdding" classname="LocalCMCTests" time="0.001"/>
  <testcase name="TestALotOfAdding" classname="LocalCMCTests" time="0.001"/>
  <testcase name="TestALotOfAdding" classname="LocalCMCTests" time="0.0"/>
  <testcase name="TestALotOfAdding" classname="LocalCMCTests" time="0.003"/>
  <testcase name="TestALotOfAdding" classname="LocalCMCTests" time="0.0"/>
  <testcase name="TestALotOfAdding" classname="LocalCMCTests" time="0.0"/>
  <testcase name="TestALotOfAdding" classname="LocalCMCTests" time="0.0"/>
  <testcase name="TestALotOfAdding" classname="LocalCMCTests" time="0.0"/>
  <testcase name="TestALotOfAdding" classname="LocalCMCTests" time="0.0"/>
  <testcase name="TestALotOfAdding" classname="LocalCMCTests" time="0.0"/>
  <testcase name="TestALotOfAdding" classname="LocalCMCTests" time="0.0"/>
  <testcase name="TestALotOfAdding" classname="LocalCMCTests" time="0.001"/>
  <testcase name="TestALotOfAdding" classname="LocalCMCTests" time="0.001"/>
  <testcase name="TestALotOfAdding" classname="LocalCMCTests" time="0.001"/>
  <testcase name="TestALotOfAdding" classname="LocalCMCTests" time="0.0"/>
  <testcase name="TestALotOfAdding" classname="LocalCMCTests" time="0.001"/>
  <testcase name="TestALotOfAdding" classname="LocalCMCTests" time="0.0"/>
  <testcase name="TestALotOfAdding" classname="LocalCMCTests" time="0.001"/>
  <testcase name="TestALotOfAdding" classname="LocalCMCTests" time="0.001"/>
  <testcase name="TestALotOfAdding" classname="LocalCMCTests" time="0.001"/>
  <testcase name="TestALotOfAdding" classname="LocalCMCTests" time="0.001"/>
  <testcase name="TestALotOfAdding" classname="LocalCMCTests" time="0.002"/>
  <testcase name="TestALotOfAdding" classname="LocalCMCTests" time="0.001"/>
  <testcase name="TestALotOfAdding" classname="LocalCMCTests" time="0.001"/>
  <testcase name="TestALotOfAdding" classname="LocalCMCTests" time="0.001"/>
  <testcase name="TestALotOfAdding" classname="LocalCMCTests" time="0.001"/>
  <testcase name="TestALotOfAdding" classname="LocalCMCTests" time="0.001"/>
  <testcase name="TestALotOfAdding" classname="LocalCMCTests" time="0.001"/>
  <testcase name="TestALotOfAdding" classname="LocalCMCTests" time="0.001"/>
  <testcase name="TestALotOfAdding" classname="LocalCMCTests" time="0.0"/>
  <testcase name="TestALotOfAdding" classname="LocalCMCTests" time="0.001"/>
  <testcase name="TestALotOfAdding" classname="LocalCMCTests" time="0.0"/>
  <testcase name="TestALotOfAdding" classname="LocalCMCTests" time="0.0"/>
  <testcase name="TestALotOfAdding" classname="LocalCMCTests" time="0.001"/>
  <testcase name="TestALotOfAdding" classname="LocalCMCTests" time="0.0"/>
  <testcase name="TestALotOfAdding" classname="LocalCMCTests" time="0.0"/>
  <testcase name="TestALotOfAdding" classname="LocalCMCTests" time="0.0"/>
  <testcase name="TestALotOfAdding" classname="LocalCMCTests" time="0.0"/>
  <testcase name="TestALotOfAdding" classname="LocalCMCTests" time="0.0"/>
  <testcase name="TestALotOfAdding" classname="LocalCMCTests" time="0.001"/>
  <testcase name="TestALotOfAdding" classname="LocalCMCTests" time="0.001"/>
  <testcase name="TestALotOfAdding" classname="LocalCMCTests" time="0.001"/>
  <testcase name="TestALotOfAdding" classname="LocalCMCTests" time="0.0"/>
  <testcase name="TestALotOfAdding" classname="LocalCMCTests" time="0.001"/>
  <testcase name="TestALotOfAdding" classname="LocalCMCTests" time="0.001"/>
  <testcase name="TestALotOfAdding" classname="LocalCMCTests" time="0.0"/>
  <testcase name="TestALotOfAdding" classname="LocalCMCTests" time="0.001"/>
  <testcase name="TestALotOfAdding" classname="LocalCMCTests" time="0.001"/>
  <testcase name="TestALotOfAdding" classname="LocalCMCTests" time="0.0"/>
  <testcase name="TestALotOfAdding" classname="LocalCMCTests" time="0.001"/>
  <testcase name="TestALotOfAdding" classname="LocalCMCTests" time="0.001"/>
  <testcase name="TestALotOfAdding" classname="LocalCMCTests" time="0.001"/>
  <testcase name="TestALotOfAdding" classname="LocalCMCTests" time="0.001"/>
  <testcase name="TestALotOfAdding" classname="LocalCMCTests" time="0.003"/>
  <testcase name="TestALotOfAdding" classname="LocalCMCTests" time="0.002"/>
  <testcase name="TestALotOfAdding" classname="LocalCMCTests" time="0.0"/>
  <testcase name="TestALotOfAdding" classname="LocalCMCTests" time="0.0"/>
  <testcase name="TestALotOfAdding" classname="LocalCMCTests" time="0.001"/>
  <testcase name="TestALotOfAdding" classname="LocalCMCTests" time="0.0"/>
  <testcase name="TestALotOfAdding" classname="LocalCMCTests" time="0.001"/>
  <testcase name="TestALotOfAdding" classname="LocalCMCTests" time="0.001"/>
  <testcase name="TestALotOfAdding" classname="LocalCMCTests" time="0.0"/>
  <testcase name="TestALotOfAdding" classname="LocalCMCTests" time="0.001"/>
  <testcase name="TestALotOfAdding" classname="LocalCMCTests" time="0.0"/>
  <testcase name="TestALotOfAdding" classname="LocalCMCTests" time="0.001"/>
  <testcase name="TestALotOfAdding" classname="LocalCMCTests" time="0.0"/>
  <testcase name="TestALotOfAdding" classname="LocalCMCTests" time="0.001"/>
  <testcase name="TestALotOfAdding" classname="LocalCMCTests" time="0.0"/>
  <testcase name="TestALotOfAdding" classname="LocalCMCTests" time="0.0"/>
  <testcase name="TestALotOfAdding" classname="LocalCMCTests" time="0.001"/>
  <testcase name="TestALotOfAdding" classname="LocalCMCTests" time="0.001"/>
  <testcase name="TestALotOfAdding" classname="LocalCMCTests" time="0.0"/>
  <testcase name="TestALotOfAdding" classname="LocalCMCTests" time="0.0"/>
  <testcase name="TestALotOfAdding" classname="LocalCMCTests" time="0.001"/>
  <testcase name="TestALotOfAdding" classname="LocalCMCTests" time="0.001"/>
  <testcase name="TestALotOfAdding" classname="LocalCMCTests" time="0.0"/>
  <testcase name="TestALotOfAdding" classname="LocalCMCTests" time="0.001"/>
  <testcase name="TestALotOfAdding" classname="LocalCMCTests" time="0.001"/>
  <testcase name="TestALotOfAdding" classname="LocalCMCTests" time="0.001"/>
  <testcase name="TestALotOfAdding" classname="LocalCMCTests" time="0.001"/>
  <testcase name="TestALotOfAdding" classname="LocalCMCTests" time="0.001"/>
  <testcase name="TestALotOfAdding" classname="LocalCMCTests" time="0.0"/>
  <testcase name="TestALotOfAdding" classname="LocalCMCTests" time="0.001"/>
  <testcase name="TestALotOfAdding" classname="LocalCMCTests" time="0.001"/>
  <testcase name="TestALotOfAdding" classname="LocalCMCTests" time="0.001"/>
  <testcase name="TestALotOfAdding" classname="LocalCMCTests" time="0.002"/>
  <testcase name="TestALotOfAdding" classname="LocalCMCTests" time="0.001"/>
  <testcase name="TestALotOfAdding" classname="LocalCMCTests" time="0.001"/>
  <testcase name="TestALotOfAdding" classname="LocalCMCTests" time="0.001"/>
  <testcase name="TestALotOfAdding" classname="LocalCMCTests" time="0.0"/>
  <testcase name="TestALotOfAdding" classname="LocalCMCTests" time="0.0"/>
  <testcase name="TestALotOfAdding" classname="LocalCMCTests" time="0.0"/>
  <testcase name="TestALotOfAdding" classname="LocalCMCTests" time="0.0"/>
  <testcase name="TestALotOfAdding" classname="LocalCMCTests" time="0.0"/>
  <testcase name="TestALotOfAdding" classname="LocalCMCTests" time="0.0"/>
  <testcase name="TestALotOfAdding" classname="LocalCMCTests" time="0.002"/>
  <testcase name="TestALotOfAdding" classname="LocalCMCTests" time="0.002"/>
  <testcase name="TestALotOfAdding" classname="LocalCMCTests" time="0.001"/>
  <testcase name="TestALotOfAdding" classname="LocalCMCTests" time="0.0"/>
  <testcase name="TestALotOfAdding" classname="LocalCMCTests" time="0.0"/>
  <testcase name="TestALotOfAdding" classname="LocalCMCTests" time="0.001"/>
  <testcase name="TestALotOfAdding" classname="LocalCMCTests" time="0.001"/>
  <testcase name="TestALotOfAdding" classname="LocalCMCTests" time="0.002"/>
  <testcase name="TestALotOfAdding" classname="LocalCMCTests" time="0.001"/>
  <testcase name="TestALotOfAdding" classname="LocalCMCTests" time="0.0"/>
  <testcase name="TestALotOfAdding" classname="LocalCMCTests" time="0.0"/>
  <testcase name="TestALotOfAdding" classname="LocalCMCTests" time="0.001"/>
  <testcase name="TestALotOfAdding" classname="LocalCMCTests" time="0.001"/>
  <testcase name="TestALotOfAdding" classname="LocalCMCTests" time="0.001"/>
  <testcase name="TestALotOfAdding" classname="LocalCMCTests" time="0.001"/>
  <testcase name="TestALotOfAdding" classname="LocalCMCTests" time="0.001"/>
  <testcase name="TestALotOfAdding" classname="LocalCMCTests" time="0.001"/>
  <testcase name="TestALotOfAdding" classname="LocalCMCTests" time="0.0"/>
  <testcase name="TestALotOfAdding" classname="LocalCMCTests" time="0.001"/>
  <testcase name="TestALotOfAdding" classname="LocalCMCTests" time="0.001"/>
  <testcase name="TestALotOfAdding" classname="LocalCMCTests" time="0.001"/>
  <testcase name="TestALotOfAdding" classname="LocalCMCTests" time="0.001"/>
  <testcase name="TestALotOfAdding" classname="LocalCMCTests" time="0.001"/>
  <testcase name="TestALotOfAdding" classname="LocalCMCTests" time="0.0"/>
  <testcase name="TestALotOfAdding" classname="LocalCMCTests" time="0.0"/>
  <testcase name="TestALotOfAdding" classname="LocalCMCTests" time="0.001"/>
  <testcase name="TestALotOfAdding" classname="LocalCMCTests" time="0.0"/>
  <testcase name="TestALotOfAdding" classname="LocalCMCTests" time="0.0"/>
  <testcase name="TestALotOfAdding" classname="LocalCMCTests" time="0.0"/>
  <testcase name="TestALotOfAdding" classname="LocalCMCTests" time="0.0"/>
  <testcase name="TestALotOfAdding" classname="LocalCMCTests" time="0.0"/>
  <testcase name="TestALotOfAdding" classname="LocalCMCTests" time="0.0"/>
  <testcase name="TestALotOfAdding" classname="LocalCMCTests" time="0.0"/>
  <testcase name="TestALotOfAdding" classname="LocalCMCTests" time="0.001"/>
  <testcase name="TestALotOfAdding" classname="LocalCMCTests" time="0.0"/>
  <testcase name="TestALotOfAdding" classname="LocalCMCTests" time="0.001"/>
  <testcase name="TestALotOfAdding" classname="LocalCMCTests" time="0.001"/>
  <testcase name="TestALotOfAdding" classname="LocalCMCTests" time="0.001"/>
  <testcase name="TestALotOfAdding" classname="LocalCMCTests" time="0.002"/>
  <testcase name="TestALotOfAdding" classname="LocalCMCTests" time="0.001"/>
  <testcase name="TestALotOfAdding" classname="LocalCMCTests" time="0.0"/>
  <testcase name="TestALotOfAdding" classname="LocalCMCTests" time="0.001"/>
  <testcase name="TestALotOfAdding" classname="LocalCMCTests" time="0.001"/>
  <testcase name="TestALotOfAdding" classname="LocalCMCTests" time="0.0"/>
  <testcase name="TestALotOfAdding" classname="LocalCMCTests" time="0.0"/>
  <testcase name="TestALotOfAdding" classname="LocalCMCTests" time="0.0"/>
  <testcase name="TestALotOfAdding" classname="LocalCMCTests" time="0.0"/>
  <testcase name="TestALotOfAdding" classname="LocalCMCTests" time="0.0"/>
  <testcase name="TestALotOfAdding" classname="LocalCMCTests" time="0.0"/>
  <testcase name="TestALotOfAdding" classname="LocalCMCTests" time="0.001"/>
  <testcase name="TestALotOfAdding" classname="LocalCMCTests" time="0.0"/>
  <testcase name="TestALotOfAdding" classname="LocalCMCTests" time="0.001"/>
  <testcase name="TestALotOfAdding" classname="LocalCMCTests" time="0.0"/>
  <testcase name="TestALotOfAdding" classname="LocalCMCTests" time="0.0"/>
  <testcase name="TestALotOfAdding" classname="LocalCMCTests" time="0.001"/>
  <testcase name="TestALotOfAdding" classname="LocalCMCTests" time="0.001"/>
  <testcase name="TestALotOfAdding" classname="LocalCMCTests" time="0.001"/>
  <testcase name="TestALotOfAdding" classname="LocalCMCTests" time="0.001"/>
  <testcase name="TestALotOfAdding" classname="LocalCMCTests" time="0.001"/>
  <testcase name="TestALotOfAdding" classname="LocalCMCTests" time="0.0"/>
  <testcase name="TestALotOfAdding" classname="LocalCMCTests" time="0.0"/>
  <testcase name="TestALotOfAdding" classname="LocalCMCTests" time="0.001"/>
  <testcase name="TestALotOfAdding" classname="LocalCMCTests" time="0.002"/>
  <testcase name="TestALotOfAdding" classname="LocalCMCTests" time="0.001"/>
  <testcase name="TestALotOfAdding" classname="LocalCMCTests" time="0.001"/>
  <testcase name="TestALotOfAdding" classname="LocalCMCTests" time="0.0"/>
  <testcase name="TestALotOfAdding" classname="LocalCMCTests" time="0.001"/>
  <testcase name="TestALotOfAdding" classname="LocalCMCTests" time="0.001"/>
  <testcase name="TestALotOfAdding" classname="LocalCMCTests" time="0.002"/>
  <testcase name="TestALotOfAdding" classname="LocalCMCTests" time="0.001"/>
  <testcase name="TestALotOfAdding" classname="LocalCMCTests" time="0.001"/>
  <testcase name="TestALotOfAdding" classname="LocalCMCTests" time="0.001"/>
  <testcase name="TestALotOfAdding" classname="LocalCMCTests" time="0.0"/>
  <testcase name="TestALotOfAdding" classname="LocalCMCTests" time="0.0"/>
  <testcase name="TestALotOfAdding" classname="LocalCMCTests" time="0.0"/>
  <testcase name="TestALotOfAdding" classname="LocalCMCTests" time="0.0"/>
  <testcase name="TestALotOfAdding" classname="LocalCMCTests" time="0.0"/>
  <testcase name="TestALotOfAdding" classname="LocalCMCTests" time="0.001"/>
  <testcase name="TestALotOfAdding" classname="LocalCMCTests" time="0.001"/>
  <testcase name="TestALotOfAdding" classname="LocalCMCTests" time="0.001"/>
  <testcase name="TestALotOfAdding" classname="LocalCMCTests" time="0.001"/>
  <testcase name="TestALotOfAdding" classname="LocalCMCTests" time="0.001"/>
  <testcase name="TestALotOfAdding" classname="LocalCMCTests" time="0.0"/>
  <testcase name="TestALotOfAdding" classname="LocalCMCTests" time="0.0"/>
  <testcase name="TestALotOfAdding" classname="LocalCMCTests" time="0.001"/>
  <testcase name="TestALotOfAdding" classname="LocalCMCTests" time="0.001"/>
  <testcase name="TestALotOfAdding" classname="LocalCMCTests" time="0.001"/>
  <testcase name="TestALotOfAdding" classname="LocalCMCTests" time="0.0"/>
  <testcase name="TestALotOfAdding" classname="LocalCMCTests" time="0.001"/>
  <testcase name="TestALotOfAdding" classname="LocalCMCTests" time="0.0"/>
  <testcase name="TestALotOfAdding" classname="LocalCMCTests" time="0.0"/>
  <testcase name="TestALotOfAdding" classname="LocalCMCTests" time="0.001"/>
  <testcase name="TestALotOfAdding" classname="LocalCMCTests" time="0.001"/>
  <testcase name="TestALotOfAdding" classname="LocalCMCTests" time="0.0"/>
  <testcase name="TestALotOfAdding" classname="LocalCMCTests" time="0.001"/>
  <testcase name="TestALotOfAdding" classname="LocalCMCTests" time="0.0"/>
  <testcase name="TestALotOfAdding" classname="LocalCMCTests" time="0.001"/>
  <testcase name="TestALotOfAdding" classname="LocalCMCTests" time="0.001"/>
  <testcase name="TestALotOfAdding" classname="LocalCMCTests" time="0.001"/>
  <testcase name="TestALotOfAdding" classname="LocalCMCTests" time="0.001"/>
  <testcase name="TestALotOfAdding" classname="LocalCMCTests" time="0.0"/>
  <testcase name="TestALotOfAdding" classname="LocalCMCTests" time="0.001"/>
  <testcase name="TestALotOfAdding" classname="LocalCMCTests" time="0.001"/>
  <testcase name="TestALotOfAdding" classname="LocalCMCTests" time="0.001"/>
  <testcase name="TestALotOfAdding" classname="LocalCMCTests" time="0.0"/>
  <testcase name="TestALotOfAdding" classname="LocalCMCTests" time="0.0"/>
  <testcase name="TestALotOfAdding" classname="LocalCMCTests" time="0.001"/>
  <testcase name="TestALotOfAdding" classname="LocalCMCTests" time="0.001"/>
  <testcase name="TestALotOfAdding" classname="LocalCMCTests" time="0.001"/>
  <testcase name="TestALotOfAdding" classname="LocalCMCTests" time="0.001"/>
  <testcase name="TestALotOfAdding" classname="LocalCMCTests" time="0.001"/>
  <testcase name="TestALotOfAdding" classname="LocalCMCTests" time="0.001"/>
  <testcase name="TestALotOfAdding" classname="LocalCMCTests" time="0.001"/>
  <testcase name="TestALotOfAdding" classname="LocalCMCTests" time="0.0"/>
  <testcase name="TestALotOfAdding" classname="LocalCMCTests" time="0.0"/>
  <testcase name="TestALotOfAdding" classname="LocalCMCTests" time="0.0"/>
  <testcase name="TestALotOfAdding" classname="LocalCMCTests" time="0.001"/>
  <testcase name="TestALotOfAdding" classname="LocalCMCTests" time="0.001"/>
  <testcase name="TestALotOfAdding" classname="LocalCMCTests" time="0.001"/>
  <testcase name="TestALotOfAdding" classname="LocalCMCTests" time="0.002"/>
  <testcase name="TestALotOfAdding" classname="LocalCMCTests" time="0.0"/>
  <testcase name="TestALotOfAdding" classname="LocalCMCTests" time="0.0"/>
  <testcase name="TestALotOfAdding" classname="LocalCMCTests" time="0.002"/>
  <testcase name="TestALotOfAdding" classname="LocalCMCTests" time="0.0"/>
  <testcase name="TestALotOfAdding" classname="LocalCMCTests" time="0.0"/>
  <testcase name="TestALotOfAdding" classname="LocalCMCTests" time="0.002"/>
  <testcase name="TestALotOfAdding" classname="LocalCMCTests" time="0.0"/>
  <testcase name="TestALotOfAdding" classname="LocalCMCTests" time="0.0"/>
  <testcase name="TestALotOfAdding" classname="LocalCMCTests" time="0.0"/>
  <testcase name="TestALotOfAdding" classname="LocalCMCTests" time="0.001"/>
  <testcase name="TestALotOfAdding" classname="LocalCMCTests" time="0.001"/>
  <testcase name="TestALotOfAdding" classname="LocalCMCTests" time="0.0"/>
  <testcase name="TestALotOfAdding" classname="LocalCMCTests" time="0.002"/>
  <testcase name="TestALotOfAdding" classname="LocalCMCTests" time="0.002"/>
  <testcase name="TestALotOfAdding" classname="LocalCMCTests" time="0.001"/>
  <testcase name="TestALotOfAdding" classname="LocalCMCTests" time="0.001"/>
  <testcase name="TestALotOfAdding" classname="LocalCMCTests" time="0.001"/>
  <testcase name="TestALotOfAdding" classname="LocalCMCTests" time="0.001"/>
  <testcase name="TestALotOfAdding" classname="LocalCMCTests" time="0.0"/>
  <testcase name="TestALotOfAdding" classname="LocalCMCTests" time="0.001"/>
  <testcase name="TestALotOfAdding" classname="LocalCMCTests" time="0.001"/>
  <testcase name="TestALotOfAdding" classname="LocalCMCTests" time="0.001"/>
  <testcase name="TestALotOfAdding" classname="LocalCMCTests" time="0.0"/>
  <testcase name="TestALotOfAdding" classname="LocalCMCTests" time="0.0"/>
  <testcase name="TestALotOfAdding" classname="LocalCMCTests" time="0.001"/>
  <testcase name="TestALotOfAdding" classname="LocalCMCTests" time="0.001"/>
  <testcase name="TestALotOfAdding" classname="LocalCMCTests" time="0.001"/>
  <testcase name="TestALotOfAdding" classname="LocalCMCTests" time="0.001"/>
  <testcase name="TestALotOfAdding" classname="LocalCMCTests" time="0.0"/>
  <testcase name="TestALotOfAdding" classname="LocalCMCTests" time="0.0"/>
  <testcase name="TestALotOfAdding" classname="LocalCMCTests" time="0.0"/>
  <testcase name="TestALotOfAdding" classname="LocalCMCTests" time="0.0"/>
  <testcase name="TestALotOfAdding" classname="LocalCMCTests" time="0.001"/>
  <testcase name="TestALotOfAdding" classname="LocalCMCTests" time="0.001"/>
  <testcase name="TestALotOfAdding" classname="LocalCMCTests" time="0.001"/>
  <testcase name="TestALotOfAdding" classname="LocalCMCTests" time="0.002"/>
  <testcase name="TestALotOfAdding" classname="LocalCMCTests" time="0.002"/>
  <testcase name="TestALotOfAdding" classname="LocalCMCTests" time="0.001"/>
  <testcase name="TestALotOfAdding" classname="LocalCMCTests" time="0.0"/>
  <testcase name="TestALotOfAdding" classname="LocalCMCTests" time="0.001"/>
  <testcase name="TestALotOfAdding" classname="LocalCMCTests" time="0.001"/>
  <testcase name="TestALotOfAdding" classname="LocalCMCTests" time="0.002"/>
  <testcase name="TestALotOfAdding" classname="LocalCMCTests" time="0.0"/>
  <testcase name="TestALotOfAdding" classname="LocalCMCTests" time="0.001"/>
  <testcase name="TestALotOfAdding" classname="LocalCMCTests" time="0.0"/>
  <testcase name="TestALotOfAdding" classname="LocalCMCTests" time="0.001"/>
  <testcase name="TestALotOfAdding" classname="LocalCMCTests" time="0.0"/>
  <testcase name="TestALotOfAdding" classname="LocalCMCTests" time="0.0"/>
  <testcase name="TestALotOfAdding" classname="LocalCMCTests" time="0.001"/>
  <testcase name="TestALotOfAdding" classname="LocalCMCTests" time="0.0"/>
  <testcase name="TestALotOfAdding" classname="LocalCMCTests" time="0.0"/>
  <testcase name="TestALotOfAdding" classname="LocalCMCTests" time="0.001"/>
  <testcase name="TestALotOfAdding" classname="LocalCMCTests" time="0.001"/>
  <testcase name="TestALotOfAdding" classname="LocalCMCTests" time="0.001"/>
  <testcase name="TestALotOfAdding" classname="LocalCMCTests" time="0.0"/>
  <testcase name="TestALotOfAdding" classname="LocalCMCTests" time="0.001"/>
  <testcase name="TestALotOfAdding" classname="LocalCMCTests" time="0.002"/>
  <testcase name="TestALotOfAdding" classname="LocalCMCTests" time="0.0"/>
  <testcase name="TestALotOfAdding" classname="LocalCMCTests" time="0.001"/>
  <testcase name="TestALotOfAdding" classname="LocalCMCTests" time="0.001"/>
  <testcase name="TestALotOfAdding" classname="LocalCMCTests" time="0.0"/>
  <testcase name="TestALotOfAdding" classname="LocalCMCTests" time="0.001"/>
  <testcase name="TestALotOfAdding" classname="LocalCMCTests" time="0.0"/>
  <testcase name="TestALotOfAdding" classname="LocalCMCTests" time="0.0"/>
  <testcase name="TestALotOfAdding" classname="LocalCMCTests" time="0.0"/>
  <testcase name="TestALotOfAdding" classname="LocalCMCTests" time="0.001"/>
  <testcase name="TestALotOfAdding" classname="LocalCMCTests" time="0.001"/>
  <testcase name="TestALotOfAdding" classname="LocalCMCTests" time="0.001"/>
  <testcase name="TestALotOfAdding" classname="LocalCMCTests" time="0.001"/>
  <testcase name="TestALotOfAdding" classname="LocalCMCTests" time="0.0"/>
  <testcase name="TestALotOfAdding" classname="LocalCMCTests" time="0.001"/>
  <testcase name="TestALotOfAdding" classname="LocalCMCTests" time="0.001"/>
  <testcase name="TestALotOfAdding" classname="LocalCMCTests" time="0.001"/>
  <testcase name="TestALotOfAdding" classname="LocalCMCTests" time="0.001"/>
  <testcase name="TestALotOfAdding" classname="LocalCMCTests" time="0.001"/>
  <testcase name="TestALotOfAdding" classname="LocalCMCTests" time="0.0"/>
  <testcase name="TestALotOfAdding" classname="LocalCMCTests" time="0.0"/>
  <testcase name="TestALotOfAdding" classname="LocalCMCTests" time="0.0"/>
  <testcase name="TestALotOfAdding" classname="LocalCMCTests" time="0.0"/>
  <testcase name="TestALotOfAdding" classname="LocalCMCTests" time="0.0"/>
  <testcase name="TestALotOfAdding" classname="LocalCMCTests" time="0.0"/>
  <testcase name="TestALotOfAdding" classname="LocalCMCTests" time="0.001"/>
  <testcase name="TestALotOfAdding" classname="LocalCMCTests" time="0.0"/>
  <testcase name="TestALotOfAdding" classname="LocalCMCTests" time="0.002"/>
  <testcase name="TestALotOfAdding" classname="LocalCMCTests" time="0.001"/>
  <testcase name="TestALotOfAdding" classname="LocalCMCTests" time="0.001"/>
  <testcase name="TestALotOfAdding" classname="LocalCMCTests" time="0.001"/>
  <testcase name="TestALotOfAdding" classname="LocalCMCTests" time="0.0"/>
  <testcase name="TestALotOfAdding" classname="LocalCMCTests" time="0.001"/>
  <testcase name="TestALotOfAdding" classname="LocalCMCTests" time="0.001"/>
  <testcase name="TestALotOfAdding" classname="LocalCMCTests" time="0.001"/>
  <testcase name="TestALotOfAdding" classname="LocalCMCTests" time="0.0"/>
  <testcase name="TestALotOfAdding" classname="LocalCMCTests" time="0.0"/>
  <testcase name="TestALotOfAdding" classname="LocalCMCTests" time="0.0"/>
  <testcase name="TestALotOfAdding" classname="LocalCMCTests" time="0.0"/>
  <testcase name="TestALotOfAdding" classname="LocalCMCTests" time="0.001"/>
  <testcase name="TestALotOfAdding" classname="LocalCMCTests" time="0.001"/>
  <testcase name="TestALotOfAdding" classname="LocalCMCTests" time="0.001"/>
  <testcase name="TestALotOfAdding" classname="LocalCMCTests" time="0.0"/>
  <testcase name="TestALotOfAdding" classname="LocalCMCTests" time="0.0"/>
  <testcase name="TestALotOfAdding" classname="LocalCMCTests" time="0.001"/>
  <testcase name="TestALotOfAdding" classname="LocalCMCTests" time="0.002"/>
  <testcase name="TestALotOfAdding" classname="LocalCMCTests" time="0.001"/>
  <testcase name="TestALotOfAdding" classname="LocalCMCTests" time="0.0"/>
  <testcase name="TestALotOfAdding" classname="LocalCMCTests" time="0.001"/>
  <testcase name="TestALotOfAdding" classname="LocalCMCTests" time="0.0"/>
  <testcase name="TestALotOfAdding" classname="LocalCMCTests" time="0.0"/>
  <testcase name="TestALotOfAdding" classname="LocalCMCTests" time="0.0"/>
  <testcase name="TestALotOfAdding" classname="LocalCMCTests" time="0.001"/>
  <testcase name="TestALotOfAdding" classname="LocalCMCTests" time="0.001"/>
  <testcase name="TestALotOfAdding" classname="LocalCMCTests" time="0.0"/>
  <testcase name="TestALotOfAdding" classname="LocalCMCTests" time="0.0"/>
  <testcase name="TestALotOfAdding" classname="LocalCMCTests" time="0.0"/>
  <testcase name="TestALotOfAdding" classname="LocalCMCTests" time="0.0"/>
  <testcase name="TestALotOfAdding" classname="LocalCMCTests" time="0.001"/>
  <testcase name="TestALotOfAdding" classname="LocalCMCTests" time="0.001"/>
  <testcase name="TestALotOfAdding" classname="LocalCMCTests" time="0.001"/>
  <testcase name="TestALotOfAdding" classname="LocalCMCTests" time="0.001"/>
  <testcase name="TestALotOfAdding" classname="LocalCMCTests" time="0.001"/>
  <testcase name="TestALotOfAdding" classname="LocalCMCTests" time="0.002"/>
  <testcase name="TestALotOfAdding" classname="LocalCMCTests" time="0.0"/>
  <testcase name="TestALotOfAdding" classname="LocalCMCTests" time="0.0"/>
  <testcase name="TestALotOfAdding" classname="LocalCMCTests" time="0.001"/>
  <testcase name="TestALotOfAdding" classname="LocalCMCTests" time="0.0"/>
  <testcase name="TestALotOfAdding" classname="LocalCMCTests" time="0.001"/>
  <testcase name="TestALotOfAdding" classname="LocalCMCTests" time="0.0"/>
  <testcase name="TestALotOfAdding" classname="LocalCMCTests" time="0.002"/>
  <testcase name="TestALotOfAdding" classname="LocalCMCTests" time="0.001"/>
  <testcase name="TestALotOfAdding" classname="LocalCMCTests" time="0.001"/>
  <testcase name="TestALotOfAdding" classname="LocalCMCTests" time="0.0"/>
  <testcase name="TestALotOfAdding" classname="LocalCMCTests" time="0.001"/>
  <testcase name="TestALotOfAdding" classname="LocalCMCTests" time="0.001"/>
  <testcase name="TestALotOfAdding" classname="LocalCMCTests" time="0.001"/>
  <testcase name="TestALotOfAdding" classname="LocalCMCTests" time="0.001"/>
  <testcase name="TestALotOfAdding" classname="LocalCMCTests" time="0.002"/>
  <testcase name="TestALotOfAdding" classname="LocalCMCTests" time="0.001"/>
  <testcase name="TestALotOfAdding" classname="LocalCMCTests" time="0.0"/>
  <testcase name="TestALotOfAdding" classname="LocalCMCTests" time="0.0"/>
  <testcase name="TestALotOfAdding" classname="LocalCMCTests" time="0.0"/>
  <testcase name="TestALotOfAdding" classname="LocalCMCTests" time="0.0"/>
  <testcase name="TestALotOfAdding" classname="LocalCMCTests" time="0.0"/>
  <testcase name="TestALotOfAdding" classname="LocalCMCTests" time="0.0"/>
  <testcase name="TestALotOfAdding" classname="LocalCMCTests" time="0.001"/>
  <testcase name="TestALotOfAdding" classname="LocalCMCTests" time="0.0"/>
  <testcase name="TestALotOfAdding" classname="LocalCMCTests" time="0.001"/>
  <testcase name="TestALotOfAdding" classname="LocalCMCTests" time="0.001"/>
  <testcase name="TestALotOfAdding" classname="LocalCMCTests" time="0.001"/>
  <testcase name="TestALotOfAdding" classname="LocalCMCTests" time="0.001"/>
  <testcase name="TestALotOfAdding" classname="LocalCMCTests" time="0.001"/>
  <testcase name="TestALotOfAdding" classname="LocalCMCTests" time="0.001"/>
  <testcase name="TestALotOfAdding" classname="LocalCMCTests" time="0.002"/>
  <testcase name="TestALotOfAdding" classname="LocalCMCTests" time="0.001"/>
  <testcase name="TestALotOfAdding" classname="LocalCMCTests" time="0.0"/>
  <testcase name="TestALotOfAdding" classname="LocalCMCTests" time="0.0"/>
  <testcase name="TestALotOfAdding" classname="LocalCMCTests" time="0.001"/>
  <testcase name="TestALotOfAdding" classname="LocalCMCTests" time="0.0"/>
  <testcase name="TestALotOfAdding" classname="LocalCMCTests" time="0.0"/>
  <testcase name="TestALotOfAdding" classname="LocalCMCTests" time="0.001"/>
  <testcase name="TestALotOfAdding" classname="LocalCMCTests" time="0.002"/>
  <testcase name="TestALotOfAdding" classname="LocalCMCTests" time="0.0"/>
  <testcase name="TestALotOfAdding" classname="LocalCMCTests" time="0.0"/>
  <testcase name="TestALotOfAdding" classname="LocalCMCTests" time="0.001"/>
  <testcase name="TestALotOfAdding" classname="LocalCMCTests" time="0.0"/>
  <testcase name="TestALotOfAdding" classname="LocalCMCTests" time="0.001"/>
  <testcase name="TestALotOfAdding" classname="LocalCMCTests" time="0.001"/>
  <testcase name="TestALotOfAdding" classname="LocalCMCTests" time="0.001"/>
  <testcase name="TestALotOfAdding" classname="LocalCMCTests" time="0.001"/>
  <testcase name="TestALotOfAdding" classname="LocalCMCTests" time="0.0"/>
  <testcase name="TestALotOfAdding" classname="LocalCMCTests" time="0.0"/>
  <testcase name="TestALotOfAdding" classname="LocalCMCTests" time="0.001"/>
  <testcase name="TestALotOfAdding" classname="LocalCMCTests" time="0.0"/>
  <testcase name="TestALotOfAdding" classname="LocalCMCTests" time="0.0"/>
  <testcase name="TestALotOfAdding" classname="LocalCMCTests" time="0.0"/>
  <testcase name="TestALotOfAdding" classname="LocalCMCTests" time="0.001"/>
  <testcase name="TestALotOfAdding" classname="LocalCMCTests" time="0.001"/>
  <testcase name="TestALotOfAdding" classname="LocalCMCTests" time="0.001"/>
  <testcase name="TestALotOfAdding" classname="LocalCMCTests" time="0.001"/>
  <testcase name="TestALotOfAdding" classname="LocalCMCTests" time="0.001"/>
  <testcase name="TestALotOfAdding" classname="LocalCMCTests" time="0.0"/>
  <testcase name="TestALotOfAdding" classname="LocalCMCTests" time="0.001"/>
  <testcase name="TestALotOfAdding" classname="LocalCMCTests" time="0.0"/>
  <testcase name="TestALotOfAdding" classname="LocalCMCTests" time="0.001"/>
  <testcase name="TestALotOfAdding" classname="LocalCMCTests" time="0.001"/>
  <testcase name="TestALotOfAdding" classname="LocalCMCTests" time="0.001"/>
  <testcase name="TestALotOfAdding" classname="LocalCMCTests" time="0.001"/>
  <testcase name="TestALotOfAdding" classname="LocalCMCTests" time="0.0"/>
  <testcase name="TestALotOfAdding" classname="LocalCMCTests" time="0.0"/>
  <testcase name="TestALotOfAdding" classname="LocalCMCTests" time="0.0"/>
  <testcase name="TestALotOfAdding" classname="LocalCMCTests" time="0.001"/>
  <testcase name="TestALotOfAdding" classname="LocalCMCTests" time="0.0"/>
  <testcase name="TestALotOfAdding" classname="LocalCMCTests" time="0.0"/>
  <testcase name="TestALotOfAdding" classname="LocalCMCTests" time="0.0"/>
  <testcase name="TestALotOfAdding" classname="LocalCMCTests" time="0.002"/>
  <testcase name="TestALotOfAdding" classname="LocalCMCTests" time="0.0"/>
  <testcase name="TestALotOfAdding" classname="LocalCMCTests" time="0.001"/>
  <testcase name="TestALotOfAdding" classname="LocalCMCTests" time="0.001"/>
  <testcase name="TestALotOfAdding" classname="LocalCMCTests" time="0.0"/>
  <testcase name="TestALotOfAdding" classname="LocalCMCTests" time="0.001"/>
  <testcase name="TestALotOfAdding" classname="LocalCMCTests" time="0.001"/>
  <testcase name="TestALotOfAdding" classname="LocalCMCTests" time="0.001"/>
  <testcase name="TestALotOfAdding" classname="LocalCMCTests" time="0.001"/>
  <testcase name="TestALotOfAdding" classname="LocalCMCTests" time="0.001"/>
  <testcase name="TestALotOfAdding" classname="LocalCMCTests" time="0.0"/>
  <testcase name="TestALotOfAdding" classname="LocalCMCTests" time="0.0"/>
  <testcase name="TestALotOfAdding" classname="LocalCMCTests" time="0.0"/>
  <testcase name="TestALotOfAdding" classname="LocalCMCTests" time="0.0"/>
  <testcase name="TestALotOfAdding" classname="LocalCMCTests" time="0.0"/>
  <testcase name="TestALotOfAdding" classname="LocalCMCTests" time="0.0"/>
  <testcase name="TestALotOfAdding" classname="LocalCMCTests" time="0.002"/>
  <testcase name="TestALotOfAdding" classname="LocalCMCTests" time="0.002"/>
  <testcase name="TestALotOfAdding" classname="LocalCMCTests" time="0.001"/>
  <testcase name="TestALotOfAdding" classname="LocalCMCTests" time="0.001"/>
  <testcase name="TestALotOfAdding" classname="LocalCMCTests" time="0.001"/>
  <testcase name="TestALotOfAdding" classname="LocalCMCTests" time="0.001"/>
  <testcase name="TestALotOfAdding" classname="LocalCMCTests" time="0.0"/>
  <testcase name="TestALotOfAdding" classname="LocalCMCTests" time="0.001"/>
  <testcase name="TestALotOfAdding" classname="LocalCMCTests" time="0.0"/>
  <testcase name="TestALotOfAdding" classname="LocalCMCTests" time="0.001"/>
  <testcase name="TestALotOfAdding" classname="LocalCMCTests" time="0.0"/>
  <testcase name="TestALotOfAdding" classname="LocalCMCTests" time="0.001"/>
  <testcase name="TestALotOfAdding" classname="LocalCMCTests" time="0.0"/>
  <testcase name="TestALotOfAdding" classname="LocalCMCTests" time="0.0"/>
  <testcase name="TestALotOfAdding" classname="LocalCMCTests" time="0.0"/>
  <testcase name="TestALotOfAdding" classname="LocalCMCTests" time="0.0"/>
  <testcase name="TestALotOfAdding" classname="LocalCMCTests" time="0.001"/>
  <testcase name="TestALotOfAdding" classname="LocalCMCTests" time="0.001"/>
  <testcase name="TestALotOfAdding" classname="LocalCMCTests" time="0.002"/>
  <testcase name="TestALotOfAdding" classname="LocalCMCTests" time="0.0"/>
  <testcase name="TestALotOfAdding" classname="LocalCMCTests" time="0.001"/>
  <testcase name="TestALotOfAdding" classname="LocalCMCTests" time="0.001"/>
  <testcase name="TestALotOfAdding" classname="LocalCMCTests" time="0.0"/>
  <testcase name="TestALotOfAdding" classname="LocalCMCTests" time="0.001"/>
  <testcase name="TestALotOfAdding" classname="LocalCMCTests" time="0.001"/>
  <testcase name="TestALotOfAdding" classname="LocalCMCTests" time="0.0"/>
  <testcase name="TestALotOfAdding" classname="LocalCMCTests" time="0.001"/>
  <testcase name="TestALotOfAdding" classname="LocalCMCTests" time="0.0"/>
  <testcase name="TestALotOfAdding" classname="LocalCMCTests" time="0.0"/>
  <testcase name="TestALotOfAdding" classname="LocalCMCTests" time="0.001"/>
  <testcase name="TestALotOfAdding" classname="LocalCMCTests" time="0.001"/>
  <testcase name="TestALotOfAdding" classname="LocalCMCTests" time="0.001"/>
  <testcase name="TestALotOfAdding" classname="LocalCMCTests" time="0.001"/>
  <testcase name="TestALotOfAdding" classname="LocalCMCTests" time="0.001"/>
  <testcase name="TestALotOfAdding" classname="LocalCMCTests" time="0.0"/>
  <testcase name="TestALotOfAdding" classname="LocalCMCTests" time="0.002"/>
  <testcase name="TestALotOfAdding" classname="LocalCMCTests" time="0.0"/>
  <testcase name="TestALotOfAdding" classname="LocalCMCTests" time="0.0"/>
  <testcase name="TestALotOfAdding" classname="LocalCMCTests" time="0.0"/>
  <testcase name="TestALotOfAdding" classname="LocalCMCTests" time="0.0"/>
  <testcase name="TestALotOfAdding" classname="LocalCMCTests" time="0.0"/>
  <testcase name="TestALotOfAdding" classname="LocalCMCTests" time="0.001"/>
  <testcase name="TestALotOfAdding" classname="LocalCMCTests" time="0.002"/>
  <testcase name="TestALotOfAdding" classname="LocalCMCTests" time="0.003"/>
  <testcase name="TestALotOfAdding" classname="LocalCMCTests" time="0.002"/>
  <testcase name="TestALotOfAdding" classname="LocalCMCTests" time="0.001"/>
  <testcase name="TestALotOfAdding" classname="LocalCMCTests" time="0.001"/>
  <testcase name="TestALotOfAdding" classname="LocalCMCTests" time="0.001"/>
  <testcase name="TestALotOfAdding" classname="LocalCMCTests" time="0.001"/>
  <testcase name="TestALotOfAdding" classname="LocalCMCTests" time="0.001"/>
  <testcase name="TestALotOfAdding" classname="LocalCMCTests" time="0.001"/>
  <testcase name="TestALotOfAdding" classname="LocalCMCTests" time="0.0"/>
  <testcase name="TestALotOfAdding" classname="LocalCMCTests" time="0.0"/>
  <testcase name="TestALotOfAdding" classname="LocalCMCTests" time="0.0"/>
  <testcase name="TestALotOfAdding" classname="LocalCMCTests" time="0.0"/>
  <testcase name="TestALotOfAdding" classname="LocalCMCTests" time="0.0"/>
  <testcase name="TestALotOfAdding" classname="LocalCMCTests" time="0.0"/>
  <testcase name="TestALotOfAdding" classname="LocalCMCTests" time="0.001"/>
  <testcase name="TestALotOfAdding" classname="LocalCMCTests" time="0.0"/>
  <testcase name="TestALotOfAdding" classname="LocalCMCTests" time="0.001"/>
  <testcase name="TestALotOfAdding" classname="LocalCMCTests" time="0.001"/>
  <testcase name="TestALotOfAdding" classname="LocalCMCTests" time="0.0"/>
  <testcase name="TestALotOfAdding" classname="LocalCMCTests" time="0.001"/>
  <testcase name="TestALotOfAdding" classname="LocalCMCTests" time="0.001"/>
  <testcase name="TestALotOfAdding" classname="LocalCMCTests" time="0.0"/>
  <testcase name="TestALotOfAdding" classname="LocalCMCTests" time="0.001"/>
  <testcase name="TestALotOfAdding" classname="LocalCMCTests" time="0.001"/>
  <testcase name="TestALotOfAdding" classname="LocalCMCTests" time="0.001"/>
  <testcase name="TestALotOfAdding" classname="LocalCMCTests" time="0.0"/>
  <testcase name="TestALotOfAdding" classname="LocalCMCTests" time="0.0"/>
  <testcase name="TestALotOfAdding" classname="LocalCMCTests" time="0.001"/>
  <testcase name="TestALotOfAdding" classname="LocalCMCTests" time="0.001"/>
  <testcase name="TestALotOfAdding" classname="LocalCMCTests" time="0.0"/>
  <testcase name="TestALotOfAdding" classname="LocalCMCTests" time="0.0"/>
  <testcase name="TestALotOfAdding" classname="LocalCMCTests" time="0.001"/>
  <testcase name="TestALotOfAdding" classname="LocalCMCTests" time="0.0"/>
  <testcase name="TestALotOfAdding" classname="LocalCMCTests" time="0.0"/>
  <testcase name="TestALotOfAdding" classname="LocalCMCTests" time="0.001"/>
  <testcase name="TestALotOfAdding" classname="LocalCMCTests" time="0.001"/>
  <testcase name="TestALotOfAdding" classname="LocalCMCTests" time="0.0"/>
  <testcase name="TestALotOfAdding" classname="LocalCMCTests" time="0.0"/>
  <testcase name="TestALotOfAdding" classname="LocalCMCTests" time="0.001"/>
  <testcase name="TestALotOfAdding" classname="LocalCMCTests" time="0.0"/>
  <testcase name="TestALotOfAdding" classname="LocalCMCTests" time="0.001"/>
  <testcase name="TestALotOfAdding" classname="LocalCMCTests" time="0.001"/>
  <testcase name="TestALotOfAdding" classname="LocalCMCTests" time="0.001"/>
  <testcase name="TestALotOfAdding" classname="LocalCMCTests" time="0.001"/>
  <testcase name="TestALotOfAdding" classname="LocalCMCTests" time="0.0"/>
  <testcase name="TestALotOfAdding" classname="LocalCMCTests" time="0.001"/>
  <testcase name="TestALotOfAdding" classname="LocalCMCTests" time="0.001"/>
  <testcase name="TestALotOfAdding" classname="LocalCMCTests" time="0.0"/>
  <testcase name="TestALotOfAdding" classname="LocalCMCTests" time="0.001"/>
  <testcase name="TestALotOfAdding" classname="LocalCMCTests" time="0.001"/>
  <testcase name="TestALotOfAdding" classname="LocalCMCTests" time="0.003"/>
  <testcase name="TestALotOfAdding" classname="LocalCMCTests" time="0.0"/>
  <testcase name="TestALotOfAdding" classname="LocalCMCTests" time="0.001"/>
  <testcase name="TestALotOfAdding" classname="LocalCMCTests" time="0.001"/>
  <testcase name="TestALotOfAdding" classname="LocalCMCTests" time="0.001"/>
  <testcase name="TestALotOfAdding" classname="LocalCMCTests" time="0.001"/>
  <testcase name="TestALotOfAdding" classname="LocalCMCTests" time="0.001"/>
  <testcase name="TestALotOfAdding" classname="LocalCMCTests" time="0.001"/>
  <testcase name="TestALotOfAdding" classname="LocalCMCTests" time="0.001"/>
  <testcase name="TestALotOfAdding" classname="LocalCMCTests" time="0.001"/>
  <testcase name="TestALotOfAdding" classname="LocalCMCTests" time="0.001"/>
  <testcase name="TestALotOfAdding" classname="LocalCMCTests" time="0.001"/>
  <testcase name="TestALotOfAdding" classname="LocalCMCTests" time="0.001"/>
  <testcase name="TestALotOfAdding" classname="LocalCMCTests" time="0.001"/>
  <testcase name="TestALotOfAdding" classname="LocalCMCTests" time="0.001"/>
  <testcase name="TestALotOfAdding" classname="LocalCMCTests" time="0.0"/>
  <testcase name="TestALotOfAdding" classname="LocalCMCTests" time="0.0"/>
  <testcase name="TestALotOfAdding" classname="LocalCMCTests" time="0.0"/>
  <testcase name="TestALotOfAdding" classname="LocalCMCTests" time="0.001"/>
  <testcase name="TestALotOfAdding" classname="LocalCMCTests" time="0.0"/>
  <testcase name="TestALotOfAdding" classname="LocalCMCTests" time="0.0"/>
  <testcase name="TestALotOfAdding" classname="LocalCMCTests" time="0.0"/>
  <testcase name="TestALotOfAdding" classname="LocalCMCTests" time="0.0"/>
  <testcase name="TestALotOfAdding" classname="LocalCMCTests" time="0.001"/>
  <testcase name="TestALotOfAdding" classname="LocalCMCTests" time="0.001"/>
  <testcase name="TestALotOfAdding" classname="LocalCMCTests" time="0.001"/>
  <testcase name="TestALotOfAdding" classname="LocalCMCTests" time="0.002"/>
  <testcase name="TestALotOfAdding" classname="LocalCMCTests" time="0.0"/>
  <testcase name="TestALotOfAdding" classname="LocalCMCTests" time="0.0"/>
  <testcase name="TestALotOfAdding" classname="LocalCMCTests" time="0.0"/>
  <testcase name="TestALotOfAdding" classname="LocalCMCTests" time="0.001"/>
  <testcase name="TestALotOfAdding" classname="LocalCMCTests" time="0.0"/>
  <testcase name="TestALotOfAdding" classname="LocalCMCTests" time="0.0"/>
  <testcase name="TestALotOfAdding" classname="LocalCMCTests" time="0.001"/>
  <testcase name="TestALotOfAdding" classname="LocalCMCTests" time="0.001"/>
  <testcase name="TestALotOfAdding" classname="LocalCMCTests" time="0.001"/>
  <testcase name="TestALotOfAdding" classname="LocalCMCTests" time="0.0"/>
  <testcase name="TestALotOfAdding" classname="LocalCMCTests" time="0.0"/>
  <testcase name="TestALotOfAdding" classname="LocalCMCTests" time="0.0"/>
  <testcase name="TestALotOfAdding" classname="LocalCMCTests" time="0.001"/>
  <testcase name="TestALotOfAdding" classname="LocalCMCTests" time="0.001"/>
  <testcase name="TestALotOfAdding" classname="LocalCMCTests" time="0.0"/>
  <testcase name="TestALotOfAdding" classname="LocalCMCTests" time="0.0"/>
  <testcase name="TestALotOfAdding" classname="LocalCMCTests" time="0.0"/>
  <testcase name="TestALotOfAdding" classname="LocalCMCTests" time="0.0"/>
  <testcase name="TestALotOfAdding" classname="LocalCMCTests" time="0.002"/>
  <testcase name="TestALotOfAdding" classname="LocalCMCTests" time="0.0"/>
  <testcase name="TestALotOfAdding" classname="LocalCMCTests" time="0.001"/>
  <testcase name="TestALotOfAdding" classname="LocalCMCTests" time="0.001"/>
  <testcase name="TestALotOfAdding" classname="LocalCMCTests" time="0.0"/>
  <testcase name="TestALotOfAdding" classname="LocalCMCTests" time="0.0"/>
  <testcase name="TestALotOfAdding" classname="LocalCMCTests" time="0.001"/>
  <testcase name="TestALotOfAdding" classname="LocalCMCTests" time="0.001"/>
  <testcase name="TestALotOfAdding" classname="LocalCMCTests" time="0.002"/>
  <testcase name="TestALotOfAdding" classname="LocalCMCTests" time="0.002"/>
  <testcase name="TestALotOfAdding" classname="LocalCMCTests" time="0.0"/>
  <testcase name="TestALotOfAdding" classname="LocalCMCTests" time="0.001"/>
  <testcase name="TestALotOfAdding" classname="LocalCMCTests" time="0.001"/>
  <testcase name="TestALotOfAdding" classname="LocalCMCTests" time="0.001"/>
  <testcase name="TestALotOfAdding" classname="LocalCMCTests" time="0.002"/>
  <testcase name="TestALotOfAdding" classname="LocalCMCTests" time="0.001"/>
  <testcase name="TestALotOfAdding" classname="LocalCMCTests" time="0.001"/>
  <testcase name="TestALotOfAdding" classname="LocalCMCTests" time="0.0"/>
  <testcase name="TestALotOfAdding" classname="LocalCMCTests" time="0.0"/>
  <testcase name="TestALotOfAdding" classname="LocalCMCTests" time="0.0"/>
  <testcase name="TestALotOfAdding" classname="LocalCMCTests" time="0.0"/>
  <testcase name="TestALotOfAdding" classname="LocalCMCTests" time="0.001"/>
  <testcase name="TestALotOfAdding" classname="LocalCMCTests" time="0.001"/>
  <testcase name="TestALotOfAdding" classname="LocalCMCTests" time="0.001"/>
  <testcase name="TestALotOfAdding" classname="LocalCMCTests" time="0.001"/>
  <testcase name="TestALotOfAdding" classname="LocalCMCTests" time="0.001"/>
  <testcase name="TestALotOfAdding" classname="LocalCMCTests" time="0.0"/>
  <testcase name="TestALotOfAdding" classname="LocalCMCTests" time="0.001"/>
  <testcase name="TestALotOfAdding" classname="LocalCMCTests" time="0.001"/>
  <testcase name="TestALotOfAdding" classname="LocalCMCTests" time="0.002"/>
  <testcase name="TestALotOfAdding" classname="LocalCMCTests" time="0.002"/>
  <testcase name="TestALotOfAdding" classname="LocalCMCTests" time="0.0"/>
  <testcase name="TestALotOfAdding" classname="LocalCMCTests" time="0.0"/>
  <testcase name="TestALotOfAdding" classname="LocalCMCTests" time="0.001"/>
  <testcase name="TestALotOfAdding" classname="LocalCMCTests" time="0.0"/>
  <testcase name="TestALotOfAdding" classname="LocalCMCTests" time="0.0"/>
  <testcase name="TestALotOfAdding" classname="LocalCMCTests" time="0.0"/>
  <testcase name="TestALotOfAdding" classname="LocalCMCTests" time="0.0"/>
  <testcase name="TestALotOfAdding" classname="LocalCMCTests" time="0.001"/>
  <testcase name="TestALotOfAdding" classname="LocalCMCTests" time="0.001"/>
  <testcase name="TestALotOfAdding" classname="LocalCMCTests" time="0.0"/>
  <testcase name="TestALotOfAdding" classname="LocalCMCTests" time="0.001"/>
  <testcase name="TestALotOfAdding" classname="LocalCMCTests" time="0.001"/>
  <testcase name="TestALotOfAdding" classname="LocalCMCTests" time="0.001"/>
  <testcase name="TestALotOfAdding" classname="LocalCMCTests" time="0.001"/>
  <testcase name="TestALotOfAdding" classname="LocalCMCTests" time="0.001"/>
  <testcase name="TestALotOfAdding" classname="LocalCMCTests" time="0.001"/>
  <testcase name="TestALotOfAdding" classname="LocalCMCTests" time="0.0"/>
  <testcase name="TestALotOfAdding" classname="LocalCMCTests" time="0.0"/>
  <testcase name="TestALotOfAdding" classname="LocalCMCTests" time="0.0"/>
  <testcase name="TestALotOfAdding" classname="LocalCMCTests" time="0.001"/>
  <testcase name="TestALotOfAdding" classname="LocalCMCTests" time="0.001"/>
  <testcase name="TestALotOfAdding" classname="LocalCMCTests" time="0.0"/>
  <testcase name="TestALotOfAdding" classname="LocalCMCTests" time="0.0"/>
  <testcase name="TestALotOfAdding" classname="LocalCMCTests" time="0.0"/>
  <testcase name="TestALotOfAdding" classname="LocalCMCTests" time="0.001"/>
  <testcase name="TestALotOfAdding" classname="LocalCMCTests" time="0.001"/>
  <testcase name="TestALotOfAdding" classname="LocalCMCTests" time="0.001"/>
  <testcase name="TestALotOfAdding" classname="LocalCMCTests" time="0.001"/>
  <testcase name="TestALotOfAdding" classname="LocalCMCTests" time="0.001"/>
  <testcase name="TestALotOfAdding" classname="LocalCMCTests" time="0.001"/>
  <testcase name="TestALotOfAdding" classname="LocalCMCTests" time="0.0"/>
  <testcase name="TestALotOfAdding" classname="LocalCMCTests" time="0.0"/>
  <testcase name="TestALotOfAdding" classname="LocalCMCTests" time="0.001"/>
  <testcase name="TestALotOfAdding" classname="LocalCMCTests" time="0.0"/>
  <testcase name="TestALotOfAdding" classname="LocalCMCTests" time="0.001"/>
  <testcase name="TestALotOfAdding" classname="LocalCMCTests" time="0.001"/>
  <testcase name="TestALotOfAdding" classname="LocalCMCTests" time="0.0"/>
  <testcase name="TestALotOfAdding" classname="LocalCMCTests" time="0.0"/>
  <testcase name="TestALotOfAdding" classname="LocalCMCTests" time="0.0"/>
  <testcase name="TestALotOfAdding" classname="LocalCMCTests" time="0.001"/>
  <testcase name="TestALotOfAdding" classname="LocalCMCTests" time="0.001"/>
  <testcase name="TestALotOfAdding" classname="LocalCMCTests" time="0.0"/>
  <testcase name="TestALotOfAdding" classname="LocalCMCTests" time="0.001"/>
  <testcase name="TestALotOfAdding" classname="LocalCMCTests" time="0.001"/>
  <testcase name="TestALotOfAdding" classname="LocalCMCTests" time="0.001"/>
  <testcase name="TestALotOfAdding" classname="LocalCMCTests" time="0.0"/>
  <testcase name="TestALotOfAdding" classname="LocalCMCTests" time="0.001"/>
  <testcase name="TestALotOfAdding" classname="LocalCMCTests" time="0.001"/>
  <testcase name="TestALotOfAdding" classname="LocalCMCTests" time="0.0"/>
  <testcase name="TestALotOfAdding" classname="LocalCMCTests" time="0.002"/>
  <testcase name="TestALotOfAdding" classname="LocalCMCTests" time="0.0"/>
  <testcase name="TestALotOfAdding" classname="LocalCMCTests" time="0.0"/>
  <testcase name="TestALotOfAdding" classname="LocalCMCTests" time="0.0"/>
  <testcase name="TestALotOfAdding" classname="LocalCMCTests" time="0.001"/>
  <testcase name="TestALotOfAdding" classname="LocalCMCTests" time="0.0"/>
  <testcase name="TestALotOfAdding" classname="LocalCMCTests" time="0.001"/>
  <testcase name="TestALotOfAdding" classname="LocalCMCTests" time="0.001"/>
  <testcase name="TestALotOfAdding" classname="LocalCMCTests" time="0.001"/>
  <testcase name="TestALotOfAdding" classname="LocalCMCTests" time="0.001"/>
  <testcase name="TestALotOfAdding" classname="LocalCMCTests" time="0.0"/>
  <testcase name="TestALotOfAdding" classname="LocalCMCTests" time="0.0"/>
  <testcase name="TestALotOfAdding" classname="LocalCMCTests" time="0.001"/>
  <testcase name="TestALotOfAdding" classname="LocalCMCTests" time="0.001"/>
  <testcase name="TestALotOfAdding" classname="LocalCMCTests" time="0.001"/>
  <testcase name="TestALotOfAdding" classname="LocalCMCTests" time="0.001"/>
  <testcase name="TestALotOfAdding" classname="LocalCMCTests" time="0.001"/>
  <testcase name="TestALotOfAdding" classname="LocalCMCTests" time="0.0"/>
  <testcase name="TestALotOfAdding" classname="LocalCMCTests" time="0.0"/>
  <testcase name="TestALotOfAdding" classname="LocalCMCTests" time="0.0"/>
  <testcase name="TestALotOfAdding" classname="LocalCMCTests" time="0.001"/>
  <testcase name="TestALotOfAdding" classname="LocalCMCTests" time="0.001"/>
  <testcase name="TestALotOfAdding" classname="LocalCMCTests" time="0.001"/>
  <testcase name="TestALotOfAdding" classname="LocalCMCTests" time="0.0"/>
  <testcase name="TestALotOfAdding" classname="LocalCMCTests" time="0.0"/>
  <testcase name="TestALotOfAdding" classname="LocalCMCTests" time="0.0"/>
  <testcase name="TestALotOfAdding" classname="LocalCMCTests" time="0.001"/>
  <testcase name="TestALotOfAdding" classname="LocalCMCTests" time="0.001"/>
  <testcase name="TestALotOfAdding" classname="LocalCMCTests" time="0.0"/>
  <testcase name="TestALotOfAdding" classname="LocalCMCTests" time="0.0"/>
  <testcase name="TestALotOfAdding" classname="LocalCMCTests" time="0.001"/>
  <testcase name="TestALotOfAdding" classname="LocalCMCTests" time="0.0"/>
  <testcase name="TestALotOfAdding" classname="LocalCMCTests" time="0.0"/>
  <testcase name="TestALotOfAdding" classname="LocalCMCTests" time="0.001"/>
  <testcase name="TestALotOfAdding" classname="LocalCMCTests" time="0.001"/>
  <testcase name="TestALotOfAdding" classname="LocalCMCTests" time="0.0"/>
  <testcase name="TestALotOfAdding" classname="LocalCMCTests" time="0.001"/>
  <testcase name="TestALotOfAdding" classname="LocalCMCTests" time="0.001"/>
  <testcase name="TestALotOfAdding" classname="LocalCMCTests" time="0.003"/>
  <testcase name="TestALotOfAdding" classname="LocalCMCTests" time="0.0"/>
  <testcase name="TestALotOfAdding" classname="LocalCMCTests" time="0.001"/>
  <testcase name="TestALotOfAdding" classname="LocalCMCTests" time="0.0"/>
  <testcase name="TestALotOfAdding" classname="LocalCMCTests" time="0.001"/>
  <testcase name="TestALotOfAdding" classname="LocalCMCTests" time="0.002"/>
  <testcase name="TestALotOfAdding" classname="LocalCMCTests" time="0.0"/>
  <testcase name="TestALotOfAdding" classname="LocalCMCTests" time="0.001"/>
  <testcase name="TestALotOfAdding" classname="LocalCMCTests" time="0.0"/>
  <testcase name="TestALotOfAdding" classname="LocalCMCTests" time="0.001"/>
  <testcase name="TestALotOfAdding" classname="LocalCMCTests" time="0.0"/>
  <testcase name="TestALotOfAdding" classname="LocalCMCTests" time="0.0"/>
  <testcase name="TestALotOfAdding" classname="LocalCMCTests" time="0.001"/>
  <testcase name="TestALotOfAdding" classname="LocalCMCTests" time="0.0"/>
  <testcase name="TestALotOfAdding" classname="LocalCMCTests" time="0.001"/>
  <testcase name="TestALotOfAdding" classname="LocalCMCTests" time="0.0"/>
  <testcase name="TestALotOfAdding" classname="LocalCMCTests" time="0.0"/>
  <testcase name="TestALotOfAdding" classname="LocalCMCTests" time="0.001"/>
  <testcase name="TestALotOfAdding" classname="LocalCMCTests" time="0.003"/>
  <testcase name="TestALotOfAdding" classname="LocalCMCTests" time="0.003"/>
  <testcase name="TestALotOfAdding" classname="LocalCMCTests" time="0.0"/>
  <testcase name="TestALotOfAdding" classname="LocalCMCTests" time="0.003"/>
  <testcase name="TestALotOfAdding" classname="LocalCMCTests" time="0.003"/>
  <testcase name="TestALotOfAdding" classname="LocalCMCTests" time="0.003"/>
  <testcase name="TestALotOfAdding" classname="LocalCMCTests" time="0.003"/>
  <testcase name="TestALotOfAdding" classname="LocalCMCTests" time="0.0"/>
  <testcase name="TestALotOfAdding" classname="LocalCMCTests" time="0.0"/>
  <testcase name="TestALotOfAdding" classname="LocalCMCTests" time="0.003"/>
  <testcase name="TestALotOfAdding" classname="LocalCMCTests" time="0.0"/>
  <testcase name="TestALotOfAdding" classname="LocalCMCTests" time="0.001"/>
  <testcase name="TestALotOfAdding" classname="LocalCMCTests" time="0.003"/>
  <testcase name="TestALotOfAdding" classname="LocalCMCTests" time="0.0"/>
  <testcase name="TestALotOfAdding" classname="LocalCMCTests" time="0.004"/>
  <testcase name="TestALotOfAdding" classname="LocalCMCTests" time="0.003"/>
  <testcase name="TestALotOfAdding" classname="LocalCMCTests" time="0.0"/>
  <testcase name="TestALotOfAdding" classname="LocalCMCTests" time="0.0"/>
  <testcase name="TestALotOfAdding" classname="LocalCMCTests" time="0.001"/>
  <testcase name="TestALotOfAdding" classname="LocalCMCTests" time="0.001"/>
  <testcase name="TestALotOfAdding" classname="LocalCMCTests" time="0.0"/>
  <testcase name="TestALotOfAdding" classname="LocalCMCTests" time="0.001"/>
  <testcase name="TestALotOfAdding" classname="LocalCMCTests" time="0.001"/>
  <testcase name="TestALotOfAdding" classname="LocalCMCTests" time="0.001"/>
  <testcase name="TestALotOfAdding" classname="LocalCMCTests" time="0.001"/>
  <testcase name="TestALotOfAdding" classname="LocalCMCTests" time="0.0"/>
  <testcase name="TestALotOfAdding" classname="LocalCMCTests" time="0.0"/>
  <testcase name="TestALotOfAdding" classname="LocalCMCTests" time="0.001"/>
  <testcase name="TestALotOfAdding" classname="LocalCMCTests" time="0.001"/>
  <testcase name="TestALotOfAdding" classname="LocalCMCTests" time="0.001"/>
  <testcase name="TestALotOfAdding" classname="LocalCMCTests" time="0.0"/>
  <testcase name="TestALotOfAdding" classname="LocalCMCTests" time="0.001"/>
  <testcase name="TestALotOfAdding" classname="LocalCMCTests" time="0.0"/>
  <testcase name="TestALotOfAdding" classname="LocalCMCTests" time="0.001"/>
  <testcase name="TestALotOfAdding" classname="LocalCMCTests" time="0.001"/>
  <testcase name="TestALotOfAdding" classname="LocalCMCTests" time="0.001"/>
  <testcase name="TestALotOfAdding" classname="LocalCMCTests" time="0.001"/>
  <testcase name="TestALotOfAdding" classname="LocalCMCTests" time="0.001"/>
  <testcase name="TestALotOfAdding" classname="LocalCMCTests" time="0.0"/>
  <testcase name="TestALotOfAdding" classname="LocalCMCTests" time="0.001"/>
  <testcase name="TestALotOfAdding" classname="LocalCMCTests" time="0.0"/>
  <testcase name="TestALotOfAdding" classname="LocalCMCTests" time="0.0"/>
  <testcase name="TestALotOfAdding" classname="LocalCMCTests" time="0.001"/>
  <testcase name="TestALotOfAdding" classname="LocalCMCTests" time="0.001"/>
  <testcase name="TestALotOfAdding" classname="LocalCMCTests" time="0.001"/>
  <testcase name="TestALotOfAdding" classname="LocalCMCTests" time="0.001"/>
  <testcase name="TestALotOfAdding" classname="LocalCMCTests" time="0.0"/>
  <testcase name="TestALotOfAdding" classname="LocalCMCTests" time="0.001"/>
  <testcase name="TestALotOfAdding" classname="LocalCMCTests" time="0.001"/>
  <testcase name="TestALotOfAdding" classname="LocalCMCTests" time="0.0"/>
  <testcase name="TestALotOfAdding" classname="LocalCMCTests" time="0.001"/>
  <testcase name="TestALotOfAdding" classname="LocalCMCTests" time="0.0"/>
  <testcase name="TestALotOfAdding" classname="LocalCMCTests" time="0.0"/>
  <testcase name="TestALotOfAdding" classname="LocalCMCTests" time="0.001"/>
  <testcase name="TestALotOfAdding" classname="LocalCMCTests" time="0.0"/>
  <testcase name="TestALotOfAdding" classname="LocalCMCTests" time="0.001"/>
  <testcase name="TestALotOfAdding" classname="LocalCMCTests" time="0.001"/>
  <testcase name="TestALotOfAdding" classname="LocalCMCTests" time="0.001"/>
  <testcase name="TestALotOfAdding" classname="LocalCMCTests" time="0.001"/>
  <testcase name="TestALotOfAdding" classname="LocalCMCTests" time="0.001"/>
  <testcase name="TestALotOfAdding" classname="LocalCMCTests" time="0.0"/>
  <testcase name="TestALotOfAdding" classname="LocalCMCTests" time="0.0"/>
  <testcase name="TestALotOfAdding" classname="LocalCMCTests" time="0.002"/>
  <testcase name="TestALotOfAdding" classname="LocalCMCTests" time="0.001"/>
  <testcase name="TestALotOfAdding" classname="LocalCMCTests" time="0.0"/>
  <testcase name="TestALotOfAdding" classname="LocalCMCTests" time="0.001"/>
  <testcase name="TestALotOfAdding" classname="LocalCMCTests" time="0.0"/>
  <testcase name="TestALotOfAdding" classname="LocalCMCTests" time="0.0"/>
  <testcase name="TestALotOfAdding" classname="LocalCMCTests" time="0.001"/>
  <testcase name="TestALotOfAdding" classname="LocalCMCTests" time="0.0"/>
  <testcase name="TestALotOfAdding" classname="LocalCMCTests" time="0.0"/>
  <testcase name="TestALotOfAdding" classname="LocalCMCTests" time="0.0"/>
  <testcase name="TestALotOfAdding" classname="LocalCMCTests" time="0.0"/>
  <testcase name="TestALotOfAdding" classname="LocalCMCTests" time="0.0"/>
  <testcase name="TestALotOfAdding" classname="LocalCMCTests" time="0.001"/>
  <testcase name="TestALotOfAdding" classname="LocalCMCTests" time="0.001"/>
  <testcase name="TestALotOfAdding" classname="LocalCMCTests" time="0.001"/>
  <testcase name="TestALotOfAdding" classname="LocalCMCTests" time="0.0"/>
  <testcase name="TestALotOfAdding" classname="LocalCMCTests" time="0.0"/>
  <testcase name="TestALotOfAdding" classname="LocalCMCTests" time="0.001"/>
  <testcase name="TestALotOfAdding" classname="LocalCMCTests" time="0.001"/>
  <testcase name="TestALotOfAdding" classname="LocalCMCTests" time="0.0"/>
  <testcase name="TestALotOfAdding" classname="LocalCMCTests" time="0.001"/>
  <testcase name="TestALotOfAdding" classname="LocalCMCTests" time="0.002"/>
  <testcase name="TestALotOfAdding" classname="LocalCMCTests" time="0.0"/>
  <testcase name="TestALotOfAdding" classname="LocalCMCTests" time="0.001"/>
  <testcase name="TestALotOfAdding" classname="LocalCMCTests" time="0.001"/>
  <testcase name="TestALotOfAdding" classname="LocalCMCTests" time="0.0"/>
  <testcase name="TestALotOfAdding" classname="LocalCMCTests" time="0.0"/>
  <testcase name="TestALotOfAdding" classname="LocalCMCTests" time="0.001"/>
  <testcase name="TestALotOfAdding" classname="LocalCMCTests" time="0.0"/>
  <testcase name="TestALotOfAdding" classname="LocalCMCTests" time="0.002"/>
  <testcase name="TestALotOfAdding" classname="LocalCMCTests" time="0.001"/>
  <testcase name="TestALotOfAdding" classname="LocalCMCTests" time="0.001"/>
  <testcase name="TestALotOfAdding" classname="LocalCMCTests" time="0.0"/>
  <testcase name="TestALotOfAdding" classname="LocalCMCTests" time="0.001"/>
  <testcase name="TestALotOfAdding" classname="LocalCMCTests" time="0.0"/>
  <testcase name="TestALotOfAdding" classname="LocalCMCTests" time="0.001"/>
  <testcase name="TestALotOfAdding" classname="LocalCMCTests" time="0.001"/>
  <testcase name="TestALotOfAdding" classname="LocalCMCTests" time="0.0"/>
  <testcase name="TestALotOfAdding" classname="LocalCMCTests" time="0.0"/>
  <testcase name="TestALotOfAdding" classname="LocalCMCTests" time="0.001"/>
  <testcase name="TestALotOfAdding" classname="LocalCMCTests" time="0.001"/>
  <testcase name="TestALotOfAdding" classname="LocalCMCTests" time="0.0"/>
  <testcase name="TestALotOfAdding" classname="LocalCMCTests" time="0.0"/>
  <testcase name="TestALotOfAdding" classname="LocalCMCTests" time="0.001"/>
  <testcase name="TestALotOfAdding" classname="LocalCMCTests" time="0.002"/>
  <testcase name="TestALotOfAdding" classname="LocalCMCTests" time="0.0"/>
  <testcase name="TestALotOfAdding" classname="LocalCMCTests" time="0.001"/>
  <testcase name="TestALotOfAdding" classname="LocalCMCTests" time="0.001"/>
  <testcase name="TestALotOfAdding" classname="LocalCMCTests" time="0.0"/>
  <testcase name="TestALotOfAdding" classname="LocalCMCTests" time="0.0"/>
  <testcase name="TestALotOfAdding" classname="LocalCMCTests" time="0.0"/>
  <testcase name="TestALotOfAdding" classname="LocalCMCTests" time="0.0"/>
  <testcase name="TestALotOfAdding" classname="LocalCMCTests" time="0.001"/>
  <testcase name="TestALotOfAdding" classname="LocalCMCTests" time="0.0"/>
  <testcase name="TestALotOfAdding" classname="LocalCMCTests" time="0.001"/>
  <testcase name="TestALotOfAdding" classname="LocalCMCTests" time="0.001"/>
  <testcase name="TestALotOfAdding" classname="LocalCMCTests" time="0.0"/>
  <testcase name="TestALotOfAdding" classname="LocalCMCTests" time="0.0"/>
  <testcase name="TestALotOfAdding" classname="LocalCMCTests" time="0.001"/>
  <testcase name="TestALotOfAdding" classname="LocalCMCTests" time="0.001"/>
  <testcase name="TestALotOfAdding" classname="LocalCMCTests" time="0.001"/>
  <testcase name="TestALotOfAdding" classname="LocalCMCTests" time="0.001"/>
  <testcase name="TestALotOfAdding" classname="LocalCMCTests" time="0.0"/>
  <testcase name="TestALotOfAdding" classname="LocalCMCTests" time="0.001"/>
  <testcase name="TestALotOfAdding" classname="LocalCMCTests" time="0.001"/>
  <testcase name="TestALotOfAdding" classname="LocalCMCTests" time="0.0"/>
  <testcase name="TestALotOfAdding" classname="LocalCMCTests" time="0.001"/>
  <testcase name="TestALotOfAdding" classname="LocalCMCTests" time="0.001"/>
  <testcase name="TestALotOfAdding" classname="LocalCMCTests" time="0.0"/>
  <testcase name="TestALotOfAdding" classname="LocalCMCTests" time="0.001"/>
  <testcase name="TestALotOfAdding" classname="LocalCMCTests" time="0.002"/>
  <testcase name="TestALotOfAdding" classname="LocalCMCTests" time="0.001"/>
  <testcase name="TestALotOfAdding" classname="LocalCMCTests" time="0.001"/>
  <testcase name="TestALotOfAdding" classname="LocalCMCTests" time="0.001"/>
  <testcase name="TestALotOfAdding" classname="LocalCMCTests" time="0.002"/>
  <testcase name="TestALotOfAdding" classname="LocalCMCTests" time="0.002"/>
  <testcase name="TestALotOfAdding" classname="LocalCMCTests" time="0.001"/>
  <testcase name="TestALotOfAdding" classname="LocalCMCTests" time="0.0"/>
  <testcase name="TestALotOfAdding" classname="LocalCMCTests" time="0.0"/>
  <testcase name="TestALotOfAdding" classname="LocalCMCTests" time="0.0"/>
  <testcase name="TestALotOfAdding" classname="LocalCMCTests" time="0.0"/>
  <testcase name="TestALotOfAdding" classname="LocalCMCTests" time="0.0"/>
  <testcase name="TestALotOfAdding" classname="LocalCMCTests" time="0.0"/>
  <testcase name="TestALotOfAdding" classname="LocalCMCTests" time="0.0"/>
  <testcase name="TestALotOfAdding" classname="LocalCMCTests" time="0.002"/>
  <testcase name="TestALotOfAdding" classname="LocalCMCTests" time="0.001"/>
  <testcase name="TestALotOfAdding" classname="LocalCMCTests" time="0.0"/>
  <testcase name="TestALotOfAdding" classname="LocalCMCTests" time="0.002"/>
  <testcase name="TestALotOfAdding" classname="LocalCMCTests" time="0.001"/>
  <testcase name="TestALotOfAdding" classname="LocalCMCTests" time="0.0"/>
  <testcase name="TestALotOfAdding" classname="LocalCMCTests" time="0.001"/>
  <testcase name="TestALotOfAdding" classname="LocalCMCTests" time="0.001"/>
  <testcase name="TestALotOfAdding" classname="LocalCMCTests" time="0.001"/>
  <testcase name="TestALotOfAdding" classname="LocalCMCTests" time="0.001"/>
  <testcase name="TestALotOfAdding" classname="LocalCMCTests" time="0.001"/>
  <testcase name="TestALotOfAdding" classname="LocalCMCTests" time="0.001"/>
  <testcase name="TestALotOfAdding" classname="LocalCMCTests" time="0.0"/>
  <testcase name="TestALotOfAdding" classname="LocalCMCTests" time="0.0"/>
  <testcase name="TestALotOfAdding" classname="LocalCMCTests" time="0.001"/>
  <testcase name="TestALotOfAdding" classname="LocalCMCTests" time="0.002"/>
  <testcase name="TestALotOfAdding" classname="LocalCMCTests" time="0.001"/>
  <testcase name="TestALotOfAdding" classname="LocalCMCTests" time="0.001"/>
  <testcase name="TestALotOfAdding" classname="LocalCMCTests" time="0.001"/>
  <testcase name="TestALotOfAdding" classname="LocalCMCTests" time="0.0"/>
  <testcase name="TestALotOfAdding" classname="LocalCMCTests" time="0.001"/>
  <testcase name="TestALotOfAdding" classname="LocalCMCTests" time="0.0"/>
  <testcase name="TestALotOfAdding" classname="LocalCMCTests" time="0.0"/>
  <testcase name="TestALotOfAdding" classname="LocalCMCTests" time="0.001"/>
  <testcase name="TestALotOfAdding" classname="LocalCMCTests" time="0.001"/>
  <testcase name="TestALotOfAdding" classname="LocalCMCTests" time="0.0"/>
  <testcase name="TestALotOfAdding" classname="LocalCMCTests" time="0.001"/>
  <testcase name="TestALotOfAdding" classname="LocalCMCTests" time="0.001"/>
  <testcase name="TestALotOfAdding" classname="LocalCMCTests" time="0.002"/>
  <testcase name="TestALotOfAdding" classname="LocalCMCTests" time="0.0"/>
  <testcase name="TestALotOfAdding" classname="LocalCMCTests" time="0.001"/>
  <testcase name="TestALotOfAdding" classname="LocalCMCTests" time="0.001"/>
  <testcase name="TestALotOfAdding" classname="LocalCMCTests" time="0.001"/>
  <testcase name="TestALotOfAdding" classname="LocalCMCTests" time="0.001"/>
  <testcase name="TestALotOfAdding" classname="LocalCMCTests" time="0.0"/>
  <testcase name="TestALotOfAdding" classname="LocalCMCTests" time="0.001"/>
  <testcase name="TestALotOfAdding" classname="LocalCMCTests" time="0.001"/>
  <testcase name="TestALotOfAdding" classname="LocalCMCTests" time="0.0"/>
  <testcase name="TestALotOfAdding" classname="LocalCMCTests" time="0.001"/>
  <testcase name="TestALotOfAdding" classname="LocalCMCTests" time="0.0"/>
  <testcase name="TestALotOfAdding" classname="LocalCMCTests" time="0.001"/>
  <testcase name="TestALotOfAdding" classname="LocalCMCTests" time="0.001"/>
  <testcase name="TestALotOfAdding" classname="LocalCMCTests" time="0.001"/>
  <testcase name="TestALotOfAdding" classname="LocalCMCTests" time="0.001"/>
  <testcase name="TestALotOfAdding" classname="LocalCMCTests" time="0.001"/>
  <testcase name="TestALotOfAdding" classname="LocalCMCTests" time="0.001"/>
  <testcase name="TestALotOfAdding" classname="LocalCMCTests" time="0.0"/>
  <testcase name="TestALotOfAdding" classname="LocalCMCTests" time="0.001"/>
  <testcase name="TestALotOfAdding" classname="LocalCMCTests" time="0.0"/>
  <testcase name="TestALotOfAdding" classname="LocalCMCTests" time="0.001"/>
  <testcase name="TestALotOfAdding" classname="LocalCMCTests" time="0.001"/>
  <testcase name="TestALotOfAdding" classname="LocalCMCTests" time="0.0"/>
  <testcase name="TestALotOfAdding" classname="LocalCMCTests" time="0.002"/>
  <testcase name="TestALotOfAdding" classname="LocalCMCTests" time="0.0"/>
  <testcase name="TestALotOfAdding" classname="LocalCMCTests" time="0.001"/>
  <testcase name="TestALotOfAdding" classname="LocalCMCTests" time="0.001"/>
  <testcase name="TestALotOfAdding" classname="LocalCMCTests" time="0.001"/>
  <testcase name="TestALotOfAdding" classname="LocalCMCTests" time="0.001"/>
  <testcase name="TestALotOfAdding" classname="LocalCMCTests" time="0.001"/>
  <testcase name="TestALotOfAdding" classname="LocalCMCTests" time="0.001"/>
  <testcase name="TestALotOfAdding" classname="LocalCMCTests" time="0.001"/>
  <testcase name="TestALotOfAdding" classname="LocalCMCTests" time="0.0"/>
  <testcase name="TestALotOfAdding" classname="LocalCMCTests" time="0.0"/>
  <testcase name="TestALotOfAdding" classname="LocalCMCTests" time="0.0"/>
  <testcase name="TestALotOfAdding" classname="LocalCMCTests" time="0.0"/>
  <testcase name="TestALotOfAdding" classname="LocalCMCTests" time="0.0"/>
  <testcase name="TestALotOfAdding" classname="LocalCMCTests" time="0.001"/>
  <testcase name="TestALotOfAdding" classname="LocalCMCTests" time="0.002"/>
  <testcase name="TestALotOfAdding" classname="LocalCMCTests" time="0.002"/>
  <testcase name="TestALotOfAdding" classname="LocalCMCTests" time="0.001"/>
  <testcase name="TestALotOfAdding" classname="LocalCMCTests" time="0.001"/>
  <testcase name="TestALotOfAdding" classname="LocalCMCTests" time="0.001"/>
  <testcase name="TestALotOfAdding" classname="LocalCMCTests" time="0.001"/>
  <testcase name="TestALotOfAdding" classname="LocalCMCTests" time="0.0"/>
  <testcase name="TestALotOfAdding" classname="LocalCMCTests" time="0.001"/>
  <testcase name="TestALotOfAdding" classname="LocalCMCTests" time="0.001"/>
  <testcase name="TestALotOfAdding" classname="LocalCMCTests" time="0.001"/>
  <testcase name="TestALotOfAdding" classname="LocalCMCTests" time="0.001"/>
  <testcase name="TestALotOfAdding" classname="LocalCMCTests" time="0.0"/>
  <testcase name="TestALotOfAdding" classname="LocalCMCTests" time="0.001"/>
  <testcase name="TestALotOfAdding" classname="LocalCMCTests" time="0.001"/>
  <testcase name="TestALotOfAdding" classname="LocalCMCTests" time="0.001"/>
  <testcase name="TestALotOfAdding" classname="LocalCMCTests" time="0.001"/>
  <testcase name="TestALotOfAdding" classname="LocalCMCTests" time="0.001"/>
  <testcase name="TestALotOfAdding" classname="LocalCMCTests" time="0.001"/>
  <testcase name="TestALotOfAdding" classname="LocalCMCTests" time="0.0"/>
  <testcase name="TestALotOfAdding" classname="LocalCMCTests" time="0.0"/>
  <testcase name="TestALotOfAdding" classname="LocalCMCTests" time="0.001"/>
  <testcase name="TestALotOfAdding" classname="LocalCMCTests" time="0.001"/>
  <testcase name="TestALotOfAdding" classname="LocalCMCTests" time="0.0"/>
  <testcase name="TestALotOfAdding" classname="LocalCMCTests" time="0.001"/>
  <testcase name="TestALotOfAdding" classname="LocalCMCTests" time="0.0"/>
  <testcase name="TestALotOfAdding" classname="LocalCMCTests" time="0.0"/>
  <testcase name="TestALotOfAdding" classname="LocalCMCTests" time="0.001"/>
  <testcase name="TestALotOfAdding" classname="LocalCMCTests" time="0.0"/>
  <testcase name="TestALotOfAdding" classname="LocalCMCTests" time="0.0"/>
  <testcase name="TestALotOfAdding" classname="LocalCMCTests" time="0.0"/>
  <testcase name="TestALotOfAdding" classname="LocalCMCTests" time="0.001"/>
  <testcase name="TestALotOfAdding" classname="LocalCMCTests" time="0.001"/>
  <testcase name="TestALotOfAdding" classname="LocalCMCTests" time="0.0"/>
  <testcase name="TestALotOfAdding" classname="LocalCMCTests" time="0.001"/>
  <testcase name="TestALotOfAdding" classname="LocalCMCTests" time="0.001"/>
  <testcase name="TestALotOfAdding" classname="LocalCMCTests" time="0.001"/>
  <testcase name="TestALotOfAdding" classname="LocalCMCTests" time="0.001"/>
  <testcase name="TestALotOfAdding" classname="LocalCMCTests" time="0.001"/>
  <testcase name="TestALotOfAdding" classname="LocalCMCTests" time="0.001"/>
  <testcase name="TestALotOfAdding" classname="LocalCMCTests" time="0.001"/>
  <testcase name="TestALotOfAdding" classname="LocalCMCTests" time="0.0"/>
  <testcase name="TestALotOfAdding" classname="LocalCMCTests" time="0.0"/>
  <testcase name="TestALotOfAdding" classname="LocalCMCTests" time="0.0"/>
  <testcase name="TestALotOfAdding" classname="LocalCMCTests" time="0.001"/>
  <testcase name="TestALotOfAdding" classname="LocalCMCTests" time="0.0"/>
  <testcase name="TestALotOfAdding" classname="LocalCMCTests" time="0.001"/>
  <testcase name="TestALotOfAdding" classname="LocalCMCTests" time="0.001"/>
  <testcase name="TestALotOfAdding" classname="LocalCMCTests" time="0.0"/>
  <testcase name="TestALotOfAdding" classname="LocalCMCTests" time="0.001"/>
  <testcase name="TestALotOfAdding" classname="LocalCMCTests" time="0.001"/>
  <testcase name="TestALotOfAdding" classname="LocalCMCTests" time="0.001"/>
  <testcase name="TestALotOfAdding" classname="LocalCMCTests" time="0.0"/>
  <testcase name="TestALotOfAdding" classname="LocalCMCTests" time="0.001"/>
  <testcase name="TestALotOfAdding" classname="LocalCMCTests" time="0.0"/>
  <testcase name="TestALotOfAdding" classname="LocalCMCTests" time="0.001"/>
  <testcase name="TestALotOfAdding" classname="LocalCMCTests" time="0.0"/>
  <testcase name="TestALotOfAdding" classname="LocalCMCTests" time="0.001"/>
  <testcase name="TestALotOfAdding" classname="LocalCMCTests" time="0.0"/>
  <testcase name="TestALotOfAdding" classname="LocalCMCTests" time="0.0"/>
  <testcase name="TestALotOfAdding" classname="LocalCMCTests" time="0.001"/>
  <testcase name="TestALotOfAdding" classname="LocalCMCTests" time="0.002"/>
  <testcase name="TestALotOfAdding" classname="LocalCMCTests" time="0.001"/>
  <testcase name="TestALotOfAdding" classname="LocalCMCTests" time="0.001"/>
  <testcase name="TestALotOfAdding" classname="LocalCMCTests" time="0.001"/>
  <testcase name="TestALotOfAdding" classname="LocalCMCTests" time="0.0"/>
  <testcase name="TestALotOfAdding" classname="LocalCMCTests" time="0.001"/>
  <testcase name="TestALotOfAdding" classname="LocalCMCTests" time="0.001"/>
  <testcase name="TestALotOfAdding" classname="LocalCMCTests" time="0.001"/>
  <testcase name="TestALotOfAdding" classname="LocalCMCTests" time="0.0"/>
  <testcase name="TestALotOfAdding" classname="LocalCMCTests" time="0.0"/>
  <testcase name="TestALotOfAdding" classname="LocalCMCTests" time="0.001"/>
  <testcase name="TestALotOfAdding" classname="LocalCMCTests" time="0.0"/>
  <testcase name="TestALotOfAdding" classname="LocalCMCTests" time="0.0"/>
  <testcase name="TestALotOfAdding" classname="LocalCMCTests" time="0.0"/>
  <testcase name="TestALotOfAdding" classname="LocalCMCTests" time="0.0"/>
  <testcase name="TestALotOfAdding" classname="LocalCMCTests" time="0.001"/>
  <testcase name="TestALotOfAdding" classname="LocalCMCTests" time="0.001"/>
  <testcase name="TestALotOfAdding" classname="LocalCMCTests" time="0.002"/>
  <testcase name="TestALotOfAdding" classname="LocalCMCTests" time="0.001"/>
  <testcase name="TestALotOfAdding" classname="LocalCMCTests" time="0.001"/>
  <testcase name="TestALotOfAdding" classname="LocalCMCTests" time="0.0"/>
  <testcase name="TestALotOfAdding" classname="LocalCMCTests" time="0.0"/>
  <testcase name="TestALotOfAdding" classname="LocalCMCTests" time="0.001"/>
  <testcase name="TestALotOfAdding" classname="LocalCMCTests" time="0.001"/>
  <testcase name="TestALotOfAdding" classname="LocalCMCTests" time="0.001"/>
  <testcase name="TestALotOfAdding" classname="LocalCMCTests" time="0.001"/>
  <testcase name="TestALotOfAdding" classname="LocalCMCTests" time="0.0"/>
  <testcase name="TestALotOfAdding" classname="LocalCMCTests" time="0.0"/>
  <testcase name="TestALotOfAdding" classname="LocalCMCTests" time="0.0"/>
  <testcase name="TestALotOfAdding" classname="LocalCMCTests" time="0.0"/>
  <testcase name="TestALotOfAdding" classname="LocalCMCTests" time="0.001"/>
  <testcase name="TestALotOfAdding" classname="LocalCMCTests" time="0.001"/>
  <testcase name="TestALotOfAdding" classname="LocalCMCTests" time="0.001"/>
  <testcase name="TestALotOfAdding" classname="LocalCMCTests" time="0.001"/>
  <testcase name="TestALotOfAdding" classname="LocalCMCTests" time="0.001"/>
  <testcase name="TestALotOfAdding" classname="LocalCMCTests" time="0.0"/>
  <testcase name="TestALotOfAdding" classname="LocalCMCTests" time="0.001"/>
  <testcase name="TestALotOfAdding" classname="LocalCMCTests" time="0.0"/>
  <testcase name="TestALotOfAdding" classname="LocalCMCTests" time="0.0"/>
  <testcase name="TestALotOfAdding" classname="LocalCMCTests" time="0.001"/>
  <testcase name="TestALotOfAdding" classname="LocalCMCTests" time="0.0"/>
  <testcase name="TestALotOfAdding" classname="LocalCMCTests" time="0.001"/>
  <testcase name="TestALotOfAdding" classname="LocalCMCTests" time="0.001"/>
  <testcase name="TestALotOfAdding" classname="LocalCMCTests" time="0.001"/>
  <testcase name="TestALotOfAdding" classname="LocalCMCTests" time="0.001"/>
  <testcase name="TestALotOfAdding" classname="LocalCMCTests" time="0.0"/>
  <testcase name="TestALotOfAdding" classname="LocalCMCTests" time="0.001"/>
  <testcase name="TestALotOfAdding" classname="LocalCMCTests" time="0.001"/>
  <testcase name="TestALotOfAdding" classname="LocalCMCTests" time="0.001"/>
  <testcase name="TestALotOfAdding" classname="LocalCMCTests" time="0.0"/>
  <testcase name="TestALotOfAdding" classname="LocalCMCTests" time="0.001"/>
  <testcase name="TestALotOfAdding" classname="LocalCMCTests" time="0.001"/>
  <testcase name="TestALotOfAdding" classname="LocalCMCTests" time="0.0"/>
  <testcase name="TestALotOfAdding" classname="LocalCMCTests" time="0.0"/>
  <testcase name="TestALotOfAdding" classname="LocalCMCTests" time="0.001"/>
  <testcase name="TestALotOfAdding" classname="LocalCMCTests" time="0.001"/>
  <testcase name="TestALotOfAdding" classname="LocalCMCTests" time="0.001"/>
  <testcase name="TestALotOfAdding" classname="LocalCMCTests" time="0.001"/>
  <testcase name="TestALotOfAdding" classname="LocalCMCTests" time="0.0"/>
  <testcase name="TestALotOfAdding" classname="LocalCMCTests" time="0.0"/>
  <testcase name="TestALotOfAdding" classname="LocalCMCTests" time="0.001"/>
  <testcase name="TestALotOfAdding" classname="LocalCMCTests" time="0.002"/>
  <testcase name="TestALotOfAdding" classname="LocalCMCTests" time="0.001"/>
  <testcase name="TestALotOfAdding" classname="LocalCMCTests" time="0.001"/>
  <testcase name="TestALotOfAdding" classname="LocalCMCTests" time="0.001"/>
  <testcase name="TestALotOfAdding" classname="LocalCMCTests" time="0.0"/>
  <testcase name="TestALotOfAdding" classname="LocalCMCTests" time="0.001"/>
  <testcase name="TestALotOfAdding" classname="LocalCMCTests" time="0.001"/>
  <testcase name="TestALotOfAdding" classname="LocalCMCTests" time="0.001"/>
  <testcase name="TestALotOfAdding" classname="LocalCMCTests" time="0.001"/>
  <testcase name="TestALotOfAdding" classname="LocalCMCTests" time="0.001"/>
  <testcase name="TestALotOfAdding" classname="LocalCMCTests" time="0.0"/>
  <testcase name="TestALotOfAdding" classname="LocalCMCTests" time="0.0"/>
  <testcase name="TestALotOfAdding" classname="LocalCMCTests" time="0.001"/>
  <testcase name="TestALotOfAdding" classname="LocalCMCTests" time="0.001"/>
  <testcase name="TestALotOfAdding" classname="LocalCMCTests" time="0.001"/>
  <testcase name="TestALotOfAdding" classname="LocalCMCTests" time="0.001"/>
  <testcase name="TestALotOfAdding" classname="LocalCMCTests" time="0.001"/>
  <testcase name="TestALotOfAdding" classname="LocalCMCTests" time="0.0"/>
  <testcase name="TestALotOfAdding" classname="LocalCMCTests" time="0.0"/>
  <testcase name="TestALotOfAdding" classname="LocalCMCTests" time="0.001"/>
  <testcase name="TestALotOfAdding" classname="LocalCMCTests" time="0.0"/>
  <testcase name="TestALotOfAdding" classname="LocalCMCTests" time="0.0"/>
  <testcase name="TestALotOfAdding" classname="LocalCMCTests" time="0.001"/>
  <testcase name="TestALotOfAdding" classname="LocalCMCTests" time="0.0"/>
  <testcase name="TestALotOfAdding" classname="LocalCMCTests" time="0.001"/>
  <testcase name="TestALotOfAdding" classname="LocalCMCTests" time="0.0"/>
  <testcase name="TestALotOfAdding" classname="LocalCMCTests" time="0.0"/>
  <testcase name="TestALotOfAdding" classname="LocalCMCTests" time="0.001"/>
  <testcase name="TestALotOfAdding" classname="LocalCMCTests" time="0.001"/>
  <testcase name="TestALotOfAdding" classname="LocalCMCTests" time="0.0"/>
  <testcase name="TestALotOfAdding" classname="LocalCMCTests" time="0.001"/>
  <testcase name="TestALotOfAdding" classname="LocalCMCTests" time="0.002"/>
  <testcase name="TestALotOfAdding" classname="LocalCMCTests" time="0.001"/>
  <testcase name="TestALotOfAdding" classname="LocalCMCTests" time="0.0"/>
  <testcase name="TestALotOfAdding" classname="LocalCMCTests" time="0.0"/>
  <testcase name="TestALotOfAdding" classname="LocalCMCTests" time="0.0"/>
  <testcase name="TestALotOfAdding" classname="LocalCMCTests" time="0.0"/>
  <testcase name="TestALotOfAdding" classname="LocalCMCTests" time="0.001"/>
  <testcase name="TestALotOfAdding" classname="LocalCMCTests" time="0.0"/>
  <testcase name="TestALotOfAdding" classname="LocalCMCTests" time="0.001"/>
  <testcase name="TestALotOfAdding" classname="LocalCMCTests" time="0.0"/>
  <testcase name="TestALotOfAdding" classname="LocalCMCTests" time="0.001"/>
  <testcase name="TestALotOfAdding" classname="LocalCMCTests" time="0.001"/>
  <testcase name="TestALotOfAdding" classname="LocalCMCTests" time="0.001"/>
  <testcase name="TestALotOfAdding" classname="LocalCMCTests" time="0.001"/>
  <testcase name="TestALotOfAdding" classname="LocalCMCTests" time="0.001"/>
  <testcase name="TestALotOfAdding" classname="LocalCMCTests" time="0.001"/>
  <testcase name="TestALotOfAdding" classname="LocalCMCTests" time="0.0"/>
  <testcase name="TestALotOfAdding" classname="LocalCMCTests" time="0.0"/>
  <testcase name="TestALotOfAdding" classname="LocalCMCTests" time="0.0"/>
  <testcase name="TestALotOfAdding" classname="LocalCMCTests" time="0.001"/>
  <testcase name="TestALotOfAdding" classname="LocalCMCTests" time="0.0"/>
  <testcase name="TestALotOfAdding" classname="LocalCMCTests" time="0.0"/>
  <testcase name="TestALotOfAdding" classname="LocalCMCTests" time="0.003"/>
  <testcase name="TestALotOfAdding" classname="LocalCMCTests" time="0.001"/>
  <testcase name="TestALotOfAdding" classname="LocalCMCTests" time="0.0"/>
  <testcase name="TestALotOfAdding" classname="LocalCMCTests" time="0.0"/>
  <testcase name="TestALotOfAdding" classname="LocalCMCTests" time="0.002"/>
  <testcase name="TestALotOfAdding" classname="LocalCMCTests" time="0.001"/>
  <testcase name="TestALotOfAdding" classname="LocalCMCTests" time="0.001"/>
  <testcase name="TestALotOfAdding" classname="LocalCMCTests" time="0.001"/>
  <testcase name="TestALotOfAdding" classname="LocalCMCTests" time="0.002"/>
  <testcase name="TestALotOfAdding" classname="LocalCMCTests" time="0.0"/>
  <testcase name="TestALotOfAdding" classname="LocalCMCTests" time="0.001"/>
  <testcase name="TestALotOfAdding" classname="LocalCMCTests" time="0.0"/>
  <testcase name="TestALotOfAdding" classname="LocalCMCTests" time="0.0"/>
  <testcase name="TestALotOfAdding" classname="LocalCMCTests" time="0.0"/>
  <testcase name="TestALotOfAdding" classname="LocalCMCTests" time="0.001"/>
  <testcase name="TestALotOfAdding" classname="LocalCMCTests" time="0.001"/>
  <testcase name="TestALotOfAdding" classname="LocalCMCTests" time="0.0"/>
  <testcase name="TestALotOfAdding" classname="LocalCMCTests" time="0.0"/>
  <testcase name="TestALotOfAdding" classname="LocalCMCTests" time="0.001"/>
  <testcase name="TestALotOfAdding" classname="LocalCMCTests" time="0.001"/>
  <testcase name="TestALotOfAdding" classname="LocalCMCTests" time="0.001"/>
  <testcase name="TestALotOfAdding" classname="LocalCMCTests" time="0.001"/>
  <testcase name="TestALotOfAdding" classname="LocalCMCTests" time="0.0"/>
  <testcase name="TestALotOfAdding" classname="LocalCMCTests" time="0.0"/>
  <testcase name="TestALotOfAdding" classname="LocalCMCTests" time="0.001"/>
  <testcase name="TestALotOfAdding" classname="LocalCMCTests" time="0.001"/>
  <testcase name="TestALotOfAdding" classname="LocalCMCTests" time="0.001"/>
  <testcase name="TestALotOfAdding" classname="LocalCMCTests" time="0.001"/>
  <testcase name="TestALotOfAdding" classname="LocalCMCTests" time="0.002"/>
  <testcase name="TestALotOfAdding" classname="LocalCMCTests" time="0.001"/>
  <testcase name="TestALotOfAdding" classname="LocalCMCTests" time="0.0"/>
  <testcase name="TestALotOfAdding" classname="LocalCMCTests" time="0.0"/>
  <testcase name="TestALotOfAdding" classname="LocalCMCTests" time="0.0"/>
  <testcase name="TestALotOfAdding" classname="LocalCMCTests" time="0.0"/>
  <testcase name="TestALotOfAdding" classname="LocalCMCTests" time="0.0"/>
  <testcase name="TestALotOfAdding" classname="LocalCMCTests" time="0.001"/>
  <testcase name="TestALotOfAdding" classname="LocalCMCTests" time="0.002"/>
  <testcase name="TestALotOfAdding" classname="LocalCMCTests" time="0.001"/>
  <testcase name="TestALotOfAdding" classname="LocalCMCTests" time="0.0"/>
  <testcase name="TestALotOfAdding" classname="LocalCMCTests" time="0.001"/>
  <testcase name="TestALotOfAdding" classname="LocalCMCTests" time="0.001"/>
  <testcase name="TestALotOfAdding" classname="LocalCMCTests" time="0.0"/>
  <testcase name="TestALotOfAdding" classname="LocalCMCTests" time="0.001"/>
  <testcase name="TestALotOfAdding" classname="LocalCMCTests" time="0.001"/>
  <testcase name="TestALotOfAdding" classname="LocalCMCTests" time="0.0"/>
  <testcase name="TestALotOfAdding" classname="LocalCMCTests" time="0.001"/>
  <testcase name="TestALotOfAdding" classname="LocalCMCTests" time="0.0"/>
  <testcase name="TestALotOfAdding" classname="LocalCMCTests" time="0.0"/>
  <testcase name="TestALotOfAdding" classname="LocalCMCTests" time="0.0"/>
  <testcase name="TestALotOfAdding" classname="LocalCMCTests" time="0.0"/>
  <testcase name="TestALotOfAdding" classname="LocalCMCTests" time="0.001"/>
  <testcase name="TestALotOfAdding" classname="LocalCMCTests" time="0.001"/>
  <testcase name="TestALotOfAdding" classname="LocalCMCTests" time="0.002"/>
  <testcase name="TestALotOfAdding" classname="LocalCMCTests" time="0.001"/>
  <testcase name="TestALotOfAdding" classname="LocalCMCTests" time="0.001"/>
  <testcase name="TestALotOfAdding" classname="LocalCMCTests" time="0.001"/>
  <testcase name="TestALotOfAdding" classname="LocalCMCTests" time="0.001"/>
  <testcase name="TestALotOfAdding" classname="LocalCMCTests" time="0.001"/>
  <testcase name="TestALotOfAdding" classname="LocalCMCTests" time="0.001"/>
  <testcase name="TestALotOfAdding" classname="LocalCMCTests" time="0.001"/>
  <testcase name="TestALotOfAdding" classname="LocalCMCTests" time="0.0"/>
  <testcase name="TestALotOfAdding" classname="LocalCMCTests" time="0.001"/>
  <testcase name="TestALotOfAdding" classname="LocalCMCTests" time="0.0"/>
  <testcase name="TestALotOfAdding" classname="LocalCMCTests" time="0.001"/>
  <testcase name="TestALotOfAdding" classname="LocalCMCTests" time="0.001"/>
  <testcase name="TestALotOfAdding" classname="LocalCMCTests" time="0.001"/>
  <testcase name="TestALotOfAdding" classname="LocalCMCTests" time="0.001"/>
  <testcase name="TestALotOfAdding" classname="LocalCMCTests" time="0.0"/>
  <testcase name="TestALotOfAdding" classname="LocalCMCTests" time="0.001"/>
  <testcase name="TestALotOfAdding" classname="LocalCMCTests" time="0.001"/>
  <testcase name="TestALotOfAdding" classname="LocalCMCTests" time="0.0"/>
  <testcase name="TestALotOfAdding" classname="LocalCMCTests" time="0.0"/>
  <testcase name="TestALotOfAdding" classname="LocalCMCTests" time="0.0"/>
  <testcase name="TestALotOfAdding" classname="LocalCMCTests" time="0.001"/>
  <testcase name="TestALotOfAdding" classname="LocalCMCTests" time="0.001"/>
  <testcase name="TestALotOfAdding" classname="LocalCMCTests" time="0.001"/>
  <testcase name="TestALotOfAdding" classname="LocalCMCTests" time="0.0"/>
  <testcase name="TestALotOfAdding" classname="LocalCMCTests" time="0.0"/>
  <testcase name="TestALotOfAdding" classname="LocalCMCTests" time="0.001"/>
  <testcase name="TestALotOfAdding" classname="LocalCMCTests" time="0.001"/>
  <testcase name="TestALotOfAdding" classname="LocalCMCTests" time="0.001"/>
  <testcase name="TestALotOfAdding" classname="LocalCMCTests" time="0.002"/>
  <testcase name="TestALotOfAdding" classname="LocalCMCTests" time="0.0"/>
  <testcase name="TestALotOfAdding" classname="LocalCMCTests" time="0.0"/>
  <testcase name="TestALotOfAdding" classname="LocalCMCTests" time="0.0"/>
  <testcase name="TestALotOfAdding" classname="LocalCMCTests" time="0.0"/>
  <testcase name="TestALotOfAdding" classname="LocalCMCTests" time="0.0"/>
  <testcase name="TestALotOfAdding" classname="LocalCMCTests" time="0.0"/>
  <testcase name="TestALotOfAdding" classname="LocalCMCTests" time="0.002"/>
  <testcase name="TestALotOfAdding" classname="LocalCMCTests" time="0.002"/>
  <testcase name="TestALotOfAdding" classname="LocalCMCTests" time="0.002"/>
  <testcase name="TestALotOfAdding" classname="LocalCMCTests" time="0.0"/>
  <testcase name="TestALotOfAdding" classname="LocalCMCTests" time="0.002"/>
  <testcase name="TestALotOfAdding" classname="LocalCMCTests" time="0.002"/>
  <testcase name="TestALotOfAdding" classname="LocalCMCTests" time="0.0"/>
  <testcase name="TestALotOfAdding" classname="LocalCMCTests" time="0.0"/>
  <testcase name="TestALotOfAdding" classname="LocalCMCTests" time="0.001"/>
  <testcase name="TestALotOfAdding" classname="LocalCMCTests" time="0.0"/>
  <testcase name="TestALotOfAdding" classname="LocalCMCTests" time="0.001"/>
  <testcase name="TestALotOfAdding" classname="LocalCMCTests" time="0.002"/>
  <testcase name="TestALotOfAdding" classname="LocalCMCTests" time="0.002"/>
  <testcase name="TestALotOfAdding" classname="LocalCMCTests" time="0.002"/>
  <testcase name="TestALotOfAdding" classname="LocalCMCTests" time="0.001"/>
  <testcase name="TestALotOfAdding" classname="LocalCMCTests" time="0.001"/>
  <testcase name="TestALotOfAdding" classname="LocalCMCTests" time="0.001"/>
  <testcase name="TestALotOfAdding" classname="LocalCMCTests" time="0.001"/>
  <testcase name="TestALotOfAdding" classname="LocalCMCTests" time="0.0"/>
  <testcase name="TestALotOfAdding" classname="LocalCMCTests" time="0.001"/>
  <testcase name="TestALotOfAdding" classname="LocalCMCTests" time="0.001"/>
  <testcase name="TestALotOfAdding" classname="LocalCMCTests" time="0.0"/>
  <testcase name="TestALotOfAdding" classname="LocalCMCTests" time="0.0"/>
  <testcase name="TestALotOfAdding" classname="LocalCMCTests" time="0.001"/>
  <testcase name="TestALotOfAdding" classname="LocalCMCTests" time="0.0"/>
  <testcase name="TestALotOfAdding" classname="LocalCMCTests" time="0.0"/>
  <testcase name="TestALotOfAdding" classname="LocalCMCTests" time="0.0"/>
  <testcase name="TestALotOfAdding" classname="LocalCMCTests" time="0.001"/>
  <testcase name="TestALotOfAdding" classname="LocalCMCTests" time="0.001"/>
  <testcase name="TestALotOfAdding" classname="LocalCMCTests" time="0.001"/>
  <testcase name="TestALotOfAdding" classname="LocalCMCTests" time="0.001"/>
  <testcase name="TestALotOfAdding" classname="LocalCMCTests" time="0.002"/>
  <testcase name="TestALotOfAdding" classname="LocalCMCTests" time="0.001"/>
  <testcase name="TestALotOfAdding" classname="LocalCMCTests" time="0.001"/>
  <testcase name="TestALotOfAdding" classname="LocalCMCTests" time="0.001"/>
  <testcase name="TestALotOfAdding" classname="LocalCMCTests" time="0.0"/>
  <testcase name="TestALotOfAdding" classname="LocalCMCTests" time="0.0"/>
  <testcase name="TestALotOfAdding" classname="LocalCMCTests" time="0.0"/>
  <testcase name="TestALotOfAdding" classname="LocalCMCTests" time="0.0"/>
  <testcase name="TestALotOfAdding" classname="LocalCMCTests" time="0.0"/>
  <testcase name="TestALotOfAdding" classname="LocalCMCTests" time="0.001"/>
  <testcase name="TestALotOfAdding" classname="LocalCMCTests" time="0.0"/>
  <testcase name="TestALotOfAdding" classname="LocalCMCTests" time="0.0"/>
  <testcase name="TestALotOfAdding" classname="LocalCMCTests" time="0.0"/>
  <testcase name="TestALotOfAdding" classname="LocalCMCTests" time="0.001"/>
  <testcase name="TestALotOfAdding" classname="LocalCMCTests" time="0.001"/>
  <testcase name="TestALotOfAdding" classname="LocalCMCTests" time="0.001"/>
  <testcase name="TestALotOfAdding" classname="LocalCMCTests" time="0.001"/>
  <testcase name="TestALotOfAdding" classname="LocalCMCTests" time="0.0"/>
  <testcase name="TestALotOfAdding" classname="LocalCMCTests" time="0.0"/>
  <testcase name="TestALotOfAdding" classname="LocalCMCTests" time="0.001"/>
  <testcase name="TestALotOfAdding" classname="LocalCMCTests" time="0.001"/>
  <testcase name="TestALotOfAdding" classname="LocalCMCTests" time="0.002"/>
  <testcase name="TestALotOfAdding" classname="LocalCMCTests" time="0.001"/>
  <testcase name="TestALotOfAdding" classname="LocalCMCTests" time="0.001"/>
  <testcase name="TestALotOfAdding" classname="LocalCMCTests" time="0.0"/>
  <testcase name="TestALotOfAdding" classname="LocalCMCTests" time="0.0"/>
  <testcase name="TestALotOfAdding" classname="LocalCMCTests" time="0.0"/>
  <testcase name="TestALotOfAdding" classname="LocalCMCTests" time="0.001"/>
  <testcase name="TestALotOfAdding" classname="LocalCMCTests" time="0.001"/>
  <testcase name="TestALotOfAdding" classname="LocalCMCTests" time="0.001"/>
  <testcase name="TestALotOfAdding" classname="LocalCMCTests" time="0.001"/>
  <testcase name="TestALotOfAdding" classname="LocalCMCTests" time="0.001"/>
  <testcase name="TestALotOfAdding" classname="LocalCMCTests" time="0.001"/>
  <testcase name="TestALotOfAdding" classname="LocalCMCTests" time="0.001"/>
  <testcase name="TestALotOfAdding" classname="LocalCMCTests" time="0.001"/>
  <testcase name="TestALotOfAdding" classname="LocalCMCTests" time="0.001"/>
  <testcase name="TestALotOfAdding" classname="LocalCMCTests" time="0.0"/>
  <testcase name="TestALotOfAdding" classname="LocalCMCTests" time="0.001"/>
  <testcase name="TestALotOfAdding" classname="LocalCMCTests" time="0.0"/>
  <testcase name="TestALotOfAdding" classname="LocalCMCTests" time="0.0"/>
  <testcase name="TestALotOfAdding" classname="LocalCMCTests" time="0.0"/>
  <testcase name="TestALotOfAdding" classname="LocalCMCTests" time="0.0"/>
  <testcase name="TestALotOfAdding" classname="LocalCMCTests" time="0.0"/>
  <testcase name="TestALotOfAdding" classname="LocalCMCTests" time="0.0"/>
  <testcase name="TestALotOfAdding" classname="LocalCMCTests" time="0.001"/>
  <testcase name="TestALotOfAdding" classname="LocalCMCTests" time="0.001"/>
  <testcase name="TestALotOfAdding" classname="LocalCMCTests" time="0.001"/>
  <testcase name="TestALotOfAdding" classname="LocalCMCTests" time="0.001"/>
  <testcase name="TestALotOfAdding" classname="LocalCMCTests" time="0.0"/>
  <testcase name="TestALotOfAdding" classname="LocalCMCTests" time="0.001"/>
  <testcase name="TestALotOfAdding" classname="LocalCMCTests" time="0.001"/>
  <testcase name="TestALotOfAdding" classname="LocalCMCTests" time="0.0"/>
  <testcase name="TestALotOfAdding" classname="LocalCMCTests" time="0.001"/>
  <testcase name="TestALotOfAdding" classname="LocalCMCTests" time="0.0"/>
  <testcase name="TestALotOfAdding" classname="LocalCMCTests" time="0.0"/>
  <testcase name="TestALotOfAdding" classname="LocalCMCTests" time="0.0"/>
  <testcase name="TestALotOfAdding" classname="LocalCMCTests" time="0.001"/>
  <testcase name="TestALotOfAdding" classname="LocalCMCTests" time="0.001"/>
  <testcase name="TestALotOfAdding" classname="LocalCMCTests" time="0.0"/>
  <testcase name="TestALotOfAdding" classname="LocalCMCTests" time="0.0"/>
  <testcase name="TestALotOfAdding" classname="LocalCMCTests" time="0.001"/>
  <testcase name="TestALotOfAdding" classname="LocalCMCTests" time="0.001"/>
  <testcase name="TestALotOfAdding" classname="LocalCMCTests" time="0.001"/>
  <testcase name="TestALotOfAdding" classname="LocalCMCTests" time="0.001"/>
  <testcase name="TestALotOfAdding" classname="LocalCMCTests" time="0.002"/>
  <testcase name="TestALotOfAdding" classname="LocalCMCTests" time="0.0"/>
  <testcase name="TestALotOfAdding" classname="LocalCMCTests" time="0.0"/>
  <testcase name="TestALotOfAdding" classname="LocalCMCTests" time="0.0"/>
  <testcase name="TestALotOfAdding" classname="LocalCMCTests" time="0.001"/>
  <testcase name="TestALotOfAdding" classname="LocalCMCTests" time="0.0"/>
  <testcase name="TestALotOfAdding" classname="LocalCMCTests" time="0.001"/>
  <testcase name="TestALotOfAdding" classname="LocalCMCTests" time="0.001"/>
  <testcase name="TestALotOfAdding" classname="LocalCMCTests" time="0.0"/>
  <testcase name="TestALotOfAdding" classname="LocalCMCTests" time="0.001"/>
  <testcase name="TestALotOfAdding" classname="LocalCMCTests" time="0.001"/>
  <testcase name="TestALotOfAdding" classname="LocalCMCTests" time="0.001"/>
  <testcase name="TestALotOfAdding" classname="LocalCMCTests" time="0.001"/>
  <testcase name="TestALotOfAdding" classname="LocalCMCTests" time="0.002"/>
  <testcase name="TestALotOfAdding" classname="LocalCMCTests" time="0.001"/>
  <testcase name="TestALotOfAdding" classname="LocalCMCTests" time="0.0"/>
  <testcase name="TestALotOfAdding" classname="LocalCMCTests" time="0.0"/>
  <testcase name="TestALotOfAdding" classname="LocalCMCTests" time="0.001"/>
  <testcase name="TestALotOfAdding" classname="LocalCMCTests" time="0.0"/>
  <testcase name="TestALotOfAdding" classname="LocalCMCTests" time="0.001"/>
  <testcase name="TestALotOfAdding" classname="LocalCMCTests" time="0.0"/>
  <testcase name="TestALotOfAdding" classname="LocalCMCTests" time="0.0"/>
  <testcase name="TestALotOfAdding" classname="LocalCMCTests" time="0.0"/>
  <testcase name="TestALotOfAdding" classname="LocalCMCTests" time="0.001"/>
  <testcase name="TestALotOfAdding" classname="LocalCMCTests" time="0.0"/>
  <testcase name="TestALotOfAdding" classname="LocalCMCTests" time="0.001"/>
  <testcase name="TestALotOfAdding" classname="LocalCMCTests" time="0.0"/>
  <testcase name="TestALotOfAdding" classname="LocalCMCTests" time="0.001"/>
  <testcase name="TestALotOfAdding" classname="LocalCMCTests" time="0.001"/>
  <testcase name="TestALotOfAdding" classname="LocalCMCTests" time="0.0"/>
  <testcase name="TestALotOfAdding" classname="LocalCMCTests" time="0.001"/>
  <testcase name="TestALotOfAdding" classname="LocalCMCTests" time="0.001"/>
  <testcase name="TestALotOfAdding" classname="LocalCMCTests" time="0.0"/>
  <testcase name="TestALotOfAdding" classname="LocalCMCTests" time="0.001"/>
  <testcase name="TestALotOfAdding" classname="LocalCMCTests" time="0.001"/>
  <testcase name="TestALotOfAdding" classname="LocalCMCTests" time="0.001"/>
  <testcase name="TestALotOfAdding" classname="LocalCMCTests" time="0.001"/>
  <testcase name="TestALotOfAdding" classname="LocalCMCTests" time="0.001"/>
  <testcase name="TestALotOfAdding" classname="LocalCMCTests" time="0.001"/>
  <testcase name="TestALotOfAdding" classname="LocalCMCTests" time="0.0"/>
  <testcase name="TestALotOfAdding" classname="LocalCMCTests" time="0.0"/>
  <testcase name="TestALotOfAdding" classname="LocalCMCTests" time="0.001"/>
  <testcase name="TestALotOfAdding" classname="LocalCMCTests" time="0.001"/>
  <testcase name="TestALotOfAdding" classname="LocalCMCTests" time="0.001"/>
  <testcase name="TestALotOfAdding" classname="LocalCMCTests" time="0.001"/>
  <testcase name="TestALotOfAdding" classname="LocalCMCTests" time="0.0"/>
  <testcase name="TestALotOfAdding" classname="LocalCMCTests" time="0.001"/>
  <testcase name="TestALotOfAdding" classname="LocalCMCTests" time="0.0"/>
  <testcase name="TestALotOfAdding" classname="LocalCMCTests" time="0.0"/>
  <testcase name="TestALotOfAdding" classname="LocalCMCTests" time="0.0"/>
  <testcase name="TestALotOfAdding" classname="LocalCMCTests" time="0.0"/>
  <testcase name="TestALotOfAdding" classname="LocalCMCTests" time="0.001"/>
  <testcase name="TestALotOfAdding" classname="LocalCMCTests" time="0.001"/>
  <testcase name="TestALotOfAdding" classname="LocalCMCTests" time="0.001"/>
  <testcase name="TestALotOfAdding" classname="LocalCMCTests" time="0.001"/>
  <testcase name="TestALotOfAdding" classname="LocalCMCTests" time="0.001"/>
  <testcase name="TestALotOfAdding" classname="LocalCMCTests" time="0.0"/>
  <testcase name="TestALotOfAdding" classname="LocalCMCTests" time="0.001"/>
  <testcase name="TestALotOfAdding" classname="LocalCMCTests" time="0.001"/>
  <testcase name="TestALotOfAdding" classname="LocalCMCTests" time="0.0"/>
  <testcase name="TestALotOfAdding" classname="LocalCMCTests" time="0.002"/>
  <testcase name="TestALotOfAdding" classname="LocalCMCTests" time="0.001"/>
  <testcase name="TestALotOfAdding" classname="LocalCMCTests" time="0.0"/>
  <testcase name="TestALotOfAdding" classname="LocalCMCTests" time="0.0"/>
  <testcase name="TestALotOfAdding" classname="LocalCMCTests" time="0.001"/>
  <testcase name="TestALotOfAdding" classname="LocalCMCTests" time="0.001"/>
  <testcase name="TestALotOfAdding" classname="LocalCMCTests" time="0.001"/>
  <testcase name="TestALotOfAdding" classname="LocalCMCTests" time="0.0"/>
  <testcase name="TestALotOfAdding" classname="LocalCMCTests" time="0.001"/>
  <testcase name="TestALotOfAdding" classname="LocalCMCTests" time="0.001"/>
  <testcase name="TestALotOfAdding" classname="LocalCMCTests" time="0.001"/>
  <testcase name="TestALotOfAdding" classname="LocalCMCTests" time="0.001"/>
  <testcase name="TestALotOfAdding" classname="LocalCMCTests" time="0.001"/>
  <testcase name="TestALotOfAdding" classname="LocalCMCTests" time="0.001"/>
  <testcase name="TestALotOfAdding" classname="LocalCMCTests" time="0.0"/>
  <testcase name="TestALotOfAdding" classname="LocalCMCTests" time="0.001"/>
  <testcase name="TestALotOfAdding" classname="LocalCMCTests" time="0.001"/>
  <testcase name="TestALotOfAdding" classname="LocalCMCTests" time="0.001"/>
  <testcase name="TestALotOfAdding" classname="LocalCMCTests" time="0.0"/>
  <testcase name="TestALotOfAdding" classname="LocalCMCTests" time="0.0"/>
  <testcase name="TestALotOfAdding" classname="LocalCMCTests" time="0.0"/>
  <testcase name="TestALotOfAdding" classname="LocalCMCTests" time="0.0"/>
  <testcase name="TestALotOfAdding" classname="LocalCMCTests" time="0.0"/>
  <testcase name="TestALotOfAdding" classname="LocalCMCTests" time="0.001"/>
  <testcase name="TestALotOfAdding" classname="LocalCMCTests" time="0.002"/>
  <testcase name="TestALotOfAdding" classname="LocalCMCTests" time="0.001"/>
  <testcase name="TestALotOfAdding" classname="LocalCMCTests" time="0.001"/>
  <testcase name="TestALotOfAdding" classname="LocalCMCTests" time="0.001"/>
  <testcase name="TestALotOfAdding" classname="LocalCMCTests" time="0.001"/>
  <testcase name="TestALotOfAdding" classname="LocalCMCTests" time="0.001"/>
  <testcase name="TestALotOfAdding" classname="LocalCMCTests" time="0.002"/>
  <testcase name="TestALotOfAdding" classname="LocalCMCTests" time="0.001"/>
  <testcase name="TestALotOfAdding" classname="LocalCMCTests" time="0.0"/>
  <testcase name="TestALotOfAdding" classname="LocalCMCTests" time="0.0"/>
  <testcase name="TestALotOfAdding" classname="LocalCMCTests" time="0.0"/>
  <testcase name="TestALotOfAdding" classname="LocalCMCTests" time="0.0"/>
  <testcase name="TestALotOfAdding" classname="LocalCMCTests" time="0.001"/>
  <testcase name="TestALotOfAdding" classname="LocalCMCTests" time="0.0"/>
  <testcase name="TestALotOfAdding" classname="LocalCMCTests" time="0.0"/>
  <testcase name="TestALotOfAdding" classname="LocalCMCTests" time="0.0"/>
  <testcase name="TestALotOfAdding" classname="LocalCMCTests" time="0.001"/>
  <testcase name="TestALotOfAdding" classname="LocalCMCTests" time="0.001"/>
  <testcase name="TestALotOfAdding" classname="LocalCMCTests" time="0.002"/>
  <testcase name="TestALotOfAdding" classname="LocalCMCTests" time="0.0"/>
  <testcase name="TestALotOfAdding" classname="LocalCMCTests" time="0.001"/>
  <testcase name="TestALotOfAdding" classname="LocalCMCTests" time="0.0"/>
  <testcase name="TestALotOfAdding" classname="LocalCMCTests" time="0.001"/>
  <testcase name="TestALotOfAdding" classname="LocalCMCTests" time="0.0"/>
  <testcase name="TestALotOfAdding" classname="LocalCMCTests" time="0.001"/>
  <testcase name="TestALotOfAdding" classname="LocalCMCTests" time="0.001"/>
  <testcase name="TestALotOfAdding" classname="LocalCMCTests" time="0.001"/>
  <testcase name="TestALotOfAdding" classname="LocalCMCTests" time="0.0"/>
  <testcase name="TestALotOfAdding" classname="LocalCMCTests" time="0.001"/>
  <testcase name="TestALotOfAdding" classname="LocalCMCTests" time="0.0"/>
  <testcase name="TestALotOfAdding" classname="LocalCMCTests" time="0.0"/>
  <testcase name="TestALotOfAdding" classname="LocalCMCTests" time="0.001"/>
  <testcase name="TestALotOfAdding" classname="LocalCMCTests" time="0.001"/>
  <testcase name="TestALotOfAdding" classname="LocalCMCTests" time="0.001"/>
  <testcase name="TestALotOfAdding" classname="LocalCMCTests" time="0.001"/>
  <testcase name="TestALotOfAdding" classname="LocalCMCTests" time="0.001"/>
  <testcase name="TestALotOfAdding" classname="LocalCMCTests" time="0.001"/>
  <testcase name="TestALotOfAdding" classname="LocalCMCTests" time="0.001"/>
  <testcase name="TestALotOfAdding" classname="LocalCMCTests" time="0.0"/>
  <testcase name="TestALotOfAdding" classname="LocalCMCTests" time="0.0"/>
  <testcase name="TestALotOfAdding" classname="LocalCMCTests" time="0.0"/>
  <testcase name="TestALotOfAdding" classname="LocalCMCTests" time="0.001"/>
  <testcase name="TestALotOfAdding" classname="LocalCMCTests" time="0.001"/>
  <testcase name="TestALotOfAdding" classname="LocalCMCTests" time="0.001"/>
  <testcase name="TestALotOfAdding" classname="LocalCMCTests" time="0.0"/>
  <testcase name="TestALotOfAdding" classname="LocalCMCTests" time="0.0"/>
  <testcase name="TestALotOfAdding" classname="LocalCMCTests" time="0.0"/>
  <testcase name="TestALotOfAdding" classname="LocalCMCTests" time="0.0"/>
  <testcase name="TestALotOfAdding" classname="LocalCMCTests" time="0.0"/>
  <testcase name="TestALotOfAdding" classname="LocalCMCTests" time="0.001"/>
  <testcase name="TestALotOfAdding" classname="LocalCMCTests" time="0.001"/>
  <testcase name="TestALotOfAdding" classname="LocalCMCTests" time="0.001"/>
  <testcase name="TestALotOfAdding" classname="LocalCMCTests" time="0.001"/>
  <testcase name="TestALotOfAdding" classname="LocalCMCTests" time="0.001"/>
  <testcase name="TestALotOfAdding" classname="LocalCMCTests" time="0.002"/>
  <testcase name="TestALotOfAdding" classname="LocalCMCTests" time="0.001"/>
  <testcase name="TestALotOfAdding" classname="LocalCMCTests" time="0.0"/>
  <testcase name="TestALotOfAdding" classname="LocalCMCTests" time="0.001"/>
  <testcase name="TestALotOfAdding" classname="LocalCMCTests" time="0.0"/>
  <testcase name="TestALotOfAdding" classname="LocalCMCTests" time="0.0"/>
  <testcase name="TestALotOfAdding" classname="LocalCMCTests" time="0.001"/>
  <testcase name="TestALotOfAdding" classname="LocalCMCTests" time="0.0"/>
  <testcase name="TestALotOfAdding" classname="LocalCMCTests" time="0.0"/>
  <testcase name="TestALotOfAdding" classname="LocalCMCTests" time="0.0"/>
  <testcase name="TestALotOfAdding" classname="LocalCMCTests" time="0.001"/>
  <testcase name="TestALotOfAdding" classname="LocalCMCTests" time="0.001"/>
  <testcase name="TestALotOfAdding" classname="LocalCMCTests" time="0.001"/>
  <testcase name="TestALotOfAdding" classname="LocalCMCTests" time="0.001"/>
  <testcase name="TestALotOfAdding" classname="LocalCMCTests" time="0.002"/>
  <testcase name="TestALotOfAdding" classname="LocalCMCTests" time="0.0"/>
  <testcase name="TestALotOfAdding" classname="LocalCMCTests" time="0.001"/>
  <testcase name="TestALotOfAdding" classname="LocalCMCTests" time="0.0"/>
  <testcase name="TestALotOfAdding" classname="LocalCMCTests" time="0.0"/>
  <testcase name="TestALotOfAdding" classname="LocalCMCTests" time="0.0"/>
  <testcase name="TestALotOfAdding" classname="LocalCMCTests" time="0.0"/>
  <testcase name="TestALotOfAdding" classname="LocalCMCTests" time="0.001"/>
  <testcase name="TestALotOfAdding" classname="LocalCMCTests" time="0.001"/>
  <testcase name="TestALotOfAdding" classname="LocalCMCTests" time="0.001"/>
  <testcase name="TestALotOfAdding" classname="LocalCMCTests" time="0.001"/>
  <testcase name="TestALotOfAdding" classname="LocalCMCTests" time="0.0"/>
  <testcase name="TestALotOfAdding" classname="LocalCMCTests" time="0.001"/>
  <testcase name="TestALotOfAdding" classname="LocalCMCTests" time="0.001"/>
  <testcase name="TestALotOfAdding" classname="LocalCMCTests" time="0.001"/>
  <testcase name="TestALotOfAdding" classname="LocalCMCTests" time="0.001"/>
  <testcase name="TestALotOfAdding" classname="LocalCMCTests" time="0.001"/>
  <testcase name="TestALotOfAdding" classname="LocalCMCTests" time="0.001"/>
  <testcase name="TestALotOfAdding" classname="LocalCMCTests" time="0.0"/>
  <testcase name="TestALotOfAdding" classname="LocalCMCTests" time="0.0"/>
  <testcase name="TestALotOfAdding" classname="LocalCMCTests" time="0.0"/>
  <testcase name="TestALotOfAdding" classname="LocalCMCTests" time="0.0"/>
  <testcase name="TestALotOfAdding" classname="LocalCMCTests" time="0.001"/>
  <testcase name="TestALotOfAdding" classname="LocalCMCTests" time="0.0"/>
  <testcase name="TestALotOfAdding" classname="LocalCMCTests" time="0.003"/>
  <testcase name="TestALotOfAdding" classname="LocalCMCTests" time="0.002"/>
  <testcase name="TestALotOfAdding" classname="LocalCMCTests" time="0.001"/>
  <testcase name="TestALotOfAdding" classname="LocalCMCTests" time="0.001"/>
  <testcase name="TestALotOfAdding" classname="LocalCMCTests" time="0.0"/>
  <testcase name="TestALotOfAdding" classname="LocalCMCTests" time="0.001"/>
  <testcase name="TestALotOfAdding" classname="LocalCMCTests" time="0.001"/>
  <testcase name="TestALotOfAdding" classname="LocalCMCTests" time="0.001"/>
  <testcase name="TestALotOfAdding" classname="LocalCMCTests" time="0.0"/>
  <testcase name="TestALotOfAdding" classname="LocalCMCTests" time="0.001"/>
  <testcase name="TestALotOfAdding" classname="LocalCMCTests" time="0.0"/>
  <testcase name="TestALotOfAdding" classname="LocalCMCTests" time="0.0"/>
  <testcase name="TestALotOfAdding" classname="LocalCMCTests" time="0.0"/>
  <testcase name="TestALotOfAdding" classname="LocalCMCTests" time="0.0"/>
  <testcase name="TestALotOfAdding" classname="LocalCMCTests" time="0.0"/>
  <testcase name="TestALotOfAdding" classname="LocalCMCTests" time="0.0"/>
  <testcase name="TestALotOfAdding" classname="LocalCMCTests" time="0.0"/>
  <testcase name="TestALotOfAdding" classname="LocalCMCTests" time="0.001"/>
  <testcase name="TestALotOfAdding" classname="LocalCMCTests" time="0.001"/>
  <testcase name="TestALotOfAdding" classname="LocalCMCTests" time="0.002"/>
  <testcase name="TestALotOfAdding" classname="LocalCMCTests" time="0.0"/>
  <testcase name="TestALotOfAdding" classname="LocalCMCTests" time="0.0"/>
  <testcase name="TestALotOfAdding" classname="LocalCMCTests" time="0.001"/>
  <testcase name="TestALotOfAdding" classname="LocalCMCTests" time="0.0"/>
  <testcase name="TestALotOfAdding" classname="LocalCMCTests" time="0.001"/>
  <testcase name="TestALotOfAdding" classname="LocalCMCTests" time="0.0"/>
  <testcase name="TestALotOfAdding" classname="LocalCMCTests" time="0.0"/>
  <testcase name="TestALotOfAdding" classname="LocalCMCTests" time="0.0"/>
  <testcase name="TestALotOfAdding" classname="LocalCMCTests" time="0.001"/>
  <testcase name="TestALotOfAdding" classname="LocalCMCTests" time="0.0"/>
  <testcase name="TestALotOfAdding" classname="LocalCMCTests" time="0.0"/>
  <testcase name="TestALotOfAdding" classname="LocalCMCTests" time="0.001"/>
  <testcase name="TestALotOfAdding" classname="LocalCMCTests" time="0.001"/>
  <testcase name="TestALotOfAdding" classname="LocalCMCTests" time="0.001"/>
  <testcase name="TestALotOfAdding" classname="LocalCMCTests" time="0.003"/>
  <testcase name="TestALotOfAdding" classname="LocalCMCTests" time="0.004"/>
  <testcase name="TestALotOfAdding" classname="LocalCMCTests" time="0.002"/>
  <testcase name="TestALotOfAdding" classname="LocalCMCTests" time="0.003"/>
  <testcase name="TestALotOfAdding" classname="LocalCMCTests" time="0.003"/>
  <testcase name="TestALotOfAdding" classname="LocalCMCTests" time="0.003"/>
  <testcase name="TestALotOfAdding" classname="LocalCMCTests" time="0.0"/>
  <testcase name="TestALotOfAdding" classname="LocalCMCTests" time="0.001"/>
  <testcase name="TestALotOfAdding" classname="LocalCMCTests" time="0.001"/>
  <testcase name="TestALotOfAdding" classname="LocalCMCTests" time="0.001"/>
  <testcase name="TestALotOfAdding" classname="LocalCMCTests" time="0.001"/>
  <testcase name="TestALotOfAdding" classname="LocalCMCTests" time="0.004"/>
  <testcase name="TestALotOfAdding" classname="LocalCMCTests" time="0.001"/>
  <testcase name="TestALotOfAdding" classname="LocalCMCTests" time="0.001"/>
  <testcase name="TestALotOfAdding" classname="LocalCMCTests" time="0.0"/>
  <testcase name="TestALotOfAdding" classname="LocalCMCTests" time="0.0"/>
  <testcase name="TestALotOfAdding" classname="LocalCMCTests" time="0.001"/>
  <testcase name="TestALotOfAdding" classname="LocalCMCTests" time="0.0"/>
  <testcase name="TestALotOfAdding" classname="LocalCMCTests" time="0.0"/>
  <testcase name="TestALotOfAdding" classname="LocalCMCTests" time="0.0"/>
  <testcase name="TestALotOfAdding" classname="LocalCMCTests" time="0.0"/>
  <testcase name="TestALotOfAdding" classname="LocalCMCTests" time="0.005"/>
  <testcase name="TestALotOfAdding" classname="LocalCMCTests" time="0.001"/>
  <testcase name="TestALotOfAdding" classname="LocalCMCTests" time="0.001"/>
  <testcase name="TestALotOfAdding" classname="LocalCMCTests" time="0.001"/>
  <testcase name="TestALotOfAdding" classname="LocalCMCTests" time="0.001"/>
  <testcase name="TestALotOfAdding" classname="LocalCMCTests" time="0.0"/>
  <testcase name="TestALotOfAdding" classname="LocalCMCTests" time="0.001"/>
  <testcase name="TestALotOfAdding" classname="LocalCMCTests" time="0.0"/>
  <testcase name="TestALotOfAdding" classname="LocalCMCTests" time="0.0"/>
  <testcase name="TestALotOfAdding" classname="LocalCMCTests" time="0.001"/>
  <testcase name="TestALotOfAdding" classname="LocalCMCTests" time="0.0"/>
  <testcase name="TestALotOfAdding" classname="LocalCMCTests" time="0.0"/>
  <testcase name="TestALotOfAdding" classname="LocalCMCTests" time="0.001"/>
  <testcase name="TestALotOfAdding" classname="LocalCMCTests" time="0.002"/>
  <testcase name="TestALotOfAdding" classname="LocalCMCTests" time="0.001"/>
  <testcase name="TestALotOfAdding" classname="LocalCMCTests" time="0.001"/>
  <testcase name="TestALotOfAdding" classname="LocalCMCTests" time="0.0"/>
  <testcase name="TestALotOfAdding" classname="LocalCMCTests" time="0.002"/>
  <testcase name="TestALotOfAdding" classname="LocalCMCTests" time="0.0"/>
  <testcase name="TestALotOfAdding" classname="LocalCMCTests" time="0.001"/>
  <testcase name="TestALotOfAdding" classname="LocalCMCTests" time="0.0"/>
  <testcase name="TestALotOfAdding" classname="LocalCMCTests" time="0.002"/>
  <testcase name="TestALotOfAdding" classname="LocalCMCTests" time="0.0"/>
  <testcase name="TestALotOfAdding" classname="LocalCMCTests" time="0.0"/>
  <testcase name="TestALotOfAdding" classname="LocalCMCTests" time="0.001"/>
  <testcase name="TestALotOfAdding" classname="LocalCMCTests" time="0.002"/>
  <testcase name="TestALotOfAdding" classname="LocalCMCTests" time="0.0"/>
  <testcase name="TestALotOfAdding" classname="LocalCMCTests" time="0.001"/>
  <testcase name="TestALotOfAdding" classname="LocalCMCTests" time="0.0"/>
  <testcase name="TestALotOfAdding" classname="LocalCMCTests" time="0.001"/>
  <testcase name="TestALotOfAdding" classname="LocalCMCTests" time="0.002"/>
  <testcase name="TestALotOfAdding" classname="LocalCMCTests" time="0.001"/>
  <testcase name="TestALotOfAdding" classname="LocalCMCTests" time="0.001"/>
  <testcase name="TestALotOfAdding" classname="LocalCMCTests" time="0.001"/>
  <testcase name="TestALotOfAdding" classname="LocalCMCTests" time="0.0"/>
  <testcase name="TestALotOfAdding" classname="LocalCMCTests" time="0.0"/>
  <testcase name="TestALotOfAdding" classname="LocalCMCTests" time="0.001"/>
  <testcase name="TestALotOfAdding" classname="LocalCMCTests" time="0.001"/>
  <testcase name="TestALotOfAdding" classname="LocalCMCTests" time="0.0"/>
  <testcase name="TestALotOfAdding" classname="LocalCMCTests" time="0.001"/>
  <testcase name="TestALotOfAdding" classname="LocalCMCTests" time="0.0"/>
  <testcase name="TestALotOfAdding" classname="LocalCMCTests" time="0.001"/>
  <testcase name="TestALotOfAdding" classname="LocalCMCTests" time="0.0"/>
  <testcase name="TestALotOfAdding" classname="LocalCMCTests" time="0.001"/>
  <testcase name="TestALotOfAdding" classname="LocalCMCTests" time="0.001"/>
  <testcase name="TestALotOfAdding" classname="LocalCMCTests" time="0.0"/>
  <testcase name="TestALotOfAdding" classname="LocalCMCTests" time="0.001"/>
  <testcase name="TestALotOfAdding" classname="LocalCMCTests" time="0.001"/>
  <testcase name="TestALotOfAdding" classname="LocalCMCTests" time="0.0"/>
  <testcase name="TestALotOfAdding" classname="LocalCMCTests" time="0.001"/>
  <testcase name="TestALotOfAdding" classname="LocalCMCTests" time="0.0"/>
  <testcase name="TestALotOfAdding" classname="LocalCMCTests" time="0.0"/>
  <testcase name="TestALotOfAdding" classname="LocalCMCTests" time="0.001"/>
  <testcase name="TestALotOfAdding" classname="LocalCMCTests" time="0.0"/>
  <testcase name="TestALotOfAdding" classname="LocalCMCTests" time="0.001"/>
  <testcase name="TestALotOfAdding" classname="LocalCMCTests" time="0.0"/>
  <testcase name="TestALotOfAdding" classname="LocalCMCTests" time="0.002"/>
  <testcase name="TestALotOfAdding" classname="LocalCMCTests" time="0.0"/>
  <testcase name="TestALotOfAdding" classname="LocalCMCTests" time="0.001"/>
  <testcase name="TestALotOfAdding" classname="LocalCMCTests" time="0.0"/>
  <testcase name="TestALotOfAdding" classname="LocalCMCTests" time="0.002"/>
  <testcase name="TestALotOfAdding" classname="LocalCMCTests" time="0.001"/>
  <testcase name="TestALotOfAdding" classname="LocalCMCTests" time="0.0"/>
  <testcase name="TestALotOfAdding" classname="LocalCMCTests" time="0.001"/>
  <testcase name="TestALotOfAdding" classname="LocalCMCTests" time="0.001"/>
  <testcase name="TestALotOfAdding" classname="LocalCMCTests" time="0.001"/>
  <testcase name="TestALotOfAdding" classname="LocalCMCTests" time="0.0"/>
  <testcase name="TestALotOfAdding" classname="LocalCMCTests" time="0.0"/>
  <testcase name="TestALotOfAdding" classname="LocalCMCTests" time="0.001"/>
  <testcase name="TestALotOfAdding" classname="LocalCMCTests" time="0.0"/>
  <testcase name="TestALotOfAdding" classname="LocalCMCTests" time="0.0"/>
  <testcase name="TestALotOfAdding" classname="LocalCMCTests" time="0.001"/>
  <testcase name="TestALotOfAdding" classname="LocalCMCTests" time="0.0"/>
  <testcase name="TestALotOfAdding" classname="LocalCMCTests" time="0.0"/>
  <testcase name="TestALotOfAdding" classname="LocalCMCTests" time="0.001"/>
  <testcase name="TestALotOfAdding" classname="LocalCMCTests" time="0.002"/>
  <testcase name="TestALotOfAdding" classname="LocalCMCTests" time="0.002"/>
  <testcase name="TestALotOfAdding" classname="LocalCMCTests" time="0.001"/>
  <testcase name="TestALotOfAdding" classname="LocalCMCTests" time="0.001"/>
  <testcase name="TestALotOfAdding" classname="LocalCMCTests" time="0.001"/>
  <testcase name="TestALotOfAdding" classname="LocalCMCTests" time="0.001"/>
  <testcase name="TestALotOfAdding" classname="LocalCMCTests" time="0.001"/>
  <testcase name="TestALotOfAdding" classname="LocalCMCTests" time="0.001"/>
  <testcase name="TestALotOfAdding" classname="LocalCMCTests" time="0.001"/>
  <testcase name="TestALotOfAdding" classname="LocalCMCTests" time="0.0"/>
  <testcase name="TestALotOfAdding" classname="LocalCMCTests" time="0.0"/>
  <testcase name="TestALotOfAdding" classname="LocalCMCTests" time="0.0"/>
  <testcase name="TestALotOfAdding" classname="LocalCMCTests" time="0.0"/>
  <testcase name="TestALotOfAdding" classname="LocalCMCTests" time="0.001"/>
  <testcase name="TestALotOfAdding" classname="LocalCMCTests" time="0.002"/>
  <testcase name="TestALotOfAdding" classname="LocalCMCTests" time="0.001"/>
  <testcase name="TestALotOfAdding" classname="LocalCMCTests" time="0.0"/>
  <testcase name="TestALotOfAdding" classname="LocalCMCTests" time="0.0"/>
  <testcase name="TestALotOfAdding" classname="LocalCMCTests" time="0.001"/>
  <testcase name="TestALotOfAdding" classname="LocalCMCTests" time="0.001"/>
  <testcase name="TestALotOfAdding" classname="LocalCMCTests" time="0.0"/>
  <testcase name="TestALotOfAdding" classname="LocalCMCTests" time="0.001"/>
  <testcase name="TestALotOfAdding" classname="LocalCMCTests" time="0.001"/>
  <testcase name="TestALotOfAdding" classname="LocalCMCTests" time="0.001"/>
  <testcase name="TestALotOfAdding" classname="LocalCMCTests" time="0.0"/>
  <testcase name="TestALotOfAdding" classname="LocalCMCTests" time="0.0"/>
  <testcase name="TestALotOfAdding" classname="LocalCMCTests" time="0.001"/>
  <testcase name="TestALotOfAdding" classname="LocalCMCTests" time="0.0"/>
  <testcase name="TestALotOfAdding" classname="LocalCMCTests" time="0.001"/>
  <testcase name="TestALotOfAdding" classname="LocalCMCTests" time="0.001"/>
  <testcase name="TestALotOfAdding" classname="LocalCMCTests" time="0.0"/>
  <testcase name="TestALotOfAdding" classname="LocalCMCTests" time="0.001"/>
  <testcase name="TestALotOfAdding" classname="LocalCMCTests" time="0.002"/>
  <testcase name="TestALotOfAdding" classname="LocalCMCTests" time="0.0"/>
  <testcase name="TestALotOfAdding" classname="LocalCMCTests" time="0.001"/>
  <testcase name="TestALotOfAdding" classname="LocalCMCTests" time="0.0"/>
  <testcase name="TestALotOfAdding" classname="LocalCMCTests" time="0.0"/>
  <testcase name="TestALotOfAdding" classname="LocalCMCTests" time="0.0"/>
  <testcase name="TestALotOfAdding" classname="LocalCMCTests" time="0.001"/>
  <testcase name="TestALotOfAdding" classname="LocalCMCTests" time="0.001"/>
  <testcase name="TestALotOfAdding" classname="LocalCMCTests" time="0.001"/>
  <testcase name="TestALotOfAdding" classname="LocalCMCTests" time="0.001"/>
  <testcase name="TestALotOfAdding" classname="LocalCMCTests" time="0.0"/>
  <testcase name="TestALotOfAdding" classname="LocalCMCTests" time="0.002"/>
  <testcase name="TestALotOfAdding" classname="LocalCMCTests" time="0.001"/>
  <testcase name="TestALotOfAdding" classname="LocalCMCTests" time="0.001"/>
  <testcase name="TestALotOfAdding" classname="LocalCMCTests" time="0.0"/>
  <testcase name="TestALotOfAdding" classname="LocalCMCTests" time="0.001"/>
  <testcase name="TestALotOfAdding" classname="LocalCMCTests" time="0.001"/>
  <testcase name="TestALotOfAdding" classname="LocalCMCTests" time="0.001"/>
  <testcase name="TestALotOfAdding" classname="LocalCMCTests" time="0.001"/>
  <testcase name="TestALotOfAdding" classname="LocalCMCTests" time="0.0"/>
  <testcase name="TestALotOfAdding" classname="LocalCMCTests" time="0.0"/>
  <testcase name="TestALotOfAdding" classname="LocalCMCTests" time="0.001"/>
  <testcase name="TestALotOfAdding" classname="LocalCMCTests" time="0.001"/>
  <testcase name="TestALotOfAdding" classname="LocalCMCTests" time="0.0"/>
  <testcase name="TestALotOfAdding" classname="LocalCMCTests" time="0.0"/>
  <testcase name="TestALotOfAdding" classname="LocalCMCTests" time="0.001"/>
  <testcase name="TestALotOfAdding" classname="LocalCMCTests" time="0.001"/>
  <testcase name="TestALotOfAdding" classname="LocalCMCTests" time="0.001"/>
  <testcase name="TestALotOfAdding" classname="LocalCMCTests" time="0.0"/>
  <testcase name="TestALotOfAdding" classname="LocalCMCTests" time="0.001"/>
  <testcase name="TestALotOfAdding" classname="LocalCMCTests" time="0.001"/>
  <testcase name="TestALotOfAdding" classname="LocalCMCTests" time="0.001"/>
  <testcase name="TestALotOfAdding" classname="LocalCMCTests" time="0.001"/>
  <testcase name="TestALotOfAdding" classname="LocalCMCTests" time="0.0"/>
  <testcase name="TestALotOfAdding" classname="LocalCMCTests" time="0.0"/>
  <testcase name="TestALotOfAdding" classname="LocalCMCTests" time="0.0"/>
  <testcase name="TestALotOfAdding" classname="LocalCMCTests" time="0.002"/>
  <testcase name="TestALotOfAdding" classname="LocalCMCTests" time="0.0"/>
  <testcase name="TestALotOfAdding" classname="LocalCMCTests" time="0.001"/>
  <testcase name="TestALotOfAdding" classname="LocalCMCTests" time="0.001"/>
  <testcase name="TestALotOfAdding" classname="LocalCMCTests" time="0.001"/>
  <testcase name="TestALotOfAdding" classname="LocalCMCTests" time="0.0"/>
  <testcase name="TestALotOfAdding" classname="LocalCMCTests" time="0.001"/>
  <testcase name="TestALotOfAdding" classname="LocalCMCTests" time="0.001"/>
  <testcase name="TestALotOfAdding" classname="LocalCMCTests" time="0.001"/>
  <testcase name="TestALotOfAdding" classname="LocalCMCTests" time="0.0"/>
  <testcase name="TestALotOfAdding" classname="LocalCMCTests" time="0.002"/>
  <testcase name="TestALotOfAdding" classname="LocalCMCTests" time="0.0"/>
  <testcase name="TestALotOfAdding" classname="LocalCMCTests" time="0.0"/>
  <testcase name="TestALotOfAdding" classname="LocalCMCTests" time="0.001"/>
  <testcase name="TestALotOfAdding" classname="LocalCMCTests" time="0.001"/>
  <testcase name="TestALotOfAdding" classname="LocalCMCTests" time="0.001"/>
  <testcase name="TestALotOfAdding" classname="LocalCMCTests" time="0.001"/>
  <testcase name="TestALotOfAdding" classname="LocalCMCTests" time="0.0"/>
  <testcase name="TestALotOfAdding" classname="LocalCMCTests" time="0.001"/>
  <testcase name="TestALotOfAdding" classname="LocalCMCTests" time="0.002"/>
  <testcase name="TestALotOfAdding" classname="LocalCMCTests" time="0.001"/>
  <testcase name="TestALotOfAdding" classname="LocalCMCTests" time="0.0"/>
  <testcase name="TestALotOfAdding" classname="LocalCMCTests" time="0.001"/>
  <testcase name="TestALotOfAdding" classname="LocalCMCTests" time="0.001"/>
  <testcase name="TestALotOfAdding" classname="LocalCMCTests" time="0.001"/>
  <testcase name="TestALotOfAdding" classname="LocalCMCTests" time="0.0"/>
  <testcase name="TestALotOfAdding" classname="LocalCMCTests" time="0.0"/>
  <testcase name="TestALotOfAdding" classname="LocalCMCTests" time="0.0"/>
  <testcase name="TestALotOfAdding" classname="LocalCMCTests" time="0.0"/>
  <testcase name="TestALotOfAdding" classname="LocalCMCTests" time="0.0"/>
  <testcase name="TestALotOfAdding" classname="LocalCMCTests" time="0.0"/>
  <testcase name="TestALotOfAdding" classname="LocalCMCTests" time="0.001"/>
  <testcase name="TestALotOfAdding" classname="LocalCMCTests" time="0.001"/>
  <testcase name="TestALotOfAdding" classname="LocalCMCTests" time="0.0"/>
  <testcase name="TestALotOfAdding" classname="LocalCMCTests" time="0.001"/>
  <testcase name="TestALotOfAdding" classname="LocalCMCTests" time="0.001"/>
  <testcase name="TestALotOfAdding" classname="LocalCMCTests" time="0.0"/>
  <testcase name="TestALotOfAdding" classname="LocalCMCTests" time="0.001"/>
  <testcase name="TestALotOfAdding" classname="LocalCMCTests" time="0.0"/>
  <testcase name="TestALotOfAdding" classname="LocalCMCTests" time="0.001"/>
  <testcase name="TestALotOfAdding" classname="LocalCMCTests" time="0.0"/>
  <testcase name="TestALotOfAdding" classname="LocalCMCTests" time="0.001"/>
  <testcase name="TestALotOfAdding" classname="LocalCMCTests" time="0.001"/>
  <testcase name="TestALotOfAdding" classname="LocalCMCTests" time="0.0"/>
  <testcase name="TestALotOfAdding" classname="LocalCMCTests" time="0.001"/>
  <testcase name="TestALotOfAdding" classname="LocalCMCTests" time="0.001"/>
  <testcase name="TestALotOfAdding" classname="LocalCMCTests" time="0.0"/>
  <testcase name="TestALotOfAdding" classname="LocalCMCTests" time="0.0"/>
  <testcase name="TestALotOfAdding" classname="LocalCMCTests" time="0.001"/>
  <testcase name="TestALotOfAdding" classname="LocalCMCTests" time="0.0"/>
  <testcase name="TestALotOfAdding" classname="LocalCMCTests" time="0.0"/>
  <testcase name="TestALotOfAdding" classname="LocalCMCTests" time="0.001"/>
  <testcase name="TestALotOfAdding" classname="LocalCMCTests" time="0.001"/>
  <testcase name="TestALotOfAdding" classname="LocalCMCTests" time="0.002"/>
  <testcase name="TestALotOfAdding" classname="LocalCMCTests" time="0.0"/>
  <testcase name="TestALotOfAdding" classname="LocalCMCTests" time="0.0"/>
  <testcase name="TestALotOfAdding" classname="LocalCMCTests" time="0.001"/>
  <testcase name="TestALotOfAdding" classname="LocalCMCTests" time="0.001"/>
  <testcase name="TestALotOfAdding" classname="LocalCMCTests" time="0.0"/>
  <testcase name="TestALotOfAdding" classname="LocalCMCTests" time="0.001"/>
  <testcase name="TestALotOfAdding" classname="LocalCMCTests" time="0.001"/>
  <testcase name="TestALotOfAdding" classname="LocalCMCTests" time="0.001"/>
  <testcase name="TestALotOfAdding" classname="LocalCMCTests" time="0.0"/>
  <testcase name="TestALotOfAdding" classname="LocalCMCTests" time="0.0"/>
  <testcase name="TestALotOfAdding" classname="LocalCMCTests" time="0.001"/>
  <testcase name="TestALotOfAdding" classname="LocalCMCTests" time="0.0"/>
  <testcase name="TestALotOfAdding" classname="LocalCMCTests" time="0.001"/>
  <testcase name="TestALotOfAdding" classname="LocalCMCTests" time="0.002"/>
  <testcase name="TestALotOfAdding" classname="LocalCMCTests" time="0.0"/>
  <testcase name="TestALotOfAdding" classname="LocalCMCTests" time="0.001"/>
  <testcase name="TestALotOfAdding" classname="LocalCMCTests" time="0.001"/>
  <testcase name="TestALotOfAdding" classname="LocalCMCTests" time="0.001"/>
  <testcase name="TestALotOfAdding" classname="LocalCMCTests" time="0.001"/>
  <testcase name="TestALotOfAdding" classname="LocalCMCTests" time="0.001"/>
  <testcase name="TestALotOfAdding" classname="LocalCMCTests" time="0.0"/>
  <testcase name="TestALotOfAdding" classname="LocalCMCTests" time="0.0"/>
  <testcase name="TestALotOfAdding" classname="LocalCMCTests" time="0.0"/>
  <testcase name="TestALotOfAdding" classname="LocalCMCTests" time="0.0"/>
  <testcase name="TestALotOfAdding" classname="LocalCMCTests" time="0.0"/>
  <testcase name="TestALotOfAdding" classname="LocalCMCTests" time="0.0"/>
  <testcase name="TestALotOfAdding" classname="LocalCMCTests" time="0.001"/>
  <testcase name="TestALotOfAdding" classname="LocalCMCTests" time="0.0"/>
  <testcase name="TestALotOfAdding" classname="LocalCMCTests" time="0.002"/>
  <testcase name="TestALotOfAdding" classname="LocalCMCTests" time="0.0"/>
  <testcase name="TestALotOfAdding" classname="LocalCMCTests" time="0.0"/>
  <testcase name="TestALotOfAdding" classname="LocalCMCTests" time="0.001"/>
  <testcase name="TestALotOfAdding" classname="LocalCMCTests" time="0.001"/>
  <testcase name="TestALotOfAdding" classname="LocalCMCTests" time="0.0"/>
  <testcase name="TestALotOfAdding" classname="LocalCMCTests" time="0.001"/>
  <testcase name="TestALotOfAdding" classname="LocalCMCTests" time="0.001"/>
  <testcase name="TestALotOfAdding" classname="LocalCMCTests" time="0.001"/>
  <testcase name="TestALotOfAdding" classname="LocalCMCTests" time="0.001"/>
  <testcase name="TestALotOfAdding" classname="LocalCMCTests" time="0.0"/>
  <testcase name="TestALotOfAdding" classname="LocalCMCTests" time="0.0"/>
  <testcase name="TestALotOfAdding" classname="LocalCMCTests" time="0.001"/>
  <testcase name="TestALotOfAdding" classname="LocalCMCTests" time="0.0"/>
  <testcase name="TestALotOfAdding" classname="LocalCMCTests" time="0.003"/>
  <testcase name="TestALotOfAdding" classname="LocalCMCTests" time="0.0"/>
  <testcase name="TestALotOfAdding" classname="LocalCMCTests" time="0.0"/>
  <testcase name="TestALotOfAdding" classname="LocalCMCTests" time="0.0"/>
  <testcase name="TestALotOfAdding" classname="LocalCMCTests" time="0.001"/>
  <testcase name="TestALotOfAdding" classname="LocalCMCTests" time="0.0"/>
  <testcase name="TestALotOfAdding" classname="LocalCMCTests" time="0.001"/>
  <testcase name="TestALotOfAdding" classname="LocalCMCTests" time="0.001"/>
  <testcase name="TestALotOfAdding" classname="LocalCMCTests" time="0.001"/>
  <testcase name="TestALotOfAdding" classname="LocalCMCTests" time="0.001"/>
  <testcase name="TestALotOfAdding" classname="LocalCMCTests" time="0.0"/>
  <testcase name="TestALotOfAdding" classname="LocalCMCTests" time="0.001"/>
  <testcase name="TestALotOfAdding" classname="LocalCMCTests" time="0.0"/>
  <testcase name="TestALotOfAdding" classname="LocalCMCTests" time="0.001"/>
  <testcase name="TestALotOfAdding" classname="LocalCMCTests" time="0.0"/>
  <testcase name="TestALotOfAdding" classname="LocalCMCTests" time="0.0"/>
  <testcase name="TestALotOfAdding" classname="LocalCMCTests" time="0.001"/>
  <testcase name="TestALotOfAdding" classname="LocalCMCTests" time="0.001"/>
  <testcase name="TestALotOfAdding" classname="LocalCMCTests" time="0.0"/>
  <testcase name="TestALotOfAdding" classname="LocalCMCTests" time="0.001"/>
  <testcase name="TestALotOfAdding" classname="LocalCMCTests" time="0.0"/>
  <testcase name="TestALotOfAdding" classname="LocalCMCTests" time="0.001"/>
  <testcase name="TestALotOfAdding" classname="LocalCMCTests" time="0.0"/>
  <testcase name="TestALotOfAdding" classname="LocalCMCTests" time="0.001"/>
  <testcase name="TestALotOfAdding" classname="LocalCMCTests" time="0.0"/>
  <testcase name="TestALotOfAdding" classname="LocalCMCTests" time="0.001"/>
  <testcase name="TestALotOfAdding" classname="LocalCMCTests" time="0.001"/>
  <testcase name="TestALotOfAdding" classname="LocalCMCTests" time="0.001"/>
  <testcase name="TestALotOfAdding" classname="LocalCMCTests" time="0.0"/>
  <testcase name="TestALotOfAdding" classname="LocalCMCTests" time="0.001"/>
  <testcase name="TestALotOfAdding" classname="LocalCMCTests" time="0.001"/>
  <testcase name="TestALotOfAdding" classname="LocalCMCTests" time="0.0"/>
  <testcase name="TestALotOfAdding" classname="LocalCMCTests" time="0.001"/>
  <testcase name="TestALotOfAdding" classname="LocalCMCTests" time="0.001"/>
  <testcase name="TestALotOfAdding" classname="LocalCMCTests" time="0.002"/>
  <testcase name="TestALotOfAdding" classname="LocalCMCTests" time="0.001"/>
  <testcase name="TestALotOfAdding" classname="LocalCMCTests" time="0.001"/>
  <testcase name="TestALotOfAdding" classname="LocalCMCTests" time="0.0"/>
  <testcase name="TestALotOfAdding" classname="LocalCMCTests" time="0.0"/>
  <testcase name="TestALotOfAdding" classname="LocalCMCTests" time="0.0"/>
  <testcase name="TestALotOfAdding" classname="LocalCMCTests" time="0.0"/>
  <testcase name="TestALotOfAdding" classname="LocalCMCTests" time="0.001"/>
  <testcase name="TestALotOfAdding" classname="LocalCMCTests" time="0.001"/>
  <testcase name="TestALotOfAdding" classname="LocalCMCTests" time="0.001"/>
  <testcase name="TestALotOfAdding" classname="LocalCMCTests" time="0.0"/>
  <testcase name="TestALotOfAdding" classname="LocalCMCTests" time="0.001"/>
  <testcase name="TestALotOfAdding" classname="LocalCMCTests" time="0.0"/>
  <testcase name="TestALotOfAdding" classname="LocalCMCTests" time="0.0"/>
  <testcase name="TestALotOfAdding" classname="LocalCMCTests" time="0.001"/>
  <testcase name="TestALotOfAdding" classname="LocalCMCTests" time="0.001"/>
  <testcase name="TestALotOfAdding" classname="LocalCMCTests" time="0.001"/>
  <testcase name="TestALotOfAdding" classname="LocalCMCTests" time="0.001"/>
  <testcase name="TestALotOfAdding" classname="LocalCMCTests" time="0.0"/>
  <testcase name="TestALotOfAdding" classname="LocalCMCTests" time="0.0"/>
  <testcase name="TestALotOfAdding" classname="LocalCMCTests" time="0.0"/>
  <testcase name="TestALotOfAdding" classname="LocalCMCTests" time="0.001"/>
  <testcase name="TestALotOfAdding" classname="LocalCMCTests" time="0.001"/>
  <testcase name="TestALotOfAdding" classname="LocalCMCTests" time="0.001"/>
  <testcase name="TestALotOfAdding" classname="LocalCMCTests" time="0.001"/>
  <testcase name="TestALotOfAdding" classname="LocalCMCTests" time="0.0"/>
  <testcase name="TestALotOfAdding" classname="LocalCMCTests" time="0.001"/>
  <testcase name="TestALotOfAdding" classname="LocalCMCTests" time="0.001"/>
  <testcase name="TestALotOfAdding" classname="LocalCMCTests" time="0.0"/>
  <testcase name="TestALotOfAdding" classname="LocalCMCTests" time="0.001"/>
  <testcase name="TestALotOfAdding" classname="LocalCMCTests" time="0.001"/>
  <testcase name="TestALotOfAdding" classname="LocalCMCTests" time="0.001"/>
  <testcase name="TestALotOfAdding" classname="LocalCMCTests" time="0.001"/>
  <testcase name="TestALotOfAdding" classname="LocalCMCTests" time="0.0"/>
  <testcase name="TestALotOfAdding" classname="LocalCMCTests" time="0.001"/>
  <testcase name="TestALotOfAdding" classname="LocalCMCTests" time="0.0"/>
  <testcase name="TestALotOfAdding" classname="LocalCMCTests" time="0.0"/>
  <testcase name="TestALotOfAdding" classname="LocalCMCTests" time="0.0"/>
  <testcase name="TestALotOfAdding" classname="LocalCMCTests" time="0.0"/>
  <testcase name="TestALotOfAdding" classname="LocalCMCTests" time="0.0"/>
  <testcase name="TestALotOfAdding" classname="LocalCMCTests" time="0.002"/>
  <testcase name="TestALotOfAdding" classname="LocalCMCTests" time="0.002"/>
  <testcase name="TestALotOfAdding" classname="LocalCMCTests" time="0.0"/>
  <testcase name="TestALotOfAdding" classname="LocalCMCTests" time="0.001"/>
  <testcase name="TestALotOfAdding" classname="LocalCMCTests" time="0.002"/>
  <testcase name="TestALotOfAdding" classname="LocalCMCTests" time="0.001"/>
  <testcase name="TestALotOfAdding" classname="LocalCMCTests" time="0.001"/>
  <testcase name="TestALotOfAdding" classname="LocalCMCTests" time="0.001"/>
  <testcase name="TestALotOfAdding" classname="LocalCMCTests" time="0.0"/>
  <testcase name="TestALotOfAdding" classname="LocalCMCTests" time="0.001"/>
  <testcase name="TestALotOfAdding" classname="LocalCMCTests" time="0.0"/>
  <testcase name="TestALotOfAdding" classname="LocalCMCTests" time="0.0"/>
  <testcase name="TestALotOfAdding" classname="LocalCMCTests" time="0.0"/>
  <testcase name="TestALotOfAdding" classname="LocalCMCTests" time="0.001"/>
  <testcase name="TestALotOfAdding" classname="LocalCMCTests" time="0.001"/>
  <testcase name="TestALotOfAdding" classname="LocalCMCTests" time="0.0"/>
  <testcase name="TestALotOfAdding" classname="LocalCMCTests" time="0.001"/>
  <testcase name="TestALotOfAdding" classname="LocalCMCTests" time="0.0"/>
  <testcase name="TestALotOfAdding" classname="LocalCMCTests" time="0.001"/>
  <testcase name="TestALotOfAdding" classname="LocalCMCTests" time="0.001"/>
  <testcase name="TestALotOfAdding" classname="LocalCMCTests" time="0.0"/>
  <testcase name="TestALotOfAdding" classname="LocalCMCTests" time="0.001"/>
  <testcase name="TestALotOfAdding" classname="LocalCMCTests" time="0.001"/>
  <testcase name="TestALotOfAdding" classname="LocalCMCTests" time="0.002"/>
  <testcase name="TestALotOfAdding" classname="LocalCMCTests" time="0.002"/>
  <testcase name="TestALotOfAdding" classname="LocalCMCTests" time="0.001"/>
  <testcase name="TestALotOfAdding" classname="LocalCMCTests" time="0.0"/>
  <testcase name="TestALotOfAdding" classname="LocalCMCTests" time="0.0"/>
  <testcase name="TestALotOfAdding" classname="LocalCMCTests" time="0.0"/>
  <testcase name="TestALotOfAdding" classname="LocalCMCTests" time="0.0"/>
  <testcase name="TestALotOfAdding" classname="LocalCMCTests" time="0.0"/>
  <testcase name="TestALotOfAdding" classname="LocalCMCTests" time="0.001"/>
  <testcase name="TestALotOfAdding" classname="LocalCMCTests" time="0.001"/>
  <testcase name="TestALotOfAdding" classname="LocalCMCTests" time="0.0"/>
  <testcase name="TestALotOfAdding" classname="LocalCMCTests" time="0.001"/>
  <testcase name="TestALotOfAdding" classname="LocalCMCTests" time="0.001"/>
  <testcase name="TestALotOfAdding" classname="LocalCMCTests" time="0.001"/>
  <testcase name="TestALotOfAdding" classname="LocalCMCTests" time="0.001"/>
  <testcase name="TestALotOfAdding" classname="LocalCMCTests" time="0.0"/>
  <testcase name="TestALotOfAdding" classname="LocalCMCTests" time="0.0"/>
  <testcase name="TestALotOfAdding" classname="LocalCMCTests" time="0.0"/>
  <testcase name="TestALotOfAdding" classname="LocalCMCTests" time="0.0"/>
  <testcase name="TestALotOfAdding" classname="LocalCMCTests" time="0.001"/>
  <testcase name="TestALotOfAdding" classname="LocalCMCTests" time="0.0"/>
  <testcase name="TestALotOfAdding" classname="LocalCMCTests" time="0.0"/>
  <testcase name="TestALotOfAdding" classname="LocalCMCTests" time="0.0"/>
  <testcase name="TestALotOfAdding" classname="LocalCMCTests" time="0.001"/>
  <testcase name="TestALotOfAdding" classname="LocalCMCTests" time="0.0"/>
  <testcase name="TestALotOfAdding" classname="LocalCMCTests" time="0.001"/>
  <testcase name="TestALotOfAdding" classname="LocalCMCTests" time="0.001"/>
  <testcase name="TestALotOfAdding" classname="LocalCMCTests" time="0.001"/>
  <testcase name="TestALotOfAdding" classname="LocalCMCTests" time="0.001"/>
  <testcase name="TestALotOfAdding" classname="LocalCMCTests" time="0.002"/>
  <testcase name="TestALotOfAdding" classname="LocalCMCTests" time="0.0"/>
  <testcase name="TestALotOfAdding" classname="LocalCMCTests" time="0.0"/>
  <testcase name="TestALotOfAdding" classname="LocalCMCTests" time="0.0"/>
  <testcase name="TestALotOfAdding" classname="LocalCMCTests" time="0.001"/>
  <testcase name="TestALotOfAdding" classname="LocalCMCTests" time="0.001"/>
  <testcase name="TestALotOfAdding" classname="LocalCMCTests" time="0.001"/>
  <testcase name="TestALotOfAdding" classname="LocalCMCTests" time="0.001"/>
  <testcase name="TestALotOfAdding" classname="LocalCMCTests" time="0.001"/>
  <testcase name="TestALotOfAdding" classname="LocalCMCTests" time="0.001"/>
  <testcase name="TestALotOfAdding" classname="LocalCMCTests" time="0.001"/>
  <testcase name="TestALotOfAdding" classname="LocalCMCTests" time="0.002"/>
  <testcase name="TestALotOfAdding" classname="LocalCMCTests" time="0.001"/>
  <testcase name="TestALotOfAdding" classname="LocalCMCTests" time="0.0"/>
  <testcase name="TestALotOfAdding" classname="LocalCMCTests" time="0.001"/>
  <testcase name="TestALotOfAdding" classname="LocalCMCTests" time="0.0"/>
  <testcase name="TestALotOfAdding" classname="LocalCMCTests" time="0.001"/>
  <testcase name="TestALotOfAdding" classname="LocalCMCTests" time="0.0"/>
  <testcase name="TestALotOfAdding" classname="LocalCMCTests" time="0.001"/>
  <testcase name="TestALotOfAdding" classname="LocalCMCTests" time="0.0"/>
  <testcase name="TestALotOfAdding" classname="LocalCMCTests" time="0.001"/>
  <testcase name="TestALotOfAdding" classname="LocalCMCTests" time="0.0"/>
  <testcase name="TestALotOfAdding" classname="LocalCMCTests" time="0.0"/>
  <testcase name="TestALotOfAdding" classname="LocalCMCTests" time="0.001"/>
  <testcase name="TestALotOfAdding" classname="LocalCMCTests" time="0.001"/>
  <testcase name="TestALotOfAdding" classname="LocalCMCTests" time="0.001"/>
  <testcase name="TestALotOfAdding" classname="LocalCMCTests" time="0.0"/>
  <testcase name="TestALotOfAdding" classname="LocalCMCTests" time="0.001"/>
  <testcase name="TestALotOfAdding" classname="LocalCMCTests" time="0.0"/>
  <testcase name="TestALotOfAdding" classname="LocalCMCTests" time="0.001"/>
  <testcase name="TestALotOfAdding" classname="LocalCMCTests" time="0.0"/>
  <testcase name="TestALotOfAdding" classname="LocalCMCTests" time="0.0"/>
  <testcase name="TestALotOfAdding" classname="LocalCMCTests" time="0.0"/>
  <testcase name="TestALotOfAdding" classname="LocalCMCTests" time="0.001"/>
  <testcase name="TestALotOfAdding" classname="LocalCMCTests" time="0.0"/>
  <testcase name="TestALotOfAdding" classname="LocalCMCTests" time="0.001"/>
  <testcase name="TestALotOfAdding" classname="LocalCMCTests" time="0.001"/>
  <testcase name="TestALotOfAdding" classname="LocalCMCTests" time="0.002"/>
  <testcase name="TestALotOfAdding" classname="LocalCMCTests" time="0.002"/>
  <testcase name="TestALotOfAdding" classname="LocalCMCTests" time="0.001"/>
  <testcase name="TestALotOfAdding" classname="LocalCMCTests" time="0.0"/>
  <testcase name="TestALotOfAdding" classname="LocalCMCTests" time="0.001"/>
  <testcase name="TestALotOfAdding" classname="LocalCMCTests" time="0.001"/>
  <testcase name="TestALotOfAdding" classname="LocalCMCTests" time="0.001"/>
  <testcase name="TestALotOfAdding" classname="LocalCMCTests" time="0.0"/>
  <testcase name="TestALotOfAdding" classname="LocalCMCTests" time="0.001"/>
  <testcase name="TestALotOfAdding" classname="LocalCMCTests" time="0.001"/>
  <testcase name="TestALotOfAdding" classname="LocalCMCTests" time="0.0"/>
  <testcase name="TestALotOfAdding" classname="LocalCMCTests" time="0.001"/>
  <testcase name="TestALotOfAdding" classname="LocalCMCTests" time="0.0"/>
  <testcase name="TestALotOfAdding" classname="LocalCMCTests" time="0.0"/>
  <testcase name="TestALotOfAdding" classname="LocalCMCTests" time="0.001"/>
  <testcase name="TestALotOfAdding" classname="LocalCMCTests" time="0.001"/>
  <testcase name="TestALotOfAdding" classname="LocalCMCTests" time="0.001"/>
  <testcase name="TestALotOfAdding" classname="LocalCMCTests" time="0.001"/>
  <testcase name="TestALotOfAdding" classname="LocalCMCTests" time="0.0"/>
  <testcase name="TestALotOfAdding" classname="LocalCMCTests" time="0.0"/>
  <testcase name="TestALotOfAdding" classname="LocalCMCTests" time="0.0"/>
  <testcase name="TestALotOfAdding" classname="LocalCMCTests" time="0.0"/>
  <testcase name="TestALotOfAdding" classname="LocalCMCTests" time="0.001"/>
  <testcase name="TestALotOfAdding" classname="LocalCMCTests" time="0.001"/>
  <testcase name="TestALotOfAdding" classname="LocalCMCTests" time="0.001"/>
  <testcase name="TestALotOfAdding" classname="LocalCMCTests" time="0.001"/>
  <testcase name="TestALotOfAdding" classname="LocalCMCTests" time="0.0"/>
  <testcase name="TestALotOfAdding" classname="LocalCMCTests" time="0.0"/>
  <testcase name="TestALotOfAdding" classname="LocalCMCTests" time="0.001"/>
  <testcase name="TestALotOfAdding" classname="LocalCMCTests" time="0.0"/>
  <testcase name="TestALotOfAdding" classname="LocalCMCTests" time="0.001"/>
  <testcase name="TestALotOfAdding" classname="LocalCMCTests" time="0.001"/>
  <testcase name="TestALotOfAdding" classname="LocalCMCTests" time="0.002"/>
  <testcase name="TestALotOfAdding" classname="LocalCMCTests" time="0.0"/>
  <testcase name="TestALotOfAdding" classname="LocalCMCTests" time="0.001"/>
  <testcase name="TestALotOfAdding" classname="LocalCMCTests" time="0.0"/>
  <testcase name="TestALotOfAdding" classname="LocalCMCTests" time="0.001"/>
  <testcase name="TestALotOfAdding" classname="LocalCMCTests" time="0.0"/>
  <testcase name="TestALotOfAdding" classname="LocalCMCTests" time="0.001"/>
  <testcase name="TestALotOfAdding" classname="LocalCMCTests" time="0.002"/>
  <testcase name="TestALotOfAdding" classname="LocalCMCTests" time="0.001"/>
  <testcase name="TestALotOfAdding" classname="LocalCMCTests" time="0.0"/>
  <testcase name="TestALotOfAdding" classname="LocalCMCTests" time="0.0"/>
  <testcase name="TestALotOfAdding" classname="LocalCMCTests" time="0.0"/>
  <testcase name="TestALotOfAdding" classname="LocalCMCTests" time="0.0"/>
  <testcase name="TestALotOfAdding" classname="LocalCMCTests" time="0.0"/>
  <testcase name="TestALotOfAdding" classname="LocalCMCTests" time="0.001"/>
  <testcase name="TestALotOfAdding" classname="LocalCMCTests" time="0.001"/>
  <testcase name="TestALotOfAdding" classname="LocalCMCTests" time="0.001"/>
  <testcase name="TestALotOfAdding" classname="LocalCMCTests" time="0.0"/>
  <testcase name="TestALotOfAdding" classname="LocalCMCTests" time="0.001"/>
  <testcase name="TestALotOfAdding" classname="LocalCMCTests" time="0.0"/>
  <testcase name="TestALotOfAdding" classname="LocalCMCTests" time="0.0"/>
  <testcase name="TestALotOfAdding" classname="LocalCMCTests" time="0.001"/>
  <testcase name="TestALotOfAdding" classname="LocalCMCTests" time="0.001"/>
  <testcase name="TestALotOfAdding" classname="LocalCMCTests" time="0.001"/>
  <testcase name="TestALotOfAdding" classname="LocalCMCTests" time="0.001"/>
  <testcase name="TestALotOfAdding" classname="LocalCMCTests" time="0.0"/>
  <testcase name="TestALotOfAdding" classname="LocalCMCTests" time="0.0"/>
  <testcase name="TestALotOfAdding" classname="LocalCMCTests" time="0.001"/>
  <testcase name="TestALotOfAdding" classname="LocalCMCTests" time="0.0"/>
  <testcase name="TestALotOfAdding" classname="LocalCMCTests" time="0.001"/>
  <testcase name="TestALotOfAdding" classname="LocalCMCTests" time="0.0"/>
  <testcase name="TestALotOfAdding" classname="LocalCMCTests" time="0.001"/>
  <testcase name="TestALotOfAdding" classname="LocalCMCTests" time="0.0"/>
  <testcase name="TestALotOfAdding" classname="LocalCMCTests" time="0.002"/>
  <testcase name="TestALotOfAdding" classname="LocalCMCTests" time="0.001"/>
  <testcase name="TestALotOfAdding" classname="LocalCMCTests" time="0.0"/>
  <testcase name="TestALotOfAdding" classname="LocalCMCTests" time="0.0"/>
  <testcase name="TestALotOfAdding" classname="LocalCMCTests" time="0.001"/>
  <testcase name="TestALotOfAdding" classname="LocalCMCTests" time="0.0"/>
  <testcase name="TestALotOfAdding" classname="LocalCMCTests" time="0.001"/>
  <testcase name="TestALotOfAdding" classname="LocalCMCTests" time="0.0"/>
  <testcase name="TestALotOfAdding" classname="LocalCMCTests" time="0.001"/>
  <testcase name="TestALotOfAdding" classname="LocalCMCTests" time="0.001"/>
  <testcase name="TestALotOfAdding" classname="LocalCMCTests" time="0.002"/>
  <testcase name="TestALotOfAdding" classname="LocalCMCTests" time="0.0"/>
  <testcase name="TestALotOfAdding" classname="LocalCMCTests" time="0.001"/>
  <testcase name="TestALotOfAdding" classname="LocalCMCTests" time="0.001"/>
  <testcase name="TestALotOfAdding" classname="LocalCMCTests" time="0.001"/>
  <testcase name="TestALotOfAdding" classname="LocalCMCTests" time="0.0"/>
  <testcase name="TestALotOfAdding" classname="LocalCMCTests" time="0.001"/>
  <testcase name="TestALotOfAdding" classname="LocalCMCTests" time="0.001"/>
  <testcase name="TestALotOfAdding" classname="LocalCMCTests" time="0.0"/>
  <testcase name="TestALotOfAdding" classname="LocalCMCTests" time="0.0"/>
  <testcase name="TestALotOfAdding" classname="LocalCMCTests" time="0.0"/>
  <testcase name="TestALotOfAdding" classname="LocalCMCTests" time="0.0"/>
  <testcase name="TestALotOfAdding" classname="LocalCMCTests" time="0.001"/>
  <testcase name="TestALotOfAdding" classname="LocalCMCTests" time="0.001"/>
  <testcase name="TestALotOfAdding" classname="LocalCMCTests" time="0.001"/>
  <testcase name="TestALotOfAdding" classname="LocalCMCTests" time="0.0"/>
  <testcase name="TestALotOfAdding" classname="LocalCMCTests" time="0.001"/>
  <testcase name="TestALotOfAdding" classname="LocalCMCTests" time="0.0"/>
  <testcase name="TestALotOfAdding" classname="LocalCMCTests" time="0.002"/>
  <testcase name="TestALotOfAdding" classname="LocalCMCTests" time="0.001"/>
  <testcase name="TestALotOfAdding" classname="LocalCMCTests" time="0.001"/>
  <testcase name="TestALotOfAdding" classname="LocalCMCTests" time="0.0"/>
  <testcase name="TestALotOfAdding" classname="LocalCMCTests" time="0.001"/>
  <testcase name="TestALotOfAdding" classname="LocalCMCTests" time="0.0"/>
  <testcase name="TestALotOfAdding" classname="LocalCMCTests" time="0.001"/>
  <testcase name="TestALotOfAdding" classname="LocalCMCTests" time="0.0"/>
  <testcase name="TestALotOfAdding" classname="LocalCMCTests" time="0.001"/>
  <testcase name="TestALotOfAdding" classname="LocalCMCTests" time="0.0"/>
  <testcase name="TestALotOfAdding" classname="LocalCMCTests" time="0.0"/>
  <testcase name="TestALotOfAdding" classname="LocalCMCTests" time="0.001"/>
  <testcase name="TestALotOfAdding" classname="LocalCMCTests" time="0.0"/>
  <testcase name="TestALotOfAdding" classname="LocalCMCTests" time="0.0"/>
  <testcase name="TestALotOfAdding" classname="LocalCMCTests" time="0.0"/>
  <testcase name="TestALotOfAdding" classname="LocalCMCTests" time="0.002"/>
  <testcase name="TestALotOfAdding" classname="LocalCMCTests" time="0.002"/>
  <testcase name="TestALotOfAdding" classname="LocalCMCTests" time="0.002"/>
  <testcase name="TestALotOfAdding" classname="LocalCMCTests" time="0.001"/>
  <testcase name="TestALotOfAdding" classname="LocalCMCTests" time="0.0"/>
  <testcase name="TestALotOfAdding" classname="LocalCMCTests" time="0.001"/>
  <testcase name="TestALotOfAdding" classname="LocalCMCTests" time="0.0"/>
  <testcase name="TestALotOfAdding" classname="LocalCMCTests" time="0.001"/>
  <testcase name="TestALotOfAdding" classname="LocalCMCTests" time="0.0"/>
  <testcase name="TestALotOfAdding" classname="LocalCMCTests" time="0.0"/>
  <testcase name="TestALotOfAdding" classname="LocalCMCTests" time="0.001"/>
  <testcase name="TestALotOfAdding" classname="LocalCMCTests" time="0.001"/>
  <testcase name="TestALotOfAdding" classname="LocalCMCTests" time="0.0"/>
  <testcase name="TestALotOfAdding" classname="LocalCMCTests" time="0.001"/>
  <testcase name="TestALotOfAdding" classname="LocalCMCTests" time="0.001"/>
  <testcase name="TestALotOfAdding" classname="LocalCMCTests" time="0.001"/>
  <testcase name="TestALotOfAdding" classname="LocalCMCTests" time="0.002"/>
  <testcase name="TestALotOfAdding" classname="LocalCMCTests" time="0.001"/>
  <testcase name="TestALotOfAdding" classname="LocalCMCTests" time="0.001"/>
  <testcase name="TestALotOfAdding" classname="LocalCMCTests" time="0.001"/>
  <testcase name="TestALotOfAdding" classname="LocalCMCTests" time="0.0"/>
  <testcase name="TestALotOfAdding" classname="LocalCMCTests" time="0.0"/>
  <testcase name="TestALotOfAdding" classname="LocalCMCTests" time="0.001"/>
  <testcase name="TestALotOfAdding" classname="LocalCMCTests" time="0.0"/>
  <testcase name="TestALotOfAdding" classname="LocalCMCTests" time="0.0"/>
  <testcase name="TestALotOfAdding" classname="LocalCMCTests" time="0.002"/>
  <testcase name="TestALotOfAdding" classname="LocalCMCTests" time="0.0"/>
  <testcase name="TestALotOfAdding" classname="LocalCMCTests" time="0.001"/>
  <testcase name="TestALotOfAdding" classname="LocalCMCTests" time="0.0"/>
  <testcase name="TestALotOfAdding" classname="LocalCMCTests" time="0.001"/>
  <testcase name="TestALotOfAdding" classname="LocalCMCTests" time="0.001"/>
  <testcase name="TestALotOfAdding" classname="LocalCMCTests" time="0.001"/>
  <testcase name="TestALotOfAdding" classname="LocalCMCTests" time="0.0"/>
  <testcase name="TestALotOfAdding" classname="LocalCMCTests" time="0.001"/>
  <testcase name="TestALotOfAdding" classname="LocalCMCTests" time="0.0"/>
  <testcase name="TestALotOfAdding" classname="LocalCMCTests" time="0.001"/>
  <testcase name="TestALotOfAdding" classname="LocalCMCTests" time="0.0"/>
  <testcase name="TestALotOfAdding" classname="LocalCMCTests" time="0.001"/>
  <testcase name="TestALotOfAdding" classname="LocalCMCTests" time="0.0"/>
  <testcase name="TestALotOfAdding" classname="LocalCMCTests" time="0.001"/>
  <testcase name="TestALotOfAdding" classname="LocalCMCTests" time="0.0"/>
  <testcase name="TestALotOfAdding" classname="LocalCMCTests" time="0.0"/>
  <testcase name="TestALotOfAdding" classname="LocalCMCTests" time="0.0"/>
  <testcase name="TestALotOfAdding" classname="LocalCMCTests" time="0.0"/>
  <testcase name="TestALotOfAdding" classname="LocalCMCTests" time="0.001"/>
  <testcase name="TestALotOfAdding" classname="LocalCMCTests" time="0.002"/>
  <testcase name="TestALotOfAdding" classname="LocalCMCTests" time="0.001"/>
  <testcase name="TestALotOfAdding" classname="LocalCMCTests" time="0.0"/>
  <testcase name="TestALotOfAdding" classname="LocalCMCTests" time="0.0"/>
  <testcase name="TestALotOfAdding" classname="LocalCMCTests" time="0.0"/>
  <testcase name="TestALotOfAdding" classname="LocalCMCTests" time="0.001"/>
  <testcase name="TestALotOfAdding" classname="LocalCMCTests" time="0.0"/>
  <testcase name="TestALotOfAdding" classname="LocalCMCTests" time="0.001"/>
  <testcase name="TestALotOfAdding" classname="LocalCMCTests" time="0.002"/>
  <testcase name="TestALotOfAdding" classname="LocalCMCTests" time="0.002"/>
  <testcase name="TestALotOfAdding" classname="LocalCMCTests" time="0.001"/>
  <testcase name="TestALotOfAdding" classname="LocalCMCTests" time="0.001"/>
  <testcase name="TestALotOfAdding" classname="LocalCMCTests" time="0.0"/>
  <testcase name="TestALotOfAdding" classname="LocalCMCTests" time="0.0"/>
  <testcase name="TestALotOfAdding" classname="LocalCMCTests" time="0.0"/>
  <testcase name="TestALotOfAdding" classname="LocalCMCTests" time="0.001"/>
  <testcase name="TestALotOfAdding" classname="LocalCMCTests" time="0.0"/>
  <testcase name="TestALotOfAdding" classname="LocalCMCTests" time="0.001"/>
  <testcase name="TestALotOfAdding" classname="LocalCMCTests" time="0.0"/>
  <testcase name="TestALotOfAdding" classname="LocalCMCTests" time="0.0"/>
  <testcase name="TestALotOfAdding" classname="LocalCMCTests" time="0.001"/>
  <testcase name="TestALotOfAdding" classname="LocalCMCTests" time="0.0"/>
  <testcase name="TestALotOfAdding" classname="LocalCMCTests" time="0.001"/>
  <testcase name="TestALotOfAdding" classname="LocalCMCTests" time="0.001"/>
  <testcase name="TestALotOfAdding" classname="LocalCMCTests" time="0.001"/>
  <testcase name="TestALotOfAdding" classname="LocalCMCTests" time="0.0"/>
  <testcase name="TestALotOfAdding" classname="LocalCMCTests" time="0.001"/>
  <testcase name="TestALotOfAdding" classname="LocalCMCTests" time="0.001"/>
  <testcase name="TestALotOfAdding" classname="LocalCMCTests" time="0.001"/>
  <testcase name="TestALotOfAdding" classname="LocalCMCTests" time="0.0"/>
  <testcase name="TestALotOfAdding" classname="LocalCMCTests" time="0.001"/>
  <testcase name="TestALotOfAdding" classname="LocalCMCTests" time="0.001"/>
  <testcase name="TestALotOfAdding" classname="LocalCMCTests" time="0.001"/>
  <testcase name="TestALotOfAdding" classname="LocalCMCTests" time="0.001"/>
  <testcase name="TestALotOfAdding" classname="LocalCMCTests" time="0.0"/>
  <testcase name="TestALotOfAdding" classname="LocalCMCTests" time="0.002"/>
  <testcase name="TestALotOfAdding" classname="LocalCMCTests" time="0.001"/>
  <testcase name="TestALotOfAdding" classname="LocalCMCTests" time="0.001"/>
  <testcase name="TestALotOfAdding" classname="LocalCMCTests" time="0.0"/>
  <testcase name="TestALotOfAdding" classname="LocalCMCTests" time="0.0"/>
  <testcase name="TestALotOfAdding" classname="LocalCMCTests" time="0.0"/>
  <testcase name="TestALotOfAdding" classname="LocalCMCTests" time="0.001"/>
  <testcase name="TestALotOfAdding" classname="LocalCMCTests" time="0.0"/>
  <testcase name="TestALotOfAdding" classname="LocalCMCTests" time="0.0"/>
  <testcase name="TestALotOfAdding" classname="LocalCMCTests" time="0.0"/>
  <testcase name="TestALotOfAdding" classname="LocalCMCTests" time="0.0"/>
  <testcase name="TestALotOfAdding" classname="LocalCMCTests" time="0.001"/>
  <testcase name="TestALotOfAdding" classname="LocalCMCTests" time="0.001"/>
  <testcase name="TestALotOfAdding" classname="LocalCMCTests" time="0.001"/>
  <testcase name="TestALotOfAdding" classname="LocalCMCTests" time="0.001"/>
  <testcase name="TestALotOfAdding" classname="LocalCMCTests" time="0.001"/>
  <testcase name="TestALotOfAdding" classname="LocalCMCTests" time="0.0"/>
  <testcase name="TestALotOfAdding" classname="LocalCMCTests" time="0.001"/>
  <testcase name="TestALotOfAdding" classname="LocalCMCTests" time="0.0"/>
  <testcase name="TestALotOfAdding" classname="LocalCMCTests" time="0.001"/>
  <testcase name="TestALotOfAdding" classname="LocalCMCTests" time="0.001"/>
  <testcase name="TestALotOfAdding" classname="LocalCMCTests" time="0.001"/>
  <testcase name="TestALotOfAdding" classname="LocalCMCTests" time="0.0"/>
  <testcase name="TestALotOfAdding" classname="LocalCMCTests" time="0.0"/>
  <testcase name="TestALotOfAdding" classname="LocalCMCTests" time="0.0"/>
  <testcase name="TestALotOfAdding" classname="LocalCMCTests" time="0.0"/>
  <testcase name="TestALotOfAdding" classname="LocalCMCTests" time="0.0"/>
  <testcase name="TestALotOfAdding" classname="LocalCMCTests" time="0.001"/>
  <testcase name="TestALotOfAdding" classname="LocalCMCTests" time="0.001"/>
  <testcase name="TestALotOfAdding" classname="LocalCMCTests" time="0.001"/>
  <testcase name="TestALotOfAdding" classname="LocalCMCTests" time="0.0"/>
  <testcase name="TestALotOfAdding" classname="LocalCMCTests" time="0.0"/>
  <testcase name="TestALotOfAdding" classname="LocalCMCTests" time="0.001"/>
  <testcase name="TestALotOfAdding" classname="LocalCMCTests" time="0.0"/>
  <testcase name="TestALotOfAdding" classname="LocalCMCTests" time="0.001"/>
  <testcase name="TestALotOfAdding" classname="LocalCMCTests" time="0.0"/>
  <testcase name="TestALotOfAdding" classname="LocalCMCTests" time="0.002"/>
  <testcase name="TestALotOfAdding" classname="LocalCMCTests" time="0.0"/>
  <testcase name="TestALotOfAdding" classname="LocalCMCTests" time="0.0"/>
  <testcase name="TestALotOfAdding" classname="LocalCMCTests" time="0.002"/>
  <testcase name="TestALotOfAdding" classname="LocalCMCTests" time="0.001"/>
  <testcase name="TestALotOfAdding" classname="LocalCMCTests" time="0.0"/>
  <testcase name="TestALotOfAdding" classname="LocalCMCTests" time="0.001"/>
  <testcase name="TestALotOfAdding" classname="LocalCMCTests" time="0.0"/>
  <testcase name="TestALotOfAdding" classname="LocalCMCTests" time="0.002"/>
  <testcase name="TestALotOfAdding" classname="LocalCMCTests" time="0.001"/>
  <testcase name="TestALotOfAdding" classname="LocalCMCTests" time="0.001"/>
  <testcase name="TestALotOfAdding" classname="LocalCMCTests" time="0.001"/>
  <testcase name="TestALotOfAdding" classname="LocalCMCTests" time="0.002"/>
  <testcase name="TestALotOfAdding" classname="LocalCMCTests" time="0.001"/>
  <testcase name="TestALotOfAdding" classname="LocalCMCTests" time="0.0"/>
  <testcase name="TestALotOfAdding" classname="LocalCMCTests" time="0.0"/>
  <testcase name="TestALotOfAdding" classname="LocalCMCTests" time="0.0"/>
  <testcase name="TestALotOfAdding" classname="LocalCMCTests" time="0.0"/>
  <testcase name="TestALotOfAdding" classname="LocalCMCTests" time="0.0"/>
  <testcase name="TestALotOfAdding" classname="LocalCMCTests" time="0.001"/>
  <testcase name="TestALotOfAdding" classname="LocalCMCTests" time="0.001"/>
  <testcase name="TestALotOfAdding" classname="LocalCMCTests" time="0.001"/>
  <testcase name="TestALotOfAdding" classname="LocalCMCTests" time="0.002"/>
  <testcase name="TestALotOfAdding" classname="LocalCMCTests" time="0.0"/>
  <testcase name="TestALotOfAdding" classname="LocalCMCTests" time="0.0"/>
  <testcase name="TestALotOfAdding" classname="LocalCMCTests" time="0.0"/>
  <testcase name="TestALotOfAdding" classname="LocalCMCTests" time="0.001"/>
  <testcase name="TestALotOfAdding" classname="LocalCMCTests" time="0.001"/>
  <testcase name="TestALotOfAdding" classname="LocalCMCTests" time="0.001"/>
  <testcase name="TestALotOfAdding" classname="LocalCMCTests" time="0.001"/>
  <testcase name="TestALotOfAdding" classname="LocalCMCTests" time="0.0"/>
  <testcase name="TestALotOfAdding" classname="LocalCMCTests" time="0.0"/>
  <testcase name="TestALotOfAdding" classname="LocalCMCTests" time="0.001"/>
  <testcase name="TestALotOfAdding" classname="LocalCMCTests" time="0.001"/>
  <testcase name="TestALotOfAdding" classname="LocalCMCTests" time="0.001"/>
  <testcase name="TestALotOfAdding" classname="LocalCMCTests" time="0.001"/>
  <testcase name="TestALotOfAdding" classname="LocalCMCTests" time="0.001"/>
  <testcase name="TestALotOfAdding" classname="LocalCMCTests" time="0.001"/>
  <testcase name="TestALotOfAdding" classname="LocalCMCTests" time="0.0"/>
  <testcase name="TestALotOfAdding" classname="LocalCMCTests" time="0.001"/>
  <testcase name="TestALotOfAdding" classname="LocalCMCTests" time="0.001"/>
  <testcase name="TestALotOfAdding" classname="LocalCMCTests" time="0.0"/>
  <testcase name="TestALotOfAdding" classname="LocalCMCTests" time="0.001"/>
  <testcase name="TestALotOfAdding" classname="LocalCMCTests" time="0.0"/>
  <testcase name="TestALotOfAdding" classname="LocalCMCTests" time="0.002"/>
  <testcase name="TestALotOfAdding" classname="LocalCMCTests" time="0.0"/>
  <testcase name="TestALotOfAdding" classname="LocalCMCTests" time="0.0"/>
  <testcase name="TestALotOfAdding" classname="LocalCMCTests" time="0.0"/>
  <testcase name="TestALotOfAdding" classname="LocalCMCTests" time="0.0"/>
  <testcase name="TestALotOfAdding" classname="LocalCMCTests" time="0.001"/>
  <testcase name="TestALotOfAdding" classname="LocalCMCTests" time="0.001"/>
  <testcase name="TestALotOfAdding" classname="LocalCMCTests" time="0.001"/>
  <testcase name="TestALotOfAdding" classname="LocalCMCTests" time="0.001"/>
  <testcase name="TestALotOfAdding" classname="LocalCMCTests" time="0.0"/>
  <testcase name="TestALotOfAdding" classname="LocalCMCTests" time="0.001"/>
  <testcase name="TestALotOfAdding" classname="LocalCMCTests" time="0.0"/>
  <testcase name="TestALotOfAdding" classname="LocalCMCTests" time="0.0"/>
  <testcase name="TestALotOfAdding" classname="LocalCMCTests" time="0.001"/>
  <testcase name="TestALotOfAdding" classname="LocalCMCTests" time="0.001"/>
  <testcase name="TestALotOfAdding" classname="LocalCMCTests" time="0.001"/>
  <testcase name="TestALotOfAdding" classname="LocalCMCTests" time="0.0"/>
  <testcase name="TestALotOfAdding" classname="LocalCMCTests" time="0.001"/>
  <testcase name="TestALotOfAdding" classname="LocalCMCTests" time="0.0"/>
  <testcase name="TestALotOfAdding" classname="LocalCMCTests" time="0.0"/>
  <testcase name="TestALotOfAdding" classname="LocalCMCTests" time="0.0"/>
  <testcase name="TestALotOfAdding" classname="LocalCMCTests" time="0.001"/>
  <testcase name="TestALotOfAdding" classname="LocalCMCTests" time="0.0"/>
  <testcase name="TestALotOfAdding" classname="LocalCMCTests" time="0.001"/>
  <testcase name="TestALotOfAdding" classname="LocalCMCTests" time="0.001"/>
  <testcase name="TestALotOfAdding" classname="LocalCMCTests" time="0.0"/>
  <testcase name="TestALotOfAdding" classname="LocalCMCTests" time="0.001"/>
  <testcase name="TestALotOfAdding" classname="LocalCMCTests" time="0.0"/>
  <testcase name="TestALotOfAdding" classname="LocalCMCTests" time="0.0"/>
  <testcase name="TestALotOfAdding" classname="LocalCMCTests" time="0.001"/>
  <testcase name="TestALotOfAdding" classname="LocalCMCTests" time="0.001"/>
  <testcase name="TestALotOfAdding" classname="LocalCMCTests" time="0.0"/>
  <testcase name="TestALotOfAdding" classname="LocalCMCTests" time="0.001"/>
  <testcase name="TestALotOfAdding" classname="LocalCMCTests" time="0.001"/>
  <testcase name="TestALotOfAdding" classname="LocalCMCTests" time="0.001"/>
  <testcase name="TestALotOfAdding" classname="LocalCMCTests" time="0.001"/>
  <testcase name="TestALotOfAdding" classname="LocalCMCTests" time="0.001"/>
  <testcase name="TestALotOfAdding" classname="LocalCMCTests" time="0.001"/>
  <testcase name="TestALotOfAdding" classname="LocalCMCTests" time="0.001"/>
  <testcase name="TestALotOfAdding" classname="LocalCMCTests" time="0.0"/>
  <testcase name="TestALotOfAdding" classname="LocalCMCTests" time="0.001"/>
  <testcase name="TestALotOfAdding" classname="LocalCMCTests" time="0.001"/>
  <testcase name="TestALotOfAdding" classname="LocalCMCTests" time="0.001"/>
  <testcase name="TestALotOfAdding" classname="LocalCMCTests" time="0.0"/>
  <testcase name="TestALotOfAdding" classname="LocalCMCTests" time="0.0"/>
  <testcase name="TestALotOfAdding" classname="LocalCMCTests" time="0.001"/>
  <testcase name="TestALotOfAdding" classname="LocalCMCTests" time="0.0"/>
  <testcase name="TestALotOfAdding" classname="LocalCMCTests" time="0.001"/>
  <testcase name="TestALotOfAdding" classname="LocalCMCTests" time="0.0"/>
  <testcase name="TestALotOfAdding" classname="LocalCMCTests" time="0.0"/>
  <testcase name="TestALotOfAdding" classname="LocalCMCTests" time="0.0"/>
  <testcase name="TestALotOfAdding" classname="LocalCMCTests" time="0.002"/>
  <testcase name="TestALotOfAdding" classname="LocalCMCTests" time="0.001"/>
  <testcase name="TestALotOfAdding" classname="LocalCMCTests" time="0.001"/>
  <testcase name="TestALotOfAdding" classname="LocalCMCTests" time="0.001"/>
  <testcase name="TestALotOfAdding" classname="LocalCMCTests" time="0.001"/>
  <testcase name="TestALotOfAdding" classname="LocalCMCTests" time="0.001"/>
  <testcase name="TestALotOfAdding" classname="LocalCMCTests" time="0.0"/>
  <testcase name="TestALotOfAdding" classname="LocalCMCTests" time="0.0"/>
  <testcase name="TestALotOfAdding" classname="LocalCMCTests" time="0.0"/>
  <testcase name="TestALotOfAdding" classname="LocalCMCTests" time="0.0"/>
  <testcase name="TestALotOfAdding" classname="LocalCMCTests" time="0.0"/>
  <testcase name="TestALotOfAdding" classname="LocalCMCTests" time="0.001"/>
  <testcase name="TestALotOfAdding" classname="LocalCMCTests" time="0.0"/>
  <testcase name="TestALotOfAdding" classname="LocalCMCTests" time="0.001"/>
  <testcase name="TestALotOfAdding" classname="LocalCMCTests" time="0.001"/>
  <testcase name="TestALotOfAdding" classname="LocalCMCTests" time="0.001"/>
  <testcase name="TestALotOfAdding" classname="LocalCMCTests" time="0.001"/>
  <testcase name="TestALotOfAdding" classname="LocalCMCTests" time="0.0"/>
  <testcase name="TestALotOfAdding" classname="LocalCMCTests" time="0.0"/>
  <testcase name="TestALotOfAdding" classname="LocalCMCTests" time="0.001"/>
  <testcase name="TestALotOfAdding" classname="LocalCMCTests" time="0.001"/>
  <testcase name="TestALotOfAdding" classname="LocalCMCTests" time="0.001"/>
  <testcase name="TestALotOfAdding" classname="LocalCMCTests" time="0.002"/>
  <testcase name="TestALotOfAdding" classname="LocalCMCTests" time="0.0"/>
  <testcase name="TestALotOfAdding" classname="LocalCMCTests" time="0.0"/>
  <testcase name="TestALotOfAdding" classname="LocalCMCTests" time="0.0"/>
  <testcase name="TestALotOfAdding" classname="LocalCMCTests" time="0.0"/>
  <testcase name="TestALotOfAdding" classname="LocalCMCTests" time="0.0"/>
  <testcase name="TestALotOfAdding" classname="LocalCMCTests" time="0.0"/>
  <testcase name="TestALotOfAdding" classname="LocalCMCTests" time="0.001"/>
  <testcase name="TestALotOfAdding" classname="LocalCMCTests" time="0.001"/>
  <testcase name="TestALotOfAdding" classname="LocalCMCTests" time="0.002"/>
  <testcase name="TestALotOfAdding" classname="LocalCMCTests" time="0.001"/>
  <testcase name="TestALotOfAdding" classname="LocalCMCTests" time="0.001"/>
  <testcase name="TestALotOfAdding" classname="LocalCMCTests" time="0.001"/>
  <testcase name="TestALotOfAdding" classname="LocalCMCTests" time="0.003"/>
  <testcase name="TestALotOfAdding" classname="LocalCMCTests" time="0.002"/>
  <testcase name="TestALotOfAdding" classname="LocalCMCTests" time="0.003"/>
  <testcase name="TestALotOfAdding" classname="LocalCMCTests" time="0.002"/>
  <testcase name="TestALotOfAdding" classname="LocalCMCTests" time="0.002"/>
  <testcase name="TestALotOfAdding" classname="LocalCMCTests" time="0.002"/>
  <testcase name="TestALotOfAdding" classname="LocalCMCTests" time="0.004"/>
  <testcase name="TestALotOfAdding" classname="LocalCMCTests" time="0.0"/>
  <testcase name="TestALotOfAdding" classname="LocalCMCTests" time="0.0"/>
  <testcase name="TestALotOfAdding" classname="LocalCMCTests" time="0.0"/>
  <testcase name="TestALotOfAdding" classname="LocalCMCTests" time="0.0"/>
  <testcase name="TestALotOfAdding" classname="LocalCMCTests" time="0.0"/>
  <testcase name="TestALotOfAdding" classname="LocalCMCTests" time="0.002"/>
  <testcase name="TestALotOfAdding" classname="LocalCMCTests" time="0.0"/>
  <testcase name="TestALotOfAdding" classname="LocalCMCTests" time="0.002"/>
  <testcase name="TestALotOfAdding" classname="LocalCMCTests" time="0.0"/>
  <testcase name="TestALotOfAdding" classname="LocalCMCTests" time="0.0"/>
  <testcase name="TestALotOfAdding" classname="LocalCMCTests" time="0.0"/>
  <testcase name="TestALotOfAdding" classname="LocalCMCTests" time="0.0"/>
  <testcase name="TestALotOfAdding" classname="LocalCMCTests" time="0.0"/>
  <testcase name="TestALotOfAdding" classname="LocalCMCTests" time="0.0"/>
  <testcase name="TestALotOfAdding" classname="LocalCMCTests" time="0.0"/>
  <testcase name="TestALotOfAdding" classname="LocalCMCTests" time="0.0"/>
  <testcase name="TestALotOfAdding" classname="LocalCMCTests" time="0.001"/>
  <testcase name="TestALotOfAdding" classname="LocalCMCTests" time="0.001"/>
  <testcase name="TestALotOfAdding" classname="LocalCMCTests" time="0.0"/>
  <testcase name="TestALotOfAdding" classname="LocalCMCTests" time="0.001"/>
  <testcase name="TestALotOfAdding" classname="LocalCMCTests" time="0.001"/>
  <testcase name="TestALotOfAdding" classname="LocalCMCTests" time="0.0"/>
  <testcase name="TestALotOfAdding" classname="LocalCMCTests" time="0.0"/>
  <testcase name="TestALotOfAdding" classname="LocalCMCTests" time="0.0"/>
  <testcase name="TestALotOfAdding" classname="LocalCMCTests" time="0.001"/>
  <testcase name="TestALotOfAdding" classname="LocalCMCTests" time="0.001"/>
  <testcase name="TestALotOfAdding" classname="LocalCMCTests" time="0.0"/>
  <testcase name="TestALotOfAdding" classname="LocalCMCTests" time="0.002"/>
  <testcase name="TestALotOfAdding" classname="LocalCMCTests" time="0.001"/>
  <testcase name="TestALotOfAdding" classname="LocalCMCTests" time="0.001"/>
  <testcase name="TestALotOfAdding" classname="LocalCMCTests" time="0.0"/>
  <testcase name="TestALotOfAdding" classname="LocalCMCTests" time="0.001"/>
  <testcase name="TestALotOfAdding" classname="LocalCMCTests" time="0.002"/>
  <testcase name="TestALotOfAdding" classname="LocalCMCTests" time="0.001"/>
  <testcase name="TestALotOfAdding" classname="LocalCMCTests" time="0.0"/>
  <testcase name="TestALotOfAdding" classname="LocalCMCTests" time="0.001"/>
  <testcase name="TestALotOfAdding" classname="LocalCMCTests" time="0.0"/>
  <testcase name="TestALotOfAdding" classname="LocalCMCTests" time="0.0"/>
  <testcase name="TestALotOfAdding" classname="LocalCMCTests" time="0.0"/>
  <testcase name="TestALotOfAdding" classname="LocalCMCTests" time="0.001"/>
  <testcase name="TestALotOfAdding" classname="LocalCMCTests" time="0.002"/>
  <testcase name="TestALotOfAdding" classname="LocalCMCTests" time="0.0"/>
  <testcase name="TestALotOfAdding" classname="LocalCMCTests" time="0.001"/>
  <testcase name="TestALotOfAdding" classname="LocalCMCTests" time="0.0"/>
  <testcase name="TestALotOfAdding" classname="LocalCMCTests" time="0.001"/>
  <testcase name="TestALotOfAdding" classname="LocalCMCTests" time="0.001"/>
  <testcase name="TestALotOfAdding" classname="LocalCMCTests" time="0.0"/>
  <testcase name="TestALotOfAdding" classname="LocalCMCTests" time="0.0"/>
  <testcase name="TestALotOfAdding" classname="LocalCMCTests" time="0.001"/>
  <testcase name="TestALotOfAdding" classname="LocalCMCTests" time="0.001"/>
  <testcase name="TestALotOfAdding" classname="LocalCMCTests" time="0.001"/>
  <testcase name="TestALotOfAdding" classname="LocalCMCTests" time="0.0"/>
  <testcase name="TestALotOfAdding" classname="LocalCMCTests" time="0.001"/>
  <testcase name="TestALotOfAdding" classname="LocalCMCTests" time="0.001"/>
  <testcase name="TestALotOfAdding" classname="LocalCMCTests" time="0.0"/>
  <testcase name="TestALotOfAdding" classname="LocalCMCTests" time="0.001"/>
  <testcase name="TestALotOfAdding" classname="LocalCMCTests" time="0.001"/>
  <testcase name="TestALotOfAdding" classname="LocalCMCTests" time="0.0"/>
  <testcase name="TestALotOfAdding" classname="LocalCMCTests" time="0.001"/>
  <testcase name="TestALotOfAdding" classname="LocalCMCTests" time="0.001"/>
  <testcase name="TestALotOfAdding" classname="LocalCMCTests" time="0.001"/>
  <testcase name="TestALotOfAdding" classname="LocalCMCTests" time="0.002"/>
  <testcase name="TestALotOfAdding" classname="LocalCMCTests" time="0.0"/>
  <testcase name="TestALotOfAdding" classname="LocalCMCTests" time="0.0"/>
  <testcase name="TestALotOfAdding" classname="LocalCMCTests" time="0.0"/>
  <testcase name="TestALotOfAdding" classname="LocalCMCTests" time="0.0"/>
  <testcase name="TestALotOfAdding" classname="LocalCMCTests" time="0.0"/>
  <testcase name="TestALotOfAdding" classname="LocalCMCTests" time="0.001"/>
  <testcase name="TestALotOfAdding" classname="LocalCMCTests" time="0.002"/>
  <testcase name="TestALotOfAdding" classname="LocalCMCTests" time="0.002"/>
  <testcase name="TestALotOfAdding" classname="LocalCMCTests" time="0.002"/>
  <testcase name="TestALotOfAdding" classname="LocalCMCTests" time="0.001"/>
  <testcase name="TestALotOfAdding" classname="LocalCMCTests" time="0.001"/>
  <testcase name="TestALotOfAdding" classname="LocalCMCTests" time="0.001"/>
  <testcase name="TestALotOfAdding" classname="LocalCMCTests" time="0.001"/>
  <testcase name="TestALotOfAdding" classname="LocalCMCTests" time="0.001"/>
  <testcase name="TestALotOfAdding" classname="LocalCMCTests" time="0.0"/>
  <testcase name="TestALotOfAdding" classname="LocalCMCTests" time="0.0"/>
  <testcase name="TestALotOfAdding" classname="LocalCMCTests" time="0.0"/>
  <testcase name="TestALotOfAdding" classname="LocalCMCTests" time="0.0"/>
  <testcase name="TestALotOfAdding" classname="LocalCMCTests" time="0.0"/>
  <testcase name="TestALotOfAdding" classname="LocalCMCTests" time="0.0"/>
  <testcase name="TestALotOfAdding" classname="LocalCMCTests" time="0.001"/>
  <testcase name="TestALotOfAdding" classname="LocalCMCTests" time="0.001"/>
  <testcase name="TestALotOfAdding" classname="LocalCMCTests" time="0.001"/>
  <testcase name="TestALotOfAdding" classname="LocalCMCTests" time="0.001"/>
  <testcase name="TestALotOfAdding" classname="LocalCMCTests" time="0.001"/>
  <testcase name="TestALotOfAdding" classname="LocalCMCTests" time="0.001"/>
  <testcase name="TestALotOfAdding" classname="LocalCMCTests" time="0.001"/>
  <testcase name="TestALotOfAdding" classname="LocalCMCTests" time="0.001"/>
  <testcase name="TestALotOfAdding" classname="LocalCMCTests" time="0.001"/>
  <testcase name="TestALotOfAdding" classname="LocalCMCTests" time="0.0"/>
  <testcase name="TestALotOfAdding" classname="LocalCMCTests" time="0.001"/>
  <testcase name="TestALotOfAdding" classname="LocalCMCTests" time="0.001"/>
  <testcase name="TestALotOfAdding" classname="LocalCMCTests" time="0.0"/>
  <testcase name="TestALotOfAdding" classname="LocalCMCTests" time="0.0"/>
  <testcase name="TestALotOfAdding" classname="LocalCMCTests" time="0.0"/>
  <testcase name="TestALotOfAdding" classname="LocalCMCTests" time="0.0"/>
  <testcase name="TestALotOfAdding" classname="LocalCMCTests" time="0.001"/>
  <testcase name="TestALotOfAdding" classname="LocalCMCTests" time="0.001"/>
  <testcase name="TestALotOfAdding" classname="LocalCMCTests" time="0.001"/>
  <testcase name="TestALotOfAdding" classname="LocalCMCTests" time="0.001"/>
  <testcase name="TestALotOfAdding" classname="LocalCMCTests" time="0.0"/>
  <testcase name="TestALotOfAdding" classname="LocalCMCTests" time="0.001"/>
  <testcase name="TestALotOfAdding" classname="LocalCMCTests" time="0.001"/>
  <testcase name="TestALotOfAdding" classname="LocalCMCTests" time="0.001"/>
  <testcase name="TestALotOfAdding" classname="LocalCMCTests" time="0.0"/>
  <testcase name="TestALotOfAdding" classname="LocalCMCTests" time="0.001"/>
  <testcase name="TestALotOfAdding" classname="LocalCMCTests" time="0.0"/>
  <testcase name="TestALotOfAdding" classname="LocalCMCTests" time="0.001"/>
  <testcase name="TestALotOfAdding" classname="LocalCMCTests" time="0.0"/>
  <testcase name="TestALotOfAdding" classname="LocalCMCTests" time="0.001"/>
  <testcase name="TestALotOfAdding" classname="LocalCMCTests" time="0.002"/>
  <testcase name="TestALotOfAdding" classname="LocalCMCTests" time="0.0"/>
  <testcase name="TestALotOfAdding" classname="LocalCMCTests" time="0.001"/>
  <testcase name="TestALotOfAdding" classname="LocalCMCTests" time="0.0"/>
  <testcase name="TestALotOfAdding" classname="LocalCMCTests" time="0.001"/>
  <testcase name="TestALotOfAdding" classname="LocalCMCTests" time="0.001"/>
  <testcase name="TestALotOfAdding" classname="LocalCMCTests" time="0.0"/>
  <testcase name="TestALotOfAdding" classname="LocalCMCTests" time="0.001"/>
  <testcase name="TestALotOfAdding" classname="LocalCMCTests" time="0.0"/>
  <testcase name="TestALotOfAdding" classname="LocalCMCTests" time="0.001"/>
  <testcase name="TestALotOfAdding" classname="LocalCMCTests" time="0.0"/>
  <testcase name="TestALotOfAdding" classname="LocalCMCTests" time="0.001"/>
  <testcase name="TestALotOfAdding" classname="LocalCMCTests" time="0.0"/>
  <testcase name="TestALotOfAdding" classname="LocalCMCTests" time="0.001"/>
  <testcase name="TestALotOfAdding" classname="LocalCMCTests" time="0.001"/>
  <testcase name="TestALotOfAdding" classname="LocalCMCTests" time="0.001"/>
  <testcase name="TestALotOfAdding" classname="LocalCMCTests" time="0.001"/>
  <testcase name="TestALotOfAdding" classname="LocalCMCTests" time="0.001"/>
  <testcase name="TestALotOfAdding" classname="LocalCMCTests" time="0.001"/>
  <testcase name="TestALotOfAdding" classname="LocalCMCTests" time="0.0"/>
  <testcase name="TestALotOfAdding" classname="LocalCMCTests" time="0.002"/>
  <testcase name="TestALotOfAdding" classname="LocalCMCTests" time="0.001"/>
  <testcase name="TestALotOfAdding" classname="LocalCMCTests" time="0.001"/>
  <testcase name="TestALotOfAdding" classname="LocalCMCTests" time="0.0"/>
  <testcase name="TestALotOfAdding" classname="LocalCMCTests" time="0.0"/>
  <testcase name="TestALotOfAdding" classname="LocalCMCTests" time="0.001"/>
  <testcase name="TestALotOfAdding" classname="LocalCMCTests" time="0.0"/>
  <testcase name="TestALotOfAdding" classname="LocalCMCTests" time="0.0"/>
  <testcase name="TestALotOfAdding" classname="LocalCMCTests" time="0.0"/>
  <testcase name="TestALotOfAdding" classname="LocalCMCTests" time="0.001"/>
  <testcase name="TestALotOfAdding" classname="LocalCMCTests" time="0.001"/>
  <testcase name="TestALotOfAdding" classname="LocalCMCTests" time="0.001"/>
  <testcase name="TestALotOfAdding" classname="LocalCMCTests" time="0.001"/>
  <testcase name="TestALotOfAdding" classname="LocalCMCTests" time="0.001"/>
  <testcase name="TestALotOfAdding" classname="LocalCMCTests" time="0.0"/>
  <testcase name="TestALotOfAdding" classname="LocalCMCTests" time="0.001"/>
  <testcase name="TestALotOfAdding" classname="LocalCMCTests" time="0.001"/>
  <testcase name="TestALotOfAdding" classname="LocalCMCTests" time="0.001"/>
  <testcase name="TestALotOfAdding" classname="LocalCMCTests" time="0.001"/>
  <testcase name="TestALotOfAdding" classname="LocalCMCTests" time="0.001"/>
  <testcase name="TestALotOfAdding" classname="LocalCMCTests" time="0.0"/>
  <testcase name="TestALotOfAdding" classname="LocalCMCTests" time="0.0"/>
  <testcase name="TestALotOfAdding" classname="LocalCMCTests" time="0.0"/>
  <testcase name="TestALotOfAdding" classname="LocalCMCTests" time="0.0"/>
  <testcase name="TestALotOfAdding" classname="LocalCMCTests" time="0.001"/>
  <testcase name="TestALotOfAdding" classname="LocalCMCTests" time="0.001"/>
  <testcase name="TestALotOfAdding" classname="LocalCMCTests" time="0.001"/>
  <testcase name="TestALotOfAdding" classname="LocalCMCTests" time="0.001"/>
  <testcase name="TestALotOfAdding" classname="LocalCMCTests" time="0.001"/>
  <testcase name="TestALotOfAdding" classname="LocalCMCTests" time="0.001"/>
  <testcase name="TestALotOfAdding" classname="LocalCMCTests" time="0.002"/>
  <testcase name="TestALotOfAdding" classname="LocalCMCTests" time="0.001"/>
  <testcase name="TestALotOfAdding" classname="LocalCMCTests" time="0.0"/>
  <testcase name="TestALotOfAdding" classname="LocalCMCTests" time="0.0"/>
  <testcase name="TestALotOfAdding" classname="LocalCMCTests" time="0.0"/>
  <testcase name="TestALotOfAdding" classname="LocalCMCTests" time="0.0"/>
  <testcase name="TestALotOfAdding" classname="LocalCMCTests" time="0.0"/>
  <testcase name="TestALotOfAdding" classname="LocalCMCTests" time="0.0"/>
  <testcase name="TestALotOfAdding" classname="LocalCMCTests" time="0.0"/>
  <testcase name="TestALotOfAdding" classname="LocalCMCTests" time="0.0"/>
  <testcase name="TestALotOfAdding" classname="LocalCMCTests" time="0.002"/>
  <testcase name="TestALotOfAdding" classname="LocalCMCTests" time="0.0"/>
  <testcase name="TestALotOfAdding" classname="LocalCMCTests" time="0.0"/>
  <testcase name="TestALotOfAdding" classname="LocalCMCTests" time="0.001"/>
  <testcase name="TestALotOfAdding" classname="LocalCMCTests" time="0.0"/>
  <testcase name="TestALotOfAdding" classname="LocalCMCTests" time="0.001"/>
  <testcase name="TestALotOfAdding" classname="LocalCMCTests" time="0.001"/>
  <testcase name="TestALotOfAdding" classname="LocalCMCTests" time="0.001"/>
  <testcase name="TestALotOfAdding" classname="LocalCMCTests" time="0.001"/>
  <testcase name="TestALotOfAdding" classname="LocalCMCTests" time="0.0"/>
  <testcase name="TestALotOfAdding" classname="LocalCMCTests" time="0.001"/>
  <testcase name="TestALotOfAdding" classname="LocalCMCTests" time="0.001"/>
  <testcase name="TestALotOfAdding" classname="LocalCMCTests" time="0.0"/>
  <testcase name="TestALotOfAdding" classname="LocalCMCTests" time="0.0"/>
  <testcase name="TestALotOfAdding" classname="LocalCMCTests" time="0.002"/>
  <testcase name="TestALotOfAdding" classname="LocalCMCTests" time="0.001"/>
  <testcase name="TestALotOfAdding" classname="LocalCMCTests" time="0.001"/>
  <testcase name="TestALotOfAdding" classname="LocalCMCTests" time="0.0"/>
  <testcase name="TestALotOfAdding" classname="LocalCMCTests" time="0.001"/>
  <testcase name="TestALotOfAdding" classname="LocalCMCTests" time="0.0"/>
  <testcase name="TestALotOfAdding" classname="LocalCMCTests" time="0.001"/>
  <testcase name="TestALotOfAdding" classname="LocalCMCTests" time="0.001"/>
  <testcase name="TestALotOfAdding" classname="LocalCMCTests" time="0.001"/>
  <testcase name="TestALotOfAdding" classname="LocalCMCTests" time="0.001"/>
  <testcase name="TestALotOfAdding" classname="LocalCMCTests" time="0.001"/>
  <testcase name="TestALotOfAdding" classname="LocalCMCTests" time="0.001"/>
  <testcase name="TestALotOfAdding" classname="LocalCMCTests" time="0.0"/>
  <testcase name="TestALotOfAdding" classname="LocalCMCTests" time="0.0"/>
  <testcase name="TestALotOfAdding" classname="LocalCMCTests" time="0.001"/>
  <testcase name="TestALotOfAdding" classname="LocalCMCTests" time="0.0"/>
  <testcase name="TestALotOfAdding" classname="LocalCMCTests" time="0.0"/>
  <testcase name="TestALotOfAdding" classname="LocalCMCTests" time="0.0"/>
  <testcase name="TestALotOfAdding" classname="LocalCMCTests" time="0.001"/>
  <testcase name="TestALotOfAdding" classname="LocalCMCTests" time="0.0"/>
  <testcase name="TestALotOfAdding" classname="LocalCMCTests" time="0.001"/>
  <testcase name="TestALotOfAdding" classname="LocalCMCTests" time="0.001"/>
  <testcase name="TestALotOfAdding" classname="LocalCMCTests" time="0.0"/>
  <testcase name="TestALotOfAdding" classname="LocalCMCTests" time="0.0"/>
  <testcase name="TestALotOfAdding" classname="LocalCMCTests" time="0.0"/>
  <testcase name="TestALotOfAdding" classname="LocalCMCTests" time="0.001"/>
  <testcase name="TestALotOfAdding" classname="LocalCMCTests" time="0.0"/>
  <testcase name="TestALotOfAdding" classname="LocalCMCTests" time="0.001"/>
  <testcase name="TestALotOfAdding" classname="LocalCMCTests" time="0.001"/>
  <testcase name="TestALotOfAdding" classname="LocalCMCTests" time="0.001"/>
  <testcase name="TestALotOfAdding" classname="LocalCMCTests" time="0.001"/>
  <testcase name="TestALotOfAdding" classname="LocalCMCTests" time="0.001"/>
  <testcase name="TestALotOfAdding" classname="LocalCMCTests" time="0.001"/>
  <testcase name="TestALotOfAdding" classname="LocalCMCTests" time="0.001"/>
  <testcase name="TestALotOfAdding" classname="LocalCMCTests" time="0.002"/>
  <testcase name="TestALotOfAdding" classname="LocalCMCTests" time="0.001"/>
  <testcase name="TestALotOfAdding" classname="LocalCMCTests" time="0.001"/>
  <testcase name="TestALotOfAdding" classname="LocalCMCTests" time="0.001"/>
  <testcase name="TestALotOfAdding" classname="LocalCMCTests" time="0.0"/>
  <testcase name="TestALotOfAdding" classname="LocalCMCTests" time="0.001"/>
  <testcase name="TestALotOfAdding" classname="LocalCMCTests" time="0.0"/>
  <testcase name="TestALotOfAdding" classname="LocalCMCTests" time="0.0"/>
  <testcase name="TestALotOfAdding" classname="LocalCMCTests" time="0.0"/>
  <testcase name="TestALotOfAdding" classname="LocalCMCTests" time="0.0"/>
  <testcase name="TestALotOfAdding" classname="LocalCMCTests" time="0.0"/>
  <testcase name="TestALotOfAdding" classname="LocalCMCTests" time="0.0"/>
  <testcase name="TestALotOfAdding" classname="LocalCMCTests" time="0.0"/>
  <testcase name="TestALotOfAdding" classname="LocalCMCTests" time="0.001"/>
  <testcase name="TestALotOfAdding" classname="LocalCMCTests" time="0.001"/>
  <testcase name="TestALotOfAdding" classname="LocalCMCTests" time="0.001"/>
  <testcase name="TestALotOfAdding" classname="LocalCMCTests" time="0.0"/>
  <testcase name="TestALotOfAdding" classname="LocalCMCTests" time="0.001"/>
  <testcase name="TestALotOfAdding" classname="LocalCMCTests" time="0.001"/>
  <testcase name="TestALotOfAdding" classname="LocalCMCTests" time="0.001"/>
  <testcase name="TestALotOfAdding" classname="LocalCMCTests" time="0.001"/>
  <testcase name="TestALotOfAdding" classname="LocalCMCTests" time="0.001"/>
  <testcase name="TestALotOfAdding" classname="LocalCMCTests" time="0.001"/>
  <testcase name="TestALotOfAdding" classname="LocalCMCTests" time="0.0"/>
  <testcase name="TestALotOfAdding" classname="LocalCMCTests" time="0.002"/>
  <testcase name="TestALotOfAdding" classname="LocalCMCTests" time="0.001"/>
  <testcase name="TestALotOfAdding" classname="LocalCMCTests" time="0.0"/>
  <testcase name="TestALotOfAdding" classname="LocalCMCTests" time="0.001"/>
  <testcase name="TestALotOfAdding" classname="LocalCMCTests" time="0.001"/>
  <testcase name="TestALotOfAdding" classname="LocalCMCTests" time="0.001"/>
  <testcase name="TestALotOfAdding" classname="LocalCMCTests" time="0.001"/>
  <testcase name="TestALotOfAdding" classname="LocalCMCTests" time="0.0"/>
  <testcase name="TestALotOfAdding" classname="LocalCMCTests" time="0.001"/>
  <testcase name="TestALotOfAdding" classname="LocalCMCTests" time="0.0"/>
  <testcase name="TestALotOfAdding" classname="LocalCMCTests" time="0.001"/>
  <testcase name="TestALotOfAdding" classname="LocalCMCTests" time="0.001"/>
  <testcase name="TestALotOfAdding" classname="LocalCMCTests" time="0.0"/>
  <testcase name="TestALotOfAdding" classname="LocalCMCTests" time="0.0"/>
  <testcase name="TestALotOfAdding" classname="LocalCMCTests" time="0.0"/>
  <testcase name="TestALotOfAdding" classname="LocalCMCTests" time="0.0"/>
  <testcase name="TestALotOfAdding" classname="LocalCMCTests" time="0.0"/>
  <testcase name="TestALotOfAdding" classname="LocalCMCTests" time="0.001"/>
  <testcase name="TestALotOfAdding" classname="LocalCMCTests" time="0.0"/>
  <testcase name="TestALotOfAdding" classname="LocalCMCTests" time="0.001"/>
  <testcase name="TestALotOfAdding" classname="LocalCMCTests" time="0.001"/>
  <testcase name="TestALotOfAdding" classname="LocalCMCTests" time="0.001"/>
  <testcase name="TestALotOfAdding" classname="LocalCMCTests" time="0.0"/>
  <testcase name="TestALotOfAdding" classname="LocalCMCTests" time="0.001"/>
  <testcase name="TestALotOfAdding" classname="LocalCMCTests" time="0.002"/>
  <testcase name="TestALotOfAdding" classname="LocalCMCTests" time="0.002"/>
  <testcase name="TestALotOfAdding" classname="LocalCMCTests" time="0.001"/>
  <testcase name="TestALotOfAdding" classname="LocalCMCTests" time="0.0"/>
  <testcase name="TestALotOfAdding" classname="LocalCMCTests" time="0.0"/>
  <testcase name="TestALotOfAdding" classname="LocalCMCTests" time="0.001"/>
  <testcase name="TestALotOfAdding" classname="LocalCMCTests" time="0.0"/>
  <testcase name="TestALotOfAdding" classname="LocalCMCTests" time="0.001"/>
  <testcase name="TestALotOfAdding" classname="LocalCMCTests" time="0.0"/>
  <testcase name="TestALotOfAdding" classname="LocalCMCTests" time="0.0"/>
  <testcase name="TestALotOfAdding" classname="LocalCMCTests" time="0.0"/>
  <testcase name="TestALotOfAdding" classname="LocalCMCTests" time="0.0"/>
  <testcase name="TestALotOfAdding" classname="LocalCMCTests" time="0.0"/>
  <testcase name="TestALotOfAdding" classname="LocalCMCTests" time="0.0"/>
  <testcase name="TestALotOfAdding" classname="LocalCMCTests" time="0.001"/>
  <testcase name="TestALotOfAdding" classname="LocalCMCTests" time="0.001"/>
  <testcase name="TestALotOfAdding" classname="LocalCMCTests" time="0.001"/>
  <testcase name="TestALotOfAdding" classname="LocalCMCTests" time="0.0"/>
  <testcase name="TestALotOfAdding" classname="LocalCMCTests" time="0.001"/>
  <testcase name="TestALotOfAdding" classname="LocalCMCTests" time="0.0"/>
  <testcase name="TestALotOfAdding" classname="LocalCMCTests" time="0.001"/>
  <testcase name="TestALotOfAdding" classname="LocalCMCTests" time="0.0"/>
  <testcase name="TestALotOfAdding" classname="LocalCMCTests" time="0.001"/>
  <testcase name="TestALotOfAdding" classname="LocalCMCTests" time="0.001"/>
  <testcase name="TestALotOfAdding" classname="LocalCMCTests" time="0.001"/>
  <testcase name="TestALotOfAdding" classname="LocalCMCTests" time="0.0"/>
  <testcase name="TestALotOfAdding" classname="LocalCMCTests" time="0.0"/>
  <testcase name="TestALotOfAdding" classname="LocalCMCTests" time="0.0"/>
  <testcase name="TestALotOfAdding" classname="LocalCMCTests" time="0.001"/>
  <testcase name="TestALotOfAdding" classname="LocalCMCTests" time="0.002"/>
  <testcase name="TestALotOfAdding" classname="LocalCMCTests" time="0.001"/>
  <testcase name="TestALotOfAdding" classname="LocalCMCTests" time="0.0"/>
  <testcase name="TestALotOfAdding" classname="LocalCMCTests" time="0.001"/>
  <testcase name="TestALotOfAdding" classname="LocalCMCTests" time="0.0"/>
  <testcase name="TestALotOfAdding" classname="LocalCMCTests" time="0.001"/>
  <testcase name="TestALotOfAdding" classname="LocalCMCTests" time="0.0"/>
  <testcase name="TestALotOfAdding" classname="LocalCMCTests" time="0.001"/>
  <testcase name="TestALotOfAdding" classname="LocalCMCTests" time="0.0"/>
  <testcase name="TestALotOfAdding" classname="LocalCMCTests" time="0.0"/>
  <testcase name="TestALotOfAdding" classname="LocalCMCTests" time="0.001"/>
  <testcase name="TestALotOfAdding" classname="LocalCMCTests" time="0.001"/>
  <testcase name="TestALotOfAdding" classname="LocalCMCTests" time="0.001"/>
  <testcase name="TestALotOfAdding" classname="LocalCMCTests" time="0.0"/>
  <testcase name="TestALotOfAdding" classname="LocalCMCTests" time="0.001"/>
  <testcase name="TestALotOfAdding" classname="LocalCMCTests" time="0.001"/>
  <testcase name="TestALotOfAdding" classname="LocalCMCTests" time="0.001"/>
  <testcase name="TestALotOfAdding" classname="LocalCMCTests" time="0.001"/>
  <testcase name="TestALotOfAdding" classname="LocalCMCTests" time="0.0"/>
  <testcase name="TestALotOfAdding" classname="LocalCMCTests" time="0.001"/>
  <testcase name="TestALotOfAdding" classname="LocalCMCTests" time="0.001"/>
  <testcase name="TestALotOfAdding" classname="LocalCMCTests" time="0.001"/>
  <testcase name="TestALotOfAdding" classname="LocalCMCTests" time="0.0"/>
  <testcase name="TestALotOfAdding" classname="LocalCMCTests" time="0.0"/>
  <testcase name="TestALotOfAdding" classname="LocalCMCTests" time="0.0"/>
  <testcase name="TestALotOfAdding" classname="LocalCMCTests" time="0.0"/>
  <testcase name="TestALotOfAdding" classname="LocalCMCTests" time="0.001"/>
  <testcase name="TestALotOfAdding" classname="LocalCMCTests" time="0.0"/>
  <testcase name="TestALotOfAdding" classname="LocalCMCTests" time="0.001"/>
  <testcase name="TestALotOfAdding" classname="LocalCMCTests" time="0.002"/>
  <testcase name="TestALotOfAdding" classname="LocalCMCTests" time="0.0"/>
  <testcase name="TestALotOfAdding" classname="LocalCMCTests" time="0.001"/>
  <testcase name="TestALotOfAdding" classname="LocalCMCTests" time="0.001"/>
  <testcase name="TestALotOfAdding" classname="LocalCMCTests" time="0.001"/>
  <testcase name="TestALotOfAdding" classname="LocalCMCTests" time="0.0"/>
  <testcase name="TestALotOfAdding" classname="LocalCMCTests" time="0.0"/>
  <testcase name="TestALotOfAdding" classname="LocalCMCTests" time="0.001"/>
  <testcase name="TestALotOfAdding" classname="LocalCMCTests" time="0.001"/>
  <testcase name="TestALotOfAdding" classname="LocalCMCTests" time="0.001"/>
  <testcase name="TestALotOfAdding" classname="LocalCMCTests" time="0.001"/>
  <testcase name="TestALotOfAdding" classname="LocalCMCTests" time="0.0"/>
  <testcase name="TestALotOfAdding" classname="LocalCMCTests" time="0.001"/>
  <testcase name="TestALotOfAdding" classname="LocalCMCTests" time="0.0"/>
  <testcase name="TestALotOfAdding" classname="LocalCMCTests" time="0.001"/>
  <testcase name="TestALotOfAdding" classname="LocalCMCTests" time="0.0"/>
  <testcase name="TestALotOfAdding" classname="LocalCMCTests" time="0.001"/>
  <testcase name="TestALotOfAdding" classname="LocalCMCTests" time="0.0"/>
  <testcase name="TestALotOfAdding" classname="LocalCMCTests" time="0.001"/>
  <testcase name="TestALotOfAdding" classname="LocalCMCTests" time="0.001"/>
  <testcase name="TestALotOfAdding" classname="LocalCMCTests" time="0.0"/>
  <testcase name="TestALotOfAdding" classname="LocalCMCTests" time="0.001"/>
  <testcase name="TestALotOfAdding" classname="LocalCMCTests" time="0.0"/>
  <testcase name="TestALotOfAdding" classname="LocalCMCTests" time="0.001"/>
  <testcase name="TestALotOfAdding" classname="LocalCMCTests" time="0.0"/>
  <testcase name="TestALotOfAdding" classname="LocalCMCTests" time="0.0"/>
  <testcase name="TestALotOfAdding" classname="LocalCMCTests" time="0.0"/>
  <testcase name="TestALotOfAdding" classname="LocalCMCTests" time="0.001"/>
  <testcase name="TestALotOfAdding" classname="LocalCMCTests" time="0.001"/>
  <testcase name="TestALotOfAdding" classname="LocalCMCTests" time="0.0"/>
  <testcase name="TestALotOfAdding" classname="LocalCMCTests" time="0.001"/>
  <testcase name="TestALotOfAdding" classname="LocalCMCTests" time="0.001"/>
  <testcase name="TestALotOfAdding" classname="LocalCMCTests" time="0.0"/>
  <testcase name="TestALotOfAdding" classname="LocalCMCTests" time="0.002"/>
  <testcase name="TestALotOfAdding" classname="LocalCMCTests" time="0.001"/>
  <testcase name="TestALotOfAdding" classname="LocalCMCTests" time="0.0"/>
  <testcase name="TestALotOfAdding" classname="LocalCMCTests" time="0.001"/>
  <testcase name="TestALotOfAdding" classname="LocalCMCTests" time="0.001"/>
  <testcase name="TestALotOfAdding" classname="LocalCMCTests" time="0.0"/>
  <testcase name="TestALotOfAdding" classname="LocalCMCTests" time="0.001"/>
  <testcase name="TestALotOfAdding" classname="LocalCMCTests" time="0.002"/>
  <testcase name="TestALotOfAdding" classname="LocalCMCTests" time="0.0"/>
  <testcase name="TestALotOfAdding" classname="LocalCMCTests" time="0.0"/>
  <testcase name="TestALotOfAdding" classname="LocalCMCTests" time="0.0"/>
  <testcase name="TestALotOfAdding" classname="LocalCMCTests" time="0.001"/>
  <testcase name="TestALotOfAdding" classname="LocalCMCTests" time="0.001"/>
  <testcase name="TestALotOfAdding" classname="LocalCMCTests" time="0.001"/>
  <testcase name="TestALotOfAdding" classname="LocalCMCTests" time="0.001"/>
  <testcase name="TestALotOfAdding" classname="LocalCMCTests" time="0.001"/>
  <testcase name="TestALotOfAdding" classname="LocalCMCTests" time="0.0"/>
  <testcase name="TestALotOfAdding" classname="LocalCMCTests" time="0.002"/>
  <testcase name="TestALotOfAdding" classname="LocalCMCTests" time="0.0"/>
  <testcase name="TestALotOfAdding" classname="LocalCMCTests" time="0.0"/>
  <testcase name="TestALotOfAdding" classname="LocalCMCTests" time="0.0"/>
  <testcase name="TestALotOfAdding" classname="LocalCMCTests" time="0.0"/>
  <testcase name="TestALotOfAdding" classname="LocalCMCTests" time="0.002"/>
  <testcase name="TestALotOfAdding" classname="LocalCMCTests" time="0.001"/>
  <testcase name="TestALotOfAdding" classname="LocalCMCTests" time="0.0"/>
  <testcase name="TestALotOfAdding" classname="LocalCMCTests" time="0.001"/>
  <testcase name="TestALotOfAdding" classname="LocalCMCTests" time="0.001"/>
  <testcase name="TestALotOfAdding" classname="LocalCMCTests" time="0.001"/>
  <testcase name="TestALotOfAdding" classname="LocalCMCTests" time="0.001"/>
  <testcase name="TestALotOfAdding" classname="LocalCMCTests" time="0.001"/>
  <testcase name="TestALotOfAdding" classname="LocalCMCTests" time="0.001"/>
  <testcase name="TestALotOfAdding" classname="LocalCMCTests" time="0.001"/>
  <testcase name="TestALotOfAdding" classname="LocalCMCTests" time="0.001"/>
  <testcase name="TestALotOfAdding" classname="LocalCMCTests" time="0.0"/>
  <testcase name="TestALotOfAdding" classname="LocalCMCTests" time="0.001"/>
  <testcase name="TestALotOfAdding" classname="LocalCMCTests" time="0.001"/>
  <testcase name="TestALotOfAdding" classname="LocalCMCTests" time="0.001"/>
  <testcase name="TestALotOfAdding" classname="LocalCMCTests" time="0.001"/>
  <testcase name="TestALotOfAdding" classname="LocalCMCTests" time="0.0"/>
  <testcase name="TestALotOfAdding" classname="LocalCMCTests" time="0.0"/>
  <testcase name="TestALotOfAdding" classname="LocalCMCTests" time="0.0"/>
  <testcase name="TestALotOfAdding" classname="LocalCMCTests" time="0.0"/>
  <testcase name="TestALotOfAdding" classname="LocalCMCTests" time="0.001"/>
  <testcase name="TestALotOfAdding" classname="LocalCMCTests" time="0.001"/>
  <testcase name="TestALotOfAdding" classname="LocalCMCTests" time="0.001"/>
  <testcase name="TestALotOfAdding" classname="LocalCMCTests" time="0.0"/>
  <testcase name="TestALotOfAdding" classname="LocalCMCTests" time="0.001"/>
  <testcase name="TestALotOfAdding" classname="LocalCMCTests" time="0.001"/>
  <testcase name="TestALotOfAdding" classname="LocalCMCTests" time="0.001"/>
  <testcase name="TestALotOfAdding" classname="LocalCMCTests" time="0.0"/>
  <testcase name="TestALotOfAdding" classname="LocalCMCTests" time="0.001"/>
  <testcase name="TestALotOfAdding" classname="LocalCMCTests" time="0.001"/>
  <testcase name="TestALotOfAdding" classname="LocalCMCTests" time="0.0"/>
  <testcase name="TestALotOfAdding" classname="LocalCMCTests" time="0.001"/>
  <testcase name="TestALotOfAdding" classname="LocalCMCTests" time="0.0"/>
  <testcase name="TestALotOfAdding" classname="LocalCMCTests" time="0.0"/>
  <testcase name="TestALotOfAdding" classname="LocalCMCTests" time="0.0"/>
  <testcase name="TestALotOfAdding" classname="LocalCMCTests" time="0.0"/>
  <testcase name="TestALotOfAdding" classname="LocalCMCTests" time="0.0"/>
  <testcase name="TestALotOfAdding" classname="LocalCMCTests" time="0.0"/>
  <testcase name="TestALotOfAdding" classname="LocalCMCTests" time="0.001"/>
  <testcase name="TestALotOfAdding" classname="LocalCMCTests" time="0.0"/>
  <testcase name="TestALotOfAdding" classname="LocalCMCTests" time="0.001"/>
  <testcase name="TestALotOfAdding" classname="LocalCMCTests" time="0.001"/>
  <testcase name="TestALotOfAdding" classname="LocalCMCTests" time="0.001"/>
  <testcase name="TestALotOfAdding" classname="LocalCMCTests" time="0.002"/>
  <testcase name="TestALotOfAdding" classname="LocalCMCTests" time="0.0"/>
  <testcase name="TestALotOfAdding" classname="LocalCMCTests" time="0.001"/>
  <testcase name="TestALotOfAdding" classname="LocalCMCTests" time="0.0"/>
  <testcase name="TestALotOfAdding" classname="LocalCMCTests" time="0.0"/>
  <testcase name="TestALotOfAdding" classname="LocalCMCTests" time="0.0"/>
  <testcase name="TestALotOfAdding" classname="LocalCMCTests" time="0.0"/>
  <testcase name="TestALotOfAdding" classname="LocalCMCTests" time="0.0"/>
  <testcase name="TestALotOfAdding" classname="LocalCMCTests" time="0.001"/>
  <testcase name="TestALotOfAdding" classname="LocalCMCTests" time="0.001"/>
  <testcase name="TestALotOfAdding" classname="LocalCMCTests" time="0.001"/>
  <testcase name="TestALotOfAdding" classname="LocalCMCTests" time="0.001"/>
  <testcase name="TestALotOfAdding" classname="LocalCMCTests" time="0.002"/>
  <testcase name="TestALotOfAdding" classname="LocalCMCTests" time="0.0"/>
  <testcase name="TestALotOfAdding" classname="LocalCMCTests" time="0.001"/>
  <testcase name="TestALotOfAdding" classname="LocalCMCTests" time="0.001"/>
  <testcase name="TestALotOfAdding" classname="LocalCMCTests" time="0.0"/>
  <testcase name="TestALotOfAdding" classname="LocalCMCTests" time="0.001"/>
  <testcase name="TestALotOfAdding" classname="LocalCMCTests" time="0.0"/>
  <testcase name="TestALotOfAdding" classname="LocalCMCTests" time="0.001"/>
  <testcase name="TestALotOfAdding" classname="LocalCMCTests" time="0.001"/>
  <testcase name="TestALotOfAdding" classname="LocalCMCTests" time="0.0"/>
  <testcase name="TestALotOfAdding" classname="LocalCMCTests" time="0.002"/>
  <testcase name="TestALotOfAdding" classname="LocalCMCTests" time="0.0"/>
  <testcase name="TestALotOfAdding" classname="LocalCMCTests" time="0.0"/>
  <testcase name="TestALotOfAdding" classname="LocalCMCTests" time="0.001"/>
  <testcase name="TestALotOfAdding" classname="LocalCMCTests" time="0.001"/>
  <testcase name="TestALotOfAdding" classname="LocalCMCTests" time="0.0"/>
  <testcase name="TestALotOfAdding" classname="LocalCMCTests" time="0.001"/>
  <testcase name="TestALotOfAdding" classname="LocalCMCTests" time="0.001"/>
  <testcase name="TestALotOfAdding" classname="LocalCMCTests" time="0.001"/>
  <testcase name="TestALotOfAdding" classname="LocalCMCTests" time="0.0"/>
  <testcase name="TestALotOfAdding" classname="LocalCMCTests" time="0.0"/>
  <testcase name="TestALotOfAdding" classname="LocalCMCTests" time="0.001"/>
  <testcase name="TestALotOfAdding" classname="LocalCMCTests" time="0.001"/>
  <testcase name="TestALotOfAdding" classname="LocalCMCTests" time="0.0"/>
  <testcase name="TestALotOfAdding" classname="LocalCMCTests" time="0.001"/>
  <testcase name="TestALotOfAdding" classname="LocalCMCTests" time="0.001"/>
  <testcase name="TestALotOfAdding" classname="LocalCMCTests" time="0.001"/>
  <testcase name="TestALotOfAdding" classname="LocalCMCTests" time="0.0"/>
  <testcase name="TestALotOfAdding" classname="LocalCMCTests" time="0.0"/>
  <testcase name="TestALotOfAdding" classname="LocalCMCTests" time="0.001"/>
  <testcase name="TestALotOfAdding" classname="LocalCMCTests" time="0.001"/>
  <testcase name="TestALotOfAdding" classname="LocalCMCTests" time="0.001"/>
  <testcase name="TestALotOfAdding" classname="LocalCMCTests" time="0.001"/>
  <testcase name="TestALotOfAdding" classname="LocalCMCTests" time="0.001"/>
  <testcase name="TestALotOfAdding" classname="LocalCMCTests" time="0.001"/>
  <testcase name="TestALotOfAdding" classname="LocalCMCTests" time="0.001"/>
  <testcase name="TestALotOfAdding" classname="LocalCMCTests" time="0.0"/>
  <testcase name="TestALotOfAdding" classname="LocalCMCTests" time="0.0"/>
  <testcase name="TestALotOfAdding" classname="LocalCMCTests" time="0.0"/>
  <testcase name="TestALotOfAdding" classname="LocalCMCTests" time="0.0"/>
  <testcase name="TestALotOfAdding" classname="LocalCMCTests" time="0.0"/>
  <testcase name="TestALotOfAdding" classname="LocalCMCTests" time="0.001"/>
  <testcase name="TestALotOfAdding" classname="LocalCMCTests" time="0.0"/>
  <testcase name="TestALotOfAdding" classname="LocalCMCTests" time="0.002"/>
  <testcase name="TestALotOfAdding" classname="LocalCMCTests" time="0.002"/>
  <testcase name="TestALotOfAdding" classname="LocalCMCTests" time="0.001"/>
  <testcase name="TestALotOfAdding" classname="LocalCMCTests" time="0.001"/>
  <testcase name="TestALotOfAdding" classname="LocalCMCTests" time="0.001"/>
  <testcase name="TestALotOfAdding" classname="LocalCMCTests" time="0.001"/>
  <testcase name="TestALotOfAdding" classname="LocalCMCTests" time="0.001"/>
  <testcase name="TestALotOfAdding" classname="LocalCMCTests" time="0.0"/>
  <testcase name="TestALotOfAdding" classname="LocalCMCTests" time="0.001"/>
  <testcase name="TestALotOfAdding" classname="LocalCMCTests" time="0.0"/>
  <testcase name="TestALotOfAdding" classname="LocalCMCTests" time="0.0"/>
  <testcase name="TestALotOfAdding" classname="LocalCMCTests" time="0.0"/>
  <testcase name="TestALotOfAdding" classname="LocalCMCTests" time="0.0"/>
  <testcase name="TestALotOfAdding" classname="LocalCMCTests" time="0.0"/>
  <testcase name="TestALotOfAdding" classname="LocalCMCTests" time="0.0"/>
  <testcase name="TestALotOfAdding" classname="LocalCMCTests" time="0.002"/>
  <testcase name="TestALotOfAdding" classname="LocalCMCTests" time="0.001"/>
  <testcase name="TestALotOfAdding" classname="LocalCMCTests" time="0.001"/>
  <testcase name="TestALotOfAdding" classname="LocalCMCTests" time="0.0"/>
  <testcase name="TestALotOfAdding" classname="LocalCMCTests" time="0.002"/>
  <testcase name="TestALotOfAdding" classname="LocalCMCTests" time="0.001"/>
  <testcase name="TestALotOfAdding" classname="LocalCMCTests" time="0.001"/>
  <testcase name="TestALotOfAdding" classname="LocalCMCTests" time="0.001"/>
  <testcase name="TestALotOfAdding" classname="LocalCMCTests" time="0.0"/>
  <testcase name="TestALotOfAdding" classname="LocalCMCTests" time="0.001"/>
  <testcase name="TestALotOfAdding" classname="LocalCMCTests" time="0.001"/>
  <testcase name="TestALotOfAdding" classname="LocalCMCTests" time="0.0"/>
  <testcase name="TestALotOfAdding" classname="LocalCMCTests" time="0.0"/>
  <testcase name="TestALotOfAdding" classname="LocalCMCTests" time="0.001"/>
  <testcase name="TestALotOfAdding" classname="LocalCMCTests" time="0.0"/>
  <testcase name="TestALotOfAdding" classname="LocalCMCTests" time="0.0"/>
  <testcase name="TestALotOfAdding" classname="LocalCMCTests" time="0.0"/>
  <testcase name="TestALotOfAdding" classname="LocalCMCTests" time="0.0"/>
  <testcase name="TestALotOfAdding" classname="LocalCMCTests" time="0.0"/>
  <testcase name="TestALotOfAdding" classname="LocalCMCTests" time="0.001"/>
  <testcase name="TestALotOfAdding" classname="LocalCMCTests" time="0.0"/>
  <testcase name="TestALotOfAdding" classname="LocalCMCTests" time="0.001"/>
  <testcase name="TestALotOfAdding" classname="LocalCMCTests" time="0.0"/>
  <testcase name="TestALotOfAdding" classname="LocalCMCTests" time="0.001"/>
  <testcase name="TestALotOfAdding" classname="LocalCMCTests" time="0.001"/>
  <testcase name="TestALotOfAdding" classname="LocalCMCTests" time="0.001"/>
  <testcase name="TestALotOfAdding" classname="LocalCMCTests" time="0.0"/>
  <testcase name="TestALotOfAdding" classname="LocalCMCTests" time="0.001"/>
  <testcase name="TestALotOfAdding" classname="LocalCMCTests" time="0.001"/>
  <testcase name="TestALotOfAdding" classname="LocalCMCTests" time="0.0"/>
  <testcase name="TestALotOfAdding" classname="LocalCMCTests" time="0.001"/>
  <testcase name="TestALotOfAdding" classname="LocalCMCTests" time="0.001"/>
  <testcase name="TestALotOfAdding" classname="LocalCMCTests" time="0.0"/>
  <testcase name="TestALotOfAdding" classname="LocalCMCTests" time="0.0"/>
  <testcase name="TestALotOfAdding" classname="LocalCMCTests" time="0.0"/>
  <testcase name="TestALotOfAdding" classname="LocalCMCTests" time="0.001"/>
  <testcase name="TestALotOfAdding" classname="LocalCMCTests" time="0.001"/>
  <testcase name="TestALotOfAdding" classname="LocalCMCTests" time="0.0"/>
  <testcase name="TestALotOfAdding" classname="LocalCMCTests" time="0.0"/>
  <testcase name="TestALotOfAdding" classname="LocalCMCTests" time="0.0"/>
  <testcase name="TestALotOfAdding" classname="LocalCMCTests" time="0.001"/>
  <testcase name="TestALotOfAdding" classname="LocalCMCTests" time="0.002"/>
  <testcase name="TestALotOfAdding" classname="LocalCMCTests" time="0.001"/>
  <testcase name="TestALotOfAdding" classname="LocalCMCTests" time="0.001"/>
  <testcase name="TestALotOfAdding" classname="LocalCMCTests" time="0.001"/>
  <testcase name="TestALotOfAdding" classname="LocalCMCTests" time="0.0"/>
  <testcase name="TestALotOfAdding" classname="LocalCMCTests" time="0.001"/>
  <testcase name="TestALotOfAdding" classname="LocalCMCTests" time="0.0"/>
  <testcase name="TestALotOfAdding" classname="LocalCMCTests" time="0.001"/>
  <testcase name="TestALotOfAdding" classname="LocalCMCTests" time="0.002"/>
  <testcase name="TestALotOfAdding" classname="LocalCMCTests" time="0.0"/>
  <testcase name="TestALotOfAdding" classname="LocalCMCTests" time="0.001"/>
  <testcase name="TestALotOfAdding" classname="LocalCMCTests" time="0.0"/>
  <testcase name="TestALotOfAdding" classname="LocalCMCTests" time="0.0"/>
  <testcase name="TestALotOfAdding" classname="LocalCMCTests" time="0.001"/>
  <testcase name="TestALotOfAdding" classname="LocalCMCTests" time="0.0"/>
  <testcase name="TestALotOfAdding" classname="LocalCMCTests" time="0.001"/>
  <testcase name="TestALotOfAdding" classname="LocalCMCTests" time="0.001"/>
  <testcase name="TestALotOfAdding" classname="LocalCMCTests" time="0.0"/>
  <testcase name="TestALotOfAdding" classname="LocalCMCTests" time="0.001"/>
  <testcase name="TestALotOfAdding" classname="LocalCMCTests" time="0.001"/>
  <testcase name="TestALotOfAdding" classname="LocalCMCTests" time="0.001"/>
  <testcase name="TestALotOfAdding" classname="LocalCMCTests" time="0.001"/>
  <testcase name="TestALotOfAdding" classname="LocalCMCTests" time="0.0"/>
  <testcase name="TestALotOfAdding" classname="LocalCMCTests" time="0.001"/>
  <testcase name="TestALotOfAdding" classname="LocalCMCTests" time="0.001"/>
  <testcase name="TestALotOfAdding" classname="LocalCMCTests" time="0.001"/>
  <testcase name="TestALotOfAdding" classname="LocalCMCTests" time="0.0"/>
  <testcase name="TestALotOfAdding" classname="LocalCMCTests" time="0.002"/>
  <testcase name="TestALotOfAdding" classname="LocalCMCTests" time="0.001"/>
  <testcase name="TestALotOfAdding" classname="LocalCMCTests" time="0.0"/>
  <testcase name="TestALotOfAdding" classname="LocalCMCTests" time="0.001"/>
  <testcase name="TestALotOfAdding" classname="LocalCMCTests" time="0.0"/>
  <testcase name="TestALotOfAdding" classname="LocalCMCTests" time="0.0"/>
  <testcase name="TestALotOfAdding" classname="LocalCMCTests" time="0.0"/>
  <testcase name="TestALotOfAdding" classname="LocalCMCTests" time="0.0"/>
  <testcase name="TestALotOfAdding" classname="LocalCMCTests" time="0.0"/>
  <testcase name="TestALotOfAdding" classname="LocalCMCTests" time="0.001"/>
  <testcase name="TestALotOfAdding" classname="LocalCMCTests" time="0.001"/>
  <testcase name="TestALotOfAdding" classname="LocalCMCTests" time="0.0"/>
  <testcase name="TestALotOfAdding" classname="LocalCMCTests" time="0.001"/>
  <testcase name="TestALotOfAdding" classname="LocalCMCTests" time="0.001"/>
  <testcase name="TestALotOfAdding" classname="LocalCMCTests" time="0.001"/>
  <testcase name="TestALotOfAdding" classname="LocalCMCTests" time="0.001"/>
  <testcase name="TestALotOfAdding" classname="LocalCMCTests" time="0.001"/>
  <testcase name="TestALotOfAdding" classname="LocalCMCTests" time="0.0"/>
  <testcase name="TestALotOfAdding" classname="LocalCMCTests" time="0.0"/>
  <testcase name="TestALotOfAdding" classname="LocalCMCTests" time="0.001"/>
  <testcase name="TestALotOfAdding" classname="LocalCMCTests" time="0.001"/>
  <testcase name="TestALotOfAdding" classname="LocalCMCTests" time="0.001"/>
  <testcase name="TestALotOfAdding" classname="LocalCMCTests" time="0.001"/>
  <testcase name="TestALotOfAdding" classname="LocalCMCTests" time="0.003"/>
  <testcase name="TestALotOfAdding" classname="LocalCMCTests" time="0.003"/>
  <testcase name="TestALotOfAdding" classname="LocalCMCTests" time="0.001"/>
  <testcase name="TestALotOfAdding" classname="LocalCMCTests" time="0.0"/>
  <testcase name="TestALotOfAdding" classname="LocalCMCTests" time="0.0"/>
  <testcase name="TestALotOfAdding" classname="LocalCMCTests" time="0.0"/>
  <testcase name="TestALotOfAdding" classname="LocalCMCTests" time="0.0"/>
  <testcase name="TestALotOfAdding" classname="LocalCMCTests" time="0.0"/>
  <testcase name="TestALotOfAdding" classname="LocalCMCTests" time="0.001"/>
  <testcase name="TestALotOfAdding" classname="LocalCMCTests" time="0.001"/>
  <testcase name="TestALotOfAdding" classname="LocalCMCTests" time="0.001"/>
  <testcase name="TestALotOfAdding" classname="LocalCMCTests" time="0.0"/>
  <testcase name="TestALotOfAdding" classname="LocalCMCTests" time="0.002"/>
  <testcase name="TestALotOfAdding" classname="LocalCMCTests" time="0.002"/>
  <testcase name="TestALotOfAdding" classname="LocalCMCTests" time="0.001"/>
  <testcase name="TestALotOfAdding" classname="LocalCMCTests" time="0.001"/>
  <testcase name="TestALotOfAdding" classname="LocalCMCTests" time="0.001"/>
  <testcase name="TestALotOfAdding" classname="LocalCMCTests" time="0.0"/>
  <testcase name="TestALotOfAdding" classname="LocalCMCTests" time="0.0"/>
  <testcase name="TestALotOfAdding" classname="LocalCMCTests" time="0.001"/>
  <testcase name="TestALotOfAdding" classname="LocalCMCTests" time="0.001"/>
  <testcase name="TestALotOfAdding" classname="LocalCMCTests" time="0.001"/>
  <testcase name="TestALotOfAdding" classname="LocalCMCTests" time="0.0"/>
  <testcase name="TestALotOfAdding" classname="LocalCMCTests" time="0.001"/>
  <testcase name="TestALotOfAdding" classname="LocalCMCTests" time="0.002"/>
  <testcase name="TestALotOfAdding" classname="LocalCMCTests" time="0.0"/>
  <testcase name="TestALotOfAdding" classname="LocalCMCTests" time="0.0"/>
  <testcase name="TestALotOfAdding" classname="LocalCMCTests" time="0.002"/>
  <testcase name="TestALotOfAdding" classname="LocalCMCTests" time="0.001"/>
  <testcase name="TestALotOfAdding" classname="LocalCMCTests" time="0.002"/>
  <testcase name="TestALotOfAdding" classname="LocalCMCTests" time="0.0"/>
  <testcase name="TestALotOfAdding" classname="LocalCMCTests" time="0.0"/>
  <testcase name="TestALotOfAdding" classname="LocalCMCTests" time="0.0"/>
  <testcase name="TestALotOfAdding" classname="LocalCMCTests" time="0.001"/>
  <testcase name="TestALotOfAdding" classname="LocalCMCTests" time="0.002"/>
  <testcase name="TestALotOfAdding" classname="LocalCMCTests" time="0.002"/>
  <testcase name="TestALotOfAdding" classname="LocalCMCTests" time="0.0"/>
  <testcase name="TestALotOfAdding" classname="LocalCMCTests" time="0.0"/>
  <testcase name="TestALotOfAdding" classname="LocalCMCTests" time="0.001"/>
  <testcase name="TestALotOfAdding" classname="LocalCMCTests" time="0.0"/>
  <testcase name="TestALotOfAdding" classname="LocalCMCTests" time="0.001"/>
  <testcase name="TestALotOfAdding" classname="LocalCMCTests" time="0.0"/>
  <testcase name="TestALotOfAdding" classname="LocalCMCTests" time="0.002"/>
  <testcase name="TestALotOfAdding" classname="LocalCMCTests" time="0.001"/>
  <testcase name="TestALotOfAdding" classname="LocalCMCTests" time="0.001"/>
  <testcase name="TestALotOfAdding" classname="LocalCMCTests" time="0.001"/>
  <testcase name="TestALotOfAdding" classname="LocalCMCTests" time="0.0"/>
  <testcase name="TestALotOfAdding" classname="LocalCMCTests" time="0.0"/>
  <testcase name="TestALotOfAdding" classname="LocalCMCTests" time="0.001"/>
  <testcase name="TestALotOfAdding" classname="LocalCMCTests" time="0.001"/>
  <testcase name="TestALotOfAdding" classname="LocalCMCTests" time="0.0"/>
  <testcase name="TestALotOfAdding" classname="LocalCMCTests" time="0.001"/>
  <testcase name="TestALotOfAdding" classname="LocalCMCTests" time="0.001"/>
  <testcase name="TestALotOfAdding" classname="LocalCMCTests" time="0.002"/>
  <testcase name="TestALotOfAdding" classname="LocalCMCTests" time="0.0"/>
  <testcase name="TestALotOfAdding" classname="LocalCMCTests" time="0.001"/>
  <testcase name="TestALotOfAdding" classname="LocalCMCTests" time="0.0"/>
  <testcase name="TestALotOfAdding" classname="LocalCMCTests" time="0.001"/>
  <testcase name="TestALotOfAdding" classname="LocalCMCTests" time="0.0"/>
  <testcase name="TestALotOfAdding" classname="LocalCMCTests" time="0.001"/>
  <testcase name="TestALotOfAdding" classname="LocalCMCTests" time="0.0"/>
  <testcase name="TestALotOfAdding" classname="LocalCMCTests" time="0.001"/>
  <testcase name="TestALotOfAdding" classname="LocalCMCTests" time="0.0"/>
  <testcase name="TestALotOfAdding" classname="LocalCMCTests" time="0.0"/>
  <testcase name="TestALotOfAdding" classname="LocalCMCTests" time="0.001"/>
  <testcase name="TestALotOfAdding" classname="LocalCMCTests" time="0.001"/>
  <testcase name="TestALotOfAdding" classname="LocalCMCTests" time="0.001"/>
  <testcase name="TestALotOfAdding" classname="LocalCMCTests" time="0.0"/>
  <testcase name="TestALotOfAdding" classname="LocalCMCTests" time="0.001"/>
  <testcase name="TestALotOfAdding" classname="LocalCMCTests" time="0.001"/>
  <testcase name="TestALotOfAdding" classname="LocalCMCTests" time="0.0"/>
  <testcase name="TestALotOfAdding" classname="LocalCMCTests" time="0.0"/>
  <testcase name="TestALotOfAdding" classname="LocalCMCTests" time="0.0"/>
  <testcase name="TestALotOfAdding" classname="LocalCMCTests" time="0.001"/>
  <testcase name="TestALotOfAdding" classname="LocalCMCTests" time="0.001"/>
  <testcase name="TestALotOfAdding" classname="LocalCMCTests" time="0.001"/>
  <testcase name="TestALotOfAdding" classname="LocalCMCTests" time="0.002"/>
  <testcase name="TestALotOfAdding" classname="LocalCMCTests" time="0.0"/>
  <testcase name="TestALotOfAdding" classname="LocalCMCTests" time="0.001"/>
  <testcase name="TestALotOfAdding" classname="LocalCMCTests" time="0.001"/>
  <testcase name="TestALotOfAdding" classname="LocalCMCTests" time="0.001"/>
  <testcase name="TestALotOfAdding" classname="LocalCMCTests" time="0.0"/>
  <testcase name="TestALotOfAdding" classname="LocalCMCTests" time="0.001"/>
  <testcase name="TestALotOfAdding" classname="LocalCMCTests" time="0.001"/>
  <testcase name="TestALotOfAdding" classname="LocalCMCTests" time="0.001"/>
  <testcase name="TestALotOfAdding" classname="LocalCMCTests" time="0.0"/>
  <testcase name="TestALotOfAdding" classname="LocalCMCTests" time="0.0"/>
  <testcase name="TestALotOfAdding" classname="LocalCMCTests" time="0.001"/>
  <testcase name="TestALotOfAdding" classname="LocalCMCTests" time="0.0"/>
  <testcase name="TestALotOfAdding" classname="LocalCMCTests" time="0.0"/>
  <testcase name="TestALotOfAdding" classname="LocalCMCTests" time="0.001"/>
  <testcase name="TestALotOfAdding" classname="LocalCMCTests" time="0.0"/>
  <testcase name="TestALotOfAdding" classname="LocalCMCTests" time="0.001"/>
  <testcase name="TestALotOfAdding" classname="LocalCMCTests" time="0.0"/>
  <testcase name="TestALotOfAdding" classname="LocalCMCTests" time="0.001"/>
  <testcase name="TestALotOfAdding" classname="LocalCMCTests" time="0.0"/>
  <testcase name="TestALotOfAdding" classname="LocalCMCTests" time="0.0"/>
  <testcase name="TestALotOfAdding" classname="LocalCMCTests" time="0.001"/>
  <testcase name="TestALotOfAdding" classname="LocalCMCTests" time="0.001"/>
  <testcase name="TestALotOfAdding" classname="LocalCMCTests" time="0.001"/>
  <testcase name="TestALotOfAdding" classname="LocalCMCTests" time="0.0"/>
  <testcase name="TestALotOfAdding" classname="LocalCMCTests" time="0.001"/>
  <testcase name="TestALotOfAdding" classname="LocalCMCTests" time="0.001"/>
  <testcase name="TestALotOfAdding" classname="LocalCMCTests" time="0.0"/>
  <testcase name="TestALotOfAdding" classname="LocalCMCTests" time="0.0"/>
  <testcase name="TestALotOfAdding" classname="LocalCMCTests" time="0.0"/>
  <testcase name="TestALotOfAdding" classname="LocalCMCTests" time="0.001"/>
  <testcase name="TestALotOfAdding" classname="LocalCMCTests" time="0.002"/>
  <testcase name="TestALotOfAdding" classname="LocalCMCTests" time="0.0"/>
  <testcase name="TestALotOfAdding" classname="LocalCMCTests" time="0.001"/>
  <testcase name="TestALotOfAdding" classname="LocalCMCTests" time="0.002"/>
  <testcase name="TestALotOfAdding" classname="LocalCMCTests" time="0.0"/>
  <testcase name="TestALotOfAdding" classname="LocalCMCTests" time="0.001"/>
  <testcase name="TestALotOfAdding" classname="LocalCMCTests" time="0.001"/>
  <testcase name="TestALotOfAdding" classname="LocalCMCTests" time="0.0"/>
  <testcase name="TestALotOfAdding" classname="LocalCMCTests" time="0.001"/>
  <testcase name="TestALotOfAdding" classname="LocalCMCTests" time="0.001"/>
  <testcase name="TestALotOfAdding" classname="LocalCMCTests" time="0.0"/>
  <testcase name="TestALotOfAdding" classname="LocalCMCTests" time="0.001"/>
  <testcase name="TestALotOfAdding" classname="LocalCMCTests" time="0.001"/>
  <testcase name="TestALotOfAdding" classname="LocalCMCTests" time="0.001"/>
  <testcase name="TestALotOfAdding" classname="LocalCMCTests" time="0.0"/>
  <testcase name="TestALotOfAdding" classname="LocalCMCTests" time="0.001"/>
  <testcase name="TestALotOfAdding" classname="LocalCMCTests" time="0.0"/>
  <testcase name="TestALotOfAdding" classname="LocalCMCTests" time="0.0"/>
  <testcase name="TestALotOfAdding" classname="LocalCMCTests" time="0.0"/>
  <testcase name="TestALotOfAdding" classname="LocalCMCTests" time="0.001"/>
  <testcase name="TestALotOfAdding" classname="LocalCMCTests" time="0.001"/>
  <testcase name="TestALotOfAdding" classname="LocalCMCTests" time="0.0"/>
  <testcase name="TestALotOfAdding" classname="LocalCMCTests" time="0.001"/>
  <testcase name="TestALotOfAdding" classname="LocalCMCTests" time="0.001"/>
  <testcase name="TestALotOfAdding" classname="LocalCMCTests" time="0.001"/>
  <testcase name="TestALotOfAdding" classname="LocalCMCTests" time="0.001"/>
  <testcase name="TestALotOfAdding" classname="LocalCMCTests" time="0.0"/>
  <testcase name="TestALotOfAdding" classname="LocalCMCTests" time="0.0"/>
  <testcase name="TestALotOfAdding" classname="LocalCMCTests" time="0.0"/>
  <testcase name="TestALotOfAdding" classname="LocalCMCTests" time="0.001"/>
  <testcase name="TestALotOfAdding" classname="LocalCMCTests" time="0.001"/>
  <testcase name="TestALotOfAdding" classname="LocalCMCTests" time="0.001"/>
  <testcase name="TestALotOfAdding" classname="LocalCMCTests" time="0.001"/>
  <testcase name="TestALotOfAdding" classname="LocalCMCTests" time="0.002"/>
  <testcase name="TestALotOfAdding" classname="LocalCMCTests" time="0.0"/>
  <testcase name="TestALotOfAdding" classname="LocalCMCTests" time="0.001"/>
  <testcase name="TestALotOfAdding" classname="LocalCMCTests" time="0.001"/>
  <testcase name="TestALotOfAdding" classname="LocalCMCTests" time="0.001"/>
  <testcase name="TestALotOfAdding" classname="LocalCMCTests" time="0.001"/>
  <testcase name="TestALotOfAdding" classname="LocalCMCTests" time="0.002"/>
  <testcase name="TestALotOfAdding" classname="LocalCMCTests" time="0.0"/>
  <testcase name="TestALotOfAdding" classname="LocalCMCTests" time="0.002"/>
  <testcase name="TestALotOfAdding" classname="LocalCMCTests" time="0.003"/>
  <testcase name="TestALotOfAdding" classname="LocalCMCTests" time="0.002"/>
  <testcase name="TestALotOfAdding" classname="LocalCMCTests" time="0.002"/>
  <testcase name="TestALotOfAdding" classname="LocalCMCTests" time="0.003"/>
  <testcase name="TestALotOfAdding" classname="LocalCMCTests" time="0.0"/>
  <testcase name="TestALotOfAdding" classname="LocalCMCTests" time="0.003"/>
  <testcase name="TestALotOfAdding" classname="LocalCMCTests" time="0.0"/>
  <testcase name="TestALotOfAdding" classname="LocalCMCTests" time="0.0"/>
  <testcase name="TestALotOfAdding" classname="LocalCMCTests" time="0.0"/>
  <testcase name="TestALotOfAdding" classname="LocalCMCTests" time="0.002"/>
  <testcase name="TestALotOfAdding" classname="LocalCMCTests" time="0.0"/>
  <testcase name="TestALotOfAdding" classname="LocalCMCTests" time="0.001"/>
  <testcase name="TestALotOfAdding" classname="LocalCMCTests" time="0.001"/>
  <testcase name="TestALotOfAdding" classname="LocalCMCTests" time="0.001"/>
  <testcase name="TestALotOfAdding" classname="LocalCMCTests" time="0.001"/>
  <testcase name="TestALotOfAdding" classname="LocalCMCTests" time="0.004"/>
  <testcase name="TestALotOfAdding" classname="LocalCMCTests" time="0.0"/>
  <testcase name="TestALotOfAdding" classname="LocalCMCTests" time="0.001"/>
  <testcase name="TestALotOfAdding" classname="LocalCMCTests" time="0.0"/>
  <testcase name="TestALotOfAdding" classname="LocalCMCTests" time="0.001"/>
  <testcase name="TestALotOfAdding" classname="LocalCMCTests" time="0.0"/>
  <testcase name="TestALotOfAdding" classname="LocalCMCTests" time="0.0"/>
  <testcase name="TestALotOfAdding" classname="LocalCMCTests" time="0.0"/>
  <testcase name="TestALotOfAdding" classname="LocalCMCTests" time="0.0"/>
  <testcase name="TestALotOfAdding" classname="LocalCMCTests" time="0.001"/>
  <testcase name="TestALotOfAdding" classname="LocalCMCTests" time="0.001"/>
  <testcase name="TestALotOfAdding" classname="LocalCMCTests" time="0.002"/>
  <testcase name="TestALotOfAdding" classname="LocalCMCTests" time="0.0"/>
  <testcase name="TestALotOfAdding" classname="LocalCMCTests" time="0.001"/>
  <testcase name="TestALotOfAdding" classname="LocalCMCTests" time="0.001"/>
  <testcase name="TestALotOfAdding" classname="LocalCMCTests" time="0.001"/>
  <testcase name="TestALotOfAdding" classname="LocalCMCTests" time="0.001"/>
  <testcase name="TestALotOfAdding" classname="LocalCMCTests" time="0.0"/>
  <testcase name="TestALotOfAdding" classname="LocalCMCTests" time="0.001"/>
  <testcase name="TestALotOfAdding" classname="LocalCMCTests" time="0.0"/>
  <testcase name="TestALotOfAdding" classname="LocalCMCTests" time="0.0"/>
  <testcase name="TestALotOfAdding" classname="LocalCMCTests" time="0.0"/>
  <testcase name="TestALotOfAdding" classname="LocalCMCTests" time="0.001"/>
  <testcase name="TestALotOfAdding" classname="LocalCMCTests" time="0.0"/>
  <testcase name="TestALotOfAdding" classname="LocalCMCTests" time="0.001"/>
  <testcase name="TestALotOfAdding" classname="LocalCMCTests" time="0.001"/>
  <testcase name="TestALotOfAdding" classname="LocalCMCTests" time="0.001"/>
  <testcase name="TestALotOfAdding" classname="LocalCMCTests" time="0.0"/>
  <testcase name="TestALotOfAdding" classname="LocalCMCTests" time="0.001"/>
  <testcase name="TestALotOfAdding" classname="LocalCMCTests" time="0.001"/>
  <testcase name="TestALotOfAdding" classname="LocalCMCTests" time="0.001"/>
  <testcase name="TestALotOfAdding" classname="LocalCMCTests" time="0.001"/>
  <testcase name="TestALotOfAdding" classname="LocalCMCTests" time="0.001"/>
  <testcase name="TestALotOfAdding" classname="LocalCMCTests" time="0.001"/>
  <testcase name="TestALotOfAdding" classname="LocalCMCTests" time="0.001"/>
  <testcase name="TestALotOfAdding" classname="LocalCMCTests" time="0.001"/>
  <testcase name="TestALotOfAdding" classname="LocalCMCTests" time="0.0"/>
  <testcase name="TestALotOfAdding" classname="LocalCMCTests" time="0.0"/>
  <testcase name="TestALotOfAdding" classname="LocalCMCTests" time="0.0"/>
  <testcase name="TestALotOfAdding" classname="LocalCMCTests" time="0.001"/>
  <testcase name="TestALotOfAdding" classname="LocalCMCTests" time="0.001"/>
  <testcase name="TestALotOfAdding" classname="LocalCMCTests" time="0.0"/>
  <testcase name="TestALotOfAdding" classname="LocalCMCTests" time="0.001"/>
  <testcase name="TestALotOfAdding" classname="LocalCMCTests" time="0.001"/>
  <testcase name="TestALotOfAdding" classname="LocalCMCTests" time="0.001"/>
  <testcase name="TestALotOfAdding" classname="LocalCMCTests" time="0.0"/>
  <testcase name="TestALotOfAdding" classname="LocalCMCTests" time="0.001"/>
  <testcase name="TestALotOfAdding" classname="LocalCMCTests" time="0.0"/>
  <testcase name="TestALotOfAdding" classname="LocalCMCTests" time="0.0"/>
  <testcase name="TestALotOfAdding" classname="LocalCMCTests" time="0.0"/>
  <testcase name="TestALotOfAdding" classname="LocalCMCTests" time="0.001"/>
  <testcase name="TestALotOfAdding" classname="LocalCMCTests" time="0.001"/>
  <testcase name="TestALotOfAdding" classname="LocalCMCTests" time="0.001"/>
  <testcase name="TestALotOfAdding" classname="LocalCMCTests" time="0.001"/>
  <testcase name="TestALotOfAdding" classname="LocalCMCTests" time="0.0"/>
  <testcase name="TestALotOfAdding" classname="LocalCMCTests" time="0.001"/>
  <testcase name="TestALotOfAdding" classname="LocalCMCTests" time="0.001"/>
  <testcase name="TestALotOfAdding" classname="LocalCMCTests" time="0.001"/>
  <testcase name="TestALotOfAdding" classname="LocalCMCTests" time="0.001"/>
  <testcase name="TestALotOfAdding" classname="LocalCMCTests" time="0.0"/>
  <testcase name="TestALotOfAdding" classname="LocalCMCTests" time="0.001"/>
  <testcase name="TestALotOfAdding" classname="LocalCMCTests" time="0.0"/>
  <testcase name="TestALotOfAdding" classname="LocalCMCTests" time="0.001"/>
  <testcase name="TestALotOfAdding" classname="LocalCMCTests" time="0.0"/>
  <testcase name="TestALotOfAdding" classname="LocalCMCTests" time="0.0"/>
  <testcase name="TestALotOfAdding" classname="LocalCMCTests" time="0.001"/>
  <testcase name="TestALotOfAdding" classname="LocalCMCTests" time="0.001"/>
  <testcase name="TestALotOfAdding" classname="LocalCMCTests" time="0.002"/>
  <testcase name="TestALotOfAdding" classname="LocalCMCTests" time="0.001"/>
  <testcase name="TestALotOfAdding" classname="LocalCMCTests" time="0.001"/>
  <testcase name="TestALotOfAdding" classname="LocalCMCTests" time="0.001"/>
  <testcase name="TestALotOfAdding" classname="LocalCMCTests" time="0.0"/>
  <testcase name="TestALotOfAdding" classname="LocalCMCTests" time="0.001"/>
  <testcase name="TestALotOfAdding" classname="LocalCMCTests" time="0.0"/>
  <testcase name="TestALotOfAdding" classname="LocalCMCTests" time="0.0"/>
  <testcase name="TestALotOfAdding" classname="LocalCMCTests" time="0.001"/>
  <testcase name="TestALotOfAdding" classname="LocalCMCTests" time="0.0"/>
  <testcase name="TestALotOfAdding" classname="LocalCMCTests" time="0.001"/>
  <testcase name="TestALotOfAdding" classname="LocalCMCTests" time="0.0"/>
  <testcase name="TestALotOfAdding" classname="LocalCMCTests" time="0.001"/>
  <testcase name="TestALotOfAdding" classname="LocalCMCTests" time="0.0"/>
  <testcase name="TestALotOfAdding" classname="LocalCMCTests" time="0.002"/>
  <testcase name="TestALotOfAdding" classname="LocalCMCTests" time="0.001"/>
  <testcase name="TestALotOfAdding" classname="LocalCMCTests" time="0.001"/>
  <testcase name="TestALotOfAdding" classname="LocalCMCTests" time="0.001"/>
  <testcase name="TestALotOfAdding" classname="LocalCMCTests" time="0.001"/>
  <testcase name="TestALotOfAdding" classname="LocalCMCTests" time="0.002"/>
  <testcase name="TestALotOfAdding" classname="LocalCMCTests" time="0.001"/>
  <testcase name="TestALotOfAdding" classname="LocalCMCTests" time="0.001"/>
  <testcase name="TestALotOfAdding" classname="LocalCMCTests" time="0.0"/>
  <testcase name="TestALotOfAdding" classname="LocalCMCTests" time="0.001"/>
  <testcase name="TestALotOfAdding" classname="LocalCMCTests" time="0.001"/>
  <testcase name="TestALotOfAdding" classname="LocalCMCTests" time="0.0"/>
  <testcase name="TestALotOfAdding" classname="LocalCMCTests" time="0.0"/>
  <testcase name="TestALotOfAdding" classname="LocalCMCTests" time="0.0"/>
  <testcase name="TestALotOfAdding" classname="LocalCMCTests" time="0.0"/>
  <testcase name="TestALotOfAdding" classname="LocalCMCTests" time="0.0"/>
  <testcase name="TestALotOfAdding" classname="LocalCMCTests" time="0.0"/>
  <testcase name="TestALotOfAdding" classname="LocalCMCTests" time="0.001"/>
  <testcase name="TestALotOfAdding" classname="LocalCMCTests" time="0.0"/>
  <testcase name="TestALotOfAdding" classname="LocalCMCTests" time="0.001"/>
  <testcase name="TestALotOfAdding" classname="LocalCMCTests" time="0.001"/>
  <testcase name="TestALotOfAdding" classname="LocalCMCTests" time="0.001"/>
  <testcase name="TestALotOfAdding" classname="LocalCMCTests" time="0.001"/>
  <testcase name="TestALotOfAdding" classname="LocalCMCTests" time="0.001"/>
  <testcase name="TestALotOfAdding" classname="LocalCMCTests" time="0.0"/>
  <testcase name="TestALotOfAdding" classname="LocalCMCTests" time="0.001"/>
  <testcase name="TestALotOfAdding" classname="LocalCMCTests" time="0.001"/>
  <testcase name="TestALotOfAdding" classname="LocalCMCTests" time="0.0"/>
  <testcase name="TestALotOfAdding" classname="LocalCMCTests" time="0.0"/>
  <testcase name="TestALotOfAdding" classname="LocalCMCTests" time="0.0"/>
  <testcase name="TestALotOfAdding" classname="LocalCMCTests" time="0.0"/>
  <testcase name="TestALotOfAdding" classname="LocalCMCTests" time="0.001"/>
  <testcase name="TestALotOfAdding" classname="LocalCMCTests" time="0.001"/>
  <testcase name="TestALotOfAdding" classname="LocalCMCTests" time="0.002"/>
  <testcase name="TestALotOfAdding" classname="LocalCMCTests" time="0.001"/>
  <testcase name="TestALotOfAdding" classname="LocalCMCTests" time="0.0"/>
  <testcase name="TestALotOfAdding" classname="LocalCMCTests" time="0.001"/>
  <testcase name="TestALotOfAdding" classname="LocalCMCTests" time="0.0"/>
  <testcase name="TestALotOfAdding" classname="LocalCMCTests" time="0.001"/>
  <testcase name="TestALotOfAdding" classname="LocalCMCTests" time="0.001"/>
  <testcase name="TestALotOfAdding" classname="LocalCMCTests" time="0.002"/>
  <testcase name="TestALotOfAdding" classname="LocalCMCTests" time="0.001"/>
  <testcase name="TestALotOfAdding" classname="LocalCMCTests" time="0.0"/>
  <testcase name="TestALotOfAdding" classname="LocalCMCTests" time="0.001"/>
  <testcase name="TestALotOfAdding" classname="LocalCMCTests" time="0.0"/>
  <testcase name="TestALotOfAdding" classname="LocalCMCTests" time="0.0"/>
  <testcase name="TestALotOfAdding" classname="LocalCMCTests" time="0.0"/>
  <testcase name="TestALotOfAdding" classname="LocalCMCTests" time="0.001"/>
  <testcase name="TestALotOfAdding" classname="LocalCMCTests" time="0.001"/>
  <testcase name="TestALotOfAdding" classname="LocalCMCTests" time="0.0"/>
  <testcase name="TestALotOfAdding" classname="LocalCMCTests" time="0.001"/>
  <testcase name="TestALotOfAdding" classname="LocalCMCTests" time="0.0"/>
  <testcase name="TestALotOfAdding" classname="LocalCMCTests" time="0.001"/>
  <testcase name="TestALotOfAdding" classname="LocalCMCTests" time="0.0"/>
  <testcase name="TestALotOfAdding" classname="LocalCMCTests" time="0.0"/>
  <testcase name="TestALotOfAdding" classname="LocalCMCTests" time="0.0"/>
  <testcase name="TestALotOfAdding" classname="LocalCMCTests" time="0.001"/>
  <testcase name="TestALotOfAdding" classname="LocalCMCTests" time="0.001"/>
  <testcase name="TestALotOfAdding" classname="LocalCMCTests" time="0.001"/>
  <testcase name="TestALotOfAdding" classname="LocalCMCTests" time="0.0"/>
  <testcase name="TestALotOfAdding" classname="LocalCMCTests" time="0.001"/>
  <testcase name="TestALotOfAdding" classname="LocalCMCTests" time="0.001"/>
  <testcase name="TestALotOfAdding" classname="LocalCMCTests" time="0.0"/>
  <testcase name="TestALotOfAdding" classname="LocalCMCTests" time="0.001"/>
  <testcase name="TestALotOfAdding" classname="LocalCMCTests" time="0.001"/>
  <testcase name="TestALotOfAdding" classname="LocalCMCTests" time="0.001"/>
  <testcase name="TestALotOfAdding" classname="LocalCMCTests" time="0.001"/>
  <testcase name="TestALotOfAdding" classname="LocalCMCTests" time="0.001"/>
  <testcase name="TestALotOfAdding" classname="LocalCMCTests" time="0.0"/>
  <testcase name="TestALotOfAdding" classname="LocalCMCTests" time="0.0"/>
  <testcase name="TestALotOfAdding" classname="LocalCMCTests" time="0.0"/>
  <testcase name="TestALotOfAdding" classname="LocalCMCTests" time="0.001"/>
  <testcase name="TestALotOfAdding" classname="LocalCMCTests" time="0.001"/>
  <testcase name="TestALotOfAdding" classname="LocalCMCTests" time="0.0"/>
  <testcase name="TestALotOfAdding" classname="LocalCMCTests" time="0.001"/>
  <testcase name="TestALotOfAdding" classname="LocalCMCTests" time="0.0"/>
  <testcase name="TestALotOfAdding" classname="LocalCMCTests" time="0.0"/>
  <testcase name="TestALotOfAdding" classname="LocalCMCTests" time="0.001"/>
  <testcase name="TestALotOfAdding" classname="LocalCMCTests" time="0.0"/>
  <testcase name="TestALotOfAdding" classname="LocalCMCTests" time="0.0"/>
  <testcase name="TestALotOfAdding" classname="LocalCMCTests" time="0.001"/>
  <testcase name="TestALotOfAdding" classname="LocalCMCTests" time="0.001"/>
  <testcase name="TestALotOfAdding" classname="LocalCMCTests" time="0.001"/>
  <testcase name="TestALotOfAdding" classname="LocalCMCTests" time="0.001"/>
  <testcase name="TestALotOfAdding" classname="LocalCMCTests" time="0.001"/>
  <testcase name="TestALotOfAdding" classname="LocalCMCTests" time="0.001"/>
  <testcase name="TestALotOfAdding" classname="LocalCMCTests" time="0.001"/>
  <testcase name="TestALotOfAdding" classname="LocalCMCTests" time="0.0"/>
  <testcase name="TestALotOfAdding" classname="LocalCMCTests" time="0.0"/>
  <testcase name="TestALotOfAdding" classname="LocalCMCTests" time="0.0"/>
  <testcase name="TestALotOfAdding" classname="LocalCMCTests" time="0.001"/>
  <testcase name="TestALotOfAdding" classname="LocalCMCTests" time="0.002"/>
  <testcase name="TestALotOfAdding" classname="LocalCMCTests" time="0.001"/>
  <testcase name="TestALotOfAdding" classname="LocalCMCTests" time="0.0"/>
  <testcase name="TestALotOfAdding" classname="LocalCMCTests" time="0.0"/>
  <testcase name="TestALotOfAdding" classname="LocalCMCTests" time="0.0"/>
  <testcase name="TestALotOfAdding" classname="LocalCMCTests" time="0.0"/>
  <testcase name="TestALotOfAdding" classname="LocalCMCTests" time="0.001"/>
  <testcase name="TestALotOfAdding" classname="LocalCMCTests" time="0.001"/>
  <testcase name="TestALotOfAdding" classname="LocalCMCTests" time="0.001"/>
  <testcase name="TestALotOfAdding" classname="LocalCMCTests" time="0.001"/>
  <testcase name="TestALotOfAdding" classname="LocalCMCTests" time="0.001"/>
  <testcase name="TestALotOfAdding" classname="LocalCMCTests" time="0.001"/>
  <testcase name="TestALotOfAdding" classname="LocalCMCTests" time="0.001"/>
  <testcase name="TestALotOfAdding" classname="LocalCMCTests" time="0.001"/>
  <testcase name="TestALotOfAdding" classname="LocalCMCTests" time="0.001"/>
  <testcase name="TestALotOfAdding" classname="LocalCMCTests" time="0.0"/>
  <testcase name="TestALotOfAdding" classname="LocalCMCTests" time="0.001"/>
  <testcase name="TestALotOfAdding" classname="LocalCMCTests" time="0.0"/>
  <testcase name="TestALotOfAdding" classname="LocalCMCTests" time="0.0"/>
  <testcase name="TestALotOfAdding" classname="LocalCMCTests" time="0.0"/>
  <testcase name="TestALotOfAdding" classname="LocalCMCTests" time="0.001"/>
  <testcase name="TestALotOfAdding" classname="LocalCMCTests" time="0.001"/>
  <testcase name="TestALotOfAdding" classname="LocalCMCTests" time="0.001"/>
  <testcase name="TestALotOfAdding" classname="LocalCMCTests" time="0.0"/>
  <testcase name="TestALotOfAdding" classname="LocalCMCTests" time="0.001"/>
  <testcase name="TestALotOfAdding" classname="LocalCMCTests" time="0.001"/>
  <testcase name="TestALotOfAdding" classname="LocalCMCTests" time="0.001"/>
  <testcase name="TestALotOfAdding" classname="LocalCMCTests" time="0.001"/>
  <testcase name="TestALotOfAdding" classname="LocalCMCTests" time="0.0"/>
  <testcase name="TestALotOfAdding" classname="LocalCMCTests" time="0.0"/>
  <testcase name="TestALotOfAdding" classname="LocalCMCTests" time="0.001"/>
  <testcase name="TestALotOfAdding" classname="LocalCMCTests" time="0.0"/>
  <testcase name="TestALotOfAdding" classname="LocalCMCTests" time="0.001"/>
  <testcase name="TestALotOfAdding" classname="LocalCMCTests" time="0.0"/>
  <testcase name="TestALotOfAdding" classname="LocalCMCTests" time="0.0"/>
  <testcase name="TestALotOfAdding" classname="LocalCMCTests" time="0.001"/>
  <testcase name="TestALotOfAdding" classname="LocalCMCTests" time="0.001"/>
  <testcase name="TestALotOfAdding" classname="LocalCMCTests" time="0.001"/>
  <testcase name="TestALotOfAdding" classname="LocalCMCTests" time="0.001"/>
  <testcase name="TestALotOfAdding" classname="LocalCMCTests" time="0.0"/>
  <testcase name="TestALotOfAdding" classname="LocalCMCTests" time="0.001"/>
  <testcase name="TestALotOfAdding" classname="LocalCMCTests" time="0.001"/>
  <testcase name="TestALotOfAdding" classname="LocalCMCTests" time="0.002"/>
  <testcase name="TestALotOfAdding" classname="LocalCMCTests" time="0.0"/>
  <testcase name="TestALotOfAdding" classname="LocalCMCTests" time="0.001"/>
  <testcase name="TestALotOfAdding" classname="LocalCMCTests" time="0.001"/>
  <testcase name="TestALotOfAdding" classname="LocalCMCTests" time="0.0"/>
  <testcase name="TestALotOfAdding" classname="LocalCMCTests" time="0.0"/>
  <testcase name="TestALotOfAdding" classname="LocalCMCTests" time="0.0"/>
  <testcase name="TestALotOfAdding" classname="LocalCMCTests" time="0.0"/>
  <testcase name="TestALotOfAdding" classname="LocalCMCTests" time="0.0"/>
  <testcase name="TestALotOfAdding" classname="LocalCMCTests" time="0.0"/>
  <testcase name="TestALotOfAdding" classname="LocalCMCTests" time="0.002"/>
  <testcase name="TestALotOfAdding" classname="LocalCMCTests" time="0.001"/>
  <testcase name="TestALotOfAdding" classname="LocalCMCTests" time="0.001"/>
  <testcase name="TestALotOfAdding" classname="LocalCMCTests" time="0.001"/>
  <testcase name="TestALotOfAdding" classname="LocalCMCTests" time="0.001"/>
  <testcase name="TestALotOfAdding" classname="LocalCMCTests" time="0.0"/>
  <testcase name="TestALotOfAdding" classname="LocalCMCTests" time="0.001"/>
  <testcase name="TestALotOfAdding" classname="LocalCMCTests" time="0.001"/>
  <testcase name="TestALotOfAdding" classname="LocalCMCTests" time="0.001"/>
  <testcase name="TestALotOfAdding" classname="LocalCMCTests" time="0.0"/>
  <testcase name="TestALotOfAdding" classname="LocalCMCTests" time="0.001"/>
  <testcase name="TestALotOfAdding" classname="LocalCMCTests" time="0.0"/>
  <testcase name="TestALotOfAdding" classname="LocalCMCTests" time="0.0"/>
  <testcase name="TestALotOfAdding" classname="LocalCMCTests" time="0.0"/>
  <testcase name="TestALotOfAdding" classname="LocalCMCTests" time="0.001"/>
  <testcase name="TestALotOfAdding" classname="LocalCMCTests" time="0.001"/>
  <testcase name="TestALotOfAdding" classname="LocalCMCTests" time="0.001"/>
  <testcase name="TestALotOfAdding" classname="LocalCMCTests" time="0.001"/>
  <testcase name="TestALotOfAdding" classname="LocalCMCTests" time="0.001"/>
  <testcase name="TestALotOfAdding" classname="LocalCMCTests" time="0.001"/>
  <testcase name="TestALotOfAdding" classname="LocalCMCTests" time="0.001"/>
  <testcase name="TestALotOfAdding" classname="LocalCMCTests" time="0.0"/>
  <testcase name="TestALotOfAdding" classname="LocalCMCTests" time="0.002"/>
  <testcase name="TestALotOfAdding" classname="LocalCMCTests" time="0.0"/>
  <testcase name="TestALotOfAdding" classname="LocalCMCTests" time="0.0"/>
  <testcase name="TestALotOfAdding" classname="LocalCMCTests" time="0.0"/>
  <testcase name="TestALotOfAdding" classname="LocalCMCTests" time="0.0"/>
  <testcase name="TestALotOfAdding" classname="LocalCMCTests" time="0.0"/>
  <testcase name="TestALotOfAdding" classname="LocalCMCTests" time="0.0"/>
  <testcase name="TestALotOfAdding" classname="LocalCMCTests" time="0.001"/>
  <testcase name="TestALotOfAdding" classname="LocalCMCTests" time="0.0"/>
  <testcase name="TestALotOfAdding" classname="LocalCMCTests" time="0.0"/>
  <testcase name="TestALotOfAdding" classname="LocalCMCTests" time="0.001"/>
  <testcase name="TestALotOfAdding" classname="LocalCMCTests" time="0.001"/>
  <testcase name="TestALotOfAdding" classname="LocalCMCTests" time="0.001"/>
  <testcase name="TestALotOfAdding" classname="LocalCMCTests" time="0.001"/>
  <testcase name="TestALotOfAdding" classname="LocalCMCTests" time="0.001"/>
  <testcase name="TestALotOfAdding" classname="LocalCMCTests" time="0.0"/>
  <testcase name="TestALotOfAdding" classname="LocalCMCTests" time="0.001"/>
  <testcase name="TestALotOfAdding" classname="LocalCMCTests" time="0.001"/>
  <testcase name="TestALotOfAdding" classname="LocalCMCTests" time="0.0"/>
  <testcase name="TestALotOfAdding" classname="LocalCMCTests" time="0.0"/>
  <testcase name="TestALotOfAdding" classname="LocalCMCTests" time="0.001"/>
  <testcase name="TestALotOfAdding" classname="LocalCMCTests" time="0.0"/>
  <testcase name="TestALotOfAdding" classname="LocalCMCTests" time="0.001"/>
  <testcase name="TestALotOfAdding" classname="LocalCMCTests" time="0.001"/>
  <testcase name="TestALotOfAdding" classname="LocalCMCTests" time="0.0"/>
  <testcase name="TestALotOfAdding" classname="LocalCMCTests" time="0.0"/>
  <testcase name="TestALotOfAdding" classname="LocalCMCTests" time="0.001"/>
  <testcase name="TestALotOfAdding" classname="LocalCMCTests" time="0.001"/>
  <testcase name="TestALotOfAdding" classname="LocalCMCTests" time="0.002"/>
  <testcase name="TestALotOfAdding" classname="LocalCMCTests" time="0.001"/>
  <testcase name="TestALotOfAdding" classname="LocalCMCTests" time="0.0"/>
  <testcase name="TestALotOfAdding" classname="LocalCMCTests" time="0.001"/>
  <testcase name="TestALotOfAdding" classname="LocalCMCTests" time="0.001"/>
  <testcase name="TestALotOfAdding" classname="LocalCMCTests" time="0.0"/>
  <testcase name="TestALotOfAdding" classname="LocalCMCTests" time="0.001"/>
  <testcase name="TestALotOfAdding" classname="LocalCMCTests" time="0.001"/>
  <testcase name="TestALotOfAdding" classname="LocalCMCTests" time="0.001"/>
  <testcase name="TestALotOfAdding" classname="LocalCMCTests" time="0.001"/>
  <testcase name="TestALotOfAdding" classname="LocalCMCTests" time="0.0"/>
  <testcase name="TestALotOfAdding" classname="LocalCMCTests" time="0.0"/>
  <testcase name="TestALotOfAdding" classname="LocalCMCTests" time="0.0"/>
  <testcase name="TestALotOfAdding" classname="LocalCMCTests" time="0.0"/>
  <testcase name="TestALotOfAdding" classname="LocalCMCTests" time="0.0"/>
  <testcase name="TestALotOfAdding" classname="LocalCMCTests" time="0.0"/>
  <testcase name="TestALotOfAdding" classname="LocalCMCTests" time="0.001"/>
  <testcase name="TestALotOfAdding" classname="LocalCMCTests" time="0.001"/>
  <testcase name="TestALotOfAdding" classname="LocalCMCTests" time="0.001"/>
  <testcase name="TestALotOfAdding" classname="LocalCMCTests" time="0.0"/>
  <testcase name="TestALotOfAdding" classname="LocalCMCTests" time="0.001"/>
  <testcase name="TestALotOfAdding" classname="LocalCMCTests" time="0.001"/>
  <testcase name="TestALotOfAdding" classname="LocalCMCTests" time="0.001"/>
  <testcase name="TestALotOfAdding" classname="LocalCMCTests" time="0.001"/>
  <testcase name="TestALotOfAdding" classname="LocalCMCTests" time="0.001"/>
  <testcase name="TestALotOfAdding" classname="LocalCMCTests" time="0.001"/>
  <testcase name="TestALotOfAdding" classname="LocalCMCTests" time="0.0"/>
  <testcase name="TestALotOfAdding" classname="LocalCMCTests" time="0.0"/>
  <testcase name="TestALotOfAdding" classname="LocalCMCTests" time="0.001"/>
  <testcase name="TestALotOfAdding" classname="LocalCMCTests" time="0.0"/>
  <testcase name="TestALotOfAdding" classname="LocalCMCTests" time="0.0"/>
  <testcase name="TestALotOfAdding" classname="LocalCMCTests" time="0.0"/>
  <testcase name="TestALotOfAdding" classname="LocalCMCTests" time="0.001"/>
  <testcase name="TestALotOfAdding" classname="LocalCMCTests" time="0.001"/>
  <testcase name="TestALotOfAdding" classname="LocalCMCTests" time="0.001"/>
  <testcase name="TestALotOfAdding" classname="LocalCMCTests" time="0.0"/>
  <testcase name="TestALotOfAdding" classname="LocalCMCTests" time="0.001"/>
  <testcase name="TestALotOfAdding" classname="LocalCMCTests" time="0.001"/>
  <testcase name="TestALotOfAdding" classname="LocalCMCTests" time="0.001"/>
  <testcase name="TestALotOfAdding" classname="LocalCMCTests" time="0.0"/>
  <testcase name="TestALotOfAdding" classname="LocalCMCTests" time="0.0"/>
  <testcase name="TestALotOfAdding" classname="LocalCMCTests" time="0.001"/>
  <testcase name="TestALotOfAdding" classname="LocalCMCTests" time="0.0"/>
  <testcase name="TestALotOfAdding" classname="LocalCMCTests" time="0.001"/>
  <testcase name="TestALotOfAdding" classname="LocalCMCTests" time="0.0"/>
  <testcase name="TestALotOfAdding" classname="LocalCMCTests" time="0.001"/>
  <testcase name="TestALotOfAdding" classname="LocalCMCTests" time="0.001"/>
  <testcase name="TestALotOfAdding" classname="LocalCMCTests" time="0.0"/>
  <testcase name="TestALotOfAdding" classname="LocalCMCTests" time="0.0"/>
  <testcase name="TestALotOfAdding" classname="LocalCMCTests" time="0.001"/>
  <testcase name="TestALotOfAdding" classname="LocalCMCTests" time="0.001"/>
  <testcase name="TestALotOfAdding" classname="LocalCMCTests" time="0.001"/>
  <testcase name="TestALotOfAdding" classname="LocalCMCTests" time="0.001"/>
  <testcase name="TestALotOfAdding" classname="LocalCMCTests" time="0.001"/>
  <testcase name="TestALotOfAdding" classname="LocalCMCTests" time="0.0"/>
  <testcase name="TestALotOfAdding" classname="LocalCMCTests" time="0.0"/>
  <testcase name="TestALotOfAdding" classname="LocalCMCTests" time="0.0"/>
  <testcase name="TestALotOfAdding" classname="LocalCMCTests" time="0.0"/>
  <testcase name="TestALotOfAdding" classname="LocalCMCTests" time="0.001"/>
  <testcase name="TestALotOfAdding" classname="LocalCMCTests" time="0.0"/>
  <testcase name="TestALotOfAdding" classname="LocalCMCTests" time="0.001"/>
  <testcase name="TestALotOfAdding" classname="LocalCMCTests" time="0.001"/>
  <testcase name="TestALotOfAdding" classname="LocalCMCTests" time="0.0"/>
  <testcase name="TestALotOfAdding" classname="LocalCMCTests" time="0.001"/>
  <testcase name="TestALotOfAdding" classname="LocalCMCTests" time="0.001"/>
  <testcase name="TestALotOfAdding" classname="LocalCMCTests" time="0.002"/>
  <testcase name="TestALotOfAdding" classname="LocalCMCTests" time="0.001"/>
  <testcase name="TestALotOfAdding" classname="LocalCMCTests" time="0.002"/>
  <testcase name="TestALotOfAdding" classname="LocalCMCTests" time="0.001"/>
  <testcase name="TestALotOfAdding" classname="LocalCMCTests" time="0.001"/>
  <testcase name="TestALotOfAdding" classname="LocalCMCTests" time="0.0"/>
  <testcase name="TestALotOfAdding" classname="LocalCMCTests" time="0.0"/>
  <testcase name="TestALotOfAdding" classname="LocalCMCTests" time="0.0"/>
  <testcase name="TestALotOfAdding" classname="LocalCMCTests" time="0.0"/>
  <testcase name="TestALotOfAdding" classname="LocalCMCTests" time="0.001"/>
  <testcase name="TestALotOfAdding" classname="LocalCMCTests" time="0.001"/>
  <testcase name="TestALotOfAdding" classname="LocalCMCTests" time="0.0"/>
  <testcase name="TestALotOfAdding" classname="LocalCMCTests" time="0.001"/>
  <testcase name="TestALotOfAdding" classname="LocalCMCTests" time="0.0"/>
  <testcase name="TestALotOfAdding" classname="LocalCMCTests" time="0.0"/>
  <testcase name="TestALotOfAdding" classname="LocalCMCTests" time="0.0"/>
  <testcase name="TestALotOfAdding" classname="LocalCMCTests" time="0.001"/>
  <testcase name="TestALotOfAdding" classname="LocalCMCTests" time="0.001"/>
  <testcase name="TestALotOfAdding" classname="LocalCMCTests" time="0.001"/>
  <testcase name="TestALotOfAdding" classname="LocalCMCTests" time="0.001"/>
  <testcase name="TestALotOfAdding" classname="LocalCMCTests" time="0.0"/>
  <testcase name="TestALotOfAdding" classname="LocalCMCTests" time="0.0"/>
  <testcase name="TestALotOfAdding" classname="LocalCMCTests" time="0.0"/>
  <testcase name="TestALotOfAdding" classname="LocalCMCTests" time="0.0"/>
  <testcase name="TestALotOfAdding" classname="LocalCMCTests" time="0.0"/>
  <testcase name="TestALotOfAdding" classname="LocalCMCTests" time="0.001"/>
  <testcase name="TestALotOfAdding" classname="LocalCMCTests" time="0.001"/>
  <testcase name="TestALotOfAdding" classname="LocalCMCTests" time="0.001"/>
  <testcase name="TestALotOfAdding" classname="LocalCMCTests" time="0.001"/>
  <testcase name="TestALotOfAdding" classname="LocalCMCTests" time="0.0"/>
  <testcase name="TestALotOfAdding" classname="LocalCMCTests" time="0.001"/>
  <testcase name="TestALotOfAdding" classname="LocalCMCTests" time="0.001"/>
  <testcase name="TestALotOfAdding" classname="LocalCMCTests" time="0.001"/>
  <testcase name="TestALotOfAdding" classname="LocalCMCTests" time="0.001"/>
  <testcase name="TestALotOfAdding" classname="LocalCMCTests" time="0.001"/>
  <testcase name="TestALotOfAdding" classname="LocalCMCTests" time="0.001"/>
  <testcase name="TestALotOfAdding" classname="LocalCMCTests" time="0.0"/>
  <testcase name="TestALotOfAdding" classname="LocalCMCTests" time="0.001"/>
  <testcase name="TestALotOfAdding" classname="LocalCMCTests" time="0.0"/>
  <testcase name="TestALotOfAdding" classname="LocalCMCTests" time="0.001"/>
  <testcase name="TestALotOfAdding" classname="LocalCMCTests" time="0.001"/>
  <testcase name="TestALotOfAdding" classname="LocalCMCTests" time="0.0"/>
  <testcase name="TestALotOfAdding" classname="LocalCMCTests" time="0.0"/>
  <testcase name="TestALotOfAdding" classname="LocalCMCTests" time="0.0"/>
  <testcase name="TestALotOfAdding" classname="LocalCMCTests" time="0.0"/>
  <testcase name="TestALotOfAdding" classname="LocalCMCTests" time="0.001"/>
  <testcase name="TestALotOfAdding" classname="LocalCMCTests" time="0.003"/>
  <testcase name="TestALotOfAdding" classname="LocalCMCTests" time="0.001"/>
  <testcase name="TestALotOfAdding" classname="LocalCMCTests" time="0.0"/>
  <testcase name="TestALotOfAdding" classname="LocalCMCTests" time="0.0"/>
  <testcase name="TestALotOfAdding" classname="LocalCMCTests" time="0.002"/>
  <testcase name="TestALotOfAdding" classname="LocalCMCTests" time="0.0"/>
  <testcase name="TestALotOfAdding" classname="LocalCMCTests" time="0.001"/>
  <testcase name="TestALotOfAdding" classname="LocalCMCTests" time="0.001"/>
  <testcase name="TestALotOfAdding" classname="LocalCMCTests" time="0.001"/>
  <testcase name="TestALotOfAdding" classname="LocalCMCTests" time="0.001"/>
  <testcase name="TestALotOfAdding" classname="LocalCMCTests" time="0.001"/>
  <testcase name="TestALotOfAdding" classname="LocalCMCTests" time="0.001"/>
  <testcase name="TestALotOfAdding" classname="LocalCMCTests" time="0.0"/>
  <testcase name="TestALotOfAdding" classname="LocalCMCTests" time="0.0"/>
  <testcase name="TestALotOfAdding" classname="LocalCMCTests" time="0.001"/>
  <testcase name="TestALotOfAdding" classname="LocalCMCTests" time="0.0"/>
  <testcase name="TestALotOfAdding" classname="LocalCMCTests" time="0.001"/>
  <testcase name="TestALotOfAdding" classname="LocalCMCTests" time="0.001"/>
  <testcase name="TestALotOfAdding" classname="LocalCMCTests" time="0.001"/>
  <testcase name="TestALotOfAdding" classname="LocalCMCTests" time="0.001"/>
  <testcase name="TestALotOfAdding" classname="LocalCMCTests" time="0.0"/>
  <testcase name="TestALotOfAdding" classname="LocalCMCTests" time="0.0"/>
  <testcase name="TestALotOfAdding" classname="LocalCMCTests" time="0.0"/>
  <testcase name="TestALotOfAdding" classname="LocalCMCTests" time="0.001"/>
  <testcase name="TestALotOfAdding" classname="LocalCMCTests" time="0.001"/>
  <testcase name="TestALotOfAdding" classname="LocalCMCTests" time="0.0"/>
  <testcase name="TestALotOfAdding" classname="LocalCMCTests" time="0.0"/>
  <testcase name="TestALotOfAdding" classname="LocalCMCTests" time="0.0"/>
  <testcase name="TestALotOfAdding" classname="LocalCMCTests" time="0.001"/>
  <testcase name="TestALotOfAdding" classname="LocalCMCTests" time="0.001"/>
  <testcase name="TestALotOfAdding" classname="LocalCMCTests" time="0.001"/>
  <testcase name="TestALotOfAdding" classname="LocalCMCTests" time="0.001"/>
  <testcase name="TestALotOfAdding" classname="LocalCMCTests" time="0.002"/>
  <testcase name="TestALotOfAdding" classname="LocalCMCTests" time="0.0"/>
  <testcase name="TestALotOfAdding" classname="LocalCMCTests" time="0.0"/>
  <testcase name="TestALotOfAdding" classname="LocalCMCTests" time="0.001"/>
  <testcase name="TestALotOfAdding" classname="LocalCMCTests" time="0.002"/>
  <testcase name="TestALotOfAdding" classname="LocalCMCTests" time="0.0"/>
  <testcase name="TestALotOfAdding" classname="LocalCMCTests" time="0.002"/>
  <testcase name="TestALotOfAdding" classname="LocalCMCTests" time="0.001"/>
  <testcase name="TestALotOfAdding" classname="LocalCMCTests" time="0.0"/>
  <testcase name="TestALotOfAdding" classname="LocalCMCTests" time="0.0"/>
  <testcase name="TestALotOfAdding" classname="LocalCMCTests" time="0.0"/>
  <testcase name="TestALotOfAdding" classname="LocalCMCTests" time="0.0"/>
  <testcase name="TestALotOfAdding" classname="LocalCMCTests" time="0.0"/>
  <testcase name="TestALotOfAdding" classname="LocalCMCTests" time="0.0"/>
  <testcase name="TestALotOfAdding" classname="LocalCMCTests" time="0.0"/>
  <testcase name="TestALotOfAdding" classname="LocalCMCTests" time="0.001"/>
  <testcase name="TestALotOfAdding" classname="LocalCMCTests" time="0.001"/>
  <testcase name="TestALotOfAdding" classname="LocalCMCTests" time="0.001"/>
  <testcase name="TestALotOfAdding" classname="LocalCMCTests" time="0.001"/>
  <testcase name="TestALotOfAdding" classname="LocalCMCTests" time="0.001"/>
  <testcase name="TestALotOfAdding" classname="LocalCMCTests" time="0.001"/>
  <testcase name="TestALotOfAdding" classname="LocalCMCTests" time="0.001"/>
  <testcase name="TestALotOfAdding" classname="LocalCMCTests" time="0.0"/>
  <testcase name="TestALotOfAdding" classname="LocalCMCTests" time="0.001"/>
  <testcase name="TestALotOfAdding" classname="LocalCMCTests" time="0.0"/>
  <testcase name="TestALotOfAdding" classname="LocalCMCTests" time="0.0"/>
  <testcase name="TestALotOfAdding" classname="LocalCMCTests" time="0.0"/>
  <testcase name="TestALotOfAdding" classname="LocalCMCTests" time="0.0"/>
  <testcase name="TestALotOfAdding" classname="LocalCMCTests" time="0.001"/>
  <testcase name="TestALotOfAdding" classname="LocalCMCTests" time="0.001"/>
  <testcase name="TestALotOfAdding" classname="LocalCMCTests" time="0.001"/>
  <testcase name="TestALotOfAdding" classname="LocalCMCTests" time="0.0"/>
  <testcase name="TestALotOfAdding" classname="LocalCMCTests" time="0.0"/>
  <testcase name="TestALotOfAdding" classname="LocalCMCTests" time="0.0"/>
  <testcase name="TestALotOfAdding" classname="LocalCMCTests" time="0.001"/>
  <testcase name="TestALotOfAdding" classname="LocalCMCTests" time="0.001"/>
  <testcase name="TestALotOfAdding" classname="LocalCMCTests" time="0.002"/>
  <testcase name="TestALotOfAdding" classname="LocalCMCTests" time="0.001"/>
  <testcase name="TestALotOfAdding" classname="LocalCMCTests" time="0.001"/>
  <testcase name="TestALotOfAdding" classname="LocalCMCTests" time="0.003"/>
  <testcase name="TestALotOfAdding" classname="LocalCMCTests" time="0.0"/>
  <testcase name="TestALotOfAdding" classname="LocalCMCTests" time="0.0"/>
  <testcase name="TestALotOfAdding" classname="LocalCMCTests" time="0.0"/>
  <testcase name="TestALotOfAdding" classname="LocalCMCTests" time="0.0"/>
  <testcase name="TestALotOfAdding" classname="LocalCMCTests" time="0.001"/>
  <testcase name="TestALotOfAdding" classname="LocalCMCTests" time="0.002"/>
  <testcase name="TestALotOfAdding" classname="LocalCMCTests" time="0.001"/>
  <testcase name="TestALotOfAdding" classname="LocalCMCTests" time="0.001"/>
  <testcase name="TestALotOfAdding" classname="LocalCMCTests" time="0.001"/>
  <testcase name="TestALotOfAdding" classname="LocalCMCTests" time="0.001"/>
  <testcase name="TestALotOfAdding" classname="LocalCMCTests" time="0.001"/>
  <testcase name="TestALotOfAdding" classname="LocalCMCTests" time="0.0"/>
  <testcase name="TestALotOfAdding" classname="LocalCMCTests" time="0.001"/>
  <testcase name="TestALotOfAdding" classname="LocalCMCTests" time="0.0"/>
  <testcase name="TestALotOfAdding" classname="LocalCMCTests" time="0.001"/>
  <testcase name="TestALotOfAdding" classname="LocalCMCTests" time="0.0"/>
  <testcase name="TestALotOfAdding" classname="LocalCMCTests" time="0.001"/>
  <testcase name="TestALotOfAdding" classname="LocalCMCTests" time="0.001"/>
  <testcase name="TestALotOfAdding" classname="LocalCMCTests" time="0.001"/>
  <testcase name="TestALotOfAdding" classname="LocalCMCTests" time="0.0"/>
  <testcase name="TestALotOfAdding" classname="LocalCMCTests" time="0.0"/>
  <testcase name="TestALotOfAdding" classname="LocalCMCTests" time="0.001"/>
  <testcase name="TestALotOfAdding" classname="LocalCMCTests" time="0.0"/>
  <testcase name="TestALotOfAdding" classname="LocalCMCTests" time="0.0"/>
  <testcase name="TestALotOfAdding" classname="LocalCMCTests" time="0.001"/>
  <testcase name="TestALotOfAdding" classname="LocalCMCTests" time="0.001"/>
  <testcase name="TestALotOfAdding" classname="LocalCMCTests" time="0.001"/>
  <testcase name="TestALotOfAdding" classname="LocalCMCTests" time="0.001"/>
  <testcase name="TestALotOfAdding" classname="LocalCMCTests" time="0.0"/>
  <testcase name="TestALotOfAdding" classname="LocalCMCTests" time="0.0"/>
  <testcase name="TestALotOfAdding" classname="LocalCMCTests" time="0.001"/>
  <testcase name="TestALotOfAdding" classname="LocalCMCTests" time="0.002"/>
  <testcase name="TestALotOfAdding" classname="LocalCMCTests" time="0.001"/>
  <testcase name="TestALotOfAdding" classname="LocalCMCTests" time="0.0"/>
  <testcase name="TestALotOfAdding" classname="LocalCMCTests" time="0.001"/>
  <testcase name="TestALotOfAdding" classname="LocalCMCTests" time="0.001"/>
  <testcase name="TestALotOfAdding" classname="LocalCMCTests" time="0.0"/>
  <testcase name="TestALotOfAdding" classname="LocalCMCTests" time="0.001"/>
  <testcase name="TestALotOfAdding" classname="LocalCMCTests" time="0.0"/>
  <testcase name="TestALotOfAdding" classname="LocalCMCTests" time="0.0"/>
  <testcase name="TestALotOfAdding" classname="LocalCMCTests" time="0.0"/>
  <testcase name="TestALotOfAdding" classname="LocalCMCTests" time="0.001"/>
  <testcase name="TestALotOfAdding" classname="LocalCMCTests" time="0.0"/>
  <testcase name="TestALotOfAdding" classname="LocalCMCTests" time="0.001"/>
  <testcase name="TestALotOfAdding" classname="LocalCMCTests" time="0.003"/>
  <testcase name="TestALotOfAdding" classname="LocalCMCTests" time="0.0"/>
  <testcase name="TestALotOfAdding" classname="LocalCMCTests" time="0.0"/>
  <testcase name="TestALotOfAdding" classname="LocalCMCTests" time="0.001"/>
  <testcase name="TestALotOfAdding" classname="LocalCMCTests" time="0.001"/>
  <testcase name="TestALotOfAdding" classname="LocalCMCTests" time="0.002"/>
  <testcase name="TestALotOfAdding" classname="LocalCMCTests" time="0.001"/>
  <testcase name="TestALotOfAdding" classname="LocalCMCTests" time="0.0"/>
  <testcase name="TestALotOfAdding" classname="LocalCMCTests" time="0.0"/>
  <testcase name="TestALotOfAdding" classname="LocalCMCTests" time="0.001"/>
  <testcase name="TestALotOfAdding" classname="LocalCMCTests" time="0.001"/>
  <testcase name="TestALotOfAdding" classname="LocalCMCTests" time="0.0"/>
  <testcase name="TestALotOfAdding" classname="LocalCMCTests" time="0.0"/>
  <testcase name="TestALotOfAdding" classname="LocalCMCTests" time="0.001"/>
  <testcase name="TestALotOfAdding" classname="LocalCMCTests" time="0.001"/>
  <testcase name="TestALotOfAdding" classname="LocalCMCTests" time="0.001"/>
  <testcase name="TestALotOfAdding" classname="LocalCMCTests" time="0.0"/>
  <testcase name="TestALotOfAdding" classname="LocalCMCTests" time="0.0"/>
  <testcase name="TestALotOfAdding" classname="LocalCMCTests" time="0.001"/>
  <testcase name="TestALotOfAdding" classname="LocalCMCTests" time="0.001"/>
  <testcase name="TestALotOfAdding" classname="LocalCMCTests" time="0.001"/>
  <testcase name="TestALotOfAdding" classname="LocalCMCTests" time="0.001"/>
  <testcase name="TestALotOfAdding" classname="LocalCMCTests" time="0.001"/>
  <testcase name="TestALotOfAdding" classname="LocalCMCTests" time="0.001"/>
  <testcase name="TestALotOfAdding" classname="LocalCMCTests" time="0.0"/>
  <testcase name="TestALotOfAdding" classname="LocalCMCTests" time="0.001"/>
  <testcase name="TestALotOfAdding" classname="LocalCMCTests" time="0.001"/>
  <testcase name="TestALotOfAdding" classname="LocalCMCTests" time="0.001"/>
  <testcase name="TestALotOfAdding" classname="LocalCMCTests" time="0.0"/>
  <testcase name="TestALotOfAdding" classname="LocalCMCTests" time="0.0"/>
  <testcase name="TestALotOfAdding" classname="LocalCMCTests" time="0.0"/>
  <testcase name="TestALotOfAdding" classname="LocalCMCTests" time="0.0"/>
  <testcase name="TestALotOfAdding" classname="LocalCMCTests" time="0.0"/>
  <testcase name="TestALotOfAdding" classname="LocalCMCTests" time="0.0"/>
  <testcase name="TestALotOfAdding" classname="LocalCMCTests" time="0.0"/>
  <testcase name="TestALotOfAdding" classname="LocalCMCTests" time="0.001"/>
  <testcase name="TestALotOfAdding" classname="LocalCMCTests" time="0.001"/>
  <testcase name="TestALotOfAdding" classname="LocalCMCTests" time="0.001"/>
  <testcase name="TestALotOfAdding" classname="LocalCMCTests" time="0.0"/>
  <testcase name="TestALotOfAdding" classname="LocalCMCTests" time="0.001"/>
  <testcase name="TestALotOfAdding" classname="LocalCMCTests" time="0.0"/>
  <testcase name="TestALotOfAdding" classname="LocalCMCTests" time="0.001"/>
  <testcase name="TestALotOfAdding" classname="LocalCMCTests" time="0.0"/>
  <testcase name="TestALotOfAdding" classname="LocalCMCTests" time="0.001"/>
  <testcase name="TestALotOfAdding" classname="LocalCMCTests" time="0.001"/>
  <testcase name="TestALotOfAdding" classname="LocalCMCTests" time="0.001"/>
  <testcase name="TestALotOfAdding" classname="LocalCMCTests" time="0.001"/>
  <testcase name="TestALotOfAdding" classname="LocalCMCTests" time="0.0"/>
  <testcase name="TestALotOfAdding" classname="LocalCMCTests" time="0.0"/>
  <testcase name="TestALotOfAdding" classname="LocalCMCTests" time="0.001"/>
  <testcase name="TestALotOfAdding" classname="LocalCMCTests" time="0.001"/>
  <testcase name="TestALotOfAdding" classname="LocalCMCTests" time="0.001"/>
  <testcase name="TestALotOfAdding" classname="LocalCMCTests" time="0.002"/>
  <testcase name="TestALotOfAdding" classname="LocalCMCTests" time="0.001"/>
  <testcase name="TestALotOfAdding" classname="LocalCMCTests" time="0.001"/>
  <testcase name="TestALotOfAdding" classname="LocalCMCTests" time="0.001"/>
  <testcase name="TestALotOfAdding" classname="LocalCMCTests" time="0.0"/>
  <testcase name="TestALotOfAdding" classname="LocalCMCTests" time="0.0"/>
  <testcase name="TestALotOfAdding" classname="LocalCMCTests" time="0.0"/>
  <testcase name="TestALotOfAdding" classname="LocalCMCTests" time="0.001"/>
  <testcase name="TestALotOfAdding" classname="LocalCMCTests" time="0.001"/>
  <testcase name="TestALotOfAdding" classname="LocalCMCTests" time="0.001"/>
  <testcase name="TestALotOfAdding" classname="LocalCMCTests" time="0.0"/>
  <testcase name="TestALotOfAdding" classname="LocalCMCTests" time="0.0"/>
  <testcase name="TestALotOfAdding" classname="LocalCMCTests" time="0.0"/>
  <testcase name="TestALotOfAdding" classname="LocalCMCTests" time="0.001"/>
  <testcase name="TestALotOfAdding" classname="LocalCMCTests" time="0.001"/>
  <testcase name="TestALotOfAdding" classname="LocalCMCTests" time="0.001"/>
  <testcase name="TestALotOfAdding" classname="LocalCMCTests" time="0.001"/>
  <testcase name="TestALotOfAdding" classname="LocalCMCTests" time="0.001"/>
  <testcase name="TestALotOfAdding" classname="LocalCMCTests" time="0.0"/>
  <testcase name="TestALotOfAdding" classname="LocalCMCTests" time="0.0"/>
  <testcase name="TestALotOfAdding" classname="LocalCMCTests" time="0.0"/>
  <testcase name="TestALotOfAdding" classname="LocalCMCTests" time="0.001"/>
  <testcase name="TestALotOfAdding" classname="LocalCMCTests" time="0.001"/>
  <testcase name="TestALotOfAdding" classname="LocalCMCTests" time="0.0"/>
  <testcase name="TestALotOfAdding" classname="LocalCMCTests" time="0.001"/>
  <testcase name="TestALotOfAdding" classname="LocalCMCTests" time="0.0"/>
  <testcase name="TestALotOfAdding" classname="LocalCMCTests" time="0.001"/>
  <testcase name="TestALotOfAdding" classname="LocalCMCTests" time="0.001"/>
  <testcase name="TestALotOfAdding" classname="LocalCMCTests" time="0.001"/>
  <testcase name="TestALotOfAdding" classname="LocalCMCTests" time="0.001"/>
  <testcase name="TestALotOfAdding" classname="LocalCMCTests" time="0.001"/>
  <testcase name="TestALotOfAdding" classname="LocalCMCTests" time="0.001"/>
  <testcase name="TestALotOfAdding" classname="LocalCMCTests" time="0.001"/>
  <testcase name="TestALotOfAdding" classname="LocalCMCTests" time="0.0"/>
  <testcase name="TestALotOfAdding" classname="LocalCMCTests" time="0.0"/>
  <testcase name="TestALotOfAdding" classname="LocalCMCTests" time="0.001"/>
  <testcase name="TestALotOfAdding" classname="LocalCMCTests" time="0.001"/>
  <testcase name="TestALotOfAdding" classname="LocalCMCTests" time="0.001"/>
  <testcase name="TestALotOfAdding" classname="LocalCMCTests" time="0.0"/>
  <testcase name="TestALotOfAdding" classname="LocalCMCTests" time="0.0"/>
  <testcase name="TestALotOfAdding" classname="LocalCMCTests" time="0.0"/>
  <testcase name="TestALotOfAdding" classname="LocalCMCTests" time="0.001"/>
  <testcase name="TestALotOfAdding" classname="LocalCMCTests" time="0.001"/>
  <testcase name="TestALotOfAdding" classname="LocalCMCTests" time="0.001"/>
  <testcase name="TestALotOfAdding" classname="LocalCMCTests" time="0.002"/>
  <testcase name="TestALotOfAdding" classname="LocalCMCTests" time="0.001"/>
  <testcase name="TestALotOfAdding" classname="LocalCMCTests" time="0.0"/>
  <testcase name="TestALotOfAdding" classname="LocalCMCTests" time="0.0"/>
  <testcase name="TestALotOfAdding" classname="LocalCMCTests" time="0.0"/>
  <testcase name="TestALotOfAdding" classname="LocalCMCTests" time="0.0"/>
  <testcase name="TestALotOfAdding" classname="LocalCMCTests" time="0.001"/>
  <testcase name="TestALotOfAdding" classname="LocalCMCTests" time="0.001"/>
  <testcase name="TestALotOfAdding" classname="LocalCMCTests" time="0.001"/>
  <testcase name="TestALotOfAdding" classname="LocalCMCTests" time="0.0"/>
  <testcase name="TestALotOfAdding" classname="LocalCMCTests" time="0.001"/>
  <testcase name="TestALotOfAdding" classname="LocalCMCTests" time="0.001"/>
  <testcase name="TestALotOfAdding" classname="LocalCMCTests" time="0.001"/>
  <testcase name="TestALotOfAdding" classname="LocalCMCTests" time="0.001"/>
  <testcase name="TestALotOfAdding" classname="LocalCMCTests" time="0.0"/>
  <testcase name="TestALotOfAdding" classname="LocalCMCTests" time="0.001"/>
  <testcase name="TestALotOfAdding" classname="LocalCMCTests" time="0.001"/>
  <testcase name="TestALotOfAdding" classname="LocalCMCTests" time="0.001"/>
  <testcase name="TestALotOfAdding" classname="LocalCMCTests" time="0.001"/>
  <testcase name="TestALotOfAdding" classname="LocalCMCTests" time="0.001"/>
  <testcase name="TestALotOfAdding" classname="LocalCMCTests" time="0.0"/>
  <testcase name="TestALotOfAdding" classname="LocalCMCTests" time="0.0"/>
  <testcase name="TestALotOfAdding" classname="LocalCMCTests" time="0.0"/>
  <testcase name="TestALotOfAdding" classname="LocalCMCTests" time="0.0"/>
  <testcase name="TestALotOfAdding" classname="LocalCMCTests" time="0.001"/>
  <testcase name="TestALotOfAdding" classname="LocalCMCTests" time="0.0"/>
  <testcase name="TestALotOfAdding" classname="LocalCMCTests" time="0.0"/>
  <testcase name="TestALotOfAdding" classname="LocalCMCTests" time="0.001"/>
  <testcase name="TestALotOfAdding" classname="LocalCMCTests" time="0.001"/>
  <testcase name="TestALotOfAdding" classname="LocalCMCTests" time="0.001"/>
  <testcase name="TestALotOfAdding" classname="LocalCMCTests" time="0.001"/>
  <testcase name="TestALotOfAdding" classname="LocalCMCTests" time="0.001"/>
  <testcase name="TestALotOfAdding" classname="LocalCMCTests" time="0.001"/>
  <testcase name="TestALotOfAdding" classname="LocalCMCTests" time="0.001"/>
  <testcase name="TestALotOfAdding" classname="LocalCMCTests" time="0.001"/>
  <testcase name="TestALotOfAdding" classname="LocalCMCTests" time="0.001"/>
  <testcase name="TestALotOfAdding" classname="LocalCMCTests" time="0.0"/>
  <testcase name="TestALotOfAdding" classname="LocalCMCTests" time="0.0"/>
  <testcase name="TestALotOfAdding" classname="LocalCMCTests" time="0.001"/>
  <testcase name="TestALotOfAdding" classname="LocalCMCTests" time="0.0"/>
  <testcase name="TestALotOfAdding" classname="LocalCMCTests" time="0.0"/>
  <testcase name="TestALotOfAdding" classname="LocalCMCTests" time="0.0"/>
  <testcase name="TestALotOfAdding" classname="LocalCMCTests" time="0.0"/>
  <testcase name="TestALotOfAdding" classname="LocalCMCTests" time="0.002"/>
  <testcase name="TestALotOfAdding" classname="LocalCMCTests" time="0.001"/>
  <testcase name="TestALotOfAdding" classname="LocalCMCTests" time="0.0"/>
  <testcase name="TestALotOfAdding" classname="LocalCMCTests" time="0.0"/>
  <testcase name="TestALotOfAdding" classname="LocalCMCTests" time="0.0"/>
  <testcase name="TestALotOfAdding" classname="LocalCMCTests" time="0.001"/>
  <testcase name="TestALotOfAdding" classname="LocalCMCTests" time="0.001"/>
  <testcase name="TestALotOfAdding" classname="LocalCMCTests" time="0.001"/>
  <testcase name="TestALotOfAdding" classname="LocalCMCTests" time="0.001"/>
  <testcase name="TestALotOfAdding" classname="LocalCMCTests" time="0.001"/>
  <testcase name="TestALotOfAdding" classname="LocalCMCTests" time="0.0"/>
  <testcase name="TestALotOfAdding" classname="LocalCMCTests" time="0.001"/>
  <testcase name="TestALotOfAdding" classname="LocalCMCTests" time="0.0"/>
  <testcase name="TestALotOfAdding" classname="LocalCMCTests" time="0.001"/>
  <testcase name="TestALotOfAdding" classname="LocalCMCTests" time="0.001"/>
  <testcase name="TestALotOfAdding" classname="LocalCMCTests" time="0.003"/>
  <testcase name="TestALotOfAdding" classname="LocalCMCTests" time="0.001"/>
  <testcase name="TestALotOfAdding" classname="LocalCMCTests" time="0.002"/>
  <testcase name="TestALotOfAdding" classname="LocalCMCTests" time="0.0"/>
  <testcase name="TestALotOfAdding" classname="LocalCMCTests" time="0.001"/>
  <testcase name="TestALotOfAdding" classname="LocalCMCTests" time="0.0"/>
  <testcase name="TestALotOfAdding" classname="LocalCMCTests" time="0.001"/>
  <testcase name="TestALotOfAdding" classname="LocalCMCTests" time="0.0"/>
  <testcase name="TestALotOfAdding" classname="LocalCMCTests" time="0.001"/>
  <testcase name="TestALotOfAdding" classname="LocalCMCTests" time="0.001"/>
  <testcase name="TestALotOfAdding" classname="LocalCMCTests" time="0.001"/>
  <testcase name="TestALotOfAdding" classname="LocalCMCTests" time="0.0"/>
  <testcase name="TestALotOfAdding" classname="LocalCMCTests" time="0.0"/>
  <testcase name="TestALotOfAdding" classname="LocalCMCTests" time="0.001"/>
  <testcase name="TestALotOfAdding" classname="LocalCMCTests" time="0.001"/>
  <testcase name="TestALotOfAdding" classname="LocalCMCTests" time="0.001"/>
  <testcase name="TestALotOfAdding" classname="LocalCMCTests" time="0.0"/>
  <testcase name="TestALotOfAdding" classname="LocalCMCTests" time="0.001"/>
  <testcase name="TestALotOfAdding" classname="LocalCMCTests" time="0.001"/>
  <testcase name="TestALotOfAdding" classname="LocalCMCTests" time="0.001"/>
  <testcase name="TestALotOfAdding" classname="LocalCMCTests" time="0.001"/>
  <testcase name="TestALotOfAdding" classname="LocalCMCTests" time="0.0"/>
  <testcase name="TestALotOfAdding" classname="LocalCMCTests" time="0.0"/>
  <testcase name="TestALotOfAdding" classname="LocalCMCTests" time="0.0"/>
  <testcase name="TestALotOfAdding" classname="LocalCMCTests" time="0.001"/>
  <testcase name="TestALotOfAdding" classname="LocalCMCTests" time="0.0"/>
  <testcase name="TestALotOfAdding" classname="LocalCMCTests" time="0.0"/>
  <testcase name="TestALotOfAdding" classname="LocalCMCTests" time="0.001"/>
  <testcase name="TestALotOfAdding" classname="LocalCMCTests" time="0.002"/>
  <testcase name="TestALotOfAdding" classname="LocalCMCTests" time="0.001"/>
  <testcase name="TestALotOfAdding" classname="LocalCMCTests" time="0.0"/>
  <testcase name="TestALotOfAdding" classname="LocalCMCTests" time="0.002"/>
  <testcase name="TestALotOfAdding" classname="LocalCMCTests" time="0.001"/>
  <testcase name="TestALotOfAdding" classname="LocalCMCTests" time="0.0"/>
  <testcase name="TestALotOfAdding" classname="LocalCMCTests" time="0.001"/>
  <testcase name="TestALotOfAdding" classname="LocalCMCTests" time="0.0"/>
  <testcase name="TestALotOfAdding" classname="LocalCMCTests" time="0.0"/>
  <testcase name="TestALotOfAdding" classname="LocalCMCTests" time="0.001"/>
  <testcase name="TestALotOfAdding" classname="LocalCMCTests" time="0.0"/>
  <testcase name="TestALotOfAdding" classname="LocalCMCTests" time="0.0"/>
  <testcase name="TestALotOfAdding" classname="LocalCMCTests" time="0.0"/>
  <testcase name="TestALotOfAdding" classname="LocalCMCTests" time="0.0"/>
  <testcase name="TestALotOfAdding" classname="LocalCMCTests" time="0.0"/>
  <testcase name="TestALotOfAdding" classname="LocalCMCTests" time="0.001"/>
  <testcase name="TestALotOfAdding" classname="LocalCMCTests" time="0.001"/>
  <testcase name="TestALotOfAdding" classname="LocalCMCTests" time="0.001"/>
  <testcase name="TestALotOfAdding" classname="LocalCMCTests" time="0.001"/>
  <testcase name="TestALotOfAdding" classname="LocalCMCTests" time="0.001"/>
  <testcase name="TestALotOfAdding" classname="LocalCMCTests" time="0.001"/>
  <testcase name="TestALotOfAdding" classname="LocalCMCTests" time="0.002"/>
  <testcase name="TestALotOfAdding" classname="LocalCMCTests" time="0.002"/>
  <testcase name="TestALotOfAdding" classname="LocalCMCTests" time="0.0"/>
  <testcase name="TestALotOfAdding" classname="LocalCMCTests" time="0.0"/>
  <testcase name="TestALotOfAdding" classname="LocalCMCTests" time="0.001"/>
  <testcase name="TestALotOfAdding" classname="LocalCMCTests" time="0.0"/>
  <testcase name="TestALotOfAdding" classname="LocalCMCTests" time="0.0"/>
  <testcase name="TestALotOfAdding" classname="LocalCMCTests" time="0.0"/>
  <testcase name="TestALotOfAdding" classname="LocalCMCTests" time="0.0"/>
  <testcase name="TestALotOfAdding" classname="LocalCMCTests" time="0.0"/>
  <testcase name="TestALotOfAdding" classname="LocalCMCTests" time="0.0"/>
  <testcase name="TestALotOfAdding" classname="LocalCMCTests" time="0.001"/>
  <testcase name="TestALotOfAdding" classname="LocalCMCTests" time="0.001"/>
  <testcase name="TestALotOfAdding" classname="LocalCMCTests" time="0.001"/>
  <testcase name="TestALotOfAdding" classname="LocalCMCTests" time="0.002"/>
  <testcase name="TestALotOfAdding" classname="LocalCMCTests" time="0.001"/>
  <testcase name="TestALotOfAdding" classname="LocalCMCTests" time="0.001"/>
  <testcase name="TestALotOfAdding" classname="LocalCMCTests" time="0.002"/>
  <testcase name="TestALotOfAdding" classname="LocalCMCTests" time="0.002"/>
  <testcase name="TestALotOfAdding" classname="LocalCMCTests" time="0.002"/>
  <testcase name="TestALotOfAdding" classname="LocalCMCTests" time="0.0"/>
  <testcase name="TestALotOfAdding" classname="LocalCMCTests" time="0.001"/>
  <testcase name="TestALotOfAdding" classname="LocalCMCTests" time="0.003"/>
  <testcase name="TestALotOfAdding" classname="LocalCMCTests" time="0.0"/>
  <testcase name="TestALotOfAdding" classname="LocalCMCTests" time="0.001"/>
  <testcase name="TestALotOfAdding" classname="LocalCMCTests" time="0.0"/>
  <testcase name="TestALotOfAdding" classname="LocalCMCTests" time="0.001"/>
  <testcase name="TestALotOfAdding" classname="LocalCMCTests" time="0.0"/>
  <testcase name="TestALotOfAdding" classname="LocalCMCTests" time="0.0"/>
  <testcase name="TestALotOfAdding" classname="LocalCMCTests" time="0.0"/>
  <testcase name="TestALotOfAdding" classname="LocalCMCTests" time="0.0"/>
  <testcase name="TestALotOfAdding" classname="LocalCMCTests" time="0.0"/>
  <testcase name="TestALotOfAdding" classname="LocalCMCTests" time="0.0"/>
  <testcase name="TestALotOfAdding" classname="LocalCMCTests" time="0.0"/>
  <testcase name="TestALotOfAdding" classname="LocalCMCTests" time="0.001"/>
  <testcase name="TestALotOfAdding" classname="LocalCMCTests" time="0.001"/>
  <testcase name="TestALotOfAdding" classname="LocalCMCTests" time="0.001"/>
  <testcase name="TestALotOfAdding" classname="LocalCMCTests" time="0.001"/>
  <testcase name="TestALotOfAdding" classname="LocalCMCTests" time="0.001"/>
  <testcase name="TestALotOfAdding" classname="LocalCMCTests" time="0.001"/>
  <testcase name="TestALotOfAdding" classname="LocalCMCTests" time="0.0"/>
  <testcase name="TestALotOfAdding" classname="LocalCMCTests" time="0.001"/>
  <testcase name="TestALotOfAdding" classname="LocalCMCTests" time="0.001"/>
  <testcase name="TestALotOfAdding" classname="LocalCMCTests" time="0.001"/>
  <testcase name="TestALotOfAdding" classname="LocalCMCTests" time="0.001"/>
  <testcase name="TestALotOfAdding" classname="LocalCMCTests" time="0.003"/>
  <testcase name="TestALotOfAdding" classname="LocalCMCTests" time="0.0"/>
  <testcase name="TestALotOfAdding" classname="LocalCMCTests" time="0.0"/>
  <testcase name="TestALotOfAdding" classname="LocalCMCTests" time="0.0"/>
  <testcase name="TestALotOfAdding" classname="LocalCMCTests" time="0.0"/>
  <testcase name="TestALotOfAdding" classname="LocalCMCTests" time="0.0"/>
  <testcase name="TestALotOfAdding" classname="LocalCMCTests" time="0.0"/>
  <testcase name="TestALotOfAdding" classname="LocalCMCTests" time="0.0"/>
  <testcase name="TestALotOfAdding" classname="LocalCMCTests" time="0.001"/>
  <testcase name="TestALotOfAdding" classname="LocalCMCTests" time="0.001"/>
  <testcase name="TestALotOfAdding" classname="LocalCMCTests" time="0.001"/>
  <testcase name="TestALotOfAdding" classname="LocalCMCTests" time="0.001"/>
  <testcase name="TestALotOfAdding" classname="LocalCMCTests" time="0.001"/>
  <testcase name="TestALotOfAdding" classname="LocalCMCTests" time="0.001"/>
  <testcase name="TestALotOfAdding" classname="LocalCMCTests" time="0.0"/>
  <testcase name="TestALotOfAdding" classname="LocalCMCTests" time="0.001"/>
  <testcase name="TestALotOfAdding" classname="LocalCMCTests" time="0.001"/>
  <testcase name="TestALotOfAdding" classname="LocalCMCTests" time="0.0"/>
  <testcase name="TestALotOfAdding" classname="LocalCMCTests" time="0.0"/>
  <testcase name="TestALotOfAdding" classname="LocalCMCTests" time="0.0"/>
  <testcase name="TestALotOfAdding" classname="LocalCMCTests" time="0.001"/>
  <testcase name="TestALotOfAdding" classname="LocalCMCTests" time="0.004"/>
  <testcase name="TestALotOfAdding" classname="LocalCMCTests" time="0.001"/>
  <testcase name="TestALotOfAdding" classname="LocalCMCTests" time="0.001"/>
  <testcase name="TestALotOfAdding" classname="LocalCMCTests" time="0.001"/>
  <testcase name="TestALotOfAdding" classname="LocalCMCTests" time="0.0"/>
  <testcase name="TestALotOfAdding" classname="LocalCMCTests" time="0.001"/>
  <testcase name="TestALotOfAdding" classname="LocalCMCTests" time="0.001"/>
  <testcase name="TestALotOfAdding" classname="LocalCMCTests" time="0.002"/>
  <testcase name="TestALotOfAdding" classname="LocalCMCTests" time="0.001"/>
  <testcase name="TestALotOfAdding" classname="LocalCMCTests" time="0.001"/>
  <testcase name="TestALotOfAdding" classname="LocalCMCTests" time="0.0"/>
  <testcase name="TestALotOfAdding" classname="LocalCMCTests" time="0.0"/>
  <testcase name="TestALotOfAdding" classname="LocalCMCTests" time="0.0"/>
  <testcase name="TestALotOfAdding" classname="LocalCMCTests" time="0.0"/>
  <testcase name="TestALotOfAdding" classname="LocalCMCTests" time="0.0"/>
  <testcase name="TestALotOfAdding" classname="LocalCMCTests" time="0.001"/>
  <testcase name="TestALotOfAdding" classname="LocalCMCTests" time="0.001"/>
  <testcase name="TestALotOfAdding" classname="LocalCMCTests" time="0.0"/>
  <testcase name="TestALotOfAdding" classname="LocalCMCTests" time="0.001"/>
  <testcase name="TestALotOfAdding" classname="LocalCMCTests" time="0.001"/>
  <testcase name="TestALotOfAdding" classname="LocalCMCTests" time="0.001"/>
  <testcase name="TestALotOfAdding" classname="LocalCMCTests" time="0.001"/>
  <testcase name="TestALotOfAdding" classname="LocalCMCTests" time="0.001"/>
  <testcase name="TestALotOfAdding" classname="LocalCMCTests" time="0.0"/>
  <testcase name="TestALotOfAdding" classname="LocalCMCTests" time="0.001"/>
  <testcase name="TestALotOfAdding" classname="LocalCMCTests" time="0.0"/>
  <testcase name="TestALotOfAdding" classname="LocalCMCTests" time="0.0"/>
  <testcase name="TestALotOfAdding" classname="LocalCMCTests" time="0.001"/>
  <testcase name="TestALotOfAdding" classname="LocalCMCTests" time="0.001"/>
  <testcase name="TestALotOfAdding" classname="LocalCMCTests" time="0.001"/>
  <testcase name="TestALotOfAdding" classname="LocalCMCTests" time="0.0"/>
  <testcase name="TestALotOfAdding" classname="LocalCMCTests" time="0.001"/>
  <testcase name="TestALotOfAdding" classname="LocalCMCTests" time="0.0"/>
  <testcase name="TestALotOfAdding" classname="LocalCMCTests" time="0.001"/>
  <testcase name="TestALotOfAdding" classname="LocalCMCTests" time="0.002"/>
  <testcase name="TestALotOfAdding" classname="LocalCMCTests" time="0.001"/>
  <testcase name="TestALotOfAdding" classname="LocalCMCTests" time="0.001"/>
  <testcase name="TestALotOfAdding" classname="LocalCMCTests" time="0.001"/>
  <testcase name="TestALotOfAdding" classname="LocalCMCTests" time="0.0"/>
  <testcase name="TestALotOfAdding" classname="LocalCMCTests" time="0.001"/>
  <testcase name="TestALotOfAdding" classname="LocalCMCTests" time="0.001"/>
  <testcase name="TestALotOfAdding" classname="LocalCMCTests" time="0.002"/>
  <testcase name="TestALotOfAdding" classname="LocalCMCTests" time="0.0"/>
  <testcase name="TestALotOfAdding" classname="LocalCMCTests" time="0.001"/>
  <testcase name="TestALotOfAdding" classname="LocalCMCTests" time="0.0"/>
  <testcase name="TestALotOfAdding" classname="LocalCMCTests" time="0.001"/>
  <testcase name="TestALotOfAdding" classname="LocalCMCTests" time="0.001"/>
  <testcase name="TestALotOfAdding" classname="LocalCMCTests" time="0.0"/>
  <testcase name="TestALotOfAdding" classname="LocalCMCTests" time="0.001"/>
  <testcase name="TestALotOfAdding" classname="LocalCMCTests" time="0.001"/>
  <testcase name="TestALotOfAdding" classname="LocalCMCTests" time="0.0"/>
  <testcase name="TestALotOfAdding" classname="LocalCMCTests" time="0.0"/>
  <testcase name="TestALotOfAdding" classname="LocalCMCTests" time="0.0"/>
  <testcase name="TestALotOfAdding" classname="LocalCMCTests" time="0.0"/>
  <testcase name="TestALotOfAdding" classname="LocalCMCTests" time="0.001"/>
  <testcase name="TestALotOfAdding" classname="LocalCMCTests" time="0.001"/>
  <testcase name="TestALotOfAdding" classname="LocalCMCTests" time="0.001"/>
  <testcase name="TestALotOfAdding" classname="LocalCMCTests" time="0.0"/>
  <testcase name="TestALotOfAdding" classname="LocalCMCTests" time="0.002"/>
  <testcase name="TestALotOfAdding" classname="LocalCMCTests" time="0.001"/>
  <testcase name="TestALotOfAdding" classname="LocalCMCTests" time="0.001"/>
  <testcase name="TestALotOfAdding" classname="LocalCMCTests" time="0.001"/>
  <testcase name="TestALotOfAdding" classname="LocalCMCTests" time="0.002"/>
  <testcase name="TestALotOfAdding" classname="LocalCMCTests" time="0.001"/>
  <testcase name="TestALotOfAdding" classname="LocalCMCTests" time="0.0"/>
  <testcase name="TestALotOfAdding" classname="LocalCMCTests" time="0.0"/>
  <testcase name="TestALotOfAdding" classname="LocalCMCTests" time="0.0"/>
  <testcase name="TestALotOfAdding" classname="LocalCMCTests" time="0.001"/>
  <testcase name="TestALotOfAdding" classname="LocalCMCTests" time="0.0"/>
  <testcase name="TestALotOfAdding" classname="LocalCMCTests" time="0.001"/>
  <testcase name="TestALotOfAdding" classname="LocalCMCTests" time="0.001"/>
  <testcase name="TestALotOfAdding" classname="LocalCMCTests" time="0.001"/>
  <testcase name="TestALotOfAdding" classname="LocalCMCTests" time="0.0"/>
  <testcase name="TestALotOfAdding" classname="LocalCMCTests" time="0.0"/>
  <testcase name="TestALotOfAdding" classname="LocalCMCTests" time="0.0"/>
  <testcase name="TestALotOfAdding" classname="LocalCMCTests" time="0.0"/>
  <testcase name="TestALotOfAdding" classname="LocalCMCTests" time="0.001"/>
  <testcase name="TestALotOfAdding" classname="LocalCMCTests" time="0.001"/>
  <testcase name="TestALotOfAdding" classname="LocalCMCTests" time="0.001"/>
  <testcase name="TestALotOfAdding" classname="LocalCMCTests" time="0.0"/>
  <testcase name="TestALotOfAdding" classname="LocalCMCTests" time="0.0"/>
  <testcase name="TestALotOfAdding" classname="LocalCMCTests" time="0.001"/>
  <testcase name="TestALotOfAdding" classname="LocalCMCTests" time="0.001"/>
  <testcase name="TestALotOfAdding" classname="LocalCMCTests" time="0.0"/>
  <testcase name="TestALotOfAdding" classname="LocalCMCTests" time="0.0"/>
  <testcase name="TestALotOfAdding" classname="LocalCMCTests" time="0.0"/>
  <testcase name="TestALotOfAdding" classname="LocalCMCTests" time="0.001"/>
  <testcase name="TestALotOfAdding" classname="LocalCMCTests" time="0.0"/>
  <testcase name="TestALotOfAdding" classname="LocalCMCTests" time="0.001"/>
  <testcase name="TestALotOfAdding" classname="LocalCMCTests" time="0.001"/>
  <testcase name="TestALotOfAdding" classname="LocalCMCTests" time="0.0"/>
  <testcase name="TestALotOfAdding" classname="LocalCMCTests" time="0.001"/>
  <testcase name="TestALotOfAdding" classname="LocalCMCTests" time="0.001"/>
  <testcase name="TestALotOfAdding" classname="LocalCMCTests" time="0.001"/>
  <testcase name="TestALotOfAdding" classname="LocalCMCTests" time="0.001"/>
  <testcase name="TestALotOfAdding" classname="LocalCMCTests" time="0.0"/>
  <testcase name="TestALotOfAdding" classname="LocalCMCTests" time="0.001"/>
  <testcase name="TestALotOfAdding" classname="LocalCMCTests" time="0.001"/>
  <testcase name="TestALotOfAdding" classname="LocalCMCTests" time="0.001"/>
  <testcase name="TestALotOfAdding" classname="LocalCMCTests" time="0.001"/>
  <testcase name="TestALotOfAdding" classname="LocalCMCTests" time="0.001"/>
  <testcase name="TestALotOfAdding" classname="LocalCMCTests" time="0.001"/>
  <testcase name="TestALotOfAdding" classname="LocalCMCTests" time="0.001"/>
  <testcase name="TestALotOfAdding" classname="LocalCMCTests" time="0.0"/>
  <testcase name="TestALotOfAdding" classname="LocalCMCTests" time="0.001"/>
  <testcase name="TestALotOfAdding" classname="LocalCMCTests" time="0.001"/>
  <testcase name="TestALotOfAdding" classname="LocalCMCTests" time="0.001"/>
  <testcase name="TestALotOfAdding" classname="LocalCMCTests" time="0.0"/>
  <testcase name="TestALotOfAdding" classname="LocalCMCTests" time="0.001"/>
  <testcase name="TestALotOfAdding" classname="LocalCMCTests" time="0.001"/>
  <testcase name="TestALotOfAdding" classname="LocalCMCTests" time="0.0"/>
  <testcase name="TestALotOfAdding" classname="LocalCMCTests" time="0.0"/>
  <testcase name="TestALotOfAdding" classname="LocalCMCTests" time="0.001"/>
  <testcase name="TestALotOfAdding" classname="LocalCMCTests" time="0.0"/>
  <testcase name="TestALotOfAdding" classname="LocalCMCTests" time="0.0"/>
  <testcase name="TestALotOfAdding" classname="LocalCMCTests" time="0.0"/>
  <testcase name="TestALotOfAdding" classname="LocalCMCTests" time="0.001"/>
  <testcase name="TestALotOfAdding" classname="LocalCMCTests" time="0.001"/>
  <testcase name="TestALotOfAdding" classname="LocalCMCTests" time="0.001"/>
  <testcase name="TestALotOfAdding" classname="LocalCMCTests" time="0.001"/>
  <testcase name="TestALotOfAdding" classname="LocalCMCTests" time="0.0"/>
  <testcase name="TestALotOfAdding" classname="LocalCMCTests" time="0.0"/>
  <testcase name="TestALotOfAdding" classname="LocalCMCTests" time="0.001"/>
  <testcase name="TestALotOfAdding" classname="LocalCMCTests" time="0.001"/>
  <testcase name="TestALotOfAdding" classname="LocalCMCTests" time="0.001"/>
  <testcase name="TestALotOfAdding" classname="LocalCMCTests" time="0.001"/>
  <testcase name="TestALotOfAdding" classname="LocalCMCTests" time="0.001"/>
  <testcase name="TestALotOfAdding" classname="LocalCMCTests" time="0.0"/>
  <testcase name="TestALotOfAdding" classname="LocalCMCTests" time="0.001"/>
  <testcase name="TestALotOfAdding" classname="LocalCMCTests" time="0.001"/>
  <testcase name="TestALotOfAdding" classname="LocalCMCTests" time="0.001"/>
  <testcase name="TestALotOfAdding" classname="LocalCMCTests" time="0.001"/>
  <testcase name="TestALotOfAdding" classname="LocalCMCTests" time="0.001"/>
  <testcase name="TestALotOfAdding" classname="LocalCMCTests" time="0.0"/>
  <testcase name="TestALotOfAdding" classname="LocalCMCTests" time="0.0"/>
  <testcase name="TestALotOfAdding" classname="LocalCMCTests" time="0.0"/>
  <testcase name="TestALotOfAdding" classname="LocalCMCTests" time="0.001"/>
  <testcase name="TestALotOfAdding" classname="LocalCMCTests" time="0.001"/>
  <testcase name="TestALotOfAdding" classname="LocalCMCTests" time="0.0"/>
  <testcase name="TestALotOfAdding" classname="LocalCMCTests" time="0.001"/>
  <testcase name="TestALotOfAdding" classname="LocalCMCTests" time="0.0"/>
  <testcase name="TestALotOfAdding" classname="LocalCMCTests" time="0.0"/>
  <testcase name="TestALotOfAdding" classname="LocalCMCTests" time="0.001"/>
  <testcase name="TestALotOfAdding" classname="LocalCMCTests" time="0.0"/>
  <testcase name="TestALotOfAdding" classname="LocalCMCTests" time="0.001"/>
  <testcase name="TestALotOfAdding" classname="LocalCMCTests" time="0.001"/>
  <testcase name="TestALotOfAdding" classname="LocalCMCTests" time="0.001"/>
  <testcase name="TestALotOfAdding" classname="LocalCMCTests" time="0.0"/>
  <testcase name="TestALotOfAdding" classname="LocalCMCTests" time="0.001"/>
  <testcase name="TestALotOfAdding" classname="LocalCMCTests" time="0.0"/>
  <testcase name="TestALotOfAdding" classname="LocalCMCTests" time="0.001"/>
  <testcase name="TestALotOfAdding" classname="LocalCMCTests" time="0.0"/>
  <testcase name="TestALotOfAdding" classname="LocalCMCTests" time="0.002"/>
  <testcase name="TestALotOfAdding" classname="LocalCMCTests" time="0.0"/>
  <testcase name="TestALotOfAdding" classname="LocalCMCTests" time="0.0"/>
  <testcase name="TestALotOfAdding" classname="LocalCMCTests" time="0.001"/>
  <testcase name="TestALotOfAdding" classname="LocalCMCTests" time="0.001"/>
  <testcase name="TestALotOfAdding" classname="LocalCMCTests" time="0.0"/>
  <testcase name="TestALotOfAdding" classname="LocalCMCTests" time="0.0"/>
  <testcase name="TestALotOfAdding" classname="LocalCMCTests" time="0.001"/>
  <testcase name="TestALotOfAdding" classname="LocalCMCTests" time="0.0"/>
  <testcase name="TestALotOfAdding" classname="LocalCMCTests" time="0.0"/>
  <testcase name="TestALotOfAdding" classname="LocalCMCTests" time="0.001"/>
  <testcase name="TestALotOfAdding" classname="LocalCMCTests" time="0.002"/>
  <testcase name="TestALotOfAdding" classname="LocalCMCTests" time="0.001"/>
  <testcase name="TestALotOfAdding" classname="LocalCMCTests" time="0.001"/>
  <testcase name="TestALotOfAdding" classname="LocalCMCTests" time="0.0"/>
  <testcase name="TestALotOfAdding" classname="LocalCMCTests" time="0.001"/>
  <testcase name="TestALotOfAdding" classname="LocalCMCTests" time="0.001"/>
  <testcase name="TestALotOfAdding" classname="LocalCMCTests" time="0.001"/>
  <testcase name="TestALotOfAdding" classname="LocalCMCTests" time="0.0"/>
  <testcase name="TestALotOfAdding" classname="LocalCMCTests" time="0.0"/>
  <testcase name="TestALotOfAdding" classname="LocalCMCTests" time="0.002"/>
  <testcase name="TestALotOfAdding" classname="LocalCMCTests" time="0.001"/>
  <testcase name="TestALotOfAdding" classname="LocalCMCTests" time="0.001"/>
  <testcase name="TestALotOfAdding" classname="LocalCMCTests" time="0.001"/>
  <testcase name="TestALotOfAdding" classname="LocalCMCTests" time="0.0"/>
  <testcase name="TestALotOfAdding" classname="LocalCMCTests" time="0.0"/>
  <testcase name="TestALotOfAdding" classname="LocalCMCTests" time="0.0"/>
  <testcase name="TestALotOfAdding" classname="LocalCMCTests" time="0.0"/>
  <testcase name="TestALotOfAdding" classname="LocalCMCTests" time="0.0"/>
  <testcase name="TestALotOfAdding" classname="LocalCMCTests" time="0.0"/>
  <testcase name="TestALotOfAdding" classname="LocalCMCTests" time="0.001"/>
  <testcase name="TestALotOfAdding" classname="LocalCMCTests" time="0.0"/>
  <testcase name="TestALotOfAdding" classname="LocalCMCTests" time="0.001"/>
  <testcase name="TestALotOfAdding" classname="LocalCMCTests" time="0.001"/>
  <testcase name="TestALotOfAdding" classname="LocalCMCTests" time="0.0"/>
  <testcase name="TestALotOfAdding" classname="LocalCMCTests" time="0.001"/>
  <testcase name="TestALotOfAdding" classname="LocalCMCTests" time="0.001"/>
  <testcase name="TestALotOfAdding" classname="LocalCMCTests" time="0.001"/>
  <testcase name="TestALotOfAdding" classname="LocalCMCTests" time="0.001"/>
  <testcase name="TestALotOfAdding" classname="LocalCMCTests" time="0.001"/>
  <testcase name="TestALotOfAdding" classname="LocalCMCTests" time="0.002"/>
  <testcase name="TestALotOfAdding" classname="LocalCMCTests" time="0.0"/>
  <testcase name="TestALotOfAdding" classname="LocalCMCTests" time="0.001"/>
  <testcase name="TestALotOfAdding" classname="LocalCMCTests" time="0.0"/>
  <testcase name="TestALotOfAdding" classname="LocalCMCTests" time="0.0"/>
  <testcase name="TestALotOfAdding" classname="LocalCMCTests" time="0.0"/>
  <testcase name="TestALotOfAdding" classname="LocalCMCTests" time="0.0"/>
  <testcase name="TestALotOfAdding" classname="LocalCMCTests" time="0.001"/>
  <testcase name="TestALotOfAdding" classname="LocalCMCTests" time="0.0"/>
  <testcase name="TestALotOfAdding" classname="LocalCMCTests" time="0.001"/>
  <testcase name="TestALotOfAdding" classname="LocalCMCTests" time="0.001"/>
  <testcase name="TestALotOfAdding" classname="LocalCMCTests" time="0.001"/>
  <testcase name="TestALotOfAdding" classname="LocalCMCTests" time="0.001"/>
  <testcase name="TestALotOfAdding" classname="LocalCMCTests" time="0.0"/>
  <testcase name="TestALotOfAdding" classname="LocalCMCTests" time="0.0"/>
  <testcase name="TestALotOfAdding" classname="LocalCMCTests" time="0.0"/>
  <testcase name="TestALotOfAdding" classname="LocalCMCTests" time="0.0"/>
  <testcase name="TestALotOfAdding" classname="LocalCMCTests" time="0.0"/>
  <testcase name="TestALotOfAdding" classname="LocalCMCTests" time="0.001"/>
  <testcase name="TestALotOfAdding" classname="LocalCMCTests" time="0.002"/>
  <testcase name="TestALotOfAdding" classname="LocalCMCTests" time="0.001"/>
  <testcase name="TestALotOfAdding" classname="LocalCMCTests" time="0.001"/>
  <testcase name="TestALotOfAdding" classname="LocalCMCTests" time="0.0"/>
  <testcase name="TestALotOfAdding" classname="LocalCMCTests" time="0.0"/>
  <testcase name="TestALotOfAdding" classname="LocalCMCTests" time="0.0"/>
  <testcase name="TestALotOfAdding" classname="LocalCMCTests" time="0.0"/>
  <testcase name="TestALotOfAdding" classname="LocalCMCTests" time="0.001"/>
  <testcase name="TestALotOfAdding" classname="LocalCMCTests" time="0.001"/>
  <testcase name="TestALotOfAdding" classname="LocalCMCTests" time="0.001"/>
  <testcase name="TestALotOfAdding" classname="LocalCMCTests" time="0.002"/>
  <testcase name="TestALotOfAdding" classname="LocalCMCTests" time="0.0"/>
  <testcase name="TestALotOfAdding" classname="LocalCMCTests" time="0.001"/>
  <testcase name="TestALotOfAdding" classname="LocalCMCTests" time="0.001"/>
  <testcase name="TestALotOfAdding" classname="LocalCMCTests" time="0.001"/>
  <testcase name="TestALotOfAdding" classname="LocalCMCTests" time="0.001"/>
  <testcase name="TestALotOfAdding" classname="LocalCMCTests" time="0.0"/>
  <testcase name="TestALotOfAdding" classname="LocalCMCTests" time="0.0"/>
  <testcase name="TestALotOfAdding" classname="LocalCMCTests" time="0.001"/>
  <testcase name="TestALotOfAdding" classname="LocalCMCTests" time="0.0"/>
  <testcase name="TestALotOfAdding" classname="LocalCMCTests" time="0.0"/>
  <testcase name="TestALotOfAdding" classname="LocalCMCTests" time="0.001"/>
  <testcase name="TestALotOfAdding" classname="LocalCMCTests" time="0.001"/>
  <testcase name="TestALotOfAdding" classname="LocalCMCTests" time="0.001"/>
  <testcase name="TestALotOfAdding" classname="LocalCMCTests" time="0.0"/>
  <testcase name="TestALotOfAdding" classname="LocalCMCTests" time="0.001"/>
  <testcase name="TestALotOfAdding" classname="LocalCMCTests" time="0.0"/>
  <testcase name="TestALotOfAdding" classname="LocalCMCTests" time="0.001"/>
  <testcase name="TestALotOfAdding" classname="LocalCMCTests" time="0.001"/>
  <testcase name="TestALotOfAdding" classname="LocalCMCTests" time="0.001"/>
  <testcase name="TestALotOfAdding" classname="LocalCMCTests" time="0.0"/>
  <testcase name="TestALotOfAdding" classname="LocalCMCTests" time="0.0"/>
  <testcase name="TestALotOfAdding" classname="LocalCMCTests" time="0.0"/>
  <testcase name="TestALotOfAdding" classname="LocalCMCTests" time="0.001"/>
  <testcase name="TestALotOfAdding" classname="LocalCMCTests" time="0.0"/>
  <testcase name="TestALotOfAdding" classname="LocalCMCTests" time="0.0"/>
  <testcase name="TestALotOfAdding" classname="LocalCMCTests" time="0.0"/>
  <testcase name="TestALotOfAdding" classname="LocalCMCTests" time="0.0"/>
  <testcase name="TestALotOfAdding" classname="LocalCMCTests" time="0.001"/>
  <testcase name="TestALotOfAdding" classname="LocalCMCTests" time="0.001"/>
  <testcase name="TestALotOfAdding" classname="LocalCMCTests" time="0.0"/>
  <testcase name="TestALotOfAdding" classname="LocalCMCTests" time="0.001"/>
  <testcase name="TestALotOfAdding" classname="LocalCMCTests" time="0.0"/>
  <testcase name="TestALotOfAdding" classname="LocalCMCTests" time="0.001"/>
  <testcase name="TestALotOfAdding" classname="LocalCMCTests" time="0.0"/>
  <testcase name="TestALotOfAdding" classname="LocalCMCTests" time="0.001"/>
  <testcase name="TestALotOfAdding" classname="LocalCMCTests" time="0.001"/>
  <testcase name="TestALotOfAdding" classname="LocalCMCTests" time="0.0"/>
  <testcase name="TestALotOfAdding" classname="LocalCMCTests" time="0.002"/>
  <testcase name="TestALotOfAdding" classname="LocalCMCTests" time="0.001"/>
  <testcase name="TestALotOfAdding" classname="LocalCMCTests" time="0.0"/>
  <testcase name="TestALotOfAdding" classname="LocalCMCTests" time="0.0"/>
  <testcase name="TestALotOfAdding" classname="LocalCMCTests" time="0.0"/>
  <testcase name="TestALotOfAdding" classname="LocalCMCTests" time="0.0"/>
  <testcase name="TestALotOfAdding" classname="LocalCMCTests" time="0.0"/>
  <testcase name="TestALotOfAdding" classname="LocalCMCTests" time="0.001"/>
  <testcase name="TestALotOfAdding" classname="LocalCMCTests" time="0.001"/>
  <testcase name="TestALotOfAdding" classname="LocalCMCTests" time="0.001"/>
  <testcase name="TestALotOfAdding" classname="LocalCMCTests" time="0.0"/>
  <testcase name="TestALotOfAdding" classname="LocalCMCTests" time="0.001"/>
  <testcase name="TestALotOfAdding" classname="LocalCMCTests" time="0.001"/>
  <testcase name="TestALotOfAdding" classname="LocalCMCTests" time="0.001"/>
  <testcase name="TestALotOfAdding" classname="LocalCMCTests" time="0.0"/>
  <testcase name="TestALotOfAdding" classname="LocalCMCTests" time="0.001"/>
  <testcase name="TestALotOfAdding" classname="LocalCMCTests" time="0.0"/>
  <testcase name="TestALotOfAdding" classname="LocalCMCTests" time="0.0"/>
  <testcase name="TestALotOfAdding" classname="LocalCMCTests" time="0.0"/>
  <testcase name="TestALotOfAdding" classname="LocalCMCTests" time="0.0"/>
  <testcase name="TestALotOfAdding" classname="LocalCMCTests" time="0.001"/>
  <testcase name="TestALotOfAdding" classname="LocalCMCTests" time="0.0"/>
  <testcase name="TestALotOfAdding" classname="LocalCMCTests" time="0.0"/>
  <testcase name="TestALotOfAdding" classname="LocalCMCTests" time="0.001"/>
  <testcase name="TestALotOfAdding" classname="LocalCMCTests" time="0.001"/>
  <testcase name="TestALotOfAdding" classname="LocalCMCTests" time="0.001"/>
  <testcase name="TestALotOfAdding" classname="LocalCMCTests" time="0.001"/>
  <testcase name="TestALotOfAdding" classname="LocalCMCTests" time="0.0"/>
  <testcase name="TestALotOfAdding" classname="LocalCMCTests" time="0.001"/>
  <testcase name="TestALotOfAdding" classname="LocalCMCTests" time="0.001"/>
  <testcase name="TestALotOfAdding" classname="LocalCMCTests" time="0.002"/>
  <testcase name="TestALotOfAdding" classname="LocalCMCTests" time="0.0"/>
  <testcase name="TestALotOfAdding" classname="LocalCMCTests" time="0.0"/>
  <testcase name="TestALotOfAdding" classname="LocalCMCTests" time="0.0"/>
  <testcase name="TestALotOfAdding" classname="LocalCMCTests" time="0.0"/>
  <testcase name="TestALotOfAdding" classname="LocalCMCTests" time="0.0"/>
  <testcase name="TestALotOfAdding" classname="LocalCMCTests" time="0.0"/>
  <testcase name="TestALotOfAdding" classname="LocalCMCTests" time="0.0"/>
  <testcase name="TestALotOfAdding" classname="LocalCMCTests" time="0.001"/>
  <testcase name="TestALotOfAdding" classname="LocalCMCTests" time="0.0"/>
  <testcase name="TestALotOfAdding" classname="LocalCMCTests" time="0.001"/>
  <testcase name="TestALotOfAdding" classname="LocalCMCTests" time="0.001"/>
  <testcase name="TestALotOfAdding" classname="LocalCMCTests" time="0.001"/>
  <testcase name="TestALotOfAdding" classname="LocalCMCTests" time="0.001"/>
  <testcase name="TestALotOfAdding" classname="LocalCMCTests" time="0.001"/>
  <testcase name="TestALotOfAdding" classname="LocalCMCTests" time="0.001"/>
  <testcase name="TestALotOfAdding" classname="LocalCMCTests" time="0.001"/>
  <testcase name="TestALotOfAdding" classname="LocalCMCTests" time="0.001"/>
  <testcase name="TestALotOfAdding" classname="LocalCMCTests" time="0.0"/>
  <testcase name="TestALotOfAdding" classname="LocalCMCTests" time="0.0"/>
  <testcase name="TestALotOfAdding" classname="LocalCMCTests" time="0.0"/>
  <testcase name="TestALotOfAdding" classname="LocalCMCTests" time="0.0"/>
  <testcase name="TestALotOfAdding" classname="LocalCMCTests" time="0.0"/>
  <testcase name="TestALotOfAdding" classname="LocalCMCTests" time="0.0"/>
  <testcase name="TestALotOfAdding" classname="LocalCMCTests" time="0.001"/>
  <testcase name="TestALotOfAdding" classname="LocalCMCTests" time="0.0"/>
  <testcase name="TestALotOfAdding" classname="LocalCMCTests" time="0.001"/>
  <testcase name="TestALotOfAdding" classname="LocalCMCTests" time="0.001"/>
  <testcase name="TestALotOfAdding" classname="LocalCMCTests" time="0.0"/>
  <testcase name="TestALotOfAdding" classname="LocalCMCTests" time="0.001"/>
  <testcase name="TestALotOfAdding" classname="LocalCMCTests" time="0.001"/>
  <testcase name="TestALotOfAdding" classname="LocalCMCTests" time="0.0"/>
  <testcase name="TestALotOfAdding" classname="LocalCMCTests" time="0.001"/>
  <testcase name="TestALotOfAdding" classname="LocalCMCTests" time="0.0"/>
  <testcase name="TestALotOfAdding" classname="LocalCMCTests" time="0.001"/>
  <testcase name="TestALotOfAdding" classname="LocalCMCTests" time="0.0"/>
  <testcase name="TestALotOfAdding" classname="LocalCMCTests" time="0.0"/>
  <testcase name="TestALotOfAdding" classname="LocalCMCTests" time="0.001"/>
  <testcase name="TestALotOfAdding" classname="LocalCMCTests" time="0.001"/>
  <testcase name="TestALotOfAdding" classname="LocalCMCTests" time="0.001"/>
  <testcase name="TestALotOfAdding" classname="LocalCMCTests" time="0.003"/>
  <testcase name="TestALotOfAdding" classname="LocalCMCTests" time="0.002"/>
  <testcase name="TestALotOfAdding" classname="LocalCMCTests" time="0.001"/>
  <testcase name="TestALotOfAdding" classname="LocalCMCTests" time="0.0"/>
  <testcase name="TestALotOfAdding" classname="LocalCMCTests" time="0.0"/>
  <testcase name="TestALotOfAdding" classname="LocalCMCTests" time="0.0"/>
  <testcase name="TestALotOfAdding" classname="LocalCMCTests" time="0.0"/>
  <testcase name="TestALotOfAdding" classname="LocalCMCTests" time="0.001"/>
  <testcase name="TestALotOfAdding" classname="LocalCMCTests" time="0.001"/>
  <testcase name="TestALotOfAdding" classname="LocalCMCTests" time="0.0"/>
  <testcase name="TestALotOfAdding" classname="LocalCMCTests" time="0.0"/>
  <testcase name="TestALotOfAdding" classname="LocalCMCTests" time="0.0"/>
  <testcase name="TestALotOfAdding" classname="LocalCMCTests" time="0.0"/>
  <testcase name="TestALotOfAdding" classname="LocalCMCTests" time="0.001"/>
  <testcase name="TestALotOfAdding" classname="LocalCMCTests" time="0.001"/>
  <testcase name="TestALotOfAdding" classname="LocalCMCTests" time="0.001"/>
  <testcase name="TestALotOfAdding" classname="LocalCMCTests" time="0.001"/>
  <testcase name="TestALotOfAdding" classname="LocalCMCTests" time="0.001"/>
  <testcase name="TestALotOfAdding" classname="LocalCMCTests" time="0.001"/>
  <testcase name="TestALotOfAdding" classname="LocalCMCTests" time="0.0"/>
  <testcase name="TestALotOfAdding" classname="LocalCMCTests" time="0.0"/>
  <testcase name="TestALotOfAdding" classname="LocalCMCTests" time="0.001"/>
  <testcase name="TestALotOfAdding" classname="LocalCMCTests" time="0.0"/>
  <testcase name="TestALotOfAdding" classname="LocalCMCTests" time="0.0"/>
  <testcase name="TestALotOfAdding" classname="LocalCMCTests" time="0.001"/>
  <testcase name="TestALotOfAdding" classname="LocalCMCTests" time="0.0"/>
  <testcase name="TestALotOfAdding" classname="LocalCMCTests" time="0.0"/>
  <testcase name="TestALotOfAdding" classname="LocalCMCTests" time="0.0"/>
  <testcase name="TestALotOfAdding" classname="LocalCMCTests" time="0.0"/>
  <testcase name="TestALotOfAdding" classname="LocalCMCTests" time="0.0"/>
  <testcase name="TestALotOfAdding" classname="LocalCMCTests" time="0.0"/>
  <testcase name="TestALotOfAdding" classname="LocalCMCTests" time="0.001"/>
  <testcase name="TestALotOfAdding" classname="LocalCMCTests" time="0.001"/>
  <testcase name="TestALotOfAdding" classname="LocalCMCTests" time="0.001"/>
  <testcase name="TestALotOfAdding" classname="LocalCMCTests" time="0.003"/>
  <testcase name="TestALotOfAdding" classname="LocalCMCTests" time="0.001"/>
  <testcase name="TestALotOfAdding" classname="LocalCMCTests" time="0.0"/>
  <testcase name="TestALotOfAdding" classname="LocalCMCTests" time="0.0"/>
  <testcase name="TestALotOfAdding" classname="LocalCMCTests" time="0.0"/>
  <testcase name="TestALotOfAdding" classname="LocalCMCTests" time="0.0"/>
  <testcase name="TestALotOfAdding" classname="LocalCMCTests" time="0.001"/>
  <testcase name="TestALotOfAdding" classname="LocalCMCTests" time="0.001"/>
  <testcase name="TestALotOfAdding" classname="LocalCMCTests" time="0.0"/>
  <testcase name="TestALotOfAdding" classname="LocalCMCTests" time="0.0"/>
  <testcase name="TestALotOfAdding" classname="LocalCMCTests" time="0.0"/>
  <testcase name="TestALotOfAdding" classname="LocalCMCTests" time="0.0"/>
  <testcase name="TestALotOfAdding" classname="LocalCMCTests" time="0.001"/>
  <testcase name="TestALotOfAdding" classname="LocalCMCTests" time="0.001"/>
  <testcase name="TestALotOfAdding" classname="LocalCMCTests" time="0.001"/>
  <testcase name="TestALotOfAdding" classname="LocalCMCTests" time="0.0"/>
  <testcase name="TestALotOfAdding" classname="LocalCMCTests" time="0.0"/>
  <testcase name="TestALotOfAdding" classname="LocalCMCTests" time="0.001"/>
  <testcase name="TestALotOfAdding" classname="LocalCMCTests" time="0.0"/>
  <testcase name="TestALotOfAdding" classname="LocalCMCTests" time="0.001"/>
  <testcase name="TestALotOfAdding" classname="LocalCMCTests" time="0.001"/>
  <testcase name="TestALotOfAdding" classname="LocalCMCTests" time="0.0"/>
  <testcase name="TestALotOfAdding" classname="LocalCMCTests" time="0.002"/>
  <testcase name="TestALotOfAdding" classname="LocalCMCTests" time="0.001"/>
  <testcase name="TestALotOfAdding" classname="LocalCMCTests" time="0.0"/>
  <testcase name="TestALotOfAdding" classname="LocalCMCTests" time="0.001"/>
  <testcase name="TestALotOfAdding" classname="LocalCMCTests" time="0.0"/>
  <testcase name="TestALotOfAdding" classname="LocalCMCTests" time="0.0"/>
  <testcase name="TestALotOfAdding" classname="LocalCMCTests" time="0.001"/>
  <testcase name="TestALotOfAdding" classname="LocalCMCTests" time="0.001"/>
  <testcase name="TestALotOfAdding" classname="LocalCMCTests" time="0.001"/>
  <testcase name="TestALotOfAdding" classname="LocalCMCTests" time="0.001"/>
  <testcase name="TestALotOfAdding" classname="LocalCMCTests" time="0.001"/>
  <testcase name="TestALotOfAdding" classname="LocalCMCTests" time="0.001"/>
  <testcase name="TestALotOfAdding" classname="LocalCMCTests" time="0.001"/>
  <testcase name="TestALotOfAdding" classname="LocalCMCTests" time="0.0"/>
  <testcase name="TestALotOfAdding" classname="LocalCMCTests" time="0.0"/>
  <testcase name="TestALotOfAdding" classname="LocalCMCTests" time="0.0"/>
  <testcase name="TestALotOfAdding" classname="LocalCMCTests" time="0.0"/>
  <testcase name="TestALotOfAdding" classname="LocalCMCTests" time="0.0"/>
  <testcase name="TestALotOfAdding" classname="LocalCMCTests" time="0.0"/>
  <testcase name="TestALotOfAdding" classname="LocalCMCTests" time="0.0"/>
  <testcase name="TestALotOfAdding" classname="LocalCMCTests" time="0.0"/>
  <testcase name="TestALotOfAdding" classname="LocalCMCTests" time="0.001"/>
  <testcase name="TestALotOfAdding" classname="LocalCMCTests" time="0.001"/>
  <testcase name="TestALotOfAdding" classname="LocalCMCTests" time="0.0"/>
  <testcase name="TestALotOfAdding" classname="LocalCMCTests" time="0.001"/>
  <testcase name="TestALotOfAdding" classname="LocalCMCTests" time="0.0"/>
  <testcase name="TestALotOfAdding" classname="LocalCMCTests" time="0.001"/>
  <testcase name="TestALotOfAdding" classname="LocalCMCTests" time="0.0"/>
  <testcase name="TestALotOfAdding" classname="LocalCMCTests" time="0.001"/>
  <testcase name="TestALotOfAdding" classname="LocalCMCTests" time="0.001"/>
  <testcase name="TestALotOfAdding" classname="LocalCMCTests" time="0.0"/>
  <testcase name="TestALotOfAdding" classname="LocalCMCTests" time="0.0"/>
  <testcase name="TestALotOfAdding" classname="LocalCMCTests" time="0.001"/>
  <testcase name="TestALotOfAdding" classname="LocalCMCTests" time="0.0"/>
  <testcase name="TestALotOfAdding" classname="LocalCMCTests" time="0.001"/>
  <testcase name="TestALotOfAdding" classname="LocalCMCTests" time="0.0"/>
  <testcase name="TestALotOfAdding" classname="LocalCMCTests" time="0.001"/>
  <testcase name="TestALotOfAdding" classname="LocalCMCTests" time="0.0"/>
  <testcase name="TestALotOfAdding" classname="LocalCMCTests" time="0.001"/>
  <testcase name="TestALotOfAdding" classname="LocalCMCTests" time="0.0"/>
  <testcase name="TestALotOfAdding" classname="LocalCMCTests" time="0.001"/>
  <testcase name="TestALotOfAdding" classname="LocalCMCTests" time="0.002"/>
  <testcase name="TestALotOfAdding" classname="LocalCMCTests" time="0.001"/>
  <testcase name="TestALotOfAdding" classname="LocalCMCTests" time="0.001"/>
  <testcase name="TestALotOfAdding" classname="LocalCMCTests" time="0.001"/>
  <testcase name="TestALotOfAdding" classname="LocalCMCTests" time="0.0"/>
  <testcase name="TestALotOfAdding" classname="LocalCMCTests" time="0.001"/>
  <testcase name="TestALotOfAdding" classname="LocalCMCTests" time="0.001"/>
  <testcase name="TestALotOfAdding" classname="LocalCMCTests" time="0.001"/>
  <testcase name="TestALotOfAdding" classname="LocalCMCTests" time="0.0"/>
  <testcase name="TestALotOfAdding" classname="LocalCMCTests" time="0.0"/>
  <testcase name="TestALotOfAdding" classname="LocalCMCTests" time="0.0"/>
  <testcase name="TestALotOfAdding" classname="LocalCMCTests" time="0.001"/>
  <testcase name="TestALotOfAdding" classname="LocalCMCTests" time="0.001"/>
  <testcase name="TestALotOfAdding" classname="LocalCMCTests" time="0.0"/>
  <testcase name="TestALotOfAdding" classname="LocalCMCTests" time="0.001"/>
  <testcase name="TestALotOfAdding" classname="LocalCMCTests" time="0.001"/>
  <testcase name="TestALotOfAdding" classname="LocalCMCTests" time="0.001"/>
  <testcase name="TestALotOfAdding" classname="LocalCMCTests" time="0.001"/>
  <testcase name="TestALotOfAdding" classname="LocalCMCTests" time="0.001"/>
  <testcase name="TestALotOfAdding" classname="LocalCMCTests" time="0.001"/>
  <testcase name="TestALotOfAdding" classname="LocalCMCTests" time="0.0"/>
  <testcase name="TestALotOfAdding" classname="LocalCMCTests" time="0.001"/>
  <testcase name="TestALotOfAdding" classname="LocalCMCTests" time="0.0"/>
  <testcase name="TestALotOfAdding" classname="LocalCMCTests" time="0.0"/>
  <testcase name="TestALotOfAdding" classname="LocalCMCTests" time="0.0"/>
  <testcase name="TestALotOfAdding" classname="LocalCMCTests" time="0.0"/>
  <testcase name="TestALotOfAdding" classname="LocalCMCTests" time="0.0"/>
  <testcase name="TestALotOfAdding" classname="LocalCMCTests" time="0.001"/>
  <testcase name="TestALotOfAdding" classname="LocalCMCTests" time="0.0"/>
  <testcase name="TestALotOfAdding" classname="LocalCMCTests" time="0.001"/>
  <testcase name="TestALotOfAdding" classname="LocalCMCTests" time="0.0"/>
  <testcase name="TestALotOfAdding" classname="LocalCMCTests" time="0.001"/>
  <testcase name="TestALotOfAdding" classname="LocalCMCTests" time="0.0"/>
  <testcase name="TestALotOfAdding" classname="LocalCMCTests" time="0.001"/>
  <testcase name="TestALotOfAdding" classname="LocalCMCTests" time="0.001"/>
  <testcase name="TestALotOfAdding" classname="LocalCMCTests" time="0.0"/>
  <testcase name="TestALotOfAdding" classname="LocalCMCTests" time="0.0"/>
  <testcase name="TestALotOfAdding" classname="LocalCMCTests" time="0.001"/>
  <testcase name="TestALotOfAdding" classname="LocalCMCTests" time="0.0"/>
  <testcase name="TestALotOfAdding" classname="LocalCMCTests" time="0.001"/>
  <testcase name="TestALotOfAdding" classname="LocalCMCTests" time="0.0"/>
  <testcase name="TestALotOfAdding" classname="LocalCMCTests" time="0.0"/>
  <testcase name="TestALotOfAdding" classname="LocalCMCTests" time="0.001"/>
  <testcase name="TestALotOfAdding" classname="LocalCMCTests" time="0.001"/>
  <testcase name="TestALotOfAdding" classname="LocalCMCTests" time="0.001"/>
  <testcase name="TestALotOfAdding" classname="LocalCMCTests" time="0.0"/>
  <testcase name="TestALotOfAdding" classname="LocalCMCTests" time="0.001"/>
  <testcase name="TestALotOfAdding" classname="LocalCMCTests" time="0.001"/>
  <testcase name="TestALotOfAdding" classname="LocalCMCTests" time="0.001"/>
  <testcase name="TestALotOfAdding" classname="LocalCMCTests" time="0.001"/>
  <testcase name="TestALotOfAdding" classname="LocalCMCTests" time="0.002"/>
  <testcase name="TestALotOfAdding" classname="LocalCMCTests" time="0.0"/>
  <testcase name="TestALotOfAdding" classname="LocalCMCTests" time="0.002"/>
  <testcase name="TestALotOfAdding" classname="LocalCMCTests" time="0.0"/>
  <testcase name="TestALotOfAdding" classname="LocalCMCTests" time="0.0"/>
  <testcase name="TestALotOfAdding" classname="LocalCMCTests" time="0.0"/>
  <testcase name="TestALotOfAdding" classname="LocalCMCTests" time="0.0"/>
  <testcase name="TestALotOfAdding" classname="LocalCMCTests" time="0.0"/>
  <testcase name="TestALotOfAdding" classname="LocalCMCTests" time="0.0"/>
  <testcase name="TestALotOfAdding" classname="LocalCMCTests" time="0.0"/>
  <testcase name="TestALotOfAdding" classname="LocalCMCTests" time="0.001"/>
  <testcase name="TestALotOfAdding" classname="LocalCMCTests" time="0.001"/>
  <testcase name="TestALotOfAdding" classname="LocalCMCTests" time="0.001"/>
  <testcase name="TestALotOfAdding" classname="LocalCMCTests" time="0.001"/>
  <testcase name="TestALotOfAdding" classname="LocalCMCTests" time="0.0"/>
  <testcase name="TestALotOfAdding" classname="LocalCMCTests" time="0.0"/>
  <testcase name="TestALotOfAdding" classname="LocalCMCTests" time="0.001"/>
  <testcase name="TestALotOfAdding" classname="LocalCMCTests" time="0.0"/>
  <testcase name="TestALotOfAdding" classname="LocalCMCTests" time="0.001"/>
  <testcase name="TestALotOfAdding" classname="LocalCMCTests" time="0.0"/>
  <testcase name="TestALotOfAdding" classname="LocalCMCTests" time="0.0"/>
  <testcase name="TestALotOfAdding" classname="LocalCMCTests" time="0.001"/>
  <testcase name="TestALotOfAdding" classname="LocalCMCTests" time="0.0"/>
  <testcase name="TestALotOfAdding" classname="LocalCMCTests" time="0.0"/>
  <testcase name="TestALotOfAdding" classname="LocalCMCTests" time="0.001"/>
  <testcase name="TestALotOfAdding" classname="LocalCMCTests" time="0.0"/>
  <testcase name="TestALotOfAdding" classname="LocalCMCTests" time="0.001"/>
  <testcase name="TestALotOfAdding" classname="LocalCMCTests" time="0.001"/>
  <testcase name="TestALotOfAdding" classname="LocalCMCTests" time="0.0"/>
  <testcase name="TestALotOfAdding" classname="LocalCMCTests" time="0.001"/>
  <testcase name="TestALotOfAdding" classname="LocalCMCTests" time="0.001"/>
  <testcase name="TestALotOfAdding" classname="LocalCMCTests" time="0.0"/>
  <testcase name="TestALotOfAdding" classname="LocalCMCTests" time="0.001"/>
  <testcase name="TestALotOfAdding" classname="LocalCMCTests" time="0.0"/>
  <testcase name="TestALotOfAdding" classname="LocalCMCTests" time="0.0"/>
  <testcase name="TestALotOfAdding" classname="LocalCMCTests" time="0.0"/>
  <testcase name="TestALotOfAdding" classname="LocalCMCTests" time="0.001"/>
  <testcase name="TestALotOfAdding" classname="LocalCMCTests" time="0.001"/>
  <testcase name="TestALotOfAdding" classname="LocalCMCTests" time="0.0"/>
  <testcase name="TestALotOfAdding" classname="LocalCMCTests" time="0.001"/>
  <testcase name="TestALotOfAdding" classname="LocalCMCTests" time="0.002"/>
  <testcase name="TestALotOfAdding" classname="LocalCMCTests" time="0.0"/>
  <testcase name="TestALotOfAdding" classname="LocalCMCTests" time="0.0"/>
  <testcase name="TestALotOfAdding" classname="LocalCMCTests" time="0.001"/>
  <testcase name="TestALotOfAdding" classname="LocalCMCTests" time="0.0"/>
  <testcase name="TestALotOfAdding" classname="LocalCMCTests" time="0.001"/>
  <testcase name="TestALotOfAdding" classname="LocalCMCTests" time="0.001"/>
  <testcase name="TestALotOfAdding" classname="LocalCMCTests" time="0.001"/>
  <testcase name="TestALotOfAdding" classname="LocalCMCTests" time="0.025"/>
  <testcase name="TestALotOfAdding" classname="LocalCMCTests" time="0.0"/>
  <testcase name="TestALotOfAdding" classname="LocalCMCTests" time="0.0"/>
  <testcase name="TestALotOfAdding" classname="LocalCMCTests" time="0.0"/>
  <testcase name="TestALotOfAdding" classname="LocalCMCTests" time="0.0"/>
  <testcase name="TestALotOfAdding" classname="LocalCMCTests" time="0.001"/>
  <testcase name="TestALotOfAdding" classname="LocalCMCTests" time="0.0"/>
  <testcase name="TestALotOfAdding" classname="LocalCMCTests" time="0.001"/>
  <testcase name="TestALotOfAdding" classname="LocalCMCTests" time="0.0"/>
  <testcase name="TestALotOfAdding" classname="LocalCMCTests" time="0.001"/>
  <testcase name="TestALotOfAdding" classname="LocalCMCTests" time="0.002"/>
  <testcase name="TestALotOfAdding" classname="LocalCMCTests" time="0.002"/>
  <testcase name="TestALotOfAdding" classname="LocalCMCTests" time="0.001"/>
  <testcase name="TestALotOfAdding" classname="LocalCMCTests" time="0.0"/>
  <testcase name="TestALotOfAdding" classname="LocalCMCTests" time="0.0"/>
  <testcase name="TestALotOfAdding" classname="LocalCMCTests" time="0.0"/>
  <testcase name="TestALotOfAdding" classname="LocalCMCTests" time="0.001"/>
  <testcase name="TestALotOfAdding" classname="LocalCMCTests" time="0.001"/>
  <testcase name="TestALotOfAdding" classname="LocalCMCTests" time="0.001"/>
  <testcase name="TestALotOfAdding" classname="LocalCMCTests" time="0.0"/>
  <testcase name="TestALotOfAdding" classname="LocalCMCTests" time="0.001"/>
  <testcase name="TestALotOfAdding" classname="LocalCMCTests" time="0.001"/>
  <testcase name="TestALotOfAdding" classname="LocalCMCTests" time="0.001"/>
  <testcase name="TestALotOfAdding" classname="LocalCMCTests" time="0.0"/>
  <testcase name="TestALotOfAdding" classname="LocalCMCTests" time="0.001"/>
  <testcase name="TestALotOfAdding" classname="LocalCMCTests" time="0.0"/>
  <testcase name="TestALotOfAdding" classname="LocalCMCTests" time="0.0"/>
  <testcase name="TestALotOfAdding" classname="LocalCMCTests" time="0.001"/>
  <testcase name="TestALotOfAdding" classname="LocalCMCTests" time="0.001"/>
  <testcase name="TestALotOfAdding" classname="LocalCMCTests" time="0.001"/>
  <testcase name="TestALotOfAdding" classname="LocalCMCTests" time="0.001"/>
  <testcase name="TestALotOfAdding" classname="LocalCMCTests" time="0.001"/>
  <testcase name="TestALotOfAdding" classname="LocalCMCTests" time="0.0"/>
  <testcase name="TestALotOfAdding" classname="LocalCMCTests" time="0.0"/>
  <testcase name="TestALotOfAdding" classname="LocalCMCTests" time="0.0"/>
  <testcase name="TestALotOfAdding" classname="LocalCMCTests" time="0.0"/>
  <testcase name="TestALotOfAdding" classname="LocalCMCTests" time="0.0"/>
  <testcase name="TestALotOfAdding" classname="LocalCMCTests" time="0.0"/>
  <testcase name="TestALotOfAdding" classname="LocalCMCTests" time="0.001"/>
  <testcase name="TestALotOfAdding" classname="LocalCMCTests" time="0.0"/>
  <testcase name="TestALotOfAdding" classname="LocalCMCTests" time="0.001"/>
  <testcase name="TestALotOfAdding" classname="LocalCMCTests" time="0.002"/>
  <testcase name="TestALotOfAdding" classname="LocalCMCTests" time="0.0"/>
  <testcase name="TestALotOfAdding" classname="LocalCMCTests" time="0.002"/>
  <testcase name="TestALotOfAdding" classname="LocalCMCTests" time="0.002"/>
  <testcase name="TestALotOfAdding" classname="LocalCMCTests" time="0.002"/>
  <testcase name="TestALotOfAdding" classname="LocalCMCTests" time="0.0"/>
  <testcase name="TestALotOfAdding" classname="LocalCMCTests" time="0.001"/>
  <testcase name="TestALotOfAdding" classname="LocalCMCTests" time="0.001"/>
  <testcase name="TestALotOfAdding" classname="LocalCMCTests" time="0.001"/>
  <testcase name="TestALotOfAdding" classname="LocalCMCTests" time="0.0"/>
  <testcase name="TestALotOfAdding" classname="LocalCMCTests" time="0.001"/>
  <testcase name="TestALotOfAdding" classname="LocalCMCTests" time="0.0"/>
  <testcase name="TestALotOfAdding" classname="LocalCMCTests" time="0.0"/>
  <testcase name="TestALotOfAdding" classname="LocalCMCTests" time="0.001"/>
  <testcase name="TestALotOfAdding" classname="LocalCMCTests" time="0.001"/>
  <testcase name="TestALotOfAdding" classname="LocalCMCTests" time="0.001"/>
  <testcase name="TestALotOfAdding" classname="LocalCMCTests" time="0.001"/>
  <testcase name="TestALotOfAdding" classname="LocalCMCTests" time="0.001"/>
  <testcase name="TestALotOfAdding" classname="LocalCMCTests" time="0.001"/>
  <testcase name="TestALotOfAdding" classname="LocalCMCTests" time="0.001"/>
  <testcase name="TestALotOfAdding" classname="LocalCMCTests" time="0.001"/>
  <testcase name="TestALotOfAdding" classname="LocalCMCTests" time="0.0"/>
  <testcase name="TestALotOfAdding" classname="LocalCMCTests" time="0.0"/>
  <testcase name="TestALotOfAdding" classname="LocalCMCTests" time="0.0"/>
  <testcase name="TestALotOfAdding" classname="LocalCMCTests" time="0.0"/>
  <testcase name="TestALotOfAdding" classname="LocalCMCTests" time="0.001"/>
  <testcase name="TestALotOfAdding" classname="LocalCMCTests" time="0.0"/>
  <testcase name="TestALotOfAdding" classname="LocalCMCTests" time="0.001"/>
  <testcase name="TestALotOfAdding" classname="LocalCMCTests" time="0.0"/>
  <testcase name="TestALotOfAdding" classname="LocalCMCTests" time="0.0"/>
  <testcase name="TestALotOfAdding" classname="LocalCMCTests" time="0.001"/>
  <testcase name="TestALotOfAdding" classname="LocalCMCTests" time="0.0"/>
  <testcase name="TestALotOfAdding" classname="LocalCMCTests" time="0.001"/>
  <testcase name="TestALotOfAdding" classname="LocalCMCTests" time="0.001"/>
  <testcase name="TestALotOfAdding" classname="LocalCMCTests" time="0.001"/>
  <testcase name="TestALotOfAdding" classname="LocalCMCTests" time="0.0"/>
  <testcase name="TestALotOfAdding" classname="LocalCMCTests" time="0.001"/>
  <testcase name="TestALotOfAdding" classname="LocalCMCTests" time="0.0"/>
  <testcase name="TestALotOfAdding" classname="LocalCMCTests" time="0.0"/>
  <testcase name="TestALotOfAdding" classname="LocalCMCTests" time="0.001"/>
  <testcase name="TestALotOfAdding" classname="LocalCMCTests" time="0.001"/>
  <testcase name="TestALotOfAdding" classname="LocalCMCTests" time="0.001"/>
  <testcase name="TestALotOfAdding" classname="LocalCMCTests" time="0.002"/>
  <testcase name="TestALotOfAdding" classname="LocalCMCTests" time="0.0"/>
  <testcase name="TestALotOfAdding" classname="LocalCMCTests" time="0.001"/>
  <testcase name="TestALotOfAdding" classname="LocalCMCTests" time="0.0"/>
  <testcase name="TestALotOfAdding" classname="LocalCMCTests" time="0.0"/>
  <testcase name="TestALotOfAdding" classname="LocalCMCTests" time="0.0"/>
  <testcase name="TestALotOfAdding" classname="LocalCMCTests" time="0.0"/>
  <testcase name="TestALotOfAdding" classname="LocalCMCTests" time="0.0"/>
  <testcase name="TestALotOfAdding" classname="LocalCMCTests" time="0.001"/>
  <testcase name="TestALotOfAdding" classname="LocalCMCTests" time="0.0"/>
  <testcase name="TestALotOfAdding" classname="LocalCMCTests" time="0.0"/>
  <testcase name="TestALotOfAdding" classname="LocalCMCTests" time="0.001"/>
  <testcase name="TestALotOfAdding" classname="LocalCMCTests" time="0.001"/>
  <testcase name="TestALotOfAdding" classname="LocalCMCTests" time="0.001"/>
  <testcase name="TestALotOfAdding" classname="LocalCMCTests" time="0.001"/>
  <testcase name="TestALotOfAdding" classname="LocalCMCTests" time="0.001"/>
  <testcase name="TestALotOfAdding" classname="LocalCMCTests" time="0.0"/>
  <testcase name="TestALotOfAdding" classname="LocalCMCTests" time="0.0"/>
  <testcase name="TestALotOfAdding" classname="LocalCMCTests" time="0.0"/>
  <testcase name="TestALotOfAdding" classname="LocalCMCTests" time="0.0"/>
  <testcase name="TestALotOfAdding" classname="LocalCMCTests" time="0.0"/>
  <testcase name="TestALotOfAdding" classname="LocalCMCTests" time="0.001"/>
  <testcase name="TestALotOfAdding" classname="LocalCMCTests" time="0.0"/>
  <testcase name="TestALotOfAdding" classname="LocalCMCTests" time="0.002"/>
  <testcase name="TestALotOfAdding" classname="LocalCMCTests" time="0.0"/>
  <testcase name="TestALotOfAdding" classname="LocalCMCTests" time="0.002"/>
  <testcase name="TestALotOfAdding" classname="LocalCMCTests" time="0.0"/>
  <testcase name="TestALotOfAdding" classname="LocalCMCTests" time="0.002"/>
  <testcase name="TestALotOfAdding" classname="LocalCMCTests" time="0.0"/>
  <testcase name="TestALotOfAdding" classname="LocalCMCTests" time="0.001"/>
  <testcase name="TestALotOfAdding" classname="LocalCMCTests" time="0.001"/>
  <testcase name="TestALotOfAdding" classname="LocalCMCTests" time="0.0"/>
  <testcase name="TestALotOfAdding" classname="LocalCMCTests" time="0.001"/>
  <testcase name="TestALotOfAdding" classname="LocalCMCTests" time="0.001"/>
  <testcase name="TestALotOfAdding" classname="LocalCMCTests" time="0.0"/>
  <testcase name="TestALotOfAdding" classname="LocalCMCTests" time="0.001"/>
  <testcase name="TestALotOfAdding" classname="LocalCMCTests" time="0.002"/>
  <testcase name="TestALotOfAdding" classname="LocalCMCTests" time="0.001"/>
  <testcase name="TestALotOfAdding" classname="LocalCMCTests" time="0.001"/>
  <testcase name="TestALotOfAdding" classname="LocalCMCTests" time="0.0"/>
  <testcase name="TestALotOfAdding" classname="LocalCMCTests" time="0.001"/>
  <testcase name="TestALotOfAdding" classname="LocalCMCTests" time="0.001"/>
  <testcase name="TestALotOfAdding" classname="LocalCMCTests" time="0.0"/>
  <testcase name="TestALotOfAdding" classname="LocalCMCTests" time="0.0"/>
  <testcase name="TestALotOfAdding" classname="LocalCMCTests" time="0.001"/>
  <testcase name="TestALotOfAdding" classname="LocalCMCTests" time="0.0"/>
  <testcase name="TestALotOfAdding" classname="LocalCMCTests" time="0.0"/>
  <testcase name="TestALotOfAdding" classname="LocalCMCTests" time="0.0"/>
  <testcase name="TestALotOfAdding" classname="LocalCMCTests" time="0.0"/>
  <testcase name="TestALotOfAdding" classname="LocalCMCTests" time="0.0"/>
  <testcase name="TestALotOfAdding" classname="LocalCMCTests" time="0.001"/>
  <testcase name="TestALotOfAdding" classname="LocalCMCTests" time="0.003"/>
  <testcase name="TestALotOfAdding" classname="LocalCMCTests" time="0.002"/>
  <testcase name="TestALotOfAdding" classname="LocalCMCTests" time="0.0"/>
  <testcase name="TestALotOfAdding" classname="LocalCMCTests" time="0.001"/>
  <testcase name="TestALotOfAdding" classname="LocalCMCTests" time="0.0"/>
  <testcase name="TestALotOfAdding" classname="LocalCMCTests" time="0.001"/>
  <testcase name="TestALotOfAdding" classname="LocalCMCTests" time="0.001"/>
  <testcase name="TestALotOfAdding" classname="LocalCMCTests" time="0.001"/>
  <testcase name="TestALotOfAdding" classname="LocalCMCTests" time="0.0"/>
  <testcase name="TestALotOfAdding" classname="LocalCMCTests" time="0.001"/>
  <testcase name="TestALotOfAdding" classname="LocalCMCTests" time="0.0"/>
  <testcase name="TestALotOfAdding" classname="LocalCMCTests" time="0.002"/>
  <testcase name="TestALotOfAdding" classname="LocalCMCTests" time="0.0"/>
  <testcase name="TestALotOfAdding" classname="LocalCMCTests" time="0.0"/>
  <testcase name="TestALotOfAdding" classname="LocalCMCTests" time="0.0"/>
  <testcase name="TestALotOfAdding" classname="LocalCMCTests" time="0.001"/>
  <testcase name="TestALotOfAdding" classname="LocalCMCTests" time="0.0"/>
  <testcase name="TestALotOfAdding" classname="LocalCMCTests" time="0.002"/>
  <testcase name="TestALotOfAdding" classname="LocalCMCTests" time="0.001"/>
  <testcase name="TestALotOfAdding" classname="LocalCMCTests" time="0.001"/>
  <testcase name="TestALotOfAdding" classname="LocalCMCTests" time="0.001"/>
  <testcase name="TestALotOfAdding" classname="LocalCMCTests" time="0.001"/>
  <testcase name="TestALotOfAdding" classname="LocalCMCTests" time="0.0"/>
  <testcase name="TestALotOfAdding" classname="LocalCMCTests" time="0.0"/>
  <testcase name="TestALotOfAdding" classname="LocalCMCTests" time="0.0"/>
  <testcase name="TestALotOfAdding" classname="LocalCMCTests" time="0.0"/>
  <testcase name="TestALotOfAdding" classname="LocalCMCTests" time="0.001"/>
  <testcase name="TestALotOfAdding" classname="LocalCMCTests" time="0.002"/>
  <testcase name="TestALotOfAdding" classname="LocalCMCTests" time="0.002"/>
  <testcase name="TestALotOfAdding" classname="LocalCMCTests" time="0.002"/>
  <testcase name="TestALotOfAdding" classname="LocalCMCTests" time="0.0"/>
  <testcase name="TestALotOfAdding" classname="LocalCMCTests" time="0.002"/>
  <testcase name="TestALotOfAdding" classname="LocalCMCTests" time="0.0"/>
  <testcase name="TestALotOfAdding" classname="LocalCMCTests" time="0.003"/>
  <testcase name="TestALotOfAdding" classname="LocalCMCTests" time="0.002"/>
  <testcase name="TestALotOfAdding" classname="LocalCMCTests" time="0.0"/>
  <testcase name="TestALotOfAdding" classname="LocalCMCTests" time="0.002"/>
  <testcase name="TestALotOfAdding" classname="LocalCMCTests" time="0.002"/>
  <testcase name="TestALotOfAdding" classname="LocalCMCTests" time="0.002"/>
  <testcase name="TestALotOfAdding" classname="LocalCMCTests" time="0.0"/>
  <testcase name="TestALotOfAdding" classname="LocalCMCTests" time="0.001"/>
  <testcase name="TestALotOfAdding" classname="LocalCMCTests" time="0.001"/>
  <testcase name="TestALotOfAdding" classname="LocalCMCTests" time="0.001"/>
  <testcase name="TestALotOfAdding" classname="LocalCMCTests" time="0.0"/>
  <testcase name="TestALotOfAdding" classname="LocalCMCTests" time="0.0"/>
  <testcase name="TestALotOfAdding" classname="LocalCMCTests" time="0.001"/>
  <testcase name="TestALotOfAdding" classname="LocalCMCTests" time="0.001"/>
  <testcase name="TestALotOfAdding" classname="LocalCMCTests" time="0.001"/>
  <testcase name="TestALotOfAdding" classname="LocalCMCTests" time="0.001"/>
  <testcase name="TestALotOfAdding" classname="LocalCMCTests" time="0.001"/>
  <testcase name="TestALotOfAdding" classname="LocalCMCTests" time="0.0"/>
  <testcase name="TestALotOfAdding" classname="LocalCMCTests" time="0.0"/>
  <testcase name="TestALotOfAdding" classname="LocalCMCTests" time="0.001"/>
  <testcase name="TestALotOfAdding" classname="LocalCMCTests" time="0.0"/>
  <testcase name="TestALotOfAdding" classname="LocalCMCTests" time="0.001"/>
  <testcase name="TestALotOfAdding" classname="LocalCMCTests" time="0.001"/>
  <testcase name="TestALotOfAdding" classname="LocalCMCTests" time="0.0"/>
  <testcase name="TestALotOfAdding" classname="LocalCMCTests" time="0.001"/>
  <testcase name="TestALotOfAdding" classname="LocalCMCTests" time="0.001"/>
  <testcase name="TestALotOfAdding" classname="LocalCMCTests" time="0.0"/>
  <testcase name="TestALotOfAdding" classname="LocalCMCTests" time="0.0"/>
  <testcase name="TestALotOfAdding" classname="LocalCMCTests" time="0.001"/>
  <testcase name="TestALotOfAdding" classname="LocalCMCTests" time="0.001"/>
  <testcase name="TestALotOfAdding" classname="LocalCMCTests" time="0.001"/>
  <testcase name="TestALotOfAdding" classname="LocalCMCTests" time="0.002"/>
  <testcase name="TestALotOfAdding" classname="LocalCMCTests" time="0.001"/>
  <testcase name="TestALotOfAdding" classname="LocalCMCTests" time="0.0"/>
  <testcase name="TestALotOfAdding" classname="LocalCMCTests" time="0.0"/>
  <testcase name="TestALotOfAdding" classname="LocalCMCTests" time="0.0"/>
  <testcase name="TestALotOfAdding" classname="LocalCMCTests" time="0.001"/>
  <testcase name="TestALotOfAdding" classname="LocalCMCTests" time="0.001"/>
  <testcase name="TestALotOfAdding" classname="LocalCMCTests" time="0.002"/>
  <testcase name="TestALotOfAdding" classname="LocalCMCTests" time="0.001"/>
  <testcase name="TestALotOfAdding" classname="LocalCMCTests" time="0.0"/>
  <testcase name="TestALotOfAdding" classname="LocalCMCTests" time="0.001"/>
  <testcase name="TestALotOfAdding" classname="LocalCMCTests" time="0.0"/>
  <testcase name="TestALotOfAdding" classname="LocalCMCTests" time="0.0"/>
  <testcase name="TestALotOfAdding" classname="LocalCMCTests" time="0.0"/>
  <testcase name="TestALotOfAdding" classname="LocalCMCTests" time="0.001"/>
  <testcase name="TestALotOfAdding" classname="LocalCMCTests" time="0.001"/>
  <testcase name="TestALotOfAdding" classname="LocalCMCTests" time="0.001"/>
  <testcase name="TestALotOfAdding" classname="LocalCMCTests" time="0.0"/>
  <testcase name="TestALotOfAdding" classname="LocalCMCTests" time="0.0"/>
  <testcase name="TestALotOfAdding" classname="LocalCMCTests" time="0.0"/>
  <testcase name="TestALotOfAdding" classname="LocalCMCTests" time="0.001"/>
  <testcase name="TestALotOfAdding" classname="LocalCMCTests" time="0.0"/>
  <testcase name="TestALotOfAdding" classname="LocalCMCTests" time="0.001"/>
  <testcase name="TestALotOfAdding" classname="LocalCMCTests" time="0.0"/>
  <testcase name="TestALotOfAdding" classname="LocalCMCTests" time="0.0"/>
  <testcase name="TestALotOfAdding" classname="LocalCMCTests" time="0.001"/>
  <testcase name="TestALotOfAdding" classname="LocalCMCTests" time="0.0"/>
  <testcase name="TestALotOfAdding" classname="LocalCMCTests" time="0.0"/>
  <testcase name="TestALotOfAdding" classname="LocalCMCTests" time="0.001"/>
  <testcase name="TestALotOfAdding" classname="LocalCMCTests" time="0.0"/>
  <testcase name="TestALotOfAdding" classname="LocalCMCTests" time="0.001"/>
  <testcase name="TestALotOfAdding" classname="LocalCMCTests" time="0.0"/>
  <testcase name="TestALotOfAdding" classname="LocalCMCTests" time="0.001"/>
  <testcase name="TestALotOfAdding" classname="LocalCMCTests" time="0.001"/>
  <testcase name="TestALotOfAdding" classname="LocalCMCTests" time="0.002"/>
  <testcase name="TestALotOfAdding" classname="LocalCMCTests" time="0.001"/>
  <testcase name="TestALotOfAdding" classname="LocalCMCTests" time="0.001"/>
  <testcase name="TestALotOfAdding" classname="LocalCMCTests" time="0.0"/>
  <testcase name="TestALotOfAdding" classname="LocalCMCTests" time="0.0"/>
  <testcase name="TestALotOfAdding" classname="LocalCMCTests" time="0.0"/>
  <testcase name="TestALotOfAdding" classname="LocalCMCTests" time="0.001"/>
  <testcase name="TestALotOfAdding" classname="LocalCMCTests" time="0.001"/>
  <testcase name="TestALotOfAdding" classname="LocalCMCTests" time="0.001"/>
  <testcase name="TestALotOfAdding" classname="LocalCMCTests" time="0.0"/>
  <testcase name="TestALotOfAdding" classname="LocalCMCTests" time="0.001"/>
  <testcase name="TestALotOfAdding" classname="LocalCMCTests" time="0.002"/>
  <testcase name="TestALotOfAdding" classname="LocalCMCTests" time="0.0"/>
  <testcase name="TestALotOfAdding" classname="LocalCMCTests" time="0.0"/>
  <testcase name="TestALotOfAdding" classname="LocalCMCTests" time="0.0"/>
  <testcase name="TestALotOfAdding" classname="LocalCMCTests" time="0.001"/>
  <testcase name="TestALotOfAdding" classname="LocalCMCTests" time="0.001"/>
  <testcase name="TestALotOfAdding" classname="LocalCMCTests" time="0.0"/>
  <testcase name="TestALotOfAdding" classname="LocalCMCTests" time="0.001"/>
  <testcase name="TestALotOfAdding" classname="LocalCMCTests" time="0.0"/>
  <testcase name="TestALotOfAdding" classname="LocalCMCTests" time="0.001"/>
  <testcase name="TestALotOfAdding" classname="LocalCMCTests" time="0.001"/>
  <testcase name="TestALotOfAdding" classname="LocalCMCTests" time="0.001"/>
  <testcase name="TestALotOfAdding" classname="LocalCMCTests" time="0.001"/>
  <testcase name="TestALotOfAdding" classname="LocalCMCTests" time="0.0"/>
  <testcase name="TestALotOfAdding" classname="LocalCMCTests" time="0.001"/>
  <testcase name="TestALotOfAdding" classname="LocalCMCTests" time="0.001"/>
  <testcase name="TestALotOfAdding" classname="LocalCMCTests" time="0.001"/>
  <testcase name="TestALotOfAdding" classname="LocalCMCTests" time="0.001"/>
  <testcase name="TestALotOfAdding" classname="LocalCMCTests" time="0.0"/>
  <testcase name="TestALotOfAdding" classname="LocalCMCTests" time="0.0"/>
  <testcase name="TestALotOfAdding" classname="LocalCMCTests" time="0.0"/>
  <testcase name="TestALotOfAdding" classname="LocalCMCTests" time="0.0"/>
  <testcase name="TestALotOfAdding" classname="LocalCMCTests" time="0.003"/>
  <testcase name="TestALotOfAdding" classname="LocalCMCTests" time="0.001"/>
  <testcase name="TestALotOfAdding" classname="LocalCMCTests" time="0.001"/>
  <testcase name="TestALotOfAdding" classname="LocalCMCTests" time="0.001"/>
  <testcase name="TestALotOfAdding" classname="LocalCMCTests" time="0.0"/>
  <testcase name="TestALotOfAdding" classname="LocalCMCTests" time="0.003"/>
  <testcase name="TestALotOfAdding" classname="LocalCMCTests" time="0.0"/>
  <testcase name="TestALotOfAdding" classname="LocalCMCTests" time="0.0"/>
  <testcase name="TestALotOfAdding" classname="LocalCMCTests" time="0.0"/>
  <testcase name="TestALotOfAdding" classname="LocalCMCTests" time="0.001"/>
  <testcase name="TestALotOfAdding" classname="LocalCMCTests" time="0.001"/>
  <testcase name="TestALotOfAdding" classname="LocalCMCTests" time="0.001"/>
  <testcase name="TestALotOfAdding" classname="LocalCMCTests" time="0.001"/>
  <testcase name="TestALotOfAdding" classname="LocalCMCTests" time="0.001"/>
  <testcase name="TestALotOfAdding" classname="LocalCMCTests" time="0.001"/>
  <testcase name="TestALotOfAdding" classname="LocalCMCTests" time="0.001"/>
  <testcase name="TestALotOfAdding" classname="LocalCMCTests" time="0.001"/>
  <testcase name="TestALotOfAdding" classname="LocalCMCTests" time="0.001"/>
  <testcase name="TestALotOfAdding" classname="LocalCMCTests" time="0.0"/>
  <testcase name="TestALotOfAdding" classname="LocalCMCTests" time="0.001"/>
  <testcase name="TestALotOfAdding" classname="LocalCMCTests" time="0.0"/>
  <testcase name="TestALotOfAdding" classname="LocalCMCTests" time="0.0"/>
  <testcase name="TestALotOfAdding" classname="LocalCMCTests" time="0.0"/>
  <testcase name="TestALotOfAdding" classname="LocalCMCTests" time="0.0"/>
  <testcase name="TestALotOfAdding" classname="LocalCMCTests" time="0.002"/>
  <testcase name="TestALotOfAdding" classname="LocalCMCTests" time="0.0"/>
  <testcase name="TestALotOfAdding" classname="LocalCMCTests" time="0.0"/>
  <testcase name="TestALotOfAdding" classname="LocalCMCTests" time="0.001"/>
  <testcase name="TestALotOfAdding" classname="LocalCMCTests" time="0.001"/>
  <testcase name="TestALotOfAdding" classname="LocalCMCTests" time="0.001"/>
  <testcase name="TestALotOfAdding" classname="LocalCMCTests" time="0.002"/>
  <testcase name="TestALotOfAdding" classname="LocalCMCTests" time="0.002"/>
  <testcase name="TestALotOfAdding" classname="LocalCMCTests" time="0.0"/>
  <testcase name="TestALotOfAdding" classname="LocalCMCTests" time="0.0"/>
  <testcase name="TestALotOfAdding" classname="LocalCMCTests" time="0.001"/>
  <testcase name="TestALotOfAdding" classname="LocalCMCTests" time="0.001"/>
  <testcase name="TestALotOfAdding" classname="LocalCMCTests" time="0.0"/>
  <testcase name="TestALotOfAdding" classname="LocalCMCTests" time="0.0"/>
  <testcase name="TestALotOfAdding" classname="LocalCMCTests" time="0.001"/>
  <testcase name="TestALotOfAdding" classname="LocalCMCTests" time="0.0"/>
  <testcase name="TestALotOfAdding" classname="LocalCMCTests" time="0.0"/>
  <testcase name="TestALotOfAdding" classname="LocalCMCTests" time="0.001"/>
  <testcase name="TestALotOfAdding" classname="LocalCMCTests" time="0.0"/>
  <testcase name="TestALotOfAdding" classname="LocalCMCTests" time="0.001"/>
  <testcase name="TestALotOfAdding" classname="LocalCMCTests" time="0.0"/>
  <testcase name="TestALotOfAdding" classname="LocalCMCTests" time="0.001"/>
  <testcase name="TestALotOfAdding" classname="LocalCMCTests" time="0.0"/>
  <testcase name="TestALotOfAdding" classname="LocalCMCTests" time="0.001"/>
  <testcase name="TestALotOfAdding" classname="LocalCMCTests" time="0.001"/>
  <testcase name="TestALotOfAdding" classname="LocalCMCTests" time="0.001"/>
  <testcase name="TestALotOfAdding" classname="LocalCMCTests" time="0.001"/>
  <testcase name="TestALotOfAdding" classname="LocalCMCTests" time="0.0"/>
  <testcase name="TestALotOfAdding" classname="LocalCMCTests" time="0.001"/>
  <testcase name="TestALotOfAdding" classname="LocalCMCTests" time="0.0"/>
  <testcase name="TestALotOfAdding" classname="LocalCMCTests" time="0.0"/>
  <testcase name="TestALotOfAdding" classname="LocalCMCTests" time="0.0"/>
  <testcase name="TestALotOfAdding" classname="LocalCMCTests" time="0.001"/>
  <testcase name="TestALotOfAdding" classname="LocalCMCTests" time="0.001"/>
  <testcase name="TestALotOfAdding" classname="LocalCMCTests" time="0.001"/>
  <testcase name="TestALotOfAdding" classname="LocalCMCTests" time="0.002"/>
  <testcase name="TestALotOfAdding" classname="LocalCMCTests" time="0.001"/>
  <testcase name="TestALotOfAdding" classname="LocalCMCTests" time="0.001"/>
  <testcase name="TestALotOfAdding" classname="LocalCMCTests" time="0.0"/>
  <testcase name="TestALotOfAdding" classname="LocalCMCTests" time="0.001"/>
  <testcase name="TestALotOfAdding" classname="LocalCMCTests" time="0.001"/>
  <testcase name="TestALotOfAdding" classname="LocalCMCTests" time="0.001"/>
  <testcase name="TestALotOfAdding" classname="LocalCMCTests" time="0.001"/>
  <testcase name="TestALotOfAdding" classname="LocalCMCTests" time="0.001"/>
  <testcase name="TestALotOfAdding" classname="LocalCMCTests" time="0.0"/>
  <testcase name="TestALotOfAdding" classname="LocalCMCTests" time="0.0"/>
  <testcase name="TestALotOfAdding" classname="LocalCMCTests" time="0.0"/>
  <testcase name="TestALotOfAdding" classname="LocalCMCTests" time="0.0"/>
  <testcase name="TestALotOfAdding" classname="LocalCMCTests" time="0.001"/>
  <testcase name="TestALotOfAdding" classname="LocalCMCTests" time="0.001"/>
  <testcase name="TestALotOfAdding" classname="LocalCMCTests" time="0.002"/>
  <testcase name="TestALotOfAdding" classname="LocalCMCTests" time="0.001"/>
  <testcase name="TestALotOfAdding" classname="LocalCMCTests" time="0.0"/>
  <testcase name="TestALotOfAdding" classname="LocalCMCTests" time="0.001"/>
  <testcase name="TestALotOfAdding" classname="LocalCMCTests" time="0.001"/>
  <testcase name="TestALotOfAdding" classname="LocalCMCTests" time="0.001"/>
  <testcase name="TestALotOfAdding" classname="LocalCMCTests" time="0.001"/>
  <testcase name="TestALotOfAdding" classname="LocalCMCTests" time="0.001"/>
  <testcase name="TestALotOfAdding" classname="LocalCMCTests" time="0.0"/>
  <testcase name="TestALotOfAdding" classname="LocalCMCTests" time="0.001"/>
  <testcase name="TestALotOfAdding" classname="LocalCMCTests" time="0.0"/>
  <testcase name="TestALotOfAdding" classname="LocalCMCTests" time="0.0"/>
  <testcase name="TestALotOfAdding" classname="LocalCMCTests" time="0.0"/>
  <testcase name="TestALotOfAdding" classname="LocalCMCTests" time="0.0"/>
  <testcase name="TestALotOfAdding" classname="LocalCMCTests" time="0.001"/>
  <testcase name="TestALotOfAdding" classname="LocalCMCTests" time="0.001"/>
  <testcase name="TestALotOfAdding" classname="LocalCMCTests" time="0.001"/>
  <testcase name="TestALotOfAdding" classname="LocalCMCTests" time="0.001"/>
  <testcase name="TestALotOfAdding" classname="LocalCMCTests" time="0.001"/>
  <testcase name="TestALotOfAdding" classname="LocalCMCTests" time="0.001"/>
  <testcase name="TestALotOfAdding" classname="LocalCMCTests" time="0.001"/>
  <testcase name="TestALotOfAdding" classname="LocalCMCTests" time="0.001"/>
  <testcase name="TestALotOfAdding" classname="LocalCMCTests" time="0.002"/>
  <testcase name="TestALotOfAdding" classname="LocalCMCTests" time="0.0"/>
  <testcase name="TestALotOfAdding" classname="LocalCMCTests" time="0.0"/>
  <testcase name="TestALotOfAdding" classname="LocalCMCTests" time="0.0"/>
  <testcase name="TestALotOfAdding" classname="LocalCMCTests" time="0.0"/>
  <testcase name="TestALotOfAdding" classname="LocalCMCTests" time="0.0"/>
  <testcase name="TestALotOfAdding" classname="LocalCMCTests" time="0.0"/>
  <testcase name="TestALotOfAdding" classname="LocalCMCTests" time="0.0"/>
  <testcase name="TestALotOfAdding" classname="LocalCMCTests" time="0.0"/>
  <testcase name="TestALotOfAdding" classname="LocalCMCTests" time="0.0"/>
  <testcase name="TestALotOfAdding" classname="LocalCMCTests" time="0.001"/>
  <testcase name="TestALotOfAdding" classname="LocalCMCTests" time="0.0"/>
  <testcase name="TestALotOfAdding" classname="LocalCMCTests" time="0.001"/>
  <testcase name="TestALotOfAdding" classname="LocalCMCTests" time="0.001"/>
  <testcase name="TestALotOfAdding" classname="LocalCMCTests" time="0.001"/>
  <testcase name="TestALotOfAdding" classname="LocalCMCTests" time="0.0"/>
  <testcase name="TestALotOfAdding" classname="LocalCMCTests" time="0.001"/>
  <testcase name="TestALotOfAdding" classname="LocalCMCTests" time="0.001"/>
  <testcase name="TestALotOfAdding" classname="LocalCMCTests" time="0.001"/>
  <testcase name="TestALotOfAdding" classname="LocalCMCTests" time="0.002"/>
  <testcase name="TestALotOfAdding" classname="LocalCMCTests" time="0.0"/>
  <testcase name="TestALotOfAdding" classname="LocalCMCTests" time="0.0"/>
  <testcase name="TestALotOfAdding" classname="LocalCMCTests" time="0.0"/>
  <testcase name="TestALotOfAdding" classname="LocalCMCTests" time="0.0"/>
  <testcase name="TestALotOfAdding" classname="LocalCMCTests" time="0.0"/>
  <testcase name="TestALotOfAdding" classname="LocalCMCTests" time="0.001"/>
  <testcase name="TestALotOfAdding" classname="LocalCMCTests" time="0.0"/>
  <testcase name="TestALotOfAdding" classname="LocalCMCTests" time="0.001"/>
  <testcase name="TestALotOfAdding" classname="LocalCMCTests" time="0.001"/>
  <testcase name="TestALotOfAdding" classname="LocalCMCTests" time="0.0"/>
  <testcase name="TestALotOfAdding" classname="LocalCMCTests" time="0.001"/>
  <testcase name="TestALotOfAdding" classname="LocalCMCTests" time="0.0"/>
  <testcase name="TestALotOfAdding" classname="LocalCMCTests" time="0.0"/>
  <testcase name="TestALotOfAdding" classname="LocalCMCTests" time="0.001"/>
  <testcase name="TestALotOfAdding" classname="LocalCMCTests" time="0.001"/>
  <testcase name="TestALotOfAdding" classname="LocalCMCTests" time="0.0"/>
  <testcase name="TestALotOfAdding" classname="LocalCMCTests" time="0.0"/>
  <testcase name="TestALotOfAdding" classname="LocalCMCTests" time="0.001"/>
  <testcase name="TestALotOfAdding" classname="LocalCMCTests" time="0.002"/>
  <testcase name="TestALotOfAdding" classname="LocalCMCTests" time="0.001"/>
  <testcase name="TestALotOfAdding" classname="LocalCMCTests" time="0.001"/>
  <testcase name="TestALotOfAdding" classname="LocalCMCTests" time="0.001"/>
  <testcase name="TestALotOfAdding" classname="LocalCMCTests" time="0.002"/>
  <testcase name="TestALotOfAdding" classname="LocalCMCTests" time="0.0"/>
  <testcase name="TestALotOfAdding" classname="LocalCMCTests" time="0.001"/>
  <testcase name="TestALotOfAdding" classname="LocalCMCTests" time="0.0"/>
  <testcase name="TestALotOfAdding" classname="LocalCMCTests" time="0.001"/>
  <testcase name="TestALotOfAdding" classname="LocalCMCTests" time="0.001"/>
  <testcase name="TestALotOfAdding" classname="LocalCMCTests" time="0.0"/>
  <testcase name="TestALotOfAdding" classname="LocalCMCTests" time="0.001"/>
  <testcase name="TestALotOfAdding" classname="LocalCMCTests" time="0.0"/>
  <testcase name="TestALotOfAdding" classname="LocalCMCTests" time="0.0"/>
  <testcase name="TestALotOfAdding" classname="LocalCMCTests" time="0.0"/>
  <testcase name="TestALotOfAdding" classname="LocalCMCTests" time="0.001"/>
  <testcase name="TestALotOfAdding" classname="LocalCMCTests" time="0.003"/>
  <testcase name="TestALotOfAdding" classname="LocalCMCTests" time="0.001"/>
  <testcase name="TestALotOfAdding" classname="LocalCMCTests" time="0.002"/>
  <testcase name="TestALotOfAdding" classname="LocalCMCTests" time="0.001"/>
  <testcase name="TestALotOfAdding" classname="LocalCMCTests" time="0.0"/>
  <testcase name="TestALotOfAdding" classname="LocalCMCTests" time="0.0"/>
  <testcase name="TestALotOfAdding" classname="LocalCMCTests" time="0.0"/>
  <testcase name="TestALotOfAdding" classname="LocalCMCTests" time="0.001"/>
  <testcase name="TestALotOfAdding" classname="LocalCMCTests" time="0.001"/>
  <testcase name="TestALotOfAdding" classname="LocalCMCTests" time="0.001"/>
  <testcase name="TestALotOfAdding" classname="LocalCMCTests" time="0.001"/>
  <testcase name="TestALotOfAdding" classname="LocalCMCTests" time="0.0"/>
  <testcase name="TestALotOfAdding" classname="LocalCMCTests" time="0.0"/>
  <testcase name="TestALotOfAdding" classname="LocalCMCTests" time="0.0"/>
  <testcase name="TestALotOfAdding" classname="LocalCMCTests" time="0.0"/>
  <testcase name="TestALotOfAdding" classname="LocalCMCTests" time="0.0"/>
  <testcase name="TestALotOfAdding" classname="LocalCMCTests" time="0.001"/>
  <testcase name="TestALotOfAdding" classname="LocalCMCTests" time="0.001"/>
  <testcase name="TestALotOfAdding" classname="LocalCMCTests" time="0.001"/>
  <testcase name="TestALotOfAdding" classname="LocalCMCTests" time="0.001"/>
  <testcase name="TestALotOfAdding" classname="LocalCMCTests" time="0.001"/>
  <testcase name="TestALotOfAdding" classname="LocalCMCTests" time="0.001"/>
  <testcase name="TestALotOfAdding" classname="LocalCMCTests" time="0.002"/>
  <testcase name="TestALotOfAdding" classname="LocalCMCTests" time="0.0"/>
  <testcase name="TestALotOfAdding" classname="LocalCMCTests" time="0.001"/>
  <testcase name="TestALotOfAdding" classname="LocalCMCTests" time="0.0"/>
  <testcase name="TestALotOfAdding" classname="LocalCMCTests" time="0.0"/>
  <testcase name="TestALotOfAdding" classname="LocalCMCTests" time="0.0"/>
  <testcase name="TestALotOfAdding" classname="LocalCMCTests" time="0.0"/>
  <testcase name="TestALotOfAdding" classname="LocalCMCTests" time="0.001"/>
  <testcase name="TestALotOfAdding" classname="LocalCMCTests" time="0.001"/>
  <testcase name="TestALotOfAdding" classname="LocalCMCTests" time="0.0"/>
  <testcase name="TestALotOfAdding" classname="LocalCMCTests" time="0.0"/>
  <testcase name="TestALotOfAdding" classname="LocalCMCTests" time="0.001"/>
  <testcase name="TestALotOfAdding" classname="LocalCMCTests" time="0.001"/>
  <testcase name="TestALotOfAdding" classname="LocalCMCTests" time="0.001"/>
  <testcase name="TestALotOfAdding" classname="LocalCMCTests" time="0.001"/>
  <testcase name="TestALotOfAdding" classname="LocalCMCTests" time="0.001"/>
  <testcase name="TestALotOfAdding" classname="LocalCMCTests" time="0.0"/>
  <testcase name="TestALotOfAdding" classname="LocalCMCTests" time="0.0"/>
  <testcase name="TestALotOfAdding" classname="LocalCMCTests" time="0.001"/>
  <testcase name="TestALotOfAdding" classname="LocalCMCTests" time="0.0"/>
  <testcase name="TestALotOfAdding" classname="LocalCMCTests" time="0.0"/>
  <testcase name="TestALotOfAdding" classname="LocalCMCTests" time="0.001"/>
  <testcase name="TestALotOfAdding" classname="LocalCMCTests" time="0.001"/>
  <testcase name="TestALotOfAdding" classname="LocalCMCTests" time="0.0"/>
  <testcase name="TestALotOfAdding" classname="LocalCMCTests" time="0.001"/>
  <testcase name="TestALotOfAdding" classname="LocalCMCTests" time="0.0"/>
  <testcase name="TestALotOfAdding" classname="LocalCMCTests" time="0.001"/>
  <testcase name="TestALotOfAdding" classname="LocalCMCTests" time="0.001"/>
  <testcase name="TestALotOfAdding" classname="LocalCMCTests" time="0.0"/>
  <testcase name="TestALotOfAdding" classname="LocalCMCTests" time="0.001"/>
  <testcase name="TestALotOfAdding" classname="LocalCMCTests" time="0.001"/>
  <testcase name="TestALotOfAdding" classname="LocalCMCTests" time="0.0"/>
  <testcase name="TestALotOfAdding" classname="LocalCMCTests" time="0.001"/>
  <testcase name="TestALotOfAdding" classname="LocalCMCTests" time="0.001"/>
  <testcase name="TestALotOfAdding" classname="LocalCMCTests" time="0.001"/>
  <testcase name="TestALotOfAdding" classname="LocalCMCTests" time="0.001"/>
  <testcase name="TestALotOfAdding" classname="LocalCMCTests" time="0.0"/>
  <testcase name="TestALotOfAdding" classname="LocalCMCTests" time="0.0"/>
  <testcase name="TestALotOfAdding" classname="LocalCMCTests" time="0.001"/>
  <testcase name="TestALotOfAdding" classname="LocalCMCTests" time="0.0"/>
  <testcase name="TestALotOfAdding" classname="LocalCMCTests" time="0.0"/>
  <testcase name="TestALotOfAdding" classname="LocalCMCTests" time="0.0"/>
  <testcase name="TestALotOfAdding" classname="LocalCMCTests" time="0.002"/>
  <testcase name="TestALotOfAdding" classname="LocalCMCTests" time="0.001"/>
  <testcase name="TestALotOfAdding" classname="LocalCMCTests" time="0.0"/>
  <testcase name="TestALotOfAdding" classname="LocalCMCTests" time="0.0"/>
  <testcase name="TestALotOfAdding" classname="LocalCMCTests" time="0.0"/>
  <testcase name="TestALotOfAdding" classname="LocalCMCTests" time="0.001"/>
  <testcase name="TestALotOfAdding" classname="LocalCMCTests" time="0.001"/>
  <testcase name="TestALotOfAdding" classname="LocalCMCTests" time="0.0"/>
  <testcase name="TestALotOfAdding" classname="LocalCMCTests" time="0.001"/>
  <testcase name="TestALotOfAdding" classname="LocalCMCTests" time="0.0"/>
  <testcase name="TestALotOfAdding" classname="LocalCMCTests" time="0.001"/>
  <testcase name="TestALotOfAdding" classname="LocalCMCTests" time="0.0"/>
  <testcase name="TestALotOfAdding" classname="LocalCMCTests" time="0.001"/>
  <testcase name="TestALotOfAdding" classname="LocalCMCTests" time="0.001"/>
  <testcase name="TestALotOfAdding" classname="LocalCMCTests" time="0.001"/>
  <testcase name="TestALotOfAdding" classname="LocalCMCTests" time="0.001"/>
  <testcase name="TestALotOfAdding" classname="LocalCMCTests" time="0.0"/>
  <testcase name="TestALotOfAdding" classname="LocalCMCTests" time="0.001"/>
  <testcase name="TestALotOfAdding" classname="LocalCMCTests" time="0.0"/>
  <testcase name="TestALotOfAdding" classname="LocalCMCTests" time="0.001"/>
  <testcase name="TestALotOfAdding" classname="LocalCMCTests" time="0.0"/>
  <testcase name="TestALotOfAdding" classname="LocalCMCTests" time="0.0"/>
  <testcase name="TestALotOfAdding" classname="LocalCMCTests" time="0.001"/>
  <testcase name="TestALotOfAdding" classname="LocalCMCTests" time="0.001"/>
  <testcase name="TestALotOfAdding" classname="LocalCMCTests" time="0.0"/>
  <testcase name="TestALotOfAdding" classname="LocalCMCTests" time="0.001"/>
  <testcase name="TestALotOfAdding" classname="LocalCMCTests" time="0.001"/>
  <testcase name="TestALotOfAdding" classname="LocalCMCTests" time="0.001"/>
  <testcase name="TestALotOfAdding" classname="LocalCMCTests" time="0.0"/>
  <testcase name="TestALotOfAdding" classname="LocalCMCTests" time="0.001"/>
  <testcase name="TestALotOfAdding" classname="LocalCMCTests" time="0.0"/>
  <testcase name="TestALotOfAdding" classname="LocalCMCTests" time="0.0"/>
  <testcase name="TestALotOfAdding" classname="LocalCMCTests" time="0.001"/>
  <testcase name="TestALotOfAdding" classname="LocalCMCTests" time="0.001"/>
  <testcase name="TestALotOfAdding" classname="LocalCMCTests" time="0.0"/>
  <testcase name="TestALotOfAdding" classname="LocalCMCTests" time="0.001"/>
  <testcase name="TestALotOfAdding" classname="LocalCMCTests" time="0.0"/>
  <testcase name="TestALotOfAdding" classname="LocalCMCTests" time="0.002"/>
  <testcase name="TestALotOfAdding" classname="LocalCMCTests" time="0.001"/>
  <testcase name="TestALotOfAdding" classname="LocalCMCTests" time="0.0"/>
  <testcase name="TestALotOfAdding" classname="LocalCMCTests" time="0.001"/>
  <testcase name="TestALotOfAdding" classname="LocalCMCTests" time="0.0"/>
  <testcase name="TestALotOfAdding" classname="LocalCMCTests" time="0.0"/>
  <testcase name="TestALotOfAdding" classname="LocalCMCTests" time="0.001"/>
  <testcase name="TestALotOfAdding" classname="LocalCMCTests" time="0.001"/>
  <testcase name="TestALotOfAdding" classname="LocalCMCTests" time="0.001"/>
  <testcase name="TestALotOfAdding" classname="LocalCMCTests" time="0.0"/>
  <testcase name="TestALotOfAdding" classname="LocalCMCTests" time="0.0"/>
  <testcase name="TestALotOfAdding" classname="LocalCMCTests" time="0.001"/>
  <testcase name="TestALotOfAdding" classname="LocalCMCTests" time="0.001"/>
  <testcase name="TestALotOfAdding" classname="LocalCMCTests" time="0.002"/>
  <testcase name="TestALotOfAdding" classname="LocalCMCTests" time="0.001"/>
  <testcase name="TestALotOfAdding" classname="LocalCMCTests" time="0.0"/>
  <testcase name="TestALotOfAdding" classname="LocalCMCTests" time="0.001"/>
  <testcase name="TestALotOfAdding" classname="LocalCMCTests" time="0.001"/>
  <testcase name="TestALotOfAdding" classname="LocalCMCTests" time="0.001"/>
  <testcase name="TestALotOfAdding" classname="LocalCMCTests" time="0.0"/>
  <testcase name="TestALotOfAdding" classname="LocalCMCTests" time="0.001"/>
  <testcase name="TestALotOfAdding" classname="LocalCMCTests" time="0.0"/>
  <testcase name="TestALotOfAdding" classname="LocalCMCTests" time="0.001"/>
  <testcase name="TestALotOfAdding" classname="LocalCMCTests" time="0.0"/>
  <testcase name="TestALotOfAdding" classname="LocalCMCTests" time="0.002"/>
  <testcase name="TestALotOfAdding" classname="LocalCMCTests" time="0.0"/>
  <testcase name="TestALotOfAdding" classname="LocalCMCTests" time="0.0"/>
  <testcase name="TestALotOfAdding" classname="LocalCMCTests" time="0.0"/>
  <testcase name="TestALotOfAdding" classname="LocalCMCTests" time="0.0"/>
  <testcase name="TestALotOfAdding" classname="LocalCMCTests" time="0.002"/>
  <testcase name="TestALotOfAdding" classname="LocalCMCTests" time="0.001"/>
  <testcase name="TestALotOfAdding" classname="LocalCMCTests" time="0.001"/>
  <testcase name="TestALotOfAdding" classname="LocalCMCTests" time="0.001"/>
  <testcase name="TestALotOfAdding" classname="LocalCMCTests" time="0.001"/>
  <testcase name="TestALotOfAdding" classname="LocalCMCTests" time="0.001"/>
  <testcase name="TestALotOfAdding" classname="LocalCMCTests" time="0.001"/>
  <testcase name="TestALotOfAdding" classname="LocalCMCTests" time="0.001"/>
  <testcase name="TestALotOfAdding" classname="LocalCMCTests" time="0.0"/>
  <testcase name="TestALotOfAdding" classname="LocalCMCTests" time="0.0"/>
  <testcase name="TestALotOfAdding" classname="LocalCMCTests" time="0.0"/>
  <testcase name="TestALotOfAdding" classname="LocalCMCTests" time="0.001"/>
  <testcase name="TestALotOfAdding" classname="LocalCMCTests" time="0.001"/>
  <testcase name="TestALotOfAdding" classname="LocalCMCTests" time="0.001"/>
  <testcase name="TestALotOfAdding" classname="LocalCMCTests" time="0.001"/>
  <testcase name="TestALotOfAdding" classname="LocalCMCTests" time="0.0"/>
  <testcase name="TestALotOfAdding" classname="LocalCMCTests" time="0.001"/>
  <testcase name="TestALotOfAdding" classname="LocalCMCTests" time="0.0"/>
  <testcase name="TestALotOfAdding" classname="LocalCMCTests" time="0.001"/>
  <testcase name="TestALotOfAdding" classname="LocalCMCTests" time="0.0"/>
  <testcase name="TestALotOfAdding" classname="LocalCMCTests" time="0.0"/>
  <testcase name="TestALotOfAdding" classname="LocalCMCTests" time="0.0"/>
  <testcase name="TestALotOfAdding" classname="LocalCMCTests" time="0.0"/>
  <testcase name="TestALotOfAdding" classname="LocalCMCTests" time="0.0"/>
  <testcase name="TestALotOfAdding" classname="LocalCMCTests" time="0.002"/>
  <testcase name="TestALotOfAdding" classname="LocalCMCTests" time="0.002"/>
  <testcase name="TestALotOfAdding" classname="LocalCMCTests" time="0.002"/>
  <testcase name="TestALotOfAdding" classname="LocalCMCTests" time="0.0"/>
  <testcase name="TestALotOfAdding" classname="LocalCMCTests" time="0.0"/>
  <testcase name="TestALotOfAdding" classname="LocalCMCTests" time="0.0"/>
  <testcase name="TestALotOfAdding" classname="LocalCMCTests" time="0.001"/>
  <testcase name="TestALotOfAdding" classname="LocalCMCTests" time="0.0"/>
  <testcase name="TestALotOfAdding" classname="LocalCMCTests" time="0.001"/>
  <testcase name="TestALotOfAdding" classname="LocalCMCTests" time="0.001"/>
  <testcase name="TestALotOfAdding" classname="LocalCMCTests" time="0.001"/>
  <testcase name="TestALotOfAdding" classname="LocalCMCTests" time="0.001"/>
  <testcase name="TestALotOfAdding" classname="LocalCMCTests" time="0.0"/>
  <testcase name="TestALotOfAdding" classname="LocalCMCTests" time="0.0"/>
  <testcase name="TestALotOfAdding" classname="LocalCMCTests" time="0.001"/>
  <testcase name="TestALotOfAdding" classname="LocalCMCTests" time="0.0"/>
  <testcase name="TestALotOfAdding" classname="LocalCMCTests" time="0.0"/>
  <testcase name="TestALotOfAdding" classname="LocalCMCTests" time="0.001"/>
  <testcase name="TestALotOfAdding" classname="LocalCMCTests" time="0.0"/>
  <testcase name="TestALotOfAdding" classname="LocalCMCTests" time="0.001"/>
  <testcase name="TestALotOfAdding" classname="LocalCMCTests" time="0.001"/>
  <testcase name="TestALotOfAdding" classname="LocalCMCTests" time="0.0"/>
  <testcase name="TestALotOfAdding" classname="LocalCMCTests" time="0.001"/>
  <testcase name="TestALotOfAdding" classname="LocalCMCTests" time="0.001"/>
  <testcase name="TestALotOfAdding" classname="LocalCMCTests" time="0.0"/>
  <testcase name="TestALotOfAdding" classname="LocalCMCTests" time="0.001"/>
  <testcase name="TestALotOfAdding" classname="LocalCMCTests" time="0.0"/>
  <testcase name="TestALotOfAdding" classname="LocalCMCTests" time="0.001"/>
  <testcase name="TestALotOfAdding" classname="LocalCMCTests" time="0.0"/>
  <testcase name="TestALotOfAdding" classname="LocalCMCTests" time="0.001"/>
  <testcase name="TestALotOfAdding" classname="LocalCMCTests" time="0.0"/>
  <testcase name="TestALotOfAdding" classname="LocalCMCTests" time="0.0"/>
  <testcase name="TestALotOfAdding" classname="LocalCMCTests" time="0.0"/>
  <testcase name="TestALotOfAdding" classname="LocalCMCTests" time="0.001"/>
  <testcase name="TestALotOfAdding" classname="LocalCMCTests" time="0.001"/>
  <testcase name="TestALotOfAdding" classname="LocalCMCTests" time="0.002"/>
  <testcase name="TestALotOfAdding" classname="LocalCMCTests" time="0.0"/>
  <testcase name="TestALotOfAdding" classname="LocalCMCTests" time="0.001"/>
  <testcase name="TestALotOfAdding" classname="LocalCMCTests" time="0.001"/>
  <testcase name="TestALotOfAdding" classname="LocalCMCTests" time="0.002"/>
  <testcase name="TestALotOfAdding" classname="LocalCMCTests" time="0.001"/>
  <testcase name="TestALotOfAdding" classname="LocalCMCTests" time="0.0"/>
  <testcase name="TestALotOfAdding" classname="LocalCMCTests" time="0.0"/>
  <testcase name="TestALotOfAdding" classname="LocalCMCTests" time="0.0"/>
  <testcase name="TestALotOfAdding" classname="LocalCMCTests" time="0.0"/>
  <testcase name="TestALotOfAdding" classname="LocalCMCTests" time="0.0"/>
  <testcase name="TestALotOfAdding" classname="LocalCMCTests" time="0.0"/>
  <testcase name="TestALotOfAdding" classname="LocalCMCTests" time="0.0"/>
  <testcase name="TestALotOfAdding" classname="LocalCMCTests" time="0.0"/>
  <testcase name="TestALotOfAdding" classname="LocalCMCTests" time="0.001"/>
  <testcase name="TestALotOfAdding" classname="LocalCMCTests" time="0.001"/>
  <testcase name="TestALotOfAdding" classname="LocalCMCTests" time="0.0"/>
  <testcase name="TestALotOfAdding" classname="LocalCMCTests" time="0.001"/>
  <testcase name="TestALotOfAdding" classname="LocalCMCTests" time="0.001"/>
  <testcase name="TestALotOfAdding" classname="LocalCMCTests" time="0.0"/>
  <testcase name="TestALotOfAdding" classname="LocalCMCTests" time="0.0"/>
  <testcase name="TestALotOfAdding" classname="LocalCMCTests" time="0.001"/>
  <testcase name="TestALotOfAdding" classname="LocalCMCTests" time="0.001"/>
  <testcase name="TestALotOfAdding" classname="LocalCMCTests" time="0.001"/>
  <testcase name="TestALotOfAdding" classname="LocalCMCTests" time="0.0"/>
  <testcase name="TestALotOfAdding" classname="LocalCMCTests" time="0.001"/>
  <testcase name="TestALotOfAdding" classname="LocalCMCTests" time="0.002"/>
  <testcase name="TestALotOfAdding" classname="LocalCMCTests" time="0.0"/>
  <testcase name="TestALotOfAdding" classname="LocalCMCTests" time="0.0"/>
  <testcase name="TestALotOfAdding" classname="LocalCMCTests" time="0.0"/>
  <testcase name="TestALotOfAdding" classname="LocalCMCTests" time="0.001"/>
  <testcase name="TestALotOfAdding" classname="LocalCMCTests" time="0.001"/>
  <testcase name="TestALotOfAdding" classname="LocalCMCTests" time="0.001"/>
  <testcase name="TestALotOfAdding" classname="LocalCMCTests" time="0.001"/>
  <testcase name="TestALotOfAdding" classname="LocalCMCTests" time="0.0"/>
  <testcase name="TestALotOfAdding" classname="LocalCMCTests" time="0.002"/>
  <testcase name="TestALotOfAdding" classname="LocalCMCTests" time="0.002"/>
  <testcase name="TestALotOfAdding" classname="LocalCMCTests" time="0.0"/>
  <testcase name="TestALotOfAdding" classname="LocalCMCTests" time="0.0"/>
  <testcase name="TestALotOfAdding" classname="LocalCMCTests" time="0.001"/>
  <testcase name="TestALotOfAdding" classname="LocalCMCTests" time="0.0"/>
  <testcase name="TestALotOfAdding" classname="LocalCMCTests" time="0.001"/>
  <testcase name="TestALotOfAdding" classname="LocalCMCTests" time="0.0"/>
  <testcase name="TestALotOfAdding" classname="LocalCMCTests" time="0.001"/>
  <testcase name="TestALotOfAdding" classname="LocalCMCTests" time="0.002"/>
  <testcase name="TestALotOfAdding" classname="LocalCMCTests" time="0.001"/>
  <testcase name="TestALotOfAdding" classname="LocalCMCTests" time="0.0"/>
  <testcase name="TestALotOfAdding" classname="LocalCMCTests" time="0.001"/>
  <testcase name="TestALotOfAdding" classname="LocalCMCTests" time="0.0"/>
  <testcase name="TestALotOfAdding" classname="LocalCMCTests" time="0.001"/>
  <testcase name="TestALotOfAdding" classname="LocalCMCTests" time="0.002"/>
  <testcase name="TestALotOfAdding" classname="LocalCMCTests" time="0.0"/>
  <testcase name="TestALotOfAdding" classname="LocalCMCTests" time="0.001"/>
  <testcase name="TestALotOfAdding" classname="LocalCMCTests" time="0.001"/>
  <testcase name="TestALotOfAdding" classname="LocalCMCTests" time="0.0"/>
  <testcase name="TestALotOfAdding" classname="LocalCMCTests" time="0.001"/>
  <testcase name="TestALotOfAdding" classname="LocalCMCTests" time="0.001"/>
  <testcase name="TestALotOfAdding" classname="LocalCMCTests" time="0.0"/>
  <testcase name="TestALotOfAdding" classname="LocalCMCTests" time="0.0"/>
  <testcase name="TestALotOfAdding" classname="LocalCMCTests" time="0.0"/>
  <testcase name="TestALotOfAdding" classname="LocalCMCTests" time="0.0"/>
  <testcase name="TestALotOfAdding" classname="LocalCMCTests" time="0.001"/>
  <testcase name="TestALotOfAdding" classname="LocalCMCTests" time="0.001"/>
  <testcase name="TestALotOfAdding" classname="LocalCMCTests" time="0.001"/>
  <testcase name="TestALotOfAdding" classname="LocalCMCTests" time="0.0"/>
  <testcase name="TestALotOfAdding" classname="LocalCMCTests" time="0.002"/>
  <testcase name="TestALotOfAdding" classname="LocalCMCTests" time="0.0"/>
  <testcase name="TestALotOfAdding" classname="LocalCMCTests" time="0.0"/>
  <testcase name="TestALotOfAdding" classname="LocalCMCTests" time="0.001"/>
  <testcase name="TestALotOfAdding" classname="LocalCMCTests" time="0.001"/>
  <testcase name="TestALotOfAdding" classname="LocalCMCTests" time="0.001"/>
  <testcase name="TestALotOfAdding" classname="LocalCMCTests" time="0.001"/>
  <testcase name="TestALotOfAdding" classname="LocalCMCTests" time="0.001"/>
  <testcase name="TestALotOfAdding" classname="LocalCMCTests" time="0.0"/>
  <testcase name="TestALotOfAdding" classname="LocalCMCTests" time="0.001"/>
  <testcase name="TestALotOfAdding" classname="LocalCMCTests" time="0.0"/>
  <testcase name="TestALotOfAdding" classname="LocalCMCTests" time="0.0"/>
  <testcase name="TestALotOfAdding" classname="LocalCMCTests" time="0.0"/>
  <testcase name="TestALotOfAdding" classname="LocalCMCTests" time="0.0"/>
  <testcase name="TestALotOfAdding" classname="LocalCMCTests" time="0.001"/>
  <testcase name="TestALotOfAdding" classname="LocalCMCTests" time="0.001"/>
  <testcase name="TestALotOfAdding" classname="LocalCMCTests" time="0.0"/>
  <testcase name="TestALotOfAdding" classname="LocalCMCTests" time="0.001"/>
  <testcase name="TestALotOfAdding" classname="LocalCMCTests" time="0.001"/>
  <testcase name="TestALotOfAdding" classname="LocalCMCTests" time="0.0"/>
  <testcase name="TestALotOfAdding" classname="LocalCMCTests" time="0.001"/>
  <testcase name="TestALotOfAdding" classname="LocalCMCTests" time="0.001"/>
  <testcase name="TestALotOfAdding" classname="LocalCMCTests" time="0.001"/>
  <testcase name="TestALotOfAdding" classname="LocalCMCTests" time="0.001"/>
  <testcase name="TestALotOfAdding" classname="LocalCMCTests" time="0.001"/>
  <testcase name="TestALotOfAdding" classname="LocalCMCTests" time="0.0"/>
  <testcase name="TestALotOfAdding" classname="LocalCMCTests" time="0.0"/>
  <testcase name="TestALotOfAdding" classname="LocalCMCTests" time="0.0"/>
  <testcase name="TestALotOfAdding" classname="LocalCMCTests" time="0.001"/>
  <testcase name="TestALotOfAdding" classname="LocalCMCTests" time="0.001"/>
  <testcase name="TestALotOfAdding" classname="LocalCMCTests" time="0.0"/>
  <testcase name="TestALotOfAdding" classname="LocalCMCTests" time="0.001"/>
  <testcase name="TestALotOfAdding" classname="LocalCMCTests" time="0.001"/>
  <testcase name="TestALotOfAdding" classname="LocalCMCTests" time="0.001"/>
  <testcase name="TestALotOfAdding" classname="LocalCMCTests" time="0.0"/>
  <testcase name="TestALotOfAdding" classname="LocalCMCTests" time="0.001"/>
  <testcase name="TestALotOfAdding" classname="LocalCMCTests" time="0.0"/>
  <testcase name="TestALotOfAdding" classname="LocalCMCTests" time="0.0"/>
  <testcase name="TestALotOfAdding" classname="LocalCMCTests" time="0.0"/>
  <testcase name="TestALotOfAdding" classname="LocalCMCTests" time="0.0"/>
  <testcase name="TestALotOfAdding" classname="LocalCMCTests" time="0.001"/>
  <testcase name="TestALotOfAdding" classname="LocalCMCTests" time="0.0"/>
  <testcase name="TestALotOfAdding" classname="LocalCMCTests" time="0.0"/>
  <testcase name="TestALotOfAdding" classname="LocalCMCTests" time="0.002"/>
  <testcase name="TestALotOfAdding" classname="LocalCMCTests" time="0.001"/>
  <testcase name="TestALotOfAdding" classname="LocalCMCTests" time="0.001"/>
  <testcase name="TestALotOfAdding" classname="LocalCMCTests" time="0.002"/>
  <testcase name="TestALotOfAdding" classname="LocalCMCTests" time="0.002"/>
  <testcase name="TestALotOfAdding" classname="LocalCMCTests" time="0.001"/>
  <testcase name="TestALotOfAdding" classname="LocalCMCTests" time="0.0"/>
  <testcase name="TestALotOfAdding" classname="LocalCMCTests" time="0.001"/>
  <testcase name="TestALotOfAdding" classname="LocalCMCTests" time="0.001"/>
  <testcase name="TestALotOfAdding" classname="LocalCMCTests" time="0.001"/>
  <testcase name="TestALotOfAdding" classname="LocalCMCTests" time="0.001"/>
  <testcase name="TestALotOfAdding" classname="LocalCMCTests" time="0.001"/>
  <testcase name="TestALotOfAdding" classname="LocalCMCTests" time="0.0"/>
  <testcase name="TestALotOfAdding" classname="LocalCMCTests" time="0.0"/>
  <testcase name="TestALotOfAdding" classname="LocalCMCTests" time="0.0"/>
  <testcase name="TestALotOfAdding" classname="LocalCMCTests" time="0.0"/>
  <testcase name="TestALotOfAdding" classname="LocalCMCTests" time="0.0"/>
  <testcase name="TestALotOfAdding" classname="LocalCMCTests" time="0.001"/>
  <testcase name="TestALotOfAdding" classname="LocalCMCTests" time="0.001"/>
  <testcase name="TestALotOfAdding" classname="LocalCMCTests" time="0.001"/>
  <testcase name="TestALotOfAdding" classname="LocalCMCTests" time="0.0"/>
  <testcase name="TestALotOfAdding" classname="LocalCMCTests" time="0.0"/>
  <testcase name="TestALotOfAdding" classname="LocalCMCTests" time="0.001"/>
  <testcase name="TestALotOfAdding" classname="LocalCMCTests" time="0.001"/>
  <testcase name="TestALotOfAdding" classname="LocalCMCTests" time="0.001"/>
  <testcase name="TestALotOfAdding" classname="LocalCMCTests" time="0.0"/>
  <testcase name="TestALotOfAdding" classname="LocalCMCTests" time="0.001"/>
  <testcase name="TestALotOfAdding" classname="LocalCMCTests" time="0.0"/>
  <testcase name="TestALotOfAdding" classname="LocalCMCTests" time="0.001"/>
  <testcase name="TestALotOfAdding" classname="LocalCMCTests" time="0.0"/>
  <testcase name="TestALotOfAdding" classname="LocalCMCTests" time="0.001"/>
  <testcase name="TestALotOfAdding" classname="LocalCMCTests" time="0.0"/>
  <testcase name="TestALotOfAdding" classname="LocalCMCTests" time="0.0"/>
  <testcase name="TestALotOfAdding" classname="LocalCMCTests" time="0.0"/>
  <testcase name="TestALotOfAdding" classname="LocalCMCTests" time="0.001"/>
  <testcase name="TestALotOfAdding" classname="LocalCMCTests" time="0.002"/>
  <testcase name="TestALotOfAdding" classname="LocalCMCTests" time="0.0"/>
  <testcase name="TestALotOfAdding" classname="LocalCMCTests" time="0.001"/>
  <testcase name="TestALotOfAdding" classname="LocalCMCTests" time="0.0"/>
  <testcase name="TestALotOfAdding" classname="LocalCMCTests" time="0.001"/>
  <testcase name="TestALotOfAdding" classname="LocalCMCTests" time="0.001"/>
  <testcase name="TestALotOfAdding" classname="LocalCMCTests" time="0.001"/>
  <testcase name="TestALotOfAdding" classname="LocalCMCTests" time="0.001"/>
  <testcase name="TestALotOfAdding" classname="LocalCMCTests" time="0.001"/>
  <testcase name="TestALotOfAdding" classname="LocalCMCTests" time="0.001"/>
  <testcase name="TestALotOfAdding" classname="LocalCMCTests" time="0.0"/>
  <testcase name="TestALotOfAdding" classname="LocalCMCTests" time="0.0"/>
  <testcase name="TestALotOfAdding" classname="LocalCMCTests" time="0.0"/>
  <testcase name="TestALotOfAdding" classname="LocalCMCTests" time="0.0"/>
  <testcase name="TestALotOfAdding" classname="LocalCMCTests" time="0.0"/>
  <testcase name="TestALotOfAdding" classname="LocalCMCTests" time="0.001"/>
  <testcase name="TestALotOfAdding" classname="LocalCMCTests" time="0.0"/>
  <testcase name="TestALotOfAdding" classname="LocalCMCTests" time="0.001"/>
  <testcase name="TestALotOfAdding" classname="LocalCMCTests" time="0.001"/>
  <testcase name="TestALotOfAdding" classname="LocalCMCTests" time="0.0"/>
  <testcase name="TestALotOfAdding" classname="LocalCMCTests" time="0.001"/>
  <testcase name="TestALotOfAdding" classname="LocalCMCTests" time="0.001"/>
  <testcase name="TestALotOfAdding" classname="LocalCMCTests" time="0.001"/>
  <testcase name="TestALotOfAdding" classname="LocalCMCTests" time="0.001"/>
  <testcase name="TestALotOfAdding" classname="LocalCMCTests" time="0.002"/>
  <testcase name="TestALotOfAdding" classname="LocalCMCTests" time="0.0"/>
  <testcase name="TestALotOfAdding" classname="LocalCMCTests" time="0.0"/>
  <testcase name="TestALotOfAdding" classname="LocalCMCTests" time="0.001"/>
  <testcase name="TestALotOfAdding" classname="LocalCMCTests" time="0.0"/>
  <testcase name="TestALotOfAdding" classname="LocalCMCTests" time="0.001"/>
  <testcase name="TestALotOfAdding" classname="LocalCMCTests" time="0.002"/>
  <testcase name="TestALotOfAdding" classname="LocalCMCTests" time="0.001"/>
  <testcase name="TestALotOfAdding" classname="LocalCMCTests" time="0.001"/>
  <testcase name="TestALotOfAdding" classname="LocalCMCTests" time="0.001"/>
  <testcase name="TestALotOfAdding" classname="LocalCMCTests" time="0.0"/>
  <testcase name="TestALotOfAdding" classname="LocalCMCTests" time="0.001"/>
  <testcase name="TestALotOfAdding" classname="LocalCMCTests" time="0.001"/>
  <testcase name="TestALotOfAdding" classname="LocalCMCTests" time="0.0"/>
  <testcase name="TestALotOfAdding" classname="LocalCMCTests" time="0.0"/>
  <testcase name="TestALotOfAdding" classname="LocalCMCTests" time="0.0"/>
  <testcase name="TestALotOfAdding" classname="LocalCMCTests" time="0.0"/>
  <testcase name="TestALotOfAdding" classname="LocalCMCTests" time="0.001"/>
  <testcase name="TestALotOfAdding" classname="LocalCMCTests" time="0.001"/>
  <testcase name="TestALotOfAdding" classname="LocalCMCTests" time="0.0"/>
  <testcase name="TestALotOfAdding" classname="LocalCMCTests" time="0.002"/>
  <testcase name="TestALotOfAdding" classname="LocalCMCTests" time="0.001"/>
  <testcase name="TestALotOfAdding" classname="LocalCMCTests" time="0.001"/>
  <testcase name="TestALotOfAdding" classname="LocalCMCTests" time="0.001"/>
  <testcase name="TestALotOfAdding" classname="LocalCMCTests" time="0.001"/>
  <testcase name="TestALotOfAdding" classname="LocalCMCTests" time="0.001"/>
  <testcase name="TestALotOfAdding" classname="LocalCMCTests" time="0.001"/>
  <testcase name="TestALotOfAdding" classname="LocalCMCTests" time="0.0"/>
  <testcase name="TestALotOfAdding" classname="LocalCMCTests" time="0.0"/>
  <testcase name="TestALotOfAdding" classname="LocalCMCTests" time="0.0"/>
  <testcase name="TestALotOfAdding" classname="LocalCMCTests" time="0.0"/>
  <testcase name="TestALotOfAdding" classname="LocalCMCTests" time="0.001"/>
  <testcase name="TestALotOfAdding" classname="LocalCMCTests" time="0.0"/>
  <testcase name="TestALotOfAdding" classname="LocalCMCTests" time="0.0"/>
  <testcase name="TestALotOfAdding" classname="LocalCMCTests" time="0.0"/>
  <testcase name="TestALotOfAdding" classname="LocalCMCTests" time="0.001"/>
  <testcase name="TestALotOfAdding" classname="LocalCMCTests" time="0.002"/>
  <testcase name="TestALotOfAdding" classname="LocalCMCTests" time="0.001"/>
  <testcase name="TestALotOfAdding" classname="LocalCMCTests" time="0.002"/>
  <testcase name="TestALotOfAdding" classname="LocalCMCTests" time="0.0"/>
  <testcase name="TestALotOfAdding" classname="LocalCMCTests" time="0.001"/>
  <testcase name="TestALotOfAdding" classname="LocalCMCTests" time="0.0"/>
  <testcase name="TestALotOfAdding" classname="LocalCMCTests" time="0.0"/>
  <testcase name="TestALotOfAdding" classname="LocalCMCTests" time="0.001"/>
  <testcase name="TestALotOfAdding" classname="LocalCMCTests" time="0.0"/>
  <testcase name="TestALotOfAdding" classname="LocalCMCTests" time="0.0"/>
  <testcase name="TestALotOfAdding" classname="LocalCMCTests" time="0.0"/>
  <testcase name="TestALotOfAdding" classname="LocalCMCTests" time="0.0"/>
  <testcase name="TestALotOfAdding" classname="LocalCMCTests" time="0.001"/>
  <testcase name="TestALotOfAdding" classname="LocalCMCTests" time="0.001"/>
  <testcase name="TestALotOfAdding" classname="LocalCMCTests" time="0.001"/>
  <testcase name="TestALotOfAdding" classname="LocalCMCTests" time="0.0"/>
  <testcase name="TestALotOfAdding" classname="LocalCMCTests" time="0.0"/>
  <testcase name="TestALotOfAdding" classname="LocalCMCTests" time="0.001"/>
  <testcase name="TestALotOfAdding" classname="LocalCMCTests" time="0.001"/>
  <testcase name="TestALotOfAdding" classname="LocalCMCTests" time="0.0"/>
  <testcase name="TestALotOfAdding" classname="LocalCMCTests" time="0.001"/>
  <testcase name="TestALotOfAdding" classname="LocalCMCTests" time="0.0"/>
  <testcase name="TestALotOfAdding" classname="LocalCMCTests" time="0.001"/>
  <testcase name="TestALotOfAdding" classname="LocalCMCTests" time="0.0"/>
  <testcase name="TestALotOfAdding" classname="LocalCMCTests" time="0.001"/>
  <testcase name="TestALotOfAdding" classname="LocalCMCTests" time="0.0"/>
  <testcase name="TestALotOfAdding" classname="LocalCMCTests" time="0.001"/>
  <testcase name="TestALotOfAdding" classname="LocalCMCTests" time="0.0"/>
  <testcase name="TestALotOfAdding" classname="LocalCMCTests" time="0.0"/>
  <testcase name="TestALotOfAdding" classname="LocalCMCTests" time="0.0"/>
  <testcase name="TestALotOfAdding" classname="LocalCMCTests" time="0.0"/>
  <testcase name="TestALotOfAdding" classname="LocalCMCTests" time="0.0"/>
  <testcase name="TestALotOfAdding" classname="LocalCMCTests" time="0.0"/>
  <testcase name="TestALotOfAdding" classname="LocalCMCTests" time="0.001"/>
  <testcase name="TestALotOfAdding" classname="LocalCMCTests" time="0.001"/>
  <testcase name="TestALotOfAdding" classname="LocalCMCTests" time="0.002"/>
  <testcase name="TestALotOfAdding" classname="LocalCMCTests" time="0.002"/>
  <testcase name="TestALotOfAdding" classname="LocalCMCTests" time="0.001"/>
  <testcase name="TestALotOfAdding" classname="LocalCMCTests" time="0.0"/>
  <testcase name="TestALotOfAdding" classname="LocalCMCTests" time="0.001"/>
  <testcase name="TestALotOfAdding" classname="LocalCMCTests" time="0.0"/>
  <testcase name="TestALotOfAdding" classname="LocalCMCTests" time="0.001"/>
  <testcase name="TestALotOfAdding" classname="LocalCMCTests" time="0.001"/>
  <testcase name="TestALotOfAdding" classname="LocalCMCTests" time="0.001"/>
  <testcase name="TestALotOfAdding" classname="LocalCMCTests" time="0.0"/>
  <testcase name="TestALotOfAdding" classname="LocalCMCTests" time="0.001"/>
  <testcase name="TestALotOfAdding" classname="LocalCMCTests" time="0.0"/>
  <testcase name="TestALotOfAdding" classname="LocalCMCTests" time="0.002"/>
  <testcase name="TestALotOfAdding" classname="LocalCMCTests" time="0.002"/>
  <testcase name="TestALotOfAdding" classname="LocalCMCTests" time="0.003"/>
  <testcase name="TestALotOfAdding" classname="LocalCMCTests" time="0.002"/>
  <testcase name="TestALotOfAdding" classname="LocalCMCTests" time="0.002"/>
  <testcase name="TestALotOfAdding" classname="LocalCMCTests" time="0.003"/>
  <testcase name="TestALotOfAdding" classname="LocalCMCTests" time="0.002"/>
  <testcase name="TestALotOfAdding" classname="LocalCMCTests" time="0.002"/>
  <testcase name="TestALotOfAdding" classname="LocalCMCTests" time="0.0"/>
  <testcase name="TestALotOfAdding" classname="LocalCMCTests" time="0.0"/>
  <testcase name="TestALotOfAdding" classname="LocalCMCTests" time="0.0"/>
  <testcase name="TestALotOfAdding" classname="LocalCMCTests" time="0.002"/>
  <testcase name="TestALotOfAdding" classname="LocalCMCTests" time="0.0"/>
  <testcase name="TestALotOfAdding" classname="LocalCMCTests" time="0.0"/>
  <testcase name="TestALotOfAdding" classname="LocalCMCTests" time="0.001"/>
  <testcase name="TestALotOfAdding" classname="LocalCMCTests" time="0.001"/>
  <testcase name="TestALotOfAdding" classname="LocalCMCTests" time="0.0"/>
  <testcase name="TestALotOfAdding" classname="LocalCMCTests" time="0.0"/>
  <testcase name="TestALotOfAdding" classname="LocalCMCTests" time="0.001"/>
  <testcase name="TestALotOfAdding" classname="LocalCMCTests" time="0.001"/>
  <testcase name="TestALotOfAdding" classname="LocalCMCTests" time="0.002"/>
  <testcase name="TestALotOfAdding" classname="LocalCMCTests" time="0.001"/>
  <testcase name="TestALotOfAdding" classname="LocalCMCTests" time="0.001"/>
  <testcase name="TestALotOfAdding" classname="LocalCMCTests" time="0.0"/>
  <testcase name="TestALotOfAdding" classname="LocalCMCTests" time="0.001"/>
  <testcase name="TestALotOfAdding" classname="LocalCMCTests" time="0.0"/>
  <testcase name="TestALotOfAdding" classname="LocalCMCTests" time="0.0"/>
  <testcase name="TestALotOfAdding" classname="LocalCMCTests" time="0.0"/>
  <testcase name="TestALotOfAdding" classname="LocalCMCTests" time="0.0"/>
  <testcase name="TestALotOfAdding" classname="LocalCMCTests" time="0.001"/>
  <testcase name="TestALotOfAdding" classname="LocalCMCTests" time="0.0"/>
  <testcase name="TestALotOfAdding" classname="LocalCMCTests" time="0.001"/>
  <testcase name="TestALotOfAdding" classname="LocalCMCTests" time="0.0"/>
  <testcase name="TestALotOfAdding" classname="LocalCMCTests" time="0.001"/>
  <testcase name="TestALotOfAdding" classname="LocalCMCTests" time="0.002"/>
  <testcase name="TestALotOfAdding" classname="LocalCMCTests" time="0.0"/>
  <testcase name="TestALotOfAdding" classname="LocalCMCTests" time="0.001"/>
  <testcase name="TestALotOfAdding" classname="LocalCMCTests" time="0.001"/>
  <testcase name="TestALotOfAdding" classname="LocalCMCTests" time="0.0"/>
  <testcase name="TestALotOfAdding" classname="LocalCMCTests" time="0.0"/>
  <testcase name="TestALotOfAdding" classname="LocalCMCTests" time="0.001"/>
  <testcase name="TestALotOfAdding" classname="LocalCMCTests" time="0.001"/>
  <testcase name="TestALotOfAdding" classname="LocalCMCTests" time="0.0"/>
  <testcase name="TestALotOfAdding" classname="LocalCMCTests" time="0.001"/>
  <testcase name="TestALotOfAdding" classname="LocalCMCTests" time="0.001"/>
  <testcase name="TestALotOfAdding" classname="LocalCMCTests" time="0.001"/>
  <testcase name="TestALotOfAdding" classname="LocalCMCTests" time="0.0"/>
  <testcase name="TestALotOfAdding" classname="LocalCMCTests" time="0.0"/>
  <testcase name="TestALotOfAdding" classname="LocalCMCTests" time="0.001"/>
  <testcase name="TestALotOfAdding" classname="LocalCMCTests" time="0.001"/>
  <testcase name="TestALotOfAdding" classname="LocalCMCTests" time="0.001"/>
  <testcase name="TestALotOfAdding" classname="LocalCMCTests" time="0.001"/>
  <testcase name="TestALotOfAdding" classname="LocalCMCTests" time="0.0"/>
  <testcase name="TestALotOfAdding" classname="LocalCMCTests" time="0.0"/>
  <testcase name="TestALotOfAdding" classname="LocalCMCTests" time="0.0"/>
  <testcase name="TestALotOfAdding" classname="LocalCMCTests" time="0.0"/>
  <testcase name="TestALotOfAdding" classname="LocalCMCTests" time="0.001"/>
  <testcase name="TestALotOfAdding" classname="LocalCMCTests" time="0.001"/>
  <testcase name="TestALotOfAdding" classname="LocalCMCTests" time="0.002"/>
  <testcase name="TestALotOfAdding" classname="LocalCMCTests" time="0.001"/>
  <testcase name="TestALotOfAdding" classname="LocalCMCTests" time="0.001"/>
  <testcase name="TestALotOfAdding" classname="LocalCMCTests" time="0.0"/>
  <testcase name="TestALotOfAdding" classname="LocalCMCTests" time="0.001"/>
  <testcase name="TestALotOfAdding" classname="LocalCMCTests" time="0.001"/>
  <testcase name="TestALotOfAdding" classname="LocalCMCTests" time="0.001"/>
  <testcase name="TestALotOfAdding" classname="LocalCMCTests" time="0.0"/>
  <testcase name="TestALotOfAdding" classname="LocalCMCTests" time="0.001"/>
  <testcase name="TestALotOfAdding" classname="LocalCMCTests" time="0.001"/>
  <testcase name="TestALotOfAdding" classname="LocalCMCTests" time="0.002"/>
  <testcase name="TestALotOfAdding" classname="LocalCMCTests" time="0.001"/>
  <testcase name="TestALotOfAdding" classname="LocalCMCTests" time="0.0"/>
  <testcase name="TestALotOfAdding" classname="LocalCMCTests" time="0.0"/>
  <testcase name="TestALotOfAdding" classname="LocalCMCTests" time="0.0"/>
  <testcase name="TestALotOfAdding" classname="LocalCMCTests" time="0.0"/>
  <testcase name="TestALotOfAdding" classname="LocalCMCTests" time="0.001"/>
  <testcase name="TestALotOfAdding" classname="LocalCMCTests" time="0.001"/>
  <testcase name="TestALotOfAdding" classname="LocalCMCTests" time="0.001"/>
  <testcase name="TestALotOfAdding" classname="LocalCMCTests" time="0.0"/>
  <testcase name="TestALotOfAdding" classname="LocalCMCTests" time="0.001"/>
  <testcase name="TestALotOfAdding" classname="LocalCMCTests" time="0.001"/>
  <testcase name="TestALotOfAdding" classname="LocalCMCTests" time="0.0"/>
  <testcase name="TestALotOfAdding" classname="LocalCMCTests" time="0.001"/>
  <testcase name="TestALotOfAdding" classname="LocalCMCTests" time="0.001"/>
  <testcase name="TestALotOfAdding" classname="LocalCMCTests" time="0.001"/>
  <testcase name="TestALotOfAdding" classname="LocalCMCTests" time="0.0"/>
  <testcase name="TestALotOfAdding" classname="LocalCMCTests" time="0.001"/>
  <testcase name="TestALotOfAdding" classname="LocalCMCTests" time="0.0"/>
  <testcase name="TestALotOfAdding" classname="LocalCMCTests" time="0.001"/>
  <testcase name="TestALotOfAdding" classname="LocalCMCTests" time="0.0"/>
  <testcase name="TestALotOfAdding" classname="LocalCMCTests" time="0.001"/>
  <testcase name="TestALotOfAdding" classname="LocalCMCTests" time="0.001"/>
  <testcase name="TestALotOfAdding" classname="LocalCMCTests" time="0.002"/>
  <testcase name="TestALotOfAdding" classname="LocalCMCTests" time="0.001"/>
  <testcase name="TestALotOfAdding" classname="LocalCMCTests" time="0.0"/>
  <testcase name="TestALotOfAdding" classname="LocalCMCTests" time="0.001"/>
  <testcase name="TestALotOfAdding" classname="LocalCMCTests" time="0.0"/>
  <testcase name="TestALotOfAdding" classname="LocalCMCTests" time="0.0"/>
  <testcase name="TestALotOfAdding" classname="LocalCMCTests" time="0.001"/>
  <testcase name="TestALotOfAdding" classname="LocalCMCTests" time="0.0"/>
  <testcase name="TestALotOfAdding" classname="LocalCMCTests" time="0.0"/>
  <testcase name="TestALotOfAdding" classname="LocalCMCTests" time="0.001"/>
  <testcase name="TestALotOfAdding" classname="LocalCMCTests" time="0.001"/>
  <testcase name="TestALotOfAdding" classname="LocalCMCTests" time="0.001"/>
  <testcase name="TestALotOfAdding" classname="LocalCMCTests" time="0.001"/>
  <testcase name="TestALotOfAdding" classname="LocalCMCTests" time="0.001"/>
  <testcase name="TestALotOfAdding" classname="LocalCMCTests" time="0.001"/>
  <testcase name="TestALotOfAdding" classname="LocalCMCTests" time="0.0"/>
  <testcase name="TestALotOfAdding" classname="LocalCMCTests" time="0.0"/>
  <testcase name="TestALotOfAdding" classname="LocalCMCTests" time="0.001"/>
  <testcase name="TestALotOfAdding" classname="LocalCMCTests" time="0.0"/>
  <testcase name="TestALotOfAdding" classname="LocalCMCTests" time="0.0"/>
  <testcase name="TestALotOfAdding" classname="LocalCMCTests" time="0.0"/>
  <testcase name="TestALotOfAdding" classname="LocalCMCTests" time="0.0"/>
  <testcase name="TestALotOfAdding" classname="LocalCMCTests" time="0.002"/>
  <testcase name="TestALotOfAdding" classname="LocalCMCTests" time="0.001"/>
  <testcase name="TestALotOfAdding" classname="LocalCMCTests" time="0.0"/>
  <testcase name="TestALotOfAdding" classname="LocalCMCTests" time="0.0"/>
  <testcase name="TestALotOfAdding" classname="LocalCMCTests" time="0.0"/>
  <testcase name="TestALotOfAdding" classname="LocalCMCTests" time="0.0"/>
  <testcase name="TestALotOfAdding" classname="LocalCMCTests" time="0.001"/>
  <testcase name="TestALotOfAdding" classname="LocalCMCTests" time="0.001"/>
  <testcase name="TestALotOfAdding" classname="LocalCMCTests" time="0.001"/>
  <testcase name="TestALotOfAdding" classname="LocalCMCTests" time="0.003"/>
  <testcase name="TestALotOfAdding" classname="LocalCMCTests" time="0.0"/>
  <testcase name="TestALotOfAdding" classname="LocalCMCTests" time="0.001"/>
  <testcase name="TestALotOfAdding" classname="LocalCMCTests" time="0.001"/>
  <testcase name="TestALotOfAdding" classname="LocalCMCTests" time="0.001"/>
  <testcase name="TestALotOfAdding" classname="LocalCMCTests" time="0.001"/>
  <testcase name="TestALotOfAdding" classname="LocalCMCTests" time="0.001"/>
  <testcase name="TestALotOfAdding" classname="LocalCMCTests" time="0.0"/>
  <testcase name="TestALotOfAdding" classname="LocalCMCTests" time="0.0"/>
  <testcase name="TestALotOfAdding" classname="LocalCMCTests" time="0.0"/>
  <testcase name="TestALotOfAdding" classname="LocalCMCTests" time="0.0"/>
  <testcase name="TestALotOfAdding" classname="LocalCMCTests" time="0.0"/>
  <testcase name="TestALotOfAdding" classname="LocalCMCTests" time="0.001"/>
  <testcase name="TestALotOfAdding" classname="LocalCMCTests" time="0.001"/>
  <testcase name="TestALotOfAdding" classname="LocalCMCTests" time="0.001"/>
  <testcase name="TestALotOfAdding" classname="LocalCMCTests" time="0.001"/>
  <testcase name="TestALotOfAdding" classname="LocalCMCTests" time="0.001"/>
  <testcase name="TestALotOfAdding" classname="LocalCMCTests" time="0.001"/>
  <testcase name="TestALotOfAdding" classname="LocalCMCTests" time="0.001"/>
  <testcase name="TestALotOfAdding" classname="LocalCMCTests" time="0.001"/>
  <testcase name="TestALotOfAdding" classname="LocalCMCTests" time="0.001"/>
  <testcase name="TestALotOfAdding" classname="LocalCMCTests" time="0.0"/>
  <testcase name="TestALotOfAdding" classname="LocalCMCTests" time="0.001"/>
  <testcase name="TestALotOfAdding" classname="LocalCMCTests" time="0.0"/>
  <testcase name="TestALotOfAdding" classname="LocalCMCTests" time="0.0"/>
  <testcase name="TestALotOfAdding" classname="LocalCMCTests" time="0.001"/>
  <testcase name="TestALotOfAdding" classname="LocalCMCTests" time="0.001"/>
  <testcase name="TestALotOfAdding" classname="LocalCMCTests" time="0.001"/>
  <testcase name="TestALotOfAdding" classname="LocalCMCTests" time="0.001"/>
  <testcase name="TestALotOfAdding" classname="LocalCMCTests" time="0.001"/>
  <testcase name="TestALotOfAdding" classname="LocalCMCTests" time="0.0"/>
  <testcase name="TestALotOfAdding" classname="LocalCMCTests" time="0.0"/>
  <testcase name="TestALotOfAdding" classname="LocalCMCTests" time="0.001"/>
  <testcase name="TestALotOfAdding" classname="LocalCMCTests" time="0.001"/>
  <testcase name="TestALotOfAdding" classname="LocalCMCTests" time="0.001"/>
  <testcase name="TestALotOfAdding" classname="LocalCMCTests" time="0.0"/>
  <testcase name="TestALotOfAdding" classname="LocalCMCTests" time="0.001"/>
  <testcase name="TestALotOfAdding" classname="LocalCMCTests" time="0.0"/>
  <testcase name="TestALotOfAdding" classname="LocalCMCTests" time="0.001"/>
  <testcase name="TestALotOfAdding" classname="LocalCMCTests" time="0.0"/>
  <testcase name="TestALotOfAdding" classname="LocalCMCTests" time="0.001"/>
  <testcase name="TestALotOfAdding" classname="LocalCMCTests" time="0.001"/>
  <testcase name="TestALotOfAdding" classname="LocalCMCTests" time="0.001"/>
  <testcase name="TestALotOfAdding" classname="LocalCMCTests" time="0.0"/>
  <testcase name="TestALotOfAdding" classname="LocalCMCTests" time="0.001"/>
  <testcase name="TestALotOfAdding" classname="LocalCMCTests" time="0.001"/>
  <testcase name="TestALotOfAdding" classname="LocalCMCTests" time="0.001"/>
  <testcase name="TestALotOfAdding" classname="LocalCMCTests" time="0.0"/>
  <testcase name="TestALotOfAdding" classname="LocalCMCTests" time="0.0"/>
  <testcase name="TestALotOfAdding" classname="LocalCMCTests" time="0.0"/>
  <testcase name="TestALotOfAdding" classname="LocalCMCTests" time="0.0"/>
  <testcase name="TestALotOfAdding" classname="LocalCMCTests" time="0.001"/>
  <testcase name="TestALotOfAdding" classname="LocalCMCTests" time="0.002"/>
  <testcase name="TestALotOfAdding" classname="LocalCMCTests" time="0.001"/>
  <testcase name="TestALotOfAdding" classname="LocalCMCTests" time="0.001"/>
  <testcase name="TestALotOfAdding" classname="LocalCMCTests" time="0.001"/>
  <testcase name="TestALotOfAdding" classname="LocalCMCTests" time="0.001"/>
  <testcase name="TestALotOfAdding" classname="LocalCMCTests" time="0.0"/>
  <testcase name="TestALotOfAdding" classname="LocalCMCTests" time="0.001"/>
  <testcase name="TestALotOfAdding" classname="LocalCMCTests" time="0.002"/>
  <testcase name="TestALotOfAdding" classname="LocalCMCTests" time="0.001"/>
  <testcase name="TestALotOfAdding" classname="LocalCMCTests" time="0.0"/>
  <testcase name="TestALotOfAdding" classname="LocalCMCTests" time="0.0"/>
  <testcase name="TestALotOfAdding" classname="LocalCMCTests" time="0.001"/>
  <testcase name="TestALotOfAdding" classname="LocalCMCTests" time="0.002"/>
  <testcase name="TestALotOfAdding" classname="LocalCMCTests" time="0.0"/>
  <testcase name="TestALotOfAdding" classname="LocalCMCTests" time="0.0"/>
  <testcase name="TestALotOfAdding" classname="LocalCMCTests" time="0.0"/>
  <testcase name="TestALotOfAdding" classname="LocalCMCTests" time="0.0"/>
  <testcase name="TestALotOfAdding" classname="LocalCMCTests" time="0.0"/>
  <testcase name="TestALotOfAdding" classname="LocalCMCTests" time="0.0"/>
  <testcase name="TestALotOfAdding" classname="LocalCMCTests" time="0.001"/>
  <testcase name="TestALotOfAdding" classname="LocalCMCTests" time="0.001"/>
  <testcase name="TestALotOfAdding" classname="LocalCMCTests" time="0.001"/>
  <testcase name="TestALotOfAdding" classname="LocalCMCTests" time="0.001"/>
  <testcase name="TestALotOfAdding" classname="LocalCMCTests" time="0.001"/>
  <testcase name="TestALotOfAdding" classname="LocalCMCTests" time="0.001"/>
  <testcase name="TestALotOfAdding" classname="LocalCMCTests" time="0.001"/>
  <testcase name="TestALotOfAdding" classname="LocalCMCTests" time="0.0"/>
  <testcase name="TestALotOfAdding" classname="LocalCMCTests" time="0.0"/>
  <testcase name="TestALotOfAdding" classname="LocalCMCTests" time="0.001"/>
  <testcase name="TestALotOfAdding" classname="LocalCMCTests" time="0.001"/>
  <testcase name="TestALotOfAdding" classname="LocalCMCTests" time="0.001"/>
  <testcase name="TestALotOfAdding" classname="LocalCMCTests" time="0.0"/>
  <testcase name="TestALotOfAdding" classname="LocalCMCTests" time="0.0"/>
  <testcase name="TestALotOfAdding" classname="LocalCMCTests" time="0.001"/>
  <testcase name="TestALotOfAdding" classname="LocalCMCTests" time="0.001"/>
  <testcase name="TestALotOfAdding" classname="LocalCMCTests" time="0.001"/>
  <testcase name="TestALotOfAdding" classname="LocalCMCTests" time="0.001"/>
  <testcase name="TestALotOfAdding" classname="LocalCMCTests" time="0.0"/>
  <testcase name="TestALotOfAdding" classname="LocalCMCTests" time="0.001"/>
  <testcase name="TestALotOfAdding" classname="LocalCMCTests" time="0.0"/>
  <testcase name="TestALotOfAdding" classname="LocalCMCTests" time="0.001"/>
  <testcase name="TestALotOfAdding" classname="LocalCMCTests" time="0.001"/>
  <testcase name="TestALotOfAdding" classname="LocalCMCTests" time="0.001"/>
  <testcase name="TestALotOfAdding" classname="LocalCMCTests" time="0.001"/>
  <testcase name="TestALotOfAdding" classname="LocalCMCTests" time="0.001"/>
  <testcase name="TestALotOfAdding" classname="LocalCMCTests" time="0.0"/>
  <testcase name="TestALotOfAdding" classname="LocalCMCTests" time="0.0"/>
  <testcase name="TestALotOfAdding" classname="LocalCMCTests" time="0.0"/>
  <testcase name="TestALotOfAdding" classname="LocalCMCTests" time="0.0"/>
  <testcase name="TestALotOfAdding" classname="LocalCMCTests" time="0.001"/>
  <testcase name="TestALotOfAdding" classname="LocalCMCTests" time="0.001"/>
  <testcase name="TestALotOfAdding" classname="LocalCMCTests" time="0.001"/>
  <testcase name="TestALotOfAdding" classname="LocalCMCTests" time="0.0"/>
  <testcase name="TestALotOfAdding" classname="LocalCMCTests" time="0.0"/>
  <testcase name="TestALotOfAdding" classname="LocalCMCTests" time="0.0"/>
  <testcase name="TestALotOfAdding" classname="LocalCMCTests" time="0.001"/>
  <testcase name="TestALotOfAdding" classname="LocalCMCTests" time="0.001"/>
  <testcase name="TestALotOfAdding" classname="LocalCMCTests" time="0.001"/>
  <testcase name="TestALotOfAdding" classname="LocalCMCTests" time="0.0"/>
  <testcase name="TestALotOfAdding" classname="LocalCMCTests" time="0.001"/>
  <testcase name="TestALotOfAdding" classname="LocalCMCTests" time="0.0"/>
  <testcase name="TestALotOfAdding" classname="LocalCMCTests" time="0.0"/>
  <testcase name="TestALotOfAdding" classname="LocalCMCTests" time="0.0"/>
  <testcase name="TestALotOfAdding" classname="LocalCMCTests" time="0.0"/>
  <testcase name="TestALotOfAdding" classname="LocalCMCTests" time="0.002"/>
  <testcase name="TestALotOfAdding" classname="LocalCMCTests" time="0.001"/>
  <testcase name="TestALotOfAdding" classname="LocalCMCTests" time="0.001"/>
  <testcase name="TestALotOfAdding" classname="LocalCMCTests" time="0.0"/>
  <testcase name="TestALotOfAdding" classname="LocalCMCTests" time="0.0"/>
  <testcase name="TestALotOfAdding" classname="LocalCMCTests" time="0.002"/>
  <testcase name="TestALotOfAdding" classname="LocalCMCTests" time="0.001"/>
  <testcase name="TestALotOfAdding" classname="LocalCMCTests" time="0.001"/>
  <testcase name="TestALotOfAdding" classname="LocalCMCTests" time="0.0"/>
  <testcase name="TestALotOfAdding" classname="LocalCMCTests" time="0.001"/>
  <testcase name="TestALotOfAdding" classname="LocalCMCTests" time="0.0"/>
  <testcase name="TestALotOfAdding" classname="LocalCMCTests" time="0.002"/>
  <testcase name="TestALotOfAdding" classname="LocalCMCTests" time="0.001"/>
  <testcase name="TestALotOfAdding" classname="LocalCMCTests" time="0.001"/>
  <testcase name="TestALotOfAdding" classname="LocalCMCTests" time="0.0"/>
  <testcase name="TestALotOfAdding" classname="LocalCMCTests" time="0.0"/>
  <testcase name="TestALotOfAdding" classname="LocalCMCTests" time="0.0"/>
  <testcase name="TestALotOfAdding" classname="LocalCMCTests" time="0.0"/>
  <testcase name="TestALotOfAdding" classname="LocalCMCTests" time="0.001"/>
  <testcase name="TestALotOfAdding" classname="LocalCMCTests" time="0.001"/>
  <testcase name="TestALotOfAdding" classname="LocalCMCTests" time="0.0"/>
  <testcase name="TestALotOfAdding" classname="LocalCMCTests" time="0.001"/>
  <testcase name="TestALotOfAdding" classname="LocalCMCTests" time="0.001"/>
  <testcase name="TestALotOfAdding" classname="LocalCMCTests" time="0.001"/>
  <testcase name="TestALotOfAdding" classname="LocalCMCTests" time="0.001"/>
  <testcase name="TestALotOfAdding" classname="LocalCMCTests" time="0.0"/>
  <testcase name="TestALotOfAdding" classname="LocalCMCTests" time="0.0"/>
  <testcase name="TestALotOfAdding" classname="LocalCMCTests" time="0.0"/>
  <testcase name="TestALotOfAdding" classname="LocalCMCTests" time="0.001"/>
  <testcase name="TestALotOfAdding" classname="LocalCMCTests" time="0.0"/>
  <testcase name="TestALotOfAdding" classname="LocalCMCTests" time="0.0"/>
  <testcase name="TestALotOfAdding" classname="LocalCMCTests" time="0.0"/>
  <testcase name="TestALotOfAdding" classname="LocalCMCTests" time="0.0"/>
  <testcase name="TestALotOfAdding" classname="LocalCMCTests" time="0.001"/>
  <testcase name="TestALotOfAdding" classname="LocalCMCTests" time="0.001"/>
  <testcase name="TestALotOfAdding" classname="LocalCMCTests" time="0.0"/>
  <testcase name="TestALotOfAdding" classname="LocalCMCTests" time="0.001"/>
  <testcase name="TestALotOfAdding" classname="LocalCMCTests" time="0.001"/>
  <testcase name="TestALotOfAdding" classname="LocalCMCTests" time="0.0"/>
  <testcase name="TestALotOfAdding" classname="LocalCMCTests" time="0.001"/>
  <testcase name="TestALotOfAdding" classname="LocalCMCTests" time="0.0"/>
  <testcase name="TestALotOfAdding" classname="LocalCMCTests" time="0.001"/>
  <testcase name="TestALotOfAdding" classname="LocalCMCTests" time="0.001"/>
  <testcase name="TestALotOfAdding" classname="LocalCMCTests" time="0.0"/>
  <testcase name="TestALotOfAdding" classname="LocalCMCTests" time="0.001"/>
  <testcase name="TestALotOfAdding" classname="LocalCMCTests" time="0.0"/>
  <testcase name="TestALotOfAdding" classname="LocalCMCTests" time="0.0"/>
  <testcase name="TestALotOfAdding" classname="LocalCMCTests" time="0.0"/>
  <testcase name="TestALotOfAdding" classname="LocalCMCTests" time="0.0"/>
  <testcase name="TestALotOfAdding" classname="LocalCMCTests" time="0.0"/>
  <testcase name="TestALotOfAdding" classname="LocalCMCTests" time="0.0"/>
  <testcase name="TestALotOfAdding" classname="LocalCMCTests" time="0.001"/>
  <testcase name="TestALotOfAdding" classname="LocalCMCTests" time="0.001"/>
  <testcase name="TestALotOfAdding" classname="LocalCMCTests" time="0.0"/>
  <testcase name="TestALotOfAdding" classname="LocalCMCTests" time="0.003"/>
  <testcase name="TestALotOfAdding" classname="LocalCMCTests" time="0.002"/>
  <testcase name="TestALotOfAdding" classname="LocalCMCTests" time="0.002"/>
  <testcase name="TestALotOfAdding" classname="LocalCMCTests" time="0.0"/>
  <testcase name="TestALotOfAdding" classname="LocalCMCTests" time="0.0"/>
  <testcase name="TestALotOfAdding" classname="LocalCMCTests" time="0.0"/>
  <testcase name="TestALotOfAdding" classname="LocalCMCTests" time="0.001"/>
  <testcase name="TestALotOfAdding" classname="LocalCMCTests" time="0.001"/>
  <testcase name="TestALotOfAdding" classname="LocalCMCTests" time="0.0"/>
  <testcase name="TestALotOfAdding" classname="LocalCMCTests" time="0.001"/>
  <testcase name="TestALotOfAdding" classname="LocalCMCTests" time="0.001"/>
  <testcase name="TestALotOfAdding" classname="LocalCMCTests" time="0.0"/>
  <testcase name="TestALotOfAdding" classname="LocalCMCTests" time="0.001"/>
  <testcase name="TestALotOfAdding" classname="LocalCMCTests" time="0.002"/>
  <testcase name="TestALotOfAdding" classname="LocalCMCTests" time="0.001"/>
  <testcase name="TestALotOfAdding" classname="LocalCMCTests" time="0.001"/>
  <testcase name="TestALotOfAdding" classname="LocalCMCTests" time="0.0"/>
  <testcase name="TestALotOfAdding" classname="LocalCMCTests" time="0.0"/>
  <testcase name="TestALotOfAdding" classname="LocalCMCTests" time="0.001"/>
  <testcase name="TestALotOfAdding" classname="LocalCMCTests" time="0.001"/>
  <testcase name="TestALotOfAdding" classname="LocalCMCTests" time="0.001"/>
  <testcase name="TestALotOfAdding" classname="LocalCMCTests" time="0.001"/>
  <testcase name="TestALotOfAdding" classname="LocalCMCTests" time="0.0"/>
  <testcase name="TestALotOfAdding" classname="LocalCMCTests" time="0.0"/>
  <testcase name="TestALotOfAdding" classname="LocalCMCTests" time="0.0"/>
  <testcase name="TestALotOfAdding" classname="LocalCMCTests" time="0.0"/>
  <testcase name="TestALotOfAdding" classname="LocalCMCTests" time="0.001"/>
  <testcase name="TestALotOfAdding" classname="LocalCMCTests" time="0.001"/>
  <testcase name="TestALotOfAdding" classname="LocalCMCTests" time="0.002"/>
  <testcase name="TestALotOfAdding" classname="LocalCMCTests" time="0.0"/>
  <testcase name="TestALotOfAdding" classname="LocalCMCTests" time="0.001"/>
  <testcase name="TestALotOfAdding" classname="LocalCMCTests" time="0.001"/>
  <testcase name="TestALotOfAdding" classname="LocalCMCTests" time="0.001"/>
  <testcase name="TestALotOfAdding" classname="LocalCMCTests" time="0.001"/>
  <testcase name="TestALotOfAdding" classname="LocalCMCTests" time="0.0"/>
  <testcase name="TestALotOfAdding" classname="LocalCMCTests" time="0.001"/>
  <testcase name="TestALotOfAdding" classname="LocalCMCTests" time="0.001"/>
  <testcase name="TestALotOfAdding" classname="LocalCMCTests" time="0.001"/>
  <testcase name="TestALotOfAdding" classname="LocalCMCTests" time="0.0"/>
  <testcase name="TestALotOfAdding" classname="LocalCMCTests" time="0.0"/>
  <testcase name="TestALotOfAdding" classname="LocalCMCTests" time="0.0"/>
  <testcase name="TestALotOfAdding" classname="LocalCMCTests" time="0.001"/>
  <testcase name="TestALotOfAdding" classname="LocalCMCTests" time="0.001"/>
  <testcase name="TestALotOfAdding" classname="LocalCMCTests" time="0.001"/>
  <testcase name="TestALotOfAdding" classname="LocalCMCTests" time="0.002"/>
  <testcase name="TestALotOfAdding" classname="LocalCMCTests" time="0.001"/>
  <testcase name="TestALotOfAdding" classname="LocalCMCTests" time="0.0"/>
  <testcase name="TestALotOfAdding" classname="LocalCMCTests" time="0.001"/>
  <testcase name="TestALotOfAdding" classname="LocalCMCTests" time="0.001"/>
  <testcase name="TestALotOfAdding" classname="LocalCMCTests" time="0.0"/>
  <testcase name="TestALotOfAdding" classname="LocalCMCTests" time="0.0"/>
  <testcase name="TestALotOfAdding" classname="LocalCMCTests" time="0.0"/>
  <testcase name="TestALotOfAdding" classname="LocalCMCTests" time="0.0"/>
  <testcase name="TestALotOfAdding" classname="LocalCMCTests" time="0.0"/>
  <testcase name="TestALotOfAdding" classname="LocalCMCTests" time="0.001"/>
  <testcase name="TestALotOfAdding" classname="LocalCMCTests" time="0.0"/>
  <testcase name="TestALotOfAdding" classname="LocalCMCTests" time="0.0"/>
  <testcase name="TestALotOfAdding" classname="LocalCMCTests" time="0.0"/>
  <testcase name="TestALotOfAdding" classname="LocalCMCTests" time="0.0"/>
  <testcase name="TestALotOfAdding" classname="LocalCMCTests" time="0.0"/>
  <testcase name="TestALotOfAdding" classname="LocalCMCTests" time="0.001"/>
  <testcase name="TestALotOfAdding" classname="LocalCMCTests" time="0.001"/>
  <testcase name="TestALotOfAdding" classname="LocalCMCTests" time="0.0"/>
  <testcase name="TestALotOfAdding" classname="LocalCMCTests" time="0.0"/>
  <testcase name="TestALotOfAdding" classname="LocalCMCTests" time="0.001"/>
  <testcase name="TestALotOfAdding" classname="LocalCMCTests" time="0.001"/>
  <testcase name="TestALotOfAdding" classname="LocalCMCTests" time="0.001"/>
  <testcase name="TestALotOfAdding" classname="LocalCMCTests" time="0.001"/>
  <testcase name="TestALotOfAdding" classname="LocalCMCTests" time="0.0"/>
  <testcase name="TestALotOfAdding" classname="LocalCMCTests" time="0.0"/>
  <testcase name="TestALotOfAdding" classname="LocalCMCTests" time="0.0"/>
  <testcase name="TestALotOfAdding" classname="LocalCMCTests" time="0.0"/>
  <testcase name="TestALotOfAdding" classname="LocalCMCTests" time="0.001"/>
  <testcase name="TestALotOfAdding" classname="LocalCMCTests" time="0.003"/>
  <testcase name="TestALotOfAdding" classname="LocalCMCTests" time="0.003"/>
  <testcase name="TestALotOfAdding" classname="LocalCMCTests" time="0.0"/>
  <testcase name="TestALotOfAdding" classname="LocalCMCTests" time="0.0"/>
  <testcase name="TestALotOfAdding" classname="LocalCMCTests" time="0.001"/>
  <testcase name="TestALotOfAdding" classname="LocalCMCTests" time="0.001"/>
  <testcase name="TestALotOfAdding" classname="LocalCMCTests" time="0.0"/>
  <testcase name="TestALotOfAdding" classname="LocalCMCTests" time="0.001"/>
  <testcase name="TestALotOfAdding" classname="LocalCMCTests" time="0.001"/>
  <testcase name="TestALotOfAdding" classname="LocalCMCTests" time="0.0"/>
  <testcase name="TestALotOfAdding" classname="LocalCMCTests" time="0.001"/>
  <testcase name="TestALotOfAdding" classname="LocalCMCTests" time="0.001"/>
  <testcase name="TestALotOfAdding" classname="LocalCMCTests" time="0.001"/>
  <testcase name="TestALotOfAdding" classname="LocalCMCTests" time="0.0"/>
  <testcase name="TestALotOfAdding" classname="LocalCMCTests" time="0.001"/>
  <testcase name="TestALotOfAdding" classname="LocalCMCTests" time="0.0"/>
  <testcase name="TestALotOfAdding" classname="LocalCMCTests" time="0.001"/>
  <testcase name="TestALotOfAdding" classname="LocalCMCTests" time="0.001"/>
  <testcase name="TestALotOfAdding" classname="LocalCMCTests" time="0.001"/>
  <testcase name="TestALotOfAdding" classname="LocalCMCTests" time="0.001"/>
  <testcase name="TestALotOfAdding" classname="LocalCMCTests" time="0.0"/>
  <testcase name="TestALotOfAdding" classname="LocalCMCTests" time="0.001"/>
  <testcase name="TestALotOfAdding" classname="LocalCMCTests" time="0.0"/>
  <testcase name="TestALotOfAdding" classname="LocalCMCTests" time="0.0"/>
  <testcase name="TestALotOfAdding" classname="LocalCMCTests" time="0.001"/>
  <testcase name="TestALotOfAdding" classname="LocalCMCTests" time="0.0"/>
  <testcase name="TestALotOfAdding" classname="LocalCMCTests" time="0.0"/>
  <testcase name="TestALotOfAdding" classname="LocalCMCTests" time="0.002"/>
  <testcase name="TestALotOfAdding" classname="LocalCMCTests" time="0.0"/>
  <testcase name="TestALotOfAdding" classname="LocalCMCTests" time="0.002"/>
  <testcase name="TestALotOfAdding" classname="LocalCMCTests" time="0.001"/>
  <testcase name="TestALotOfAdding" classname="LocalCMCTests" time="0.001"/>
  <testcase name="TestALotOfAdding" classname="LocalCMCTests" time="0.001"/>
  <testcase name="TestALotOfAdding" classname="LocalCMCTests" time="0.0"/>
  <testcase name="TestALotOfAdding" classname="LocalCMCTests" time="0.0"/>
  <testcase name="TestALotOfAdding" classname="LocalCMCTests" time="0.001"/>
  <testcase name="TestALotOfAdding" classname="LocalCMCTests" time="0.001"/>
  <testcase name="TestALotOfAdding" classname="LocalCMCTests" time="0.001"/>
  <testcase name="TestALotOfAdding" classname="LocalCMCTests" time="0.0"/>
  <testcase name="TestALotOfAdding" classname="LocalCMCTests" time="0.0"/>
  <testcase name="TestALotOfAdding" classname="LocalCMCTests" time="0.001"/>
  <testcase name="TestALotOfAdding" classname="LocalCMCTests" time="0.0"/>
  <testcase name="TestALotOfAdding" classname="LocalCMCTests" time="0.0"/>
  <testcase name="TestALotOfAdding" classname="LocalCMCTests" time="0.001"/>
  <testcase name="TestALotOfAdding" classname="LocalCMCTests" time="0.001"/>
  <testcase name="TestALotOfAdding" classname="LocalCMCTests" time="0.0"/>
  <testcase name="TestALotOfAdding" classname="LocalCMCTests" time="0.001"/>
  <testcase name="TestALotOfAdding" classname="LocalCMCTests" time="0.001"/>
  <testcase name="TestALotOfAdding" classname="LocalCMCTests" time="0.001"/>
  <testcase name="TestALotOfAdding" classname="LocalCMCTests" time="0.001"/>
  <testcase name="TestALotOfAdding" classname="LocalCMCTests" time="0.001"/>
  <testcase name="TestALotOfAdding" classname="LocalCMCTests" time="0.002"/>
  <testcase name="TestALotOfAdding" classname="LocalCMCTests" time="0.0"/>
  <testcase name="TestALotOfAdding" classname="LocalCMCTests" time="0.001"/>
  <testcase name="TestALotOfAdding" classname="LocalCMCTests" time="0.001"/>
  <testcase name="TestALotOfAdding" classname="LocalCMCTests" time="0.001"/>
  <testcase name="TestALotOfAdding" classname="LocalCMCTests" time="0.001"/>
  <testcase name="TestALotOfAdding" classname="LocalCMCTests" time="0.0"/>
  <testcase name="TestALotOfAdding" classname="LocalCMCTests" time="0.001"/>
  <testcase name="TestALotOfAdding" classname="LocalCMCTests" time="0.001"/>
  <testcase name="TestALotOfAdding" classname="LocalCMCTests" time="0.001"/>
  <testcase name="TestALotOfAdding" classname="LocalCMCTests" time="0.0"/>
  <testcase name="TestALotOfAdding" classname="LocalCMCTests" time="0.0"/>
  <testcase name="TestALotOfAdding" classname="LocalCMCTests" time="0.0"/>
  <testcase name="TestALotOfAdding" classname="LocalCMCTests" time="0.0"/>
  <testcase name="TestALotOfAdding" classname="LocalCMCTests" time="0.0"/>
  <testcase name="TestALotOfAdding" classname="LocalCMCTests" time="0.0"/>
  <testcase name="TestALotOfAdding" classname="LocalCMCTests" time="0.001"/>
  <testcase name="TestALotOfAdding" classname="LocalCMCTests" time="0.001"/>
  <testcase name="TestALotOfAdding" classname="LocalCMCTests" time="0.003"/>
  <testcase name="TestALotOfAdding" classname="LocalCMCTests" time="0.0"/>
  <testcase name="TestALotOfAdding" classname="LocalCMCTests" time="0.0"/>
  <testcase name="TestALotOfAdding" classname="LocalCMCTests" time="0.0"/>
  <testcase name="TestALotOfAdding" classname="LocalCMCTests" time="0.001"/>
  <testcase name="TestALotOfAdding" classname="LocalCMCTests" time="0.0"/>
  <testcase name="TestALotOfAdding" classname="LocalCMCTests" time="0.001"/>
  <testcase name="TestALotOfAdding" classname="LocalCMCTests" time="0.001"/>
  <testcase name="TestALotOfAdding" classname="LocalCMCTests" time="0.001"/>
  <testcase name="TestALotOfAdding" classname="LocalCMCTests" time="0.002"/>
  <testcase name="TestALotOfAdding" classname="LocalCMCTests" time="0.0"/>
  <testcase name="TestALotOfAdding" classname="LocalCMCTests" time="0.001"/>
  <testcase name="TestALotOfAdding" classname="LocalCMCTests" time="0.0"/>
  <testcase name="TestALotOfAdding" classname="LocalCMCTests" time="0.001"/>
  <testcase name="TestALotOfAdding" classname="LocalCMCTests" time="0.001"/>
  <testcase name="TestALotOfAdding" classname="LocalCMCTests" time="0.001"/>
  <testcase name="TestALotOfAdding" classname="LocalCMCTests" time="0.0"/>
  <testcase name="TestALotOfAdding" classname="LocalCMCTests" time="0.001"/>
  <testcase name="TestALotOfAdding" classname="LocalCMCTests" time="0.001"/>
  <testcase name="TestALotOfAdding" classname="LocalCMCTests" time="0.003"/>
  <testcase name="TestALotOfAdding" classname="LocalCMCTests" time="0.0"/>
  <testcase name="TestALotOfAdding" classname="LocalCMCTests" time="0.0"/>
  <testcase name="TestALotOfAdding" classname="LocalCMCTests" time="0.0"/>
  <testcase name="TestALotOfAdding" classname="LocalCMCTests" time="0.0"/>
  <testcase name="TestALotOfAdding" classname="LocalCMCTests" time="0.0"/>
  <testcase name="TestALotOfAdding" classname="LocalCMCTests" time="0.001"/>
  <testcase name="TestALotOfAdding" classname="LocalCMCTests" time="0.002"/>
  <testcase name="TestALotOfAdding" classname="LocalCMCTests" time="0.002"/>
  <testcase name="TestALotOfAdding" classname="LocalCMCTests" time="0.002"/>
  <testcase name="TestALotOfAdding" classname="LocalCMCTests" time="0.002"/>
  <testcase name="TestALotOfAdding" classname="LocalCMCTests" time="0.0"/>
  <testcase name="TestALotOfAdding" classname="LocalCMCTests" time="0.001"/>
  <testcase name="TestALotOfAdding" classname="LocalCMCTests" time="0.0"/>
  <testcase name="TestALotOfAdding" classname="LocalCMCTests" time="0.001"/>
  <testcase name="TestALotOfAdding" classname="LocalCMCTests" time="0.001"/>
  <testcase name="TestALotOfAdding" classname="LocalCMCTests" time="0.001"/>
  <testcase name="TestALotOfAdding" classname="LocalCMCTests" time="0.001"/>
  <testcase name="TestALotOfAdding" classname="LocalCMCTests" time="0.0"/>
  <testcase name="TestALotOfAdding" classname="LocalCMCTests" time="0.001"/>
  <testcase name="TestALotOfAdding" classname="LocalCMCTests" time="0.0"/>
  <testcase name="TestALotOfAdding" classname="LocalCMCTests" time="0.0"/>
  <testcase name="TestALotOfAdding" classname="LocalCMCTests" time="0.001"/>
  <testcase name="TestALotOfAdding" classname="LocalCMCTests" time="0.001"/>
  <testcase name="TestALotOfAdding" classname="LocalCMCTests" time="0.001"/>
  <testcase name="TestALotOfAdding" classname="LocalCMCTests" time="0.001"/>
  <testcase name="TestALotOfAdding" classname="LocalCMCTests" time="0.0"/>
  <testcase name="TestALotOfAdding" classname="LocalCMCTests" time="0.001"/>
  <testcase name="TestALotOfAdding" classname="LocalCMCTests" time="0.0"/>
  <testcase name="TestALotOfAdding" classname="LocalCMCTests" time="0.001"/>
  <testcase name="TestALotOfAdding" classname="LocalCMCTests" time="0.001"/>
  <testcase name="TestALotOfAdding" classname="LocalCMCTests" time="0.001"/>
  <testcase name="TestALotOfAdding" classname="LocalCMCTests" time="0.0"/>
  <testcase name="TestALotOfAdding" classname="LocalCMCTests" time="0.001"/>
  <testcase name="TestALotOfAdding" classname="LocalCMCTests" time="0.001"/>
  <testcase name="TestALotOfAdding" classname="LocalCMCTests" time="0.001"/>
  <testcase name="TestALotOfAdding" classname="LocalCMCTests" time="0.001"/>
  <testcase name="TestALotOfAdding" classname="LocalCMCTests" time="0.002"/>
  <testcase name="TestALotOfAdding" classname="LocalCMCTests" time="0.002"/>
  <testcase name="TestALotOfAdding" classname="LocalCMCTests" time="0.0"/>
  <testcase name="TestALotOfAdding" classname="LocalCMCTests" time="0.0"/>
  <testcase name="TestALotOfAdding" classname="LocalCMCTests" time="0.0"/>
  <testcase name="TestALotOfAdding" classname="LocalCMCTests" time="0.0"/>
  <testcase name="TestALotOfAdding" classname="LocalCMCTests" time="0.0"/>
  <testcase name="TestALotOfAdding" classname="LocalCMCTests" time="0.0"/>
  <testcase name="TestALotOfAdding" classname="LocalCMCTests" time="0.0"/>
  <testcase name="TestALotOfAdding" classname="LocalCMCTests" time="0.0"/>
  <testcase name="TestALotOfAdding" classname="LocalCMCTests" time="0.001"/>
  <testcase name="TestALotOfAdding" classname="LocalCMCTests" time="0.001"/>
  <testcase name="TestALotOfAdding" classname="LocalCMCTests" time="0.001"/>
  <testcase name="TestALotOfAdding" classname="LocalCMCTests" time="0.002"/>
  <testcase name="TestALotOfAdding" classname="LocalCMCTests" time="0.001"/>
  <testcase name="TestALotOfAdding" classname="LocalCMCTests" time="0.0"/>
  <testcase name="TestALotOfAdding" classname="LocalCMCTests" time="0.0"/>
  <testcase name="TestALotOfAdding" classname="LocalCMCTests" time="0.001"/>
  <testcase name="TestALotOfAdding" classname="LocalCMCTests" time="0.0"/>
  <testcase name="TestALotOfAdding" classname="LocalCMCTests" time="0.001"/>
  <testcase name="TestALotOfAdding" classname="LocalCMCTests" time="0.001"/>
  <testcase name="TestALotOfAdding" classname="LocalCMCTests" time="0.0"/>
  <testcase name="TestALotOfAdding" classname="LocalCMCTests" time="0.0"/>
  <testcase name="TestALotOfAdding" classname="LocalCMCTests" time="0.0"/>
  <testcase name="TestALotOfAdding" classname="LocalCMCTests" time="0.001"/>
  <testcase name="TestALotOfAdding" classname="LocalCMCTests" time="0.0"/>
  <testcase name="TestALotOfAdding" classname="LocalCMCTests" time="0.001"/>
  <testcase name="TestALotOfAdding" classname="LocalCMCTests" time="0.001"/>
  <testcase name="TestALotOfAdding" classname="LocalCMCTests" time="0.001"/>
  <testcase name="TestALotOfAdding" classname="LocalCMCTests" time="0.001"/>
  <testcase name="TestALotOfAdding" classname="LocalCMCTests" time="0.0"/>
  <testcase name="TestALotOfAdding" classname="LocalCMCTests" time="0.001"/>
  <testcase name="TestALotOfAdding" classname="LocalCMCTests" time="0.001"/>
  <testcase name="TestALotOfAdding" classname="LocalCMCTests" time="0.001"/>
  <testcase name="TestALotOfAdding" classname="LocalCMCTests" time="0.0"/>
  <testcase name="TestALotOfAdding" classname="LocalCMCTests" time="0.001"/>
  <testcase name="TestALotOfAdding" classname="LocalCMCTests" time="0.002"/>
  <testcase name="TestALotOfAdding" classname="LocalCMCTests" time="0.0"/>
  <testcase name="TestALotOfAdding" classname="LocalCMCTests" time="0.001"/>
  <testcase name="TestALotOfAdding" classname="LocalCMCTests" time="0.001"/>
  <testcase name="TestALotOfAdding" classname="LocalCMCTests" time="0.001"/>
  <testcase name="TestALotOfAdding" classname="LocalCMCTests" time="0.0"/>
  <testcase name="TestALotOfAdding" classname="LocalCMCTests" time="0.001"/>
  <testcase name="TestALotOfAdding" classname="LocalCMCTests" time="0.001"/>
  <testcase name="TestALotOfAdding" classname="LocalCMCTests" time="0.001"/>
  <testcase name="TestALotOfAdding" classname="LocalCMCTests" time="0.0"/>
  <testcase name="TestALotOfAdding" classname="LocalCMCTests" time="0.001"/>
  <testcase name="TestALotOfAdding" classname="LocalCMCTests" time="0.0"/>
  <testcase name="TestALotOfAdding" classname="LocalCMCTests" time="0.0"/>
  <testcase name="TestALotOfAdding" classname="LocalCMCTests" time="0.0"/>
  <testcase name="TestALotOfAdding" classname="LocalCMCTests" time="0.001"/>
  <testcase name="TestALotOfAdding" classname="LocalCMCTests" time="0.001"/>
  <testcase name="TestALotOfAdding" classname="LocalCMCTests" time="0.001"/>
  <testcase name="TestALotOfAdding" classname="LocalCMCTests" time="0.0"/>
  <testcase name="TestALotOfAdding" classname="LocalCMCTests" time="0.001"/>
  <testcase name="TestALotOfAdding" classname="LocalCMCTests" time="0.001"/>
  <testcase name="TestALotOfAdding" classname="LocalCMCTests" time="0.0"/>
  <testcase name="TestALotOfAdding" classname="LocalCMCTests" time="0.001"/>
  <testcase name="TestALotOfAdding" classname="LocalCMCTests" time="0.001"/>
  <testcase name="TestALotOfAdding" classname="LocalCMCTests" time="0.0"/>
  <testcase name="TestALotOfAdding" classname="LocalCMCTests" time="0.001"/>
  <testcase name="TestALotOfAdding" classname="LocalCMCTests" time="0.002"/>
  <testcase name="TestALotOfAdding" classname="LocalCMCTests" time="0.001"/>
  <testcase name="TestALotOfAdding" classname="LocalCMCTests" time="0.001"/>
  <testcase name="TestALotOfAdding" classname="LocalCMCTests" time="0.001"/>
  <testcase name="TestALotOfAdding" classname="LocalCMCTests" time="0.0"/>
  <testcase name="TestALotOfAdding" classname="LocalCMCTests" time="0.0"/>
  <testcase name="TestALotOfAdding" classname="LocalCMCTests" time="0.0"/>
  <testcase name="TestALotOfAdding" classname="LocalCMCTests" time="0.0"/>
  <testcase name="TestALotOfAdding" classname="LocalCMCTests" time="0.001"/>
  <testcase name="TestALotOfAdding" classname="LocalCMCTests" time="0.0"/>
  <testcase name="TestALotOfAdding" classname="LocalCMCTests" time="0.001"/>
  <testcase name="TestALotOfAdding" classname="LocalCMCTests" time="0.001"/>
  <testcase name="TestALotOfAdding" classname="LocalCMCTests" time="0.0"/>
  <testcase name="TestALotOfAdding" classname="LocalCMCTests" time="0.001"/>
  <testcase name="TestALotOfAdding" classname="LocalCMCTests" time="0.001"/>
  <testcase name="TestALotOfAdding" classname="LocalCMCTests" time="0.0"/>
  <testcase name="TestALotOfAdding" classname="LocalCMCTests" time="0.001"/>
  <testcase name="TestALotOfAdding" classname="LocalCMCTests" time="0.001"/>
  <testcase name="TestALotOfAdding" classname="LocalCMCTests" time="0.001"/>
  <testcase name="TestALotOfAdding" classname="LocalCMCTests" time="0.001"/>
  <testcase name="TestALotOfAdding" classname="LocalCMCTests" time="0.001"/>
  <testcase name="TestALotOfAdding" classname="LocalCMCTests" time="0.0"/>
  <testcase name="TestALotOfAdding" classname="LocalCMCTests" time="0.0"/>
  <testcase name="TestALotOfAdding" classname="LocalCMCTests" time="0.0"/>
  <testcase name="TestALotOfAdding" classname="LocalCMCTests" time="0.0"/>
  <testcase name="TestALotOfAdding" classname="LocalCMCTests" time="0.0"/>
  <testcase name="TestALotOfAdding" classname="LocalCMCTests" time="0.0"/>
  <testcase name="TestALotOfAdding" classname="LocalCMCTests" time="0.0"/>
  <testcase name="TestALotOfAdding" classname="LocalCMCTests" time="0.001"/>
  <testcase name="TestALotOfAdding" classname="LocalCMCTests" time="0.001"/>
  <testcase name="TestALotOfAdding" classname="LocalCMCTests" time="0.001"/>
  <testcase name="TestALotOfAdding" classname="LocalCMCTests" time="0.001"/>
  <testcase name="TestALotOfAdding" classname="LocalCMCTests" time="0.0"/>
  <testcase name="TestALotOfAdding" classname="LocalCMCTests" time="0.001"/>
  <testcase name="TestALotOfAdding" classname="LocalCMCTests" time="0.001"/>
  <testcase name="TestALotOfAdding" classname="LocalCMCTests" time="0.001"/>
  <testcase name="TestALotOfAdding" classname="LocalCMCTests" time="0.001"/>
  <testcase name="TestALotOfAdding" classname="LocalCMCTests" time="0.0"/>
  <testcase name="TestALotOfAdding" classname="LocalCMCTests" time="0.001"/>
  <testcase name="TestALotOfAdding" classname="LocalCMCTests" time="0.001"/>
  <testcase name="TestALotOfAdding" classname="LocalCMCTests" time="0.0"/>
  <testcase name="TestALotOfAdding" classname="LocalCMCTests" time="0.001"/>
  <testcase name="TestALotOfAdding" classname="LocalCMCTests" time="0.0"/>
  <testcase name="TestALotOfAdding" classname="LocalCMCTests" time="0.0"/>
  <testcase name="TestALotOfAdding" classname="LocalCMCTests" time="0.0"/>
  <testcase name="TestALotOfAdding" classname="LocalCMCTests" time="0.001"/>
  <testcase name="TestALotOfAdding" classname="LocalCMCTests" time="0.001"/>
  <testcase name="TestALotOfAdding" classname="LocalCMCTests" time="0.001"/>
  <testcase name="TestALotOfAdding" classname="LocalCMCTests" time="0.0"/>
  <testcase name="TestALotOfAdding" classname="LocalCMCTests" time="0.0"/>
  <testcase name="TestALotOfAdding" classname="LocalCMCTests" time="0.0"/>
  <testcase name="TestALotOfAdding" classname="LocalCMCTests" time="0.0"/>
  <testcase name="TestALotOfAdding" classname="LocalCMCTests" time="0.001"/>
  <testcase name="TestALotOfAdding" classname="LocalCMCTests" time="0.001"/>
  <testcase name="TestALotOfAdding" classname="LocalCMCTests" time="0.002"/>
  <testcase name="TestALotOfAdding" classname="LocalCMCTests" time="0.001"/>
  <testcase name="TestALotOfAdding" classname="LocalCMCTests" time="0.0"/>
  <testcase name="TestALotOfAdding" classname="LocalCMCTests" time="0.001"/>
  <testcase name="TestALotOfAdding" classname="LocalCMCTests" time="0.0"/>
  <testcase name="TestALotOfAdding" classname="LocalCMCTests" time="0.001"/>
  <testcase name="TestALotOfAdding" classname="LocalCMCTests" time="0.0"/>
  <testcase name="TestALotOfAdding" classname="LocalCMCTests" time="0.0"/>
  <testcase name="TestALotOfAdding" classname="LocalCMCTests" time="0.0"/>
  <testcase name="TestALotOfAdding" classname="LocalCMCTests" time="0.001"/>
  <testcase name="TestALotOfAdding" classname="LocalCMCTests" time="0.001"/>
  <testcase name="TestALotOfAdding" classname="LocalCMCTests" time="0.0"/>
  <testcase name="TestALotOfAdding" classname="LocalCMCTests" time="0.0"/>
  <testcase name="TestALotOfAdding" classname="LocalCMCTests" time="0.001"/>
  <testcase name="TestALotOfAdding" classname="LocalCMCTests" time="0.001"/>
  <testcase name="TestALotOfAdding" classname="LocalCMCTests" time="0.0"/>
  <testcase name="TestALotOfAdding" classname="LocalCMCTests" time="0.001"/>
  <testcase name="TestALotOfAdding" classname="LocalCMCTests" time="0.001"/>
  <testcase name="TestALotOfAdding" classname="LocalCMCTests" time="0.001"/>
  <testcase name="TestALotOfAdding" classname="LocalCMCTests" time="0.001"/>
  <testcase name="TestALotOfAdding" classname="LocalCMCTests" time="0.0"/>
  <testcase name="TestALotOfAdding" classname="LocalCMCTests" time="0.0"/>
  <testcase name="TestALotOfAdding" classname="LocalCMCTests" time="0.001"/>
  <testcase name="TestALotOfAdding" classname="LocalCMCTests" time="0.001"/>
  <testcase name="TestALotOfAdding" classname="LocalCMCTests" time="0.0"/>
  <testcase name="TestALotOfAdding" classname="LocalCMCTests" time="0.001"/>
  <testcase name="TestALotOfAdding" classname="LocalCMCTests" time="0.001"/>
  <testcase name="TestALotOfAdding" classname="LocalCMCTests" time="0.0"/>
  <testcase name="TestALotOfAdding" classname="LocalCMCTests" time="0.001"/>
  <testcase name="TestALotOfAdding" classname="LocalCMCTests" time="0.001"/>
  <testcase name="TestALotOfAdding" classname="LocalCMCTests" time="0.001"/>
  <testcase name="TestALotOfAdding" classname="LocalCMCTests" time="0.0"/>
  <testcase name="TestALotOfAdding" classname="LocalCMCTests" time="0.0"/>
  <testcase name="TestALotOfAdding" classname="LocalCMCTests" time="0.001"/>
  <testcase name="TestALotOfAdding" classname="LocalCMCTests" time="0.0"/>
  <testcase name="TestALotOfAdding" classname="LocalCMCTests" time="0.0"/>
  <testcase name="TestALotOfAdding" classname="LocalCMCTests" time="0.0"/>
  <testcase name="TestALotOfAdding" classname="LocalCMCTests" time="0.0"/>
  <testcase name="TestALotOfAdding" classname="LocalCMCTests" time="0.0"/>
  <testcase name="TestALotOfAdding" classname="LocalCMCTests" time="0.001"/>
  <testcase name="TestALotOfAdding" classname="LocalCMCTests" time="0.0"/>
  <testcase name="TestALotOfAdding" classname="LocalCMCTests" time="0.0"/>
  <testcase name="TestALotOfAdding" classname="LocalCMCTests" time="0.002"/>
  <testcase name="TestALotOfAdding" classname="LocalCMCTests" time="0.002"/>
  <testcase name="TestALotOfAdding" classname="LocalCMCTests" time="0.001"/>
  <testcase name="TestALotOfAdding" classname="LocalCMCTests" time="0.001"/>
  <testcase name="TestALotOfAdding" classname="LocalCMCTests" time="0.001"/>
  <testcase name="TestALotOfAdding" classname="LocalCMCTests" time="0.001"/>
  <testcase name="TestALotOfAdding" classname="LocalCMCTests" time="0.001"/>
  <testcase name="TestALotOfAdding" classname="LocalCMCTests" time="0.002"/>
  <testcase name="TestALotOfAdding" classname="LocalCMCTests" time="0.001"/>
  <testcase name="TestALotOfAdding" classname="LocalCMCTests" time="0.0"/>
  <testcase name="TestALotOfAdding" classname="LocalCMCTests" time="0.0"/>
  <testcase name="TestALotOfAdding" classname="LocalCMCTests" time="0.001"/>
  <testcase name="TestALotOfAdding" classname="LocalCMCTests" time="0.0"/>
  <testcase name="TestALotOfAdding" classname="LocalCMCTests" time="0.001"/>
  <testcase name="TestALotOfAdding" classname="LocalCMCTests" time="0.001"/>
  <testcase name="TestALotOfAdding" classname="LocalCMCTests" time="0.001"/>
  <testcase name="TestALotOfAdding" classname="LocalCMCTests" time="0.0"/>
  <testcase name="TestALotOfAdding" classname="LocalCMCTests" time="0.0"/>
  <testcase name="TestALotOfAdding" classname="LocalCMCTests" time="0.0"/>
  <testcase name="TestALotOfAdding" classname="LocalCMCTests" time="0.001"/>
  <testcase name="TestALotOfAdding" classname="LocalCMCTests" time="0.0"/>
  <testcase name="TestALotOfAdding" classname="LocalCMCTests" time="0.001"/>
  <testcase name="TestALotOfAdding" classname="LocalCMCTests" time="0.001"/>
  <testcase name="TestALotOfAdding" classname="LocalCMCTests" time="0.001"/>
  <testcase name="TestALotOfAdding" classname="LocalCMCTests" time="0.001"/>
  <testcase name="TestALotOfAdding" classname="LocalCMCTests" time="0.001"/>
  <testcase name="TestALotOfAdding" classname="LocalCMCTests" time="0.001"/>
  <testcase name="TestALotOfAdding" classname="LocalCMCTests" time="0.0"/>
  <testcase name="TestALotOfAdding" classname="LocalCMCTests" time="0.0"/>
  <testcase name="TestALotOfAdding" classname="LocalCMCTests" time="0.001"/>
  <testcase name="TestALotOfAdding" classname="LocalCMCTests" time="0.0"/>
  <testcase name="TestALotOfAdding" classname="LocalCMCTests" time="0.001"/>
  <testcase name="TestALotOfAdding" classname="LocalCMCTests" time="0.0"/>
  <testcase name="TestALotOfAdding" classname="LocalCMCTests" time="0.0"/>
  <testcase name="TestALotOfAdding" classname="LocalCMCTests" time="0.0"/>
  <testcase name="TestALotOfAdding" classname="LocalCMCTests" time="0.0"/>
  <testcase name="TestALotOfAdding" classname="LocalCMCTests" time="0.0"/>
  <testcase name="TestALotOfAdding" classname="LocalCMCTests" time="0.001"/>
  <testcase name="TestALotOfAdding" classname="LocalCMCTests" time="0.002"/>
  <testcase name="TestALotOfAdding" classname="LocalCMCTests" time="0.002"/>
  <testcase name="TestALotOfAdding" classname="LocalCMCTests" time="0.0"/>
  <testcase name="TestALotOfAdding" classname="LocalCMCTests" time="0.001"/>
  <testcase name="TestALotOfAdding" classname="LocalCMCTests" time="0.0"/>
  <testcase name="TestALotOfAdding" classname="LocalCMCTests" time="0.0"/>
  <testcase name="TestALotOfAdding" classname="LocalCMCTests" time="0.0"/>
  <testcase name="TestALotOfAdding" classname="LocalCMCTests" time="0.0"/>
  <testcase name="TestALotOfAdding" classname="LocalCMCTests" time="0.0"/>
  <testcase name="TestALotOfAdding" classname="LocalCMCTests" time="0.0"/>
  <testcase name="TestALotOfAdding" classname="LocalCMCTests" time="0.0"/>
  <testcase name="TestALotOfAdding" classname="LocalCMCTests" time="0.001"/>
  <testcase name="TestALotOfAdding" classname="LocalCMCTests" time="0.002"/>
  <testcase name="TestALotOfAdding" classname="LocalCMCTests" time="0.0"/>
  <testcase name="TestALotOfAdding" classname="LocalCMCTests" time="0.002"/>
  <testcase name="TestALotOfAdding" classname="LocalCMCTests" time="0.002"/>
  <testcase name="TestALotOfAdding" classname="LocalCMCTests" time="0.001"/>
  <testcase name="TestALotOfAdding" classname="LocalCMCTests" time="0.003"/>
  <testcase name="TestALotOfAdding" classname="LocalCMCTests" time="0.003"/>
  <testcase name="TestALotOfAdding" classname="LocalCMCTests" time="0.0"/>
  <testcase name="TestALotOfAdding" classname="LocalCMCTests" time="0.0"/>
  <testcase name="TestALotOfAdding" classname="LocalCMCTests" time="0.001"/>
  <testcase name="TestALotOfAdding" classname="LocalCMCTests" time="0.001"/>
  <testcase name="TestALotOfAdding" classname="LocalCMCTests" time="0.0"/>
  <testcase name="TestALotOfAdding" classname="LocalCMCTests" time="0.001"/>
  <testcase name="TestALotOfAdding" classname="LocalCMCTests" time="0.001"/>
  <testcase name="TestALotOfAdding" classname="LocalCMCTests" time="0.0"/>
  <testcase name="TestALotOfAdding" classname="LocalCMCTests" time="0.001"/>
  <testcase name="TestALotOfAdding" classname="LocalCMCTests" time="0.001"/>
  <testcase name="TestALotOfAdding" classname="LocalCMCTests" time="0.0"/>
  <testcase name="TestALotOfAdding" classname="LocalCMCTests" time="0.0"/>
  <testcase name="TestALotOfAdding" classname="LocalCMCTests" time="0.001"/>
  <testcase name="TestALotOfAdding" classname="LocalCMCTests" time="0.0"/>
  <testcase name="TestALotOfAdding" classname="LocalCMCTests" time="0.001"/>
  <testcase name="TestALotOfAdding" classname="LocalCMCTests" time="0.001"/>
  <testcase name="TestALotOfAdding" classname="LocalCMCTests" time="0.001"/>
  <testcase name="TestALotOfAdding" classname="LocalCMCTests" time="0.001"/>
  <testcase name="TestALotOfAdding" classname="LocalCMCTests" time="0.0"/>
  <testcase name="TestALotOfAdding" classname="LocalCMCTests" time="0.002"/>
  <testcase name="TestALotOfAdding" classname="LocalCMCTests" time="0.0"/>
  <testcase name="TestALotOfAdding" classname="LocalCMCTests" time="0.001"/>
  <testcase name="TestALotOfAdding" classname="LocalCMCTests" time="0.0"/>
  <testcase name="TestALotOfAdding" classname="LocalCMCTests" time="0.002"/>
  <testcase name="TestALotOfAdding" classname="LocalCMCTests" time="0.001"/>
  <testcase name="TestALotOfAdding" classname="LocalCMCTests" time="0.0"/>
  <testcase name="TestALotOfAdding" classname="LocalCMCTests" time="0.0"/>
  <testcase name="TestALotOfAdding" classname="LocalCMCTests" time="0.001"/>
  <testcase name="TestALotOfAdding" classname="LocalCMCTests" time="0.0"/>
  <testcase name="TestALotOfAdding" classname="LocalCMCTests" time="0.004"/>
  <testcase name="TestALotOfAdding" classname="LocalCMCTests" time="0.001"/>
  <testcase name="TestALotOfAdding" classname="LocalCMCTests" time="0.003"/>
  <testcase name="TestALotOfAdding" classname="LocalCMCTests" time="0.0"/>
  <testcase name="TestALotOfAdding" classname="LocalCMCTests" time="0.0"/>
  <testcase name="TestALotOfAdding" classname="LocalCMCTests" time="0.001"/>
  <testcase name="TestALotOfAdding" classname="LocalCMCTests" time="0.001"/>
  <testcase name="TestALotOfAdding" classname="LocalCMCTests" time="0.001"/>
  <testcase name="TestALotOfAdding" classname="LocalCMCTests" time="0.002"/>
  <testcase name="TestALotOfAdding" classname="LocalCMCTests" time="0.001"/>
  <testcase name="TestALotOfAdding" classname="LocalCMCTests" time="0.002"/>
  <testcase name="TestALotOfAdding" classname="LocalCMCTests" time="0.0"/>
  <testcase name="TestALotOfAdding" classname="LocalCMCTests" time="0.0"/>
  <testcase name="TestALotOfAdding" classname="LocalCMCTests" time="0.0"/>
  <testcase name="TestALotOfAdding" classname="LocalCMCTests" time="0.0"/>
  <testcase name="TestALotOfAdding" classname="LocalCMCTests" time="0.001"/>
  <testcase name="TestALotOfAdding" classname="LocalCMCTests" time="0.001"/>
  <testcase name="TestALotOfAdding" classname="LocalCMCTests" time="0.001"/>
  <testcase name="TestALotOfAdding" classname="LocalCMCTests" time="0.0"/>
  <testcase name="TestALotOfAdding" classname="LocalCMCTests" time="0.0"/>
  <testcase name="TestALotOfAdding" classname="LocalCMCTests" time="0.001"/>
  <testcase name="TestALotOfAdding" classname="LocalCMCTests" time="0.001"/>
  <testcase name="TestALotOfAdding" classname="LocalCMCTests" time="0.001"/>
  <testcase name="TestALotOfAdding" classname="LocalCMCTests" time="0.001"/>
  <testcase name="TestALotOfAdding" classname="LocalCMCTests" time="0.0"/>
  <testcase name="TestALotOfAdding" classname="LocalCMCTests" time="0.0"/>
  <testcase name="TestALotOfAdding" classname="LocalCMCTests" time="0.0"/>
  <testcase name="TestALotOfAdding" classname="LocalCMCTests" time="0.001"/>
  <testcase name="TestALotOfAdding" classname="LocalCMCTests" time="0.001"/>
  <testcase name="TestALotOfAdding" classname="LocalCMCTests" time="0.0"/>
  <testcase name="TestALotOfAdding" classname="LocalCMCTests" time="0.001"/>
  <testcase name="TestALotOfAdding" classname="LocalCMCTests" time="0.002"/>
  <testcase name="TestALotOfAdding" classname="LocalCMCTests" time="0.001"/>
  <testcase name="TestALotOfAdding" classname="LocalCMCTests" time="0.0"/>
  <testcase name="TestALotOfAdding" classname="LocalCMCTests" time="0.0"/>
  <testcase name="TestALotOfAdding" classname="LocalCMCTests" time="0.001"/>
  <testcase name="TestALotOfAdding" classname="LocalCMCTests" time="0.001"/>
  <testcase name="TestALotOfAdding" classname="LocalCMCTests" time="0.0"/>
  <testcase name="TestALotOfAdding" classname="LocalCMCTests" time="0.002"/>
  <testcase name="TestALotOfAdding" classname="LocalCMCTests" time="0.0"/>
  <testcase name="TestALotOfAdding" classname="LocalCMCTests" time="0.0"/>
  <testcase name="TestALotOfAdding" classname="LocalCMCTests" time="0.001"/>
  <testcase name="TestALotOfAdding" classname="LocalCMCTests" time="0.001"/>
  <testcase name="TestALotOfAdding" classname="LocalCMCTests" time="0.001"/>
  <testcase name="TestALotOfAdding" classname="LocalCMCTests" time="0.0"/>
  <testcase name="TestALotOfAdding" classname="LocalCMCTests" time="0.001"/>
  <testcase name="TestALotOfAdding" classname="LocalCMCTests" time="0.001"/>
  <testcase name="TestALotOfAdding" classname="LocalCMCTests" time="0.001"/>
  <testcase name="TestALotOfAdding" classname="LocalCMCTests" time="0.002"/>
  <testcase name="TestALotOfAdding" classname="LocalCMCTests" time="0.003"/>
  <testcase name="TestALotOfAdding" classname="LocalCMCTests" time="0.002"/>
  <testcase name="TestALotOfAdding" classname="LocalCMCTests" time="0.002"/>
  <testcase name="TestALotOfAdding" classname="LocalCMCTests" time="0.002"/>
  <testcase name="TestALotOfAdding" classname="LocalCMCTests" time="0.002"/>
  <testcase name="TestALotOfAdding" classname="LocalCMCTests" time="0.002"/>
  <testcase name="TestALotOfAdding" classname="LocalCMCTests" time="0.002"/>
  <testcase name="TestALotOfAdding" classname="LocalCMCTests" time="0.0"/>
  <testcase name="TestALotOfAdding" classname="LocalCMCTests" time="0.002"/>
  <testcase name="TestALotOfAdding" classname="LocalCMCTests" time="0.0"/>
  <testcase name="TestALotOfAdding" classname="LocalCMCTests" time="0.0"/>
  <testcase name="TestALotOfAdding" classname="LocalCMCTests" time="0.001"/>
  <testcase name="TestALotOfAdding" classname="LocalCMCTests" time="0.001"/>
  <testcase name="TestALotOfAdding" classname="LocalCMCTests" time="0.002"/>
  <testcase name="TestALotOfAdding" classname="LocalCMCTests" time="0.0"/>
  <testcase name="TestALotOfAdding" classname="LocalCMCTests" time="0.001"/>
  <testcase name="TestALotOfAdding" classname="LocalCMCTests" time="0.001"/>
  <testcase name="TestALotOfAdding" classname="LocalCMCTests" time="0.001"/>
  <testcase name="TestALotOfAdding" classname="LocalCMCTests" time="0.001"/>
  <testcase name="TestALotOfAdding" classname="LocalCMCTests" time="0.001"/>
  <testcase name="TestALotOfAdding" classname="LocalCMCTests" time="0.0"/>
  <testcase name="TestALotOfAdding" classname="LocalCMCTests" time="0.0"/>
  <testcase name="TestALotOfAdding" classname="LocalCMCTests" time="0.0"/>
  <testcase name="TestALotOfAdding" classname="LocalCMCTests" time="0.001"/>
  <testcase name="TestALotOfAdding" classname="LocalCMCTests" time="0.0"/>
  <testcase name="TestALotOfAdding" classname="LocalCMCTests" time="0.001"/>
  <testcase name="TestALotOfAdding" classname="LocalCMCTests" time="0.002"/>
  <testcase name="TestALotOfAdding" classname="LocalCMCTests" time="0.001"/>
  <testcase name="TestALotOfAdding" classname="LocalCMCTests" time="0.001"/>
  <testcase name="TestALotOfAdding" classname="LocalCMCTests" time="0.0"/>
  <testcase name="TestALotOfAdding" classname="LocalCMCTests" time="0.001"/>
  <testcase name="TestALotOfAdding" classname="LocalCMCTests" time="0.0"/>
  <testcase name="TestALotOfAdding" classname="LocalCMCTests" time="0.0"/>
  <testcase name="TestALotOfAdding" classname="LocalCMCTests" time="0.001"/>
  <testcase name="TestALotOfAdding" classname="LocalCMCTests" time="0.001"/>
  <testcase name="TestALotOfAdding" classname="LocalCMCTests" time="0.001"/>
  <testcase name="TestALotOfAdding" classname="LocalCMCTests" time="0.0"/>
  <testcase name="TestALotOfAdding" classname="LocalCMCTests" time="0.001"/>
  <testcase name="TestALotOfAdding" classname="LocalCMCTests" time="0.0"/>
  <testcase name="TestALotOfAdding" classname="LocalCMCTests" time="0.001"/>
  <testcase name="TestALotOfAdding" classname="LocalCMCTests" time="0.001"/>
  <testcase name="TestALotOfAdding" classname="LocalCMCTests" time="0.001"/>
  <testcase name="TestALotOfAdding" classname="LocalCMCTests" time="0.001"/>
  <testcase name="TestALotOfAdding" classname="LocalCMCTests" time="0.001"/>
  <testcase name="TestALotOfAdding" classname="LocalCMCTests" time="0.0"/>
  <testcase name="TestALotOfAdding" classname="LocalCMCTests" time="0.0"/>
  <testcase name="TestALotOfAdding" classname="LocalCMCTests" time="0.0"/>
  <testcase name="TestALotOfAdding" classname="LocalCMCTests" time="0.0"/>
  <testcase name="TestALotOfAdding" classname="LocalCMCTests" time="0.002"/>
  <testcase name="TestALotOfAdding" classname="LocalCMCTests" time="0.001"/>
  <testcase name="TestALotOfAdding" classname="LocalCMCTests" time="0.0"/>
  <testcase name="TestALotOfAdding" classname="LocalCMCTests" time="0.001"/>
  <testcase name="TestALotOfAdding" classname="LocalCMCTests" time="0.001"/>
  <testcase name="TestALotOfAdding" classname="LocalCMCTests" time="0.001"/>
  <testcase name="TestALotOfAdding" classname="LocalCMCTests" time="0.0"/>
  <testcase name="TestALotOfAdding" classname="LocalCMCTests" time="0.0"/>
  <testcase name="TestALotOfAdding" classname="LocalCMCTests" time="0.001"/>
  <testcase name="TestALotOfAdding" classname="LocalCMCTests" time="0.001"/>
  <testcase name="TestALotOfAdding" classname="LocalCMCTests" time="0.001"/>
  <testcase name="TestALotOfAdding" classname="LocalCMCTests" time="0.0"/>
  <testcase name="TestALotOfAdding" classname="LocalCMCTests" time="0.001"/>
  <testcase name="TestALotOfAdding" classname="LocalCMCTests" time="0.0"/>
  <testcase name="TestALotOfAdding" classname="LocalCMCTests" time="0.0"/>
  <testcase name="TestALotOfAdding" classname="LocalCMCTests" time="0.001"/>
  <testcase name="TestALotOfAdding" classname="LocalCMCTests" time="0.001"/>
  <testcase name="TestALotOfAdding" classname="LocalCMCTests" time="0.001"/>
  <testcase name="TestALotOfAdding" classname="LocalCMCTests" time="0.0"/>
  <testcase name="TestALotOfAdding" classname="LocalCMCTests" time="0.0"/>
  <testcase name="TestALotOfAdding" classname="LocalCMCTests" time="0.0"/>
  <testcase name="TestALotOfAdding" classname="LocalCMCTests" time="0.0"/>
  <testcase name="TestALotOfAdding" classname="LocalCMCTests" time="0.002"/>
  <testcase name="TestALotOfAdding" classname="LocalCMCTests" time="0.001"/>
  <testcase name="TestALotOfAdding" classname="LocalCMCTests" time="0.001"/>
  <testcase name="TestALotOfAdding" classname="LocalCMCTests" time="0.0"/>
  <testcase name="TestALotOfAdding" classname="LocalCMCTests" time="0.002"/>
  <testcase name="TestALotOfAdding" classname="LocalCMCTests" time="0.002"/>
  <testcase name="TestALotOfAdding" classname="LocalCMCTests" time="0.0"/>
  <testcase name="TestALotOfAdding" classname="LocalCMCTests" time="0.0"/>
  <testcase name="TestALotOfAdding" classname="LocalCMCTests" time="0.0"/>
  <testcase name="TestALotOfAdding" classname="LocalCMCTests" time="0.0"/>
  <testcase name="TestALotOfAdding" classname="LocalCMCTests" time="0.001"/>
  <testcase name="TestALotOfAdding" classname="LocalCMCTests" time="0.001"/>
  <testcase name="TestALotOfAdding" classname="LocalCMCTests" time="0.0"/>
  <testcase name="TestALotOfAdding" classname="LocalCMCTests" time="0.001"/>
  <testcase name="TestALotOfAdding" classname="LocalCMCTests" time="0.001"/>
  <testcase name="TestALotOfAdding" classname="LocalCMCTests" time="0.0"/>
  <testcase name="TestALotOfAdding" classname="LocalCMCTests" time="0.001"/>
  <testcase name="TestALotOfAdding" classname="LocalCMCTests" time="0.0"/>
  <testcase name="TestALotOfAdding" classname="LocalCMCTests" time="0.001"/>
  <testcase name="TestALotOfAdding" classname="LocalCMCTests" time="0.001"/>
  <testcase name="TestALotOfAdding" classname="LocalCMCTests" time="0.001"/>
  <testcase name="TestALotOfAdding" classname="LocalCMCTests" time="0.001"/>
  <testcase name="TestALotOfAdding" classname="LocalCMCTests" time="0.001"/>
  <testcase name="TestALotOfAdding" classname="LocalCMCTests" time="0.0"/>
  <testcase name="TestALotOfAdding" classname="LocalCMCTests" time="0.0"/>
  <testcase name="TestALotOfAdding" classname="LocalCMCTests" time="0.0"/>
  <testcase name="TestALotOfAdding" classname="LocalCMCTests" time="0.0"/>
  <testcase name="TestALotOfAdding" classname="LocalCMCTests" time="0.0"/>
  <testcase name="TestALotOfAdding" classname="LocalCMCTests" time="0.0"/>
  <testcase name="TestALotOfAdding" classname="LocalCMCTests" time="0.002"/>
  <testcase name="TestALotOfAdding" classname="LocalCMCTests" time="0.0"/>
  <testcase name="TestALotOfAdding" classname="LocalCMCTests" time="0.002"/>
  <testcase name="TestALotOfAdding" classname="LocalCMCTests" time="0.0"/>
  <testcase name="TestALotOfAdding" classname="LocalCMCTests" time="0.002"/>
  <testcase name="TestALotOfAdding" classname="LocalCMCTests" time="0.002"/>
  <testcase name="TestALotOfAdding" classname="LocalCMCTests" time="0.001"/>
  <testcase name="TestALotOfAdding" classname="LocalCMCTests" time="0.002"/>
  <testcase name="TestALotOfAdding" classname="LocalCMCTests" time="0.0"/>
  <testcase name="TestALotOfAdding" classname="LocalCMCTests" time="0.0"/>
  <testcase name="TestALotOfAdding" classname="LocalCMCTests" time="0.0"/>
  <testcase name="TestALotOfAdding" classname="LocalCMCTests" time="0.002"/>
  <testcase name="TestALotOfAdding" classname="LocalCMCTests" time="0.002"/>
  <testcase name="TestALotOfAdding" classname="LocalCMCTests" time="0.003"/>
  <testcase name="TestALotOfAdding" classname="LocalCMCTests" time="0.0"/>
  <testcase name="TestALotOfAdding" classname="LocalCMCTests" time="0.002"/>
  <testcase name="TestALotOfAdding" classname="LocalCMCTests" time="0.0"/>
  <testcase name="TestALotOfAdding" classname="LocalCMCTests" time="0.001"/>
  <testcase name="TestALotOfAdding" classname="LocalCMCTests" time="0.0"/>
  <testcase name="TestALotOfAdding" classname="LocalCMCTests" time="0.002"/>
  <testcase name="TestALotOfAdding" classname="LocalCMCTests" time="0.002"/>
  <testcase name="TestALotOfAdding" classname="LocalCMCTests" time="0.002"/>
  <testcase name="TestALotOfAdding" classname="LocalCMCTests" time="0.0"/>
  <testcase name="TestALotOfAdding" classname="LocalCMCTests" time="0.001"/>
  <testcase name="TestALotOfAdding" classname="LocalCMCTests" time="0.0"/>
  <testcase name="TestALotOfAdding" classname="LocalCMCTests" time="0.0"/>
  <testcase name="TestALotOfAdding" classname="LocalCMCTests" time="0.001"/>
  <testcase name="TestALotOfAdding" classname="LocalCMCTests" time="0.0"/>
  <testcase name="TestALotOfAdding" classname="LocalCMCTests" time="0.003"/>
  <testcase name="TestALotOfAdding" classname="LocalCMCTests" time="0.001"/>
  <testcase name="TestALotOfAdding" classname="LocalCMCTests" time="0.001"/>
  <testcase name="TestALotOfAdding" classname="LocalCMCTests" time="0.001"/>
  <testcase name="TestALotOfAdding" classname="LocalCMCTests" time="0.001"/>
  <testcase name="TestALotOfAdding" classname="LocalCMCTests" time="0.001"/>
  <testcase name="TestALotOfAdding" classname="LocalCMCTests" time="0.001"/>
  <testcase name="TestALotOfAdding" classname="LocalCMCTests" time="0.0"/>
  <testcase name="TestALotOfAdding" classname="LocalCMCTests" time="0.001"/>
  <testcase name="TestALotOfAdding" classname="LocalCMCTests" time="0.001"/>
  <testcase name="TestALotOfAdding" classname="LocalCMCTests" time="0.0"/>
  <testcase name="TestALotOfAdding" classname="LocalCMCTests" time="0.001"/>
  <testcase name="TestALotOfAdding" classname="LocalCMCTests" time="0.0"/>
  <testcase name="TestALotOfAdding" classname="LocalCMCTests" time="0.001"/>
  <testcase name="TestALotOfAdding" classname="LocalCMCTests" time="0.0"/>
  <testcase name="TestALotOfAdding" classname="LocalCMCTests" time="0.002"/>
  <testcase name="TestALotOfAdding" classname="LocalCMCTests" time="0.0"/>
  <testcase name="TestALotOfAdding" classname="LocalCMCTests" time="0.0"/>
  <testcase name="TestALotOfAdding" classname="LocalCMCTests" time="0.0"/>
  <testcase name="TestALotOfAdding" classname="LocalCMCTests" time="0.0"/>
  <testcase name="TestALotOfAdding" classname="LocalCMCTests" time="0.0"/>
  <testcase name="TestALotOfAdding" classname="LocalCMCTests" time="0.001"/>
  <testcase name="TestALotOfAdding" classname="LocalCMCTests" time="0.001"/>
  <testcase name="TestALotOfAdding" classname="LocalCMCTests" time="0.001"/>
  <testcase name="TestALotOfAdding" classname="LocalCMCTests" time="0.001"/>
  <testcase name="TestALotOfAdding" classname="LocalCMCTests" time="0.001"/>
  <testcase name="TestALotOfAdding" classname="LocalCMCTests" time="0.001"/>
  <testcase name="TestALotOfAdding" classname="LocalCMCTests" time="0.0"/>
  <testcase name="TestALotOfAdding" classname="LocalCMCTests" time="0.0"/>
  <testcase name="TestALotOfAdding" classname="LocalCMCTests" time="0.0"/>
  <testcase name="TestALotOfAdding" classname="LocalCMCTests" time="0.0"/>
  <testcase name="TestALotOfAdding" classname="LocalCMCTests" time="0.001"/>
  <testcase name="TestALotOfAdding" classname="LocalCMCTests" time="0.0"/>
  <testcase name="TestALotOfAdding" classname="LocalCMCTests" time="0.0"/>
  <testcase name="TestALotOfAdding" classname="LocalCMCTests" time="0.0"/>
  <testcase name="TestALotOfAdding" classname="LocalCMCTests" time="0.002"/>
  <testcase name="TestALotOfAdding" classname="LocalCMCTests" time="0.0"/>
  <testcase name="TestALotOfAdding" classname="LocalCMCTests" time="0.002"/>
  <testcase name="TestALotOfAdding" classname="LocalCMCTests" time="0.0"/>
  <testcase name="TestALotOfAdding" classname="LocalCMCTests" time="0.001"/>
  <testcase name="TestALotOfAdding" classname="LocalCMCTests" time="0.001"/>
  <testcase name="TestALotOfAdding" classname="LocalCMCTests" time="0.001"/>
  <testcase name="TestALotOfAdding" classname="LocalCMCTests" time="0.001"/>
  <testcase name="TestALotOfAdding" classname="LocalCMCTests" time="0.001"/>
  <testcase name="TestALotOfAdding" classname="LocalCMCTests" time="0.001"/>
  <testcase name="TestALotOfAdding" classname="LocalCMCTests" time="0.0"/>
  <testcase name="TestALotOfAdding" classname="LocalCMCTests" time="0.0"/>
  <testcase name="TestALotOfAdding" classname="LocalCMCTests" time="0.001"/>
  <testcase name="TestALotOfAdding" classname="LocalCMCTests" time="0.0"/>
  <testcase name="TestALotOfAdding" classname="LocalCMCTests" time="0.001"/>
  <testcase name="TestALotOfAdding" classname="LocalCMCTests" time="0.001"/>
  <testcase name="TestALotOfAdding" classname="LocalCMCTests" time="0.001"/>
  <testcase name="TestALotOfAdding" classname="LocalCMCTests" time="0.0"/>
  <testcase name="TestALotOfAdding" classname="LocalCMCTests" time="0.001"/>
  <testcase name="TestALotOfAdding" classname="LocalCMCTests" time="0.0"/>
  <testcase name="TestALotOfAdding" classname="LocalCMCTests" time="0.001"/>
  <testcase name="TestALotOfAdding" classname="LocalCMCTests" time="0.001"/>
  <testcase name="TestALotOfAdding" classname="LocalCMCTests" time="0.0"/>
  <testcase name="TestALotOfAdding" classname="LocalCMCTests" time="0.001"/>
  <testcase name="TestALotOfAdding" classname="LocalCMCTests" time="0.001"/>
  <testcase name="TestALotOfAdding" classname="LocalCMCTests" time="0.0"/>
  <testcase name="TestALotOfAdding" classname="LocalCMCTests" time="0.0"/>
  <testcase name="TestALotOfAdding" classname="LocalCMCTests" time="0.0"/>
  <testcase name="TestALotOfAdding" classname="LocalCMCTests" time="0.0"/>
  <testcase name="TestALotOfAdding" classname="LocalCMCTests" time="0.001"/>
  <testcase name="TestALotOfAdding" classname="LocalCMCTests" time="0.0"/>
  <testcase name="TestALotOfAdding" classname="LocalCMCTests" time="0.001"/>
  <testcase name="TestALotOfAdding" classname="LocalCMCTests" time="0.002"/>
  <testcase name="TestALotOfAdding" classname="LocalCMCTests" time="0.001"/>
  <testcase name="TestALotOfAdding" classname="LocalCMCTests" time="0.0"/>
  <testcase name="TestALotOfAdding" classname="LocalCMCTests" time="0.0"/>
  <testcase name="TestALotOfAdding" classname="LocalCMCTests" time="0.001"/>
  <testcase name="TestALotOfAdding" classname="LocalCMCTests" time="0.001"/>
  <testcase name="TestALotOfAdding" classname="LocalCMCTests" time="0.001"/>
  <testcase name="TestALotOfAdding" classname="LocalCMCTests" time="0.0"/>
  <testcase name="TestALotOfAdding" classname="LocalCMCTests" time="0.001"/>
  <testcase name="TestALotOfAdding" classname="LocalCMCTests" time="0.001"/>
  <testcase name="TestALotOfAdding" classname="LocalCMCTests" time="0.001"/>
  <testcase name="TestALotOfAdding" classname="LocalCMCTests" time="0.0"/>
  <testcase name="TestALotOfAdding" classname="LocalCMCTests" time="0.001"/>
  <testcase name="TestALotOfAdding" classname="LocalCMCTests" time="0.0"/>
  <testcase name="TestALotOfAdding" classname="LocalCMCTests" time="0.0"/>
  <testcase name="TestALotOfAdding" classname="LocalCMCTests" time="0.0"/>
  <testcase name="TestALotOfAdding" classname="LocalCMCTests" time="0.001"/>
  <testcase name="TestALotOfAdding" classname="LocalCMCTests" time="0.0"/>
  <testcase name="TestALotOfAdding" classname="LocalCMCTests" time="0.001"/>
  <testcase name="TestALotOfAdding" classname="LocalCMCTests" time="0.001"/>
  <testcase name="TestALotOfAdding" classname="LocalCMCTests" time="0.0"/>
  <testcase name="TestALotOfAdding" classname="LocalCMCTests" time="0.001"/>
  <testcase name="TestALotOfAdding" classname="LocalCMCTests" time="0.001"/>
  <testcase name="TestALotOfAdding" classname="LocalCMCTests" time="0.001"/>
  <testcase name="TestALotOfAdding" classname="LocalCMCTests" time="0.001"/>
  <testcase name="TestALotOfAdding" classname="LocalCMCTests" time="0.001"/>
  <testcase name="TestALotOfAdding" classname="LocalCMCTests" time="0.001"/>
  <testcase name="TestALotOfAdding" classname="LocalCMCTests" time="0.001"/>
  <testcase name="TestALotOfAdding" classname="LocalCMCTests" time="0.001"/>
  <testcase name="TestALotOfAdding" classname="LocalCMCTests" time="0.002"/>
  <testcase name="TestALotOfAdding" classname="LocalCMCTests" time="0.001"/>
  <testcase name="TestALotOfAdding" classname="LocalCMCTests" time="0.001"/>
  <testcase name="TestALotOfAdding" classname="LocalCMCTests" time="0.001"/>
  <testcase name="TestALotOfAdding" classname="LocalCMCTests" time="0.001"/>
  <testcase name="TestALotOfAdding" classname="LocalCMCTests" time="0.0"/>
  <testcase name="TestALotOfAdding" classname="LocalCMCTests" time="0.001"/>
  <testcase name="TestALotOfAdding" classname="LocalCMCTests" time="0.0"/>
  <testcase name="TestALotOfAdding" classname="LocalCMCTests" time="0.0"/>
  <testcase name="TestALotOfAdding" classname="LocalCMCTests" time="0.001"/>
  <testcase name="TestALotOfAdding" classname="LocalCMCTests" time="0.0"/>
  <testcase name="TestALotOfAdding" classname="LocalCMCTests" time="0.0"/>
  <testcase name="TestALotOfAdding" classname="LocalCMCTests" time="0.0"/>
  <testcase name="TestALotOfAdding" classname="LocalCMCTests" time="0.0"/>
  <testcase name="TestALotOfAdding" classname="LocalCMCTests" time="0.001"/>
  <testcase name="TestALotOfAdding" classname="LocalCMCTests" time="0.001"/>
  <testcase name="TestALotOfAdding" classname="LocalCMCTests" time="0.001"/>
  <testcase name="TestALotOfAdding" classname="LocalCMCTests" time="0.001"/>
  <testcase name="TestALotOfAdding" classname="LocalCMCTests" time="0.001"/>
  <testcase name="TestALotOfAdding" classname="LocalCMCTests" time="0.001"/>
  <testcase name="TestALotOfAdding" classname="LocalCMCTests" time="0.0"/>
  <testcase name="TestALotOfAdding" classname="LocalCMCTests" time="0.001"/>
  <testcase name="TestALotOfAdding" classname="LocalCMCTests" time="0.0"/>
  <testcase name="TestALotOfAdding" classname="LocalCMCTests" time="0.0"/>
  <testcase name="TestALotOfAdding" classname="LocalCMCTests" time="0.0"/>
  <testcase name="TestALotOfAdding" classname="LocalCMCTests" time="0.0"/>
  <testcase name="TestALotOfAdding" classname="LocalCMCTests" time="0.001"/>
  <testcase name="TestALotOfAdding" classname="LocalCMCTests" time="0.002"/>
  <testcase name="TestALotOfAdding" classname="LocalCMCTests" time="0.0"/>
  <testcase name="TestALotOfAdding" classname="LocalCMCTests" time="0.001"/>
  <testcase name="TestALotOfAdding" classname="LocalCMCTests" time="0.001"/>
  <testcase name="TestALotOfAdding" classname="LocalCMCTests" time="0.001"/>
  <testcase name="TestALotOfAdding" classname="LocalCMCTests" time="0.001"/>
  <testcase name="TestALotOfAdding" classname="LocalCMCTests" time="0.0"/>
  <testcase name="TestALotOfAdding" classname="LocalCMCTests" time="0.001"/>
  <testcase name="TestALotOfAdding" classname="LocalCMCTests" time="0.001"/>
  <testcase name="TestALotOfAdding" classname="LocalCMCTests" time="0.0"/>
  <testcase name="TestALotOfAdding" classname="LocalCMCTests" time="0.001"/>
  <testcase name="TestALotOfAdding" classname="LocalCMCTests" time="0.0"/>
  <testcase name="TestALotOfAdding" classname="LocalCMCTests" time="0.0"/>
  <testcase name="TestALotOfAdding" classname="LocalCMCTests" time="0.0"/>
  <testcase name="TestALotOfAdding" classname="LocalCMCTests" time="0.0"/>
  <testcase name="TestALotOfAdding" classname="LocalCMCTests" time="0.0"/>
  <testcase name="TestALotOfAdding" classname="LocalCMCTests" time="0.002"/>
  <testcase name="TestALotOfAdding" classname="LocalCMCTests" time="0.001"/>
  <testcase name="TestALotOfAdding" classname="LocalCMCTests" time="0.002"/>
  <testcase name="TestALotOfAdding" classname="LocalCMCTests" time="0.001"/>
  <testcase name="TestALotOfAdding" classname="LocalCMCTests" time="0.0"/>
  <testcase name="TestALotOfAdding" classname="LocalCMCTests" time="0.001"/>
  <testcase name="TestALotOfAdding" classname="LocalCMCTests" time="0.001"/>
  <testcase name="TestALotOfAdding" classname="LocalCMCTests" time="0.0"/>
  <testcase name="TestALotOfAdding" classname="LocalCMCTests" time="0.001"/>
  <testcase name="TestALotOfAdding" classname="LocalCMCTests" time="0.001"/>
  <testcase name="TestALotOfAdding" classname="LocalCMCTests" time="0.002"/>
  <testcase name="TestALotOfAdding" classname="LocalCMCTests" time="0.0"/>
  <testcase name="TestALotOfAdding" classname="LocalCMCTests" time="0.0"/>
  <testcase name="TestALotOfAdding" classname="LocalCMCTests" time="0.0"/>
  <testcase name="TestALotOfAdding" classname="LocalCMCTests" time="0.0"/>
  <testcase name="TestALotOfAdding" classname="LocalCMCTests" time="0.001"/>
  <testcase name="TestALotOfAdding" classname="LocalCMCTests" time="0.001"/>
  <testcase name="TestALotOfAdding" classname="LocalCMCTests" time="0.0"/>
  <testcase name="TestALotOfAdding" classname="LocalCMCTests" time="0.001"/>
  <testcase name="TestALotOfAdding" classname="LocalCMCTests" time="0.001"/>
  <testcase name="TestALotOfAdding" classname="LocalCMCTests" time="0.0"/>
  <testcase name="TestALotOfAdding" classname="LocalCMCTests" time="0.0"/>
  <testcase name="TestALotOfAdding" classname="LocalCMCTests" time="0.001"/>
  <testcase name="TestALotOfAdding" classname="LocalCMCTests" time="0.002"/>
  <testcase name="TestALotOfAdding" classname="LocalCMCTests" time="0.0"/>
  <testcase name="TestALotOfAdding" classname="LocalCMCTests" time="0.001"/>
  <testcase name="TestALotOfAdding" classname="LocalCMCTests" time="0.0"/>
  <testcase name="TestALotOfAdding" classname="LocalCMCTests" time="0.0"/>
  <testcase name="TestALotOfAdding" classname="LocalCMCTests" time="0.0"/>
  <testcase name="TestALotOfAdding" classname="LocalCMCTests" time="0.001"/>
  <testcase name="TestALotOfAdding" classname="LocalCMCTests" time="0.0"/>
  <testcase name="TestALotOfAdding" classname="LocalCMCTests" time="0.001"/>
  <testcase name="TestALotOfAdding" classname="LocalCMCTests" time="0.001"/>
  <testcase name="TestALotOfAdding" classname="LocalCMCTests" time="0.003"/>
  <testcase name="TestALotOfAdding" classname="LocalCMCTests" time="0.0"/>
  <testcase name="TestALotOfAdding" classname="LocalCMCTests" time="0.0"/>
  <testcase name="TestALotOfAdding" classname="LocalCMCTests" time="0.002"/>
  <testcase name="TestALotOfAdding" classname="LocalCMCTests" time="0.001"/>
  <testcase name="TestALotOfAdding" classname="LocalCMCTests" time="0.0"/>
  <testcase name="TestALotOfAdding" classname="LocalCMCTests" time="0.001"/>
  <testcase name="TestALotOfAdding" classname="LocalCMCTests" time="0.001"/>
  <testcase name="TestALotOfAdding" classname="LocalCMCTests" time="0.001"/>
  <testcase name="TestALotOfAdding" classname="LocalCMCTests" time="0.001"/>
  <testcase name="TestALotOfAdding" classname="LocalCMCTests" time="0.0"/>
  <testcase name="TestALotOfAdding" classname="LocalCMCTests" time="0.0"/>
  <testcase name="TestALotOfAdding" classname="LocalCMCTests" time="0.0"/>
  <testcase name="TestALotOfAdding" classname="LocalCMCTests" time="0.0"/>
  <testcase name="TestALotOfAdding" classname="LocalCMCTests" time="0.0"/>
  <testcase name="TestALotOfAdding" classname="LocalCMCTests" time="0.001"/>
  <testcase name="TestALotOfAdding" classname="LocalCMCTests" time="0.002"/>
  <testcase name="TestALotOfAdding" classname="LocalCMCTests" time="0.001"/>
  <testcase name="TestALotOfAdding" classname="LocalCMCTests" time="0.001"/>
  <testcase name="TestALotOfAdding" classname="LocalCMCTests" time="0.0"/>
  <testcase name="TestALotOfAdding" classname="LocalCMCTests" time="0.0"/>
  <testcase name="TestALotOfAdding" classname="LocalCMCTests" time="0.0"/>
  <testcase name="TestALotOfAdding" classname="LocalCMCTests" time="0.0"/>
  <testcase name="TestALotOfAdding" classname="LocalCMCTests" time="0.001"/>
  <testcase name="TestALotOfAdding" classname="LocalCMCTests" time="0.0"/>
  <testcase name="TestALotOfAdding" classname="LocalCMCTests" time="0.001"/>
  <testcase name="TestALotOfAdding" classname="LocalCMCTests" time="0.001"/>
  <testcase name="TestALotOfAdding" classname="LocalCMCTests" time="0.001"/>
  <testcase name="TestALotOfAdding" classname="LocalCMCTests" time="0.001"/>
  <testcase name="TestALotOfAdding" classname="LocalCMCTests" time="0.001"/>
  <testcase name="TestALotOfAdding" classname="LocalCMCTests" time="0.002"/>
  <testcase name="TestALotOfAdding" classname="LocalCMCTests" time="0.001"/>
  <testcase name="TestALotOfAdding" classname="LocalCMCTests" time="0.001"/>
  <testcase name="TestALotOfAdding" classname="LocalCMCTests" time="0.001"/>
  <testcase name="TestALotOfAdding" classname="LocalCMCTests" time="0.001"/>
  <testcase name="TestALotOfAdding" classname="LocalCMCTests" time="0.001"/>
  <testcase name="TestALotOfAdding" classname="LocalCMCTests" time="0.0"/>
  <testcase name="TestALotOfAdding" classname="LocalCMCTests" time="0.001"/>
  <testcase name="TestALotOfAdding" classname="LocalCMCTests" time="0.0"/>
  <testcase name="TestALotOfAdding" classname="LocalCMCTests" time="0.0"/>
  <testcase name="TestALotOfAdding" classname="LocalCMCTests" time="0.001"/>
  <testcase name="TestALotOfAdding" classname="LocalCMCTests" time="0.001"/>
  <testcase name="TestALotOfAdding" classname="LocalCMCTests" time="0.001"/>
  <testcase name="TestALotOfAdding" classname="LocalCMCTests" time="0.002"/>
  <testcase name="TestALotOfAdding" classname="LocalCMCTests" time="0.001"/>
  <testcase name="TestALotOfAdding" classname="LocalCMCTests" time="0.0"/>
  <testcase name="TestALotOfAdding" classname="LocalCMCTests" time="0.0"/>
  <testcase name="TestALotOfAdding" classname="LocalCMCTests" time="0.0"/>
  <testcase name="TestALotOfAdding" classname="LocalCMCTests" time="0.0"/>
  <testcase name="TestALotOfAdding" classname="LocalCMCTests" time="0.0"/>
  <testcase name="TestALotOfAdding" classname="LocalCMCTests" time="0.001"/>
  <testcase name="TestALotOfAdding" classname="LocalCMCTests" time="0.001"/>
  <testcase name="TestALotOfAdding" classname="LocalCMCTests" time="0.001"/>
  <testcase name="TestALotOfAdding" classname="LocalCMCTests" time="0.001"/>
  <testcase name="TestALotOfAdding" classname="LocalCMCTests" time="0.001"/>
  <testcase name="TestALotOfAdding" classname="LocalCMCTests" time="0.0"/>
  <testcase name="TestALotOfAdding" classname="LocalCMCTests" time="0.002"/>
  <testcase name="TestALotOfAdding" classname="LocalCMCTests" time="0.001"/>
  <testcase name="TestALotOfAdding" classname="LocalCMCTests" time="0.0"/>
  <testcase name="TestALotOfAdding" classname="LocalCMCTests" time="0.001"/>
  <testcase name="TestALotOfAdding" classname="LocalCMCTests" time="0.001"/>
  <testcase name="TestALotOfAdding" classname="LocalCMCTests" time="0.001"/>
  <testcase name="TestALotOfAdding" classname="LocalCMCTests" time="0.001"/>
  <testcase name="TestALotOfAdding" classname="LocalCMCTests" time="0.0"/>
  <testcase name="TestALotOfAdding" classname="LocalCMCTests" time="0.0"/>
  <testcase name="TestALotOfAdding" classname="LocalCMCTests" time="0.001"/>
  <testcase name="TestALotOfAdding" classname="LocalCMCTests" time="0.0"/>
  <testcase name="TestALotOfAdding" classname="LocalCMCTests" time="0.001"/>
  <testcase name="TestALotOfAdding" classname="LocalCMCTests" time="0.0"/>
  <testcase name="TestALotOfAdding" classname="LocalCMCTests" time="0.001"/>
  <testcase name="TestALotOfAdding" classname="LocalCMCTests" time="0.002"/>
  <testcase name="TestALotOfAdding" classname="LocalCMCTests" time="0.0"/>
  <testcase name="TestALotOfAdding" classname="LocalCMCTests" time="0.001"/>
  <testcase name="TestALotOfAdding" classname="LocalCMCTests" time="0.0"/>
  <testcase name="TestALotOfAdding" classname="LocalCMCTests" time="0.001"/>
  <testcase name="TestALotOfAdding" classname="LocalCMCTests" time="0.001"/>
  <testcase name="TestALotOfAdding" classname="LocalCMCTests" time="0.001"/>
  <testcase name="TestALotOfAdding" classname="LocalCMCTests" time="0.001"/>
  <testcase name="TestALotOfAdding" classname="LocalCMCTests" time="0.001"/>
  <testcase name="TestALotOfAdding" classname="LocalCMCTests" time="0.001"/>
  <testcase name="TestALotOfAdding" classname="LocalCMCTests" time="0.0"/>
  <testcase name="TestALotOfAdding" classname="LocalCMCTests" time="0.0"/>
  <testcase name="TestALotOfAdding" classname="LocalCMCTests" time="0.0"/>
  <testcase name="TestALotOfAdding" classname="LocalCMCTests" time="0.0"/>
  <testcase name="TestALotOfAdding" classname="LocalCMCTests" time="0.001"/>
  <testcase name="TestALotOfAdding" classname="LocalCMCTests" time="0.001"/>
  <testcase name="TestALotOfAdding" classname="LocalCMCTests" time="0.001"/>
  <testcase name="TestALotOfAdding" classname="LocalCMCTests" time="0.001"/>
  <testcase name="TestALotOfAdding" classname="LocalCMCTests" time="0.0"/>
  <testcase name="TestALotOfAdding" classname="LocalCMCTests" time="0.0"/>
  <testcase name="TestALotOfAdding" classname="LocalCMCTests" time="0.0"/>
  <testcase name="TestALotOfAdding" classname="LocalCMCTests" time="0.001"/>
  <testcase name="TestALotOfAdding" classname="LocalCMCTests" time="0.001"/>
  <testcase name="TestALotOfAdding" classname="LocalCMCTests" time="0.001"/>
  <testcase name="TestALotOfAdding" classname="LocalCMCTests" time="0.001"/>
  <testcase name="TestALotOfAdding" classname="LocalCMCTests" time="0.0"/>
  <testcase name="TestALotOfAdding" classname="LocalCMCTests" time="0.001"/>
  <testcase name="TestALotOfAdding" classname="LocalCMCTests" time="0.0"/>
  <testcase name="TestALotOfAdding" classname="LocalCMCTests" time="0.0"/>
  <testcase name="TestALotOfAdding" classname="LocalCMCTests" time="0.002"/>
  <testcase name="TestALotOfAdding" classname="LocalCMCTests" time="0.001"/>
  <testcase name="TestALotOfAdding" classname="LocalCMCTests" time="0.001"/>
  <testcase name="TestALotOfAdding" classname="LocalCMCTests" time="0.001"/>
  <testcase name="TestALotOfAdding" classname="LocalCMCTests" time="0.001"/>
  <testcase name="TestALotOfAdding" classname="LocalCMCTests" time="0.002"/>
  <testcase name="TestALotOfAdding" classname="LocalCMCTests" time="0.0"/>
  <testcase name="TestALotOfAdding" classname="LocalCMCTests" time="0.0"/>
  <testcase name="TestALotOfAdding" classname="LocalCMCTests" time="0.0"/>
  <testcase name="TestALotOfAdding" classname="LocalCMCTests" time="0.001"/>
  <testcase name="TestALotOfAdding" classname="LocalCMCTests" time="0.001"/>
  <testcase name="TestALotOfAdding" classname="LocalCMCTests" time="0.0"/>
  <testcase name="TestALotOfAdding" classname="LocalCMCTests" time="0.0"/>
  <testcase name="TestALotOfAdding" classname="LocalCMCTests" time="0.001"/>
  <testcase name="TestALotOfAdding" classname="LocalCMCTests" time="0.001"/>
  <testcase name="TestALotOfAdding" classname="LocalCMCTests" time="0.001"/>
  <testcase name="TestALotOfAdding" classname="LocalCMCTests" time="0.001"/>
  <testcase name="TestALotOfAdding" classname="LocalCMCTests" time="0.001"/>
  <testcase name="TestALotOfAdding" classname="LocalCMCTests" time="0.001"/>
  <testcase name="TestALotOfAdding" classname="LocalCMCTests" time="0.001"/>
  <testcase name="TestALotOfAdding" classname="LocalCMCTests" time="0.001"/>
  <testcase name="TestALotOfAdding" classname="LocalCMCTests" time="0.001"/>
  <testcase name="TestALotOfAdding" classname="LocalCMCTests" time="0.0"/>
  <testcase name="TestALotOfAdding" classname="LocalCMCTests" time="0.0"/>
  <testcase name="TestALotOfAdding" classname="LocalCMCTests" time="0.0"/>
  <testcase name="TestALotOfAdding" classname="LocalCMCTests" time="0.0"/>
  <testcase name="TestALotOfAdding" classname="LocalCMCTests" time="0.001"/>
  <testcase name="TestALotOfAdding" classname="LocalCMCTests" time="0.0"/>
  <testcase name="TestALotOfAdding" classname="LocalCMCTests" time="0.0"/>
  <testcase name="TestALotOfAdding" classname="LocalCMCTests" time="0.001"/>
  <testcase name="TestALotOfAdding" classname="LocalCMCTests" time="0.0"/>
  <testcase name="TestALotOfAdding" classname="LocalCMCTests" time="0.001"/>
  <testcase name="TestALotOfAdding" classname="LocalCMCTests" time="0.0"/>
  <testcase name="TestALotOfAdding" classname="LocalCMCTests" time="0.001"/>
  <testcase name="TestALotOfAdding" classname="LocalCMCTests" time="0.0"/>
  <testcase name="TestALotOfAdding" classname="LocalCMCTests" time="0.001"/>
  <testcase name="TestALotOfAdding" classname="LocalCMCTests" time="0.0"/>
  <testcase name="TestALotOfAdding" classname="LocalCMCTests" time="0.0"/>
  <testcase name="TestALotOfAdding" classname="LocalCMCTests" time="0.001"/>
  <testcase name="TestALotOfAdding" classname="LocalCMCTests" time="0.001"/>
  <testcase name="TestALotOfAdding" classname="LocalCMCTests" time="0.001"/>
  <testcase name="TestALotOfAdding" classname="LocalCMCTests" time="0.0"/>
  <testcase name="TestALotOfAdding" classname="LocalCMCTests" time="0.001"/>
  <testcase name="TestALotOfAdding" classname="LocalCMCTests" time="0.0"/>
  <testcase name="TestALotOfAdding" classname="LocalCMCTests" time="0.0"/>
  <testcase name="TestALotOfAdding" classname="LocalCMCTests" time="0.0"/>
  <testcase name="TestALotOfAdding" classname="LocalCMCTests" time="0.0"/>
  <testcase name="TestALotOfAdding" classname="LocalCMCTests" time="0.0"/>
  <testcase name="TestALotOfAdding" classname="LocalCMCTests" time="0.001"/>
  <testcase name="TestALotOfAdding" classname="LocalCMCTests" time="0.0"/>
  <testcase name="TestALotOfAdding" classname="LocalCMCTests" time="0.001"/>
  <testcase name="TestALotOfAdding" classname="LocalCMCTests" time="0.002"/>
  <testcase name="TestALotOfAdding" classname="LocalCMCTests" time="0.0"/>
  <testcase name="TestALotOfAdding" classname="LocalCMCTests" time="0.0"/>
  <testcase name="TestALotOfAdding" classname="LocalCMCTests" time="0.001"/>
  <testcase name="TestALotOfAdding" classname="LocalCMCTests" time="0.001"/>
  <testcase name="TestALotOfAdding" classname="LocalCMCTests" time="0.001"/>
  <testcase name="TestALotOfAdding" classname="LocalCMCTests" time="0.001"/>
  <testcase name="TestALotOfAdding" classname="LocalCMCTests" time="0.0"/>
  <testcase name="TestALotOfAdding" classname="LocalCMCTests" time="0.002"/>
  <testcase name="TestALotOfAdding" classname="LocalCMCTests" time="0.002"/>
  <testcase name="TestALotOfAdding" classname="LocalCMCTests" time="0.001"/>
  <testcase name="TestALotOfAdding" classname="LocalCMCTests" time="0.002"/>
  <testcase name="TestALotOfAdding" classname="LocalCMCTests" time="0.0"/>
  <testcase name="TestALotOfAdding" classname="LocalCMCTests" time="0.003"/>
  <testcase name="TestALotOfAdding" classname="LocalCMCTests" time="0.0"/>
  <testcase name="TestALotOfAdding" classname="LocalCMCTests" time="0.001"/>
  <testcase name="TestALotOfAdding" classname="LocalCMCTests" time="0.0"/>
  <testcase name="TestALotOfAdding" classname="LocalCMCTests" time="0.0"/>
  <testcase name="TestALotOfAdding" classname="LocalCMCTests" time="0.001"/>
  <testcase name="TestALotOfAdding" classname="LocalCMCTests" time="0.0"/>
  <testcase name="TestALotOfAdding" classname="LocalCMCTests" time="0.0"/>
  <testcase name="TestALotOfAdding" classname="LocalCMCTests" time="0.0"/>
  <testcase name="TestALotOfAdding" classname="LocalCMCTests" time="0.001"/>
  <testcase name="TestALotOfAdding" classname="LocalCMCTests" time="0.0"/>
  <testcase name="TestALotOfAdding" classname="LocalCMCTests" time="0.002"/>
  <testcase name="TestALotOfAdding" classname="LocalCMCTests" time="0.002"/>
  <testcase name="TestALotOfAdding" classname="LocalCMCTests" time="0.001"/>
  <testcase name="TestALotOfAdding" classname="LocalCMCTests" time="0.001"/>
  <testcase name="TestALotOfAdding" classname="LocalCMCTests" time="0.0"/>
  <testcase name="TestALotOfAdding" classname="LocalCMCTests" time="0.001"/>
  <testcase name="TestALotOfAdding" classname="LocalCMCTests" time="0.0"/>
  <testcase name="TestALotOfAdding" classname="LocalCMCTests" time="0.001"/>
  <testcase name="TestALotOfAdding" classname="LocalCMCTests" time="0.0"/>
  <testcase name="TestALotOfAdding" classname="LocalCMCTests" time="0.001"/>
  <testcase name="TestALotOfAdding" classname="LocalCMCTests" time="0.001"/>
  <testcase name="TestALotOfAdding" classname="LocalCMCTests" time="0.001"/>
  <testcase name="TestALotOfAdding" classname="LocalCMCTests" time="0.0"/>
  <testcase name="TestALotOfAdding" classname="LocalCMCTests" time="0.0"/>
  <testcase name="TestALotOfAdding" classname="LocalCMCTests" time="0.0"/>
  <testcase name="TestALotOfAdding" classname="LocalCMCTests" time="0.0"/>
  <testcase name="TestALotOfAdding" classname="LocalCMCTests" time="0.0"/>
  <testcase name="TestALotOfAdding" classname="LocalCMCTests" time="0.001"/>
  <testcase name="TestALotOfAdding" classname="LocalCMCTests" time="0.001"/>
  <testcase name="TestALotOfAdding" classname="LocalCMCTests" time="0.001"/>
  <testcase name="TestALotOfAdding" classname="LocalCMCTests" time="0.001"/>
  <testcase name="TestALotOfAdding" classname="LocalCMCTests" time="0.001"/>
  <testcase name="TestALotOfAdding" classname="LocalCMCTests" time="0.001"/>
  <testcase name="TestALotOfAdding" classname="LocalCMCTests" time="0.001"/>
  <testcase name="TestALotOfAdding" classname="LocalCMCTests" time="0.001"/>
  <testcase name="TestALotOfAdding" classname="LocalCMCTests" time="0.0"/>
  <testcase name="TestALotOfAdding" classname="LocalCMCTests" time="0.0"/>
  <testcase name="TestALotOfAdding" classname="LocalCMCTests" time="0.0"/>
  <testcase name="TestALotOfAdding" classname="LocalCMCTests" time="0.0"/>
  <testcase name="TestALotOfAdding" classname="LocalCMCTests" time="0.001"/>
  <testcase name="TestALotOfAdding" classname="LocalCMCTests" time="0.0"/>
  <testcase name="TestALotOfAdding" classname="LocalCMCTests" time="0.0"/>
  <testcase name="TestALotOfAdding" classname="LocalCMCTests" time="0.0"/>
  <testcase name="TestALotOfAdding" classname="LocalCMCTests" time="0.003"/>
  <testcase name="TestALotOfAdding" classname="LocalCMCTests" time="0.001"/>
  <testcase name="TestALotOfAdding" classname="LocalCMCTests" time="0.001"/>
  <testcase name="TestALotOfAdding" classname="LocalCMCTests" time="0.001"/>
  <testcase name="TestALotOfAdding" classname="LocalCMCTests" time="0.0"/>
  <testcase name="TestALotOfAdding" classname="LocalCMCTests" time="0.001"/>
  <testcase name="TestALotOfAdding" classname="LocalCMCTests" time="0.001"/>
  <testcase name="TestALotOfAdding" classname="LocalCMCTests" time="0.001"/>
  <testcase name="TestALotOfAdding" classname="LocalCMCTests" time="0.0"/>
  <testcase name="TestALotOfAdding" classname="LocalCMCTests" time="0.001"/>
  <testcase name="TestALotOfAdding" classname="LocalCMCTests" time="0.0"/>
  <testcase name="TestALotOfAdding" classname="LocalCMCTests" time="0.001"/>
  <testcase name="TestALotOfAdding" classname="LocalCMCTests" time="0.0"/>
  <testcase name="TestALotOfAdding" classname="LocalCMCTests" time="0.0"/>
  <testcase name="TestALotOfAdding" classname="LocalCMCTests" time="0.0"/>
  <testcase name="TestALotOfAdding" classname="LocalCMCTests" time="0.0"/>
  <testcase name="TestALotOfAdding" classname="LocalCMCTests" time="0.001"/>
  <testcase name="TestALotOfAdding" classname="LocalCMCTests" time="0.001"/>
  <testcase name="TestALotOfAdding" classname="LocalCMCTests" time="0.001"/>
  <testcase name="TestALotOfAdding" classname="LocalCMCTests" time="0.0"/>
  <testcase name="TestALotOfAdding" classname="LocalCMCTests" time="0.0"/>
  <testcase name="TestALotOfAdding" classname="LocalCMCTests" time="0.001"/>
  <testcase name="TestALotOfAdding" classname="LocalCMCTests" time="0.0"/>
  <testcase name="TestALotOfAdding" classname="LocalCMCTests" time="0.001"/>
  <testcase name="TestALotOfAdding" classname="LocalCMCTests" time="0.0"/>
  <testcase name="TestALotOfAdding" classname="LocalCMCTests" time="0.001"/>
  <testcase name="TestALotOfAdding" classname="LocalCMCTests" time="0.0"/>
  <testcase name="TestALotOfAdding" classname="LocalCMCTests" time="0.001"/>
  <testcase name="TestALotOfAdding" classname="LocalCMCTests" time="0.0"/>
  <testcase name="TestALotOfAdding" classname="LocalCMCTests" time="0.001"/>
  <testcase name="TestALotOfAdding" classname="LocalCMCTests" time="0.002"/>
  <testcase name="TestALotOfAdding" classname="LocalCMCTests" time="0.0"/>
  <testcase name="TestALotOfAdding" classname="LocalCMCTests" time="0.0"/>
  <testcase name="TestALotOfAdding" classname="LocalCMCTests" time="0.001"/>
  <testcase name="TestALotOfAdding" classname="LocalCMCTests" time="0.001"/>
  <testcase name="TestALotOfAdding" classname="LocalCMCTests" time="0.0"/>
  <testcase name="TestALotOfAdding" classname="LocalCMCTests" time="0.001"/>
  <testcase name="TestALotOfAdding" classname="LocalCMCTests" time="0.001"/>
  <testcase name="TestALotOfAdding" classname="LocalCMCTests" time="0.001"/>
  <testcase name="TestALotOfAdding" classname="LocalCMCTests" time="0.001"/>
  <testcase name="TestALotOfAdding" classname="LocalCMCTests" time="0.001"/>
  <testcase name="TestALotOfAdding" classname="LocalCMCTests" time="0.0"/>
  <testcase name="TestALotOfAdding" classname="LocalCMCTests" time="0.001"/>
  <testcase name="TestALotOfAdding" classname="LocalCMCTests" time="0.0"/>
  <testcase name="TestALotOfAdding" classname="LocalCMCTests" time="0.002"/>
  <testcase name="TestALotOfAdding" classname="LocalCMCTests" time="0.003"/>
  <testcase name="TestALotOfAdding" classname="LocalCMCTests" time="0.001"/>
  <testcase name="TestALotOfAdding" classname="LocalCMCTests" time="0.0"/>
  <testcase name="TestALotOfAdding" classname="LocalCMCTests" time="0.0"/>
  <testcase name="TestALotOfAdding" classname="LocalCMCTests" time="0.001"/>
  <testcase name="TestALotOfAdding" classname="LocalCMCTests" time="0.001"/>
  <testcase name="TestALotOfAdding" classname="LocalCMCTests" time="0.0"/>
  <testcase name="TestALotOfAdding" classname="LocalCMCTests" time="0.0"/>
  <testcase name="TestALotOfAdding" classname="LocalCMCTests" time="0.0"/>
  <testcase name="TestALotOfAdding" classname="LocalCMCTests" time="0.0"/>
  <testcase name="TestALotOfAdding" classname="LocalCMCTests" time="0.001"/>
  <testcase name="TestALotOfAdding" classname="LocalCMCTests" time="0.001"/>
  <testcase name="TestALotOfAdding" classname="LocalCMCTests" time="0.001"/>
  <testcase name="TestALotOfAdding" classname="LocalCMCTests" time="0.001"/>
  <testcase name="TestALotOfAdding" classname="LocalCMCTests" time="0.002"/>
  <testcase name="TestALotOfAdding" classname="LocalCMCTests" time="0.0"/>
  <testcase name="TestALotOfAdding" classname="LocalCMCTests" time="0.001"/>
  <testcase name="TestALotOfAdding" classname="LocalCMCTests" time="0.001"/>
  <testcase name="TestALotOfAdding" classname="LocalCMCTests" time="0.001"/>
  <testcase name="TestALotOfAdding" classname="LocalCMCTests" time="0.001"/>
  <testcase name="TestALotOfAdding" classname="LocalCMCTests" time="0.0"/>
  <testcase name="TestALotOfAdding" classname="LocalCMCTests" time="0.0"/>
  <testcase name="TestALotOfAdding" classname="LocalCMCTests" time="0.001"/>
  <testcase name="TestALotOfAdding" classname="LocalCMCTests" time="0.0"/>
  <testcase name="TestALotOfAdding" classname="LocalCMCTests" time="0.001"/>
  <testcase name="TestALotOfAdding" classname="LocalCMCTests" time="0.001"/>
  <testcase name="TestALotOfAdding" classname="LocalCMCTests" time="0.001"/>
  <testcase name="TestALotOfAdding" classname="LocalCMCTests" time="0.001"/>
  <testcase name="TestALotOfAdding" classname="LocalCMCTests" time="0.0"/>
  <testcase name="TestALotOfAdding" classname="LocalCMCTests" time="0.0"/>
  <testcase name="TestALotOfAdding" classname="LocalCMCTests" time="0.0"/>
  <testcase name="TestALotOfAdding" classname="LocalCMCTests" time="0.0"/>
  <testcase name="TestALotOfAdding" classname="LocalCMCTests" time="0.0"/>
  <testcase name="TestALotOfAdding" classname="LocalCMCTests" time="0.001"/>
  <testcase name="TestALotOfAdding" classname="LocalCMCTests" time="0.003"/>
  <testcase name="TestALotOfAdding" classname="LocalCMCTests" time="0.002"/>
  <testcase name="TestALotOfAdding" classname="LocalCMCTests" time="0.003"/>
  <testcase name="TestALotOfAdding" classname="LocalCMCTests" time="0.002"/>
  <testcase name="TestALotOfAdding" classname="LocalCMCTests" time="0.0"/>
  <testcase name="TestALotOfAdding" classname="LocalCMCTests" time="0.001"/>
  <testcase name="TestALotOfAdding" classname="LocalCMCTests" time="0.002"/>
  <testcase name="TestALotOfAdding" classname="LocalCMCTests" time="0.0"/>
  <testcase name="TestALotOfAdding" classname="LocalCMCTests" time="0.001"/>
  <testcase name="TestALotOfAdding" classname="LocalCMCTests" time="0.001"/>
  <testcase name="TestALotOfAdding" classname="LocalCMCTests" time="0.001"/>
  <testcase name="TestALotOfAdding" classname="LocalCMCTests" time="0.0"/>
  <testcase name="TestALotOfAdding" classname="LocalCMCTests" time="0.001"/>
  <testcase name="TestALotOfAdding" classname="LocalCMCTests" time="0.0"/>
  <testcase name="TestALotOfAdding" classname="LocalCMCTests" time="0.0"/>
  <testcase name="TestALotOfAdding" classname="LocalCMCTests" time="0.0"/>
  <testcase name="TestALotOfAdding" classname="LocalCMCTests" time="0.001"/>
  <testcase name="TestALotOfAdding" classname="LocalCMCTests" time="0.001"/>
  <testcase name="TestALotOfAdding" classname="LocalCMCTests" time="0.001"/>
  <testcase name="TestALotOfAdding" classname="LocalCMCTests" time="0.0"/>
  <testcase name="TestALotOfAdding" classname="LocalCMCTests" time="0.001"/>
  <testcase name="TestALotOfAdding" classname="LocalCMCTests" time="0.001"/>
  <testcase name="TestALotOfAdding" classname="LocalCMCTests" time="0.001"/>
  <testcase name="TestALotOfAdding" classname="LocalCMCTests" time="0.001"/>
  <testcase name="TestALotOfAdding" classname="LocalCMCTests" time="0.0"/>
  <testcase name="TestALotOfAdding" classname="LocalCMCTests" time="0.0"/>
  <testcase name="TestALotOfAdding" classname="LocalCMCTests" time="0.0"/>
  <testcase name="TestALotOfAdding" classname="LocalCMCTests" time="0.001"/>
  <testcase name="TestALotOfAdding" classname="LocalCMCTests" time="0.001"/>
  <testcase name="TestALotOfAdding" classname="LocalCMCTests" time="0.001"/>
  <testcase name="TestALotOfAdding" classname="LocalCMCTests" time="0.001"/>
  <testcase name="TestALotOfAdding" classname="LocalCMCTests" time="0.0"/>
  <testcase name="TestALotOfAdding" classname="LocalCMCTests" time="0.001"/>
  <testcase name="TestALotOfAdding" classname="LocalCMCTests" time="0.001"/>
  <testcase name="TestALotOfAdding" classname="LocalCMCTests" time="0.001"/>
  <testcase name="TestALotOfAdding" classname="LocalCMCTests" time="0.001"/>
  <testcase name="TestALotOfAdding" classname="LocalCMCTests" time="0.001"/>
  <testcase name="TestALotOfAdding" classname="LocalCMCTests" time="0.001"/>
  <testcase name="TestALotOfAdding" classname="LocalCMCTests" time="0.001"/>
  <testcase name="TestALotOfAdding" classname="LocalCMCTests" time="0.001"/>
  <testcase name="TestALotOfAdding" classname="LocalCMCTests" time="0.0"/>
  <testcase name="TestALotOfAdding" classname="LocalCMCTests" time="0.0"/>
  <testcase name="TestALotOfAdding" classname="LocalCMCTests" time="0.0"/>
  <testcase name="TestALotOfAdding" classname="LocalCMCTests" time="0.001"/>
  <testcase name="TestALotOfAdding" classname="LocalCMCTests" time="0.001"/>
  <testcase name="TestALotOfAdding" classname="LocalCMCTests" time="0.001"/>
  <testcase name="TestALotOfAdding" classname="LocalCMCTests" time="0.0"/>
  <testcase name="TestALotOfAdding" classname="LocalCMCTests" time="0.001"/>
  <testcase name="TestALotOfAdding" classname="LocalCMCTests" time="0.001"/>
  <testcase name="TestALotOfAdding" classname="LocalCMCTests" time="0.0"/>
  <testcase name="TestALotOfAdding" classname="LocalCMCTests" time="0.001"/>
  <testcase name="TestALotOfAdding" classname="LocalCMCTests" time="0.0"/>
  <testcase name="TestALotOfAdding" classname="LocalCMCTests" time="0.001"/>
  <testcase name="TestALotOfAdding" classname="LocalCMCTests" time="0.0"/>
  <testcase name="TestALotOfAdding" classname="LocalCMCTests" time="0.001"/>
  <testcase name="TestALotOfAdding" classname="LocalCMCTests" time="0.0"/>
  <testcase name="TestALotOfAdding" classname="LocalCMCTests" time="0.001"/>
  <testcase name="TestALotOfAdding" classname="LocalCMCTests" time="0.0"/>
  <testcase name="TestALotOfAdding" classname="LocalCMCTests" time="0.0"/>
  <testcase name="TestALotOfAdding" classname="LocalCMCTests" time="0.001"/>
  <testcase name="TestALotOfAdding" classname="LocalCMCTests" time="0.001"/>
  <testcase name="TestALotOfAdding" classname="LocalCMCTests" time="0.0"/>
  <testcase name="TestALotOfAdding" classname="LocalCMCTests" time="0.001"/>
  <testcase name="TestALotOfAdding" classname="LocalCMCTests" time="0.001"/>
  <testcase name="TestALotOfAdding" classname="LocalCMCTests" time="0.0"/>
  <testcase name="TestALotOfAdding" classname="LocalCMCTests" time="0.001"/>
  <testcase name="TestALotOfAdding" classname="LocalCMCTests" time="0.0"/>
  <testcase name="TestALotOfAdding" classname="LocalCMCTests" time="0.0"/>
  <testcase name="TestALotOfAdding" classname="LocalCMCTests" time="0.0"/>
  <testcase name="TestALotOfAdding" classname="LocalCMCTests" time="0.0"/>
  <testcase name="TestALotOfAdding" classname="LocalCMCTests" time="0.0"/>
  <testcase name="TestALotOfAdding" classname="LocalCMCTests" time="0.0"/>
  <testcase name="TestALotOfAdding" classname="LocalCMCTests" time="0.001"/>
  <testcase name="TestALotOfAdding" classname="LocalCMCTests" time="0.002"/>
  <testcase name="TestALotOfAdding" classname="LocalCMCTests" time="0.002"/>
  <testcase name="TestALotOfAdding" classname="LocalCMCTests" time="0.001"/>
  <testcase name="TestALotOfAdding" classname="LocalCMCTests" time="0.002"/>
  <testcase name="TestALotOfAdding" classname="LocalCMCTests" time="0.001"/>
  <testcase name="TestALotOfAdding" classname="LocalCMCTests" time="0.0"/>
  <testcase name="TestALotOfAdding" classname="LocalCMCTests" time="0.001"/>
  <testcase name="TestALotOfAdding" classname="LocalCMCTests" time="0.0"/>
  <testcase name="TestALotOfAdding" classname="LocalCMCTests" time="0.001"/>
  <testcase name="TestALotOfAdding" classname="LocalCMCTests" time="0.0"/>
  <testcase name="TestALotOfAdding" classname="LocalCMCTests" time="0.001"/>
  <testcase name="TestALotOfAdding" classname="LocalCMCTests" time="0.002"/>
  <testcase name="TestALotOfAdding" classname="LocalCMCTests" time="0.0"/>
  <testcase name="TestALotOfAdding" classname="LocalCMCTests" time="0.0"/>
  <testcase name="TestALotOfAdding" classname="LocalCMCTests" time="0.0"/>
  <testcase name="TestALotOfAdding" classname="LocalCMCTests" time="0.0"/>
  <testcase name="TestALotOfAdding" classname="LocalCMCTests" time="0.0"/>
  <testcase name="TestALotOfAdding" classname="LocalCMCTests" time="0.0"/>
  <testcase name="TestALotOfAdding" classname="LocalCMCTests" time="0.001"/>
  <testcase name="TestALotOfAdding" classname="LocalCMCTests" time="0.002"/>
  <testcase name="TestALotOfAdding" classname="LocalCMCTests" time="0.001"/>
  <testcase name="TestALotOfAdding" classname="LocalCMCTests" time="0.0"/>
  <testcase name="TestALotOfAdding" classname="LocalCMCTests" time="0.002"/>
  <testcase name="TestALotOfAdding" classname="LocalCMCTests" time="0.0"/>
  <testcase name="TestALotOfAdding" classname="LocalCMCTests" time="0.001"/>
  <testcase name="TestALotOfAdding" classname="LocalCMCTests" time="0.001"/>
  <testcase name="TestALotOfAdding" classname="LocalCMCTests" time="0.001"/>
  <testcase name="TestALotOfAdding" classname="LocalCMCTests" time="0.0"/>
  <testcase name="TestALotOfAdding" classname="LocalCMCTests" time="0.0"/>
  <testcase name="TestALotOfAdding" classname="LocalCMCTests" time="0.001"/>
  <testcase name="TestALotOfAdding" classname="LocalCMCTests" time="0.0"/>
  <testcase name="TestALotOfAdding" classname="LocalCMCTests" time="0.0"/>
  <testcase name="TestALotOfAdding" classname="LocalCMCTests" time="0.001"/>
  <testcase name="TestALotOfAdding" classname="LocalCMCTests" time="0.0"/>
  <testcase name="TestALotOfAdding" classname="LocalCMCTests" time="0.001"/>
  <testcase name="TestALotOfAdding" classname="LocalCMCTests" time="0.002"/>
  <testcase name="TestALotOfAdding" classname="LocalCMCTests" time="0.001"/>
  <testcase name="TestALotOfAdding" classname="LocalCMCTests" time="0.002"/>
  <testcase name="TestALotOfAdding" classname="LocalCMCTests" time="0.002"/>
  <testcase name="TestALotOfAdding" classname="LocalCMCTests" time="0.001"/>
  <testcase name="TestALotOfAdding" classname="LocalCMCTests" time="0.002"/>
  <testcase name="TestALotOfAdding" classname="LocalCMCTests" time="0.002"/>
  <testcase name="TestALotOfAdding" classname="LocalCMCTests" time="0.002"/>
  <testcase name="TestALotOfAdding" classname="LocalCMCTests" time="0.002"/>
  <testcase name="TestALotOfAdding" classname="LocalCMCTests" time="0.002"/>
  <testcase name="TestALotOfAdding" classname="LocalCMCTests" time="0.0"/>
  <testcase name="TestALotOfAdding" classname="LocalCMCTests" time="0.001"/>
  <testcase name="TestALotOfAdding" classname="LocalCMCTests" time="0.001"/>
  <testcase name="TestALotOfAdding" classname="LocalCMCTests" time="0.001"/>
  <testcase name="TestALotOfAdding" classname="LocalCMCTests" time="0.001"/>
  <testcase name="TestALotOfAdding" classname="LocalCMCTests" time="0.001"/>
  <testcase name="TestALotOfAdding" classname="LocalCMCTests" time="0.001"/>
  <testcase name="TestALotOfAdding" classname="LocalCMCTests" time="0.0"/>
  <testcase name="TestALotOfAdding" classname="LocalCMCTests" time="0.001"/>
  <testcase name="TestALotOfAdding" classname="LocalCMCTests" time="0.0"/>
  <testcase name="TestALotOfAdding" classname="LocalCMCTests" time="0.0"/>
  <testcase name="TestALotOfAdding" classname="LocalCMCTests" time="0.0"/>
  <testcase name="TestALotOfAdding" classname="LocalCMCTests" time="0.0"/>
  <testcase name="TestALotOfAdding" classname="LocalCMCTests" time="0.0"/>
  <testcase name="TestALotOfAdding" classname="LocalCMCTests" time="0.0"/>
  <testcase name="TestALotOfAdding" classname="LocalCMCTests" time="0.001"/>
  <testcase name="TestALotOfAdding" classname="LocalCMCTests" time="0.001"/>
  <testcase name="TestALotOfAdding" classname="LocalCMCTests" time="0.002"/>
  <testcase name="TestALotOfAdding" classname="LocalCMCTests" time="0.003"/>
  <testcase name="TestALotOfAdding" classname="LocalCMCTests" time="0.0"/>
  <testcase name="TestALotOfAdding" classname="LocalCMCTests" time="0.001"/>
  <testcase name="TestALotOfAdding" classname="LocalCMCTests" time="0.0"/>
  <testcase name="TestALotOfAdding" classname="LocalCMCTests" time="0.0"/>
  <testcase name="TestALotOfAdding" classname="LocalCMCTests" time="0.0"/>
  <testcase name="TestALotOfAdding" classname="LocalCMCTests" time="0.0"/>
  <testcase name="TestALotOfAdding" classname="LocalCMCTests" time="0.0"/>
  <testcase name="TestALotOfAdding" classname="LocalCMCTests" time="0.001"/>
  <testcase name="TestALotOfAdding" classname="LocalCMCTests" time="0.001"/>
  <testcase name="TestALotOfAdding" classname="LocalCMCTests" time="0.001"/>
  <testcase name="TestALotOfAdding" classname="LocalCMCTests" time="0.001"/>
  <testcase name="TestALotOfAdding" classname="LocalCMCTests" time="0.001"/>
  <testcase name="TestALotOfAdding" classname="LocalCMCTests" time="0.0"/>
  <testcase name="TestALotOfAdding" classname="LocalCMCTests" time="0.0"/>
  <testcase name="TestALotOfAdding" classname="LocalCMCTests" time="0.001"/>
  <testcase name="TestALotOfAdding" classname="LocalCMCTests" time="0.001"/>
  <testcase name="TestALotOfAdding" classname="LocalCMCTests" time="0.001"/>
  <testcase name="TestALotOfAdding" classname="LocalCMCTests" time="0.001"/>
  <testcase name="TestALotOfAdding" classname="LocalCMCTests" time="0.0"/>
  <testcase name="TestALotOfAdding" classname="LocalCMCTests" time="0.0"/>
  <testcase name="TestALotOfAdding" classname="LocalCMCTests" time="0.001"/>
  <testcase name="TestALotOfAdding" classname="LocalCMCTests" time="0.0"/>
  <testcase name="TestALotOfAdding" classname="LocalCMCTests" time="0.001"/>
  <testcase name="TestALotOfAdding" classname="LocalCMCTests" time="0.001"/>
  <testcase name="TestALotOfAdding" classname="LocalCMCTests" time="0.0"/>
  <testcase name="TestALotOfAdding" classname="LocalCMCTests" time="0.001"/>
  <testcase name="TestALotOfAdding" classname="LocalCMCTests" time="0.0"/>
  <testcase name="TestALotOfAdding" classname="LocalCMCTests" time="0.0"/>
  <testcase name="TestALotOfAdding" classname="LocalCMCTests" time="0.0"/>
  <testcase name="TestALotOfAdding" classname="LocalCMCTests" time="0.001"/>
  <testcase name="TestALotOfAdding" classname="LocalCMCTests" time="0.0"/>
  <testcase name="TestALotOfAdding" classname="LocalCMCTests" time="0.001"/>
  <testcase name="TestALotOfAdding" classname="LocalCMCTests" time="0.001"/>
  <testcase name="TestALotOfAdding" classname="LocalCMCTests" time="0.001"/>
  <testcase name="TestALotOfAdding" classname="LocalCMCTests" time="0.001"/>
  <testcase name="TestALotOfAdding" classname="LocalCMCTests" time="0.0"/>
  <testcase name="TestALotOfAdding" classname="LocalCMCTests" time="0.0"/>
  <testcase name="TestALotOfAdding" classname="LocalCMCTests" time="0.0"/>
  <testcase name="TestALotOfAdding" classname="LocalCMCTests" time="0.0"/>
  <testcase name="TestALotOfAdding" classname="LocalCMCTests" time="0.001"/>
  <testcase name="TestALotOfAdding" classname="LocalCMCTests" time="0.001"/>
  <testcase name="TestALotOfAdding" classname="LocalCMCTests" time="0.0"/>
  <testcase name="TestALotOfAdding" classname="LocalCMCTests" time="0.002"/>
  <testcase name="TestALotOfAdding" classname="LocalCMCTests" time="0.0"/>
  <testcase name="TestALotOfAdding" classname="LocalCMCTests" time="0.002"/>
  <testcase name="TestALotOfAdding" classname="LocalCMCTests" time="0.0"/>
  <testcase name="TestALotOfAdding" classname="LocalCMCTests" time="0.002"/>
  <testcase name="TestALotOfAdding" classname="LocalCMCTests" time="0.001"/>
  <testcase name="TestALotOfAdding" classname="LocalCMCTests" time="0.0"/>
  <testcase name="TestALotOfAdding" classname="LocalCMCTests" time="0.001"/>
  <testcase name="TestALotOfAdding" classname="LocalCMCTests" time="0.001"/>
  <testcase name="TestALotOfAdding" classname="LocalCMCTests" time="0.001"/>
  <testcase name="TestALotOfAdding" classname="LocalCMCTests" time="0.0"/>
  <testcase name="TestALotOfAdding" classname="LocalCMCTests" time="0.0"/>
  <testcase name="TestALotOfAdding" classname="LocalCMCTests" time="0.001"/>
  <testcase name="TestALotOfAdding" classname="LocalCMCTests" time="0.001"/>
  <testcase name="TestALotOfAdding" classname="LocalCMCTests" time="0.001"/>
  <testcase name="TestALotOfAdding" classname="LocalCMCTests" time="0.0"/>
  <testcase name="TestALotOfAdding" classname="LocalCMCTests" time="0.0"/>
  <testcase name="TestALotOfAdding" classname="LocalCMCTests" time="0.001"/>
  <testcase name="TestALotOfAdding" classname="LocalCMCTests" time="0.001"/>
  <testcase name="TestALotOfAdding" classname="LocalCMCTests" time="0.001"/>
  <testcase name="TestALotOfAdding" classname="LocalCMCTests" time="0.001"/>
  <testcase name="TestALotOfAdding" classname="LocalCMCTests" time="0.001"/>
  <testcase name="TestALotOfAdding" classname="LocalCMCTests" time="0.0"/>
  <testcase name="TestALotOfAdding" classname="LocalCMCTests" time="0.0"/>
  <testcase name="TestALotOfAdding" classname="LocalCMCTests" time="0.0"/>
  <testcase name="TestALotOfAdding" classname="LocalCMCTests" time="0.0"/>
  <testcase name="TestALotOfAdding" classname="LocalCMCTests" time="0.0"/>
  <testcase name="TestALotOfAdding" classname="LocalCMCTests" time="0.001"/>
  <testcase name="TestALotOfAdding" classname="LocalCMCTests" time="0.002"/>
  <testcase name="TestALotOfAdding" classname="LocalCMCTests" time="0.002"/>
  <testcase name="TestALotOfAdding" classname="LocalCMCTests" time="0.002"/>
  <testcase name="TestALotOfAdding" classname="LocalCMCTests" time="0.0"/>
  <testcase name="TestALotOfAdding" classname="LocalCMCTests" time="0.0"/>
  <testcase name="TestALotOfAdding" classname="LocalCMCTests" time="0.0"/>
  <testcase name="TestALotOfAdding" classname="LocalCMCTests" time="0.001"/>
  <testcase name="TestALotOfAdding" classname="LocalCMCTests" time="0.001"/>
  <testcase name="TestALotOfAdding" classname="LocalCMCTests" time="0.0"/>
  <testcase name="TestALotOfAdding" classname="LocalCMCTests" time="0.001"/>
  <testcase name="TestALotOfAdding" classname="LocalCMCTests" time="0.001"/>
  <testcase name="TestALotOfAdding" classname="LocalCMCTests" time="0.0"/>
  <testcase name="TestALotOfAdding" classname="LocalCMCTests" time="0.001"/>
  <testcase name="TestALotOfAdding" classname="LocalCMCTests" time="0.001"/>
  <testcase name="TestALotOfAdding" classname="LocalCMCTests" time="0.0"/>
  <testcase name="TestALotOfAdding" classname="LocalCMCTests" time="0.001"/>
  <testcase name="TestALotOfAdding" classname="LocalCMCTests" time="0.0"/>
  <testcase name="TestALotOfAdding" classname="LocalCMCTests" time="0.002"/>
  <testcase name="TestALotOfAdding" classname="LocalCMCTests" time="0.001"/>
  <testcase name="TestALotOfAdding" classname="LocalCMCTests" time="0.0"/>
  <testcase name="TestALotOfAdding" classname="LocalCMCTests" time="0.001"/>
  <testcase name="TestALotOfAdding" classname="LocalCMCTests" time="0.001"/>
  <testcase name="TestALotOfAdding" classname="LocalCMCTests" time="0.001"/>
  <testcase name="TestALotOfAdding" classname="LocalCMCTests" time="0.001"/>
  <testcase name="TestALotOfAdding" classname="LocalCMCTests" time="0.0"/>
  <testcase name="TestALotOfAdding" classname="LocalCMCTests" time="0.0"/>
  <testcase name="TestALotOfAdding" classname="LocalCMCTests" time="0.0"/>
  <testcase name="TestALotOfAdding" classname="LocalCMCTests" time="0.001"/>
  <testcase name="TestALotOfAdding" classname="LocalCMCTests" time="0.002"/>
  <testcase name="TestALotOfAdding" classname="LocalCMCTests" time="0.001"/>
  <testcase name="TestALotOfAdding" classname="LocalCMCTests" time="0.002"/>
  <testcase name="TestALotOfAdding" classname="LocalCMCTests" time="0.0"/>
  <testcase name="TestALotOfAdding" classname="LocalCMCTests" time="0.0"/>
  <testcase name="TestALotOfAdding" classname="LocalCMCTests" time="0.0"/>
  <testcase name="TestALotOfAdding" classname="LocalCMCTests" time="0.001"/>
  <testcase name="TestALotOfAdding" classname="LocalCMCTests" time="0.001"/>
  <testcase name="TestALotOfAdding" classname="LocalCMCTests" time="0.0"/>
  <testcase name="TestALotOfAdding" classname="LocalCMCTests" time="0.0"/>
  <testcase name="TestALotOfAdding" classname="LocalCMCTests" time="0.001"/>
  <testcase name="TestALotOfAdding" classname="LocalCMCTests" time="0.001"/>
  <testcase name="TestALotOfAdding" classname="LocalCMCTests" time="0.001"/>
  <testcase name="TestALotOfAdding" classname="LocalCMCTests" time="0.0"/>
  <testcase name="TestALotOfAdding" classname="LocalCMCTests" time="0.001"/>
  <testcase name="TestALotOfAdding" classname="LocalCMCTests" time="0.001"/>
  <testcase name="TestALotOfAdding" classname="LocalCMCTests" time="0.0"/>
  <testcase name="TestALotOfAdding" classname="LocalCMCTests" time="0.001"/>
  <testcase name="TestALotOfAdding" classname="LocalCMCTests" time="0.0"/>
  <testcase name="TestALotOfAdding" classname="LocalCMCTests" time="0.002"/>
  <testcase name="TestALotOfAdding" classname="LocalCMCTests" time="0.001"/>
  <testcase name="TestALotOfAdding" classname="LocalCMCTests" time="0.0"/>
  <testcase name="TestALotOfAdding" classname="LocalCMCTests" time="0.0"/>
  <testcase name="TestALotOfAdding" classname="LocalCMCTests" time="0.0"/>
  <testcase name="TestALotOfAdding" classname="LocalCMCTests" time="0.0"/>
  <testcase name="TestALotOfAdding" classname="LocalCMCTests" time="0.0"/>
  <testcase name="TestALotOfAdding" classname="LocalCMCTests" time="0.001"/>
  <testcase name="TestALotOfAdding" classname="LocalCMCTests" time="0.002"/>
  <testcase name="TestALotOfAdding" classname="LocalCMCTests" time="0.001"/>
  <testcase name="TestALotOfAdding" classname="LocalCMCTests" time="0.001"/>
  <testcase name="TestALotOfAdding" classname="LocalCMCTests" time="0.001"/>
  <testcase name="TestALotOfAdding" classname="LocalCMCTests" time="0.001"/>
  <testcase name="TestALotOfAdding" classname="LocalCMCTests" time="0.001"/>
  <testcase name="TestALotOfAdding" classname="LocalCMCTests" time="0.001"/>
  <testcase name="TestALotOfAdding" classname="LocalCMCTests" time="0.0"/>
  <testcase name="TestALotOfAdding" classname="LocalCMCTests" time="0.001"/>
  <testcase name="TestALotOfAdding" classname="LocalCMCTests" time="0.001"/>
  <testcase name="TestALotOfAdding" classname="LocalCMCTests" time="0.001"/>
  <testcase name="TestALotOfAdding" classname="LocalCMCTests" time="0.0"/>
  <testcase name="TestALotOfAdding" classname="LocalCMCTests" time="0.001"/>
  <testcase name="TestALotOfAdding" classname="LocalCMCTests" time="0.0"/>
  <testcase name="TestALotOfAdding" classname="LocalCMCTests" time="0.0"/>
  <testcase name="TestALotOfAdding" classname="LocalCMCTests" time="0.0"/>
  <testcase name="TestALotOfAdding" classname="LocalCMCTests" time="0.001"/>
  <testcase name="TestALotOfAdding" classname="LocalCMCTests" time="0.001"/>
  <testcase name="TestALotOfAdding" classname="LocalCMCTests" time="0.001"/>
  <testcase name="TestALotOfAdding" classname="LocalCMCTests" time="0.002"/>
  <testcase name="TestALotOfAdding" classname="LocalCMCTests" time="0.001"/>
  <testcase name="TestALotOfAdding" classname="LocalCMCTests" time="0.0"/>
  <testcase name="TestALotOfAdding" classname="LocalCMCTests" time="0.001"/>
  <testcase name="TestALotOfAdding" classname="LocalCMCTests" time="0.0"/>
  <testcase name="TestALotOfAdding" classname="LocalCMCTests" time="0.001"/>
  <testcase name="TestALotOfAdding" classname="LocalCMCTests" time="0.0"/>
  <testcase name="TestALotOfAdding" classname="LocalCMCTests" time="0.0"/>
  <testcase name="TestALotOfAdding" classname="LocalCMCTests" time="0.0"/>
  <testcase name="TestALotOfAdding" classname="LocalCMCTests" time="0.001"/>
  <testcase name="TestALotOfAdding" classname="LocalCMCTests" time="0.001"/>
  <testcase name="TestALotOfAdding" classname="LocalCMCTests" time="0.0"/>
  <testcase name="TestALotOfAdding" classname="LocalCMCTests" time="0.001"/>
  <testcase name="TestALotOfAdding" classname="LocalCMCTests" time="0.001"/>
  <testcase name="TestALotOfAdding" classname="LocalCMCTests" time="0.001"/>
  <testcase name="TestALotOfAdding" classname="LocalCMCTests" time="0.002"/>
  <testcase name="TestALotOfAdding" classname="LocalCMCTests" time="0.0"/>
  <testcase name="TestALotOfAdding" classname="LocalCMCTests" time="0.0"/>
  <testcase name="TestALotOfAdding" classname="LocalCMCTests" time="0.001"/>
  <testcase name="TestALotOfAdding" classname="LocalCMCTests" time="0.0"/>
  <testcase name="TestALotOfAdding" classname="LocalCMCTests" time="0.0"/>
  <testcase name="TestALotOfAdding" classname="LocalCMCTests" time="0.001"/>
  <testcase name="TestALotOfAdding" classname="LocalCMCTests" time="0.001"/>
  <testcase name="TestALotOfAdding" classname="LocalCMCTests" time="0.0"/>
  <testcase name="TestALotOfAdding" classname="LocalCMCTests" time="0.0"/>
  <testcase name="TestALotOfAdding" classname="LocalCMCTests" time="0.001"/>
  <testcase name="TestALotOfAdding" classname="LocalCMCTests" time="0.001"/>
  <testcase name="TestALotOfAdding" classname="LocalCMCTests" time="0.001"/>
  <testcase name="TestALotOfAdding" classname="LocalCMCTests" time="0.001"/>
  <testcase name="TestALotOfAdding" classname="LocalCMCTests" time="0.002"/>
  <testcase name="TestALotOfAdding" classname="LocalCMCTests" time="0.0"/>
  <testcase name="TestALotOfAdding" classname="LocalCMCTests" time="0.001"/>
  <testcase name="TestALotOfAdding" classname="LocalCMCTests" time="0.0"/>
  <testcase name="TestALotOfAdding" classname="LocalCMCTests" time="0.0"/>
  <testcase name="TestALotOfAdding" classname="LocalCMCTests" time="0.0"/>
  <testcase name="TestALotOfAdding" classname="LocalCMCTests" time="0.0"/>
  <testcase name="TestALotOfAdding" classname="LocalCMCTests" time="0.0"/>
  <testcase name="TestALotOfAdding" classname="LocalCMCTests" time="0.0"/>
  <testcase name="TestALotOfAdding" classname="LocalCMCTests" time="0.001"/>
  <testcase name="TestALotOfAdding" classname="LocalCMCTests" time="0.0"/>
  <testcase name="TestALotOfAdding" classname="LocalCMCTests" time="0.002"/>
  <testcase name="TestALotOfAdding" classname="LocalCMCTests" time="0.001"/>
  <testcase name="TestALotOfAdding" classname="LocalCMCTests" time="0.002"/>
  <testcase name="TestALotOfAdding" classname="LocalCMCTests" time="0.0"/>
  <testcase name="TestALotOfAdding" classname="LocalCMCTests" time="0.0"/>
  <testcase name="TestALotOfAdding" classname="LocalCMCTests" time="0.0"/>
  <testcase name="TestALotOfAdding" classname="LocalCMCTests" time="0.001"/>
  <testcase name="TestALotOfAdding" classname="LocalCMCTests" time="0.001"/>
  <testcase name="TestALotOfAdding" classname="LocalCMCTests" time="0.001"/>
  <testcase name="TestALotOfAdding" classname="LocalCMCTests" time="0.001"/>
  <testcase name="TestALotOfAdding" classname="LocalCMCTests" time="0.0"/>
  <testcase name="TestALotOfAdding" classname="LocalCMCTests" time="0.0"/>
  <testcase name="TestALotOfAdding" classname="LocalCMCTests" time="0.0"/>
  <testcase name="TestALotOfAdding" classname="LocalCMCTests" time="0.0"/>
  <testcase name="TestALotOfAdding" classname="LocalCMCTests" time="0.001"/>
  <testcase name="TestALotOfAdding" classname="LocalCMCTests" time="0.0"/>
  <testcase name="TestALotOfAdding" classname="LocalCMCTests" time="0.0"/>
  <testcase name="TestALotOfAdding" classname="LocalCMCTests" time="0.001"/>
  <testcase name="TestALotOfAdding" classname="LocalCMCTests" time="0.0"/>
  <testcase name="TestALotOfAdding" classname="LocalCMCTests" time="0.0"/>
  <testcase name="TestALotOfAdding" classname="LocalCMCTests" time="0.002"/>
  <testcase name="TestALotOfAdding" classname="LocalCMCTests" time="0.0"/>
  <testcase name="TestALotOfAdding" classname="LocalCMCTests" time="0.002"/>
  <testcase name="TestALotOfAdding" classname="LocalCMCTests" time="0.002"/>
  <testcase name="TestALotOfAdding" classname="LocalCMCTests" time="0.0"/>
  <testcase name="TestALotOfAdding" classname="LocalCMCTests" time="0.002"/>
  <testcase name="TestALotOfAdding" classname="LocalCMCTests" time="0.001"/>
  <testcase name="TestALotOfAdding" classname="LocalCMCTests" time="0.0"/>
  <testcase name="TestALotOfAdding" classname="LocalCMCTests" time="0.001"/>
  <testcase name="TestALotOfAdding" classname="LocalCMCTests" time="0.001"/>
  <testcase name="TestALotOfAdding" classname="LocalCMCTests" time="0.0"/>
  <testcase name="TestALotOfAdding" classname="LocalCMCTests" time="0.001"/>
  <testcase name="TestALotOfAdding" classname="LocalCMCTests" time="0.001"/>
  <testcase name="TestALotOfAdding" classname="LocalCMCTests" time="0.001"/>
  <testcase name="TestALotOfAdding" classname="LocalCMCTests" time="0.001"/>
  <testcase name="TestALotOfAdding" classname="LocalCMCTests" time="0.001"/>
  <testcase name="TestALotOfAdding" classname="LocalCMCTests" time="0.002"/>
  <testcase name="TestALotOfAdding" classname="LocalCMCTests" time="0.001"/>
  <testcase name="TestALotOfAdding" classname="LocalCMCTests" time="0.001"/>
  <testcase name="TestALotOfAdding" classname="LocalCMCTests" time="0.001"/>
  <testcase name="TestALotOfAdding" classname="LocalCMCTests" time="0.0"/>
  <testcase name="TestALotOfAdding" classname="LocalCMCTests" time="0.001"/>
  <testcase name="TestALotOfAdding" classname="LocalCMCTests" time="0.001"/>
  <testcase name="TestALotOfAdding" classname="LocalCMCTests" time="0.0"/>
  <testcase name="TestALotOfAdding" classname="LocalCMCTests" time="0.0"/>
  <testcase name="TestALotOfAdding" classname="LocalCMCTests" time="0.0"/>
  <testcase name="TestALotOfAdding" classname="LocalCMCTests" time="0.0"/>
  <testcase name="TestALotOfAdding" classname="LocalCMCTests" time="0.0"/>
  <testcase name="TestALotOfAdding" classname="LocalCMCTests" time="0.001"/>
  <testcase name="TestALotOfAdding" classname="LocalCMCTests" time="0.002"/>
  <testcase name="TestALotOfAdding" classname="LocalCMCTests" time="0.0"/>
  <testcase name="TestALotOfAdding" classname="LocalCMCTests" time="0.001"/>
  <testcase name="TestALotOfAdding" classname="LocalCMCTests" time="0.0"/>
  <testcase name="TestALotOfAdding" classname="LocalCMCTests" time="0.0"/>
  <testcase name="TestALotOfAdding" classname="LocalCMCTests" time="0.001"/>
  <testcase name="TestALotOfAdding" classname="LocalCMCTests" time="0.001"/>
  <testcase name="TestALotOfAdding" classname="LocalCMCTests" time="0.001"/>
  <testcase name="TestALotOfAdding" classname="LocalCMCTests" time="0.001"/>
  <testcase name="TestALotOfAdding" classname="LocalCMCTests" time="0.001"/>
  <testcase name="TestALotOfAdding" classname="LocalCMCTests" time="0.001"/>
  <testcase name="TestALotOfAdding" classname="LocalCMCTests" time="0.0"/>
  <testcase name="TestALotOfAdding" classname="LocalCMCTests" time="0.0"/>
  <testcase name="TestALotOfAdding" classname="LocalCMCTests" time="0.001"/>
  <testcase name="TestALotOfAdding" classname="LocalCMCTests" time="0.001"/>
  <testcase name="TestALotOfAdding" classname="LocalCMCTests" time="0.001"/>
  <testcase name="TestALotOfAdding" classname="LocalCMCTests" time="0.0"/>
  <testcase name="TestALotOfAdding" classname="LocalCMCTests" time="0.001"/>
  <testcase name="TestALotOfAdding" classname="LocalCMCTests" time="0.001"/>
  <testcase name="TestALotOfAdding" classname="LocalCMCTests" time="0.0"/>
  <testcase name="TestALotOfAdding" classname="LocalCMCTests" time="0.0"/>
  <testcase name="TestALotOfAdding" classname="LocalCMCTests" time="0.0"/>
  <testcase name="TestALotOfAdding" classname="LocalCMCTests" time="0.001"/>
  <testcase name="TestALotOfAdding" classname="LocalCMCTests" time="0.0"/>
  <testcase name="TestALotOfAdding" classname="LocalCMCTests" time="0.0"/>
  <testcase name="TestALotOfAdding" classname="LocalCMCTests" time="0.0"/>
  <testcase name="TestALotOfAdding" classname="LocalCMCTests" time="0.0"/>
  <testcase name="TestALotOfAdding" classname="LocalCMCTests" time="0.001"/>
  <testcase name="TestALotOfAdding" classname="LocalCMCTests" time="0.0"/>
  <testcase name="TestALotOfAdding" classname="LocalCMCTests" time="0.001"/>
  <testcase name="TestALotOfAdding" classname="LocalCMCTests" time="0.0"/>
  <testcase name="TestALotOfAdding" classname="LocalCMCTests" time="0.001"/>
  <testcase name="TestALotOfAdding" classname="LocalCMCTests" time="0.001"/>
  <testcase name="TestALotOfAdding" classname="LocalCMCTests" time="0.001"/>
  <testcase name="TestALotOfAdding" classname="LocalCMCTests" time="0.001"/>
  <testcase name="TestALotOfAdding" classname="LocalCMCTests" time="0.001"/>
  <testcase name="TestALotOfAdding" classname="LocalCMCTests" time="0.001"/>
  <testcase name="TestALotOfAdding" classname="LocalCMCTests" time="0.001"/>
  <testcase name="TestALotOfAdding" classname="LocalCMCTests" time="0.0"/>
  <testcase name="TestALotOfAdding" classname="LocalCMCTests" time="0.0"/>
  <testcase name="TestALotOfAdding" classname="LocalCMCTests" time="0.0"/>
  <testcase name="TestALotOfAdding" classname="LocalCMCTests" time="0.0"/>
  <testcase name="TestALotOfAdding" classname="LocalCMCTests" time="0.0"/>
  <testcase name="TestALotOfAdding" classname="LocalCMCTests" time="0.001"/>
  <testcase name="TestALotOfAdding" classname="LocalCMCTests" time="0.0"/>
  <testcase name="TestALotOfAdding" classname="LocalCMCTests" time="0.001"/>
  <testcase name="TestALotOfAdding" classname="LocalCMCTests" time="0.002"/>
  <testcase name="TestALotOfAdding" classname="LocalCMCTests" time="0.002"/>
  <testcase name="TestALotOfAdding" classname="LocalCMCTests" time="0.0"/>
  <testcase name="TestALotOfAdding" classname="LocalCMCTests" time="0.002"/>
  <testcase name="TestALotOfAdding" classname="LocalCMCTests" time="0.0"/>
  <testcase name="TestALotOfAdding" classname="LocalCMCTests" time="0.0"/>
  <testcase name="TestALotOfAdding" classname="LocalCMCTests" time="0.0"/>
  <testcase name="TestALotOfAdding" classname="LocalCMCTests" time="0.0"/>
  <testcase name="TestALotOfAdding" classname="LocalCMCTests" time="0.0"/>
  <testcase name="TestALotOfAdding" classname="LocalCMCTests" time="0.001"/>
  <testcase name="TestALotOfAdding" classname="LocalCMCTests" time="0.0"/>
  <testcase name="TestALotOfAdding" classname="LocalCMCTests" time="0.001"/>
  <testcase name="TestALotOfAdding" classname="LocalCMCTests" time="0.001"/>
  <testcase name="TestALotOfAdding" classname="LocalCMCTests" time="0.001"/>
  <testcase name="TestALotOfAdding" classname="LocalCMCTests" time="0.001"/>
  <testcase name="TestALotOfAdding" classname="LocalCMCTests" time="0.0"/>
  <testcase name="TestALotOfAdding" classname="LocalCMCTests" time="0.001"/>
  <testcase name="TestALotOfAdding" classname="LocalCMCTests" time="0.001"/>
  <testcase name="TestALotOfAdding" classname="LocalCMCTests" time="0.001"/>
  <testcase name="TestALotOfAdding" classname="LocalCMCTests" time="0.001"/>
  <testcase name="TestALotOfAdding" classname="LocalCMCTests" time="0.001"/>
  <testcase name="TestALotOfAdding" classname="LocalCMCTests" time="0.0"/>
  <testcase name="TestALotOfAdding" classname="LocalCMCTests" time="0.003"/>
  <testcase name="TestALotOfAdding" classname="LocalCMCTests" time="0.0"/>
  <testcase name="TestALotOfAdding" classname="LocalCMCTests" time="0.001"/>
  <testcase name="TestALotOfAdding" classname="LocalCMCTests" time="0.0"/>
  <testcase name="TestALotOfAdding" classname="LocalCMCTests" time="0.0"/>
  <testcase name="TestALotOfAdding" classname="LocalCMCTests" time="0.0"/>
  <testcase name="TestALotOfAdding" classname="LocalCMCTests" time="0.001"/>
  <testcase name="TestALotOfAdding" classname="LocalCMCTests" time="0.002"/>
  <testcase name="TestALotOfAdding" classname="LocalCMCTests" time="0.0"/>
  <testcase name="TestALotOfAdding" classname="LocalCMCTests" time="0.001"/>
  <testcase name="TestALotOfAdding" classname="LocalCMCTests" time="0.001"/>
  <testcase name="TestALotOfAdding" classname="LocalCMCTests" time="0.001"/>
  <testcase name="TestALotOfAdding" classname="LocalCMCTests" time="0.001"/>
  <testcase name="TestALotOfAdding" classname="LocalCMCTests" time="0.001"/>
  <testcase name="TestALotOfAdding" classname="LocalCMCTests" time="0.002"/>
  <testcase name="TestALotOfAdding" classname="LocalCMCTests" time="0.001"/>
  <testcase name="TestALotOfAdding" classname="LocalCMCTests" time="0.0"/>
  <testcase name="TestALotOfAdding" classname="LocalCMCTests" time="0.001"/>
  <testcase name="TestALotOfAdding" classname="LocalCMCTests" time="0.0"/>
  <testcase name="TestALotOfAdding" classname="LocalCMCTests" time="0.0"/>
  <testcase name="TestALotOfAdding" classname="LocalCMCTests" time="0.0"/>
  <testcase name="TestALotOfAdding" classname="LocalCMCTests" time="0.0"/>
  <testcase name="TestALotOfAdding" classname="LocalCMCTests" time="0.001"/>
  <testcase name="TestALotOfAdding" classname="LocalCMCTests" time="0.0"/>
  <testcase name="TestALotOfAdding" classname="LocalCMCTests" time="0.001"/>
  <testcase name="TestALotOfAdding" classname="LocalCMCTests" time="0.001"/>
  <testcase name="TestALotOfAdding" classname="LocalCMCTests" time="0.001"/>
  <testcase name="TestALotOfAdding" classname="LocalCMCTests" time="0.001"/>
  <testcase name="TestALotOfAdding" classname="LocalCMCTests" time="0.001"/>
  <testcase name="TestALotOfAdding" classname="LocalCMCTests" time="0.0"/>
  <testcase name="TestALotOfAdding" classname="LocalCMCTests" time="0.001"/>
  <testcase name="TestALotOfAdding" classname="LocalCMCTests" time="0.001"/>
  <testcase name="TestALotOfAdding" classname="LocalCMCTests" time="0.0"/>
  <testcase name="TestALotOfAdding" classname="LocalCMCTests" time="0.001"/>
  <testcase name="TestALotOfAdding" classname="LocalCMCTests" time="0.0"/>
  <testcase name="TestALotOfAdding" classname="LocalCMCTests" time="0.0"/>
  <testcase name="TestALotOfAdding" classname="LocalCMCTests" time="0.001"/>
  <testcase name="TestALotOfAdding" classname="LocalCMCTests" time="0.0"/>
  <testcase name="TestALotOfAdding" classname="LocalCMCTests" time="0.002"/>
  <testcase name="TestALotOfAdding" classname="LocalCMCTests" time="0.001"/>
  <testcase name="TestALotOfAdding" classname="LocalCMCTests" time="0.0"/>
  <testcase name="TestALotOfAdding" classname="LocalCMCTests" time="0.001"/>
  <testcase name="TestALotOfAdding" classname="LocalCMCTests" time="0.0"/>
  <testcase name="TestALotOfAdding" classname="LocalCMCTests" time="0.001"/>
  <testcase name="TestALotOfAdding" classname="LocalCMCTests" time="0.001"/>
  <testcase name="TestALotOfAdding" classname="LocalCMCTests" time="0.001"/>
  <testcase name="TestALotOfAdding" classname="LocalCMCTests" time="0.0"/>
  <testcase name="TestALotOfAdding" classname="LocalCMCTests" time="0.001"/>
  <testcase name="TestALotOfAdding" classname="LocalCMCTests" time="0.0"/>
  <testcase name="TestALotOfAdding" classname="LocalCMCTests" time="0.0"/>
  <testcase name="TestALotOfAdding" classname="LocalCMCTests" time="0.001"/>
  <testcase name="TestALotOfAdding" classname="LocalCMCTests" time="0.001"/>
  <testcase name="TestALotOfAdding" classname="LocalCMCTests" time="0.002"/>
  <testcase name="TestALotOfAdding" classname="LocalCMCTests" time="0.001"/>
  <testcase name="TestALotOfAdding" classname="LocalCMCTests" time="0.0"/>
  <testcase name="TestALotOfAdding" classname="LocalCMCTests" time="0.001"/>
  <testcase name="TestALotOfAdding" classname="LocalCMCTests" time="0.001"/>
  <testcase name="TestALotOfAdding" classname="LocalCMCTests" time="0.001"/>
  <testcase name="TestALotOfAdding" classname="LocalCMCTests" time="0.0"/>
  <testcase name="TestALotOfAdding" classname="LocalCMCTests" time="0.0"/>
  <testcase name="TestALotOfAdding" classname="LocalCMCTests" time="0.001"/>
  <testcase name="TestALotOfAdding" classname="LocalCMCTests" time="0.001"/>
  <testcase name="TestALotOfAdding" classname="LocalCMCTests" time="0.002"/>
  <testcase name="TestALotOfAdding" classname="LocalCMCTests" time="0.0"/>
  <testcase name="TestALotOfAdding" classname="LocalCMCTests" time="0.0"/>
  <testcase name="TestALotOfAdding" classname="LocalCMCTests" time="0.0"/>
  <testcase name="TestALotOfAdding" classname="LocalCMCTests" time="0.0"/>
  <testcase name="TestALotOfAdding" classname="LocalCMCTests" time="0.0"/>
  <testcase name="TestALotOfAdding" classname="LocalCMCTests" time="0.0"/>
  <testcase name="TestALotOfAdding" classname="LocalCMCTests" time="0.0"/>
  <testcase name="TestALotOfAdding" classname="LocalCMCTests" time="0.001"/>
  <testcase name="TestALotOfAdding" classname="LocalCMCTests" time="0.001"/>
  <testcase name="TestALotOfAdding" classname="LocalCMCTests" time="0.0"/>
  <testcase name="TestALotOfAdding" classname="LocalCMCTests" time="0.001"/>
  <testcase name="TestALotOfAdding" classname="LocalCMCTests" time="0.001"/>
  <testcase name="TestALotOfAdding" classname="LocalCMCTests" time="0.001"/>
  <testcase name="TestALotOfAdding" classname="LocalCMCTests" time="0.0"/>
  <testcase name="TestALotOfAdding" classname="LocalCMCTests" time="0.0"/>
  <testcase name="TestALotOfAdding" classname="LocalCMCTests" time="0.0"/>
  <testcase name="TestALotOfAdding" classname="LocalCMCTests" time="0.001"/>
  <testcase name="TestALotOfAdding" classname="LocalCMCTests" time="0.0"/>
  <testcase name="TestALotOfAdding" classname="LocalCMCTests" time="0.0"/>
  <testcase name="TestALotOfAdding" classname="LocalCMCTests" time="0.001"/>
  <testcase name="TestALotOfAdding" classname="LocalCMCTests" time="0.001"/>
  <testcase name="TestALotOfAdding" classname="LocalCMCTests" time="0.0"/>
  <testcase name="TestALotOfAdding" classname="LocalCMCTests" time="0.001"/>
  <testcase name="TestALotOfAdding" classname="LocalCMCTests" time="0.001"/>
  <testcase name="TestALotOfAdding" classname="LocalCMCTests" time="0.0"/>
  <testcase name="TestALotOfAdding" classname="LocalCMCTests" time="0.0"/>
  <testcase name="TestALotOfAdding" classname="LocalCMCTests" time="0.001"/>
  <testcase name="TestALotOfAdding" classname="LocalCMCTests" time="0.001"/>
  <testcase name="TestALotOfAdding" classname="LocalCMCTests" time="0.002"/>
  <testcase name="TestALotOfAdding" classname="LocalCMCTests" time="0.0"/>
  <testcase name="TestALotOfAdding" classname="LocalCMCTests" time="0.001"/>
  <testcase name="TestALotOfAdding" classname="LocalCMCTests" time="0.0"/>
  <testcase name="TestALotOfAdding" classname="LocalCMCTests" time="0.0"/>
  <testcase name="TestALotOfAdding" classname="LocalCMCTests" time="0.002"/>
  <testcase name="TestALotOfAdding" classname="LocalCMCTests" time="0.001"/>
  <testcase name="TestALotOfAdding" classname="LocalCMCTests" time="0.0"/>
  <testcase name="TestALotOfAdding" classname="LocalCMCTests" time="0.0"/>
  <testcase name="TestALotOfAdding" classname="LocalCMCTests" time="0.0"/>
  <testcase name="TestALotOfAdding" classname="LocalCMCTests" time="0.001"/>
  <testcase name="TestALotOfAdding" classname="LocalCMCTests" time="0.001"/>
  <testcase name="TestALotOfAdding" classname="LocalCMCTests" time="0.0"/>
  <testcase name="TestALotOfAdding" classname="LocalCMCTests" time="0.001"/>
  <testcase name="TestALotOfAdding" classname="LocalCMCTests" time="0.0"/>
  <testcase name="TestALotOfAdding" classname="LocalCMCTests" time="0.0"/>
  <testcase name="TestALotOfAdding" classname="LocalCMCTests" time="0.0"/>
  <testcase name="TestALotOfAdding" classname="LocalCMCTests" time="0.0"/>
  <testcase name="TestALotOfAdding" classname="LocalCMCTests" time="0.001"/>
  <testcase name="TestALotOfAdding" classname="LocalCMCTests" time="0.002"/>
  <testcase name="TestALotOfAdding" classname="LocalCMCTests" time="0.001"/>
  <testcase name="TestALotOfAdding" classname="LocalCMCTests" time="0.0"/>
  <testcase name="TestALotOfAdding" classname="LocalCMCTests" time="0.001"/>
  <testcase name="TestALotOfAdding" classname="LocalCMCTests" time="0.0"/>
  <testcase name="TestALotOfAdding" classname="LocalCMCTests" time="0.002"/>
  <testcase name="TestALotOfAdding" classname="LocalCMCTests" time="0.001"/>
  <testcase name="TestALotOfAdding" classname="LocalCMCTests" time="0.001"/>
  <testcase name="TestALotOfAdding" classname="LocalCMCTests" time="0.001"/>
  <testcase name="TestALotOfAdding" classname="LocalCMCTests" time="0.001"/>
  <testcase name="TestALotOfAdding" classname="LocalCMCTests" time="0.001"/>
  <testcase name="TestALotOfAdding" classname="LocalCMCTests" time="0.003"/>
  <testcase name="TestALotOfAdding" classname="LocalCMCTests" time="0.0"/>
  <testcase name="TestALotOfAdding" classname="LocalCMCTests" time="0.0"/>
  <testcase name="TestALotOfAdding" classname="LocalCMCTests" time="0.0"/>
  <testcase name="TestALotOfAdding" classname="LocalCMCTests" time="0.001"/>
  <testcase name="TestALotOfAdding" classname="LocalCMCTests" time="0.0"/>
  <testcase name="TestALotOfAdding" classname="LocalCMCTests" time="0.002"/>
  <testcase name="TestALotOfAdding" classname="LocalCMCTests" time="0.001"/>
  <testcase name="TestALotOfAdding" classname="LocalCMCTests" time="0.0"/>
  <testcase name="TestALotOfAdding" classname="LocalCMCTests" time="0.0"/>
  <testcase name="TestALotOfAdding" classname="LocalCMCTests" time="0.0"/>
  <testcase name="TestALotOfAdding" classname="LocalCMCTests" time="0.0"/>
  <testcase name="TestALotOfAdding" classname="LocalCMCTests" time="0.001"/>
  <testcase name="TestALotOfAdding" classname="LocalCMCTests" time="0.0"/>
  <testcase name="TestALotOfAdding" classname="LocalCMCTests" time="0.001"/>
  <testcase name="TestALotOfAdding" classname="LocalCMCTests" time="0.001"/>
  <testcase name="TestALotOfAdding" classname="LocalCMCTests" time="0.0"/>
  <testcase name="TestALotOfAdding" classname="LocalCMCTests" time="0.0"/>
  <testcase name="TestALotOfAdding" classname="LocalCMCTests" time="0.0"/>
  <testcase name="TestALotOfAdding" classname="LocalCMCTests" time="0.001"/>
  <testcase name="TestALotOfAdding" classname="LocalCMCTests" time="0.001"/>
  <testcase name="TestALotOfAdding" classname="LocalCMCTests" time="0.001"/>
  <testcase name="TestALotOfAdding" classname="LocalCMCTests" time="0.001"/>
  <testcase name="TestALotOfAdding" classname="LocalCMCTests" time="0.0"/>
  <testcase name="TestALotOfAdding" classname="LocalCMCTests" time="0.0"/>
  <testcase name="TestALotOfAdding" classname="LocalCMCTests" time="0.001"/>
  <testcase name="TestALotOfAdding" classname="LocalCMCTests" time="0.001"/>
  <testcase name="TestALotOfAdding" classname="LocalCMCTests" time="0.0"/>
  <testcase name="TestALotOfAdding" classname="LocalCMCTests" time="0.0"/>
  <testcase name="TestALotOfAdding" classname="LocalCMCTests" time="0.001"/>
  <testcase name="TestALotOfAdding" classname="LocalCMCTests" time="0.001"/>
  <testcase name="TestALotOfAdding" classname="LocalCMCTests" time="0.0"/>
  <testcase name="TestALotOfAdding" classname="LocalCMCTests" time="0.001"/>
  <testcase name="TestALotOfAdding" classname="LocalCMCTests" time="0.001"/>
  <testcase name="TestALotOfAdding" classname="LocalCMCTests" time="0.001"/>
  <testcase name="TestALotOfAdding" classname="LocalCMCTests" time="0.0"/>
  <testcase name="TestALotOfAdding" classname="LocalCMCTests" time="0.0"/>
  <testcase name="TestALotOfAdding" classname="LocalCMCTests" time="0.0"/>
  <testcase name="TestALotOfAdding" classname="LocalCMCTests" time="0.0"/>
  <testcase name="TestALotOfAdding" classname="LocalCMCTests" time="0.0"/>
  <testcase name="TestALotOfAdding" classname="LocalCMCTests" time="0.001"/>
  <testcase name="TestALotOfAdding" classname="LocalCMCTests" time="0.001"/>
  <testcase name="TestALotOfAdding" classname="LocalCMCTests" time="0.002"/>
  <testcase name="TestALotOfAdding" classname="LocalCMCTests" time="0.002"/>
  <testcase name="TestALotOfAdding" classname="LocalCMCTests" time="0.0"/>
  <testcase name="TestALotOfAdding" classname="LocalCMCTests" time="0.002"/>
  <testcase name="TestALotOfAdding" classname="LocalCMCTests" time="0.0"/>
  <testcase name="TestALotOfAdding" classname="LocalCMCTests" time="0.0"/>
  <testcase name="TestALotOfAdding" classname="LocalCMCTests" time="0.001"/>
  <testcase name="TestALotOfAdding" classname="LocalCMCTests" time="0.001"/>
  <testcase name="TestALotOfAdding" classname="LocalCMCTests" time="0.0"/>
  <testcase name="TestALotOfAdding" classname="LocalCMCTests" time="0.001"/>
  <testcase name="TestALotOfAdding" classname="LocalCMCTests" time="0.001"/>
  <testcase name="TestALotOfAdding" classname="LocalCMCTests" time="0.001"/>
  <testcase name="TestALotOfAdding" classname="LocalCMCTests" time="0.001"/>
  <testcase name="TestALotOfAdding" classname="LocalCMCTests" time="0.0"/>
  <testcase name="TestALotOfAdding" classname="LocalCMCTests" time="0.0"/>
  <testcase name="TestALotOfAdding" classname="LocalCMCTests" time="0.0"/>
  <testcase name="TestALotOfAdding" classname="LocalCMCTests" time="0.001"/>
  <testcase name="TestALotOfAdding" classname="LocalCMCTests" time="0.001"/>
  <testcase name="TestALotOfAdding" classname="LocalCMCTests" time="0.001"/>
  <testcase name="TestALotOfAdding" classname="LocalCMCTests" time="0.0"/>
  <testcase name="TestALotOfAdding" classname="LocalCMCTests" time="0.001"/>
  <testcase name="TestALotOfAdding" classname="LocalCMCTests" time="0.001"/>
  <testcase name="TestALotOfAdding" classname="LocalCMCTests" time="0.001"/>
  <testcase name="TestALotOfAdding" classname="LocalCMCTests" time="0.0"/>
  <testcase name="TestALotOfAdding" classname="LocalCMCTests" time="0.0"/>
  <testcase name="TestALotOfAdding" classname="LocalCMCTests" time="0.0"/>
  <testcase name="TestALotOfAdding" classname="LocalCMCTests" time="0.0"/>
  <testcase name="TestALotOfAdding" classname="LocalCMCTests" time="0.0"/>
  <testcase name="TestALotOfAdding" classname="LocalCMCTests" time="0.0"/>
  <testcase name="TestALotOfAdding" classname="LocalCMCTests" time="0.001"/>
  <testcase name="TestALotOfAdding" classname="LocalCMCTests" time="0.0"/>
  <testcase name="TestALotOfAdding" classname="LocalCMCTests" time="0.002"/>
  <testcase name="TestALotOfAdding" classname="LocalCMCTests" time="0.002"/>
  <testcase name="TestALotOfAdding" classname="LocalCMCTests" time="0.0"/>
  <testcase name="TestALotOfAdding" classname="LocalCMCTests" time="0.0"/>
  <testcase name="TestALotOfAdding" classname="LocalCMCTests" time="0.002"/>
  <testcase name="TestALotOfAdding" classname="LocalCMCTests" time="0.0"/>
  <testcase name="TestALotOfAdding" classname="LocalCMCTests" time="0.001"/>
  <testcase name="TestALotOfAdding" classname="LocalCMCTests" time="0.001"/>
  <testcase name="TestALotOfAdding" classname="LocalCMCTests" time="0.001"/>
  <testcase name="TestALotOfAdding" classname="LocalCMCTests" time="0.001"/>
  <testcase name="TestALotOfAdding" classname="LocalCMCTests" time="0.001"/>
  <testcase name="TestALotOfAdding" classname="LocalCMCTests" time="0.0"/>
  <testcase name="TestALotOfAdding" classname="LocalCMCTests" time="0.001"/>
  <testcase name="TestALotOfAdding" classname="LocalCMCTests" time="0.0"/>
  <testcase name="TestALotOfAdding" classname="LocalCMCTests" time="0.0"/>
  <testcase name="TestALotOfAdding" classname="LocalCMCTests" time="0.001"/>
  <testcase name="TestALotOfAdding" classname="LocalCMCTests" time="0.001"/>
  <testcase name="TestALotOfAdding" classname="LocalCMCTests" time="0.001"/>
  <testcase name="TestALotOfAdding" classname="LocalCMCTests" time="0.0"/>
  <testcase name="TestALotOfAdding" classname="LocalCMCTests" time="0.0"/>
  <testcase name="TestALotOfAdding" classname="LocalCMCTests" time="0.0"/>
  <testcase name="TestALotOfAdding" classname="LocalCMCTests" time="0.0"/>
  <testcase name="TestALotOfAdding" classname="LocalCMCTests" time="0.001"/>
  <testcase name="TestALotOfAdding" classname="LocalCMCTests" time="0.001"/>
  <testcase name="TestALotOfAdding" classname="LocalCMCTests" time="0.0"/>
  <testcase name="TestALotOfAdding" classname="LocalCMCTests" time="0.001"/>
  <testcase name="TestALotOfAdding" classname="LocalCMCTests" time="0.001"/>
  <testcase name="TestALotOfAdding" classname="LocalCMCTests" time="0.001"/>
  <testcase name="TestALotOfAdding" classname="LocalCMCTests" time="0.0"/>
  <testcase name="TestALotOfAdding" classname="LocalCMCTests" time="0.002"/>
  <testcase name="TestALotOfAdding" classname="LocalCMCTests" time="0.001"/>
  <testcase name="TestALotOfAdding" classname="LocalCMCTests" time="0.0"/>
  <testcase name="TestALotOfAdding" classname="LocalCMCTests" time="0.001"/>
  <testcase name="TestALotOfAdding" classname="LocalCMCTests" time="0.001"/>
  <testcase name="TestALotOfAdding" classname="LocalCMCTests" time="0.001"/>
  <testcase name="TestALotOfAdding" classname="LocalCMCTests" time="0.0"/>
  <testcase name="TestALotOfAdding" classname="LocalCMCTests" time="0.0"/>
  <testcase name="TestALotOfAdding" classname="LocalCMCTests" time="0.001"/>
  <testcase name="TestALotOfAdding" classname="LocalCMCTests" time="0.001"/>
  <testcase name="TestALotOfAdding" classname="LocalCMCTests" time="0.001"/>
  <testcase name="TestALotOfAdding" classname="LocalCMCTests" time="0.0"/>
  <testcase name="TestALotOfAdding" classname="LocalCMCTests" time="0.001"/>
  <testcase name="TestALotOfAdding" classname="LocalCMCTests" time="0.0"/>
  <testcase name="TestALotOfAdding" classname="LocalCMCTests" time="0.0"/>
  <testcase name="TestALotOfAdding" classname="LocalCMCTests" time="0.0"/>
  <testcase name="TestALotOfAdding" classname="LocalCMCTests" time="0.0"/>
  <testcase name="TestALotOfAdding" classname="LocalCMCTests" time="0.001"/>
  <testcase name="TestALotOfAdding" classname="LocalCMCTests" time="0.0"/>
  <testcase name="TestALotOfAdding" classname="LocalCMCTests" time="0.0"/>
  <testcase name="TestALotOfAdding" classname="LocalCMCTests" time="0.001"/>
  <testcase name="TestALotOfAdding" classname="LocalCMCTests" time="0.0"/>
  <testcase name="TestALotOfAdding" classname="LocalCMCTests" time="0.0"/>
  <testcase name="TestALotOfAdding" classname="LocalCMCTests" time="0.001"/>
  <testcase name="TestALotOfAdding" classname="LocalCMCTests" time="0.001"/>
  <testcase name="TestALotOfAdding" classname="LocalCMCTests" time="0.0"/>
  <testcase name="TestALotOfAdding" classname="LocalCMCTests" time="0.001"/>
  <testcase name="TestALotOfAdding" classname="LocalCMCTests" time="0.001"/>
  <testcase name="TestALotOfAdding" classname="LocalCMCTests" time="0.0"/>
  <testcase name="TestALotOfAdding" classname="LocalCMCTests" time="0.001"/>
  <testcase name="TestALotOfAdding" classname="LocalCMCTests" time="0.0"/>
  <testcase name="TestALotOfAdding" classname="LocalCMCTests" time="0.001"/>
  <testcase name="TestALotOfAdding" classname="LocalCMCTests" time="0.0"/>
  <testcase name="TestALotOfAdding" classname="LocalCMCTests" time="0.0"/>
  <testcase name="TestALotOfAdding" classname="LocalCMCTests" time="0.001"/>
  <testcase name="TestALotOfAdding" classname="LocalCMCTests" time="0.001"/>
  <testcase name="TestALotOfAdding" classname="LocalCMCTests" time="0.001"/>
  <testcase name="TestALotOfAdding" classname="LocalCMCTests" time="0.003"/>
  <testcase name="TestALotOfAdding" classname="LocalCMCTests" time="0.001"/>
  <testcase name="TestALotOfAdding" classname="LocalCMCTests" time="0.0"/>
  <testcase name="TestALotOfAdding" classname="LocalCMCTests" time="0.001"/>
  <testcase name="TestALotOfAdding" classname="LocalCMCTests" time="0.001"/>
  <testcase name="TestALotOfAdding" classname="LocalCMCTests" time="0.0"/>
  <testcase name="TestALotOfAdding" classname="LocalCMCTests" time="0.001"/>
  <testcase name="TestALotOfAdding" classname="LocalCMCTests" time="0.001"/>
  <testcase name="TestALotOfAdding" classname="LocalCMCTests" time="0.002"/>
  <testcase name="TestALotOfAdding" classname="LocalCMCTests" time="0.0"/>
  <testcase name="TestALotOfAdding" classname="LocalCMCTests" time="0.0"/>
  <testcase name="TestALotOfAdding" classname="LocalCMCTests" time="0.0"/>
  <testcase name="TestALotOfAdding" classname="LocalCMCTests" time="0.0"/>
  <testcase name="TestALotOfAdding" classname="LocalCMCTests" time="0.0"/>
  <testcase name="TestALotOfAdding" classname="LocalCMCTests" time="0.001"/>
  <testcase name="TestALotOfAdding" classname="LocalCMCTests" time="0.001"/>
  <testcase name="TestALotOfAdding" classname="LocalCMCTests" time="0.001"/>
  <testcase name="TestALotOfAdding" classname="LocalCMCTests" time="0.001"/>
  <testcase name="TestALotOfAdding" classname="LocalCMCTests" time="0.001"/>
  <testcase name="TestALotOfAdding" classname="LocalCMCTests" time="0.001"/>
  <testcase name="TestALotOfAdding" classname="LocalCMCTests" time="0.002"/>
  <testcase name="TestALotOfAdding" classname="LocalCMCTests" time="0.0"/>
  <testcase name="TestALotOfAdding" classname="LocalCMCTests" time="0.001"/>
  <testcase name="TestALotOfAdding" classname="LocalCMCTests" time="0.0"/>
  <testcase name="TestALotOfAdding" classname="LocalCMCTests" time="0.0"/>
  <testcase name="TestALotOfAdding" classname="LocalCMCTests" time="0.0"/>
  <testcase name="TestALotOfAdding" classname="LocalCMCTests" time="0.001"/>
  <testcase name="TestALotOfAdding" classname="LocalCMCTests" time="0.0"/>
  <testcase name="TestALotOfAdding" classname="LocalCMCTests" time="0.0"/>
  <testcase name="TestALotOfAdding" classname="LocalCMCTests" time="0.0"/>
  <testcase name="TestALotOfAdding" classname="LocalCMCTests" time="0.0"/>
  <testcase name="TestALotOfAdding" classname="LocalCMCTests" time="0.002"/>
  <testcase name="TestALotOfAdding" classname="LocalCMCTests" time="0.001"/>
  <testcase name="TestALotOfAdding" classname="LocalCMCTests" time="0.0"/>
  <testcase name="TestALotOfAdding" classname="LocalCMCTests" time="0.0"/>
  <testcase name="TestALotOfAdding" classname="LocalCMCTests" time="0.001"/>
  <testcase name="TestALotOfAdding" classname="LocalCMCTests" time="0.001"/>
  <testcase name="TestALotOfAdding" classname="LocalCMCTests" time="0.001"/>
  <testcase name="TestALotOfAdding" classname="LocalCMCTests" time="0.001"/>
  <testcase name="TestALotOfAdding" classname="LocalCMCTests" time="0.001"/>
  <testcase name="TestALotOfAdding" classname="LocalCMCTests" time="0.0"/>
  <testcase name="TestALotOfAdding" classname="LocalCMCTests" time="0.0"/>
  <testcase name="TestALotOfAdding" classname="LocalCMCTests" time="0.0"/>
  <testcase name="TestALotOfAdding" classname="LocalCMCTests" time="0.001"/>
  <testcase name="TestALotOfAdding" classname="LocalCMCTests" time="0.001"/>
  <testcase name="TestALotOfAdding" classname="LocalCMCTests" time="0.002"/>
  <testcase name="TestALotOfAdding" classname="LocalCMCTests" time="0.0"/>
  <testcase name="TestALotOfAdding" classname="LocalCMCTests" time="0.001"/>
  <testcase name="TestALotOfAdding" classname="LocalCMCTests" time="0.001"/>
  <testcase name="TestALotOfAdding" classname="LocalCMCTests" time="0.0"/>
  <testcase name="TestALotOfAdding" classname="LocalCMCTests" time="0.0"/>
  <testcase name="TestALotOfAdding" classname="LocalCMCTests" time="0.0"/>
  <testcase name="TestALotOfAdding" classname="LocalCMCTests" time="0.0"/>
  <testcase name="TestALotOfAdding" classname="LocalCMCTests" time="0.001"/>
  <testcase name="TestALotOfAdding" classname="LocalCMCTests" time="0.001"/>
  <testcase name="TestALotOfAdding" classname="LocalCMCTests" time="0.0"/>
  <testcase name="TestALotOfAdding" classname="LocalCMCTests" time="0.001"/>
  <testcase name="TestALotOfAdding" classname="LocalCMCTests" time="0.001"/>
  <testcase name="TestALotOfAdding" classname="LocalCMCTests" time="0.002"/>
  <testcase name="TestALotOfAdding" classname="LocalCMCTests" time="0.001"/>
  <testcase name="TestALotOfAdding" classname="LocalCMCTests" time="0.001"/>
  <testcase name="TestALotOfAdding" classname="LocalCMCTests" time="0.001"/>
  <testcase name="TestALotOfAdding" classname="LocalCMCTests" time="0.001"/>
  <testcase name="TestALotOfAdding" classname="LocalCMCTests" time="0.001"/>
  <testcase name="TestALotOfAdding" classname="LocalCMCTests" time="0.001"/>
  <testcase name="TestALotOfAdding" classname="LocalCMCTests" time="0.0"/>
  <testcase name="TestALotOfAdding" classname="LocalCMCTests" time="0.001"/>
  <testcase name="TestALotOfAdding" classname="LocalCMCTests" time="0.001"/>
  <testcase name="TestALotOfAdding" classname="LocalCMCTests" time="0.0"/>
  <testcase name="TestALotOfAdding" classname="LocalCMCTests" time="0.0"/>
  <testcase name="TestALotOfAdding" classname="LocalCMCTests" time="0.0"/>
  <testcase name="TestALotOfAdding" classname="LocalCMCTests" time="0.0"/>
  <testcase name="TestALotOfAdding" classname="LocalCMCTests" time="0.001"/>
  <testcase name="TestALotOfAdding" classname="LocalCMCTests" time="0.0"/>
  <testcase name="TestALotOfAdding" classname="LocalCMCTests" time="0.001"/>
  <testcase name="TestALotOfAdding" classname="LocalCMCTests" time="0.001"/>
  <testcase name="TestALotOfAdding" classname="LocalCMCTests" time="0.001"/>
  <testcase name="TestALotOfAdding" classname="LocalCMCTests" time="0.0"/>
  <testcase name="TestALotOfAdding" classname="LocalCMCTests" time="0.001"/>
  <testcase name="TestALotOfAdding" classname="LocalCMCTests" time="0.0"/>
  <testcase name="TestALotOfAdding" classname="LocalCMCTests" time="0.0"/>
  <testcase name="TestALotOfAdding" classname="LocalCMCTests" time="0.001"/>
  <testcase name="TestALotOfAdding" classname="LocalCMCTests" time="0.001"/>
  <testcase name="TestALotOfAdding" classname="LocalCMCTests" time="0.0"/>
  <testcase name="TestALotOfAdding" classname="LocalCMCTests" time="0.0"/>
  <testcase name="TestALotOfAdding" classname="LocalCMCTests" time="0.0"/>
  <testcase name="TestALotOfAdding" classname="LocalCMCTests" time="0.001"/>
  <testcase name="TestALotOfAdding" classname="LocalCMCTests" time="0.0"/>
  <testcase name="TestALotOfAdding" classname="LocalCMCTests" time="0.0"/>
  <testcase name="TestALotOfAdding" classname="LocalCMCTests" time="0.0"/>
  <testcase name="TestALotOfAdding" classname="LocalCMCTests" time="0.002"/>
  <testcase name="TestALotOfAdding" classname="LocalCMCTests" time="0.0"/>
  <testcase name="TestALotOfAdding" classname="LocalCMCTests" time="0.003"/>
  <testcase name="TestALotOfAdding" classname="LocalCMCTests" time="0.002"/>
  <testcase name="TestALotOfAdding" classname="LocalCMCTests" time="0.0"/>
  <testcase name="TestALotOfAdding" classname="LocalCMCTests" time="0.0"/>
  <testcase name="TestALotOfAdding" classname="LocalCMCTests" time="0.001"/>
  <testcase name="TestALotOfAdding" classname="LocalCMCTests" time="0.001"/>
  <testcase name="TestALotOfAdding" classname="LocalCMCTests" time="0.0"/>
  <testcase name="TestALotOfAdding" classname="LocalCMCTests" time="0.001"/>
  <testcase name="TestALotOfAdding" classname="LocalCMCTests" time="0.001"/>
  <testcase name="TestALotOfAdding" classname="LocalCMCTests" time="0.0"/>
  <testcase name="TestALotOfAdding" classname="LocalCMCTests" time="0.0"/>
  <testcase name="TestALotOfAdding" classname="LocalCMCTests" time="0.001"/>
  <testcase name="TestALotOfAdding" classname="LocalCMCTests" time="0.001"/>
  <testcase name="TestALotOfAdding" classname="LocalCMCTests" time="0.001"/>
  <testcase name="TestALotOfAdding" classname="LocalCMCTests" time="0.002"/>
  <testcase name="TestALotOfAdding" classname="LocalCMCTests" time="0.002"/>
  <testcase name="TestALotOfAdding" classname="LocalCMCTests" time="0.001"/>
  <testcase name="TestALotOfAdding" classname="LocalCMCTests" time="0.002"/>
  <testcase name="TestALotOfAdding" classname="LocalCMCTests" time="0.0"/>
  <testcase name="TestALotOfAdding" classname="LocalCMCTests" time="0.002"/>
  <testcase name="TestALotOfAdding" classname="LocalCMCTests" time="0.002"/>
  <testcase name="TestALotOfAdding" classname="LocalCMCTests" time="0.002"/>
  <testcase name="TestALotOfAdding" classname="LocalCMCTests" time="0.0"/>
  <testcase name="TestALotOfAdding" classname="LocalCMCTests" time="0.0"/>
  <testcase name="TestALotOfAdding" classname="LocalCMCTests" time="0.002"/>
  <testcase name="TestALotOfAdding" classname="LocalCMCTests" time="0.003"/>
  <testcase name="TestALotOfAdding" classname="LocalCMCTests" time="0.001"/>
  <testcase name="TestALotOfAdding" classname="LocalCMCTests" time="0.001"/>
  <testcase name="TestALotOfAdding" classname="LocalCMCTests" time="0.003"/>
  <testcase name="TestALotOfAdding" classname="LocalCMCTests" time="0.0"/>
  <testcase name="TestALotOfAdding" classname="LocalCMCTests" time="0.0"/>
  <testcase name="TestALotOfAdding" classname="LocalCMCTests" time="0.001"/>
  <testcase name="TestALotOfAdding" classname="LocalCMCTests" time="0.001"/>
  <testcase name="TestALotOfAdding" classname="LocalCMCTests" time="0.001"/>
  <testcase name="TestALotOfAdding" classname="LocalCMCTests" time="0.001"/>
  <testcase name="TestALotOfAdding" classname="LocalCMCTests" time="0.001"/>
  <testcase name="TestALotOfAdding" classname="LocalCMCTests" time="0.001"/>
  <testcase name="TestALotOfAdding" classname="LocalCMCTests" time="0.0"/>
  <testcase name="TestALotOfAdding" classname="LocalCMCTests" time="0.0"/>
  <testcase name="TestALotOfAdding" classname="LocalCMCTests" time="0.0"/>
  <testcase name="TestALotOfAdding" classname="LocalCMCTests" time="0.001"/>
  <testcase name="TestALotOfAdding" classname="LocalCMCTests" time="0.0"/>
  <testcase name="TestALotOfAdding" classname="LocalCMCTests" time="0.001"/>
  <testcase name="TestALotOfAdding" classname="LocalCMCTests" time="0.001"/>
  <testcase name="TestALotOfAdding" classname="LocalCMCTests" time="0.001"/>
  <testcase name="TestALotOfAdding" classname="LocalCMCTests" time="0.001"/>
  <testcase name="TestALotOfAdding" classname="LocalCMCTests" time="0.001"/>
  <testcase name="TestALotOfAdding" classname="LocalCMCTests" time="0.001"/>
  <testcase name="TestALotOfAdding" classname="LocalCMCTests" time="0.001"/>
  <testcase name="TestALotOfAdding" classname="LocalCMCTests" time="0.001"/>
  <testcase name="TestALotOfAdding" classname="LocalCMCTests" time="0.0"/>
  <testcase name="TestALotOfAdding" classname="LocalCMCTests" time="0.0"/>
  <testcase name="TestALotOfAdding" classname="LocalCMCTests" time="0.0"/>
  <testcase name="TestALotOfAdding" classname="LocalCMCTests" time="0.0"/>
  <testcase name="TestALotOfAdding" classname="LocalCMCTests" time="0.002"/>
  <testcase name="TestALotOfAdding" classname="LocalCMCTests" time="0.001"/>
  <testcase name="TestALotOfAdding" classname="LocalCMCTests" time="0.001"/>
  <testcase name="TestALotOfAdding" classname="LocalCMCTests" time="0.001"/>
  <testcase name="TestALotOfAdding" classname="LocalCMCTests" time="0.001"/>
  <testcase name="TestALotOfAdding" classname="LocalCMCTests" time="0.0"/>
  <testcase name="TestALotOfAdding" classname="LocalCMCTests" time="0.0"/>
  <testcase name="TestALotOfAdding" classname="LocalCMCTests" time="0.001"/>
  <testcase name="TestALotOfAdding" classname="LocalCMCTests" time="0.001"/>
  <testcase name="TestALotOfAdding" classname="LocalCMCTests" time="0.001"/>
  <testcase name="TestALotOfAdding" classname="LocalCMCTests" time="0.0"/>
  <testcase name="TestALotOfAdding" classname="LocalCMCTests" time="0.0"/>
  <testcase name="TestALotOfAdding" classname="LocalCMCTests" time="0.001"/>
  <testcase name="TestALotOfAdding" classname="LocalCMCTests" time="0.001"/>
  <testcase name="TestALotOfAdding" classname="LocalCMCTests" time="0.0"/>
  <testcase name="TestALotOfAdding" classname="LocalCMCTests" time="0.001"/>
  <testcase name="TestALotOfAdding" classname="LocalCMCTests" time="0.001"/>
  <testcase name="TestALotOfAdding" classname="LocalCMCTests" time="0.001"/>
  <testcase name="TestALotOfAdding" classname="LocalCMCTests" time="0.001"/>
  <testcase name="TestALotOfAdding" classname="LocalCMCTests" time="0.0"/>
  <testcase name="TestALotOfAdding" classname="LocalCMCTests" time="0.001"/>
  <testcase name="TestALotOfAdding" classname="LocalCMCTests" time="0.001"/>
  <testcase name="TestALotOfAdding" classname="LocalCMCTests" time="0.0"/>
  <testcase name="TestALotOfAdding" classname="LocalCMCTests" time="0.0"/>
  <testcase name="TestALotOfAdding" classname="LocalCMCTests" time="0.0"/>
  <testcase name="TestALotOfAdding" classname="LocalCMCTests" time="0.001"/>
  <testcase name="TestALotOfAdding" classname="LocalCMCTests" time="0.0"/>
  <testcase name="TestALotOfAdding" classname="LocalCMCTests" time="0.001"/>
  <testcase name="TestALotOfAdding" classname="LocalCMCTests" time="0.001"/>
  <testcase name="TestALotOfAdding" classname="LocalCMCTests" time="0.0"/>
  <testcase name="TestALotOfAdding" classname="LocalCMCTests" time="0.0"/>
  <testcase name="TestALotOfAdding" classname="LocalCMCTests" time="0.0"/>
  <testcase name="TestALotOfAdding" classname="LocalCMCTests" time="0.001"/>
  <testcase name="TestALotOfAdding" classname="LocalCMCTests" time="0.0"/>
  <testcase name="TestALotOfAdding" classname="LocalCMCTests" time="0.001"/>
  <testcase name="TestALotOfAdding" classname="LocalCMCTests" time="0.002"/>
  <testcase name="TestALotOfAdding" classname="LocalCMCTests" time="0.001"/>
  <testcase name="TestALotOfAdding" classname="LocalCMCTests" time="0.001"/>
  <testcase name="TestALotOfAdding" classname="LocalCMCTests" time="0.0"/>
  <testcase name="TestALotOfAdding" classname="LocalCMCTests" time="0.001"/>
  <testcase name="TestALotOfAdding" classname="LocalCMCTests" time="0.0"/>
  <testcase name="TestALotOfAdding" classname="LocalCMCTests" time="0.0"/>
  <testcase name="TestALotOfAdding" classname="LocalCMCTests" time="0.0"/>
  <testcase name="TestALotOfAdding" classname="LocalCMCTests" time="0.0"/>
  <testcase name="TestALotOfAdding" classname="LocalCMCTests" time="0.0"/>
  <testcase name="TestALotOfAdding" classname="LocalCMCTests" time="0.0"/>
  <testcase name="TestALotOfAdding" classname="LocalCMCTests" time="0.001"/>
  <testcase name="TestALotOfAdding" classname="LocalCMCTests" time="0.001"/>
  <testcase name="TestALotOfAdding" classname="LocalCMCTests" time="0.002"/>
  <testcase name="TestALotOfAdding" classname="LocalCMCTests" time="0.001"/>
  <testcase name="TestALotOfAdding" classname="LocalCMCTests" time="0.0"/>
  <testcase name="TestALotOfAdding" classname="LocalCMCTests" time="0.001"/>
  <testcase name="TestALotOfAdding" classname="LocalCMCTests" time="0.001"/>
  <testcase name="TestALotOfAdding" classname="LocalCMCTests" time="0.0"/>
  <testcase name="TestALotOfAdding" classname="LocalCMCTests" time="0.001"/>
  <testcase name="TestALotOfAdding" classname="LocalCMCTests" time="0.001"/>
  <testcase name="TestALotOfAdding" classname="LocalCMCTests" time="0.0"/>
  <testcase name="TestALotOfAdding" classname="LocalCMCTests" time="0.001"/>
  <testcase name="TestALotOfAdding" classname="LocalCMCTests" time="0.001"/>
  <testcase name="TestALotOfAdding" classname="LocalCMCTests" time="0.0"/>
  <testcase name="TestALotOfAdding" classname="LocalCMCTests" time="0.0"/>
  <testcase name="TestALotOfAdding" classname="LocalCMCTests" time="0.0"/>
  <testcase name="TestALotOfAdding" classname="LocalCMCTests" time="0.0"/>
  <testcase name="TestALotOfAdding" classname="LocalCMCTests" time="0.0"/>
  <testcase name="TestALotOfAdding" classname="LocalCMCTests" time="0.001"/>
  <testcase name="TestALotOfAdding" classname="LocalCMCTests" time="0.001"/>
  <testcase name="TestALotOfAdding" classname="LocalCMCTests" time="0.001"/>
  <testcase name="TestALotOfAdding" classname="LocalCMCTests" time="0.0"/>
  <testcase name="TestALotOfAdding" classname="LocalCMCTests" time="0.002"/>
  <testcase name="TestALotOfAdding" classname="LocalCMCTests" time="0.001"/>
  <testcase name="TestALotOfAdding" classname="LocalCMCTests" time="0.0"/>
  <testcase name="TestALotOfAdding" classname="LocalCMCTests" time="0.0"/>
  <testcase name="TestALotOfAdding" classname="LocalCMCTests" time="0.0"/>
  <testcase name="TestALotOfAdding" classname="LocalCMCTests" time="0.0"/>
  <testcase name="TestALotOfAdding" classname="LocalCMCTests" time="0.0"/>
  <testcase name="TestALotOfAdding" classname="LocalCMCTests" time="0.0"/>
  <testcase name="TestALotOfAdding" classname="LocalCMCTests" time="0.001"/>
  <testcase name="TestALotOfAdding" classname="LocalCMCTests" time="0.001"/>
  <testcase name="TestALotOfAdding" classname="LocalCMCTests" time="0.001"/>
  <testcase name="TestALotOfAdding" classname="LocalCMCTests" time="0.0"/>
  <testcase name="TestALotOfAdding" classname="LocalCMCTests" time="0.001"/>
  <testcase name="TestALotOfAdding" classname="LocalCMCTests" time="0.002"/>
  <testcase name="TestALotOfAdding" classname="LocalCMCTests" time="0.0"/>
  <testcase name="TestALotOfAdding" classname="LocalCMCTests" time="0.001"/>
  <testcase name="TestALotOfAdding" classname="LocalCMCTests" time="0.001"/>
  <testcase name="TestALotOfAdding" classname="LocalCMCTests" time="0.001"/>
  <testcase name="TestALotOfAdding" classname="LocalCMCTests" time="0.003"/>
  <testcase name="TestALotOfAdding" classname="LocalCMCTests" time="0.0"/>
  <testcase name="TestALotOfAdding" classname="LocalCMCTests" time="0.001"/>
  <testcase name="TestALotOfAdding" classname="LocalCMCTests" time="0.0"/>
  <testcase name="TestALotOfAdding" classname="LocalCMCTests" time="0.0"/>
  <testcase name="TestALotOfAdding" classname="LocalCMCTests" time="0.001"/>
  <testcase name="TestALotOfAdding" classname="LocalCMCTests" time="0.0"/>
  <testcase name="TestALotOfAdding" classname="LocalCMCTests" time="0.0"/>
  <testcase name="TestALotOfAdding" classname="LocalCMCTests" time="0.001"/>
  <testcase name="TestALotOfAdding" classname="LocalCMCTests" time="0.001"/>
  <testcase name="TestALotOfAdding" classname="LocalCMCTests" time="0.001"/>
  <testcase name="TestALotOfAdding" classname="LocalCMCTests" time="0.0"/>
  <testcase name="TestALotOfAdding" classname="LocalCMCTests" time="0.001"/>
  <testcase name="TestALotOfAdding" classname="LocalCMCTests" time="0.003"/>
  <testcase name="TestALotOfAdding" classname="LocalCMCTests" time="0.0"/>
  <testcase name="TestALotOfAdding" classname="LocalCMCTests" time="0.0"/>
  <testcase name="TestALotOfAdding" classname="LocalCMCTests" time="0.0"/>
  <testcase name="TestALotOfAdding" classname="LocalCMCTests" time="0.0"/>
  <testcase name="TestALotOfAdding" classname="LocalCMCTests" time="0.0"/>
  <testcase name="TestALotOfAdding" classname="LocalCMCTests" time="0.001"/>
  <testcase name="TestALotOfAdding" classname="LocalCMCTests" time="0.001"/>
  <testcase name="TestALotOfAdding" classname="LocalCMCTests" time="0.001"/>
  <testcase name="TestALotOfAdding" classname="LocalCMCTests" time="0.001"/>
  <testcase name="TestALotOfAdding" classname="LocalCMCTests" time="0.0"/>
  <testcase name="TestALotOfAdding" classname="LocalCMCTests" time="0.001"/>
  <testcase name="TestALotOfAdding" classname="LocalCMCTests" time="0.0"/>
  <testcase name="TestALotOfAdding" classname="LocalCMCTests" time="0.001"/>
  <testcase name="TestALotOfAdding" classname="LocalCMCTests" time="0.0"/>
  <testcase name="TestALotOfAdding" classname="LocalCMCTests" time="0.001"/>
  <testcase name="TestALotOfAdding" classname="LocalCMCTests" time="0.001"/>
  <testcase name="TestALotOfAdding" classname="LocalCMCTests" time="0.002"/>
  <testcase name="TestALotOfAdding" classname="LocalCMCTests" time="0.0"/>
  <testcase name="TestALotOfAdding" classname="LocalCMCTests" time="0.001"/>
  <testcase name="TestALotOfAdding" classname="LocalCMCTests" time="0.001"/>
  <testcase name="TestALotOfAdding" classname="LocalCMCTests" time="0.001"/>
  <testcase name="TestALotOfAdding" classname="LocalCMCTests" time="0.001"/>
  <testcase name="TestALotOfAdding" classname="LocalCMCTests" time="0.0"/>
  <testcase name="TestALotOfAdding" classname="LocalCMCTests" time="0.001"/>
  <testcase name="TestALotOfAdding" classname="LocalCMCTests" time="0.0"/>
  <testcase name="TestALotOfAdding" classname="LocalCMCTests" time="0.001"/>
  <testcase name="TestALotOfAdding" classname="LocalCMCTests" time="0.001"/>
  <testcase name="TestALotOfAdding" classname="LocalCMCTests" time="0.0"/>
  <testcase name="TestALotOfAdding" classname="LocalCMCTests" time="0.001"/>
  <testcase name="TestALotOfAdding" classname="LocalCMCTests" time="0.0"/>
  <testcase name="TestALotOfAdding" classname="LocalCMCTests" time="0.001"/>
  <testcase name="TestALotOfAdding" classname="LocalCMCTests" time="0.0"/>
  <testcase name="TestALotOfAdding" classname="LocalCMCTests" time="0.001"/>
  <testcase name="TestALotOfAdding" classname="LocalCMCTests" time="0.0"/>
  <testcase name="TestALotOfAdding" classname="LocalCMCTests" time="0.001"/>
  <testcase name="TestALotOfAdding" classname="LocalCMCTests" time="0.0"/>
  <testcase name="TestALotOfAdding" classname="LocalCMCTests" time="0.0"/>
  <testcase name="TestALotOfAdding" classname="LocalCMCTests" time="0.0"/>
  <testcase name="TestALotOfAdding" classname="LocalCMCTests" time="0.0"/>
  <testcase name="TestALotOfAdding" classname="LocalCMCTests" time="0.001"/>
  <testcase name="TestALotOfAdding" classname="LocalCMCTests" time="0.001"/>
  <testcase name="TestALotOfAdding" classname="LocalCMCTests" time="0.0"/>
  <testcase name="TestALotOfAdding" classname="LocalCMCTests" time="0.002"/>
  <testcase name="TestALotOfAdding" classname="LocalCMCTests" time="0.002"/>
  <testcase name="TestALotOfAdding" classname="LocalCMCTests" time="0.0"/>
  <testcase name="TestALotOfAdding" classname="LocalCMCTests" time="0.002"/>
  <testcase name="TestALotOfAdding" classname="LocalCMCTests" time="0.0"/>
  <testcase name="TestALotOfAdding" classname="LocalCMCTests" time="0.0"/>
  <testcase name="TestALotOfAdding" classname="LocalCMCTests" time="0.002"/>
  <testcase name="TestALotOfAdding" classname="LocalCMCTests" time="0.0"/>
  <testcase name="TestALotOfAdding" classname="LocalCMCTests" time="0.0"/>
  <testcase name="TestALotOfAdding" classname="LocalCMCTests" time="0.001"/>
  <testcase name="TestALotOfAdding" classname="LocalCMCTests" time="0.0"/>
  <testcase name="TestALotOfAdding" classname="LocalCMCTests" time="0.002"/>
  <testcase name="TestALotOfAdding" classname="LocalCMCTests" time="0.001"/>
  <testcase name="TestALotOfAdding" classname="LocalCMCTests" time="0.002"/>
  <testcase name="TestALotOfAdding" classname="LocalCMCTests" time="0.001"/>
  <testcase name="TestALotOfAdding" classname="LocalCMCTests" time="0.0"/>
  <testcase name="TestALotOfAdding" classname="LocalCMCTests" time="0.0"/>
  <testcase name="TestALotOfAdding" classname="LocalCMCTests" time="0.001"/>
  <testcase name="TestALotOfAdding" classname="LocalCMCTests" time="0.0"/>
  <testcase name="TestALotOfAdding" classname="LocalCMCTests" time="0.0"/>
  <testcase name="TestALotOfAdding" classname="LocalCMCTests" time="0.0"/>
  <testcase name="TestALotOfAdding" classname="LocalCMCTests" time="0.001"/>
  <testcase name="TestALotOfAdding" classname="LocalCMCTests" time="0.0"/>
  <testcase name="TestALotOfAdding" classname="LocalCMCTests" time="0.0"/>
  <testcase name="TestALotOfAdding" classname="LocalCMCTests" time="0.0"/>
  <testcase name="TestALotOfAdding" classname="LocalCMCTests" time="0.001"/>
  <testcase name="TestALotOfAdding" classname="LocalCMCTests" time="0.001"/>
  <testcase name="TestALotOfAdding" classname="LocalCMCTests" time="0.001"/>
  <testcase name="TestALotOfAdding" classname="LocalCMCTests" time="0.003"/>
  <testcase name="TestALotOfAdding" classname="LocalCMCTests" time="0.001"/>
  <testcase name="TestALotOfAdding" classname="LocalCMCTests" time="0.0"/>
  <testcase name="TestALotOfAdding" classname="LocalCMCTests" time="0.001"/>
  <testcase name="TestALotOfAdding" classname="LocalCMCTests" time="0.001"/>
  <testcase name="TestALotOfAdding" classname="LocalCMCTests" time="0.002"/>
  <testcase name="TestALotOfAdding" classname="LocalCMCTests" time="0.001"/>
  <testcase name="TestALotOfAdding" classname="LocalCMCTests" time="0.0"/>
  <testcase name="TestALotOfAdding" classname="LocalCMCTests" time="0.002"/>
  <testcase name="TestALotOfAdding" classname="LocalCMCTests" time="0.0"/>
  <testcase name="TestALotOfAdding" classname="LocalCMCTests" time="0.0"/>
  <testcase name="TestALotOfAdding" classname="LocalCMCTests" time="0.0"/>
  <testcase name="TestALotOfAdding" classname="LocalCMCTests" time="0.0"/>
  <testcase name="TestALotOfAdding" classname="LocalCMCTests" time="0.0"/>
  <testcase name="TestALotOfAdding" classname="LocalCMCTests" time="0.0"/>
  <testcase name="TestALotOfAdding" classname="LocalCMCTests" time="0.001"/>
  <testcase name="TestALotOfAdding" classname="LocalCMCTests" time="0.001"/>
  <testcase name="TestALotOfAdding" classname="LocalCMCTests" time="0.001"/>
  <testcase name="TestALotOfAdding" classname="LocalCMCTests" time="0.0"/>
  <testcase name="TestALotOfAdding" classname="LocalCMCTests" time="0.001"/>
  <testcase name="TestALotOfAdding" classname="LocalCMCTests" time="0.001"/>
  <testcase name="TestALotOfAdding" classname="LocalCMCTests" time="0.002"/>
  <testcase name="TestALotOfAdding" classname="LocalCMCTests" time="0.001"/>
  <testcase name="TestALotOfAdding" classname="LocalCMCTests" time="0.001"/>
  <testcase name="TestALotOfAdding" classname="LocalCMCTests" time="0.0"/>
  <testcase name="TestALotOfAdding" classname="LocalCMCTests" time="0.0"/>
  <testcase name="TestALotOfAdding" classname="LocalCMCTests" time="0.0"/>
  <testcase name="TestALotOfAdding" classname="LocalCMCTests" time="0.0"/>
  <testcase name="TestALotOfAdding" classname="LocalCMCTests" time="0.0"/>
  <testcase name="TestALotOfAdding" classname="LocalCMCTests" time="0.0"/>
  <testcase name="TestALotOfAdding" classname="LocalCMCTests" time="0.0"/>
  <testcase name="TestALotOfAdding" classname="LocalCMCTests" time="0.0"/>
  <testcase name="TestALotOfAdding" classname="LocalCMCTests" time="0.0"/>
  <testcase name="TestALotOfAdding" classname="LocalCMCTests" time="0.001"/>
  <testcase name="TestALotOfAdding" classname="LocalCMCTests" time="0.001"/>
  <testcase name="TestALotOfAdding" classname="LocalCMCTests" time="0.001"/>
  <testcase name="TestALotOfAdding" classname="LocalCMCTests" time="0.0"/>
  <testcase name="TestALotOfAdding" classname="LocalCMCTests" time="0.001"/>
  <testcase name="TestALotOfAdding" classname="LocalCMCTests" time="0.0"/>
  <testcase name="TestALotOfAdding" classname="LocalCMCTests" time="0.001"/>
  <testcase name="TestALotOfAdding" classname="LocalCMCTests" time="0.001"/>
  <testcase name="TestALotOfAdding" classname="LocalCMCTests" time="0.0"/>
  <testcase name="TestALotOfAdding" classname="LocalCMCTests" time="0.001"/>
  <testcase name="TestALotOfAdding" classname="LocalCMCTests" time="0.001"/>
  <testcase name="TestALotOfAdding" classname="LocalCMCTests" time="0.0"/>
  <testcase name="TestALotOfAdding" classname="LocalCMCTests" time="0.0"/>
  <testcase name="TestALotOfAdding" classname="LocalCMCTests" time="0.001"/>
  <testcase name="TestALotOfAdding" classname="LocalCMCTests" time="0.0"/>
  <testcase name="TestALotOfAdding" classname="LocalCMCTests" time="0.0"/>
  <testcase name="TestALotOfAdding" classname="LocalCMCTests" time="0.002"/>
  <testcase name="TestALotOfAdding" classname="LocalCMCTests" time="0.001"/>
  <testcase name="TestALotOfAdding" classname="LocalCMCTests" time="0.002"/>
  <testcase name="TestALotOfAdding" classname="LocalCMCTests" time="0.0"/>
  <testcase name="TestALotOfAdding" classname="LocalCMCTests" time="0.0"/>
  <testcase name="TestALotOfAdding" classname="LocalCMCTests" time="0.001"/>
  <testcase name="TestALotOfAdding" classname="LocalCMCTests" time="0.001"/>
  <testcase name="TestALotOfAdding" classname="LocalCMCTests" time="0.001"/>
  <testcase name="TestALotOfAdding" classname="LocalCMCTests" time="0.001"/>
  <testcase name="TestALotOfAdding" classname="LocalCMCTests" time="0.0"/>
  <testcase name="TestALotOfAdding" classname="LocalCMCTests" time="0.001"/>
  <testcase name="TestALotOfAdding" classname="LocalCMCTests" time="0.001"/>
  <testcase name="TestALotOfAdding" classname="LocalCMCTests" time="0.0"/>
  <testcase name="TestALotOfAdding" classname="LocalCMCTests" time="0.0"/>
  <testcase name="TestALotOfAdding" classname="LocalCMCTests" time="0.0"/>
  <testcase name="TestALotOfAdding" classname="LocalCMCTests" time="0.001"/>
  <testcase name="TestALotOfAdding" classname="LocalCMCTests" time="0.0"/>
  <testcase name="TestALotOfAdding" classname="LocalCMCTests" time="0.0"/>
  <testcase name="TestALotOfAdding" classname="LocalCMCTests" time="0.0"/>
  <testcase name="TestALotOfAdding" classname="LocalCMCTests" time="0.001"/>
  <testcase name="TestALotOfAdding" classname="LocalCMCTests" time="0.001"/>
  <testcase name="TestALotOfAdding" classname="LocalCMCTests" time="0.001"/>
  <testcase name="TestALotOfAdding" classname="LocalCMCTests" time="0.001"/>
  <testcase name="TestALotOfAdding" classname="LocalCMCTests" time="0.0"/>
  <testcase name="TestALotOfAdding" classname="LocalCMCTests" time="0.001"/>
  <testcase name="TestALotOfAdding" classname="LocalCMCTests" time="0.0"/>
  <testcase name="TestALotOfAdding" classname="LocalCMCTests" time="0.0"/>
  <testcase name="TestALotOfAdding" classname="LocalCMCTests" time="0.0"/>
  <testcase name="TestALotOfAdding" classname="LocalCMCTests" time="0.001"/>
  <testcase name="TestALotOfAdding" classname="LocalCMCTests" time="0.002"/>
  <testcase name="TestALotOfAdding" classname="LocalCMCTests" time="0.002"/>
  <testcase name="TestALotOfAdding" classname="LocalCMCTests" time="0.001"/>
  <testcase name="TestALotOfAdding" classname="LocalCMCTests" time="0.001"/>
  <testcase name="TestALotOfAdding" classname="LocalCMCTests" time="0.0"/>
  <testcase name="TestALotOfAdding" classname="LocalCMCTests" time="0.001"/>
  <testcase name="TestALotOfAdding" classname="LocalCMCTests" time="0.002"/>
  <testcase name="TestALotOfAdding" classname="LocalCMCTests" time="0.0"/>
  <testcase name="TestALotOfAdding" classname="LocalCMCTests" time="0.001"/>
  <testcase name="TestALotOfAdding" classname="LocalCMCTests" time="0.001"/>
  <testcase name="TestALotOfAdding" classname="LocalCMCTests" time="0.002"/>
  <testcase name="TestALotOfAdding" classname="LocalCMCTests" time="0.0"/>
  <testcase name="TestALotOfAdding" classname="LocalCMCTests" time="0.0"/>
  <testcase name="TestALotOfAdding" classname="LocalCMCTests" time="0.0"/>
  <testcase name="TestALotOfAdding" classname="LocalCMCTests" time="0.0"/>
  <testcase name="TestALotOfAdding" classname="LocalCMCTests" time="0.0"/>
  <testcase name="TestALotOfAdding" classname="LocalCMCTests" time="0.0"/>
  <testcase name="TestALotOfAdding" classname="LocalCMCTests" time="0.001"/>
  <testcase name="TestALotOfAdding" classname="LocalCMCTests" time="0.002"/>
  <testcase name="TestALotOfAdding" classname="LocalCMCTests" time="0.001"/>
  <testcase name="TestALotOfAdding" classname="LocalCMCTests" time="0.001"/>
  <testcase name="TestALotOfAdding" classname="LocalCMCTests" time="0.001"/>
  <testcase name="TestALotOfAdding" classname="LocalCMCTests" time="0.001"/>
  <testcase name="TestALotOfAdding" classname="LocalCMCTests" time="0.001"/>
  <testcase name="TestALotOfAdding" classname="LocalCMCTests" time="0.001"/>
  <testcase name="TestALotOfAdding" classname="LocalCMCTests" time="0.001"/>
  <testcase name="TestALotOfAdding" classname="LocalCMCTests" time="0.0"/>
  <testcase name="TestALotOfAdding" classname="LocalCMCTests" time="0.0"/>
  <testcase name="TestALotOfAdding" classname="LocalCMCTests" time="0.0"/>
  <testcase name="TestALotOfAdding" classname="LocalCMCTests" time="0.0"/>
  <testcase name="TestALotOfAdding" classname="LocalCMCTests" time="0.0"/>
  <testcase name="TestALotOfAdding" classname="LocalCMCTests" time="0.0"/>
  <testcase name="TestALotOfAdding" classname="LocalCMCTests" time="0.001"/>
  <testcase name="TestALotOfAdding" classname="LocalCMCTests" time="0.001"/>
  <testcase name="TestALotOfAdding" classname="LocalCMCTests" time="0.001"/>
  <testcase name="TestALotOfAdding" classname="LocalCMCTests" time="0.0"/>
  <testcase name="TestALotOfAdding" classname="LocalCMCTests" time="0.001"/>
  <testcase name="TestALotOfAdding" classname="LocalCMCTests" time="0.0"/>
  <testcase name="TestALotOfAdding" classname="LocalCMCTests" time="0.001"/>
  <testcase name="TestALotOfAdding" classname="LocalCMCTests" time="0.002"/>
  <testcase name="TestALotOfAdding" classname="LocalCMCTests" time="0.001"/>
  <testcase name="TestALotOfAdding" classname="LocalCMCTests" time="0.0"/>
  <testcase name="TestALotOfAdding" classname="LocalCMCTests" time="0.0"/>
  <testcase name="TestALotOfAdding" classname="LocalCMCTests" time="0.0"/>
  <testcase name="TestALotOfAdding" classname="LocalCMCTests" time="0.0"/>
  <testcase name="TestALotOfAdding" classname="LocalCMCTests" time="0.0"/>
  <testcase name="TestALotOfAdding" classname="LocalCMCTests" time="0.0"/>
  <testcase name="TestALotOfAdding" classname="LocalCMCTests" time="0.001"/>
  <testcase name="TestALotOfAdding" classname="LocalCMCTests" time="0.0"/>
  <testcase name="TestALotOfAdding" classname="LocalCMCTests" time="0.0"/>
  <testcase name="TestALotOfAdding" classname="LocalCMCTests" time="0.0"/>
  <testcase name="TestALotOfAdding" classname="LocalCMCTests" time="0.002"/>
  <testcase name="TestALotOfAdding" classname="LocalCMCTests" time="0.001"/>
  <testcase name="TestALotOfAdding" classname="LocalCMCTests" time="0.001"/>
  <testcase name="TestALotOfAdding" classname="LocalCMCTests" time="0.001"/>
  <testcase name="TestALotOfAdding" classname="LocalCMCTests" time="0.001"/>
  <testcase name="TestALotOfAdding" classname="LocalCMCTests" time="0.001"/>
  <testcase name="TestALotOfAdding" classname="LocalCMCTests" time="0.002"/>
  <testcase name="TestALotOfAdding" classname="LocalCMCTests" time="0.0"/>
  <testcase name="TestALotOfAdding" classname="LocalCMCTests" time="0.0"/>
  <testcase name="TestALotOfAdding" classname="LocalCMCTests" time="0.0"/>
  <testcase name="TestALotOfAdding" classname="LocalCMCTests" time="0.0"/>
  <testcase name="TestALotOfAdding" classname="LocalCMCTests" time="0.0"/>
  <testcase name="TestALotOfAdding" classname="LocalCMCTests" time="0.001"/>
  <testcase name="TestALotOfAdding" classname="LocalCMCTests" time="0.001"/>
  <testcase name="TestALotOfAdding" classname="LocalCMCTests" time="0.0"/>
  <testcase name="TestALotOfAdding" classname="LocalCMCTests" time="0.0"/>
  <testcase name="TestALotOfAdding" classname="LocalCMCTests" time="0.001"/>
  <testcase name="TestALotOfAdding" classname="LocalCMCTests" time="0.0"/>
  <testcase name="TestALotOfAdding" classname="LocalCMCTests" time="0.001"/>
  <testcase name="TestALotOfAdding" classname="LocalCMCTests" time="0.001"/>
  <testcase name="TestALotOfAdding" classname="LocalCMCTests" time="0.001"/>
  <testcase name="TestALotOfAdding" classname="LocalCMCTests" time="0.001"/>
  <testcase name="TestALotOfAdding" classname="LocalCMCTests" time="0.001"/>
  <testcase name="TestALotOfAdding" classname="LocalCMCTests" time="0.0"/>
  <testcase name="TestALotOfAdding" classname="LocalCMCTests" time="0.0"/>
  <testcase name="TestALotOfAdding" classname="LocalCMCTests" time="0.001"/>
  <testcase name="TestALotOfAdding" classname="LocalCMCTests" time="0.0"/>
  <testcase name="TestALotOfAdding" classname="LocalCMCTests" time="0.0"/>
  <testcase name="TestALotOfAdding" classname="LocalCMCTests" time="0.001"/>
  <testcase name="TestALotOfAdding" classname="LocalCMCTests" time="0.001"/>
  <testcase name="TestALotOfAdding" classname="LocalCMCTests" time="0.001"/>
  <testcase name="TestALotOfAdding" classname="LocalCMCTests" time="0.0"/>
  <testcase name="TestALotOfAdding" classname="LocalCMCTests" time="0.001"/>
  <testcase name="TestALotOfAdding" classname="LocalCMCTests" time="0.001"/>
  <testcase name="TestALotOfAdding" classname="LocalCMCTests" time="0.001"/>
  <testcase name="TestALotOfAdding" classname="LocalCMCTests" time="0.001"/>
  <testcase name="TestALotOfAdding" classname="LocalCMCTests" time="0.001"/>
  <testcase name="TestALotOfAdding" classname="LocalCMCTests" time="0.001"/>
  <testcase name="TestALotOfAdding" classname="LocalCMCTests" time="0.0"/>
  <testcase name="TestALotOfAdding" classname="LocalCMCTests" time="0.002"/>
  <testcase name="TestALotOfAdding" classname="LocalCMCTests" time="0.0"/>
  <testcase name="TestALotOfAdding" classname="LocalCMCTests" time="0.0"/>
  <testcase name="TestALotOfAdding" classname="LocalCMCTests" time="0.0"/>
  <testcase name="TestALotOfAdding" classname="LocalCMCTests" time="0.0"/>
  <testcase name="TestALotOfAdding" classname="LocalCMCTests" time="0.0"/>
  <testcase name="TestALotOfAdding" classname="LocalCMCTests" time="0.0"/>
  <testcase name="TestALotOfAdding" classname="LocalCMCTests" time="0.0"/>
  <testcase name="TestALotOfAdding" classname="LocalCMCTests" time="0.001"/>
  <testcase name="TestALotOfAdding" classname="LocalCMCTests" time="0.001"/>
  <testcase name="TestALotOfAdding" classname="LocalCMCTests" time="0.002"/>
  <testcase name="TestALotOfAdding" classname="LocalCMCTests" time="0.0"/>
  <testcase name="TestALotOfAdding" classname="LocalCMCTests" time="0.0"/>
  <testcase name="TestALotOfAdding" classname="LocalCMCTests" time="0.001"/>
  <testcase name="TestALotOfAdding" classname="LocalCMCTests" time="0.001"/>
  <testcase name="TestALotOfAdding" classname="LocalCMCTests" time="0.002"/>
  <testcase name="TestALotOfAdding" classname="LocalCMCTests" time="0.001"/>
  <testcase name="TestALotOfAdding" classname="LocalCMCTests" time="0.0"/>
  <testcase name="TestALotOfAdding" classname="LocalCMCTests" time="0.001"/>
  <testcase name="TestALotOfAdding" classname="LocalCMCTests" time="0.0"/>
  <testcase name="TestALotOfAdding" classname="LocalCMCTests" time="0.001"/>
  <testcase name="TestALotOfAdding" classname="LocalCMCTests" time="0.001"/>
  <testcase name="TestALotOfAdding" classname="LocalCMCTests" time="0.0"/>
  <testcase name="TestALotOfAdding" classname="LocalCMCTests" time="0.001"/>
  <testcase name="TestALotOfAdding" classname="LocalCMCTests" time="0.001"/>
  <testcase name="TestALotOfAdding" classname="LocalCMCTests" time="0.0"/>
  <testcase name="TestALotOfAdding" classname="LocalCMCTests" time="0.001"/>
  <testcase name="TestALotOfAdding" classname="LocalCMCTests" time="0.0"/>
  <testcase name="TestALotOfAdding" classname="LocalCMCTests" time="0.0"/>
  <testcase name="TestALotOfAdding" classname="LocalCMCTests" time="0.001"/>
  <testcase name="TestALotOfAdding" classname="LocalCMCTests" time="0.001"/>
  <testcase name="TestALotOfAdding" classname="LocalCMCTests" time="0.001"/>
  <testcase name="TestALotOfAdding" classname="LocalCMCTests" time="0.001"/>
  <testcase name="TestALotOfAdding" classname="LocalCMCTests" time="0.0"/>
  <testcase name="TestALotOfAdding" classname="LocalCMCTests" time="0.001"/>
  <testcase name="TestALotOfAdding" classname="LocalCMCTests" time="0.0"/>
  <testcase name="TestALotOfAdding" classname="LocalCMCTests" time="0.0"/>
  <testcase name="TestALotOfAdding" classname="LocalCMCTests" time="0.0"/>
  <testcase name="TestALotOfAdding" classname="LocalCMCTests" time="0.0"/>
  <testcase name="TestALotOfAdding" classname="LocalCMCTests" time="0.001"/>
  <testcase name="TestALotOfAdding" classname="LocalCMCTests" time="0.002"/>
  <testcase name="TestALotOfAdding" classname="LocalCMCTests" time="0.0"/>
  <testcase name="TestALotOfAdding" classname="LocalCMCTests" time="0.001"/>
  <testcase name="TestALotOfAdding" classname="LocalCMCTests" time="0.0"/>
  <testcase name="TestALotOfAdding" classname="LocalCMCTests" time="0.001"/>
  <testcase name="TestALotOfAdding" classname="LocalCMCTests" time="0.001"/>
  <testcase name="TestALotOfAdding" classname="LocalCMCTests" time="0.001"/>
  <testcase name="TestALotOfAdding" classname="LocalCMCTests" time="0.0"/>
  <testcase name="TestALotOfAdding" classname="LocalCMCTests" time="0.0"/>
  <testcase name="TestALotOfAdding" classname="LocalCMCTests" time="0.001"/>
  <testcase name="TestALotOfAdding" classname="LocalCMCTests" time="0.001"/>
  <testcase name="TestALotOfAdding" classname="LocalCMCTests" time="0.0"/>
  <testcase name="TestALotOfAdding" classname="LocalCMCTests" time="0.0"/>
  <testcase name="TestALotOfAdding" classname="LocalCMCTests" time="0.002"/>
  <testcase name="TestALotOfAdding" classname="LocalCMCTests" time="0.002"/>
  <testcase name="TestALotOfAdding" classname="LocalCMCTests" time="0.001"/>
  <testcase name="TestALotOfAdding" classname="LocalCMCTests" time="0.001"/>
  <testcase name="TestALotOfAdding" classname="LocalCMCTests" time="0.001"/>
  <testcase name="TestALotOfAdding" classname="LocalCMCTests" time="0.001"/>
  <testcase name="TestALotOfAdding" classname="LocalCMCTests" time="0.001"/>
  <testcase name="TestALotOfAdding" classname="LocalCMCTests" time="0.0"/>
  <testcase name="TestALotOfAdding" classname="LocalCMCTests" time="0.0"/>
  <testcase name="TestALotOfAdding" classname="LocalCMCTests" time="0.0"/>
  <testcase name="TestALotOfAdding" classname="LocalCMCTests" time="0.0"/>
  <testcase name="TestALotOfAdding" classname="LocalCMCTests" time="0.0"/>
  <testcase name="TestALotOfAdding" classname="LocalCMCTests" time="0.0"/>
  <testcase name="TestALotOfAdding" classname="LocalCMCTests" time="0.001"/>
  <testcase name="TestALotOfAdding" classname="LocalCMCTests" time="0.0"/>
  <testcase name="TestALotOfAdding" classname="LocalCMCTests" time="0.001"/>
  <testcase name="TestALotOfAdding" classname="LocalCMCTests" time="0.0"/>
  <testcase name="TestALotOfAdding" classname="LocalCMCTests" time="0.002"/>
  <testcase name="TestALotOfAdding" classname="LocalCMCTests" time="0.001"/>
  <testcase name="TestALotOfAdding" classname="LocalCMCTests" time="0.001"/>
  <testcase name="TestALotOfAdding" classname="LocalCMCTests" time="0.001"/>
  <testcase name="TestALotOfAdding" classname="LocalCMCTests" time="0.001"/>
  <testcase name="TestALotOfAdding" classname="LocalCMCTests" time="0.001"/>
  <testcase name="TestALotOfAdding" classname="LocalCMCTests" time="0.001"/>
  <testcase name="TestALotOfAdding" classname="LocalCMCTests" time="0.001"/>
  <testcase name="TestALotOfAdding" classname="LocalCMCTests" time="0.001"/>
  <testcase name="TestALotOfAdding" classname="LocalCMCTests" time="0.0"/>
  <testcase name="TestALotOfAdding" classname="LocalCMCTests" time="0.0"/>
  <testcase name="TestALotOfAdding" classname="LocalCMCTests" time="0.0"/>
  <testcase name="TestALotOfAdding" classname="LocalCMCTests" time="0.0"/>
  <testcase name="TestALotOfAdding" classname="LocalCMCTests" time="0.001"/>
  <testcase name="TestALotOfAdding" classname="LocalCMCTests" time="0.001"/>
  <testcase name="TestALotOfAdding" classname="LocalCMCTests" time="0.001"/>
  <testcase name="TestALotOfAdding" classname="LocalCMCTests" time="0.002"/>
  <testcase name="TestALotOfAdding" classname="LocalCMCTests" time="0.0"/>
  <testcase name="TestALotOfAdding" classname="LocalCMCTests" time="0.0"/>
  <testcase name="TestALotOfAdding" classname="LocalCMCTests" time="0.001"/>
  <testcase name="TestALotOfAdding" classname="LocalCMCTests" time="0.001"/>
  <testcase name="TestALotOfAdding" classname="LocalCMCTests" time="0.001"/>
  <testcase name="TestALotOfAdding" classname="LocalCMCTests" time="0.0"/>
  <testcase name="TestALotOfAdding" classname="LocalCMCTests" time="0.0"/>
  <testcase name="TestALotOfAdding" classname="LocalCMCTests" time="0.001"/>
  <testcase name="TestALotOfAdding" classname="LocalCMCTests" time="0.001"/>
  <testcase name="TestALotOfAdding" classname="LocalCMCTests" time="0.0"/>
  <testcase name="TestALotOfAdding" classname="LocalCMCTests" time="0.0"/>
  <testcase name="TestALotOfAdding" classname="LocalCMCTests" time="0.001"/>
  <testcase name="TestALotOfAdding" classname="LocalCMCTests" time="0.001"/>
  <testcase name="TestALotOfAdding" classname="LocalCMCTests" time="0.0"/>
  <testcase name="TestALotOfAdding" classname="LocalCMCTests" time="0.001"/>
  <testcase name="TestALotOfAdding" classname="LocalCMCTests" time="0.001"/>
  <testcase name="TestALotOfAdding" classname="LocalCMCTests" time="0.001"/>
  <testcase name="TestALotOfAdding" classname="LocalCMCTests" time="0.0"/>
  <testcase name="TestALotOfAdding" classname="LocalCMCTests" time="0.001"/>
  <testcase name="TestALotOfAdding" classname="LocalCMCTests" time="0.0"/>
  <testcase name="TestALotOfAdding" classname="LocalCMCTests" time="0.001"/>
  <testcase name="TestALotOfAdding" classname="LocalCMCTests" time="0.0"/>
  <testcase name="TestALotOfAdding" classname="LocalCMCTests" time="0.001"/>
  <testcase name="TestALotOfAdding" classname="LocalCMCTests" time="0.0"/>
  <testcase name="TestALotOfAdding" classname="LocalCMCTests" time="0.0"/>
  <testcase name="TestALotOfAdding" classname="LocalCMCTests" time="0.001"/>
  <testcase name="TestALotOfAdding" classname="LocalCMCTests" time="0.0"/>
  <testcase name="TestALotOfAdding" classname="LocalCMCTests" time="0.0"/>
  <testcase name="TestALotOfAdding" classname="LocalCMCTests" time="0.001"/>
  <testcase name="TestALotOfAdding" classname="LocalCMCTests" time="0.001"/>
  <testcase name="TestALotOfAdding" classname="LocalCMCTests" time="0.001"/>
  <testcase name="TestALotOfAdding" classname="LocalCMCTests" time="0.0"/>
  <testcase name="TestALotOfAdding" classname="LocalCMCTests" time="0.001"/>
  <testcase name="TestALotOfAdding" classname="LocalCMCTests" time="0.001"/>
  <testcase name="TestALotOfAdding" classname="LocalCMCTests" time="0.002"/>
  <testcase name="TestALotOfAdding" classname="LocalCMCTests" time="0.0"/>
  <testcase name="TestALotOfAdding" classname="LocalCMCTests" time="0.001"/>
  <testcase name="TestALotOfAdding" classname="LocalCMCTests" time="0.0"/>
  <testcase name="TestALotOfAdding" classname="LocalCMCTests" time="0.0"/>
  <testcase name="TestALotOfAdding" classname="LocalCMCTests" time="0.0"/>
  <testcase name="TestALotOfAdding" classname="LocalCMCTests" time="0.0"/>
  <testcase name="TestALotOfAdding" classname="LocalCMCTests" time="0.0"/>
  <testcase name="TestALotOfAdding" classname="LocalCMCTests" time="0.001"/>
  <testcase name="TestALotOfAdding" classname="LocalCMCTests" time="0.001"/>
  <testcase name="TestALotOfAdding" classname="LocalCMCTests" time="0.001"/>
  <testcase name="TestALotOfAdding" classname="LocalCMCTests" time="0.0"/>
  <testcase name="TestALotOfAdding" classname="LocalCMCTests" time="0.002"/>
  <testcase name="TestALotOfAdding" classname="LocalCMCTests" time="0.001"/>
  <testcase name="TestALotOfAdding" classname="LocalCMCTests" time="0.0"/>
  <testcase name="TestALotOfAdding" classname="LocalCMCTests" time="0.001"/>
  <testcase name="TestALotOfAdding" classname="LocalCMCTests" time="0.0"/>
  <testcase name="TestALotOfAdding" classname="LocalCMCTests" time="0.001"/>
  <testcase name="TestALotOfAdding" classname="LocalCMCTests" time="0.001"/>
  <testcase name="TestALotOfAdding" classname="LocalCMCTests" time="0.001"/>
  <testcase name="TestALotOfAdding" classname="LocalCMCTests" time="0.0"/>
  <testcase name="TestALotOfAdding" classname="LocalCMCTests" time="0.001"/>
  <testcase name="TestALotOfAdding" classname="LocalCMCTests" time="0.001"/>
  <testcase name="TestALotOfAdding" classname="LocalCMCTests" time="0.0"/>
  <testcase name="TestALotOfAdding" classname="LocalCMCTests" time="0.001"/>
  <testcase name="TestALotOfAdding" classname="LocalCMCTests" time="0.0"/>
  <testcase name="TestALotOfAdding" classname="LocalCMCTests" time="0.0"/>
  <testcase name="TestALotOfAdding" classname="LocalCMCTests" time="0.001"/>
  <testcase name="TestALotOfAdding" classname="LocalCMCTests" time="0.001"/>
  <testcase name="TestALotOfAdding" classname="LocalCMCTests" time="0.001"/>
  <testcase name="TestALotOfAdding" classname="LocalCMCTests" time="0.001"/>
  <testcase name="TestALotOfAdding" classname="LocalCMCTests" time="0.0"/>
  <testcase name="TestALotOfAdding" classname="LocalCMCTests" time="0.0"/>
  <testcase name="TestALotOfAdding" classname="LocalCMCTests" time="0.0"/>
  <testcase name="TestALotOfAdding" classname="LocalCMCTests" time="0.0"/>
  <testcase name="TestALotOfAdding" classname="LocalCMCTests" time="0.0"/>
  <testcase name="TestALotOfAdding" classname="LocalCMCTests" time="0.001"/>
  <testcase name="TestALotOfAdding" classname="LocalCMCTests" time="0.0"/>
  <testcase name="TestALotOfAdding" classname="LocalCMCTests" time="0.001"/>
  <testcase name="TestALotOfAdding" classname="LocalCMCTests" time="0.001"/>
  <testcase name="TestALotOfAdding" classname="LocalCMCTests" time="0.001"/>
  <testcase name="TestALotOfAdding" classname="LocalCMCTests" time="0.0"/>
  <testcase name="TestALotOfAdding" classname="LocalCMCTests" time="0.001"/>
  <testcase name="TestALotOfAdding" classname="LocalCMCTests" time="0.001"/>
  <testcase name="TestALotOfAdding" classname="LocalCMCTests" time="0.0"/>
  <testcase name="TestALotOfAdding" classname="LocalCMCTests" time="0.001"/>
  <testcase name="TestALotOfAdding" classname="LocalCMCTests" time="0.001"/>
  <testcase name="TestALotOfAdding" classname="LocalCMCTests" time="0.001"/>
  <testcase name="TestALotOfAdding" classname="LocalCMCTests" time="0.0"/>
  <testcase name="TestALotOfAdding" classname="LocalCMCTests" time="0.002"/>
  <testcase name="TestALotOfAdding" classname="LocalCMCTests" time="0.001"/>
  <testcase name="TestALotOfAdding" classname="LocalCMCTests" time="0.0"/>
  <testcase name="TestALotOfAdding" classname="LocalCMCTests" time="0.0"/>
  <testcase name="TestALotOfAdding" classname="LocalCMCTests" time="0.0"/>
  <testcase name="TestALotOfAdding" classname="LocalCMCTests" time="0.001"/>
  <testcase name="TestALotOfAdding" classname="LocalCMCTests" time="0.0"/>
  <testcase name="TestALotOfAdding" classname="LocalCMCTests" time="0.0"/>
  <testcase name="TestALotOfAdding" classname="LocalCMCTests" time="0.0"/>
  <testcase name="TestALotOfAdding" classname="LocalCMCTests" time="0.002"/>
  <testcase name="TestALotOfAdding" classname="LocalCMCTests" time="0.002"/>
  <testcase name="TestALotOfAdding" classname="LocalCMCTests" time="0.0"/>
  <testcase name="TestALotOfAdding" classname="LocalCMCTests" time="0.001"/>
  <testcase name="TestALotOfAdding" classname="LocalCMCTests" time="0.001"/>
  <testcase name="TestALotOfAdding" classname="LocalCMCTests" time="0.001"/>
  <testcase name="TestALotOfAdding" classname="LocalCMCTests" time="0.001"/>
  <testcase name="TestALotOfAdding" classname="LocalCMCTests" time="0.001"/>
  <testcase name="TestALotOfAdding" classname="LocalCMCTests" time="0.0"/>
  <testcase name="TestALotOfAdding" classname="LocalCMCTests" time="0.001"/>
  <testcase name="TestALotOfAdding" classname="LocalCMCTests" time="0.0"/>
  <testcase name="TestALotOfAdding" classname="LocalCMCTests" time="0.0"/>
  <testcase name="TestALotOfAdding" classname="LocalCMCTests" time="0.001"/>
  <testcase name="TestALotOfAdding" classname="LocalCMCTests" time="0.0"/>
  <testcase name="TestALotOfAdding" classname="LocalCMCTests" time="0.001"/>
  <testcase name="TestALotOfAdding" classname="LocalCMCTests" time="0.003"/>
  <testcase name="TestALotOfAdding" classname="LocalCMCTests" time="0.001"/>
  <testcase name="TestALotOfAdding" classname="LocalCMCTests" time="0.0"/>
  <testcase name="TestALotOfAdding" classname="LocalCMCTests" time="0.001"/>
  <testcase name="TestALotOfAdding" classname="LocalCMCTests" time="0.0"/>
  <testcase name="TestALotOfAdding" classname="LocalCMCTests" time="0.001"/>
  <testcase name="TestALotOfAdding" classname="LocalCMCTests" time="0.001"/>
  <testcase name="TestALotOfAdding" classname="LocalCMCTests" time="0.0"/>
  <testcase name="TestALotOfAdding" classname="LocalCMCTests" time="0.0"/>
  <testcase name="TestALotOfAdding" classname="LocalCMCTests" time="0.0"/>
  <testcase name="TestALotOfAdding" classname="LocalCMCTests" time="0.001"/>
  <testcase name="TestALotOfAdding" classname="LocalCMCTests" time="0.001"/>
  <testcase name="TestALotOfAdding" classname="LocalCMCTests" time="0.0"/>
  <testcase name="TestALotOfAdding" classname="LocalCMCTests" time="0.0"/>
  <testcase name="TestALotOfAdding" classname="LocalCMCTests" time="0.001"/>
  <testcase name="TestALotOfAdding" classname="LocalCMCTests" time="0.0"/>
  <testcase name="TestALotOfAdding" classname="LocalCMCTests" time="0.0"/>
  <testcase name="TestALotOfAdding" classname="LocalCMCTests" time="0.001"/>
  <testcase name="TestALotOfAdding" classname="LocalCMCTests" time="0.001"/>
  <testcase name="TestALotOfAdding" classname="LocalCMCTests" time="0.001"/>
  <testcase name="TestALotOfAdding" classname="LocalCMCTests" time="0.002"/>
  <testcase name="TestALotOfAdding" classname="LocalCMCTests" time="0.001"/>
  <system-out><![CDATA[]]></system-out>
  <system-err><![CDATA[]]></system-err>
</testsuite>
